Timestamp,RunName,Rank,Name,Count,Total,Min,Max,Avg,T%,Data
# Run finished at: 2019-01-23 22:31:43
# Number of processors: 1
# Timestamp,RunName,Rank,Name,Count,Total,Min,Max,Avg,T%,Data
2019-01-23T22:31:43.480,,0,_GLOBAL,1,19878,19878,19878,19878,99,"[]"
2019-01-23T22:31:43.480,,0,advance,212,19411,2,133,91,97,"[]"
2019-01-23T22:31:43.480,,0,advance/cpl.computeQuasiNewtonUpdate,112,94,0,3,0,0,"[]"
2019-01-23T22:31:43.480,,0,advance/map.nn.mapData.FromFluid-MeshToSolid-Mesh,211,4,0,0,0,0,"[]"
2019-01-23T22:31:43.480,,0,advance/map.nn.mapData.FromSolid-MeshToFluid-Mesh,212,6,0,0,0,0,"[]"
2019-01-23T22:31:43.480,,0,configure,1,161,161,161,161,0,"[]"
2019-01-23T22:31:43.480,,0,initialize,1,177,177,177,177,0,"[]"
2019-01-23T22:31:43.480,,0,initialize/m2n.acceptMasterConnection,1,5,5,5,5,0,"[]"
2019-01-23T22:31:43.480,,0,initialize/m2n.acceptSlavesConnection,1,0,0,0,0,0,"[]"
2019-01-23T22:31:43.480,,0,initialize/map.nn.computeMapping.FromFluid-MeshToSolid-Mesh,1,24,24,24,24,0,"[]"
2019-01-23T22:31:43.480,,0,initialize/map.nn.mapData.FromFluid-MeshToSolid-Mesh,1,0,0,0,0,0,"[]"
2019-01-23T22:31:43.480,,0,initialize/partition.feedbackMesh.Solid-Mesh,1,0,0,0,0,0,"[]"
2019-01-23T22:31:43.480,,0,initialize/partition.receiveGlobalMesh.Fluid-Mesh,1,45,45,45,45,0,"[]"
2019-01-23T22:31:43.480,,0,initializeData,1,4,4,4,4,0,"[]"
2019-01-23T22:31:43.480,,0,initializeData/map.nn.computeMapping.FromSolid-MeshToFluid-Mesh,1,4,4,4,4,0,"[]"
2019-01-23T22:31:43.480,,0,initializeData/map.nn.mapData.FromFluid-MeshToSolid-Mesh,1,0,0,0,0,0,"[]"
2019-01-23T22:31:43.480,,0,initializeData/map.nn.mapData.FromSolid-MeshToFluid-Mesh,1,0,0,0,0,0,"[]"
2019-01-23T22:31:43.480,,0,solver.advance,212,183,0,2,0,0,"[]"
2019-01-23T22:31:43.480,,0,solver.initialize,1,8,8,8,8,0,"[]"
# Run finished at: 2019-01-23 22:46:40
# Number of processors: 1
# Timestamp,RunName,Rank,Name,Count,Total,Min,Max,Avg,T%,Data
2019-01-23T22:46:40.657,,0,_GLOBAL,1,20599,20599,20599,20599,99,"[]"
2019-01-23T22:46:40.657,,0,advance,212,20165,2,141,95,97,"[]"
2019-01-23T22:46:40.657,,0,advance/cpl.computeQuasiNewtonUpdate,112,98,0,3,0,0,"[]"
2019-01-23T22:46:40.657,,0,advance/map.nn.mapData.FromFluid-MeshToSolid-Mesh,211,4,0,0,0,0,"[]"
2019-01-23T22:46:40.657,,0,advance/map.nn.mapData.FromSolid-MeshToFluid-Mesh,212,7,0,0,0,0,"[]"
2019-01-23T22:46:40.657,,0,configure,1,167,167,167,167,0,"[]"
2019-01-23T22:46:40.657,,0,initialize,1,127,127,127,127,0,"[]"
2019-01-23T22:46:40.657,,0,initialize/m2n.acceptMasterConnection,1,1,1,1,1,0,"[]"
2019-01-23T22:46:40.657,,0,initialize/m2n.acceptSlavesConnection,1,0,0,0,0,0,"[]"
2019-01-23T22:46:40.657,,0,initialize/map.nn.computeMapping.FromFluid-MeshToSolid-Mesh,1,26,26,26,26,0,"[]"
2019-01-23T22:46:40.657,,0,initialize/map.nn.mapData.FromFluid-MeshToSolid-Mesh,1,0,0,0,0,0,"[]"
2019-01-23T22:46:40.657,,0,initialize/partition.feedbackMesh.Solid-Mesh,1,0,0,0,0,0,"[]"
2019-01-23T22:46:40.657,,0,initialize/partition.receiveGlobalMesh.Fluid-Mesh,1,43,43,43,43,0,"[]"
2019-01-23T22:46:40.657,,0,initializeData,1,5,5,5,5,0,"[]"
2019-01-23T22:46:40.657,,0,initializeData/map.nn.computeMapping.FromSolid-MeshToFluid-Mesh,1,5,5,5,5,0,"[]"
2019-01-23T22:46:40.657,,0,initializeData/map.nn.mapData.FromFluid-MeshToSolid-Mesh,1,0,0,0,0,0,"[]"
2019-01-23T22:46:40.657,,0,initializeData/map.nn.mapData.FromSolid-MeshToFluid-Mesh,1,0,0,0,0,0,"[]"
2019-01-23T22:46:40.657,,0,solver.advance,212,203,0,2,0,0,"[]"
2019-01-23T22:46:40.657,,0,solver.initialize,1,5,5,5,5,0,"[]"
# Run finished at: 2019-02-06 22:32:48
# Number of processors: 1
# Timestamp,RunName,Rank,Name,Count,Total,Min,Max,Avg,T%,Data
# Run finished at: 2019-02-06 22:51:27
# Number of processors: 1
# Timestamp,RunName,Rank,Name,Count,Total,Min,Max,Avg,T%,Data
# Run finished at: 2019-02-12 10:30:31
# Number of processors: 1
# Timestamp,RunName,Rank,Name,Count,Total,Min,Max,Avg,T%,Data
# Run finished at: 2019-02-12 11:04:56
# Number of processors: 1
# Timestamp,RunName,Rank,Name,Count,Total,Min,Max,Avg,T%,Data
# Run finished at: 2019-02-12 16:22:14
# Number of processors: 1
# Timestamp,RunName,Rank,Name,Count,Total,Min,Max,Avg,T%,Data
# Run finished at: 2019-02-12 16:39:55
# Number of processors: 1
# Timestamp,RunName,Rank,Name,Count,Total,Min,Max,Avg,T%,Data
# Run finished at: 2019-02-12 18:20:10
# Number of processors: 1
# Timestamp,RunName,Rank,Name,Count,Total,Min,Max,Avg,T%,Data
# Run finished at: 2019-02-14 10:41:38
# Number of processors: 1
# Timestamp,RunName,Rank,Name,Count,Total,Min,Max,Avg,T%,Data
