Performing C++ SOURCE FILE Test CMAKE_HAVE_LIBC_PTHREAD failed with the following output:
Change Dir: /home/homspons/Documents/hiwi/elastictube1d/fluid-cpp/build/CMakeFiles/CMakeTmp

Run Build Command(s):/usr/bin/make cmTC_d2028/fast && /usr/bin/make -f CMakeFiles/cmTC_d2028.dir/build.make CMakeFiles/cmTC_d2028.dir/build
make[1]: Entering directory '/home/homspons/Documents/hiwi/elastictube1d/fluid-cpp/build/CMakeFiles/CMakeTmp'
Building CXX object CMakeFiles/cmTC_d2028.dir/src.cxx.o
/usr/bin/c++    -Wall -Wextra -Wno-unused-parameter -DCMAKE_HAVE_LIBC_PTHREAD   -o CMakeFiles/cmTC_d2028.dir/src.cxx.o -c /home/homspons/Documents/hiwi/elastictube1d/fluid-cpp/build/CMakeFiles/CMakeTmp/src.cxx
Linking CXX executable cmTC_d2028
/usr/bin/cmake -E cmake_link_script CMakeFiles/cmTC_d2028.dir/link.txt --verbose=1
/usr/bin/c++   -Wall -Wextra -Wno-unused-parameter -DCMAKE_HAVE_LIBC_PTHREAD    CMakeFiles/cmTC_d2028.dir/src.cxx.o  -o cmTC_d2028 
/usr/bin/ld: CMakeFiles/cmTC_d2028.dir/src.cxx.o: in function `main':
src.cxx:(.text+0x46): undefined reference to `pthread_create'
/usr/bin/ld: src.cxx:(.text+0x52): undefined reference to `pthread_detach'
/usr/bin/ld: src.cxx:(.text+0x63): undefined reference to `pthread_join'
collect2: error: ld returned 1 exit status
make[1]: *** [CMakeFiles/cmTC_d2028.dir/build.make:87: cmTC_d2028] Error 1
make[1]: Leaving directory '/home/homspons/Documents/hiwi/elastictube1d/fluid-cpp/build/CMakeFiles/CMakeTmp'
make: *** [Makefile:121: cmTC_d2028/fast] Error 2


Source file was:
#include <pthread.h>

void* test_func(void* data)
{
  return data;
}

int main(void)
{
  pthread_t thread;
  pthread_create(&thread, NULL, test_func, NULL);
  pthread_detach(thread);
  pthread_join(thread, NULL);
  pthread_atfork(NULL, NULL, NULL);
  pthread_exit(NULL);

  return 0;
}

Determining if the function pthread_create exists in the pthreads failed with the following output:
Change Dir: /home/homspons/Documents/hiwi/elastictube1d/fluid-cpp/build/CMakeFiles/CMakeTmp

Run Build Command(s):/usr/bin/make cmTC_09767/fast && /usr/bin/make -f CMakeFiles/cmTC_09767.dir/build.make CMakeFiles/cmTC_09767.dir/build
make[1]: Entering directory '/home/homspons/Documents/hiwi/elastictube1d/fluid-cpp/build/CMakeFiles/CMakeTmp'
Building CXX object CMakeFiles/cmTC_09767.dir/CheckFunctionExists.cxx.o
/usr/bin/c++    -Wall -Wextra -Wno-unused-parameter -DCHECK_FUNCTION_EXISTS=pthread_create   -o CMakeFiles/cmTC_09767.dir/CheckFunctionExists.cxx.o -c /home/homspons/Documents/hiwi/elastictube1d/fluid-cpp/build/CMakeFiles/CheckLibraryExists/CheckFunctionExists.cxx
Linking CXX executable cmTC_09767
/usr/bin/cmake -E cmake_link_script CMakeFiles/cmTC_09767.dir/link.txt --verbose=1
/usr/bin/c++   -Wall -Wextra -Wno-unused-parameter -DCHECK_FUNCTION_EXISTS=pthread_create    CMakeFiles/cmTC_09767.dir/CheckFunctionExists.cxx.o  -o cmTC_09767  -lpthreads 
/usr/bin/ld: cannot find -lpthreads
collect2: error: ld returned 1 exit status
make[1]: *** [CMakeFiles/cmTC_09767.dir/build.make:87: cmTC_09767] Error 1
make[1]: Leaving directory '/home/homspons/Documents/hiwi/elastictube1d/fluid-cpp/build/CMakeFiles/CMakeTmp'
make: *** [Makefile:121: cmTC_09767/fast] Error 2



Determining if the function sgemm_ exists failed with the following output:
Change Dir: /home/homspons/Documents/hiwi/elastictube1d/fluid-cpp/build/CMakeFiles/CMakeTmp

Run Build Command(s):/usr/bin/make cmTC_5d446/fast && /usr/bin/make -f CMakeFiles/cmTC_5d446.dir/build.make CMakeFiles/cmTC_5d446.dir/build
make[1]: Entering directory '/home/homspons/Documents/hiwi/elastictube1d/fluid-cpp/build/CMakeFiles/CMakeTmp'
Building CXX object CMakeFiles/cmTC_5d446.dir/CheckFunctionExists.cxx.o
/usr/bin/c++    -Wall -Wextra -Wno-unused-parameter -DCHECK_FUNCTION_EXISTS=sgemm_   -o CMakeFiles/cmTC_5d446.dir/CheckFunctionExists.cxx.o -c /home/homspons/Documents/hiwi/elastictube1d/fluid-cpp/build/CMakeFiles/CheckFunctionExists/CheckFunctionExists.cxx
Linking CXX executable cmTC_5d446
/usr/bin/cmake -E cmake_link_script CMakeFiles/cmTC_5d446.dir/link.txt --verbose=1
/usr/bin/c++   -Wall -Wextra -Wno-unused-parameter -DCHECK_FUNCTION_EXISTS=sgemm_    CMakeFiles/cmTC_5d446.dir/CheckFunctionExists.cxx.o  -o cmTC_5d446 
/usr/bin/ld: CMakeFiles/cmTC_5d446.dir/CheckFunctionExists.cxx.o: in function `main':
CheckFunctionExists.cxx:(.text+0x14): undefined reference to `sgemm_'
collect2: error: ld returned 1 exit status
make[1]: *** [CMakeFiles/cmTC_5d446.dir/build.make:87: cmTC_5d446] Error 1
make[1]: Leaving directory '/home/homspons/Documents/hiwi/elastictube1d/fluid-cpp/build/CMakeFiles/CMakeTmp'
make: *** [Makefile:121: cmTC_5d446/fast] Error 2



Determining if the function cheev_ exists failed with the following output:
Change Dir: /home/homspons/Documents/hiwi/elastictube1d/fluid-cpp/build/CMakeFiles/CMakeTmp

Run Build Command(s):/usr/bin/make cmTC_8d8ce/fast && /usr/bin/make -f CMakeFiles/cmTC_8d8ce.dir/build.make CMakeFiles/cmTC_8d8ce.dir/build
make[1]: Entering directory '/home/homspons/Documents/hiwi/elastictube1d/fluid-cpp/build/CMakeFiles/CMakeTmp'
Building CXX object CMakeFiles/cmTC_8d8ce.dir/CheckFunctionExists.cxx.o
/usr/bin/c++    -Wall -Wextra -Wno-unused-parameter -DCHECK_FUNCTION_EXISTS=cheev_   -o CMakeFiles/cmTC_8d8ce.dir/CheckFunctionExists.cxx.o -c /home/homspons/Documents/hiwi/elastictube1d/fluid-cpp/build/CMakeFiles/CheckFunctionExists/CheckFunctionExists.cxx
Linking CXX executable cmTC_8d8ce
/usr/bin/cmake -E cmake_link_script CMakeFiles/cmTC_8d8ce.dir/link.txt --verbose=1
/usr/bin/c++   -Wall -Wextra -Wno-unused-parameter -DCHECK_FUNCTION_EXISTS=cheev_    CMakeFiles/cmTC_8d8ce.dir/CheckFunctionExists.cxx.o  -o cmTC_8d8ce  /usr/lib/x86_64-linux-gnu/libblas.so 
/usr/bin/ld: CMakeFiles/cmTC_8d8ce.dir/CheckFunctionExists.cxx.o: in function `main':
CheckFunctionExists.cxx:(.text+0x14): undefined reference to `cheev_'
collect2: error: ld returned 1 exit status
make[1]: *** [CMakeFiles/cmTC_8d8ce.dir/build.make:88: cmTC_8d8ce] Error 1
make[1]: Leaving directory '/home/homspons/Documents/hiwi/elastictube1d/fluid-cpp/build/CMakeFiles/CMakeTmp'
make: *** [Makefile:121: cmTC_8d8ce/fast] Error 2



