ng 1 cgx 1
ng 2 cgx 2
ng 3 cgx 3
ng 4 cgx 7
ng 5 cgx 8
ng 6 cgx 13
ng 7 cgx 16
ng 8 cgx 17
ng 9 cgx 18
ng 10 cgx 22
ng 11 cgx 23
ng 12 cgx 28
ng 13 cgx 31
ng 14 cgx 32
ng 15 cgx 33
ng 16 cgx 37
ng 17 cgx 40
ng 18 cgx 41
ng 19 cgx 46
ng 20 cgx 47
ng 21 cgx 52
ng 22 cgx 53
ng 23 cgx 58
ng 24 cgx 59
ng 25 cgx 64
ng 26 cgx 65
ng 27 cgx 70
ng 28 cgx 71
ng 29 cgx 76
ng 30 cgx 77
ng 31 cgx 82
ng 32 cgx 83
ng 33 cgx 88
ng 34 cgx 89
ng 35 cgx 94
ng 36 cgx 95
ng 37 cgx 100
ng 38 cgx 101
ng 39 cgx 106
ng 40 cgx 107
ng 41 cgx 112
ng 42 cgx 113
ng 43 cgx 118
ng 44 cgx 119
ng 45 cgx 124
ng 46 cgx 125
ng 47 cgx 130
ng 48 cgx 131
ng 49 cgx 136
ng 50 cgx 137
ng 51 cgx 142
ng 52 cgx 143
ng 53 cgx 148
ng 54 cgx 149
ng 55 cgx 154
ng 56 cgx 155
ng 57 cgx 160
ng 58 cgx 161
ng 59 cgx 166
ng 60 cgx 167
ng 61 cgx 172
ng 62 cgx 173
ng 63 cgx 178
ng 64 cgx 179
ng 65 cgx 184
ng 66 cgx 185
ng 67 cgx 190
ng 68 cgx 191
ng 69 cgx 196
ng 70 cgx 197
ng 71 cgx 202
ng 72 cgx 203
ng 73 cgx 208
ng 74 cgx 209
ng 75 cgx 214
ng 76 cgx 215
ng 77 cgx 220
ng 78 cgx 221
ng 79 cgx 226
ng 80 cgx 227
ng 81 cgx 238
ng 82 cgx 239
ng 83 cgx 240
ng 84 cgx 244
ng 85 cgx 247
ng 86 cgx 248
ng 87 cgx 253
ng 88 cgx 254
ng 89 cgx 259
ng 90 cgx 260
ng 91 cgx 265
ng 92 cgx 266
ng 93 cgx 271
ng 94 cgx 272
ng 95 cgx 277
ng 96 cgx 278
ng 97 cgx 283
ng 98 cgx 284
ng 99 cgx 289
ng 100 cgx 290
ng 101 cgx 295
ng 102 cgx 296
ng 103 cgx 301
ng 104 cgx 302
ng 105 cgx 307
ng 106 cgx 308
ng 107 cgx 313
ng 108 cgx 314
ng 109 cgx 319
ng 110 cgx 320
ng 111 cgx 325
ng 112 cgx 326
ng 113 cgx 331
ng 114 cgx 332
ng 115 cgx 337
ng 116 cgx 338
ng 117 cgx 343
ng 118 cgx 344
ng 119 cgx 349
ng 120 cgx 350
ng 121 cgx 355
ng 122 cgx 356
ng 123 cgx 361
ng 124 cgx 362
ng 125 cgx 367
ng 126 cgx 368
ng 127 cgx 373
ng 128 cgx 374
ng 129 cgx 379
ng 130 cgx 380
ng 131 cgx 385
ng 132 cgx 386
ng 133 cgx 391
ng 134 cgx 392
ng 135 cgx 397
ng 136 cgx 398
ng 137 cgx 403
ng 138 cgx 404
ng 139 cgx 409
ng 140 cgx 410
ng 141 cgx 415
ng 142 cgx 416
ng 143 cgx 421
ng 144 cgx 422
ng 145 cgx 427
ng 146 cgx 428
ng 147 cgx 433
ng 148 cgx 434
