SUMMARY OF C0NVERGENCE INFORMATION
  STEP   INC  ATT   ITER     CONT.   RESID.        CORR.      RESID.      CORR.
                              EL.    FORCE         DISP       FLUX        TEMP.
                              (#)     (%)           (%)        (%)         (%)
     1     1     1     1        0  0.0000E+00  0.0000E+00  0.0000E+00  0.1000E+03
     1     1     1     2        0  0.0000E+00  0.0000E+00  0.0000E+00  0.3612E-12
     1     2     1     1        0  0.0000E+00  0.0000E+00  0.0000E+00  0.1000E+03
     1     2     1     2        0  0.0000E+00  0.0000E+00  0.0000E+00  0.2733E-04
     1     3     1     1        0  0.0000E+00  0.0000E+00  0.0000E+00  0.1000E+03
     1     3     1     2        0  0.0000E+00  0.0000E+00  0.0000E+00  0.1645E-06
     1     4     1     1        0  0.0000E+00  0.0000E+00  0.0000E+00  0.1000E+03
     1     4     1     2        0  0.0000E+00  0.0000E+00  0.0000E+00  0.9102E-07
     1     5     1     1        0  0.0000E+00  0.0000E+00  0.0000E+00  0.1000E+03
     1     5     1     2        0  0.0000E+00  0.0000E+00  0.0000E+00  0.4228E-06
     1     6     1     1        0  0.0000E+00  0.0000E+00  0.0000E+00  0.1000E+03
     1     6     1     2        0  0.0000E+00  0.0000E+00  0.0000E+00  0.2824E-06
     1     7     1     1        0  0.0000E+00  0.0000E+00  0.0000E+00  0.1000E+03
     1     7     1     2        0  0.0000E+00  0.0000E+00  0.0000E+00  0.4886E-06
     1     8     1     1        0  0.0000E+00  0.0000E+00  0.0000E+00  0.1000E+03
     1     8     1     2        0  0.0000E+00  0.0000E+00  0.0000E+00  0.1424E-04
     1     9     1     1        0  0.0000E+00  0.0000E+00  0.0000E+00  0.1000E+03
     1     9     1     2        0  0.0000E+00  0.0000E+00  0.0000E+00  0.1952E-05
     1    10     1     1        0  0.0000E+00  0.0000E+00  0.0000E+00  0.1000E+03
     1    10     1     2        0  0.0000E+00  0.0000E+00  0.0000E+00  0.2040E-05
     1    11     1     1        0  0.0000E+00  0.0000E+00  0.0000E+00  0.1000E+03
     1    11     1     2        0  0.0000E+00  0.0000E+00  0.0000E+00  0.2768E-05
     1    12     1     1        0  0.0000E+00  0.0000E+00  0.0000E+00  0.1000E+03
     1    12     1     2        0  0.0000E+00  0.0000E+00  0.0000E+00  0.8250E-05
     1    13     1     1        0  0.0000E+00  0.0000E+00  0.0000E+00  0.1000E+03
     1    13     1     2        0  0.0000E+00  0.0000E+00  0.0000E+00  0.6498E-05
     1    14     1     1        0  0.0000E+00  0.0000E+00  0.0000E+00  0.1000E+03
     1    14     1     2        0  0.0000E+00  0.0000E+00  0.0000E+00  0.5944E-05
     1    15     1     1        0  0.0000E+00  0.0000E+00  0.0000E+00  0.1000E+03
     1    15     1     2        0  0.0000E+00  0.0000E+00  0.0000E+00  0.5095E-05
     1    16     1     1        0  0.0000E+00  0.0000E+00  0.0000E+00  0.1000E+03
     1    16     1     2        0  0.0000E+00  0.0000E+00  0.0000E+00  0.4154E-05
     1    17     1     1        0  0.0000E+00  0.0000E+00  0.0000E+00  0.1000E+03
     1    17     1     2        0  0.0000E+00  0.0000E+00  0.0000E+00  0.3708E-05
     1    18     1     1        0  0.0000E+00  0.0000E+00  0.0000E+00  0.1000E+03
     1    18     1     2        0  0.0000E+00  0.0000E+00  0.0000E+00  0.5013E-05
     1    19     1     1        0  0.0000E+00  0.0000E+00  0.0000E+00  0.1000E+03
     1    19     1     2        0  0.0000E+00  0.0000E+00  0.0000E+00  0.6242E-05
     1    20     1     1        0  0.0000E+00  0.0000E+00  0.0000E+00  0.1000E+03
     1    20     1     2        0  0.0000E+00  0.0000E+00  0.0000E+00  0.5253E-05
     1    21     1     1        0  0.0000E+00  0.0000E+00  0.0000E+00  0.1000E+03
     1    21     1     2        0  0.0000E+00  0.0000E+00  0.0000E+00  0.7964E-05
     1    22     1     1        0  0.0000E+00  0.0000E+00  0.0000E+00  0.1000E+03
     1    22     1     2        0  0.0000E+00  0.0000E+00  0.0000E+00  0.5489E-05
     1    23     1     1        0  0.0000E+00  0.0000E+00  0.0000E+00  0.1000E+03
     1    23     1     2        0  0.0000E+00  0.0000E+00  0.0000E+00  0.6529E-05
     1    24     1     1        0  0.0000E+00  0.0000E+00  0.0000E+00  0.1000E+03
     1    24     1     2        0  0.0000E+00  0.0000E+00  0.0000E+00  0.6380E-05
     1    25     1     1        0  0.0000E+00  0.0000E+00  0.0000E+00  0.1000E+03
     1    25     1     2        0  0.0000E+00  0.0000E+00  0.0000E+00  0.7302E-05
     1    26     1     1        0  0.0000E+00  0.0000E+00  0.0000E+00  0.1000E+03
     1    26     1     2        0  0.0000E+00  0.0000E+00  0.0000E+00  0.7537E-05
     1    27     1     1        0  0.0000E+00  0.0000E+00  0.0000E+00  0.1000E+03
     1    27     1     2        0  0.0000E+00  0.0000E+00  0.0000E+00  0.5648E-05
     1    28     1     1        0  0.0000E+00  0.0000E+00  0.0000E+00  0.1000E+03
     1    28     1     2        0  0.0000E+00  0.0000E+00  0.0000E+00  0.8968E-05
     1    29     1     1        0  0.0000E+00  0.0000E+00  0.0000E+00  0.1000E+03
     1    29     1     2        0  0.0000E+00  0.0000E+00  0.0000E+00  0.5418E-05
     1    30     1     1        0  0.0000E+00  0.0000E+00  0.0000E+00  0.1000E+03
     1    30     1     2        0  0.0000E+00  0.0000E+00  0.0000E+00  0.8781E-05
     1    31     1     1        0  0.0000E+00  0.0000E+00  0.0000E+00  0.1000E+03
     1    31     1     2        0  0.0000E+00  0.0000E+00  0.0000E+00  0.8039E-05
     1    32     1     1        0  0.0000E+00  0.0000E+00  0.0000E+00  0.1000E+03
     1    32     1     2        0  0.0000E+00  0.0000E+00  0.0000E+00  0.7761E-05
     1    33     1     1        0  0.0000E+00  0.0000E+00  0.0000E+00  0.1000E+03
     1    33     1     2        0  0.0000E+00  0.0000E+00  0.0000E+00  0.9265E-05
     1    34     1     1        0  0.0000E+00  0.0000E+00  0.0000E+00  0.1000E+03
     1    34     1     2        0  0.0000E+00  0.0000E+00  0.0000E+00  0.7748E-05
     1    35     1     1        0  0.0000E+00  0.0000E+00  0.0000E+00  0.1000E+03
     1    35     1     2        0  0.0000E+00  0.0000E+00  0.0000E+00  0.8011E-05
     1    36     1     1        0  0.0000E+00  0.0000E+00  0.0000E+00  0.1000E+03
     1    36     1     2        0  0.0000E+00  0.0000E+00  0.0000E+00  0.1102E-04
     1    37     1     1        0  0.0000E+00  0.0000E+00  0.0000E+00  0.1000E+03
     1    37     1     2        0  0.0000E+00  0.0000E+00  0.0000E+00  0.1485E-04
     1    38     1     1        0  0.0000E+00  0.0000E+00  0.0000E+00  0.1000E+03
     1    38     1     2        0  0.0000E+00  0.0000E+00  0.0000E+00  0.8849E-05
     1    39     1     1        0  0.0000E+00  0.0000E+00  0.0000E+00  0.1000E+03
     1    39     1     2        0  0.0000E+00  0.0000E+00  0.0000E+00  0.9143E-05
     1    40     1     1        0  0.0000E+00  0.0000E+00  0.0000E+00  0.1000E+03
     1    40     1     2        0  0.0000E+00  0.0000E+00  0.0000E+00  0.7144E-05
     1    41     1     1        0  0.0000E+00  0.0000E+00  0.0000E+00  0.1000E+03
     1    41     1     2        0  0.0000E+00  0.0000E+00  0.0000E+00  0.6965E-05
     1    42     1     1        0  0.0000E+00  0.0000E+00  0.0000E+00  0.1000E+03
     1    42     1     2        0  0.0000E+00  0.0000E+00  0.0000E+00  0.7304E-05
     1    43     1     1        0  0.0000E+00  0.0000E+00  0.0000E+00  0.1000E+03
     1    43     1     2        0  0.0000E+00  0.0000E+00  0.0000E+00  0.8043E-05
     1    44     1     1        0  0.0000E+00  0.0000E+00  0.0000E+00  0.1000E+03
     1    44     1     2        0  0.0000E+00  0.0000E+00  0.0000E+00  0.7288E-05
     1    45     1     1        0  0.0000E+00  0.0000E+00  0.0000E+00  0.1000E+03
     1    45     1     2        0  0.0000E+00  0.0000E+00  0.0000E+00  0.9488E-05
     1    46     1     1        0  0.0000E+00  0.0000E+00  0.0000E+00  0.1000E+03
     1    46     1     2        0  0.0000E+00  0.0000E+00  0.0000E+00  0.1465E-04
     1    47     1     1        0  0.0000E+00  0.0000E+00  0.0000E+00  0.1000E+03
     1    47     1     2        0  0.0000E+00  0.0000E+00  0.0000E+00  0.9005E-05
     1    48     1     1        0  0.0000E+00  0.0000E+00  0.0000E+00  0.1000E+03
     1    48     1     2        0  0.0000E+00  0.0000E+00  0.0000E+00  0.1070E-04
     1    49     1     1        0  0.0000E+00  0.0000E+00  0.0000E+00  0.1000E+03
     1    49     1     2        0  0.0000E+00  0.0000E+00  0.0000E+00  0.8815E-05
     1    50     1     1        0  0.0000E+00  0.0000E+00  0.0000E+00  0.1000E+03
     1    50     1     2        0  0.0000E+00  0.0000E+00  0.0000E+00  0.8198E-05
     1    51     1     1        0  0.0000E+00  0.0000E+00  0.0000E+00  0.1000E+03
     1    51     1     2        0  0.0000E+00  0.0000E+00  0.0000E+00  0.1118E-04
     1    52     1     1        0  0.0000E+00  0.0000E+00  0.0000E+00  0.1000E+03
     1    52     1     2        0  0.0000E+00  0.0000E+00  0.0000E+00  0.7641E-05
     1    53     1     1        0  0.0000E+00  0.0000E+00  0.0000E+00  0.1000E+03
     1    53     1     2        0  0.0000E+00  0.0000E+00  0.0000E+00  0.7926E-05
     1    54     1     1        0  0.0000E+00  0.0000E+00  0.0000E+00  0.1000E+03
     1    54     1     2        0  0.0000E+00  0.0000E+00  0.0000E+00  0.9893E-05
     1    55     1     1        0  0.0000E+00  0.0000E+00  0.0000E+00  0.1000E+03
     1    55     1     2        0  0.0000E+00  0.0000E+00  0.0000E+00  0.8940E-05
     1    56     1     1        0  0.0000E+00  0.0000E+00  0.0000E+00  0.1000E+03
     1    56     1     2        0  0.0000E+00  0.0000E+00  0.0000E+00  0.1035E-04
     1    57     1     1        0  0.0000E+00  0.0000E+00  0.0000E+00  0.1000E+03
     1    57     1     2        0  0.0000E+00  0.0000E+00  0.0000E+00  0.1351E-04
     1    58     1     1        0  0.0000E+00  0.0000E+00  0.0000E+00  0.1000E+03
     1    58     1     2        0  0.0000E+00  0.0000E+00  0.0000E+00  0.9276E-05
     1    59     1     1        0  0.0000E+00  0.0000E+00  0.0000E+00  0.1000E+03
     1    59     1     2        0  0.0000E+00  0.0000E+00  0.0000E+00  0.1187E-04
     1    60     1     1        0  0.0000E+00  0.0000E+00  0.0000E+00  0.1000E+03
     1    60     1     2        0  0.0000E+00  0.0000E+00  0.0000E+00  0.1176E-04
     1    61     1     1        0  0.0000E+00  0.0000E+00  0.0000E+00  0.1000E+03
     1    61     1     2        0  0.0000E+00  0.0000E+00  0.0000E+00  0.1167E-04
     1    62     1     1        0  0.0000E+00  0.0000E+00  0.0000E+00  0.1000E+03
     1    62     1     2        0  0.0000E+00  0.0000E+00  0.0000E+00  0.9894E-05
     1    63     1     1        0  0.0000E+00  0.0000E+00  0.0000E+00  0.1000E+03
     1    63     1     2        0  0.0000E+00  0.0000E+00  0.0000E+00  0.1545E-04
     1    64     1     1        0  0.0000E+00  0.0000E+00  0.0000E+00  0.1000E+03
     1    64     1     2        0  0.0000E+00  0.0000E+00  0.0000E+00  0.1336E-04
     1    65     1     1        0  0.0000E+00  0.0000E+00  0.0000E+00  0.1000E+03
     1    65     1     2        0  0.0000E+00  0.0000E+00  0.0000E+00  0.1240E-04
     1    66     1     1        0  0.0000E+00  0.0000E+00  0.0000E+00  0.1000E+03
     1    66     1     2        0  0.0000E+00  0.0000E+00  0.0000E+00  0.1399E-04
     1    67     1     1        0  0.0000E+00  0.0000E+00  0.0000E+00  0.1000E+03
     1    67     1     2        0  0.0000E+00  0.0000E+00  0.0000E+00  0.9531E-05
     1    68     1     1        0  0.0000E+00  0.0000E+00  0.0000E+00  0.1000E+03
     1    68     1     2        0  0.0000E+00  0.0000E+00  0.0000E+00  0.1509E-04
     1    69     1     1        0  0.0000E+00  0.0000E+00  0.0000E+00  0.1000E+03
     1    69     1     2        0  0.0000E+00  0.0000E+00  0.0000E+00  0.1574E-04
     1    70     1     1        0  0.0000E+00  0.0000E+00  0.0000E+00  0.1000E+03
     1    70     1     2        0  0.0000E+00  0.0000E+00  0.0000E+00  0.1029E-04
     1    71     1     1        0  0.0000E+00  0.0000E+00  0.0000E+00  0.1000E+03
     1    71     1     2        0  0.0000E+00  0.0000E+00  0.0000E+00  0.1184E-04
     1    72     1     1        0  0.0000E+00  0.0000E+00  0.0000E+00  0.1000E+03
     1    72     1     2        0  0.0000E+00  0.0000E+00  0.0000E+00  0.1244E-04
     1    73     1     1        0  0.0000E+00  0.0000E+00  0.0000E+00  0.1000E+03
     1    73     1     2        0  0.0000E+00  0.0000E+00  0.0000E+00  0.1321E-04
     1    74     1     1        0  0.0000E+00  0.0000E+00  0.0000E+00  0.1000E+03
     1    74     1     2        0  0.0000E+00  0.0000E+00  0.0000E+00  0.1610E-04
     1    75     1     1        0  0.0000E+00  0.0000E+00  0.0000E+00  0.1000E+03
     1    75     1     2        0  0.0000E+00  0.0000E+00  0.0000E+00  0.1583E-04
     1    76     1     1        0  0.0000E+00  0.0000E+00  0.0000E+00  0.1000E+03
     1    76     1     2        0  0.0000E+00  0.0000E+00  0.0000E+00  0.1541E-04
     1    77     1     1        0  0.0000E+00  0.0000E+00  0.0000E+00  0.1000E+03
     1    77     1     2        0  0.0000E+00  0.0000E+00  0.0000E+00  0.1849E-04
     1    78     1     1        0  0.0000E+00  0.0000E+00  0.0000E+00  0.1000E+03
     1    78     1     2        0  0.0000E+00  0.0000E+00  0.0000E+00  0.1522E-04
     1    79     1     1        0  0.0000E+00  0.0000E+00  0.0000E+00  0.1000E+03
     1    79     1     2        0  0.0000E+00  0.0000E+00  0.0000E+00  0.1153E-04
     1    80     1     1        0  0.0000E+00  0.0000E+00  0.0000E+00  0.1000E+03
     1    80     1     2        0  0.0000E+00  0.0000E+00  0.0000E+00  0.1644E-04
     1    81     1     1        0  0.0000E+00  0.0000E+00  0.0000E+00  0.1000E+03
     1    81     1     2        0  0.0000E+00  0.0000E+00  0.0000E+00  0.1450E-04
     1    82     1     1        0  0.0000E+00  0.0000E+00  0.0000E+00  0.1000E+03
     1    82     1     2        0  0.0000E+00  0.0000E+00  0.0000E+00  0.1416E-04
     1    83     1     1        0  0.0000E+00  0.0000E+00  0.0000E+00  0.1000E+03
     1    83     1     2        0  0.0000E+00  0.0000E+00  0.0000E+00  0.1511E-04
     1    84     1     1        0  0.0000E+00  0.0000E+00  0.0000E+00  0.1000E+03
     1    84     1     2        0  0.0000E+00  0.0000E+00  0.0000E+00  0.1641E-04
     1    85     1     1        0  0.0000E+00  0.0000E+00  0.0000E+00  0.1000E+03
     1    85     1     2        0  0.0000E+00  0.0000E+00  0.0000E+00  0.1639E-04
     1    86     1     1        0  0.0000E+00  0.0000E+00  0.0000E+00  0.1000E+03
     1    86     1     2        0  0.0000E+00  0.0000E+00  0.0000E+00  0.2059E-04
     1    87     1     1        0  0.0000E+00  0.0000E+00  0.0000E+00  0.1000E+03
     1    87     1     2        0  0.0000E+00  0.0000E+00  0.0000E+00  0.1800E-04
     1    88     1     1        0  0.0000E+00  0.0000E+00  0.0000E+00  0.1000E+03
     1    88     1     2        0  0.0000E+00  0.0000E+00  0.0000E+00  0.1622E-04
     1    89     1     1        0  0.0000E+00  0.0000E+00  0.0000E+00  0.1000E+03
     1    89     1     2        0  0.0000E+00  0.0000E+00  0.0000E+00  0.1701E-04
     1    90     1     1        0  0.0000E+00  0.0000E+00  0.0000E+00  0.1000E+03
     1    90     1     2        0  0.0000E+00  0.0000E+00  0.0000E+00  0.1599E-04
     1    91     1     1        0  0.0000E+00  0.0000E+00  0.0000E+00  0.1000E+03
     1    91     1     2        0  0.0000E+00  0.0000E+00  0.0000E+00  0.1931E-04
     1    92     1     1        0  0.0000E+00  0.0000E+00  0.0000E+00  0.1000E+03
     1    92     1     2        0  0.0000E+00  0.0000E+00  0.0000E+00  0.1474E-04
     1    93     1     1        0  0.0000E+00  0.0000E+00  0.0000E+00  0.1000E+03
     1    93     1     2        0  0.0000E+00  0.0000E+00  0.0000E+00  0.1578E-04
     1    94     1     1        0  0.0000E+00  0.0000E+00  0.0000E+00  0.1000E+03
     1    94     1     2        0  0.0000E+00  0.0000E+00  0.0000E+00  0.1884E-04
     1    95     1     1        0  0.0000E+00  0.0000E+00  0.0000E+00  0.1000E+03
     1    95     1     2        0  0.0000E+00  0.0000E+00  0.0000E+00  0.1559E-04
     1    96     1     1        0  0.0000E+00  0.0000E+00  0.0000E+00  0.1000E+03
     1    96     1     2        0  0.0000E+00  0.0000E+00  0.0000E+00  0.1857E-04
     1    97     1     1        0  0.0000E+00  0.0000E+00  0.0000E+00  0.1000E+03
     1    97     1     2        0  0.0000E+00  0.0000E+00  0.0000E+00  0.2326E-04
     1    98     1     1        0  0.0000E+00  0.0000E+00  0.0000E+00  0.1000E+03
     1    99     1     1        0  0.0000E+00  0.0000E+00  0.0000E+00  0.1000E+03
     1    99     1     2        0  0.0000E+00  0.0000E+00  0.0000E+00  0.2100E-04
     1   100     1     1        0  0.0000E+00  0.0000E+00  0.0000E+00  0.1000E+03
     1   100     1     2        0  0.0000E+00  0.0000E+00  0.0000E+00  0.1453E-04
     1   101     1     1        0  0.0000E+00  0.0000E+00  0.0000E+00  0.1000E+03
     1   101     1     2        0  0.0000E+00  0.0000E+00  0.0000E+00  0.2112E-04
     1   102     1     1        0  0.0000E+00  0.0000E+00  0.0000E+00  0.1000E+03
     1   102     1     2        0  0.0000E+00  0.0000E+00  0.0000E+00  0.1813E-04
