 Using up to 1 cpu(s) for the symmetric stiffness/mass contributions.

 Factoring the system of equations using the symmetric spooles solver
 Using 1 cpu for spooles.

 Using up to 1 cpu(s) for the stress calculation.

 average force= 106.404648
 time avg. forc= 45.288607
 largest residual force= 0.000138 in node 52 and dof 1
 largest increment of disp= 6.978786e-04
 largest correction to disp= 6.507565e-06 in node 52 and dof 1

 no convergence

 iteration 2

 Using up to 1 cpu(s) for the symmetric stiffness/mass contributions.

 Factoring the system of equations using the symmetric spooles solver
 Using 1 cpu for spooles.

 Using up to 1 cpu(s) for the stress calculation.

 average force= 106.404648
 time avg. forc= 45.288607
 largest residual force= 0.000000 in node 39 and dof 1
 largest increment of disp= 6.978786e-04
 largest correction to disp= 9.991115e-13 in node 52 and dof 1

 convergence

 Using up to 1 cpu(s) for the stress calculation.

Adapter writing coupling data...
Adapter calling advance()...
---[precice]  Time window completed
---[precice]  it 1 | dt# 5240 | t 0.5239 of 1 | dt 0.0001 | max dt 0.0001 | ongoing yes | dt complete yes | 
 initial energy (at start of step) = 0.000000e+00

 since start of the step: 
 external work = 1.166298e+03
 work performed by the damping forces = 0.000000e+00
 netto work = 1.166298e+03

 actual energy: 
 internal energy = 5.454941e+02
 kinetic energy = 6.207580e+02
 elastic contact energy = 0.000000e+00
 energy lost due to friction = 0.000000e+00
 total energy  = 1.166252e+03

 energy increase = 1.166252e+03

 energy balance (absolute) = -4.551574e-02 
 energy balance (relative) = 0.003903 % 

 Using up to 1 cpu(s) for the stress calculation.

Adjusting time step for transient step
precice_dt dtheta = 0.000010, dtheta = 0.000010, solver_dt = 0.000100
Adapter reading coupling data...
 increment 5240 attempt 1 
 increment size= 1.000000e-04
 sum of previous increments=5.239000e-01
 actual step time=5.240000e-01
 actual total time=5.240000e-01

 iteration 1

 Using up to 1 cpu(s) for the stress calculation.

 Using up to 1 cpu(s) for the symmetric stiffness/mass contributions.

 Factoring the system of equations using the symmetric spooles solver
 Using 1 cpu for spooles.

 Using up to 1 cpu(s) for the stress calculation.

 average force= 105.921987
 time avg. forc= 45.300178
 largest residual force= 0.000149 in node 52 and dof 1
 largest increment of disp= 6.990604e-04
 largest correction to disp= 6.754931e-06 in node 52 and dof 1

 no convergence

 iteration 2

 Using up to 1 cpu(s) for the symmetric stiffness/mass contributions.

 Factoring the system of equations using the symmetric spooles solver
 Using 1 cpu for spooles.

 Using up to 1 cpu(s) for the stress calculation.

 average force= 105.921987
 time avg. forc= 45.300178
 largest residual force= 0.000000 in node 49 and dof 1
 largest increment of disp= 6.990604e-04
 largest correction to disp= 1.071723e-12 in node 52 and dof 1

 convergence

 Using up to 1 cpu(s) for the stress calculation.

Adapter writing coupling data...
Adapter calling advance()...
---[precice]  Time window completed
---[precice]  it 1 | dt# 5241 | t 0.524 of 1 | dt 0.0001 | max dt 0.0001 | ongoing yes | dt complete yes | 
 initial energy (at start of step) = 0.000000e+00

 since start of the step: 
 external work = 1.166806e+03
 work performed by the damping forces = 0.000000e+00
 netto work = 1.166806e+03

 actual energy: 
 internal energy = 5.428886e+02
 kinetic energy = 6.238713e+02
 elastic contact energy = 0.000000e+00
 energy lost due to friction = 0.000000e+00
 total energy  = 1.166760e+03

 energy increase = 1.166760e+03

 energy balance (absolute) = -4.584569e-02 
 energy balance (relative) = 0.003929 % 

 Using up to 1 cpu(s) for the stress calculation.

Adjusting time step for transient step
precice_dt dtheta = 0.000010, dtheta = 0.000010, solver_dt = 0.000100
Adapter reading coupling data...
 increment 5241 attempt 1 
 increment size= 1.000000e-04
 sum of previous increments=5.240000e-01
 actual step time=5.241000e-01
 actual total time=5.241000e-01

 iteration 1

 Using up to 1 cpu(s) for the stress calculation.

 Using up to 1 cpu(s) for the symmetric stiffness/mass contributions.

 Factoring the system of equations using the symmetric spooles solver
 Using 1 cpu for spooles.

 Using up to 1 cpu(s) for the stress calculation.

 average force= 105.430426
 time avg. forc= 45.311651
 largest residual force= 0.000160 in node 52 and dof 1
 largest increment of disp= 7.108397e-04
 largest correction to disp= 6.988234e-06 in node 52 and dof 1

 no convergence

 iteration 2

 Using up to 1 cpu(s) for the symmetric stiffness/mass contributions.

 Factoring the system of equations using the symmetric spooles solver
 Using 1 cpu for spooles.

 Using up to 1 cpu(s) for the stress calculation.

 average force= 105.430426
 time avg. forc= 45.311651
 largest residual force= 0.000000 in node 102 and dof 1
 largest increment of disp= 7.108397e-04
 largest correction to disp= 1.143497e-12 in node 52 and dof 1

 convergence

 Using up to 1 cpu(s) for the stress calculation.

Adapter writing coupling data...
Adapter calling advance()...
---[precice]  Time window completed
---[precice]  it 1 | dt# 5242 | t 0.5241 of 1 | dt 0.0001 | max dt 0.0001 | ongoing yes | dt complete yes | 
 initial energy (at start of step) = 0.000000e+00

 since start of the step: 
 external work = 1.167291e+03
 work performed by the damping forces = 0.000000e+00
 netto work = 1.167291e+03

 actual energy: 
 internal energy = 5.403903e+02
 kinetic energy = 6.268549e+02
 elastic contact energy = 0.000000e+00
 energy lost due to friction = 0.000000e+00
 total energy  = 1.167245e+03

 energy increase = 1.167245e+03

 energy balance (absolute) = -4.615811e-02 
 energy balance (relative) = 0.003954 % 

 Using up to 1 cpu(s) for the stress calculation.

Adjusting time step for transient step
precice_dt dtheta = 0.000010, dtheta = 0.000010, solver_dt = 0.000100
Adapter reading coupling data...
 increment 5242 attempt 1 
 increment size= 1.000000e-04
 sum of previous increments=5.241000e-01
 actual step time=5.242000e-01
 actual total time=5.242000e-01

 iteration 1

 Using up to 1 cpu(s) for the stress calculation.

 Using up to 1 cpu(s) for the symmetric stiffness/mass contributions.

 Factoring the system of equations using the symmetric spooles solver
 Using 1 cpu for spooles.

 Using up to 1 cpu(s) for the stress calculation.

 average force= 104.899260
 time avg. forc= 45.323019
 largest residual force= 0.000171 in node 52 and dof 1
 largest increment of disp= 7.219220e-04
 largest correction to disp= 7.209748e-06 in node 52 and dof 1

 no convergence

 iteration 2

 Using up to 1 cpu(s) for the symmetric stiffness/mass contributions.

 Factoring the system of equations using the symmetric spooles solver
 Using 1 cpu for spooles.

 Using up to 1 cpu(s) for the stress calculation.

 average force= 104.899260
 time avg. forc= 45.323019
 largest residual force= 0.000000 in node 94 and dof 1
 largest increment of disp= 7.219220e-04
 largest correction to disp= 1.214406e-12 in node 52 and dof 1

 convergence

 Using up to 1 cpu(s) for the stress calculation.

Adapter writing coupling data...
Adapter calling advance()...
---[precice]  Time window completed
---[precice]  it 1 | dt# 5243 | t 0.5242 of 1 | dt 0.0001 | max dt 0.0001 | ongoing yes | dt complete yes | 
 initial energy (at start of step) = 0.000000e+00

 since start of the step: 
 external work = 1.167753e+03
 work performed by the damping forces = 0.000000e+00
 netto work = 1.167753e+03

 actual energy: 
 internal energy = 5.380059e+02
 kinetic energy = 6.297002e+02
 elastic contact energy = 0.000000e+00
 energy lost due to friction = 0.000000e+00
 total energy  = 1.167706e+03

 energy increase = 1.167706e+03

 energy balance (absolute) = -4.665688e-02 
 energy balance (relative) = 0.003995 % 

 Using up to 1 cpu(s) for the stress calculation.

Adjusting time step for transient step
precice_dt dtheta = 0.000010, dtheta = 0.000010, solver_dt = 0.000100
Adapter reading coupling data...
 increment 5243 attempt 1 
 increment size= 1.000000e-04
 sum of previous increments=5.242000e-01
 actual step time=5.243000e-01
 actual total time=5.243000e-01

 iteration 1

 Using up to 1 cpu(s) for the stress calculation.

 Using up to 1 cpu(s) for the symmetric stiffness/mass contributions.

 Factoring the system of equations using the symmetric spooles solver
 Using 1 cpu for spooles.

 Using up to 1 cpu(s) for the stress calculation.

 average force= 104.369211
 time avg. forc= 45.334281
 largest residual force= 0.000182 in node 52 and dof 1
 largest increment of disp= 7.322980e-04
 largest correction to disp= 7.414546e-06 in node 52 and dof 1

 no convergence

 iteration 2

 Using up to 1 cpu(s) for the symmetric stiffness/mass contributions.

 Factoring the system of equations using the symmetric spooles solver
 Using 1 cpu for spooles.

 Using up to 1 cpu(s) for the stress calculation.

 average force= 104.369211
 time avg. forc= 45.334281
 largest residual force= 0.000000 in node 49 and dof 1
 largest increment of disp= 7.322980e-04
 largest correction to disp= 1.282894e-12 in node 52 and dof 1

 convergence

 Using up to 1 cpu(s) for the stress calculation.

Adapter writing coupling data...
Adapter calling advance()...
---[precice]  Time window completed
---[precice]  it 1 | dt# 5244 | t 0.5243 of 1 | dt 0.0001 | max dt 0.0001 | ongoing yes | dt complete yes | 
 initial energy (at start of step) = 0.000000e+00

 since start of the step: 
 external work = 1.168190e+03
 work performed by the damping forces = 0.000000e+00
 netto work = 1.168190e+03

 actual energy: 
 internal energy = 5.357424e+02
 kinetic energy = 6.324001e+02
 elastic contact energy = 0.000000e+00
 energy lost due to friction = 0.000000e+00
 total energy  = 1.168143e+03

 energy increase = 1.168143e+03

 energy balance (absolute) = -4.702654e-02 
 energy balance (relative) = 0.004026 % 

 Using up to 1 cpu(s) for the stress calculation.

Adjusting time step for transient step
precice_dt dtheta = 0.000010, dtheta = 0.000010, solver_dt = 0.000100
Adapter reading coupling data...
 increment 5244 attempt 1 
 increment size= 1.000000e-04
 sum of previous increments=5.243000e-01
 actual step time=5.244000e-01
 actual total time=5.244000e-01

 iteration 1

 Using up to 1 cpu(s) for the stress calculation.

 Using up to 1 cpu(s) for the symmetric stiffness/mass contributions.

 Factoring the system of equations using the symmetric spooles solver
 Using 1 cpu for spooles.

 Using up to 1 cpu(s) for the stress calculation.

 average force= 103.886948
 time avg. forc= 45.345446
 largest residual force= 0.000192 in node 52 and dof 1
 largest increment of disp= 7.419695e-04
 largest correction to disp= 7.605521e-06 in node 52 and dof 1

 no convergence

 iteration 2

 Using up to 1 cpu(s) for the symmetric stiffness/mass contributions.

 Factoring the system of equations using the symmetric spooles solver
 Using 1 cpu for spooles.

 Using up to 1 cpu(s) for the stress calculation.

 average force= 103.886948
 time avg. forc= 45.345446
 largest residual force= 0.000000 in node 94 and dof 1
 largest increment of disp= 7.419695e-04
 largest correction to disp= 1.349222e-12 in node 52 and dof 1

 convergence

 Using up to 1 cpu(s) for the stress calculation.

Adapter writing coupling data...
Adapter calling advance()...
---[precice]  Time window completed
---[precice]  it 1 | dt# 5245 | t 0.5244 of 1 | dt 0.0001 | max dt 0.0001 | ongoing yes | dt complete yes | 
 initial energy (at start of step) = 0.000000e+00

 since start of the step: 
 external work = 1.168603e+03
 work performed by the damping forces = 0.000000e+00
 netto work = 1.168603e+03

 actual energy: 
 internal energy = 5.336061e+02
 kinetic energy = 6.349490e+02
 elastic contact energy = 0.000000e+00
 energy lost due to friction = 0.000000e+00
 total energy  = 1.168555e+03

 energy increase = 1.168555e+03

 energy balance (absolute) = -4.751599e-02 
 energy balance (relative) = 0.004066 % 

 Using up to 1 cpu(s) for the stress calculation.

Adjusting time step for transient step
precice_dt dtheta = 0.000010, dtheta = 0.000010, solver_dt = 0.000100
Adapter reading coupling data...
 increment 5245 attempt 1 
 increment size= 1.000000e-04
 sum of previous increments=5.244000e-01
 actual step time=5.245000e-01
 actual total time=5.245000e-01

 iteration 1

 Using up to 1 cpu(s) for the stress calculation.

 Using up to 1 cpu(s) for the symmetric stiffness/mass contributions.

 Factoring the system of equations using the symmetric spooles solver
 Using 1 cpu for spooles.

 Using up to 1 cpu(s) for the stress calculation.

 average force= 103.383013
 time avg. forc= 45.356512
 largest residual force= 0.000201 in node 52 and dof 1
 largest increment of disp= 7.509256e-04
 largest correction to disp= 7.777014e-06 in node 52 and dof 1

 no convergence

 iteration 2

 Using up to 1 cpu(s) for the symmetric stiffness/mass contributions.

 Factoring the system of equations using the symmetric spooles solver
 Using 1 cpu for spooles.

 Using up to 1 cpu(s) for the stress calculation.

 average force= 103.383013
 time avg. forc= 45.356512
 largest residual force= 0.000000 in node 35 and dof 3
 largest increment of disp= 7.509256e-04
 largest correction to disp= 1.411365e-12 in node 52 and dof 1

 convergence

 Using up to 1 cpu(s) for the stress calculation.

Adapter writing coupling data...
Adapter calling advance()...
---[precice]  Time window completed
---[precice]  it 1 | dt# 5246 | t 0.5245 of 1 | dt 0.0001 | max dt 0.0001 | ongoing yes | dt complete yes | 
 initial energy (at start of step) = 0.000000e+00

 since start of the step: 
 external work = 1.168993e+03
 work performed by the damping forces = 0.000000e+00
 netto work = 1.168993e+03

 actual energy: 
 internal energy = 5.316035e+02
 kinetic energy = 6.373416e+02
 elastic contact energy = 0.000000e+00
 energy lost due to friction = 0.000000e+00
 total energy  = 1.168945e+03

 energy increase = 1.168945e+03

 energy balance (absolute) = -4.797842e-02 
 energy balance (relative) = 0.004104 % 

 Using up to 1 cpu(s) for the stress calculation.

Adjusting time step for transient step
precice_dt dtheta = 0.000010, dtheta = 0.000010, solver_dt = 0.000100
Adapter reading coupling data...
 increment 5246 attempt 1 
 increment size= 1.000000e-04
 sum of previous increments=5.245000e-01
 actual step time=5.246000e-01
 actual total time=5.246000e-01

 iteration 1

 Using up to 1 cpu(s) for the stress calculation.

 Using up to 1 cpu(s) for the symmetric stiffness/mass contributions.

 Factoring the system of equations using the symmetric spooles solver
 Using 1 cpu for spooles.

 Using up to 1 cpu(s) for the stress calculation.

 average force= 102.983075
 time avg. forc= 45.367496
 largest residual force= 0.000210 in node 52 and dof 1
 largest increment of disp= 7.591627e-04
 largest correction to disp= 7.931951e-06 in node 52 and dof 1

 no convergence

 iteration 2

 Using up to 1 cpu(s) for the symmetric stiffness/mass contributions.

 Factoring the system of equations using the symmetric spooles solver
 Using 1 cpu for spooles.

 Using up to 1 cpu(s) for the stress calculation.

 average force= 102.983075
 time avg. forc= 45.367496
 largest residual force= 0.000000 in node 75 and dof 3
 largest increment of disp= 7.591627e-04
 largest correction to disp= 1.469632e-12 in node 52 and dof 1

 convergence

 Using up to 1 cpu(s) for the stress calculation.

Adapter writing coupling data...
Adapter calling advance()...
---[precice]  Time window completed
---[precice]  it 1 | dt# 5247 | t 0.5246 of 1 | dt 0.0001 | max dt 0.0001 | ongoing yes | dt complete yes | 
 initial energy (at start of step) = 0.000000e+00

 since start of the step: 
 external work = 1.169361e+03
 work performed by the damping forces = 0.000000e+00
 netto work = 1.169361e+03

 actual energy: 
 internal energy = 5.297406e+02
 kinetic energy = 6.395719e+02
 elastic contact energy = 0.000000e+00
 energy lost due to friction = 0.000000e+00
 total energy  = 1.169313e+03

 energy increase = 1.169313e+03

 energy balance (absolute) = -4.857741e-02 
 energy balance (relative) = 0.004154 % 

 Using up to 1 cpu(s) for the stress calculation.

Adjusting time step for transient step
precice_dt dtheta = 0.000010, dtheta = 0.000010, solver_dt = 0.000100
Adapter reading coupling data...
 increment 5247 attempt 1 
 increment size= 1.000000e-04
 sum of previous increments=5.246000e-01
 actual step time=5.247000e-01
 actual total time=5.247000e-01

 iteration 1

 Using up to 1 cpu(s) for the stress calculation.

 Using up to 1 cpu(s) for the symmetric stiffness/mass contributions.

 Factoring the system of equations using the symmetric spooles solver
 Using 1 cpu for spooles.

 Using up to 1 cpu(s) for the stress calculation.

 average force= 102.710396
 time avg. forc= 45.378425
 largest residual force= 0.000218 in node 52 and dof 1
 largest increment of disp= 7.666667e-04
 largest correction to disp= 8.065069e-06 in node 52 and dof 1

 no convergence

 iteration 2

 Using up to 1 cpu(s) for the symmetric stiffness/mass contributions.

 Factoring the system of equations using the symmetric spooles solver
 Using 1 cpu for spooles.

 Using up to 1 cpu(s) for the stress calculation.

 average force= 102.710396
 time avg. forc= 45.378425
 largest residual force= 0.000000 in node 93 and dof 1
 largest increment of disp= 7.666667e-04
 largest correction to disp= 1.522052e-12 in node 52 and dof 1

 convergence

 Using up to 1 cpu(s) for the stress calculation.

Adapter writing coupling data...
Adapter calling advance()...
---[precice]  Time window completed
---[precice]  it 1 | dt# 5248 | t 0.5247 of 1 | dt 0.0001 | max dt 0.0001 | ongoing yes | dt complete yes | 
 initial energy (at start of step) = 0.000000e+00

 since start of the step: 
 external work = 1.169707e+03
 work performed by the damping forces = 0.000000e+00
 netto work = 1.169707e+03

 actual energy: 
 internal energy = 5.280237e+02
 kinetic energy = 6.416344e+02
 elastic contact energy = 0.000000e+00
 energy lost due to friction = 0.000000e+00
 total energy  = 1.169658e+03

 energy increase = 1.169658e+03

 energy balance (absolute) = -4.912210e-02 
 energy balance (relative) = 0.004200 % 

 Using up to 1 cpu(s) for the stress calculation.

Adjusting time step for transient step
precice_dt dtheta = 0.000010, dtheta = 0.000010, solver_dt = 0.000100
Adapter reading coupling data...
 increment 5248 attempt 1 
 increment size= 1.000000e-04
 sum of previous increments=5.247000e-01
 actual step time=5.248000e-01
 actual total time=5.248000e-01

 iteration 1

 Using up to 1 cpu(s) for the stress calculation.

 Using up to 1 cpu(s) for the symmetric stiffness/mass contributions.

 Factoring the system of equations using the symmetric spooles solver
 Using 1 cpu for spooles.

 Using up to 1 cpu(s) for the stress calculation.

 average force= 102.585876
 time avg. forc= 45.389326
 largest residual force= 0.000225 in node 52 and dof 1
 largest increment of disp= 7.734297e-04
 largest correction to disp= 8.179725e-06 in node 52 and dof 1

 no convergence

 iteration 2

 Using up to 1 cpu(s) for the symmetric stiffness/mass contributions.

 Factoring the system of equations using the symmetric spooles solver
 Using 1 cpu for spooles.

 Using up to 1 cpu(s) for the stress calculation.

 average force= 102.585876
 time avg. forc= 45.389326
 largest residual force= 0.000000 in node 109 and dof 1
 largest increment of disp= 7.734297e-04
 largest correction to disp= 1.569200e-12 in node 52 and dof 1

 convergence

 Using up to 1 cpu(s) for the stress calculation.

Adapter writing coupling data...
Adapter calling advance()...
---[precice]  Time window completed
---[precice]  it 1 | dt# 5249 | t 0.5248 of 1 | dt 0.0001 | max dt 0.0001 | ongoing yes | dt complete yes | 
 initial energy (at start of step) = 0.000000e+00

 since start of the step: 
 external work = 1.170032e+03
 work performed by the damping forces = 0.000000e+00
 netto work = 1.170032e+03

 actual energy: 
 internal energy = 5.264588e+02
 kinetic energy = 6.435234e+02
 elastic contact energy = 0.000000e+00
 energy lost due to friction = 0.000000e+00
 total energy  = 1.169982e+03

 energy increase = 1.169982e+03

 energy balance (absolute) = -4.979022e-02 
 energy balance (relative) = 0.004255 % 

 Using up to 1 cpu(s) for the stress calculation.

Adjusting time step for transient step
precice_dt dtheta = 0.000010, dtheta = 0.000010, solver_dt = 0.000100
Adapter reading coupling data...
 increment 5249 attempt 1 
 increment size= 1.000000e-04
 sum of previous increments=5.248000e-01
 actual step time=5.249000e-01
 actual total time=5.249000e-01

 iteration 1

 Using up to 1 cpu(s) for the stress calculation.

 Using up to 1 cpu(s) for the symmetric stiffness/mass contributions.

 Factoring the system of equations using the symmetric spooles solver
 Using 1 cpu for spooles.

 Using up to 1 cpu(s) for the stress calculation.

 average force= 102.475911
 time avg. forc= 45.400202
 largest residual force= 0.000231 in node 52 and dof 1
 largest increment of disp= 7.794388e-04
 largest correction to disp= 8.270684e-06 in node 52 and dof 1

 no convergence

 iteration 2

 Using up to 1 cpu(s) for the symmetric stiffness/mass contributions.

 Factoring the system of equations using the symmetric spooles solver
 Using 1 cpu for spooles.

 Using up to 1 cpu(s) for the stress calculation.

 average force= 102.475911
 time avg. forc= 45.400202
 largest residual force= 0.000000 in node 107 and dof 1
 largest increment of disp= 7.794388e-04
 largest correction to disp= 1.609082e-12 in node 52 and dof 1

 convergence

 Using up to 1 cpu(s) for the stress calculation.

Adapter writing coupling data...
Adapter calling advance()...
---[precice]  Time window completed
---[precice]  it 1 | dt# 5250 | t 0.5249 of 1 | dt 0.0001 | max dt 0.0001 | ongoing yes | dt complete yes | 
 initial energy (at start of step) = 0.000000e+00

 since start of the step: 
 external work = 1.170336e+03
 work performed by the damping forces = 0.000000e+00
 netto work = 1.170336e+03

 actual energy: 
 internal energy = 5.250517e+02
 kinetic energy = 6.452344e+02
 elastic contact energy = 0.000000e+00
 energy lost due to friction = 0.000000e+00
 total energy  = 1.170286e+03

 energy increase = 1.170286e+03

 energy balance (absolute) = -5.038998e-02 
 energy balance (relative) = 0.004306 % 

 Using up to 1 cpu(s) for the stress calculation.

Adjusting time step for transient step
precice_dt dtheta = 0.000010, dtheta = 0.000010, solver_dt = 0.000100
Adapter reading coupling data...
 increment 5250 attempt 1 
 increment size= 1.000000e-04
 sum of previous increments=5.249000e-01
 actual step time=5.250000e-01
 actual total time=5.250000e-01

 iteration 1

 Using up to 1 cpu(s) for the stress calculation.

 Using up to 1 cpu(s) for the symmetric stiffness/mass contributions.

 Factoring the system of equations using the symmetric spooles solver
 Using 1 cpu for spooles.

 Using up to 1 cpu(s) for the stress calculation.

 average force= 102.418331
 time avg. forc= 45.411062
 largest residual force= 0.000235 in node 52 and dof 1
 largest increment of disp= 7.846848e-04
 largest correction to disp= 8.341565e-06 in node 52 and dof 1

 no convergence

 iteration 2

 Using up to 1 cpu(s) for the symmetric stiffness/mass contributions.

 Factoring the system of equations using the symmetric spooles solver
 Using 1 cpu for spooles.

 Using up to 1 cpu(s) for the stress calculation.

 average force= 102.418331
 time avg. forc= 45.411062
 largest residual force= 0.000000 in node 73 and dof 3
 largest increment of disp= 7.846848e-04
 largest correction to disp= 1.642509e-12 in node 52 and dof 1

 convergence

 Using up to 1 cpu(s) for the stress calculation.

Adapter writing coupling data...
Adapter calling advance()...
---[precice]  Time window completed
---[precice]  it 1 | dt# 5251 | t 0.525 of 1 | dt 0.0001 | max dt 0.0001 | ongoing yes | dt complete yes | 
 initial energy (at start of step) = 0.000000e+00

 since start of the step: 
 external work = 1.170621e+03
 work performed by the damping forces = 0.000000e+00
 netto work = 1.170621e+03

 actual energy: 
 internal energy = 5.238082e+02
 kinetic energy = 6.467621e+02
 elastic contact energy = 0.000000e+00
 energy lost due to friction = 0.000000e+00
 total energy  = 1.170570e+03

 energy increase = 1.170570e+03

 energy balance (absolute) = -5.115244e-02 
 energy balance (relative) = 0.004370 % 

 Using up to 1 cpu(s) for the stress calculation.

Adjusting time step for transient step
precice_dt dtheta = 0.000010, dtheta = 0.000010, solver_dt = 0.000100
Adapter reading coupling data...
 increment 5251 attempt 1 
 increment size= 1.000000e-04
 sum of previous increments=5.250000e-01
 actual step time=5.251000e-01
 actual total time=5.251000e-01

 iteration 1

 Using up to 1 cpu(s) for the stress calculation.

 Using up to 1 cpu(s) for the symmetric stiffness/mass contributions.

 Factoring the system of equations using the symmetric spooles solver
 Using 1 cpu for spooles.

 Using up to 1 cpu(s) for the stress calculation.

 average force= 102.404397
 time avg. forc= 45.421916
 largest residual force= 0.000238 in node 52 and dof 1
 largest increment of disp= 7.891436e-04
 largest correction to disp= 8.387374e-06 in node 52 and dof 1

 no convergence

 iteration 2

 Using up to 1 cpu(s) for the symmetric stiffness/mass contributions.

 Factoring the system of equations using the symmetric spooles solver
 Using 1 cpu for spooles.

 Using up to 1 cpu(s) for the stress calculation.

 average force= 102.404397
 time avg. forc= 45.421916
 largest residual force= 0.000000 in node 103 and dof 1
 largest increment of disp= 7.891436e-04
 largest correction to disp= 1.667610e-12 in node 52 and dof 1

 convergence

 Using up to 1 cpu(s) for the stress calculation.

Adapter writing coupling data...
Adapter calling advance()...
---[precice]  Time window completed
---[precice]  it 1 | dt# 5252 | t 0.5251 of 1 | dt 0.0001 | max dt 0.0001 | ongoing yes | dt complete yes | 
 initial energy (at start of step) = 0.000000e+00

 since start of the step: 
 external work = 1.170888e+03
 work performed by the damping forces = 0.000000e+00
 netto work = 1.170888e+03

 actual energy: 
 internal energy = 5.227341e+02
 kinetic energy = 6.481021e+02
 elastic contact energy = 0.000000e+00
 energy lost due to friction = 0.000000e+00
 total energy  = 1.170836e+03

 energy increase = 1.170836e+03

 energy balance (absolute) = -5.180794e-02 
 energy balance (relative) = 0.004425 % 

 Using up to 1 cpu(s) for the stress calculation.

Adjusting time step for transient step
precice_dt dtheta = 0.000010, dtheta = 0.000010, solver_dt = 0.000100
Adapter reading coupling data...
 increment 5252 attempt 1 
 increment size= 1.000000e-04
 sum of previous increments=5.251000e-01
 actual step time=5.252000e-01
 actual total time=5.252000e-01

 iteration 1

 Using up to 1 cpu(s) for the stress calculation.

 Using up to 1 cpu(s) for the symmetric stiffness/mass contributions.

 Factoring the system of equations using the symmetric spooles solver
 Using 1 cpu for spooles.

 Using up to 1 cpu(s) for the stress calculation.

 average force= 102.382840
 time avg. forc= 45.432762
 largest residual force= 0.000240 in node 52 and dof 1
 largest increment of disp= 7.928074e-04
 largest correction to disp= 8.412216e-06 in node 52 and dof 1

 no convergence

 iteration 2

 Using up to 1 cpu(s) for the symmetric stiffness/mass contributions.

 Factoring the system of equations using the symmetric spooles solver
 Using 1 cpu for spooles.

 Using up to 1 cpu(s) for the stress calculation.

 average force= 102.382840
 time avg. forc= 45.432762
 largest residual force= 0.000000 in node 37 and dof 1
 largest increment of disp= 7.928074e-04
 largest correction to disp= 1.685544e-12 in node 52 and dof 1

 convergence

 Using up to 1 cpu(s) for the stress calculation.

Adapter writing coupling data...
Adapter calling advance()...
---[precice]  Time window completed
---[precice]  it 1 | dt# 5253 | t 0.5252 of 1 | dt 0.0001 | max dt 0.0001 | ongoing yes | dt complete yes | 
 initial energy (at start of step) = 0.000000e+00

 since start of the step: 
 external work = 1.171137e+03
 work performed by the damping forces = 0.000000e+00
 netto work = 1.171137e+03

 actual energy: 
 internal energy = 5.218346e+02
 kinetic energy = 6.492502e+02
 elastic contact energy = 0.000000e+00
 energy lost due to friction = 0.000000e+00
 total energy  = 1.171085e+03

 energy increase = 1.171085e+03

 energy balance (absolute) = -5.262227e-02 
 energy balance (relative) = 0.004493 % 

 Using up to 1 cpu(s) for the stress calculation.

Adjusting time step for transient step
precice_dt dtheta = 0.000010, dtheta = 0.000010, solver_dt = 0.000100
Adapter reading coupling data...
 increment 5253 attempt 1 
 increment size= 1.000000e-04
 sum of previous increments=5.252000e-01
 actual step time=5.253000e-01
 actual total time=5.253000e-01

 iteration 1

 Using up to 1 cpu(s) for the stress calculation.

 Using up to 1 cpu(s) for the symmetric stiffness/mass contributions.

 Factoring the system of equations using the symmetric spooles solver
 Using 1 cpu for spooles.

 Using up to 1 cpu(s) for the stress calculation.

 average force= 102.292502
 time avg. forc= 45.443586
 largest residual force= 0.000241 in node 52 and dof 1
 largest increment of disp= 7.956573e-04
 largest correction to disp= 8.411109e-06 in node 52 and dof 1

 no convergence

 iteration 2

 Using up to 1 cpu(s) for the symmetric stiffness/mass contributions.

 Factoring the system of equations using the symmetric spooles solver
 Using 1 cpu for spooles.

 Using up to 1 cpu(s) for the stress calculation.

 average force= 102.292502
 time avg. forc= 45.443586
 largest residual force= 0.000000 in node 75 and dof 3
 largest increment of disp= 7.956573e-04
 largest correction to disp= 1.694518e-12 in node 52 and dof 1

 convergence

 Using up to 1 cpu(s) for the stress calculation.

Adapter writing coupling data...
Adapter calling advance()...
---[precice]  Time window completed
---[precice]  it 1 | dt# 5254 | t 0.5253 of 1 | dt 0.0001 | max dt 0.0001 | ongoing yes | dt complete yes | 
 initial energy (at start of step) = 0.000000e+00

 since start of the step: 
 external work = 1.171371e+03
 work performed by the damping forces = 0.000000e+00
 netto work = 1.171371e+03

 actual energy: 
 internal energy = 5.211149e+02
 kinetic energy = 6.502025e+02
 elastic contact energy = 0.000000e+00
 energy lost due to friction = 0.000000e+00
 total energy  = 1.171317e+03

 energy increase = 1.171317e+03

 energy balance (absolute) = -5.335027e-02 
 energy balance (relative) = 0.004555 % 

 Using up to 1 cpu(s) for the stress calculation.

Adjusting time step for transient step
precice_dt dtheta = 0.000010, dtheta = 0.000010, solver_dt = 0.000100
Adapter reading coupling data...
 increment 5254 attempt 1 
 increment size= 1.000000e-04
 sum of previous increments=5.253000e-01
 actual step time=5.254000e-01
 actual total time=5.254000e-01

 iteration 1

 Using up to 1 cpu(s) for the stress calculation.

 Using up to 1 cpu(s) for the symmetric stiffness/mass contributions.

 Factoring the system of equations using the symmetric spooles solver
 Using 1 cpu for spooles.

 Using up to 1 cpu(s) for the stress calculation.

 average force= 102.319462
 time avg. forc= 45.454411
 largest residual force= 0.000240 in node 52 and dof 1
 largest increment of disp= 7.976842e-04
 largest correction to disp= 8.388692e-06 in node 52 and dof 1

 no convergence

 iteration 2

 Using up to 1 cpu(s) for the symmetric stiffness/mass contributions.

 Factoring the system of equations using the symmetric spooles solver
 Using 1 cpu for spooles.

 Using up to 1 cpu(s) for the stress calculation.

 average force= 102.319462
 time avg. forc= 45.454411
 largest residual force= 0.000000 in node 75 and dof 3
 largest increment of disp= 7.976842e-04
 largest correction to disp= 1.696087e-12 in node 52 and dof 1

 convergence

 Using up to 1 cpu(s) for the stress calculation.

Adapter writing coupling data...
Adapter calling advance()...
---[precice]  Time window completed
---[precice]  it 1 | dt# 5255 | t 0.5254 of 1 | dt 0.0001 | max dt 0.0001 | ongoing yes | dt complete yes | 
 initial energy (at start of step) = 0.000000e+00

 since start of the step: 
 external work = 1.171589e+03
 work performed by the damping forces = 0.000000e+00
 netto work = 1.171589e+03

 actual energy: 
 internal energy = 5.205798e+02
 kinetic energy = 6.509546e+02
 elastic contact energy = 0.000000e+00
 energy lost due to friction = 0.000000e+00
 total energy  = 1.171534e+03

 energy increase = 1.171534e+03

 energy balance (absolute) = -5.423965e-02 
 energy balance (relative) = 0.004630 % 

 Using up to 1 cpu(s) for the stress calculation.

Adjusting time step for transient step
precice_dt dtheta = 0.000010, dtheta = 0.000010, solver_dt = 0.000100
Adapter reading coupling data...
 increment 5255 attempt 1 
 increment size= 1.000000e-04
 sum of previous increments=5.254000e-01
 actual step time=5.255000e-01
 actual total time=5.255000e-01

 iteration 1

 Using up to 1 cpu(s) for the stress calculation.

 Using up to 1 cpu(s) for the symmetric stiffness/mass contributions.

 Factoring the system of equations using the symmetric spooles solver
 Using 1 cpu for spooles.

 Using up to 1 cpu(s) for the stress calculation.

 average force= 102.432578
 time avg. forc= 45.465254
 largest residual force= 0.000238 in node 52 and dof 1
 largest increment of disp= 7.988706e-04
 largest correction to disp= 8.340113e-06 in node 52 and dof 1

 no convergence

 iteration 2

 Using up to 1 cpu(s) for the symmetric stiffness/mass contributions.

 Factoring the system of equations using the symmetric spooles solver
 Using 1 cpu for spooles.

 Using up to 1 cpu(s) for the stress calculation.

 average force= 102.432578
 time avg. forc= 45.465254
 largest residual force= 0.000000 in node 52 and dof 1
 largest increment of disp= 7.988706e-04
 largest correction to disp= 1.688590e-12 in node 52 and dof 1

 convergence

 Using up to 1 cpu(s) for the stress calculation.

Adapter writing coupling data...
Adapter calling advance()...
---[precice]  Time window completed
---[precice]  it 1 | dt# 5256 | t 0.5255 of 1 | dt 0.0001 | max dt 0.0001 | ongoing yes | dt complete yes | 
 initial energy (at start of step) = 0.000000e+00

 since start of the step: 
 external work = 1.171792e+03
 work performed by the damping forces = 0.000000e+00
 netto work = 1.171792e+03

 actual energy: 
 internal energy = 5.202335e+02
 kinetic energy = 6.515032e+02
 elastic contact energy = 0.000000e+00
 energy lost due to friction = 0.000000e+00
 total energy  = 1.171737e+03

 energy increase = 1.171737e+03

 energy balance (absolute) = -5.500908e-02 
 energy balance (relative) = 0.004694 % 

 Using up to 1 cpu(s) for the stress calculation.

Adjusting time step for transient step
precice_dt dtheta = 0.000010, dtheta = 0.000010, solver_dt = 0.000100
Adapter reading coupling data...
 increment 5256 attempt 1 
 increment size= 1.000000e-04
 sum of previous increments=5.255000e-01
 actual step time=5.256000e-01
 actual total time=5.256000e-01

 iteration 1

 Using up to 1 cpu(s) for the stress calculation.

 Using up to 1 cpu(s) for the symmetric stiffness/mass contributions.

 Factoring the system of equations using the symmetric spooles solver
 Using 1 cpu for spooles.

 Using up to 1 cpu(s) for the stress calculation.

 average force= 102.584254
 time avg. forc= 45.476121
 largest residual force= 0.000235 in node 52 and dof 1
 largest increment of disp= 7.992097e-04
 largest correction to disp= 8.270521e-06 in node 52 and dof 1

 no convergence

 iteration 2

 Using up to 1 cpu(s) for the symmetric stiffness/mass contributions.

 Factoring the system of equations using the symmetric spooles solver
 Using 1 cpu for spooles.

 Using up to 1 cpu(s) for the stress calculation.

 average force= 102.584254
 time avg. forc= 45.476121
 largest residual force= 0.000000 in node 44 and dof 1
 largest increment of disp= 7.992097e-04
 largest correction to disp= 1.673977e-12 in node 52 and dof 1

 convergence

 Using up to 1 cpu(s) for the stress calculation.

Adapter writing coupling data...
Adapter calling advance()...
---[precice]  Time window completed
---[precice]  it 1 | dt# 5257 | t 0.5256 of 1 | dt 0.0001 | max dt 0.0001 | ongoing yes | dt complete yes | 
 initial energy (at start of step) = 0.000000e+00

 since start of the step: 
 external work = 1.171980e+03
 work performed by the damping forces = 0.000000e+00
 netto work = 1.171980e+03

 actual energy: 
 internal energy = 5.200798e+02
 kinetic energy = 6.518442e+02
 elastic contact energy = 0.000000e+00
 energy lost due to friction = 0.000000e+00
 total energy  = 1.171924e+03

 energy increase = 1.171924e+03

 energy balance (absolute) = -5.596752e-02 
 energy balance (relative) = 0.004775 % 

 Using up to 1 cpu(s) for the stress calculation.

Adjusting time step for transient step
precice_dt dtheta = 0.000010, dtheta = 0.000010, solver_dt = 0.000100
Adapter reading coupling data...
 increment 5257 attempt 1 
 increment size= 1.000000e-04
 sum of previous increments=5.256000e-01
 actual step time=5.257000e-01
 actual total time=5.257000e-01

 iteration 1

 Using up to 1 cpu(s) for the stress calculation.

 Using up to 1 cpu(s) for the symmetric stiffness/mass contributions.

 Factoring the system of equations using the symmetric spooles solver
 Using 1 cpu for spooles.

 Using up to 1 cpu(s) for the stress calculation.

 average force= 102.734584
 time avg. forc= 45.487013
 largest residual force= 0.000230 in node 52 and dof 1
 largest increment of disp= 7.986815e-04
 largest correction to disp= 8.174910e-06 in node 52 and dof 1

 no convergence

 iteration 2

 Using up to 1 cpu(s) for the symmetric stiffness/mass contributions.

 Factoring the system of equations using the symmetric spooles solver
 Using 1 cpu for spooles.

 Using up to 1 cpu(s) for the stress calculation.

 average force= 102.734584
 time avg. forc= 45.487013
 largest residual force= 0.000000 in node 108 and dof 1
 largest increment of disp= 7.986815e-04
 largest correction to disp= 1.650610e-12 in node 52 and dof 1

 convergence

 Using up to 1 cpu(s) for the stress calculation.

Adapter writing coupling data...
Adapter calling advance()...
---[precice]  Time window completed
---[precice]  it 1 | dt# 5258 | t 0.5257 of 1 | dt 0.0001 | max dt 0.0001 | ongoing yes | dt complete yes | 
 initial energy (at start of step) = 0.000000e+00

 since start of the step: 
 external work = 1.172153e+03
 work performed by the damping forces = 0.000000e+00
 netto work = 1.172153e+03

 actual energy: 
 internal energy = 5.201217e+02
 kinetic energy = 6.519748e+02
 elastic contact energy = 0.000000e+00
 energy lost due to friction = 0.000000e+00
 total energy  = 1.172097e+03

 energy increase = 1.172097e+03

 energy balance (absolute) = -5.677745e-02 
 energy balance (relative) = 0.004844 % 

 Using up to 1 cpu(s) for the stress calculation.

Adjusting time step for transient step
precice_dt dtheta = 0.000010, dtheta = 0.000010, solver_dt = 0.000100
Adapter reading coupling data...
 increment 5258 attempt 1 
 increment size= 1.000000e-04
 sum of previous increments=5.257000e-01
 actual step time=5.258000e-01
 actual total time=5.258000e-01

 iteration 1

 Using up to 1 cpu(s) for the stress calculation.

 Using up to 1 cpu(s) for the symmetric stiffness/mass contributions.

 Factoring the system of equations using the symmetric spooles solver
 Using 1 cpu for spooles.

 Using up to 1 cpu(s) for the stress calculation.

 average force= 102.911968
 time avg. forc= 45.497934
 largest residual force= 0.000224 in node 52 and dof 1
 largest increment of disp= 7.972751e-04
 largest correction to disp= 8.059508e-06 in node 52 and dof 1

 no convergence

 iteration 2

 Using up to 1 cpu(s) for the symmetric stiffness/mass contributions.

 Factoring the system of equations using the symmetric spooles solver
 Using 1 cpu for spooles.

 Using up to 1 cpu(s) for the stress calculation.

 average force= 102.911968
 time avg. forc= 45.497934
 largest residual force= 0.000000 in node 49 and dof 1
 largest increment of disp= 7.972751e-04
 largest correction to disp= 1.621008e-12 in node 50 and dof 1

 convergence

 Using up to 1 cpu(s) for the stress calculation.

Adapter writing coupling data...
Adapter calling advance()...
---[precice]  Time window completed
---[precice]  it 1 | dt# 5259 | t 0.5258 of 1 | dt 0.0001 | max dt 0.0001 | ongoing yes | dt complete yes | 
 initial energy (at start of step) = 0.000000e+00

 since start of the step: 
 external work = 1.172311e+03
 work performed by the damping forces = 0.000000e+00
 netto work = 1.172311e+03

 actual energy: 
 internal energy = 5.203614e+02
 kinetic energy = 6.518921e+02
 elastic contact energy = 0.000000e+00
 energy lost due to friction = 0.000000e+00
 total energy  = 1.172253e+03

 energy increase = 1.172253e+03

 energy balance (absolute) = -5.777058e-02 
 energy balance (relative) = 0.004928 % 

 Using up to 1 cpu(s) for the stress calculation.

Adjusting time step for transient step
precice_dt dtheta = 0.000010, dtheta = 0.000010, solver_dt = 0.000100
Adapter reading coupling data...
 increment 5259 attempt 1 
 increment size= 1.000000e-04
 sum of previous increments=5.258000e-01
 actual step time=5.259000e-01
 actual total time=5.259000e-01

 iteration 1

 Using up to 1 cpu(s) for the stress calculation.

 Using up to 1 cpu(s) for the symmetric stiffness/mass contributions.

 Factoring the system of equations using the symmetric spooles solver
 Using 1 cpu for spooles.

 Using up to 1 cpu(s) for the stress calculation.

 average force= 103.033875
 time avg. forc= 45.508875
 largest residual force= 0.000217 in node 50 and dof 1
 largest increment of disp= 7.949703e-04
 largest correction to disp= 7.918968e-06 in node 50 and dof 1

 no convergence

 iteration 2

 Using up to 1 cpu(s) for the symmetric stiffness/mass contributions.

 Factoring the system of equations using the symmetric spooles solver
 Using 1 cpu for spooles.

 Using up to 1 cpu(s) for the stress calculation.

 average force= 103.033875
 time avg. forc= 45.508875
 largest residual force= 0.000000 in node 73 and dof 3
 largest increment of disp= 7.949703e-04
 largest correction to disp= 1.583445e-12 in node 50 and dof 1

 convergence

 Using up to 1 cpu(s) for the stress calculation.

Adapter writing coupling data...
Adapter calling advance()...
---[precice]  Time window completed
---[precice]  it 1 | dt# 5260 | t 0.5259 of 1 | dt 0.0001 | max dt 0.0001 | ongoing yes | dt complete yes | 
 initial energy (at start of step) = 0.000000e+00

 since start of the step: 
 external work = 1.172454e+03
 work performed by the damping forces = 0.000000e+00
 netto work = 1.172454e+03

 actual energy: 
 internal energy = 5.208003e+02
 kinetic energy = 6.515952e+02
 elastic contact energy = 0.000000e+00
 energy lost due to friction = 0.000000e+00
 total energy  = 1.172396e+03

 energy increase = 1.172396e+03

 energy balance (absolute) = -5.856788e-02 
 energy balance (relative) = 0.004995 % 

 Using up to 1 cpu(s) for the stress calculation.

Adjusting time step for transient step
precice_dt dtheta = 0.000010, dtheta = 0.000010, solver_dt = 0.000100
Adapter reading coupling data...
 increment 5260 attempt 1 
 increment size= 1.000000e-04
 sum of previous increments=5.259000e-01
 actual step time=5.260000e-01
 actual total time=5.260000e-01

 iteration 1

 Using up to 1 cpu(s) for the stress calculation.

 Using up to 1 cpu(s) for the symmetric stiffness/mass contributions.

 Factoring the system of equations using the symmetric spooles solver
 Using 1 cpu for spooles.

 Using up to 1 cpu(s) for the stress calculation.

 average force= 103.131791
 time avg. forc= 45.519830
 largest residual force= 0.000209 in node 50 and dof 1
 largest increment of disp= 7.917604e-04
 largest correction to disp= 7.760271e-06 in node 50 and dof 1

 no convergence

 iteration 2

 Using up to 1 cpu(s) for the symmetric stiffness/mass contributions.

 Factoring the system of equations using the symmetric spooles solver
 Using 1 cpu for spooles.

 Using up to 1 cpu(s) for the stress calculation.

 average force= 103.131791
 time avg. forc= 45.519830
 largest residual force= 0.000000 in node 104 and dof 1
 largest increment of disp= 7.917604e-04
 largest correction to disp= 1.540840e-12 in node 50 and dof 1

 convergence

 Using up to 1 cpu(s) for the stress calculation.

Adapter writing coupling data...
Adapter calling advance()...
---[precice]  Time window completed
---[precice]  it 1 | dt# 5261 | t 0.526 of 1 | dt 0.0001 | max dt 0.0001 | ongoing yes | dt complete yes | 
 initial energy (at start of step) = 0.000000e+00

 since start of the step: 
 external work = 1.172582e+03
 work performed by the damping forces = 0.000000e+00
 netto work = 1.172582e+03

 actual energy: 
 internal energy = 5.214387e+02
 kinetic energy = 6.510838e+02
 elastic contact energy = 0.000000e+00
 energy lost due to friction = 0.000000e+00
 total energy  = 1.172523e+03

 energy increase = 1.172523e+03

 energy balance (absolute) = -5.957270e-02 
 energy balance (relative) = 0.005080 % 

 Using up to 1 cpu(s) for the stress calculation.

Adjusting time step for transient step
precice_dt dtheta = 0.000010, dtheta = 0.000010, solver_dt = 0.000100
Adapter reading coupling data...
 increment 5261 attempt 1 
 increment size= 1.000000e-04
 sum of previous increments=5.260000e-01
 actual step time=5.261000e-01
 actual total time=5.261000e-01

 iteration 1

 Using up to 1 cpu(s) for the stress calculation.

 Using up to 1 cpu(s) for the symmetric stiffness/mass contributions.

 Factoring the system of equations using the symmetric spooles solver
 Using 1 cpu for spooles.

 Using up to 1 cpu(s) for the stress calculation.

 average force= 103.339753
 time avg. forc= 45.530820
 largest residual force= 0.000200 in node 50 and dof 1
 largest increment of disp= 7.876300e-04
 largest correction to disp= 7.577375e-06 in node 50 and dof 1

 no convergence

 iteration 2

 Using up to 1 cpu(s) for the symmetric stiffness/mass contributions.

 Factoring the system of equations using the symmetric spooles solver
 Using 1 cpu for spooles.

 Using up to 1 cpu(s) for the stress calculation.

 average force= 103.339753
 time avg. forc= 45.530820
 largest residual force= 0.000000 in node 99 and dof 1
 largest increment of disp= 7.876300e-04
 largest correction to disp= 1.491305e-12 in node 50 and dof 1

 convergence

 Using up to 1 cpu(s) for the stress calculation.

Adapter writing coupling data...
Adapter calling advance()...
---[precice]  Time window completed
---[precice]  it 1 | dt# 5262 | t 0.5261 of 1 | dt 0.0001 | max dt 0.0001 | ongoing yes | dt complete yes | 
 initial energy (at start of step) = 0.000000e+00

 since start of the step: 
 external work = 1.172696e+03
 work performed by the damping forces = 0.000000e+00
 netto work = 1.172696e+03

 actual energy: 
 internal energy = 5.222758e+02
 kinetic energy = 6.503600e+02
 elastic contact energy = 0.000000e+00
 energy lost due to friction = 0.000000e+00
 total energy  = 1.172636e+03

 energy increase = 1.172636e+03

 energy balance (absolute) = -6.034049e-02 
 energy balance (relative) = 0.005145 % 

 Using up to 1 cpu(s) for the stress calculation.

Adjusting time step for transient step
precice_dt dtheta = 0.000010, dtheta = 0.000010, solver_dt = 0.000100
Adapter reading coupling data...
 increment 5262 attempt 1 
 increment size= 1.000000e-04
 sum of previous increments=5.261000e-01
 actual step time=5.262000e-01
 actual total time=5.262000e-01

 iteration 1

 Using up to 1 cpu(s) for the stress calculation.

 Using up to 1 cpu(s) for the symmetric stiffness/mass contributions.

 Factoring the system of equations using the symmetric spooles solver
 Using 1 cpu for spooles.

 Using up to 1 cpu(s) for the stress calculation.

 average force= 103.746891
 time avg. forc= 45.541884
 largest residual force= 0.000191 in node 50 and dof 1
 largest increment of disp= 7.825284e-04
 largest correction to disp= 7.378700e-06 in node 50 and dof 1

 no convergence

 iteration 2

 Using up to 1 cpu(s) for the symmetric stiffness/mass contributions.

 Factoring the system of equations using the symmetric spooles solver
 Using 1 cpu for spooles.

 Using up to 1 cpu(s) for the stress calculation.

 average force= 103.746891
 time avg. forc= 45.541884
 largest residual force= 0.000000 in node 107 and dof 1
 largest increment of disp= 7.825284e-04
 largest correction to disp= 1.438261e-12 in node 50 and dof 1

 convergence

 Using up to 1 cpu(s) for the stress calculation.

Adapter writing coupling data...
Adapter calling advance()...
---[precice]  Time window completed
---[precice]  it 1 | dt# 5263 | t 0.5262 of 1 | dt 0.0001 | max dt 0.0001 | ongoing yes | dt complete yes | 
 initial energy (at start of step) = 0.000000e+00

 since start of the step: 
 external work = 1.172796e+03
 work performed by the damping forces = 0.000000e+00
 netto work = 1.172796e+03

 actual energy: 
 internal energy = 5.233095e+02
 kinetic energy = 6.494249e+02
 elastic contact energy = 0.000000e+00
 energy lost due to friction = 0.000000e+00
 total energy  = 1.172734e+03

 energy increase = 1.172734e+03

 energy balance (absolute) = -6.139543e-02 
 energy balance (relative) = 0.005235 % 

 Using up to 1 cpu(s) for the stress calculation.

Adjusting time step for transient step
precice_dt dtheta = 0.000010, dtheta = 0.000010, solver_dt = 0.000100
Adapter reading coupling data...
 increment 5263 attempt 1 
 increment size= 1.000000e-04
 sum of previous increments=5.262000e-01
 actual step time=5.263000e-01
 actual total time=5.263000e-01

 iteration 1

 Using up to 1 cpu(s) for the stress calculation.

 Using up to 1 cpu(s) for the symmetric stiffness/mass contributions.

 Factoring the system of equations using the symmetric spooles solver
 Using 1 cpu for spooles.

 Using up to 1 cpu(s) for the stress calculation.

 average force= 104.312340
 time avg. forc= 45.553050
 largest residual force= 0.000181 in node 50 and dof 1
 largest increment of disp= 7.764531e-04
 largest correction to disp= 7.158075e-06 in node 50 and dof 1

 no convergence

 iteration 2

 Using up to 1 cpu(s) for the symmetric stiffness/mass contributions.

 Factoring the system of equations using the symmetric spooles solver
 Using 1 cpu for spooles.

 Using up to 1 cpu(s) for the stress calculation.

 average force= 104.312340
 time avg. forc= 45.553050
 largest residual force= 0.000000 in node 73 and dof 3
 largest increment of disp= 7.764531e-04
 largest correction to disp= 1.379707e-12 in node 50 and dof 1

 convergence

 Using up to 1 cpu(s) for the stress calculation.

Adapter writing coupling data...
Adapter calling advance()...
---[precice]  Time window completed
---[precice]  it 1 | dt# 5264 | t 0.5263 of 1 | dt 0.0001 | max dt 0.0001 | ongoing yes | dt complete yes | 
 initial energy (at start of step) = 0.000000e+00

 since start of the step: 
 external work = 1.172879e+03
 work performed by the damping forces = 0.000000e+00
 netto work = 1.172879e+03

 actual energy: 
 internal energy = 5.245365e+02
 kinetic energy = 6.482807e+02
 elastic contact energy = 0.000000e+00
 energy lost due to friction = 0.000000e+00
 total energy  = 1.172817e+03

 energy increase = 1.172817e+03

 energy balance (absolute) = -6.220683e-02 
 energy balance (relative) = 0.005304 % 

 Using up to 1 cpu(s) for the stress calculation.

Adjusting time step for transient step
precice_dt dtheta = 0.000010, dtheta = 0.000010, solver_dt = 0.000100
Adapter reading coupling data...
 increment 5264 attempt 1 
 increment size= 1.000000e-04
 sum of previous increments=5.263000e-01
 actual step time=5.264000e-01
 actual total time=5.264000e-01

 iteration 1

 Using up to 1 cpu(s) for the stress calculation.

 Using up to 1 cpu(s) for the symmetric stiffness/mass contributions.

 Factoring the system of equations using the symmetric spooles solver
 Using 1 cpu for spooles.

 Using up to 1 cpu(s) for the stress calculation.

 average force= 104.898135
 time avg. forc= 45.564324
 largest residual force= 0.000170 in node 50 and dof 1
 largest increment of disp= 7.694200e-04
 largest correction to disp= 7.335041e-06 in node 42 and dof 1

 no convergence

 iteration 2

 Using up to 1 cpu(s) for the symmetric stiffness/mass contributions.

 Factoring the system of equations using the symmetric spooles solver
 Using 1 cpu for spooles.

 Using up to 1 cpu(s) for the stress calculation.

 average force= 104.898135
 time avg. forc= 45.564324
 largest residual force= 0.000000 in node 67 and dof 1
 largest increment of disp= 7.694200e-04
 largest correction to disp= 1.378078e-12 in node 46 and dof 1

 convergence

 Using up to 1 cpu(s) for the stress calculation.

Adapter writing coupling data...
Adapter calling advance()...
---[precice]  Time window completed
---[precice]  it 1 | dt# 5265 | t 0.5264 of 1 | dt 0.0001 | max dt 0.0001 | ongoing yes | dt complete yes | 
 initial energy (at start of step) = 0.000000e+00

 since start of the step: 
 external work = 1.172947e+03
 work performed by the damping forces = 0.000000e+00
 netto work = 1.172947e+03

 actual energy: 
 internal energy = 5.259523e+02
 kinetic energy = 6.469316e+02
 elastic contact energy = 0.000000e+00
 energy lost due to friction = 0.000000e+00
 total energy  = 1.172884e+03

 energy increase = 1.172884e+03

 energy balance (absolute) = -6.318951e-02 
 energy balance (relative) = 0.005387 % 

 Using up to 1 cpu(s) for the stress calculation.

Adjusting time step for transient step
precice_dt dtheta = 0.000010, dtheta = 0.000010, solver_dt = 0.000100
Adapter reading coupling data...
 increment 5265 attempt 1 
 increment size= 1.000000e-04
 sum of previous increments=5.264000e-01
 actual step time=5.265000e-01
 actual total time=5.265000e-01

 iteration 1

 Using up to 1 cpu(s) for the stress calculation.

 Using up to 1 cpu(s) for the symmetric stiffness/mass contributions.

 Factoring the system of equations using the symmetric spooles solver
 Using 1 cpu for spooles.

 Using up to 1 cpu(s) for the stress calculation.

 average force= 105.390616
 time avg. forc= 45.575687
 largest residual force= 0.327584 in node 107 and dof 1
 largest increment of disp= 7.613608e-04
 largest correction to disp= 4.900004e-04 in node 89 and dof 3

 no convergence

 iteration 2

 Using up to 1 cpu(s) for the symmetric stiffness/mass contributions.

 Factoring the system of equations using the symmetric spooles solver
 Using 1 cpu for spooles.

 Using up to 1 cpu(s) for the stress calculation.

 average force= 105.390614
 time avg. forc= 45.575687
 largest residual force= 0.000000 in node 106 and dof 1
 largest increment of disp= 7.613608e-04
 largest correction to disp= 1.969773e-09 in node 89 and dof 3

 convergence

 Using up to 1 cpu(s) for the stress calculation.

Adapter writing coupling data...
Adapter calling advance()...
---[precice]  Time window completed
---[precice]  it 1 | dt# 5266 | t 0.5265 of 1 | dt 0.0001 | max dt 0.0001 | ongoing yes | dt complete yes | 
 initial energy (at start of step) = 0.000000e+00

 since start of the step: 
 external work = 1.562545e+03
 work performed by the damping forces = 0.000000e+00
 netto work = 1.562545e+03

 actual energy: 
 internal energy = 5.271101e+02
 kinetic energy = 1.052235e+03
 elastic contact energy = 0.000000e+00
 energy lost due to friction = 0.000000e+00
 total energy  = 1.579345e+03

 energy increase = 1.579345e+03

 energy balance (absolute) = 1.680023e+01 
 energy balance (relative) = 1.075184 % 

 Using up to 1 cpu(s) for the stress calculation.

Adjusting time step for transient step
precice_dt dtheta = 0.000010, dtheta = 0.000010, solver_dt = 0.000100
Adapter reading coupling data...
 increment 5266 attempt 1 
 increment size= 1.000000e-04
 sum of previous increments=5.265000e-01
 actual step time=5.266000e-01
 actual total time=5.266000e-01

 iteration 1

 Using up to 1 cpu(s) for the stress calculation.

 Using up to 1 cpu(s) for the symmetric stiffness/mass contributions.

 Factoring the system of equations using the symmetric spooles solver
 Using 1 cpu for spooles.

 Using up to 1 cpu(s) for the stress calculation.

 average force= 105.823881
 time avg. forc= 45.587128
 largest residual force= 0.375833 in node 107 and dof 1
 largest increment of disp= 1.755656e-03
 largest correction to disp= 5.152607e-04 in node 89 and dof 3

 no convergence

 iteration 2

 Using up to 1 cpu(s) for the symmetric stiffness/mass contributions.

 Factoring the system of equations using the symmetric spooles solver
 Using 1 cpu for spooles.

 Using up to 1 cpu(s) for the stress calculation.

 average force= 105.823879
 time avg. forc= 45.587128
 largest residual force= 0.000000 in node 105 and dof 1
 largest increment of disp= 1.755656e-03
 largest correction to disp= 2.098305e-09 in node 108 and dof 1

 convergence

 Using up to 1 cpu(s) for the stress calculation.

Adapter writing coupling data...
Adapter calling advance()...
---[precice]  Time window completed
---[precice]  it 1 | dt# 5267 | t 0.5266 of 1 | dt 0.0001 | max dt 0.0001 | ongoing yes | dt complete yes | 
 initial energy (at start of step) = 0.000000e+00

 since start of the step: 
 external work = 3.994730e+03
 work performed by the damping forces = 0.000000e+00
 netto work = 3.994730e+03

 actual energy: 
 internal energy = 5.285767e+02
 kinetic energy = 3.428071e+03
 elastic contact energy = 0.000000e+00
 energy lost due to friction = 0.000000e+00
 total energy  = 3.956648e+03

 energy increase = 3.956648e+03

 energy balance (absolute) = -3.808175e+01 
 energy balance (relative) = 0.953300 % 

 Using up to 1 cpu(s) for the stress calculation.

Adjusting time step for transient step
precice_dt dtheta = 0.000010, dtheta = 0.000010, solver_dt = 0.000100
Adapter reading coupling data...
 increment 5267 attempt 1 
 increment size= 1.000000e-04
 sum of previous increments=5.266000e-01
 actual step time=5.267000e-01
 actual total time=5.267000e-01

 iteration 1

 Using up to 1 cpu(s) for the stress calculation.

 Using up to 1 cpu(s) for the symmetric stiffness/mass contributions.

 Factoring the system of equations using the symmetric spooles solver
 Using 1 cpu for spooles.

 Using up to 1 cpu(s) for the stress calculation.

 average force= 107.452654
 time avg. forc= 45.598874
 largest residual force= 0.397200 in node 107 and dof 1
 largest increment of disp= 3.604412e-03
 largest correction to disp= 5.142664e-04 in node 89 and dof 3

 no convergence

 iteration 2

 Using up to 1 cpu(s) for the symmetric stiffness/mass contributions.

 Factoring the system of equations using the symmetric spooles solver
 Using 1 cpu for spooles.

 Using up to 1 cpu(s) for the stress calculation.

 average force= 107.452651
 time avg. forc= 45.598874
 largest residual force= 0.000000 in node 110 and dof 1
 largest increment of disp= 3.604412e-03
 largest correction to disp= 2.204686e-09 in node 108 and dof 1

 convergence

 Using up to 1 cpu(s) for the stress calculation.

Adapter writing coupling data...
Adapter calling advance()...
^C
prasad@XDEM-laptop:~/01_PhD/3_Tutorials/3_trials/0_OpenFOAM-CalculiX_interFoam$ 
