Time  Coordinate0  Coordinate1  Displacement0  Displacement1  Force0  Force1  
0.0100000000000000  0.0000000000000000  1.0000000000000000  0.0002206191077938  -0.0000003204514831  17.5301410747226996  -13.2616734781401302  
0.0200000000000000  0.0000000000000000  1.0000000000000000  0.0009263894233932  0.0000329215387983  11.9402655121395824  28.0011302259550874  
0.0300000000000000  0.0000000000000000  1.0000000000000000  0.0019941867288858  0.0000993147464882  9.2186940862999514  21.0540993509043020  
0.0400000000000000  0.0000000000000000  1.0000000000000000  0.0032447888989517  0.0001693320511010  8.3140657623126728  18.4306494466919446  
0.0500000000000000  0.0000000000000000  1.0000000000000000  0.0046177969280081  0.0002302192591061  7.7666885736789437  17.0528584998903305  
0.0600000000000000  0.0000000000000000  1.0000000000000000  0.0060341845449444  0.0002696870195183  7.4032195884873131  16.1869122182028242  
0.0700000000000000  0.0000000000000000  1.0000000000000000  0.0074797505298847  0.0002708906471430  7.1302712286218517  15.5422887917255004  
0.0800000000000000  0.0000000000000000  1.0000000000000000  0.0091220775237713  0.0002210243685380  6.8955177034806105  15.0634157434262264  
0.0900000000000000  0.0000000000000000  1.0000000000000000  0.0113514401590691  0.0001278638325506  6.6932212798315209  14.6467194763432289  
0.1000000000000000  0.0000000000000000  1.0000000000000000  0.0143977389164500  0.0000311505983427  6.5435552575695697  14.3258176264949029  
0.1100000000000000  0.0000000000000000  1.0000000000000000  0.0179713512810045  -0.0000253719950791  6.4765280340237998  14.0303271786023007  
0.1200000000000000  0.0000000000000000  1.0000000000000000  0.0216073065895135  -0.0000332826388224  6.4597445131314020  13.8029753980850991  
0.1300000000000000  0.0000000000000000  1.0000000000000000  0.0252709925867658  -0.0000073404390233  6.4499122943984615  13.5957843109465752  
0.1400000000000000  0.0000000000000000  1.0000000000000000  0.0291267443186143  0.0000477322617840  6.4455551566023663  13.4436557653988391  
0.1500000000000000  0.0000000000000000  1.0000000000000000  0.0329934835138770  0.0001378563673811  6.4679380297209734  13.3080802945305514  
0.1600000000000000  0.0000000000000000  1.0000000000000000  0.0366660576836725  0.0002209369291534  6.4927974044059331  13.2061830591979028  
0.1700000000000000  0.0000000000000000  1.0000000000000000  0.0402593571776779  0.0002474488570092  6.5001441401522086  13.1241387810331727  
0.1800000000000000  0.0000000000000000  1.0000000000000000  0.0438428898696559  0.0002151412836878  6.4975719691832632  13.0348270183382393  
0.1900000000000000  0.0000000000000000  1.0000000000000000  0.0474281602403653  0.0001570525719456  6.4915098899929609  12.9344647277523368  
0.2000000000000000  0.0000000000000000  1.0000000000000000  0.0511616309964831  0.0000803162235408  6.4856695525161925  12.8209994252306725  
0.2100000000000000  0.0000000000000000  1.0000000000000000  0.0550860860014153  -0.0000007108469694  6.4933741748289693  12.7314495762755424  
0.2200000000000001  0.0000000000000000  1.0000000000000000  0.0591682301870670  -0.0000587987404197  6.5126874301129174  12.6403114609893255  
0.2300000000000001  0.0000000000000000  1.0000000000000000  0.0633619089112214  -0.0000685817495334  6.5554351751678714  12.5750231720604742  
0.2400000000000001  0.0000000000000000  1.0000000000000000  0.0673105017906271  -0.0000162676009519  6.6264427824056975  12.5100783728816474  
0.2500000000000001  0.0000000000000000  1.0000000000000000  0.0706768760431087  0.0000727486873157  6.6915433707800185  12.4628806054712786  
0.2600000000000001  0.0000000000000000  1.0000000000000000  0.0736560411267585  0.0001467446984581  6.7111991427907114  12.4168190300578409  
0.2700000000000001  0.0000000000000000  1.0000000000000000  0.0766052057059690  0.0001950504401332  6.6957306068144522  12.3645062374735559  
0.2800000000000001  0.0000000000000000  1.0000000000000000  0.0797071301134451  0.0002262343116106  6.6768533256844496  12.3125578948280214  
0.2900000000000001  0.0000000000000000  1.0000000000000000  0.0828955536715197  0.0002060478438557  6.6683316781765010  12.2669635647309434  
0.3000000000000001  0.0000000000000000  1.0000000000000000  0.0860975656015911  0.0001268415713619  6.6563619750138407  12.2174662467174091  
0.3100000000000001  0.0000000000000000  1.0000000000000000  0.0895360899055931  0.0000317431587356  6.6342857749661821  12.1392853824889961  
0.3200000000000001  0.0000000000000000  1.0000000000000000  0.0933843221288506  -0.0000394921312386  6.6276821235693193  12.0721646872670849  
0.3300000000000001  0.0000000000000000  1.0000000000000000  0.0974626030709772  -0.0000685986867457  6.6562713922792911  12.0126518725123645  
0.3400000000000001  0.0000000000000000  1.0000000000000000  0.1015648221010979  -0.0000572975634189  6.7070685344654892  11.9807769286405872  
0.3500000000000001  0.0000000000000000  1.0000000000000000  0.1056467807650480  -0.0000132257121846  6.7585106447265524  11.9612617424223995  
0.3600000000000002  0.0000000000000000  1.0000000000000000  0.1096738593751890  0.0000648468693784  6.8103543387232248  11.9532979706925584  
0.3700000000000002  0.0000000000000000  1.0000000000000000  0.1134640546471004  0.0001558097260348  6.8636183248876046  11.9426903594560567  
0.3800000000000002  0.0000000000000000  1.0000000000000000  0.1170321396105656  0.0002138301837351  6.8917201313356378  11.9229555283348549  
0.3900000000000002  0.0000000000000000  1.0000000000000000  0.1207797574699153  0.0002094939801695  6.8893038862482943  11.9078232275044442  
0.4000000000000002  0.0000000000000000  1.0000000000000000  0.1249269238672807  0.0001571841953538  6.8913004264328510  11.8813022262892520  
0.4100000000000002  0.0000000000000000  1.0000000000000000  0.1293734622215943  0.0000936740743170  6.9237127205542146  11.8615623890428363  
0.4200000000000002  0.0000000000000000  1.0000000000000000  0.1339116010246464  0.0000184813194660  6.9889916389154045  11.8376389871817924  
0.4300000000000002  0.0000000000000000  1.0000000000000000  0.1382499070478424  -0.0000623439236394  7.0742196269520390  11.8330926077729242  
0.4400000000000002  0.0000000000000000  1.0000000000000000  0.1423169805888367  -0.0000935916464555  7.1506107569857429  11.8079357010836379  
0.4500000000000002  0.0000000000000000  1.0000000000000000  0.1462754172691053  -0.0000642194591724  7.2217660605677354  11.8007758390965432  
0.4600000000000002  0.0000000000000000  1.0000000000000000  0.1499959370551717  0.0000060214659018  7.3078233921835780  11.8091624637818278  
0.4700000000000003  0.0000000000000000  1.0000000000000000  0.1531623798226485  0.0000884674346106  7.3948911917087736  11.8411538934689311  
0.4800000000000003  0.0000000000000000  1.0000000000000000  0.1557940167931993  0.0001529566996020  7.4394637951792753  11.8612205994111140  
0.4900000000000003  0.0000000000000000  1.0000000000000000  0.1582130409308778  0.0001898610178560  7.4459142551072821  11.8519057941967851  
0.5000000000000002  0.0000000000000000  1.0000000000000000  0.1605293207557937  0.0001985804454270  7.4476986427345624  11.8443644157440993  
0.5100000000000002  0.0000000000000000  1.0000000000000000  0.1627672697920981  0.0001495521654125  7.4447005799261099  11.8246429556235721  
0.5200000000000002  0.0000000000000000  1.0000000000000000  0.1650760894183468  0.0000552839058458  7.4445665355956443  11.8180426561843284  
0.5300000000000002  0.0000000000000000  1.0000000000000000  0.1674877167765543  -0.0000298786646571  7.4584728916504783  11.7935186044212372  
0.5400000000000003  0.0000000000000000  1.0000000000000000  0.1697995772244757  -0.0000721151649130  7.5053026132518434  11.8011421474235707  
0.5500000000000003  0.0000000000000000  1.0000000000000000  0.1716887274889308  -0.0000793443472584  7.5645759727979609  11.8027591108523762  
0.5600000000000003  0.0000000000000000  1.0000000000000000  0.1730336070943820  -0.0000562872065889  7.6051195261973756  11.8191994641207270  
0.5700000000000003  0.0000000000000000  1.0000000000000000  0.1741306177596745  0.0000115254644951  7.6040033489289636  11.8120973882197244  
0.5800000000000003  0.0000000000000000  1.0000000000000000  0.1752765959307434  0.0001010747295830  7.5903309973685289  11.8259385024517876  
0.5900000000000003  0.0000000000000000  1.0000000000000000  0.1764057897785279  0.0001769063275611  7.5873884222054055  11.8423794019734228  
0.6000000000000003  0.0000000000000000  1.0000000000000000  0.1774363791284239  0.0002003802261816  7.5813068488014359  11.8583961597730827  
0.6100000000000003  0.0000000000000000  1.0000000000000000  0.1785309175317437  0.0001717860945831  7.5614157540879274  11.8621922805562363  
0.6200000000000003  0.0000000000000000  1.0000000000000000  0.1798328465095899  0.0001116006641624  7.5413839118459869  11.8430645914961730  
0.6300000000000003  0.0000000000000000  1.0000000000000000  0.1814132378572025  0.0000421818355217  7.5433439114703331  11.8311712069625390  
0.6400000000000003  0.0000000000000000  1.0000000000000000  0.1831998591746989  -0.0000337964561494  7.5806188055305670  11.8275268036513950  
0.6500000000000004  0.0000000000000000  1.0000000000000000  0.1848204551802142  -0.0000937665221617  7.6539852150624306  11.8651857258774562  
0.6600000000000004  0.0000000000000000  1.0000000000000000  0.1861042308707286  -0.0000950229168949  7.7192866852975897  11.8771362760277750  
0.6700000000000004  0.0000000000000000  1.0000000000000000  0.1870989953940986  -0.0000303342097350  7.7771489383666177  11.9091066484560084  
0.6800000000000004  0.0000000000000000  1.0000000000000000  0.1877050672188801  0.0000451037480195  7.8225568139482506  11.9288798075430762  
0.6900000000000004  0.0000000000000000  1.0000000000000000  0.1879148224210035  0.0001135206401124  7.8472225231202906  11.9650157431849298  
0.7000000000000004  0.0000000000000000  1.0000000000000000  0.1880612354830603  0.0001734537863978  7.8322463104856954  11.9647528380670778  
0.7100000000000004  0.0000000000000000  1.0000000000000000  0.1884120978604653  0.0001942253629875  7.8223436019234303  11.9802529553175106  
0.7200000000000004  0.0000000000000000  1.0000000000000000  0.1887631534590239  0.0001710150559061  7.8445433142347989  11.9949530886268896  
0.7300000000000004  0.0000000000000000  1.0000000000000000  0.1887653474632875  0.0000966736265801  7.8820304251449640  12.0142020132784744  
0.7400000000000004  0.0000000000000000  1.0000000000000000  0.1884528001909058  0.0000027323202491  7.9028113266688118  12.0151111473393257  
0.7500000000000004  0.0000000000000000  1.0000000000000000  0.1879720047803325  -0.0000617077291207  7.9182579524451251  12.0053043209601586  
0.7600000000000005  0.0000000000000000  1.0000000000000000  0.1872279481007514  -0.0000809567158932  7.9488911708208532  12.0266936556442090  
0.7700000000000005  0.0000000000000000  1.0000000000000000  0.1860295887343224  -0.0000722449360640  7.9816399594340997  12.0518022484242682  
0.7800000000000005  0.0000000000000000  1.0000000000000000  0.1842340589642411  -0.0000282007978073  8.0010649249754131  12.0934191765995731  
0.7900000000000005  0.0000000000000000  1.0000000000000000  0.1819217236138652  0.0000564084943410  7.9748006999474779  12.1037766737235852  
0.8000000000000005  0.0000000000000000  1.0000000000000000  0.1794363963425645  0.0001480102388263  7.9142080388173506  12.1113651742146633  
0.8100000000000005  0.0000000000000000  1.0000000000000000  0.1769780862131286  0.0001952059112341  7.8452913953946481  12.1012175901391412  
0.8200000000000005  0.0000000000000000  1.0000000000000000  0.1746036746032656  0.0001866975944578  7.7832293668228525  12.1059663832623894  
0.8300000000000005  0.0000000000000000  1.0000000000000000  0.1724284606124451  0.0001460343230254  7.7283108882513947  12.0994322554719673  
0.8400000000000005  0.0000000000000000  1.0000000000000000  0.1703898902398983  0.0000811456176362  7.6969224708260873  12.1012897165138416  
0.8500000000000005  0.0000000000000000  1.0000000000000000  0.1682815768097953  0.0000030437654737  7.6879355331347607  12.1034632262306694  
0.8600000000000005  0.0000000000000000  1.0000000000000000  0.1659345175867192  -0.0000642989019840  7.6899603131971004  12.1093455360875542  
0.8700000000000006  0.0000000000000000  1.0000000000000000  0.1632793623645764  -0.0000935272992096  7.6801673525813516  12.1197917735277070  
0.8800000000000006  0.0000000000000000  1.0000000000000000  0.1605241406997313  -0.0000607522478143  7.6459177988733602  12.1169449975006671  
0.8900000000000006  0.0000000000000000  1.0000000000000000  0.1579184371041694  0.0000194712876242  7.6081533547408950  12.1303270855608432  
0.9000000000000006  0.0000000000000000  1.0000000000000000  0.1552849592517632  0.0000924000471289  7.5884643089320285  12.1547440256967541  
0.9100000000000006  0.0000000000000000  1.0000000000000000  0.1524361488132799  0.0001519293321180  7.5620664800235238  12.1748025250315060  
0.9200000000000006  0.0000000000000000  1.0000000000000000  0.1496788097529566  0.0001996708646456  7.5057009310474898  12.1573772527975468  
0.9300000000000006  0.0000000000000000  1.0000000000000000  0.1473338462445737  0.0002021497815941  7.4525515064487049  12.1478793807609371  
0.9400000000000006  0.0000000000000000  1.0000000000000000  0.1452424191459327  0.0001435842885491  7.4375745560261137  12.1480361627177356  
0.9500000000000006  0.0000000000000000  1.0000000000000000  0.1430989543546252  0.0000557729694768  7.4539980281193268  12.1577465919855445  
0.9600000000000006  0.0000000000000000  1.0000000000000000  0.1407646307610713  -0.0000199846763315  7.4782544222846621  12.1704459516565517  
0.9700000000000006  0.0000000000000000  1.0000000000000000  0.1380755523059253  -0.0000643980804168  7.5031236291232206  12.1845428490509757  
0.9800000000000006  0.0000000000000000  1.0000000000000000  0.1349223879286585  -0.0000683946718423  7.5139060789279837  12.1979845240678841  
0.9900000000000007  0.0000000000000000  1.0000000000000000  0.1314059699125524  -0.0000396409119902  7.4998783921431746  12.1974043674217771  
1.0000000000000007  0.0000000000000000  1.0000000000000000  0.1276365811000986  0.0000249161460435  7.4673950373926017  12.2062250134175443  
1.0100000000000007  0.0000000000000000  1.0000000000000000  0.1238136841418591  0.0001205400563691  7.4111123260604321  12.1986794673651406  
1.0200000000000007  0.0000000000000000  1.0000000000000000  0.1201087136256035  0.0001932332588385  7.3532810769110748  12.2050689658721456  
1.0300000000000007  0.0000000000000000  1.0000000000000000  0.1163801719017750  0.0002098942589523  7.3114640478391255  12.1960006216430372  
1.0400000000000007  0.0000000000000000  1.0000000000000000  0.1124728308871038  0.0001798843348770  7.2754980674644649  12.1879108789301078  
1.0500000000000007  0.0000000000000000  1.0000000000000000  0.1084855020816650  0.0001293612962021  7.2277206215070278  12.1648874464011314  
1.0600000000000007  0.0000000000000000  1.0000000000000000  0.1045729068116603  0.0000605611252242  7.1776107385617491  12.1435246312159144  
1.0700000000000007  0.0000000000000000  1.0000000000000000  0.1006682335894614  -0.0000218808210109  7.1485714941033320  12.1417767351717867  
1.0800000000000007  0.0000000000000000  1.0000000000000000  0.0964367232587629  -0.0000711574846292  7.1343491989026298  12.1413760662090162  
1.0900000000000007  0.0000000000000000  1.0000000000000000  0.0917700563299114  -0.0000597874230745  7.1035349410650390  12.1394929783002397  
1.1000000000000008  0.0000000000000000  1.0000000000000000  0.0869752025528769  -0.0000045492051690  7.0328037213510139  12.1092372780443700  
1.1100000000000008  0.0000000000000000  1.0000000000000000  0.0824020998210496  0.0000754054740252  6.9436995727086943  12.0888730070482993  
1.1200000000000008  0.0000000000000000  1.0000000000000000  0.0781701372338039  0.0001463486424543  6.8595633241586089  12.0583416431884221  
1.1300000000000008  0.0000000000000000  1.0000000000000000  0.0742494241532067  0.0001955782917473  6.7900075615698947  12.0456690724201660  
1.1400000000000008  0.0000000000000000  1.0000000000000000  0.0707258375935869  0.0002259206058234  6.7241260744066054  12.0168862001178418  
1.1500000000000008  0.0000000000000000  1.0000000000000000  0.0675975226554357  0.0001985931704995  6.6783344107306464  12.0111644681126606  
1.1600000000000008  0.0000000000000000  1.0000000000000000  0.0645240352599190  0.0001157137541978  6.6635518808442216  11.9930947992014314  
1.1700000000000008  0.0000000000000000  1.0000000000000000  0.0613442834628340  0.0000300603724221  6.6553577585212542  11.9720365870271230  
1.1800000000000008  0.0000000000000000  1.0000000000000000  0.0582290569979309  -0.0000229435190728  6.6346277314298403  11.9570835578902237  
1.1900000000000008  0.0000000000000000  1.0000000000000000  0.0552061888721732  -0.0000484666926959  6.6128434392200530  11.9515613745279943  
1.2000000000000008  0.0000000000000000  1.0000000000000000  0.0521765208863685  -0.0000384058308428  6.5962771034811709  11.9511744861612890  
1.2100000000000009  0.0000000000000000  1.0000000000000000  0.0491155750268658  0.0000117821756773  6.5774062482922631  11.9319917099657253  
1.2200000000000009  0.0000000000000000  1.0000000000000000  0.0460006328816455  0.0000991238800123  6.5525499624193078  11.9219864822654174  
1.2300000000000009  0.0000000000000000  1.0000000000000000  0.0430248973736495  0.0001827498536688  6.5053277299516106  11.8868927041101546  
1.2400000000000009  0.0000000000000000  1.0000000000000000  0.0405461932515829  0.0002275553269262  6.4492940359608575  11.8736341181206573  
1.2500000000000009  0.0000000000000000  1.0000000000000000  0.0384023890505912  0.0002170508950836  6.4282610845257011  11.8507904887130060  
1.2600000000000009  0.0000000000000000  1.0000000000000000  0.0361463070776482  0.0001711581953014  6.4403647452064687  11.8529195933517588  
1.2700000000000009  0.0000000000000000  1.0000000000000000  0.0336450167185946  0.0001116622352847  6.4504889889123964  11.8350256904480098  
1.2800000000000009  0.0000000000000000  1.0000000000000000  0.0309396536719870  0.0000327212044442  6.4477292314008503  11.8262973893961227  
1.2900000000000009  0.0000000000000000  1.0000000000000000  0.0280072733090043  -0.0000392138640260  6.4395028072503218  11.8009807005825440  
1.3000000000000009  0.0000000000000000  1.0000000000000000  0.0248567438872566  -0.0000605999007683  6.4225782412702008  11.7749909681705827  
1.3100000000000009  0.0000000000000000  1.0000000000000000  0.0216415650726157  -0.0000142512716433  6.3844661520363752  11.7462181767161979  
1.3200000000000010  0.0000000000000000  1.0000000000000000  0.0186276921228887  0.0000539484437632  6.3270502455991462  11.7175302701739792  
1.3300000000000010  0.0000000000000000  1.0000000000000000  0.0158777299737337  0.0001262111528591  6.2713178926684421  11.6955852813882206  
1.3400000000000010  0.0000000000000000  1.0000000000000000  0.0132647393208327  0.0001939743736065  6.2310931013225899  11.6490070797556342  
1.3500000000000010  0.0000000000000000  1.0000000000000000  0.0108109758014419  0.0002348950028863  6.1897128116469888  11.6165292736025059  
1.3600000000000010  0.0000000000000000  1.0000000000000000  0.0087265406532557  0.0002304353099518  6.1400003573043715  11.5754274497700074  
1.3700000000000010  0.0000000000000000  1.0000000000000000  0.0070698409116905  0.0001743891608939  6.0973992598608584  11.5691317847782109  
1.3800000000000010  0.0000000000000000  1.0000000000000000  0.0055151048944503  0.0000813916445646  6.0898227369140709  11.5419886435543777  
1.3900000000000010  0.0000000000000000  1.0000000000000000  0.0038001573402680  0.0000069138522754  6.0943954646179455  11.5266129532941015  
1.4000000000000010  0.0000000000000000  1.0000000000000000  0.0020152947203669  -0.0000262341497542  6.0808837782435052  11.4959740545167346  
1.4100000000000010  0.0000000000000000  1.0000000000000000  0.0003811948330145  -0.0000361807071017  6.0436019947614161  11.4723440164738211  
1.4200000000000010  0.0000000000000000  1.0000000000000000  -0.0008361835224328  -0.0000091258373764  5.9921535735967044  11.4329224674570096  
1.4300000000000010  0.0000000000000000  1.0000000000000000  -0.0015119242600549  0.0000671799581738  5.9469422460582786  11.4051381357119244  
1.4400000000000011  0.0000000000000000  1.0000000000000000  -0.0017926369794481  0.0001604166647258  5.9210482616561819  11.3867638300231366  
1.4500000000000011  0.0000000000000000  1.0000000000000000  -0.0017204775312668  0.0002229152490757  5.8999579848878234  11.3713665863855518  
1.4600000000000011  0.0000000000000000  1.0000000000000000  -0.0012645301387878  0.0002353082686210  5.8865683281549952  11.3613768868269158  
1.4700000000000011  0.0000000000000000  1.0000000000000000  -0.0006243633933460  0.0002060694703589  5.8995438222950742  11.3417044458910468  
1.4800000000000011  0.0000000000000000  1.0000000000000000  -0.0000670569815931  0.0001517352744087  5.9290001664562810  11.3384843882285153  
1.4900000000000011  0.0000000000000000  1.0000000000000000  0.0004828953702944  0.0000743130540336  5.9432787977075465  11.3329030252540921  
1.5000000000000011  0.0000000000000000  1.0000000000000000  0.0011452576801192  -0.0000039118697215  5.9495143167642652  11.3398295567298000  
1.5100000000000011  0.0000000000000000  1.0000000000000000  0.0016849686032741  -0.0000532539831568  5.9729149077843742  11.3287167886087392  
1.5200000000000011  0.0000000000000000  1.0000000000000000  0.0019412821160511  -0.0000425045831970  5.9927992668885501  11.3075051270415212  
1.5300000000000011  0.0000000000000000  1.0000000000000000  0.0022241200939820  0.0000248492886155  5.9813681923393540  11.2767856701495699  
1.5400000000000011  0.0000000000000000  1.0000000000000000  0.0028611119455895  0.0000951340875740  5.9485840827567333  11.2565630081380892  
1.5500000000000012  0.0000000000000000  1.0000000000000000  0.0039042684415176  0.0001589432911850  5.9245207506908768  11.2411516994869096  
1.5600000000000012  0.0000000000000000  1.0000000000000000  0.0051680548022307  0.0002205966817357  5.9298805968169583  11.2228736526687367  
1.5700000000000012  0.0000000000000000  1.0000000000000000  0.0063394109440939  0.0002402081059115  5.9564447705238921  11.2225234457860754  
1.5800000000000012  0.0000000000000000  1.0000000000000000  0.0073397265129759  0.0001996471558421  5.9757306701331485  11.2150824466655781  
1.5900000000000012  0.0000000000000000  1.0000000000000000  0.0082897799976499  0.0001196850350493  5.9803863337127323  11.2100703412489526  
1.6000000000000012  0.0000000000000000  1.0000000000000000  0.0091643687930759  0.0000359202936661  5.9865963077593882  11.1862169555044808  
1.6100000000000012  0.0000000000000000  1.0000000000000000  0.0099796910555142  -0.0000213394639060  5.9848792562373818  11.1697610036217938  
1.6200000000000012  0.0000000000000000  1.0000000000000000  0.0109306535044075  -0.0000419811348960  5.9649930339729096  11.1569653692286810  
1.6300000000000012  0.0000000000000000  1.0000000000000000  0.0120894978550192  -0.0000308292498132  5.9390012991115864  11.1368131224809925  
1.6400000000000012  0.0000000000000000  1.0000000000000000  0.0135709069170876  0.0000199256675039  5.9116694353653463  11.1072244307507706  
1.6500000000000012  0.0000000000000000  1.0000000000000000  0.0154110944458516  0.0001109729065247  5.8938971444874300  11.0762395407282082  
1.6600000000000013  0.0000000000000000  1.0000000000000000  0.0175697317994967  0.0001960712840509  5.8826092031050194  11.0642638755363354  
1.6700000000000013  0.0000000000000000  1.0000000000000000  0.0201957302539478  0.0002263226509517  5.8689013649708457  11.0570294041243837  
1.6800000000000013  0.0000000000000000  1.0000000000000000  0.0232857723848002  0.0002131751018251  5.8733433944878310  11.0744873021840924  
1.6900000000000013  0.0000000000000000  1.0000000000000000  0.0263938423640757  0.0001720397890024  5.9186443021445765  11.0771052885023522  
1.7000000000000013  0.0000000000000000  1.0000000000000000  0.0291964628694063  0.0001040419619717  5.9731161560441102  11.0955749037225289  
1.7100000000000013  0.0000000000000000  1.0000000000000000  0.0319075563339225  0.0000190386514191  5.9931490593876662  11.0871692829324608  
1.7200000000000013  0.0000000000000000  1.0000000000000000  0.0348930000253530  -0.0000494658761235  5.9896670654980531  11.0926786709719334  
1.7300000000000013  0.0000000000000000  1.0000000000000000  0.0381459180803182  -0.0000605165512256  5.9987801722735501  11.0772281065065812  
1.7400000000000013  0.0000000000000000  1.0000000000000000  0.0415675252097012  -0.0000219669866457  6.0197859184371501  11.0790010431823500  
1.7500000000000013  0.0000000000000000  1.0000000000000000  0.0452120542960273  0.0000501976735230  6.0415136752920864  11.0795055779926930  
1.7600000000000013  0.0000000000000000  1.0000000000000000  0.0490451431241784  0.0001212325435702  6.0713261467507378  11.0860661240478802  
1.7700000000000014  0.0000000000000000  1.0000000000000000  0.0529529281560372  0.0001789366040104  6.1151479214879387  11.0924740014769085  
1.7800000000000014  0.0000000000000000  1.0000000000000000  0.0568484680868452  0.0002215945579077  6.1702634007271282  11.0959345335918194  
1.7900000000000014  0.0000000000000000  1.0000000000000000  0.0606012755590874  0.0002136120765342  6.2329612120786582  11.1270017955207461  
1.8000000000000014  0.0000000000000000  1.0000000000000000  0.0641304789025118  0.0001392604868309  6.2881445250265608  11.1526368732557533  
1.8100000000000014  0.0000000000000000  1.0000000000000000  0.0674408504896414  0.0000526087487520  6.3346108589806356  11.1788107854611614  
1.8200000000000014  0.0000000000000000  1.0000000000000000  0.0704324217170267  -0.0000117478623207  6.3786841065728206  11.1719328374725482  
1.8300000000000014  0.0000000000000000  1.0000000000000000  0.0730821773830116  -0.0000539101088239  6.4062911230256097  11.1782473295615485  
1.8400000000000014  0.0000000000000000  1.0000000000000000  0.0757225688968162  -0.0000595588155217  6.3983395982280982  11.1559385245119760  
1.8500000000000014  0.0000000000000000  1.0000000000000000  0.0787116207024882  -0.0000240557995449  6.3797850790849209  11.1486820327307363  
1.8600000000000014  0.0000000000000000  1.0000000000000000  0.0820367362781093  0.0000522259112041  6.3850917986577862  11.1387178544272043  
1.8700000000000014  0.0000000000000000  1.0000000000000000  0.0854169768123196  0.0001429642446382  6.4223066216806250  11.1540482781481476  
1.8800000000000014  0.0000000000000000  1.0000000000000000  0.0886155573928507  0.0002021312790266  6.4663349231761593  11.1697278461265057  
1.8900000000000015  0.0000000000000000  1.0000000000000000  0.0917114705048355  0.0002061605839118  6.4944560943867433  11.1814501255499845  
1.9000000000000015  0.0000000000000000  1.0000000000000000  0.0948633209523933  0.0001745552407712  6.5157890956540445  11.1951879324545320  
1.9100000000000015  0.0000000000000000  1.0000000000000000  0.0979654334155277  0.0001195172277133  6.5474062992869486  11.2076594548215400  
1.9200000000000015  0.0000000000000000  1.0000000000000000  0.1008933848305126  0.0000428226837434  6.5764349406543046  11.2320978125324533  
1.9300000000000015  0.0000000000000000  1.0000000000000000  0.1038613553500218  -0.0000430747185065  6.5807194324936349  11.2346647887559126  
1.9400000000000015  0.0000000000000000  1.0000000000000000  0.1070446344232282  -0.0000816085690872  6.5832566370324521  11.2411012258657870  
1.9500000000000015  0.0000000000000000  1.0000000000000000  0.1103586430024107  -0.0000574285139085  6.5985472121014039  11.2241012548277563  
1.9600000000000015  0.0000000000000000  1.0000000000000000  0.1138573781633978  0.0000004928992722  6.6176140698555139  11.2261767839722229  
1.9700000000000015  0.0000000000000000  1.0000000000000000  0.1177415997857894  0.0000705305432146  6.6397277846121643  11.2301771836485358  
1.9800000000000015  0.0000000000000000  1.0000000000000000  0.1218919340897944  0.0001416518620355  6.6919045784518012  11.2611137476151644  
1.9900000000000015  0.0000000000000000  1.0000000000000000  0.1260305539977374  0.0001936807180829  6.7707643962923232  11.2921024498810887  
2.0000000000000013  0.0000000000000000  1.0000000000000000  0.1299104665758740  0.0002068568283463  6.8657297254312066  11.3351643140745857  
2.0100000000000011  0.0000000000000000  1.0000000000000000  0.1332953501503179  0.0001656614081237  6.9507033400744822  11.3753555059242490  
2.0200000000000009  0.0000000000000000  1.0000000000000000  0.1363581870061571  0.0000767276605840  6.9957453866637893  11.3967066490243436  
2.0300000000000007  0.0000000000000000  1.0000000000000000  0.1394475014741193  -0.0000041630303622  7.0217058680550259  11.4079121525607157  
2.0400000000000005  0.0000000000000000  1.0000000000000000  0.1425095894225478  -0.0000512708402982  7.0613518663695265  11.4152704108550171  
2.0500000000000003  0.0000000000000000  1.0000000000000000  0.1453748958804075  -0.0000752811761576  7.1101044119712427  11.4420020664039885  
2.0600000000000001  0.0000000000000000  1.0000000000000000  0.1480772403029197  -0.0000667462319377  7.1444132580634720  11.4459600423113557  
2.0699999999999998  0.0000000000000000  1.0000000000000000  0.1507747163473628  -0.0000011339727691  7.1735804052199388  11.4473792083619781  
2.0799999999999996  0.0000000000000000  1.0000000000000000  0.1534589165815488  0.0000893860803992  7.2190844956993470  11.4527711365169189  
2.0899999999999994  0.0000000000000000  1.0000000000000000  0.1559018923313523  0.0001625998538806  7.2815655430095916  11.4898537353586789  
2.0999999999999992  0.0000000000000000  1.0000000000000000  0.1580183791530269  0.0001934934720629  7.3358574407140287  11.5235591857043076  
2.1099999999999990  0.0000000000000000  1.0000000000000000  0.1598359862863647  0.0001785515595568  7.3789714255382659  11.5611614785710248  
2.1199999999999988  0.0000000000000000  1.0000000000000000  0.1612630567661849  0.0001342737405459  7.4133072990271760  11.5917035831041648  
2.1299999999999986  0.0000000000000000  1.0000000000000000  0.1622443750087375  0.0000663754242444  7.4298829789838559  11.6081288544744439  
2.1399999999999983  0.0000000000000000  1.0000000000000000  0.1629308894156712  -0.0000178038975758  7.4155243743408166  11.6113158062717616  
2.1499999999999981  0.0000000000000000  1.0000000000000000  0.1637366006914509  -0.0000808305894650  7.3730306206456175  11.5954967153032005  
2.1599999999999979  0.0000000000000000  1.0000000000000000  0.1649105254692464  -0.0000874872491841  7.3445698195897089  11.5925262789330557  
2.1699999999999977  0.0000000000000000  1.0000000000000000  0.1662364345425297  -0.0000368286023005  7.3541600083427952  11.5940469338294676  
2.1799999999999975  0.0000000000000000  1.0000000000000000  0.1674857342292881  0.0000304487789964  7.3833058779284100  11.6169630078555173  
2.1899999999999973  0.0000000000000000  1.0000000000000000  0.1686677870909165  0.0000941642944787  7.4077708791604433  11.6340904179739546  
2.1999999999999971  0.0000000000000000  1.0000000000000000  0.1697937649133126  0.0001646095746974  7.4325356744913451  11.6532619588402220  
2.2099999999999969  0.0000000000000000  1.0000000000000000  0.1708767242752016  0.0002011813963939  7.4588312529308443  11.6791407541686159  
2.2199999999999966  0.0000000000000000  1.0000000000000000  0.1718805407199177  0.0001774935970057  7.4930255949766300  11.7173464923755919  
2.2299999999999964  0.0000000000000000  1.0000000000000000  0.1725929700598668  0.0001119210269986  7.5286408412710752  11.7611783535975309  
2.2399999999999962  0.0000000000000000  1.0000000000000000  0.1730725048760050  0.0000259539071755  7.5344945746171890  11.7754598792711054  
2.2499999999999960  0.0000000000000000  1.0000000000000000  0.1736183868808579  -0.0000394312568962  7.5258956325341533  11.7754350125834417  
2.2599999999999958  0.0000000000000000  1.0000000000000000  0.1742494093158246  -0.0000717148343686  7.5301431439259385  11.7666968941683638  
2.2699999999999956  0.0000000000000000  1.0000000000000000  0.1748640804307811  -0.0000770149994784  7.5484496611628931  11.7817679363975731  
2.2799999999999954  0.0000000000000000  1.0000000000000000  0.1756096173535194  -0.0000409639614966  7.5656246782002521  11.7802237510001166  
2.2899999999999952  0.0000000000000000  1.0000000000000000  0.1764558234067130  0.0000433531636287  7.6116368563682295  11.8058752700572427  
2.2999999999999949  0.0000000000000000  1.0000000000000000  0.1769974593574389  0.0001339713065688  7.6874140976646865  11.8435020079068991  
2.3099999999999947  0.0000000000000000  1.0000000000000000  0.1769139740954924  0.0001792246872568  7.7568671798108726  11.8968226943474544  
2.3199999999999945  0.0000000000000000  1.0000000000000000  0.1763095807515921  0.0001834055288098  7.7851791497380578  11.9222017462456051  
2.3299999999999943  0.0000000000000000  1.0000000000000000  0.1754219432032471  0.0001564020385238  7.7835347195747389  11.9419383852076475  
2.3399999999999941  0.0000000000000000  1.0000000000000000  0.1743614598782219  0.0000989222427769  7.7724719522739774  11.9611976748184539  
2.3499999999999939  0.0000000000000000  1.0000000000000000  0.1730627745771764  0.0000163562662054  7.7639556156793805  11.9770033438421706  
2.3599999999999937  0.0000000000000000  1.0000000000000000  0.1714529236408924  -0.0000581577531970  7.7473954611896758  11.9866619762435498  
2.3699999999999934  0.0000000000000000  1.0000000000000000  0.1697232085543415  -0.0000896136752885  7.7082688340365522  11.9673726414623989  
2.3799999999999932  0.0000000000000000  1.0000000000000000  0.1680681958265363  -0.0000634555539118  7.6726686644714572  11.9601253497670044  
2.3899999999999930  0.0000000000000000  1.0000000000000000  0.1664218259514573  -0.0000008096897121  7.6555241841401180  11.9477744601706828  
2.3999999999999928  0.0000000000000000  1.0000000000000000  0.1646676008886375  0.0000693759081631  7.6576776105933808  11.9774091102223448  
2.4099999999999926  0.0000000000000000  1.0000000000000000  0.1626999088894109  0.0001340656681137  7.6579727327517269  12.0002335252601533  
2.4199999999999924  0.0000000000000000  1.0000000000000000  0.1604216584596861  0.0001910808158786  7.6525297179492462  12.0345250874883067  
2.4299999999999922  0.0000000000000000  1.0000000000000000  0.1578747538344765  0.0002030948630622  7.6274020309591650  12.0460870832474392  
2.4399999999999920  0.0000000000000000  1.0000000000000000  0.1551038680562449  0.0001467389579713  7.5882722721375053  12.0667369374733209  
2.4499999999999917  0.0000000000000000  1.0000000000000000  0.1522523228037256  0.0000669231042865  7.5268331728178151  12.0590913538692277  
2.4599999999999915  0.0000000000000000  1.0000000000000000  0.1496497428189772  -0.0000018180427489  7.4520213526827757  12.0415847510780356  
2.4699999999999913  0.0000000000000000  1.0000000000000000  0.1474813614871482  -0.0000520996677563  7.3950222487635866  12.0307680563292401  
2.4799999999999911  0.0000000000000000  1.0000000000000000  0.1454798545972396  -0.0000741442947613  7.3791269536396280  12.0271176347097501  
2.4899999999999909  0.0000000000000000  1.0000000000000000  0.1433567677649390  -0.0000503289364401  7.3805528720601057  12.0322306628986340  
2.4999999999999907  0.0000000000000000  1.0000000000000000  0.1412470738925048  0.0000105385746621  7.3668503869197650  12.0199557187331809  
2.5099999999999905  0.0000000000000000  1.0000000000000000  0.1393135796785264  0.0001042046816169  7.3616439293228062  12.0324576747325303  
2.5199999999999902  0.0000000000000000  1.0000000000000000  0.1373044249831001  0.0001756646535224  7.3803744760782770  12.0571475876483909  
2.5299999999999900  0.0000000000000000  1.0000000000000000  0.1349593257957030  0.0001952795632480  7.4011792603261011  12.1040791310182989  
2.5399999999999898  0.0000000000000000  1.0000000000000000  0.1323313600155372  0.0001808542460281  7.3960907515929755  12.1187350498599127  
2.5499999999999896  0.0000000000000000  1.0000000000000000  0.1295092320481693  0.0001401438056400  7.3723638841691335  12.1323385419991361  
2.5599999999999894  0.0000000000000000  1.0000000000000000  0.1266021056894504  0.0000690412542016  7.3317582203453409  12.1197535192448775  
2.5699999999999892  0.0000000000000000  1.0000000000000000  0.1237887451756666  -0.0000177555739752  7.2890370766559762  12.1039881199449315  
2.5799999999999890  0.0000000000000000  1.0000000000000000  0.1210549448873507  -0.0000706517285175  7.2608102211996730  12.0866913161388503  
2.5899999999999888  0.0000000000000000  1.0000000000000000  0.1183603835325855  -0.0000649848112817  7.2406429750187575  12.0754719174308409  
2.5999999999999885  0.0000000000000000  1.0000000000000000  0.1156724673966164  -0.0000176101133050  7.2360414611925750  12.0759063997058789  
2.6099999999999883  0.0000000000000000  1.0000000000000000  0.1126766913372247  0.0000455610227080  7.2499325022602212  12.0803510935615304  
2.6199999999999881  0.0000000000000000  1.0000000000000000  0.1092004123087622  0.0001208126763887  7.2535698595336422  12.0944326459547593  
2.6299999999999879  0.0000000000000000  1.0000000000000000  0.1054247643606313  0.0001808642113196  7.2242015984511152  12.0963502024584404  
2.6399999999999877  0.0000000000000000  1.0000000000000000  0.1015438273839666  0.0002154465850369  7.1739351790251709  12.1031660130372032  
2.6499999999999875  0.0000000000000000  1.0000000000000000  0.0976382853033271  0.0001941610507977  7.1188084717149867  12.0998884928264623  
2.6599999999999873  0.0000000000000000  1.0000000000000000  0.0936145406448830  0.0001184699689137  7.0671436360115578  12.1042835145053989  
2.6699999999999871  0.0000000000000000  1.0000000000000000  0.0894470823593521  0.0000403727203986  7.0024289506414936  12.0715702487415939  
2.6799999999999868  0.0000000000000000  1.0000000000000000  0.0854912429819737  -0.0000126792342358  6.9181005074856721  12.0265466042280664  
2.6899999999999866  0.0000000000000000  1.0000000000000000  0.0819930278366832  -0.0000481881023429  6.8414415585740365  11.9860625958374492  
2.6999999999999864  0.0000000000000000  1.0000000000000000  0.0787731790584789  -0.0000544456754416  6.8007530001845664  11.9626703924471460  
2.7099999999999862  0.0000000000000000  1.0000000000000000  0.0755701394718306  -0.0000038039385790  6.7840617455225551  11.9491757845232414  
2.7199999999999860  0.0000000000000000  1.0000000000000000  0.0723803202351969  0.0000805743959835  6.7633060532038911  11.9421338501959955  
2.7299999999999858  0.0000000000000000  1.0000000000000000  0.0692025014459180  0.0001605375014021  6.7419096366724087  11.9523568810886012  
2.7399999999999856  0.0000000000000000  1.0000000000000000  0.0658787573401419  0.0002065717404536  6.7205243714037071  11.9468484552139298  
2.7499999999999853  0.0000000000000000  1.0000000000000000  0.0625250641340471  0.0002087658638767  6.6797642511888968  11.9429061781923167  
2.7599999999999851  0.0000000000000000  1.0000000000000000  0.0594423378375875  0.0001780732372349  6.6193565336292899  11.9265050539367685  
2.7699999999999849  0.0000000000000000  1.0000000000000000  0.0567135781379222  0.0001236584632349  6.5627622273804178  11.9141782390863877  
2.7799999999999847  0.0000000000000000  1.0000000000000000  0.0543052043766426  0.0000418333961124  6.5197657448965289  11.8914953194977322  
2.7899999999999845  0.0000000000000000  1.0000000000000000  0.0520904679758157  -0.0000331963569067  6.4996357332106278  11.8635968452196732  
2.7999999999999843  0.0000000000000000  1.0000000000000000  0.0499190409170327  -0.0000540349562169  6.4928145262839427  11.8310034161648048  
2.8099999999999841  0.0000000000000000  1.0000000000000000  0.0478542275950084  -0.0000221008191441  6.4834605135666168  11.8053379696124541  
2.8199999999999839  0.0000000000000000  1.0000000000000000  0.0459828689939500  0.0000354721206719  6.4766160469907339  11.8011867454288470  
2.8299999999999836  0.0000000000000000  1.0000000000000000  0.0440717917426303  0.0000975914826315  6.4944232754714113  11.8033631687084988  
2.8399999999999834  0.0000000000000000  1.0000000000000000  0.0417690867965249  0.0001701500072460  6.5201605113281618  11.8213268153195283  
2.8499999999999832  0.0000000000000000  1.0000000000000000  0.0391240198116652  0.0002223009633450  6.5146652196680659  11.8171265605170746  
2.8599999999999830  0.0000000000000000  1.0000000000000000  0.0364428630111167  0.0002188491413424  6.4761296493388754  11.8111307613556455  
2.8699999999999828  0.0000000000000000  1.0000000000000000  0.0338885503442417  0.0001687949071617  6.4291643976056543  11.7811501594684902  
2.8799999999999826  0.0000000000000000  1.0000000000000000  0.0314596922869948  0.0000905888281958  6.3866270241848699  11.7572422593437640  
2.8899999999999824  0.0000000000000000  1.0000000000000000  0.0292194116510805  0.0000206309035297  6.3461366585880130  11.7171831919444802  
2.8999999999999821  0.0000000000000000  1.0000000000000000  0.0271958558775104  -0.0000197271297077  6.3125791085188636  11.6843050755453923  
2.9099999999999819  0.0000000000000000  1.0000000000000000  0.0252761562633892  -0.0000387871647675  6.2959254043634472  11.6550630150118373  
2.9199999999999817  0.0000000000000000  1.0000000000000000  0.0232463681618594  -0.0000226987358859  6.2960422365422346  11.6240408650584115  
2.9299999999999815  0.0000000000000000  1.0000000000000000  0.0210267844950265  0.0000538297383193  6.2931874203432070  11.5973135008348667  
2.9399999999999813  0.0000000000000000  1.0000000000000000  0.0188768446555985  0.0001415144568708  6.2637484039871465  11.5800334525576449  
2.9499999999999811  0.0000000000000000  1.0000000000000000  0.0169372152758732  0.0001998843837468  6.2251408457116231  11.5877743967210396  
2.9599999999999809  0.0000000000000000  1.0000000000000000  0.0150204918500088  0.0002185613535944  6.1984873451287221  11.5680804855262043  
2.9699999999999807  0.0000000000000000  1.0000000000000000  0.0131363926627523  0.0002075874836497  6.1632271014951945  11.5520374228629219  
2.9799999999999804  0.0000000000000000  1.0000000000000000  0.0115421834955950  0.0001623583385568  6.1089241722625971  11.5135583364583720  
2.9899999999999802  0.0000000000000000  1.0000000000000000  0.0104071105124149  0.0000880734993513  6.0493133300816391  11.4833465595445823  
2.9999999999999800  0.0000000000000000  1.0000000000000000  0.0098649549345232  0.0000083674617134  5.9989439458705434  11.4352813124906518  
3.0099999999999798  0.0000000000000000  1.0000000000000000  0.0098047737963664  -0.0000409120468131  5.9800916743230346  11.4132904098524541  
3.0199999999999796  0.0000000000000000  1.0000000000000000  0.0098243370535440  -0.0000315191516822  5.9978745493942629  11.3882764328393353  
3.0299999999999794  0.0000000000000000  1.0000000000000000  0.0098359804007196  0.0000153208056805  6.0130140299115560  11.3805069198850521  
3.0399999999999792  0.0000000000000000  1.0000000000000000  0.0099599373702657  0.0000787297695550  6.0191835029654062  11.3759801279317454  
3.0499999999999790  0.0000000000000000  1.0000000000000000  0.0100847158009594  0.0001404020417444  6.0312682634212305  11.3713453043338681  
3.0599999999999787  0.0000000000000000  1.0000000000000000  0.0101824510393790  0.0002087660830012  6.0362310518562250  11.3728579380631842  
3.0699999999999785  0.0000000000000000  1.0000000000000000  0.0104697953637483  0.0002354208921003  6.0177988032127709  11.3709038087448775  
3.0799999999999783  0.0000000000000000  1.0000000000000000  0.0111049705080593  0.0001988044014470  5.9922333135519326  11.3781924115061681  
3.0899999999999781  0.0000000000000000  1.0000000000000000  0.0119279098105446  0.0001279050846055  5.9885237135519231  11.3540888773401285  
3.0999999999999779  0.0000000000000000  1.0000000000000000  0.0127564197842112  0.0000574818241262  5.9985136314088132  11.3336251370963428  
3.1099999999999777  0.0000000000000000  1.0000000000000000  0.0136998612725239  -0.0000005495997774  6.0016455841222509  11.2970943422845362  
3.1199999999999775  0.0000000000000000  1.0000000000000000  0.0148692780441687  -0.0000365693906418  6.0053289584563379  11.2865568927282052  
3.1299999999999772  0.0000000000000000  1.0000000000000000  0.0161287631614257  -0.0000327423467779  6.0274040978845100  11.2737357720784868  
3.1399999999999770  0.0000000000000000  1.0000000000000000  0.0171704088067445  0.0000117026951287  6.0704773918619201  11.2778695773071931  
3.1499999999999768  0.0000000000000000  1.0000000000000000  0.0178246216854179  0.0000970364378489  6.1088740454417030  11.2719924887528062  
3.1599999999999766  0.0000000000000000  1.0000000000000000  0.0182579604162953  0.0001761229008142  6.1133042845415275  11.2742474324789850  
3.1699999999999764  0.0000000000000000  1.0000000000000000  0.0187722343303957  0.0002087648543581  6.0875419359837304  11.2696597440183570  
3.1799999999999762  0.0000000000000000  1.0000000000000000  0.0194896607174504  0.0002075334348049  6.0584117646269933  11.2474806774703691  
3.1899999999999760  0.0000000000000000  1.0000000000000000  0.0204452526137475  0.0001858462645004  6.0324158644112140  11.2328616015088372  
3.1999999999999758  0.0000000000000000  1.0000000000000000  0.0216896626907980  0.0001206124388900  6.0078811424371974  11.2157808336662050  
3.2099999999999755  0.0000000000000000  1.0000000000000000  0.0231698618463053  0.0000371394891874  5.9944362589696016  11.1982809158955074  
3.2199999999999753  0.0000000000000000  1.0000000000000000  0.0248403146706930  -0.0000297840760599  5.9936683922870282  11.1620534033178913  
3.2299999999999751  0.0000000000000000  1.0000000000000000  0.0266167859235558  -0.0000452289159159  6.0077431439528706  11.1450928631893724  
3.2399999999999749  0.0000000000000000  1.0000000000000000  0.0283912425574763  -0.0000146446759694  6.0270877404140641  11.1306423805290891  
3.2499999999999747  0.0000000000000000  1.0000000000000000  0.0302810429522409  0.0000374224821732  6.0323712444326523  11.1379582105443919  
3.2599999999999745  0.0000000000000000  1.0000000000000000  0.0324141165336683  0.0001053873768600  6.0329416440946328  11.1460519743045143  
3.2699999999999743  0.0000000000000000  1.0000000000000000  0.0345669374741409  0.0001703674614289  6.0502804521391154  11.1550998141174773  
3.2799999999999740  0.0000000000000000  1.0000000000000000  0.0366545762173897  0.0002182526326296  6.0599795633791604  11.1548001181617682  
3.2899999999999738  0.0000000000000000  1.0000000000000000  0.0390497808633236  0.0002155111037898  6.0373982699456175  11.1459495760549103  
3.2999999999999736  0.0000000000000000  1.0000000000000000  0.0420655662826701  0.0001538079467358  6.0114639154600393  11.1476413871512712  
3.3099999999999734  0.0000000000000000  1.0000000000000000  0.0454773564422917  0.0000766089873608  6.0255924526350402  11.1372274231131545  
3.3199999999999732  0.0000000000000000  1.0000000000000000  0.0489959866209252  0.0000196739120741  6.0689166431237576  11.1371013706331681  
3.3299999999999730  0.0000000000000000  1.0000000000000000  0.0525153973471014  -0.0000309970977610  6.1237254429420132  11.1415483818539656  
3.3399999999999728  0.0000000000000000  1.0000000000000000  0.0558971726341067  -0.0000543626077012  6.1817723216357603  11.1543026459731323  
3.3499999999999726  0.0000000000000000  1.0000000000000000  0.0591280557431539  -0.0000246531771656  6.2353847824340729  11.1547978319392058  
3.3599999999999723  0.0000000000000000  1.0000000000000000  0.0622374611762713  0.0000454893300517  6.2847058363190476  11.1712298117565538  
3.3699999999999721  0.0000000000000000  1.0000000000000000  0.0651664488039587  0.0001264461410440  6.3257803916649342  11.1899239496636511  
3.3799999999999719  0.0000000000000000  1.0000000000000000  0.0680595486590835  0.0001824890534249  6.3463780147854036  11.2142891777872169  
3.3899999999999717  0.0000000000000000  1.0000000000000000  0.0710119194579844  0.0001986050422160  6.3599802894078001  11.2289346793221601  
3.3999999999999715  0.0000000000000000  1.0000000000000000  0.0739251729190761  0.0001817292462954  6.3813526166657848  11.2224304853094896  
3.4099999999999713  0.0000000000000000  1.0000000000000000  0.0768158819683033  0.0001409749796971  6.4021853978128327  11.2202433317143555  
3.4199999999999711  0.0000000000000000  1.0000000000000000  0.0797691846627229  0.0000632747742483  6.4172627702809848  11.2145907708208608  
3.4299999999999708  0.0000000000000000  1.0000000000000000  0.0828475320062047  -0.0000200607333753  6.4390430311700388  11.2173936694950331  
3.4399999999999706  0.0000000000000000  1.0000000000000000  0.0859126486292742  -0.0000591120639289  6.4836622270242996  11.2155900600854235  
3.4499999999999704  0.0000000000000000  1.0000000000000000  0.0886302947341497  -0.0000450209905295  6.5455085204256589  11.2366537020525659  
3.4599999999999702  0.0000000000000000  1.0000000000000000  0.0908885341920438  -0.0000032408622587  6.5868142654268986  11.2447280812831831  
3.4699999999999700  0.0000000000000000  1.0000000000000000  0.0930266317248983  0.0000539288775466  6.5886214042536562  11.2507708679928822  
3.4799999999999698  0.0000000000000000  1.0000000000000000  0.0953593038369627  0.0001261690865012  6.5739754807699855  11.2506297981504986  
3.4899999999999696  0.0000000000000000  1.0000000000000000  0.0978760675203990  0.0001869198679926  6.5707745228260253  11.2623492955570423  
3.4999999999999694  0.0000000000000000  1.0000000000000000  0.1004844853701273  0.0002059762900762  6.5737020160625583  11.2741492948557323  
3.5099999999999691  0.0000000000000000  1.0000000000000000  0.1033336606523760  0.0001692077486786  6.5695138619183355  11.2788425868836111  
3.5199999999999689  0.0000000000000000  1.0000000000000000  0.1064654651561989  0.0001006194604322  6.5802443630431622  11.2837173928780565  
3.5299999999999687  0.0000000000000000  1.0000000000000000  0.1096659533428890  0.0000265601236910  6.6157024125667157  11.2766588462991937  
3.5399999999999685  0.0000000000000000  1.0000000000000000  0.1128536636105146  -0.0000227161833686  6.6611785756842119  11.2842304646297258  
3.5499999999999683  0.0000000000000000  1.0000000000000000  0.1160984035272538  -0.0000584414820807  6.7056083779332480  11.2975220585985650  
3.5599999999999681  0.0000000000000000  1.0000000000000000  0.1192973023554085  -0.0000619439128962  6.7604564217834984  11.3316333798290074  
3.5699999999999679  0.0000000000000000  1.0000000000000000  0.1223250775516994  -0.0000034200612444  6.8147942403502508  11.3474717422055047  
3.5799999999999677  0.0000000000000000  1.0000000000000000  0.1251827755531331  0.0000815760866544  6.8638076493407985  11.3744662732539012  
3.5899999999999674  0.0000000000000000  1.0000000000000000  0.1278801143165138  0.0001454249570872  6.8966988489968912  11.3945328180048691  
3.5999999999999672  0.0000000000000000  1.0000000000000000  0.1306661858660054  0.0001793441903842  6.9054453483062632  11.4077232111160711  
3.6099999999999670  0.0000000000000000  1.0000000000000000  0.1338052561291867  0.0001840434169483  6.9185505360171389  11.4163599425759479  
3.6199999999999668  0.0000000000000000  1.0000000000000000  0.1370591483432939  0.0001495356615685  6.9724693275573451  11.4351251702743379  
3.6299999999999666  0.0000000000000000  1.0000000000000000  0.1400510751497850  0.0000885534863273  7.0483343745503531  11.4659063118812981  
3.6399999999999664  0.0000000000000000  1.0000000000000000  0.1427182986429349  0.0000024169952268  7.1124289300403039  11.4804934274045856  
3.6499999999999662  0.0000000000000000  1.0000000000000000  0.1451293097546696  -0.0000600470862201  7.1670757195759371  11.4943796816207335  
3.6599999999999659  0.0000000000000000  1.0000000000000000  0.1472712020673703  -0.0000717377526520  7.2201935981173451  11.5006943660969689  
3.6699999999999657  0.0000000000000000  1.0000000000000000  0.1490449086721739  -0.0000381178944683  7.2721334923361658  11.5347229840392771  
3.6799999999999655  0.0000000000000000  1.0000000000000000  0.1504580817096555  0.0000126874627873  7.3011937463021939  11.5560140068181596  
3.6899999999999653  0.0000000000000000  1.0000000000000000  0.1516889908846945  0.0000757147188480  7.3080209340509672  11.5803196962659136  
3.6999999999999651  0.0000000000000000  1.0000000000000000  0.1528552413300861  0.0001491455978123  7.3039754102144281  11.5840048047024862  
3.7099999999999649  0.0000000000000000  1.0000000000000000  0.1539105801990889  0.0001953358394021  7.3056470178877033  11.5984958219993697  
3.7199999999999647  0.0000000000000000  1.0000000000000000  0.1549062986516221  0.0001790242981978  7.2972849513698526  11.6003338826713271  
3.7299999999999645  0.0000000000000000  1.0000000000000000  0.1560830737619763  0.0001217442526449  7.2860023116486774  11.6036370703662843  
3.7399999999999642  0.0000000000000000  1.0000000000000000  0.1573903950220633  0.0000554559207851  7.3013617479272543  11.6172926021153629  
3.7499999999999640  0.0000000000000000  1.0000000000000000  0.1584520117491937  -0.0000112768790031  7.3430375535951251  11.6353057672066367  
3.7599999999999638  0.0000000000000000  1.0000000000000000  0.1591404129855475  -0.0000547129628849  7.3790765203532160  11.6563672385036856  
3.7699999999999636  0.0000000000000000  1.0000000000000000  0.1595627925244635  -0.0000735675474235  7.3895207993940319  11.6660745707239801  
3.7799999999999634  0.0000000000000000  1.0000000000000000  0.1598906187473776  -0.0000437745293061  7.3802127512203199  11.6773563017659949  
3.7899999999999632  0.0000000000000000  1.0000000000000000  0.1603617731644042  0.0000301633015101  7.3629756270959748  11.6755675670019112  
3.7999999999999630  0.0000000000000000  1.0000000000000000  0.1609777548701464  0.0001150101431115  7.3628252328792971  11.7035412939004786  
3.8099999999999627  0.0000000000000000  1.0000000000000000  0.1615753314241655  0.0001598738424067  7.3692669187316699  11.7259134874269257  
3.8199999999999625  0.0000000000000000  1.0000000000000000  0.1622320551940427  0.0001750967571974  7.3680231625443051  11.7414166704344733  
3.8299999999999623  0.0000000000000000  1.0000000000000000  0.1630929292307369  0.0001693141095898  7.3729329160216439  11.7368714247890349  
3.8399999999999621  0.0000000000000000  1.0000000000000000  0.1640051988782473  0.0001180116297601  7.4065885722022289  11.7550466134181537  
3.8499999999999619  0.0000000000000000  1.0000000000000000  0.1647357200614151  0.0000368020274622  7.4555290989520637  11.7796924430638761  
3.8599999999999617  0.0000000000000000  1.0000000000000000  0.1652678008795639  -0.0000370519080767  7.4974613735287265  11.8015096689974168  
3.8699999999999615  0.0000000000000000  1.0000000000000000  0.1656137749774719  -0.0000720766549811  7.5398174431725087  11.8242088458171075  
3.8799999999999613  0.0000000000000000  1.0000000000000000  0.1655715268208603  -0.0000599680761513  7.5855594238581947  11.8487620116532693  
3.8899999999999610  0.0000000000000000  1.0000000000000000  0.1650525844162101  -0.0000153906538731  7.6099428278169352  11.8739128639788980  
3.8999999999999608  0.0000000000000000  1.0000000000000000  0.1643589966832102  0.0000420377812779  7.5969544804114681  11.8755632088569367  
3.9099999999999606  0.0000000000000000  1.0000000000000000  0.1637553018792226  0.0001146787351789  7.5759470940784155  11.8843288021524316  
3.9199999999999604  0.0000000000000000  1.0000000000000000  0.1632449248417394  0.0001752382952757  7.5692452622784971  11.8952743610071163  
3.9299999999999602  0.0000000000000000  1.0000000000000000  0.1626156996895474  0.0001942645414448  7.5875666613068971  11.9204297777086339  
3.9399999999999600  0.0000000000000000  1.0000000000000000  0.1616310956926078  0.0001506480479556  7.6071377780962566  11.9405618174842214  
3.9499999999999598  0.0000000000000000  1.0000000000000000  0.1603594743956822  0.0000822607699527  7.6076854625107329  11.9470535445036994  
3.9599999999999596  0.0000000000000000  1.0000000000000000  0.1589242604498153  0.0000237076264956  7.6024256327106015  11.9484791989757237  
3.9699999999999593  0.0000000000000000  1.0000000000000000  0.1571994678390179  -0.0000342356210578  7.6027793205663219  11.9591841780105650  
3.9799999999999591  0.0000000000000000  1.0000000000000000  0.1551629024044055  -0.0000717966195182  7.5943531315681776  11.9778295880332077  
3.9899999999999589  0.0000000000000000  1.0000000000000000  0.1528820612793982  -0.0000601265207290  7.5684714472210279  11.9860536050246562  
3.9999999999999587  0.0000000000000000  1.0000000000000000  0.1504170585124978  -0.0000014091475018  7.5263108645515970  11.9909095014675842  
4.0099999999999589  0.0000000000000000  1.0000000000000000  0.1479987155674848  0.0000773454123172  7.4681717680322945  11.9762977373979638  
4.0199999999999587  0.0000000000000000  1.0000000000000000  0.1457288666691604  0.0001477429008811  7.4190194635153963  11.9779006229629754  
4.0299999999999585  0.0000000000000000  1.0000000000000000  0.1435706412439779  0.0001771981735881  7.3744945512499953  11.9775015563419629  
4.0399999999999583  0.0000000000000000  1.0000000000000000  0.1416516977758299  0.0001787585951721  7.3352616769306751  11.9795290680783761  
4.0499999999999581  0.0000000000000000  1.0000000000000000  0.1399566333805353  0.0001548108153353  7.3190927582948593  11.9827323366861052  
4.0599999999999579  0.0000000000000000  1.0000000000000000  0.1380906818191197  0.0000853070256271  7.3342857334499216  12.0067041341173510  
4.0699999999999577  0.0000000000000000  1.0000000000000000  0.1358381963747542  -0.0000003117513001  7.3399562918191501  12.0175633164698912  
4.0799999999999574  0.0000000000000000  1.0000000000000000  0.1334809049927715  -0.0000539061636015  7.3125293314193245  12.0073086845271213  
4.0899999999999572  0.0000000000000000  1.0000000000000000  0.1312756085357202  -0.0000572843017701  7.2806382351898984  12.0064453199747732  
4.0999999999999570  0.0000000000000000  1.0000000000000000  0.1291094027818118  -0.0000298018872108  7.2629570178211802  12.0113512571080552  
4.1099999999999568  0.0000000000000000  1.0000000000000000  0.1268955036012942  0.0000208841113469  7.2486092680889413  12.0260129261165680  
4.1199999999999566  0.0000000000000000  1.0000000000000000  0.1247000280418572  0.0000919074939542  7.2268117388017714  12.0201113452262689  
4.1299999999999564  0.0000000000000000  1.0000000000000000  0.1225946053244279  0.0001628430381586  7.2027460578813987  12.0224441496913190  
4.1399999999999562  0.0000000000000000  1.0000000000000000  0.1206194624171953  0.0002009637286331  7.1859376634912770  12.0151334894267041  
4.1499999999999559  0.0000000000000000  1.0000000000000000  0.1186621693436777  0.0001866922432155  7.1877358637584567  12.0273968296044433  
4.1599999999999557  0.0000000000000000  1.0000000000000000  0.1165380365171098  0.0001271963536323  7.2011929172634970  12.0375193567865626  
4.1699999999999555  0.0000000000000000  1.0000000000000000  0.1141587417321002  0.0000591863857745  7.2109095234365768  12.0550480270155695  
4.1799999999999553  0.0000000000000000  1.0000000000000000  0.1114710063100778  0.0000031402522437  7.2119271025666132  12.0588559918277767  
4.1899999999999551  0.0000000000000000  1.0000000000000000  0.1084100572357730  -0.0000446282542740  7.2044119075023483  12.0568835440611668  
4.1999999999999549  0.0000000000000000  1.0000000000000000  0.1050376339234655  -0.0000633775819440  7.1739828781069059  12.0508673880115733  
4.2099999999999547  0.0000000000000000  1.0000000000000000  0.1016190053394824  -0.0000228274667597  7.1190407661980739  12.0271905034685336  
4.2199999999999545  0.0000000000000000  1.0000000000000000  0.0983871914404740  0.0000591777662722  7.0583799800740392  12.0130745444112446  
4.2299999999999542  0.0000000000000000  1.0000000000000000  0.0953328705495408  0.0001279161877424  7.0119463344861668  12.0012668987292024  
4.2399999999999540  0.0000000000000000  1.0000000000000000  0.0922389053703453  0.0001786953720553  6.9861835183280627  12.0045756608658412  
4.2499999999999538  0.0000000000000000  1.0000000000000000  0.0889694277835535  0.0001988688927405  6.9578365361985126  11.9867504058049388  
4.2599999999999536  0.0000000000000000  1.0000000000000000  0.0857238464658514  0.0001835966602505  6.9128524299280993  11.9757397550970275  
4.2699999999999534  0.0000000000000000  1.0000000000000000  0.0826361334274515  0.0001339617239852  6.8702641555759403  11.9586282064461855  
4.2799999999999532  0.0000000000000000  1.0000000000000000  0.0794977101130050  0.0000547184892113  6.8470426371693884  11.9635049865137564  
4.2899999999999530  0.0000000000000000  1.0000000000000000  0.0761287069001012  -0.0000222665739620  6.8233476801099533  11.9537860218020082  
4.2999999999999527  0.0000000000000000  1.0000000000000000  0.0727371632636554  -0.0000474054291359  6.7740978456824017  11.9323333226831227  
4.3099999999999525  0.0000000000000000  1.0000000000000000  0.0695438725260272  -0.0000291932707017  6.7158132660603140  11.9079768216574724  
4.3199999999999523  0.0000000000000000  1.0000000000000000  0.0665202383518413  0.0000085134498892  6.6641209283723599  11.8803202608042735  
4.3299999999999521  0.0000000000000000  1.0000000000000000  0.0637996429390481  0.0000712205233644  6.6096421721502674  11.8536784029141167  
4.3399999999999519  0.0000000000000000  1.0000000000000000  0.0615438777966401  0.0001465374211285  6.5633213482266877  11.8339174190575118  
4.3499999999999517  0.0000000000000000  1.0000000000000000  0.0595747056297078  0.0002097055424849  6.5401534785865634  11.8341469796173300  
4.3599999999999515  0.0000000000000000  1.0000000000000000  0.0577368679184392  0.0002129175079645  6.5325776546618348  11.8294473267586362  
4.3699999999999513  0.0000000000000000  1.0000000000000000  0.0558537399639686  0.0001721281163523  6.5409673646117668  11.8334586510959525  
4.3799999999999510  0.0000000000000000  1.0000000000000000  0.0537514447899543  0.0001098692310124  6.5472600103523027  11.8210660964358514  
4.3899999999999508  0.0000000000000000  1.0000000000000000  0.0516329135704322  0.0000431995203961  6.5296178541472782  11.8183037347971602  
4.3999999999999506  0.0000000000000000  1.0000000000000000  0.0496787448683522  -0.0000116518776487  6.5049908125152980  11.8029404415790502  
4.4099999999999504  0.0000000000000000  1.0000000000000000  0.0477416427592910  -0.0000433940335616  6.4949220744551024  11.7956329064091126  
4.4199999999999502  0.0000000000000000  1.0000000000000000  0.0456945894879561  -0.0000351521324171  6.4870860456967119  11.7792776349317698  
4.4299999999999500  0.0000000000000000  1.0000000000000000  0.0436464410440456  0.0000307450810439  6.4637817396006279  11.7521231825757440  
4.4399999999999498  0.0000000000000000  1.0000000000000000  0.0418193694456821  0.0001145688636691  6.4294900871170722  11.7257593509778690  
4.4499999999999496  0.0000000000000000  1.0000000000000000  0.0402520485336896  0.0001695801298685  6.4065377403445005  11.7094101293071056  
4.4599999999999493  0.0000000000000000  1.0000000000000000  0.0387089747069329  0.0002005721683493  6.4063376716083749  11.7069437582205413  
4.4699999999999491  0.0000000000000000  1.0000000000000000  0.0370154234965514  0.0002086749666159  6.4116538880156089  11.6978847892050428  
4.4799999999999489  0.0000000000000000  1.0000000000000000  0.0351883376108101  0.0001742769567814  6.4074853334088795  11.6993583999401025  
4.4899999999999487  0.0000000000000000  1.0000000000000000  0.0332083985193136  0.0000982583251127  6.3963271703386591  11.6875040487176758  
4.4999999999999485  0.0000000000000000  1.0000000000000000  0.0310050278598216  0.0000218709235975  6.3823069199462594  11.6663161174725118  
4.5099999999999483  0.0000000000000000  1.0000000000000000  0.0287231586032123  -0.0000296696489937  6.3481635862421637  11.6285973242191254  
4.5199999999999481  0.0000000000000000  1.0000000000000000  0.0267175205903502  -0.0000319048387263  6.2904483385572334  11.5972711602495977  
4.5299999999999478  0.0000000000000000  1.0000000000000000  0.0251073732841275  0.0000002419073567  6.2373644980992333  11.5704019411732482  
4.5399999999999476  0.0000000000000000  1.0000000000000000  0.0236950008271796  0.0000505700380794  6.2083472738618379  11.5391856110506890  
4.5499999999999474  0.0000000000000000  1.0000000000000000  0.0224304308930385  0.0001202219052538  6.1850787063187287  11.5102638229112682  
4.5599999999999472  0.0000000000000000  1.0000000000000000  0.0214007763362763  0.0001939449629682  6.1588656205433141  11.4831341312399680  
4.5699999999999470  0.0000000000000000  1.0000000000000000  0.0206358699183934  0.0002277470920820  6.1338113224828055  11.4748759296217084  
4.5799999999999468  0.0000000000000000  1.0000000000000000  0.0201385420284892  0.0002011702606157  6.1157383196622073  11.4652111595688329  
4.5899999999999466  0.0000000000000000  1.0000000000000000  0.0197583421160480  0.0001431893064355  6.1144449903589786  11.4684601157515473  
4.5999999999999464  0.0000000000000000  1.0000000000000000  0.0192520184294575  0.0000823310934008  6.1225246802946076  11.4552870992793938  
4.6099999999999461  0.0000000000000000  1.0000000000000000  0.0187530077887438  0.0000205823361387  6.1062940493618099  11.4451983125136234  
4.6199999999999459  0.0000000000000000  1.0000000000000000  0.0185764122801983  -0.0000308240162122  6.0719542353086595  11.4155806883753534  
4.6299999999999457  0.0000000000000000  1.0000000000000000  0.0187492095873265  -0.0000372928172953  6.0494693302118341  11.3888723031861616  
4.6399999999999455  0.0000000000000000  1.0000000000000000  0.0191801897656867  0.0000055796220029  6.0394493197178667  11.3659789318525206  
4.6499999999999453  0.0000000000000000  1.0000000000000000  0.0199548168217436  0.0000793354525734  6.0291674961510369  11.3524007110175784  
4.6599999999999451  0.0000000000000000  1.0000000000000000  0.0210501468639214  0.0001537241018326  6.0332538652027852  11.3514042045873058  
4.6699999999999449  0.0000000000000000  1.0000000000000000  0.0221493341506800  0.0001942613957421  6.0638969118211019  11.3509941661395839  
4.6799999999999446  0.0000000000000000  1.0000000000000000  0.0230560077655103  0.0002066132165981  6.1005731446760851  11.3550852531785935  
4.6899999999999444  0.0000000000000000  1.0000000000000000  0.0238517465358298  0.0001977488346586  6.1217301194181175  11.3491174394613648  
4.6999999999999442  0.0000000000000000  1.0000000000000000  0.0246551686455315  0.0001381616889051  6.1272228880160151  11.3637351303150318  
4.7099999999999440  0.0000000000000000  1.0000000000000000  0.0254851228698491  0.0000495941129771  6.1306103718793334  11.3595892848409363  
4.7199999999999438  0.0000000000000000  1.0000000000000000  0.0261824862759391  -0.0000124687117777  6.1446373074238263  11.3523104333605040  
4.7299999999999436  0.0000000000000000  1.0000000000000000  0.0267061346691732  -0.0000349833692967  6.1496013620069201  11.3204322954072794  
4.7399999999999434  0.0000000000000000  1.0000000000000000  0.0273795861464695  -0.0000207862938350  6.1276009931833020  11.3000406390687420  
4.7499999999999432  0.0000000000000000  1.0000000000000000  0.0283663405303981  0.0000204778667247  6.1054545501081572  11.2735550643219788  
4.7599999999999429  0.0000000000000000  1.0000000000000000  0.0295634885974237  0.0000838534820706  6.1025492786048448  11.2540566336816923  
4.7699999999999427  0.0000000000000000  1.0000000000000000  0.0308630076358649  0.0001599677545475  6.1154879524888699  11.2497705836979769  
4.7799999999999425  0.0000000000000000  1.0000000000000000  0.0321043515106844  0.0002109837736696  6.1343350664226337  11.2563532976472178  
4.7899999999999423  0.0000000000000000  1.0000000000000000  0.0332056679199464  0.0002145903996195  6.1475492077776641  11.2619832189580453  
4.7999999999999421  0.0000000000000000  1.0000000000000000  0.0342885295953795  0.0001651623963137  6.1466573608690327  11.2540941652625719  
4.8099999999999419  0.0000000000000000  1.0000000000000000  0.0353813762248811  0.0001016813168720  6.1434949940786128  11.2494414580993141  
4.8199999999999417  0.0000000000000000  1.0000000000000000  0.0365153616493568  0.0000430846461207  6.1316872467749963  11.2308118927733407  
4.8299999999999415  0.0000000000000000  1.0000000000000000  0.0379508858511126  -0.0000146465961933  6.1014476078179882  11.2239062345431968  
4.8399999999999412  0.0000000000000000  1.0000000000000000  0.0398258291050239  -0.0000498340987621  6.0770368349424837  11.2038519423244534  
4.8499999999999410  0.0000000000000000  1.0000000000000000  0.0419196731628798  -0.0000264408827672  6.0819831793414787  11.1865849871391969  
4.8599999999999408  0.0000000000000000  1.0000000000000000  0.0441146569317317  0.0000419035124965  6.0957289796301746  11.1655261253723843  
4.8699999999999406  0.0000000000000000  1.0000000000000000  0.0466149294951575  0.0001125091073777  6.0980191478313968  11.1640779867936821  
4.8799999999999404  0.0000000000000000  1.0000000000000000  0.0495068879290668  0.0001684756907216  6.1099300449387250  11.1736458949923509  
4.8899999999999402  0.0000000000000000  1.0000000000000000  0.0524838595233309  0.0001986542392753  6.1537266222282119  11.1944974713076135  
4.8999999999999400  0.0000000000000000  1.0000000000000000  0.0552623627066406  0.0001965799957086  6.2077140490483744  11.2195783443717048  
4.9099999999999397  0.0000000000000000  1.0000000000000000  0.0578772018420760  0.0001577849147016  6.2445486852348564  11.2322493526288358  
4.9199999999999395  0.0000000000000000  1.0000000000000000  0.0604498592776499  0.0000850537798228  6.2641629681739142  11.2462784108621960  
4.9299999999999393  0.0000000000000000  1.0000000000000000  0.0631192654883055  -0.0000016562700994  6.2714685495500877  11.2368519446352568  
4.9399999999999391  0.0000000000000000  1.0000000000000000  0.0659769574017289  -0.0000402032882763  6.2865886155698636  11.2309004287404814  
4.9499999999999389  0.0000000000000000  1.0000000000000000  0.0689335212900845  -0.0000380277124814  6.3128549795697042  11.2223827392262177  
4.9599999999999387  0.0000000000000000  1.0000000000000000  0.0719797474373590  -0.0000133172149061  6.3421777801975594  11.2352020155329217  
4.9699999999999385  0.0000000000000000  1.0000000000000000  0.0750854297076953  0.0000378395223897  6.3810075193928206  11.2343928949227205  
4.9799999999999383  0.0000000000000000  1.0000000000000000  0.0780181662334316  0.0001140462425941  6.4388253291083277  11.2412807875691030  
4.9899999999999380  0.0000000000000000  1.0000000000000000  0.0807132669477587  0.0001802321690011  6.4902494610340060  11.2581344840701369  
4.9999999999999343  0.0000000000000000  1.0000000000000000  0.0832263932046011  0.0002031916637638  6.5268995011690158  11.2821553689953955  