TimeWindow  TotalIterations  Iterations  Convergence  QNColumns  DeletedQNColumns  DroppedQNColumns  
1  5  5  1  4  0  0  
2  9  4  1  7  0  0  
3  12  3  1  9  0  0  
4  15  3  1  11  0  0  
5  17  2  1  12  0  0  
6  20  3  1  14  0  0  
7  22  2  1  15  0  0  
8  24  2  1  16  0  0  
9  26  2  1  17  0  0  
10  28  2  1  18  0  0  
11  30  2  1  15  0  4  
12  33  3  1  14  0  3  
13  36  3  1  14  0  2  
14  38  2  1  13  0  2  
15  40  2  1  13  0  1  
16  42  2  1  12  0  2  
17  44  2  1  12  0  1  
18  46  2  1  12  0  1  
19  48  2  1  12  0  1  
20  50  2  1  12  0  1  
21  52  2  1  12  0  1  
22  54  2  1  11  0  2  
23  56  2  1  10  0  2  
24  58  2  1  10  0  1  
25  60  2  1  10  0  1  
26  62  2  1  10  0  1  
27  64  2  1  10  0  1  
28  66  2  1  10  0  1  
29  68  2  1  10  0  1  
30  70  2  1  10  0  1  
31  72  2  1  10  0  1  
32  74  2  1  10  0  1  
33  76  2  1  10  0  1  
34  78  2  1  10  0  1  
35  80  2  1  10  0  1  
36  82  2  1  10  0  1  
37  84  2  1  10  0  1  
38  86  2  1  10  0  1  
39  88  2  1  10  0  1  
40  90  2  1  10  0  1  
41  93  3  1  11  0  1  
42  96  3  1  12  0  1  
43  98  2  1  12  0  1  
44  100  2  1  12  0  1  
45  102  2  1  12  0  1  
46  104  2  1  12  0  1  
47  106  2  1  12  0  1  
48  108  2  1  12  0  1  
49  110  2  1  12  0  1  
50  112  2  1  12  0  1  
51  114  2  1  11  0  2  
52  116  2  1  10  0  2  
53  118  2  1  10  0  1  
54  120  2  1  10  0  1  
55  122  2  1  10  0  1  
56  124  2  1  10  0  1  
57  126  2  1  10  0  1  
58  128  2  1  10  0  1  
59  130  2  1  10  0  1  
60  132  2  1  10  0  1  
61  134  2  1  10  0  1  
62  136  2  1  10  0  1  
63  138  2  1  10  0  1  
64  140  2  1  10  0  1  
65  142  2  1  10  0  1  
66  144  2  1  10  0  1  
67  146  2  1  10  0  1  
68  148  2  1  10  0  1  
69  150  2  1  10  0  1  
70  152  2  1  10  0  1  
71  154  2  1  10  0  1  
72  156  2  1  10  0  1  
73  158  2  1  10  0  1  
74  160  2  1  10  0  1  
75  162  2  1  10  0  1  
76  164  2  1  10  0  1  
77  166  2  1  10  0  1  
78  168  2  1  10  0  1  
79  170  2  1  10  0  1  
80  172  2  1  10  0  1  
81  174  2  1  10  0  1  
82  176  2  1  10  0  1  
83  178  2  1  10  0  1  
84  180  2  1  10  0  1  
85  182  2  1  10  0  1  
86  184  2  1  10  0  1  
87  186  2  1  10  0  1  
88  188  2  1  10  0  1  
89  190  2  1  10  0  1  
90  192  2  1  10  0  1  
91  194  2  1  10  0  1  
92  196  2  1  10  0  1  
93  198  2  1  10  0  1  
94  200  2  1  10  0  1  
95  202  2  1  10  0  1  
96  204  2  1  10  0  1  
97  206  2  1  10  0  1  
98  208  2  1  10  0  1  
99  210  2  1  10  0  1  
100  212  2  1  10  0  1  
101  214  2  1  10  0  1  
102  216  2  1  10  0  1  
103  218  2  1  10  0  1  
104  220  2  1  10  0  1  
105  222  2  1  10  0  1  
106  224  2  1  10  0  1  
107  226  2  1  10  0  1  
108  228  2  1  10  0  1  
109  230  2  1  10  0  1  
110  232  2  1  10  0  1  
111  234  2  1  10  0  1  
112  236  2  1  10  0  1  
113  238  2  1  10  0  1  
114  240  2  1  10  0  1  
115  242  2  1  10  0  1  
116  244  2  1  10  0  1  
117  246  2  1  10  0  1  
118  248  2  1  10  0  1  
119  250  2  1  10  0  1  
120  252  2  1  10  0  1  
121  254  2  1  10  0  1  
122  256  2  1  10  0  1  
123  258  2  1  10  0  1  
124  260  2  1  10  0  1  
125  262  2  1  10  0  1  
126  264  2  1  10  0  1  
127  266  2  1  10  0  1  
128  268  2  1  10  0  1  
129  270  2  1  10  0  1  
130  272  2  1  10  0  1  
131  274  2  1  10  0  1  
132  276  2  1  10  0  1  
133  278  2  1  10  0  1  
134  280  2  1  10  0  1  
135  282  2  1  10  0  1  
136  284  2  1  10  0  1  
137  286  2  1  10  0  1  
138  288  2  1  10  0  1  
139  290  2  1  10  0  1  
140  292  2  1  10  0  1  
141  294  2  1  10  0  1  
142  296  2  1  10  0  1  
143  298  2  1  10  0  1  
144  300  2  1  10  0  1  
145  302  2  1  10  0  1  
146  304  2  1  10  0  1  
147  306  2  1  10  0  1  
148  308  2  1  10  0  1  
149  310  2  1  10  0  1  
150  312  2  1  10  0  1  
151  314  2  1  10  0  1  
152  316  2  1  10  0  1  
153  318  2  1  10  0  1  
154  320  2  1  10  0  1  
155  322  2  1  10  0  1  
156  324  2  1  10  0  1  
157  326  2  1  10  0  1  
158  328  2  1  10  0  1  
159  330  2  1  10  0  1  
160  332  2  1  10  0  1  
161  334  2  1  10  0  1  
162  336  2  1  10  0  1  
163  338  2  1  10  0  1  
164  340  2  1  10  0  1  
165  342  2  1  10  0  1  
166  344  2  1  10  0  1  
167  346  2  1  10  0  1  
168  348  2  1  10  0  1  
169  350  2  1  10  0  1  
170  352  2  1  10  0  1  
171  354  2  1  10  0  1  
172  356  2  1  10  0  1  
173  358  2  1  10  0  1  
174  360  2  1  10  0  1  
175  362  2  1  10  0  1  
176  364  2  1  10  0  1  
177  366  2  1  10  0  1  
178  368  2  1  10  0  1  
179  370  2  1  10  0  1  
180  372  2  1  10  0  1  
181  374  2  1  10  0  1  
182  376  2  1  10  0  1  
183  378  2  1  10  0  1  
184  380  2  1  10  0  1  
185  382  2  1  10  0  1  
186  384  2  1  10  0  1  
187  386  2  1  10  0  1  
188  388  2  1  10  0  1  
189  390  2  1  10  0  1  
190  392  2  1  10  0  1  
191  394  2  1  10  0  1  
192  396  2  1  10  0  1  
193  398  2  1  10  0  1  
194  400  2  1  10  0  1  
195  402  2  1  10  0  1  
196  404  2  1  10  0  1  
197  406  2  1  10  0  1  
198  408  2  1  10  0  1  
199  410  2  1  10  0  1  
200  412  2  1  10  0  1  
201  414  2  1  10  0  1  
202  416  2  1  10  0  1  
203  418  2  1  10  0  1  
204  420  2  1  10  0  1  
205  422  2  1  10  0  1  
206  424  2  1  10  0  1  
207  426  2  1  10  0  1  
208  428  2  1  10  0  1  
209  430  2  1  10  0  1  
210  432  2  1  10  0  1  
211  434  2  1  10  0  1  
212  436  2  1  10  0  1  
213  438  2  1  10  0  1  
214  440  2  1  10  0  1  
215  442  2  1  10  0  1  
216  444  2  1  10  0  1  
217  446  2  1  10  0  1  
218  448  2  1  10  0  1  
219  450  2  1  10  0  1  
220  452  2  1  10  0  1  
221  454  2  1  10  0  1  
222  456  2  1  10  0  1  
223  458  2  1  10  0  1  
224  460  2  1  10  0  1  
225  462  2  1  10  0  1  
226  464  2  1  10  0  1  
227  466  2  1  10  0  1  
228  468  2  1  10  0  1  
229  470  2  1  10  0  1  
230  472  2  1  10  0  1  
231  474  2  1  10  0  1  
232  476  2  1  10  0  1  
233  478  2  1  10  0  1  
234  480  2  1  10  0  1  
235  482  2  1  10  0  1  
236  484  2  1  10  0  1  
237  486  2  1  10  0  1  
238  488  2  1  10  0  1  
239  490  2  1  10  0  1  
240  492  2  1  10  0  1  
241  494  2  1  10  0  1  
242  496  2  1  10  0  1  
243  498  2  1  10  0  1  
244  500  2  1  10  0  1  
245  502  2  1  10  0  1  
246  504  2  1  10  0  1  
247  506  2  1  10  0  1  
248  508  2  1  10  0  1  
249  510  2  1  10  0  1  
250  512  2  1  10  0  1  
251  514  2  1  10  0  1  
252  516  2  1  10  0  1  
253  518  2  1  10  0  1  
254  520  2  1  10  0  1  
255  522  2  1  10  0  1  
256  524  2  1  10  0  1  
257  526  2  1  10  0  1  
258  528  2  1  10  0  1  
259  530  2  1  10  0  1  
260  532  2  1  10  0  1  
261  534  2  1  10  0  1  
262  536  2  1  10  0  1  
263  538  2  1  10  0  1  
264  540  2  1  10  0  1  
265  542  2  1  10  0  1  
266  544  2  1  10  0  1  
267  546  2  1  10  0  1  
268  548  2  1  10  0  1  
269  550  2  1  10  0  1  
270  552  2  1  10  0  1  
271  554  2  1  10  0  1  
272  556  2  1  10  0  1  
273  558  2  1  10  0  1  
274  560  2  1  10  0  1  
275  562  2  1  10  0  1  
276  564  2  1  10  0  1  
277  566  2  1  10  0  1  
278  568  2  1  10  0  1  
279  570  2  1  10  0  1  
280  572  2  1  10  0  1  
281  574  2  1  10  0  1  
282  576  2  1  10  0  1  
283  578  2  1  10  0  1  
284  580  2  1  10  0  1  
285  582  2  1  10  0  1  
286  584  2  1  10  0  1  
287  586  2  1  10  0  1  
288  588  2  1  10  0  1  
289  590  2  1  10  0  1  
290  592  2  1  10  0  1  
291  594  2  1  10  0  1  
292  596  2  1  10  0  1  
293  598  2  1  10  0  1  
294  600  2  1  10  0  1  
295  602  2  1  10  0  1  
296  604  2  1  10  0  1  
297  606  2  1  10  0  1  
298  608  2  1  10  0  1  
299  610  2  1  10  0  1  
300  612  2  1  10  0  1  
301  614  2  1  10  0  1  
302  616  2  1  10  0  1  
303  618  2  1  10  0  1  
304  620  2  1  10  0  1  
305  622  2  1  10  0  1  
306  624  2  1  10  0  1  
307  626  2  1  10  0  1  
308  628  2  1  10  0  1  
309  630  2  1  10  0  1  
310  632  2  1  10  0  1  
311  634  2  1  10  0  1  
312  636  2  1  10  0  1  
313  638  2  1  10  0  1  
314  640  2  1  10  0  1  
315  642  2  1  10  0  1  
316  644  2  1  10  0  1  
317  646  2  1  10  0  1  
318  648  2  1  10  0  1  
319  650  2  1  10  0  1  
320  652  2  1  10  0  1  
321  654  2  1  10  0  1  
322  656  2  1  10  0  1  
323  658  2  1  10  0  1  
324  660  2  1  10  0  1  
325  662  2  1  10  0  1  
326  664  2  1  10  0  1  
327  666  2  1  10  0  1  
328  668  2  1  10  0  1  
329  670  2  1  10  0  1  
330  672  2  1  10  0  1  
331  674  2  1  10  0  1  
332  676  2  1  10  0  1  
333  678  2  1  10  0  1  
334  680  2  1  10  0  1  
335  682  2  1  10  0  1  
336  684  2  1  10  0  1  
337  686  2  1  10  0  1  
338  688  2  1  10  0  1  
339  690  2  1  10  0  1  
340  692  2  1  10  0  1  
341  694  2  1  10  0  1  
342  696  2  1  10  0  1  
343  698  2  1  10  0  1  
344  700  2  1  10  0  1  
345  702  2  1  10  0  1  
346  704  2  1  10  0  1  
347  706  2  1  10  0  1  
348  708  2  1  10  0  1  
349  710  2  1  10  0  1  
350  712  2  1  10  0  1  
351  714  2  1  10  0  1  
352  716  2  1  10  0  1  
353  718  2  1  10  0  1  
354  720  2  1  10  0  1  
355  722  2  1  10  0  1  
356  724  2  1  10  0  1  
357  726  2  1  10  0  1  
358  728  2  1  10  0  1  
359  730  2  1  10  0  1  
360  732  2  1  10  0  1  
361  734  2  1  10  0  1  
362  736  2  1  10  0  1  
363  738  2  1  10  0  1  
364  740  2  1  10  0  1  
365  742  2  1  10  0  1  
366  744  2  1  10  0  1  
367  746  2  1  10  0  1  
368  748  2  1  10  0  1  
369  750  2  1  10  0  1  
370  752  2  1  10  0  1  
371  754  2  1  10  0  1  
372  756  2  1  10  0  1  
373  758  2  1  10  0  1  
374  760  2  1  10  0  1  
375  762  2  1  10  0  1  
376  764  2  1  10  0  1  
377  766  2  1  10  0  1  
378  768  2  1  10  0  1  
379  770  2  1  10  0  1  
380  772  2  1  10  0  1  
381  774  2  1  10  0  1  
382  776  2  1  10  0  1  
383  778  2  1  10  0  1  
384  780  2  1  10  0  1  
385  782  2  1  10  0  1  
386  784  2  1  10  0  1  
387  786  2  1  10  0  1  
388  788  2  1  10  0  1  
389  790  2  1  10  0  1  
390  792  2  1  10  0  1  
391  794  2  1  10  0  1  
392  796  2  1  10  0  1  
393  798  2  1  10  0  1  
394  800  2  1  10  0  1  
395  802  2  1  10  0  1  
396  804  2  1  10  0  1  
397  806  2  1  10  0  1  
398  808  2  1  10  0  1  
399  810  2  1  10  0  1  
400  812  2  1  10  0  1  
401  814  2  1  10  0  1  
402  816  2  1  10  0  1  
403  818  2  1  10  0  1  
404  820  2  1  10  0  1  
405  822  2  1  10  0  1  
406  824  2  1  10  0  1  
407  826  2  1  10  0  1  
408  828  2  1  10  0  1  
409  830  2  1  10  0  1  
410  832  2  1  10  0  1  
411  834  2  1  10  0  1  
412  836  2  1  10  0  1  
413  838  2  1  10  0  1  
414  840  2  1  10  0  1  
415  842  2  1  10  0  1  
416  844  2  1  10  0  1  
417  846  2  1  10  0  1  
418  848  2  1  10  0  1  
419  850  2  1  10  0  1  
420  852  2  1  10  0  1  
421  854  2  1  10  0  1  
422  856  2  1  10  0  1  
423  858  2  1  10  0  1  
424  860  2  1  10  0  1  
425  862  2  1  10  0  1  
426  864  2  1  10  0  1  
427  866  2  1  10  0  1  
428  868  2  1  10  0  1  
429  870  2  1  10  0  1  
430  872  2  1  10  0  1  
431  874  2  1  10  0  1  
432  876  2  1  10  0  1  
433  878  2  1  10  0  1  
434  880  2  1  10  0  1  
435  882  2  1  10  0  1  
436  884  2  1  10  0  1  
437  886  2  1  10  0  1  
438  888  2  1  10  0  1  
439  890  2  1  10  0  1  
440  892  2  1  10  0  1  
441  894  2  1  10  0  1  
442  896  2  1  10  0  1  
443  898  2  1  10  0  1  
444  900  2  1  10  0  1  
445  902  2  1  10  0  1  
446  904  2  1  10  0  1  
447  906  2  1  10  0  1  
448  908  2  1  10  0  1  
449  910  2  1  10  0  1  
450  912  2  1  10  0  1  
451  914  2  1  10  0  1  
452  916  2  1  10  0  1  
453  918  2  1  10  0  1  
454  920  2  1  10  0  1  
455  922  2  1  10  0  1  
456  924  2  1  10  0  1  
457  926  2  1  10  0  1  
458  928  2  1  10  0  1  
459  930  2  1  10  0  1  
460  932  2  1  10  0  1  
461  934  2  1  10  0  1  
462  936  2  1  10  0  1  
463  938  2  1  10  0  1  
464  940  2  1  10  0  1  
465  942  2  1  10  0  1  
466  944  2  1  10  0  1  
467  946  2  1  10  0  1  
468  948  2  1  10  0  1  
469  950  2  1  10  0  1  
470  952  2  1  10  0  1  
471  954  2  1  10  0  1  
472  956  2  1  10  0  1  
473  958  2  1  10  0  1  
474  960  2  1  10  0  1  
475  962  2  1  10  0  1  
476  964  2  1  10  0  1  
477  966  2  1  10  0  1  
478  968  2  1  10  0  1  
479  970  2  1  10  0  1  
480  972  2  1  10  0  1  
481  974  2  1  10  0  1  
482  976  2  1  10  0  1  
483  978  2  1  10  0  1  
484  980  2  1  10  0  1  
485  982  2  1  10  0  1  
486  984  2  1  10  0  1  
487  986  2  1  10  0  1  
488  988  2  1  10  0  1  
489  990  2  1  10  0  1  
490  992  2  1  10  0  1  
491  994  2  1  10  0  1  
492  996  2  1  10  0  1  
493  998  2  1  10  0  1  
494  1000  2  1  10  0  1  
495  1002  2  1  10  0  1  
496  1004  2  1  10  0  1  
497  1006  2  1  10  0  1  
498  1008  2  1  10  0  1  
499  1010  2  1  10  0  1  
500  1012  2  1  10  0  1  