Time  Coordinate0  Coordinate1  DisplacementDeltas00  DisplacementDeltas01  Forces00  Forces01  
0.0100000000000000  -0.0500000000000000  1.0000000000000000  -0.0000074319030023  0.0000102325836133  -1.0430597324869053  0.6767351203587300  
0.0200000000000000  -0.0500000000000000  1.0000000000000000  0.0000268343037004  0.0000336947937413  -1.0533577618492567  0.6832209860196894  
0.0300000000000000  -0.0500000000000000  1.0000000000000000  0.0000821642992597  0.0000604401557893  -1.0816142443058199  0.7021397115499771  
0.0400000000000000  -0.0500000000000000  1.0000000000000000  0.0000789567651898  0.0000325403552114  -1.0630604209549248  0.6899748146481562  
0.0500000000000000  -0.0500000000000000  1.0000000000000000  0.0001083553779026  0.0000403525244988  -1.0627999635812113  0.6898001996864214  
0.0600000000000000  -0.0500000000000000  1.0000000000000000  0.0001483711561938  0.0000521771340750  -1.0751716328216183  0.6979687095566001  
0.0700000000000000  -0.0500000000000000  1.0000000000000000  0.0001406252023486  0.0000224164546560  -1.0633375809648120  0.6900512769829017  
0.0800000000000000  -0.0500000000000000  1.0000000000000000  0.0001746820047351  0.0000363638024889  -1.0648856935736111  0.6908165199717526  
0.0900000000000000  -0.0500000000000000  1.0000000000000000  0.0002076171523595  0.0000447500360084  -1.0733747315195616  0.6962939245006536  
0.1000000000000000  -0.0500000000000000  1.0000000000000000  0.0002131551378786  0.0000234389868511  -1.0693934225873836  0.6933838043665772  
0.1100000000000000  -0.0500000000000000  1.0000000000000000  0.0002403059084010  0.0000282595161764  -1.0699010005241611  0.6933906444565174  
0.1200000000000000  -0.0500000000000000  1.0000000000000000  0.0002720055893049  0.0000400800237716  -1.0776464991019028  0.6982357346113079  
0.1300000000000000  -0.0500000000000000  1.0000000000000000  0.0002884813047760  0.0000268195152198  -1.0800281834706302  0.6994306640251807  
0.1400000000000000  -0.0500000000000000  1.0000000000000000  0.0003102704711853  0.0000264572420654  -1.0805047954912468  0.6994814605732533  
0.1500000000000000  -0.0500000000000000  1.0000000000000000  0.0003432026818792  0.0000338828975629  -1.0916105407907837  0.7065256080966349  
0.1600000000000000  -0.0500000000000000  1.0000000000000000  0.0003543017586240  0.0000156219793399  -1.0955740779904271  0.7087637413932170  
0.1700000000000000  -0.0500000000000000  1.0000000000000000  0.0003582589551130  -0.0000057764020112  -1.0964103852538860  0.7087505201737012  
0.1800000000000000  -0.0500000000000000  1.0000000000000000  0.0003664532234584  -0.0000340429659779  -1.1017981067672626  0.7111905095878087  
0.1900000000000000  -0.0500000000000000  1.0000000000000000  0.0003557381469343  -0.0000842864373217  -1.0954313793661627  0.7053485796893422  
0.2000000000000000  -0.0500000000000000  1.0000000000000000  0.0003541124522908  -0.0001249644109774  -1.0898597263876646  0.6996066649507545  
0.2100000000000000  -0.0500000000000000  1.0000000000000000  0.0003797512450802  -0.0001357241574271  -1.0919239687749747  0.6986378955731133  
0.2200000000000001  -0.0500000000000000  1.0000000000000000  0.0004105407274832  -0.0001296930919390  -1.0901758254561966  0.6952473885117217  
0.2300000000000001  -0.0500000000000000  1.0000000000000000  0.0004500582170035  -0.0001108996257380  -1.0908299720692789  0.6935709390081690  
0.2400000000000001  -0.0500000000000000  1.0000000000000000  0.0005043757659218  -0.0000876738913012  -1.0976066150120898  0.6959828239453241  
0.2500000000000001  -0.0500000000000000  1.0000000000000000  0.0005561775195495  -0.0000831920646636  -1.1034948669016542  0.6979914033895588  
0.2600000000000001  -0.0500000000000000  1.0000000000000000  0.0006099966544489  -0.0000880700062073  -1.1146038936877838  0.7036341936076023  
0.2700000000000001  -0.0500000000000000  1.0000000000000000  0.0006781632899228  -0.0000800087203823  -1.1328057290221889  0.7141891488554793  
0.2800000000000001  -0.0500000000000000  1.0000000000000000  0.0007440998355435  -0.0000648356187185  -1.1471772274868717  0.7226311899078562  
0.2900000000000001  -0.0500000000000000  1.0000000000000000  0.0008064649804389  -0.0000480720374417  -1.1609634922406757  0.7309333980877893  
0.3000000000000001  -0.0500000000000000  1.0000000000000000  0.0008780193097947  -0.0000304325486789  -1.1813521836452752  0.7437314792367277  
0.3100000000000001  -0.0500000000000000  1.0000000000000000  0.0009477055103512  -0.0000216613291079  -1.2029853431578867  0.7577546577753567  
0.3200000000000001  -0.0500000000000000  1.0000000000000000  0.0010143776893343  -0.0000138961618168  -1.2254772182723670  0.7727632522857312  
0.3300000000000001  -0.0500000000000000  1.0000000000000000  0.0010889311587080  0.0000109836668208  -1.2496610344500372  0.7892423056442316  
0.3400000000000001  -0.0500000000000000  1.0000000000000000  0.0011638308523323  0.0000446014739607  -1.2714101388330163  0.8045892150760586  
0.3500000000000001  -0.0500000000000000  1.0000000000000000  0.0012356592890946  0.0000724158557569  -1.2952630611718718  0.8218142026513018  
0.3600000000000002  -0.0500000000000000  1.0000000000000000  0.0013112072300589  0.0000991331880788  -1.3234682042147627  0.8424602029395931  
0.3700000000000002  -0.0500000000000000  1.0000000000000000  0.0013848931863702  0.0001275311119914  -1.3483347705540982  0.8615003771414939  
0.3800000000000002  -0.0500000000000000  1.0000000000000000  0.0014532361933567  0.0001513077822826  -1.3701163734013202  0.8789654948904017  
0.3900000000000002  -0.0500000000000000  1.0000000000000000  0.0015245437415863  0.0001660283527611  -1.3950386076138077  0.8990125730375202  
0.4000000000000002  -0.0500000000000000  1.0000000000000000  0.0015965755753091  0.0001692682110545  -1.4217192572717168  0.9209572720121335  
0.4100000000000002  -0.0500000000000000  1.0000000000000000  0.0016623799829459  0.0001653754892760  -1.4379012672178391  0.9367434177398636  
0.4200000000000002  -0.0500000000000000  1.0000000000000000  0.0017234080454651  0.0001636955011032  -1.4477290051473160  0.9487288049826219  
0.4300000000000002  -0.0500000000000000  1.0000000000000000  0.0017813137030060  0.0001661720704714  -1.4589385073588315  0.9618781160807391  
0.4400000000000002  -0.0500000000000000  1.0000000000000000  0.0018381213221056  0.0001745550321359  -1.4709388694859649  0.9759255868386797  
0.4500000000000002  -0.0500000000000000  1.0000000000000000  0.0018971645662072  0.0001923539345320  -1.4836524566151290  0.9908846984039975  
0.4600000000000002  -0.0500000000000000  1.0000000000000000  0.0019562271353216  0.0002082819532488  -1.4953547031256311  1.0055484479349435  
0.4700000000000003  -0.0500000000000000  1.0000000000000000  0.0020111970095745  0.0002065688539071  -1.5073941274773390  1.0208372003578559  
0.4800000000000003  -0.0500000000000000  1.0000000000000000  0.0020655145121015  0.0001948907695840  -1.5215799951748699  1.0381398090567138  
0.4900000000000003  -0.0500000000000000  1.0000000000000000  0.0021239269688606  0.0001936625479503  -1.5360834761562341  1.0563179687836546  
0.5000000000000002  -0.0500000000000000  1.0000000000000000  0.0021832189795414  0.0002034758437093  -1.5496691202210138  1.0745368712173802  
0.5100000000000002  -0.0500000000000000  1.0000000000000000  0.0022366525935738  0.0002073101386745  -1.5635568224828795  1.0936049393622091  
0.5200000000000002  -0.0500000000000000  1.0000000000000000  0.0022801076722321  0.0001956596268101  -1.5772889300210609  1.1130022383463445  
0.5300000000000002  -0.0500000000000000  1.0000000000000000  0.0023129810602031  0.0001725148074354  -1.5897807643748483  1.1316475423287298  
0.5400000000000003  -0.0500000000000000  1.0000000000000000  0.0023374014626305  0.0001459057082303  -1.6007292746659114  1.1490793683138887  
0.5500000000000003  -0.0500000000000000  1.0000000000000000  0.0023581215060563  0.0001245034661040  -1.6093860826938275  1.1646038512331376  
0.5600000000000003  -0.0500000000000000  1.0000000000000000  0.0023823747773358  0.0001167488242097  -1.6160159307005462  1.1783783280597282  
0.5700000000000003  -0.0500000000000000  1.0000000000000000  0.0024166211760942  0.0001252307490263  -1.6228259582833600  1.1922997220055842  
0.5800000000000003  -0.0500000000000000  1.0000000000000000  0.0024620652800719  0.0001431483533887  -1.6325885232689623  1.2089308673920944  
0.5900000000000003  -0.0500000000000000  1.0000000000000000  0.0025137043173086  0.0001615972966797  -1.6447854313440133  1.2281911457871477  
0.6000000000000003  -0.0500000000000000  1.0000000000000000  0.0025659024603173  0.0001780247811285  -1.6561859546172388  1.2475766355388855  
0.6100000000000003  -0.0500000000000000  1.0000000000000000  0.0026178985045235  0.0001913999548228  -1.6665406790446087  1.2667885824300622  
0.6200000000000003  -0.0500000000000000  1.0000000000000000  0.0026710597599670  0.0001986328011355  -1.6789415810694825  1.2883720614168743  
0.6300000000000003  -0.0500000000000000  1.0000000000000000  0.0027250699078445  0.0002018423224794  -1.6936963630515807  1.3128369705866534  
0.6400000000000003  -0.0500000000000000  1.0000000000000000  0.0027776747931870  0.0002100555614132  -1.7081318390932188  1.3381225914862627  
0.6500000000000004  -0.0500000000000000  1.0000000000000000  0.0028255673955201  0.0002289497902262  -1.7202693059827601  1.3624430806048899  
0.6600000000000004  -0.0500000000000000  1.0000000000000000  0.0028672303739624  0.0002540438397937  -1.7305988894203832  1.3859337071267579  
0.6700000000000004  -0.0500000000000000  1.0000000000000000  0.0029040933062409  0.0002770104435738  -1.7409671382858920  1.4099953468404349  
0.6800000000000004  -0.0500000000000000  1.0000000000000000  0.0029375663079785  0.0002937850395031  -1.7526226173311810  1.4357400556139175  
0.6900000000000004  -0.0500000000000000  1.0000000000000000  0.0029668403002823  0.0003067673023903  -1.7649809630166506  1.4627484394738914  
0.7000000000000004  -0.0500000000000000  1.0000000000000000  0.0029909994617005  0.0003202758394651  -1.7764146204622697  1.4895191199765798  
0.7100000000000004  -0.0500000000000000  1.0000000000000000  0.0030098703150852  0.0003341597103178  -1.7867002061471449  1.5156598297883723  
0.7200000000000004  -0.0500000000000000  1.0000000000000000  0.0030232328162013  0.0003449128106887  -1.7968564890680894  1.5419473865924240  
0.7300000000000004  -0.0500000000000000  1.0000000000000000  0.0030320052797805  0.0003497726070250  -1.8072171141648750  1.5686155006275500  
0.7400000000000004  -0.0500000000000000  1.0000000000000000  0.0030373014654152  0.0003456919051180  -1.8179698946042877  1.5957775994150563  
0.7500000000000004  -0.0500000000000000  1.0000000000000000  0.0030384404351076  0.0003304901455331  -1.8296346292525600  1.6239346005773310  
0.7600000000000005  -0.0500000000000000  1.0000000000000000  0.0030344914907071  0.0003093361581924  -1.8418715975047923  1.6528122673812744  
0.7700000000000005  -0.0500000000000000  1.0000000000000000  0.0030252494416379  0.0002927863496338  -1.8529998018812834  1.6806891708171414  
0.7800000000000005  -0.0500000000000000  1.0000000000000000  0.0030104532978159  0.0002846389750787  -1.8617399367746024  1.7060089422602411  
0.7900000000000005  -0.0500000000000000  1.0000000000000000  0.0029909290349654  0.0002789685291590  -1.8691218023474090  1.7294735330399391  
0.8000000000000005  -0.0500000000000000  1.0000000000000000  0.0029695350215359  0.0002701855045180  -1.8769669730513572  1.7528204682220851  
0.8100000000000005  -0.0500000000000000  1.0000000000000000  0.0029488201216337  0.0002586506796396  -1.8857320819261059  1.7766098946244602  
0.8200000000000005  -0.0500000000000000  1.0000000000000000  0.0029292436231614  0.0002455565970679  -1.8947249885953639  1.8002065311110964  
0.8300000000000005  -0.0500000000000000  1.0000000000000000  0.0029106076952385  0.0002283236964251  -1.9033608686645738  1.8230311460477644  
0.8400000000000005  -0.0500000000000000  1.0000000000000000  0.0028939528276844  0.0002048126666220  -1.9121239116263034  1.8456867246058595  
0.8500000000000005  -0.0500000000000000  1.0000000000000000  0.0028811119670402  0.0001796097809706  -1.9219135491587966  1.8693620744720783  
0.8600000000000005  -0.0500000000000000  1.0000000000000000  0.0028717152656898  0.0001608524067603  -1.9324243648916744  1.8939928486027311  
0.8700000000000006  -0.0500000000000000  1.0000000000000000  0.0028610117644774  0.0001502510811767  -1.9423095995129900  1.9181266254203804  
0.8800000000000006  -0.0500000000000000  1.0000000000000000  0.0028427488719692  0.0001404639883196  -1.9505835638057805  1.9403097561106410  
0.8900000000000006  -0.0500000000000000  1.0000000000000000  0.0028149263777664  0.0001237041325898  -1.9573035945749901  1.9600567512033173  
0.9000000000000006  -0.0500000000000000  1.0000000000000000  0.0027817806036785  0.0001003616472010  -1.9631799686497491  1.9777938986648120  
0.9100000000000006  -0.0500000000000000  1.0000000000000000  0.0027503514585674  0.0000790521986880  -1.9687426253757738  1.9941329655602615  
0.9200000000000006  -0.0500000000000000  1.0000000000000000  0.0027263216198088  0.0000698760098100  -1.9738947146821364  2.0092519638680137  
0.9300000000000006  -0.0500000000000000  1.0000000000000000  0.0027123103734543  0.0000761310016601  -1.9784714877337672  2.0232611184340183  
0.9400000000000006  -0.0500000000000000  1.0000000000000000  0.0027080650722942  0.0000906597403065  -1.9831678101876544  2.0371711885092290  
0.9500000000000006  -0.0500000000000000  1.0000000000000000  0.0027115588304130  0.0001016980113960  -1.9894520731694947  2.0528787350926949  
0.9600000000000006  -0.0500000000000000  1.0000000000000000  0.0027202634785087  0.0001036038464323  -1.9977709631877798  2.0711787080545645  
0.9700000000000006  -0.0500000000000000  1.0000000000000000  0.0027322998157071  0.0001005283013008  -2.0067609424595734  2.0907605496134569  
0.9800000000000006  -0.0500000000000000  1.0000000000000000  0.0027470824609511  0.0001007512165940  -2.0152033312276134  2.1103429608612969  
0.9900000000000007  -0.0500000000000000  1.0000000000000000  0.0027646093923554  0.0001101022882147  -2.0231961175737667  2.1301037769305475  
1.0000000000000007  -0.0500000000000000  1.0000000000000000  0.0027836553284116  0.0001293013088946  -2.0310664573918844  2.1504629395596333  
1.0100000000000007  -0.0500000000000000  1.0000000000000000  0.0028013356506531  0.0001539099736771  -2.0385655441259072  2.1710333018944006  
1.0200000000000007  -0.0500000000000000  1.0000000000000000  0.0028152438828535  0.0001768624800289  -2.0455370957628936  2.1914004564134921  
1.0300000000000007  -0.0500000000000000  1.0000000000000000  0.0028255839416670  0.0001938009973716  -2.0526001527689051  2.2121032412734998  
1.0400000000000007  -0.0500000000000000  1.0000000000000000  0.0028341925235898  0.0002057153572514  -2.0604017388993601  2.2338675622033364  
1.0500000000000007  -0.0500000000000000  1.0000000000000000  0.0028417737684040  0.0002143596097406  -2.0686097685657630  2.2563199411987602  
1.0600000000000007  -0.0500000000000000  1.0000000000000000  0.0028471217687192  0.0002179030102669  -2.0767371060013189  2.2788009596546357  
1.0700000000000007  -0.0500000000000000  1.0000000000000000  0.0028494147792024  0.0002140365114974  -2.0846407942588590  2.3010289454698309  
1.0800000000000007  -0.0500000000000000  1.0000000000000000  0.0028499104356476  0.0002052891161633  -2.0924802617688996  2.3231509333638134  
1.0900000000000007  -0.0500000000000000  1.0000000000000000  0.0028506586885415  0.0001971199607444  -2.1002395205667210  2.3451595767766884  
1.1000000000000008  -0.0500000000000000  1.0000000000000000  0.0028523525262865  0.0001911067164794  -2.1077870537304042  2.3668987319128787  
1.1100000000000008  -0.0500000000000000  1.0000000000000000  0.0028541869612929  0.0001835777708763  -2.1153956603692943  2.3886837934375436  
1.1200000000000008  -0.0500000000000000  1.0000000000000000  0.0028551537162811  0.0001717609768017  -2.1233205757729521  2.4108518159532690  
1.1300000000000008  -0.0500000000000000  1.0000000000000000  0.0028548648683954  0.0001590737401920  -2.1312783889712277  2.4330616494851820  
1.1400000000000008  -0.0500000000000000  1.0000000000000000  0.0028537561958247  0.0001521358620017  -2.1384358982465161  2.4541676921312661  
1.1500000000000008  -0.0500000000000000  1.0000000000000000  0.0028530473359031  0.0001525681332102  -2.1443839283485802  2.4734478281546561  
1.1600000000000008  -0.0500000000000000  1.0000000000000000  0.0028544360666059  0.0001535644028845  -2.1500266289292393  2.4919141921570040  
1.1700000000000008  -0.0500000000000000  1.0000000000000000  0.0028596950764584  0.0001462054104121  -2.1567960490343552  2.5115206780757537  
1.1800000000000008  -0.0500000000000000  1.0000000000000000  0.0028703766454641  0.0001285425568291  -2.1650629011196147  2.5331189224807242  
1.1900000000000008  -0.0500000000000000  1.0000000000000000  0.0028876007992354  0.0001076749584794  -2.1739116907346503  2.5559819199389455  
1.2000000000000008  -0.0500000000000000  1.0000000000000000  0.0029120048436838  0.0000935493879269  -2.1822328853046078  2.5790804253195012  
1.2100000000000009  -0.0500000000000000  1.0000000000000000  0.0029432924417407  0.0000917148045891  -2.1899093827869565  2.6025664017168482  
1.2200000000000009  -0.0500000000000000  1.0000000000000000  0.0029791889818893  0.0001008562553144  -2.1975060925947876  2.6273534082503383  
1.2300000000000009  -0.0500000000000000  1.0000000000000000  0.0030150974847986  0.0001148355757932  -2.2053157596651367  2.6538042351308877  
1.2400000000000009  -0.0500000000000000  1.0000000000000000  0.0030458269817671  0.0001270047001433  -2.2130058175397305  2.6811968016725158  
1.2500000000000009  -0.0500000000000000  1.0000000000000000  0.0030689424782196  0.0001342745250781  -2.2198987139574573  2.7081565058169432  
1.2600000000000009  -0.0500000000000000  1.0000000000000000  0.0030869218652442  0.0001385085364706  -2.2256892949327889  2.7338642162178064  
1.2700000000000009  -0.0500000000000000  1.0000000000000000  0.0031056993027897  0.0001441642561276  -2.2308605523348248  2.7589046360335763  
1.2800000000000009  -0.0500000000000000  1.0000000000000000  0.0031305467595935  0.0001545088632071  -2.2362523851642697  2.7847524801810710  
1.2900000000000009  -0.0500000000000000  1.0000000000000000  0.0031630036719800  0.0001696174360357  -2.2422436777732422  2.8124239254454850  
1.3000000000000009  -0.0500000000000000  1.0000000000000000  0.0032012786480919  0.0001870374875279  -2.2486286166929315  2.8420232282446887  
1.3100000000000009  -0.0500000000000000  1.0000000000000000  0.0032428752994349  0.0002041157064215  -2.2551443883145907  2.8734099338589463  
1.3200000000000010  -0.0500000000000000  1.0000000000000000  0.0032864265682764  0.0002200445638810  -2.2618508294638500  2.9068316697046330  
1.3300000000000010  -0.0500000000000000  1.0000000000000000  0.0033313454237597  0.0002361522259452  -2.2687703756124824  2.9425160024429493  
1.3400000000000010  -0.0500000000000000  1.0000000000000000  0.0033766426723531  0.0002548626781325  -2.2756387288521887  2.9802802083812971  
1.3500000000000010  -0.0500000000000000  1.0000000000000000  0.0034205856348797  0.0002786531829360  -2.2820757754506005  3.0196710468669705  
1.3600000000000010  -0.0500000000000000  1.0000000000000000  0.0034610873589847  0.0003088295406646  -2.2878717877124668  3.0602833880068192  
1.3700000000000010  -0.0500000000000000  1.0000000000000000  0.0034961390612301  0.0003428828446765  -2.2930165745775368  3.1017790137698968  
1.3800000000000010  -0.0500000000000000  1.0000000000000000  0.0035242040432814  0.0003730394190608  -2.2979608665078053  3.1443801245137415  
1.3900000000000010  -0.0500000000000000  1.0000000000000000  0.0035447473830364  0.0003901158482764  -2.3033362227353460  3.1887360339772757  
1.4000000000000010  -0.0500000000000000  1.0000000000000000  0.0035583256008799  0.0003910167674982  -2.3095729660752986  3.2354388085010215  
1.4100000000000010  -0.0500000000000000  1.0000000000000000  0.0035657945989074  0.0003818285962377  -2.3161777438145545  3.2837605600256370  
1.4200000000000010  -0.0500000000000000  1.0000000000000000  0.0035674533431683  0.0003715216339627  -2.3219962682341575  3.3317400685985956  
1.4300000000000010  -0.0500000000000000  1.0000000000000000  0.0035632708104394  0.0003637322079886  -2.3264529148043156  3.3780620656998597  
1.4400000000000011  -0.0500000000000000  1.0000000000000000  0.0035540768759484  0.0003560871917793  -2.3299298151070422  3.4229853975071358  
1.4500000000000011  -0.0500000000000000  1.0000000000000000  0.0035417909850698  0.0003462408382193  -2.3333317176571726  3.4678911156961085  
1.4600000000000011  -0.0500000000000000  1.0000000000000000  0.0035279591329744  0.0003355758456213  -2.3370325266992045  3.5135023496670068  
1.4700000000000011  -0.0500000000000000  1.0000000000000000  0.0035123154787510  0.0003264767976888  -2.3406819382015462  3.5592847248835655  
1.4800000000000011  -0.0500000000000000  1.0000000000000000  0.0034932476803791  0.0003186288011554  -2.3439437976533664  3.6044795085835042  
1.4900000000000011  -0.0500000000000000  1.0000000000000000  0.0034697509906295  0.0003097004098880  -2.3467648288097376  3.6486829807419290  
1.5000000000000011  -0.0500000000000000  1.0000000000000000  0.0034426486026991  0.0002982311067238  -2.3494404335798693  3.6921209970777236  
1.5100000000000011  -0.0500000000000000  1.0000000000000000  0.0034138230285110  0.0002842963901419  -2.3522609967718391  3.7351622142101877  
1.5200000000000011  -0.0500000000000000  1.0000000000000000  0.0033849080097646  0.0002677376672492  -2.3552278814659822  3.7778195712025204  
1.5300000000000011  -0.0500000000000000  1.0000000000000000  0.0033572181235797  0.0002480260710029  -2.3582612476209697  3.8200765054094856  
1.5400000000000011  -0.0500000000000000  1.0000000000000000  0.0033324662079484  0.0002263703751641  -2.3611995903976406  3.8619629599059948  
1.5500000000000012  -0.0500000000000000  1.0000000000000000  0.0033125833209956  0.0002070089616309  -2.3639528845809985  3.9038350449327575  
1.5600000000000012  -0.0500000000000000  1.0000000000000000  0.0032985124976134  0.0001959899871113  -2.3663563856301861  3.9460086843164586  
1.5700000000000012  -0.0500000000000000  1.0000000000000000  0.0032890335302000  0.0001977409232883  -2.3682363790999426  3.9886189035707331  
1.5800000000000012  -0.0500000000000000  1.0000000000000000  0.0032805151105118  0.0002117591451984  -2.3696564375001739  4.0318195937273220  
1.5900000000000012  -0.0500000000000000  1.0000000000000000  0.0032680650132145  0.0002315767075212  -2.3708599034566604  4.0756401339261101  
1.6000000000000012  -0.0500000000000000  1.0000000000000000  0.0032475373538584  0.0002472939282440  -2.3721918217169962  4.1200027504004346  
1.6100000000000012  -0.0500000000000000  1.0000000000000000  0.0032174897116942  0.0002514284075132  -2.3738855356608566  4.1646277561454648  
1.6200000000000012  -0.0500000000000000  1.0000000000000000  0.0031801262200424  0.0002442185651136  -2.3757541828852804  4.2087444115594446  
1.6300000000000012  -0.0500000000000000  1.0000000000000000  0.0031401614686911  0.0002334235976755  -2.3774612813996341  4.2516590363550621  
1.6400000000000012  -0.0500000000000000  1.0000000000000000  0.0031019051129332  0.0002277680883944  -2.3787325103845238  4.2930446734124939  
1.6500000000000012  -0.0500000000000000  1.0000000000000000  0.0030668923899551  0.0002298084551452  -2.3796377466797187  4.3332733304762767  
1.6600000000000013  -0.0500000000000000  1.0000000000000000  0.0030340237368128  0.0002352387436478  -2.3805099482811940  4.3731736900773148  
1.6700000000000013  -0.0500000000000000  1.0000000000000000  0.0030015925444919  0.0002387379721379  -2.3816323562436970  4.4134685280797532  
1.6800000000000013  -0.0500000000000000  1.0000000000000000  0.0029689735177099  0.0002400225153409  -2.3830332002149204  4.4543986827852668  
1.6900000000000013  -0.0500000000000000  1.0000000000000000  0.0029364787370130  0.0002438122892264  -2.3844289840214894  4.4955392443675386  
1.7000000000000013  -0.0500000000000000  1.0000000000000000  0.0029039560952865  0.0002540325536762  -2.3855615626286077  4.5363521132870517  
1.7100000000000013  -0.0500000000000000  1.0000000000000000  0.0028699769703907  0.0002688785328938  -2.3864769182782628  4.5767446039097921  
1.7200000000000013  -0.0500000000000000  1.0000000000000000  0.0028324537039405  0.0002819433871421  -2.3875846655212225  4.6172868452316305  
1.7300000000000013  -0.0500000000000000  1.0000000000000000  0.0027898197795404  0.0002874415993245  -2.3892870671130551  4.6584959849807648  
1.7400000000000013  -0.0500000000000000  1.0000000000000000  0.0027415708085824  0.0002832094883899  -2.3916335350505089  4.7000959491645604  
1.7500000000000013  -0.0500000000000000  1.0000000000000000  0.0026879575530239  0.0002693948372323  -2.3944520276439363  4.7413139116490868  
1.7600000000000013  -0.0500000000000000  1.0000000000000000  0.0026295150885868  0.0002467223811651  -2.3975536244042543  4.7814291694121955  
1.7700000000000014  -0.0500000000000000  1.0000000000000000  0.0025669775312017  0.0002175732726739  -2.4007769882989560  4.8198970258436553  
1.7800000000000014  -0.0500000000000000  1.0000000000000000  0.0025014474851247  0.0001873466561846  -2.4037990613529434  4.8558285358076558  
1.7900000000000014  -0.0500000000000000  1.0000000000000000  0.0024343904532999  0.0001621125245298  -2.4062953303653880  4.8882368774809057  
1.8000000000000014  -0.0500000000000000  1.0000000000000000  0.0023674939175337  0.0001443691674253  -2.4082567314761825  4.9168461862210755  
1.8100000000000014  -0.0500000000000000  1.0000000000000000  0.0023024490187714  0.0001315255298344  -2.4101397712063393  4.9426370505639916  
1.8200000000000014  -0.0500000000000000  1.0000000000000000  0.0022404504629926  0.0001187047990404  -2.4125799785583690  4.9672773393485210  
1.8300000000000014  -0.0500000000000000  1.0000000000000000  0.0021816237375079  0.0001024969131154  -2.4158692462717233  4.9917993692674765  
1.8400000000000014  -0.0500000000000000  1.0000000000000000  0.0021249961023440  0.0000825343072460  -2.4198356539069117  5.0160505351989162  
1.8500000000000014  -0.0500000000000000  1.0000000000000000  0.0020694947358243  0.0000608564726203  -2.4240210144347465  5.0389633525150277  
1.8600000000000014  -0.0500000000000000  1.0000000000000000  0.0020152198126927  0.0000399447132116  -2.4280798969152575  5.0595611611799596  
1.8700000000000014  -0.0500000000000000  1.0000000000000000  0.0019637146545482  0.0000207324413568  -2.4320208519570690  5.0777775415580582  
1.8800000000000014  -0.0500000000000000  1.0000000000000000  0.0019170755076211  0.0000021958624821  -2.4360914118016423  5.0944232644577143  
1.8900000000000015  -0.0500000000000000  1.0000000000000000  0.0018770591602375  -0.0000163148917364  -2.4404111071724772  5.1103759467331376  
1.9000000000000015  -0.0500000000000000  1.0000000000000000  0.0018450991036116  -0.0000318506998866  -2.4446936925835678  5.1258026264461813  
1.9100000000000015  -0.0500000000000000  1.0000000000000000  0.0018225228464267  -0.0000379355948006  -2.4484675783723922  5.1404847694343658  
1.9200000000000015  -0.0500000000000000  1.0000000000000000  0.0018098555589110  -0.0000292006145802  -2.4515292155005257  5.1547275061077213  
1.9300000000000015  -0.0500000000000000  1.0000000000000000  0.0018054808252284  -0.0000065380341360  -2.4541778939981991  5.1697845089975907  
1.9400000000000015  -0.0500000000000000  1.0000000000000000  0.0018051696179542  0.0000224096013164  -2.4569917405046846  5.1871911338190753  
1.9500000000000015  -0.0500000000000000  1.0000000000000000  0.0018035128937309  0.0000480137692461  -2.4603373568972922  5.2075410803575872  
1.9600000000000015  -0.0500000000000000  1.0000000000000000  0.0017964616210191  0.0000640668901828  -2.4641475846238250  5.2300300384613809  
1.9700000000000015  -0.0500000000000000  1.0000000000000000  0.0017831028405573  0.0000698189082815  -2.4680925312797704  5.2531343511322124  
1.9800000000000015  -0.0500000000000000  1.0000000000000000  0.0017655591912705  0.0000685113355871  -2.4718241356874051  5.2755581796671374  
1.9900000000000015  -0.0500000000000000  1.0000000000000000  0.0017473502253805  0.0000651977467899  -2.4751783714669751  5.2968988812286915  
2.0000000000000013  -0.0500000000000000  1.0000000000000000  0.0017313933425486  0.0000651804063047  -2.4780976736512006  5.3173460252825047  
2.0100000000000011  -0.0500000000000000  1.0000000000000000  0.0017187662453974  0.0000721566304355  -2.4805612195592186  5.3371739236766285  
2.0200000000000009  -0.0500000000000000  1.0000000000000000  0.0017088851914545  0.0000862104349163  -2.4825809200607920  5.3565181173545886  
2.0300000000000007  -0.0500000000000000  1.0000000000000000  0.0017007509010680  0.0001035876408986  -2.4843368081255148  5.3757918364924873  
2.0400000000000005  -0.0500000000000000  1.0000000000000000  0.0016940839266227  0.0001196525054571  -2.4861286023507772  5.3958381256009540  
2.0500000000000003  -0.0500000000000000  1.0000000000000000  0.0016893203598951  0.0001326742738712  -2.4881487731347351  5.4174803989825646  
2.0600000000000001  -0.0500000000000000  1.0000000000000000  0.0016865097050445  0.0001443513158910  -2.4903261670859838  5.4409106143493569  
2.0699999999999998  -0.0500000000000000  1.0000000000000000  0.0016844137196600  0.0001563114812770  -2.4923999910728338  5.4655709415402463  
2.0799999999999996  -0.0500000000000000  1.0000000000000000  0.0016809186382653  0.0001667269011264  -2.4942812000193251  5.4909638286245750  
2.0899999999999994  -0.0500000000000000  1.0000000000000000  0.0016743130278822  0.0001709216937110  -2.4961553288827689  5.5171409015915742  
2.0999999999999992  -0.0500000000000000  1.0000000000000000  0.0016640546118855  0.0001653451026275  -2.4982876920063597  5.5444789861846902  
2.1099999999999990  -0.0500000000000000  1.0000000000000000  0.0016504127133646  0.0001506846345305  -2.5006689078806010  5.5728337616451213  
2.1199999999999988  -0.0500000000000000  1.0000000000000000  0.0016337215247385  0.0001317044618385  -2.5029212712344155  5.6011399963199366  
2.1299999999999986  -0.0500000000000000  1.0000000000000000  0.0016142656513669  0.0001144305865695  -2.5045444178744916  5.6278724803310922  
2.1399999999999983  -0.0500000000000000  1.0000000000000000  0.0015928214481144  0.0001030912356620  -2.5052752794181385  5.6519851576689195  
2.1499999999999981  -0.0500000000000000  1.0000000000000000  0.0015709985374706  0.0000983380329147  -2.5052658870484632  5.6735731892334957  
2.1599999999999979  -0.0500000000000000  1.0000000000000000  0.0015507602382941  0.0000974530439170  -2.5049963962521140  5.6938717816486992  
2.1699999999999977  -0.0500000000000000  1.0000000000000000  0.0015335386350088  0.0000964654810823  -2.5049342414819655  5.7144313970373064  
2.1799999999999975  -0.0500000000000000  1.0000000000000000  0.0015196516549935  0.0000926555276509  -2.5052792301424005  5.7362760869624827  
2.1899999999999973  -0.0500000000000000  1.0000000000000000  0.0015083317944202  0.0000855012227448  -2.5058835460830280  5.7594422577374385  
2.1999999999999971  -0.0500000000000000  1.0000000000000000  0.0014982418803793  0.0000758702840306  -2.5064849659846220  5.7834200077429099  
2.2099999999999969  -0.0500000000000000  1.0000000000000000  0.0014881820640999  0.0000651340824728  -2.5068481275888606  5.8075702652827417  
2.2199999999999966  -0.0500000000000000  1.0000000000000000  0.0014777280784189  0.0000552372142903  -2.5068267393959602  5.8313995361954740  
2.2299999999999964  -0.0500000000000000  1.0000000000000000  0.0014675160435957  0.0000487742704242  -2.5063299616022503  5.8545709455053494  
2.2399999999999962  -0.0500000000000000  1.0000000000000000  0.0014589867351715  0.0000478708588709  -2.5053000288496579  5.8769616289788393  
2.2499999999999960  -0.0500000000000000  1.0000000000000000  0.0014538156600835  0.0000529474283017  -2.5037891431256880  5.8989956987564485  
2.2599999999999958  -0.0500000000000000  1.0000000000000000  0.0014534415490117  0.0000634149824977  -2.5018786220753033  5.9215282670680445  
2.2699999999999956  -0.0500000000000000  1.0000000000000000  0.0014586748638816  0.0000795609590101  -2.4995888219195330  5.9455109855186512  
2.2799999999999954  -0.0500000000000000  1.0000000000000000  0.0014690902175098  0.0001028437274338  -2.4969233144175926  5.9717796840921711  
2.2899999999999952  -0.0500000000000000  1.0000000000000000  0.0014823475381201  0.0001331275116546  -2.4939125797119051  6.0008305432718618  
2.2999999999999949  -0.0500000000000000  1.0000000000000000  0.0014941148836098  0.0001655835386993  -2.4907793651017371  6.0330595260859505  
2.3099999999999947  -0.0500000000000000  1.0000000000000000  0.0014992929249254  0.0001916251497897  -2.4878375065173031  6.0685916193543488  
2.3199999999999945  -0.0500000000000000  1.0000000000000000  0.0014941592683902  0.0002043270625051  -2.4852140978354820  6.1068230292726096  
2.3299999999999943  -0.0500000000000000  1.0000000000000000  0.0014779577980230  0.0002038040337898  -2.4827264435587151  6.1463387054436778  
2.3399999999999941  -0.0500000000000000  1.0000000000000000  0.0014527060402937  0.0001972745089677  -2.4799330139013387  6.1851841174241367  
2.3499999999999939  -0.0500000000000000  1.0000000000000000  0.0014214378977463  0.0001935415364927  -2.4765025241338794  6.2218640096796669  
2.3599999999999937  -0.0500000000000000  1.0000000000000000  0.0013863868763783  0.0001969966873351  -2.4724636000887026  6.2560138813026143  
2.3699999999999934  -0.0500000000000000  1.0000000000000000  0.0013483988126370  0.0002059175006841  -2.4681815602514514  6.2883299200879135  
2.3799999999999932  -0.0500000000000000  1.0000000000000000  0.0013075470193140  0.0002153486340552  -2.4641077068694548  6.3198657072522284  
2.3899999999999930  -0.0500000000000000  1.0000000000000000  0.0012640355930528  0.0002210633252014  -2.4605290756685991  6.3513378031950598  
2.3999999999999928  -0.0500000000000000  1.0000000000000000  0.0012185766085320  0.0002214672060455  -2.4574745518882217  6.3828730298416696  
2.4099999999999926  -0.0500000000000000  1.0000000000000000  0.0011720352104391  0.0002170836717102  -2.4548484449634729  6.4143562188847882  
2.4199999999999924  -0.0500000000000000  1.0000000000000000  0.0011247461988868  0.0002090268827044  -2.4525394223512942  6.4456542012139355  
2.4299999999999922  -0.0500000000000000  1.0000000000000000  0.0010761157285439  0.0001978242507458  -2.4504919760090376  6.4766645822932762  
2.4399999999999920  -0.0500000000000000  1.0000000000000000  0.0010248532487878  0.0001832929977454  -2.4487061869929900  6.5072133527168505  
2.4499999999999917  -0.0500000000000000  1.0000000000000000  0.0009697133384694  0.0001652037257153  -2.4471796292749639  6.5369086492198969  
2.4599999999999915  -0.0500000000000000  1.0000000000000000  0.0009101670875520  0.0001440289234514  -2.4459325822156570  6.5653200094621669  
2.4699999999999913  -0.0500000000000000  1.0000000000000000  0.0008464306012225  0.0001210291595688  -2.4449611559177082  6.5919728659892609  
2.4799999999999911  -0.0500000000000000  1.0000000000000000  0.0007790152420438  0.0000978102899228  -2.4442486485729753  6.6164171972416206  
2.4899999999999909  -0.0500000000000000  1.0000000000000000  0.0007085320723071  0.0000761159129123  -2.4437388886014708  6.6381241105711579  
2.4999999999999907  -0.0500000000000000  1.0000000000000000  0.0006360017290708  0.0000576268163707  -2.4433625054851711  6.6565461671711734  
2.5099999999999905  -0.0500000000000000  1.0000000000000000  0.0005631786176075  0.0000430855780087  -2.4431558327280136  6.6715644482634993  
2.5199999999999902  -0.0500000000000000  1.0000000000000000  0.0004922560102467  0.0000309919840003  -2.4433167158026552  6.6838633352819938  
2.5299999999999900  -0.0500000000000000  1.0000000000000000  0.0004248870244587  0.0000176159972000  -2.4441546821341649  6.6948959085033035  
2.5399999999999898  -0.0500000000000000  1.0000000000000000  0.0003613507548279  -0.0000004070284188  -2.4458499158416829  6.7060129308024328  
2.5499999999999896  -0.0500000000000000  1.0000000000000000  0.0003006255085937  -0.0000227954590717  -2.4482355821531407  6.7174106390041528  
2.5599999999999894  -0.0500000000000000  1.0000000000000000  0.0002411892841672  -0.0000451237593432  -2.4508719983335716  6.7279920634824286  
2.5699999999999892  -0.0500000000000000  1.0000000000000000  0.0001818729768843  -0.0000620648817528  -2.4533691211609150  6.7363025961284011  
2.5799999999999890  -0.0500000000000000  1.0000000000000000  0.0001223500950343  -0.0000712284137568  -2.4556553843261604  6.7416507715207317  
2.5899999999999888  -0.0500000000000000  1.0000000000000000  0.0000632345087130  -0.0000739884137396  -2.4579655452237090  6.7444549400235232  
2.5999999999999885  -0.0500000000000000  1.0000000000000000  0.0000058977860274  -0.0000730504166289  -2.4596016771955815  6.7429883501167076  
2.6099999999999883  -0.0500000000000000  1.0000000000000000  -0.0000478382296573  -0.0000697087606342  -2.4630445965623280  6.7445744810881063  
2.6199999999999881  -0.0500000000000000  1.0000000000000000  -0.0000962385783887  -0.0000631228520070  -2.4662195932617643  6.7442730783657669  
2.6299999999999879  -0.0500000000000000  1.0000000000000000  -0.0001384357301981  -0.0000525544408398  -2.4695953189247764  6.7441958509530835  
2.6399999999999877  -0.0500000000000000  1.0000000000000000  -0.0001749443218277  -0.0000383636418455  -2.4730675106243414  6.7448806323066144  
2.6499999999999875  -0.0500000000000000  1.0000000000000000  -0.0002080749656216  -0.0000230678392626  -2.4767974478675674  6.7473153414785418  
2.6599999999999873  -0.0500000000000000  1.0000000000000000  -0.0002418329422566  -0.0000105719841575  -2.4809656361329266  6.7519617482093723  
2.6699999999999871  -0.0500000000000000  1.0000000000000000  -0.0002803813261352  -0.0000042555907819  -2.4855564135104844  6.7580811501662730  
2.6799999999999868  -0.0500000000000000  1.0000000000000000  -0.0003264990550938  -0.0000055462950856  -2.4904949224113033  6.7643396393867521  
2.6899999999999866  -0.0500000000000000  1.0000000000000000  -0.0003805494015591  -0.0000129373926967  -2.4955799838953134  6.7690358671143773  
2.6999999999999864  -0.0500000000000000  1.0000000000000000  -0.0004406273574495  -0.0000224363011123  -2.5006974544613416  6.7710218768412327  
2.7099999999999862  -0.0500000000000000  1.0000000000000000  -0.0005039491230454  -0.0000294663187630  -2.5058344654386904  6.7698121487345437  
2.7199999999999860  -0.0500000000000000  1.0000000000000000  -0.0005684163482734  -0.0000318233942356  -2.5110630007503385  6.7653704101514869  
2.7299999999999858  -0.0500000000000000  1.0000000000000000  -0.0006330154315843  -0.0000312495601997  -2.5166171961507842  6.7581770606625797  
2.7399999999999856  -0.0500000000000000  1.0000000000000000  -0.0006970398154433  -0.0000324234746067  -2.5227416490061172  6.7488628197054386  
2.7499999999999853  -0.0500000000000000  1.0000000000000000  -0.0007594605661430  -0.0000401734969977  -2.5296437888711010  6.7382272995225767  
2.7599999999999851  -0.0500000000000000  1.0000000000000000  -0.0008187541212006  -0.0000562245627091  -2.5373218364278740  6.7268362952945315  
2.7699999999999849  -0.0500000000000000  1.0000000000000000  -0.0008734165158313  -0.0000779902619053  -2.5455221722992367  6.7147496670622617  
2.7799999999999847  -0.0500000000000000  1.0000000000000000  -0.0009229046675447  -0.0001004310406912  -2.5538579425485035  6.7015503199436122  
2.7899999999999845  -0.0500000000000000  1.0000000000000000  -0.0009677557692277  -0.0001193059922352  -2.5620016537696713  6.6867000438511939  
2.7999999999999843  -0.0500000000000000  1.0000000000000000  -0.0010089828143846  -0.0001335253379789  -2.5698925529055536  6.6701664697695140  
2.8099999999999841  -0.0500000000000000  1.0000000000000000  -0.0010476367299251  -0.0001449996308857  -2.5777161668308555  6.6525380083733445  
2.8199999999999839  -0.0500000000000000  1.0000000000000000  -0.0010845128526372  -0.0001560905740806  -2.5856994252243983  6.6345353633919473  
2.8299999999999836  -0.0500000000000000  1.0000000000000000  -0.0011199932888675  -0.0001672069262418  -2.5938668997672485  6.6162746047901422  
2.8399999999999834  -0.0500000000000000  1.0000000000000000  -0.0011541907602225  -0.0001770099196382  -2.6020438288611962  6.5971910002401257  
2.8499999999999832  -0.0500000000000000  1.0000000000000000  -0.0011868747366770  -0.0001844153037228  -2.6100400607845486  6.5766062444825550  
2.8599999999999830  -0.0500000000000000  1.0000000000000000  -0.0012171207978214  -0.0001898731007381  -2.6178125746003662  6.5543831381010405  
2.8699999999999828  -0.0500000000000000  1.0000000000000000  -0.0012433696279505  -0.0001948717267942  -2.6254645380099393  6.5311058334159098  
2.8799999999999826  -0.0500000000000000  1.0000000000000000  -0.0012639530251249  -0.0002004192474256  -2.6331231714845171  6.5077594267807397  
2.8899999999999824  -0.0500000000000000  1.0000000000000000  -0.0012778407482467  -0.0002062035967938  -2.6408018662405048  6.4852019271406949  
2.8999999999999821  -0.0500000000000000  1.0000000000000000  -0.0012853359564943  -0.0002109654076328  -2.6483659241325448  6.4638416412466055  
2.9099999999999819  -0.0500000000000000  1.0000000000000000  -0.0012880815483980  -0.0002130533106041  -2.6556151616421868  6.4436493231299625  
2.9199999999999817  -0.0500000000000000  1.0000000000000000  -0.0012882250404959  -0.0002104906773714  -2.6623396780841970  6.4242065309208920  
2.9299999999999815  -0.0500000000000000  1.0000000000000000  -0.0012874853130731  -0.0002013793637796  -2.6684023501689440  6.4049518819556779  
2.9399999999999813  -0.0500000000000000  1.0000000000000000  -0.0012866735498725  -0.0001851211655203  -2.6738340232391722  6.3855642349431516  
2.9499999999999811  -0.0500000000000000  1.0000000000000000  -0.0012855870811224  -0.0001635305621923  -2.6788261708775609  6.3661864268038135  
2.9599999999999809  -0.0500000000000000  1.0000000000000000  -0.0012832206168477  -0.0001404782243429  -2.6836608672656070  6.3474664661032083  
2.9699999999999807  -0.0500000000000000  1.0000000000000000  -0.0012781269718155  -0.0001196718072201  -2.6885357822198417  6.3302411392182343  
2.9799999999999804  -0.0500000000000000  1.0000000000000000  -0.0012688565993681  -0.0001021818766329  -2.6934564747705827  6.3152032048958366  
2.9899999999999802  -0.0500000000000000  1.0000000000000000  -0.0012547093966783  -0.0000860484185682  -2.6982381767469867  6.3026853688291240  
2.9999999999999800  -0.0500000000000000  1.0000000000000000  -0.0012365183456188  -0.0000684327923432  -2.7026718336181057  6.2927644367368352  
3.0099999999999798  -0.0500000000000000  1.0000000000000000  -0.0012168693589366  -0.0000485193385269  -2.7066653857552327  6.2853810076574526  
3.0199999999999796  -0.0500000000000000  1.0000000000000000  -0.0011995397094657  -0.0000286913662564  -2.7103115745527662  6.2804355272237684  
3.0299999999999794  -0.0500000000000000  1.0000000000000000  -0.0011882646740431  -0.0000128303104967  -2.7137632521960424  6.2775796309037082  
3.0399999999999792  -0.0500000000000000  1.0000000000000000  -0.0011853643339165  -0.0000031250630461  -2.7170707377541641  6.2760008698423322  
3.0499999999999790  -0.0500000000000000  1.0000000000000000  -0.0011911162919755  0.0000016734213592  -2.7201257010984161  6.2744745436183491  
3.0599999999999787  -0.0500000000000000  1.0000000000000000  -0.0012041446154705  0.0000049543302228  -2.7227929586765214  6.2718293509905312  
3.0699999999999785  -0.0500000000000000  1.0000000000000000  -0.0012224217576082  0.0000090515882823  -2.7251075367116218  6.2675083049282749  
3.0799999999999783  -0.0500000000000000  1.0000000000000000  -0.0012442614934085  0.0000129053321237  -2.7273239874397919  6.2617181588289892  
3.0899999999999781  -0.0500000000000000  1.0000000000000000  -0.0012686012693074  0.0000127068429489  -2.7297803054861873  6.2550785245241478  
3.0999999999999779  -0.0500000000000000  1.0000000000000000  -0.0012944890821785  0.0000049514424753  -2.7326827129788049  6.2480733495507463  
3.1099999999999777  -0.0500000000000000  1.0000000000000000  -0.0013205229265061  -0.0000108048808423  -2.7359540953030970  6.2406907195778762  
3.1199999999999775  -0.0500000000000000  1.0000000000000000  -0.0013449046321997  -0.0000315949256696  -2.7393360730335519  6.2326709980149833  
3.1299999999999772  -0.0500000000000000  1.0000000000000000  -0.0013660756568730  -0.0000527069446509  -2.7425368942907715  6.2238307158182860  
3.1399999999999770  -0.0500000000000000  1.0000000000000000  -0.0013834146332266  -0.0000697907774332  -2.7453420474169841  6.2141972968851027  
3.1499999999999768  -0.0500000000000000  1.0000000000000000  -0.0013974362930007  -0.0000802330909545  -2.7476829807539747  6.2039978879362296  
3.1599999999999766  -0.0500000000000000  1.0000000000000000  -0.0014093681207959  -0.0000837513274106  -2.7496130450859386  6.1935096734683395  
3.1699999999999764  -0.0500000000000000  1.0000000000000000  -0.0014205732988351  -0.0000824636384850  -2.7513473113987295  6.1832016335565392  
3.1799999999999762  -0.0500000000000000  1.0000000000000000  -0.0014322516495099  -0.0000800665548713  -2.7531659188587718  6.1736247563711801  
3.1899999999999760  -0.0500000000000000  1.0000000000000000  -0.0014453882355671  -0.0000800883837647  -2.7552575530886045  6.1651003295794178  
3.1999999999999758  -0.0500000000000000  1.0000000000000000  -0.0014606479246290  -0.0000840052881944  -2.7576011256698214  6.1574089259125566  
3.2099999999999755  -0.0500000000000000  1.0000000000000000  -0.0014780991410688  -0.0000907034638739  -2.7599368689116592  6.1497023722228077  
3.2199999999999753  -0.0500000000000000  1.0000000000000000  -0.0014969947692823  -0.0000978126914382  -2.7620078563313730  6.1411551638344264  
3.2299999999999751  -0.0500000000000000  1.0000000000000000  -0.0015158899480904  -0.0001034892417122  -2.7637243216250349  6.1315278823956714  
3.2399999999999749  -0.0500000000000000  1.0000000000000000  -0.0015332885048925  -0.0001072648534387  -2.7652183848788701  6.1214012906741777  
3.2499999999999747  -0.0500000000000000  1.0000000000000000  -0.0015485166294540  -0.0001092207554309  -2.7666805202409508  6.1117038884493358  
3.2599999999999745  -0.0500000000000000  1.0000000000000000  -0.0015622124495726  -0.0001086493634463  -2.7681461543204744  6.1029518546536252  
3.2699999999999743  -0.0500000000000000  1.0000000000000000  -0.0015761776841764  -0.0001038371879090  -2.7694735135932138  6.0949181182312611  
3.2799999999999740  -0.0500000000000000  1.0000000000000000  -0.0015926335858184  -0.0000933648597043  -2.7705013737384108  6.0868923201882170  
3.2899999999999738  -0.0500000000000000  1.0000000000000000  -0.0016133116560420  -0.0000778557388752  -2.7712565734249370  6.0782890303099810  
3.2999999999999736  -0.0500000000000000  1.0000000000000000  -0.0016388902137264  -0.0000605508784085  -2.7720160318999447  6.0690536945400355  
3.3099999999999734  -0.0500000000000000  1.0000000000000000  -0.0016689166810453  -0.0000460019955048  -2.7731442839251419  6.0595299169603534  
3.3199999999999732  -0.0500000000000000  1.0000000000000000  -0.0017020485677409  -0.0000376335339614  -2.7748676834973010  6.0500504260440540  
3.3299999999999730  -0.0500000000000000  1.0000000000000000  -0.0017364530014141  -0.0000359213823006  -2.7771329009341161  6.0406067442047391  
3.3399999999999728  -0.0500000000000000  1.0000000000000000  -0.0017703473038080  -0.0000383898932285  -2.7796967646755046  6.0309798608463225  
3.3499999999999726  -0.0500000000000000  1.0000000000000000  -0.0018026721291280  -0.0000412678888900  -2.7823206532343083  6.0210629668466238  
3.3599999999999723  -0.0500000000000000  1.0000000000000000  -0.0018337431396696  -0.0000416365054986  -2.7849040251844732  6.0109861800851112  
3.3699999999999721  -0.0500000000000000  1.0000000000000000  -0.0018654757015297  -0.0000388390037833  -2.7874943407081934  6.0009214642476980  
3.3799999999999719  -0.0500000000000000  1.0000000000000000  -0.0019008024146158  -0.0000345878277010  -2.7902040895087752  5.9907661258907021  
3.3899999999999717  -0.0500000000000000  1.0000000000000000  -0.0019424726987803  -0.0000319962428798  -2.7931441638465064  5.9800428709403342  
3.3999999999999715  -0.0500000000000000  1.0000000000000000  -0.0019919433485352  -0.0000340645247658  -2.7964159039877732  5.9681078558613629  
3.4099999999999713  -0.0500000000000000  1.0000000000000000  -0.0020489637551283  -0.0000422571868328  -2.8000911310824219  5.9543511572313630  
3.4199999999999711  -0.0500000000000000  1.0000000000000000  -0.0021120195118640  -0.0000560867608821  -2.8041826614714398  5.9382455650178452  
3.4299999999999708  -0.0500000000000000  1.0000000000000000  -0.0021792181157404  -0.0000740832375236  -2.8086596510485204  5.9193464583744602  
3.4399999999999706  -0.0500000000000000  1.0000000000000000  -0.0022488930332640  -0.0000954302143517  -2.8134968460674372  5.8973358836543790  
3.4499999999999704  -0.0500000000000000  1.0000000000000000  -0.0023195956451240  -0.0001207669816513  -2.8187115065843180  5.8721236394643865  
3.4599999999999702  -0.0500000000000000  1.0000000000000000  -0.0023897214891385  -0.0001510966935804  -2.8243485239246326  5.8439063043907806  
3.4699999999999700  -0.0500000000000000  1.0000000000000000  -0.0024572350798420  -0.0001855325427695  -2.8303558922461920  5.8129565086256649  
3.4799999999999698  -0.0500000000000000  1.0000000000000000  -0.0025198814609661  -0.0002200746310238  -2.8365013849212670  5.7793948875512449  
3.4899999999999696  -0.0500000000000000  1.0000000000000000  -0.0025758274980774  -0.0002489432148873  -2.8424628945936887  5.7432460171704793  
3.4999999999999694  -0.0500000000000000  1.0000000000000000  -0.0026242569610179  -0.0002677438684405  -2.8480153651625364  5.7046977406305457  
3.5099999999999691  -0.0500000000000000  1.0000000000000000  -0.0026654939158709  -0.0002759998525658  -2.8532227837057924  5.6644349517232904  
3.5199999999999689  -0.0500000000000000  1.0000000000000000  -0.0027006719615234  -0.0002771849262305  -2.8583961755945464  5.6235370475972681  
3.5299999999999687  -0.0500000000000000  1.0000000000000000  -0.0027312773689328  -0.0002765090974583  -2.8639089105564346  5.5830935120266112  
3.5399999999999685  -0.0500000000000000  1.0000000000000000  -0.0027588243438727  -0.0002781751620544  -2.8699612747843530  5.5437051445972791  
3.5499999999999683  -0.0500000000000000  1.0000000000000000  -0.0027846599519941  -0.0002838710595401  -2.8764383465994277  5.5051755091642232  
3.5599999999999681  -0.0500000000000000  1.0000000000000000  -0.0028097293182328  -0.0002928414555386  -2.8830007588661464  5.4667230745838715  
3.5699999999999679  -0.0500000000000000  1.0000000000000000  -0.0028342137798553  -0.0003028191361579  -2.8892529812472816  5.4274213696360167  
3.5799999999999677  -0.0500000000000000  1.0000000000000000  -0.0028573313085007  -0.0003110563682185  -2.8949407718241118  5.3867336928990674  
3.5899999999999674  -0.0500000000000000  1.0000000000000000  -0.0028776293738829  -0.0003150880702537  -2.9000228270189519  5.3447447867308044  
3.5999999999999672  -0.0500000000000000  1.0000000000000000  -0.0028937454356308  -0.0003133494143216  -2.9046283128153574  5.3020561525524172  
3.6099999999999670  -0.0500000000000000  1.0000000000000000  -0.0029052375418636  -0.0003055719326786  -2.9089370564278676  5.2594295121398424  
3.6199999999999668  -0.0500000000000000  1.0000000000000000  -0.0029129725671869  -0.0002927511118609  -2.9130934657937182  5.2174544239379923  
3.6299999999999666  -0.0500000000000000  1.0000000000000000  -0.0029188395912312  -0.0002766218168841  -2.9171571359151804  5.1763291203821700  
3.6399999999999664  -0.0500000000000000  1.0000000000000000  -0.0029249748428457  -0.0002590775179641  -2.9211093100874832  5.1358381289871300  
3.6499999999999662  -0.0500000000000000  1.0000000000000000  -0.0029329603362838  -0.0002420723371097  -2.9249380542887011  5.0955728460965934  
3.6599999999999659  -0.0500000000000000  1.0000000000000000  -0.0029433270903481  -0.0002279065939565  -2.9286721617135600  5.0551449538845228  
3.6699999999999657  -0.0500000000000000  1.0000000000000000  -0.0029554488893918  -0.0002190958035852  -2.9324308063489091  5.0144518183795350  
3.6799999999999655  -0.0500000000000000  1.0000000000000000  -0.0029677634872324  -0.0002171734646519  -2.9363051961163729  4.9735975843749589  
3.6899999999999653  -0.0500000000000000  1.0000000000000000  -0.0029782153128849  -0.0002210765597767  -2.9402510131895152  4.9327275277255191  
3.6999999999999651  -0.0500000000000000  1.0000000000000000  -0.0029848671301459  -0.0002266698515617  -2.9440432306630138  4.8918603686514404  
3.7099999999999649  -0.0500000000000000  1.0000000000000000  -0.0029865887641801  -0.0002285611952694  -2.9473806861858858  4.8509227200267899  
3.7199999999999647  -0.0500000000000000  1.0000000000000000  -0.0029835997650546  -0.0002233310439361  -2.9501423243122828  4.8100449052666496  
3.7299999999999645  -0.0500000000000000  1.0000000000000000  -0.0029775244133493  -0.0002118096990440  -2.9524458522175987  4.7695653869169048  
3.7399999999999642  -0.0500000000000000  1.0000000000000000  -0.0029708170686773  -0.0001985990131279  -2.9546044150594870  4.7299316336465154  
3.7499999999999640  -0.0500000000000000  1.0000000000000000  -0.0029657756220908  -0.0001892088005288  -2.9568460111722459  4.6912692136105569  
3.7599999999999638  -0.0500000000000000  1.0000000000000000  -0.0029636602126331  -0.0001870727739633  -2.9592016815650641  4.6532870629155703  
3.7699999999999636  -0.0500000000000000  1.0000000000000000  -0.0029644221217599  -0.0001924636434559  -2.9614950857466331  4.6153689153591122  
3.7799999999999634  -0.0500000000000000  1.0000000000000000  -0.0029670998709277  -0.0002035952500682  -2.9635098103933264  4.5769252222711163  
3.7899999999999632  -0.0500000000000000  1.0000000000000000  -0.0029704797904227  -0.0002184056437129  -2.9651289979867168  4.5376355831909114  
3.7999999999999630  -0.0500000000000000  1.0000000000000000  -0.0029734744243320  -0.0002355253640596  -2.9662934276118431  4.4973638448093789  
3.8099999999999627  -0.0500000000000000  1.0000000000000000  -0.0029750252811236  -0.0002539686089065  -2.9669836973771013  4.4561147837967390  
3.8199999999999625  -0.0500000000000000  1.0000000000000000  -0.0029737601727156  -0.0002722615006663  -2.9671326467921193  4.4139239026394392  
3.8299999999999623  -0.0500000000000000  1.0000000000000000  -0.0029678735290641  -0.0002880046728879  -2.9666959683857637  4.3710080687785631  
3.8399999999999621  -0.0500000000000000  1.0000000000000000  -0.0029554668780804  -0.0002982443394323  -2.9656443377412351  4.3277605089989306  
3.8499999999999619  -0.0500000000000000  1.0000000000000000  -0.0029351601138234  -0.0003005073589980  -2.9640306333858240  4.2847950108147925  
3.8599999999999617  -0.0500000000000000  1.0000000000000000  -0.0029066010581177  -0.0002939283828963  -2.9619856396341997  4.2428331221132831  
3.8699999999999615  -0.0500000000000000  1.0000000000000000  -0.0028705703386189  -0.0002799551725690  -2.9597053690417385  4.2025927233369478  
3.8799999999999613  -0.0500000000000000  1.0000000000000000  -0.0028287290262379  -0.0002621730701131  -2.9574803455752079  4.1647857567657951  
3.8899999999999610  -0.0500000000000000  1.0000000000000000  -0.0027832210276773  -0.0002450691502212  -2.9555739864691435  4.1299405172561290  
3.8999999999999608  -0.0500000000000000  1.0000000000000000  -0.0027363097307254  -0.0002321078495857  -2.9540997406902778  4.0982363367376990  
3.9099999999999606  -0.0500000000000000  1.0000000000000000  -0.0026900606411912  -0.0002240222518508  -2.9528639918601458  4.0692802655323543  
3.9199999999999604  -0.0500000000000000  1.0000000000000000  -0.0026459726778919  -0.0002184315471496  -2.9513646374642608  4.0421167572296577  
3.9299999999999602  -0.0500000000000000  1.0000000000000000  -0.0026046111274111  -0.0002112051466534  -2.9490443863591307  4.0156460239889507  
3.9399999999999600  -0.0500000000000000  1.0000000000000000  -0.0025654958033829  -0.0001987992132828  -2.9456186989649349  3.9891977195246713  
3.9499999999999598  -0.0500000000000000  1.0000000000000000  -0.0025274762682792  -0.0001800620038716  -2.9412627032921055  3.9628954015308047  
3.9599999999999596  -0.0500000000000000  1.0000000000000000  -0.0024895254034689  -0.0001564006444450  -2.9364927137275334  3.9375077418642102  
3.9699999999999593  -0.0500000000000000  1.0000000000000000  -0.0024515409900993  -0.0001305143763102  -2.9318228638906283  3.9138716881590163  
3.9799999999999591  -0.0500000000000000  1.0000000000000000  -0.0024146495202453  -0.0001049653824726  -2.9274630224983889  3.8923192193753624  
3.9899999999999589  -0.0500000000000000  1.0000000000000000  -0.0023808305024075  -0.0000816348166608  -2.9233256650107671  3.8725779043590158  
3.9999999999999587  -0.0500000000000000  1.0000000000000000  -0.0023521250835048  -0.0000620760262074  -2.9192112779478023  3.8540239008857866  
4.0099999999999589  -0.0500000000000000  1.0000000000000000  -0.0023298790726937  -0.0000479032979476  -2.9150269193665062  3.8360701338702676  
4.0199999999999587  -0.0500000000000000  1.0000000000000000  -0.0023143366881236  -0.0000404676349522  -2.9107952353312521  3.8182972774865425  
4.0299999999999585  -0.0500000000000000  1.0000000000000000  -0.0023046153831236  -0.0000399941400901  -2.9065422344371341  3.8003960087460071  
4.0399999999999583  -0.0500000000000000  1.0000000000000000  -0.0022989503003843  -0.0000448867782643  -2.9022097546862247  3.7821015998439953  
4.0499999999999581  -0.0500000000000000  1.0000000000000000  -0.0022951183946207  -0.0000518673955093  -2.8976782036918451  3.7632438263328090  
4.0599999999999579  -0.0500000000000000  1.0000000000000000  -0.0022910346618590  -0.0000570443889564  -2.8928726649266769  3.7438636315782370  
4.0699999999999577  -0.0500000000000000  1.0000000000000000  -0.0022854126611974  -0.0000574952321973  -2.8878131954847377  3.7242079867946529  
4.0799999999999574  -0.0500000000000000  1.0000000000000000  -0.0022782307551621  -0.0000527072087777  -2.8826537828652388  3.7046730215765016  
4.0899999999999572  -0.0500000000000000  1.0000000000000000  -0.0022707258896043  -0.0000451465771090  -2.8775843283605393  3.6855815088959472  
4.0999999999999570  -0.0500000000000000  1.0000000000000000  -0.0022648240806707  -0.0000394755997446  -2.8728027028090102  3.6671159965167566  
4.1099999999999568  -0.0500000000000000  1.0000000000000000  -0.0022622944047604  -0.0000404936980601  -2.8684301110318691  3.6492473412653004  
4.1199999999999566  -0.0500000000000000  1.0000000000000000  -0.0022640821938807  -0.0000507969089287  -2.8644223364858332  3.6316934857123457  
4.1299999999999564  -0.0500000000000000  1.0000000000000000  -0.0022701766089870  -0.0000695075864158  -2.8605747632666909  3.6139789366416939  
4.1399999999999562  -0.0500000000000000  1.0000000000000000  -0.0022799600268386  -0.0000929448572768  -2.8565184435414892  3.5954404288393063  
4.1499999999999559  -0.0500000000000000  1.0000000000000000  -0.0022926589252040  -0.0001167993202066  -2.8518962065557130  3.5754420261064386  
4.1599999999999557  -0.0500000000000000  1.0000000000000000  -0.0023075170110437  -0.0001382496988443  -2.8465113981943286  3.5535720549012297  
4.1699999999999555  -0.0500000000000000  1.0000000000000000  -0.0023236098732880  -0.0001565748109673  -2.8404029291733344  3.5297807114539244  
4.1799999999999553  -0.0500000000000000  1.0000000000000000  -0.0023395601536898  -0.0001720812405483  -2.8337701372115487  3.5043383056845379  
4.1899999999999551  -0.0500000000000000  1.0000000000000000  -0.0023535295489431  -0.0001845453462760  -2.8268390309067817  3.4776922241232069  
4.1999999999999549  -0.0500000000000000  1.0000000000000000  -0.0023636184870858  -0.0001926953734637  -2.8197456308983950  3.4502990058816261  
4.2099999999999547  -0.0500000000000000  1.0000000000000000  -0.0023684422987634  -0.0001952110084393  -2.8125629462208828  3.4226012088946502  
4.2199999999999545  -0.0500000000000000  1.0000000000000000  -0.0023675746866291  -0.0001921902571138  -2.8054410901958238  3.3951428610353100  
4.2299999999999542  -0.0500000000000000  1.0000000000000000  -0.0023616613488988  -0.0001857251525982  -2.7986163762364851  3.3685310487264100  
4.2399999999999540  -0.0500000000000000  1.0000000000000000  -0.0023522363600214  -0.0001789539522471  -2.7923520498392373  3.3433201071423109  
4.2499999999999538  -0.0500000000000000  1.0000000000000000  -0.0023413995105048  -0.0001743182631434  -2.7867252741609119  3.3197108389751895  
4.2599999999999536  -0.0500000000000000  1.0000000000000000  -0.0023314468680518  -0.0001723565365446  -2.7815047374631923  3.2973713130456224  
4.2699999999999534  -0.0500000000000000  1.0000000000000000  -0.0023244282059348  -0.0001716528222210  -2.7762180897820641  3.2755240876290395  
4.2799999999999532  -0.0500000000000000  1.0000000000000000  -0.0023216489949570  -0.0001697601896944  -2.7703099313519939  3.2531929282768908  
4.2899999999999530  -0.0500000000000000  1.0000000000000000  -0.0023233146162174  -0.0001644206087376  -2.7634905064902564  3.2297098266459110  
4.2999999999999527  -0.0500000000000000  1.0000000000000000  -0.0023285287695990  -0.0001545973522766  -2.7557403665288267  3.2048164925326792  
4.3099999999999525  -0.0500000000000000  1.0000000000000000  -0.0023357875973359  -0.0001410708243584  -2.7474056843215600  3.1788297663237919  
4.3199999999999523  -0.0500000000000000  1.0000000000000000  -0.0023437840194034  -0.0001263720128354  -2.7390130536616644  3.1524088832255952  
4.3299999999999521  -0.0500000000000000  1.0000000000000000  -0.0023520974599698  -0.0001139095418749  -2.7310259047918213  3.1261926359853649  
4.3399999999999519  -0.0500000000000000  1.0000000000000000  -0.0023613941979625  -0.0001065481888394  -2.7236309375869392  3.1004498764135784  
4.3499999999999517  -0.0500000000000000  1.0000000000000000  -0.0023730348560589  -0.0001054746650469  -2.7166356415769473  3.0748860516156680  
4.3599999999999515  -0.0500000000000000  1.0000000000000000  -0.0023883504017155  -0.0001101098748214  -2.7096232811563810  3.0488140090970224  
4.3699999999999513  -0.0500000000000000  1.0000000000000000  -0.0024079731030265  -0.0001190400319157  -2.7021807032035272  3.0214767298550957  
4.3799999999999510  -0.0500000000000000  1.0000000000000000  -0.0024314911857595  -0.0001310846631144  -2.6940926369732945  2.9923663717069884  
4.3899999999999508  -0.0500000000000000  1.0000000000000000  -0.0024574662455857  -0.0001454972140122  -2.6853862826698922  2.9613624023528184  
4.3999999999999506  -0.0500000000000000  1.0000000000000000  -0.0024837052005606  -0.0001612511005725  -2.6761811190954452  2.9286058454425095  
4.4099999999999504  -0.0500000000000000  1.0000000000000000  -0.0025076915200059  -0.0001763712066316  -2.6665821141812160  2.8943731110776350  
4.4199999999999502  -0.0500000000000000  1.0000000000000000  -0.0025271395385760  -0.0001883460207278  -2.6566546640537680  2.8590060866860396  
4.4299999999999500  -0.0500000000000000  1.0000000000000000  -0.0025405685478960  -0.0001956702711528  -2.6465094626828432  2.8229438420189852  
4.4399999999999498  -0.0500000000000000  1.0000000000000000  -0.0025476776222634  -0.0001992903490123  -2.6363657616887717  2.7867266817779117  
4.4499999999999496  -0.0500000000000000  1.0000000000000000  -0.0025492954449283  -0.0002025989025771  -2.6264945357658926  2.7508831222336263  
4.4599999999999493  -0.0500000000000000  1.0000000000000000  -0.0025468886500938  -0.0002096620904199  -2.6170678980530768  2.7157436633045910  
4.4699999999999491  -0.0500000000000000  1.0000000000000000  -0.0025418695891068  -0.0002228152383619  -2.6080057963666872  2.6812875950401946  
4.4799999999999489  -0.0500000000000000  1.0000000000000000  -0.0025351109262547  -0.0002412833623303  -2.5989938037907132  2.6471961297573943  
4.4899999999999487  -0.0500000000000000  1.0000000000000000  -0.0025268923626335  -0.0002616795951026  -2.5895861675641338  2.6129942048378396  
4.4999999999999485  -0.0500000000000000  1.0000000000000000  -0.0025171626043551  -0.0002798674549901  -2.5793855535386667  2.5782564549590008  
4.5099999999999483  -0.0500000000000000  1.0000000000000000  -0.0025058141332025  -0.0002928974391299  -2.5681698882923363  2.5427377228552261  
4.5199999999999481  -0.0500000000000000  1.0000000000000000  -0.0024926921565621  -0.0002999555219577  -2.5559007589784519  2.5063812668684093  
4.5299999999999478  -0.0500000000000000  1.0000000000000000  -0.0024773411585302  -0.0003020702970789  -2.5427307347866561  2.4693426558716181  
4.5399999999999476  -0.0500000000000000  1.0000000000000000  -0.0024587594349989  -0.0003010310902793  -2.5289600283751699  2.4319783079221899  
4.5499999999999474  -0.0500000000000000  1.0000000000000000  -0.0024354393421911  -0.0002982054034238  -2.5149666641337727  2.3948038466696659  
4.5599999999999472  -0.0500000000000000  1.0000000000000000  -0.0024057637934047  -0.0002938495347750  -2.5011159865898800  2.3584026973208343  
4.5699999999999470  -0.0500000000000000  1.0000000000000000  -0.0023685698831114  -0.0002872010363246  -2.4876575155193836  2.3232904746641134  
4.5799999999999468  -0.0500000000000000  1.0000000000000000  -0.0023235872216881  -0.0002772945653322  -2.4747106274461799  2.2898496714540455  
4.5899999999999466  -0.0500000000000000  1.0000000000000000  -0.0022716031691298  -0.0002638970952250  -2.4623415847043271  2.2583590125812973  
4.5999999999999464  -0.0500000000000000  1.0000000000000000  -0.0022143377331366  -0.0002478454704675  -2.4505969043432594  2.2289970022323033  
4.6099999999999461  -0.0500000000000000  1.0000000000000000  -0.0021541489673838  -0.0002304611114216  -2.4394578971241816  2.2017826600040511  
4.6199999999999459  -0.0500000000000000  1.0000000000000000  -0.0020936241795568  -0.0002124957669984  -2.4286986353194737  2.1764352713658401  
4.6299999999999457  -0.0500000000000000  1.0000000000000000  -0.0020350517352008  -0.0001935594469616  -2.4178768318739947  2.1523732179821629  
4.6399999999999455  -0.0500000000000000  1.0000000000000000  -0.0019798739960342  -0.0001726144463329  -2.4064849316962715  2.1288891258567419  
4.6499999999999453  -0.0500000000000000  1.0000000000000000  -0.0019283304804259  -0.0001492325890568  -2.3942877808059366  2.1055234026249425  
4.6599999999999451  -0.0500000000000000  1.0000000000000000  -0.0018795412671557  -0.0001245865050085  -2.3815163577234437  2.0823085957667722  
4.6699999999999449  -0.0500000000000000  1.0000000000000000  -0.0018320686325314  -0.0001013500297383  -2.3687708404225871  2.0597172527283929  
4.6799999999999446  -0.0500000000000000  1.0000000000000000  -0.0017847326792773  -0.0000825145187567  -2.3567318963953965  2.0383817828499966  
4.6899999999999444  -0.0500000000000000  1.0000000000000000  -0.0017372320133978  -0.0000699391939732  -2.3457305403738218  2.0186490519390001  
4.6999999999999442  -0.0500000000000000  1.0000000000000000  -0.0016902388170087  -0.0000635961913551  -2.3356189929296480  2.0003994115686878  
4.7099999999999440  -0.0500000000000000  1.0000000000000000  -0.0016449951728855  -0.0000618883787876  -2.3258965114723904  1.9831228158862186  
4.7199999999999438  -0.0500000000000000  1.0000000000000000  -0.0016026517405250  -0.0000626790234919  -2.3160075816959687  1.9661885671956374  
4.7299999999999436  -0.0500000000000000  1.0000000000000000  -0.0015637114875987  -0.0000642896292924  -2.3055996899498910  1.9491101301707301  
4.7399999999999434  -0.0500000000000000  1.0000000000000000  -0.0015277751257153  -0.0000659533267549  -2.2945927368967651  1.9316559146155963  
4.7499999999999432  -0.0500000000000000  1.0000000000000000  -0.0014935775141073  -0.0000676240444191  -2.2831513848203921  1.9138668308859657  
4.7599999999999429  -0.0500000000000000  1.0000000000000000  -0.0014592316482233  -0.0000694385129621  -2.2715679954481938  1.8959806169948883  
4.7699999999999427  -0.0500000000000000  1.0000000000000000  -0.0014226216059557  -0.0000712510375673  -2.2602030343021609  1.8783855872994157  
4.7799999999999425  -0.0500000000000000  1.0000000000000000  -0.0013818929539885  -0.0000725863794680  -2.2493973129294158  1.8615275638858457  
4.7899999999999423  -0.0500000000000000  1.0000000000000000  -0.0013359467205578  -0.0000730558222554  -2.2394184820833245  1.8458264089679213  
4.7999999999999421  -0.0500000000000000  1.0000000000000000  -0.0012847388983641  -0.0000729487416965  -2.2304095712270566  1.8315863617325350  
4.8099999999999419  -0.0500000000000000  1.0000000000000000  -0.0012292228805706  -0.0000734016717003  -2.2223831331696795  1.8189559951398386  
4.8199999999999417  -0.0500000000000000  1.0000000000000000  -0.0011709274583621  -0.0000757344311476  -2.2152338263750657  1.8079267317818986  
4.8299999999999415  -0.0500000000000000  1.0000000000000000  -0.0011114149355058  -0.0000802366432438  -2.2087524314480302  1.7983528110288485  
4.8399999999999412  -0.0500000000000000  1.0000000000000000  -0.0010519392932933  -0.0000853084870675  -2.2026154665390916  1.7899554875171391  
4.8499999999999410  -0.0500000000000000  1.0000000000000000  -0.0009934298781040  -0.0000878771706672  -2.1964166173091608  1.7823524816395908  
4.8599999999999408  -0.0500000000000000  1.0000000000000000  -0.0009366769939142  -0.0000850959841772  -2.1897697561727973  1.7751396224428608  
4.8699999999999406  -0.0500000000000000  1.0000000000000000  -0.0008824312963403  -0.0000762329822815  -2.1824781860852931  1.7680320927010429  
4.8799999999999404  -0.0500000000000000  1.0000000000000000  -0.0008313921212529  -0.0000634699097310  -2.1725708711804956  1.7592948696414108  
4.8899999999999402  -0.0500000000000000  1.0000000000000000  -0.0007838460200427  -0.0000505330447294  -2.1619293562314232  1.7503173246550860  
4.8999999999999400  -0.0500000000000000  1.0000000000000000  -0.0007387564905030  -0.0000400264038160  -2.1528988763695796  1.7429285963124694  
4.9099999999999397  -0.0500000000000000  1.0000000000000000  -0.0006947473992048  -0.0000325723655437  -2.1439506552644318  1.7358963483607002  
4.9199999999999395  -0.0500000000000000  1.0000000000000000  -0.0006508062378384  -0.0000274527019322  -2.1353445918339253  1.7294821549170778  
4.9299999999999393  -0.0500000000000000  1.0000000000000000  -0.0006054313783300  -0.0000216189696134  -2.1274263232464570  1.7240663172587725  
4.9399999999999391  -0.0500000000000000  1.0000000000000000  -0.0005579634162928  -0.0000120511051675  -2.1201609293968482  1.7197392081725416  
4.9499999999999389  -0.0500000000000000  1.0000000000000000  -0.0005092187147366  0.0000016890236576  -2.1137709904471151  1.7167992932348162  
4.9599999999999387  -0.0500000000000000  1.0000000000000000  -0.0004606035203095  0.0000190394703572  -2.1084499557429828  1.7154598243259569  
4.9699999999999385  -0.0500000000000000  1.0000000000000000  -0.0004142148602670  0.0000389039044132  -2.1038311240391296  1.7153952607763181  
4.9799999999999383  -0.0500000000000000  1.0000000000000000  -0.0003726429662379  0.0000591704762469  -2.0997821618728829  1.7163808389284292  
4.9899999999999380  -0.0500000000000000  1.0000000000000000  -0.0003379659919886  0.0000781048196020  -2.0958367751364020  1.7178235618357425  
4.9999999999999378  -0.0500000000000000  1.0000000000000000  -0.0003109963047384  0.0000946977307942  -2.0915047133039106  1.7190661543548826  