TimeWindow  Iteration  ResRel(DisplacementDeltas0)  ResRel(Forces0)  
1  1  inf  1.0000000000000000  
1  2  1.0000000000000000  0.4999999999999230  
1  3  0.4999999999997138  0.0023588812415081  
1  4  0.0030799371993187  0.0004235502474084  
1  5  0.0000030934466499  0.0000165431879586  
2  1  0.6841618003102390  0.0034030509310739  
2  2  0.0021052257478575  0.0039695584862949  
2  3  0.0022516985312441  0.0010193007635590  
2  4  0.0001082373881618  0.0000103727114176  
3  1  0.5039043162192707  0.0026895775588692  
3  2  0.0006371443524422  0.0032291135891045  
3  3  0.0005233370290717  0.0004981841933884  
4  1  0.3516174553833482  0.0037040795985427  
4  2  0.0002970461544152  0.0013916640864701  
4  3  0.0002511680991734  0.0000433514412781  
5  1  0.2034234339404704  0.0036902720529526  
5  2  0.0001120353986903  0.0005628826163195  
6  1  0.2290431421099751  0.0024868540704206  
6  2  0.0001100952002268  0.0010732050894708  
6  3  0.0001032400496707  0.0001219006831599  
7  1  0.1534909074110315  0.0034870118337973  
7  2  0.0001055416687861  0.0007536883331031  
8  1  0.1459435027787568  0.0024719388988837  
8  2  0.0000989278769447  0.0006899229898155  
9  1  0.1245894095234090  0.0028076131096725  
9  2  0.0000658679317136  0.0007848346904538  
10  1  0.1023466090837817  0.0028544701253778  
10  2  0.0000721845000469  0.0008666188810942  
11  1  0.1042532064165505  0.0024628371158286  
11  2  0.0000794654912942  0.0007197131613841  
12  1  0.0902341221946125  0.0028318340745900  
12  2  0.0000599562847367  0.0011213149637012  
12  3  0.0000742547288855  0.0003180453428127  
13  1  0.0873182588320530  0.0025290690337576  
13  2  0.0000434318254924  0.0010642153357391  
13  3  0.0000648143495991  0.0003417308906115  
14  1  0.0790978974481487  0.0026460548955110  
14  2  0.0000410558483695  0.0006707796224203  
15  1  0.0719309469728562  0.0026760808971961  
15  2  0.0000422641509114  0.0007924713005806  
16  1  0.0700138379500878  0.0024944145892903  
16  2  0.0000467675143382  0.0005568717281877  
17  1  0.0640008532221482  0.0026079554185229  
17  2  0.0000477514349956  0.0007907609573459  
18  1  0.0631927477461439  0.0024918280865653  
18  2  0.0000559155212402  0.0005872940926663  
19  1  0.0629306612038819  0.0025001769613217  
19  2  0.0000559384770656  0.0005756252872577  
20  1  0.0554865238948868  0.0026014582231234  
20  2  0.0000448779911909  0.0005376640926421  
21  1  0.0495563774089973  0.0026215460989675  
21  2  0.0000509485535661  0.0003493229070742  
22  1  0.0489706768725378  0.0027084092906566  
22  2  0.0000388125006060  0.0007524093306616  
23  1  0.0508077029284119  0.0027464604763361  
23  2  0.0000364076061582  0.0006556076328713  
24  1  0.0489915363646493  0.0028252430346502  
24  2  0.0000333849359565  0.0005277132773669  
25  1  0.0466302897641528  0.0029175652496853  
25  2  0.0000410963216130  0.0005362272068372  
26  1  0.0485183356461744  0.0030222082361513  
26  2  0.0000305947521315  0.0007836777122772  
27  1  0.0474142364717462  0.0031063005987079  
27  2  0.0000316101759540  0.0005587550332664  
28  1  0.0468951679813329  0.0032048259548037  
28  2  0.0000249787852760  0.0006273787734248  
29  1  0.0472838591856461  0.0034035675957981  
29  2  0.0000331142277609  0.0006594775569225  
30  1  0.0465841645826889  0.0036013157640637  
30  2  0.0000246595928565  0.0004400438460283  
31  1  0.0457870071996230  0.0037539349517472  
31  2  0.0000248043501325  0.0003764870508343  
32  1  0.0444209929789047  0.0039441045658787  
32  2  0.0000196200297889  0.0004948108717846  
33  1  0.0445140246869541  0.0041573325400325  
33  2  0.0000236932710252  0.0003521772795654  
34  1  0.0444778530064950  0.0043697438078931  
34  2  0.0000234944704026  0.0004509558185420  
35  1  0.0430573408401109  0.0045780995608112  
35  2  0.0000209157760497  0.0005541871665977  
36  1  0.0420963887580899  0.0047876049256150  
36  2  0.0000205490478384  0.0003908486616535  
37  1  0.0402849116927616  0.0050177460720429  
37  2  0.0000201350484971  0.0003340809062733  
38  1  0.0377461960858482  0.0052315825448915  
38  2  0.0000294412087625  0.0004180122796516  
39  1  0.0362189049728894  0.0053774657084004  
39  2  0.0000250413516320  0.0004793466670121  
40  1  0.0356759285063156  0.0055410235983840  
40  2  0.0000194368198406  0.0004042464745572  
41  1  0.0339496770998252  0.0069360144030293  
41  2  0.0002735230431220  0.0012115330411714  
41  3  0.0000256378811805  0.0001238819966319  
42  1  0.0313416001751435  0.0024705771086171  
42  2  0.0000802126995611  0.0013859832799158  
42  3  0.0000286466083715  0.0001983556689686  
43  1  0.0293813182220021  0.0024383632137273  
43  2  0.0000232522595863  0.0004063001989590  
44  1  0.0292220203053425  0.0025165620424743  
44  2  0.0000123981257452  0.0003540237687728  
45  1  0.0295600664686458  0.0026155779163769  
45  2  0.0000101421868863  0.0003511176128812  
46  1  0.0286962756507565  0.0027227416594521  
46  2  0.0000104540074774  0.0003737757521155  
47  1  0.0279116570675421  0.0028154773615527  
47  2  0.0000114838680929  0.0004070013433842  
48  1  0.0274478729955080  0.0028758281036489  
48  2  0.0000091228855004  0.0002581531116866  
49  1  0.0267867542220360  0.0029438677403002  
49  2  0.0000120394203663  0.0002630382198728  
50  1  0.0264958387426592  0.0030262142706087  
50  2  0.0000122349936254  0.0002670730987450  
51  1  0.0250935717765409  0.0031410095235898  
51  2  0.0000097339607296  0.0002604056961560  
52  1  0.0228064420600822  0.0032538811043343  
52  2  0.0000095436352969  0.0001808505637331  
53  1  0.0208568659265854  0.0033199379765221  
53  2  0.0000115145593183  0.0002377949348777  
54  1  0.0194358169695197  0.0033316024509172  
54  2  0.0000069870438232  0.0002066191224020  
55  1  0.0180041850794120  0.0032916005172058  
55  2  0.0000081960843542  0.0001955189128556  
56  1  0.0169050101019461  0.0032121157105087  
56  2  0.0000099918935354  0.0001810000824611  
57  1  0.0167502359479548  0.0031426260634792  
57  2  0.0000071613960587  0.0003495610530825  
58  1  0.0178165888169228  0.0031466174894594  
58  2  0.0000121182480891  0.0002088601397416  
59  1  0.0177078488312892  0.0032155273731417  
59  2  0.0000091609137305  0.0002499097085561  
60  1  0.0166675869781013  0.0033123684402012  
60  2  0.0000076018648596  0.0002583835272095  
61  1  0.0166129420166945  0.0034107025455638  
61  2  0.0000113270649442  0.0002069252504800  
62  1  0.0170722170185435  0.0035156098829133  
62  2  0.0000052772281105  0.0001862119460909  
63  1  0.0174106379917870  0.0036486809540157  
63  2  0.0000071458048945  0.0002027096143376  
64  1  0.0169420470823311  0.0037951899034422  
64  2  0.0000096094716093  0.0001515520127776  
65  1  0.0160181072998370  0.0039219745736439  
65  2  0.0000085461375493  0.0002031081939692  
66  1  0.0153711966038230  0.0040225076395871  
66  2  0.0000056952742013  0.0001743789969895  
67  1  0.0146000971658834  0.0041030967617251  
67  2  0.0000083990418280  0.0001796146922497  
68  1  0.0139716143215329  0.0041817075218695  
68  2  0.0000086242536107  0.0001489103458467  
69  1  0.0135702686089959  0.0042680131422691  
69  2  0.0000056199054813  0.0001614814317787  
70  1  0.0124873029012036  0.0043497809501979  
70  2  0.0000064941945372  0.0001759957126793  
71  1  0.0112201065280580  0.0044187396682571  
71  2  0.0000133671082026  0.0001684989114239  
72  1  0.0111596736938462  0.0044757066962171  
72  2  0.0000058285788789  0.0001391424976614  
73  1  0.0110815564156302  0.0045201636394376  
73  2  0.0000041377688672  0.0001157704552049  
74  1  0.0108326418417737  0.0045391810199103  
74  2  0.0000086750432555  0.0001347182037255  
75  1  0.0111010601346358  0.0045268184450320  
75  2  0.0000081506777751  0.0001091459578900  
76  1  0.0113015190603332  0.0044885091848538  
76  2  0.0000038143191843  0.0001312239444375  
77  1  0.0111818432722411  0.0044221124388006  
77  2  0.0000083094676729  0.0001049918709273  
78  1  0.0116349932733191  0.0043309725372335  
78  2  0.0000084049203146  0.0000985696824624  
79  1  0.0128819180128744  0.0042365168886210  
79  2  0.0000056465750918  0.0001116321088939  
80  1  0.0139048740918901  0.0041506566773535  
80  2  0.0000043652747055  0.0001106422492306  
81  1  0.0139811250413024  0.0040738209340019  
81  2  0.0000046370697088  0.0000911581089770  
82  1  0.0137351858306355  0.0040071398034240  
82  2  0.0000038401461571  0.0001168841367800  
83  1  0.0138987446282981  0.0039543501604090  
83  2  0.0000032332220066  0.0000830845101201  
84  1  0.0140102810190938  0.0039120017731626  
84  2  0.0000043728172812  0.0000803263329726  
85  1  0.0139350387579727  0.0038816777202108  
85  2  0.0000054986152143  0.0001146831148996  
86  1  0.0136769835659316  0.0038666080930578  
86  2  0.0000033476580984  0.0000963686976254  
87  1  0.0128642638890882  0.0038670995709502  
87  2  0.0000033070575241  0.0000719584692833  
88  1  0.0121620858273932  0.0038767219939995  
88  2  0.0000054819496195  0.0001004311333823  
89  1  0.0123571442273213  0.0038598152969853  
89  2  0.0000037673930140  0.0001113253676115  
90  1  0.0131190123027047  0.0037969998900454  
90  2  0.0000050231307016  0.0001037649570324  
91  1  0.0131610058009056  0.0037033051983656  
91  2  0.0000034966658516  0.0000660611249252  
92  1  0.0120020307387364  0.0036080055790197  
92  2  0.0000034476912603  0.0000844331925977  
93  1  0.0109849489178700  0.0035357480037867  
93  2  0.0000041785289873  0.0000527392358897  
94  1  0.0105400906142010  0.0034982376026011  
94  2  0.0000045770963114  0.0000947538291759  
95  1  0.0099410754812604  0.0034778758247490  
95  2  0.0000037187801878  0.0000476503738820  
96  1  0.0100846614346875  0.0034618088856244  
96  2  0.0000041043381486  0.0000565558694753  
97  1  0.0108331932670298  0.0034519787758672  
97  2  0.0000034557084643  0.0000924790661754  
98  1  0.0108954531271087  0.0034249795412984  
98  2  0.0000028870206865  0.0001335412844568  
99  1  0.0104470763112333  0.0033882593025047  
99  2  0.0000043606677577  0.0000864409404301  
100  1  0.0100514852992818  0.0033767431973463  
100  2  0.0000048071256768  0.0000909497254944  
101  1  0.0098819576388227  0.0033871328661403  
101  2  0.0000039599496729  0.0000752136405904  
102  1  0.0096202807966222  0.0033941766321422  
102  2  0.0000035930838531  0.0000753118982809  
103  1  0.0086883627372629  0.0033839083259499  
103  2  0.0000040065697721  0.0000802109392465  
104  1  0.0075681061601857  0.0033577024049792  
104  2  0.0000035667331040  0.0000592768525668  
105  1  0.0062882725094113  0.0033314422482166  
105  2  0.0000049344811771  0.0000558633521626  
106  1  0.0042966055189264  0.0033208898116048  
106  2  0.0000045178603777  0.0000602816681782  
107  1  0.0038910424531486  0.0033206383862204  
107  2  0.0000048421775183  0.0000655356868277  
108  1  0.0054135847871693  0.0033110603410723  
108  2  0.0000022873037176  0.0000384573159578  
109  1  0.0059432841476254  0.0032839760923215  
109  2  0.0000030448994897  0.0000398282142158  
110  1  0.0056360661297903  0.0032429447965688  
110  2  0.0000022124562370  0.0000383020848582  
111  1  0.0056372513550192  0.0031989533515424  
111  2  0.0000020626868252  0.0000663728156977  
112  1  0.0062761267186704  0.0031599079610526  
112  2  0.0000050923838121  0.0000915037642965  
113  1  0.0070648403449559  0.0031239849793482  
113  2  0.0000046693920465  0.0001183490926908  
114  1  0.0076603129399066  0.0030891505345794  
114  2  0.0000017145551572  0.0000857664377215  
115  1  0.0084462174650871  0.0030589925482949  
115  2  0.0000054809739965  0.0000786755626526  
116  1  0.0087368573550028  0.0030460099635516  
116  2  0.0000029249796757  0.0001468862555522  
117  1  0.0084279894689721  0.0030584396200257  
117  2  0.0000055874100137  0.0000754094138844  
118  1  0.0090200219323217  0.0030964632998616  
118  2  0.0000034745158255  0.0000863327397839  
119  1  0.0100196982133205  0.0031468269636121  
119  2  0.0000021568674773  0.0000837866744451  
120  1  0.0103357519245519  0.0031865514405786  
120  2  0.0000038495238726  0.0000788639881279  
121  1  0.0103703766791496  0.0032269509903265  
121  2  0.0000029376661754  0.0000660410344977  
122  1  0.0104215500259640  0.0032948433462140  
122  2  0.0000029937769697  0.0000517636882549  
123  1  0.0101473219131704  0.0033931469035883  
123  2  0.0000036411194038  0.0000561739768524  
124  1  0.0095271599867367  0.0034984119262956  
124  2  0.0000027695150530  0.0000517807117096  
125  1  0.0093058169704769  0.0035775894213501  
125  2  0.0000032911161335  0.0000290412280949  
126  1  0.0098439771366701  0.0036095384596146  
126  2  0.0000024976173088  0.0000499513906928  
127  1  0.0102758533878511  0.0036079249170264  
127  2  0.0000024748766813  0.0000470130130569  
128  1  0.0105218042017799  0.0036179186768882  
128  2  0.0000017360410043  0.0000520624454365  
129  1  0.0113767156567737  0.0036764118895372  
129  2  0.0000020687148252  0.0000313187418943  
130  1  0.0122900833211679  0.0037829304243972  
130  2  0.0000032200927285  0.0000435285152783  
131  1  0.0126549950378026  0.0039147688386981  
131  2  0.0000022873932770  0.0000685624032538  
132  1  0.0128068264443313  0.0040580826309475  
132  2  0.0000023456088328  0.0000565133497830  
133  1  0.0128507644631720  0.0042139804473345  
133  2  0.0000036794809061  0.0000535029720622  
134  1  0.0126385268866976  0.0043740346246527  
134  2  0.0000028002778172  0.0000432190255351  
135  1  0.0122242573199043  0.0045275468611692  
135  2  0.0000033031681164  0.0000447692157944  
136  1  0.0117951418559145  0.0046744735086363  
136  2  0.0000035745397492  0.0000444774470233  
137  1  0.0113079841672872  0.0048101893876430  
137  2  0.0000026288802381  0.0000467553691034  
138  1  0.0101749909343266  0.0049324371097276  
138  2  0.0000047900643182  0.0000369789150051  
139  1  0.0084182497366796  0.0050467237012685  
139  2  0.0000039257359431  0.0000512801784523  
140  1  0.0073720193507666  0.0051584917419533  
140  2  0.0000056399755924  0.0000379359728151  
141  1  0.0071163723328159  0.0052333381010972  
141  2  0.0000040958833678  0.0000784136714002  
142  1  0.0067481066831156  0.0052407146428317  
142  2  0.0000027573482808  0.0000470587303482  
143  1  0.0068834332231427  0.0051842511767266  
143  2  0.0000052341913641  0.0000395323861948  
144  1  0.0073635985855391  0.0050985095924608  
144  2  0.0000023206250386  0.0000781584837846  
145  1  0.0075270070719572  0.0050157398138644  
145  2  0.0000028148210043  0.0000584968440060  
146  1  0.0076588756550579  0.0049460515683753  
146  2  0.0000057132766625  0.0000676501088011  
147  1  0.0081007583289451  0.0048861209386103  
147  2  0.0000023698343835  0.0000637854418186  
148  1  0.0086005558515583  0.0048280079329387  
148  2  0.0000022430826464  0.0000555527192409  
149  1  0.0086795848876096  0.0047638597172008  
149  2  0.0000034601223174  0.0001093344550798  
150  1  0.0085195131064650  0.0046836647073705  
150  2  0.0000048151031759  0.0000367363113085  
151  1  0.0085908514642721  0.0045927480953980  
151  2  0.0000029858642343  0.0000685668349132  
152  1  0.0086476174408614  0.0045018403878768  
152  2  0.0000030681019073  0.0000821375742009  
153  1  0.0085419959132653  0.0044176923258476  
153  2  0.0000040847635301  0.0000489462990653  
154  1  0.0084441778283899  0.0043358822631131  
154  2  0.0000037300117468  0.0000692571308186  
155  1  0.0079444998499000  0.0042634236217238  
155  2  0.0000034575860091  0.0000661098841145  
156  1  0.0069614045600661  0.0042144820159072  
156  2  0.0000055002557499  0.0000371952918880  
157  1  0.0064918880352032  0.0042086826616789  
157  2  0.0000044072848671  0.0000435946909167  
158  1  0.0072441646231495  0.0042562031643723  
158  2  0.0000028034785658  0.0000432892843200  
159  1  0.0084248249332663  0.0043419202715913  
159  2  0.0000038355675696  0.0000348447535958  
160  1  0.0093317374349538  0.0044278271914450  
160  2  0.0000031867189207  0.0000611942690229  
161  1  0.0104751765133811  0.0044731037725250  
161  2  0.0000028578493065  0.0000422011187211  
162  1  0.0119490670467855  0.0044504980823772  
162  2  0.0000028547392711  0.0000417115327105  
163  1  0.0128882133038801  0.0043586600411741  
163  2  0.0000024191939483  0.0000421102387361  
164  1  0.0132967992534701  0.0042248827996858  
164  2  0.0000022424428575  0.0000220576809419  
165  1  0.0136888649246577  0.0040985426577297  
165  2  0.0000015132982106  0.0000280741529863  
166  1  0.0137880818258364  0.0040192619179595  
166  2  0.0000016328029527  0.0000280713257096  
167  1  0.0134918121128796  0.0039873428626625  
167  2  0.0000024022588605  0.0000288672850586  
168  1  0.0133547816641204  0.0039813373944312  
168  2  0.0000016484957501  0.0000309639621649  
169  1  0.0136006392924406  0.0039795731528075  
169  2  0.0000023047181327  0.0000331120773127  
170  1  0.0140232759338714  0.0039698482815364  
170  2  0.0000020670739819  0.0000239661024424  
171  1  0.0143432776046392  0.0039581786426857  
171  2  0.0000015453686791  0.0000281143871009  
172  1  0.0145512946963821  0.0039462943071329  
172  2  0.0000018702444407  0.0000291397542427  
173  1  0.0148822204097100  0.0039105308821337  
173  2  0.0000023999471752  0.0000355801189149  
174  1  0.0154496777314423  0.0038279803273789  
174  2  0.0000020601030317  0.0000426104876573  
175  1  0.0164906286080158  0.0036980531870106  
175  2  0.0000026926513901  0.0000400689032798  
176  1  0.0178754161312581  0.0035403101199989  
176  2  0.0000019622708511  0.0000410572336515  
177  1  0.0189051560109946  0.0033744773835700  
177  2  0.0000023088052909  0.0000357494559818  
178  1  0.0193666558721624  0.0032060150704737  
178  2  0.0000021539377421  0.0000441314553362  
179  1  0.0196723586248471  0.0030448709417709  
179  2  0.0000022738504241  0.0000500538444083  
180  1  0.0200368610007586  0.0029131630339808  
180  2  0.0000024751964686  0.0000286967671288  
181  1  0.0202183714024962  0.0028187972757841  
181  2  0.0000028268684250  0.0000262158247535  
182  1  0.0200314493777849  0.0027319520480398  
182  2  0.0000023286019768  0.0000248409152324  
183  1  0.0196028757031221  0.0026149901884870  
183  2  0.0000012176469297  0.0000281996990010  
184  1  0.0189791563930031  0.0024610901732750  
184  2  0.0000021171063781  0.0000413737174830  
185  1  0.0181868638654401  0.0022912895524765  
185  2  0.0000020524840999  0.0000405098738928  
186  1  0.0176874489749017  0.0021247905495761  
186  2  0.0000020051579279  0.0000568910113720  
187  1  0.0174662253585072  0.0019715502163584  
187  2  0.0000023095952131  0.0000323587984241  
188  1  0.0167685177951518  0.0018398161379464  
188  2  0.0000024257039829  0.0000443660838430  
189  1  0.0154694108982384  0.0017401085711402  
189  2  0.0000030847491038  0.0000494973612906  
190  1  0.0139778239077524  0.0016816384057876  
190  2  0.0000020194335165  0.0000517889097019  
191  1  0.0126640975995914  0.0016652955618721  
191  2  0.0000036522690161  0.0000425678795544  
192  1  0.0123681494916211  0.0016915884307561  
192  2  0.0000034879376040  0.0000351949502745  
193  1  0.0134340020355621  0.0017693265284967  
193  2  0.0000020002709876  0.0000278607399230  
194  1  0.0145648943990858  0.0018875540262085  
194  2  0.0000028146231452  0.0000341790700770  
195  1  0.0146267580304866  0.0020095764588551  
195  2  0.0000032311962434  0.0000492459243048  
196  1  0.0142225398624488  0.0021047402228479  
196  2  0.0000020458494495  0.0000353222204110  
197  1  0.0149049434300939  0.0021647426218572  
197  2  0.0000023465368367  0.0000326889138632  
198  1  0.0164161203278554  0.0022025171553366  
198  2  0.0000016391030059  0.0000234271063867  
199  1  0.0173544268433965  0.0022373628984596  
199  2  0.0000016294742495  0.0000211130817356  
200  1  0.0175698657255568  0.0022737931609317  
200  2  0.0000014935586971  0.0000332340458116  
201  1  0.0174742499743111  0.0023075942468819  
201  2  0.0000016333763194  0.0000297737942594  
202  1  0.0172030702598168  0.0023353681476868  
202  2  0.0000019768118627  0.0000297246953787  
203  1  0.0170912865200933  0.0023599106221183  
203  2  0.0000027000851341  0.0000335426914768  
204  1  0.0174882640559422  0.0023891739568980  
204  2  0.0000030985059960  0.0000295662374266  
205  1  0.0182232952315454  0.0024296541252149  
205  2  0.0000024965607358  0.0000306800707046  
206  1  0.0187106143282286  0.0024837435225821  
206  2  0.0000021338792440  0.0000474700054784  
207  1  0.0189003079880563  0.0025535612046369  
207  2  0.0000031675799729  0.0000321019682559  
208  1  0.0195384541535613  0.0026446922301334  
208  2  0.0000037370894565  0.0000214851389599  
209  1  0.0208319387999057  0.0027617535967706  
209  2  0.0000034276250290  0.0000585690535464  
210  1  0.0224414397807474  0.0029002972940224  
210  2  0.0000023119286720  0.0000349681187787  
211  1  0.0242145903377574  0.0030348146250021  
211  2  0.0000023939921249  0.0000270310670825  
212  1  0.0255529048089505  0.0031186809310924  
212  2  0.0000031780118656  0.0000570976358355  
213  1  0.0260175662514112  0.0031062910683393  
213  2  0.0000049303820570  0.0000379644088098  
214  1  0.0263813749606358  0.0029864431873385  
214  2  0.0000029673302616  0.0000343353811249  
215  1  0.0273614422315407  0.0027981453838119  
215  2  0.0000042499949835  0.0000243291446701  
216  1  0.0283586187627411  0.0026095582544686  
216  2  0.0000029276185645  0.0000431314404495  
217  1  0.0285880285352054  0.0024812351496300  
217  2  0.0000037648485018  0.0000313835614035  
218  1  0.0282804131259092  0.0024372833144026  
218  2  0.0000025716613161  0.0000249092386751  
219  1  0.0280716798996498  0.0024712664638537  
219  2  0.0000015274551529  0.0000213481138142  
220  1  0.0279106454796225  0.0025571073483121  
220  2  0.0000028724356394  0.0000199494782140  
221  1  0.0277144927942780  0.0026604800711492  
221  2  0.0000020943043913  0.0000236977726329  
222  1  0.0278218306692294  0.0027517931573418  
222  2  0.0000029595463380  0.0000459831329810  
223  1  0.0279450517216364  0.0028158330552361  
223  2  0.0000028453374107  0.0000273036941768  
224  1  0.0276691056186895  0.0028503591469960  
224  2  0.0000045048134526  0.0000522624506548  
225  1  0.0276010112513294  0.0028685557712397  
225  2  0.0000045923927227  0.0000273872272549  
226  1  0.0284068476904843  0.0028921471717483  
226  2  0.0000079118742091  0.0000416123203453  
227  1  0.0297664757554577  0.0029372868770268  
227  2  0.0000034389060441  0.0000417447516037  
228  1  0.0310216050091634  0.0030094283533113  
228  2  0.0000050901886063  0.0000391584834730  
229  1  0.0318504714139572  0.0031057628409556  
229  2  0.0000053894064459  0.0000231910993447  
230  1  0.0318837913619244  0.0032216080465151  
230  2  0.0000045360919307  0.0000181883945092  
231  1  0.0308565311338319  0.0033529001349937  
231  2  0.0000045890391969  0.0000178500572700  
232  1  0.0300969139732853  0.0034866668290323  
232  2  0.0000027904702325  0.0000264600306894  
233  1  0.0311518702465787  0.0035927436250708  
233  2  0.0000063080705449  0.0000293160282493  
234  1  0.0327202181281088  0.0036365656273712  
234  2  0.0000042107112897  0.0000328387520097  
235  1  0.0333985825320999  0.0035935878804764  
235  2  0.0000049059608140  0.0000273060125471  
236  1  0.0341586107631406  0.0034794508286483  
236  2  0.0000051009097249  0.0000233549575300  
237  1  0.0357683370037270  0.0033336843532034  
237  2  0.0000033342062849  0.0000187104909160  
238  1  0.0374945069049052  0.0031886054303132  
238  2  0.0000045645796250  0.0000255462006448  
239  1  0.0389210072387955  0.0030583669446233  
239  2  0.0000040749830974  0.0000225347929219  
240  1  0.0404922159347559  0.0029418327280649  
240  2  0.0000049568581981  0.0000288494314059  
241  1  0.0425775732554142  0.0028288004033459  
241  2  0.0000030238077146  0.0000250718058855  
242  1  0.0452664250761281  0.0027180506302197  
242  2  0.0000074729086337  0.0000370088300050  
243  1  0.0492063598493800  0.0026183860315527  
243  2  0.0000036127070314  0.0000164193836481  
244  1  0.0548450738379986  0.0025376694033798  
244  2  0.0000083098582460  0.0000345832975408  
245  1  0.0612435725930996  0.0024660765158827  
245  2  0.0000054255529686  0.0000281754810669  
246  1  0.0677563371261689  0.0023824714827515  
246  2  0.0000052211217938  0.0000293096475465  
247  1  0.0749989006641554  0.0022681387236825  
247  2  0.0000044217392267  0.0000253590482850  
248  1  0.0833348198707559  0.0021194534423609  
248  2  0.0000066079731782  0.0000443743309315  
249  1  0.0925357573381497  0.0019496917600436  
249  2  0.0000051818882548  0.0000424520518630  
250  1  0.1025918722725170  0.0017826842629808  
250  2  0.0000096025817606  0.0000508004728083  
251  1  0.1132161508927041  0.0016424068541296  
251  2  0.0000039662407289  0.0000377012817036  
252  1  0.1234426904722892  0.0015387086542462  
252  2  0.0000118059225990  0.0000847588998372  
253  1  0.1338181950947511  0.0014535593067927  
253  2  0.0000143053543583  0.0000465724806964  
254  1  0.1484700574656862  0.0013650097747323  
254  2  0.0000142906725051  0.0000690864081625  
255  1  0.1707236525125294  0.0012785517765353  
255  2  0.0000152702442037  0.0000608662539792  
256  1  0.1990093700208374  0.0012191416337092  
256  2  0.0000137188582577  0.0000919539892591  
257  1  0.2348440607507125  0.0011900792306303  
257  2  0.0000210735589074  0.0000689296425749  
258  1  0.2889674359041263  0.0011844868573793  
258  2  0.0000242549087985  0.0000724432775036  
259  1  0.3735043999112228  0.0012119257953281  
259  2  0.0000330077716211  0.0000926533716516  
260  1  0.4849441439078582  0.0012802145108684  
260  2  0.0000480147112171  0.0003980579631421  
261  1  0.5541048794855085  0.0013836934386526  
261  2  0.0001446590814055  0.0003386554465087  
262  1  0.4918206612178788  0.0014647760310017  
262  2  0.0001280544418641  0.0000999087700712  
263  1  0.3772659131434337  0.0015208127804484  
263  2  0.0000531849935653  0.0001291275547180  
264  1  0.2873150736372539  0.0015239630582453  
264  2  0.0000537811307852  0.0000901742349540  
265  1  0.2288308291260694  0.0014923445047839  
265  2  0.0000231275889798  0.0000674127167917  
266  1  0.1907200560687121  0.0014488709255703  
266  2  0.0000343719136197  0.0000570555368170  
267  1  0.1630530290844361  0.0014138030908713  
267  2  0.0000174812378998  0.0000619176446730  
268  1  0.1426407705478332  0.0013982447007017  
268  2  0.0000123081780624  0.0000474501312465  
269  1  0.1279782063878626  0.0014040196699488  
269  2  0.0000146277959265  0.0000478504753245  
270  1  0.1159985657082306  0.0014266041302162  
270  2  0.0000217593890805  0.0000595323114074  
271  1  0.1056724744747309  0.0014535663091621  
271  2  0.0000101186816802  0.0000435974315453  
272  1  0.0974737578666742  0.0014785353476437  
272  2  0.0000119094329032  0.0000452215401042  
273  1  0.0901972766188124  0.0015033559195223  
273  2  0.0000094404674325  0.0000286590541803  
274  1  0.0821117183490729  0.0015300627659913  
274  2  0.0000134792980617  0.0000414774293921  
275  1  0.0736596737251757  0.0015646131388955  
275  2  0.0000051956179119  0.0000337482494894  
276  1  0.0669450419894671  0.0016192362236130  
276  2  0.0000066415088105  0.0000293931626830  
277  1  0.0624603596074288  0.0016994581797625  
277  2  0.0000068400277691  0.0000213221253107  
278  1  0.0586349477174809  0.0017976309303953  
278  2  0.0000061714960177  0.0000347886455752  
279  1  0.0546817031287900  0.0018978391380777  
279  2  0.0000052515395405  0.0000407769264405  
280  1  0.0508216988280197  0.0019858005931129  
280  2  0.0000055323935083  0.0000191022624742  
281  1  0.0472135206929305  0.0020543371908131  
281  2  0.0000078933362492  0.0000248630943194  
282  1  0.0444640575763558  0.0021064720904993  
282  2  0.0000035203023978  0.0000300321780939  
283  1  0.0429399095941163  0.0021525008005152  
283  2  0.0000056520573844  0.0000227165087362  
284  1  0.0415512683288587  0.0021974157363721  
284  2  0.0000050927032652  0.0000420675915604  
285  1  0.0391834561174096  0.0022407558554270  
285  2  0.0000040219766914  0.0000202542979995  
286  1  0.0361717711081434  0.0022809419813736  
286  2  0.0000065589559922  0.0000340747541141  
287  1  0.0336447648840500  0.0023217113063321  
287  2  0.0000036434189363  0.0000432889176213  
288  1  0.0322813660480372  0.0023685868460698  
288  2  0.0000039820268072  0.0000154692030123  
289  1  0.0322210197211550  0.0024236963640628  
289  2  0.0000065676068221  0.0000117426954458  
290  1  0.0331127057070401  0.0024839157690509  
290  2  0.0000049016507993  0.0000253686527817  
291  1  0.0337351152951096  0.0025422357255085  
291  2  0.0000031113303341  0.0000379167416913  
292  1  0.0333257989691731  0.0025861604625273  
292  2  0.0000021903306562  0.0000305865935977  
293  1  0.0329831949685385  0.0026058619632415  
293  2  0.0000030408491138  0.0000241886648897  
294  1  0.0339634930963696  0.0026058008430757  
294  2  0.0000037170523811  0.0000282889651973  
295  1  0.0354923865816087  0.0026041940222740  
295  2  0.0000038401654133  0.0000422933860895  
296  1  0.0361023563549834  0.0026203992342979  
296  2  0.0000034808663733  0.0000325889569682  
297  1  0.0355893922155287  0.0026677079932602  
297  2  0.0000036016481340  0.0000258539515544  
298  1  0.0348140270500260  0.0027472445524210  
298  2  0.0000032635995663  0.0000195275383904  
299  1  0.0344539953340872  0.0028412985268752  
299  2  0.0000038099490939  0.0000462121462504  
300  1  0.0345421373153745  0.0029197868323390  
300  2  0.0000050692412341  0.0000773480598283  
301  1  0.0345474012419756  0.0029590315792900  
301  2  0.0000028404082128  0.0000155746226189  
302  1  0.0335075821455781  0.0029525514452525  
302  2  0.0000086713366501  0.0000668690131180  
303  1  0.0311750658193268  0.0029110189647689  
303  2  0.0000066211467497  0.0000181232255909  
304  1  0.0288551744453322  0.0028501257397484  
304  2  0.0000029337188801  0.0000396321621281  
305  1  0.0278626270501861  0.0027746819569196  
305  2  0.0000026509946199  0.0000155305419058  
306  1  0.0279231379143044  0.0026901687071971  
306  2  0.0000044409848797  0.0000227996818442  
307  1  0.0282074907991541  0.0026031713584386  
307  2  0.0000025868174317  0.0000270370082472  
308  1  0.0282339536878705  0.0025276375656922  
308  2  0.0000032398564841  0.0000101666270849  
309  1  0.0277411746245858  0.0024766179928147  
309  2  0.0000042139440314  0.0000263945208559  
310  1  0.0269028791949962  0.0024553294986903  
310  2  0.0000022458406369  0.0000117213782831  
311  1  0.0262887903046419  0.0024581442675090  
311  2  0.0000032659470576  0.0000194783609595  
312  1  0.0259966258556294  0.0024680728716600  
312  2  0.0000021420887127  0.0000173058385108  
313  1  0.0253164910644736  0.0024621896841857  
313  2  0.0000021517567027  0.0000202314821937  
314  1  0.0237993776392033  0.0024210108814371  
314  2  0.0000016709474265  0.0000141439315124  
315  1  0.0219334472342195  0.0023432155436298  
315  2  0.0000014239115579  0.0000196117051520  
316  1  0.0204035731529915  0.0022426877440678  
316  2  0.0000018145006283  0.0000128785049593  
317  1  0.0193258046435679  0.0021403434159681  
317  2  0.0000016516937974  0.0000214181879895  
318  1  0.0184948555310944  0.0020541127032862  
318  2  0.0000015848346698  0.0000164411506773  
319  1  0.0176753462814851  0.0019936906906689  
319  2  0.0000016455251445  0.0000242883503200  
320  1  0.0166057582951768  0.0019585936908169  
320  2  0.0000012701034987  0.0000079847344862  
321  1  0.0153714378941817  0.0019358610990311  
321  2  0.0000031479078881  0.0000234450562371  
322  1  0.0146133728096875  0.0019071114464814  
322  2  0.0000019380677180  0.0000212732360200  
323  1  0.0146075044641369  0.0018645953984543  
323  2  0.0000024316768819  0.0000300858763384  
324  1  0.0147452999730811  0.0018162668904270  
324  2  0.0000016090580833  0.0000111198948604  
325  1  0.0147237621805412  0.0017761761164025  
325  2  0.0000018305166368  0.0000177453477598  
326  1  0.0148520842296502  0.0017527315970727  
326  2  0.0000009662435269  0.0000127787927658  
327  1  0.0151843946729848  0.0017444548200429  
327  2  0.0000020446650445  0.0000162449160185  
328  1  0.0156985366075798  0.0017414857147017  
328  2  0.0000014255178329  0.0000191010334542  
329  1  0.0165696736100003  0.0017355203732378  
329  2  0.0000020072075611  0.0000120803186997  
330  1  0.0174689531280096  0.0017273889363373  
330  2  0.0000009959988743  0.0000130048088501  
331  1  0.0177529164676073  0.0017246419484989  
331  2  0.0000012884405020  0.0000130300931263  
332  1  0.0174087821509461  0.0017346259153678  
332  2  0.0000016897408054  0.0000152130704110  
333  1  0.0170207397861570  0.0017591389871192  
333  2  0.0000007611876286  0.0000216364363451  
334  1  0.0168582451817004  0.0017888358340141  
334  2  0.0000013311743824  0.0000106215656669  
335  1  0.0166497431360838  0.0018072040819710  
335  2  0.0000011500864332  0.0000142072085262  
336  1  0.0163260449320239  0.0018031752902173  
336  2  0.0000009711831355  0.0000179930030448  
337  1  0.0161864236886781  0.0017805886125640  
337  2  0.0000016854660930  0.0000259933450966  
338  1  0.0164513755373667  0.0017568573120400  
338  2  0.0000013952906036  0.0000137105334357  
339  1  0.0172766222308679  0.0017532347310960  
339  2  0.0000017011106241  0.0000142421426282  
340  1  0.0186620917565542  0.0017846968177350  
340  2  0.0000018090266449  0.0000200395649536  
341  1  0.0201211913924672  0.0018574120793223  
341  2  0.0000016054955331  0.0000253567294644  
342  1  0.0211331819035230  0.0019677120815828  
342  2  0.0000008712751936  0.0000178435846768  
343  1  0.0217013044595801  0.0021073324335318  
343  2  0.0000016337726627  0.0000182533982112  
344  1  0.0221080831157387  0.0022701702301165  
344  2  0.0000016255329408  0.0000282551803895  
345  1  0.0223605732266139  0.0024511573198209  
345  2  0.0000014423456981  0.0000186386366366  
346  1  0.0222108393708112  0.0026436589120737  
346  2  0.0000025753429216  0.0000240094110168  
347  1  0.0215166026203568  0.0028414689514723  
347  2  0.0000019762557869  0.0000146846746212  
348  1  0.0202463651406472  0.0030393219821145  
348  2  0.0000018073411512  0.0000277691278259  
349  1  0.0184597765263764  0.0032295019685008  
349  2  0.0000020545584814  0.0000120596605021  
350  1  0.0165705358823922  0.0034017781251998  
350  2  0.0000014485327450  0.0000215981988286  
351  1  0.0151399549570778  0.0035431545199005  
351  2  0.0000010420581124  0.0000143366363445  
352  1  0.0141472381637926  0.0036409251360250  
352  2  0.0000018835687487  0.0000212915204770  
353  1  0.0131518192996763  0.0036886356075027  
353  2  0.0000014964245871  0.0000102577907956  
354  1  0.0121287658091378  0.0036942152060893  
354  2  0.0000011553793050  0.0000111800232179  
355  1  0.0114345354953955  0.0036793616565081  
355  2  0.0000014078135282  0.0000143937884042  
356  1  0.0111462258761591  0.0036700279870939  
356  2  0.0000016277664526  0.0000088034094332  
357  1  0.0109989770031147  0.0036830065304726  
357  2  0.0000013870822155  0.0000095231286805  
358  1  0.0107530133642730  0.0037198688532866  
358  2  0.0000015336298995  0.0000112791300905  
359  1  0.0102243086053526  0.0037705531543971  
359  2  0.0000012189841008  0.0000075452088895  
360  1  0.0094444148744334  0.0038193365850959  
360  2  0.0000008882476272  0.0000104092074735  
361  1  0.0089581413976345  0.0038514814177032  
361  2  0.0000008334268375  0.0000070728365678  
362  1  0.0091659849885355  0.0038598224363848  
362  2  0.0000008953360855  0.0000074611049877  
363  1  0.0095079751360611  0.0038457935919351  
363  2  0.0000009026790720  0.0000121928622858  
364  1  0.0093111155891602  0.0038171684135945  
364  2  0.0000009368336526  0.0000065895358916  
365  1  0.0085706418824802  0.0037850517969738  
365  2  0.0000011795705119  0.0000076500071618  
366  1  0.0076506453999251  0.0037616734634306  
366  2  0.0000014898258905  0.0000096884633150  
367  1  0.0068259486591998  0.0037589977945827  
367  2  0.0000008858795304  0.0000055715096442  
368  1  0.0063139894446298  0.0037852989562245  
368  2  0.0000010644403849  0.0000066087283785  
369  1  0.0061903657617989  0.0038388930345373  
369  2  0.0000012120141912  0.0000056176201480  
370  1  0.0060063320538724  0.0039057261128632  
370  2  0.0000013637280561  0.0000044830552271  
371  1  0.0054784242874137  0.0039620745085322  
371  2  0.0000011726869268  0.0000076180447439  
372  1  0.0054004463755715  0.0039873205335352  
372  2  0.0000010896922547  0.0000051540265862  
373  1  0.0063824082563403  0.0039741033861492  
373  2  0.0000007513242073  0.0000081689502574  
374  1  0.0075361296066268  0.0039289220168020  
374  2  0.0000009728535816  0.0000061708493369  
375  1  0.0082038830411728  0.0038709884869134  
375  2  0.0000010086673680  0.0000081036044058  
376  1  0.0084981131542841  0.0038257966410585  
376  2  0.0000010623306691  0.0000084983422891  
377  1  0.0086875386893048  0.0038144387067033  
377  2  0.0000015153356691  0.0000075348555927  
378  1  0.0090003855050567  0.0038446164233687  
378  2  0.0000009937695877  0.0000078048885802  
379  1  0.0096684245882302  0.0039090808657877  
379  2  0.0000004872120397  0.0000070245278729  
380  1  0.0105438845377181  0.0039909838958019  
380  2  0.0000007802140779  0.0000092737058944  
381  1  0.0110685890564491  0.0040726170868084  
381  2  0.0000007459468869  0.0000068248985913  
382  1  0.0109473227262685  0.0041402692454044  
382  2  0.0000010280685214  0.0000084878974034  
383  1  0.0105304609597653  0.0041850450212070  
383  2  0.0000008904094515  0.0000060486382333  
384  1  0.0104290004938490  0.0042010533815521  
384  2  0.0000008292908064  0.0000061783946667  
385  1  0.0109004920382448  0.0041829913071455  
385  2  0.0000009093745948  0.0000070022342080  
386  1  0.0117890871343164  0.0041279759406823  
386  2  0.0000004820659619  0.0000071988458253  
387  1  0.0127527412103996  0.0040372437651364  
387  2  0.0000006324687603  0.0000080340243529  
388  1  0.0134556340692587  0.0039183880924595  
388  2  0.0000010760432409  0.0000059406515623  
389  1  0.0138519946834640  0.0037857775150588  
389  2  0.0000007030264447  0.0000103172502764  
390  1  0.0141927690493784  0.0036571512203924  
390  2  0.0000006128378598  0.0000096114528026  
391  1  0.0145541993623642  0.0035468417872752  
391  2  0.0000008665008859  0.0000064554151107  
392  1  0.0146371536617942  0.0034567414048883  
392  2  0.0000005858016270  0.0000104676804283  
393  1  0.0142788400268654  0.0033740272000023  
393  2  0.0000005800223019  0.0000094225261466  
394  1  0.0137786550378144  0.0032817276958706  
394  2  0.0000007351493032  0.0000058933575061  
395  1  0.0134977926915993  0.0031721159599327  
395  2  0.0000006648257369  0.0000050722332010  
396  1  0.0134899508807478  0.0030473747158580  
396  2  0.0000007660640971  0.0000059454456011  
397  1  0.0136051644518516  0.0029149949547245  
397  2  0.0000004907980360  0.0000062447829624  
398  1  0.0135059081643939  0.0027852870472968  
398  2  0.0000004834832307  0.0000070256562761  
399  1  0.0127680104915459  0.0026695907267472  
399  2  0.0000007733608902  0.0000075260714217  
400  1  0.0113308126182689  0.0025773548546811  
400  2  0.0000003769860803  0.0000046825213844  
401  1  0.0096965433046030  0.0025142964092933  
401  2  0.0000008330478854  0.0000063131033750  
402  1  0.0084763003253212  0.0024840206108054  
402  2  0.0000008489711484  0.0000066648250992  
403  1  0.0077411236147803  0.0024861955050057  
403  2  0.0000006846321169  0.0000050980949040  
404  1  0.0071673185971731  0.0025121712436308  
404  2  0.0000009517869066  0.0000074121072300  
405  1  0.0065927934228799  0.0025433098559095  
405  2  0.0000007642944317  0.0000063389524573  
406  1  0.0061156159709182  0.0025597023124776  
406  2  0.0000008716818276  0.0000066482395513  
407  1  0.0061300165486551  0.0025489143816497  
407  2  0.0000006836092808  0.0000079154296705  
408  1  0.0068919371414857  0.0025109733860459  
408  2  0.0000006793491141  0.0000078445806347  
409  1  0.0077786136589548  0.0024557336972241  
409  2  0.0000006444371486  0.0000079432928642  
410  1  0.0080343330616721  0.0023970260753406  
410  2  0.0000007670386509  0.0000073297788034  
411  1  0.0077294876642895  0.0023498043654469  
411  2  0.0000006799927656  0.0000105881445112  
412  1  0.0076323909862852  0.0023269305461065  
412  2  0.0000007366163694  0.0000099383493968  
413  1  0.0081042306292890  0.0023343933683288  
413  2  0.0000008859376409  0.0000087695116771  
414  1  0.0087028335302667  0.0023696470130983  
414  2  0.0000006542522494  0.0000091319891671  
415  1  0.0090752575163191  0.0024262888573336  
415  2  0.0000008602446974  0.0000113245540199  
416  1  0.0091876800580955  0.0025006793559961  
416  2  0.0000009899571751  0.0000103269783703  
417  1  0.0090440995654561  0.0025917565392900  
417  2  0.0000007400259892  0.0000113790852626  
418  1  0.0088091088389222  0.0026988495977797  
418  2  0.0000010903288935  0.0000071605234182  
419  1  0.0088130569974658  0.0028183733854355  
419  2  0.0000009910654681  0.0000107653558401  
420  1  0.0090508956073560  0.0029408409176913  
420  2  0.0000007322611830  0.0000099970468097  
421  1  0.0092634083077990  0.0030501875220614  
421  2  0.0000008886318240  0.0000065257069599  
422  1  0.0095208168886746  0.0031280800624292  
422  2  0.0000005333228754  0.0000058016475235  
423  1  0.0100996128230751  0.0031606809318472  
423  2  0.0000009511702162  0.0000066419236014  
424  1  0.0109934454182882  0.0031440344877566  
424  2  0.0000008713976545  0.0000068108808438  
425  1  0.0119687936200103  0.0030890299112175  
425  2  0.0000006359741683  0.0000064733082299  
426  1  0.0128001444677681  0.0030188126490704  
426  2  0.0000006352387990  0.0000090059453725  
427  1  0.0132959856225777  0.0029586256336306  
427  2  0.0000008177144658  0.0000029816235777  
428  1  0.0134527756576462  0.0029328131971537  
428  2  0.0000009763164127  0.0000100648948052  
429  1  0.0136016081018049  0.0029414705848381  
429  2  0.0000008763214992  0.0000137638534403  
430  1  0.0140055117784954  0.0029931797226221  
430  2  0.0000011098608573  0.0000088837279931  
431  1  0.0144013232954192  0.0030712098424553  
431  2  0.0000005841818996  0.0000093107261545  
432  1  0.0144028591123862  0.0031552078616209  
432  2  0.0000005642002984  0.0000053873631631  
433  1  0.0140574372272459  0.0032271206384037  
433  2  0.0000007906828176  0.0000047288203451  
434  1  0.0137063084221743  0.0032804915732818  
434  2  0.0000005505190899  0.0000097102426477  
435  1  0.0135795971287847  0.0033214187903032  
435  2  0.0000009712404303  0.0000049094082418  
436  1  0.0137320912838409  0.0033628487903399  
436  2  0.0000005313882482  0.0000067125669012  
437  1  0.0140884046900488  0.0034165470062633  
437  2  0.0000012178971992  0.0000067113987127  
438  1  0.0143823516828398  0.0034888064819290  
438  2  0.0000005898002721  0.0000058209909162  
439  1  0.0143779715785549  0.0035810430699986  
439  2  0.0000006055014180  0.0000044397129020  
440  1  0.0141787007618688  0.0036900112276462  
440  2  0.0000005826349841  0.0000060399806685  
441  1  0.0140197713482149  0.0038093010462967  
441  2  0.0000002629301555  0.0000044724353943  
442  1  0.0138786217089181  0.0039296823850662  
442  2  0.0000005923639585  0.0000045350482832  
443  1  0.0136212041029235  0.0040402554655213  
443  2  0.0000006484143675  0.0000047042663104  
444  1  0.0132610872466521  0.0041293682513488  
444  2  0.0000006480224953  0.0000068853765075  
445  1  0.0128712685001396  0.0041887806124022  
445  2  0.0000005557316731  0.0000044461636663  
446  1  0.0125806452439607  0.0042183434840838  
446  2  0.0000008456226336  0.0000043498553354  
447  1  0.0125838317555406  0.0042274855911070  
447  2  0.0000007463709910  0.0000099198696130  
448  1  0.0127413724368650  0.0042285958824998  
448  2  0.0000011553391019  0.0000076876314392  
449  1  0.0125156732181167  0.0042303753674808  
449  2  0.0000009060128639  0.0000079402376453  
450  1  0.0116857000515993  0.0042361024445047  
450  2  0.0000007812190915  0.0000084075415273  
451  1  0.0108108309534188  0.0042468656946294  
451  2  0.0000014803794269  0.0000066451767861  
452  1  0.0106517146254202  0.0042632216954218  
452  2  0.0000005856194262  0.0000066126284170  
453  1  0.0112001564173030  0.0042834661193116  
453  2  0.0000006715395422  0.0000029850112678  
454  1  0.0119698920298867  0.0043034423406075  
454  2  0.0000008707381856  0.0000031303029920  
455  1  0.0127504773884513  0.0043136846647687  
455  2  0.0000007104257124  0.0000070015749910  
456  1  0.0136524980485348  0.0043019258773215  
456  2  0.0000010329349598  0.0000054767496117  
457  1  0.0149855723599100  0.0042554539877921  
457  2  0.0000008005330317  0.0000044004779755  
458  1  0.0169778036947828  0.0041653864896448  
458  2  0.0000007766275909  0.0000091673533484  
459  1  0.0193374592801909  0.0040301664863392  
459  2  0.0000010729060628  0.0000083851880099  
460  1  0.0213913680530392  0.0038569567757091  
460  2  0.0000006523267825  0.0000071552657322  
461  1  0.0226858827856737  0.0036610789994779  
461  2  0.0000005243926009  0.0000077530543679  
462  1  0.0232586780671913  0.0034620738767102  
462  2  0.0000009336798681  0.0000072096291724  
463  1  0.0234313364536540  0.0032798218676315  
463  2  0.0000006639611084  0.0000071203181416  
464  1  0.0235550400875527  0.0031286613442283  
464  2  0.0000004474508449  0.0000062294650365  
465  1  0.0238429672107572  0.0030121270886382  
465  2  0.0000007068060454  0.0000062512012234  
466  1  0.0241591863898242  0.0029229587919527  
466  2  0.0000007954967709  0.0000057548090565  
467  1  0.0242124160690252  0.0028471022049145  
467  2  0.0000007418421448  0.0000070972193553  
468  1  0.0241773558279597  0.0027708891995191  
468  2  0.0000009295771586  0.0000086414962537  
469  1  0.0246576227801808  0.0026882775426293  
469  2  0.0000006324080218  0.0000048310540164  
470  1  0.0257566195185464  0.0026023086494630  
470  2  0.0000008248186814  0.0000059110025101  
471  1  0.0268283160646297  0.0025218918525430  
471  2  0.0000007524794979  0.0000057528083524  
472  1  0.0273499645409956  0.0024555033630562  
472  2  0.0000007947317164  0.0000036190773296  
473  1  0.0274241810633590  0.0024082592530574  
473  2  0.0000010271869558  0.0000047121060330  
474  1  0.0274885220200962  0.0023821881029608  
474  2  0.0000008260174471  0.0000063322856212  
475  1  0.0279536345239247  0.0023762591888194  
475  2  0.0000009215065355  0.0000060276653025  
476  1  0.0290095474576772  0.0023844832977371  
476  2  0.0000010339581526  0.0000086222586782  
477  1  0.0304383744621749  0.0023953030104685  
477  2  0.0000009666867978  0.0000058257319266  
478  1  0.0318328699083475  0.0023948066892684  
478  2  0.0000007830784322  0.0000105557053576  
479  1  0.0331525695966826  0.0023692687704544  
479  2  0.0000010425894140  0.0000080501380582  
480  1  0.0347060767271986  0.0023091716693040  
480  2  0.0000011640927732  0.0000147354637363  
481  1  0.0365403355883238  0.0022123626020363  
481  2  0.0000009854993888  0.0000125258537848  
482  1  0.0382496110417470  0.0020866643542135  
482  2  0.0000009422784546  0.0000115364860709  
483  1  0.0393584430001569  0.0019468912367970  
483  2  0.0000011347871917  0.0000102708245665  
484  1  0.0395764376259524  0.0018082159452908  
484  2  0.0000013778202683  0.0000115521630182  
485  1  0.0389545646588650  0.0016806011154695  
485  2  0.0000008623813072  0.0000095167109355  
486  1  0.0381327753114054  0.0015694176281752  
486  2  0.0000010507332315  0.0000096116437334  
487  1  0.0379561533104028  0.0014803351995887  
487  2  0.0000008774805135  0.0000077439246601  
488  1  0.0383985230381010  0.0053522302665908  
488  2  0.0003718052118588  0.0003094824186473  
489  1  0.0385246345244050  0.0031295394575289  
489  2  0.0001354121396758  0.0002045043742327  
490  1  0.0381815784697762  0.0028297930488380  
490  2  0.0000251351978904  0.0000724130840408  
491  1  0.0379831027164163  0.0026944736111766  
491  2  0.0000074835084976  0.0000701172816468  
492  1  0.0386802259311560  0.0025713254210776  
492  2  0.0000053214805467  0.0000541253419846  
493  1  0.0402810529203525  0.0024523263220913  
493  2  0.0000066588502297  0.0000464574409627  
494  1  0.0423849152076032  0.0023268172823219  
494  2  0.0000060088896945  0.0000449591361707  
495  1  0.0441616177436343  0.0021996173247696  
495  2  0.0000046206209381  0.0000280051910873  
496  1  0.0450391323055373  0.0020761299789782  
496  2  0.0000062067940531  0.0000359982869154  
497  1  0.0449041389945591  0.0019730893771971  
497  2  0.0000052324366199  0.0000255779764203  
498  1  0.0444208383928874  0.0019014493111679  
498  2  0.0000027960152917  0.0000384574134165  
499  1  0.0440868669907655  0.0018571274832627  
499  2  0.0000055252380013  0.0000542085446320  
500  1  0.0436894642420302  0.0018327383390624  
500  2  0.0000054099461250  0.0000609766407392  