Timestep  Iteration  resNorm(0)  
1  1  1.0000000000000000  
1  2  0.0000614384150401  
1  3  0.0050992184725364  
1  4  0.0000109588382649  
1  5  0.0000009328308434  
2  1  0.0066467044412097  
2  2  0.0074261540101734  
2  3  0.0000005579960580  
3  1  0.0053861307002888  
3  2  0.0054219701825615  
3  3  0.0000004473355745  
4  1  0.0006889645389149  
4  2  0.0005029707334858  
4  3  0.0000002289392676  
5  1  0.0002830352376200  
5  2  0.0000626621906112  
5  3  0.0000003099795897  
6  1  0.0002411523321072  
6  2  0.0000138829711527  
6  3  0.0000002308180962  
7  1  0.0002288385111191  
7  2  0.0000044858766105  
7  3  0.0000003399941734  
8  1  0.0002202773632987  
8  2  0.0000013866661430  
8  3  0.0000000078122494  
9  1  0.0002108861746388  
9  2  0.0000003235204242  
10  1  0.0002014701761498  
10  2  0.0000001318277305  
11  1  0.0001925043164708  
11  2  0.0000002768066518  
12  1  0.0001833954255292  
12  2  0.0000003027171518  
13  1  0.0001744832121213  
13  2  0.0000002915762668  
14  1  0.0001661341098829  
14  2  0.0000002321074140  
15  1  0.0001585644922047  
15  2  0.0000001948035847  
16  1  0.0001518488400364  
16  2  0.0000001869538122  
17  1  0.0001459905442984  
17  2  0.0000001840893192  
18  1  0.0001408755787453  
18  2  0.0000001762356867  
19  1  0.0001363535831525  
19  2  0.0000001621817448  
20  1  0.0001322532802217  
20  2  0.0000001432427173  
21  1  0.0001284040700968  
21  2  0.0000001335352746  
22  1  0.0001246780933836  
22  2  0.0000001336614476  
23  1  0.0001210040889448  
23  2  0.0000001364461556  
24  1  0.0001173650572023  
24  2  0.0000001356421320  
25  1  0.0001137913049664  
25  2  0.0000001283473387  
26  1  0.0001103891440824  
26  2  0.0000001104017024  
27  1  0.0001070270684327  
27  2  0.0000001182858354  
28  1  0.0001039896379810  
28  2  0.0000000860903640  
29  1  0.0001011343442253  
29  2  0.0000000847036185  
30  1  0.0000985473181670  
30  2  0.0000000820032881  
31  1  0.0000961702494818  
31  2  0.0000000784546161  
32  1  0.0000939610258259  
32  2  0.0000000751558319  
33  1  0.0000918781184642  
33  2  0.0000000715241814  
34  1  0.0000898783344066  
34  2  0.0000000698943230  
35  1  0.0000879349252574  
35  2  0.0000000690108916  
36  1  0.0000860301299741  
36  2  0.0000000680838689  
37  1  0.0000841623949763  
37  2  0.0000000662647406  
38  1  0.0000823381233678  
38  2  0.0000000635447103  
39  1  0.0000805711032624  
39  2  0.0000000596494149  
40  1  0.0000788718287910  
40  2  0.0000000559578390  
41  1  0.0000772516243822  
41  2  0.0000000526250194  
42  1  0.0000757122175610  
42  2  0.0000000502864964  
43  1  0.0000742532859136  
43  2  0.0000000480521581  
44  1  0.0000728651876142  
44  2  0.0000000465103807  
45  1  0.0000715392467830  
45  2  0.0000000452264486  
46  1  0.0000702631587472  
46  2  0.0000000439143881  
47  1  0.0000690277428240  
47  2  0.0000000429391199  
48  1  0.0000678246876986  
48  2  0.0000000421134375  
49  1  0.0000666508412540  
49  2  0.0000000412551334  
50  1  0.0000655045232725  
50  2  0.0000000401543429  
51  1  0.0000643875801031  
51  2  0.0000000386611152  
52  1  0.0000633013832842  
52  2  0.0000000373088993  
53  1  0.0000622492695961  
53  2  0.0000000358648080  
54  1  0.0000612321393218  
54  2  0.0000000345987705  
55  1  0.0000602506148877  
55  2  0.0000000332929421  
56  1  0.0000593028875621  
56  2  0.0000000323167655  
57  1  0.0000583871259686  
57  2  0.0000000314553068  
58  1  0.0000575001010373  
58  2  0.0000000305787742  
59  1  0.0000566385158810  
59  2  0.0000000299784291  
60  1  0.0000557999335665  
60  2  0.0000000292660382  
61  1  0.0000549817765587  
61  2  0.0000000293937375  
62  1  0.0000541788071023  
62  2  0.0000000310679592  
63  1  0.0000534050478319  
63  2  0.0000000276366376  
64  1  0.0000526408577576  
64  2  0.0000000265328324  
65  1  0.0000518986678162  
65  2  0.0000000258913904  
66  1  0.0000511750964745  
66  2  0.0000000251731650  
67  1  0.0000504703800787  
67  2  0.0000000244551281  
68  1  0.0000497843458812  
68  2  0.0000000237943463  
69  1  0.0000491160935537  
69  2  0.0000000232133573  
70  1  0.0000484649863425  
70  2  0.0000000227097402  
71  1  0.0000478298873279  
71  2  0.0000000222143173  
72  1  0.0000472099232675  
72  2  0.0000000216967278  
73  1  0.0000466040498505  
73  2  0.0000000212381043  
74  1  0.0000460115724951  
74  2  0.0000000208122713  
75  1  0.0000454319147180  
75  2  0.0000000203623320  
76  1  0.0000448646982312  
76  2  0.0000000199161429  
77  1  0.0000443095594353  
77  2  0.0000000195174124  
78  1  0.0000437664818336  
78  2  0.0000000190587378  
79  1  0.0000432351143051  
79  2  0.0000000186459154  
80  1  0.0000427153188017  
80  2  0.0000000182390894  
81  1  0.0000422068137877  
81  2  0.0000000178455106  
82  1  0.0000417091775977  
82  2  0.0000000174900988  
83  1  0.0000412220865709  
83  2  0.0000000171383138  
84  1  0.0000407450637908  
84  2  0.0000000168008143  
85  1  0.0000402777281472  
85  2  0.0000000164713257  
86  1  0.0000398196418020  
86  2  0.0000000161647060  
87  1  0.0000393705147973  
87  2  0.0000000158622623  
88  1  0.0000389300489444  
88  2  0.0000000155629404  
89  1  0.0000384979877436  
89  2  0.0000000152709330  
90  1  0.0000380741559465  
90  2  0.0000000149791982  
91  1  0.0000376583383959  
91  2  0.0000000146997208  
92  1  0.0000372503741347  
92  2  0.0000000144249360  
93  1  0.0000368500541254  
93  2  0.0000000141608125  
94  1  0.0000364572163231  
94  2  0.0000000138996318  
95  1  0.0000360716095653  
95  2  0.0000000136529754  
96  1  0.0000356930690131  
96  2  0.0000000134060331  
97  1  0.0000353213240426  
97  2  0.0000000131797565  
98  1  0.0000349562211405  
98  2  0.0000000129503898  
99  1  0.0000345975241601  
99  2  0.0000000127304642  
100  1  0.0000342450636410  
100  2  0.0000000125144620  
101  1  0.0000338986719107  
101  2  0.0000000123047223  
102  1  0.0000335581941288  
102  2  0.0000000120999291  
103  1  0.0000332234905102  
103  2  0.0000000118976449  
104  1  0.0000328944186875  
104  2  0.0000000117018003  
105  1  0.0000325708499070  
105  2  0.0000000115098682  
106  1  0.0000322526582069  
106  2  0.0000000113214942  
107  1  0.0000319396939124  
107  2  0.0000000111437610  
108  1  0.0000316318533312  
108  2  0.0000000109629703  
109  1  0.0000313289761026  
109  2  0.0000000107925381  
110  1  0.0000310309443814  
110  2  0.0000000106264227  
111  1  0.0000307376457756  
111  2  0.0000000104608199  
112  1  0.0000304489762120  
112  2  0.0000000102982787  
113  1  0.0000301648337487  
113  2  0.0000000101378639  
114  1  0.0000298851004883  
114  2  0.0000000099873281  
115  1  0.0000296096959865  
115  2  0.0000000098352127  
116  1  0.0000293384996399  
116  2  0.0000000096885613  
117  1  0.0000290714293370  
117  2  0.0000000095441033  
118  1  0.0000288083844396  
118  2  0.0000000094045614  
119  1  0.0000285492818850  
119  2  0.0000000092667084  
120  1  0.0000282940280390  
120  2  0.0000000091323376  
121  1  0.0000280425372968  
121  2  0.0000000090019467  
122  1  0.0000277947288267  
122  2  0.0000000088733642  
123  1  0.0000275505076857  
123  2  0.0000000087489800  
124  1  0.0000273098044632  
124  2  0.0000000086262625  
125  1  0.0000270725358093  
125  2  0.0000000085062051  
126  1  0.0000268386352648  
126  2  0.0000000083882500  
127  1  0.0000266080235179  
127  2  0.0000000082745120  
128  1  0.0000263806415787  
128  2  0.0000000081607045  
129  1  0.0000261564121470  
129  2  0.0000000080520519  
130  1  0.0000259352768464  
130  2  0.0000000079438603  
131  1  0.0000257171682700  
131  2  0.0000000078379101  
132  1  0.0000255019824486  
132  2  0.0000000077380523  
133  1  0.0000252897385857  
133  2  0.0000000076294567  
134  1  0.0000250802979762  
134  2  0.0000000075383376  
135  1  0.0000248736686428  
135  2  0.0000000074355773  
136  1  0.0000246697776229  
136  2  0.0000000073401958  
137  1  0.0000244685680163  
137  2  0.0000000072486342  
138  1  0.0000242700002934  
138  2  0.0000000071538220  
139  1  0.0000240740145502  
139  2  0.0000000070639950  
140  1  0.0000238805621161  
140  2  0.0000000069761634  
141  1  0.0000236896008653  
141  2  0.0000000068884676  
142  1  0.0000235010760501  
142  2  0.0000000068018803  
143  1  0.0000233149412133  
143  2  0.0000000067193810  
144  1  0.0000231311533537  
144  2  0.0000000066374386  
145  1  0.0000229496657281  
145  2  0.0000000065563004  
146  1  0.0000227704349392  
146  2  0.0000000064775319  
147  1  0.0000225934203519  
147  2  0.0000000064001658  
148  1  0.0000224185808307  
148  2  0.0000000063239012  
149  1  0.0000222458734489  
149  2  0.0000000062491086  
150  1  0.0000220752607060  
150  2  0.0000000061765478  
151  1  0.0000219067038871  
151  2  0.0000000061044577  
152  1  0.0000217401631460  
152  2  0.0000000060341827  
153  1  0.0000215756043057  
153  2  0.0000000059653405  
154  1  0.0000214129910074  
154  2  0.0000000058967754  
155  1  0.0000212522885345  
155  2  0.0000000058310556  
156  1  0.0000210934686159  
156  2  0.0000000057648166  
157  1  0.0000204098438519  
157  2  0.0000000959482211  
158  1  0.0000205082223095  
158  2  0.0000000814946257  
159  1  0.0000201180036230  
159  2  0.0000000171020811  
160  1  0.0000200802842413  
160  2  0.0000000085306584  
161  1  0.0000199359792569  
161  2  0.0000000062082653  
162  1  0.0000197984992981  
162  2  0.0000000054579734  
163  1  0.0000196631091197  
163  2  0.0000000052339620  
164  1  0.0000195292161097  
164  2  0.0000000049526038  
165  1  0.0000193963803362  
165  2  0.0000000048582706  
166  1  0.0000192649654348  
166  2  0.0000000047897091  
167  1  0.0000191347908796  
167  2  0.0000000047025427  
168  1  0.0000190058572405  
168  2  0.0000000046943578  
169  1  0.0000188781244774  
169  2  0.0000000046149034  
170  1  0.0000187516303035  
170  2  0.0000000045936043  
171  1  0.0000186262913377  
171  2  0.0000000045316323  
172  1  0.0000185021519493  
172  2  0.0000000044777796  
173  1  0.0000183791178329  
173  2  0.0000000044450085  
174  1  0.0000182572188512  
174  2  0.0000000044018842  
175  1  0.0000181364234825  
175  2  0.0000000043648987  
176  1  0.0000180167149365  
176  2  0.0000000043339316  
177  1  0.0000178980967751  
177  2  0.0000000042941632  
178  1  0.0000177805466707  
178  2  0.0000000042576652  
179  1  0.0000176640596805  
179  2  0.0000000042196389  
180  1  0.0000175486258736  
180  2  0.0000000041827272  
181  1  0.0000174342380656  
181  2  0.0000000041491981  
182  1  0.0000173208918461  
182  2  0.0000000041128777  
183  1  0.0000172085694537  
183  2  0.0000000040760165  
184  1  0.0000170972629928  
184  2  0.0000000040404807  
185  1  0.0000169869586590  
185  2  0.0000000040089635  
186  1  0.0000168776519229  
186  2  0.0000000039759613  
187  1  0.0000167693299598  
187  2  0.0000000039407007  
188  1  0.0000166619751110  
188  2  0.0000000039082581  
189  1  0.0000165555841712  
189  2  0.0000000038744156  
190  1  0.0000164501402432  
190  2  0.0000000038424543  
191  1  0.0000163456336291  
191  2  0.0000000038110355  
192  1  0.0000162420577514  
192  2  0.0000000037799579  
193  1  0.0000161394012503  
193  2  0.0000000037476680  
194  1  0.0000160376557137  
194  2  0.0000000037163865  
195  1  0.0000159368100268  
195  2  0.0000000036859177  
196  1  0.0000158368565797  
196  2  0.0000000036558954  
197  1  0.0000157377872991  
197  2  0.0000000036265705  
198  1  0.0000156395902168  
198  2  0.0000000035958581  
199  1  0.0000155422391041  
199  2  0.0000000035672372  
200  1  0.0000154457025858  
200  2  0.0000000035417036  
201  1  0.0000153500477321  
201  2  0.0000000035088130  
202  1  0.0000152552196954  
202  2  0.0000000034803861  
203  1  0.0000151612223631  
203  2  0.0000000034544260  
204  1  0.0000150680543486  
204  2  0.0000000034258796  
205  1  0.0000149756892950  
205  2  0.0000000033971029  
206  1  0.0000148841228036  
206  2  0.0000000033717063  
207  1  0.0000147933483099  
207  2  0.0000000033452680  
208  1  0.0000147033536452  
208  2  0.0000000033180927  
209  1  0.0000146141294446  
209  2  0.0000000032920854  
210  1  0.0000145256676431  
210  2  0.0000000032659737  
211  1  0.0000144379586484  
211  2  0.0000000032406648  
212  1  0.0000143509938653  
212  2  0.0000000032169144  
213  1  0.0000142647693133  
213  2  0.0000000031905643  
214  1  0.0000141792691937  
214  2  0.0000000031661056  
215  1  0.0000140944896530  
215  2  0.0000000031422834  
216  1  0.0000140104239074  
216  2  0.0000000031177809  
217  1  0.0000139270600429  
217  2  0.0000000030943870  
218  1  0.0000138443922482  
218  2  0.0000000030717741  
219  1  0.0000137624152596  
219  2  0.0000000030476832  
220  1  0.0000136811175168  
220  2  0.0000000030244065  
221  1  0.0000136004934859  
221  2  0.0000000030024774  
222  1  0.0000135205362575  
222  2  0.0000000029800459  
223  1  0.0000134412378886  
223  2  0.0000000029575093  
224  1  0.0000133625896380  
224  2  0.0000000029355751  
225  1  0.0000132845864556  
225  2  0.0000000029133658  
226  1  0.0000132072197304  
226  2  0.0000000028927913  
227  1  0.0000131304835188  
227  2  0.0000000028726690  
228  1  0.0000130543743542  
228  2  0.0000000028505281  
229  1  0.0000129788765618  
229  2  0.0000000028303000  
230  1  0.0000129039908372  
230  2  0.0000000028098919  
231  1  0.0000128297085811  
231  2  0.0000000027889435  
232  1  0.0000127560201951  
232  2  0.0000000027695008  
233  1  0.0000126829229627  
233  2  0.0000000027503479  
234  1  0.0000126104091584  
234  2  0.0000000027302818  
235  1  0.0000125384717385  
235  2  0.0000000027107222  
236  1  0.0000124671035819  
236  2  0.0000000026919658  
237  1  0.0000123963001061  
237  2  0.0000000026737812  
238  1  0.0000123260555954  
238  2  0.0000000026555807  
239  1  0.0000122563643321  
239  2  0.0000000026360597  
240  1  0.0000121872199950  
240  2  0.0000000026171284  
241  1  0.0000121186145382  
241  2  0.0000000025999421  
242  1  0.0000120505484050  
242  2  0.0000000025823845  
243  1  0.0000119830119593  
243  2  0.0000000025639836  
244  1  0.0000119159978845  
244  2  0.0000000025474980  
245  1  0.0000118495049983  
245  2  0.0000000025301570  
246  1  0.0000117835263252  
246  2  0.0000000025124844  
247  1  0.0000117180555983  
247  2  0.0000000024960158  
248  1  0.0000116530887566  
248  2  0.0000000024797551  
249  1  0.0000115886221002  
249  2  0.0000000024627852  
250  1  0.0000115246479874  
250  2  0.0000000024457681  
251  1  0.0000114611590143  
251  2  0.0000000024299840  
252  1  0.0000113981534020  
252  2  0.0000000024142352  
253  1  0.0000113356216904  
253  2  0.0000000023985301  
254  1  0.0000112735641405  
254  2  0.0000000023829721  
255  1  0.0000112119754654  
255  2  0.0000000023669713  
256  1  0.0000111508475113  
256  2  0.0000000023524123  
257  1  0.0000110901828478  
257  2  0.0000000023367876  
258  1  0.0000110299715553  
258  2  0.0000000023218907  
259  1  0.0000109702114223  
259  2  0.0000000023074204  
260  1  0.0000109108987591  
260  2  0.0000000022927419  
261  1  0.0000108520284060  
261  2  0.0000000022781654  
262  1  0.0000107935961602  
262  2  0.0000000022636069  
263  1  0.0000107355975162  
263  2  0.0000000022497343  
264  1  0.0000106780286540  
264  2  0.0000000022359231  
265  1  0.0000106208842775  
265  2  0.0000000022216113  
266  1  0.0000105641601837  
266  2  0.0000000022080706  
267  1  0.0000105078528461  
267  2  0.0000000021947651  
268  1  0.0000104519585281  
268  2  0.0000000021814398  
269  1  0.0000103964740800  
269  2  0.0000000021676852  
270  1  0.0000103413938240  
270  2  0.0000000021545457  
271  1  0.0000102854515368  
271  2  0.0000000030501203  
272  1  0.0000102280506808  
272  2  0.0000000047208133  
273  1  0.0000101726876555  
273  2  0.0000000022009727  
274  1  0.0000101169934583  
274  2  0.0000000021777594  
275  1  0.0000100625152442  
275  2  0.0000000021430138  
276  1  0.0000100086945658  
276  2  0.0000000021840105  
277  1  0.0000099555079623  
277  2  0.0000000020859360  
278  1  0.0000099027092430  
278  2  0.0000000020640494  
279  1  0.0000098502868521  
279  2  0.0000000020473269  
280  1  0.0000097984633556  
280  2  0.0000000020342844  
281  1  0.0000097470430969  
281  2  0.0000000020277305  
282  1  0.0000096960618233  
282  2  0.0000000020126536  
283  1  0.0000096454800385  
283  2  0.0000000047641628  
284  1  0.0000095943310719  
284  2  0.0000000073788171  
285  1  0.0000095463143218  
285  2  0.0000000083166886  
286  1  0.0000094949712249  
286  2  0.0000000091589255  
287  1  0.0000094477375019  
287  2  0.0000000088374889  
288  1  0.0000093972086729  
288  2  0.0000000090075102  
289  1  0.0000093506843791  
289  2  0.0000000086832257  
290  1  0.0000093009719624  
290  2  0.0000000089499402  
291  1  0.0000092550662184  
291  2  0.0000000085888578  
292  1  0.0000092060929069  
292  2  0.0000000088920404  
293  1  0.0000091608831945  
293  2  0.0000000086036271  
294  1  0.0000091125449314  
294  2  0.0000000088191478  
295  1  0.0000090680181228  
295  2  0.0000000086652988  
296  1  0.0000090203162875  
296  2  0.0000000088356853  
297  1  0.0000089764180872  
297  2  0.0000000084803941  
298  1  0.0000089294005495  
298  2  0.0000000087634775  
299  1  0.0000088861544195  
299  2  0.0000000084366854  
300  1  0.0000088397798358  
300  2  0.0000000059671284  
301  1  0.0000087965304788  
301  2  0.0000000023386658  
302  1  0.0000087521083893  
302  2  0.0000000018587245  
303  1  0.0000087084519635  
303  2  0.0000000018132909  
304  1  0.0000086650545038  
304  2  0.0000000017882559  
305  1  0.0000086219160237  
305  2  0.0000000017802768  
306  1  0.0000085790821321  
306  2  0.0000000017842319  
307  1  0.0000085365167103  
307  2  0.0000000018044693  
308  1  0.0000084943359833  
308  2  0.0000000017640037  
309  1  0.0000084523636933  
309  2  0.0000000017360418  
310  1  0.0000084106768334  
310  2  0.0000000017291473  
311  1  0.0000083692999337  
311  2  0.0000000017206423  
312  1  0.0000083281986809  
312  2  0.0000000017095747  
313  1  0.0000082873708944  
313  2  0.0000000017001289  
314  1  0.0000082467230843  
314  2  0.0000000016979334  
315  1  0.0000082062570132  
315  2  0.0000000017102439  
316  1  0.0000081660074502  
316  2  0.0000000016924473  
317  1  0.0000081259655125  
317  2  0.0000000016773467  
318  1  0.0000080861684586  
318  2  0.0000000016731206  
319  1  0.0000080466230558  
319  2  0.0000000016591810  
320  1  0.0000080073295778  
320  2  0.0000000016578373  
321  1  0.0000079683007605  
321  2  0.0000000016412011  
322  1  0.0000079295179034  
322  2  0.0000000016323742  
323  1  0.0000078909826809  
323  2  0.0000000016247327  
324  1  0.0000078527133661  
324  2  0.0000000016145745  
325  1  0.0000078146917014  
325  2  0.0000000016074358  
326  1  0.0000077769256973  
326  2  0.0000000015992817  
327  1  0.0000077394119307  
327  2  0.0000000015914949  
328  1  0.0000077021486025  
328  2  0.0000000015826573  
329  1  0.0000076651324682  
329  2  0.0000000015759656  
330  1  0.0000076283654534  
330  2  0.0000000015689825  
331  1  0.0000075918463437  
331  2  0.0000000015607683  
332  1  0.0000075555683754  
332  2  0.0000000015532004  
333  1  0.0000075195335576  
333  2  0.0000000015462967  
334  1  0.0000074837383391  
334  2  0.0000000015784924  
335  1  0.0000074482360288  
335  2  0.0000000015433045  
336  1  0.0000074129056082  
336  2  0.0000000015328164  
337  1  0.0000073778046374  
337  2  0.0000000015206901  
338  1  0.0000073429621552  
338  2  0.0000000015119924  
339  1  0.0000073083406112  
339  2  0.0000000015027383  
340  1  0.0000072739449520  
340  2  0.0000000014977137  
341  1  0.0000072397759603  
341  2  0.0000000014921069  
342  1  0.0000072058421864  
342  2  0.0000000014832587  
343  1  0.0000071721238184  
343  2  0.0000000014774033  
344  1  0.0000071386312588  
344  2  0.0000000014708356  
345  1  0.0000071053617009  
345  2  0.0000000014635706  
346  1  0.0000070723091391  
346  2  0.0000000014577823  
347  1  0.0000070394749312  
347  2  0.0000000014511426  
348  1  0.0000070068571456  
348  2  0.0000000014450169  
349  1  0.0000069744550304  
349  2  0.0000000014388918  
350  1  0.0000069422616443  
350  2  0.0000000014484138  
351  1  0.0000069102298565  
351  2  0.0000000014435619  
352  1  0.0000068784892108  
352  2  0.0000000014279783  
353  1  0.0000068469153071  
353  2  0.0000000014153495  
354  1  0.0000068155288839  
354  2  0.0000000014093585  
355  1  0.0000067843665830  
355  2  0.0000000014039174  
356  1  0.0000067533941339  
356  2  0.0000000013972771  
357  1  0.0000067226243682  
357  2  0.0000000013903313  
358  1  0.0000066920467472  
358  2  0.0000000013848790  
359  1  0.0000066616688099  
359  2  0.0000000013800964  
360  1  0.0000066314845150  
360  2  0.0000000013745498  
361  1  0.0000066014928052  
361  2  0.0000000013680326  
362  1  0.0000065716926747  
362  2  0.0000000013621832  
363  1  0.0000065420824866  
363  2  0.0000000013571144  
364  1  0.0000065126637766  
364  2  0.0000000013517888  
365  1  0.0000064834317036  
365  2  0.0000000013460396  
366  1  0.0000064543879360  
366  2  0.0000000013407870  
367  1  0.0000064255289237  
367  2  0.0000000013352375  
368  1  0.0000063968541054  
368  2  0.0000000013346093  
369  1  0.0000063683616953  
369  2  0.0000000013270282  
370  1  0.0000063400537951  
370  2  0.0000000013204215  
371  1  0.0000063119253903  
371  2  0.0000000013150282  
372  1  0.0000062839776695  
372  2  0.0000000013084909  
373  1  0.0000062562095441  
373  2  0.0000000013034449  
374  1  0.0000062286146628  
374  2  0.0000000013007464  
375  1  0.0000062011988150  
375  2  0.0000000012952327  
376  1  0.0000061739617519  
376  2  0.0000000012885250  
377  1  0.0000061468950071  
377  2  0.0000000012841533  
378  1  0.0000061200054419  
378  2  0.0000000012788621  
379  1  0.0000060932896176  
379  2  0.0000000012738250  
380  1  0.0000060667461168  
380  2  0.0000000012692563  
381  1  0.0000060403730360  
381  2  0.0000000012645456  
382  1  0.0000060141700521  
382  2  0.0000000012599031  
383  1  0.0000059881359306  
383  2  0.0000000012552559  
384  1  0.0000059622701494  
384  2  0.0000000012502877  
385  1  0.0000059365698448  
385  2  0.0000000012459304  
386  1  0.0000059110362251  
386  2  0.0000000012412350  
387  1  0.0000058856503051  
387  2  0.0000000012373724  
388  1  0.0000058603622988  
388  2  0.0000000012437712  
389  1  0.0000058351977864  
389  2  0.0000000012439127  
390  1  0.0000058101403257  
390  2  0.0000000012326944  
391  1  0.0000057851598199  
391  2  0.0000000012322969  
392  1  0.0000057603286737  
392  2  0.0000000012261587  
393  1  0.0000057356362540  
393  2  0.0000000012205837  
394  1  0.0000057110774704  
394  2  0.0000000012135165  
395  1  0.0000056866591615  
395  2  0.0000000012095816  
396  1  0.0000056623900753  
396  2  0.0000000012042723  
397  1  0.0000056382735033  
397  2  0.0000000011991283  
398  1  0.0000056143028569  
398  2  0.0000000011953331  
399  1  0.0000055904851538  
399  2  0.0000000011905658  
400  1  0.0000055668185834  
400  2  0.0000000011854039  
401  1  0.0000055432978520  
401  2  0.0000000011818325  
402  1  0.0000055199295348  
402  2  0.0000000011777602  
403  1  0.0000054967087895  
403  2  0.0000000011734046  
404  1  0.0000054736322762  
404  2  0.0000000011693412  
405  1  0.0000054507061441  
405  2  0.0000000011649958  
406  1  0.0000054279223033  
406  2  0.0000000011611535  
407  1  0.0000054052848907  
407  2  0.0000000011570259  
408  1  0.0000053827939210  
408  2  0.0000000011527759  
409  1  0.0000053604459580  
409  2  0.0000000011487933  
410  1  0.0000053382410672  
410  2  0.0000000011453614  
411  1  0.0000053161799297  
411  2  0.0000000011416020  
412  1  0.0000052942614205  
412  2  0.0000000011373091  
413  1  0.0000052724841249  
413  2  0.0000000011340471  
414  1  0.0000052508287202  
414  2  0.0000000011291366  
415  1  0.0000052289987100  
415  2  0.0000000012366757  
416  1  0.0000052069254113  
416  2  0.0000000014118185  
417  1  0.0000051849344186  
417  2  0.0000000012078662  
418  1  0.0000051628990478  
418  2  0.0000000011688348  
419  1  0.0000051410883914  
419  2  0.0000000011400588  
420  1  0.0000051194641815  
420  2  0.0000000011290432  
421  1  0.0000050980709125  
421  2  0.0000000011156886  
422  1  0.0000050768528049  
422  2  0.0000000011118999  
423  1  0.0000050558471460  
423  2  0.0000000011027775  
424  1  0.0000050350079303  
424  2  0.0000000010984081  
425  1  0.0000050143594735  
425  2  0.0000000010958326  
426  1  0.0000049938833200  
426  2  0.0000000010908734  
427  1  0.0000049735705089  
427  2  0.0000000010879527  
428  1  0.0000049533965353  
428  2  0.0000000010912707  
429  1  0.0000049333966858  
429  2  0.0000000010783496  
430  1  0.0000049135097773  
430  2  0.0000000010748453  
431  1  0.0000048937829637  
431  2  0.0000000010714817  
432  1  0.0000048742157711  
432  2  0.0000000010698981  
433  1  0.0000048547951249  
433  2  0.0000000010660280  
434  1  0.0000048355162949  
434  2  0.0000000010627974  
435  1  0.0000048163832454  
435  2  0.0000000010595511  
436  1  0.0000047973913233  
436  2  0.0000000010557657  
437  1  0.0000047785379793  
437  2  0.0000000010516667  
438  1  0.0000047598188997  
438  2  0.0000000010490256  
439  1  0.0000047412385299  
439  2  0.0000000010461263  
440  1  0.0000047227892622  
440  2  0.0000000010430884  
441  1  0.0000047044717418  
441  2  0.0000000010393726  
442  1  0.0000046862778869  
442  2  0.0000000010373469  
443  1  0.0000046681926452  
443  2  0.0000000010361119  
444  1  0.0000046502268625  
444  2  0.0000000010312844  
445  1  0.0000046323987413  
445  2  0.0000000010288512  
446  1  0.0000046146797022  
446  2  0.0000000010233489  
447  1  0.0000045970881045  
447  2  0.0000000010233338  
448  1  0.0000045796335625  
448  2  0.0000000010187972  
449  1  0.0000045622869341  
449  2  0.0000000010161704  
450  1  0.0000045450697502  
450  2  0.0000000010134532  
451  1  0.0000045279714810  
451  2  0.0000000010102792  
452  1  0.0000045109921000  
452  2  0.0000000010065582  
453  1  0.0000044941291517  
453  2  0.0000000010039272  
454  1  0.0000044773855426  
454  2  0.0000000010016643  
455  1  0.0000044607564086  
455  2  0.0000000009988949  
456  1  0.0000044442430608  
456  2  0.0000000009957987  
457  1  0.0000044278433580  
457  2  0.0000000009932472  
458  1  0.0000044115570241  
458  2  0.0000000009904403  
459  1  0.0000043953843509  
459  2  0.0000000009879001  
460  1  0.0000043793158219  
460  2  0.0000000009892899  
461  1  0.0000043633460106  
461  2  0.0000000009833952  
462  1  0.0000043474873178  
462  2  0.0000000009813514  
463  1  0.0000043317436158  
463  2  0.0000000009783523  
464  1  0.0000043161022099  
464  2  0.0000000009755355  
465  1  0.0000043005770241  
465  2  0.0000000009715926  
466  1  0.0000042851522666  
466  2  0.0000000009690731  
467  1  0.0000042698370423  
467  2  0.0000000009672070  
468  1  0.0000042546301857  
468  2  0.0000000009649376  
469  1  0.0000042395259363  
469  2  0.0000000009616193  
470  1  0.0000042245255128  
470  2  0.0000000009588514  
471  1  0.0000042096300327  
471  2  0.0000000009575974  
472  1  0.0000041948392611  
472  2  0.0000000009549521  
473  1  0.0000041801499066  
473  2  0.0000000009514798  
474  1  0.0000041655630215  
474  2  0.0000000009491361  
475  1  0.0000041510752970  
475  2  0.0000000009465895  
476  1  0.0000041366875670  
476  2  0.0000000009449344  
477  1  0.0000041224016860  
477  2  0.0000000009425153  
478  1  0.0000041082132439  
478  2  0.0000000009395005  
479  1  0.0000040941208081  
479  2  0.0000000009375694  
480  1  0.0000040801255196  
480  2  0.0000000009351328  
481  1  0.0000040662193257  
481  2  0.0000000009351722  
482  1  0.0000040524031766  
482  2  0.0000000009336655  
483  1  0.0000040386934986  
483  2  0.0000000009288329  
484  1  0.0000040250555508  
484  2  0.0000000009270026  
485  1  0.0000040115176609  
485  2  0.0000000009240656  
486  1  0.0000039980694511  
486  2  0.0000000009216704  
487  1  0.0000039847053946  
487  2  0.0000000009193772  
488  1  0.0000039714329844  
488  2  0.0000000009168768  
489  1  0.0000039582484513  
489  2  0.0000000009153118  
490  1  0.0000039451505351  
490  2  0.0000000009131203  
491  1  0.0000039321442364  
491  2  0.0000000009108316  
492  1  0.0000039192217987  
492  2  0.0000000009096002  
493  1  0.0000039063874245  
493  2  0.0000000009068662  
494  1  0.0000038936445660  
494  2  0.0000000009038175  
495  1  0.0000038809775312  
495  2  0.0000000009027300  
496  1  0.0000038684010247  
496  2  0.0000000009004245  
497  1  0.0000038559153098  
497  2  0.0000000008980039  
498  1  0.0000038434904500  
498  2  0.0000000008967235  
499  1  0.0000038311320823  
499  2  0.0000000008961261  
500  1  0.0000038188268440  
500  2  0.0000000008933572  
501  1  0.0000038065703074  
501  2  0.0000000008919718  
502  1  0.0000037943596924  
502  2  0.0000000008917292  
503  1  0.0000037822107180  
503  2  0.0000000008889191  
504  1  0.0000037701158921  
504  2  0.0000000008871017  
505  1  0.0000037580812907  
505  2  0.0000000008844879  
506  1  0.0000037461159365  
506  2  0.0000000008820495  
507  1  0.0000037342126901  
507  2  0.0000000008812139  
508  1  0.0000037223842708  
508  2  0.0000000008800250  
509  1  0.0000037106381980  
509  2  0.0000000008762010  
510  1  0.0000036989462178  
510  2  0.0000000008741683  
511  1  0.0000036873446907  
511  2  0.0000000008712480  
512  1  0.0000036758176433  
512  2  0.0000000008693363  
513  1  0.0000036643652492  
513  2  0.0000000008680520  
514  1  0.0000036529934014  
514  2  0.0000000008661261  
515  1  0.0000036417033924  
515  2  0.0000000008636323  
516  1  0.0000036304909641  
516  2  0.0000000008617911  
517  1  0.0000036193626318  
517  2  0.0000000008597309  
518  1  0.0000036083145099  
518  2  0.0000000008578266  
519  1  0.0000035973467659  
519  2  0.0000000008560420  
520  1  0.0000035864593672  
520  2  0.0000000008542971  
521  1  0.0000035756500757  
521  2  0.0000000008526154  
522  1  0.0000035649217989  
522  2  0.0000000008507508  
523  1  0.0000035542728784  
523  2  0.0000000008490232  
524  1  0.0000035437039233  
524  2  0.0000000008468817  
525  1  0.0000035332106944  
525  2  0.0000000008452550  
526  1  0.0000035227975574  
526  2  0.0000000008438502  
527  1  0.0000035124622168  
527  2  0.0000000008416771  
528  1  0.0000035022030994  
528  2  0.0000000008400936  
529  1  0.0000034920227455  
529  2  0.0000000008386053  
530  1  0.0000034819197748  
530  2  0.0000000008366215  
531  1  0.0000034718921104  
531  2  0.0000000008349214  
532  1  0.0000034619398824  
532  2  0.0000000008333810  
533  1  0.0000034520623705  
533  2  0.0000000008318484  
534  1  0.0000034422601752  
534  2  0.0000000008299881  
535  1  0.0000034325367730  
535  2  0.0000000008283757  
536  1  0.0000034228862893  
536  2  0.0000000008268519  
537  1  0.0000034133103417  
537  2  0.0000000008251394  
538  1  0.0000034038066744  
538  2  0.0000000008233578  
539  1  0.0000033943729971  
539  2  0.0000000008218108  
540  1  0.0000033850120924  
540  2  0.0000000008205204  
541  1  0.0000033757229672  
541  2  0.0000000008194509  
542  1  0.0000033665072267  
542  2  0.0000000008184525  
543  1  0.0000033573645336  
543  2  0.0000000008159146  
544  1  0.0000033482823218  
544  2  0.0000000008145880  
545  1  0.0000033392729980  
545  2  0.0000000008128272  
546  1  0.0000033303318132  
546  2  0.0000000008109446  
547  1  0.0000033214588761  
547  2  0.0000000008096796  
548  1  0.0000033126560362  
548  2  0.0000000008080439  
549  1  0.0000033039201931  
549  2  0.0000000008064860  
550  1  0.0000032952504504  
550  2  0.0000000008051279  
551  1  0.0000032866482936  
551  2  0.0000000008035565  
552  1  0.0000032781104409  
552  2  0.0000000008023193  
553  1  0.0000032696436722  
553  2  0.0000000008004836  
554  1  0.0000032612426158  
554  2  0.0000000007986963  
555  1  0.0000032529070426  
555  2  0.0000000007975781  
556  1  0.0000032446366013  
556  2  0.0000000007962184  
557  1  0.0000032364283935  
557  2  0.0000000007944146  
558  1  0.0000032282834744  
558  2  0.0000000007933127  
559  1  0.0000032202015418  
559  2  0.0000000007921844  
560  1  0.0000032121848713  
560  2  0.0000000007903358  
561  1  0.0000032042295311  
561  2  0.0000000007889607  
562  1  0.0000031963374798  
562  2  0.0000000007876482  
563  1  0.0000031885053407  
563  2  0.0000000007859608  
564  1  0.0000031807325235  
564  2  0.0000000007846901  
565  1  0.0000031730217305  
565  2  0.0000000007833973  
566  1  0.0000031653728792  
566  2  0.0000000007819320  
567  1  0.0000031577829049  
567  2  0.0000000007810360  
568  1  0.0000031502543810  
568  2  0.0000000007793518  
569  1  0.0000031427844831  
569  2  0.0000000007776015  
570  1  0.0000031353698580  
570  2  0.0000000007768198  
571  1  0.0000031280175207  
571  2  0.0000000007751470  
572  1  0.0000031207230899  
572  2  0.0000000007734511  
573  1  0.0000031134870138  
573  2  0.0000000007725514  
574  1  0.0000031063085951  
574  2  0.0000000007713497  
575  1  0.0000030991843843  
575  2  0.0000000007697448  
576  1  0.0000030921156659  
576  2  0.0000000007685261  
577  1  0.0000030851007503  
577  2  0.0000000007671540  
578  1  0.0000030781409589  
578  2  0.0000000007657345  
579  1  0.0000030712358604  
579  2  0.0000000007646326  
580  1  0.0000030643867535  
580  2  0.0000000007631283  
581  1  0.0000030575899621  
581  2  0.0000000007618643  
582  1  0.0000030508442651  
582  2  0.0000000007609873  
583  1  0.0000030441522976  
583  2  0.0000000007591493  
584  1  0.0000030375127285  
584  2  0.0000000007577155  
585  1  0.0000030308762270  
585  2  0.0000000007583762  
586  1  0.0000030242270558  
586  2  0.0000000007593426  
587  1  0.0000030175769314  
587  2  0.0000000007534062  
588  1  0.0000030109146599  
588  2  0.0000000007538427  
589  1  0.0000030042850134  
589  2  0.0000000007515856  
590  1  0.0000029976880340  
590  2  0.0000000007484878  
591  1  0.0000029911450249  
591  2  0.0000000007483413  
592  1  0.0000029846494033  
592  2  0.0000000007464645  
593  1  0.0000029782106806  
593  2  0.0000000007455359  
594  1  0.0000029718272266  
594  2  0.0000000007446073  
595  1  0.0000029655004407  
595  2  0.0000000007431924  
596  1  0.0000029592327913  
596  2  0.0000000007423476  
597  1  0.0000029530172377  
597  2  0.0000000007417424  
598  1  0.0000029468666465  
598  2  0.0000000007401795  
599  1  0.0000029407629433  
599  2  0.0000000007387409  
600  1  0.0000029347181481  
600  2  0.0000000007377956  
601  1  0.0000029287250988  
601  2  0.0000000007364895  
602  1  0.0000029227847548  
602  2  0.0000000007351486  
603  1  0.0000029168973820  
603  2  0.0000000007348711  
604  1  0.0000029110621169  
604  2  0.0000000007331514  
605  1  0.0000029052782471  
605  2  0.0000000007314246  
606  1  0.0000028995423512  
606  2  0.0000000007309234  
607  1  0.0000028938565884  
607  2  0.0000000007298793  
608  1  0.0000028882204501  
608  2  0.0000000007286656  
609  1  0.0000028826348261  
609  2  0.0000000007269855  
610  1  0.0000028770981082  
610  2  0.0000000007257041  
611  1  0.0000028716088176  
611  2  0.0000000007250273  
612  1  0.0000028661634325  
612  2  0.0000000007240141  
613  1  0.0000028607670312  
613  2  0.0000000007228363  
614  1  0.0000028554114837  
614  2  0.0000000007219734  
615  1  0.0000028501038351  
615  2  0.0000000007202395  
616  1  0.0000028448382354  
616  2  0.0000000007184839  
617  1  0.0000028396126251  
617  2  0.0000000007180345  
618  1  0.0000028344276701  
618  2  0.0000000007173912  
619  1  0.0000028292832401  
619  2  0.0000000007153704  
620  1  0.0000028241808856  
620  2  0.0000000007140589  
621  1  0.0000028191211052  
621  2  0.0000000007135028  
622  1  0.0000028141049334  
622  2  0.0000000007125842  
623  1  0.0000028091340453  
623  2  0.0000000007112097  
624  1  0.0000028042045391  
624  2  0.0000000007099725  
625  1  0.0000027993193105  
625  2  0.0000000007085998  
626  1  0.0000027944726863  
626  2  0.0000000007075110  
627  1  0.0000027896681118  
627  2  0.0000000007067587  
628  1  0.0000027849099977  
628  2  0.0000000007056192  
629  1  0.0000027801933337  
629  2  0.0000000007048237  
630  1  0.0000027755179231  
630  2  0.0000000007035629  
631  1  0.0000027708855274  
631  2  0.0000000007014514  
632  1  0.0000027662881887  
632  2  0.0000000007012675  
633  1  0.0000027617304059  
633  2  0.0000000007006086  
634  1  0.0000027572118854  
634  2  0.0000000006988463  
635  1  0.0000027527343614  
635  2  0.0000000006972011  
636  1  0.0000027482949871  
636  2  0.0000000006963979  
637  1  0.0000027438952833  
637  2  0.0000000006961529  
638  1  0.0000027395330618  
638  2  0.0000000006947689  
639  1  0.0000027352071725  
639  2  0.0000000006936187  
640  1  0.0000027309181855  
640  2  0.0000000006925120  
641  1  0.0000027266672181  
641  2  0.0000000006907601  
642  1  0.0000027224512448  
642  2  0.0000000006896660  
643  1  0.0000027182746017  
643  2  0.0000000006890520  
644  1  0.0000027141337374  
644  2  0.0000000006886087  
645  1  0.0000027100283557  
645  2  0.0000000006869221  
646  1  0.0000027059580337  
646  2  0.0000000006849263  
647  1  0.0000027019233144  
647  2  0.0000000006842423  
648  1  0.0000026979244613  
648  2  0.0000000006845275  
649  1  0.0000026939631481  
649  2  0.0000000006825951  
650  1  0.0000026900343442  
650  2  0.0000000006804708  
651  1  0.0000026861401304  
651  2  0.0000000006799220  
652  1  0.0000026822772346  
652  2  0.0000000006787212  
653  1  0.0000026784426972  
653  2  0.0000000006776975  
654  1  0.0000026746324931  
654  2  0.0000000006765279  
655  1  0.0000026708487626  
655  2  0.0000000006743353  
656  1  0.0000026670760030  
656  2  0.0000000006728490  
657  1  0.0000026633226180  
657  2  0.0000000006710302  
658  1  0.0000026595850811  
658  2  0.0000000006693373  
659  1  0.0000026558647287  
659  2  0.0000000006686019  
660  1  0.0000026521631439  
660  2  0.0000000006674197  
661  1  0.0000026484870990  
661  2  0.0000000006653606  
662  1  0.0000026448313378  
662  2  0.0000000006643854  
663  1  0.0000026412011454  
663  2  0.0000000006642047  
664  1  0.0000026375949898  
664  2  0.0000000006624936  
665  1  0.0000026340127658  
665  2  0.0000000006606577  
666  1  0.0000026304558857  
666  2  0.0000000006597823  
667  1  0.0000026269286449  
667  2  0.0000000006591571  
668  1  0.0000026234312715  
668  2  0.0000000006580944  
669  1  0.0000026199665001  
669  2  0.0000000006571572  
670  1  0.0000026165319751  
670  2  0.0000000006564157  
671  1  0.0000026131262479  
671  2  0.0000000006550194  
672  1  0.0000026097469261  
672  2  0.0000000006540351  
673  1  0.0000026063974497  
673  2  0.0000000006531552  
674  1  0.0000026030753748  
674  2  0.0000000006524941  
675  1  0.0000025997855762  
675  2  0.0000000006513675  
676  1  0.0000025965266322  
676  2  0.0000000006494542  
677  1  0.0000025932983990  
677  2  0.0000000006490077  
678  1  0.0000025900981768  
678  2  0.0000000006489092  
679  1  0.0000025869278564  
679  2  0.0000000006474001  
680  1  0.0000025837827997  
680  2  0.0000000006460929  
681  1  0.0000025806671591  
681  2  0.0000000006450420  
682  1  0.0000025775815797  
682  2  0.0000000006440007  
683  1  0.0000025745232593  
683  2  0.0000000006431736  
684  1  0.0000025714942847  
684  2  0.0000000006426272  
685  1  0.0000025684950090  
685  2  0.0000000006411988  
686  1  0.0000025655193965  
686  2  0.0000000006399357  
687  1  0.0000025625718621  
687  2  0.0000000006391761  
688  1  0.0000025596511603  
688  2  0.0000000006376851  
689  1  0.0000025567579303  
689  2  0.0000000006368561  
690  1  0.0000025538908151  
690  2  0.0000000006361285  
691  1  0.0000025510525545  
691  2  0.0000000006339312  
692  1  0.0000025482385651  
692  2  0.0000000006332617  
693  1  0.0000025454503542  
693  2  0.0000000006334987  
694  1  0.0000025426859507  
694  2  0.0000000006317851  
695  1  0.0000025399463901  
695  2  0.0000000006298762  
696  1  0.0000025372320802  
696  2  0.0000000006291921  
697  1  0.0000025345443005  
697  2  0.0000000006281421  
698  1  0.0000025318779899  
698  2  0.0000000006267412  
699  1  0.0000025292354401  
699  2  0.0000000006262733  
700  1  0.0000025266149955  
700  2  0.0000000006249285  
701  1  0.0000025240153433  
701  2  0.0000000006235522  
702  1  0.0000025214381187  
702  2  0.0000000006227701  
703  1  0.0000025188868866  
703  2  0.0000000006208763  
704  1  0.0000025163578839  
704  2  0.0000000006207854  
705  1  0.0000025138517914  
705  2  0.0000000006196053  
706  1  0.0000025113673304  
706  2  0.0000000006166811  
707  1  0.0000025089032726  
707  2  0.0000000006163541  
708  1  0.0000025064570064  
708  2  0.0000000006163736  
709  1  0.0000025040320593  
709  2  0.0000000006147492  
710  1  0.0000025016257905  
710  2  0.0000000006131640  
711  1  0.0000024992430575  
711  2  0.0000000006121474  
712  1  0.0000024968821398  
712  2  0.0000000006108523  
713  1  0.0000024945414090  
713  2  0.0000000006091306  
714  1  0.0000024922204051  
714  2  0.0000000006089197  
715  1  0.0000024899199839  
715  2  0.0000000006073705  
716  1  0.0000024876343025  
716  2  0.0000000006064276  
717  1  0.0000024853659572  
717  2  0.0000000006051293  
718  1  0.0000024831173072  
718  2  0.0000000006027634  
719  1  0.0000024808887474  
719  2  0.0000000006032437  
720  1  0.0000024786764718  
720  2  0.0000000006024976  
721  1  0.0000024764854079  
721  2  0.0000000005988824  
722  1  0.0000024743084368  
722  2  0.0000000005983031  
723  1  0.0000024721492986  
723  2  0.0000000005981732  
724  1  0.0000024700056964  
724  2  0.0000000005963882  
725  1  0.0000024678755775  
725  2  0.0000000005949686  
726  1  0.0000024657628467  
726  2  0.0000000005945828  
727  1  0.0000024636694073  
727  2  0.0000000005928245  
728  1  0.0000024615890050  
728  2  0.0000000005910463  
729  1  0.0000024595264600  
729  2  0.0000000005904454  
730  1  0.0000024574786548  
730  2  0.0000000005886916  
731  1  0.0000024554441516  
731  2  0.0000000005878649  
732  1  0.0000024534206454  
732  2  0.0000000005863536  
733  1  0.0000024514133830  
733  2  0.0000000005836667  
734  1  0.0000024494187713  
734  2  0.0000000005837193  
735  1  0.0000024474381375  
735  2  0.0000000005832456  
736  1  0.0000024454703395  
736  2  0.0000000005803171  
737  1  0.0000024435141011  
737  2  0.0000000005790426  
738  1  0.0000024415686618  
738  2  0.0000000005783256  
739  1  0.0000024396368145  
739  2  0.0000000005761994  
740  1  0.0000024377120736  
740  2  0.0000000005745083  
741  1  0.0000024358004310  
741  2  0.0000000005741286  
742  1  0.0000024339009811  
742  2  0.0000000005723037  
743  1  0.0000024320123589  
743  2  0.0000000005707347  
744  1  0.0000024301349823  
744  2  0.0000000005698664  
745  1  0.0000024282703583  
745  2  0.0000000005682230  
746  1  0.0000024264118842  
746  2  0.0000000005675047  
747  1  0.0000024245612958  
747  2  0.0000000005657365  
748  1  0.0000024227219361  
748  2  0.0000000005633282  
749  1  0.0000024208899708  
749  2  0.0000000005641557  
750  1  0.0000024190690710  
750  2  0.0000000005617434  
751  1  0.0000024172595730  
751  2  0.0000000005585799  
752  1  0.0000024154599287  
752  2  0.0000000005589737  
753  1  0.0000024136693517  
753  2  0.0000000005583326  
754  1  0.0000024118914251  
754  2  0.0000000005562054  
755  1  0.0000024101152523  
755  2  0.0000000005550118  
756  1  0.0000024083508779  
756  2  0.0000000005532230  
757  1  0.0000024065921346  
757  2  0.0000000005520011  
758  1  0.0000024048387524  
758  2  0.0000000005507401  
759  1  0.0000024030954885  
759  2  0.0000000005492801  
760  1  0.0000024013656179  
760  2  0.0000000005482283  
761  1  0.0000023996420153  
761  2  0.0000000005467599  
762  1  0.0000023979276689  
762  2  0.0000000005449672  
763  1  0.0000023962209514  
763  2  0.0000000005438947  
764  1  0.0000023945214413  
764  2  0.0000000005433132  
765  1  0.0000023928259194  
765  2  0.0000000005415808  
766  1  0.0000023911369099  
766  2  0.0000000005389608  
767  1  0.0000023894515049  
767  2  0.0000000005384635  
768  1  0.0000023877744939  
768  2  0.0000000005377608  
769  1  0.0000023861055230  
769  2  0.0000000005357374  
770  1  0.0000023844444450  
770  2  0.0000000005342510  
771  1  0.0000023827903152  
771  2  0.0000000005332403  
772  1  0.0000023811465728  
772  2  0.0000000005313786  
773  1  0.0000023795024773  
773  2  0.0000000005299858  
774  1  0.0000023778664377  
774  2  0.0000000005287564  
775  1  0.0000023762327917  
775  2  0.0000000005275925  
776  1  0.0000023746029299  
776  2  0.0000000005260098  
777  1  0.0000023729757487  
777  2  0.0000000005244908  
778  1  0.0000023713561272  
778  2  0.0000000005230828  
779  1  0.0000023697400663  
779  2  0.0000000005220299  
780  1  0.0000023681301294  
780  2  0.0000000005204562  
781  1  0.0000023665233471  
781  2  0.0000000005184910  
782  1  0.0000023649209289  
782  2  0.0000000005174564  
783  1  0.0000023633218933  
783  2  0.0000000005162599  
784  1  0.0000023617261486  
784  2  0.0000000005142554  
785  1  0.0000023601310816  
785  2  0.0000000005130011  
786  1  0.0000023585389988  
786  2  0.0000000005120114  
787  1  0.0000023569504915  
787  2  0.0000000005102091  
788  1  0.0000023553640828  
788  2  0.0000000005084163  
789  1  0.0000023537812251  
789  2  0.0000000005073764  
790  1  0.0000023522011083  
790  2  0.0000000005059944  
791  1  0.0000023506205277  
791  2  0.0000000005043808  
792  1  0.0000023490414897  
792  2  0.0000000005028912  
793  1  0.0000023474633410  
793  2  0.0000000005009845  
794  1  0.0000023458869305  
794  2  0.0000000005000059  
795  1  0.0000023443111860  
795  2  0.0000000004984916  
796  1  0.0000023427361906  
796  2  0.0000000004966200  
797  1  0.0000023411625839  
797  2  0.0000000004955509  
798  1  0.0000023395920043  
798  2  0.0000000004940493  
799  1  0.0000023380215002  
799  2  0.0000000004921022  
800  1  0.0000023364509309  
800  2  0.0000000004906269  
801  1  0.0000023348790768  
801  2  0.0000000004897985  
802  1  0.0000023333062522  
802  2  0.0000000004878181  
803  1  0.0000023317296550  
803  2  0.0000000004861090  
804  1  0.0000023301519000  
804  2  0.0000000004851254  
805  1  0.0000023285731625  
805  2  0.0000000004833406  
806  1  0.0000023269932434  
806  2  0.0000000004818872  
807  1  0.0000023254135014  
807  2  0.0000000004801923  
808  1  0.0000023238350774  
808  2  0.0000000004782488  
809  1  0.0000023222564419  
809  2  0.0000000004772026  
810  1  0.0000023206784801  
810  2  0.0000000004757343  
811  1  0.0000023190959576  
811  2  0.0000000004747639  
812  1  0.0000023175117148  
812  2  0.0000000004741029  
813  1  0.0000023159252832  
813  2  0.0000000004721495  
814  1  0.0000023143328644  
814  2  0.0000000004697967  
815  1  0.0000023127352467  
815  2  0.0000000004688823  
816  1  0.0000023111342447  
816  2  0.0000000004673175  
817  1  0.0000023095270353  
817  2  0.0000000004649419  
818  1  0.0000023079196808  
818  2  0.0000000004637386  
819  1  0.0000023063099769  
819  2  0.0000000004616997  
820  1  0.0000023047004461  
820  2  0.0000000004598141  
821  1  0.0000023030875815  
821  2  0.0000000004589027  
822  1  0.0000023014711924  
822  2  0.0000000004570058  
823  1  0.0000022998490916  
823  2  0.0000000004553575  
824  1  0.0000022982224988  
824  2  0.0000000004542081  
825  1  0.0000022965895243  
825  2  0.0000000004521599  
826  1  0.0000022949492814  
826  2  0.0000000004507822  
827  1  0.0000022933030401  
827  2  0.0000000004495146  
828  1  0.0000022916501316  
828  2  0.0000000004472673  
829  1  0.0000022899910805  
829  2  0.0000000004458855  
830  1  0.0000022883282124  
830  2  0.0000000004445640  
831  1  0.0000022866615528  
831  2  0.0000000004425643  
832  1  0.0000022849911189  
832  2  0.0000000004410632  
833  1  0.0000022833152706  
833  2  0.0000000004398770  
834  1  0.0000022816348106  
834  2  0.0000000004377996  
835  1  0.0000022799481677  
835  2  0.0000000004362912  
836  1  0.0000022782551634  
836  2  0.0000000004349198  
837  1  0.0000022765549557  
837  2  0.0000000004329925  
838  1  0.0000022748469671  
838  2  0.0000000004319058  
839  1  0.0000022731309590  
839  2  0.0000000004301198  
840  1  0.0000022714083501  
840  2  0.0000000004285721  
841  1  0.0000022696768556  
841  2  0.0000000004273466  
842  1  0.0000022679415318  
842  2  0.0000000004252491  
843  1  0.0000022661991030  
843  2  0.0000000004236510  
844  1  0.0000022644486527  
844  2  0.0000000004222926  
845  1  0.0000022626915505  
845  2  0.0000000004208174  
846  1  0.0000022609285467  
846  2  0.0000000004185190  
847  1  0.0000022591567753  
847  2  0.0000000004149576  
848  1  0.0000022573778823  
848  2  0.0000000004190094  
849  1  0.0000022555931958  
849  2  0.0000000004145832  
850  1  0.0000022537978528  
850  2  0.0000000004128736  
851  1  0.0000022519967755  
851  2  0.0000000004118316  
852  1  0.0000022501853443  
852  2  0.0000000004096839  
853  1  0.0000022483663850  
853  2  0.0000000004080870  
854  1  0.0000022465414900  
854  2  0.0000000004073005  
855  1  0.0000022447069961  
855  2  0.0000000004053440  
856  1  0.0000022428666491  
856  2  0.0000000004036564  
857  1  0.0000022410156297  
857  2  0.0000000004023184  
858  1  0.0000022391565135  
858  2  0.0000000004007470  
859  1  0.0000022372859548  
859  2  0.0000000003993979  
860  1  0.0000022354074583  
860  2  0.0000000003975994  
861  1  0.0000022335188398  
861  2  0.0000000003959718  
862  1  0.0000022316219744  
862  2  0.0000000003952192  
863  1  0.0000022297161791  
863  2  0.0000000003933415  
864  1  0.0000022278018163  
864  2  0.0000000003915449  
865  1  0.0000022258781705  
865  2  0.0000000003904450  
866  1  0.0000022239464832  
866  2  0.0000000003884335  
867  1  0.0000022220074127  
867  2  0.0000000003868842  
868  1  0.0000022200600626  
868  2  0.0000000003854032  
869  1  0.0000022181049008  
869  2  0.0000000003842778  
870  1  0.0000022161399746  
870  2  0.0000000003826507  
871  1  0.0000022141645445  
871  2  0.0000000003811145  
872  1  0.0000022121786855  
872  2  0.0000000003798368  
873  1  0.0000022101813762  
873  2  0.0000000003781898  
874  1  0.0000022081733275  
874  2  0.0000000003771081  
875  1  0.0000022061539757  
875  2  0.0000000003766349  
876  1  0.0000022041218529  
876  2  0.0000000003750242  
877  1  0.0000022020795640  
877  2  0.0000000003736831  
878  1  0.0000022000283790  
878  2  0.0000000003717429  
879  1  0.0000021979659641  
879  2  0.0000000003700853  
880  1  0.0000021958946775  
880  2  0.0000000003685789  
881  1  0.0000021938169486  
881  2  0.0000000003669192  
882  1  0.0000021917301893  
882  2  0.0000000003652067  
883  1  0.0000021896347472  
883  2  0.0000000003641029  
884  1  0.0000021875308258  
884  2  0.0000000003627450  
885  1  0.0000021854162221  
885  2  0.0000000003612663  
886  1  0.0000021832928284  
886  2  0.0000000003659879  
887  1  0.0000021811623502  
887  2  0.0000000003617822  
888  1  0.0000021790173378  
888  2  0.0000000003588278  
889  1  0.0000021768619809  
889  2  0.0000000003585560  
890  1  0.0000021746944923  
890  2  0.0000000003552801  
891  1  0.0000021725156696  
891  2  0.0000000003539768  
892  1  0.0000021703236445  
892  2  0.0000000003524142  
893  1  0.0000021681227405  
893  2  0.0000000003506564  
894  1  0.0000021659101956  
894  2  0.0000000003490573  
895  1  0.0000021636870823  
895  2  0.0000000003478630  
896  1  0.0000021614580613  
896  2  0.0000000003460314  
897  1  0.0000021592189580  
897  2  0.0000000003441331  
898  1  0.0000021569700749  
898  2  0.0000000003431690  
899  1  0.0000021547127944  
899  2  0.0000000003419137  
900  1  0.0000021524441058  
900  2  0.0000000003405350  
901  1  0.0000021501640152  
901  2  0.0000000003391048  
902  1  0.0000021478748057  
902  2  0.0000000003375567  
903  1  0.0000021455724525  
903  2  0.0000000003366365  
904  1  0.0000021432602600  
904  2  0.0000000003352567  
905  1  0.0000021409359096  
905  2  0.0000000003335849  
906  1  0.0000021386001393  
906  2  0.0000000003325120  
907  1  0.0000021362526858  
907  2  0.0000000003311291  
908  1  0.0000021338946108  
908  2  0.0000000003301282  
909  1  0.0000021315235954  
909  2  0.0000000003288165  
910  1  0.0000021291427507  
910  2  0.0000000003272707  
911  1  0.0000021267508937  
911  2  0.0000000003258546  
912  1  0.0000021243515754  
912  2  0.0000000003246616  
913  1  0.0000021219430131  
913  2  0.0000000003233571  
914  1  0.0000021195258936  
914  2  0.0000000003219186  
915  1  0.0000021170986221  
915  2  0.0000000044259377  
916  1  0.0000021145717159  
916  2  0.0000000058202171  
917  1  0.0000021125996419  
917  2  0.0000000087955702  
918  1  0.0000021100456408  
918  2  0.0000000087035540  
919  1  0.0000021069551923  
919  2  0.0000000069248451  
920  1  0.0000021048793660  
920  2  0.0000000035550331  
921  1  0.0000021024798759  
921  2  0.0000000021033573  
922  1  0.0000020996896540  
922  2  0.0000000013510868  
923  1  0.0000020973307647  
923  2  0.0000000006833807  
924  1  0.0000020947731935  
924  2  0.0000000003832011  
925  1  0.0000020922181288  
925  2  0.0000000003265522  
926  1  0.0000020897045146  
926  2  0.0000000003173545  
927  1  0.0000020871231777  
927  2  0.0000000003102078  
928  1  0.0000020845787195  
928  2  0.0000000003072721  
929  1  0.0000020819987519  
929  2  0.0000000003038925  
930  1  0.0000020794195333  
930  2  0.0000000003024059  
931  1  0.0000020768296395  
931  2  0.0000000003026467  
932  1  0.0000020742282586  
932  2  0.0000000003014929  
933  1  0.0000020716207164  
933  2  0.0000000002996484  
934  1  0.0000020689988597  
934  2  0.0000000002987915  
935  1  0.0000020663666929  
935  2  0.0000000002977524  
936  1  0.0000020637211076  
936  2  0.0000000002968661  
937  1  0.0000020610672802  
937  2  0.0000000002959343  
938  1  0.0000020584019765  
938  2  0.0000000002947816  
939  1  0.0000020557294730  
939  2  0.0000000002936631  
940  1  0.0000020530468031  
940  2  0.0000000002924246  
941  1  0.0000020503552531  
941  2  0.0000000002920580  
942  1  0.0000020476570717  
942  2  0.0000000002907479  
943  1  0.0000020449496472  
943  2  0.0000000002895912  
944  1  0.0000020422340370  
944  2  0.0000000002885924  
945  1  0.0000020395104058  
945  2  0.0000000002875772  
946  1  0.0000020367788218  
946  2  0.0000000002866400  
947  1  0.0000020340431249  
947  2  0.0000000002912436  
948  1  0.0000020313019335  
948  2  0.0000000002930812  
949  1  0.0000020285549983  
949  2  0.0000000002848862  
950  1  0.0000020257978799  
950  2  0.0000000002848206  
951  1  0.0000020230337608  
951  2  0.0000000002830584  
952  1  0.0000020202606844  
952  2  0.0000000002818867  
953  1  0.0000020174798002  
953  2  0.0000000002803649  
954  1  0.0000020146910387  
954  2  0.0000000002795991  
955  1  0.0000020118937917  
955  2  0.0000000002780463  
956  1  0.0000020090889973  
956  2  0.0000000002773217  
957  1  0.0000020062752147  
957  2  0.0000000002765610  
958  1  0.0000020034539399  
958  2  0.0000000002753224  
959  1  0.0000020006239297  
959  2  0.0000000002745483  
960  1  0.0000019977863817  
960  2  0.0000000002737831  
961  1  0.0000019949404530  
961  2  0.0000000002731165  
962  1  0.0000019920867184  
962  2  0.0000000002719527  
963  1  0.0000019892253056  
963  2  0.0000000002709636  
964  1  0.0000019863567400  
964  2  0.0000000002701326  
965  1  0.0000019834807092  
965  2  0.0000000002691945  
966  1  0.0000019805983580  
966  2  0.0000000002685016  
967  1  0.0000019777102346  
967  2  0.0000000002674639  
968  1  0.0000019748169828  
968  2  0.0000000002654084  
969  1  0.0000019719180030  
969  2  0.0000000002651766  
970  1  0.0000019690126774  
970  2  0.0000000002661527  
971  1  0.0000019660990727  
971  2  0.0000000002645710  
972  1  0.0000019631796732  
972  2  0.0000000002637847  
973  1  0.0000019602523312  
973  2  0.0000000002628748  
974  1  0.0000019573179519  
974  2  0.0000000002621199  
975  1  0.0000019543768312  
975  2  0.0000000002613700  
976  1  0.0000019514110843  
976  2  0.0000000002679680  
977  1  0.0000019483959564  
977  2  0.0000000003031639  
978  1  0.0000019453771841  
978  2  0.0000000002908627  
979  1  0.0000019423367968  
979  2  0.0000000002867674  
980  1  0.0000019392949269  
980  2  0.0000000002806333  
981  1  0.0000019362567418  
981  2  0.0000000002803189  
982  1  0.0000019332271993  
982  2  0.0000000002798958  
983  1  0.0000019302081448  
983  2  0.0000000002771198  
984  1  0.0000019271874242  
984  2  0.0000000002756496  
985  1  0.0000019241807190  