Time  Coordinate0  Coordinate1  Displacement0  Displacement1  Force0  Force1  
0.0100000000000000  -0.0000000000000000  1.0000000000000000  0.0003791032002644  -0.0000976816635373  0.6181238925543013  -5.4646395761435977  
0.0200000000000000  -0.0000000000000000  1.0000000000000000  0.0014139949361656  -0.0001135449550471  0.2856696660657993  2.4634673085467695  
0.0300000000000000  -0.0000000000000000  1.0000000000000000  0.0027027611364499  -0.0000000437203283  0.1423812062348857  0.3567359714471164  
0.0400000000000000  -0.0000000000000000  1.0000000000000000  0.0040745585604825  0.0000737380700100  0.2834165172460224  0.3039986445063859  
0.0500000000000000  -0.0000000000000000  1.0000000000000000  0.0055398350900117  0.0001538338377345  0.1515914915206374  0.3143226096387825  
0.0600000000000000  -0.0000000000000000  1.0000000000000000  0.0070005786018155  0.0002641258659210  0.2361197615556365  0.2954314181084820  
0.0700000000000000  -0.0000000000000000  1.0000000000000000  0.0084592272612728  0.0003688224027784  0.1483118637539822  0.2832127582925229  
0.0800000000000000  -0.0000000000000000  1.0000000000000000  0.0101198871109191  0.0003975390805188  0.2143790418505661  0.2814348930528406  
0.0900000000000000  -0.0000000000000000  1.0000000000000000  0.0124931884695229  0.0003003221107580  0.1461586387376217  0.2658326260068917  
0.1000000000000000  -0.0000000000000000  1.0000000000000000  0.0158549727893394  0.0000979347179128  0.1947633370688466  0.2682036812100657  
0.1100000000000000  -0.0000000000000000  1.0000000000000000  0.0197599781728063  -0.0000353713957433  0.1484226726564631  0.2528869220855548  
0.1200000000000000  -0.0000000000000000  1.0000000000000000  0.0235424046382711  -0.0000692501926640  0.1902295454684273  0.2545996940783880  
0.1300000000000000  -0.0000000000000000  1.0000000000000000  0.0272366235555843  -0.0000797859703719  0.1555011715376788  0.2464450682993518  
0.1400000000000000  -0.0000000000000000  1.0000000000000000  0.0312250649269699  -0.0001417997791913  0.1852696008546476  0.2469299955215863  
0.1500000000000000  -0.0000000000000000  1.0000000000000000  0.0352808529395034  -0.0000203572173424  0.1579405097015977  0.2413289008302568  
0.1600000000000000  -0.0000000000000000  1.0000000000000000  0.0389870738173576  0.0002159611961641  0.1823124252458947  0.2385545902449077  
0.1700000000000000  -0.0000000000000000  1.0000000000000000  0.0425123266795000  0.0003256264044996  0.1614524174634160  0.2402768046753874  
0.1800000000000000  -0.0000000000000000  1.0000000000000000  0.0460121350597934  0.0002985632630406  0.1761970039170829  0.2345610009648217  
0.1900000000000000  -0.0000000000000000  1.0000000000000000  0.0494950405267749  0.0002804694907385  0.1608851829654339  0.2341335039626628  
0.2000000000000000  -0.0000000000000000  1.0000000000000000  0.0531678647915933  0.0002310038700447  0.1719849977678130  0.2293951797770826  
0.2100000000000000  -0.0000000000000000  1.0000000000000000  0.0570863736538539  0.0000967074916737  0.1642842941665954  0.2306698404751840  
0.2200000000000001  -0.0000000000000000  1.0000000000000000  0.0611274736774898  -0.0000361977945423  0.1706733507689011  0.2267342907895373  
0.2300000000000001  -0.0000000000000000  1.0000000000000000  0.0654039190576339  -0.0001913629766145  0.1656908782739728  0.2237416365699720  
0.2400000000000001  -0.0000000000000000  1.0000000000000000  0.0696701055217501  -0.0001853674824955  0.1719346125665355  0.2246585425246934  
0.2500000000000001  -0.0000000000000000  1.0000000000000000  0.0732625374793767  -0.0000249935238646  0.1707627647604373  0.2175308947010587  
0.2600000000000001  -0.0000000000000000  1.0000000000000000  0.0762051672633264  0.0000897865815522  0.1738029727096811  0.2231471547023426  
0.2700000000000001  -0.0000000000000000  1.0000000000000000  0.0790105129544093  0.0001076017971328  0.1649674065533973  0.2145356099790596  
0.2800000000000001  -0.0000000000000000  1.0000000000000000  0.0820303274003115  0.0002642329863178  0.1680480698229994  0.2200650221477634  
0.2900000000000001  -0.0000000000000000  1.0000000000000000  0.0852392346350311  0.0003880421948698  0.1652890601043810  0.2104263967077597  
0.3000000000000001  -0.0000000000000000  1.0000000000000000  0.0883923607096042  0.0002896154648076  0.1687875970176109  0.2220716920238761  
0.3100000000000001  -0.0000000000000000  1.0000000000000000  0.0915944982737396  0.0001423023550793  0.1662241456409700  0.2082145582494050  
0.3200000000000001  -0.0000000000000000  1.0000000000000000  0.0952645364181093  -0.0000043761300256  0.1621082871802035  0.2127343831370582  
0.3300000000000001  -0.0000000000000000  1.0000000000000000  0.0994324833610446  -0.0000864684766695  0.1632001679035198  0.2066827292825019  
0.3400000000000001  -0.0000000000000000  1.0000000000000000  0.1037599188157749  -0.0001204627732573  0.1634966688235240  0.2085209569369460  
0.3500000000000001  -0.0000000000000000  1.0000000000000000  0.1079731315322328  -0.0001513384247074  0.1660317132292232  0.2063414339306796  
0.3600000000000002  -0.0000000000000000  1.0000000000000000  0.1121515616383605  -0.0001119296686014  0.1625837280295850  0.2046978762763665  
0.3700000000000002  -0.0000000000000000  1.0000000000000000  0.1162696226888998  0.0000569955098240  0.1675962628779377  0.2081677300505977  
0.3800000000000002  -0.0000000000000000  1.0000000000000000  0.1199772717567010  0.0002615836611001  0.1636596851834798  0.2010734006908446  
0.3900000000000002  -0.0000000000000000  1.0000000000000000  0.1234469617633142  0.0003180759524888  0.1680882493463978  0.2091294803734985  
0.4000000000000002  -0.0000000000000000  1.0000000000000000  0.1272166444879133  0.0002374548736639  0.1587907509384295  0.1988005198528299  
0.4100000000000002  -0.0000000000000000  1.0000000000000000  0.1314125528984672  0.0002210024916066  0.1659988419172791  0.2056802666669950  
0.4200000000000002  -0.0000000000000000  1.0000000000000000  0.1359794739999381  0.0002019085174361  0.1559168421051190  0.1971077138552178  
0.4300000000000002  -0.0000000000000000  1.0000000000000000  0.1406533248326840  -0.0000281563659327  0.1683832392013085  0.2040446057960391  
0.4400000000000002  -0.0000000000000000  1.0000000000000000  0.1449591716171925  -0.0001629737581628  0.1611463780638253  0.1960616919221814  
0.4500000000000002  -0.0000000000000000  1.0000000000000000  0.1489614411963664  -0.0001907711800145  0.1675253011483005  0.1972277638388052  
0.4600000000000002  -0.0000000000000000  1.0000000000000000  0.1530104618994672  -0.0001364900955636  0.1595981511284388  0.1971121475715544  
0.4700000000000003  -0.0000000000000000  1.0000000000000000  0.1568478067744031  0.0000010282196785  0.1670170889347472  0.1938804030926008  
0.4800000000000003  -0.0000000000000000  1.0000000000000000  0.1599487127156999  0.0000944262003300  0.1646262179451009  0.2008421242810260  
0.4900000000000003  -0.0000000000000000  1.0000000000000000  0.1624113881655753  0.0001599026507109  0.1656679299593504  0.1925457103993334  
0.5000000000000002  -0.0000000000000000  1.0000000000000000  0.1646786995011822  0.0002939464624808  0.1639102034301804  0.1995421751207020  
0.5100000000000002  -0.0000000000000000  1.0000000000000000  0.1668618810000182  0.0003653469300597  0.1626709613682410  0.1909624442495715  
0.5200000000000002  -0.0000000000000000  1.0000000000000000  0.1689711446852075  0.0001923787027462  0.1597693947006748  0.1999935133706753  
0.5300000000000002  -0.0000000000000000  1.0000000000000000  0.1711663457194761  0.0000179796984803  0.1644047178950611  0.1895077115242802  
0.5400000000000003  -0.0000000000000000  1.0000000000000000  0.1735425148600508  -0.0000575040106085  0.1607247313065640  0.1936027168027959  
0.5500000000000003  -0.0000000000000000  1.0000000000000000  0.1760065803937139  -0.0000921975490402  0.1634385622386373  0.1904181458462225  
0.5600000000000003  -0.0000000000000000  1.0000000000000000  0.1781592902301486  -0.0001879969059407  0.1603014964705832  0.1926148157213494  
0.5700000000000003  -0.0000000000000000  1.0000000000000000  0.1796386981049012  -0.0001601461537878  0.1697240148673644  0.1909911463867483  
0.5800000000000003  -0.0000000000000000  1.0000000000000000  0.1806556544961238  -0.0000258317082577  0.1580797544209651  0.1886583500815180  
0.5900000000000003  -0.0000000000000000  1.0000000000000000  0.1817517160971401  0.0001464280721586  0.1673601145237750  0.1936872796411284  
0.6000000000000003  -0.0000000000000000  1.0000000000000000  0.1829100729861681  0.0002830767614798  0.1559077089367659  0.1880980463993321  
0.6100000000000003  -0.0000000000000000  1.0000000000000000  0.1839046642043763  0.0002718700286725  0.1665015653872983  0.1957445267817710  
0.6200000000000003  -0.0000000000000000  1.0000000000000000  0.1848650664752439  0.0002233378544409  0.1571835531548393  0.1878193879883214  
0.6300000000000003  -0.0000000000000000  1.0000000000000000  0.1859211199037257  0.0001822765514538  0.1632681835340712  0.1940481246089941  
0.6400000000000003  -0.0000000000000000  1.0000000000000000  0.1873113149246497  0.0001109545754166  0.1536638603963361  0.1874595589664293  
0.6500000000000004  -0.0000000000000000  1.0000000000000000  0.1891879650069441  -0.0001102104589207  0.1617653123466943  0.1908351011038009  
0.6600000000000004  -0.0000000000000000  1.0000000000000000  0.1910746154606884  -0.0002435725715570  0.1578045967391503  0.1882900679089398  
0.6700000000000004  -0.0000000000000000  1.0000000000000000  0.1925812641014918  -0.0001429844162072  0.1638936187328118  0.1876182657516372  
0.6800000000000004  -0.0000000000000000  1.0000000000000000  0.1938207035473228  -0.0000493552600364  0.1600812059900375  0.1919165515012830  
0.6900000000000004  -0.0000000000000000  1.0000000000000000  0.1947596107816222  -0.0000072573635603  0.1655292057444767  0.1878749046217833  
0.7000000000000004  -0.0000000000000000  1.0000000000000000  0.1951416513545540  0.0001409465813590  0.1622132842035745  0.1931526627788792  
0.7100000000000004  -0.0000000000000000  1.0000000000000000  0.1950367685639425  0.0002423095805819  0.1628674816904257  0.1880100439927207  
0.7200000000000004  -0.0000000000000000  1.0000000000000000  0.1950413140116907  0.0003123002270946  0.1593030698028126  0.1940462242964055  
0.7300000000000004  -0.0000000000000000  1.0000000000000000  0.1953779047729445  0.0003013365858970  0.1619537481934913  0.1884931304994263  
0.7400000000000004  -0.0000000000000000  1.0000000000000000  0.1955838380203602  0.0000922500703936  0.1611551922478118  0.1958688723066736  
0.7500000000000004  -0.0000000000000000  1.0000000000000000  0.1954272076178040  -0.0000379570554774  0.1648344487447793  0.1891770955824683  
0.7600000000000005  -0.0000000000000000  1.0000000000000000  0.1950192452799660  -0.0000825424577696  0.1602001961868597  0.1902511183223871  
0.7700000000000005  -0.0000000000000000  1.0000000000000000  0.1944291490066435  -0.0001201067864877  0.1693618683287779  0.1915049735407092  
0.7800000000000005  -0.0000000000000000  1.0000000000000000  0.1937088977992977  -0.0002036272024909  0.1603130403201868  0.1891632070688891  
0.7900000000000005  -0.0000000000000000  1.0000000000000000  0.1925658605045348  -0.0001232440736952  0.1733845955464796  0.1945044701642319  
0.8000000000000005  -0.0000000000000000  1.0000000000000000  0.1906183945262654  0.0000910415754383  0.1612792601177366  0.1891843327936001  
0.8100000000000005  -0.0000000000000000  1.0000000000000000  0.1881101164957765  0.0002325096859809  0.1717116008678588  0.1991767077928013  
0.8200000000000005  -0.0000000000000000  1.0000000000000000  0.1854691924114517  0.0002561444541789  0.1587874433726808  0.1913894280824258  
0.8300000000000005  -0.0000000000000000  1.0000000000000000  0.1828019806854718  0.0002519429802111  0.1690320392027314  0.1992474614121929  
0.8400000000000005  -0.0000000000000000  1.0000000000000000  0.1802569031035422  0.0002382803515970  0.1609840925710767  0.1912360706862770  
0.8500000000000005  -0.0000000000000000  1.0000000000000000  0.1779567471163884  0.0001234776095070  0.1692896488949509  0.1996315256817178  
0.8600000000000005  -0.0000000000000000  1.0000000000000000  0.1758646040332800  0.0000168491517277  0.1611258802650251  0.1938739245608357  
0.8700000000000006  -0.0000000000000000  1.0000000000000000  0.1739030722446158  -0.0001769566572255  0.1696185871397030  0.1979103010726359  
0.8800000000000006  -0.0000000000000000  1.0000000000000000  0.1717727141997197  -0.0002214670099711  0.1624936584041883  0.1964775841620482  
0.8900000000000006  -0.0000000000000000  1.0000000000000000  0.1691452128781704  -0.0000811136182107  0.1713154722603146  0.1948132522249800  
0.9000000000000006  -0.0000000000000000  1.0000000000000000  0.1663186556392029  0.0000090989408684  0.1660897454587361  0.2011803923734820  
0.9100000000000006  -0.0000000000000000  1.0000000000000000  0.1637413155446253  0.0000411514329198  0.1659157916080972  0.1962386134242261  
0.9200000000000006  -0.0000000000000000  1.0000000000000000  0.1611855705796934  0.0001866699213448  0.1645893474985961  0.2024963051011336  
0.9300000000000006  -0.0000000000000000  1.0000000000000000  0.1582515691136479  0.0003444803202032  0.1704389345210983  0.1971527679376792  
0.9400000000000006  -0.0000000000000000  1.0000000000000000  0.1552045473068993  0.0003058892483571  0.1661989921616027  0.2060196417036346  
0.9500000000000006  -0.0000000000000000  1.0000000000000000  0.1525868589381492  0.0001913779418426  0.1653612732588389  0.1984234767917520  
0.9600000000000006  -0.0000000000000000  1.0000000000000000  0.1503505991003809  0.0000512322567516  0.1636548012744344  0.2030838410071136  
0.9700000000000006  -0.0000000000000000  1.0000000000000000  0.1482793891105598  -0.0000516672371952  0.1706051016290950  0.2003756227098025  
0.9800000000000006  -0.0000000000000000  1.0000000000000000  0.1461948906451980  -0.0001068233478376  0.1678417710798894  0.2013892623846179  
0.9900000000000007  -0.0000000000000000  1.0000000000000000  0.1437601701464634  -0.0001349645796588  0.1748265561826007  0.2035603971159403  
1.0000000000000007  -0.0000000000000000  1.0000000000000000  0.1408883885626157  -0.0001754209231722  0.1661012242443351  0.2019719414278275  
1.0100000000000007  -0.0000000000000000  1.0000000000000000  0.1376527461290231  -0.0000149795871053  0.1748594342521299  0.2056559333641199  
1.0200000000000007  -0.0000000000000000  1.0000000000000000  0.1339029198206827  0.0002006720262347  0.1694958988894796  0.2017649153235449  
1.0300000000000007  -0.0000000000000000  1.0000000000000000  0.1298418479933728  0.0002706620463137  0.1749689665637202  0.2099682875173356  
1.0400000000000007  -0.0000000000000000  1.0000000000000000  0.1258824065923524  0.0002579285384444  0.1656154419384134  0.2034253284499346  
1.0500000000000007  -0.0000000000000000  1.0000000000000000  0.1220959771332335  0.0002394306194714  0.1727945736597883  0.2091280958429565  
1.0600000000000007  -0.0000000000000000  1.0000000000000000  0.1182470294982719  0.0002524762724553  0.1678910594503175  0.2040608270260802  
1.0700000000000007  -0.0000000000000000  1.0000000000000000  0.1141564521017470  0.0000651070639811  0.1754949526217568  0.2093103100470723  
1.0800000000000007  -0.0000000000000000  1.0000000000000000  0.1100801445858410  -0.0000978473329649  0.1681092443038040  0.2047739767011781  
1.0900000000000007  -0.0000000000000000  1.0000000000000000  0.1062513148383154  -0.0001620877642038  0.1706107440428515  0.2043826367376735  
1.1000000000000008  -0.0000000000000000  1.0000000000000000  0.1024737744797217  -0.0001475950909876  0.1685393378878848  0.2064564372209356  
1.1100000000000008  -0.0000000000000000  1.0000000000000000  0.0983139577337159  -0.0000380805520112  0.1768462459282963  0.2047490335266928  
1.1200000000000008  -0.0000000000000000  1.0000000000000000  0.0935799320092949  0.0000730107656035  0.1705358482543526  0.2092352058677148  
1.1300000000000008  -0.0000000000000000  1.0000000000000000  0.0886773716655185  0.0001110656863962  0.1701197072221492  0.2039366007779680  
1.1400000000000008  -0.0000000000000000  1.0000000000000000  0.0840713583020408  0.0002706277948785  0.1655362226173219  0.2088354508593416  
1.1500000000000008  -0.0000000000000000  1.0000000000000000  0.0796866971057055  0.0003998497437333  0.1695639451183321  0.2029854405841462  
1.1600000000000008  -0.0000000000000000  1.0000000000000000  0.0755577682977725  0.0002581028087181  0.1637529740042192  0.2102906436727628  
1.1700000000000008  -0.0000000000000000  1.0000000000000000  0.0720231035802424  0.0001182477840732  0.1663840411102898  0.2039966615685733  
1.1800000000000008  -0.0000000000000000  1.0000000000000000  0.0689638491237256  0.0000206173129760  0.1618193394608855  0.2075820739069142  
1.1900000000000008  -0.0000000000000000  1.0000000000000000  0.0659610611153990  -0.0000309084140639  0.1682825142640011  0.2065284355667434  
1.2000000000000008  -0.0000000000000000  1.0000000000000000  0.0629837984804835  -0.0001363712491010  0.1641654438779213  0.2041415062403818  
1.2100000000000009  -0.0000000000000000  1.0000000000000000  0.0599766676768046  -0.0001459264319860  0.1689805220503597  0.2105167269002403  
1.2200000000000009  -0.0000000000000000  1.0000000000000000  0.0569239132480293  -0.0000675452191900  0.1642336369752774  0.2039443535606177  
1.2300000000000009  -0.0000000000000000  1.0000000000000000  0.0540511228820096  0.0001087145096781  0.1682200991067127  0.2125066813825040  
1.2400000000000009  -0.0000000000000000  1.0000000000000000  0.0511399127463487  0.0002630721126345  0.1652007487400110  0.2045432209982609  
1.2500000000000009  -0.0000000000000000  1.0000000000000000  0.0478494688225513  0.0003009236066809  0.1700274537729658  0.2140854696821859  
1.2600000000000009  -0.0000000000000000  1.0000000000000000  0.0445679885114757  0.0002603517570475  0.1622867448779527  0.2061948030943452  
1.2700000000000009  -0.0000000000000000  1.0000000000000000  0.0418117770875373  0.0002561252852800  0.1662299698856380  0.2107349766283949  
1.2800000000000009  -0.0000000000000000  1.0000000000000000  0.0395828716029897  0.0002181506594687  0.1609740566332134  0.2065758854655360  
1.2900000000000009  -0.0000000000000000  1.0000000000000000  0.0374582172058367  -0.0000164916142397  0.1666127951596246  0.2106177990197674  
1.3000000000000009  -0.0000000000000000  1.0000000000000000  0.0351626643504815  -0.0001499080043185  0.1635853527783842  0.2075483901119253  
1.3100000000000009  -0.0000000000000000  1.0000000000000000  0.0327132048540946  -0.0001357649274942  0.1677948414317904  0.2057691608590523  
1.3200000000000010  -0.0000000000000000  1.0000000000000000  0.0300508073717010  -0.0000468039734329  0.1657239376797449  0.2104361456605823  
1.3300000000000010  -0.0000000000000000  1.0000000000000000  0.0270802271300161  -0.0000111714637549  0.1692739569740114  0.2051832539037150  
1.3400000000000010  -0.0000000000000000  1.0000000000000000  0.0238230736379461  0.0001097411757337  0.1658674923425199  0.2107716671283320  
1.3500000000000010  -0.0000000000000000  1.0000000000000000  0.0205335615899055  0.0002388359624664  0.1671695479904653  0.2035140048331921  
1.3600000000000010  -0.0000000000000000  1.0000000000000000  0.0175646405525786  0.0003216934381916  0.1610931358772424  0.2115337593854212  
1.3700000000000010  -0.0000000000000000  1.0000000000000000  0.0148610885223879  0.0003812284990917  0.1640941506860423  0.2037062574635367  
1.3800000000000010  -0.0000000000000000  1.0000000000000000  0.0121426772927256  0.0002061144420793  0.1609769391743099  0.2090805879700136  
1.3900000000000010  -0.0000000000000000  1.0000000000000000  0.0097000282737305  0.0000521861855296  0.1620215019095328  0.2032817339797999  
1.4000000000000010  -0.0000000000000000  1.0000000000000000  0.0078068431507002  0.0000169747134715  0.1582555599883995  0.2029275562559366  
1.4100000000000010  -0.0000000000000000  1.0000000000000000  0.0063386447615535  -0.0000462816047078  0.1613032606576068  0.2050188747787905  
1.4200000000000010  -0.0000000000000000  1.0000000000000000  0.0050386129708917  -0.0001641738961344  0.1581733633100279  0.2029057331934845  
1.4300000000000010  -0.0000000000000000  1.0000000000000000  0.0035813663218957  -0.0001168018241277  0.1621513990371894  0.2050423814633698  
1.4400000000000011  -0.0000000000000000  1.0000000000000000  0.0018404512102181  0.0000553342609040  0.1606091279826450  0.1996545150695757  
1.4500000000000011  -0.0000000000000000  1.0000000000000000  0.0002006481998740  0.0002044080321105  0.1620192887373675  0.2056726371169531  
1.4600000000000011  -0.0000000000000000  1.0000000000000000  -0.0009265165679430  0.0002874204234210  0.1568258017130697  0.2000666019179385  
1.4700000000000011  -0.0000000000000000  1.0000000000000000  -0.0016314298794214  0.0002836796283806  0.1599921328101133  0.2057544380521314  
1.4800000000000011  -0.0000000000000000  1.0000000000000000  -0.0020778262115867  0.0003012281698813  0.1538846769964821  0.1997053310662711  
1.4900000000000011  -0.0000000000000000  1.0000000000000000  -0.0019975050712690  0.0002251219289344  0.1557503620811053  0.2037461874468515  
1.5000000000000011  -0.0000000000000000  1.0000000000000000  -0.0013346621520620  0.0001256090379253  0.1543722721948993  0.2017006798919223  
1.5100000000000011  -0.0000000000000000  1.0000000000000000  -0.0005814093150751  -0.0000753152161186  0.1583676591680550  0.2011798413913234  
1.5200000000000011  -0.0000000000000000  1.0000000000000000  0.0000676015728398  -0.0001751914751042  0.1555294773508717  0.2013903149243634  
1.5300000000000011  -0.0000000000000000  1.0000000000000000  0.0008420541965288  -0.0000808171145729  0.1565593682842363  0.1979811613955258  
1.5400000000000011  -0.0000000000000000  1.0000000000000000  0.0017037747457568  0.0000117876127610  0.1560835037095438  0.2052967282667189  
1.5500000000000012  -0.0000000000000000  1.0000000000000000  0.0024152787657091  0.0000068312048392  0.1599762760275972  0.1996838906817824  
1.5600000000000012  -0.0000000000000000  1.0000000000000000  0.0028359334238416  0.0001704581619847  0.1580917861757397  0.2024867433824878  
1.5700000000000012  -0.0000000000000000  1.0000000000000000  0.0029548089553773  0.0003267528510987  0.1602950320426265  0.1988152854188474  
1.5800000000000012  -0.0000000000000000  1.0000000000000000  0.0032266699189755  0.0003442535681493  0.1557195590006477  0.2029386163795540  
1.5900000000000012  -0.0000000000000000  1.0000000000000000  0.0041079360938088  0.0002861410775510  0.1559204194939389  0.2002775346874282  
1.6000000000000012  -0.0000000000000000  1.0000000000000000  0.0053368658430986  0.0001331426021788  0.1543331029526392  0.1996302672318301  
1.6100000000000012  -0.0000000000000000  1.0000000000000000  0.0066042388678308  0.0000345243276982  0.1564355518051239  0.1995527337063475  
1.6200000000000012  -0.0000000000000000  1.0000000000000000  0.0078665978092045  -0.0000439227014129  0.1559461147099200  0.1971925362051604  
1.6300000000000012  -0.0000000000000000  1.0000000000000000  0.0090021041967973  -0.0000838228269854  0.1593656110353679  0.2016905952411924  
1.6400000000000012  -0.0000000000000000  1.0000000000000000  0.0100757211410404  -0.0001744895486095  0.1559034132542596  0.1950992150551159  
1.6500000000000012  -0.0000000000000000  1.0000000000000000  0.0110847595539467  -0.0000594687888541  0.1610696746608747  0.2005897923788162  
1.6600000000000013  -0.0000000000000000  1.0000000000000000  0.0119507365707063  0.0001566836567843  0.1570334203996550  0.1934256687961876  
1.6700000000000013  -0.0000000000000000  1.0000000000000000  0.0128897983639797  0.0002544249624788  0.1581473037199157  0.2030711996753551  
1.6800000000000013  -0.0000000000000000  1.0000000000000000  0.0141985694002131  0.0002567916712292  0.1535712335123784  0.1947913454935682  
1.6900000000000013  -0.0000000000000000  1.0000000000000000  0.0158286993844026  0.0002913044811050  0.1561798242846638  0.1999260092485964  
1.7000000000000013  -0.0000000000000000  1.0000000000000000  0.0175948333113891  0.0002862729641146  0.1537928817078141  0.1942784280494775  
1.7100000000000013  -0.0000000000000000  1.0000000000000000  0.0197443207407665  0.0001656610281528  0.1552620306998465  0.1978117682920408  
1.7200000000000013  -0.0000000000000000  1.0000000000000000  0.0227092255026001  -0.0000082496701747  0.1497300879798832  0.1964136627751905  
1.7300000000000013  -0.0000000000000000  1.0000000000000000  0.0261376389991241  -0.0001314888512471  0.1528930433097359  0.1945139412992193  
1.7400000000000013  -0.0000000000000000  1.0000000000000000  0.0293788901319400  -0.0001364120751366  0.1552609826291043  0.1974152779959420  
1.7500000000000013  -0.0000000000000000  1.0000000000000000  0.0323778237649809  -0.0000743457773864  0.1581688169885761  0.1936906780528837  
1.7600000000000013  -0.0000000000000000  1.0000000000000000  0.0353004411048202  0.0000349088678981  0.1554856421134079  0.1987750587808808  
1.7700000000000014  -0.0000000000000000  1.0000000000000000  0.0382843382235369  0.0000599184195725  0.1571203180825055  0.1943173924649393  
1.7800000000000014  -0.0000000000000000  1.0000000000000000  0.0414987076410869  0.0002117481640176  0.1541799906712263  0.1978833300949273  
1.7900000000000014  -0.0000000000000000  1.0000000000000000  0.0449232891895115  0.0003898047247225  0.1569639629570853  0.1937255995852431  
1.8000000000000014  -0.0000000000000000  1.0000000000000000  0.0484379959129944  0.0002969728989127  0.1541830406759054  0.1999268491078928  
1.8100000000000014  -0.0000000000000000  1.0000000000000000  0.0522050262732864  0.0001687743927886  0.1549729532369651  0.1948692521782092  
1.8200000000000014  -0.0000000000000000  1.0000000000000000  0.0562313858629721  0.0000821046443256  0.1536014894241231  0.1951574240893913  
1.8300000000000014  -0.0000000000000000  1.0000000000000000  0.0602129333329069  0.0000009672164725  0.1577488727533217  0.1956372673342186  
1.8400000000000014  -0.0000000000000000  1.0000000000000000  0.0640326808299686  -0.0001139950727075  0.1570215982932310  0.1934409863936925  
1.8500000000000014  -0.0000000000000000  1.0000000000000000  0.0677738194217205  -0.0001430740873132  0.1592190909590579  0.1949598141233020  
1.8600000000000014  -0.0000000000000000  1.0000000000000000  0.0713579043394117  -0.0001413343172344  0.1570985306140998  0.1903164602802183  
1.8700000000000014  -0.0000000000000000  1.0000000000000000  0.0745619549242181  0.0000281322460072  0.1618362629563220  0.1957030751901752  
1.8800000000000014  -0.0000000000000000  1.0000000000000000  0.0772411695994571  0.0002023346157387  0.1596129158843943  0.1908926918885589  
1.8900000000000015  -0.0000000000000000  1.0000000000000000  0.0796245682289093  0.0002511876641914  0.1611615390128131  0.1949279213615187  
1.9000000000000015  -0.0000000000000000  1.0000000000000000  0.0822552754937769  0.0002547736596014  0.1557166850513952  0.1908661364597697  
1.9100000000000015  -0.0000000000000000  1.0000000000000000  0.0854296359143581  0.0002545501284976  0.1571443626354746  0.1924625312618884  
1.9200000000000015  -0.0000000000000000  1.0000000000000000  0.0888040146292734  0.0002622502440786  0.1585328574927765  0.1911322745242574  
1.9300000000000015  -0.0000000000000000  1.0000000000000000  0.0919921964894247  0.0000405872939576  0.1591508160630000  0.1926957231372351  
1.9400000000000015  -0.0000000000000000  1.0000000000000000  0.0952296582553221  -0.0001178428177286  0.1568270761910874  0.1922871406984284  
1.9500000000000015  -0.0000000000000000  1.0000000000000000  0.0986196530456179  -0.0001459301388958  0.1579429199415636  0.1882046639541409  
1.9600000000000015  -0.0000000000000000  1.0000000000000000  0.1018110567404470  -0.0001033370520888  0.1598325341663864  0.1943910997594744  
1.9700000000000015  -0.0000000000000000  1.0000000000000000  0.1048556517708910  -0.0000687555047245  0.1595869487944079  0.1890738705679081  
1.9800000000000015  -0.0000000000000000  1.0000000000000000  0.1079104131951129  0.0000339549553479  0.1588175381466894  0.1949936156720520  
1.9900000000000015  -0.0000000000000000  1.0000000000000000  0.1109078451654937  0.0001395391013382  0.1594889864301093  0.1905284147784514  
2.0000000000000013  -0.0000000000000000  1.0000000000000000  0.1140127283493028  0.0002695597343134  0.1580585063070290  0.1943605222207065  
2.0100000000000011  -0.0000000000000000  1.0000000000000000  0.1172912613540775  0.0003564831826431  0.1586437837068140  0.1909933289886555  
2.0200000000000009  -0.0000000000000000  1.0000000000000000  0.1207091934730672  0.0002348786371535  0.1571941321982543  0.1937146910889389  
2.0300000000000007  -0.0000000000000000  1.0000000000000000  0.1244953489319321  0.0000782014748352  0.1576271503177869  0.1923151323649557  
2.0400000000000005  -0.0000000000000000  1.0000000000000000  0.1287576224367423  0.0000268678825550  0.1559574765149035  0.1890984923430744  
2.0500000000000003  -0.0000000000000000  1.0000000000000000  0.1331447112973079  -0.0000286145516583  0.1586484503850635  0.1938684869795440  
2.0600000000000001  -0.0000000000000000  1.0000000000000000  0.1370731972450779  -0.0001910612914272  0.1580553917240338  0.1896253694588681  
2.0699999999999998  -0.0000000000000000  1.0000000000000000  0.1404144968614493  -0.0001734172598271  0.1618021041302743  0.1936873053867048  
2.0799999999999996  -0.0000000000000000  1.0000000000000000  0.1435651952294545  -0.0000486131676097  0.1581853608940991  0.1864020888421537  
2.0899999999999994  -0.0000000000000000  1.0000000000000000  0.1466482275270471  0.0000969726860780  0.1623014297090223  0.1945273685323737  
2.0999999999999992  -0.0000000000000000  1.0000000000000000  0.1495389411055135  0.0002114889961585  0.1579694385713549  0.1883627734216223  
2.1099999999999990  -0.0000000000000000  1.0000000000000000  0.1521935175710724  0.0002430854810284  0.1644256884930563  0.1943272922484649  
2.1199999999999988  -0.0000000000000000  1.0000000000000000  0.1547095652155350  0.0002478236527937  0.1578509274248553  0.1898736700831869  
2.1299999999999986  -0.0000000000000000  1.0000000000000000  0.1572780287729380  0.0002441057320314  0.1618376387397392  0.1916676029070238  
2.1399999999999983  -0.0000000000000000  1.0000000000000000  0.1598916454325231  0.0001488321359868  0.1585702848722541  0.1911409491921123  
2.1499999999999981  -0.0000000000000000  1.0000000000000000  0.1622616652905970  -0.0000535726579505  0.1603630551817857  0.1895434911352357  
2.1599999999999979  -0.0000000000000000  1.0000000000000000  0.1643941805491676  -0.0001761383624034  0.1626623307109854  0.1911124142064520  
2.1699999999999977  -0.0000000000000000  1.0000000000000000  0.1664569029991268  -0.0001438516472508  0.1594636258128746  0.1870862890616299  
2.1799999999999975  -0.0000000000000000  1.0000000000000000  0.1681250533293948  -0.0000577095844940  0.1650966427552326  0.1930399081371570  
2.1899999999999973  -0.0000000000000000  1.0000000000000000  0.1691252085324412  -0.0000709502095767  0.1620779267780021  0.1886410412881113  
2.1999999999999971  -0.0000000000000000  1.0000000000000000  0.1697362996274177  0.0000580601864282  0.1635850245269441  0.1918509485746247  
2.2099999999999969  -0.0000000000000000  1.0000000000000000  0.1702505682597576  0.0002467364633197  0.1612737706557192  0.1880239261956939  
2.2199999999999966  -0.0000000000000000  1.0000000000000000  0.1709712416031912  0.0002862781328189  0.1602758208835476  0.1930703508561164  
2.2299999999999964  -0.0000000000000000  1.0000000000000000  0.1721128278158675  0.0002867846622708  0.1603375543898256  0.1896942875349273  
2.2399999999999962  -0.0000000000000000  1.0000000000000000  0.1733538487649388  0.0001636828403647  0.1615018718202350  0.1911235900251630  
2.2499999999999960  -0.0000000000000000  1.0000000000000000  0.1744176002526448  0.0000294495351155  0.1624431067370293  0.1919721048888857  
2.2599999999999958  -0.0000000000000000  1.0000000000000000  0.1755034201818728  -0.0000144050142055  0.1586894597477776  0.1879097242634148  
2.2699999999999956  -0.0000000000000000  1.0000000000000000  0.1768042615792211  -0.0000989796813304  0.1608943275007584  0.1917719899120806  
2.2799999999999954  -0.0000000000000000  1.0000000000000000  0.1779877381664590  -0.0002117596922927  0.1595983746810460  0.1875743839611945  
2.2899999999999952  -0.0000000000000000  1.0000000000000000  0.1787674689900406  -0.0001476745817678  0.1652283908531922  0.1926264855317956  
2.2999999999999949  -0.0000000000000000  1.0000000000000000  0.1793716552312995  0.0000462880923000  0.1618052901181220  0.1879931464028783  
2.3099999999999947  -0.0000000000000000  1.0000000000000000  0.1799089835847541  0.0001680395038507  0.1640828036837888  0.1938733457605070  
2.3199999999999945  -0.0000000000000000  1.0000000000000000  0.1802671194994194  0.0001929413794813  0.1625715667942803  0.1911481356874990  
2.3299999999999943  -0.0000000000000000  1.0000000000000000  0.1805488339663910  0.0002528195243918  0.1639195810371641  0.1924335218254185  
2.3399999999999941  -0.0000000000000000  1.0000000000000000  0.1809406095436702  0.0002726681277077  0.1616319178770510  0.1925962545798216  
2.3499999999999939  -0.0000000000000000  1.0000000000000000  0.1815832463529715  0.0001846482560096  0.1607498455280316  0.1917099110472477  
2.3599999999999937  -0.0000000000000000  1.0000000000000000  0.1824281962009729  0.0000428487196937  0.1606333702304161  0.1938099319532100  
2.3699999999999934  -0.0000000000000000  1.0000000000000000  0.1829450751133953  -0.0001243124050611  0.1634177170351902  0.1905507415264744  
2.3799999999999932  -0.0000000000000000  1.0000000000000000  0.1827892257344849  -0.0001672265954337  0.1653183706675557  0.1943372443216856  
2.3899999999999930  -0.0000000000000000  1.0000000000000000  0.1821657257098909  -0.0001190775255635  0.1636285374325418  0.1896898289844486  
2.3999999999999928  -0.0000000000000000  1.0000000000000000  0.1812629915343096  -0.0000443698110869  0.1667671258523750  0.1963015986850871  
2.4099999999999926  -0.0000000000000000  1.0000000000000000  0.1800856183339504  -0.0000234574449365  0.1635094501798687  0.1918485936028944  
2.4199999999999924  -0.0000000000000000  1.0000000000000000  0.1785843131103335  0.0001262553950265  0.1684438647300303  0.1957703840890962  
2.4299999999999922  -0.0000000000000000  1.0000000000000000  0.1767534673171716  0.0003146872814573  0.1670408856323659  0.1947060556852850  
2.4399999999999920  -0.0000000000000000  1.0000000000000000  0.1747527412698396  0.0003037372059645  0.1662357227446936  0.1974608567927570  
2.4499999999999917  -0.0000000000000000  1.0000000000000000  0.1728468473242622  0.0001842976119169  0.1654531496751187  0.1965957045331498  
2.4599999999999915  -0.0000000000000000  1.0000000000000000  0.1710910325962811  0.0001204361144762  0.1648118459668602  0.1936844784516730  
2.4699999999999913  -0.0000000000000000  1.0000000000000000  0.1692608200231294  0.0000303376274350  0.1678839936826258  0.1985146095045408  
2.4799999999999911  -0.0000000000000000  1.0000000000000000  0.1672536022505945  -0.0000926756014228  0.1657515015018127  0.1942151556888329  
2.4899999999999909  -0.0000000000000000  1.0000000000000000  0.1652327412418531  -0.0001379358747044  0.1685825677724518  0.1994330556333578  
2.4999999999999907  -0.0000000000000000  1.0000000000000000  0.1629952463585004  -0.0001897976857726  0.1647873039775551  0.1950538339613321  
2.5099999999999905  -0.0000000000000000  1.0000000000000000  0.1601462299025700  -0.0000608408604809  0.1705201307460648  0.2006660301444132  
2.5199999999999902  -0.0000000000000000  1.0000000000000000  0.1570179847509648  0.0001322446667583  0.1666723647434013  0.1959878096461117  
2.5299999999999900  -0.0000000000000000  1.0000000000000000  0.1542268959502220  0.0002041152323249  0.1681715338950414  0.2019310534866560  
2.5399999999999898  -0.0000000000000000  1.0000000000000000  0.1517624070740458  0.0002068499774515  0.1648042433847956  0.1990437565235158  
2.5499999999999896  -0.0000000000000000  1.0000000000000000  0.1494576609467073  0.0002790859880010  0.1667958909594815  0.1999686393161852  
2.5599999999999894  -0.0000000000000000  1.0000000000000000  0.1472857354166568  0.0002661556410396  0.1651740576464215  0.2012287759861855  
2.5699999999999892  -0.0000000000000000  1.0000000000000000  0.1451102305426907  0.0001244461708772  0.1675177006937916  0.2002685762055489  
2.5799999999999890  -0.0000000000000000  1.0000000000000000  0.1431015410958809  -0.0000650595626644  0.1665622448710907  0.2024254092480347  
2.5899999999999888  -0.0000000000000000  1.0000000000000000  0.1412831035705855  -0.0001326437665126  0.1642741946059515  0.1978522860051908  
2.5999999999999885  -0.0000000000000000  1.0000000000000000  0.1392533898037433  -0.0001080766011706  0.1713038403683149  0.2038305261163636  
2.6099999999999883  -0.0000000000000000  1.0000000000000000  0.1368642915213017  -0.0001112477854281  0.1705136861815562  0.2009475909462893  
2.6199999999999881  -0.0000000000000000  1.0000000000000000  0.1341854550756693  -0.0000053403340862  0.1706140189518758  0.2052747125902222  
2.6299999999999879  -0.0000000000000000  1.0000000000000000  0.1312888126993394  0.0000626917142038  0.1687425480477998  0.2029783626904867  
2.6399999999999877  -0.0000000000000000  1.0000000000000000  0.1282433966580266  0.0002182781878496  0.1694947514727160  0.2042694328281135  
2.6499999999999875  -0.0000000000000000  1.0000000000000000  0.1251359910924695  0.0003494731291070  0.1701860316640862  0.2042695230382625  
2.6599999999999873  -0.0000000000000000  1.0000000000000000  0.1221536750983853  0.0002703974860492  0.1677808264988075  0.2056513538792144  
2.6699999999999871  -0.0000000000000000  1.0000000000000000  0.1194168518389114  0.0001328797013277  0.1692928034326711  0.2059660600332351  
2.6799999999999868  -0.0000000000000000  1.0000000000000000  0.1167644941336852  0.0000871787240476  0.1675691887410571  0.2031138436016349  
2.6899999999999866  -0.0000000000000000  1.0000000000000000  0.1138045482801390  0.0000230860183321  0.1725112185372864  0.2079594191848443  
2.6999999999999864  -0.0000000000000000  1.0000000000000000  0.1102649735927162  -0.0001403776566672  0.1720699828914912  0.2042029702176300  
2.7099999999999862  -0.0000000000000000  1.0000000000000000  0.1065141149495678  -0.0001711236856530  0.1704045313439980  0.2063844672591980  
2.7199999999999860  -0.0000000000000000  1.0000000000000000  0.1028489426565435  -0.0000885502244672  0.1685972285508618  0.2032973381939050  
2.7299999999999858  -0.0000000000000000  1.0000000000000000  0.0989348235277433  0.0000464469041530  0.1718276128713032  0.2060850030876805  
2.7399999999999856  -0.0000000000000000  1.0000000000000000  0.0946669223584245  0.0001764707699972  0.1714229177627552  0.2050119226234717  
2.7499999999999853  -0.0000000000000000  1.0000000000000000  0.0903991834820564  0.0002414072594065  0.1690916839381756  0.2084698317467152  
2.7599999999999851  -0.0000000000000000  1.0000000000000000  0.0863572234891063  0.0002518710628261  0.1646699071569478  0.2052407660977796  
2.7699999999999849  -0.0000000000000000  1.0000000000000000  0.0825992851842850  0.0002859941963012  0.1661344864724247  0.2029993491791807  
2.7799999999999847  -0.0000000000000000  1.0000000000000000  0.0792159481884579  0.0002431238325922  0.1682016563267702  0.2052011669716747  
2.7899999999999845  -0.0000000000000000  1.0000000000000000  0.0761134532821981  0.0000256856792240  0.1653293287324611  0.2030271297378069  
2.7999999999999843  -0.0000000000000000  1.0000000000000000  0.0731166867751294  -0.0001029699078212  0.1653985582895604  0.2054578148186106  
2.8099999999999841  -0.0000000000000000  1.0000000000000000  0.0701760307455530  -0.0001111523908644  0.1659197758042326  0.2026265246621621  
2.8199999999999839  -0.0000000000000000  1.0000000000000000  0.0671483693085600  -0.0000661375254346  0.1671738712615860  0.2075753840184503  
2.8299999999999836  -0.0000000000000000  1.0000000000000000  0.0638739415154487  -0.0000649661943494  0.1676174774056118  0.2046265742113788  
2.8399999999999834  -0.0000000000000000  1.0000000000000000  0.0605744194605961  0.0000208073400911  0.1678037154686383  0.2070849566214070  
2.8499999999999832  -0.0000000000000000  1.0000000000000000  0.0576848137097825  0.0002064992586767  0.1646364565464340  0.2055463324658360  
2.8599999999999830  -0.0000000000000000  1.0000000000000000  0.0552172390387643  0.0002981398301046  0.1634161006348633  0.2074183915676542  
2.8699999999999828  -0.0000000000000000  1.0000000000000000  0.0528435685402362  0.0003223389166253  0.1649447470387116  0.2084845322557844  
2.8799999999999826  -0.0000000000000000  1.0000000000000000  0.0505219530610929  0.0002474931383613  0.1642096266068474  0.2064370572188614  
2.8899999999999824  -0.0000000000000000  1.0000000000000000  0.0484387904139677  0.0001092637086980  0.1629954924693706  0.2095175655455902  
2.8999999999999821  -0.0000000000000000  1.0000000000000000  0.0466546560725057  0.0000553850060408  0.1626823202829834  0.2034843898290739  
2.9099999999999819  -0.0000000000000000  1.0000000000000000  0.0450412483438971  -0.0000033881205615  0.1647090965173603  0.2102595299149803  
2.9199999999999817  -0.0000000000000000  1.0000000000000000  0.0431687549515386  -0.0001827148395187  0.1659869710382792  0.2055140611044496  
2.9299999999999815  -0.0000000000000000  1.0000000000000000  0.0408475627304298  -0.0001396280569299  0.1675905360880137  0.2087600609094496  
2.9399999999999813  -0.0000000000000000  1.0000000000000000  0.0384172226346304  0.0000183816836620  0.1655375523215155  0.2049701965743726  
2.9499999999999811  -0.0000000000000000  1.0000000000000000  0.0358641287133028  0.0001358203421664  0.1661578592032073  0.2098025641036620  
2.9599999999999809  -0.0000000000000000  1.0000000000000000  0.0330941524991886  0.0002025118228642  0.1659416499306727  0.2060411012307423  
2.9699999999999807  -0.0000000000000000  1.0000000000000000  0.0305173656600188  0.0002644654364869  0.1640106004609152  0.2071083833600804  
2.9799999999999804  -0.0000000000000000  1.0000000000000000  0.0283276133398819  0.0003108386837948  0.1627831065761403  0.2071211082962675  
2.9899999999999802  -0.0000000000000000  1.0000000000000000  0.0263729961303551  0.0002683816636679  0.1628743960103682  0.2057610202496586  
2.9999999999999800  -0.0000000000000000  1.0000000000000000  0.0245380136711319  0.0001489076654150  0.1625303831891400  0.2077843316891753  
3.0099999999999798  -0.0000000000000000  1.0000000000000000  0.0226364238348907  -0.0000281039087363  0.1635723678956041  0.2032803384472790  
3.0199999999999796  -0.0000000000000000  1.0000000000000000  0.0206103634171414  -0.0001156547727249  0.1630137010180907  0.2065774623785515  
3.0299999999999794  -0.0000000000000000  1.0000000000000000  0.0186766352415207  -0.0000816570892381  0.1622335428133231  0.2007140359897573  
3.0399999999999792  -0.0000000000000000  1.0000000000000000  0.0169738920986021  -0.0000368476190143  0.1620434713570312  0.2059953058268115  
3.0499999999999790  -0.0000000000000000  1.0000000000000000  0.0152769822236476  -0.0000309498480259  0.1623184806841250  0.2031774267998749  
3.0599999999999787  -0.0000000000000000  1.0000000000000000  0.0133632046913795  0.0000993613885392  0.1618291529538623  0.2035237005605870  
3.0699999999999785  -0.0000000000000000  1.0000000000000000  0.0116268675584388  0.0003056433851827  0.1600755567431054  0.2028810228706143  
3.0799999999999783  -0.0000000000000000  1.0000000000000000  0.0104980176684462  0.0003320536664180  0.1569744650378907  0.2034073062197195  
3.0899999999999781  -0.0000000000000000  1.0000000000000000  0.0099054946162748  0.0002653342149570  0.1566258661765711  0.2035699754398526  
3.0999999999999779  -0.0000000000000000  1.0000000000000000  0.0096945076732058  0.0001979560402565  0.1563732466257305  0.2003740536655982  
3.1099999999999777  -0.0000000000000000  1.0000000000000000  0.0098631996011194  0.0001105626209152  0.1569797112515449  0.2035622820806527  
3.1199999999999775  -0.0000000000000000  1.0000000000000000  0.0102914382587986  0.0000028742003655  0.1563439236042747  0.1999111493775352  
3.1299999999999772  -0.0000000000000000  1.0000000000000000  0.0107667676714761  -0.0000856094725112  0.1577048651078216  0.2023894830327526  
3.1399999999999770  -0.0000000000000000  1.0000000000000000  0.0111278907635163  -0.0001514612007963  0.1584481654247816  0.1989070755166537  
3.1499999999999768  -0.0000000000000000  1.0000000000000000  0.0113085537003559  -0.0000986149684101  0.1597460418770282  0.2022572833805827  
3.1599999999999766  -0.0000000000000000  1.0000000000000000  0.0116189333224802  0.0001159386865545  0.1555205779399231  0.2002298155468795  
3.1699999999999764  -0.0000000000000000  1.0000000000000000  0.0122773858551566  0.0001876788599924  0.1573114489031574  0.2025854998184993  
3.1799999999999762  -0.0000000000000000  1.0000000000000000  0.0130220601170406  0.0002118390762788  0.1580770707898322  0.2028665011776118  
3.1899999999999760  -0.0000000000000000  1.0000000000000000  0.0137367539045898  0.0002946651164021  0.1585790026200093  0.1990516964342632  
3.1999999999999758  -0.0000000000000000  1.0000000000000000  0.0146023698956342  0.0003340221834935  0.1572887850230439  0.2036586310814636  
3.2099999999999755  -0.0000000000000000  1.0000000000000000  0.0157325713452411  0.0001888983047740  0.1570063478031987  0.1994956145503008  
3.2199999999999753  -0.0000000000000000  1.0000000000000000  0.0171255178156750  0.0000509698926865  0.1567908234695058  0.2028473251180541  
3.2299999999999751  -0.0000000000000000  1.0000000000000000  0.0185768581650283  -0.0000874591742213  0.1584870614493436  0.1966740415957719  
3.2399999999999749  -0.0000000000000000  1.0000000000000000  0.0197492140460467  -0.0000920929608274  0.1592469573427185  0.2020100630897139  
3.2499999999999747  -0.0000000000000000  1.0000000000000000  0.0204985195700581  -0.0000819817148245  0.1608824155232952  0.1977925510554792  
3.2599999999999745  -0.0000000000000000  1.0000000000000000  0.0211025866657513  -0.0000500815859569  0.1594882135066715  0.2016710719260265  
3.2699999999999743  -0.0000000000000000  1.0000000000000000  0.0218028772653507  0.0000516191093401  0.1594301052030451  0.1978993977808502  
3.2799999999999740  -0.0000000000000000  1.0000000000000000  0.0224357560914978  0.0001618998215324  0.1591258440435735  0.1991562101050945  
3.2899999999999738  -0.0000000000000000  1.0000000000000000  0.0231971097473909  0.0003593067640018  0.1580851440060203  0.1984980215304658  
3.2999999999999736  -0.0000000000000000  1.0000000000000000  0.0245438730031321  0.0003100979840932  0.1549769747123095  0.1990581473000567  
3.3099999999999734  -0.0000000000000000  1.0000000000000000  0.0262380235300700  0.0001932648779076  0.1561630022958665  0.2001195110275528  
3.3199999999999732  -0.0000000000000000  1.0000000000000000  0.0279551716448865  0.0001543161247930  0.1564452059167844  0.1943811290413327  
3.3299999999999730  -0.0000000000000000  1.0000000000000000  0.0297845043882113  0.0000851364460641  0.1567895896043390  0.2001362668107662  
3.3399999999999728  -0.0000000000000000  1.0000000000000000  0.0318127925036002  -0.0000824300118723  0.1551484165512311  0.1946880117076146  
3.3499999999999726  -0.0000000000000000  1.0000000000000000  0.0340753345218824  -0.0001504405043990  0.1561617971530083  0.1988058326441469  
3.3599999999999723  -0.0000000000000000  1.0000000000000000  0.0364588323933824  -0.0001139848656286  0.1577572376258957  0.1944569310423850  
3.3699999999999721  -0.0000000000000000  1.0000000000000000  0.0386737623869684  -0.0000144723477390  0.1580655800083926  0.1982479724264957  
3.3799999999999719  -0.0000000000000000  1.0000000000000000  0.0407872823398742  0.0001464444346818  0.1572717231768521  0.1961562734302736  
3.3899999999999717  -0.0000000000000000  1.0000000000000000  0.0431537561281127  0.0002054158211459  0.1551595536699052  0.1976815842484670  
3.3999999999999715  -0.0000000000000000  1.0000000000000000  0.0459916464182310  0.0002440535665119  0.1544195201821373  0.1966118945241456  
3.4099999999999713  -0.0000000000000000  1.0000000000000000  0.0492542137929737  0.0002955631060809  0.1545199459341569  0.1947201219632026  
3.4199999999999711  -0.0000000000000000  1.0000000000000000  0.0527699714578535  0.0002959804121859  0.1545811212039392  0.1985285821342931  
3.4299999999999708  -0.0000000000000000  1.0000000000000000  0.0564276951163666  0.0000967160072144  0.1550618788378465  0.1941167340242960  
3.4399999999999706  -0.0000000000000000  1.0000000000000000  0.0601123096252681  -0.0000633690394997  0.1569153767160650  0.1982707337135638  
3.4499999999999704  -0.0000000000000000  1.0000000000000000  0.0636735659357598  -0.0000895195663518  0.1576047478868797  0.1926361437575558  
3.4599999999999702  -0.0000000000000000  1.0000000000000000  0.0669643076490916  -0.0000942128941004  0.1592675563052636  0.1957902719116771  
3.4699999999999700  -0.0000000000000000  1.0000000000000000  0.0699689579458438  -0.0000950691940378  0.1593899758121767  0.1934141165796960  
3.4799999999999698  -0.0000000000000000  1.0000000000000000  0.0728776707968589  -0.0000366540882700  0.1586948403372150  0.1950853550345590  
3.4899999999999696  -0.0000000000000000  1.0000000000000000  0.0758853353614864  0.0001243244493055  0.1590613784634642  0.1931409174394018  
3.4999999999999694  -0.0000000000000000  1.0000000000000000  0.0787584554526641  0.0002443487185208  0.1592304842895672  0.1942419833534491  
3.5099999999999691  -0.0000000000000000  1.0000000000000000  0.0813066681195045  0.0003273479604205  0.1605276064166478  0.1953694138757803  
3.5199999999999689  -0.0000000000000000  1.0000000000000000  0.0840086088481514  0.0002504398730591  0.1587864908040114  0.1922916580022992  
3.5299999999999687  -0.0000000000000000  1.0000000000000000  0.0871406845756202  0.0001588573410775  0.1580001968472967  0.1947538465771997  
3.5399999999999685  -0.0000000000000000  1.0000000000000000  0.0903035994705836  0.0000758961003809  0.1581578090477270  0.1906923028278475  
3.5499999999999683  -0.0000000000000000  1.0000000000000000  0.0932777659714663  0.0000319640226698  0.1614450850716508  0.1948854770677144  
3.5599999999999681  -0.0000000000000000  1.0000000000000000  0.0959970825879074  -0.0001618194398228  0.1600097511640129  0.1920741106069896  
3.5699999999999679  -0.0000000000000000  1.0000000000000000  0.0983840425771435  -0.0001946337775371  0.1615032184920227  0.1934424518984557  
3.5799999999999677  -0.0000000000000000  1.0000000000000000  0.1006286557898619  -0.0000343977524979  0.1597352120534728  0.1897861506847205  
3.5899999999999674  -0.0000000000000000  1.0000000000000000  0.1028965520698408  0.0000451336404279  0.1607457496516656  0.1936823810111037  
3.5999999999999672  -0.0000000000000000  1.0000000000000000  0.1051980907245120  0.0001503592656367  0.1599711883878387  0.1933218390959413  
3.6099999999999670  -0.0000000000000000  1.0000000000000000  0.1076687755212944  0.0002159876151995  0.1570167553042159  0.1921456357524159  
3.6199999999999668  -0.0000000000000000  1.0000000000000000  0.1104779912281359  0.0002817403639874  0.1587451958218767  0.1949205562911347  
3.6299999999999666  -0.0000000000000000  1.0000000000000000  0.1135767703027990  0.0002652875179114  0.1572282971204933  0.1911009078433262  
3.6399999999999664  -0.0000000000000000  1.0000000000000000  0.1166981962522316  0.0002087683463269  0.1602696531359857  0.1953587745170891  
3.6499999999999662  -0.0000000000000000  1.0000000000000000  0.1198592548170586  -0.0000162090990880  0.1565321434801810  0.1912259477808013  
3.6599999999999659  -0.0000000000000000  1.0000000000000000  0.1232243675281891  -0.0000969373744801  0.1574647120569105  0.1936889510526566  
3.6699999999999657  -0.0000000000000000  1.0000000000000000  0.1266381583014511  -0.0001155799144434  0.1596904693447700  0.1902417055703878  
3.6799999999999655  -0.0000000000000000  1.0000000000000000  0.1298584856012043  -0.0000837123767354  0.1623776246623523  0.1937704193373377  
3.6899999999999653  -0.0000000000000000  1.0000000000000000  0.1326519246769881  -0.0000963994910334  0.1600039550758908  0.1932763888181032  
3.6999999999999651  -0.0000000000000000  1.0000000000000000  0.1351218502971726  0.0000016966419234  0.1616979176195054  0.1916863719683968  
3.7099999999999649  -0.0000000000000000  1.0000000000000000  0.1377725092189321  0.0002221409502063  0.1581425485616537  0.1923060525705566  
3.7199999999999647  -0.0000000000000000  1.0000000000000000  0.1407090756626430  0.0002744927273213  0.1586565699248639  0.1923901927866057  
3.7299999999999645  -0.0000000000000000  1.0000000000000000  0.1435946401030005  0.0002645413237817  0.1603395539231228  0.1943785985768393  
3.7399999999999642  -0.0000000000000000  1.0000000000000000  0.1464198887205181  0.0001941744110675  0.1578523046783416  0.1901345696603886  
3.7499999999999640  -0.0000000000000000  1.0000000000000000  0.1492518469808800  0.0001297410829097  0.1606918871245025  0.1943844877430974  
3.7599999999999638  -0.0000000000000000  1.0000000000000000  0.1518526847755375  0.0000077104649036  0.1589242122032654  0.1900453461615352  
3.7699999999999636  -0.0000000000000000  1.0000000000000000  0.1540433258434157  -0.0000594422946799  0.1630199569435095  0.1935705707137554  
3.7799999999999634  -0.0000000000000000  1.0000000000000000  0.1558772899196636  -0.0002018783127871  0.1604721978164695  0.1906574462969164  
3.7899999999999632  -0.0000000000000000  1.0000000000000000  0.1573958944762226  -0.0001558109616940  0.1619249974336578  0.1921180089354594  
3.7999999999999630  -0.0000000000000000  1.0000000000000000  0.1586328573272693  0.0000119406258967  0.1638036808981937  0.1911032971141940  
3.8099999999999627  -0.0000000000000000  1.0000000000000000  0.1596566452501489  0.0001106954367589  0.1636718504079487  0.1926645262334063  
3.8199999999999625  -0.0000000000000000  1.0000000000000000  0.1604516676293840  0.0001453915147097  0.1645844759252154  0.1939589850434101  
3.8299999999999623  -0.0000000000000000  1.0000000000000000  0.1610674014218574  0.0002316066575083  0.1610796526956892  0.1903753111347827  
3.8399999999999621  -0.0000000000000000  1.0000000000000000  0.1617998583379986  0.0003230401105631  0.1611671632500183  0.1941121771162437  
3.8499999999999619  -0.0000000000000000  1.0000000000000000  0.1629603286674864  0.0001971173700564  0.1598267928983703  0.1906500738307541  
3.8599999999999617  -0.0000000000000000  1.0000000000000000  0.1642069340315658  0.0000909460094533  0.1613526091011786  0.1939075869281528  
3.8699999999999615  -0.0000000000000000  1.0000000000000000  0.1650667497718765  -0.0000664940816508  0.1628828552787628  0.1909614505050957  
3.8799999999999613  -0.0000000000000000  1.0000000000000000  0.1656692554012608  -0.0001212594625533  0.1642539186499532  0.1932647844978721  
3.8899999999999610  -0.0000000000000000  1.0000000000000000  0.1661458186134669  -0.0001092876924262  0.1604471260440778  0.1909057110562900  
3.8999999999999608  -0.0000000000000000  1.0000000000000000  0.1664919491929534  -0.0001013804532869  0.1643960623275321  0.1927586517674522  
3.9099999999999606  -0.0000000000000000  1.0000000000000000  0.1668021558714608  -0.0000553072949461  0.1626682949433043  0.1924398870778984  
3.9199999999999604  -0.0000000000000000  1.0000000000000000  0.1670526134662199  0.0000917780232917  0.1627295813408928  0.1913065083583589  
3.9299999999999602  -0.0000000000000000  1.0000000000000000  0.1673968771148321  0.0002669241436313  0.1635890393034043  0.1944507833758171  
3.9399999999999600  -0.0000000000000000  1.0000000000000000  0.1680215742248772  0.0002904271168122  0.1607762930048191  0.1926242402624478  
3.9499999999999598  -0.0000000000000000  1.0000000000000000  0.1686682923242867  0.0001994584251363  0.1623150935303665  0.1965387316068093  
3.9599999999999596  -0.0000000000000000  1.0000000000000000  0.1692316521790422  0.0001505543694599  0.1596351066848988  0.1907489128974976  
3.9699999999999593  -0.0000000000000000  1.0000000000000000  0.1699048420637880  0.0001224594588309  0.1623582608102979  0.1952460514489374  
3.9799999999999591  -0.0000000000000000  1.0000000000000000  0.1706164288877391  -0.0000734419573958  0.1614009172371964  0.1935207958708269  
3.9899999999999589  -0.0000000000000000  1.0000000000000000  0.1710460812096933  -0.0001388507191460  0.1670155607279180  0.1940164778284137  
3.9999999999999587  -0.0000000000000000  1.0000000000000000  0.1709764219609901  -0.0001706308220902  0.1644254180776466  0.1943416793678510  
4.0099999999999589  -0.0000000000000000  1.0000000000000000  0.1704054228080237  -0.0000887773134986  0.1662288618721451  0.1943554885596321  
4.0199999999999587  -0.0000000000000000  1.0000000000000000  0.1694911757335782  0.0000602912702980  0.1669702691883874  0.1960786910131746  
4.0299999999999585  -0.0000000000000000  1.0000000000000000  0.1685658231319088  0.0001477887740766  0.1652497771569136  0.1940951000907314  
4.0399999999999583  -0.0000000000000000  1.0000000000000000  0.1677824283481790  0.0001742334719307  0.1640668386939098  0.1984316344187629  
4.0499999999999581  -0.0000000000000000  1.0000000000000000  0.1668577174358483  0.0002690478409459  0.1658852589651337  0.1934861736198909  
4.0599999999999579  -0.0000000000000000  1.0000000000000000  0.1656499626359482  0.0003088790675143  0.1681155378632206  0.1998490034378869  
4.0699999999999577  -0.0000000000000000  1.0000000000000000  0.1644246708590527  0.0001276210819249  0.1617416476607875  0.1952588807527373  
4.0799999999999574  -0.0000000000000000  1.0000000000000000  0.1631244300488094  -0.0000067747245498  0.1659398049502869  0.1980603381588993  
4.0899999999999572  -0.0000000000000000  1.0000000000000000  0.1614290994080281  -0.0000924270437459  0.1650346353544570  0.1950676456187539  
4.0999999999999570  -0.0000000000000000  1.0000000000000000  0.1593864230271459  -0.0000915390544974  0.1695651945067252  0.1984253116538833  
4.1099999999999568  -0.0000000000000000  1.0000000000000000  0.1572084735257125  -0.0001340141421680  0.1676695615935433  0.1979400729779427  
4.1199999999999566  -0.0000000000000000  1.0000000000000000  0.1548405313886858  -0.0000810254313031  0.1674244005880402  0.1975638839566484  
4.1299999999999564  -0.0000000000000000  1.0000000000000000  0.1522253604895833  0.0000359261313633  0.1685345021190663  0.2002508147377635  
4.1399999999999562  -0.0000000000000000  1.0000000000000000  0.1494819169154729  0.0001785309620702  0.1659883980625811  0.1972653111634305  
4.1499999999999559  -0.0000000000000000  1.0000000000000000  0.1468526137288114  0.0002990247875758  0.1673420545574026  0.2012773996494623  
4.1599999999999557  -0.0000000000000000  1.0000000000000000  0.1446493705057993  0.0002616680337617  0.1643543610936644  0.1981390378852708  
4.1699999999999555  -0.0000000000000000  1.0000000000000000  0.1428259454193373  0.0001758300673518  0.1665041851212458  0.2022010890634178  
4.1799999999999553  -0.0000000000000000  1.0000000000000000  0.1410230186805523  0.0001295103619851  0.1663899989316939  0.1979146161522123  
4.1899999999999551  -0.0000000000000000  1.0000000000000000  0.1390323591294579  0.0000682068273391  0.1696399916614671  0.2028648296534832  
4.1999999999999549  -0.0000000000000000  1.0000000000000000  0.1368973683402112  -0.0001165468791509  0.1667616033477246  0.2004149917228319  
4.2099999999999547  -0.0000000000000000  1.0000000000000000  0.1347339227538877  -0.0001900279310870  0.1682712525471078  0.2011857867071317  
4.2199999999999545  -0.0000000000000000  1.0000000000000000  0.1325234038776628  -0.0000938871566862  0.1681610216255341  0.2007069298650112  
4.2299999999999542  -0.0000000000000000  1.0000000000000000  0.1302071761188726  0.0000096033488253  0.1688465411807630  0.2022293179007664  
4.2399999999999540  -0.0000000000000000  1.0000000000000000  0.1278515666681954  0.0000826507536748  0.1690601935150242  0.2043995268298435  
4.2499999999999538  -0.0000000000000000  1.0000000000000000  0.1254700325177839  0.0001925074446005  0.1694999851403649  0.2015977210090397  
4.2599999999999536  -0.0000000000000000  1.0000000000000000  0.1232581039231274  0.0002505904177419  0.1684322234077034  0.2061487799484994  
4.2699999999999534  -0.0000000000000000  1.0000000000000000  0.1211791025085793  0.0002794467861336  0.1673858396331822  0.2018831925323796  
4.2799999999999532  -0.0000000000000000  1.0000000000000000  0.1189544951654512  0.0002667981100720  0.1701920015375286  0.2062965690562101  
4.2899999999999530  -0.0000000000000000  1.0000000000000000  0.1167871480213934  0.0000567457272711  0.1676850022447536  0.2035015015634784  
4.2999999999999527  -0.0000000000000000  1.0000000000000000  0.1147642672391699  -0.0000656184703538  0.1696365927491476  0.2045653253578537  
4.3099999999999525  -0.0000000000000000  1.0000000000000000  0.1123039435019377  -0.0000714853237586  0.1708893718378418  0.2038400796348200  
4.3199999999999523  -0.0000000000000000  1.0000000000000000  0.1092163716990799  -0.0000961694025193  0.1694274688556471  0.2051951571128174  
4.3299999999999521  -0.0000000000000000  1.0000000000000000  0.1058265757665804  -0.0001111304520574  0.1718717331310518  0.2055340723729546  
4.3399999999999519  -0.0000000000000000  1.0000000000000000  0.1023694749492993  -0.0000357557991622  0.1682918979862810  0.2020605934433528  
4.3499999999999517  -0.0000000000000000  1.0000000000000000  0.0989780079947404  0.0001518150360609  0.1687562409529658  0.2061892150324449  
4.3599999999999515  -0.0000000000000000  1.0000000000000000  0.0956608820993000  0.0002676791454872  0.1671766768101731  0.2031199342353193  
4.3699999999999513  -0.0000000000000000  1.0000000000000000  0.0923460603115676  0.0002770001737686  0.1692067665416199  0.2077723898380035  
4.3799999999999510  -0.0000000000000000  1.0000000000000000  0.0890528515933359  0.0002452880762178  0.1682856155676497  0.2022699292687077  
4.3899999999999508  -0.0000000000000000  1.0000000000000000  0.0859158921626765  0.0001833232057769  0.1686674484526087  0.2064344899508791  
4.3999999999999506  -0.0000000000000000  1.0000000000000000  0.0829122058567296  0.0000876537768787  0.1660299688802095  0.2020727984409394  
4.4099999999999504  -0.0000000000000000  1.0000000000000000  0.0798782663946610  0.0000068677640113  0.1671193474219785  0.2058055553010193  
4.4199999999999502  -0.0000000000000000  1.0000000000000000  0.0767423794376207  -0.0001465416777446  0.1668898296757008  0.2037441792589258  
4.4299999999999500  -0.0000000000000000  1.0000000000000000  0.0736155050011052  -0.0001731346713588  0.1663921039616728  0.2029642991699750  
4.4399999999999498  -0.0000000000000000  1.0000000000000000  0.0704916381539900  -0.0000015828405880  0.1666363689782586  0.2044136903498060  
4.4499999999999496  -0.0000000000000000  1.0000000000000000  0.0673194361510936  0.0000735012689858  0.1655607138952776  0.2023292121649075  
4.4599999999999493  -0.0000000000000000  1.0000000000000000  0.0642565198748507  0.0001294341390874  0.1660145931724176  0.2081281688612277  
4.4699999999999491  -0.0000000000000000  1.0000000000000000  0.0615707358164323  0.0002314435585422  0.1640758903717391  0.2028505728615476  
4.4799999999999489  -0.0000000000000000  1.0000000000000000  0.0594368298230591  0.0003287650094426  0.1647353637646514  0.2091533703944564  
4.4899999999999487  -0.0000000000000000  1.0000000000000000  0.0577508882951848  0.0002764741469446  0.1626961850322540  0.2044293380175001  
4.4999999999999485  -0.0000000000000000  1.0000000000000000  0.0560412063592618  0.0001689567229046  0.1645293382719266  0.2085045496281965  
4.5099999999999483  -0.0000000000000000  1.0000000000000000  0.0541522525430739  0.0000247806083265  0.1647055232742231  0.2050883271914871  
4.5199999999999481  -0.0000000000000000  1.0000000000000000  0.0524056819365652  -0.0000725020330825  0.1630602942621013  0.2066177841677556  
4.5299999999999478  -0.0000000000000000  1.0000000000000000  0.0507353128124662  -0.0000750485046577  0.1646272839568132  0.2057783771612374  
4.5399999999999476  -0.0000000000000000  1.0000000000000000  0.0488777348030652  -0.0000773351726435  0.1658527897189018  0.2052422415516079  
4.5499999999999474  -0.0000000000000000  1.0000000000000000  0.0468881436744401  -0.0000813139963555  0.1651914120656116  0.2057092879937748  
4.5599999999999472  -0.0000000000000000  1.0000000000000000  0.0449033079797819  0.0000581339875816  0.1647535271966588  0.2039846105059511  
4.5699999999999470  -0.0000000000000000  1.0000000000000000  0.0429343721301030  0.0002540475831557  0.1647707263373203  0.2086646795382320  
4.5799999999999468  -0.0000000000000000  1.0000000000000000  0.0410595659830796  0.0002915535893330  0.1634641680424651  0.2050263897993137  
4.5899999999999466  -0.0000000000000000  1.0000000000000000  0.0393691964835184  0.0002632063578488  0.1647144636038986  0.2082006253764851  
4.5999999999999464  -0.0000000000000000  1.0000000000000000  0.0378317146331964  0.0002093669097553  0.1626243959005326  0.2039728829241859  
4.6099999999999461  -0.0000000000000000  1.0000000000000000  0.0363522556369953  0.0001884368730546  0.1644886499549143  0.2074091512673227  
4.6199999999999459  -0.0000000000000000  1.0000000000000000  0.0349425081640324  0.0000298998263540  0.1623390213651453  0.2057691620936284  
4.6299999999999457  -0.0000000000000000  1.0000000000000000  0.0333215633916927  -0.0000836693813223  0.1654669627706688  0.2047679165775893  
4.6399999999999455  -0.0000000000000000  1.0000000000000000  0.0312289577419770  -0.0001322532813420  0.1649897516818651  0.2057066832782835  
4.6499999999999453  -0.0000000000000000  1.0000000000000000  0.0290715638866621  -0.0001013077460813  0.1638224168454630  0.2026157752615050  
4.6599999999999451  -0.0000000000000000  1.0000000000000000  0.0271845420064603  0.0000449716587110  0.1624065773944262  0.2059381113363977  
4.6699999999999449  -0.0000000000000000  1.0000000000000000  0.0255075667663072  0.0001411287844250  0.1618501861977258  0.2019529744402075  
4.6799999999999446  -0.0000000000000000  1.0000000000000000  0.0239911965112470  0.0001698323762049  0.1631409291157266  0.2073063636510179  
4.6899999999999444  -0.0000000000000000  1.0000000000000000  0.0226375631994672  0.0002789505382145  0.1618888038270868  0.1997433700977648  
4.6999999999999442  -0.0000000000000000  1.0000000000000000  0.0215845987296208  0.0003648932818170  0.1602696680186160  0.2056327055186854  
4.7099999999999440  -0.0000000000000000  1.0000000000000000  0.0210193164063193  0.0002137419879204  0.1587160634634353  0.2023721980409607  
4.7199999999999438  -0.0000000000000000  1.0000000000000000  0.0207384167894420  0.0000764649591046  0.1589315818172641  0.2034794217460531  
4.7299999999999436  -0.0000000000000000  1.0000000000000000  0.0204930277482608  -0.0000034824187735  0.1592528587301157  0.2011727907788189  
4.7399999999999434  -0.0000000000000000  1.0000000000000000  0.0203614241108053  -0.0000721898675290  0.1592790339273120  0.2023577456795244  
4.7499999999999432  -0.0000000000000000  1.0000000000000000  0.0203577212310353  -0.0000821374356975  0.1586863104764806  0.2031210310806163  
4.7599999999999429  -0.0000000000000000  1.0000000000000000  0.0202801426830605  -0.0000909692142909  0.1599393673679104  0.1993305696479616  
4.7699999999999427  -0.0000000000000000  1.0000000000000000  0.0202095108629468  0.0000070376024493  0.1592014422935643  0.2036617032322866  
4.7799999999999425  -0.0000000000000000  1.0000000000000000  0.0204158156443410  0.0001516310308926  0.1578794655205881  0.1986131458640765  
4.7899999999999423  -0.0000000000000000  1.0000000000000000  0.0210470041899255  0.0002941148988628  0.1573329050902051  0.2047169160538366  
4.7999999999999421  -0.0000000000000000  1.0000000000000000  0.0220803667218095  0.0003007525902995  0.1559020384794761  0.1996273803237659  
4.8099999999999419  -0.0000000000000000  1.0000000000000000  0.0233185189527601  0.0002242524933449  0.1589810777135204  0.2045583516588462  
4.8199999999999417  -0.0000000000000000  1.0000000000000000  0.0245504574613843  0.0001958427351692  0.1578370995885198  0.1989425588988279  
4.8299999999999415  -0.0000000000000000  1.0000000000000000  0.0256411019944899  0.0001453882048548  0.1594179927093844  0.2026100373433121  
4.8399999999999412  -0.0000000000000000  1.0000000000000000  0.0267547454459289  -0.0000460244972248  0.1587204689419280  0.2018579925107725  
4.8499999999999410  -0.0000000000000000  1.0000000000000000  0.0280046011032539  -0.0001494486669169  0.1588371712023977  0.1991435969714721  
4.8599999999999408  -0.0000000000000000  1.0000000000000000  0.0289813050848319  -0.0000981995858939  0.1602036382244422  0.2018149657535069  
4.8699999999999406  -0.0000000000000000  1.0000000000000000  0.0295991352344691  -0.0000313498169585  0.1612887471661129  0.1987476105745196  
4.8799999999999404  -0.0000000000000000  1.0000000000000000  0.0302640827315455  0.0000743696600042  0.1590919618785289  0.2032837368461832  
4.8899999999999402  -0.0000000000000000  1.0000000000000000  0.0310351426883613  0.0001510771454063  0.1592603129305001  0.1973210917367752  
4.8999999999999400  -0.0000000000000000  1.0000000000000000  0.0318953177443552  0.0002493135000006  0.1588673525082590  0.2021465656229328  
4.9099999999999397  -0.0000000000000000  1.0000000000000000  0.0329733076720212  0.0002890227111190  0.1577650676731444  0.1972239822966540  
4.9199999999999395  -0.0000000000000000  1.0000000000000000  0.0342940442686055  0.0003237521515537  0.1606222872244735  0.2012450335477983  
4.9299999999999393  -0.0000000000000000  1.0000000000000000  0.0358250156972794  0.0001429274924837  0.1576519884688849  0.1993460591754604  
4.9399999999999391  -0.0000000000000000  1.0000000000000000  0.0373682354337868  -0.0000127874955610  0.1582503733151886  0.1982074391203057  
4.9499999999999389  -0.0000000000000000  1.0000000000000000  0.0386866319812331  -0.0000247348257434  0.1597849612707869  0.1974098533171982  
4.9599999999999387  -0.0000000000000000  1.0000000000000000  0.0398460321238698  -0.0000733476318729  0.1594528544125355  0.1967682368994222  
4.9699999999999385  -0.0000000000000000  1.0000000000000000  0.0411519855197462  -0.0001250518104243  0.1577328058222596  0.1993479425081071  
4.9799999999999383  -0.0000000000000000  1.0000000000000000  0.0427428560374256  -0.0000597313562312  0.1569180969147553  0.1936718532149277  
4.9899999999999380  -0.0000000000000000  1.0000000000000000  0.0444925539565445  0.0000901949499981  0.1575439320350540  0.2003593073964384  
4.9999999999999378  -0.0000000000000000  1.0000000000000000  0.0463596817617743  0.0002229040235330  0.1572022920169805  0.1936876526705361  