Time  Coordinate0  Coordinate1  Displacement0  Displacement1  Force0  Force1  
0.0100000000000000  0.0000000000000000  1.0000000000000000  0.0000091056235562  0.0000138482211758  -0.0171966146063652  16.0223152923337118  
0.0200000000000000  0.0000000000000000  1.0000000000000000  0.0000479416139960  0.0000348091456841  -0.0213256730127307  19.1774850872930287  
0.0300000000000000  0.0000000000000000  1.0000000000000000  0.0001298057200484  0.0000567192334351  -0.0212118475866305  20.2704447382045707  
0.0400000000000000  0.0000000000000000  1.0000000000000000  0.0002543697933369  0.0000799285422680  -0.0235276801831297  20.5629168131039819  
0.0500000000000000  0.0000000000000000  1.0000000000000000  0.0004217123025839  0.0000999264558425  -0.0268553762020148  21.1333367799249530  
0.0600000000000000  0.0000000000000000  1.0000000000000000  0.0006284556301005  0.0001136502586748  -0.0345042933628772  21.9663989625855933  
0.0700000000000000  0.0000000000000000  1.0000000000000000  0.0008686805703625  0.0001129397236070  -0.0449168429281093  22.8787255967524601  
0.0800000000000000  0.0000000000000000  1.0000000000000000  0.0011474500322044  0.0000970980288538  -0.0615656903474597  23.7834544618272794  
0.0900000000000000  0.0000000000000000  1.0000000000000000  0.0014928319878431  0.0000735199609545  -0.0814570604564530  24.6667357248020416  
0.1000000000000000  0.0000000000000000  1.0000000000000000  0.0019535003935083  0.0000562527272436  -0.0944588333146521  25.5318613424808234  
0.1100000000000000  0.0000000000000000  1.0000000000000000  0.0025640965714958  0.0000513639307720  -0.0924209473903291  26.3792941546026967  
0.1200000000000000  0.0000000000000000  1.0000000000000000  0.0033243424855039  0.0000548554962050  -0.0774709447838944  27.2049587527461512  
0.1300000000000000  0.0000000000000000  1.0000000000000000  0.0042221978233794  0.0000667667146711  -0.0531074620010227  28.0105700902290771  
0.1400000000000000  0.0000000000000000  1.0000000000000000  0.0052594224220238  0.0000921080019393  -0.0178174444049491  28.7879023670487726  
0.1500000000000000  0.0000000000000000  1.0000000000000000  0.0064369942337935  0.0001228447882033  0.0312014055834098  29.5387153935491753  
0.1600000000000000  0.0000000000000000  1.0000000000000000  0.0077430363815545  0.0001416496160501  0.0902888222544281  30.2639144695689062  
0.1700000000000000  0.0000000000000000  1.0000000000000000  0.0091685035979771  0.0001435949296683  0.1582676062831715  30.9643632067193693  
0.1800000000000000  0.0000000000000000  1.0000000000000000  0.0107098272223585  0.0001370581083557  0.2363492026391678  31.6357807291114632  
0.1900000000000000  0.0000000000000000  1.0000000000000000  0.0123583791621674  0.0001220479998290  0.3221550583111877  32.2767457785801284  
0.2000000000000000  0.0000000000000000  1.0000000000000000  0.0141086774554949  0.0001020330133709  0.4145859703798727  32.8930265426591291  
0.2100000000000000  0.0000000000000000  1.0000000000000000  0.0159645077573162  0.0000823798186493  0.5195850272990851  33.4816165836628343  
0.2200000000000001  0.0000000000000000  1.0000000000000000  0.0179310753328018  0.0000726452246332  0.6325509032340160  34.0469542705879178  
0.2300000000000001  0.0000000000000000  1.0000000000000000  0.0200132866670190  0.0000798486894010  0.7609259722436452  34.5874211329521799  
0.2400000000000001  0.0000000000000000  1.0000000000000000  0.0222025398037842  0.0001031207672779  0.9158231650508440  35.1122019077032590  
0.2500000000000001  0.0000000000000000  1.0000000000000000  0.0244646719932611  0.0001256779855067  1.0695973549834425  35.6239310674334106  
0.2600000000000001  0.0000000000000000  1.0000000000000000  0.0267583863649665  0.0001434961492524  1.2127899712339021  35.9195098770801309  
0.2700000000000001  0.0000000000000000  1.0000000000000000  0.0290601312142057  0.0001604433596390  1.3535970956460146  36.4865483605477365  
0.2800000000000001  0.0000000000000000  1.0000000000000000  0.0313725305098333  0.0001657655849657  1.4852274113485902  36.9683185268587735  
0.2900000000000001  0.0000000000000000  1.0000000000000000  0.0337093833906807  0.0001518486285929  1.6140401451138364  37.4078441923857667  
0.3000000000000001  0.0000000000000000  1.0000000000000000  0.0360726812549311  0.0001274484020905  1.7399799534682312  37.8113246555482903  
0.3100000000000001  0.0000000000000000  1.0000000000000000  0.0384599642236634  0.0001047610114383  1.8594967849551640  38.1817790333287235  
0.3200000000000001  0.0000000000000000  1.0000000000000000  0.0408848896155858  0.0000906525985508  1.9757154788777087  38.5196544048816563  
0.3300000000000001  0.0000000000000000  1.0000000000000000  0.0433665527506621  0.0000873559769929  2.0972592652059499  38.8306273237675157  
0.3400000000000001  0.0000000000000000  1.0000000000000000  0.0459135569344013  0.0000928446343578  2.2249475134086376  39.1168347103117640  
0.3500000000000001  0.0000000000000000  1.0000000000000000  0.0485286198457716  0.0001100970195758  2.3587144946087251  39.3830346911974161  
0.3600000000000002  0.0000000000000000  1.0000000000000000  0.0512161784822480  0.0001366096320364  2.5002504467209410  39.6289081897960500  
0.3700000000000002  0.0000000000000000  1.0000000000000000  0.0539725788706244  0.0001601462882792  2.6516171411021698  39.8555632189356217  
0.3800000000000002  0.0000000000000000  1.0000000000000000  0.0567804505402813  0.0001680114740822  2.8141087663509041  40.0668486530065451  
0.3900000000000002  0.0000000000000000  1.0000000000000000  0.0596273750645798  0.0001595958741918  2.9544022690242167  40.2597303411453495  
0.4000000000000002  0.0000000000000000  1.0000000000000000  0.0625258746147619  0.0001463838868071  3.1023860710918529  40.4334544113278653  
0.4100000000000002  0.0000000000000000  1.0000000000000000  0.0655023334721229  0.0001274372407175  3.2570566553203357  40.5844238479645369  
0.4200000000000002  0.0000000000000000  1.0000000000000000  0.0685800997884942  0.0001010823810635  3.4280392786980243  40.7170271620494901  
0.4300000000000002  0.0000000000000000  1.0000000000000000  0.0717666517706988  0.0000834651860710  3.6183893728830920  40.8332548705085827  
0.4400000000000002  0.0000000000000000  1.0000000000000000  0.0750486719275579  0.0000825185914636  3.8227100816073496  40.9323850331712507  
0.4500000000000002  0.0000000000000000  1.0000000000000000  0.0784030975005271  0.0000956388128280  4.0457127216307267  41.0187516183037815  
0.4600000000000002  0.0000000000000000  1.0000000000000000  0.0818181913132331  0.0001171681337229  4.2707977604943173  41.0911228465584983  
0.4700000000000003  0.0000000000000000  1.0000000000000000  0.0852862954111595  0.0001370869765746  4.5073953057313343  41.1516277336242382  
0.4800000000000003  0.0000000000000000  1.0000000000000000  0.0887805386842634  0.0001515044659028  4.7486165963666735  41.1991257831021613  
0.4900000000000003  0.0000000000000000  1.0000000000000000  0.0922664905121307  0.0001615689845340  4.9839959064079808  41.2361212069756604  
0.5000000000000002  0.0000000000000000  1.0000000000000000  0.0957245873537363  0.0001560687132663  5.2103775671745813  41.2570492554948629  
0.5100000000000002  0.0000000000000000  1.0000000000000000  0.0991429879712200  0.0001327297168089  5.4266457511627006  41.2649994124191437  
0.5200000000000002  0.0000000000000000  1.0000000000000000  0.1025125713798438  0.0001052124714031  5.6266452568908498  41.2569048310208899  
0.5300000000000002  0.0000000000000000  1.0000000000000000  0.1058341356965673  0.0000870765694939  5.8222036298862143  41.2328800975850882  
0.5400000000000003  0.0000000000000000  1.0000000000000000  0.1091161744620588  0.0000776740726911  6.0118630972251088  41.1952463219795604  
0.5500000000000003  0.0000000000000000  1.0000000000000000  0.1123653377551178  0.0000755709772228  6.2072632195368342  41.1440193972417418  
0.5600000000000003  0.0000000000000000  1.0000000000000000  0.1155638467879498  0.0000872031951483  6.3973797945131450  41.0834139074460012  
0.5700000000000003  0.0000000000000000  1.0000000000000000  0.1186749784003395  0.0001100896626210  6.5694162349137946  41.0122406879926871  
0.5800000000000003  0.0000000000000000  1.0000000000000000  0.1216751842724918  0.0001349538839922  6.7188023869849411  40.9343248694626922  
0.5900000000000003  0.0000000000000000  1.0000000000000000  0.1245655156907787  0.0001494657691898  6.8568970078477447  40.8447012724297949  
0.6000000000000003  0.0000000000000000  1.0000000000000000  0.1273526231527484  0.0001481182870234  6.9708433873255435  40.7445587087215912  
0.6100000000000003  0.0000000000000000  1.0000000000000000  0.1300434697330914  0.0001358298871197  7.0797181052688609  40.6334260308667794  
0.6200000000000003  0.0000000000000000  1.0000000000000000  0.1326434662566403  0.0001182102720929  7.1725996604081335  40.5104555126822135  
0.6300000000000003  0.0000000000000000  1.0000000000000000  0.1351590301741851  0.0000959763542347  7.2528101101953233  40.3770302345163898  
0.6400000000000003  0.0000000000000000  1.0000000000000000  0.1376061423870189  0.0000715151345023  7.3271744113481825  40.2322374686220030  
0.6500000000000004  0.0000000000000000  1.0000000000000000  0.1400110220576424  0.0000602324471099  7.4028846437060549  40.0779046083693871  
0.6600000000000004  0.0000000000000000  1.0000000000000000  0.1423892388813967  0.0000704550397876  7.4864245692955729  39.9141578712438019  
0.6700000000000004  0.0000000000000000  1.0000000000000000  0.1447370396504976  0.0000882752301428  7.5760767939194755  39.7460420142113549  
0.6800000000000004  0.0000000000000000  1.0000000000000000  0.1470449145569942  0.0001069102377405  7.6694239881358532  39.5754793010803851  
0.6900000000000004  0.0000000000000000  1.0000000000000000  0.1493004700570677  0.0001269037465283  7.7643210688698847  39.4000694331303052  
0.7000000000000004  0.0000000000000000  1.0000000000000000  0.1514810160500634  0.0001394819152426  7.8517972654893065  39.2215708915304404  
0.7100000000000004  0.0000000000000000  1.0000000000000000  0.1535676173565513  0.0001407382234575  7.9319830104684792  39.0405547400497994  
0.7200000000000004  0.0000000000000000  1.0000000000000000  0.1555671074141116  0.0001263132132674  8.0009306207765114  38.8570354514561203  
0.7300000000000004  0.0000000000000000  1.0000000000000000  0.1575017122032134  0.0000988348882829  8.0736953914382141  38.6666698755744278  
0.7400000000000004  0.0000000000000000  1.0000000000000000  0.1593767428310750  0.0000753144271024  8.1514467704074178  38.4744716853649820  
0.7500000000000004  0.0000000000000000  1.0000000000000000  0.1611726986444733  0.0000625158920057  8.2287446881562669  38.2792350620575164  
0.7600000000000005  0.0000000000000000  1.0000000000000000  0.1628726040758276  0.0000575718527238  8.3057341706533627  38.0870262378376907  
0.7700000000000005  0.0000000000000000  1.0000000000000000  0.1644668345369802  0.0000612368697793  8.3771324876613935  37.8953138436659316  
0.7800000000000005  0.0000000000000000  1.0000000000000000  0.1659447296371405  0.0000795815771542  8.4437035580270408  37.7047508094763444  
0.7900000000000005  0.0000000000000000  1.0000000000000000  0.1672891900612928  0.0001071576696368  8.5055815924566360  37.5180694809669077  
0.8000000000000005  0.0000000000000000  1.0000000000000000  0.1684716334616139  0.0001269183849387  8.5560305066955831  37.3359049253984949  
0.8100000000000005  0.0000000000000000  1.0000000000000000  0.1694634949344545  0.0001318501445564  8.5860819472681857  37.1595548898900461  
0.8200000000000005  0.0000000000000000  1.0000000000000000  0.1702502732142330  0.0001257657455928  8.5941319253326256  36.9826377257900205  
0.8300000000000005  0.0000000000000000  1.0000000000000000  0.1708288884333622  0.0001115145214888  8.5781267964008130  36.8079573924174781  
0.8400000000000005  0.0000000000000000  1.0000000000000000  0.1712114131569945  0.0000895571821426  8.5421676275378715  36.6337099073504504  
0.8500000000000005  0.0000000000000000  1.0000000000000000  0.1714179647221167  0.0000662881395003  8.4975512639760993  36.4615816692859838  
0.8600000000000005  0.0000000000000000  1.0000000000000000  0.1714658468037112  0.0000485857087894  8.4503913815216389  36.3007661263693180  
0.8700000000000006  0.0000000000000000  1.0000000000000000  0.1713673632906462  0.0000476944429421  8.3882765727829902  36.1075929263272073  
0.8800000000000006  0.0000000000000000  1.0000000000000000  0.1711187475922503  0.0000653348311398  8.3292744978717010  35.9549176621838882  
0.8900000000000006  0.0000000000000000  1.0000000000000000  0.1707023189454619  0.0000851468682000  8.2592447276098540  35.7900238737000720  
0.9000000000000006  0.0000000000000000  1.0000000000000000  0.1701128935329608  0.0001030865368106  8.1713936991249732  35.6338227755987660  
0.9100000000000006  0.0000000000000000  1.0000000000000000  0.1693720922768368  0.0001218070215585  8.0758667486519986  35.4770513284161240  
0.9200000000000006  0.0000000000000000  1.0000000000000000  0.1684972057860106  0.0001316048357104  7.9763540482001494  35.3228052580893745  
0.9300000000000006  0.0000000000000000  1.0000000000000000  0.1674848442199214  0.0001229470410666  7.8719047925156591  35.1716862889730706  
0.9400000000000006  0.0000000000000000  1.0000000000000000  0.1663383569527410  0.0001007065576314  7.7598192075841785  35.0227775712119112  
0.9500000000000006  0.0000000000000000  1.0000000000000000  0.1650806008841259  0.0000766182013980  7.6430911887244113  34.8727836350204683  
0.9600000000000006  0.0000000000000000  1.0000000000000000  0.1637371794727042  0.0000581193554453  7.5290821079857180  34.7211467220179273  
0.9700000000000006  0.0000000000000000  1.0000000000000000  0.1623286452909474  0.0000498952194549  7.4237431877883076  34.5731268347094840  
0.9800000000000006  0.0000000000000000  1.0000000000000000  0.1608642685769571  0.0000506665523317  7.3278567062286308  34.4272646501921358  
0.9900000000000007  0.0000000000000000  1.0000000000000000  0.1593396784099836  0.0000620064064733  7.2438820004777957  34.2869648409668528  
1.0000000000000007  0.0000000000000000  1.0000000000000000  0.1577375366414759  0.0000874468599290  7.1630819114820206  34.1492698777369768  
1.0100000000000007  0.0000000000000000  1.0000000000000000  0.1560326407392349  0.0001138923240539  7.0802562630035197  34.0173540964497647  
1.0200000000000007  0.0000000000000000  1.0000000000000000  0.1542047118659968  0.0001263116397796  6.9900009248045150  33.8911047177433602  
1.0300000000000007  0.0000000000000000  1.0000000000000000  0.1522461096062192  0.0001245964057658  6.8898963493107619  33.7692954030476713  
1.0400000000000007  0.0000000000000000  1.0000000000000000  0.1501624384725994  0.0001147796142320  6.7843733021491506  33.6477311576563949  
1.0500000000000007  0.0000000000000000  1.0000000000000000  0.1479652802127000  0.0000988848636455  6.6747769461981870  33.5280681764435045  
1.0600000000000007  0.0000000000000000  1.0000000000000000  0.1456559982789472  0.0000734920926993  6.5624812397258712  33.4113362314763833  
1.0700000000000007  0.0000000000000000  1.0000000000000000  0.1432209530824337  0.0000517695035285  6.4482629091243622  33.2971261683555113  
1.0800000000000007  0.0000000000000000  1.0000000000000000  0.1406540835296926  0.0000457946752395  6.3210889379448041  33.1850362514162356  
1.0900000000000007  0.0000000000000000  1.0000000000000000  0.1379654996587418  0.0000541474932120  6.1862324557477280  33.0739884809288256  
1.1000000000000008  0.0000000000000000  1.0000000000000000  0.1351629787103795  0.0000743599178560  6.0550529386452459  32.9681549722134335  
1.1100000000000008  0.0000000000000000  1.0000000000000000  0.1322337812870736  0.0000957263775946  5.9140127943252034  32.8661990111977147  
1.1200000000000008  0.0000000000000000  1.0000000000000000  0.1291543663847592  0.0001132376677426  5.7635234466893239  32.7687350645548605  
1.1300000000000008  0.0000000000000000  1.0000000000000000  0.1259160421436331  0.0001292848613600  5.5915261077878355  32.6736791584609847  
1.1400000000000008  0.0000000000000000  1.0000000000000000  0.1225305279981858  0.0001319370080416  5.4073381923906103  32.5768903644907368  
1.1500000000000008  0.0000000000000000  1.0000000000000000  0.1190133329995241  0.0001139788031523  5.2090285515627590  32.4825699956164158  
1.1600000000000008  0.0000000000000000  1.0000000000000000  0.1153892774172296  0.0000891411811035  5.0009992259770186  32.3855511261243620  
1.1700000000000008  0.0000000000000000  1.0000000000000000  0.1116977733222250  0.0000699690123009  4.7924970337082264  32.2866916535798012  
1.1800000000000008  0.0000000000000000  1.0000000000000000  0.1079699185046811  0.0000573587815083  4.5896106715881260  32.1842656751013223  
1.1900000000000008  0.0000000000000000  1.0000000000000000  0.1042145944766932  0.0000527320045176  4.3920800220641834  32.0838433043306637  
1.2000000000000008  0.0000000000000000  1.0000000000000000  0.1004339554944401  0.0000601276084020  4.1967677208752319  31.9837458906492493  
1.2100000000000009  0.0000000000000000  1.0000000000000000  0.0966341451419419  0.0000813454488005  4.0021458625661017  31.8842679876879060  
1.2200000000000009  0.0000000000000000  1.0000000000000000  0.0928231251297452  0.0001086330431299  3.8137480366957588  31.7859218024846868  
1.2300000000000009  0.0000000000000000  1.0000000000000000  0.0890151113914297  0.0001291800487736  3.6287930354565567  31.6883138990574729  
1.2400000000000009  0.0000000000000000  1.0000000000000000  0.0852180678533908  0.0001350780516765  3.4518447219700450  31.5937661098027007  
1.2500000000000009  0.0000000000000000  1.0000000000000000  0.0814229645478895  0.0001280059526378  3.2742852719310718  31.4980094050735211  
1.2600000000000009  0.0000000000000000  1.0000000000000000  0.0776283186731841  0.0001159241434028  3.0987679063412941  31.4024358157985439  
1.2700000000000009  0.0000000000000000  1.0000000000000000  0.0738562035825622  0.0000957693884490  2.9249654338207223  31.3033465135521425  
1.2800000000000009  0.0000000000000000  1.0000000000000000  0.0701341506954232  0.0000703292004571  2.7624800588384719  31.2045009457365872  
1.2900000000000009  0.0000000000000000  1.0000000000000000  0.0664755605541910  0.0000552459334034  2.6124644698211523  31.1054817559794365  
1.3000000000000009  0.0000000000000000  1.0000000000000000  0.0628735414463841  0.0000598477399520  2.4759930283137672  31.0065027424614605  
1.3100000000000009  0.0000000000000000  1.0000000000000000  0.0593137766484626  0.0000759721371932  2.3449802479156920  30.9115338862024842  
1.3200000000000010  0.0000000000000000  1.0000000000000000  0.0557808934957788  0.0000948582964322  2.2182000424006345  30.8192418528294958  
1.3300000000000010  0.0000000000000000  1.0000000000000000  0.0522502853268563  0.0001169967640255  2.0885000056051273  30.7318331792062764  
1.3400000000000010  0.0000000000000000  1.0000000000000000  0.0487016045435881  0.0001349684472997  1.9532903876275773  30.6449966831853793  
1.3500000000000010  0.0000000000000000  1.0000000000000000  0.0451367084981167  0.0001429975521269  1.8098880209694888  30.5612359923969059  
1.3600000000000010  0.0000000000000000  1.0000000000000000  0.0415695006376588  0.0001362281415251  1.6533501028969841  30.4768754211451558  
1.3700000000000010  0.0000000000000000  1.0000000000000000  0.0380053720400845  0.0001127042545236  1.5056073151349165  30.3911522704076162  
1.3800000000000010  0.0000000000000000  1.0000000000000000  0.0344410488107091  0.0000887175871023  1.3537156080250208  30.3061189935489637  
1.3900000000000010  0.0000000000000000  1.0000000000000000  0.0308834372776567  0.0000745840260225  1.1966641783609029  30.2169532366634108  
1.4000000000000010  0.0000000000000000  1.0000000000000000  0.0273530269080609  0.0000663006365782  1.0389898966468056  30.1277332906440485  
1.4100000000000010  0.0000000000000000  1.0000000000000000  0.0238704066078495  0.0000658167663079  0.8856688387991382  30.0375736561574378  
1.4200000000000010  0.0000000000000000  1.0000000000000000  0.0204459990821518  0.0000816979272766  0.7292623655851329  29.9495451801862451  
1.4300000000000010  0.0000000000000000  1.0000000000000000  0.0170746935954842  0.0001088914518116  0.5849901035265259  29.8617124205517470  
1.4400000000000011  0.0000000000000000  1.0000000000000000  0.0137429507952424  0.0001331029164551  0.4346036944031905  29.7774081778581596  
1.4500000000000011  0.0000000000000000  1.0000000000000000  0.0104504389903659  0.0001452330585459  0.2821507111727120  29.6941081888926774  
1.4600000000000011  0.0000000000000000  1.0000000000000000  0.0072195194443674  0.0001445125718185  0.1289872379118217  29.6094780198767715  
1.4700000000000011  0.0000000000000000  1.0000000000000000  0.0040788343932988  0.0001353669838950  -0.0196087615949069  29.5231736229309867  
1.4800000000000011  0.0000000000000000  1.0000000000000000  0.0010506616792146  0.0001173270819630  -0.1618017307401492  29.4341619839952919  
1.4900000000000011  0.0000000000000000  1.0000000000000000  -0.0018373607932858  0.0000939132507500  -0.2937778705546056  29.3449027952251207  
1.5000000000000011  0.0000000000000000  1.0000000000000000  -0.0045580141359222  0.0000731308872702  -0.4086484174502529  29.2540625564741461  
1.5100000000000011  0.0000000000000000  1.0000000000000000  -0.0071082819141038  0.0000663267897792  -0.5088476665187754  29.1631822765156805  
1.5200000000000011  0.0000000000000000  1.0000000000000000  -0.0094969162697684  0.0000797860686300  -0.5992966876126995  29.0748429532706076  
1.5300000000000011  0.0000000000000000  1.0000000000000000  -0.0117196493008495  0.0000983601696282  -0.6784502858990631  28.9890019737089801  
1.5400000000000011  0.0000000000000000  1.0000000000000000  -0.0137707266291081  0.0001160889087129  -0.7383685287802247  28.7830992467370486  
1.5500000000000012  0.0000000000000000  1.0000000000000000  -0.0156579032335766  0.0001376166226699  -0.7956037282388270  28.8791349424244608  
1.5600000000000012  0.0000000000000000  1.0000000000000000  -0.0174031800836177  0.0001521532568611  -0.8456017894548140  28.9372577190174702  
1.5700000000000012  0.0000000000000000  1.0000000000000000  -0.0190290858509404  0.0001496941562259  -0.8963319413147276  28.9954663633169254  
1.5800000000000012  0.0000000000000000  1.0000000000000000  -0.0205344529730146  0.0001322271955701  -0.9465334063946469  29.0561504401263733  
1.5900000000000012  0.0000000000000000  1.0000000000000000  -0.0219028775058953  0.0001077321848593  -0.9929873441670476  29.1114594685141412  
1.6000000000000012  0.0000000000000000  1.0000000000000000  -0.0231230383846239  0.0000873775746681  -1.0281000666990905  29.1591714688945132  
1.6100000000000012  0.0000000000000000  1.0000000000000000  -0.0241939461978737  0.0000756287736065  -1.0524692882133011  29.1976567202780615  
1.6200000000000012  0.0000000000000000  1.0000000000000000  -0.0251274090927961  0.0000719379234662  -1.0690404002250540  29.2288027603825640  
1.6300000000000012  0.0000000000000000  1.0000000000000000  -0.0259447894718807  0.0000781839091763  -1.0823182106197577  29.2535011568318311  
1.6400000000000012  0.0000000000000000  1.0000000000000000  -0.0266645343367603  0.0001001569554864  -1.0961607450989537  29.2728688760094720  
1.6500000000000012  0.0000000000000000  1.0000000000000000  -0.0272993214116866  0.0001285019061015  -1.1120907895322707  29.2910578116359765  
1.6600000000000013  0.0000000000000000  1.0000000000000000  -0.0278590126175809  0.0001449079149840  -1.1328061893898584  29.3083022510165421  
1.6700000000000013  0.0000000000000000  1.0000000000000000  -0.0283445838989020  0.0001480745956680  -1.1683441665053791  29.3240524938224247  
1.6800000000000013  0.0000000000000000  1.0000000000000000  -0.0287418394834805  0.0001428836622033  -1.1946780450789170  29.3286354772573183  
1.6900000000000013  0.0000000000000000  1.0000000000000000  -0.0290431197002170  0.0001291676327637  -1.2207741757988884  29.3223505061742706  
1.7000000000000013  0.0000000000000000  1.0000000000000000  -0.0292486632493464  0.0001061943113787  -1.2490688632072913  29.3061459688596102  
1.7100000000000013  0.0000000000000000  1.0000000000000000  -0.0293414491564446  0.0000815547094146  -1.2771748912846359  29.2760595013787963  
1.7200000000000013  0.0000000000000000  1.0000000000000000  -0.0292856232572975  0.0000687370784784  -1.2955257888471083  29.2273521565306389  
1.7300000000000013  0.0000000000000000  1.0000000000000000  -0.0290564308418770  0.0000721425145207  -1.2976911176258163  29.1563231640765217  
1.7400000000000013  0.0000000000000000  1.0000000000000000  -0.0286599219403891  0.0000878722446437  -1.2873052790481785  29.0715176664508483  
1.7500000000000013  0.0000000000000000  1.0000000000000000  -0.0281130791903514  0.0001080278591525  -1.2718942712176093  28.9779010042793495  
1.7600000000000013  0.0000000000000000  1.0000000000000000  -0.0274226390866318  0.0001257165392538  -1.2509311577775315  28.8777941465759156  
1.7700000000000014  0.0000000000000000  1.0000000000000000  -0.0265870641418657  0.0001439585511255  -1.2265236036690375  28.7701261515603051  
1.7800000000000014  0.0000000000000000  1.0000000000000000  -0.0255992935643435  0.0001526243010338  -1.1867201687000579  28.6565959402474739  
1.7900000000000014  0.0000000000000000  1.0000000000000000  -0.0244437362006696  0.0001389460874360  -1.1471778348119912  28.5387420824137266  
1.8000000000000014  0.0000000000000000  1.0000000000000000  -0.0231095720636517  0.0001154065620164  -1.0959341252391310  28.4148200279430441  
1.8100000000000014  0.0000000000000000  1.0000000000000000  -0.0215909016416254  0.0000941330500258  -1.0326358580328985  28.2848294651319492  
1.8200000000000014  0.0000000000000000  1.0000000000000000  -0.0198862607292722  0.0000772101749835  -0.9534925434788923  28.1554800174623843  
1.8300000000000014  0.0000000000000000  1.0000000000000000  -0.0180039305561963  0.0000675672853103  -0.8665242286589517  28.0344048413617379  
1.8400000000000014  0.0000000000000000  1.0000000000000000  -0.0159571175703153  0.0000689004791689  -0.7710327245454028  27.9238111316602264  
1.8500000000000014  0.0000000000000000  1.0000000000000000  -0.0137557116690701  0.0000837838165072  -0.6674143062636845  27.8301189539034155  
1.8600000000000014  0.0000000000000000  1.0000000000000000  -0.0114140156108920  0.0001095241507089  -0.5560169773884989  27.7564383622235376  
1.8700000000000014  0.0000000000000000  1.0000000000000000  -0.0089590919002545  0.0001326766845728  -0.4356396896936500  27.5723543724078901  
1.8800000000000014  0.0000000000000000  1.0000000000000000  -0.0064278049071802  0.0001412074472986  -0.3229056544027294  27.6400206274267646  
1.8900000000000015  0.0000000000000000  1.0000000000000000  -0.0038477096952779  0.0001380989241622  -0.2172234592181610  27.6698911847554783  
1.9000000000000015  0.0000000000000000  1.0000000000000000  -0.0012155154646964  0.0001279467337254  -0.1164488311756704  27.6898925533119105  
1.9100000000000015  0.0000000000000000  1.0000000000000000  0.0014891797384178  0.0001092541023464  -0.0123240059055092  27.7079779882059007  
1.9200000000000015  0.0000000000000000  1.0000000000000000  0.0042689531244467  0.0000819554529294  0.0957559024591089  27.7276384025518219  
1.9300000000000015  0.0000000000000000  1.0000000000000000  0.0071110344105323  0.0000606519279186  0.2043063951202463  27.7491868228981033  
1.9400000000000015  0.0000000000000000  1.0000000000000000  0.0100099619212526  0.0000587169947343  0.3136459973225826  27.7733867343167482  
1.9500000000000015  0.0000000000000000  1.0000000000000000  0.0129584582167416  0.0000689421391499  0.4242948442581067  27.7999254010497943  
1.9600000000000015  0.0000000000000000  1.0000000000000000  0.0159407940455847  0.0000859825702682  0.5353297858968386  27.8331924592720164  
1.9700000000000015  0.0000000000000000  1.0000000000000000  0.0189481382006020  0.0001063657083181  0.6394595847501674  27.8723493121606651  
1.9800000000000015  0.0000000000000000  1.0000000000000000  0.0219834212168326  0.0001254509202270  0.7416218811376293  27.9147654618184973  
1.9900000000000015  0.0000000000000000  1.0000000000000000  0.0250472375085177  0.0001383191407096  0.8504517097461780  27.9617838712789712  
2.0000000000000013  0.0000000000000000  1.0000000000000000  0.0281421223388567  0.0001358306925194  0.9498169232954243  28.0102561621396440  
2.0100000000000011  0.0000000000000000  1.0000000000000000  0.0312734806804549  0.0001154473102240  1.0483120372515238  28.0630249089338086  
2.0200000000000009  0.0000000000000000  1.0000000000000000  0.0344521635593729  0.0000894358466361  1.1466241189079229  28.1153737916885405  
2.0300000000000007  0.0000000000000000  1.0000000000000000  0.0377012500748101  0.0000722696787892  1.2505341384927822  28.1678385850974493  
2.0400000000000005  0.0000000000000000  1.0000000000000000  0.0410465121908449  0.0000593415401628  1.3671577678226450  28.2212333298927014  
2.0500000000000003  0.0000000000000000  1.0000000000000000  0.0444977147782122  0.0000525557511558  1.4998373873036062  28.2794298188444522  
2.0600000000000001  0.0000000000000000  1.0000000000000000  0.0480363226945953  0.0000623917613476  1.6547526799340717  28.3427400139785171  
2.0699999999999998  0.0000000000000000  1.0000000000000000  0.0516300859145448  0.0000857967191483  1.8003947224451207  28.4079537364203567  
2.0799999999999996  0.0000000000000000  1.0000000000000000  0.0552650346148293  0.0001106527863147  1.9535945965178543  28.4800525543923513  
2.0899999999999994  0.0000000000000000  1.0000000000000000  0.0589401528191452  0.0001263037852375  2.1092019021151716  28.5549018235250145  
2.0999999999999992  0.0000000000000000  1.0000000000000000  0.0626477219377348  0.0001290080277896  2.2696298997549031  28.6344640716514718  
2.1099999999999990  0.0000000000000000  1.0000000000000000  0.0663778146744517  0.0001217584523018  2.4327822060206694  28.7149782984345059  
2.1199999999999988  0.0000000000000000  1.0000000000000000  0.0701244860405133  0.0001071520695095  2.5990983527699778  28.7976422652806683  
2.1299999999999986  0.0000000000000000  1.0000000000000000  0.0738856185332274  0.0000829864452820  2.7706828840827669  28.8812665148770016  
2.1399999999999983  0.0000000000000000  1.0000000000000000  0.0776509209289596  0.0000574662969007  2.9468695266383178  28.9665470080010365  
2.1499999999999981  0.0000000000000000  1.0000000000000000  0.0814034345187814  0.0000450607194912  3.1241171423469316  29.0542748873736763  
2.1599999999999979  0.0000000000000000  1.0000000000000000  0.0851327875838315  0.0000512727025937  3.3008611596013453  29.1426982931440222  
2.1699999999999977  0.0000000000000000  1.0000000000000000  0.0888308919939053  0.0000673744138257  3.4827124217241381  29.2370859691047187  
2.1799999999999975  0.0000000000000000  1.0000000000000000  0.0924716166869476  0.0000834391344334  3.6656459115248441  29.3342630539456906  
2.1899999999999973  0.0000000000000000  1.0000000000000000  0.0960169338547145  0.0001051145932190  3.8377010400262019  29.4369906847024403  
2.1999999999999971  0.0000000000000000  1.0000000000000000  0.0994407209052705  0.0001241622080819  3.9929596158885081  29.5400923428848472  
2.2099999999999969  0.0000000000000000  1.0000000000000000  0.1027376862693522  0.0001267390680501  4.1381961041640327  29.6452944698685812  
2.2199999999999966  0.0000000000000000  1.0000000000000000  0.1059188197853285  0.0001147843529129  4.2679617910294230  29.7517759273660403  
2.2299999999999964  0.0000000000000000  1.0000000000000000  0.1090069176161601  0.0000910706753618  4.3968320600379123  29.8561235835162471  
2.2399999999999962  0.0000000000000000  1.0000000000000000  0.1120134431712895  0.0000682611745259  4.5235910341172669  29.9614273808874927  
2.2499999999999960  0.0000000000000000  1.0000000000000000  0.1149309682419253  0.0000538761419236  4.6424960379715721  30.0648695057566471  
2.2599999999999958  0.0000000000000000  1.0000000000000000  0.1177609156119392  0.0000447877929404  4.7594055013959577  30.1699123503165865  
2.2699999999999956  0.0000000000000000  1.0000000000000000  0.1205146132993618  0.0000454551374673  4.8769234123460556  30.2759463812984038  
2.2799999999999954  0.0000000000000000  1.0000000000000000  0.1231912100522814  0.0000635126248862  4.9918211131918104  30.3822902239008954  
2.2899999999999952  0.0000000000000000  1.0000000000000000  0.1257837852674814  0.0000916654633599  5.1033515152485682  30.4905568802298816  
2.2999999999999949  0.0000000000000000  1.0000000000000000  0.1282932654866877  0.0001118854712540  5.2116907870488625  30.6011576285826656  
2.3099999999999947  0.0000000000000000  1.0000000000000000  0.1307226584428131  0.0001195971085284  5.3169125171745382  30.7134143439116016  
2.3199999999999945  0.0000000000000000  1.0000000000000000  0.1330712100496626  0.0001188153470739  5.4237219239268271  30.8233124910639233  
2.3299999999999943  0.0000000000000000  1.0000000000000000  0.1353374763167442  0.0001084474879898  5.5235684180320899  30.9321782980304825  
2.3399999999999941  0.0000000000000000  1.0000000000000000  0.1375364693256371  0.0000873363930157  5.6220345835445187  31.0399234900358216  
2.3499999999999939  0.0000000000000000  1.0000000000000000  0.1396961602015131  0.0000616510680603  5.7267767288905036  31.1464372918139745  
2.3599999999999937  0.0000000000000000  1.0000000000000000  0.1418294689051386  0.0000428771251303  5.8473420831854748  31.2510637489988241  
2.3699999999999934  0.0000000000000000  1.0000000000000000  0.1439211894897546  0.0000409507825171  5.9729279414372156  31.3555102264291499  
2.3799999999999932  0.0000000000000000  1.0000000000000000  0.1459429109694550  0.0000532957602297  6.1016336593029958  31.4622763163276922  
2.3899999999999930  0.0000000000000000  1.0000000000000000  0.1478701751595936  0.0000713051602049  6.2312620477422787  31.5701346387077706  
2.3999999999999928  0.0000000000000000  1.0000000000000000  0.1496873243636272  0.0000899532209674  6.3533029623124753  31.6798049466371197  
2.4099999999999926  0.0000000000000000  1.0000000000000000  0.1513836028397529  0.0001110157839494  6.4693520812397312  31.7883111109924492  
2.4199999999999924  0.0000000000000000  1.0000000000000000  0.1529488008089734  0.0001254177398522  6.5819860449044336  31.8984412107100077  
2.4299999999999922  0.0000000000000000  1.0000000000000000  0.1543686197071403  0.0001183325262247  6.6849889797447339  32.0075122092858493  
2.4399999999999920  0.0000000000000000  1.0000000000000000  0.1556328156177532  0.0000977498706762  6.7756051445626539  32.1162084175651259  
2.4499999999999917  0.0000000000000000  1.0000000000000000  0.1567429402203424  0.0000764995821740  6.8551336153790663  32.2198927514370155  
2.4599999999999915  0.0000000000000000  1.0000000000000000  0.1577029732739050  0.0000575778451323  6.9263730313577998  32.3211761859716731  
2.4699999999999913  0.0000000000000000  1.0000000000000000  0.1585108277160379  0.0000442305479949  6.9925473983967263  32.3986036658636891  
2.4799999999999911  0.0000000000000000  1.0000000000000000  0.1591636364995815  0.0000414233755516  7.0593859188971937  32.4937619758583836  
2.4899999999999909  0.0000000000000000  1.0000000000000000  0.1596620970708208  0.0000517106584296  7.1145465057327382  32.5895711704476909  
2.4999999999999907  0.0000000000000000  1.0000000000000000  0.1599939936663106  0.0000760148886361  7.1622508223525880  32.6857756228680216  
2.5099999999999905  0.0000000000000000  1.0000000000000000  0.1601295784348903  0.0001032653315186  7.2011659120810094  32.7800369295310432  
2.5199999999999902  0.0000000000000000  1.0000000000000000  0.1600609009781492  0.0001163586012611  7.2280703649529405  32.8892325346809429  
2.5299999999999900  0.0000000000000000  1.0000000000000000  0.1598143884612454  0.0001186752820959  7.2182745116903044  32.9663452055568911  
2.5399999999999898  0.0000000000000000  1.0000000000000000  0.1594179903078932  0.0001142954544772  7.2046503271186948  33.0688075923358937  
2.5499999999999896  0.0000000000000000  1.0000000000000000  0.1588901940640212  0.0000987459661438  7.1789481606026797  33.1526146623951732  
2.5599999999999894  0.0000000000000000  1.0000000000000000  0.1582448039134263  0.0000736108180508  7.1447859482607550  33.2339302296205119  
2.5699999999999892  0.0000000000000000  1.0000000000000000  0.1574928893918717  0.0000494206957385  7.1087754546268709  33.3134557866140639  
2.5799999999999890  0.0000000000000000  1.0000000000000000  0.1566488503543736  0.0000419811355510  7.0670559787479377  33.3856320790698291  
2.5899999999999888  0.0000000000000000  1.0000000000000000  0.1557262604953563  0.0000489309175544  7.0324290045120010  33.4801475668485438  
2.5999999999999885  0.0000000000000000  1.0000000000000000  0.1547281060230158  0.0000638326764366  6.9954688980701567  33.5442128192912463  
2.6099999999999883  0.0000000000000000  1.0000000000000000  0.1536510897672035  0.0000846479722040  6.9594613558503724  33.6117880393720512  
2.6199999999999881  0.0000000000000000  1.0000000000000000  0.1524880358489366  0.0001059068150612  6.9214892750636752  33.6744870648545032  
2.6299999999999879  0.0000000000000000  1.0000000000000000  0.1512314868495366  0.0001242230105758  6.8787728967865274  33.7326641045703965  
2.6399999999999877  0.0000000000000000  1.0000000000000000  0.1498785278249559  0.0001294275987599  6.8283036868207798  33.7866917820725021  
2.6499999999999875  0.0000000000000000  1.0000000000000000  0.1484339596313968  0.0001140513887820  6.7763662864531566  33.8368759294949868  
2.6599999999999873  0.0000000000000000  1.0000000000000000  0.1469096727365798  0.0000902658679483  6.7186920553488534  33.8804900099584998  
2.6699999999999871  0.0000000000000000  1.0000000000000000  0.1453254748078680  0.0000721210483512  6.6668466444912102  33.9180948642052371  
2.6799999999999868  0.0000000000000000  1.0000000000000000  0.1436875995225028  0.0000567234925583  6.6219785838142213  33.9507130154934487  
2.6899999999999866  0.0000000000000000  1.0000000000000000  0.1419725299870579  0.0000463616102270  6.5775079439509510  33.9825666155174559  
2.6999999999999864  0.0000000000000000  1.0000000000000000  0.1401490203275629  0.0000513462545932  6.5237258002727234  34.0118235184536388  
2.7099999999999862  0.0000000000000000  1.0000000000000000  0.1382084747379824  0.0000722277772283  6.4571200927498857  34.0373394886741067  
2.7199999999999860  0.0000000000000000  1.0000000000000000  0.1361514675829025  0.0000987322274353  6.3887166320355249  34.0611798057256294  
2.7299999999999858  0.0000000000000000  1.0000000000000000  0.1339663306688922  0.0001194724727192  6.3065152665375903  34.0829436055984658  
2.7399999999999856  0.0000000000000000  1.0000000000000000  0.1316398455725565  0.0001284163498185  6.2091959394717202  34.1037412550407666  
2.7499999999999853  0.0000000000000000  1.0000000000000000  0.1291717786156368  0.0001261240586115  6.0957832748514216  34.1181588240728075  
2.7599999999999851  0.0000000000000000  1.0000000000000000  0.1265715022326176  0.0001170020336118  5.9677905369119424  34.1273139172481805  
2.7699999999999849  0.0000000000000000  1.0000000000000000  0.1238516346830703  0.0000961728601487  5.8276912937877965  34.1294769521379848  
2.7799999999999847  0.0000000000000000  1.0000000000000000  0.1210309042764877  0.0000689832491988  5.6782820646345176  34.1274431927644954  
2.7899999999999845  0.0000000000000000  1.0000000000000000  0.1181313421524623  0.0000529927872875  5.5252379070501414  34.1194410341598768  
2.7999999999999843  0.0000000000000000  1.0000000000000000  0.1151661286711228  0.0000545847681698  5.3721531068176356  34.1039248991084349  
2.8099999999999841  0.0000000000000000  1.0000000000000000  0.1121350786125293  0.0000676028215144  5.2154773301941910  34.0872089566664869  
2.8199999999999839  0.0000000000000000  1.0000000000000000  0.1090354146971895  0.0000842362232152  5.0540120935707833  34.0662237016550833  
2.8299999999999836  0.0000000000000000  1.0000000000000000  0.1058600663383768  0.0001064832822753  4.8828177323822288  34.0439951145565942  
2.8399999999999834  0.0000000000000000  1.0000000000000000  0.1026170051312815  0.0001300015284994  4.6992408960558176  34.0141743576752589  
2.8499999999999832  0.0000000000000000  1.0000000000000000  0.0993379762009759  0.0001403124650074  4.5154077765256249  33.9805319123910934  
2.8599999999999830  0.0000000000000000  1.0000000000000000  0.0960531690078681  0.0001343744953152  4.3354334898462188  33.9405422914408206  
2.8699999999999828  0.0000000000000000  1.0000000000000000  0.0927748972011565  0.0001150632037226  4.1591831276535389  33.8950153937617884  
2.8799999999999826  0.0000000000000000  1.0000000000000000  0.0895092487518534  0.0000919938022932  3.9896475541047303  33.8429535917825319  
2.8899999999999824  0.0000000000000000  1.0000000000000000  0.0862699214706621  0.0000759611928500  3.8233914144100223  33.7843516909104480  
2.8999999999999821  0.0000000000000000  1.0000000000000000  0.0830784228128912  0.0000643049762581  3.6688092776329086  33.7210496738298460  
2.9099999999999819  0.0000000000000000  1.0000000000000000  0.0799428586176621  0.0000592522829840  3.5282990366655786  33.6541657203438334  
2.9199999999999817  0.0000000000000000  1.0000000000000000  0.0768510893098518  0.0000738271785042  3.3940145309885121  33.5872865261111357  
2.9299999999999815  0.0000000000000000  1.0000000000000000  0.0737888262187736  0.0001013768063948  3.2684453370669648  33.5166970079878439  
2.9399999999999813  0.0000000000000000  1.0000000000000000  0.0707463162236372  0.0001245784335280  3.1392499107665155  33.4476699444030601  
2.9499999999999811  0.0000000000000000  1.0000000000000000  0.0677084655217520  0.0001383044538182  3.0186673447155985  33.3764508874483923  
2.9599999999999809  0.0000000000000000  1.0000000000000000  0.0646622442699086  0.0001421703079450  2.8869270547184467  33.3036593656591720  
2.9699999999999807  0.0000000000000000  1.0000000000000000  0.0616197280691216  0.0001368567625550  2.7481133907689372  33.2265550304799504  
2.9799999999999804  0.0000000000000000  1.0000000000000000  0.0585997354558449  0.0001196973517814  2.6215744877232980  33.1450466922714497  
2.9899999999999802  0.0000000000000000  1.0000000000000000  0.0556080009226010  0.0000944758568864  2.4934134894931912  33.0606289061854568  
2.9999999999999800  0.0000000000000000  1.0000000000000000  0.0526406152126457  0.0000718853297472  2.3697326958848115  32.9732796888522230  
3.0099999999999798  0.0000000000000000  1.0000000000000000  0.0496843094618727  0.0000644533512932  2.2438370043082023  32.8841838656629406  
3.0199999999999796  0.0000000000000000  1.0000000000000000  0.0467250393929316  0.0000732501196154  2.1208308165321843  32.7929409466030393  
3.0299999999999794  0.0000000000000000  1.0000000000000000  0.0437649323353113  0.0000888183524066  1.9760114240879048  32.7014491677221386  
3.0399999999999792  0.0000000000000000  1.0000000000000000  0.0408111219638172  0.0001074104277543  1.8410666369791895  32.6098450710588708  
3.0499999999999790  0.0000000000000000  1.0000000000000000  0.0378606494435939  0.0001308936679852  1.7029899950371830  32.5170916064745725  
3.0599999999999787  0.0000000000000000  1.0000000000000000  0.0349033876223944  0.0001506439951229  1.5561881565864488  32.4233834036945368  
3.0699999999999785  0.0000000000000000  1.0000000000000000  0.0319451683127947  0.0001507005752691  1.3999457261794153  32.3272038081520492  
3.0799999999999783  0.0000000000000000  1.0000000000000000  0.0290138807874315  0.0001348039897635  1.2413777580769088  32.2278161537945849  
3.0899999999999781  0.0000000000000000  1.0000000000000000  0.0261379150007115  0.0001145499210053  1.0864786057062523  32.1219648135537810  
3.0999999999999779  0.0000000000000000  1.0000000000000000  0.0233384900951588  0.0000943305121707  0.9277351029865598  32.0116574436277048  
3.1099999999999777  0.0000000000000000  1.0000000000000000  0.0206386713479505  0.0000785037477915  0.7889498972324204  31.8994103838782230  
3.1199999999999775  0.0000000000000000  1.0000000000000000  0.0180559422539259  0.0000707801653572  0.6604882764475251  31.7845441424238437  
3.1299999999999772  0.0000000000000000  1.0000000000000000  0.0155874871360748  0.0000757046168229  0.5467539165090041  31.6701125841810196  
3.1399999999999770  0.0000000000000000  1.0000000000000000  0.0132210707468835  0.0000969386000079  0.4377569674684049  31.5554865569838370  
3.1499999999999768  0.0000000000000000  1.0000000000000000  0.0109539419743243  0.0001252476484829  0.3318390511035172  31.4432323237819809  
3.1599999999999766  0.0000000000000000  1.0000000000000000  0.0088021080607113  0.0001431797967959  0.2327067893264388  31.3304575256894822  
3.1699999999999764  0.0000000000000000  1.0000000000000000  0.0067823193304279  0.0001490269117245  0.1453209472230526  31.2192851805922125  
3.1799999999999762  0.0000000000000000  1.0000000000000000  0.0048984938389714  0.0001500413328435  0.0683133134941894  31.1066042847828044  
3.1899999999999760  0.0000000000000000  1.0000000000000000  0.0031479596716436  0.0001381233528651  -0.0001427774370151  30.9940915496929570  
3.1999999999999758  0.0000000000000000  1.0000000000000000  0.0015337224860848  0.0001136194343707  -0.0600856131919401  30.8822322971430161  
3.2099999999999755  0.0000000000000000  1.0000000000000000  0.0000636265957420  0.0000880146625061  -0.1092939820294235  30.7697325187836093  
3.2199999999999753  0.0000000000000000  1.0000000000000000  -0.0012554585237682  0.0000727590350094  -0.1431902430574776  30.5585790577306646  
3.2299999999999751  0.0000000000000000  1.0000000000000000  -0.0024264019837426  0.0000743523753928  -0.1654480343885281  30.5499384608597602  
3.2399999999999749  0.0000000000000000  1.0000000000000000  -0.0034716074174129  0.0000853530796866  -0.1787333470120070  30.5105299659111999  
3.2499999999999747  0.0000000000000000  1.0000000000000000  -0.0044232736156923  0.0001025931739658  -0.1922987466431746  30.4680187187193496  
3.2599999999999745  0.0000000000000000  1.0000000000000000  -0.0052977153886455  0.0001242489352422  -0.2075372305000029  30.4284303376617515  
3.2699999999999743  0.0000000000000000  1.0000000000000000  -0.0061041270424165  0.0001445257084927  -0.2245930399124478  30.3887359320828132  
3.2799999999999740  0.0000000000000000  1.0000000000000000  -0.0068547870675035  0.0001556767427158  -0.2482108199529057  30.3545835925590488  
3.2899999999999738  0.0000000000000000  1.0000000000000000  -0.0075411649055338  0.0001453059361535  -0.2758716700116078  30.3208312591682194  
3.2999999999999736  0.0000000000000000  1.0000000000000000  -0.0081411688530974  0.0001231414360359  -0.2994819032150262  30.2843462317818251  
3.3099999999999734  0.0000000000000000  1.0000000000000000  -0.0086489742536976  0.0001043424769638  -0.3187857832306913  30.2384283580293882  
3.3199999999999732  0.0000000000000000  1.0000000000000000  -0.0090749533317629  0.0000858527612600  -0.3376143944590115  30.1871429402797880  
3.3299999999999730  0.0000000000000000  1.0000000000000000  -0.0094239253236584  0.0000709493824331  -0.3585019929515212  30.1352092921653814  
3.3399999999999728  0.0000000000000000  1.0000000000000000  -0.0096872739552374  0.0000695084777502  -0.3785445280685354  30.0766956152849083  
3.3499999999999726  0.0000000000000000  1.0000000000000000  -0.0098529080319045  0.0000848621247095  -0.3939685298442785  30.0135982554751841  
3.3599999999999723  0.0000000000000000  1.0000000000000000  -0.0099223333398485  0.0001093734886011  -0.4061234721718956  29.9459305226099310  
3.3699999999999721  0.0000000000000000  1.0000000000000000  -0.0099048210909308  0.0001326627216017  -0.4188830014815439  29.8787929630195883  
3.3799999999999719  0.0000000000000000  1.0000000000000000  -0.0098015394374343  0.0001447682862608  -0.4335780842130348  29.8093887115461094  
3.3899999999999717  0.0000000000000000  1.0000000000000000  -0.0096009491472343  0.0001463089355847  -0.4480558573852885  29.7338750010294497  
3.3999999999999715  0.0000000000000000  1.0000000000000000  -0.0092803779853978  0.0001410705913206  -0.4580806055088775  29.6504945506857425  
3.4099999999999713  0.0000000000000000  1.0000000000000000  -0.0088135466186062  0.0001226409906974  -0.4576319411777247  29.5574441543825372  
3.4199999999999711  0.0000000000000000  1.0000000000000000  -0.0081821975097592  0.0000942044927143  -0.4436747021348989  29.4569326811102883  
3.4299999999999708  0.0000000000000000  1.0000000000000000  -0.0073800817822621  0.0000723613312397  -0.4155317024259563  29.3447722963339928  
3.4399999999999706  0.0000000000000000  1.0000000000000000  -0.0064092265097582  0.0000677223468795  -0.3741252909249743  29.2272493082363667  
3.4499999999999704  0.0000000000000000  1.0000000000000000  -0.0052806369120007  0.0000744541303613  -0.3211544047088342  29.1109393553383846  
3.4599999999999702  0.0000000000000000  1.0000000000000000  -0.0040143003243705  0.0000874610661975  -0.2621295928292807  29.0010745495816273  
3.4699999999999700  0.0000000000000000  1.0000000000000000  -0.0026237639073464  0.0001077282363801  -0.1992987695350316  28.8987450991341994  
3.4799999999999698  0.0000000000000000  1.0000000000000000  -0.0011080353496153  0.0001308710838955  -0.1306397267008261  28.8036295062832259  
3.4899999999999696  0.0000000000000000  1.0000000000000000  0.0005326497297125  0.0001463705797342  -0.0510097808777366  28.6238981219014619  
3.4999999999999694  0.0000000000000000  1.0000000000000000  0.0022793357333190  0.0001447426454513  0.0317135774118052  28.6235272737088557  
3.5099999999999691  0.0000000000000000  1.0000000000000000  0.0041107800278078  0.0001278520644591  0.1133676640905618  28.5999028864268290  
3.5199999999999689  0.0000000000000000  1.0000000000000000  0.0060298013965199  0.0001044997108314  0.1967781397989161  28.5699727117523068  
3.5299999999999687  0.0000000000000000  1.0000000000000000  0.0080484918210579  0.0000849703171740  0.2878855234282905  28.5400777390951852  
3.5399999999999685  0.0000000000000000  1.0000000000000000  0.0101594882920200  0.0000690615528043  0.3860093518901556  28.5127671727698448  
3.5499999999999683  0.0000000000000000  1.0000000000000000  0.0123432630020133  0.0000572492756403  0.4867712388063550  28.4908388214181230  
3.5599999999999681  0.0000000000000000  1.0000000000000000  0.0145792682386773  0.0000645449301327  0.5919733060156865  28.4759014598934925  
3.5699999999999679  0.0000000000000000  1.0000000000000000  0.0168415524552160  0.0000886622755957  0.6894514657652266  28.4627383238273630  
3.5799999999999677  0.0000000000000000  1.0000000000000000  0.0191109257832445  0.0001119885595340  0.7799248068398689  28.4581002156052740  
3.5899999999999674  0.0000000000000000  1.0000000000000000  0.0213837819271956  0.0001285407823870  0.8753185073100362  28.6074514368889758  
3.5999999999999672  0.0000000000000000  1.0000000000000000  0.0236629866097894  0.0001366550818477  0.9447860315621345  28.3546437100801683  
3.6099999999999670  0.0000000000000000  1.0000000000000000  0.0259607247082288  0.0001342531844528  1.0197578584044846  28.4050659439114561  
3.6199999999999668  0.0000000000000000  1.0000000000000000  0.0282925531352618  0.0001210285908570  1.0948376486873423  28.4238355522075317  
3.6299999999999666  0.0000000000000000  1.0000000000000000  0.0306644837933076  0.0000964838461928  1.1711368865958660  28.4372953704148905  
3.6399999999999664  0.0000000000000000  1.0000000000000000  0.0330773952549073  0.0000691334150193  1.2481405187117998  28.4525624877267944  
3.6499999999999662  0.0000000000000000  1.0000000000000000  0.0355351862623229  0.0000557903210875  1.3263000675442456  28.4690068781998065  
3.6599999999999659  0.0000000000000000  1.0000000000000000  0.0380517003751005  0.0000582010699356  1.4090298453697527  28.4856230871194924  
3.6699999999999657  0.0000000000000000  1.0000000000000000  0.0406373000329545  0.0000691601647217  1.5011868051791266  28.5094514333361602  
3.6799999999999655  0.0000000000000000  1.0000000000000000  0.0432820480990478  0.0000853077168482  1.6055896116232988  28.5371812639881988  
3.6899999999999653  0.0000000000000000  1.0000000000000000  0.0459631769335474  0.0001081083610506  1.7079815333903958  28.5709562974259406  
3.6999999999999651  0.0000000000000000  1.0000000000000000  0.0486742899209145  0.0001311066118603  1.7969603737062958  28.6065878331783559  
3.7099999999999649  0.0000000000000000  1.0000000000000000  0.0514322135700617  0.0001365828694743  1.8998656993117555  28.6467741830696809  
3.7199999999999647  0.0000000000000000  1.0000000000000000  0.0542500871994177  0.0001249988969840  2.0062025780246766  28.6895701144475161  
3.7299999999999645  0.0000000000000000  1.0000000000000000  0.0571306160706161  0.0001055887421264  2.1268187456154539  28.7347354248518236  
3.7399999999999642  0.0000000000000000  1.0000000000000000  0.0600800899313950  0.0000835179896892  2.2526076060662890  28.7815878194522945  
3.7499999999999640  0.0000000000000000  1.0000000000000000  0.0630941964330774  0.0000641949886534  2.3900028745531317  28.8313037938825190  
3.7599999999999638  0.0000000000000000  1.0000000000000000  0.0661529174805232  0.0000509582575989  2.5348381603817534  28.8851651373013887  
3.7699999999999636  0.0000000000000000  1.0000000000000000  0.0692311399459720  0.0000485242950599  2.6827156955319102  28.9426961187283922  
3.7799999999999634  0.0000000000000000  1.0000000000000000  0.0723093372018828  0.0000647832704190  2.8319264364794221  29.0054927943847076  
3.7899999999999632  0.0000000000000000  1.0000000000000000  0.0753745621423120  0.0000918974644090  2.9814478088212191  29.0710494961766095  
3.7999999999999630  0.0000000000000000  1.0000000000000000  0.0784109923035549  0.0001123065283696  3.1302366732385081  29.1427765154414899  
3.8099999999999627  0.0000000000000000  1.0000000000000000  0.0814002350530179  0.0001222897854172  3.2732398268860052  29.2188839555054578  
3.8199999999999625  0.0000000000000000  1.0000000000000000  0.0843247593062585  0.0001269287151623  3.4129068852704028  29.2963527856242791  
3.8299999999999623  0.0000000000000000  1.0000000000000000  0.0871715455301968  0.0001200314249482  3.5415131540199991  29.3748336822410963  
3.8399999999999621  0.0000000000000000  1.0000000000000000  0.0899476325685411  0.0000973770330614  3.6628557043990635  29.4541403283977381  
3.8499999999999619  0.0000000000000000  1.0000000000000000  0.0926731436113531  0.0000707135130793  3.7851124999347676  29.5356860262636616  
3.8599999999999617  0.0000000000000000  1.0000000000000000  0.0953460155468144  0.0000505811652837  3.9088688567138576  29.6162138096078991  
3.8699999999999615  0.0000000000000000  1.0000000000000000  0.0979456179129133  0.0000452246965543  4.0278015465986465  29.6994582583101021  
3.8799999999999613  0.0000000000000000  1.0000000000000000  0.1004557563382691  0.0000534825130411  4.1383436218809919  29.7852526904393748  
3.8899999999999610  0.0000000000000000  1.0000000000000000  0.1028712278465339  0.0000672321544009  4.2417312067602175  29.8726474709209349  
3.8999999999999608  0.0000000000000000  1.0000000000000000  0.1051883976686631  0.0000880555538644  4.3359428458814424  29.9636430817220223  
3.9099999999999606  0.0000000000000000  1.0000000000000000  0.1074084003252556  0.0001122272641763  4.4222929236901249  30.0534152864817834  
3.9199999999999604  0.0000000000000000  1.0000000000000000  0.1095415771863945  0.0001280616651326  4.5010193703556771  30.1467723937072982  
3.9299999999999602  0.0000000000000000  1.0000000000000000  0.1116077723315034  0.0001248632656059  4.5774461603274288  30.2391173560859770  
3.9399999999999600  0.0000000000000000  1.0000000000000000  0.1136209625826939  0.0001058049866420  4.6554312306173919  30.3319699071249431  
3.9499999999999598  0.0000000000000000  1.0000000000000000  0.1155831200608224  0.0000868531713109  4.7324806976565181  30.4218534490988652  
3.9599999999999596  0.0000000000000000  1.0000000000000000  0.1175009994978523  0.0000672308747421  4.8091667572276622  30.5111063656293489  
3.9699999999999593  0.0000000000000000  1.0000000000000000  0.1193935351292061  0.0000480277280098  4.8922260566687426  30.6014578212761066  
3.9799999999999591  0.0000000000000000  1.0000000000000000  0.1212695424373780  0.0000412313612854  4.9845586846992234  30.6911554335348704  
3.9899999999999589  0.0000000000000000  1.0000000000000000  0.1231179567967508  0.0000509201635161  5.0831762008075900  30.7825419040822297  
3.9999999999999587  0.0000000000000000  1.0000000000000000  0.1249204148341237  0.0000731545881485  5.1841260839176195  30.8750840201475363  
4.0099999999999589  0.0000000000000000  1.0000000000000000  0.1266545134308726  0.0000988596453720  5.2829419214391828  30.9715080833802503  
4.0199999999999587  0.0000000000000000  1.0000000000000000  0.1283091567667548  0.0001150262895211  5.3715068911394690  31.0664410391407380  
4.0299999999999585  0.0000000000000000  1.0000000000000000  0.1298943197939652  0.0001208982514775  5.4661198321508966  31.1636336083947789  
4.0399999999999583  0.0000000000000000  1.0000000000000000  0.1314199759384496  0.0001209705886289  5.5603192203710989  31.2576060393989579  
4.0499999999999581  0.0000000000000000  1.0000000000000000  0.1328777939233977  0.0001068042090712  5.6553923640193355  31.3522728901789094  
4.0599999999999579  0.0000000000000000  1.0000000000000000  0.1342595272895734  0.0000790249771152  5.7496401107180706  31.4468234336826420  
4.0699999999999577  0.0000000000000000  1.0000000000000000  0.1355591240068325  0.0000543832735051  5.8441832976716874  31.5394935767439435  
4.0799999999999574  0.0000000000000000  1.0000000000000000  0.1367637580515753  0.0000441052857479  5.9339037517263344  31.6303618464784968  
4.0899999999999572  0.0000000000000000  1.0000000000000000  0.1378509242892373  0.0000462125334654  6.0215125011272903  31.7214495294292647  
4.0999999999999570  0.0000000000000000  1.0000000000000000  0.1388054232034905  0.0000568479612930  6.0953844728260043  31.8155237496901364  
4.1099999999999568  0.0000000000000000  1.0000000000000000  0.1396240328307177  0.0000755628735307  6.1610663704002162  31.9082359353223630  
4.1199999999999566  0.0000000000000000  1.0000000000000000  0.1402967084987554  0.0001002652377108  6.2273778923524583  31.9814427292194132  
4.1299999999999564  0.0000000000000000  1.0000000000000000  0.1408026631813060  0.0001207830511912  6.2816990080419712  32.0708998663026605  
4.1399999999999562  0.0000000000000000  1.0000000000000000  0.1411355560864506  0.0001269092260479  6.3250109515040291  32.1590501785084015  
4.1499999999999559  0.0000000000000000  1.0000000000000000  0.1413127924351344  0.0001152535490316  6.3474188444536983  32.2481257812349398  
4.1599999999999557  0.0000000000000000  1.0000000000000000  0.1413612080038375  0.0000942527697567  6.3514513236168151  32.3345608901453616  
4.1699999999999555  0.0000000000000000  1.0000000000000000  0.1413006068376773  0.0000754548175389  6.3568863288955502  32.4267931459636358  
4.1799999999999553  0.0000000000000000  1.0000000000000000  0.1411351615051227  0.0000568074264830  6.3512654622836466  32.4916621256379656  
4.1899999999999551  0.0000000000000000  1.0000000000000000  0.1408610130155838  0.0000417906682805  6.3459362310416276  32.5698378012605261  
4.1999999999999549  0.0000000000000000  1.0000000000000000  0.1404751074848779  0.0000432945711678  6.3346852077023810  32.6451858538439410  
4.2099999999999547  0.0000000000000000  1.0000000000000000  0.1399824034878587  0.0000639016773718  6.3129658058901530  32.7159649699340775  
4.2199999999999545  0.0000000000000000  1.0000000000000000  0.1393906104473235  0.0000887626506281  6.2892754687261752  32.7840553800237586  
4.2299999999999542  0.0000000000000000  1.0000000000000000  0.1387092815170582  0.0001084117038500  6.2560133948582299  32.8517455357739649  
4.2399999999999540  0.0000000000000000  1.0000000000000000  0.1379460336162052  0.0001223286818502  6.2224169754082377  32.9176185434396871  
4.2499999999999538  0.0000000000000000  1.0000000000000000  0.1371127689287322  0.0001250745007477  6.1861864837712632  33.0025430227677887  
4.2599999999999536  0.0000000000000000  1.0000000000000000  0.1362241061487155  0.0001172632136496  6.1476356794719242  33.0602963264153544  
4.2699999999999534  0.0000000000000000  1.0000000000000000  0.1352860279544938  0.0000969878026804  6.1108914954901969  33.1145202214026497  
4.2799999999999532  0.0000000000000000  1.0000000000000000  0.1343008917040125  0.0000682353913337  6.0717833660347837  33.1655134338587345  
4.2899999999999530  0.0000000000000000  1.0000000000000000  0.1332863840230440  0.0000507613625124  6.0427065292752875  33.2104547742517582  
4.2999999999999527  0.0000000000000000  1.0000000000000000  0.1322480846048171  0.0000494080069333  6.0264973259838301  33.2509397404038722  
4.3099999999999525  0.0000000000000000  1.0000000000000000  0.1311573047752923  0.0000562732550919  6.0098064234662516  33.2915968807142448  
4.3199999999999523  0.0000000000000000  1.0000000000000000  0.1299825715010961  0.0000706261586672  5.9855253258246535  33.3317388850759855  
4.3299999999999521  0.0000000000000000  1.0000000000000000  0.1287122041906259  0.0000937560156307  5.9526235842870969  33.3699110343544376  
4.3399999999999519  0.0000000000000000  1.0000000000000000  0.1273461663636944  0.0001193618627389  5.9101668558752998  33.4028097431932807  
4.3499999999999517  0.0000000000000000  1.0000000000000000  0.1258880825781542  0.0001325460649674  5.8633877885595105  33.4357694083512342  
4.3599999999999515  0.0000000000000000  1.0000000000000000  0.1243398731190440  0.0001272384799659  5.8105204971893381  33.4643939183175263  
4.3699999999999513  0.0000000000000000  1.0000000000000000  0.1226995202820704  0.0001116817176553  5.7508965647636874  33.4906096245371501  
4.3799999999999510  0.0000000000000000  1.0000000000000000  0.1209668084021893  0.0000915197639082  5.6837345138383668  33.5093718517886430  
4.3899999999999508  0.0000000000000000  1.0000000000000000  0.1191398881731595  0.0000714833229884  5.6079074971462948  33.5249846604417314  
4.3999999999999506  0.0000000000000000  1.0000000000000000  0.1172194861760409  0.0000559145811619  5.5251063292004599  33.5373319819838969  
4.4099999999999504  0.0000000000000000  1.0000000000000000  0.1152044953748278  0.0000483059332396  5.4392437861280190  33.5464290250158044  
4.4199999999999502  0.0000000000000000  1.0000000000000000  0.1130932258225622  0.0000600388669169  5.3385967909282313  33.5532375559253424  
4.4299999999999500  0.0000000000000000  1.0000000000000000  0.1108848166704336  0.0000867053050333  5.2328299605567876  33.5553396446587087  
4.4399999999999498  0.0000000000000000  1.0000000000000000  0.1085785463705356  0.0001093637891604  5.1155686593875638  33.5574187939432633  
4.4499999999999496  0.0000000000000000  1.0000000000000000  0.1061726637809012  0.0001240799419011  4.9866244892031659  33.5557457274546493  
4.4599999999999493  0.0000000000000000  1.0000000000000000  0.1036764558982697  0.0001340839767660  4.8417128431163592  33.5491039532293129  
4.4699999999999491  0.0000000000000000  1.0000000000000000  0.1011217691463962  0.0001328602079193  4.6907226463415048  33.5350786186019576  
4.4799999999999489  0.0000000000000000  1.0000000000000000  0.0985498721024860  0.0001159001305950  4.5442719329024390  33.5160014066909042  
4.4899999999999487  0.0000000000000000  1.0000000000000000  0.0959785743529157  0.0000902562762811  4.4046910099494596  33.4918157258085785  
4.4999999999999485  0.0000000000000000  1.0000000000000000  0.0934056853638071  0.0000677143461285  4.2697556421228962  33.4620800891381052  
4.5099999999999483  0.0000000000000000  1.0000000000000000  0.0908329349723557  0.0000578553107897  4.1356071680060715  33.4287367326031983  
4.5199999999999481  0.0000000000000000  1.0000000000000000  0.0882709061354324  0.0000621486348903  4.0046353790477092  33.3902646535034293  
4.5299999999999478  0.0000000000000000  1.0000000000000000  0.0857263202550996  0.0000739475268370  3.8806060861852663  33.3507141875007775  
4.5399999999999476  0.0000000000000000  1.0000000000000000  0.0831948530897706  0.0000920037482824  3.7600806162476994  33.3090412987520637  
4.5499999999999474  0.0000000000000000  1.0000000000000000  0.0806795033958037  0.0001189227613458  3.6414578307083776  33.2660249019975680  
4.5599999999999472  0.0000000000000000  1.0000000000000000  0.0781863230401211  0.0001398354297056  3.5275625394054115  33.2187884303365166  
4.5699999999999470  0.0000000000000000  1.0000000000000000  0.0757121715055565  0.0001427949506092  3.4162313802846485  33.1701657760729418  
4.5799999999999468  0.0000000000000000  1.0000000000000000  0.0732595062472136  0.0001298082807318  3.3067732980919402  33.1189443578386431  
4.5899999999999466  0.0000000000000000  1.0000000000000000  0.0708397706659098  0.0001118821042394  3.2027651501051850  33.0619518516358468  
4.5999999999999464  0.0000000000000000  1.0000000000000000  0.0684579258083515  0.0000930877579122  3.1046522716333000  33.0025725353002741  
4.6099999999999461  0.0000000000000000  1.0000000000000000  0.0661173652829173  0.0000718633031030  3.0156074810505915  32.9392687399021185  
4.6199999999999459  0.0000000000000000  1.0000000000000000  0.0638100856743875  0.0000602347847827  2.9335068369052895  32.8777063050065763  
4.6299999999999457  0.0000000000000000  1.0000000000000000  0.0615090731868147  0.0000641972487440  2.8516077314728654  32.8131128713433213  
4.6399999999999455  0.0000000000000000  1.0000000000000000  0.0591855400256686  0.0000834253697707  2.7607584271519974  32.7498980336451808  
4.6499999999999453  0.0000000000000000  1.0000000000000000  0.0568344002953504  0.0001096261457408  2.6599064057509696  32.6858671004401771  
4.6599999999999451  0.0000000000000000  1.0000000000000000  0.0544667478364617  0.0001292215973308  2.5545488774365332  32.6201815827173007  
4.6699999999999449  0.0000000000000000  1.0000000000000000  0.0520896496202481  0.0001394327465294  2.4458904809506192  32.5547375875893579  
4.6799999999999446  0.0000000000000000  1.0000000000000000  0.0497023096131781  0.0001443629022539  2.3283613679398303  32.4845038239145296  
4.6899999999999444  0.0000000000000000  1.0000000000000000  0.0473068424433756  0.0001367360359599  2.2076845437620767  32.4134589203525891  
4.6999999999999442  0.0000000000000000  1.0000000000000000  0.0449191569592432  0.0001107368427748  2.0904189429435056  32.3370031747832130  
4.7099999999999440  0.0000000000000000  1.0000000000000000  0.0425557163290055  0.0000853017591389  1.9603061807309468  32.2593843768120863  
4.7199999999999438  0.0000000000000000  1.0000000000000000  0.0402217053894451  0.0000707124315116  1.8391881604678453  32.1754615054414685  
4.7299999999999436  0.0000000000000000  1.0000000000000000  0.0379238504439408  0.0000675153861444  1.7200574346316064  32.0917330370363203  
4.7399999999999434  0.0000000000000000  1.0000000000000000  0.0356742253864954  0.0000756472300579  1.6054031768454551  32.0077132580340731  
4.7499999999999432  0.0000000000000000  1.0000000000000000  0.0334717489580111  0.0000907876473060  1.4930224681022521  31.9216432887832475  
4.7599999999999429  0.0000000000000000  1.0000000000000000  0.0313094958890420  0.0001153018164299  1.3782634235779740  31.8376431825099289  
4.7699999999999427  0.0000000000000000  1.0000000000000000  0.0291947958319623  0.0001394088363055  1.2606924835056452  31.7501284743818708  
4.7799999999999425  0.0000000000000000  1.0000000000000000  0.0271511997898200  0.0001517090060261  1.1476688318163459  31.6630229279338664  
4.7899999999999423  0.0000000000000000  1.0000000000000000  0.0252072417318484  0.0001454509026976  1.0427827453467933  31.5723080665311926  
4.7999999999999421  0.0000000000000000  1.0000000000000000  0.0233860625914415  0.0001274306496491  0.9427220682918520  31.4802172357102741  
4.8099999999999419  0.0000000000000000  1.0000000000000000  0.0216945722150500  0.0001093517627746  0.8666989981595351  31.3861611695795943  
4.8199999999999417  0.0000000000000000  1.0000000000000000  0.0201264881011390  0.0000894621392318  0.8012951075742752  31.2912233677899430  
4.8299999999999415  0.0000000000000000  1.0000000000000000  0.0186750072884619  0.0000702047611475  0.7439819604502177  31.1982094746790111  
4.8399999999999412  0.0000000000000000  1.0000000000000000  0.0173442312554932  0.0000654595654796  0.6966266178280873  31.1048403154607414  
4.8499999999999410  0.0000000000000000  1.0000000000000000  0.0161347770656292  0.0000806122581776  0.6615669499822003  31.0132202532215864  
4.8599999999999408  0.0000000000000000  1.0000000000000000  0.0150275841423849  0.0001032743306251  0.6294413697249956  30.9242086908009739  
4.8699999999999406  0.0000000000000000  1.0000000000000000  0.0140041296629154  0.0001251598198766  0.6014816412012890  30.8411122811551621  
4.8799999999999404  0.0000000000000000  1.0000000000000000  0.0130622519450117  0.0001408810794088  0.5765643200799943  30.7586025640900154  
4.8899999999999402  0.0000000000000000  1.0000000000000000  0.0121980154320188  0.0001481791885948  0.5537677705067193  30.6774311028421813  
4.8999999999999400  0.0000000000000000  1.0000000000000000  0.0114052815120485  0.0001449302016329  0.5308808392443596  30.5969447496956981  
4.9099999999999397  0.0000000000000000  1.0000000000000000  0.0106900532094903  0.0001278355948433  0.5101263040039546  30.5172026258048774  
4.9199999999999395  0.0000000000000000  1.0000000000000000  0.0100627288288529  0.0000993992837491  0.4956778643475526  30.4388771367883919  
4.9299999999999393  0.0000000000000000  1.0000000000000000  0.0095216681075452  0.0000762041936400  0.4880182235097498  30.3597863904870771  
4.9399999999999391  0.0000000000000000  1.0000000000000000  0.0090464912791078  0.0000705937032532  0.4819443387552825  30.2834058082746438  
4.9499999999999389  0.0000000000000000  1.0000000000000000  0.0086128759043894  0.0000718719904866  0.4707095411638859  30.2086110497069456  
4.9599999999999387  0.0000000000000000  1.0000000000000000  0.0082117445781985  0.0000819518311727  0.4528895885179817  30.1394089878288902  
4.9699999999999385  0.0000000000000000  1.0000000000000000  0.0078506016233982  0.0001034293918600  0.4311962476051149  30.0699600857997957  
4.9799999999999383  0.0000000000000000  1.0000000000000000  0.0075380264087118  0.0001290589038774  0.4083205819940662  30.0014779545755594  
4.9899999999999380  0.0000000000000000  1.0000000000000000  0.0072780783264998  0.0001473838818829  0.3826277230328492  29.8903151452559221  