Time  Coordinate0  Coordinate1  Displacement0  Displacement1  Force0  Force1  
0.0100000000000000  0.0000000000000000  1.0000000000000000  0.0000084959200912  0.0000119833908120  -0.0004527966131225  16.0232181322984708  
0.0200000000000000  0.0000000000000000  1.0000000000000000  0.0000468651972168  0.0000326136415703  -0.0011720779791223  19.1778412996452765  
0.0300000000000000  0.0000000000000000  1.0000000000000000  0.0001280958623087  0.0000543866057973  -0.0023081841551780  20.2705838768609965  
0.0400000000000000  0.0000000000000000  1.0000000000000000  0.0002519202519970  0.0000775700238885  -0.0045159983316642  20.5632017089401486  
0.0500000000000000  0.0000000000000000  1.0000000000000000  0.0004180868492567  0.0000974073347939  -0.0079741525187544  21.1338776884706157  
0.0600000000000000  0.0000000000000000  1.0000000000000000  0.0006225570955787  0.0001110623079453  -0.0140962967379324  21.9674899442221232  
0.0700000000000000  0.0000000000000000  1.0000000000000000  0.0008604477038540  0.0001100619352010  -0.0259543712760409  22.8799231119871749  
0.0800000000000000  0.0000000000000000  1.0000000000000000  0.0011412044312015  0.0000941915914398  -0.0439091961862710  23.7848096143572469  
0.0900000000000000  0.0000000000000000  1.0000000000000000  0.0014992387030987  0.0000703350853709  -0.0632375068661316  24.6657760513578772  
0.1000000000000000  0.0000000000000000  1.0000000000000000  0.0019835587159117  0.0000530608034968  -0.0730086190387685  25.5280312447578659  
0.1100000000000000  0.0000000000000000  1.0000000000000000  0.0026204609845430  0.0000480682633899  -0.0672300535616385  26.3713180884865750  
0.1200000000000000  0.0000000000000000  1.0000000000000000  0.0034027678078655  0.0000514112510424  -0.0496156828446429  27.1951427044343426  
0.1300000000000000  0.0000000000000000  1.0000000000000000  0.0043209465540195  0.0000634180986394  -0.0223481356181376  27.9990446708407958  
0.1400000000000000  0.0000000000000000  1.0000000000000000  0.0053785275411026  0.0000883980887361  0.0170914319840688  28.7752382512051597  
0.1500000000000000  0.0000000000000000  1.0000000000000000  0.0065722544245039  0.0001194293683322  0.0697749807780045  29.5260591485871871  
0.1600000000000000  0.0000000000000000  1.0000000000000000  0.0078888541569018  0.0001375176168259  0.1317091599490039  30.2518736212789676  
0.1700000000000000  0.0000000000000000  1.0000000000000000  0.0093219442815375  0.0001398626841161  0.2030784907432717  30.9543419867967913  
0.1800000000000000  0.0000000000000000  1.0000000000000000  0.0108665773893005  0.0001325524870541  0.2842590417297800  31.6261586138044315  
0.1900000000000000  0.0000000000000000  1.0000000000000000  0.0125139430625625  0.0001179774995891  0.3721627696476832  32.2698330229283101  
0.2000000000000000  0.0000000000000000  1.0000000000000000  0.0142631218097021  0.0000973637409332  0.4680573167872499  32.8872111498260011  
0.2100000000000000  0.0000000000000000  1.0000000000000000  0.0161207409299038  0.0000781592704823  0.5747170312719718  33.4783862795166769  
0.2200000000000001  0.0000000000000000  1.0000000000000000  0.0180910717929669  0.0000681925106654  0.6951280933927911  34.0450830252433008  
0.2300000000000001  0.0000000000000000  1.0000000000000000  0.0201708067511677  0.0000756564095425  0.8314706739504867  34.5882313479838075  
0.2400000000000001  0.0000000000000000  1.0000000000000000  0.0223336920895389  0.0000989907498478  0.9790214154354888  35.1165771723018807  
0.2500000000000001  0.0000000000000000  1.0000000000000000  0.0245368412451056  0.0001213004169713  1.1248200466147844  35.6308016207566780  
0.2600000000000001  0.0000000000000000  1.0000000000000000  0.0267502677786544  0.0001393229977195  1.2539878335888617  35.9345228290704526  
0.2700000000000001  0.0000000000000000  1.0000000000000000  0.0289709035566037  0.0001558109624249  1.3831894803095204  36.4984791964032738  
0.2800000000000001  0.0000000000000000  1.0000000000000000  0.0312119815714288  0.0001612458929000  1.5069934623999637  36.9801232693998898  
0.2900000000000001  0.0000000000000000  1.0000000000000000  0.0334807264560007  0.0001467651195872  1.6291254735663276  37.4177518004426872  
0.3000000000000001  0.0000000000000000  1.0000000000000000  0.0357743001657469  0.0001225728198581  1.7454462162861990  37.8211519021089728  
0.3100000000000001  0.0000000000000000  1.0000000000000000  0.0381018749208760  0.0000996644892328  1.8577343773083608  38.1891339479083101  
0.3200000000000001  0.0000000000000000  1.0000000000000000  0.0404848283546450  0.0000856984888976  1.9743674426612936  38.5250309144364778  
0.3300000000000001  0.0000000000000000  1.0000000000000000  0.0429341710470051  0.0000825556233054  2.0975758894552121  38.8359578342477363  
0.3400000000000001  0.0000000000000000  1.0000000000000000  0.0454515293488406  0.0000879608127138  2.2265774925498945  39.1225626683853065  
0.3500000000000001  0.0000000000000000  1.0000000000000000  0.0480391791832141  0.0001055979559753  2.3632368358188489  39.3913380095255192  
0.3600000000000002  0.0000000000000000  1.0000000000000000  0.0506934341950611  0.0001316786592393  2.5068533535299937  39.6366916271194469  
0.3700000000000002  0.0000000000000000  1.0000000000000000  0.0533984494215366  0.0001554021089131  2.6513558084320468  39.8669941484308836  
0.3800000000000002  0.0000000000000000  1.0000000000000000  0.0561442852918876  0.0001625458400704  2.7907715961695945  40.0777933010381631  
0.3900000000000002  0.0000000000000000  1.0000000000000000  0.0589466802497954  0.0001541455405186  2.9310005502041823  40.2706327034247664  
0.4000000000000002  0.0000000000000000  1.0000000000000000  0.0618357617479828  0.0001406274118652  3.0831136961258032  40.4401474588926604  
0.4100000000000002  0.0000000000000000  1.0000000000000000  0.0648310534586788  0.0001215180747344  3.2542568185561693  40.5898916721828797  
0.4200000000000002  0.0000000000000000  1.0000000000000000  0.0679334672544855  0.0000951894666798  3.4453030583681326  40.7235040223599327  
0.4300000000000002  0.0000000000000000  1.0000000000000000  0.0711263289187673  0.0000775701261226  3.6514329355385473  40.8414630274905406  
0.4400000000000002  0.0000000000000000  1.0000000000000000  0.0743884736626170  0.0000771553675296  3.8657663360306143  40.9445411430827733  
0.4500000000000002  0.0000000000000000  1.0000000000000000  0.0777077000258770  0.0000899862656288  4.0885766463471054  41.0317866399943370  
0.4600000000000002  0.0000000000000000  1.0000000000000000  0.0810720990048996  0.0001121571030491  4.3211827072960629  41.1096191955602634  
0.4700000000000003  0.0000000000000000  1.0000000000000000  0.0844516162981380  0.0001313850481266  4.5554694624559779  41.1733776555346367  
0.4800000000000003  0.0000000000000000  1.0000000000000000  0.0878122615615633  0.0001462626982376  4.7809716173274257  41.2278705635629024  
0.4900000000000003  0.0000000000000000  1.0000000000000000  0.0911390918209471  0.0001556915760583  4.9964404565645228  41.2649981240723278  
0.5000000000000002  0.0000000000000000  1.0000000000000000  0.0944252444653330  0.0001501732744870  5.2026011628648616  41.2873320094444622  
0.5100000000000002  0.0000000000000000  1.0000000000000000  0.0976658305537535  0.0001264643344155  5.3981558343887750  41.2950800992152907  
0.5200000000000002  0.0000000000000000  1.0000000000000000  0.1008659978156825  0.0000990612091501  5.5876880425299973  41.2866419019004738  
0.5300000000000002  0.0000000000000000  1.0000000000000000  0.1040328695335228  0.0000813599252768  5.7765145746128423  41.2625726844716070  
0.5400000000000003  0.0000000000000000  1.0000000000000000  0.1071584830457084  0.0000718558389033  5.9648092652324065  41.2239769538492311  
0.5500000000000003  0.0000000000000000  1.0000000000000000  0.1102129639054275  0.0000704045664629  6.1444364850371320  41.1776234097871665  
0.5600000000000003  0.0000000000000000  1.0000000000000000  0.1131620087297753  0.0000819700849171  6.3019467758623247  41.1206192698817219  
0.5700000000000003  0.0000000000000000  1.0000000000000000  0.1159987604988832  0.0001054197065110  6.4377026957062009  41.0537651955386593  
0.5800000000000003  0.0000000000000000  1.0000000000000000  0.1187351546432992  0.0001298939554669  6.5590525275677249  40.9734910165435195  
0.5900000000000003  0.0000000000000000  1.0000000000000000  0.1213778893778145  0.0001444136784536  6.6675092253107850  40.8834781659793833  
0.6000000000000003  0.0000000000000000  1.0000000000000000  0.1239310085377866  0.0001425595486993  6.7635471205841400  40.7822822089117025  
0.6100000000000003  0.0000000000000000  1.0000000000000000  0.1264038333709661  0.0001301254481672  6.8488807311643018  40.6679961541897086  
0.6200000000000003  0.0000000000000000  1.0000000000000000  0.1288110887047694  0.0001124108092198  6.9267908493155677  40.5406346436482465  
0.6300000000000003  0.0000000000000000  1.0000000000000000  0.1311756534846448  0.0000899251195206  7.0049252658267500  40.4000607072311979  
0.6400000000000003  0.0000000000000000  1.0000000000000000  0.1335166172141607  0.0000657621798435  7.0915701057045260  40.2519613499759927  
0.6500000000000004  0.0000000000000000  1.0000000000000000  0.1358326950932867  0.0000546432124286  7.1855470111976461  40.0937573839787333  
0.6600000000000004  0.0000000000000000  1.0000000000000000  0.1381090518900771  0.0000657100591445  7.2814986978890675  39.9313129456778952  
0.6700000000000004  0.0000000000000000  1.0000000000000000  0.1403307022812891  0.0000831309919934  7.3768717908436408  39.7623376381868354  
0.6800000000000004  0.0000000000000000  1.0000000000000000  0.1424805501315536  0.0001022189256328  7.4680675579366920  39.5925831227459284  
0.6900000000000004  0.0000000000000000  1.0000000000000000  0.1445431603443959  0.0001218491292274  7.5487143831826549  39.4179414623857554  
0.7000000000000004  0.0000000000000000  1.0000000000000000  0.1465245021889399  0.0001341754155954  7.6220315282581632  39.2379779586087736  
0.7100000000000004  0.0000000000000000  1.0000000000000000  0.1484454065611066  0.0001352025406209  7.6991584994353151  39.0538653939806153  
0.7200000000000004  0.0000000000000000  1.0000000000000000  0.1503101880509243  0.0001200657416018  7.7828340234295199  38.8635940742686898  
0.7300000000000004  0.0000000000000000  1.0000000000000000  0.1520974145850379  0.0000927378518132  7.8666538586983430  38.6733594660240811  
0.7400000000000004  0.0000000000000000  1.0000000000000000  0.1537848669261972  0.0000691314806823  7.9436698916129256  38.4796022736387755  
0.7500000000000004  0.0000000000000000  1.0000000000000000  0.1553650129365028  0.0000570762259694  8.0166238908233893  38.2858718233095985  
0.7600000000000005  0.0000000000000000  1.0000000000000000  0.1568272724789397  0.0000521781992810  8.0860662464194863  38.0912014046313416  
0.7700000000000005  0.0000000000000000  1.0000000000000000  0.1581465851516213  0.0000565670925271  8.1468718532164370  37.9023115413506844  
0.7800000000000005  0.0000000000000000  1.0000000000000000  0.1592940863531412  0.0000753063113937  8.1923525036078662  37.7149417266448026  
0.7900000000000005  0.0000000000000000  1.0000000000000000  0.1602445599602565  0.0001030680513068  8.2158199226051352  37.5308648160105207  
0.8000000000000005  0.0000000000000000  1.0000000000000000  0.1609886414704563  0.0001225294236974  8.2154131708324343  37.3488730554033879  
0.8100000000000005  0.0000000000000000  1.0000000000000000  0.1615342797270111  0.0001269287584131  8.1958757056604394  37.1683162349679961  
0.8200000000000005  0.0000000000000000  1.0000000000000000  0.1618968927421660  0.0001207343666436  8.1605350714512372  36.9882893035627447  
0.8300000000000005  0.0000000000000000  1.0000000000000000  0.1620971682043538  0.0001059521099871  8.1229131275315485  36.8365022363457228  
0.8400000000000005  0.0000000000000000  1.0000000000000000  0.1621485600991075  0.0000841838013087  8.0696243090369961  36.6349736395493650  
0.8500000000000005  0.0000000000000000  1.0000000000000000  0.1620496607941419  0.0000609703097698  8.0108885268225123  36.4385963888639210  
0.8600000000000005  0.0000000000000000  1.0000000000000000  0.1617913717820818  0.0000438034679909  7.9496026090366279  36.2713426090580171  
0.8700000000000006  0.0000000000000000  1.0000000000000000  0.1613631516468493  0.0000435919230730  7.8713418751275261  36.0947708923006445  
0.8800000000000006  0.0000000000000000  1.0000000000000000  0.1607713633950371  0.0000619505623385  7.7800189410906500  35.9220773522286194  
0.8900000000000006  0.0000000000000000  1.0000000000000000  0.1600396304226948  0.0000817237469329  7.6842834825300157  35.7518161236992782  
0.9000000000000006  0.0000000000000000  1.0000000000000000  0.1591794876439043  0.0000997789855286  7.5864890042665989  35.5847672437476419  
0.9100000000000006  0.0000000000000000  1.0000000000000000  0.1581867088165740  0.0001183166666632  7.4804193694381889  35.4195520904036911  
0.9200000000000006  0.0000000000000000  1.0000000000000000  0.1570741237148194  0.0001274091963612  7.3672430937887379  35.2540422072107944  
0.9300000000000006  0.0000000000000000  1.0000000000000000  0.1558751314072672  0.0001182399391677  7.2582138669603085  35.0907815263782510  
0.9400000000000006  0.0000000000000000  1.0000000000000000  0.1546130621598630  0.0000954795372448  7.1582936879428640  34.9255566910236865  
0.9500000000000006  0.0000000000000000  1.0000000000000000  0.1532929909263822  0.0000716762600210  7.0678540043567457  34.7639494733979149  
0.9600000000000006  0.0000000000000000  1.0000000000000000  0.1519102949293564  0.0000532561800545  6.9860108403156937  34.6028832122450396  
0.9700000000000006  0.0000000000000000  1.0000000000000000  0.1504466225092301  0.0000459500305225  6.9082637719655562  34.4476332102716043  
0.9800000000000006  0.0000000000000000  1.0000000000000000  0.1488771630045952  0.0000471509052664  6.8274002528464051  34.2957505031463725  
0.9900000000000007  0.0000000000000000  1.0000000000000000  0.1471827012907368  0.0000590879529834  6.7390497873282946  34.1497275387403860  
1.0000000000000007  0.0000000000000000  1.0000000000000000  0.1453568510736432  0.0000851456223487  6.6417986356363583  34.0079512351105393  
1.0100000000000007  0.0000000000000000  1.0000000000000000  0.1434077340465927  0.0001109825948459  6.5387921419979369  33.8683443874647239  
1.0200000000000007  0.0000000000000000  1.0000000000000000  0.1413436733519736  0.0001232657735282  6.4342604772502634  33.7345231193621089  
1.0300000000000007  0.0000000000000000  1.0000000000000000  0.1391636670399693  0.0001204400264343  6.3266680194612928  33.6017911008368202  
1.0400000000000007  0.0000000000000000  1.0000000000000000  0.1368578628761859  0.0001106453763007  6.2130223717664261  33.4726965356532062  
1.0500000000000007  0.0000000000000000  1.0000000000000000  0.1344189377186700  0.0000941108034250  6.0903019559887621  33.3436315241666605  
1.0600000000000007  0.0000000000000000  1.0000000000000000  0.1318527778071064  0.0000688074362763  5.9613828897901788  33.2187408068767738  
1.0700000000000007  0.0000000000000000  1.0000000000000000  0.1291657588230176  0.0000478777879883  5.8300011074566340  33.0955376527837188  
1.0800000000000007  0.0000000000000000  1.0000000000000000  0.1263423499696650  0.0000426865786677  5.6911845995372632  32.9754482118758929  
1.0900000000000007  0.0000000000000000  1.0000000000000000  0.1233589129154324  0.0000519836843682  5.5358795307478506  32.8586524148661425  
1.1000000000000008  0.0000000000000000  1.0000000000000000  0.1202106700012712  0.0000728576170176  5.3620705864826883  32.7455820905022605  
1.1100000000000008  0.0000000000000000  1.0000000000000000  0.1169172986878682  0.0000943634263957  5.1740820009157860  32.6336746616358795  
1.1200000000000008  0.0000000000000000  1.0000000000000000  0.1135060074440149  0.0001115952658240  4.9772771557829270  32.5217511141781515  
1.1300000000000008  0.0000000000000000  1.0000000000000000  0.1100047965509310  0.0001274081598476  4.7758540325379650  32.4105530515587859  
1.1400000000000008  0.0000000000000000  1.0000000000000000  0.1064451629736025  0.0001289789170448  4.5758716666338159  32.2973039404808517  
1.1500000000000008  0.0000000000000000  1.0000000000000000  0.1028537609718586  0.0001103556417988  4.3824441628113417  32.1851410009265066  
1.1600000000000008  0.0000000000000000  1.0000000000000000  0.0992339353943955  0.0000854826217170  4.1936530437494355  32.0717174851414200  
1.1700000000000008  0.0000000000000000  1.0000000000000000  0.0955819244227097  0.0000665797156356  4.0045370301884962  31.9576793546972482  
1.1800000000000008  0.0000000000000000  1.0000000000000000  0.0919091345656104  0.0000545069225409  3.8177234071492085  31.8443703764334778  
1.1900000000000008  0.0000000000000000  1.0000000000000000  0.0882302488916990  0.0000506682974316  3.6356910353133602  31.7318943094557930  
1.2000000000000008  0.0000000000000000  1.0000000000000000  0.0845517329378552  0.0000588735457699  3.4590485717927755  31.6208517879278972  
1.2100000000000009  0.0000000000000000  1.0000000000000000  0.0808743618345716  0.0000807715748340  3.2860719695640870  31.5108307642027938  
1.2200000000000009  0.0000000000000000  1.0000000000000000  0.0771982724791429  0.0001078169330912  3.1144145287275351  31.4027231807871914  
1.2300000000000009  0.0000000000000000  1.0000000000000000  0.0735327242332446  0.0001279522475150  2.9439318333731741  31.2947835301052031  
1.2400000000000009  0.0000000000000000  1.0000000000000000  0.0699063967997308  0.0001327096365273  2.7821837527477871  31.1881350253817189  
1.2500000000000009  0.0000000000000000  1.0000000000000000  0.0663419846050103  0.0001249275110082  2.6362851137908327  31.0805586510974159  
1.2600000000000009  0.0000000000000000  1.0000000000000000  0.0628326625792203  0.0001123680543929  2.5021880607804516  30.9749373137526582  
1.2700000000000009  0.0000000000000000  1.0000000000000000  0.0593574103361813  0.0000916102668214  2.3736480824413797  30.8707350363206956  
1.2800000000000009  0.0000000000000000  1.0000000000000000  0.0558972240853420  0.0000665909835171  2.2474420171728862  30.7698476122382800  
1.2900000000000009  0.0000000000000000  1.0000000000000000  0.0524328476656471  0.0000522591669617  2.1186688087962717  30.6704881476823452  
1.3000000000000009  0.0000000000000000  1.0000000000000000  0.0489501367700263  0.0000582305236391  1.9836586019503699  30.5716251636261056  
1.3100000000000009  0.0000000000000000  1.0000000000000000  0.0454443591291415  0.0000747083691098  1.8412164997568163  30.4761670433646792  
1.3200000000000010  0.0000000000000000  1.0000000000000000  0.0419274273487937  0.0000940958629845  1.6943367523055048  30.3820904447654705  
1.3300000000000010  0.0000000000000000  1.0000000000000000  0.0384127670753994  0.0001164852112713  1.5473181473326367  30.2902127853587437  
1.3400000000000010  0.0000000000000000  1.0000000000000000  0.0348987092363881  0.0001335514067351  1.3964031483686297  30.1961789919270345  
1.3500000000000010  0.0000000000000000  1.0000000000000000  0.0313876200479180  0.0001412431854287  1.2401389699754566  30.1054013964879061  
1.3600000000000010  0.0000000000000000  1.0000000000000000  0.0279011643993493  0.0001330683360819  1.0835820583120770  30.0125149421806974  
1.3700000000000010  0.0000000000000000  1.0000000000000000  0.0244612367406172  0.0001091768342094  0.9319103923621571  29.9198655171087182  
1.3800000000000010  0.0000000000000000  1.0000000000000000  0.0210718924071107  0.0000853270301844  0.7847111760108069  29.8270386033509922  
1.3900000000000010  0.0000000000000000  1.0000000000000000  0.0177229101768693  0.0000718484677899  0.6367900695449865  29.7340698912575156  
1.4000000000000010  0.0000000000000000  1.0000000000000000  0.0144063314406382  0.0000641850629565  0.4842421925704530  29.6426733241346092  
1.4100000000000010  0.0000000000000000  1.0000000000000000  0.0111297730545845  0.0000645015350429  0.3268733798570396  29.5508781701685734  
1.4200000000000010  0.0000000000000000  1.0000000000000000  0.0079192520909153  0.0000817123935034  0.1693134500224620  29.4592445585811546  
1.4300000000000010  0.0000000000000000  1.0000000000000000  0.0048100610487349  0.0001087299917779  0.0182743481275233  29.3647889146459704  
1.4400000000000011  0.0000000000000000  1.0000000000000000  0.0018297665627698  0.0001327975945492  -0.1214841848242638  29.2733817646582963  
1.4500000000000011  0.0000000000000000  1.0000000000000000  -0.0010032679726309  0.0001435811539580  -0.2492705297139339  29.1822397812878940  
1.4600000000000011  0.0000000000000000  1.0000000000000000  -0.0036733332755569  0.0001420499779954  -0.3622724351510529  29.0926128858146065  
1.4700000000000011  0.0000000000000000  1.0000000000000000  -0.0061748458785598  0.0001319347656942  -0.4601284269680265  29.0036361217780652  
1.4800000000000011  0.0000000000000000  1.0000000000000000  -0.0085157589677861  0.0001128737476538  -0.5469276288002831  28.9161235040259683  
1.4900000000000011  0.0000000000000000  1.0000000000000000  -0.0106993177218165  0.0000895697071575  -0.6241513488723848  28.8324221772296738  
1.5000000000000011  0.0000000000000000  1.0000000000000000  -0.0127202600196433  0.0000686731303761  -0.6885716013275883  28.7498327691853497  
1.5100000000000011  0.0000000000000000  1.0000000000000000  -0.0145899293857025  0.0000630641504905  -0.7394777592670559  28.5577130985827807  
1.5200000000000011  0.0000000000000000  1.0000000000000000  -0.0163350046932177  0.0000771161674053  -0.7954897992654567  28.6303263716388798  
1.5300000000000011  0.0000000000000000  1.0000000000000000  -0.0179637260780897  0.0000955120996297  -0.8509915139202179  28.6735629581510345  
1.5400000000000011  0.0000000000000000  1.0000000000000000  -0.0194613377981322  0.0001132788427515  -0.9018321513380342  28.7160025729101314  
1.5500000000000012  0.0000000000000000  1.0000000000000000  -0.0208106275625232  0.0001346970850944  -0.9428068865501977  28.7572813166972345  
1.5600000000000012  0.0000000000000000  1.0000000000000000  -0.0220078040249965  0.0001481014054867  -0.9721912805981516  28.7946003426200328  
1.5700000000000012  0.0000000000000000  1.0000000000000000  -0.0230689135912415  0.0001447710592966  -0.9941073244410362  28.8308808648982300  
1.5800000000000012  0.0000000000000000  1.0000000000000000  -0.0240162933175119  0.0001268538897850  -1.0135442878436651  28.8633182195139746  
1.5900000000000012  0.0000000000000000  1.0000000000000000  -0.0248672554114514  0.0001026571314683  -1.0328237968816374  28.8895630784452351  
1.6000000000000012  0.0000000000000000  1.0000000000000000  -0.0256378477936965  0.0000828273330591  -1.0558747615096176  28.9128185285184287  
1.6100000000000012  0.0000000000000000  1.0000000000000000  -0.0263336716477267  0.0000715134285853  -1.0834370850718469  28.9325751279153245  
1.6200000000000012  0.0000000000000000  1.0000000000000000  -0.0269512423661319  0.0000683656076345  -1.1140679278777230  28.9509435964444393  
1.6300000000000012  0.0000000000000000  1.0000000000000000  -0.0274849377503230  0.0000752461770407  -1.1474521934271769  28.9632078917683771  
1.6400000000000012  0.0000000000000000  1.0000000000000000  -0.0279236973071826  0.0000980844848271  -1.1814973046442792  28.9685368682916184  
1.6500000000000012  0.0000000000000000  1.0000000000000000  -0.0282541511968245  0.0001258635818578  -1.2139300097302756  28.9652438628215876  
1.6600000000000013  0.0000000000000000  1.0000000000000000  -0.0284628162093550  0.0001411474670111  -1.2441136018909835  28.9538023664279116  
1.6700000000000013  0.0000000000000000  1.0000000000000000  -0.0285248849340473  0.0001438657458921  -1.2665685056034179  28.9291060595348348  
1.6800000000000013  0.0000000000000000  1.0000000000000000  -0.0284147456422773  0.0001381252226686  -1.2738959023836931  28.8836446498883497  
1.6900000000000013  0.0000000000000000  1.0000000000000000  -0.0281341664680713  0.0001238700426065  -1.2673295846258730  28.8213020035442504  
1.7000000000000013  0.0000000000000000  1.0000000000000000  -0.0277084576824717  0.0001001543060033  -1.2565141991362225  28.7477811488265829  
1.7100000000000013  0.0000000000000000  1.0000000000000000  -0.0271470206746831  0.0000757277410585  -1.2444327262192896  28.6658490695696457  
1.7200000000000013  0.0000000000000000  1.0000000000000000  -0.0264356765182277  0.0000641632386263  -1.2262347130431861  28.5724775488092710  
1.7300000000000013  0.0000000000000000  1.0000000000000000  -0.0255581991644918  0.0000678581061382  -1.1987450192020226  28.4691328363517862  
1.7400000000000013  0.0000000000000000  1.0000000000000000  -0.0245035805875041  0.0000841574722640  -1.1602691200960640  28.3596528853465273  
1.7500000000000013  0.0000000000000000  1.0000000000000000  -0.0232629927133388  0.0001039317315213  -1.1094971242061744  28.2476737015242705  
1.7600000000000013  0.0000000000000000  1.0000000000000000  -0.0218308255490917  0.0001213320386210  -1.0446220116680205  28.1344071330999554  
1.7700000000000014  0.0000000000000000  1.0000000000000000  -0.0202125575998565  0.0001396458396896  -0.9666801709251358  28.0230022790322302  
1.7800000000000014  0.0000000000000000  1.0000000000000000  -0.0184200670956494  0.0001465974256653  -0.8785257875655608  27.9189612402513028  
1.7900000000000014  0.0000000000000000  1.0000000000000000  -0.0164646999672233  0.0001319359656936  -0.7804576135910141  27.8279955454105163  
1.8000000000000014  0.0000000000000000  1.0000000000000000  -0.0143632716246928  0.0001082497829961  -0.6745912868691757  27.7498326359555740  
1.8100000000000014  0.0000000000000000  1.0000000000000000  -0.0121394838540272  0.0000876054402589  -0.5642056510332011  27.6842388341880650  
1.8200000000000014  0.0000000000000000  1.0000000000000000  -0.0098206628246024  0.0000707225451748  -0.4509932149023078  27.4999001837710182  
1.8300000000000014  0.0000000000000000  1.0000000000000000  -0.0074362525725144  0.0000614445417175  -0.3473858535687993  27.5647337695136017  
1.8400000000000014  0.0000000000000000  1.0000000000000000  -0.0049961325843532  0.0000635722007589  -0.2491920824823031  27.5904150860177602  
1.8500000000000014  0.0000000000000000  1.0000000000000000  -0.0024861178092892  0.0000786979499571  -0.1510100807060123  27.6078138647213507  
1.8600000000000014  0.0000000000000000  1.0000000000000000  0.0001086933369535  0.0001045971282941  -0.0477569336172794  27.6264757606040021  
1.8700000000000014  0.0000000000000000  1.0000000000000000  0.0027838532673852  0.0001262107652816  0.0603209999747976  27.6476552635986650  
1.8800000000000014  0.0000000000000000  1.0000000000000000  0.0055184979154655  0.0001342326711268  0.1684666314236871  27.6745752368842659  
1.8900000000000015  0.0000000000000000  1.0000000000000000  0.0082964001384105  0.0001307498328531  0.2730934780604125  27.7051450997189619  
1.9000000000000015  0.0000000000000000  1.0000000000000000  0.0111158189827250  0.0001207444394022  0.3762857224119329  27.7375978490619879  
1.9100000000000015  0.0000000000000000  1.0000000000000000  0.0139720918561262  0.0001022069218242  0.4780649095395351  27.7739004744529865  
1.9200000000000015  0.0000000000000000  1.0000000000000000  0.0168548679839733  0.0000747509897188  0.5749558611829543  27.8136176141196856  
1.9300000000000015  0.0000000000000000  1.0000000000000000  0.0197688359743578  0.0000555525528448  0.6686004727521673  27.8571211924216549  
1.9400000000000015  0.0000000000000000  1.0000000000000000  0.0227256452268774  0.0000542626863546  0.7628610869949575  27.9000152430065711  
1.9500000000000015  0.0000000000000000  1.0000000000000000  0.0257290828079416  0.0000648065941213  0.8566879938394103  27.9458161151257016  
1.9600000000000015  0.0000000000000000  1.0000000000000000  0.0287905024498131  0.0000812317917226  0.9517192703051610  27.9962163502877637  
1.9700000000000015  0.0000000000000000  1.0000000000000000  0.0319361355116148  0.0001014300685668  1.0546758466931276  28.0498682827903600  
1.9800000000000015  0.0000000000000000  1.0000000000000000  0.0351857809192139  0.0001200556902428  1.1710096099197791  28.1063859880752496  
1.9900000000000015  0.0000000000000000  1.0000000000000000  0.0385408348826928  0.0001315492396920  1.3011983051489791  28.1667488290325245  
2.0000000000000013  0.0000000000000000  1.0000000000000000  0.0419831514463278  0.0001284187294691  1.4423501468453495  28.2329256353859677  
2.0100000000000011  0.0000000000000000  1.0000000000000000  0.0454836948991092  0.0001070425065859  1.5873771661277296  28.3024081529989822  
2.0200000000000009  0.0000000000000000  1.0000000000000000  0.0490232741908296  0.0000824700795294  1.7326872980829680  28.3749310622819273  
2.0300000000000007  0.0000000000000000  1.0000000000000000  0.0526045175443689  0.0000657283772153  1.8815231461846751  28.4468603012519878  
2.0400000000000005  0.0000000000000000  1.0000000000000000  0.0562304484251221  0.0000531142510112  2.0374939452110143  28.5219462506074848  
2.0500000000000003  0.0000000000000000  1.0000000000000000  0.0598911741708590  0.0000467753683565  2.1987840105139793  28.6009920256589965  
2.0600000000000001  0.0000000000000000  1.0000000000000000  0.0635731604072641  0.0000575501396420  2.3632107660937702  28.6820296518705966  
2.0699999999999998  0.0000000000000000  1.0000000000000000  0.0672694633056777  0.0000810308952637  2.5310211153897928  28.7649429122479745  
2.0799999999999996  0.0000000000000000  1.0000000000000000  0.0709757527998324  0.0001044810284224  2.7043504312218758  28.8517463187759482  
2.0899999999999994  0.0000000000000000  1.0000000000000000  0.0746748378028844  0.0001193652531115  2.8812887446552269  28.9438147811590234  
2.0999999999999992  0.0000000000000000  1.0000000000000000  0.0783454476621220  0.0001211222238259  3.0581152669147151  29.0385911345549630  
2.1099999999999990  0.0000000000000000  1.0000000000000000  0.0819698265086886  0.0001142334155988  3.2341663592261694  29.1366646882722264  
2.1199999999999988  0.0000000000000000  1.0000000000000000  0.0855221342232830  0.0000990846949087  3.4055143954492313  29.2353635833576639  
2.1299999999999986  0.0000000000000000  1.0000000000000000  0.0889689509569905  0.0000751012869478  3.5650287310215418  29.3363613411674180  
2.1399999999999983  0.0000000000000000  1.0000000000000000  0.0922920982235043  0.0000508610122146  3.7084860697843838  29.4386332587929580  
2.1499999999999981  0.0000000000000000  1.0000000000000000  0.0955017307985939  0.0000396963641489  3.8392567012865069  29.5397257799833106  
2.1599999999999979  0.0000000000000000  1.0000000000000000  0.0986235970747268  0.0000472953654092  3.9662441192182221  29.6402425529220537  
2.1699999999999977  0.0000000000000000  1.0000000000000000  0.1016692949827318  0.0000627248597597  4.0921125425514280  29.7426222520127510  
2.1799999999999975  0.0000000000000000  1.0000000000000000  0.1046359368635633  0.0000785201118634  4.2152722056278833  29.8484061293269285  
2.1899999999999973  0.0000000000000000  1.0000000000000000  0.1075205502667964  0.0001006702434104  4.3349224245925582  29.9552595567141253  
2.1999999999999971  0.0000000000000000  1.0000000000000000  0.1103220141562253  0.0001183852090945  4.4500767483122052  30.0615789109011331  
2.2099999999999969  0.0000000000000000  1.0000000000000000  0.1130446384502853  0.0001199066002471  4.5628385179811115  30.1699745393401138  
2.2199999999999966  0.0000000000000000  1.0000000000000000  0.1156935762735628  0.0001075078347110  4.6752579486576948  30.2804749622240834  
2.2299999999999964  0.0000000000000000  1.0000000000000000  0.1182636111661109  0.0000840621978276  4.7851458837049909  30.3889783595262806  
2.2399999999999962  0.0000000000000000  1.0000000000000000  0.1207480807947224  0.0000626540691873  4.8893945914977479  30.4973085069292438  
2.2499999999999960  0.0000000000000000  1.0000000000000000  0.1231556068584405  0.0000487124121735  4.9904070876394915  30.6033495424961153  
2.2599999999999958  0.0000000000000000  1.0000000000000000  0.1254996508222668  0.0000402224995145  5.0927210663579272  30.7093632575658049  
2.2699999999999956  0.0000000000000000  1.0000000000000000  0.1277871254400991  0.0000418043882379  5.1959103189226417  30.8157015954361917  
2.2799999999999954  0.0000000000000000  1.0000000000000000  0.1300349051128622  0.0000605050207281  5.3047868825502942  30.9210015773776163  
2.2899999999999952  0.0000000000000000  1.0000000000000000  0.1322585538655732  0.0000882497011503  5.4267223784245546  31.0274620570355992  
2.2999999999999949  0.0000000000000000  1.0000000000000000  0.1344431294891929  0.0001064018800359  5.5585568647810017  31.1354977738294174  
2.3099999999999947  0.0000000000000000  1.0000000000000000  0.1365533752465834  0.0001136435492341  5.6914297580355910  31.2471790533049756  
2.3199999999999945  0.0000000000000000  1.0000000000000000  0.1385593714438005  0.0001123975085024  5.8181199927340517  31.3568262715696235  
2.3299999999999943  0.0000000000000000  1.0000000000000000  0.1404499245996048  0.0001016946444537  5.9385259055882269  31.4664577402172974  
2.3399999999999941  0.0000000000000000  1.0000000000000000  0.1422227124680716  0.0000804720670299  6.0552719548116754  31.5751142938845994  
2.3499999999999939  0.0000000000000000  1.0000000000000000  0.1438657889956058  0.0000551955497736  6.1662142054733797  31.6832618663736341  
2.3599999999999937  0.0000000000000000  1.0000000000000000  0.1453634107846419  0.0000385879885626  6.2672943943813593  31.7902325474428977  
2.3699999999999934  0.0000000000000000  1.0000000000000000  0.1467096158307468  0.0000373672056581  6.3584178444885335  31.8946753673454033  
2.3799999999999932  0.0000000000000000  1.0000000000000000  0.1479050160109762  0.0000504909851711  6.4404607601500787  31.9984421447436986  
2.3899999999999930  0.0000000000000000  1.0000000000000000  0.1489511649057191  0.0000678631729591  6.5154778091819843  32.1020675340127184  
2.3999999999999928  0.0000000000000000  1.0000000000000000  0.1498486459974885  0.0000862902393571  6.5846686611154031  32.2069631808918118  
2.4099999999999926  0.0000000000000000  1.0000000000000000  0.1505881174739248  0.0001072778786887  6.6490869724630564  32.2863829851364272  
2.4199999999999924  0.0000000000000000  1.0000000000000000  0.1511544152195379  0.0001200205137797  6.7090270789545290  32.3823828825146833  
2.4299999999999922  0.0000000000000000  1.0000000000000000  0.1515333631333868  0.0001118247505610  6.7577857993243109  32.4806586169503433  
2.4399999999999920  0.0000000000000000  1.0000000000000000  0.1517156154146801  0.0000914319280103  6.7915473943395028  32.5785551847247348  
2.4499999999999917  0.0000000000000000  1.0000000000000000  0.1517048830866850  0.0000715958728202  6.8116711139900987  32.6997401617948213  
2.4599999999999915  0.0000000000000000  1.0000000000000000  0.1515259529862714  0.0000531399169749  6.8019227143574854  32.7692251522973379  
2.4699999999999913  0.0000000000000000  1.0000000000000000  0.1512168824469032  0.0000408218780778  6.7818613032904187  32.8548454229669318  
2.4799999999999911  0.0000000000000000  1.0000000000000000  0.1507957975568427  0.0000391914514980  6.7588708734179468  32.9404478660259912  
2.4899999999999909  0.0000000000000000  1.0000000000000000  0.1502616693783486  0.0000501195746244  6.7352969827333800  33.0204318284122849  
2.4999999999999907  0.0000000000000000  1.0000000000000000  0.1496213022654135  0.0000750517274091  6.7068119321883106  33.0978338013143798  
2.5099999999999905  0.0000000000000000  1.0000000000000000  0.1488955048956775  0.0001007470495565  6.6732595175872067  33.1720449131514883  
2.5199999999999902  0.0000000000000000  1.0000000000000000  0.1480920747932498  0.0001127151359003  6.6415973750570476  33.2434909966383501  
2.5299999999999900  0.0000000000000000  1.0000000000000000  0.1472024487949406  0.0001151493648293  6.6195027984732340  33.3424412439935196  
2.5399999999999898  0.0000000000000000  1.0000000000000000  0.1462192196976340  0.0001104694976728  6.5883236092237745  33.4089023074728644  
2.5499999999999896  0.0000000000000000  1.0000000000000000  0.1451389954311683  0.0000951483118422  6.5532563791120868  33.4729235536906700  
2.5599999999999894  0.0000000000000000  1.0000000000000000  0.1439601505455692  0.0000699593694661  6.5115861150028200  33.5318505972226077  
2.5699999999999892  0.0000000000000000  1.0000000000000000  0.1426932569706965  0.0000477604140233  6.4665208368760148  33.5842201134535614  
2.5799999999999890  0.0000000000000000  1.0000000000000000  0.1413523728418360  0.0000421941934126  6.4223423424174229  33.6315120488355319  
2.5899999999999888  0.0000000000000000  1.0000000000000000  0.1399461569198978  0.0000491736400232  6.3812010868113287  33.6737895792593775  
2.5999999999999885  0.0000000000000000  1.0000000000000000  0.1384751010524045  0.0000638950642576  6.3458053957324445  33.7151355689730181  
2.6099999999999883  0.0000000000000000  1.0000000000000000  0.1369194217964598  0.0000841534535505  6.3103220204524098  33.7537995094232102  
2.6199999999999881  0.0000000000000000  1.0000000000000000  0.1352502617805488  0.0001045903388613  6.2663425328117466  33.7907857038836852  
2.6299999999999879  0.0000000000000000  1.0000000000000000  0.1334494344607727  0.0001216919744719  6.2098370456440639  33.8250494794231358  
2.6399999999999877  0.0000000000000000  1.0000000000000000  0.1315138406320771  0.0001254320242203  6.1409243239804425  33.8559180253625200  
2.6499999999999875  0.0000000000000000  1.0000000000000000  0.1294457131216990  0.0001091569334801  6.0620509652862733  33.8836565556025775  
2.6599999999999873  0.0000000000000000  1.0000000000000000  0.1272397467932967  0.0000871546279329  5.9710206848805107  33.9065618939077638  
2.6699999999999871  0.0000000000000000  1.0000000000000000  0.1248849141432368  0.0000704014648511  5.8618120068639010  33.9232290022873855  
2.6799999999999868  0.0000000000000000  1.0000000000000000  0.1223912455974747  0.0000559595996769  5.7358444649385962  33.9344445968946857  
2.6899999999999866  0.0000000000000000  1.0000000000000000  0.1197879802847858  0.0000467600518036  5.6028261844818763  33.9413014475465502  
2.6999999999999864  0.0000000000000000  1.0000000000000000  0.1170941563083241  0.0000533074957071  5.4660164621753413  33.9417332419458901  
2.7099999999999862  0.0000000000000000  1.0000000000000000  0.1143147802776225  0.0000747922371808  5.3240009551595717  33.9389086957203716  
2.7199999999999860  0.0000000000000000  1.0000000000000000  0.1114567051377478  0.0000997208393446  5.1783226271679954  33.9326565174665120  
2.7299999999999858  0.0000000000000000  1.0000000000000000  0.1085212990110120  0.0001193780061060  5.0279995066872223  33.9236409690808287  
2.7399999999999856  0.0000000000000000  1.0000000000000000  0.1055018417316127  0.0001267798238094  4.8679918310837085  33.9097670167090612  
2.7499999999999853  0.0000000000000000  1.0000000000000000  0.1024023560224929  0.0001246346286110  4.6965717745486435  33.8913003568624021  
2.7599999999999851  0.0000000000000000  1.0000000000000000  0.0992476729482777  0.0001153832209889  4.5191041779141283  33.8659821276257489  
2.7699999999999849  0.0000000000000000  1.0000000000000000  0.0960693794673327  0.0000944029258424  4.3429712119977077  33.8331342805911888  
2.7799999999999847  0.0000000000000000  1.0000000000000000  0.0928916148659381  0.0000690209297470  4.1725834518948464  33.7953180913924740  
2.7899999999999845  0.0000000000000000  1.0000000000000000  0.0897272825682269  0.0000550086970320  4.0087395095435108  33.7500760405805096  
2.7999999999999843  0.0000000000000000  1.0000000000000000  0.0865822667633901  0.0000582802791260  3.8506400997131731  33.7002902744940229  
2.8099999999999841  0.0000000000000000  1.0000000000000000  0.0834653224154676  0.0000708097602723  3.6989948090611207  33.6459540213931305  
2.8199999999999839  0.0000000000000000  1.0000000000000000  0.0803902309554608  0.0000867037296494  3.5582858681505201  33.5901620579408373  
2.8299999999999836  0.0000000000000000  1.0000000000000000  0.0773605850546935  0.0001088052509708  3.4302234341299593  33.5314613421481482  
2.8399999999999834  0.0000000000000000  1.0000000000000000  0.0743562709574148  0.0001307027219079  3.3077623941964962  33.4714922376019999  
2.8499999999999832  0.0000000000000000  1.0000000000000000  0.0713526586060240  0.0001387960296805  3.1825030470503162  33.4104132805547991  
2.8599999999999830  0.0000000000000000  1.0000000000000000  0.0683441980896610  0.0001318331912399  3.0543723921965387  33.3471537318147568  
2.8699999999999828  0.0000000000000000  1.0000000000000000  0.0653356796902849  0.0001126880426822  2.9246343736249707  33.2790477806449516  
2.8799999999999826  0.0000000000000000  1.0000000000000000  0.0623316646189741  0.0000906981569239  2.7938555800050024  33.2060087435741806  
2.8899999999999824  0.0000000000000000  1.0000000000000000  0.0593417749309925  0.0000764368492244  2.6646662137887827  33.1299347469781864  
2.8999999999999821  0.0000000000000000  1.0000000000000000  0.0563744467500205  0.0000647808325936  2.5398129115134371  33.0493367885977491  
2.9099999999999819  0.0000000000000000  1.0000000000000000  0.0534280338114261  0.0000613823064416  2.4193229640596079  32.9685633117963377  
2.9199999999999817  0.0000000000000000  1.0000000000000000  0.0504851632049739  0.0000771326010717  2.2975022143646902  32.8850713263343195  
2.9299999999999815  0.0000000000000000  1.0000000000000000  0.0475264545275999  0.0001035451001038  2.1677081731517509  32.8012700416030825  
2.9399999999999813  0.0000000000000000  1.0000000000000000  0.0445550128118972  0.0001249989594523  2.0314557497009744  32.7175053430952403  
2.9499999999999811  0.0000000000000000  1.0000000000000000  0.0415806275755448  0.0001367720081059  1.8927376231243036  32.6322819788315996  
2.9599999999999809  0.0000000000000000  1.0000000000000000  0.0386006343947089  0.0001406282521980  1.7483129530678765  32.5448489898873987  
2.9699999999999807  0.0000000000000000  1.0000000000000000  0.0356134790455784  0.0001343168896652  1.5962329188856381  32.4540523517589605  
2.9799999999999804  0.0000000000000000  1.0000000000000000  0.0326304900350876  0.0001173371154531  1.4369110721660048  32.3605495152875449  
2.9899999999999802  0.0000000000000000  1.0000000000000000  0.0296758054898321  0.0000927736178020  1.2748906398609465  32.2604836163474076  
2.9999999999999800  0.0000000000000000  1.0000000000000000  0.0267834556653398  0.0000724925979514  1.1173414524965870  32.1563320078925727  
3.0099999999999798  0.0000000000000000  1.0000000000000000  0.0239842606860336  0.0000672170510100  0.9714050165087442  32.0473509630151199  
3.0199999999999796  0.0000000000000000  1.0000000000000000  0.0212856151538607  0.0000763124332813  0.8368863022139831  31.9370534834120399  
3.0299999999999794  0.0000000000000000  1.0000000000000000  0.0186842608638128  0.0000916594390787  0.7086177562137929  31.8276629097732737  
3.0399999999999792  0.0000000000000000  1.0000000000000000  0.0161838479189397  0.0001090225642771  0.5884227441659643  31.7182095505593402  
3.0499999999999790  0.0000000000000000  1.0000000000000000  0.0137845949248972  0.0001323059096707  0.4745234621023435  31.6090142424321314  
3.0599999999999787  0.0000000000000000  1.0000000000000000  0.0114859927497175  0.0001494747164786  0.3640069839234067  31.4988427741861372  
3.0699999999999785  0.0000000000000000  1.0000000000000000  0.0093030648193222  0.0001469873911922  0.2604879015339848  31.3895506170657299  
3.0799999999999783  0.0000000000000000  1.0000000000000000  0.0072563083844969  0.0001311127618444  0.1693092427564263  31.2791215342796569  
3.0899999999999781  0.0000000000000000  1.0000000000000000  0.0053542170292125  0.0001113363098944  0.0918985669535636  31.1659719352278621  
3.0999999999999779  0.0000000000000000  1.0000000000000000  0.0035899988222053  0.0000923185972990  0.0243479575992012  31.0522781051190755  
3.1099999999999777  0.0000000000000000  1.0000000000000000  0.0019618073500950  0.0000769374607076  -0.0351959391979170  30.9396478985363999  
3.1199999999999775  0.0000000000000000  1.0000000000000000  0.0004813512723891  0.0000703605826962  -0.0815112111900436  30.8273470137053884  
3.1299999999999772  0.0000000000000000  1.0000000000000000  -0.0008508247328301  0.0000761611714726  -0.1128986106973976  30.7170366261550747  
3.1399999999999770  0.0000000000000000  1.0000000000000000  -0.0020559769354500  0.0000971176312296  -0.1354089390795233  30.6104188007442879  
3.1499999999999768  0.0000000000000000  1.0000000000000000  -0.0031648117335666  0.0001239856026941  -0.1555658955923233  30.5092465928286636  
3.1599999999999766  0.0000000000000000  1.0000000000000000  -0.0042009338884134  0.0001383216127947  -0.1794146509998488  30.4120835860332193  
3.1699999999999764  0.0000000000000000  1.0000000000000000  -0.0051732246534561  0.0001437390581420  -0.2075109369031322  30.3177885553576587  
3.1799999999999762  0.0000000000000000  1.0000000000000000  -0.0060777403862387  0.0001437545391056  -0.2383550473936204  30.2230070654145244  
3.1899999999999760  0.0000000000000000  1.0000000000000000  -0.0069061326464982  0.0001305813279847  -0.2692669480383008  30.1282192825248210  
3.1999999999999758  0.0000000000000000  1.0000000000000000  -0.0076487608276420  0.0001068597067716  -0.2982089233507214  30.0358791548282866  
3.2099999999999755  0.0000000000000000  1.0000000000000000  -0.0083021686131396  0.0000822481563601  -0.3240414158361521  29.9421496915302647  
3.2199999999999753  0.0000000000000000  1.0000000000000000  -0.0088668765903412  0.0000703258022489  -0.3478909501156243  29.8496869469685002  
3.2299999999999751  0.0000000000000000  1.0000000000000000  -0.0093460850119366  0.0000727157352405  -0.3705778598422441  29.7581980339936401  
3.2399999999999749  0.0000000000000000  1.0000000000000000  -0.0097443391861429  0.0000835773495479  -0.3942411996710641  29.6703065016905754  
3.2499999999999747  0.0000000000000000  1.0000000000000000  -0.0100575055310042  0.0001011189056372  -0.4185182942530871  29.5862148253888151  
3.2599999999999745  0.0000000000000000  1.0000000000000000  -0.0102724741141877  0.0001213433146615  -0.4387914570453720  29.5037397341978362  
3.2699999999999743  0.0000000000000000  1.0000000000000000  -0.0103900650566516  0.0001410489013872  -0.4562128425730320  29.4154875455935780  
3.2799999999999740  0.0000000000000000  1.0000000000000000  -0.0104204738418929  0.0001495532079632  -0.4774483911465047  29.3548510925914634  
3.2899999999999738  0.0000000000000000  1.0000000000000000  -0.0103481317184180  0.0001374711224291  -0.4994502543497977  29.2896294228623795  
3.2999999999999736  0.0000000000000000  1.0000000000000000  -0.0101354059352614  0.0001163054563436  -0.5117144606659459  29.2175743013005196  
3.3099999999999734  0.0000000000000000  1.0000000000000000  -0.0097574692970006  0.0000987567499956  -0.5097438534540147  29.1375788158062221  
3.3199999999999732  0.0000000000000000  1.0000000000000000  -0.0092067229426035  0.0000809172165644  -0.4927181060074155  29.0131028684126946  
3.3299999999999730  0.0000000000000000  1.0000000000000000  -0.0084840876226038  0.0000668419341629  -0.4627300885189808  28.9543251897761600  
3.3399999999999728  0.0000000000000000  1.0000000000000000  -0.0076008101752116  0.0000674582438882  -0.4215663563346285  28.8905145636607479  
3.3499999999999726  0.0000000000000000  1.0000000000000000  -0.0065699604094562  0.0000827816687581  -0.3720596404806646  28.8288216082442972  
3.3599999999999723  0.0000000000000000  1.0000000000000000  -0.0054028965533901  0.0001063347622268  -0.3156818810835444  28.7735281885862335  
3.3699999999999721  0.0000000000000000  1.0000000000000000  -0.0041083729588948  0.0001268736524452  -0.2542271635093827  28.7236735631778650  
3.3799999999999719  0.0000000000000000  1.0000000000000000  -0.0026890600482476  0.0001366611945620  -0.1861085622334125  28.6794019246452727  
3.3899999999999717  0.0000000000000000  1.0000000000000000  -0.0011492672245051  0.0001370305964001  -0.1115313083854978  28.6380652693787283  
3.3999999999999715  0.0000000000000000  1.0000000000000000  0.0004996215496453  0.0001307154742588  -0.0321783382115091  28.6004068194372252  
3.4099999999999713  0.0000000000000000  1.0000000000000000  0.0022483732588128  0.0001114638639317  0.0506713952119320  28.5657892399476019  
3.4199999999999711  0.0000000000000000  1.0000000000000000  0.0040917750273875  0.0000836087595074  0.1367008686646536  28.5355632993043429  
3.4299999999999708  0.0000000000000000  1.0000000000000000  0.0060312323226423  0.0000647392254783  0.2287135441653106  28.5077662655657242  
3.4399999999999706  0.0000000000000000  1.0000000000000000  0.0080610448107849  0.0000617280081934  0.3281804196027839  28.4831142270436857  
3.4499999999999704  0.0000000000000000  1.0000000000000000  0.0101521671724021  0.0000687069094127  0.4293628633574864  28.4651746479217564  
3.4599999999999702  0.0000000000000000  1.0000000000000000  0.0122665067778800  0.0000812817957617  0.5232218905047746  28.4536026521278451  
3.4699999999999700  0.0000000000000000  1.0000000000000000  0.0143876744607290  0.0001011838023007  0.6072043833545718  28.4471142086635389  
3.4799999999999698  0.0000000000000000  1.0000000000000000  0.0165223345473405  0.0001229966831029  0.6854565385292771  28.4425751294291516  
3.4899999999999696  0.0000000000000000  1.0000000000000000  0.0186777193902045  0.0001357809385135  0.7603082151428573  28.4422041387255256  
3.4999999999999694  0.0000000000000000  1.0000000000000000  0.0208579797526201  0.0001325827483254  0.8313881604694550  28.4453087508324849  
3.5099999999999691  0.0000000000000000  1.0000000000000000  0.0230758023427296  0.0001155784235081  0.9023064943003903  28.4509987196074192  
3.5199999999999689  0.0000000000000000  1.0000000000000000  0.0253435290693900  0.0000936791711219  0.9762027920507109  28.4570275347078763  
3.5299999999999687  0.0000000000000000  1.0000000000000000  0.0276619919223322  0.0000765332405708  1.0522797048513610  28.4644579355516534  
3.5399999999999685  0.0000000000000000  1.0000000000000000  0.0300304021613964  0.0000616546725842  1.1296118177724241  28.4754142445489222  
3.5499999999999683  0.0000000000000000  1.0000000000000000  0.0324577116200941  0.0000516635169743  1.2110944622214250  28.4903117435363562  
3.5599999999999681  0.0000000000000000  1.0000000000000000  0.0349485313962002  0.0000615177470855  1.2989290133048106  28.5089632178586001  
3.5699999999999679  0.0000000000000000  1.0000000000000000  0.0374952466927789  0.0000847401046616  1.3905011797214912  28.5294475183694338  
3.5799999999999677  0.0000000000000000  1.0000000000000000  0.0400885373056029  0.0001057215300682  1.4840615586879387  28.5575003842751300  
3.5899999999999674  0.0000000000000000  1.0000000000000000  0.0427228761782009  0.0001201109998797  1.5776268837812530  28.5893706159780656  
3.5999999999999672  0.0000000000000000  1.0000000000000000  0.0454065859048661  0.0001266689407078  1.6730240823542910  28.6234241692769160  
3.6099999999999670  0.0000000000000000  1.0000000000000000  0.0481643560734946  0.0001230119004527  1.7772690750461158  28.6589491924721393  
3.6199999999999668  0.0000000000000000  1.0000000000000000  0.0510107299704078  0.0001092833276411  1.8963953897394976  28.6981740060841126  
3.6299999999999666  0.0000000000000000  1.0000000000000000  0.0539319252254423  0.0000848259498519  2.0265548093856354  28.7410289532461114  
3.6399999999999664  0.0000000000000000  1.0000000000000000  0.0569068195789362  0.0000600180764337  2.1629531200750103  28.7873028940101676  
3.6499999999999662  0.0000000000000000  1.0000000000000000  0.0599180757025847  0.0000496580256267  2.3047919033265440  28.8366231854447115  
3.6599999999999659  0.0000000000000000  1.0000000000000000  0.0629480648023708  0.0000530176246757  2.4496567124891584  28.8883117959215916  
3.6699999999999657  0.0000000000000000  1.0000000000000000  0.0659766190410696  0.0000641296607319  2.5959003478668343  28.9473563106510774  
3.6799999999999655  0.0000000000000000  1.0000000000000000  0.0689820071081930  0.0000789262446127  2.7391124229583204  29.0101393143658512  
3.6899999999999653  0.0000000000000000  1.0000000000000000  0.0719518197191120  0.0001015129163784  2.8785353554226707  29.0774355553391892  
3.6999999999999651  0.0000000000000000  1.0000000000000000  0.0748792543362659  0.0001218093763338  3.0159029846984806  29.1461679417639417  
3.7099999999999649  0.0000000000000000  1.0000000000000000  0.0777478958380756  0.0001239961797912  3.1468226788820264  29.2191361544164181  
3.7199999999999647  0.0000000000000000  1.0000000000000000  0.0805511527380709  0.0001121811622719  3.2700450160434564  29.2949399389776879  
3.7299999999999645  0.0000000000000000  1.0000000000000000  0.0833013631347676  0.0000934779051682  3.3911329067980907  29.3703661907759930  
3.7399999999999642  0.0000000000000000  1.0000000000000000  0.0860056161479042  0.0000733679023710  3.5136150952227796  29.4468285711404221  
3.7499999999999640  0.0000000000000000  1.0000000000000000  0.0886492551141373  0.0000561163588539  3.6347382436144233  29.5252368444644873  
3.7599999999999638  0.0000000000000000  1.0000000000000000  0.0912088610846179  0.0000446900987699  3.7485163748059822  29.6075769655132746  
3.7699999999999636  0.0000000000000000  1.0000000000000000  0.0936678879361679  0.0000446080948299  3.8519711377703572  29.6906413262380156  
3.7799999999999634  0.0000000000000000  1.0000000000000000  0.0960231635567056  0.0000620691155849  3.9432248739653386  29.7753325843025998  
3.7899999999999632  0.0000000000000000  1.0000000000000000  0.0982884305714590  0.0000879227701031  4.0266352186754544  29.8604760545233106  
3.7999999999999630  0.0000000000000000  1.0000000000000000  0.1004813378805455  0.0001052311609518  4.1080055837004492  29.9496654550614316  
3.8099999999999627  0.0000000000000000  1.0000000000000000  0.1026094902935940  0.0001136121513903  4.1863449981446035  30.0395532712820383  
3.8199999999999625  0.0000000000000000  1.0000000000000000  0.1046817152538041  0.0001178599103407  4.2626954395970191  30.1284509364587656  
3.8299999999999623  0.0000000000000000  1.0000000000000000  0.1067143021562221  0.0001093223331511  4.3410229380479315  30.2165425012866464  
3.8399999999999621  0.0000000000000000  1.0000000000000000  0.1087185067918635  0.0000870902673774  4.4245261406410528  30.3056856996562907  
3.8499999999999619  0.0000000000000000  1.0000000000000000  0.1106952516209357  0.0000627495929505  4.5125654424390564  30.3953576663408782  
3.8599999999999617  0.0000000000000000  1.0000000000000000  0.1126427766597955  0.0000453510312628  4.6041867765319440  30.4833134418047713  
3.8699999999999615  0.0000000000000000  1.0000000000000000  0.1145617332918580  0.0000432852697279  4.7025126441544716  30.5738149919553202  
3.8799999999999613  0.0000000000000000  1.0000000000000000  0.1164358083058058  0.0000512798174734  4.8038985415964728  30.6641064688299778  
3.8899999999999610  0.0000000000000000  1.0000000000000000  0.1182391363023856  0.0000651601956753  4.9005436153127935  30.7582260934718157  
3.8999999999999608  0.0000000000000000  1.0000000000000000  0.1199662587852947  0.0000852718382766  4.9919952633719777  30.8522611419157968  
3.9099999999999606  0.0000000000000000  1.0000000000000000  0.1216305809469943  0.0001072600568256  5.0834006589870171  30.9458604006385869  
3.9199999999999604  0.0000000000000000  1.0000000000000000  0.1232440289459518  0.0001209183673833  5.1797655554530477  31.0400020950247928  
3.9299999999999602  0.0000000000000000  1.0000000000000000  0.1248019440651290  0.0001141712430885  5.2811109068966244  31.1351209463511616  
3.9399999999999600  0.0000000000000000  1.0000000000000000  0.1262841896745963  0.0000962388960562  5.3820037746548612  31.2311849482504904  
3.9499999999999598  0.0000000000000000  1.0000000000000000  0.1276733001363282  0.0000790701659384  5.4790457232747833  31.3239970031440116  
3.9599999999999596  0.0000000000000000  1.0000000000000000  0.1289561193394418  0.0000606602571182  5.5717173911760893  31.4168906324042467  
3.9699999999999593  0.0000000000000000  1.0000000000000000  0.1301169072337180  0.0000435351727140  5.6573792983664770  31.5099756611067505  
3.9799999999999591  0.0000000000000000  1.0000000000000000  0.1311409924335900  0.0000394896934507  5.7337640873876801  31.6042094769652238  
3.9899999999999589  0.0000000000000000  1.0000000000000000  0.1320154432834174  0.0000506606906407  5.7984851000284312  31.6963088620646687  
3.9999999999999587  0.0000000000000000  1.0000000000000000  0.1327280854974291  0.0000725279832698  5.8483923487879839  31.7888541091328563  
4.0099999999999589  0.0000000000000000  1.0000000000000000  0.1332782554580021  0.0000961093450623  5.8949529304325585  31.8622713427598114  
4.0199999999999587  0.0000000000000000  1.0000000000000000  0.1336754253026317  0.0001090803780708  5.9290429235704254  31.9489970523886271  
4.0299999999999585  0.0000000000000000  1.0000000000000000  0.1339301674506324  0.0001140746824869  5.9513746643085232  32.0364236717072899  
4.0399999999999583  0.0000000000000000  1.0000000000000000  0.1340624257300261  0.0001134132521204  5.9623929322255202  32.1219006262215458  
4.0499999999999581  0.0000000000000000  1.0000000000000000  0.1340939984526471  0.0000980709555740  5.9694410036116139  32.2204956969285874  
4.0599999999999579  0.0000000000000000  1.0000000000000000  0.1340197753177526  0.0000715609277263  5.9722974404949705  32.2910412139116403  
4.0699999999999577  0.0000000000000000  1.0000000000000000  0.1338201209314604  0.0000503857269601  5.9729347346675237  32.3607528676022440  
4.0799999999999574  0.0000000000000000  1.0000000000000000  0.1334966939562255  0.0000431933053908  5.9645813014493623  32.4400059952277999  
4.0899999999999572  0.0000000000000000  1.0000000000000000  0.1330684483369722  0.0000470260004196  5.9438450457619272  32.5113734731307389  
4.0999999999999570  0.0000000000000000  1.0000000000000000  0.1325502905276153  0.0000573921299318  5.9172950085652216  32.5811640451278421  
4.1099999999999568  0.0000000000000000  1.0000000000000000  0.1319503342062369  0.0000766354017837  5.8882777580830119  32.6482772033005091  
4.1199999999999566  0.0000000000000000  1.0000000000000000  0.1312773591740740  0.0000997922258397  5.8571555055026581  32.7142113079265187  
4.1299999999999564  0.0000000000000000  1.0000000000000000  0.1305449990610770  0.0001179245312585  5.8286215708030920  32.7987257054564338  
4.1399999999999562  0.0000000000000000  1.0000000000000000  0.1297664473359422  0.0001217349336980  5.7998792737926577  32.8559856851463152  
4.1499999999999559  0.0000000000000000  1.0000000000000000  0.1289488164744780  0.0001084416824115  5.7765289593398652  32.9137503992655311  
4.1599999999999557  0.0000000000000000  1.0000000000000000  0.1280946666356847  0.0000898568854381  5.7590442798228834  32.9680860155791677  
4.1699999999999555  0.0000000000000000  1.0000000000000000  0.1271962215600738  0.0000727023028195  5.7457661166367480  33.0156591873788940  
4.1799999999999553  0.0000000000000000  1.0000000000000000  0.1262354720936303  0.0000564173525040  5.7327354791341731  33.0627328740234248  
4.1899999999999551  0.0000000000000000  1.0000000000000000  0.1251906781922193  0.0000431348926361  5.7148635322165706  33.1065745062946419  
4.1999999999999549  0.0000000000000000  1.0000000000000000  0.1240434434077611  0.0000479150755059  5.6870118942928434  33.1487580041870871  
4.2099999999999547  0.0000000000000000  1.0000000000000000  0.1227900214106668  0.0000690689380615  5.6478717226203070  33.1860121014689682  
4.2199999999999545  0.0000000000000000  1.0000000000000000  0.1214443107603397  0.0000908199422360  5.6037613800320036  33.2217224329053877  
4.2299999999999542  0.0000000000000000  1.0000000000000000  0.1200168714345457  0.0001089323484232  5.5582061868663351  33.2559665911948628  
4.2399999999999540  0.0000000000000000  1.0000000000000000  0.1185020253703702  0.0001197886662477  5.5093022120252577  33.2857640431014232  
4.2499999999999538  0.0000000000000000  1.0000000000000000  0.1168834429464529  0.0001213513313700  5.4508929684417300  33.3136451007255090  
4.2599999999999536  0.0000000000000000  1.0000000000000000  0.1151572426888532  0.0001127342632166  5.3814712881438824  33.3362713922903779  
4.2699999999999534  0.0000000000000000  1.0000000000000000  0.1133328816638680  0.0000923933757003  5.3061883242174677  33.3565490267604616  
4.2799999999999532  0.0000000000000000  1.0000000000000000  0.1114080432833607  0.0000659634855041  5.2238019425485760  33.3714328597593237  
4.2899999999999530  0.0000000000000000  1.0000000000000000  0.1093699445219268  0.0000528058335586  5.1286686116480302  33.3843939544295978  
4.2999999999999527  0.0000000000000000  1.0000000000000000  0.1072181582709365  0.0000534870263424  5.0196438947080972  33.3912869188307937  
4.3099999999999525  0.0000000000000000  1.0000000000000000  0.1049628174772433  0.0000607976320043  4.9000615668497529  33.3959320484430009  
4.3199999999999523  0.0000000000000000  1.0000000000000000  0.1026124151768988  0.0000755182893990  4.7682788455774601  33.3963785970362608  
4.3299999999999521  0.0000000000000000  1.0000000000000000  0.1001884400583224  0.0000976540715465  4.6276911211255438  33.3912439064342763  
4.3399999999999519  0.0000000000000000  1.0000000000000000  0.0977259884103108  0.0001218983438810  4.4875352113338467  33.3822153047689554  
4.3499999999999517  0.0000000000000000  1.0000000000000000  0.0952507436230426  0.0001307415949364  4.3525745890485554  33.3670007686804198  
4.3599999999999515  0.0000000000000000  1.0000000000000000  0.0927733886389551  0.0001244861314540  4.2235498031649996  33.3502905831523861  
4.3699999999999513  0.0000000000000000  1.0000000000000000  0.0902940925842776  0.0001095303641874  4.0990275217898366  33.3269795701363378  
4.3799999999999510  0.0000000000000000  1.0000000000000000  0.0878047771307749  0.0000905283569344  3.9737161278989177  33.3005435866221760  
4.3899999999999508  0.0000000000000000  1.0000000000000000  0.0853094498249758  0.0000733915029934  3.8474543349385240  33.2689270636730399  
4.3999999999999506  0.0000000000000000  1.0000000000000000  0.0828247929944149  0.0000593449945884  3.7263410021571119  33.2339834722698839  
4.4099999999999504  0.0000000000000000  1.0000000000000000  0.0803589637489590  0.0000544337718195  3.6107907203451965  33.1954247428012508  
4.4199999999999502  0.0000000000000000  1.0000000000000000  0.0779080687093887  0.0000683867728219  3.4985116966074186  33.1542373337181857  
4.4299999999999500  0.0000000000000000  1.0000000000000000  0.0754699446449868  0.0000937679169658  3.3873036766141507  33.1097950226238495  
4.4399999999999498  0.0000000000000000  1.0000000000000000  0.0730539624278767  0.0001129372805976  3.2790660051446663  33.0633174015960449  
4.4499999999999496  0.0000000000000000  1.0000000000000000  0.0706758986999684  0.0001256427964040  3.1797441660727546  33.0155540219705159  
4.4599999999999493  0.0000000000000000  1.0000000000000000  0.0683364597882217  0.0001338577630788  3.0891528029995072  32.9633013542817892  
4.4699999999999491  0.0000000000000000  1.0000000000000000  0.0660240099874076  0.0001308182413863  3.0029317014759140  32.9109884018029177  
4.4799999999999489  0.0000000000000000  1.0000000000000000  0.0637277019886996  0.0001126416102985  2.9203023969010959  32.8566701198616187  
4.4899999999999487  0.0000000000000000  1.0000000000000000  0.0614295914990337  0.0000890428277496  2.8372747046361879  32.8017624966678056  
4.4999999999999485  0.0000000000000000  1.0000000000000000  0.0591046749971348  0.0000690542457660  2.7458454478139611  32.7428395659092075  
4.5099999999999483  0.0000000000000000  1.0000000000000000  0.0567412721499671  0.0000623813200593  2.6428718459943283  32.6831690971556057  
4.5199999999999481  0.0000000000000000  1.0000000000000000  0.0543525332807715  0.0000680889332808  2.5326879342240161  32.6201911861892810  
4.5299999999999478  0.0000000000000000  1.0000000000000000  0.0519557774119914  0.0000787554668655  2.4211857718220364  32.5545625169495665  
4.5399999999999476  0.0000000000000000  1.0000000000000000  0.0495557825743613  0.0000975026507761  2.3077622466476591  32.4885545891508229  
4.5499999999999474  0.0000000000000000  1.0000000000000000  0.0471520823753063  0.0001217901583478  2.1899286368913922  32.4187383119500367  
4.5599999999999472  0.0000000000000000  1.0000000000000000  0.0447511856302906  0.0001400780248684  2.0689934930373135  32.3487181339092018  
4.5699999999999470  0.0000000000000000  1.0000000000000000  0.0423643206932211  0.0001390916927115  1.9464782210769995  32.2752902426588051  
4.5799999999999468  0.0000000000000000  1.0000000000000000  0.0400064192811917  0.0001259218888728  1.8258028517210121  32.2011345418623520  
4.5899999999999466  0.0000000000000000  1.0000000000000000  0.0376851478868646  0.0001099673789538  1.7082594167967629  32.1225859210974818  
4.5999999999999464  0.0000000000000000  1.0000000000000000  0.0353951701576016  0.0000919029337011  1.5901673167145227  32.0427175565005484  
4.6099999999999461  0.0000000000000000  1.0000000000000000  0.0331327918748205  0.0000733098165705  1.4677672618794806  31.9610370746755912  
4.6199999999999459  0.0000000000000000  1.0000000000000000  0.0309141698507052  0.0000641672555574  1.3441689243203423  31.8761656650164227  
4.6299999999999457  0.0000000000000000  1.0000000000000000  0.0287631544236893  0.0000709042317700  1.2254588756905178  31.7881093362537221  
4.6399999999999455  0.0000000000000000  1.0000000000000000  0.0266969999479940  0.0000896608141597  1.1118397892169904  31.6970568840583198  
4.6499999999999453  0.0000000000000000  1.0000000000000000  0.0247406925043593  0.0001143812433963  1.0089874316110368  31.6072418055928637  
4.6599999999999451  0.0000000000000000  1.0000000000000000  0.0229166890277037  0.0001299553931392  0.9232509856208512  31.5150554735547530  
4.6699999999999449  0.0000000000000000  1.0000000000000000  0.0212226334035625  0.0001381493623220  0.8514483446199639  31.4257929049518587  
4.6799999999999446  0.0000000000000000  1.0000000000000000  0.0196442895976403  0.0001423069178240  0.7888635921017233  31.3350495669485447  
4.6899999999999444  0.0000000000000000  1.0000000000000000  0.0181724169202694  0.0001314257885539  0.7324159693259265  31.2463421973313764  
4.6999999999999442  0.0000000000000000  1.0000000000000000  0.0168089870846256  0.0001061260205776  0.6838116052318581  31.1584083573015498  
4.7099999999999440  0.0000000000000000  1.0000000000000000  0.0155558908976879  0.0000835516752457  0.6454136895397241  31.0703573675132958  
4.7199999999999438  0.0000000000000000  1.0000000000000000  0.0143973222950871  0.0000715935209014  0.6121433256173541  30.9819611515415758  
4.7299999999999436  0.0000000000000000  1.0000000000000000  0.0133163938868195  0.0000704158465102  0.5793077472249247  30.8953807729634313  
4.7399999999999434  0.0000000000000000  1.0000000000000000  0.0123116729090011  0.0000781474633628  0.5474115039327738  30.8111621163867433  
4.7499999999999432  0.0000000000000000  1.0000000000000000  0.0113901924777550  0.0000930441226600  0.5191847754740910  30.7257683357453573  
4.7599999999999429  0.0000000000000000  1.0000000000000000  0.0105569524782605  0.0001162318014257  0.4964284207413464  30.6439722392746994  
4.7699999999999427  0.0000000000000000  1.0000000000000000  0.0098122731288655  0.0001366090332986  0.4800400775451628  30.5624893023117892  
4.7799999999999425  0.0000000000000000  1.0000000000000000  0.0091441390361016  0.0001455519736623  0.4679728580801589  30.4867296277170574  
4.7899999999999423  0.0000000000000000  1.0000000000000000  0.0085319143875102  0.0001362381537460  0.4539412430854963  30.4118556460060674  
4.7999999999999421  0.0000000000000000  1.0000000000000000  0.0079619581603491  0.0001189096424172  0.4364939836869762  30.3396072034267341  
4.8099999999999419  0.0000000000000000  1.0000000000000000  0.0074260874450473  0.0001028023313483  0.4135937252720214  30.2666277001128563  
4.8199999999999417  0.0000000000000000  1.0000000000000000  0.0069203284297411  0.0000834014012979  0.3831044530447315  30.1936711158531708  
4.8299999999999415  0.0000000000000000  1.0000000000000000  0.0064593707621057  0.0000668691930354  0.3488847854647718  30.1230597789062955  
4.8399999999999412  0.0000000000000000  1.0000000000000000  0.0060652417701801  0.0000652970929886  0.3169501491937733  30.0496192334308816  
4.8499999999999410  0.0000000000000000  1.0000000000000000  0.0057451491865887  0.0000818147957909  0.2876544607615675  29.9780517569384202  
4.8599999999999408  0.0000000000000000  1.0000000000000000  0.0054986979576394  0.0001025446118933  0.2575731324419750  29.9068003351627070  
4.8699999999999406  0.0000000000000000  1.0000000000000000  0.0053415125886861  0.0001217858089742  0.2298454231244986  29.8404340259424821  
4.8799999999999404  0.0000000000000000  1.0000000000000000  0.0052999097175127  0.0001351945673758  0.2117962926649337  29.7700659277734232  
4.8899999999999402  0.0000000000000000  1.0000000000000000  0.0053837384209859  0.0001399565895634  0.2051477483563701  29.7188164367853673  
4.8999999999999400  0.0000000000000000  1.0000000000000000  0.0055831244280644  0.0001355647389172  0.2057450433765950  29.6610427637881671  
4.9099999999999397  0.0000000000000000  1.0000000000000000  0.0058892318078259  0.0001174107170068  0.2103378357845887  29.5749660172529794  
4.9199999999999395  0.0000000000000000  1.0000000000000000  0.0063002403249890  0.0000898934340018  0.2188680707609870  29.5234706796696464  
4.9299999999999393  0.0000000000000000  1.0000000000000000  0.0068202347952038  0.0000715864665479  0.2317518717478763  29.4669914296711291  
4.9399999999999391  0.0000000000000000  1.0000000000000000  0.0074609462890499  0.0000680099449914  0.2517365724964895  29.4115984798456296  
4.9499999999999389  0.0000000000000000  1.0000000000000000  0.0082347022146410  0.0000696903971483  0.2825183721857095  29.3578164420508472  
4.9599999999999387  0.0000000000000000  1.0000000000000000  0.0091467833945722  0.0000804738797549  0.3248820527831130  29.3104240225700750  
4.9699999999999385  0.0000000000000000  1.0000000000000000  0.0101958472699897  0.0001007803233909  0.3797984979652451  29.2635581662993083  
4.9799999999999383  0.0000000000000000  1.0000000000000000  0.0113667366474319  0.0001243818488671  0.4442387841875783  29.2233358469102029  
4.9899999999999380  0.0000000000000000  1.0000000000000000  0.0126380602538366  0.0001384438996636  0.5236025680718921  29.7461834081787941  