Time  Coordinate0  Coordinate1  Displacement0  Displacement1  Force0  Force1  
0.0100000000000000  -0.0000000000000000  1.0000000000000000  0.0000087377940404  0.0000134896847449  0.0017253252857632  16.0104716176825121  
0.0200000000000000  -0.0000000000000000  1.0000000000000000  0.0000474996784168  0.0000343763654996  0.0009822492720052  19.1617398956146303  
0.0300000000000000  -0.0000000000000000  1.0000000000000000  0.0001293341378237  0.0000562482636352  0.0001205476800309  20.2528460247880879  
0.0400000000000000  -0.0000000000000000  1.0000000000000000  0.0002538752288189  0.0000794503936009  -0.0020668985371265  20.5453621561376103  
0.0500000000000000  -0.0000000000000000  1.0000000000000000  0.0004212124198340  0.0000993921031022  -0.0052430158592734  21.1153518300704874  
0.0600000000000000  -0.0000000000000000  1.0000000000000000  0.0006279798736794  0.0001130579995186  -0.0107545779857175  21.9469113547943273  
0.0700000000000000  -0.0000000000000000  1.0000000000000000  0.0008682824333012  0.0001123188111420  -0.0216683505195275  22.8587711261376185  
0.0800000000000000  -0.0000000000000000  1.0000000000000000  0.0011470348020283  0.0000964266639070  -0.0390340947269045  23.7626065138875582  
0.0900000000000000  -0.0000000000000000  1.0000000000000000  0.0014920887608984  0.0000728312866348  -0.0599105978050607  24.6450351936738485  
0.1000000000000000  -0.0000000000000000  1.0000000000000000  0.0019518826870248  0.0000554577635519  -0.0740566741447917  25.5098429381260097  
0.1100000000000000  -0.0000000000000000  1.0000000000000000  0.0025614906793499  0.0000505710950333  -0.0730785832235769  26.3567558444198724  
0.1200000000000000  -0.0000000000000000  1.0000000000000000  0.0033208419127084  0.0000539704047715  -0.0587819458569999  27.1817352915301242  
0.1300000000000000  -0.0000000000000000  1.0000000000000000  0.0042179536727098  0.0000658751859635  -0.0347936857832490  27.9865537399346920  
0.1400000000000000  -0.0000000000000000  1.0000000000000000  0.0052541793945815  0.0000910885144839  0.0003530631865471  28.7638864687275522  
0.1500000000000000  -0.0000000000000000  1.0000000000000000  0.0064309297357852  0.0001218438619738  0.0493282748157578  29.5138042783022421  
0.1600000000000000  -0.0000000000000000  1.0000000000000000  0.0077363995867741  0.0001405994140319  0.1092197251296106  30.2389160003131074  
0.1700000000000000  -0.0000000000000000  1.0000000000000000  0.0091614876066332  0.0001425876778681  0.1780120398040125  30.9387644900557248  
0.1800000000000000  -0.0000000000000000  1.0000000000000000  0.0107025390579837  0.0001359443501495  0.2572394503728676  31.6097412056413347  
0.1900000000000000  -0.0000000000000000  1.0000000000000000  0.0123511564631865  0.0001209796706459  0.3444402310369009  32.2502795077247697  
0.2000000000000000  -0.0000000000000000  1.0000000000000000  0.0141016226949630  0.0001008987148639  0.4384659989095606  32.8666329201695575  
0.2100000000000000  -0.0000000000000000  1.0000000000000000  0.0159575149706466  0.0000813508612044  0.5417706461670176  33.4549755374380808  
0.2200000000000001  -0.0000000000000000  1.0000000000000000  0.0179239818175388  0.0000714691484967  0.6564414667723033  34.0196253902877004  
0.2300000000000001  -0.0000000000000000  1.0000000000000000  0.0200059688207294  0.0000787213191419  0.7861928929158908  34.5598208964986000  
0.2400000000000001  -0.0000000000000000  1.0000000000000000  0.0221956098958417  0.0001018063578397  0.9325651960251498  35.0838515223935019  
0.2500000000000001  -0.0000000000000000  1.0000000000000000  0.0244594216947834  0.0001245129413040  1.0868754911940752  35.5951977663051053  
0.2600000000000001  -0.0000000000000000  1.0000000000000000  0.0267557702483124  0.0001421474043225  1.2298178394627317  35.8907919961122275  
0.2700000000000001  -0.0000000000000000  1.0000000000000000  0.0290604843299857  0.0001591970860478  1.3717357003778285  36.4572441817622277  
0.2800000000000001  -0.0000000000000000  1.0000000000000000  0.0313757520328139  0.0001643646660185  1.5035208415001942  36.9385968594411835  
0.2900000000000001  -0.0000000000000000  1.0000000000000000  0.0337151671445974  0.0001505748832122  1.6325648033878835  37.3784724784731424  
0.3000000000000001  -0.0000000000000000  1.0000000000000000  0.0360811014312399  0.0001260941008571  1.7586017205764930  37.7837525145235560  
0.3100000000000001  -0.0000000000000000  1.0000000000000000  0.0384709354171108  0.0001033183922441  1.8781875548758102  38.1559307865567376  
0.3200000000000001  -0.0000000000000000  1.0000000000000000  0.0408977320396813  0.0000891200163499  1.9950286160535100  38.4933041038027639  
0.3300000000000001  -0.0000000000000000  1.0000000000000000  0.0433810507537008  0.0000857703911601  2.1166419129154050  38.8045326802874229  
0.3400000000000001  -0.0000000000000000  1.0000000000000000  0.0459294985433774  0.0000912308316526  2.2435370973343125  39.0933083337642771  
0.3500000000000001  -0.0000000000000000  1.0000000000000000  0.0485454188443370  0.0001082752135678  2.3763147022197342  39.3589750318712603  
0.3600000000000002  -0.0000000000000000  1.0000000000000000  0.0512333492594376  0.0001347908160402  2.5168198815276370  39.6071688740352172  
0.3700000000000002  -0.0000000000000000  1.0000000000000000  0.0539909315889554  0.0001582393496701  2.6658635897640730  39.8360569647071898  
0.3800000000000002  -0.0000000000000000  1.0000000000000000  0.0568010767999821  0.0001661594912814  2.8163807749816652  40.0473308995996362  
0.3900000000000002  -0.0000000000000000  1.0000000000000000  0.0596498403510629  0.0001576300168044  2.9615383329354330  40.2398374512402910  
0.4000000000000002  -0.0000000000000000  1.0000000000000000  0.0625484553167854  0.0001444144808284  3.1049549238709702  40.4130225740048274  
0.4100000000000002  -0.0000000000000000  1.0000000000000000  0.0655240080345059  0.0001254188506461  3.2571152429614654  40.5635994112256668  
0.4200000000000002  -0.0000000000000000  1.0000000000000000  0.0686005126165859  0.0000990841044705  3.4256759629887092  40.6957419608749476  
0.4300000000000002  -0.0000000000000000  1.0000000000000000  0.0717861264800475  0.0000813487535454  3.6157335734706231  40.8115770480948186  
0.4400000000000002  -0.0000000000000000  1.0000000000000000  0.0750678710099525  0.0000803109577308  3.8222333544825622  40.9104409460638436  
0.4500000000000002  -0.0000000000000000  1.0000000000000000  0.0784228067211673  0.0000933043566835  4.0375162987900408  40.9967082775453733  
0.4600000000000002  -0.0000000000000000  1.0000000000000000  0.0818387048506252  0.0001149289048749  4.2602573113334499  41.0695852772066701  
0.4700000000000003  -0.0000000000000000  1.0000000000000000  0.0853086585218318  0.0001347361590192  4.4951939322111594  41.1298715931391783  
0.4800000000000003  -0.0000000000000000  1.0000000000000000  0.0888064091475198  0.0001491841259125  4.7348734830760417  41.1824031877841250  
0.4900000000000003  -0.0000000000000000  1.0000000000000000  0.0922971528634515  0.0001591288188170  4.9691840482300069  41.2146430971040729  
0.5000000000000002  -0.0000000000000000  1.0000000000000000  0.0957610435717584  0.0001538270211670  5.1932915827483335  41.2364397067046369  
0.5100000000000002  -0.0000000000000000  1.0000000000000000  0.0991864157803688  0.0001303519204965  5.4087809787738435  41.2455066473219745  
0.5200000000000002  -0.0000000000000000  1.0000000000000000  0.1025632254453419  0.0001029818270712  5.6125977817429327  41.2381646416348318  
0.5300000000000002  -0.0000000000000000  1.0000000000000000  0.1058912910422838  0.0000846240250735  5.8052179690795285  41.2136589619977940  
0.5400000000000003  -0.0000000000000000  1.0000000000000000  0.1091790876983344  0.0000753476917966  5.9938905688995572  41.1814009073067027  
0.5500000000000003  -0.0000000000000000  1.0000000000000000  0.1124343289120908  0.0000731171756246  6.1833906815866859  41.1251041330187874  
0.5600000000000003  -0.0000000000000000  1.0000000000000000  0.1156415005818241  0.0000847245308261  6.3721341761941908  41.0646755870803659  
0.5700000000000003  -0.0000000000000000  1.0000000000000000  0.1187633838657125  0.0001074465807735  6.5467267200462800  40.9940791916144818  
0.5800000000000003  -0.0000000000000000  1.0000000000000000  0.1217742828240176  0.0001322845060838  6.6991024008337945  40.9163046348015911  
0.5900000000000003  -0.0000000000000000  1.0000000000000000  0.1246740951883223  0.0001468847254977  6.8309067252819951  40.8297154299146641  
0.6000000000000003  -0.0000000000000000  1.0000000000000000  0.1274707407704023  0.0001454511810081  6.9489875474327487  40.7275296017012636  
0.6100000000000003  -0.0000000000000000  1.0000000000000000  0.1301706851680632  0.0001331397687628  7.0535268270656371  40.6167419508322070  
0.6200000000000003  -0.0000000000000000  1.0000000000000000  0.1327792613741615  0.0001154138423139  7.1456059290649137  40.4941948101125533  
0.6300000000000003  -0.0000000000000000  1.0000000000000000  0.1353025571725029  0.0000932761136937  7.2265791288249002  40.3615617486365679  
0.6400000000000003  -0.0000000000000000  1.0000000000000000  0.1377560907374037  0.0000687224474349  7.2992824046022404  40.2171174262728357  
0.6500000000000004  -0.0000000000000000  1.0000000000000000  0.1401650236444108  0.0000573582025774  7.3737054073488872  40.0688794839324416  
0.6600000000000004  -0.0000000000000000  1.0000000000000000  0.1425465090611528  0.0000674384843013  7.4559019499691690  39.9011059555183678  
0.6700000000000004  -0.0000000000000000  1.0000000000000000  0.1448977191341603  0.0000852546241137  7.5434969653502799  39.7345644173517130  
0.6800000000000004  -0.0000000000000000  1.0000000000000000  0.1472097402894008  0.0001038454129272  7.6350062663518976  39.5636330991921596  
0.6900000000000004  -0.0000000000000000  1.0000000000000000  0.1494710167718223  0.0001237404786934  7.7288719901648424  39.3878138109683817  
0.7000000000000004  -0.0000000000000000  1.0000000000000000  0.1516593990836874  0.0001362562172567  7.8179166345389834  39.2089299167286072  
0.7100000000000004  -0.0000000000000000  1.0000000000000000  0.1537539259607971  0.0001375282542566  7.8961604553073474  39.0295536020520615  
0.7200000000000004  -0.0000000000000000  1.0000000000000000  0.1557594618227872  0.0001232663428202  7.9647424235849220  38.8483880919541988  
0.7300000000000004  -0.0000000000000000  1.0000000000000000  0.1576987259857039  0.0000957437880965  8.0352163706987962  38.6565868566224680  
0.7400000000000004  -0.0000000000000000  1.0000000000000000  0.1595798699518338  0.0000721949210635  8.1151093224721027  38.4635129123815247  
0.7500000000000004  -0.0000000000000000  1.0000000000000000  0.1613844738809353  0.0000594192379576  8.1934639455904090  38.2683502054190967  
0.7600000000000005  -0.0000000000000000  1.0000000000000000  0.1630936114450077  0.0000545532930784  8.2670635505726917  38.0761719557960063  
0.7700000000000005  -0.0000000000000000  1.0000000000000000  0.1646974458629475  0.0000581906056253  8.3362078071882753  37.8855239709573937  
0.7800000000000005  -0.0000000000000000  1.0000000000000000  0.1661855723108647  0.0000764330296810  8.4023062193099083  37.6945764806625832  
0.7900000000000005  -0.0000000000000000  1.0000000000000000  0.1675421514961319  0.0001039218383789  8.4658667987932770  37.5082282300611212  
0.8000000000000005  -0.0000000000000000  1.0000000000000000  0.1687393245281180  0.0001237953724006  8.5164257745296190  37.3255717702454461  
0.8100000000000005  -0.0000000000000000  1.0000000000000000  0.1697480171431737  0.0001287192847559  8.5476205659996918  37.1493299601751659  
0.8200000000000005  -0.0000000000000000  1.0000000000000000  0.1705527339519923  0.0001226758144722  8.5566448501863785  36.9715924266336273  
0.8300000000000005  -0.0000000000000000  1.0000000000000000  0.1711497618386857  0.0001083186795435  8.5434989108758543  36.7978803291663752  
0.8400000000000005  -0.0000000000000000  1.0000000000000000  0.1715484592840779  0.0000866104554372  8.5125901103739210  36.6241579617302904  
0.8500000000000005  -0.0000000000000000  1.0000000000000000  0.1717688844657382  0.0000633401486963  8.4673174758581045  36.4530763271217708  
0.8600000000000005  -0.0000000000000000  1.0000000000000000  0.1718291403097004  0.0000456882502083  8.4198107208885027  36.2944116661828957  
0.8700000000000006  -0.0000000000000000  1.0000000000000000  0.1717425381603696  0.0000445312781088  8.3599652097196966  36.1076532992354515  
0.8800000000000006  -0.0000000000000000  1.0000000000000000  0.1715069578238583  0.0000622349519665  8.3030064703480111  35.9465144380431170  
0.8900000000000006  -0.0000000000000000  1.0000000000000000  0.1711049299305486  0.0000820221242273  8.2319453090028052  35.7819246595104445  
0.9000000000000006  -0.0000000000000000  1.0000000000000000  0.1705281826506087  0.0000998682196464  8.1450628317889180  35.6268966042122770  
0.9100000000000006  -0.0000000000000000  1.0000000000000000  0.1697966797058197  0.0001184610370896  8.0519235703449272  35.4703059982663760  
0.9200000000000006  -0.0000000000000000  1.0000000000000000  0.1689309037996037  0.0001282400479331  7.9540329100022209  35.3154779608675966  
0.9300000000000006  -0.0000000000000000  1.0000000000000000  0.1679290163384259  0.0001198172602691  7.8513819736382198  35.1640688287698353  
0.9400000000000006  -0.0000000000000000  1.0000000000000000  0.1667918738467712  0.0000976275135186  7.7378364335779821  35.0157816416860967  
0.9500000000000006  -0.0000000000000000  1.0000000000000000  0.1655406096705199  0.0000736002949661  7.6230819867467945  34.8666769501361244  
0.9600000000000006  -0.0000000000000000  1.0000000000000000  0.1642014114079995  0.0000550658944939  7.5098179708188875  34.7160106867847986  
0.9700000000000006  -0.0000000000000000  1.0000000000000000  0.1627952044533585  0.0000470411211139  7.4035201649609785  34.5675327274440534  
0.9800000000000006  -0.0000000000000000  1.0000000000000000  0.1613325071022829  0.0000478281368342  7.3085922427424794  34.4215492712509601  
0.9900000000000007  -0.0000000000000000  1.0000000000000000  0.1598104388421396  0.0000590098285808  7.2232110488649228  34.2802370912991847  
1.0000000000000007  -0.0000000000000000  1.0000000000000000  0.1582136135715033  0.0000842370058299  7.1430996024807749  34.1447173890296014  
1.0100000000000007  -0.0000000000000000  1.0000000000000000  0.1565173167689909  0.0001107227465975  7.0599495283630267  34.0123857103614213  
1.0200000000000007  -0.0000000000000000  1.0000000000000000  0.1546997509127481  0.0001232773927049  6.9732917796299922  33.8864087446582900  
1.0300000000000007  -0.0000000000000000  1.0000000000000000  0.1527510548168002  0.0001215660339313  6.8745060231916764  33.7643979885875609  
1.0400000000000007  -0.0000000000000000  1.0000000000000000  0.1506759608588722  0.0001117953689309  6.7703671774616803  33.6415205816201563  
1.0500000000000007  -0.0000000000000000  1.0000000000000000  0.1484870711907018  0.0000960482830126  6.6604808016358916  33.5230880651632930  
1.0600000000000007  -0.0000000000000000  1.0000000000000000  0.1461876313458234  0.0000710119373502  6.5535237395035297  33.4056755219304407  
1.0700000000000007  -0.0000000000000000  1.0000000000000000  0.1437645550184350  0.0000493499614813  6.4369808128839159  33.2920699426367577  
1.0800000000000007  -0.0000000000000000  1.0000000000000000  0.1412090292411279  0.0000433116697949  6.3124832899348373  33.1797896502382486  
1.0900000000000007  -0.0000000000000000  1.0000000000000000  0.1385296914615874  0.0000516010502367  6.1812134010077502  33.0687690583559899  
1.1000000000000008  -0.0000000000000000  1.0000000000000000  0.1357361253032145  0.0000718030729960  6.0489883980614412  32.9626792194705800  
1.1100000000000008  -0.0000000000000000  1.0000000000000000  0.1328186524730439  0.0000932296842639  5.9119533470392209  32.8607860940804528  
1.1200000000000008  -0.0000000000000000  1.0000000000000000  0.1297538380113875  0.0001104660274116  5.7630139455348264  32.7628686790700314  
1.1300000000000008  -0.0000000000000000  1.0000000000000000  0.1265298842905946  0.0001264628993697  5.5954678250639978  32.6682469553233190  
1.1400000000000008  -0.0000000000000000  1.0000000000000000  0.1231569982899633  0.0001293069531874  5.4137124784340935  32.5711362767569028  
1.1500000000000008  -0.0000000000000000  1.0000000000000000  0.1196507943446182  0.0001116295938489  5.2188039432467255  32.4770876173312075  
1.1600000000000008  -0.0000000000000000  1.0000000000000000  0.1160333919620935  0.0000868670012954  5.0137826590041517  32.3804677952826268  
1.1700000000000008  -0.0000000000000000  1.0000000000000000  0.1123428329816316  0.0000677192662745  4.8061369259840925  32.2818955985574263  
1.1800000000000008  -0.0000000000000000  1.0000000000000000  0.1086136640953294  0.0000552466933390  4.6038339492956215  32.1800619484339165  
1.1900000000000008  -0.0000000000000000  1.0000000000000000  0.1048577566215609  0.0000507180495376  4.4078815870390544  32.0794859170664139  
1.2000000000000008  -0.0000000000000000  1.0000000000000000  0.1010761112118485  0.0000580365731279  4.2139096387164203  31.9798932908278140  
1.2100000000000009  -0.0000000000000000  1.0000000000000000  0.0972733141016445  0.0000789660167874  4.0223286417549620  31.8807687923623497  
1.2200000000000009  -0.0000000000000000  1.0000000000000000  0.0934575211262768  0.0001061565887226  3.8330922128190847  31.7822964795456215  
1.2300000000000009  -0.0000000000000000  1.0000000000000000  0.0896423953029346  0.0001268083502165  3.6483426131515464  31.6845993614284396  
1.2400000000000009  -0.0000000000000000  1.0000000000000000  0.0858390675112024  0.0001327788112224  3.4716153446547495  31.5890215340399507  
1.2500000000000009  -0.0000000000000000  1.0000000000000000  0.0820400640348760  0.0001257636205987  3.2976124963737372  31.4937743073071950  
1.2600000000000009  -0.0000000000000000  1.0000000000000000  0.0782405111723460  0.0001137418616796  3.1212167518924034  31.3981515100395150  
1.2700000000000009  -0.0000000000000000  1.0000000000000000  0.0744597128029424  0.0000940620264832  2.9478998199560627  31.2997536032279946  
1.2800000000000009  -0.0000000000000000  1.0000000000000000  0.0707259457044855  0.0000688033965324  2.7843331976827010  31.2021975627785402  
1.2900000000000009  -0.0000000000000000  1.0000000000000000  0.0670550343315153  0.0000537695606393  2.6347785145373432  31.1026143205582670  
1.3000000000000009  -0.0000000000000000  1.0000000000000000  0.0634428180437237  0.0000582041023375  2.4964032849618611  31.0039042744773496  
1.3100000000000009  -0.0000000000000000  1.0000000000000000  0.0598751815929025  0.0000743578484593  2.3651785879349978  30.9082142802535564  
1.3200000000000010  -0.0000000000000000  1.0000000000000000  0.0563373703085662  0.0000932617938764  2.2391406263421709  30.8177636471928054  
1.3300000000000010  -0.0000000000000000  1.0000000000000000  0.0528062454864266  0.0001151990468697  2.1122263974893296  30.7273210844437834  
1.3400000000000010  -0.0000000000000000  1.0000000000000000  0.0492584691225890  0.0001331621241844  1.9775701726306076  30.6434453065786947  
1.3500000000000010  -0.0000000000000000  1.0000000000000000  0.0456923242605368  0.0001411624906962  1.8350261903228278  30.5580578755718300  
1.3600000000000010  -0.0000000000000000  1.0000000000000000  0.0421219059330222  0.0001348745153187  1.6897138929381261  30.4726977688462490  
1.3700000000000010  -0.0000000000000000  1.0000000000000000  0.0385558861418597  0.0001114934141850  1.5430753847709515  30.3871692994888818  
1.3800000000000010  -0.0000000000000000  1.0000000000000000  0.0349909894805090  0.0000876153232702  1.3921994807242852  30.3007481944594765  
1.3900000000000010  -0.0000000000000000  1.0000000000000000  0.0314303601505257  0.0000735567274176  1.2353421118180259  30.2108008090140423  
1.4000000000000010  -0.0000000000000000  1.0000000000000000  0.0278926140141683  0.0000655247663131  1.0772998691756679  30.1192776132361892  
1.4100000000000010  -0.0000000000000000  1.0000000000000000  0.0243999590807819  0.0000649965090347  0.9224933698719083  30.0291544068768168  
1.4200000000000010  -0.0000000000000000  1.0000000000000000  0.0209649362227100  0.0000805501197381  0.7732496683515609  29.9409029967837341  
1.4300000000000010  -0.0000000000000000  1.0000000000000000  0.0175848508189986  0.0001075600446720  0.6273575123152376  29.8534112881049047  
1.4400000000000011  -0.0000000000000000  1.0000000000000000  0.0142464427459430  0.0001317113953815  0.4789736274845742  29.7687431652199166  
1.4500000000000011  -0.0000000000000000  1.0000000000000000  0.0109459243511654  0.0001439842931381  0.3246598914553704  29.6864031224872491  
1.4600000000000011  -0.0000000000000000  1.0000000000000000  0.0077021704296018  0.0001432183651484  0.1679896579770780  29.6003606023001247  
1.4700000000000011  -0.0000000000000000  1.0000000000000000  0.0045441859950763  0.0001341833753918  0.0151716801615513  29.5143774668239018  
1.4800000000000011  -0.0000000000000000  1.0000000000000000  0.0014951575036215  0.0001164332643104  -0.1317799143780532  29.4253532807820193  
1.4900000000000011  -0.0000000000000000  1.0000000000000000  -0.0014187214079864  0.0000933804025512  -0.2691405970753958  29.3362907322495658  
1.5000000000000011  -0.0000000000000000  1.0000000000000000  -0.0041678000030314  0.0000726635773852  -0.3901363623771782  29.2450659811360403  
1.5100000000000011  -0.0000000000000000  1.0000000000000000  -0.0067444512182501  0.0000657015086199  -0.4944286399945353  29.1532996516232679  
1.5200000000000011  -0.0000000000000000  1.0000000000000000  -0.0091585561046279  0.0000790105974303  -0.5884499351317187  29.0647010710595453  
1.5300000000000011  -0.0000000000000000  1.0000000000000000  -0.0114092936335533  0.0000977385108769  -0.6717354219207181  28.9774041152587358  
1.5400000000000011  -0.0000000000000000  1.0000000000000000  -0.0134889518227168  0.0001151890970019  -0.7384517563584468  28.7698288992362556  
1.5500000000000012  -0.0000000000000000  1.0000000000000000  -0.0154018835549286  0.0001365940863369  -0.7999376135951700  28.8674296033440392  
1.5600000000000012  -0.0000000000000000  1.0000000000000000  -0.0171678893033713  0.0001509515898096  -0.8527064476813808  28.9271006963531434  
1.5700000000000012  -0.0000000000000000  1.0000000000000000  -0.0188116577335123  0.0001486811433176  -0.9051671946886241  28.9858850549967251  
1.5800000000000012  -0.0000000000000000  1.0000000000000000  -0.0203374813184650  0.0001313821116829  -0.9574006647679453  29.0482866346735094  
1.5900000000000012  -0.0000000000000000  1.0000000000000000  -0.0217295244178457  0.0001071302899239  -1.0042508694674850  29.1061793418962651  
1.6000000000000012  -0.0000000000000000  1.0000000000000000  -0.0229745582572049  0.0000866984698445  -1.0417303787060430  29.1569989960819491  
1.6100000000000012  -0.0000000000000000  1.0000000000000000  -0.0240693929275633  0.0000753339007108  -1.0688082362930260  29.1981056856451602  
1.6200000000000012  -0.0000000000000000  1.0000000000000000  -0.0250235249091017  0.0000719123396738  -1.0868070087585582  29.2322164307106505  
1.6300000000000012  -0.0000000000000000  1.0000000000000000  -0.0258568045202360  0.0000783954574646  -1.1007248267535998  29.2573242466989569  
1.6400000000000012  -0.0000000000000000  1.0000000000000000  -0.0265893742974788  0.0001001944079022  -1.1140152425751497  29.2780173650585809  
1.6500000000000012  -0.0000000000000000  1.0000000000000000  -0.0272353814436119  0.0001285686658217  -1.1298119890268354  29.2966773320385876  
1.6600000000000013  -0.0000000000000000  1.0000000000000000  -0.0278055848097876  0.0001448691858977  -1.1496683884837449  29.3150028441387427  
1.6700000000000013  -0.0000000000000000  1.0000000000000000  -0.0283028537867812  0.0001478058012292  -1.1754173890746689  29.3312126652331884  
1.6800000000000013  -0.0000000000000000  1.0000000000000000  -0.0287147361313225  0.0001423814921901  -1.2025078949545329  29.3371275276188115  
1.6900000000000013  -0.0000000000000000  1.0000000000000000  -0.0290298981804077  0.0001284240261587  -1.2281281852848380  29.3318886938371151  
1.7000000000000013  -0.0000000000000000  1.0000000000000000  -0.0292493880948257  0.0001054701773562  -1.2557146487286930  29.3169867014061190  
1.7100000000000013  -0.0000000000000000  1.0000000000000000  -0.0293617442709424  0.0000809688569579  -1.2839731103350012  29.2883144558099708  
1.7200000000000013  -0.0000000000000000  1.0000000000000000  -0.0293332729010213  0.0000683842475589  -1.3047674589101603  29.2422570014548882  
1.7300000000000013  -0.0000000000000000  1.0000000000000000  -0.0291339591263514  0.0000718002580003  -1.3100853007776696  29.1761850969228043  
1.7400000000000013  -0.0000000000000000  1.0000000000000000  -0.0287633460689718  0.0000876866297413  -1.3012215155750164  29.0902075758393650  
1.7500000000000013  -0.0000000000000000  1.0000000000000000  -0.0282395211942322  0.0001080274642881  -1.2856449061097266  28.9971612441202460  
1.7600000000000013  -0.0000000000000000  1.0000000000000000  -0.0275720597340421  0.0001255811104594  -1.2657208201933614  28.8965590820290039  
1.7700000000000014  -0.0000000000000000  1.0000000000000000  -0.0267604719930429  0.0001434708170630  -1.2410557357056993  28.7890860623723341  
1.7800000000000014  -0.0000000000000000  1.0000000000000000  -0.0257988997370019  0.0001520099519895  -1.2111877764376004  28.6745944279872234  
1.7900000000000014  -0.0000000000000000  1.0000000000000000  -0.0246735680601370  0.0001382966898732  -1.1726514243576476  28.5563173001685620  
1.8000000000000014  -0.0000000000000000  1.0000000000000000  -0.0233709408102412  0.0001145129772870  -1.1227917102038774  28.4312747082838264  
1.8100000000000014  -0.0000000000000000  1.0000000000000000  -0.0218843160918599  0.0000933885602443  -1.0600639709751911  28.2996850048224999  
1.8200000000000014  -0.0000000000000000  1.0000000000000000  -0.0202105302848087  0.0000764176289947  -0.9839895486488361  28.1682344675240444  
1.8300000000000014  -0.0000000000000000  1.0000000000000000  -0.0183565310996506  0.0000670552871705  -0.8957106847825527  28.0431003925152211  
1.8400000000000014  -0.0000000000000000  1.0000000000000000  -0.0163364623418261  0.0000686749444093  -0.7982447062649556  27.9282136354340054  
1.8500000000000014  -0.0000000000000000  1.0000000000000000  -0.0141609015738450  0.0000835726672903  -0.6922793026334293  27.8289552682823249  
1.8600000000000014  -0.0000000000000000  1.0000000000000000  -0.0118414842592115  0.0001091080825234  -0.5778095244192936  27.7499274432930427  
1.8700000000000014  -0.0000000000000000  1.0000000000000000  -0.0094015502948003  0.0001322153541133  -0.4560968125692720  27.5685462012512623  
1.8800000000000014  -0.0000000000000000  1.0000000000000000  -0.0068769271482450  0.0001407769158958  -0.3388398338920312  27.6348344376515165  
1.8900000000000015  -0.0000000000000000  1.0000000000000000  -0.0042999478139876  0.0001372757052148  -0.2283265884495087  27.6644635956357128  
1.9000000000000015  -0.0000000000000000  1.0000000000000000  -0.0016755419880308  0.0001269596737107  -0.1245597080114676  27.6844527306307420  
1.9100000000000015  -0.0000000000000000  1.0000000000000000  0.0010170671781706  0.0001082403070419  -0.0194104295057362  27.7025067366507933  
1.9200000000000015  -0.0000000000000000  1.0000000000000000  0.0037869731304344  0.0000811937192112  0.0908143718199520  27.7218606141317281  
1.9300000000000015  -0.0000000000000000  1.0000000000000000  0.0066226109987080  0.0000599057702764  0.2020126173826463  27.7425281585253458  
1.9400000000000015  -0.0000000000000000  1.0000000000000000  0.0095155362981187  0.0000580458248380  0.3137395956537072  27.7682032419380178  
1.9500000000000015  -0.0000000000000000  1.0000000000000000  0.0124600120063779  0.0000683834250651  0.4264747086702456  27.7925446058951948  
1.9600000000000015  -0.0000000000000000  1.0000000000000000  0.0154418139600019  0.0000856667742206  0.5413648412682154  28.0094437574685315  
1.9700000000000015  -0.0000000000000000  1.0000000000000000  0.0184488262771734  0.0001062563804523  0.6405915358128199  27.7215239712400212  
1.9800000000000015  -0.0000000000000000  1.0000000000000000  0.0214825237061493  0.0001250418421562  0.7449901680828891  27.8214130242544755  
1.9900000000000015  -0.0000000000000000  1.0000000000000000  0.0245466116555161  0.0001375380435050  0.8470726664152834  27.8785570954281994  
2.0000000000000013  -0.0000000000000000  1.0000000000000000  0.0276421769859836  0.0001351096026748  0.9469690339313206  27.9292506733309907  
2.0100000000000011  -0.0000000000000000  1.0000000000000000  0.0307732267197993  0.0001145474620725  1.0461901018320203  27.9833818629260058  
2.0200000000000009  -0.0000000000000000  1.0000000000000000  0.0339479248231308  0.0000881729944550  1.1445977849863254  28.0368515499515887  
2.0300000000000007  -0.0000000000000000  1.0000000000000000  0.0371862906313781  0.0000705111526980  1.2468881936123528  28.0885486017724944  
2.0400000000000005  -0.0000000000000000  1.0000000000000000  0.0405157427887248  0.0000579195270122  1.3598970650093585  28.1439359809141365  
2.0500000000000003  -0.0000000000000000  1.0000000000000000  0.0439518196075071  0.0000511751867150  1.4887828376525647  28.2016342250129846  
2.0600000000000001  -0.0000000000000000  1.0000000000000000  0.0474833412712910  0.0000613218992700  1.6316255565642843  28.2660778922015723  
2.0699999999999998  -0.0000000000000000  1.0000000000000000  0.0510772060124780  0.0000846189677971  1.7797174806823965  28.3321409352547420  
2.0799999999999996  -0.0000000000000000  1.0000000000000000  0.0547125960007369  0.0001094131750301  1.9289516092537498  28.4049553784451518  
2.0899999999999994  -0.0000000000000000  1.0000000000000000  0.0583873887071062  0.0001252559517843  2.0830573403235930  28.4816506738023207  
2.0999999999999992  -0.0000000000000000  1.0000000000000000  0.0620972402646844  0.0001278691010133  2.2415936096827385  28.5613056029341443  
2.1099999999999990  -0.0000000000000000  1.0000000000000000  0.0658323617740698  0.0001201430779093  2.4039447645128522  28.6435362547538368  
2.1199999999999988  -0.0000000000000000  1.0000000000000000  0.0695857860275389  0.0001049775355424  2.5690182912311879  28.7273099033569608  
2.1299999999999986  -0.0000000000000000  1.0000000000000000  0.0733545881014916  0.0000812632387920  2.7384672325116326  28.8135066184156088  
2.1399999999999983  -0.0000000000000000  1.0000000000000000  0.0771309740486350  0.0000556945558982  2.9133904119880722  28.9007766547739919  
2.1499999999999981  -0.0000000000000000  1.0000000000000000  0.0808981059791276  0.0000433291621453  3.0895054923880489  28.9909200424346132  
2.1599999999999979  -0.0000000000000000  1.0000000000000000  0.0846429670193396  0.0000495456585604  3.2663841633612076  29.0821496157238926  
2.1699999999999977  -0.0000000000000000  1.0000000000000000  0.0883592928130113  0.0000660607470316  3.4463544748800468  29.1790915529725403  
2.1799999999999975  -0.0000000000000000  1.0000000000000000  0.0920277267898180  0.0000823245280760  3.6281521599827338  29.2799583228055376  
2.1899999999999973  -0.0000000000000000  1.0000000000000000  0.0956111682616690  0.0001037856315248  3.8024802563139222  29.3847135201214691  
2.1999999999999971  -0.0000000000000000  1.0000000000000000  0.0990770629923391  0.0001226062100387  3.9633527612446651  29.4959932152183839  
2.2099999999999969  -0.0000000000000000  1.0000000000000000  0.1024146956349633  0.0001247203455434  4.1089669062949641  29.5993596856384187  
2.2199999999999966  -0.0000000000000000  1.0000000000000000  0.1056321138266007  0.0001128401748841  4.2426581258557281  29.7083608002134199  
2.2299999999999964  -0.0000000000000000  1.0000000000000000  0.1087504708342912  0.0000890523989753  4.3692537116660048  29.8149947821580028  
2.2399999999999962  -0.0000000000000000  1.0000000000000000  0.1117872965084741  0.0000656902625796  4.4961767444841669  29.9215046880799775  
2.2499999999999960  -0.0000000000000000  1.0000000000000000  0.1147386531187383  0.0000514111505005  4.6191763740885223  30.0271254154904064  
2.2599999999999958  -0.0000000000000000  1.0000000000000000  0.1176001460118912  0.0000427442276781  4.7356785901801297  30.1338494536672634  
2.2699999999999956  -0.0000000000000000  1.0000000000000000  0.1203817670840808  0.0000436750870910  4.8513845416264516  30.2422354190497806  
2.2799999999999954  -0.0000000000000000  1.0000000000000000  0.1230869123148818  0.0000614636765679  4.9660421027496175  30.3500038374155672  
2.2899999999999952  -0.0000000000000000  1.0000000000000000  0.1257096716544424  0.0000896564088113  5.0781497024589832  30.4606967882801918  
2.2999999999999949  -0.0000000000000000  1.0000000000000000  0.1282484572031874  0.0001098964639090  5.1873081923986026  30.5723550691310280  
2.3099999999999947  -0.0000000000000000  1.0000000000000000  0.1307069250056412  0.0001174404482979  5.2946998694432592  30.6874038626733316  
2.3199999999999945  -0.0000000000000000  1.0000000000000000  0.1330855429754411  0.0001163348169642  5.4008566640088675  30.7986281648815634  
2.3299999999999943  -0.0000000000000000  1.0000000000000000  0.1353811544268256  0.0001055230078595  5.5011535305017283  30.9096154487266190  
2.3399999999999941  -0.0000000000000000  1.0000000000000000  0.1376019780319031  0.0000843520160768  5.5989893549484613  31.0194576263698032  
2.3499999999999939  -0.0000000000000000  1.0000000000000000  0.1397752767374470  0.0000589008974745  5.7017037893386293  31.1278379964764902  
2.3599999999999937  -0.0000000000000000  1.0000000000000000  0.1419217048878097  0.0000403731756933  5.8171964668403113  31.2348228990321921  
2.3699999999999934  -0.0000000000000000  1.0000000000000000  0.1440336040367262  0.0000380639537362  5.9421835003089427  31.3406365328409180  
2.3799999999999932  -0.0000000000000000  1.0000000000000000  0.1460837346724958  0.0000508156030104  6.0721963294000902  31.4499849920280887  
2.3899999999999930  -0.0000000000000000  1.0000000000000000  0.1480439408824566  0.0000691822418736  6.2006730097526201  31.5600934397123005  
2.3999999999999928  -0.0000000000000000  1.0000000000000000  0.1498961987198764  0.0000877904916320  6.3253751732512722  31.6709185096849239  
2.4099999999999926  -0.0000000000000000  1.0000000000000000  0.1516298118186674  0.0001083806372130  6.4424852510200967  31.7827969948105462  
2.4199999999999924  -0.0000000000000000  1.0000000000000000  0.1532353025734444  0.0001226368849939  6.5540124609855344  31.8943577775011455  
2.4299999999999922  -0.0000000000000000  1.0000000000000000  0.1547001609727062  0.0001155749943425  6.6595349691696901  32.0057514837563772  
2.4399999999999920  -0.0000000000000000  1.0000000000000000  0.1560120668390944  0.0000947932827454  6.7538580027774575  32.1155168828385698  
2.4499999999999917  -0.0000000000000000  1.0000000000000000  0.1571682402043622  0.0000734780493487  6.8352392474939743  32.2212422535113916  
2.4599999999999915  -0.0000000000000000  1.0000000000000000  0.1581728643118649  0.0000543912823312  6.9099416885245013  32.3218344805484321  
2.4699999999999913  -0.0000000000000000  1.0000000000000000  0.1590263342749896  0.0000414476540785  6.9778000193624727  32.4258726337810756  
2.4799999999999911  -0.0000000000000000  1.0000000000000000  0.1597255131339459  0.0000390958464990  7.0391735804771214  32.5028399579243228  
2.4899999999999909  -0.0000000000000000  1.0000000000000000  0.1602708668062156  0.0000493266249836  7.0964201918696146  32.5977971637022605  
2.4999999999999907  -0.0000000000000000  1.0000000000000000  0.1606558618946088  0.0000732556613792  7.1455850951057558  32.6928162084526619  
2.5099999999999905  -0.0000000000000000  1.0000000000000000  0.1608540310750792  0.0001006728717984  7.1897577997364426  32.7874563941362993  
2.5199999999999902  -0.0000000000000000  1.0000000000000000  0.1608456377126694  0.0001141255585879  7.2181570710901859  32.8845490847888584  
2.5299999999999900  -0.0000000000000000  1.0000000000000000  0.1606481257150925  0.0001158492441913  7.2201813971476936  32.9783419688212902  
2.5399999999999898  -0.0000000000000000  1.0000000000000000  0.1602937606272512  0.0001111497207188  7.2075282067499993  33.0721913706968422  
2.5499999999999896  -0.0000000000000000  1.0000000000000000  0.1598041226372108  0.0000954335766461  7.1836111529359155  33.1574016108367502  
2.5599999999999894  -0.0000000000000000  1.0000000000000000  0.1591938913683167  0.0000705053430088  7.1505226207805697  33.2381661127870345  
2.5699999999999892  -0.0000000000000000  1.0000000000000000  0.1584737127591467  0.0000464399867693  7.1169147325791604  33.3172154212064626  
2.5799999999999890  -0.0000000000000000  1.0000000000000000  0.1576560748784005  0.0000388187684329  7.0765970461021537  33.3903822602751390  
2.5899999999999888  -0.0000000000000000  1.0000000000000000  0.1567552021340802  0.0000458722328816  7.0415083186106298  33.4855479740155388  
2.5999999999999885  -0.0000000000000000  1.0000000000000000  0.1557786886001817  0.0000609648517337  7.0018709307111262  33.5494873408508383  
2.6099999999999883  -0.0000000000000000  1.0000000000000000  0.1547245982701149  0.0000822546858794  6.9673057250770150  33.6173849068941024  
2.6199999999999881  -0.0000000000000000  1.0000000000000000  0.1535869617170942  0.0001030916534007  6.9294692225503640  33.6797349742245729  
2.6299999999999879  -0.0000000000000000  1.0000000000000000  0.1523578227288192  0.0001208611593314  6.8888217983318603  33.7391269897419974  
2.6399999999999877  -0.0000000000000000  1.0000000000000000  0.1510317723693596  0.0001264169500807  6.8418167146873685  33.7927080771144617  
2.6499999999999875  -0.0000000000000000  1.0000000000000000  0.1496111680559410  0.0001111579321124  6.7900189762555891  33.8415226374217468  
2.6599999999999873  -0.0000000000000000  1.0000000000000000  0.1481056129255094  0.0000871766221964  6.7332253630881675  33.8851112646772137  
2.6699999999999871  -0.0000000000000000  1.0000000000000000  0.1465338019211188  0.0000687649800788  6.6782073752690598  33.9233092831513190  
2.6799999999999868  -0.0000000000000000  1.0000000000000000  0.1449097241024184  0.0000538476687314  6.6311468417456698  33.9571440240087412  
2.6899999999999866  -0.0000000000000000  1.0000000000000000  0.1432188904340385  0.0000437528271973  6.5881313195608477  33.9868887426322743  
2.6999999999999864  -0.0000000000000000  1.0000000000000000  0.1414280398532080  0.0000489824721398  6.5387185963449035  34.0178055881752570  
2.7099999999999862  -0.0000000000000000  1.0000000000000000  0.1395189937477464  0.0000696510818088  6.4771777569006179  34.0417562358684691  
2.7199999999999860  -0.0000000000000000  1.0000000000000000  0.1374923919206045  0.0000959682451676  6.4079046570470153  34.0654961367756854  
2.7299999999999858  -0.0000000000000000  1.0000000000000000  0.1353433905663908  0.0001170522394426  6.3302738573429478  34.0857242321247043  
2.7399999999999856  -0.0000000000000000  1.0000000000000000  0.1330574911868010  0.0001259884657877  6.2389234055098566  34.1054280696832066  
2.7499999999999853  -0.0000000000000000  1.0000000000000000  0.1306288185054189  0.0001233609664971  6.1308849022660059  34.1191007953663430  
2.7599999999999851  -0.0000000000000000  1.0000000000000000  0.1280640475146490  0.0001137061598997  6.0079754417116753  34.1271335802616491  
2.7699999999999849  -0.0000000000000000  1.0000000000000000  0.1253750748977811  0.0000936419809066  5.8717500881969933  34.1285725497118335  
2.7799999999999847  -0.0000000000000000  1.0000000000000000  0.1225780139954625  0.0000665687822872  5.7252142520413400  34.1241232433954025  
2.7899999999999845  -0.0000000000000000  1.0000000000000000  0.1196951335821784  0.0000504535361748  5.5740709596000597  34.1148728201565490  
2.7999999999999843  -0.0000000000000000  1.0000000000000000  0.1167445052804586  0.0000519919752578  5.4212673083434293  34.0981249191632543  
2.8099999999999841  -0.0000000000000000  1.0000000000000000  0.1137294437090640  0.0000652243857325  5.2669404479522717  34.0793309774600601  
2.8199999999999839  -0.0000000000000000  1.0000000000000000  0.1106468533842114  0.0000821605978287  5.1081480755190638  34.0579995588339060  
2.8299999999999836  -0.0000000000000000  1.0000000000000000  0.1074905661079171  0.0001041705478121  4.9422044011761459  34.0345836759385421  
2.8399999999999834  -0.0000000000000000  1.0000000000000000  0.1042598407687617  0.0001274000455698  4.7637849336233558  34.0008440086256627  
2.8499999999999832  -0.0000000000000000  1.0000000000000000  0.1009800693671301  0.0001374717551739  4.5791442476831978  33.9651189969697924  
2.8599999999999830  -0.0000000000000000  1.0000000000000000  0.0976866349398465  0.0001319152524858  4.3978097238566072  33.9245270776041679  
2.8699999999999828  -0.0000000000000000  1.0000000000000000  0.0943981023648674  0.0001128241139796  4.2227357503686580  33.8761547911196033  
2.8799999999999826  -0.0000000000000000  1.0000000000000000  0.0911207049521924  0.0000893383386678  4.0514430305900948  33.8228452469090470  
2.8899999999999824  -0.0000000000000000  1.0000000000000000  0.0878626890913319  0.0000733830907152  3.8845093148113992  33.7622776721019946  
2.8999999999999821  -0.0000000000000000  1.0000000000000000  0.0846441289626806  0.0000624104971533  3.7252693655113740  33.6979552433270726  
2.9099999999999819  -0.0000000000000000  1.0000000000000000  0.0814806358972429  0.0000576197424764  3.5807180842142210  33.6290097155112733  
2.9199999999999817  -0.0000000000000000  1.0000000000000000  0.0783668649021431  0.0000717581219480  3.4471082826880228  33.5602718730421046  
2.9299999999999815  -0.0000000000000000  1.0000000000000000  0.0752873340792370  0.0000993193368093  3.3190285907708055  33.4886479591327486  
2.9399999999999813  -0.0000000000000000  1.0000000000000000  0.0722304507525737  0.0001226174546181  3.1945767090479182  33.4178575010622367  
2.9499999999999811  -0.0000000000000000  1.0000000000000000  0.0691836859251378  0.0001364360581692  3.0705273418778884  33.3465280967271411  
2.9599999999999809  -0.0000000000000000  1.0000000000000000  0.0661313535677177  0.0001402918956191  2.9417199462326091  33.2717775869937284  
2.9699999999999807  -0.0000000000000000  1.0000000000000000  0.0630751765882664  0.0001345336125404  2.8067487594460521  33.1936705934956962  
2.9799999999999804  -0.0000000000000000  1.0000000000000000  0.0600355882581533  0.0001177285876367  2.6745669108319694  33.1193144185634551  
2.9899999999999802  -0.0000000000000000  1.0000000000000000  0.0570251416396627  0.0000929059885856  2.5471912869847206  33.0273876317081658  
2.9999999999999800  -0.0000000000000000  1.0000000000000000  0.0540419893563604  0.0000707304993388  2.4240109639745215  32.9389870361683492  
3.0099999999999798  -0.0000000000000000  1.0000000000000000  0.0510757085308322  0.0000627320068869  2.3021365710685817  32.8488027207781457  
3.0199999999999796  -0.0000000000000000  1.0000000000000000  0.0481093774967697  0.0000717894600707  2.1754631588236117  32.7562075933798553  
3.0299999999999794  -0.0000000000000000  1.0000000000000000  0.0451386022619277  0.0000877826846582  2.0434169214272253  32.6602814279065967  
3.0399999999999792  -0.0000000000000000  1.0000000000000000  0.0421714081433958  0.0001062523315833  1.9080369412859033  32.5663530768134279  
3.0499999999999790  -0.0000000000000000  1.0000000000000000  0.0392108259674524  0.0001292415884664  1.7712793377069469  32.4718210076103588  
3.0599999999999787  -0.0000000000000000  1.0000000000000000  0.0362478530991518  0.0001488572048977  1.6282059533556388  32.3745162341640054  
3.0699999999999785  -0.0000000000000000  1.0000000000000000  0.0332790409887455  0.0001492217325789  1.4748428326887260  32.2752979747151443  
3.0799999999999783  -0.0000000000000000  1.0000000000000000  0.0303246623127538  0.0001334118405114  1.3155226344853599  32.1773460027262317  
3.0899999999999781  -0.0000000000000000  1.0000000000000000  0.0274160621003876  0.0001132951914785  1.1582382800960209  32.0682662812567187  
3.0999999999999779  -0.0000000000000000  1.0000000000000000  0.0245771165821378  0.0000928497304158  1.0055420471798828  31.9548497365590869  
3.1099999999999777  -0.0000000000000000  1.0000000000000000  0.0218293842007183  0.0000773701094039  0.8607662875918450  31.8411795011720677  
3.1199999999999775  -0.0000000000000000  1.0000000000000000  0.0191945994332311  0.0000701802288406  0.7288091950277901  31.7249524665648224  
3.1299999999999772  -0.0000000000000000  1.0000000000000000  0.0166775661282680  0.0000749616570542  0.6098169459964549  31.6093882569942117  
3.1399999999999770  -0.0000000000000000  1.0000000000000000  0.0142667015041922  0.0000956472832260  0.4976381028651788  31.4982553805695993  
3.1499999999999768  -0.0000000000000000  1.0000000000000000  0.0119534210640936  0.0001239960787185  0.3882309522151555  31.3808833303372303  
3.1599999999999766  -0.0000000000000000  1.0000000000000000  0.0097470644021597  0.0001423480894643  0.2834100312188920  31.2659250842335297  
3.1699999999999764  -0.0000000000000000  1.0000000000000000  0.0076673569966010  0.0001479016382884  0.1885359401198305  31.1566875201302764  
3.1799999999999762  -0.0000000000000000  1.0000000000000000  0.0057252860690314  0.0001485547465222  0.1061687138924088  31.0404018464835580  
3.1899999999999760  -0.0000000000000000  1.0000000000000000  0.0039184893137058  0.0001369658431125  0.0332761072759941  30.9279144543917823  
3.1999999999999758  -0.0000000000000000  1.0000000000000000  0.0022457754619121  0.0001127600706799  -0.0315258955797214  30.8139060401770344  
3.2099999999999755  -0.0000000000000000  1.0000000000000000  0.0007134820474727  0.0000876355853755  -0.0862796216161031  30.7008100599909994  
3.2199999999999753  -0.0000000000000000  1.0000000000000000  -0.0006704702314886  0.0000723364939438  -0.1288444792011090  30.5867976951290501  
3.2299999999999751  -0.0000000000000000  1.0000000000000000  -0.0019033307595648  0.0000737950807732  -0.1574372011738910  30.4764955631551864  
3.2399999999999749  -0.0000000000000000  1.0000000000000000  -0.0029985561743649  0.0000851832831631  -0.1740478810733417  30.3695375566908368  
3.2499999999999747  -0.0000000000000000  1.0000000000000000  -0.0039872055075502  0.0001027645759176  -0.1871630916389861  30.2680881926130034  
3.2599999999999745  -0.0000000000000000  1.0000000000000000  -0.0048941334835745  0.0001242070049029  -0.2021975972958597  30.1718083250007822  
3.2699999999999743  -0.0000000000000000  1.0000000000000000  -0.0057289599724991  0.0001440882417121  -0.2189129790905408  30.0760514454456214  
3.2799999999999740  -0.0000000000000000  1.0000000000000000  -0.0065028251927200  0.0001555992988753  -0.2397764928913232  29.9851965446170396  
3.2899999999999738  -0.0000000000000000  1.0000000000000000  -0.0072172503894777  0.0001457241634460  -0.2670137279693485  29.8949791779903791  
3.2999999999999736  -0.0000000000000000  1.0000000000000000  -0.0078522011141699  0.0001232517508294  -0.2928023068303272  29.8049495133626756  
3.3099999999999734  -0.0000000000000000  1.0000000000000000  -0.0083920806806152  0.0001042560045729  -0.3130144884232842  29.7151115555270131  
3.3199999999999732  -0.0000000000000000  1.0000000000000000  -0.0088429507092786  0.0000860473659198  -0.3307801122095068  29.6234813304981905  
3.3299999999999730  -0.0000000000000000  1.0000000000000000  -0.0092153865859444  0.0000712944648489  -0.3498411778657386  29.5377977680108046  
3.3399999999999728  -0.0000000000000000  1.0000000000000000  -0.0095067398934123  0.0000700036750291  -0.3703092202576115  29.4522768364479184  
3.3499999999999726  -0.0000000000000000  1.0000000000000000  -0.0097037350937246  0.0000848672143583  -0.3871607641809868  29.3680992912903740  
3.3599999999999723  -0.0000000000000000  1.0000000000000000  -0.0098002804851907  0.0001090490454482  -0.3995318279343276  29.2774689331760989  
3.3699999999999721  -0.0000000000000000  1.0000000000000000  -0.0098039264413844  0.0001324957380561  -0.4107388276386146  29.2159730648333280  
3.3799999999999719  -0.0000000000000000  1.0000000000000000  -0.0097209220648036  0.0001447514595576  -0.4235617063661573  29.1509814690345834  
3.3899999999999717  -0.0000000000000000  1.0000000000000000  -0.0095462318335690  0.0001457753738876  -0.4374719732225417  29.0823418260407855  
3.3999999999999715  -0.0000000000000000  1.0000000000000000  -0.0092611606894985  0.0001401529490301  -0.4490345193352214  29.0122586503799802  
3.4099999999999713  -0.0000000000000000  1.0000000000000000  -0.0088389758123065  0.0001224787468302  -0.4520961654393572  28.9056770259239393  
3.4199999999999711  -0.0000000000000000  1.0000000000000000  -0.0082569521891527  0.0000943461380670  -0.4430768630802915  28.8442068205235351  
3.4299999999999708  -0.0000000000000000  1.0000000000000000  -0.0075040240318822  0.0000724957065165  -0.4195928895730643  28.7809747126922595  
3.4399999999999706  -0.0000000000000000  1.0000000000000000  -0.0065800094693666  0.0000674957093268  -0.3821906516467170  28.7177381110906893  
3.4499999999999704  -0.0000000000000000  1.0000000000000000  -0.0054931371127841  0.0000744683674545  -0.3321161799882985  28.6592029409125679  
3.4599999999999702  -0.0000000000000000  1.0000000000000000  -0.0042610924949338  0.0000873437986719  -0.2735568553413558  28.6079042819881231  
3.4699999999999700  -0.0000000000000000  1.0000000000000000  -0.0029020510913817  0.0001073537243427  -0.2103818194361647  28.5632970362888514  
3.4799999999999698  -0.0000000000000000  1.0000000000000000  -0.0014206399239171  0.0001297261390448  -0.1424288500947082  28.5211950122705957  
3.4899999999999696  -0.0000000000000000  1.0000000000000000  0.0001867572338724  0.0001447719156441  -0.0661283948715459  28.4856836499608228  
3.4999999999999694  -0.0000000000000000  1.0000000000000000  0.0019104873585241  0.0001438474245965  0.0178125646907451  28.4548159177521462  
3.5099999999999691  -0.0000000000000000  1.0000000000000000  0.0037261069283129  0.0001272300479167  0.1026161387650238  28.4294363981737988  
3.5199999999999689  -0.0000000000000000  1.0000000000000000  0.0056233423769824  0.0001039308890136  0.1864623985569309  28.4063453821991878  
3.5299999999999687  -0.0000000000000000  1.0000000000000000  0.0076144242805450  0.0000845421557704  0.2755358865544195  28.3873647578681201  
3.5399999999999685  -0.0000000000000000  1.0000000000000000  0.0097036383067190  0.0000696739422849  0.3731908732670144  28.3666421993050051  
3.5499999999999683  -0.0000000000000000  1.0000000000000000  0.0118744624148794  0.0000581750549798  0.4754924352531147  28.3518454171347507  
3.5599999999999681  -0.0000000000000000  1.0000000000000000  0.0141054615623308  0.0000647460886669  0.5793784079823112  28.3465635352764913  
3.5699999999999679  -0.0000000000000000  1.0000000000000000  0.0163733350177903  0.0000883549724310  0.6815718303974309  28.3402785527093357  
3.5799999999999677  -0.0000000000000000  1.0000000000000000  0.0186528362227368  0.0001112405775714  0.7762309126037649  28.3427469333341548  
3.5899999999999674  -0.0000000000000000  1.0000000000000000  0.0209345068802216  0.0001275349814991  0.8628391063004410  28.3510876430876273  
3.5999999999999672  -0.0000000000000000  1.0000000000000000  0.0232205259389777  0.0001352656197610  0.9431342081348381  28.3607840853308701  
3.6099999999999670  -0.0000000000000000  1.0000000000000000  0.0255186323558504  0.0001324062722590  1.0181037655184619  28.3742167132217844  
3.6199999999999668  -0.0000000000000000  1.0000000000000000  0.0278452539267763  0.0001193304083200  1.0927169828415122  28.3873431191499286  
3.6299999999999666  -0.0000000000000000  1.0000000000000000  0.0302110117777668  0.0000958074148738  1.1692404373820684  28.4051470974185101  
3.6399999999999664  -0.0000000000000000  1.0000000000000000  0.0326174956400357  0.0000690276759319  1.2470150132888542  28.4235606598259238  
3.6499999999999662  -0.0000000000000000  1.0000000000000000  0.0350650531345632  0.0000552379154105  1.3253779761149402  28.4421861933634723  
3.6599999999999659  -0.0000000000000000  1.0000000000000000  0.0375625460903321  0.0000579151194093  1.4059215333544484  28.4657461587177210  
3.6699999999999657  -0.0000000000000000  1.0000000000000000  0.0401248155819443  0.0000689542584488  1.4940823124850893  28.4948778513916210  
3.6799999999999655  -0.0000000000000000  1.0000000000000000  0.0427527785200588  0.0000846405786438  1.5909901448356170  28.5263406514370956  
3.6899999999999653  -0.0000000000000000  1.0000000000000000  0.0454263006819250  0.0001062706388296  1.6904217826828627  28.5613625695450395  
3.6999999999999651  -0.0000000000000000  1.0000000000000000  0.0481282350093215  0.0001286683853252  1.7874529963783969  28.6034799733336129  
3.7099999999999649  -0.0000000000000000  1.0000000000000000  0.0508655693014512  0.0001343611699197  1.8846401321309723  28.6471847693223225  
3.7199999999999647  -0.0000000000000000  1.0000000000000000  0.0536578438883246  0.0001228986965283  1.9886784135133193  28.6940530743856534  
3.7299999999999645  -0.0000000000000000  1.0000000000000000  0.0565126554855262  0.0001040664079947  2.1006739127411125  28.7418479294387588  
3.7399999999999642  -0.0000000000000000  1.0000000000000000  0.0594334780891559  0.0000820369790772  2.2214436654876755  28.7910876304520045  
3.7499999999999640  -0.0000000000000000  1.0000000000000000  0.0624221924036766  0.0000636508229141  2.3541638556006088  28.8434615433338983  
3.7599999999999638  -0.0000000000000000  1.0000000000000000  0.0654654951095855  0.0000512136726106  2.4965496910987577  28.8993736633231855  
3.7699999999999636  -0.0000000000000000  1.0000000000000000  0.0685383065135499  0.0000486482055237  2.6435712347594222  28.9596385361066417  
3.7799999999999634  -0.0000000000000000  1.0000000000000000  0.0716163097838084  0.0000639024991448  2.7919027917262711  29.0240669679456538  
3.7899999999999632  -0.0000000000000000  1.0000000000000000  0.0746850044632299  0.0000905314402851  2.9401446297436054  29.0927156001756124  
3.7999999999999630  -0.0000000000000000  1.0000000000000000  0.0777319336118306  0.0001108281417421  3.0888823943634898  29.1665978914171227  
3.8099999999999627  -0.0000000000000000  1.0000000000000000  0.0807399677072450  0.0001200479163777  3.2346417708759283  29.2456831927686949  
3.8199999999999625  -0.0000000000000000  1.0000000000000000  0.0836911464048069  0.0001241808088944  3.3757383681152553  29.3260788649881405  
3.8299999999999623  -0.0000000000000000  1.0000000000000000  0.0865695304087300  0.0001175085758688  3.5086378214474401  29.4076723930893174  
3.8399999999999621  -0.0000000000000000  1.0000000000000000  0.0893702869343626  0.0000958116884120  3.6313202288315463  29.4904388663619983  
3.8499999999999619  -0.0000000000000000  1.0000000000000000  0.0921116941319318  0.0000698088844505  3.7514043318204906  29.5737724966508324  
3.8599999999999617  -0.0000000000000000  1.0000000000000000  0.0948057944708500  0.0000501599890425  3.8743349858553797  29.6576115792587096  
3.8699999999999615  -0.0000000000000000  1.0000000000000000  0.0974382648189589  0.0000445445106070  3.9966067808704193  29.7427043848951840  
3.8799999999999613  -0.0000000000000000  1.0000000000000000  0.0999869606934895  0.0000528451041411  4.1107180973057105  29.8317559093834959  
3.8899999999999610  -0.0000000000000000  1.0000000000000000  0.1024412210095050  0.0000666716651295  4.2173195818023119  29.9216896950323523  
3.8999999999999608  -0.0000000000000000  1.0000000000000000  0.1047977320590701  0.0000862136225557  4.3164446231065767  30.0150774384303354  
3.9099999999999606  -0.0000000000000000  1.0000000000000000  0.1070551069360596  0.0001093135260092  4.4046544777607730  30.1079009472197008  
3.9199999999999604  -0.0000000000000000  1.0000000000000000  0.1092200120422525  0.0001249660687000  4.4854612792818518  30.2026056974912045  
3.9299999999999602  -0.0000000000000000  1.0000000000000000  0.1113088673097595  0.0001221689634701  4.5620734529938112  30.2984968568537596  
3.9399999999999600  -0.0000000000000000  1.0000000000000000  0.1133407448942747  0.0001033001371713  4.6389310233036687  30.3925472322625296  
3.9499999999999598  -0.0000000000000000  1.0000000000000000  0.1153231059650169  0.0000844500342172  4.7163388362240033  30.4859833269331517  
3.9599999999999596  -0.0000000000000000  1.0000000000000000  0.1172568226541449  0.0000658693173833  4.7935481157904594  30.5760128145358223  
3.9699999999999593  -0.0000000000000000  1.0000000000000000  0.1191547080723582  0.0000472053395429  4.8724234150195489  30.6692803302058046  
3.9799999999999591  -0.0000000000000000  1.0000000000000000  0.1210339073360122  0.0000408092992524  4.9598995678420348  30.7605515826435045  
3.9899999999999589  -0.0000000000000000  1.0000000000000000  0.1228930918679967  0.0000497061445228  5.0560155553213182  30.8530571793045176  
3.9999999999999587  -0.0000000000000000  1.0000000000000000  0.1247155629904567  0.0000710719392555  5.1562816068526347  30.9476609927018309  
4.0099999999999589  -0.0000000000000000  1.0000000000000000  0.1264791890065485  0.0000963333819460  5.2564232104219073  31.0452775913605272  
4.0199999999999587  -0.0000000000000000  1.0000000000000000  0.1281653922678893  0.0001122930404831  5.3514711807257545  31.1434546227831923  
4.0299999999999585  -0.0000000000000000  1.0000000000000000  0.1297739644155533  0.0001174760754084  5.4409473703695337  31.2406968964063942  
4.0399999999999583  -0.0000000000000000  1.0000000000000000  0.1313197230305742  0.0001171091468284  5.5324783174124263  31.3373219269207901  
4.0499999999999581  -0.0000000000000000  1.0000000000000000  0.1328047901508247  0.0001042770570695  5.6269014710477387  31.4318498641400623  
4.0599999999999579  -0.0000000000000000  1.0000000000000000  0.1342185936831592  0.0000772846670209  5.7213764247476027  31.5285756281981477  
4.0699999999999577  -0.0000000000000000  1.0000000000000000  0.1355534503197579  0.0000532155694483  5.8151867191659710  31.6223184714701482  
4.0799999999999574  -0.0000000000000000  1.0000000000000000  0.1368005569897382  0.0000428762182375  5.9083057281564413  31.7133359506994843  
4.0899999999999572  -0.0000000000000000  1.0000000000000000  0.1379415617409479  0.0000452785564898  5.9975260675009192  31.8056846889224936  
4.0999999999999570  -0.0000000000000000  1.0000000000000000  0.1389546507081678  0.0000556618926960  6.0771938354965789  31.8995999670776698  
4.1099999999999568  -0.0000000000000000  1.0000000000000000  0.1398315799604111  0.0000736701227131  6.1466314612459625  31.9932812078756186  
4.1199999999999566  -0.0000000000000000  1.0000000000000000  0.1405691812285802  0.0000972468739220  6.2130984178082249  32.0668080609352728  
4.1299999999999564  -0.0000000000000000  1.0000000000000000  0.1411511545825767  0.0001168503942893  6.2753194341389635  32.1560026575175328  
4.1399999999999562  -0.0000000000000000  1.0000000000000000  0.1415603304258548  0.0001235180672956  6.3234026332832611  32.2451159486707013  
4.1499999999999559  -0.0000000000000000  1.0000000000000000  0.1418031876925884  0.0001122912945710  6.3532372875058520  32.3329822974504992  
4.1599999999999557  -0.0000000000000000  1.0000000000000000  0.1419038302135026  0.0000914754705322  6.3662661759933945  32.4200814964440269  
4.1699999999999555  -0.0000000000000000  1.0000000000000000  0.1418889004314731  0.0000730624532199  6.3711588481016959  32.5180209629873005  
4.1799999999999553  -0.0000000000000000  1.0000000000000000  0.1417713253623189  0.0000558038705336  6.3655723362303931  32.5806053782586744  
4.1899999999999551  -0.0000000000000000  1.0000000000000000  0.1415484213418955  0.0000410917906166  6.3609815538710981  32.6531576146186566  
4.1999999999999549  -0.0000000000000000  1.0000000000000000  0.1412145737632819  0.0000420435349267  6.3528528827378841  32.7286421700221339  
4.2099999999999547  -0.0000000000000000  1.0000000000000000  0.1407697990027464  0.0000617521525500  6.3376003152398841  32.8003661494415084  
4.2199999999999545  -0.0000000000000000  1.0000000000000000  0.1402209698564941  0.0000859846178026  6.3142226807393360  32.8657505151475391  
4.2299999999999542  -0.0000000000000000  1.0000000000000000  0.1395775831548920  0.0001052810584798  6.2846480736451467  32.9319381405081941  
4.2399999999999540  -0.0000000000000000  1.0000000000000000  0.1388492920291876  0.0001184813831123  6.2505505040265374  32.9965336270023002  
4.2499999999999538  -0.0000000000000000  1.0000000000000000  0.1380452246868692  0.0001210140031856  6.2153544258196289  33.0815884058491179  
4.2599999999999536  -0.0000000000000000  1.0000000000000000  0.1371792623099050  0.0001133640595472  6.1740329101197258  33.1362419805572657  
4.2699999999999534  -0.0000000000000000  1.0000000000000000  0.1362630030617165  0.0000946850344918  6.1369896037769438  33.1893068810921790  
4.2799999999999532  -0.0000000000000000  1.0000000000000000  0.1352985316788650  0.0000668786660471  6.1006463735532845  33.2381577641261501  
4.2899999999999530  -0.0000000000000000  1.0000000000000000  0.1342940535420559  0.0000491441347050  6.0653519631078812  33.2828070779822980  
4.2999999999999527  -0.0000000000000000  1.0000000000000000  0.1332660614570662  0.0000480656280370  6.0409614649505050  33.3203034201224426  
4.3099999999999525  -0.0000000000000000  1.0000000000000000  0.1322045926604264  0.0000550725034929  6.0244989947188987  33.3594554908793484  
4.3199999999999523  -0.0000000000000000  1.0000000000000000  0.1310736856461296  0.0000688885245244  6.0051039493028204  33.3965032272481110  
4.3299999999999521  -0.0000000000000000  1.0000000000000000  0.1298488209597221  0.0000906095407566  5.9761271576767685  33.4334814132769580  
4.3399999999999519  -0.0000000000000000  1.0000000000000000  0.1285258224358486  0.0001154596184342  5.9376083558383366  33.4653537971155188  
4.3499999999999517  -0.0000000000000000  1.0000000000000000  0.1271085470803204  0.0001285536527678  5.8916937198839925  33.4951558143000625  
4.3599999999999515  -0.0000000000000000  1.0000000000000000  0.1256015629262876  0.0001238775070648  5.8410470007664781  33.5221998664645255  
4.3699999999999513  -0.0000000000000000  1.0000000000000000  0.1240051357992818  0.0001087970929965  5.7842418920234220  33.5455457785670461  
4.3799999999999510  -0.0000000000000000  1.0000000000000000  0.1223175852899244  0.0000889913378648  5.7211801581519603  33.5635130041391676  
4.3899999999999508  -0.0000000000000000  1.0000000000000000  0.1205376937700156  0.0000699162666461  5.6502926101134943  33.5761026758523613  
4.3999999999999506  -0.0000000000000000  1.0000000000000000  0.1186638917219183  0.0000553689167168  5.5730069231056341  33.5865994980916867  
4.4099999999999504  -0.0000000000000000  1.0000000000000000  0.1166964258321281  0.0000478915548059  5.4878489148717433  33.5924640562694137  
4.4199999999999502  -0.0000000000000000  1.0000000000000000  0.1146331879443398  0.0000580908909766  5.3953597047193762  33.5972944776881590  
4.4299999999999500  -0.0000000000000000  1.0000000000000000  0.1124729391483734  0.0000842698636294  5.2931745885087240  33.5971720767593638  
4.4399999999999498  -0.0000000000000000  1.0000000000000000  0.1102157229250935  0.0001065219696018  5.1817344801371856  33.5961514982262486  
4.4499999999999496  -0.0000000000000000  1.0000000000000000  0.1078596344682402  0.0001206084519704  5.0585398614385380  33.5928343415241812  
4.4599999999999493  -0.0000000000000000  1.0000000000000000  0.1054059528927303  0.0001300128947784  4.9215916133747637  33.5834177847989039  
4.4699999999999491  -0.0000000000000000  1.0000000000000000  0.1028743511507638  0.0001290046742980  4.7724149239482037  33.5684343699924455  
4.4799999999999489  -0.0000000000000000  1.0000000000000000  0.1003047780275938  0.0001132714287329  4.6225102708480499  33.5468544615457702  
4.4899999999999487  -0.0000000000000000  1.0000000000000000  0.0977315761085131  0.0000887071392431  4.4809679187854474  33.5211494765579161  
4.4999999999999485  -0.0000000000000000  1.0000000000000000  0.0951615410825473  0.0000668823361776  4.3451155596138715  33.4886081101419180  
4.5099999999999483  -0.0000000000000000  1.0000000000000000  0.0925898379914058  0.0000566468031766  4.2120798375614017  33.4521376430057202  
4.5199999999999481  -0.0000000000000000  1.0000000000000000  0.0900211876429185  0.0000611172351677  4.0794027678577152  33.4142923360128776  
4.5299999999999478  -0.0000000000000000  1.0000000000000000  0.0874661430264004  0.0000728575927579  3.9525738776449550  33.3709334301520002  
4.5399999999999476  -0.0000000000000000  1.0000000000000000  0.0849270890187670  0.0000898040863796  3.8312549901389810  33.3257431833258053  
4.5499999999999474  -0.0000000000000000  1.0000000000000000  0.0824000106346342  0.0001150934272570  3.7110229878964027  33.2794668876704804  
4.5599999999999472  -0.0000000000000000  1.0000000000000000  0.0798918347477724  0.0001359793801037  3.5950241739166389  33.2313013660030805  
4.5699999999999470  -0.0000000000000000  1.0000000000000000  0.0774056420444609  0.0001395000256963  3.4831639606965519  33.1803167178296903  
4.5799999999999468  -0.0000000000000000  1.0000000000000000  0.0749384291554998  0.0001269368967915  3.3722735733214821  33.1268009325567263  
4.5899999999999466  -0.0000000000000000  1.0000000000000000  0.0724975763124754  0.0001096597386599  3.2651972437597916  33.0695081899055552  
4.5999999999999464  -0.0000000000000000  1.0000000000000000  0.0700928352272156  0.0000916226762445  3.1643053836821626  33.0068280398204337  
4.6099999999999461  -0.0000000000000000  1.0000000000000000  0.0677283684465835  0.0000717529526628  3.0704037423688648  32.9427829288551237  
4.6199999999999459  -0.0000000000000000  1.0000000000000000  0.0654040739300744  0.0000603052612638  2.9856084068043613  32.8775787322333670  
4.6299999999999457  -0.0000000000000000  1.0000000000000000  0.0631030351392543  0.0000638185933830  2.9054592908142536  32.8130992581172123  
4.6399999999999455  -0.0000000000000000  1.0000000000000000  0.0607931009565297  0.0000815577662242  2.8207020512807914  32.7459099749935163  
4.6499999999999453  -0.0000000000000000  1.0000000000000000  0.0584534508693529  0.0001073481076189  2.7250608727521102  32.6811223548273801  
4.6599999999999451  -0.0000000000000000  1.0000000000000000  0.0560882994719830  0.0001267342781960  2.6214193325214157  32.6118081621865556  
4.6699999999999449  -0.0000000000000000  1.0000000000000000  0.0537111015239158  0.0001361090662804  2.5144142650518155  32.5487862910511865  
4.6799999999999446  -0.0000000000000000  1.0000000000000000  0.0513256920760918  0.0001408162160946  2.4041515726923279  32.4764230002554797  
4.6899999999999444  -0.0000000000000000  1.0000000000000000  0.0489312072563682  0.0001342059353980  2.2880812786215734  32.4030646539644849  
4.6999999999999442  -0.0000000000000000  1.0000000000000000  0.0465348077981523  0.0001100000327949  2.1674147126305696  32.3225919513855686  
4.7099999999999440  -0.0000000000000000  1.0000000000000000  0.0441545892212652  0.0000848306963243  2.0456900858730798  32.2430434158748511  
4.7199999999999438  -0.0000000000000000  1.0000000000000000  0.0418024933365634  0.0000707655397063  1.9261558584300622  32.1606587612255694  
4.7299999999999436  -0.0000000000000000  1.0000000000000000  0.0394822497192115  0.0000674031449004  1.8064934449276540  32.0707739065378945  
4.7399999999999434  -0.0000000000000000  1.0000000000000000  0.0372030632093271  0.0000752886567095  1.6895351344777625  31.9870756558478391  
4.7499999999999432  -0.0000000000000000  1.0000000000000000  0.0349728889947689  0.0000899975996389  1.5764964051363697  31.8973904574849776  
4.7599999999999429  -0.0000000000000000  1.0000000000000000  0.0327867930893179  0.0001125494374134  1.4634851755705909  31.8122161902330518  
4.7699999999999427  -0.0000000000000000  1.0000000000000000  0.0306409348762340  0.0001361465801251  1.3475451009056112  31.7252894837263817  
4.7799999999999425  -0.0000000000000000  1.0000000000000000  0.0285498344907271  0.0001483385932785  1.2304614277541388  31.6322840209151757  
4.7899999999999423  -0.0000000000000000  1.0000000000000000  0.0265420867363016  0.0001434468532127  1.1191933176482458  31.5434109073567157  
4.7999999999999421  -0.0000000000000000  1.0000000000000000  0.0246464647624676  0.0001253913982501  1.0193043847414183  31.4480302368937110  
4.8099999999999419  -0.0000000000000000  1.0000000000000000  0.0228799477737023  0.0001081107307204  0.9348836102794140  31.3550355808011041  
4.8199999999999417  -0.0000000000000000  1.0000000000000000  0.0212426768462998  0.0000898449416000  0.8635045597344044  31.2558043712412044  
4.8299999999999415  -0.0000000000000000  1.0000000000000000  0.0197249294623344  0.0000710634001173  0.8017837429386857  31.1623603245630676  
4.8399999999999412  -0.0000000000000000  1.0000000000000000  0.0183233232910461  0.0000661849962598  0.7478889377087393  31.0680955857510916  
4.8499999999999410  -0.0000000000000000  1.0000000000000000  0.0170423422977129  0.0000797701222890  0.7050730674688220  30.9747202908959771  
4.8599999999999408  -0.0000000000000000  1.0000000000000000  0.0158763302282957  0.0001020618458260  0.6729460556865972  30.8850085820464564  
4.8699999999999406  -0.0000000000000000  1.0000000000000000  0.0148028958336679  0.0001229047053299  0.6444296569221594  30.7990882931510690  
4.8799999999999404  -0.0000000000000000  1.0000000000000000  0.0138095258072672  0.0001385875365383  0.6164845369680357  30.7180412647360193  
4.8899999999999402  -0.0000000000000000  1.0000000000000000  0.0128965056987200  0.0001450705430663  0.5920169243108324  30.6345837431355328  
4.8999999999999400  -0.0000000000000000  1.0000000000000000  0.0120580987659311  0.0001423728671276  0.5685293668443052  30.5539032939332920  
4.9099999999999397  -0.0000000000000000  1.0000000000000000  0.0112922853743325  0.0001271487489646  0.5452815008676195  30.4737236747699178  
4.9199999999999395  -0.0000000000000000  1.0000000000000000  0.0106090136335429  0.0000998448815117  0.5263630454355802  30.3964545597277223  
4.9299999999999393  -0.0000000000000000  1.0000000000000000  0.0100158345266802  0.0000771208534980  0.5144381614864417  30.3161975991683121  
4.9399999999999391  -0.0000000000000000  1.0000000000000000  0.0095034770144200  0.0000709577890021  0.5086261263957307  30.2373229671238306  
4.9499999999999389  -0.0000000000000000  1.0000000000000000  0.0090469085807728  0.0000731664940309  0.5012623626095986  30.1624850051836582  
4.9599999999999387  -0.0000000000000000  1.0000000000000000  0.0086242366774880  0.0000818650317954  0.4874017611584322  30.0937624342257770  
4.9699999999999385  -0.0000000000000000  1.0000000000000000  0.0082340910339301  0.0001022106908854  0.4667551112567475  30.0246956189330874  
4.9799999999999383  -0.0000000000000000  1.0000000000000000  0.0078870175707242  0.0001264519952309  0.4436134546103553  29.9543821198150724  
4.9899999999999380  -0.0000000000000000  1.0000000000000000  0.0075913096851633  0.0001443730028323  0.4184957271238482  29.8438835376397265  