Time  Coordinate0  Coordinate1  CrossSectionLength  Pressure  
0.0100000000000000  10.0000000000000000  0.0000000000000000  1.1124343952427123  919.5688695098143626  
0.0200000000000000  10.0000000000000000  0.0000000000000000  1.1248702795674836  1012.7198218065849460  
0.0300000000000000  10.0000000000000000  0.0000000000000000  1.1352454458674286  1089.2609228464655189  
0.0400000000000000  10.0000000000000000  0.0000000000000000  1.1435681416659722  1149.9058355744798519  
0.0500000000000000  10.0000000000000000  0.0000000000000000  1.1489694724072852  1188.9105863573731767  
0.0600000000000000  10.0000000000000000  0.0000000000000000  1.1508657350179237  1202.5389440442652358  
0.0700000000000000  10.0000000000000000  0.0000000000000000  1.1490495404463958  1189.4867139836187562  
0.0800000000000000  10.0000000000000000  0.0000000000000000  1.1437193751587273  1151.0016998717994738  
0.0900000000000000  10.0000000000000000  0.0000000000000000  1.1354513723632849  1090.7694858012039276  
0.1000000000000000  10.0000000000000000  0.0000000000000000  1.1251217806728024  1014.5877421726638659  
0.1100000000000000  10.0000000000000000  0.0000000000000000  1.1137945399547453  929.8329587231320374  
0.1200000000000000  10.0000000000000000  0.0000000000000000  1.1025973775902229  844.7710740289694513  
0.1300000000000000  10.0000000000000000  0.0000000000000000  1.0926050580672308  767.7605626307035891  
0.1400000000000000  10.0000000000000000  0.0000000000000000  1.0847423687338829  706.4164354643293109  
0.1500000000000000  10.0000000000000000  0.0000000000000000  1.0797155042494011  666.8465430453261433  
0.1600000000000000  10.0000000000000000  0.0000000000000000  1.0779650980513702  653.0029692732297235  
0.1700000000000000  10.0000000000000000  0.0000000000000000  1.0796427433138711  666.2717636922839120  
0.1800000000000000  10.0000000000000000  0.0000000000000000  1.0846029646265147  705.3228002964623329  
0.1900000000000000  10.0000000000000000  0.0000000000000000  1.0924110240836720  766.2546985315640313  
0.2000000000000000  10.0000000000000000  0.0000000000000000  1.1023661500009447  843.0008530908784223  
0.2100000000000000  10.0000000000000000  0.0000000000000000  1.1135476528555908  927.9712663551993046  
0.2200000000000001  10.0000000000000000  0.0000000000000000  1.1248832717196713  1012.8163309840753072  
0.2300000000000001  10.0000000000000000  0.0000000000000000  1.1352456044591315  1089.2620848051985831  
0.2400000000000001  10.0000000000000000  0.0000000000000000  1.1435681363871253  1149.9057973192382178  
0.2500000000000001  10.0000000000000000  0.0000000000000000  1.1489694712505767  1188.9105780338732075  
0.2600000000000001  10.0000000000000000  0.0000000000000000  1.1508657296947726  1202.5389058342914268  
0.2700000000000001  10.0000000000000000  0.0000000000000000  1.1490495405576975  1189.4867147844415740  
0.2800000000000001  10.0000000000000000  0.0000000000000000  1.1437193370345737  1151.0014236449142118  
0.2900000000000001  10.0000000000000000  0.0000000000000000  1.1354513745421326  1090.7695017606929468  
0.3000000000000001  10.0000000000000000  0.0000000000000000  1.1251218604048550  1014.5883342501724655  
0.3100000000000001  10.0000000000000000  0.0000000000000000  1.1137945426743563  929.8329792273902967  
0.3200000000000001  10.0000000000000000  0.0000000000000000  1.1025973830694971  844.7711159703308113  
0.3300000000000001  10.0000000000000000  0.0000000000000000  1.0926049061777390  767.7593839995840881  
0.3400000000000001  10.0000000000000000  0.0000000000000000  1.0847423738850932  706.4164758720460213  
0.3500000000000001  10.0000000000000000  0.0000000000000000  1.0797155053273138  666.8465515599324362  
0.3600000000000002  10.0000000000000000  0.0000000000000000  1.0779650960030920  653.0029530541280565  
0.3700000000000002  10.0000000000000000  0.0000000000000000  1.0796427069968220  666.2714767890768144  
0.3800000000000002  10.0000000000000000  0.0000000000000000  1.0846029645931576  705.3228000347437501  
0.3900000000000002  10.0000000000000000  0.0000000000000000  1.0924110210706772  766.2546751451176306  
0.4000000000000002  10.0000000000000000  0.0000000000000000  1.1023661525788837  843.0008728300401799  
0.4100000000000002  10.0000000000000000  0.0000000000000000  1.1135476307591334  927.9710997055551616  
0.4200000000000002  10.0000000000000000  0.0000000000000000  1.1248832796556534  1012.8163899341585648  
0.4300000000000002  10.0000000000000000  0.0000000000000000  1.1352456759890883  1089.2626088858655748  
0.4400000000000002  10.0000000000000000  0.0000000000000000  1.1435681374249667  1149.9058048403646808  
0.4500000000000002  10.0000000000000000  0.0000000000000000  1.1489695634439510  1188.9112414436854124  
0.4600000000000002  10.0000000000000000  0.0000000000000000  1.1508657037415400  1202.5387195400533074  
0.4700000000000003  10.0000000000000000  0.0000000000000000  1.1490495395470126  1189.4867075124648181  
0.4800000000000003  10.0000000000000000  0.0000000000000000  1.1437193428745474  1151.0014659581877368  
0.4900000000000003  10.0000000000000000  0.0000000000000000  1.1354514168563570  1090.7698117013153478  
0.5000000000000002  10.0000000000000000  0.0000000000000000  1.1251217913107909  1014.5878211686771238  
0.5100000000000002  10.0000000000000000  0.0000000000000000  1.1137945424224542  929.8329773281973303  
0.5200000000000002  10.0000000000000000  0.0000000000000000  1.1025973844194206  844.7711263033850173  
0.5300000000000002  10.0000000000000000  0.0000000000000000  1.0926049069631925  767.7593900945405494  
0.5400000000000003  10.0000000000000000  0.0000000000000000  1.0847423877303650  706.4165844787198694  
0.5500000000000003  10.0000000000000000  0.0000000000000000  1.0797155054150067  666.8465522526317955  
0.5600000000000003  10.0000000000000000  0.0000000000000000  1.0779650767899456  653.0028009165855565  
0.5700000000000003  10.0000000000000000  0.0000000000000000  1.0796427289237158  666.2716500106416788  
0.5800000000000003  10.0000000000000000  0.0000000000000000  1.0846029666646695  705.3228162874677309  
0.5900000000000003  10.0000000000000000  0.0000000000000000  1.0924109081720148  766.2537988413851053  
0.6000000000000003  10.0000000000000000  0.0000000000000000  1.1023661589686982  843.0009217565676636  
0.6100000000000003  10.0000000000000000  0.0000000000000000  1.1135476302071132  927.9710955422684719  
0.6200000000000003  10.0000000000000000  0.0000000000000000  1.1248832915102089  1012.8164779922009302  
0.6300000000000003  10.0000000000000000  0.0000000000000000  1.1352456054326774  1089.2620919381070053  
0.6400000000000003  10.0000000000000000  0.0000000000000000  1.1435681364517825  1149.9057977878017027  
0.6500000000000004  10.0000000000000000  0.0000000000000000  1.1489694709798819  1188.9105760859933980  
0.6600000000000004  10.0000000000000000  0.0000000000000000  1.1508657031659464  1202.5387154084007761  
0.6700000000000004  10.0000000000000000  0.0000000000000000  1.1490495217581209  1189.4865795196155887  
0.6800000000000004  10.0000000000000000  0.0000000000000000  1.1437193332554378  1151.0013962633483970  
0.6900000000000004  10.0000000000000000  0.0000000000000000  1.1354513783901627  1090.7695299465103744  
0.7000000000000004  10.0000000000000000  0.0000000000000000  1.1251217726233864  1014.5876823989827926  
0.7100000000000004  10.0000000000000000  0.0000000000000000  1.1137945394660922  929.8329550389760243  
0.7200000000000004  10.0000000000000000  0.0000000000000000  1.1025973817307400  844.7711057227522815  
0.7300000000000004  10.0000000000000000  0.0000000000000000  1.0926049093274504  767.7594084406968022  
0.7400000000000004  10.0000000000000000  0.0000000000000000  1.0847423879057310  706.4165858543437935  
0.7500000000000004  10.0000000000000000  0.0000000000000000  1.0797155150848368  666.8466286361696120  
0.7600000000000005  10.0000000000000000  0.0000000000000000  1.0779650981945430  653.0029704069299896  
0.7700000000000005  10.0000000000000000  0.0000000000000000  1.0796427647062639  666.2719326913043005  
0.7800000000000005  10.0000000000000000  0.0000000000000000  1.0846029637654051  705.3227935403401716  
0.7900000000000005  10.0000000000000000  0.0000000000000000  1.0924110219169842  766.2546817140352005  
0.8000000000000005  10.0000000000000000  0.0000000000000000  1.1023661488981942  843.0008446471648540  
0.8100000000000005  10.0000000000000000  0.0000000000000000  1.1135476573999736  927.9713006285574011  
0.8200000000000005  10.0000000000000000  0.0000000000000000  1.1248832718958508  1012.8163322927737227  
0.8300000000000005  10.0000000000000000  0.0000000000000000  1.1352456043700387  1089.2620841524419575  
0.8400000000000005  10.0000000000000000  0.0000000000000000  1.1435681356642289  1149.9057920804830246  
0.8500000000000005  10.0000000000000000  0.0000000000000000  1.1489694709374558  1188.9105757807012651  
0.8600000000000005  10.0000000000000000  0.0000000000000000  1.1508657294501055  1202.5389040780535197  
0.8700000000000006  10.0000000000000000  0.0000000000000000  1.1490495405425507  1189.4867146754597798  
0.8800000000000006  10.0000000000000000  0.0000000000000000  1.1437193371081573  1151.0014241780602333  
0.8900000000000006  10.0000000000000000  0.0000000000000000  1.1354513745578874  1090.7695018760935000  
0.9000000000000006  10.0000000000000000  0.0000000000000000  1.1251218612498770  1014.5883405251728391  
0.9100000000000006  10.0000000000000000  0.0000000000000000  1.1137945426664726  929.8329791679541358  
0.9200000000000006  10.0000000000000000  0.0000000000000000  1.1025973830349520  844.7711157059047764  
0.9300000000000006  10.0000000000000000  0.0000000000000000  1.0926049063219760  767.7593851188320286  
0.9400000000000006  10.0000000000000000  0.0000000000000000  1.0847423737253783  706.4164746191920585  
0.9500000000000006  10.0000000000000000  0.0000000000000000  1.0797155052297345  666.8465507891351081  
0.9600000000000006  10.0000000000000000  0.0000000000000000  1.0779650953969744  653.0029482546411828  
0.9700000000000006  10.0000000000000000  0.0000000000000000  1.0796427686164856  666.2719635818925781  
0.9800000000000006  10.0000000000000000  0.0000000000000000  1.0846029702234410  705.3228442089774717  
0.9900000000000007  10.0000000000000000  0.0000000000000000  1.0924110416719635  766.2548350494248552  
1.0000000000000007  10.0000000000000000  0.0000000000000000  1.1023661524612745  843.0008719295142328  