  Time  Coordinate0  Coordinate1  Displacement0  Displacement1  Force0  Force1
 1.00000000e-02  -8.33333333e-03   1.00000000e+00   3.54228249e-05   1.64847588e-06   9.76530955e-01   0.00000000e+00
 2.00000000e-02  -8.33333333e-03   1.00000000e+00   1.04744682e-04   3.12681354e-06   9.76530955e-01   0.00000000e+00
 3.00000000e-02  -8.33333333e-03   1.00000000e+00   2.07781405e-04   4.58381672e-06   9.76530955e-01   0.00000000e+00
 4.00000000e-02  -8.33333333e-03   1.00000000e+00   3.44740192e-04   6.12138300e-06   9.76530955e-01   0.00000000e+00
 5.00000000e-02  -8.33333333e-03   1.00000000e+00   5.16192392e-04   7.77236522e-06   9.76530955e-01   0.00000000e+00
 6.00000000e-02  -8.33333333e-03   1.00000000e+00   7.23008001e-04   9.58951412e-06   9.76530955e-01   0.00000000e+00
 7.00000000e-02  -8.33333333e-03   1.00000000e+00   9.66165556e-04   1.16784334e-05   9.76530955e-01   0.00000000e+00
 8.00000000e-02  -8.33333333e-03   1.00000000e+00   1.24651715e-03   1.41742124e-05   9.76530955e-01   0.00000000e+00
 9.00000000e-02  -8.33333333e-03   1.00000000e+00   1.56459789e-03   1.71984864e-05   9.76530955e-01   0.00000000e+00
 1.00000000e-01  -8.33333333e-03   1.00000000e+00   1.92052596e-03   2.08286499e-05   9.76530955e-01   0.00000000e+00
 1.10000000e-01  -8.33333333e-03   1.00000000e+00   2.31399180e-03   2.50889062e-05   9.76530955e-01   0.00000000e+00
 1.20000000e-01  -8.33333333e-03   1.00000000e+00   2.74430793e-03   2.99582261e-05   9.76530955e-01   0.00000000e+00
 1.30000000e-01  -8.33333333e-03   1.00000000e+00   3.21048473e-03   3.53865237e-05   9.76530955e-01   0.00000000e+00
 1.40000000e-01  -8.33333333e-03   1.00000000e+00   3.71130536e-03   4.13118545e-05   9.76530955e-01   0.00000000e+00
 1.50000000e-01  -8.33333333e-03   1.00000000e+00   4.24538454e-03   4.76740411e-05   9.76530955e-01   0.00000000e+00
 1.60000000e-01  -8.33333333e-03   1.00000000e+00   4.81120795e-03   5.44225518e-05   9.76530955e-01   0.00000000e+00
 1.70000000e-01  -8.33333333e-03   1.00000000e+00   5.40715749e-03   6.15185507e-05   9.76530955e-01   0.00000000e+00
 1.80000000e-01  -8.33333333e-03   1.00000000e+00   6.03153091e-03   6.89325833e-05   9.76530955e-01   0.00000000e+00
 1.90000000e-01  -8.33333333e-03   1.00000000e+00   6.68256379e-03   7.66401327e-05   9.76530955e-01   0.00000000e+00
 2.00000000e-01  -8.33333333e-03   1.00000000e+00   7.35845830e-03   8.46172274e-05   9.76530955e-01   0.00000000e+00
 2.10000000e-01  -8.33333333e-03   1.00000000e+00   8.05741869e-03   9.28376230e-05   9.76530955e-01   0.00000000e+00
 2.20000000e-01  -8.33333333e-03   1.00000000e+00   8.77768975e-03   1.01272173e-04   9.76530955e-01   0.00000000e+00
 2.30000000e-01  -8.33333333e-03   1.00000000e+00   9.51759294e-03   1.09890164e-04   9.76530955e-01   0.00000000e+00
 2.40000000e-01  -8.33333333e-03   1.00000000e+00   1.02755546e-02   1.18661853e-04   9.76530955e-01   0.00000000e+00
 2.50000000e-01  -8.33333333e-03   1.00000000e+00   1.10501228e-02   1.27561236e-04   9.76530955e-01   0.00000000e+00
 2.60000000e-01  -8.33333333e-03   1.00000000e+00   1.18399709e-02   1.36568241e-04   9.76530955e-01   0.00000000e+00
 2.70000000e-01  -8.33333333e-03   1.00000000e+00   1.26438890e-02   1.45669807e-04   9.76530955e-01   0.00000000e+00
 2.80000000e-01  -8.33333333e-03   1.00000000e+00   1.34607657e-02   1.54859735e-04   9.76530955e-01   0.00000000e+00
 2.90000000e-01  -8.33333333e-03   1.00000000e+00   1.42895626e-02   1.64137479e-04   9.76530955e-01   0.00000000e+00
 3.00000000e-01  -8.33333333e-03   1.00000000e+00   1.51292858e-02   1.73506271e-04   9.76530955e-01   0.00000000e+00
 3.10000000e-01  -8.33333333e-03   1.00000000e+00   1.59789560e-02   1.82970998e-04   9.76530955e-01   0.00000000e+00
 3.20000000e-01  -8.33333333e-03   1.00000000e+00   1.68375802e-02   1.92536222e-04   9.76530955e-01   0.00000000e+00
 3.30000000e-01  -8.33333333e-03   1.00000000e+00   1.77041262e-02   2.02204576e-04   9.76530955e-01   0.00000000e+00
 3.40000000e-01  -8.33333333e-03   1.00000000e+00   1.85775004e-02   2.11975645e-04   9.76530955e-01   0.00000000e+00
 3.50000000e-01  -8.33333333e-03   1.00000000e+00   1.94565302e-02   2.21845327e-04   9.76530955e-01   0.00000000e+00
 3.60000000e-01  -8.33333333e-03   1.00000000e+00   2.03399520e-02   2.31805560e-04   9.76530955e-01   0.00000000e+00
 3.70000000e-01  -8.33333333e-03   1.00000000e+00   2.12264032e-02   2.41844334e-04   9.76530955e-01   0.00000000e+00
 3.80000000e-01  -8.33333333e-03   1.00000000e+00   2.21144218e-02   2.51945865e-04   9.76530955e-01   0.00000000e+00
 3.90000000e-01  -8.33333333e-03   1.00000000e+00   2.30024501e-02   2.62090879e-04   9.76530955e-01   0.00000000e+00
 4.00000000e-01  -8.33333333e-03   1.00000000e+00   2.38888452e-02   2.72256980e-04   9.76530955e-01   0.00000000e+00
 4.10000000e-01  -8.33333333e-03   1.00000000e+00   2.47718939e-02   2.82419096e-04   9.76530955e-01   0.00000000e+00
 4.20000000e-01  -8.33333333e-03   1.00000000e+00   2.56498313e-02   2.92550024e-04   9.76530955e-01   0.00000000e+00
 4.30000000e-01  -8.33333333e-03   1.00000000e+00   2.65208628e-02   3.02621067e-04   9.76530955e-01   0.00000000e+00
 4.40000000e-01  -8.33333333e-03   1.00000000e+00   2.73831872e-02   3.12602768e-04   9.76530955e-01   0.00000000e+00
 4.50000000e-01  -8.33333333e-03   1.00000000e+00   2.82350204e-02   3.22465686e-04   9.76530955e-01   0.00000000e+00
 4.60000000e-01  -8.33333333e-03   1.00000000e+00   2.90746170e-02   3.32181193e-04   9.76530955e-01   0.00000000e+00
 4.70000000e-01  -8.33333333e-03   1.00000000e+00   2.99002903e-02   3.41722215e-04   9.76530955e-01   0.00000000e+00
 4.80000000e-01  -8.33333333e-03   1.00000000e+00   3.07104292e-02   3.51063868e-04   9.76530955e-01   0.00000000e+00
 4.90000000e-01  -8.33333333e-03   1.00000000e+00   3.15035104e-02   3.60183951e-04   9.76530955e-01   0.00000000e+00
 5.00000000e-01  -8.33333333e-03   1.00000000e+00   3.22781074e-02   3.69063257e-04   9.76530955e-01   0.00000000e+00
 5.10000000e-01  -8.33333333e-03   1.00000000e+00   3.30328943e-02   3.77685698e-04   9.76530955e-01   0.00000000e+00
 5.20000000e-01  -8.33333333e-03   1.00000000e+00   3.37666461e-02   3.86038240e-04   9.76530955e-01   0.00000000e+00
 5.30000000e-01  -8.33333333e-03   1.00000000e+00   3.44782348e-02   3.94110689e-04   9.76530955e-01   0.00000000e+00
 5.40000000e-01  -8.33333333e-03   1.00000000e+00   3.51666221e-02   4.01895328e-04   9.76530955e-01   0.00000000e+00
 5.50000000e-01  -8.33333333e-03   1.00000000e+00   3.58308506e-02   4.09386470e-04   9.76530955e-01   0.00000000e+00
 5.60000000e-01  -8.33333333e-03   1.00000000e+00   3.64700316e-02   4.16579950e-04   9.76530955e-01   0.00000000e+00
 5.70000000e-01  -8.33333333e-03   1.00000000e+00   3.70833335e-02   4.23472584e-04   9.76530955e-01   0.00000000e+00
 5.80000000e-01  -8.33333333e-03   1.00000000e+00   3.76699694e-02   4.30061648e-04   9.76530955e-01   0.00000000e+00
 5.90000000e-01  -8.33333333e-03   1.00000000e+00   3.82291858e-02   4.36344394e-04   9.76530955e-01   0.00000000e+00
 6.00000000e-01  -8.33333333e-03   1.00000000e+00   3.87602524e-02   4.42317619e-04   9.76530955e-01   0.00000000e+00
 6.10000000e-01  -8.33333333e-03   1.00000000e+00   3.92624545e-02   4.47977330e-04   9.76530955e-01   0.00000000e+00
 6.20000000e-01  -8.33333333e-03   1.00000000e+00   3.97350876e-02   4.53318500e-04   9.76530955e-01   0.00000000e+00
 6.30000000e-01  -8.33333333e-03   1.00000000e+00   4.01774548e-02   4.58334930e-04   9.76530955e-01   0.00000000e+00
 6.40000000e-01  -8.33333333e-03   1.00000000e+00   4.05888667e-02   4.63019222e-04   9.76530955e-01   0.00000000e+00
 6.50000000e-01  -8.33333333e-03   1.00000000e+00   4.09686447e-02   4.67362856e-04   9.76530955e-01   0.00000000e+00
 6.60000000e-01  -8.33333333e-03   1.00000000e+00   4.13161262e-02   4.71356370e-04   9.76530955e-01   0.00000000e+00
 6.70000000e-01  -8.33333333e-03   1.00000000e+00   4.16306717e-02   4.74989611e-04   9.76530955e-01   0.00000000e+00
 6.80000000e-01  -8.33333333e-03   1.00000000e+00   4.19116736e-02   4.78252064e-04   9.76530955e-01   0.00000000e+00
 6.90000000e-01  -8.33333333e-03   1.00000000e+00   4.21585665e-02   4.81133211e-04   9.76530955e-01   0.00000000e+00
 7.00000000e-01  -8.33333333e-03   1.00000000e+00   4.23708368e-02   4.83622915e-04   9.76530955e-01   0.00000000e+00
 7.10000000e-01  -8.33333333e-03   1.00000000e+00   4.25480329e-02   4.85711797e-04   9.76530955e-01   0.00000000e+00
 7.20000000e-01  -8.33333333e-03   1.00000000e+00   4.26897744e-02   4.87391584e-04   9.76530955e-01   0.00000000e+00
 7.30000000e-01  -8.33333333e-03   1.00000000e+00   4.27957599e-02   4.88655414e-04   9.76530955e-01   0.00000000e+00
 7.40000000e-01  -8.33333333e-03   1.00000000e+00   4.28657735e-02   4.89498079e-04   9.76530955e-01   0.00000000e+00
 7.50000000e-01  -8.33333333e-03   1.00000000e+00   4.28996889e-02   4.89916197e-04   9.76530955e-01   0.00000000e+00
 7.60000000e-01  -8.33333333e-03   1.00000000e+00   4.28974724e-02   4.89908303e-04   9.76530955e-01   0.00000000e+00
 7.70000000e-01  -8.33333333e-03   1.00000000e+00   4.28591825e-02   4.89474869e-04   9.76530955e-01   0.00000000e+00
 7.80000000e-01  -8.33333333e-03   1.00000000e+00   4.27849689e-02   4.88618239e-04   9.76530955e-01   0.00000000e+00
 7.90000000e-01  -8.33333333e-03   1.00000000e+00   4.26750685e-02   4.87342511e-04   9.76530955e-01   0.00000000e+00
 8.00000000e-01  -8.33333333e-03   1.00000000e+00   4.25298011e-02   4.85653348e-04   9.76530955e-01   0.00000000e+00
 8.10000000e-01  -8.33333333e-03   1.00000000e+00   4.23495626e-02   4.83557759e-04   9.76530955e-01   0.00000000e+00
 8.20000000e-01  -8.33333333e-03   1.00000000e+00   4.21348190e-02   4.81063846e-04   9.76530955e-01   0.00000000e+00
 8.30000000e-01  -8.33333333e-03   1.00000000e+00   4.18860982e-02   4.78180540e-04   9.76530955e-01   0.00000000e+00
 8.40000000e-01  -8.33333333e-03   1.00000000e+00   4.16039838e-02   4.74917348e-04   9.76530955e-01   0.00000000e+00
 8.50000000e-01  -8.33333333e-03   1.00000000e+00   4.12891075e-02   4.71284105e-04   9.76530955e-01   0.00000000e+00
 8.60000000e-01  -8.33333333e-03   1.00000000e+00   4.09421436e-02   4.67290769e-04   9.76530955e-01   0.00000000e+00
 8.70000000e-01  -8.33333333e-03   1.00000000e+00   4.05638034e-02   4.62947250e-04   9.76530955e-01   0.00000000e+00
 8.80000000e-01  -8.33333333e-03   1.00000000e+00   4.01548316e-02   4.58263287e-04   9.76530955e-01   0.00000000e+00
 8.90000000e-01  -8.33333333e-03   1.00000000e+00   3.97160035e-02   4.53248376e-04   9.76530955e-01   0.00000000e+00
 9.00000000e-01  -8.33333333e-03   1.00000000e+00   3.92481232e-02   4.47911749e-04   9.76530955e-01   0.00000000e+00
 9.10000000e-01  -8.33333333e-03   1.00000000e+00   3.87520235e-02   4.42262401e-04   9.76530955e-01   0.00000000e+00
 9.20000000e-01  -8.33333333e-03   1.00000000e+00   3.82285668e-02   4.36309160e-04   9.76530955e-01   0.00000000e+00
 9.30000000e-01  -8.33333333e-03   1.00000000e+00   3.76786462e-02   4.30060793e-04   9.76530955e-01   0.00000000e+00
 9.40000000e-01  -8.33333333e-03   1.00000000e+00   3.71031877e-02   4.23526139e-04   9.76530955e-01   0.00000000e+00
 9.50000000e-01  -8.33333333e-03   1.00000000e+00   3.65031533e-02   4.16714252e-04   9.76530955e-01   0.00000000e+00
 9.60000000e-01  -8.33333333e-03   1.00000000e+00   3.58795427e-02   4.09634559e-04   9.76530955e-01   0.00000000e+00
 9.70000000e-01  -8.33333333e-03   1.00000000e+00   3.52333964e-02   4.02297000e-04   9.76530955e-01   0.00000000e+00
 9.80000000e-01  -8.33333333e-03   1.00000000e+00   3.45657972e-02   3.94712164e-04   9.76530955e-01   0.00000000e+00
 9.90000000e-01  -8.33333333e-03   1.00000000e+00   3.38778719e-02   3.86891396e-04   9.76530955e-01   0.00000000e+00
 1.00000000e+00  -8.33333333e-03   1.00000000e+00   3.31707915e-02   3.78846877e-04   9.76530955e-01   0.00000000e+00
 1.01000000e+00  -8.33333333e-03   1.00000000e+00   3.24457711e-02   3.70591666e-04   9.76530955e-01   0.00000000e+00
 1.02000000e+00  -8.33333333e-03   1.00000000e+00   3.17040683e-02   3.62139715e-04   9.76530955e-01   0.00000000e+00
 1.03000000e+00  -8.33333333e-03   1.00000000e+00   3.09469815e-02   3.53505836e-04   9.76530955e-01   0.00000000e+00
 1.04000000e+00  -8.33333333e-03   1.00000000e+00   3.01758461e-02   3.44705649e-04   9.76530955e-01   0.00000000e+00
 1.05000000e+00  -8.33333333e-03   1.00000000e+00   2.93920309e-02   3.35755484e-04   9.76530955e-01   0.00000000e+00
 1.06000000e+00  -8.33333333e-03   1.00000000e+00   2.85969339e-02   3.26672276e-04   9.76530955e-01   0.00000000e+00
 1.07000000e+00  -8.33333333e-03   1.00000000e+00   2.77919765e-02   3.17473427e-04   9.76530955e-01   0.00000000e+00
 1.08000000e+00  -8.33333333e-03   1.00000000e+00   2.69785988e-02   3.08176670e-04   9.76530955e-01   0.00000000e+00
 1.09000000e+00  -8.33333333e-03   1.00000000e+00   2.61582543e-02   2.98799918e-04   9.76530955e-01   0.00000000e+00
 1.10000000e+00  -8.33333333e-03   1.00000000e+00   2.53324038e-02   2.89361130e-04   9.76530955e-01   0.00000000e+00
 1.11000000e+00  -8.33333333e-03   1.00000000e+00   2.45025111e-02   2.79878173e-04   9.76530955e-01   0.00000000e+00
 1.12000000e+00  -8.33333333e-03   1.00000000e+00   2.36700382e-02   2.70368715e-04   9.76530955e-01   0.00000000e+00
 1.13000000e+00  -8.33333333e-03   1.00000000e+00   2.28364409e-02   2.60850122e-04   9.76530955e-01   0.00000000e+00
 1.14000000e+00  -8.33333333e-03   1.00000000e+00   2.20031653e-02   2.51339392e-04   9.76530955e-01   0.00000000e+00
 1.15000000e+00  -8.33333333e-03   1.00000000e+00   2.11716450e-02   2.41853105e-04   9.76530955e-01   0.00000000e+00
 1.16000000e+00  -8.33333333e-03   1.00000000e+00   2.03432986e-02   2.32407399e-04   9.76530955e-01   0.00000000e+00
 1.17000000e+00  -8.33333333e-03   1.00000000e+00   1.95195279e-02   2.23017964e-04   9.76530955e-01   0.00000000e+00
 1.18000000e+00  -8.33333333e-03   1.00000000e+00   1.87017168e-02   2.13700068e-04   9.76530955e-01   0.00000000e+00
 1.19000000e+00  -8.33333333e-03   1.00000000e+00   1.78912305e-02   2.04468583e-04   9.76530955e-01   0.00000000e+00
 1.20000000e+00  -8.33333333e-03   1.00000000e+00   1.70894148e-02   1.95338034e-04   9.76530955e-01   0.00000000e+00
 1.21000000e+00  -8.33333333e-03   1.00000000e+00   1.62975957e-02   1.86322649e-04   9.76530955e-01   0.00000000e+00
 1.22000000e+00  -8.33333333e-03   1.00000000e+00   1.55170794e-02   1.77436414e-04   9.76530955e-01   0.00000000e+00
 1.23000000e+00  -8.33333333e-03   1.00000000e+00   1.47491520e-02   1.68693122e-04   9.76530955e-01   0.00000000e+00
 1.24000000e+00  -8.33333333e-03   1.00000000e+00   1.39950785e-02   1.60106417e-04   9.76530955e-01   0.00000000e+00
 1.25000000e+00  -8.33333333e-03   1.00000000e+00   1.32561029e-02   1.51689825e-04   9.76530955e-01   0.00000000e+00
 1.26000000e+00  -8.33333333e-03   1.00000000e+00   1.25334466e-02   1.43456778e-04   9.76530955e-01   0.00000000e+00
 1.27000000e+00  -8.33333333e-03   1.00000000e+00   1.18283071e-02   1.35420613e-04   9.76530955e-01   0.00000000e+00
 1.28000000e+00  -8.33333333e-03   1.00000000e+00   1.11418567e-02   1.27594563e-04   9.76530955e-01   0.00000000e+00
 1.29000000e+00  -8.33333333e-03   1.00000000e+00   1.04752397e-02   1.19991731e-04   9.76530955e-01   0.00000000e+00
 1.30000000e+00  -8.33333333e-03   1.00000000e+00   9.82957084e-03   1.12625048e-04   9.76530955e-01   0.00000000e+00
 1.31000000e+00  -8.33333333e-03   1.00000000e+00   9.20593199e-03   1.05507219e-04   9.76530955e-01   0.00000000e+00
 1.32000000e+00  -8.33333333e-03   1.00000000e+00   8.60536966e-03   9.86506645e-05   9.76530955e-01   0.00000000e+00
 1.33000000e+00  -8.33333333e-03   1.00000000e+00   8.02889190e-03   9.20674456e-05   9.76530955e-01   0.00000000e+00
 1.34000000e+00  -8.33333333e-03   1.00000000e+00   7.47746537e-03   8.57691970e-05   9.76530955e-01   0.00000000e+00
 1.35000000e+00  -8.33333333e-03   1.00000000e+00   6.95201242e-03   7.97670536e-05   9.76530955e-01   0.00000000e+00
 1.36000000e+00  -8.33333333e-03   1.00000000e+00   6.45340828e-03   7.40715827e-05   9.76530955e-01   0.00000000e+00
 1.37000000e+00  -8.33333333e-03   1.00000000e+00   5.98247856e-03   6.86927224e-05   9.76530955e-01   0.00000000e+00
 1.38000000e+00  -8.33333333e-03   1.00000000e+00   5.53999696e-03   6.36397292e-05   9.76530955e-01   0.00000000e+00
 1.39000000e+00  -8.33333333e-03   1.00000000e+00   5.12668331e-03   5.89211356e-05   9.76530955e-01   0.00000000e+00
 1.40000000e+00  -8.33333333e-03   1.00000000e+00   4.74320204e-03   5.45447196e-05   9.76530955e-01   0.00000000e+00
 1.41000000e+00  -8.33333333e-03   1.00000000e+00   4.39016096e-03   5.05174869e-05   9.76530955e-01   0.00000000e+00
 1.42000000e+00  -8.33333333e-03   1.00000000e+00   4.06811042e-03   4.68456638e-05   9.76530955e-01   0.00000000e+00
 1.43000000e+00  -8.33333333e-03   1.00000000e+00   3.77754281e-03   4.35347019e-05   9.76530955e-01   0.00000000e+00
 1.44000000e+00  -8.33333333e-03   1.00000000e+00   3.51889240e-03   4.05892928e-05   9.76530955e-01   0.00000000e+00
 1.45000000e+00  -8.33333333e-03   1.00000000e+00   3.29253542e-03   3.80133894e-05   9.76530955e-01   0.00000000e+00
 1.46000000e+00  -8.33333333e-03   1.00000000e+00   3.09879036e-03   3.58102336e-05   9.76530955e-01   0.00000000e+00
 1.47000000e+00  -8.33333333e-03   1.00000000e+00   2.93791844e-03   3.39823877e-05   9.76530955e-01   0.00000000e+00
 1.48000000e+00  -8.33333333e-03   1.00000000e+00   2.81012413e-03   3.25317661e-05   9.76530955e-01   0.00000000e+00
 1.49000000e+00  -8.33333333e-03   1.00000000e+00   2.71555578e-03   3.14596672e-05   9.76530955e-01   0.00000000e+00
 1.50000000e+00  -8.33333333e-03   1.00000000e+00   2.65430621e-03   3.07668010e-05   9.76530955e-01   0.00000000e+00
 1.51000000e+00  -8.33333333e-03   1.00000000e+00   2.62641326e-03   3.04533137e-05   9.76530955e-01   0.00000000e+00
 1.52000000e+00  -8.33333333e-03   1.00000000e+00   2.63186026e-03   3.05188061e-05   9.76530955e-01   0.00000000e+00
 1.53000000e+00  -8.33333333e-03   1.00000000e+00   2.67057646e-03   3.09623455e-05   9.76530955e-01   0.00000000e+00
 1.54000000e+00  -8.33333333e-03   1.00000000e+00   2.74243729e-03   3.17824722e-05   9.76530955e-01   0.00000000e+00
 1.55000000e+00  -8.33333333e-03   1.00000000e+00   2.84726459e-03   3.29771985e-05   9.76530955e-01   0.00000000e+00
 1.56000000e+00  -8.33333333e-03   1.00000000e+00   2.98482674e-03   3.45440032e-05   9.76530955e-01   0.00000000e+00
 1.57000000e+00  -8.33333333e-03   1.00000000e+00   3.15483876e-03   3.64798211e-05   9.76530955e-01   0.00000000e+00
 1.58000000e+00  -8.33333333e-03   1.00000000e+00   3.35696235e-03   3.87810290e-05   9.76530955e-01   0.00000000e+00
 1.59000000e+00  -8.33333333e-03   1.00000000e+00   3.59080602e-03   4.14434305e-05   9.76530955e-01   0.00000000e+00
 1.60000000e+00  -8.33333333e-03   1.00000000e+00   3.85592521e-03   4.44622397e-05   9.76530955e-01   0.00000000e+00
 1.61000000e+00  -8.33333333e-03   1.00000000e+00   4.15182254e-03   4.78320667e-05   9.76530955e-01   0.00000000e+00
 1.62000000e+00  -8.33333333e-03   1.00000000e+00   4.47794818e-03   5.15469053e-05   9.76530955e-01   0.00000000e+00
 1.63000000e+00  -8.33333333e-03   1.00000000e+00   4.83370036e-03   5.56001249e-05   9.76530955e-01   0.00000000e+00
 1.64000000e+00  -8.33333333e-03   1.00000000e+00   5.21842613e-03   5.99844664e-05   9.76530955e-01   0.00000000e+00
 1.65000000e+00  -8.33333333e-03   1.00000000e+00   5.63142220e-03   6.46920450e-05   9.76530955e-01   0.00000000e+00
 1.66000000e+00  -8.33333333e-03   1.00000000e+00   6.07193615e-03   6.97143578e-05   9.76530955e-01   0.00000000e+00
 1.67000000e+00  -8.33333333e-03   1.00000000e+00   6.53916768e-03   7.50422975e-05   9.76530955e-01   0.00000000e+00
 1.68000000e+00  -8.33333333e-03   1.00000000e+00   7.03227018e-03   8.06661728e-05   9.76530955e-01   0.00000000e+00
 1.69000000e+00  -8.33333333e-03   1.00000000e+00   7.55035245e-03   8.65757328e-05   9.76530955e-01   0.00000000e+00
 1.70000000e+00  -8.33333333e-03   1.00000000e+00   8.09248058e-03   9.27601968e-05   9.76530955e-01   0.00000000e+00
 1.71000000e+00  -8.33333333e-03   1.00000000e+00   8.65767997e-03   9.92082878e-05   9.76530955e-01   0.00000000e+00
 1.72000000e+00  -8.33333333e-03   1.00000000e+00   9.24493744e-03   1.05908268e-04   9.76530955e-01   0.00000000e+00
 1.73000000e+00  -8.33333333e-03   1.00000000e+00   9.85320351e-03   1.12847975e-04   9.76530955e-01   0.00000000e+00
 1.74000000e+00  -8.33333333e-03   1.00000000e+00   1.04813946e-02   1.20014862e-04   9.76530955e-01   0.00000000e+00
 1.75000000e+00  -8.33333333e-03   1.00000000e+00   1.11283954e-02   1.27396033e-04   9.76530955e-01   0.00000000e+00
 1.76000000e+00  -8.33333333e-03   1.00000000e+00   1.17930611e-02   1.34978279e-04   9.76530955e-01   0.00000000e+00
 1.77000000e+00  -8.33333333e-03   1.00000000e+00   1.24742198e-02   1.42748112e-04   9.76530955e-01   0.00000000e+00
 1.78000000e+00  -8.33333333e-03   1.00000000e+00   1.31706743e-02   1.50691795e-04   9.76530955e-01   0.00000000e+00
 1.79000000e+00  -8.33333333e-03   1.00000000e+00   1.38812052e-02   1.58795370e-04   9.76530955e-01   0.00000000e+00
 1.80000000e+00  -8.33333333e-03   1.00000000e+00   1.46045719e-02   1.67044686e-04   9.76530955e-01   0.00000000e+00
 1.81000000e+00  -8.33333333e-03   1.00000000e+00   1.53395157e-02   1.75425415e-04   9.76530955e-01   0.00000000e+00
 1.82000000e+00  -8.33333333e-03   1.00000000e+00   1.60847612e-02   1.83923078e-04   9.76530955e-01   0.00000000e+00
 1.83000000e+00  -8.33333333e-03   1.00000000e+00   1.68390186e-02   1.92523057e-04   9.76530955e-01   0.00000000e+00
 1.84000000e+00  -8.33333333e-03   1.00000000e+00   1.76009856e-02   2.01210616e-04   9.76530955e-01   0.00000000e+00
 1.85000000e+00  -8.33333333e-03   1.00000000e+00   1.83693495e-02   2.09970908e-04   9.76530955e-01   0.00000000e+00
 1.86000000e+00  -8.33333333e-03   1.00000000e+00   1.91427890e-02   2.18788997e-04   9.76530955e-01   0.00000000e+00
 1.87000000e+00  -8.33333333e-03   1.00000000e+00   1.99199762e-02   2.27649871e-04   9.76530955e-01   0.00000000e+00
 1.88000000e+00  -8.33333333e-03   1.00000000e+00   2.06995789e-02   2.36538454e-04   9.76530955e-01   0.00000000e+00
 1.89000000e+00  -8.33333333e-03   1.00000000e+00   2.14802623e-02   2.45439626e-04   9.76530955e-01   0.00000000e+00
 1.90000000e+00  -8.33333333e-03   1.00000000e+00   2.22606913e-02   2.54338244e-04   9.76530955e-01   0.00000000e+00
 1.91000000e+00  -8.33333333e-03   1.00000000e+00   2.30395328e-02   2.63219159e-04   9.76530955e-01   0.00000000e+00
 1.92000000e+00  -8.33333333e-03   1.00000000e+00   2.38154575e-02   2.72067243e-04   9.76530955e-01   0.00000000e+00
 1.93000000e+00  -8.33333333e-03   1.00000000e+00   2.45871428e-02   2.80867413e-04   9.76530955e-01   0.00000000e+00
 1.94000000e+00  -8.33333333e-03   1.00000000e+00   2.53532744e-02   2.89604659e-04   9.76530955e-01   0.00000000e+00
 1.95000000e+00  -8.33333333e-03   1.00000000e+00   2.61125491e-02   2.98264073e-04   9.76530955e-01   0.00000000e+00
 1.96000000e+00  -8.33333333e-03   1.00000000e+00   2.68636770e-02   3.06830882e-04   9.76530955e-01   0.00000000e+00
 1.97000000e+00  -8.33333333e-03   1.00000000e+00   2.76053839e-02   3.15290476e-04   9.76530955e-01   0.00000000e+00
 1.98000000e+00  -8.33333333e-03   1.00000000e+00   2.83364136e-02   3.23628442e-04   9.76530955e-01   0.00000000e+00
 1.99000000e+00  -8.33333333e-03   1.00000000e+00   2.90555302e-02   3.31830599e-04   9.76530955e-01   0.00000000e+00
 2.00000000e+00  -8.33333333e-03   1.00000000e+00   2.97615204e-02   3.39883022e-04   9.76530955e-01   0.00000000e+00
 2.01000000e+00  -8.33333333e-03   1.00000000e+00   3.04531957e-02   3.47772079e-04   9.76530955e-01   0.00000000e+00
 2.02000000e+00  -8.33333333e-03   1.00000000e+00   3.11293945e-02   3.55484457e-04   9.76530955e-01   0.00000000e+00
 2.03000000e+00  -8.33333333e-03   1.00000000e+00   3.17889843e-02   3.63007186e-04   9.76530955e-01   0.00000000e+00
 2.04000000e+00  -8.33333333e-03   1.00000000e+00   3.24308635e-02   3.70327670e-04   9.76530955e-01   0.00000000e+00
 2.05000000e+00  -8.33333333e-03   1.00000000e+00   3.30539633e-02   3.77433703e-04   9.76530955e-01   0.00000000e+00
 2.06000000e+00  -8.33333333e-03   1.00000000e+00   3.36572496e-02   3.84313491e-04   9.76530955e-01   0.00000000e+00
 2.07000000e+00  -8.33333333e-03   1.00000000e+00   3.42397244e-02   3.90955674e-04   9.76530955e-01   0.00000000e+00
 2.08000000e+00  -8.33333333e-03   1.00000000e+00   3.48004278e-02   3.97349335e-04   9.76530955e-01   0.00000000e+00
 2.09000000e+00  -8.33333333e-03   1.00000000e+00   3.53384389e-02   4.03484020e-04   9.76530955e-01   0.00000000e+00
 2.10000000e+00  -8.33333333e-03   1.00000000e+00   3.58528777e-02   4.09349748e-04   9.76530955e-01   0.00000000e+00
 2.11000000e+00  -8.33333333e-03   1.00000000e+00   3.63429064e-02   4.14937020e-04   9.76530955e-01   0.00000000e+00
 2.12000000e+00  -8.33333333e-03   1.00000000e+00   3.68077301e-02   4.20236836e-04   9.76530955e-01   0.00000000e+00
 2.13000000e+00  -8.33333333e-03   1.00000000e+00   3.72465986e-02   4.25240697e-04   9.76530955e-01   0.00000000e+00
 2.14000000e+00  -8.33333333e-03   1.00000000e+00   3.76588071e-02   4.29940619e-04   9.76530955e-01   0.00000000e+00
 2.15000000e+00  -8.33333333e-03   1.00000000e+00   3.80436974e-02   4.34329139e-04   9.76530955e-01   0.00000000e+00
 2.16000000e+00  -8.33333333e-03   1.00000000e+00   3.84006587e-02   4.38399329e-04   9.76530955e-01   0.00000000e+00
 2.17000000e+00  -8.33333333e-03   1.00000000e+00   3.87291286e-02   4.42144796e-04   9.76530955e-01   0.00000000e+00
 2.18000000e+00  -8.33333333e-03   1.00000000e+00   3.90285943e-02   4.45559702e-04   9.76530955e-01   0.00000000e+00
 2.19000000e+00  -8.33333333e-03   1.00000000e+00   3.92985927e-02   4.48638765e-04   9.76530955e-01   0.00000000e+00
 2.20000000e+00  -8.33333333e-03   1.00000000e+00   3.95387119e-02   4.51377273e-04   9.76530955e-01   0.00000000e+00
 2.21000000e+00  -8.33333333e-03   1.00000000e+00   3.97485910e-02   4.53771088e-04   9.76530955e-01   0.00000000e+00
 2.22000000e+00  -8.33333333e-03   1.00000000e+00   3.99279217e-02   4.55816662e-04   9.76530955e-01   0.00000000e+00
 2.23000000e+00  -8.33333333e-03   1.00000000e+00   4.00764480e-02   4.57511038e-04   9.76530955e-01   0.00000000e+00
 2.24000000e+00  -8.33333333e-03   1.00000000e+00   4.01939671e-02   4.58851862e-04   9.76530955e-01   0.00000000e+00
 2.25000000e+00  -8.33333333e-03   1.00000000e+00   4.02803294e-02   4.59837390e-04   9.76530955e-01   0.00000000e+00
 2.26000000e+00  -8.33333333e-03   1.00000000e+00   4.03354391e-02   4.60466488e-04   9.76530955e-01   0.00000000e+00
 2.27000000e+00  -8.33333333e-03   1.00000000e+00   4.03592542e-02   4.60738641e-04   9.76530955e-01   0.00000000e+00
 2.28000000e+00  -8.33333333e-03   1.00000000e+00   4.03517863e-02   4.60653954e-04   9.76530955e-01   0.00000000e+00
 2.29000000e+00  -8.33333333e-03   1.00000000e+00   4.03131012e-02   4.60213153e-04   9.76530955e-01   0.00000000e+00
 2.30000000e+00  -8.33333333e-03   1.00000000e+00   4.02433178e-02   4.59417582e-04   9.76530955e-01   0.00000000e+00
 2.31000000e+00  -8.33333333e-03   1.00000000e+00   4.01426086e-02   4.58269200e-04   9.76530955e-01   0.00000000e+00
 2.32000000e+00  -8.33333333e-03   1.00000000e+00   4.00111990e-02   4.56770581e-04   9.76530955e-01   0.00000000e+00
 2.33000000e+00  -8.33333333e-03   1.00000000e+00   3.98493668e-02   4.54924903e-04   9.76530955e-01   0.00000000e+00
 2.34000000e+00  -8.33333333e-03   1.00000000e+00   3.96574415e-02   4.52735941e-04   9.76530955e-01   0.00000000e+00
 2.35000000e+00  -8.33333333e-03   1.00000000e+00   3.94358039e-02   4.50208059e-04   9.76530955e-01   0.00000000e+00
 2.36000000e+00  -8.33333333e-03   1.00000000e+00   3.91848850e-02   4.47346197e-04   9.76530955e-01   0.00000000e+00
 2.37000000e+00  -8.33333333e-03   1.00000000e+00   3.89051654e-02   4.44155864e-04   9.76530955e-01   0.00000000e+00
 2.38000000e+00  -8.33333333e-03   1.00000000e+00   3.85971738e-02   4.40643118e-04   9.76530955e-01   0.00000000e+00
 2.39000000e+00  -8.33333333e-03   1.00000000e+00   3.82614869e-02   4.36814559e-04   9.76530955e-01   0.00000000e+00
 2.40000000e+00  -8.33333333e-03   1.00000000e+00   3.78987271e-02   4.32677312e-04   9.76530955e-01   0.00000000e+00
 2.41000000e+00  -8.33333333e-03   1.00000000e+00   3.75095624e-02   4.28239012e-04   9.76530955e-01   0.00000000e+00
 2.42000000e+00  -8.33333333e-03   1.00000000e+00   3.70947045e-02   4.23507790e-04   9.76530955e-01   0.00000000e+00
 2.43000000e+00  -8.33333333e-03   1.00000000e+00   3.66549075e-02   4.18492255e-04   9.76530955e-01   0.00000000e+00
 2.44000000e+00  -8.33333333e-03   1.00000000e+00   3.61909670e-02   4.13201482e-04   9.76530955e-01   0.00000000e+00
 2.45000000e+00  -8.33333333e-03   1.00000000e+00   3.57037180e-02   4.07644994e-04   9.76530955e-01   0.00000000e+00
 2.46000000e+00  -8.33333333e-03   1.00000000e+00   3.51940342e-02   4.01832743e-04   9.76530955e-01   0.00000000e+00
 2.47000000e+00  -8.33333333e-03   1.00000000e+00   3.46628257e-02   3.95775098e-04   9.76530955e-01   0.00000000e+00
 2.48000000e+00  -8.33333333e-03   1.00000000e+00   3.41110379e-02   3.89482825e-04   9.76530955e-01   0.00000000e+00
 2.49000000e+00  -8.33333333e-03   1.00000000e+00   3.35396497e-02   3.82967068e-04   9.76530955e-01   0.00000000e+00
 2.50000000e+00  -8.33333333e-03   1.00000000e+00   3.29496718e-02   3.76239337e-04   9.76530955e-01   0.00000000e+00
 2.51000000e+00  -8.33333333e-03   1.00000000e+00   3.23421450e-02   3.69311480e-04   9.76530955e-01   0.00000000e+00
 2.52000000e+00  -8.33333333e-03   1.00000000e+00   3.17181385e-02   3.62195673e-04   9.76530955e-01   0.00000000e+00
 2.53000000e+00  -8.33333333e-03   1.00000000e+00   3.10787478e-02   3.54904392e-04   9.76530955e-01   0.00000000e+00
 2.54000000e+00  -8.33333333e-03   1.00000000e+00   3.04250930e-02   3.47450399e-04   9.76530955e-01   0.00000000e+00
 2.55000000e+00  -8.33333333e-03   1.00000000e+00   2.97583167e-02   3.39846716e-04   9.76530955e-01   0.00000000e+00
 2.56000000e+00  -8.33333333e-03   1.00000000e+00   2.90795824e-02   3.32106604e-04   9.76530955e-01   0.00000000e+00
 2.57000000e+00  -8.33333333e-03   1.00000000e+00   2.83900720e-02   3.24243539e-04   9.76530955e-01   0.00000000e+00
 2.58000000e+00  -8.33333333e-03   1.00000000e+00   2.76909840e-02   3.16271192e-04   9.76530955e-01   0.00000000e+00
 2.59000000e+00  -8.33333333e-03   1.00000000e+00   2.69835314e-02   3.08203400e-04   9.76530955e-01   0.00000000e+00
 2.60000000e+00  -8.33333333e-03   1.00000000e+00   2.62689394e-02   3.00054145e-04   9.76530955e-01   0.00000000e+00
 2.61000000e+00  -8.33333333e-03   1.00000000e+00   2.55484435e-02   2.91837528e-04   9.76530955e-01   0.00000000e+00
 2.62000000e+00  -8.33333333e-03   1.00000000e+00   2.48232874e-02   2.83567741e-04   9.76530955e-01   0.00000000e+00
 2.63000000e+00  -8.33333333e-03   1.00000000e+00   2.40947204e-02   2.75259046e-04   9.76530955e-01   0.00000000e+00
 2.64000000e+00  -8.33333333e-03   1.00000000e+00   2.33639956e-02   2.66925745e-04   9.76530955e-01   0.00000000e+00
 2.65000000e+00  -8.33333333e-03   1.00000000e+00   2.26323677e-02   2.58582159e-04   9.76530955e-01   0.00000000e+00
 2.66000000e+00  -8.33333333e-03   1.00000000e+00   2.19010906e-02   2.50242597e-04   9.76530955e-01   0.00000000e+00
 2.67000000e+00  -8.33333333e-03   1.00000000e+00   2.11714155e-02   2.41921337e-04   9.76530955e-01   0.00000000e+00
 2.68000000e+00  -8.33333333e-03   1.00000000e+00   2.04445886e-02   2.33632595e-04   9.76530955e-01   0.00000000e+00
 2.69000000e+00  -8.33333333e-03   1.00000000e+00   1.97218490e-02   2.25390506e-04   9.76530955e-01   0.00000000e+00
 2.70000000e+00  -8.33333333e-03   1.00000000e+00   1.90044266e-02   2.17209095e-04   9.76530955e-01   0.00000000e+00
 2.71000000e+00  -8.33333333e-03   1.00000000e+00   1.82935399e-02   2.09102259e-04   9.76530955e-01   0.00000000e+00
 2.72000000e+00  -8.33333333e-03   1.00000000e+00   1.75903943e-02   2.01083737e-04   9.76530955e-01   0.00000000e+00
 2.73000000e+00  -8.33333333e-03   1.00000000e+00   1.68961795e-02   1.93167093e-04   9.76530955e-01   0.00000000e+00
 2.74000000e+00  -8.33333333e-03   1.00000000e+00   1.62120681e-02   1.85365690e-04   9.76530955e-01   0.00000000e+00
 2.75000000e+00  -8.33333333e-03   1.00000000e+00   1.55392133e-02   1.77692671e-04   9.76530955e-01   0.00000000e+00
 2.76000000e+00  -8.33333333e-03   1.00000000e+00   1.48787470e-02   1.70160935e-04   9.76530955e-01   0.00000000e+00
 2.77000000e+00  -8.33333333e-03   1.00000000e+00   1.42317779e-02   1.62783118e-04   9.76530955e-01   0.00000000e+00
 2.78000000e+00  -8.33333333e-03   1.00000000e+00   1.35993899e-02   1.55571571e-04   9.76530955e-01   0.00000000e+00
 2.79000000e+00  -8.33333333e-03   1.00000000e+00   1.29826399e-02   1.48538342e-04   9.76530955e-01   0.00000000e+00
 2.80000000e+00  -8.33333333e-03   1.00000000e+00   1.23825566e-02   1.41695155e-04   9.76530955e-01   0.00000000e+00
 2.81000000e+00  -8.33333333e-03   1.00000000e+00   1.18001383e-02   1.35053390e-04   9.76530955e-01   0.00000000e+00
 2.82000000e+00  -8.33333333e-03   1.00000000e+00   1.12363512e-02   1.28624066e-04   9.76530955e-01   0.00000000e+00
 2.83000000e+00  -8.33333333e-03   1.00000000e+00   1.06921284e-02   1.22417821e-04   9.76530955e-01   0.00000000e+00
 2.84000000e+00  -8.33333333e-03   1.00000000e+00   1.01683678e-02   1.16444897e-04   9.76530955e-01   0.00000000e+00
 2.85000000e+00  -8.33333333e-03   1.00000000e+00   9.66593077e-03   1.10715121e-04   9.76530955e-01   0.00000000e+00
 2.86000000e+00  -8.33333333e-03   1.00000000e+00   9.18564085e-03   1.05237886e-04   9.76530955e-01   0.00000000e+00
 2.87000000e+00  -8.33333333e-03   1.00000000e+00   8.72828225e-03   1.00022143e-04   9.76530955e-01   0.00000000e+00
 2.88000000e+00  -8.33333333e-03   1.00000000e+00   8.29459861e-03   9.50763760e-05   9.76530955e-01   0.00000000e+00
 2.89000000e+00  -8.33333333e-03   1.00000000e+00   7.88529182e-03   9.04085960e-05   9.76530955e-01   0.00000000e+00
 2.90000000e+00  -8.33333333e-03   1.00000000e+00   7.50102081e-03   8.60263233e-05   9.76530955e-01   0.00000000e+00
 2.91000000e+00  -8.33333333e-03   1.00000000e+00   7.14240056e-03   8.19365761e-05   9.76530955e-01   0.00000000e+00
 2.92000000e+00  -8.33333333e-03   1.00000000e+00   6.81000105e-03   7.81458590e-05   9.76530955e-01   0.00000000e+00
 2.93000000e+00  -8.33333333e-03   1.00000000e+00   6.50434638e-03   7.46601526e-05   9.76530955e-01   0.00000000e+00
 2.94000000e+00  -8.33333333e-03   1.00000000e+00   6.22591394e-03   7.14849033e-05   9.76530955e-01   0.00000000e+00
 2.95000000e+00  -8.33333333e-03   1.00000000e+00   5.97513370e-03   6.86250157e-05   9.76530955e-01   0.00000000e+00
 2.96000000e+00  -8.33333333e-03   1.00000000e+00   5.75238750e-03   6.60848443e-05   9.76530955e-01   0.00000000e+00
 2.97000000e+00  -8.33333333e-03   1.00000000e+00   5.55800851e-03   6.38681877e-05   9.76530955e-01   0.00000000e+00
 2.98000000e+00  -8.33333333e-03   1.00000000e+00   5.39228079e-03   6.19782828e-05   9.76530955e-01   0.00000000e+00
 2.99000000e+00  -8.33333333e-03   1.00000000e+00   5.25543879e-03   6.04178008e-05   9.76530955e-01   0.00000000e+00
 3.00000000e+00  -8.33333333e-03   1.00000000e+00   5.14766716e-03   5.91888434e-05   9.76530955e-01   0.00000000e+00
 3.01000000e+00  -8.33333333e-03   1.00000000e+00   5.06910044e-03   5.82929412e-05   9.76530955e-01   0.00000000e+00
 3.02000000e+00  -8.33333333e-03   1.00000000e+00   5.01982297e-03   5.77310519e-05   9.76530955e-01   0.00000000e+00
 3.03000000e+00  -8.33333333e-03   1.00000000e+00   4.99986881e-03   5.75035602e-05   9.76530955e-01   0.00000000e+00
 3.04000000e+00  -8.33333333e-03   1.00000000e+00   5.00922181e-03   5.76102781e-05   9.76530955e-01   0.00000000e+00
 3.05000000e+00  -8.33333333e-03   1.00000000e+00   5.04781570e-03   5.80504470e-05   9.76530955e-01   0.00000000e+00
 3.06000000e+00  -8.33333333e-03   1.00000000e+00   5.11553430e-03   5.88227397e-05   9.76530955e-01   0.00000000e+00
 3.07000000e+00  -8.33333333e-03   1.00000000e+00   5.21221184e-03   5.99252640e-05   9.76530955e-01   0.00000000e+00
 3.08000000e+00  -8.33333333e-03   1.00000000e+00   5.33763328e-03   6.13555669e-05   9.76530955e-01   0.00000000e+00
 3.09000000e+00  -8.33333333e-03   1.00000000e+00   5.49153479e-03   6.31106398e-05   9.76530955e-01   0.00000000e+00
 3.10000000e+00  -8.33333333e-03   1.00000000e+00   5.67360427e-03   6.51869245e-05   9.76530955e-01   0.00000000e+00
 3.11000000e+00  -8.33333333e-03   1.00000000e+00   5.88348201e-03   6.75803202e-05   9.76530955e-01   0.00000000e+00
 3.12000000e+00  -8.33333333e-03   1.00000000e+00   6.12076130e-03   7.02861909e-05   9.76530955e-01   0.00000000e+00
 3.13000000e+00  -8.33333333e-03   1.00000000e+00   6.38498927e-03   7.32993748e-05   9.76530955e-01   0.00000000e+00
 3.14000000e+00  -8.33333333e-03   1.00000000e+00   6.67566770e-03   7.66141928e-05   9.76530955e-01   0.00000000e+00
 3.15000000e+00  -8.33333333e-03   1.00000000e+00   6.99225399e-03   8.02244597e-05   9.76530955e-01   0.00000000e+00
 3.16000000e+00  -8.33333333e-03   1.00000000e+00   7.33416209e-03   8.41234952e-05   9.76530955e-01   0.00000000e+00
 3.17000000e+00  -8.33333333e-03   1.00000000e+00   7.70076364e-03   8.83041357e-05   9.76530955e-01   0.00000000e+00
 3.18000000e+00  -8.33333333e-03   1.00000000e+00   8.09138905e-03   9.27587475e-05   9.76530955e-01   0.00000000e+00
 3.19000000e+00  -8.33333333e-03   1.00000000e+00   8.50532879e-03   9.74792405e-05   9.76530955e-01   0.00000000e+00
 3.20000000e+00  -8.33333333e-03   1.00000000e+00   8.94183458e-03   1.02457083e-04   9.76530955e-01   0.00000000e+00
 3.21000000e+00  -8.33333333e-03   1.00000000e+00   9.40012082e-03   1.07683315e-04   9.76530955e-01   0.00000000e+00
 3.22000000e+00  -8.33333333e-03   1.00000000e+00   9.87936595e-03   1.13148570e-04   9.76530955e-01   0.00000000e+00
 3.23000000e+00  -8.33333333e-03   1.00000000e+00   1.03787139e-02   1.18843082e-04   9.76530955e-01   0.00000000e+00
 3.24000000e+00  -8.33333333e-03   1.00000000e+00   1.08972757e-02   1.24756715e-04   9.76530955e-01   0.00000000e+00
 3.25000000e+00  -8.33333333e-03   1.00000000e+00   1.14341310e-02   1.30878969e-04   9.76530955e-01   0.00000000e+00
 3.26000000e+00  -8.33333333e-03   1.00000000e+00   1.19883297e-02   1.37199010e-04   9.76530955e-01   0.00000000e+00
 3.27000000e+00  -8.33333333e-03   1.00000000e+00   1.25588935e-02   1.43705679e-04   9.76530955e-01   0.00000000e+00
 3.28000000e+00  -8.33333333e-03   1.00000000e+00   1.31448181e-02   1.50387521e-04   9.76530955e-01   0.00000000e+00
 3.29000000e+00  -8.33333333e-03   1.00000000e+00   1.37450743e-02   1.57232797e-04   9.76530955e-01   0.00000000e+00
 3.30000000e+00  -8.33333333e-03   1.00000000e+00   1.43586102e-02   1.64229511e-04   9.76530955e-01   0.00000000e+00
 3.31000000e+00  -8.33333333e-03   1.00000000e+00   1.49843533e-02   1.71365429e-04   9.76530955e-01   0.00000000e+00
 3.32000000e+00  -8.33333333e-03   1.00000000e+00   1.56212116e-02   1.78628099e-04   9.76530955e-01   0.00000000e+00
 3.33000000e+00  -8.33333333e-03   1.00000000e+00   1.62680762e-02   1.86004874e-04   9.76530955e-01   0.00000000e+00
 3.34000000e+00  -8.33333333e-03   1.00000000e+00   1.69238231e-02   1.93482935e-04   9.76530955e-01   0.00000000e+00
 3.35000000e+00  -8.33333333e-03   1.00000000e+00   1.75873148e-02   2.01049310e-04   9.76530955e-01   0.00000000e+00
 3.36000000e+00  -8.33333333e-03   1.00000000e+00   1.82574025e-02   2.08690901e-04   9.76530955e-01   0.00000000e+00
 3.37000000e+00  -8.33333333e-03   1.00000000e+00   1.89329284e-02   2.16394502e-04   9.76530955e-01   0.00000000e+00
 3.38000000e+00  -8.33333333e-03   1.00000000e+00   1.96127270e-02   2.24146825e-04   9.76530955e-01   0.00000000e+00
 3.39000000e+00  -8.33333333e-03   1.00000000e+00   2.02956277e-02   2.31934522e-04   9.76530955e-01   0.00000000e+00
 3.40000000e+00  -8.33333333e-03   1.00000000e+00   2.09804566e-02   2.39744207e-04   9.76530955e-01   0.00000000e+00
 3.41000000e+00  -8.33333333e-03   1.00000000e+00   2.16660384e-02   2.47562477e-04   9.76530955e-01   0.00000000e+00
 3.42000000e+00  -8.33333333e-03   1.00000000e+00   2.23511987e-02   2.55375942e-04   9.76530955e-01   0.00000000e+00
 3.43000000e+00  -8.33333333e-03   1.00000000e+00   2.30347656e-02   2.63171237e-04   9.76530955e-01   0.00000000e+00
 3.44000000e+00  -8.33333333e-03   1.00000000e+00   2.37155721e-02   2.70935057e-04   9.76530955e-01   0.00000000e+00
 3.45000000e+00  -8.33333333e-03   1.00000000e+00   2.43924578e-02   2.78654168e-04   9.76530955e-01   0.00000000e+00
 3.46000000e+00  -8.33333333e-03   1.00000000e+00   2.50642711e-02   2.86315437e-04   9.76530955e-01   0.00000000e+00
 3.47000000e+00  -8.33333333e-03   1.00000000e+00   2.57298709e-02   2.93905854e-04   9.76530955e-01   0.00000000e+00
 3.48000000e+00  -8.33333333e-03   1.00000000e+00   2.63881289e-02   3.01412548e-04   9.76530955e-01   0.00000000e+00
 3.49000000e+00  -8.33333333e-03   1.00000000e+00   2.70379310e-02   3.08822817e-04   9.76530955e-01   0.00000000e+00
 3.50000000e+00  -8.33333333e-03   1.00000000e+00   2.76781797e-02   3.16124143e-04   9.76530955e-01   0.00000000e+00
 3.51000000e+00  -8.33333333e-03   1.00000000e+00   2.83077956e-02   3.23304217e-04   9.76530955e-01   0.00000000e+00
 3.52000000e+00  -8.33333333e-03   1.00000000e+00   2.89257194e-02   3.30350957e-04   9.76530955e-01   0.00000000e+00
 3.53000000e+00  -8.33333333e-03   1.00000000e+00   2.95309137e-02   3.37252531e-04   9.76530955e-01   0.00000000e+00
 3.54000000e+00  -8.33333333e-03   1.00000000e+00   3.01223643e-02   3.43997376e-04   9.76530955e-01   0.00000000e+00
 3.55000000e+00  -8.33333333e-03   1.00000000e+00   3.06990828e-02   3.50574215e-04   9.76530955e-01   0.00000000e+00
 3.56000000e+00  -8.33333333e-03   1.00000000e+00   3.12601072e-02   3.56972080e-04   9.76530955e-01   0.00000000e+00
 3.57000000e+00  -8.33333333e-03   1.00000000e+00   3.18045044e-02   3.63180327e-04   9.76530955e-01   0.00000000e+00
 3.58000000e+00  -8.33333333e-03   1.00000000e+00   3.23313711e-02   3.69188657e-04   9.76530955e-01   0.00000000e+00
 3.59000000e+00  -8.33333333e-03   1.00000000e+00   3.28398356e-02   3.74987128e-04   9.76530955e-01   0.00000000e+00
 3.60000000e+00  -8.33333333e-03   1.00000000e+00   3.33290594e-02   3.80566176e-04   9.76530955e-01   0.00000000e+00
 3.61000000e+00  -8.33333333e-03   1.00000000e+00   3.37982380e-02   3.85916630e-04   9.76530955e-01   0.00000000e+00
 3.62000000e+00  -8.33333333e-03   1.00000000e+00   3.42466029e-02   3.91029725e-04   9.76530955e-01   0.00000000e+00
 3.63000000e+00  -8.33333333e-03   1.00000000e+00   3.46734224e-02   3.95897116e-04   9.76530955e-01   0.00000000e+00
 3.64000000e+00  -8.33333333e-03   1.00000000e+00   3.50780030e-02   4.00510895e-04   9.76530955e-01   0.00000000e+00
 3.65000000e+00  -8.33333333e-03   1.00000000e+00   3.54596904e-02   4.04863602e-04   9.76530955e-01   0.00000000e+00
 3.66000000e+00  -8.33333333e-03   1.00000000e+00   3.58178705e-02   4.08948234e-04   9.76530955e-01   0.00000000e+00
 3.67000000e+00  -8.33333333e-03   1.00000000e+00   3.61519706e-02   4.12758262e-04   9.76530955e-01   0.00000000e+00
 3.68000000e+00  -8.33333333e-03   1.00000000e+00   3.64614603e-02   4.16287636e-04   9.76530955e-01   0.00000000e+00
 3.69000000e+00  -8.33333333e-03   1.00000000e+00   3.67458520e-02   4.19530795e-04   9.76530955e-01   0.00000000e+00
 3.70000000e+00  -8.33333333e-03   1.00000000e+00   3.70047019e-02   4.22482682e-04   9.76530955e-01   0.00000000e+00
 3.71000000e+00  -8.33333333e-03   1.00000000e+00   3.72376109e-02   4.25138743e-04   9.76530955e-01   0.00000000e+00
 3.72000000e+00  -8.33333333e-03   1.00000000e+00   3.74442246e-02   4.27494938e-04   9.76530955e-01   0.00000000e+00
 3.73000000e+00  -8.33333333e-03   1.00000000e+00   3.76242346e-02   4.29547750e-04   9.76530955e-01   0.00000000e+00
 3.74000000e+00  -8.33333333e-03   1.00000000e+00   3.77773783e-02   4.31294183e-04   9.76530955e-01   0.00000000e+00
 3.75000000e+00  -8.33333333e-03   1.00000000e+00   3.79034396e-02   4.32731774e-04   9.76530955e-01   0.00000000e+00
 3.76000000e+00  -8.33333333e-03   1.00000000e+00   3.80022491e-02   4.33858589e-04   9.76530955e-01   0.00000000e+00
 3.77000000e+00  -8.33333333e-03   1.00000000e+00   3.80736844e-02   4.34673233e-04   9.76530955e-01   0.00000000e+00
 3.78000000e+00  -8.33333333e-03   1.00000000e+00   3.81176699e-02   4.35174845e-04   9.76530955e-01   0.00000000e+00
 3.79000000e+00  -8.33333333e-03   1.00000000e+00   3.81341774e-02   4.35363101e-04   9.76530955e-01   0.00000000e+00
 3.80000000e+00  -8.33333333e-03   1.00000000e+00   3.81232257e-02   4.35238215e-04   9.76530955e-01   0.00000000e+00
 3.81000000e+00  -8.33333333e-03   1.00000000e+00   3.80848805e-02   4.34800937e-04   9.76530955e-01   0.00000000e+00
 3.82000000e+00  -8.33333333e-03   1.00000000e+00   3.80192542e-02   4.34052548e-04   9.76530955e-01   0.00000000e+00
 3.83000000e+00  -8.33333333e-03   1.00000000e+00   3.79265059e-02   4.32994862e-04   9.76530955e-01   0.00000000e+00
 3.84000000e+00  -8.33333333e-03   1.00000000e+00   3.78068407e-02   4.31630217e-04   9.76530955e-01   0.00000000e+00
 3.85000000e+00  -8.33333333e-03   1.00000000e+00   3.76605094e-02   4.29961475e-04   9.76530955e-01   0.00000000e+00
 3.86000000e+00  -8.33333333e-03   1.00000000e+00   3.74878082e-02   4.27992011e-04   9.76530955e-01   0.00000000e+00
 3.87000000e+00  -8.33333333e-03   1.00000000e+00   3.72890776e-02   4.25725711e-04   9.76530955e-01   0.00000000e+00
 3.88000000e+00  -8.33333333e-03   1.00000000e+00   3.70647023e-02   4.23166961e-04   9.76530955e-01   0.00000000e+00
 3.89000000e+00  -8.33333333e-03   1.00000000e+00   3.68151102e-02   4.20320640e-04   9.76530955e-01   0.00000000e+00
 3.90000000e+00  -8.33333333e-03   1.00000000e+00   3.65407717e-02   4.17192113e-04   9.76530955e-01   0.00000000e+00
 3.91000000e+00  -8.33333333e-03   1.00000000e+00   3.62421984e-02   4.13787217e-04   9.76530955e-01   0.00000000e+00
 3.92000000e+00  -8.33333333e-03   1.00000000e+00   3.59199430e-02   4.10112252e-04   9.76530955e-01   0.00000000e+00
 3.93000000e+00  -8.33333333e-03   1.00000000e+00   3.55745974e-02   4.06173969e-04   9.76530955e-01   0.00000000e+00
 3.94000000e+00  -8.33333333e-03   1.00000000e+00   3.52067922e-02   4.01979559e-04   9.76530955e-01   0.00000000e+00
 3.95000000e+00  -8.33333333e-03   1.00000000e+00   3.48171951e-02   3.97536639e-04   9.76530955e-01   0.00000000e+00
 3.96000000e+00  -8.33333333e-03   1.00000000e+00   3.44065104e-02   3.92853238e-04   9.76530955e-01   0.00000000e+00
 3.97000000e+00  -8.33333333e-03   1.00000000e+00   3.39754768e-02   3.87937783e-04   9.76530955e-01   0.00000000e+00
 3.98000000e+00  -8.33333333e-03   1.00000000e+00   3.35248669e-02   3.82799082e-04   9.76530955e-01   0.00000000e+00
 3.99000000e+00  -8.33333333e-03   1.00000000e+00   3.30554853e-02   3.77446311e-04   9.76530955e-01   0.00000000e+00
 4.00000000e+00  -8.33333333e-03   1.00000000e+00   3.25681674e-02   3.71888999e-04   9.76530955e-01   0.00000000e+00
 4.01000000e+00  -8.33333333e-03   1.00000000e+00   3.20637778e-02   3.66137004e-04   9.76530955e-01   0.00000000e+00
 4.02000000e+00  -8.33333333e-03   1.00000000e+00   3.15432090e-02   3.60200504e-04   9.76530955e-01   0.00000000e+00
 4.03000000e+00  -8.33333333e-03   1.00000000e+00   3.10073796e-02   3.54089973e-04   9.76530955e-01   0.00000000e+00
 4.04000000e+00  -8.33333333e-03   1.00000000e+00   3.04572325e-02   3.47816166e-04   9.76530955e-01   0.00000000e+00
 4.05000000e+00  -8.33333333e-03   1.00000000e+00   2.98937338e-02   3.41390100e-04   9.76530955e-01   0.00000000e+00
 4.06000000e+00  -8.33333333e-03   1.00000000e+00   2.93178707e-02   3.34823030e-04   9.76530955e-01   0.00000000e+00
 4.07000000e+00  -8.33333333e-03   1.00000000e+00   2.87306498e-02   3.28126439e-04   9.76530955e-01   0.00000000e+00
 4.08000000e+00  -8.33333333e-03   1.00000000e+00   2.81330956e-02   3.21312006e-04   9.76530955e-01   0.00000000e+00
 4.09000000e+00  -8.33333333e-03   1.00000000e+00   2.75262482e-02   3.14391595e-04   9.76530955e-01   0.00000000e+00
 4.10000000e+00  -8.33333333e-03   1.00000000e+00   2.69111622e-02   3.07377230e-04   9.76530955e-01   0.00000000e+00
 4.11000000e+00  -8.33333333e-03   1.00000000e+00   2.62889042e-02   3.00281078e-04   9.76530955e-01   0.00000000e+00
 4.12000000e+00  -8.33333333e-03   1.00000000e+00   2.56605514e-02   2.93115420e-04   9.76530955e-01   0.00000000e+00
 4.13000000e+00  -8.33333333e-03   1.00000000e+00   2.50271897e-02   2.85892640e-04   9.76530955e-01   0.00000000e+00
 4.14000000e+00  -8.33333333e-03   1.00000000e+00   2.43899113e-02   2.78625195e-04   9.76530955e-01   0.00000000e+00
 4.15000000e+00  -8.33333333e-03   1.00000000e+00   2.37498138e-02   2.71325600e-04   9.76530955e-01   0.00000000e+00
 4.16000000e+00  -8.33333333e-03   1.00000000e+00   2.31079972e-02   2.64006401e-04   9.76530955e-01   0.00000000e+00
 4.17000000e+00  -8.33333333e-03   1.00000000e+00   2.24655630e-02   2.56680158e-04   9.76530955e-01   0.00000000e+00
 4.18000000e+00  -8.33333333e-03   1.00000000e+00   2.18236116e-02   2.49359422e-04   9.76530955e-01   0.00000000e+00
 4.19000000e+00  -8.33333333e-03   1.00000000e+00   2.11832408e-02   2.42056710e-04   9.76530955e-01   0.00000000e+00
 4.20000000e+00  -8.33333333e-03   1.00000000e+00   2.05455438e-02   2.34784490e-04   9.76530955e-01   0.00000000e+00
 4.21000000e+00  -8.33333333e-03   1.00000000e+00   1.99116074e-02   2.27555155e-04   9.76530955e-01   0.00000000e+00
 4.22000000e+00  -8.33333333e-03   1.00000000e+00   1.92825099e-02   2.20381004e-04   9.76530955e-01   0.00000000e+00
 4.23000000e+00  -8.33333333e-03   1.00000000e+00   1.86593197e-02   2.13274219e-04   9.76530955e-01   0.00000000e+00
 4.24000000e+00  -8.33333333e-03   1.00000000e+00   1.80430932e-02   2.06246848e-04   9.76530955e-01   0.00000000e+00
 4.25000000e+00  -8.33333333e-03   1.00000000e+00   1.74348731e-02   1.99310781e-04   9.76530955e-01   0.00000000e+00
 4.26000000e+00  -8.33333333e-03   1.00000000e+00   1.68356865e-02   1.92477731e-04   9.76530955e-01   0.00000000e+00
 4.27000000e+00  -8.33333333e-03   1.00000000e+00   1.62465434e-02   1.85759216e-04   9.76530955e-01   0.00000000e+00
 4.28000000e+00  -8.33333333e-03   1.00000000e+00   1.56684348e-02   1.79166537e-04   9.76530955e-01   0.00000000e+00
 4.29000000e+00  -8.33333333e-03   1.00000000e+00   1.51023311e-02   1.72710762e-04   9.76530955e-01   0.00000000e+00
 4.30000000e+00  -8.33333333e-03   1.00000000e+00   1.45491807e-02   1.66402704e-04   9.76530955e-01   0.00000000e+00
 4.31000000e+00  -8.33333333e-03   1.00000000e+00   1.40099079e-02   1.60252905e-04   9.76530955e-01   0.00000000e+00
 4.32000000e+00  -8.33333333e-03   1.00000000e+00   1.34854120e-02   1.54271619e-04   9.76530955e-01   0.00000000e+00
 4.33000000e+00  -8.33333333e-03   1.00000000e+00   1.29765651e-02   1.48468794e-04   9.76530955e-01   0.00000000e+00
 4.34000000e+00  -8.33333333e-03   1.00000000e+00   1.24842114e-02   1.42854054e-04   9.76530955e-01   0.00000000e+00
 4.35000000e+00  -8.33333333e-03   1.00000000e+00   1.20091652e-02   1.37436686e-04   9.76530955e-01   0.00000000e+00
 4.36000000e+00  -8.33333333e-03   1.00000000e+00   1.15522099e-02   1.32225624e-04   9.76530955e-01   0.00000000e+00
 4.37000000e+00  -8.33333333e-03   1.00000000e+00   1.11140964e-02   1.27229432e-04   9.76530955e-01   0.00000000e+00
 4.38000000e+00  -8.33333333e-03   1.00000000e+00   1.06955423e-02   1.22456293e-04   9.76530955e-01   0.00000000e+00
 4.39000000e+00  -8.33333333e-03   1.00000000e+00   1.02972305e-02   1.17913993e-04   9.76530955e-01   0.00000000e+00
 4.40000000e+00  -8.33333333e-03   1.00000000e+00   9.91980791e-03   1.13609912e-04   9.76530955e-01   0.00000000e+00
 4.41000000e+00  -8.33333333e-03   1.00000000e+00   9.56388470e-03   1.09551007e-04   9.76530955e-01   0.00000000e+00
 4.42000000e+00  -8.33333333e-03   1.00000000e+00   9.23003320e-03   1.05743804e-04   9.76530955e-01   0.00000000e+00
 4.43000000e+00  -8.33333333e-03   1.00000000e+00   8.91878696e-03   1.02194390e-04   9.76530955e-01   0.00000000e+00
 4.44000000e+00  -8.33333333e-03   1.00000000e+00   8.63063996e-03   9.89083960e-05   9.76530955e-01   0.00000000e+00
 4.45000000e+00  -8.33333333e-03   1.00000000e+00   8.36604578e-03   9.58909957e-05   9.76530955e-01   0.00000000e+00
 4.46000000e+00  -8.33333333e-03   1.00000000e+00   8.12541694e-03   9.31468932e-05   9.76530955e-01   0.00000000e+00
 4.47000000e+00  -8.33333333e-03   1.00000000e+00   7.90912421e-03   9.06803169e-05   9.76530955e-01   0.00000000e+00
 4.48000000e+00  -8.33333333e-03   1.00000000e+00   7.71749610e-03   8.84950131e-05   9.76530955e-01   0.00000000e+00
 4.49000000e+00  -8.33333333e-03   1.00000000e+00   7.55081835e-03   8.65942403e-05   9.76530955e-01   0.00000000e+00
 4.50000000e+00  -8.33333333e-03   1.00000000e+00   7.40933350e-03   8.49807644e-05   9.76530955e-01   0.00000000e+00
 4.51000000e+00  -8.33333333e-03   1.00000000e+00   7.29324057e-03   8.36568549e-05   9.76530955e-01   0.00000000e+00
 4.52000000e+00  -8.33333333e-03   1.00000000e+00   7.20269477e-03   8.26242820e-05   9.76530955e-01   0.00000000e+00
 4.53000000e+00  -8.33333333e-03   1.00000000e+00   7.13780733e-03   8.18843141e-05   9.76530955e-01   0.00000000e+00
 4.54000000e+00  -8.33333333e-03   1.00000000e+00   7.09864540e-03   8.14377168e-05   9.76530955e-01   0.00000000e+00
 4.55000000e+00  -8.33333333e-03   1.00000000e+00   7.08523197e-03   8.12847522e-05   9.76530955e-01   0.00000000e+00
 4.56000000e+00  -8.33333333e-03   1.00000000e+00   7.09754592e-03   8.14251796e-05   9.76530955e-01   0.00000000e+00
 4.57000000e+00  -8.33333333e-03   1.00000000e+00   7.13552215e-03   8.18582565e-05   9.76530955e-01   0.00000000e+00
 4.58000000e+00  -8.33333333e-03   1.00000000e+00   7.19905175e-03   8.25827408e-05   9.76530955e-01   0.00000000e+00
 4.59000000e+00  -8.33333333e-03   1.00000000e+00   7.28798228e-03   8.35968941e-05   9.76530955e-01   0.00000000e+00
 4.60000000e+00  -8.33333333e-03   1.00000000e+00   7.40211806e-03   8.48984850e-05   9.76530955e-01   0.00000000e+00
 4.61000000e+00  -8.33333333e-03   1.00000000e+00   7.54122064e-03   8.64847940e-05   9.76530955e-01   0.00000000e+00
 4.62000000e+00  -8.33333333e-03   1.00000000e+00   7.70500924e-03   8.83526192e-05   9.76530955e-01   0.00000000e+00
 4.63000000e+00  -8.33333333e-03   1.00000000e+00   7.89316132e-03   9.04982823e-05   9.76530955e-01   0.00000000e+00
 4.64000000e+00  -8.33333333e-03   1.00000000e+00   8.10531318e-03   9.29176359e-05   9.76530955e-01   0.00000000e+00
 4.65000000e+00  -8.33333333e-03   1.00000000e+00   8.34106068e-03   9.56060713e-05   9.76530955e-01   0.00000000e+00
 4.66000000e+00  -8.33333333e-03   1.00000000e+00   8.59996002e-03   9.85585272e-05   9.76530955e-01   0.00000000e+00
 4.67000000e+00  -8.33333333e-03   1.00000000e+00   8.88152849e-03   1.01769499e-04   9.76530955e-01   0.00000000e+00
 4.68000000e+00  -8.33333333e-03   1.00000000e+00   9.18524545e-03   1.05233049e-04   9.76530955e-01   0.00000000e+00
 4.69000000e+00  -8.33333333e-03   1.00000000e+00   9.51055323e-03   1.08942819e-04   9.76530955e-01   0.00000000e+00
 4.70000000e+00  -8.33333333e-03   1.00000000e+00   9.85685817e-03   1.12892037e-04   9.76530955e-01   0.00000000e+00
 4.71000000e+00  -8.33333333e-03   1.00000000e+00   1.02235317e-02   1.17073537e-04   9.76530955e-01   0.00000000e+00
 4.72000000e+00  -8.33333333e-03   1.00000000e+00   1.06099114e-02   1.21479763e-04   9.76530955e-01   0.00000000e+00
 4.73000000e+00  -8.33333333e-03   1.00000000e+00   1.10153024e-02   1.26102792e-04   9.76530955e-01   0.00000000e+00
 4.74000000e+00  -8.33333333e-03   1.00000000e+00   1.14389784e-02   1.30934340e-04   9.76530955e-01   0.00000000e+00
 4.75000000e+00  -8.33333333e-03   1.00000000e+00   1.18801829e-02   1.35965783e-04   9.76530955e-01   0.00000000e+00
 4.76000000e+00  -8.33333333e-03   1.00000000e+00   1.23381311e-02   1.41188167e-04   9.76530955e-01   0.00000000e+00
 4.77000000e+00  -8.33333333e-03   1.00000000e+00   1.28120104e-02   1.46592229e-04   9.76530955e-01   0.00000000e+00
 4.78000000e+00  -8.33333333e-03   1.00000000e+00   1.33009828e-02   1.52168409e-04   9.76530955e-01   0.00000000e+00
 4.79000000e+00  -8.33333333e-03   1.00000000e+00   1.38041855e-02   1.57906871e-04   9.76530955e-01   0.00000000e+00
 4.80000000e+00  -8.33333333e-03   1.00000000e+00   1.43207330e-02   1.63797515e-04   9.76530955e-01   0.00000000e+00
 4.81000000e+00  -8.33333333e-03   1.00000000e+00   1.48497185e-02   1.69830002e-04   9.76530955e-01   0.00000000e+00
 4.82000000e+00  -8.33333333e-03   1.00000000e+00   1.53902155e-02   1.75993763e-04   9.76530955e-01   0.00000000e+00
 4.83000000e+00  -8.33333333e-03   1.00000000e+00   1.59412792e-02   1.82278026e-04   9.76530955e-01   0.00000000e+00
 4.84000000e+00  -8.33333333e-03   1.00000000e+00   1.65019486e-02   1.88671831e-04   9.76530955e-01   0.00000000e+00
 4.85000000e+00  -8.33333333e-03   1.00000000e+00   1.70712476e-02   1.95164048e-04   9.76530955e-01   0.00000000e+00
 4.86000000e+00  -8.33333333e-03   1.00000000e+00   1.76481874e-02   2.01743397e-04   9.76530955e-01   0.00000000e+00
 4.87000000e+00  -8.33333333e-03   1.00000000e+00   1.82317673e-02   2.08398471e-04   9.76530955e-01   0.00000000e+00
 4.88000000e+00  -8.33333333e-03   1.00000000e+00   1.88209774e-02   2.15117751e-04   9.76530955e-01   0.00000000e+00
 4.89000000e+00  -8.33333333e-03   1.00000000e+00   1.94147997e-02   2.21889628e-04   9.76530955e-01   0.00000000e+00
 4.90000000e+00  -8.33333333e-03   1.00000000e+00   2.00122101e-02   2.28702422e-04   9.76530955e-01   0.00000000e+00
 4.91000000e+00  -8.33333333e-03   1.00000000e+00   2.06121801e-02   2.35544405e-04   9.76530955e-01   0.00000000e+00
 4.92000000e+00  -8.33333333e-03   1.00000000e+00   2.12136784e-02   2.42403818e-04   9.76530955e-01   0.00000000e+00
 4.93000000e+00  -8.33333333e-03   1.00000000e+00   2.18156732e-02   2.49268892e-04   9.76530955e-01   0.00000000e+00
 4.94000000e+00  -8.33333333e-03   1.00000000e+00   2.24171333e-02   2.56127869e-04   9.76530955e-01   0.00000000e+00
 4.95000000e+00  -8.33333333e-03   1.00000000e+00   2.30170304e-02   2.62969022e-04   9.76530955e-01   0.00000000e+00
 4.96000000e+00  -8.33333333e-03   1.00000000e+00   2.36143405e-02   2.69780673e-04   9.76530955e-01   0.00000000e+00
 4.97000000e+00  -8.33333333e-03   1.00000000e+00   2.42080459e-02   2.76551215e-04   9.76530955e-01   0.00000000e+00
 4.98000000e+00  -8.33333333e-03   1.00000000e+00   2.47971366e-02   2.83269133e-04   9.76530955e-01   0.00000000e+00
 4.99000000e+00  -8.33333333e-03   1.00000000e+00   2.53806125e-02   2.89923020e-04   9.76530955e-01   0.00000000e+00
 5.00000000e+00  -8.33333333e-03   1.00000000e+00   2.59574845e-02   2.96501598e-04   9.76530955e-01   0.00000000e+00