  Time  Coordinate0  Coordinate1  Displacement0  Displacement1  Force0  Force1
 1.00000000e-02  -3.46944695e-18   1.00000000e+00   9.19772062e-06   7.10800640e-07   9.42127048e-04   0.00000000e+00
 2.00000000e-02  -3.46944695e-18   1.00000000e+00   4.50972770e-05   1.92022356e-06   9.42127048e-04   0.00000000e+00
 3.00000000e-02  -3.46944695e-18   1.00000000e+00   1.14944290e-04   2.48332869e-06   9.42127048e-04   0.00000000e+00
 4.00000000e-02  -3.46944695e-18   1.00000000e+00   2.18315413e-04   2.84184662e-06   9.42127048e-04   0.00000000e+00
 5.00000000e-02  -3.46944695e-18   1.00000000e+00   3.55165032e-04   3.28052106e-06   9.42127048e-04   0.00000000e+00
 6.00000000e-02  -3.46944695e-18   1.00000000e+00   5.25173764e-04   3.81578765e-06   9.42127048e-04   0.00000000e+00
 7.00000000e-02  -3.46944695e-18   1.00000000e+00   7.28454754e-04   3.83092509e-06   9.42127048e-04   0.00000000e+00
 8.00000000e-02  -3.46944695e-18   1.00000000e+00   9.65717215e-04   2.84234869e-06   9.42127048e-04   0.00000000e+00
 9.00000000e-02  -3.46944695e-18   1.00000000e+00   1.23915565e-03   1.68165948e-06   9.42127048e-04   0.00000000e+00
 1.00000000e-01  -3.46944695e-18   1.00000000e+00   1.55149273e-03   1.22393291e-06   9.42127048e-04   0.00000000e+00
 1.10000000e-01  -3.46944695e-18   1.00000000e+00   1.90466278e-03   1.44947681e-06   9.42127048e-04   0.00000000e+00
 1.20000000e-01  -3.46944695e-18   1.00000000e+00   2.29863869e-03   1.34480119e-06   9.42127048e-04   0.00000000e+00
 1.30000000e-01  -3.46944695e-18   1.00000000e+00   2.73281187e-03   1.31827285e-06   9.42127048e-04   0.00000000e+00
 1.40000000e-01  -3.46944695e-18   1.00000000e+00   3.20648379e-03   2.19841976e-06   9.42127048e-04   0.00000000e+00
 1.50000000e-01  -3.46944695e-18   1.00000000e+00   3.71843702e-03   3.57722669e-06   9.42127048e-04   0.00000000e+00
 1.60000000e-01  -3.46944695e-18   1.00000000e+00   4.26613348e-03   3.94446944e-06   9.42127048e-04   0.00000000e+00
 1.70000000e-01  -3.46944695e-18   1.00000000e+00   4.84717136e-03   3.40348772e-06   9.42127048e-04   0.00000000e+00
 1.80000000e-01  -3.46944695e-18   1.00000000e+00   5.46015547e-03   3.07734210e-06   9.42127048e-04   0.00000000e+00
 1.90000000e-01  -3.46944695e-18   1.00000000e+00   6.10469637e-03   2.79401302e-06   9.42127048e-04   0.00000000e+00
 2.00000000e-01  -3.46944695e-18   1.00000000e+00   6.78037132e-03   2.12727466e-06   9.42127048e-04   0.00000000e+00
 2.10000000e-01  -3.46944695e-18   1.00000000e+00   7.48578596e-03   1.20390405e-06   9.42127048e-04   0.00000000e+00
 2.20000000e-01  -3.46944695e-18   1.00000000e+00   8.21923156e-03   6.80170656e-07   9.42127048e-04   0.00000000e+00
 2.30000000e-01  -3.46944695e-18   1.00000000e+00   8.97961709e-03   1.16445945e-06   9.42127048e-04   0.00000000e+00
 2.40000000e-01  -3.46944695e-18   1.00000000e+00   9.76511710e-03   2.36647670e-06   9.42127048e-04   0.00000000e+00
 2.50000000e-01  -3.46944695e-18   1.00000000e+00   1.05715558e-02   2.76632922e-06   9.42127048e-04   0.00000000e+00
 2.60000000e-01  -3.46944695e-18   1.00000000e+00   1.13947404e-02   2.87027078e-06   9.42127048e-04   0.00000000e+00
 2.70000000e-01  -3.46944695e-18   1.00000000e+00   1.22322491e-02   3.65004345e-06   9.42127048e-04   0.00000000e+00
 2.80000000e-01  -3.46944695e-18   1.00000000e+00   1.30827701e-02   4.06412989e-06   9.42127048e-04   0.00000000e+00
 2.90000000e-01  -3.46944695e-18   1.00000000e+00   1.39449645e-02   3.28262480e-06   9.42127048e-04   0.00000000e+00
 3.00000000e-01  -3.46944695e-18   1.00000000e+00   1.48183957e-02   2.11979729e-06   9.42127048e-04   0.00000000e+00
 3.10000000e-01  -3.46944695e-18   1.00000000e+00   1.57032021e-02   1.43196407e-06   9.42127048e-04   0.00000000e+00
 3.20000000e-01  -3.46944695e-18   1.00000000e+00   1.66000955e-02   1.33180625e-06   9.42127048e-04   0.00000000e+00
 3.30000000e-01  -3.46944695e-18   1.00000000e+00   1.75098649e-02   1.39393376e-06   9.42127048e-04   0.00000000e+00
 3.40000000e-01  -3.46944695e-18   1.00000000e+00   1.84323209e-02   1.22255196e-06   9.42127048e-04   0.00000000e+00
 3.50000000e-01  -3.46944695e-18   1.00000000e+00   1.93654672e-02   1.74040158e-06   9.42127048e-04   0.00000000e+00
 3.60000000e-01  -3.46944695e-18   1.00000000e+00   2.03077917e-02   2.93458895e-06   9.42127048e-04   0.00000000e+00
 3.70000000e-01  -3.46944695e-18   1.00000000e+00   2.12586898e-02   3.91629002e-06   9.42127048e-04   0.00000000e+00
 3.80000000e-01  -3.46944695e-18   1.00000000e+00   2.22166629e-02   3.77436481e-06   9.42127048e-04   0.00000000e+00
 3.90000000e-01  -3.46944695e-18   1.00000000e+00   2.31799595e-02   3.07642216e-06   9.42127048e-04   0.00000000e+00
 4.00000000e-01  -3.46944695e-18   1.00000000e+00   2.41483010e-02   2.95037018e-06   9.42127048e-04   0.00000000e+00
 4.10000000e-01  -3.46944695e-18   1.00000000e+00   2.51223123e-02   2.66965863e-06   9.42127048e-04   0.00000000e+00
 4.20000000e-01  -3.46944695e-18   1.00000000e+00   2.61028392e-02   1.50479418e-06   9.42127048e-04   0.00000000e+00
 4.30000000e-01  -3.46944695e-18   1.00000000e+00   2.70895006e-02   7.02580862e-07   9.42127048e-04   0.00000000e+00
 4.40000000e-01  -3.46944695e-18   1.00000000e+00   2.80798931e-02   1.03805718e-06   9.42127048e-04   0.00000000e+00
 4.50000000e-01  -3.46944695e-18   1.00000000e+00   2.90718120e-02   1.72907858e-06   9.42127048e-04   0.00000000e+00
 4.60000000e-01  -3.46944695e-18   1.00000000e+00   3.00632528e-02   2.61084009e-06   9.42127048e-04   0.00000000e+00
 4.70000000e-01  -3.46944695e-18   1.00000000e+00   3.10505325e-02   2.86209034e-06   9.42127048e-04   0.00000000e+00
 4.80000000e-01  -3.46944695e-18   1.00000000e+00   3.20290600e-02   3.21531009e-06   9.42127048e-04   0.00000000e+00
 4.90000000e-01  -3.46944695e-18   1.00000000e+00   3.29954868e-02   3.95237957e-06   9.42127048e-04   0.00000000e+00
 5.00000000e-01  -3.46944695e-18   1.00000000e+00   3.39475627e-02   3.85546065e-06   9.42127048e-04   0.00000000e+00
 5.10000000e-01  -3.46944695e-18   1.00000000e+00   3.48838425e-02   2.62567037e-06   9.42127048e-04   0.00000000e+00
 5.20000000e-01  -3.46944695e-18   1.00000000e+00   3.58029625e-02   1.54358953e-06   9.42127048e-04   0.00000000e+00
 5.30000000e-01  -3.46944695e-18   1.00000000e+00   3.67036931e-02   1.46849707e-06   9.42127048e-04   0.00000000e+00
 5.40000000e-01  -3.46944695e-18   1.00000000e+00   3.75850403e-02   1.40705951e-06   9.42127048e-04   0.00000000e+00
 5.50000000e-01  -3.46944695e-18   1.00000000e+00   3.84460895e-02   1.18037612e-06   9.42127048e-04   0.00000000e+00
 5.60000000e-01  -3.46944695e-18   1.00000000e+00   3.92853052e-02   1.36839671e-06   9.42127048e-04   0.00000000e+00
 5.70000000e-01  -3.46944695e-18   1.00000000e+00   4.00998633e-02   2.44311718e-06   9.42127048e-04   0.00000000e+00
 5.80000000e-01  -3.46944695e-18   1.00000000e+00   4.08864098e-02   3.54202174e-06   9.42127048e-04   0.00000000e+00
 5.90000000e-01  -3.46944695e-18   1.00000000e+00   4.16440303e-02   3.89549469e-06   9.42127048e-04   0.00000000e+00
 6.00000000e-01  -3.46944695e-18   1.00000000e+00   4.23729283e-02   3.42382671e-06   9.42127048e-04   0.00000000e+00
 6.10000000e-01  -3.46944695e-18   1.00000000e+00   4.30725223e-02   2.99567669e-06   9.42127048e-04   0.00000000e+00
 6.20000000e-01  -3.46944695e-18   1.00000000e+00   4.37430330e-02   2.82058906e-06   9.42127048e-04   0.00000000e+00
 6.30000000e-01  -3.46944695e-18   1.00000000e+00   4.43860791e-02   2.16180497e-06   9.42127048e-04   0.00000000e+00
 6.40000000e-01  -3.46944695e-18   1.00000000e+00   4.50035217e-02   1.00892814e-06   9.42127048e-04   0.00000000e+00
 6.50000000e-01  -3.46944695e-18   1.00000000e+00   4.55966560e-02   5.50515201e-07   9.42127048e-04   0.00000000e+00
 6.60000000e-01  -3.46944695e-18   1.00000000e+00   4.61650702e-02   1.59599790e-06   9.42127048e-04   0.00000000e+00
 6.70000000e-01  -3.46944695e-18   1.00000000e+00   4.67074223e-02   2.26942877e-06   9.42127048e-04   0.00000000e+00
 6.80000000e-01  -3.46944695e-18   1.00000000e+00   4.72227305e-02   2.55418491e-06   9.42127048e-04   0.00000000e+00
 6.90000000e-01  -3.46944695e-18   1.00000000e+00   4.77097877e-02   3.14547663e-06   9.42127048e-04   0.00000000e+00
 7.00000000e-01  -3.46944695e-18   1.00000000e+00   4.81665477e-02   3.66782759e-06   9.42127048e-04   0.00000000e+00
 7.10000000e-01  -3.46944695e-18   1.00000000e+00   4.85910219e-02   3.97800366e-06   9.42127048e-04   0.00000000e+00
 7.20000000e-01  -3.46944695e-18   1.00000000e+00   4.89830328e-02   3.28424986e-06   9.42127048e-04   0.00000000e+00
 7.30000000e-01  -3.46944695e-18   1.00000000e+00   4.93431540e-02   1.98683391e-06   9.42127048e-04   0.00000000e+00
 7.40000000e-01  -3.46944695e-18   1.00000000e+00   4.96713705e-02   1.36534126e-06   9.42127048e-04   0.00000000e+00
 7.50000000e-01  -3.46944695e-18   1.00000000e+00   4.99670849e-02   1.51852336e-06   9.42127048e-04   0.00000000e+00
 7.60000000e-01  -3.46944695e-18   1.00000000e+00   5.02287722e-02   1.30209855e-06   9.42127048e-04   0.00000000e+00
 7.70000000e-01  -3.46944695e-18   1.00000000e+00   5.04544753e-02   1.12504826e-06   9.42127048e-04   0.00000000e+00
 7.80000000e-01  -3.46944695e-18   1.00000000e+00   5.06431002e-02   1.82014142e-06   9.42127048e-04   0.00000000e+00
 7.90000000e-01  -3.46944695e-18   1.00000000e+00   5.07920993e-02   3.19898184e-06   9.42127048e-04   0.00000000e+00
 8.00000000e-01  -3.46944695e-18   1.00000000e+00   5.08978504e-02   3.86356138e-06   9.42127048e-04   0.00000000e+00
 8.10000000e-01  -3.46944695e-18   1.00000000e+00   5.09586574e-02   3.54153054e-06   9.42127048e-04   0.00000000e+00
 8.20000000e-01  -3.46944695e-18   1.00000000e+00   5.09748664e-02   3.23002281e-06   9.42127048e-04   0.00000000e+00
 8.30000000e-01  -3.46944695e-18   1.00000000e+00   5.09470070e-02   3.00538413e-06   9.42127048e-04   0.00000000e+00
 8.40000000e-01  -3.46944695e-18   1.00000000e+00   5.08756953e-02   2.46934120e-06   9.42127048e-04   0.00000000e+00
 8.50000000e-01  -3.46944695e-18   1.00000000e+00   5.07624064e-02   1.49920024e-06   9.42127048e-04   0.00000000e+00
 8.60000000e-01  -3.46944695e-18   1.00000000e+00   5.06093803e-02   7.18752335e-07   9.42127048e-04   0.00000000e+00
 8.70000000e-01  -3.46944695e-18   1.00000000e+00   5.04183005e-02   9.01566204e-07   9.42127048e-04   0.00000000e+00
 8.80000000e-01  -3.46944695e-18   1.00000000e+00   5.01895854e-02   2.07436838e-06   9.42127048e-04   0.00000000e+00
 8.90000000e-01  -3.46944695e-18   1.00000000e+00   4.99228102e-02   2.53960032e-06   9.42127048e-04   0.00000000e+00
 9.00000000e-01  -3.46944695e-18   1.00000000e+00   4.96179502e-02   2.65185909e-06   9.42127048e-04   0.00000000e+00
 9.10000000e-01  -3.46944695e-18   1.00000000e+00   4.92762052e-02   3.47077487e-06   9.42127048e-04   0.00000000e+00
 9.20000000e-01  -3.46944695e-18   1.00000000e+00   4.88990235e-02   4.07766338e-06   9.42127048e-04   0.00000000e+00
 9.30000000e-01  -3.46944695e-18   1.00000000e+00   4.84877089e-02   3.62418539e-06   9.42127048e-04   0.00000000e+00
 9.40000000e-01  -3.46944695e-18   1.00000000e+00   4.80437515e-02   2.48964121e-06   9.42127048e-04   0.00000000e+00
 9.50000000e-01  -3.46944695e-18   1.00000000e+00   4.75702577e-02   1.68291384e-06   9.42127048e-04   0.00000000e+00
 9.60000000e-01  -3.46944695e-18   1.00000000e+00   4.70702584e-02   1.39669067e-06   9.42127048e-04   0.00000000e+00
 9.70000000e-01  -3.46944695e-18   1.00000000e+00   4.65453112e-02   1.39682894e-06   9.42127048e-04   0.00000000e+00
 9.80000000e-01  -3.46944695e-18   1.00000000e+00   4.59958515e-02   1.19374725e-06   9.42127048e-04   0.00000000e+00
 9.90000000e-01  -3.46944695e-18   1.00000000e+00   4.54212235e-02   1.32794408e-06   9.42127048e-04   0.00000000e+00
 1.00000000e+00  -3.46944695e-18   1.00000000e+00   4.48207557e-02   2.56933945e-06   9.42127048e-04   0.00000000e+00
 1.01000000e+00  -3.46944695e-18   1.00000000e+00   4.41941766e-02   3.71338769e-06   9.42127048e-04   0.00000000e+00
 1.02000000e+00  -3.46944695e-18   1.00000000e+00   4.35395807e-02   3.76997569e-06   9.42127048e-04   0.00000000e+00
 1.03000000e+00  -3.46944695e-18   1.00000000e+00   4.28556721e-02   3.28770862e-06   9.42127048e-04   0.00000000e+00
 1.04000000e+00  -3.46944695e-18   1.00000000e+00   4.21438307e-02   3.09214845e-06   9.42127048e-04   0.00000000e+00
 1.05000000e+00  -3.46944695e-18   1.00000000e+00   4.14059236e-02   2.94617102e-06   9.42127048e-04   0.00000000e+00
 1.06000000e+00  -3.46944695e-18   1.00000000e+00   4.06427461e-02   1.89647569e-06   9.42127048e-04   0.00000000e+00
 1.07000000e+00  -3.46944695e-18   1.00000000e+00   3.98549746e-02   8.45344624e-07   9.42127048e-04   0.00000000e+00
 1.08000000e+00  -3.46944695e-18   1.00000000e+00   3.90437325e-02   8.93039933e-07   9.42127048e-04   0.00000000e+00
 1.09000000e+00  -3.46944695e-18   1.00000000e+00   3.82098037e-02   1.45032257e-06   9.42127048e-04   0.00000000e+00
 1.10000000e+00  -3.46944695e-18   1.00000000e+00   3.73536844e-02   2.31936995e-06   9.42127048e-04   0.00000000e+00
 1.11000000e+00  -3.46944695e-18   1.00000000e+00   3.64750074e-02   2.69406570e-06   9.42127048e-04   0.00000000e+00
 1.12000000e+00  -3.46944695e-18   1.00000000e+00   3.55733194e-02   2.96038341e-06   9.42127048e-04   0.00000000e+00
 1.13000000e+00  -3.46944695e-18   1.00000000e+00   3.46494774e-02   3.84608486e-06   9.42127048e-04   0.00000000e+00
 1.14000000e+00  -3.46944695e-18   1.00000000e+00   3.37063553e-02   4.10621689e-06   9.42127048e-04   0.00000000e+00
 1.15000000e+00  -3.46944695e-18   1.00000000e+00   3.27469623e-02   2.97442522e-06   9.42127048e-04   0.00000000e+00
 1.16000000e+00  -3.46944695e-18   1.00000000e+00   3.17741923e-02   1.87671334e-06   9.42127048e-04   0.00000000e+00
 1.17000000e+00  -3.46944695e-18   1.00000000e+00   3.07918157e-02   1.60594624e-06   9.42127048e-04   0.00000000e+00
 1.18000000e+00  -3.46944695e-18   1.00000000e+00   2.98041737e-02   1.43706495e-06   9.42127048e-04   0.00000000e+00
 1.19000000e+00  -3.46944695e-18   1.00000000e+00   2.88142965e-02   1.18927860e-06   9.42127048e-04   0.00000000e+00
 1.20000000e+00  -3.46944695e-18   1.00000000e+00   2.78238761e-02   1.13263806e-06   9.42127048e-04   0.00000000e+00
 1.21000000e+00  -3.46944695e-18   1.00000000e+00   2.68333515e-02   2.01832731e-06   9.42127048e-04   0.00000000e+00
 1.22000000e+00  -3.46944695e-18   1.00000000e+00   2.58437633e-02   3.22208640e-06   9.42127048e-04   0.00000000e+00
 1.23000000e+00  -3.46944695e-18   1.00000000e+00   2.48570333e-02   3.84200881e-06   9.42127048e-04   0.00000000e+00
 1.24000000e+00  -3.46944695e-18   1.00000000e+00   2.38742336e-02   3.55361596e-06   9.42127048e-04   0.00000000e+00
 1.25000000e+00  -3.46944695e-18   1.00000000e+00   2.28959565e-02   3.11095040e-06   9.42127048e-04   0.00000000e+00
 1.26000000e+00  -3.46944695e-18   1.00000000e+00   2.19240904e-02   3.08816807e-06   9.42127048e-04   0.00000000e+00
 1.27000000e+00  -3.46944695e-18   1.00000000e+00   2.09617194e-02   2.50260348e-06   9.42127048e-04   0.00000000e+00
 1.28000000e+00  -3.46944695e-18   1.00000000e+00   2.00112860e-02   1.27673249e-06   9.42127048e-04   0.00000000e+00
 1.29000000e+00  -3.46944695e-18   1.00000000e+00   1.90735521e-02   5.87507179e-07   9.42127048e-04   0.00000000e+00
 1.30000000e+00  -3.46944695e-18   1.00000000e+00   1.81485454e-02   1.27769954e-06   9.42127048e-04   0.00000000e+00
 1.31000000e+00  -3.46944695e-18   1.00000000e+00   1.72362579e-02   2.02949443e-06   9.42127048e-04   0.00000000e+00
 1.32000000e+00  -3.46944695e-18   1.00000000e+00   1.63356947e-02   2.33791538e-06   9.42127048e-04   0.00000000e+00
 1.33000000e+00  -3.46944695e-18   1.00000000e+00   1.54460023e-02   2.87518911e-06   9.42127048e-04   0.00000000e+00
 1.34000000e+00  -3.46944695e-18   1.00000000e+00   1.45662996e-02   3.52740433e-06   9.42127048e-04   0.00000000e+00
 1.35000000e+00  -3.46944695e-18   1.00000000e+00   1.36959988e-02   4.00024290e-06   9.42127048e-04   0.00000000e+00
 1.36000000e+00  -3.46944695e-18   1.00000000e+00   1.28368837e-02   3.65617828e-06   9.42127048e-04   0.00000000e+00
 1.37000000e+00  -3.46944695e-18   1.00000000e+00   1.19920236e-02   2.36788096e-06   9.42127048e-04   0.00000000e+00
 1.38000000e+00  -3.46944695e-18   1.00000000e+00   1.11628640e-02   1.52208835e-06   9.42127048e-04   0.00000000e+00
 1.39000000e+00  -3.46944695e-18   1.00000000e+00   1.03511309e-02   1.64538227e-06   9.42127048e-04   0.00000000e+00
 1.40000000e+00  -3.46944695e-18   1.00000000e+00   9.55946586e-03   1.33769893e-06   9.42127048e-04   0.00000000e+00
 1.41000000e+00  -3.46944695e-18   1.00000000e+00   8.79019307e-03   9.73241514e-07   9.42127048e-04   0.00000000e+00
 1.42000000e+00  -3.46944695e-18   1.00000000e+00   8.04436969e-03   1.49542518e-06   9.42127048e-04   0.00000000e+00
 1.43000000e+00  -3.46944695e-18   1.00000000e+00   7.32212654e-03   2.78393054e-06   9.42127048e-04   0.00000000e+00
 1.44000000e+00  -3.46944695e-18   1.00000000e+00   6.62374394e-03   3.66369446e-06   9.42127048e-04   0.00000000e+00
 1.45000000e+00  -3.46944695e-18   1.00000000e+00   5.95106507e-03   3.65180450e-06   9.42127048e-04   0.00000000e+00
 1.46000000e+00  -3.46944695e-18   1.00000000e+00   5.30689022e-03   3.32310669e-06   9.42127048e-04   0.00000000e+00
 1.47000000e+00  -3.46944695e-18   1.00000000e+00   4.69342211e-03   3.17502834e-06   9.42127048e-04   0.00000000e+00
 1.48000000e+00  -3.46944695e-18   1.00000000e+00   4.11307109e-03   2.82797654e-06   9.42127048e-04   0.00000000e+00
 1.49000000e+00  -3.46944695e-18   1.00000000e+00   3.56930076e-03   1.81234198e-06   9.42127048e-04   0.00000000e+00
 1.50000000e+00  -3.46944695e-18   1.00000000e+00   3.06503307e-03   8.79367842e-07   9.42127048e-04   0.00000000e+00
 1.51000000e+00  -3.46944695e-18   1.00000000e+00   2.60143141e-03   7.19340326e-07   9.42127048e-04   0.00000000e+00
 1.52000000e+00  -3.46944695e-18   1.00000000e+00   2.17829723e-03   1.77402077e-06   9.42127048e-04   0.00000000e+00
 1.53000000e+00  -3.46944695e-18   1.00000000e+00   1.79479044e-03   2.34260337e-06   9.42127048e-04   0.00000000e+00
 1.54000000e+00  -3.46944695e-18   1.00000000e+00   1.45012920e-03   2.38185489e-06   9.42127048e-04   0.00000000e+00
 1.55000000e+00  -3.46944695e-18   1.00000000e+00   1.14349514e-03   3.25802049e-06   9.42127048e-04   0.00000000e+00
 1.56000000e+00  -3.46944695e-18   1.00000000e+00   8.73881685e-04   3.99796174e-06   9.42127048e-04   0.00000000e+00
 1.57000000e+00  -3.46944695e-18   1.00000000e+00   6.39924521e-04   3.86381496e-06   9.42127048e-04   0.00000000e+00
 1.58000000e+00  -3.46944695e-18   1.00000000e+00   4.41507421e-04   2.89794150e-06   9.42127048e-04   0.00000000e+00
 1.59000000e+00  -3.46944695e-18   1.00000000e+00   2.80351660e-04   1.94435662e-06   9.42127048e-04   0.00000000e+00
 1.60000000e+00  -3.46944695e-18   1.00000000e+00   1.57330255e-04   1.52322179e-06   9.42127048e-04   0.00000000e+00
 1.61000000e+00  -3.46944695e-18   1.00000000e+00   7.12854418e-05   1.47879130e-06   9.42127048e-04   0.00000000e+00
 1.62000000e+00  -3.46944695e-18   1.00000000e+00   2.12969168e-05   1.16968246e-06   9.42127048e-04   0.00000000e+00
 1.63000000e+00  -3.46944695e-18   1.00000000e+00   6.73320575e-06   1.06126215e-06   9.42127048e-04   0.00000000e+00
 1.64000000e+00  -3.46944695e-18   1.00000000e+00   2.61905970e-05   2.12583181e-06   9.42127048e-04   0.00000000e+00
 1.65000000e+00  -3.46944695e-18   1.00000000e+00   7.76499437e-05   3.45354033e-06   9.42127048e-04   0.00000000e+00
 1.66000000e+00  -3.46944695e-18   1.00000000e+00   1.59568383e-04   3.72908207e-06   9.42127048e-04   0.00000000e+00
 1.67000000e+00  -3.46944695e-18   1.00000000e+00   2.72018381e-04   3.36449324e-06   9.42127048e-04   0.00000000e+00
 1.68000000e+00  -3.46944695e-18   1.00000000e+00   4.16304845e-04   3.29431013e-06   9.42127048e-04   0.00000000e+00
 1.69000000e+00  -3.46944695e-18   1.00000000e+00   5.94234237e-04   3.12463073e-06   9.42127048e-04   0.00000000e+00
 1.70000000e+00  -3.46944695e-18   1.00000000e+00   8.07139319e-04   2.31838326e-06   9.42127048e-04   0.00000000e+00
 1.71000000e+00  -3.46944695e-18   1.00000000e+00   1.05623966e-03   1.12399463e-06   9.42127048e-04   0.00000000e+00
 1.72000000e+00  -3.46944695e-18   1.00000000e+00   1.34371831e-03   7.67448105e-07   9.42127048e-04   0.00000000e+00
 1.73000000e+00  -3.46944695e-18   1.00000000e+00   1.67078774e-03   1.27728568e-06   9.42127048e-04   0.00000000e+00
 1.74000000e+00  -3.46944695e-18   1.00000000e+00   2.03645998e-03   2.00466073e-06   9.42127048e-04   0.00000000e+00
 1.75000000e+00  -3.46944695e-18   1.00000000e+00   2.43951672e-03   2.50045732e-06   9.42127048e-04   0.00000000e+00
 1.76000000e+00  -3.46944695e-18   1.00000000e+00   2.87864894e-03   2.70770375e-06   9.42127048e-04   0.00000000e+00
 1.77000000e+00  -3.46944695e-18   1.00000000e+00   3.35330512e-03   3.63348280e-06   9.42127048e-04   0.00000000e+00
 1.78000000e+00  -3.46944695e-18   1.00000000e+00   3.86394347e-03   4.25650202e-06   9.42127048e-04   0.00000000e+00
 1.79000000e+00  -3.46944695e-18   1.00000000e+00   4.41010969e-03   3.31707964e-06   9.42127048e-04   0.00000000e+00
 1.80000000e+00  -3.46944695e-18   1.00000000e+00   4.99113101e-03   2.20918183e-06   9.42127048e-04   0.00000000e+00
 1.81000000e+00  -3.46944695e-18   1.00000000e+00   5.60796983e-03   1.80425867e-06   9.42127048e-04   0.00000000e+00
 1.82000000e+00  -3.46944695e-18   1.00000000e+00   6.26089568e-03   1.53454074e-06   9.42127048e-04   0.00000000e+00
 1.83000000e+00  -3.46944695e-18   1.00000000e+00   6.94776885e-03   1.21418015e-06   9.42127048e-04   0.00000000e+00
 1.84000000e+00  -3.46944695e-18   1.00000000e+00   7.66544690e-03   1.02867102e-06   9.42127048e-04   0.00000000e+00
 1.85000000e+00  -3.46944695e-18   1.00000000e+00   8.41115542e-03   1.57988777e-06   9.42127048e-04   0.00000000e+00
 1.86000000e+00  -3.46944695e-18   1.00000000e+00   9.18202669e-03   2.85231512e-06   9.42127048e-04   0.00000000e+00
 1.87000000e+00  -3.46944695e-18   1.00000000e+00   9.97460936e-03   3.74096251e-06   9.42127048e-04   0.00000000e+00
 1.88000000e+00  -3.46944695e-18   1.00000000e+00   1.07854105e-02   3.56111027e-06   9.42127048e-04   0.00000000e+00
 1.89000000e+00  -3.46944695e-18   1.00000000e+00   1.16121155e-02   3.25679129e-06   9.42127048e-04   0.00000000e+00
 1.90000000e+00  -3.46944695e-18   1.00000000e+00   1.24540079e-02   3.26147391e-06   9.42127048e-04   0.00000000e+00
 1.91000000e+00  -3.46944695e-18   1.00000000e+00   1.33111607e-02   2.85419101e-06   9.42127048e-04   0.00000000e+00
 1.92000000e+00  -3.46944695e-18   1.00000000e+00   1.41835338e-02   1.63014314e-06   9.42127048e-04   0.00000000e+00
 1.93000000e+00  -3.46944695e-18   1.00000000e+00   1.50696656e-02   6.68462178e-07   9.42127048e-04   0.00000000e+00
 1.94000000e+00  -3.46944695e-18   1.00000000e+00   1.59682168e-02   1.10113609e-06   9.42127048e-04   0.00000000e+00
 1.95000000e+00  -3.46944695e-18   1.00000000e+00   1.68784912e-02   1.73769311e-06   9.42127048e-04   0.00000000e+00
 1.96000000e+00  -3.46944695e-18   1.00000000e+00   1.77987152e-02   2.15258979e-06   9.42127048e-04   0.00000000e+00
 1.97000000e+00  -3.46944695e-18   1.00000000e+00   1.87264419e-02   2.60228976e-06   9.42127048e-04   0.00000000e+00
 1.98000000e+00  -3.46944695e-18   1.00000000e+00   1.96600060e-02   3.26927790e-06   9.42127048e-04   0.00000000e+00
 1.99000000e+00  -3.46944695e-18   1.00000000e+00   2.05989649e-02   3.99545710e-06   9.42127048e-04   0.00000000e+00
 2.00000000e+00  -3.46944695e-18   1.00000000e+00   2.15441814e-02   3.90376495e-06   9.42127048e-04   0.00000000e+00
 2.01000000e+00  -3.46944695e-18   1.00000000e+00   2.24962470e-02   2.77251849e-06   9.42127048e-04   0.00000000e+00
 2.02000000e+00  -3.46944695e-18   1.00000000e+00   2.34552441e-02   1.74797947e-06   9.42127048e-04   0.00000000e+00
 2.03000000e+00  -3.46944695e-18   1.00000000e+00   2.44215521e-02   1.77167368e-06   9.42127048e-04   0.00000000e+00
 2.04000000e+00  -3.46944695e-18   1.00000000e+00   2.53962879e-02   1.46500554e-06   9.42127048e-04   0.00000000e+00
 2.05000000e+00  -3.46944695e-18   1.00000000e+00   2.63786635e-02   8.89104695e-07   9.42127048e-04   0.00000000e+00
 2.06000000e+00  -3.46944695e-18   1.00000000e+00   2.73653762e-02   1.21419892e-06   9.42127048e-04   0.00000000e+00
 2.07000000e+00  -3.46944695e-18   1.00000000e+00   2.83532505e-02   2.36303024e-06   9.42127048e-04   0.00000000e+00
 2.08000000e+00  -3.46944695e-18   1.00000000e+00   2.93399038e-02   3.39035743e-06   9.42127048e-04   0.00000000e+00
 2.09000000e+00  -3.46944695e-18   1.00000000e+00   3.03227464e-02   3.65708435e-06   9.42127048e-04   0.00000000e+00
 2.10000000e+00  -3.46944695e-18   1.00000000e+00   3.12994384e-02   3.42640319e-06   9.42127048e-04   0.00000000e+00
 2.11000000e+00  -3.46944695e-18   1.00000000e+00   3.22681238e-02   3.25321653e-06   9.42127048e-04   0.00000000e+00
 2.12000000e+00  -3.46944695e-18   1.00000000e+00   3.32271066e-02   3.16620871e-06   9.42127048e-04   0.00000000e+00
 2.13000000e+00  -3.46944695e-18   1.00000000e+00   3.41755689e-02   2.19760128e-06   9.42127048e-04   0.00000000e+00
 2.14000000e+00  -3.46944695e-18   1.00000000e+00   3.51127083e-02   1.05442649e-06   9.42127048e-04   0.00000000e+00
 2.15000000e+00  -3.46944695e-18   1.00000000e+00   3.60358525e-02   7.08433481e-07   9.42127048e-04   0.00000000e+00
 2.16000000e+00  -3.46944695e-18   1.00000000e+00   3.69413894e-02   1.45935960e-06   9.42127048e-04   0.00000000e+00
 2.17000000e+00  -3.46944695e-18   1.00000000e+00   3.78268096e-02   2.14039097e-06   9.42127048e-04   0.00000000e+00
 2.18000000e+00  -3.46944695e-18   1.00000000e+00   3.86895349e-02   2.17041189e-06   9.42127048e-04   0.00000000e+00
 2.19000000e+00  -3.46944695e-18   1.00000000e+00   3.95263021e-02   2.91587439e-06   9.42127048e-04   0.00000000e+00
 2.20000000e+00  -3.46944695e-18   1.00000000e+00   4.03343611e-02   3.91036013e-06   9.42127048e-04   0.00000000e+00
 2.21000000e+00  -3.46944695e-18   1.00000000e+00   4.11126045e-02   3.96338541e-06   9.42127048e-04   0.00000000e+00
 2.22000000e+00  -3.46944695e-18   1.00000000e+00   4.18618625e-02   3.28728308e-06   9.42127048e-04   0.00000000e+00
 2.23000000e+00  -3.46944695e-18   1.00000000e+00   4.25836887e-02   2.26929145e-06   9.42127048e-04   0.00000000e+00
 2.24000000e+00  -3.46944695e-18   1.00000000e+00   4.32783012e-02   1.64392342e-06   9.42127048e-04   0.00000000e+00
 2.25000000e+00  -3.46944695e-18   1.00000000e+00   4.39458137e-02   1.65481080e-06   9.42127048e-04   0.00000000e+00
 2.26000000e+00  -3.46944695e-18   1.00000000e+00   4.45867611e-02   1.18863876e-06   9.42127048e-04   0.00000000e+00
 2.27000000e+00  -3.46944695e-18   1.00000000e+00   4.52012445e-02   8.71909756e-07   9.42127048e-04   0.00000000e+00
 2.28000000e+00  -3.46944695e-18   1.00000000e+00   4.57882077e-02   1.72100697e-06   9.42127048e-04   0.00000000e+00
 2.29000000e+00  -3.46944695e-18   1.00000000e+00   4.63456548e-02   3.09844726e-06   9.42127048e-04   0.00000000e+00
 2.30000000e+00  -3.46944695e-18   1.00000000e+00   4.68727430e-02   3.63612616e-06   9.42127048e-04   0.00000000e+00
 2.31000000e+00  -3.46944695e-18   1.00000000e+00   4.73697980e-02   3.38989929e-06   9.42127048e-04   0.00000000e+00
 2.32000000e+00  -3.46944695e-18   1.00000000e+00   4.78368319e-02   3.41909460e-06   9.42127048e-04   0.00000000e+00
 2.33000000e+00  -3.46944695e-18   1.00000000e+00   4.82743550e-02   3.31113504e-06   9.42127048e-04   0.00000000e+00
 2.34000000e+00  -3.46944695e-18   1.00000000e+00   4.86828563e-02   2.69210566e-06   9.42127048e-04   0.00000000e+00
 2.35000000e+00  -3.46944695e-18   1.00000000e+00   4.90624436e-02   1.49077844e-06   9.42127048e-04   0.00000000e+00
 2.36000000e+00  -3.46944695e-18   1.00000000e+00   4.94138411e-02   7.72672361e-07   9.42127048e-04   0.00000000e+00
 2.37000000e+00  -3.46944695e-18   1.00000000e+00   4.97359913e-02   1.08832080e-06   9.42127048e-04   0.00000000e+00
 2.38000000e+00  -3.46944695e-18   1.00000000e+00   5.00253330e-02   1.79153608e-06   9.42127048e-04   0.00000000e+00
 2.39000000e+00  -3.46944695e-18   1.00000000e+00   5.02787265e-02   2.24517819e-06   9.42127048e-04   0.00000000e+00
 2.40000000e+00  -3.46944695e-18   1.00000000e+00   5.04945498e-02   2.45012677e-06   9.42127048e-04   0.00000000e+00
 2.41000000e+00  -3.46944695e-18   1.00000000e+00   5.06708841e-02   3.39029674e-06   9.42127048e-04   0.00000000e+00
 2.42000000e+00  -3.46944695e-18   1.00000000e+00   5.08056665e-02   4.23431361e-06   9.42127048e-04   0.00000000e+00
 2.43000000e+00  -3.46944695e-18   1.00000000e+00   5.08978933e-02   3.66702472e-06   9.42127048e-04   0.00000000e+00
 2.44000000e+00  -3.46944695e-18   1.00000000e+00   5.09480505e-02   2.52377636e-06   9.42127048e-04   0.00000000e+00
 2.45000000e+00  -3.46944695e-18   1.00000000e+00   5.09571942e-02   2.03649369e-06   9.42127048e-04   0.00000000e+00
 2.46000000e+00  -3.46944695e-18   1.00000000e+00   5.09259373e-02   1.69696459e-06   9.42127048e-04   0.00000000e+00
 2.47000000e+00  -3.46944695e-18   1.00000000e+00   5.08538851e-02   1.28512835e-06   9.42127048e-04   0.00000000e+00
 2.48000000e+00  -3.46944695e-18   1.00000000e+00   5.07404608e-02   9.97310756e-07   9.42127048e-04   0.00000000e+00
 2.49000000e+00  -3.46944695e-18   1.00000000e+00   5.05858707e-02   1.22205613e-06   9.42127048e-04   0.00000000e+00
 2.50000000e+00  -3.46944695e-18   1.00000000e+00   5.03898913e-02   2.41902317e-06   9.42127048e-04   0.00000000e+00
 2.51000000e+00  -3.46944695e-18   1.00000000e+00   5.01515228e-02   3.56948211e-06   9.42127048e-04   0.00000000e+00
 2.52000000e+00  -3.46944695e-18   1.00000000e+00   4.98709702e-02   3.53939604e-06   9.42127048e-04   0.00000000e+00
 2.53000000e+00  -3.46944695e-18   1.00000000e+00   4.95502164e-02   3.29068485e-06   9.42127048e-04   0.00000000e+00
 2.54000000e+00  -3.46944695e-18   1.00000000e+00   4.91922215e-02   3.45992229e-06   9.42127048e-04   0.00000000e+00
 2.55000000e+00  -3.46944695e-18   1.00000000e+00   4.88002574e-02   3.12480484e-06   9.42127048e-04   0.00000000e+00
 2.56000000e+00  -3.46944695e-18   1.00000000e+00   4.83767129e-02   2.03382808e-06   9.42127048e-04   0.00000000e+00
 2.57000000e+00  -3.46944695e-18   1.00000000e+00   4.79233012e-02   8.87730213e-07   9.42127048e-04   0.00000000e+00
 2.58000000e+00  -3.46944695e-18   1.00000000e+00   4.74420989e-02   9.27481979e-07   9.42127048e-04   0.00000000e+00
 2.59000000e+00  -3.46944695e-18   1.00000000e+00   4.69347715e-02   1.55987706e-06   9.42127048e-04   0.00000000e+00
 2.60000000e+00  -3.46944695e-18   1.00000000e+00   4.64007177e-02   1.90873224e-06   9.42127048e-04   0.00000000e+00
 2.61000000e+00  -3.46944695e-18   1.00000000e+00   4.58386515e-02   2.35917149e-06   9.42127048e-04   0.00000000e+00
 2.62000000e+00  -3.46944695e-18   1.00000000e+00   4.52486091e-02   2.97185112e-06   9.42127048e-04   0.00000000e+00
 2.63000000e+00  -3.46944695e-18   1.00000000e+00   4.46315915e-02   3.85139068e-06   9.42127048e-04   0.00000000e+00
 2.64000000e+00  -3.46944695e-18   1.00000000e+00   4.39880390e-02   4.12899129e-06   9.42127048e-04   0.00000000e+00
 2.65000000e+00  -3.46944695e-18   1.00000000e+00   4.33183135e-02   3.10012233e-06   9.42127048e-04   0.00000000e+00
 2.66000000e+00  -3.46944695e-18   1.00000000e+00   4.26240204e-02   2.04720255e-06   9.42127048e-04   0.00000000e+00
 2.67000000e+00  -3.46944695e-18   1.00000000e+00   4.19069945e-02   1.92905443e-06   9.42127048e-04   0.00000000e+00
 2.68000000e+00  -3.46944695e-18   1.00000000e+00   4.11679307e-02   1.61487489e-06   9.42127048e-04   0.00000000e+00
 2.69000000e+00  -3.46944695e-18   1.00000000e+00   4.04065803e-02   9.27048111e-07   9.42127048e-04   0.00000000e+00
 2.70000000e+00  -3.46944695e-18   1.00000000e+00   3.96213735e-02   9.71630751e-07   9.42127048e-04   0.00000000e+00
 2.71000000e+00  -3.46944695e-18   1.00000000e+00   3.88110455e-02   1.95718834e-06   9.42127048e-04   0.00000000e+00
 2.72000000e+00  -3.46944695e-18   1.00000000e+00   3.79758857e-02   3.06267433e-06   9.42127048e-04   0.00000000e+00
 2.73000000e+00  -3.46944695e-18   1.00000000e+00   3.71159225e-02   3.57824590e-06   9.42127048e-04   0.00000000e+00
 2.74000000e+00  -3.46944695e-18   1.00000000e+00   3.62311398e-02   3.47513423e-06   9.42127048e-04   0.00000000e+00
 2.75000000e+00  -3.46944695e-18   1.00000000e+00   3.53232322e-02   3.31621736e-06   9.42127048e-04   0.00000000e+00
 2.76000000e+00  -3.46944695e-18   1.00000000e+00   3.43954462e-02   3.40181008e-06   9.42127048e-04   0.00000000e+00
 2.77000000e+00  -3.46944695e-18   1.00000000e+00   3.34511996e-02   2.64268133e-06   9.42127048e-04   0.00000000e+00
 2.78000000e+00  -3.46944695e-18   1.00000000e+00   3.24937388e-02   1.29377215e-06   9.42127048e-04   0.00000000e+00
 2.79000000e+00  -3.46944695e-18   1.00000000e+00   3.15250524e-02   7.56042069e-07   9.42127048e-04   0.00000000e+00
 2.80000000e+00  -3.46944695e-18   1.00000000e+00   3.05469331e-02   1.27159078e-06   9.42127048e-04   0.00000000e+00
 2.81000000e+00  -3.46944695e-18   1.00000000e+00   2.95619983e-02   1.86730386e-06   9.42127048e-04   0.00000000e+00
 2.82000000e+00  -3.46944695e-18   1.00000000e+00   2.85715919e-02   2.01962974e-06   9.42127048e-04   0.00000000e+00
 2.83000000e+00  -3.46944695e-18   1.00000000e+00   2.75757892e-02   2.55943452e-06   9.42127048e-04   0.00000000e+00
 2.84000000e+00  -3.46944695e-18   1.00000000e+00   2.65763384e-02   3.67485262e-06   9.42127048e-04   0.00000000e+00
 2.85000000e+00  -3.46944695e-18   1.00000000e+00   2.55766372e-02   4.05637841e-06   9.42127048e-04   0.00000000e+00
 2.86000000e+00  -3.46944695e-18   1.00000000e+00   2.45802428e-02   3.55435557e-06   9.42127048e-04   0.00000000e+00
 2.87000000e+00  -3.46944695e-18   1.00000000e+00   2.35898142e-02   2.63549436e-06   9.42127048e-04   0.00000000e+00
 2.88000000e+00  -3.46944695e-18   1.00000000e+00   2.26077831e-02   1.83195154e-06   9.42127048e-04   0.00000000e+00
 2.89000000e+00  -3.46944695e-18   1.00000000e+00   2.16366530e-02   1.80122343e-06   9.42127048e-04   0.00000000e+00
 2.90000000e+00  -3.46944695e-18   1.00000000e+00   2.06780061e-02   1.34798378e-06   9.42127048e-04   0.00000000e+00
 2.91000000e+00  -3.46944695e-18   1.00000000e+00   1.97324916e-02   7.23564683e-07   9.42127048e-04   0.00000000e+00
 2.92000000e+00  -3.46944695e-18   1.00000000e+00   1.87993600e-02   1.35903784e-06   9.42127048e-04   0.00000000e+00
 2.93000000e+00  -3.46944695e-18   1.00000000e+00   1.78768775e-02   2.73805516e-06   9.42127048e-04   0.00000000e+00
 2.94000000e+00  -3.46944695e-18   1.00000000e+00   1.69647978e-02   3.41205960e-06   9.42127048e-04   0.00000000e+00
 2.95000000e+00  -3.46944695e-18   1.00000000e+00   1.60637410e-02   3.41912590e-06   9.42127048e-04   0.00000000e+00
 2.96000000e+00  -3.46944695e-18   1.00000000e+00   1.51738482e-02   3.45334317e-06   9.42127048e-04   0.00000000e+00
 2.97000000e+00  -3.46944695e-18   1.00000000e+00   1.42958231e-02   3.45399810e-06   9.42127048e-04   0.00000000e+00
 2.98000000e+00  -3.46944695e-18   1.00000000e+00   1.34314969e-02   3.06272224e-06   9.42127048e-04   0.00000000e+00
 2.99000000e+00  -3.46944695e-18   1.00000000e+00   1.25834494e-02   1.86926834e-06   9.42127048e-04   0.00000000e+00
 3.00000000e+00  -3.46944695e-18   1.00000000e+00   1.17530680e-02   9.22401549e-07   9.42127048e-04   0.00000000e+00
 3.01000000e+00  -3.46944695e-18   1.00000000e+00   1.09402566e-02   9.31468571e-07   9.42127048e-04   0.00000000e+00
 3.02000000e+00  -3.46944695e-18   1.00000000e+00   1.01447428e-02   1.62275918e-06   9.42127048e-04   0.00000000e+00
 3.03000000e+00  -3.46944695e-18   1.00000000e+00   9.36703447e-03   2.00789332e-06   9.42127048e-04   0.00000000e+00
 3.04000000e+00  -3.46944695e-18   1.00000000e+00   8.60818860e-03   2.17268997e-06   9.42127048e-04   0.00000000e+00
 3.05000000e+00  -3.46944695e-18   1.00000000e+00   7.86895967e-03   3.10626278e-06   9.42127048e-04   0.00000000e+00
 3.06000000e+00  -3.46944695e-18   1.00000000e+00   7.14990778e-03   4.10976607e-06   9.42127048e-04   0.00000000e+00
 3.07000000e+00  -3.46944695e-18   1.00000000e+00   6.45393894e-03   3.92538107e-06   9.42127048e-04   0.00000000e+00
 3.08000000e+00  -3.46944695e-18   1.00000000e+00   5.78527470e-03   2.85090605e-06   9.42127048e-04   0.00000000e+00
 3.09000000e+00  -3.46944695e-18   1.00000000e+00   5.14710893e-03   2.29491178e-06   9.42127048e-04   0.00000000e+00
 3.10000000e+00  -3.46944695e-18   1.00000000e+00   4.54219110e-03   1.86583375e-06   9.42127048e-04   0.00000000e+00
 3.11000000e+00  -3.46944695e-18   1.00000000e+00   3.97295502e-03   1.46076193e-06   9.42127048e-04   0.00000000e+00
 3.12000000e+00  -3.46944695e-18   1.00000000e+00   3.44067414e-03   1.00278138e-06   9.42127048e-04   0.00000000e+00
 3.13000000e+00  -3.46944695e-18   1.00000000e+00   2.94627344e-03   9.50476917e-07   9.42127048e-04   0.00000000e+00
 3.14000000e+00  -3.46944695e-18   1.00000000e+00   2.48990639e-03   2.00880522e-06   9.42127048e-04   0.00000000e+00
 3.15000000e+00  -3.46944695e-18   1.00000000e+00   2.07030042e-03   3.26240681e-06   9.42127048e-04   0.00000000e+00
 3.16000000e+00  -3.46944695e-18   1.00000000e+00   1.68726670e-03   3.53166487e-06   9.42127048e-04   0.00000000e+00
 3.17000000e+00  -3.46944695e-18   1.00000000e+00   1.34253308e-03   3.22971291e-06   9.42127048e-04   0.00000000e+00
 3.18000000e+00  -3.46944695e-18   1.00000000e+00   1.03733294e-03   3.59268463e-06   9.42127048e-04   0.00000000e+00
 3.19000000e+00  -3.46944695e-18   1.00000000e+00   7.71746458e-04   3.41070107e-06   9.42127048e-04   0.00000000e+00
 3.20000000e+00  -3.46944695e-18   1.00000000e+00   5.46148664e-04   2.37220990e-06   9.42127048e-04   0.00000000e+00
 3.21000000e+00  -3.46944695e-18   1.00000000e+00   3.61234982e-04   1.26059062e-06   9.42127048e-04   0.00000000e+00
 3.22000000e+00  -3.46944695e-18   1.00000000e+00   2.17080481e-04   8.21831911e-07   9.42127048e-04   0.00000000e+00
 3.23000000e+00  -3.46944695e-18   1.00000000e+00   1.11992494e-04   1.38754351e-06   9.42127048e-04   0.00000000e+00
 3.24000000e+00  -3.46944695e-18   1.00000000e+00   4.30822055e-05   1.75799474e-06   9.42127048e-04   0.00000000e+00
 3.25000000e+00  -3.46944695e-18   1.00000000e+00   8.04235945e-06   2.05089678e-06   9.42127048e-04   0.00000000e+00
 3.26000000e+00  -3.46944695e-18   1.00000000e+00   5.58361261e-06   2.69238665e-06   9.42127048e-04   0.00000000e+00
 3.27000000e+00  -3.46944695e-18   1.00000000e+00   3.48552023e-05   3.61338360e-06   9.42127048e-04   0.00000000e+00
 3.28000000e+00  -3.46944695e-18   1.00000000e+00   9.52408748e-05   4.22742977e-06   9.42127048e-04   0.00000000e+00
 3.29000000e+00  -3.46944695e-18   1.00000000e+00   1.86953267e-04   3.43739059e-06   9.42127048e-04   0.00000000e+00
 3.30000000e+00  -3.46944695e-18   1.00000000e+00   3.11980126e-04   2.32336685e-06   9.42127048e-04   0.00000000e+00
 3.31000000e+00  -3.46944695e-18   1.00000000e+00   4.72149712e-04   2.13887140e-06   9.42127048e-04   0.00000000e+00
 3.32000000e+00  -3.46944695e-18   1.00000000e+00   6.67925880e-04   1.80237049e-06   9.42127048e-04   0.00000000e+00
 3.33000000e+00  -3.46944695e-18   1.00000000e+00   8.99158300e-04   1.02838070e-06   9.42127048e-04   0.00000000e+00
 3.34000000e+00  -3.46944695e-18   1.00000000e+00   1.16547168e-03   8.36003147e-07   9.42127048e-04   0.00000000e+00
 3.35000000e+00  -3.46944695e-18   1.00000000e+00   1.46660071e-03   1.56321291e-06   9.42127048e-04   0.00000000e+00
 3.36000000e+00  -3.46944695e-18   1.00000000e+00   1.80263640e-03   2.69088596e-06   9.42127048e-04   0.00000000e+00
 3.37000000e+00  -3.46944695e-18   1.00000000e+00   2.17296098e-03   3.44659372e-06   9.42127048e-04   0.00000000e+00
 3.38000000e+00  -3.46944695e-18   1.00000000e+00   2.57674056e-03   3.44787063e-06   9.42127048e-04   0.00000000e+00
 3.39000000e+00  -3.46944695e-18   1.00000000e+00   3.01534440e-03   3.34347686e-06   9.42127048e-04   0.00000000e+00
 3.40000000e+00  -3.46944695e-18   1.00000000e+00   3.49127050e-03   3.58365694e-06   9.42127048e-04   0.00000000e+00
 3.41000000e+00  -3.46944695e-18   1.00000000e+00   4.00549420e-03   3.03691118e-06   9.42127048e-04   0.00000000e+00
 3.42000000e+00  -3.46944695e-18   1.00000000e+00   4.55775134e-03   1.65315733e-06   9.42127048e-04   0.00000000e+00
 3.43000000e+00  -3.46944695e-18   1.00000000e+00   5.14802242e-03   8.43171887e-07   9.42127048e-04   0.00000000e+00
 3.44000000e+00  -3.46944695e-18   1.00000000e+00   5.77560476e-03   1.16991624e-06   9.42127048e-04   0.00000000e+00
 3.45000000e+00  -3.46944695e-18   1.00000000e+00   6.43801594e-03   1.64355042e-06   9.42127048e-04   0.00000000e+00
 3.46000000e+00  -3.46944695e-18   1.00000000e+00   7.13185260e-03   1.82208697e-06   9.42127048e-04   0.00000000e+00
 3.47000000e+00  -3.46944695e-18   1.00000000e+00   7.85382874e-03   2.28057905e-06   9.42127048e-04   0.00000000e+00
 3.48000000e+00  -3.46944695e-18   1.00000000e+00   8.60133133e-03   3.31171165e-06   9.42127048e-04   0.00000000e+00
 3.49000000e+00  -3.46944695e-18   1.00000000e+00   9.37319301e-03   4.05546593e-06   9.42127048e-04   0.00000000e+00
 3.50000000e+00  -3.46944695e-18   1.00000000e+00   1.01679921e-02   3.80344209e-06   9.42127048e-04   0.00000000e+00
 3.51000000e+00  -3.46944695e-18   1.00000000e+00   1.09835921e-02   2.91919182e-06   9.42127048e-04   0.00000000e+00
 3.52000000e+00  -3.46944695e-18   1.00000000e+00   1.18190666e-02   2.11804136e-06   9.42127048e-04   0.00000000e+00
 3.53000000e+00  -3.46944695e-18   1.00000000e+00   1.26739236e-02   1.94751802e-06   9.42127048e-04   0.00000000e+00
 3.54000000e+00  -3.46944695e-18   1.00000000e+00   1.35465264e-02   1.54643494e-06   9.42127048e-04   0.00000000e+00
 3.55000000e+00  -3.46944695e-18   1.00000000e+00   1.44342378e-02   7.21573797e-07   9.42127048e-04   0.00000000e+00
 3.56000000e+00  -3.46944695e-18   1.00000000e+00   1.53336552e-02   1.00477665e-06   9.42127048e-04   0.00000000e+00
 3.57000000e+00  -3.46944695e-18   1.00000000e+00   1.62417944e-02   2.38273609e-06   9.42127048e-04   0.00000000e+00
 3.58000000e+00  -3.46944695e-18   1.00000000e+00   1.71574079e-02   3.13905365e-06   9.42127048e-04   0.00000000e+00
 3.59000000e+00  -3.46944695e-18   1.00000000e+00   1.80792575e-02   3.35339098e-06   9.42127048e-04   0.00000000e+00
 3.60000000e+00  -3.46944695e-18   1.00000000e+00   1.90061371e-02   3.47287376e-06   9.42127048e-04   0.00000000e+00
 3.61000000e+00  -3.46944695e-18   1.00000000e+00   1.99384392e-02   3.52317702e-06   9.42127048e-04   0.00000000e+00
 3.62000000e+00  -3.46944695e-18   1.00000000e+00   2.08779142e-02   3.36813004e-06   9.42127048e-04   0.00000000e+00
 3.63000000e+00  -3.46944695e-18   1.00000000e+00   2.18260202e-02   2.32519768e-06   9.42127048e-04   0.00000000e+00
 3.64000000e+00  -3.46944695e-18   1.00000000e+00   2.27821471e-02   1.10879179e-06   9.42127048e-04   0.00000000e+00
 3.65000000e+00  -3.46944695e-18   1.00000000e+00   2.37451523e-02   8.90643941e-07   9.42127048e-04   0.00000000e+00
 3.66000000e+00  -3.46944695e-18   1.00000000e+00   2.47147314e-02   1.48302783e-06   9.42127048e-04   0.00000000e+00
 3.67000000e+00  -3.46944695e-18   1.00000000e+00   2.56893434e-02   1.77520062e-06   9.42127048e-04   0.00000000e+00
 3.68000000e+00  -3.46944695e-18   1.00000000e+00   2.66667247e-02   1.94716284e-06   9.42127048e-04   0.00000000e+00
 3.69000000e+00  -3.46944695e-18   1.00000000e+00   2.76446272e-02   2.73894584e-06   9.42127048e-04   0.00000000e+00
 3.70000000e+00  -3.46944695e-18   1.00000000e+00   2.86211386e-02   3.92883904e-06   9.42127048e-04   0.00000000e+00
 3.71000000e+00  -3.46944695e-18   1.00000000e+00   2.95957044e-02   4.06751984e-06   9.42127048e-04   0.00000000e+00
 3.72000000e+00  -3.46944695e-18   1.00000000e+00   3.05686183e-02   3.16148693e-06   9.42127048e-04   0.00000000e+00
 3.73000000e+00  -3.46944695e-18   1.00000000e+00   3.15389974e-02   2.57360086e-06   9.42127048e-04   0.00000000e+00
 3.74000000e+00  -3.46944695e-18   1.00000000e+00   3.25048062e-02   2.04698742e-06   9.42127048e-04   0.00000000e+00
 3.75000000e+00  -3.46944695e-18   1.00000000e+00   3.34644331e-02   1.69087488e-06   9.42127048e-04   0.00000000e+00
 3.76000000e+00  -3.46944695e-18   1.00000000e+00   3.44158001e-02   1.09045800e-06   9.42127048e-04   0.00000000e+00
 3.77000000e+00  -3.46944695e-18   1.00000000e+00   3.53550679e-02   7.60019157e-07   9.42127048e-04   0.00000000e+00
 3.78000000e+00  -3.46944695e-18   1.00000000e+00   3.62778465e-02   1.61063746e-06   9.42127048e-04   0.00000000e+00
 3.79000000e+00  -3.46944695e-18   1.00000000e+00   3.71803154e-02   2.93447263e-06   9.42127048e-04   0.00000000e+00
 3.80000000e+00  -3.46944695e-18   1.00000000e+00   3.80599397e-02   3.40230816e-06   9.42127048e-04   0.00000000e+00
 3.81000000e+00  -3.46944695e-18   1.00000000e+00   3.89155215e-02   3.19816595e-06   9.42127048e-04   0.00000000e+00
 3.82000000e+00  -3.46944695e-18   1.00000000e+00   3.97453977e-02   3.60026885e-06   9.42127048e-04   0.00000000e+00
 3.83000000e+00  -3.46944695e-18   1.00000000e+00   4.05482474e-02   3.65155545e-06   9.42127048e-04   0.00000000e+00
 3.84000000e+00  -3.46944695e-18   1.00000000e+00   4.13244656e-02   2.75813413e-06   9.42127048e-04   0.00000000e+00
 3.85000000e+00  -3.46944695e-18   1.00000000e+00   4.20750696e-02   1.59268359e-06   9.42127048e-04   0.00000000e+00
 3.86000000e+00  -3.46944695e-18   1.00000000e+00   4.27992862e-02   9.37826924e-07   9.42127048e-04   0.00000000e+00
 3.87000000e+00  -3.46944695e-18   1.00000000e+00   4.34951542e-02   1.16658654e-06   9.42127048e-04   0.00000000e+00
 3.88000000e+00  -3.46944695e-18   1.00000000e+00   4.41612892e-02   1.66905222e-06   9.42127048e-04   0.00000000e+00
 3.89000000e+00  -3.46944695e-18   1.00000000e+00   4.47966933e-02   1.81418569e-06   9.42127048e-04   0.00000000e+00
 3.90000000e+00  -3.46944695e-18   1.00000000e+00   4.54004686e-02   2.29776289e-06   9.42127048e-04   0.00000000e+00
 3.91000000e+00  -3.46944695e-18   1.00000000e+00   4.59725611e-02   3.41573839e-06   9.42127048e-04   0.00000000e+00
 3.92000000e+00  -3.46944695e-18   1.00000000e+00   4.65130486e-02   4.14122793e-06   9.42127048e-04   0.00000000e+00
 3.93000000e+00  -3.46944695e-18   1.00000000e+00   4.70229910e-02   3.74326642e-06   9.42127048e-04   0.00000000e+00
 3.94000000e+00  -3.46944695e-18   1.00000000e+00   4.75047302e-02   2.62976627e-06   9.42127048e-04   0.00000000e+00
 3.95000000e+00  -3.46944695e-18   1.00000000e+00   4.79597105e-02   2.31392580e-06   9.42127048e-04   0.00000000e+00
 3.96000000e+00  -3.46944695e-18   1.00000000e+00   4.83875370e-02   2.06950202e-06   9.42127048e-04   0.00000000e+00
 3.97000000e+00  -3.46944695e-18   1.00000000e+00   4.87873875e-02   1.17048726e-06   9.42127048e-04   0.00000000e+00
 3.98000000e+00  -3.46944695e-18   1.00000000e+00   4.91586811e-02   8.02824155e-07   9.42127048e-04   0.00000000e+00
 3.99000000e+00  -3.46944695e-18   1.00000000e+00   4.95000812e-02   1.22152771e-06   9.42127048e-04   0.00000000e+00
 4.00000000e+00  -3.46944695e-18   1.00000000e+00   4.98086500e-02   2.29468638e-06   9.42127048e-04   0.00000000e+00
 4.01000000e+00  -3.46944695e-18   1.00000000e+00   5.00814488e-02   3.24609037e-06   9.42127048e-04   0.00000000e+00
 4.02000000e+00  -3.46944695e-18   1.00000000e+00   5.03173736e-02   3.38156669e-06   9.42127048e-04   0.00000000e+00
 4.03000000e+00  -3.46944695e-18   1.00000000e+00   5.05163225e-02   3.30822385e-06   9.42127048e-04   0.00000000e+00
 4.04000000e+00  -3.46944695e-18   1.00000000e+00   5.06783087e-02   3.69322290e-06   9.42127048e-04   0.00000000e+00
 4.05000000e+00  -3.46944695e-18   1.00000000e+00   5.08029038e-02   3.41501325e-06   9.42127048e-04   0.00000000e+00
 4.06000000e+00  -3.46944695e-18   1.00000000e+00   5.08892300e-02   2.01562442e-06   9.42127048e-04   0.00000000e+00
 4.07000000e+00  -3.46944695e-18   1.00000000e+00   5.09372229e-02   1.06811775e-06   9.42127048e-04   0.00000000e+00
 4.08000000e+00  -3.46944695e-18   1.00000000e+00   5.09463060e-02   1.09302182e-06   9.42127048e-04   0.00000000e+00
 4.09000000e+00  -3.46944695e-18   1.00000000e+00   5.09139117e-02   1.48280348e-06   9.42127048e-04   0.00000000e+00
 4.10000000e+00  -3.46944695e-18   1.00000000e+00   5.08379718e-02   1.65949096e-06   9.42127048e-04   0.00000000e+00
 4.11000000e+00  -3.46944695e-18   1.00000000e+00   5.07176560e-02   1.97423630e-06   9.42127048e-04   0.00000000e+00
 4.12000000e+00  -3.46944695e-18   1.00000000e+00   5.05526830e-02   2.96432059e-06   9.42127048e-04   0.00000000e+00
 4.13000000e+00  -3.46944695e-18   1.00000000e+00   5.03438578e-02   3.88824968e-06   9.42127048e-04   0.00000000e+00
 4.14000000e+00  -3.46944695e-18   1.00000000e+00   5.00926147e-02   4.01261959e-06   9.42127048e-04   0.00000000e+00
 4.15000000e+00  -3.46944695e-18   1.00000000e+00   4.98004448e-02   3.18550518e-06   9.42127048e-04   0.00000000e+00
 4.16000000e+00  -3.46944695e-18   1.00000000e+00   4.94705555e-02   2.37012828e-06   9.42127048e-04   0.00000000e+00
 4.17000000e+00  -3.46944695e-18   1.00000000e+00   4.91065804e-02   2.18472795e-06   9.42127048e-04   0.00000000e+00
 4.18000000e+00  -3.46944695e-18   1.00000000e+00   4.87098932e-02   1.73588093e-06   9.42127048e-04   0.00000000e+00
 4.19000000e+00  -3.46944695e-18   1.00000000e+00   4.82805090e-02   8.26937401e-07   9.42127048e-04   0.00000000e+00
 4.20000000e+00  -3.46944695e-18   1.00000000e+00   4.78190292e-02   7.66726098e-07   9.42127048e-04   0.00000000e+00
 4.21000000e+00  -3.46944695e-18   1.00000000e+00   4.73267038e-02   1.96232472e-06   9.42127048e-04   0.00000000e+00
 4.22000000e+00  -3.46944695e-18   1.00000000e+00   4.68039875e-02   2.88239530e-06   9.42127048e-04   0.00000000e+00
 4.23000000e+00  -3.46944695e-18   1.00000000e+00   4.62511240e-02   3.20328335e-06   9.42127048e-04   0.00000000e+00
 4.24000000e+00  -3.46944695e-18   1.00000000e+00   4.56695856e-02   3.42433565e-06   9.42127048e-04   0.00000000e+00
 4.25000000e+00  -3.46944695e-18   1.00000000e+00   4.50617136e-02   3.57658621e-06   9.42127048e-04   0.00000000e+00
 4.26000000e+00  -3.46944695e-18   1.00000000e+00   4.44300236e-02   3.56077710e-06   9.42127048e-04   0.00000000e+00
 4.27000000e+00  -3.46944695e-18   1.00000000e+00   4.37761442e-02   2.81283258e-06   9.42127048e-04   0.00000000e+00
 4.28000000e+00  -3.46944695e-18   1.00000000e+00   4.31003164e-02   1.38098697e-06   9.42127048e-04   0.00000000e+00
 4.29000000e+00  -3.46944695e-18   1.00000000e+00   4.24028483e-02   9.00497358e-07   9.42127048e-04   0.00000000e+00
 4.30000000e+00  -3.46944695e-18   1.00000000e+00   4.16838408e-02   1.42108912e-06   9.42127048e-04   0.00000000e+00
 4.31000000e+00  -3.46944695e-18   1.00000000e+00   4.09420882e-02   1.57084367e-06   9.42127048e-04   0.00000000e+00
 4.32000000e+00  -3.46944695e-18   1.00000000e+00   4.01755290e-02   1.72227318e-06   9.42127048e-04   0.00000000e+00
 4.33000000e+00  -3.46944695e-18   1.00000000e+00   3.93828378e-02   2.39896866e-06   9.42127048e-04   0.00000000e+00
 4.34000000e+00  -3.46944695e-18   1.00000000e+00   3.85643831e-02   3.62443826e-06   9.42127048e-04   0.00000000e+00
 4.35000000e+00  -3.46944695e-18   1.00000000e+00   3.77217219e-02   4.12066700e-06   9.42127048e-04   0.00000000e+00
 4.36000000e+00  -3.46944695e-18   1.00000000e+00   3.68566097e-02   3.45437061e-06   9.42127048e-04   0.00000000e+00
 4.37000000e+00  -3.46944695e-18   1.00000000e+00   3.59704977e-02   2.79967663e-06   9.42127048e-04   0.00000000e+00
 4.38000000e+00  -3.46944695e-18   1.00000000e+00   3.50650825e-02   2.30134550e-06   9.42127048e-04   0.00000000e+00
 4.39000000e+00  -3.46944695e-18   1.00000000e+00   3.41428609e-02   1.91172794e-06   9.42127048e-04   0.00000000e+00
 4.40000000e+00  -3.46944695e-18   1.00000000e+00   3.32057535e-02   1.26603070e-06   9.42127048e-04   0.00000000e+00
 4.41000000e+00  -3.46944695e-18   1.00000000e+00   3.22536692e-02   6.86715562e-07   9.42127048e-04   0.00000000e+00
 4.42000000e+00  -3.46944695e-18   1.00000000e+00   3.12867472e-02   1.20782904e-06   9.42127048e-04   0.00000000e+00
 4.43000000e+00  -3.46944695e-18   1.00000000e+00   3.03070680e-02   2.62691093e-06   9.42127048e-04   0.00000000e+00
 4.44000000e+00  -3.46944695e-18   1.00000000e+00   2.93169125e-02   3.17736629e-06   9.42127048e-04   0.00000000e+00
 4.45000000e+00  -3.46944695e-18   1.00000000e+00   2.83180621e-02   3.13107755e-06   9.42127048e-04   0.00000000e+00
 4.46000000e+00  -3.46944695e-18   1.00000000e+00   2.73136130e-02   3.57177331e-06   9.42127048e-04   0.00000000e+00
 4.47000000e+00  -3.46944695e-18   1.00000000e+00   2.63076349e-02   3.76753206e-06   9.42127048e-04   0.00000000e+00
 4.48000000e+00  -3.46944695e-18   1.00000000e+00   2.53043065e-02   3.17262450e-06   9.42127048e-04   0.00000000e+00
 4.49000000e+00  -3.46944695e-18   1.00000000e+00   2.43074318e-02   1.94263220e-06   9.42127048e-04   0.00000000e+00
 4.50000000e+00  -3.46944695e-18   1.00000000e+00   2.33190037e-02   1.12883700e-06   9.42127048e-04   0.00000000e+00
 4.51000000e+00  -3.46944695e-18   1.00000000e+00   2.23392504e-02   1.06400011e-06   9.42127048e-04   0.00000000e+00
 4.52000000e+00  -3.46944695e-18   1.00000000e+00   2.13692016e-02   1.54125842e-06   9.42127048e-04   0.00000000e+00
 4.53000000e+00  -3.46944695e-18   1.00000000e+00   2.04097255e-02   1.67252908e-06   9.42127048e-04   0.00000000e+00
 4.54000000e+00  -3.46944695e-18   1.00000000e+00   1.94604926e-02   1.89974133e-06   9.42127048e-04   0.00000000e+00
 4.55000000e+00  -3.46944695e-18   1.00000000e+00   1.85215217e-02   3.11526139e-06   9.42127048e-04   0.00000000e+00
 4.56000000e+00  -3.46944695e-18   1.00000000e+00   1.75935745e-02   4.03545487e-06   9.42127048e-04   0.00000000e+00
 4.57000000e+00  -3.46944695e-18   1.00000000e+00   1.66785500e-02   3.89411698e-06   9.42127048e-04   0.00000000e+00
 4.58000000e+00  -3.46944695e-18   1.00000000e+00   1.57787234e-02   2.96650185e-06   9.42127048e-04   0.00000000e+00
 4.59000000e+00  -3.46944695e-18   1.00000000e+00   1.48948408e-02   2.51000042e-06   9.42127048e-04   0.00000000e+00
 4.60000000e+00  -3.46944695e-18   1.00000000e+00   1.40273056e-02   2.29436568e-06   9.42127048e-04   0.00000000e+00
 4.61000000e+00  -3.46944695e-18   1.00000000e+00   1.31767482e-02   1.44575613e-06   9.42127048e-04   0.00000000e+00
 4.62000000e+00  -3.46944695e-18   1.00000000e+00   1.23435175e-02   8.12790184e-07   9.42127048e-04   0.00000000e+00
 4.63000000e+00  -3.46944695e-18   1.00000000e+00   1.15265985e-02   9.64270928e-07   9.42127048e-04   0.00000000e+00
 4.64000000e+00  -3.46944695e-18   1.00000000e+00   1.07239769e-02   1.91637407e-06   9.42127048e-04   0.00000000e+00
 4.65000000e+00  -3.46944695e-18   1.00000000e+00   9.93577001e-03   2.96324001e-06   9.42127048e-04   0.00000000e+00
 4.66000000e+00  -3.46944695e-18   1.00000000e+00   9.16383848e-03   3.28761864e-06   9.42127048e-04   0.00000000e+00
 4.67000000e+00  -3.46944695e-18   1.00000000e+00   8.41010621e-03   3.22094788e-06   9.42127048e-04   0.00000000e+00
 4.68000000e+00  -3.46944695e-18   1.00000000e+00   7.67674915e-03   3.71716745e-06   9.42127048e-04   0.00000000e+00
 4.69000000e+00  -3.46944695e-18   1.00000000e+00   6.96664546e-03   3.74161020e-06   9.42127048e-04   0.00000000e+00
 4.70000000e+00  -3.46944695e-18   1.00000000e+00   6.28270928e-03   2.41064984e-06   9.42127048e-04   0.00000000e+00
 4.71000000e+00  -3.46944695e-18   1.00000000e+00   5.62783949e-03   1.33400644e-06   9.42127048e-04   0.00000000e+00
 4.72000000e+00  -3.46944695e-18   1.00000000e+00   5.00410906e-03   1.14101813e-06   9.42127048e-04   0.00000000e+00
 4.73000000e+00  -3.46944695e-18   1.00000000e+00   4.41191509e-03   1.32491519e-06   9.42127048e-04   0.00000000e+00
 4.74000000e+00  -3.46944695e-18   1.00000000e+00   3.85140395e-03   1.55133442e-06   9.42127048e-04   0.00000000e+00
 4.75000000e+00  -3.46944695e-18   1.00000000e+00   3.32403091e-03   1.71627518e-06   9.42127048e-04   0.00000000e+00
 4.76000000e+00  -3.46944695e-18   1.00000000e+00   2.83126373e-03   2.53727633e-06   9.42127048e-04   0.00000000e+00
 4.77000000e+00  -3.46944695e-18   1.00000000e+00   2.37378488e-03   3.69997447e-06   9.42127048e-04   0.00000000e+00
 4.78000000e+00  -3.46944695e-18   1.00000000e+00   1.95297882e-03   4.06148101e-06   9.42127048e-04   0.00000000e+00
 4.79000000e+00  -3.46944695e-18   1.00000000e+00   1.57173359e-03   3.46096813e-06   9.42127048e-04   0.00000000e+00
 4.80000000e+00  -3.46944695e-18   1.00000000e+00   1.23264760e-03   2.61071009e-06   9.42127048e-04   0.00000000e+00
 4.81000000e+00  -3.46944695e-18   1.00000000e+00   9.36766851e-04   2.40659604e-06   9.42127048e-04   0.00000000e+00
 4.82000000e+00  -3.46944695e-18   1.00000000e+00   6.83615605e-04   2.01353822e-06   9.42127048e-04   0.00000000e+00
 4.83000000e+00  -3.46944695e-18   1.00000000e+00   4.71757559e-04   9.58763037e-07   9.42127048e-04   0.00000000e+00
 4.84000000e+00  -3.46944695e-18   1.00000000e+00   3.00222124e-04   6.65959248e-07   9.42127048e-04   0.00000000e+00
 4.85000000e+00  -3.46944695e-18   1.00000000e+00   1.67740710e-04   1.56026470e-06   9.42127048e-04   0.00000000e+00
 4.86000000e+00  -3.46944695e-18   1.00000000e+00   7.14336039e-05   2.56469777e-06   9.42127048e-04   0.00000000e+00
 4.87000000e+00  -3.46944695e-18   1.00000000e+00   9.27637792e-06   3.05015238e-06   9.42127048e-04   0.00000000e+00
 4.88000000e+00  -3.46944695e-18   1.00000000e+00  -1.87040277e-05   3.29429463e-06   9.42127048e-04   0.00000000e+00
 4.89000000e+00  -3.46944695e-18   1.00000000e+00  -1.22955177e-05   3.55981645e-06   9.42127048e-04   0.00000000e+00
 4.90000000e+00  -3.46944695e-18   1.00000000e+00   2.88604999e-05   3.72721876e-06   9.42127048e-04   0.00000000e+00
 4.91000000e+00  -3.46944695e-18   1.00000000e+00   1.05097961e-04   3.20864804e-06   9.42127048e-04   0.00000000e+00
 4.92000000e+00  -3.46944695e-18   1.00000000e+00   2.16276893e-04   1.77248065e-06   9.42127048e-04   0.00000000e+00
 4.93000000e+00  -3.46944695e-18   1.00000000e+00   3.62367758e-04   9.78013323e-07   9.42127048e-04   0.00000000e+00
 4.94000000e+00  -3.46944695e-18   1.00000000e+00   5.43090435e-04   1.37228024e-06   9.42127048e-04   0.00000000e+00
 4.95000000e+00  -3.46944695e-18   1.00000000e+00   7.56719008e-04   1.48927257e-06   9.42127048e-04   0.00000000e+00
 4.96000000e+00  -3.46944695e-18   1.00000000e+00   1.00120579e-03   1.45102579e-06   9.42127048e-04   0.00000000e+00
 4.97000000e+00  -3.46944695e-18   1.00000000e+00   1.27622985e-03   2.11658746e-06   9.42127048e-04   0.00000000e+00
 4.98000000e+00  -3.46944695e-18   1.00000000e+00   1.58326950e-03   3.24668082e-06   9.42127048e-04   0.00000000e+00
 4.99000000e+00  -3.46944695e-18   1.00000000e+00   1.92352432e-03   4.03542453e-06   9.42127048e-04   0.00000000e+00
 5.00000000e+00  -3.46944695e-18   1.00000000e+00   2.29765089e-03   3.73712637e-06   9.42127048e-04   0.00000000e+00