  Time  Coordinate0  Coordinate1  Displacement0  Displacement1  Force0  Force1
 1.00000000e-02  -3.46944695e-18   1.00000000e+00   3.79197830e-04  -9.85446623e-05   2.60817764e+00  -1.26463100e+01
 2.00000000e-02  -3.46944695e-18   1.00000000e+00   1.41405180e-03  -1.13012971e-04   8.77886000e-01   5.75888019e+00
 3.00000000e-02  -3.46944695e-18   1.00000000e+00   2.70292073e-03   8.48300900e-08   7.13270985e-01   9.25175568e-01
 4.00000000e-02  -3.46944695e-18   1.00000000e+00   4.07476364e-03   7.40766736e-05   7.76338280e-01   7.84502733e-01
 5.00000000e-02  -3.46944695e-18   1.00000000e+00   5.54004899e-03   1.53847705e-04   6.45469536e-01   8.09426924e-01
 6.00000000e-02  -3.46944695e-18   1.00000000e+00   7.00083857e-03   2.64359365e-04   6.70096408e-01   7.66710429e-01
 7.00000000e-02  -3.46944695e-18   1.00000000e+00   8.45956578e-03   3.68695381e-04   5.94762725e-01   7.38313244e-01
 8.00000000e-02  -3.46944695e-18   1.00000000e+00   1.01204570e-02   3.97604866e-04   6.15477345e-01   7.33882562e-01
 9.00000000e-02  -3.46944695e-18   1.00000000e+00   1.24938761e-02   3.00155755e-04   5.50500417e-01   6.98670521e-01
 1.00000000e-01  -3.46944695e-18   1.00000000e+00   1.58557453e-02   9.78707874e-05   5.67212531e-01   7.00332447e-01
 1.10000000e-01  -3.46944695e-18   1.00000000e+00   1.97608753e-02  -3.54207544e-05   5.24079778e-01   6.62153862e-01
 1.20000000e-01  -3.46944695e-18   1.00000000e+00   2.35435040e-02  -6.91697414e-05   5.61577286e-01   6.64231271e-01
 1.30000000e-01  -3.46944695e-18   1.00000000e+00   2.72378727e-02  -7.96455022e-05   5.24835472e-01   6.44902784e-01
 1.40000000e-01  -3.46944695e-18   1.00000000e+00   3.12263041e-02  -1.41618682e-04   5.45505495e-01   6.41471587e-01
 1.50000000e-01  -3.46944695e-18   1.00000000e+00   3.52822776e-02  -2.00545101e-05   5.14877512e-01   6.28860071e-01
 1.60000000e-01  -3.46944695e-18   1.00000000e+00   3.89887606e-02   2.16039895e-04   5.49831813e-01   6.19188740e-01
 1.70000000e-01  -3.46944695e-18   1.00000000e+00   4.25142701e-02   3.25909184e-04   5.18299305e-01   6.29295775e-01
 1.80000000e-01  -3.46944695e-18   1.00000000e+00   4.60142374e-02   2.98466460e-04   5.40822981e-01   6.10896434e-01
 1.90000000e-01  -3.46944695e-18   1.00000000e+00   4.94975871e-02   2.80463935e-04   5.12148627e-01   6.16073324e-01
 2.00000000e-01  -3.46944695e-18   1.00000000e+00   5.31707371e-02   2.31065156e-04   5.31636141e-01   5.98660952e-01
 2.10000000e-01  -3.46944695e-18   1.00000000e+00   5.70897068e-02   9.69752791e-05   5.05463288e-01   6.04892653e-01
 2.20000000e-01  -3.46944695e-18   1.00000000e+00   6.11311441e-02  -3.58788698e-05   5.29156353e-01   5.91930071e-01
 2.30000000e-01  -3.46944695e-18   1.00000000e+00   6.54078123e-02  -1.90885884e-04   5.02623375e-01   5.89863741e-01
 2.40000000e-01  -3.46944695e-18   1.00000000e+00   6.96740546e-02  -1.85074279e-04   5.30414523e-01   5.85348438e-01
 2.50000000e-01  -3.46944695e-18   1.00000000e+00   7.32666617e-02  -2.47004900e-05   5.19817318e-01   5.73173165e-01
 2.60000000e-01  -3.46944695e-18   1.00000000e+00   7.62094670e-02   8.96593540e-05   5.46805823e-01   5.88822897e-01
 2.70000000e-01  -3.46944695e-18   1.00000000e+00   7.90149462e-02   1.07297664e-04   5.16606572e-01   5.68587951e-01
 2.80000000e-01  -3.46944695e-18   1.00000000e+00   8.20349500e-02   2.63759248e-04   5.34361126e-01   5.80461755e-01
 2.90000000e-01  -3.46944695e-18   1.00000000e+00   8.52439409e-02   3.87658889e-04   5.11550780e-01   5.59779710e-01
 3.00000000e-01  -3.46944695e-18   1.00000000e+00   8.83973349e-02   2.89428128e-04   5.34629872e-01   5.82660623e-01
 3.10000000e-01  -3.46944695e-18   1.00000000e+00   9.15995387e-02   1.42308420e-04   5.09922652e-01   5.54340274e-01
 3.20000000e-01  -3.46944695e-18   1.00000000e+00   9.52696204e-02  -3.99046308e-06   5.23215292e-01   5.65983599e-01
 3.30000000e-01  -3.46944695e-18   1.00000000e+00   9.94374391e-02  -8.59731001e-05   4.97917907e-01   5.48726457e-01
 3.40000000e-01  -3.46944695e-18   1.00000000e+00   1.03764983e-01  -1.19707975e-04   5.23454057e-01   5.51391315e-01
 3.50000000e-01  -3.46944695e-18   1.00000000e+00   1.07978048e-01  -1.51180574e-04   5.07646198e-01   5.49717240e-01
 3.60000000e-01  -3.46944695e-18   1.00000000e+00   1.12156377e-01  -1.11567558e-04   5.27348539e-01   5.40998231e-01
 3.70000000e-01  -3.46944695e-18   1.00000000e+00   1.16274179e-01   5.66452536e-05   5.10118075e-01   5.49184017e-01
 3.80000000e-01  -3.46944695e-18   1.00000000e+00   1.19981947e-01   2.61626232e-04   5.35466080e-01   5.33648398e-01
 3.90000000e-01  -3.46944695e-18   1.00000000e+00   1.23451639e-01   3.17409080e-04   5.16972613e-01   5.53351112e-01
 4.00000000e-01  -3.46944695e-18   1.00000000e+00   1.27221485e-01   2.37401394e-04   5.24893828e-01   5.31829353e-01
 4.10000000e-01  -3.46944695e-18   1.00000000e+00   1.31417484e-01   2.20516134e-04   5.04768623e-01   5.43403364e-01
 4.20000000e-01  -3.46944695e-18   1.00000000e+00   1.35984547e-01   2.02209121e-04   5.18467517e-01   5.26578350e-01
 4.30000000e-01  -3.46944695e-18   1.00000000e+00   1.40658414e-01  -2.80070136e-05   5.05249386e-01   5.41074374e-01
 4.40000000e-01  -3.46944695e-18   1.00000000e+00   1.44964397e-01  -1.62518848e-04   5.30066473e-01   5.24879694e-01
 4.50000000e-01  -3.46944695e-18   1.00000000e+00   1.48966762e-01  -1.90370382e-04   5.14732130e-01   5.24871612e-01
 4.60000000e-01  -3.46944695e-18   1.00000000e+00   1.53015763e-01  -1.36069723e-04   5.28593216e-01   5.27487443e-01
 4.70000000e-01  -3.46944695e-18   1.00000000e+00   1.56853189e-01   1.23449969e-06   5.18008733e-01   5.17530267e-01
 4.80000000e-01  -3.46944695e-18   1.00000000e+00   1.59954113e-01   9.43055500e-05   5.48518528e-01   5.35749726e-01
 4.90000000e-01  -3.46944695e-18   1.00000000e+00   1.62417022e-01   1.59765929e-04   5.29978125e-01   5.16568493e-01
 5.00000000e-01  -3.46944695e-18   1.00000000e+00   1.64684200e-01   2.93625369e-04   5.43274233e-01   5.33551647e-01
 5.10000000e-01  -3.46944695e-18   1.00000000e+00   1.66867755e-01   3.65434631e-04   5.23743496e-01   5.14647484e-01
 5.20000000e-01  -3.46944695e-18   1.00000000e+00   1.68977165e-01   1.91953568e-04   5.41951432e-01   5.38070806e-01
 5.30000000e-01  -3.46944695e-18   1.00000000e+00   1.71172840e-01   1.78282101e-05   5.19916079e-01   5.12514639e-01
 5.40000000e-01  -3.46944695e-18   1.00000000e+00   1.73548857e-01  -5.80159654e-05   5.36091198e-01   5.24987252e-01
 5.50000000e-01  -3.46944695e-18   1.00000000e+00   1.76013054e-01  -9.22044006e-05   5.20780792e-01   5.15897460e-01
 5.60000000e-01  -3.46944695e-18   1.00000000e+00   1.78165407e-01  -1.88104840e-04   5.44517503e-01   5.23853018e-01
 5.70000000e-01  -3.46944695e-18   1.00000000e+00   1.79644950e-01  -1.59824695e-04   5.37205847e-01   5.18462288e-01
 5.80000000e-01  -3.46944695e-18   1.00000000e+00   1.80661587e-01  -2.55656282e-05   5.52679187e-01   5.16323871e-01
 5.90000000e-01  -3.46944695e-18   1.00000000e+00   1.81757589e-01   1.47128388e-04   5.31996270e-01   5.25215137e-01
 6.00000000e-01  -3.46944695e-18   1.00000000e+00   1.82915713e-01   2.83357751e-04   5.44522743e-01   5.17408783e-01
 6.10000000e-01  -3.46944695e-18   1.00000000e+00   1.83910324e-01   2.72223726e-04   5.35606597e-01   5.32422234e-01
 6.20000000e-01  -3.46944695e-18   1.00000000e+00   1.84870602e-01   2.23341246e-04   5.44863206e-01   5.18191141e-01
 6.30000000e-01  -3.46944695e-18   1.00000000e+00   1.85926677e-01   1.82268271e-04   5.30001358e-01   5.27658534e-01
 6.40000000e-01  -3.46944695e-18   1.00000000e+00   1.87316941e-01   1.10949267e-04   5.37868984e-01   5.18275634e-01
 6.50000000e-01  -3.46944695e-18   1.00000000e+00   1.89193497e-01  -1.10001281e-04   5.21719974e-01   5.24505710e-01
 6.60000000e-01  -3.46944695e-18   1.00000000e+00   1.91080172e-01  -2.43497962e-04   5.41614500e-01   5.20132396e-01
 6.70000000e-01  -3.46944695e-18   1.00000000e+00   1.92586603e-01  -1.42718705e-04   5.34368970e-01   5.14634609e-01
 6.80000000e-01  -3.46944695e-18   1.00000000e+00   1.93825928e-01  -4.93532890e-05   5.49692747e-01   5.28897010e-01
 6.90000000e-01  -3.46944695e-18   1.00000000e+00   1.94764397e-01  -6.99303706e-06   5.37501597e-01   5.17255848e-01
 7.00000000e-01  -3.46944695e-18   1.00000000e+00   1.95146540e-01   1.40741045e-04   5.60794776e-01   5.30769558e-01
 7.10000000e-01  -3.46944695e-18   1.00000000e+00   1.95041558e-01   2.42403516e-04   5.46169992e-01   5.17523991e-01
 7.20000000e-01  -3.46944695e-18   1.00000000e+00   1.95046465e-01   3.11961734e-04   5.52730872e-01   5.33850401e-01
 7.30000000e-01  -3.46944695e-18   1.00000000e+00   1.95382931e-01   3.01485909e-04   5.30543813e-01   5.19423797e-01
 7.40000000e-01  -3.46944695e-18   1.00000000e+00   1.95589351e-01   9.20539967e-05   5.54136069e-01   5.36537693e-01
 7.50000000e-01  -3.46944695e-18   1.00000000e+00   1.95432679e-01  -3.76695414e-05   5.41286170e-01   5.20007815e-01
 7.60000000e-01  -3.46944695e-18   1.00000000e+00   1.95025077e-01  -8.25937457e-05   5.55662847e-01   5.23960911e-01
 7.70000000e-01  -3.46944695e-18   1.00000000e+00   1.94434691e-01  -1.19545705e-04   5.43003230e-01   5.26786959e-01
 7.80000000e-01  -3.46944695e-18   1.00000000e+00   1.93714702e-01  -2.03504306e-04   5.54339858e-01   5.23465043e-01
 7.90000000e-01  -3.46944695e-18   1.00000000e+00   1.92571775e-01  -1.22658075e-04   5.52734279e-01   5.29787618e-01
 8.00000000e-01  -3.46944695e-18   1.00000000e+00   1.90624927e-01   9.07835265e-05   5.69837641e-01   5.21175610e-01
 8.10000000e-01  -3.46944695e-18   1.00000000e+00   1.88116854e-01   2.32764062e-04   5.60322729e-01   5.41119666e-01
 8.20000000e-01  -3.46944695e-18   1.00000000e+00   1.85476215e-01   2.55575483e-04   5.63064767e-01   5.26124044e-01
 8.30000000e-01  -3.46944695e-18   1.00000000e+00   1.82809135e-01   2.52069775e-04   5.52704877e-01   5.39131309e-01
 8.40000000e-01  -3.46944695e-18   1.00000000e+00   1.80264228e-01   2.37791620e-04   5.56550110e-01   5.26682960e-01
 8.50000000e-01  -3.46944695e-18   1.00000000e+00   1.77963891e-01   1.23985000e-04   5.45412739e-01   5.39458744e-01
 8.60000000e-01  -3.46944695e-18   1.00000000e+00   1.75871520e-01   1.66975992e-05   5.53008619e-01   5.32080500e-01
 8.70000000e-01  -3.46944695e-18   1.00000000e+00   1.73909807e-01  -1.76028316e-04   5.41422721e-01   5.34637972e-01
 8.80000000e-01  -3.46944695e-18   1.00000000e+00   1.71779116e-01  -2.21404278e-04   5.57853930e-01   5.35329119e-01
 8.90000000e-01  -3.46944695e-18   1.00000000e+00   1.69151578e-01  -8.05590143e-05   5.53518417e-01   5.26149401e-01
 9.00000000e-01  -3.46944695e-18   1.00000000e+00   1.66324751e-01   8.91034814e-06   5.64396821e-01   5.46592235e-01
 9.10000000e-01  -3.46944695e-18   1.00000000e+00   1.63747167e-01   4.12273740e-05   5.41846349e-01   5.29643571e-01
 9.20000000e-01  -3.46944695e-18   1.00000000e+00   1.61190773e-01   1.86232645e-04   5.58254692e-01   5.48443741e-01
 9.30000000e-01  -3.46944695e-18   1.00000000e+00   1.58256874e-01   3.44320661e-04   5.52933682e-01   5.31526746e-01
 9.40000000e-01  -3.46944695e-18   1.00000000e+00   1.55209558e-01   3.05548145e-04   5.61817795e-01   5.55884087e-01
 9.50000000e-01  -3.46944695e-18   1.00000000e+00   1.52591614e-01   1.91435632e-04   5.35787048e-01   5.34108183e-01
 9.60000000e-01  -3.46944695e-18   1.00000000e+00   1.50355065e-01   5.13685145e-05   5.47611027e-01   5.47997021e-01
 9.70000000e-01  -3.46944695e-18   1.00000000e+00   1.48284464e-01  -5.14445033e-05   5.36680809e-01   5.36266081e-01
 9.80000000e-01  -3.46944695e-18   1.00000000e+00   1.46199826e-01  -1.06378979e-04   5.49582381e-01   5.42417426e-01
 9.90000000e-01  -3.46944695e-18   1.00000000e+00   1.43764855e-01  -1.34876694e-04   5.46469267e-01   5.43458340e-01
 1.00000000e+00  -3.46944695e-18   1.00000000e+00   1.40892895e-01  -1.74962219e-04   5.58052694e-01   5.42393002e-01
 1.01000000e+00  -3.46944695e-18   1.00000000e+00   1.37657721e-01  -1.51629603e-05   5.51442351e-01   5.44036846e-01
 1.02000000e+00  -3.46944695e-18   1.00000000e+00   1.33908096e-01   2.00834544e-04   5.65374597e-01   5.40109669e-01
 1.03000000e+00  -3.46944695e-18   1.00000000e+00   1.29847249e-01   2.70186838e-04   5.54051464e-01   5.55271015e-01
 1.04000000e+00  -3.46944695e-18   1.00000000e+00   1.25888356e-01   2.58132515e-04   5.55773759e-01   5.45204137e-01
 1.05000000e+00  -3.46944695e-18   1.00000000e+00   1.22102754e-01   2.38838258e-04   5.43077502e-01   5.50944968e-01
 1.06000000e+00  -3.46944695e-18   1.00000000e+00   1.18254392e-01   2.52749467e-04   5.54850184e-01   5.46414526e-01
 1.07000000e+00  -3.46944695e-18   1.00000000e+00   1.14164346e-01   6.48054747e-05   5.47449895e-01   5.52847391e-01
 1.08000000e+00  -3.46944695e-18   1.00000000e+00   1.10088792e-01  -9.72372218e-05   5.52560832e-01   5.48669216e-01
 1.09000000e+00  -3.46944695e-18   1.00000000e+00   1.06260388e-01  -1.62084566e-04   5.39547719e-01   5.42064058e-01
 1.10000000e+00  -3.46944695e-18   1.00000000e+00   1.02483063e-01  -1.47000607e-04   5.50998063e-01   5.53003056e-01
 1.11000000e+00  -3.46944695e-18   1.00000000e+00   9.83234831e-02  -3.83202806e-05   5.50613899e-01   5.41777042e-01
 1.12000000e+00  -3.46944695e-18   1.00000000e+00   9.35897193e-02   7.32307056e-05   5.63445750e-01   5.59995476e-01
 1.13000000e+00  -3.46944695e-18   1.00000000e+00   8.86871709e-02   1.10876539e-04   5.49340201e-01   5.46951861e-01
 1.14000000e+00  -3.46944695e-18   1.00000000e+00   8.40811193e-02   2.70576897e-04   5.49972172e-01   5.59229228e-01
 1.15000000e+00  -3.46944695e-18   1.00000000e+00   7.96967727e-02   3.99511133e-04   5.40417913e-01   5.48458330e-01
 1.16000000e+00  -3.46944695e-18   1.00000000e+00   7.55681909e-02   2.58155827e-04   5.46730617e-01   5.65203047e-01
 1.17000000e+00  -3.46944695e-18   1.00000000e+00   7.20333509e-02   1.18405225e-04   5.27564065e-01   5.51459206e-01
 1.18000000e+00  -3.46944695e-18   1.00000000e+00   6.89736950e-02   2.09920581e-05   5.33391281e-01   5.53663291e-01
 1.19000000e+00  -3.46944695e-18   1.00000000e+00   6.59708532e-02  -3.08303770e-05   5.29968404e-01   5.54334179e-01
 1.20000000e+00  -3.46944695e-18   1.00000000e+00   6.29933321e-02  -1.36391858e-04   5.38779677e-01   5.50060599e-01
 1.21000000e+00  -3.46944695e-18   1.00000000e+00   5.99854437e-02  -1.45710181e-04   5.33153434e-01   5.56725811e-01
 1.22000000e+00  -3.46944695e-18   1.00000000e+00   5.69320946e-02  -6.75317059e-05   5.39971805e-01   5.46225137e-01
 1.23000000e+00  -3.46944695e-18   1.00000000e+00   5.40589847e-02   1.08908846e-04   5.28811934e-01   5.60610101e-01
 1.24000000e+00  -3.46944695e-18   1.00000000e+00   5.11473974e-02   2.62810522e-04   5.38053874e-01   5.48395519e-01
 1.25000000e+00  -3.46944695e-18   1.00000000e+00   4.78564885e-02   3.01204404e-04   5.37096785e-01   5.65327915e-01
 1.26000000e+00  -3.46944695e-18   1.00000000e+00   4.45749120e-02   2.60350173e-04   5.36921138e-01   5.51594841e-01
 1.27000000e+00  -3.46944695e-18   1.00000000e+00   4.18186689e-02   2.56473589e-04   5.20774621e-01   5.57916465e-01
 1.28000000e+00  -3.46944695e-18   1.00000000e+00   3.95898671e-02   2.17641274e-04   5.24845492e-01   5.52148715e-01
 1.29000000e+00  -3.46944695e-18   1.00000000e+00   3.74654501e-02  -1.64226738e-05   5.21577409e-01   5.55747611e-01
 1.30000000e+00  -3.46944695e-18   1.00000000e+00   3.51701184e-02  -1.50741105e-04   5.32014387e-01   5.53864214e-01
 1.31000000e+00  -3.46944695e-18   1.00000000e+00   3.27202674e-02  -1.35869350e-04   5.25448762e-01   5.42925729e-01
 1.32000000e+00  -3.46944695e-18   1.00000000e+00   3.00577070e-02  -4.74998331e-05   5.34656341e-01   5.58614140e-01
 1.33000000e+00  -3.46944695e-18   1.00000000e+00   2.70873437e-02  -1.10974976e-05   5.31446423e-01   5.43811342e-01
 1.34000000e+00  -3.46944695e-18   1.00000000e+00   2.38305649e-02   1.09860370e-04   5.40163111e-01   5.59718675e-01
 1.35000000e+00  -3.46944695e-18   1.00000000e+00   2.05412310e-02   2.39670077e-04   5.30858693e-01   5.43117330e-01
 1.36000000e+00  -3.46944695e-18   1.00000000e+00   1.75727367e-02   3.22155290e-04   5.29586581e-01   5.63708233e-01
 1.37000000e+00  -3.46944695e-18   1.00000000e+00   1.48693076e-02   3.81759777e-04   5.22320308e-01   5.45418306e-01
 1.38000000e+00  -3.46944695e-18   1.00000000e+00   1.21509667e-02   2.06599277e-04   5.29680870e-01   5.62201806e-01
 1.39000000e+00  -3.46944695e-18   1.00000000e+00   9.70797188e-03   5.26569518e-05   5.19878535e-01   5.46106873e-01
 1.40000000e+00  -3.46944695e-18   1.00000000e+00   7.81439653e-03   1.72571974e-05   5.17553586e-01   5.48637688e-01
 1.41000000e+00  -3.46944695e-18   1.00000000e+00   6.34560291e-03  -4.65895338e-05   5.11213372e-01   5.49923048e-01
 1.42000000e+00  -3.46944695e-18   1.00000000e+00   5.04543387e-03  -1.64485547e-04   5.20158329e-01   5.46976196e-01
 1.43000000e+00  -3.46944695e-18   1.00000000e+00   3.58733032e-03  -1.17374193e-04   5.17884363e-01   5.47893435e-01
 1.44000000e+00  -3.46944695e-18   1.00000000e+00   1.84522249e-03   5.53602117e-05   5.28545998e-01   5.40902815e-01
 1.45000000e+00  -3.46944695e-18   1.00000000e+00   2.03967679e-04   2.04073360e-04   5.17023160e-01   5.54053497e-01
 1.46000000e+00  -3.46944695e-18   1.00000000e+00  -9.23830226e-04   2.87703237e-04   5.15314624e-01   5.45057431e-01
 1.47000000e+00  -3.46944695e-18   1.00000000e+00  -1.62975054e-03   2.83788105e-04   5.06222909e-01   5.52580556e-01
 1.48000000e+00  -3.46944695e-18   1.00000000e+00  -2.07718503e-03   3.02157987e-04   5.13562454e-01   5.44920298e-01
 1.49000000e+00  -3.46944695e-18   1.00000000e+00  -1.99837143e-03   2.25349471e-04   4.99628238e-01   5.48018726e-01
 1.50000000e+00  -3.46944695e-18   1.00000000e+00  -1.33693731e-03   1.26019589e-04   4.99813317e-01   5.46252530e-01
 1.51000000e+00  -3.46944695e-18   1.00000000e+00  -5.85457533e-04  -7.54716620e-05   5.00271057e-01   5.39311427e-01
 1.52000000e+00  -3.46944695e-18   1.00000000e+00   6.20965565e-05  -1.75046647e-04   5.08960127e-01   5.44259907e-01
 1.53000000e+00  -3.46944695e-18   1.00000000e+00   8.35118059e-04  -8.14181208e-05   5.02057759e-01   5.29151148e-01
 1.54000000e+00  -3.46944695e-18   1.00000000e+00   1.69568220e-03   1.13452685e-05   5.06820401e-01   5.48677177e-01
 1.55000000e+00  -3.46944695e-18   1.00000000e+00   2.40634715e-03   6.21506528e-06   5.05233703e-01   5.33646134e-01
 1.56000000e+00  -3.46944695e-18   1.00000000e+00   2.82627272e-03   1.70372240e-04   5.13819142e-01   5.42776562e-01
 1.57000000e+00  -3.46944695e-18   1.00000000e+00   2.94410425e-03   3.27150759e-04   5.11189979e-01   5.32732409e-01
 1.58000000e+00  -3.46944695e-18   1.00000000e+00   3.21516074e-03   3.44650317e-04   5.09614381e-01   5.45974927e-01
 1.59000000e+00  -3.46944695e-18   1.00000000e+00   4.09596124e-03   2.86713448e-04   4.95252243e-01   5.36472453e-01
 1.60000000e+00  -3.46944695e-18   1.00000000e+00   5.32490340e-03   1.33859244e-04   5.02227183e-01   5.36431519e-01
 1.61000000e+00  -3.46944695e-18   1.00000000e+00   6.59229661e-03   3.51350809e-05   4.99724931e-01   5.34815713e-01
 1.62000000e+00  -3.46944695e-18   1.00000000e+00   7.85437016e-03  -4.38920859e-05   5.05097393e-01   5.28367487e-01
 1.63000000e+00  -3.46944695e-18   1.00000000e+00   8.98945734e-03  -8.41510647e-05   5.03828139e-01   5.38070363e-01
 1.64000000e+00  -3.46944695e-18   1.00000000e+00   1.00628786e-02  -1.75064815e-04   5.08579460e-01   5.23663959e-01
 1.65000000e+00  -3.46944695e-18   1.00000000e+00   1.10724189e-02  -5.98814530e-05   5.03639266e-01   5.35429711e-01
 1.66000000e+00  -3.46944695e-18   1.00000000e+00   1.19388064e-02   1.56297507e-04   5.13755131e-01   5.19375048e-01
 1.67000000e+00  -3.46944695e-18   1.00000000e+00   1.28781417e-02   2.54167990e-04   5.05253375e-01   5.43686956e-01
 1.68000000e+00  -3.46944695e-18   1.00000000e+00   1.41869733e-02   2.57096832e-04   5.03324525e-01   5.24705618e-01
 1.69000000e+00  -3.46944695e-18   1.00000000e+00   1.58172613e-02   2.91771448e-04   4.95877981e-01   5.34980309e-01
 1.70000000e+00  -3.46944695e-18   1.00000000e+00   1.75831186e-02   2.87289414e-04   5.02899078e-01   5.25799005e-01
 1.71000000e+00  -3.46944695e-18   1.00000000e+00   1.97325885e-02   1.65999790e-04   4.93286030e-01   5.31481639e-01
 1.72000000e+00  -3.46944695e-18   1.00000000e+00   2.26973101e-02  -7.85023179e-06   4.85817602e-01   5.28522077e-01
 1.73000000e+00  -3.46944695e-18   1.00000000e+00   2.61256867e-02  -1.31613379e-04   4.84305246e-01   5.19562533e-01
 1.74000000e+00  -3.46944695e-18   1.00000000e+00   2.93664694e-02  -1.36379084e-04   4.99103493e-01   5.26470962e-01
 1.75000000e+00  -3.46944695e-18   1.00000000e+00   3.23646111e-02  -7.52233335e-05   4.96807758e-01   5.15431997e-01
 1.76000000e+00  -3.46944695e-18   1.00000000e+00   3.52857096e-02   3.45623611e-05   5.00059800e-01   5.30619395e-01
 1.77000000e+00  -3.46944695e-18   1.00000000e+00   3.82684180e-02   5.93693908e-05   4.96668587e-01   5.17297890e-01
 1.78000000e+00  -3.46944695e-18   1.00000000e+00   4.14819296e-02   2.12066720e-04   4.96038580e-01   5.26264112e-01
 1.79000000e+00  -3.46944695e-18   1.00000000e+00   4.49058226e-02   3.89926543e-04   4.93184751e-01   5.15603747e-01
 1.80000000e+00  -3.46944695e-18   1.00000000e+00   4.84193565e-02   2.97732704e-04   4.98085143e-01   5.31856850e-01
 1.81000000e+00  -3.46944695e-18   1.00000000e+00   5.21852271e-02   1.69113237e-04   4.87512562e-01   5.19544787e-01
 1.82000000e+00  -3.46944695e-18   1.00000000e+00   5.62103913e-02   8.30068946e-05   4.90600888e-01   5.16949406e-01
 1.83000000e+00  -3.46944695e-18   1.00000000e+00   6.01912521e-02   1.07379846e-06   4.92378700e-01   5.19289117e-01
 1.84000000e+00  -3.46944695e-18   1.00000000e+00   6.40103461e-02  -1.13995268e-04   4.99428557e-01   5.13205285e-01
 1.85000000e+00  -3.46944695e-18   1.00000000e+00   6.77511405e-02  -1.43772695e-04   4.97229715e-01   5.19341647e-01
 1.86000000e+00  -3.46944695e-18   1.00000000e+00   7.13347426e-02  -1.41570953e-04   5.01031610e-01   5.09873828e-01
 1.87000000e+00  -3.46944695e-18   1.00000000e+00   7.45386696e-02   2.75334807e-05   5.06721961e-01   5.18335710e-01
 1.88000000e+00  -3.46944695e-18   1.00000000e+00   7.72176510e-02   2.02211826e-04   5.12925667e-01   5.11957239e-01
 1.89000000e+00  -3.46944695e-18   1.00000000e+00   7.96010419e-02   2.51040472e-04   5.10429506e-01   5.22701935e-01
 1.90000000e+00  -3.46944695e-18   1.00000000e+00   8.22319404e-02   2.55338791e-04   5.06061825e-01   5.14473751e-01
 1.91000000e+00  -3.46944695e-18   1.00000000e+00   8.54073338e-02   2.55151412e-04   4.95788249e-01   5.14900415e-01
 1.92000000e+00  -3.46944695e-18   1.00000000e+00   8.87827809e-02   2.62870625e-04   5.01961063e-01   5.15381405e-01
 1.93000000e+00  -3.46944695e-18   1.00000000e+00   9.19719256e-02   4.09121860e-05   5.04464910e-01   5.15086368e-01
 1.94000000e+00  -3.46944695e-18   1.00000000e+00   9.52099223e-02  -1.17724719e-04   5.03976728e-01   5.17058650e-01
 1.95000000e+00  -3.46944695e-18   1.00000000e+00   9.86004821e-02  -1.46016311e-04   4.98407992e-01   5.03335809e-01
 1.96000000e+00  -3.46944695e-18   1.00000000e+00   1.01792599e-01  -1.03612201e-04   5.11830725e-01   5.19290573e-01
 1.97000000e+00  -3.46944695e-18   1.00000000e+00   1.04838193e-01  -6.93667095e-05   5.08767740e-01   5.05243765e-01
 1.98000000e+00  -3.46944695e-18   1.00000000e+00   1.07893562e-01   3.34693694e-05   5.11870154e-01   5.20111514e-01
 1.99000000e+00  -3.46944695e-18   1.00000000e+00   1.10891204e-01   1.39706394e-04   5.08412216e-01   5.08982990e-01
 2.00000000e+00  -3.46944695e-18   1.00000000e+00   1.13996255e-01   2.69548963e-04   5.08961762e-01   5.18564481e-01
 2.01000000e+00  -3.46944695e-18   1.00000000e+00   1.17275060e-01   3.57093350e-04   5.03721869e-01   5.11933463e-01
 2.02000000e+00  -3.46944695e-18   1.00000000e+00   1.20693103e-01   2.35277834e-04   5.07729908e-01   5.17984189e-01
 2.03000000e+00  -3.46944695e-18   1.00000000e+00   1.24479269e-01   7.92580790e-05   5.01328437e-01   5.14026007e-01
 2.04000000e+00  -3.46944695e-18   1.00000000e+00   1.28741737e-01   2.71402358e-05   4.99181078e-01   5.05717984e-01
 2.05000000e+00  -3.46944695e-18   1.00000000e+00   1.33128778e-01  -2.81213341e-05   5.02806348e-01   5.16585848e-01
 2.06000000e+00  -3.46944695e-18   1.00000000e+00   1.37056977e-01  -1.91904136e-04   5.14342238e-01   5.07948267e-01
 2.07000000e+00  -3.46944695e-18   1.00000000e+00   1.40397642e-01  -1.73699238e-04   5.20166307e-01   5.15672205e-01
 2.08000000e+00  -3.46944695e-18   1.00000000e+00   1.43547823e-01  -4.98915792e-05   5.16877365e-01   5.01916340e-01
 2.09000000e+00  -3.46944695e-18   1.00000000e+00   1.46630320e-01   9.67478123e-05   5.18019609e-01   5.19392365e-01
 2.10000000e+00  -3.46944695e-18   1.00000000e+00   1.49521256e-01   2.10795691e-04   5.21802165e-01   5.07645889e-01
 2.11000000e+00  -3.46944695e-18   1.00000000e+00   1.52175876e-01   2.43847086e-04   5.22374321e-01   5.20403914e-01
 2.12000000e+00  -3.46944695e-18   1.00000000e+00   1.54692091e-01   2.48401120e-04   5.22300625e-01   5.10933423e-01
 2.13000000e+00  -3.46944695e-18   1.00000000e+00   1.57260559e-01   2.45360046e-04   5.20013990e-01   5.14043913e-01
 2.14000000e+00  -3.46944695e-18   1.00000000e+00   1.59874889e-01   1.49461994e-04   5.20877883e-01   5.14954901e-01
 2.15000000e+00  -3.46944695e-18   1.00000000e+00   1.62245702e-01  -5.27745267e-05   5.23428373e-01   5.11242078e-01
 2.16000000e+00  -3.46944695e-18   1.00000000e+00   1.64379434e-01  -1.76143113e-04   5.29579048e-01   5.14354623e-01
 2.17000000e+00  -3.46944695e-18   1.00000000e+00   1.66443121e-01  -1.44346451e-04   5.24061033e-01   5.04655029e-01
 2.18000000e+00  -3.46944695e-18   1.00000000e+00   1.68112411e-01  -5.84623258e-05   5.36466816e-01   5.20241282e-01
 2.19000000e+00  -3.46944695e-18   1.00000000e+00   1.69113589e-01  -7.19386038e-05   5.38064794e-01   5.11089162e-01
 2.20000000e+00  -3.46944695e-18   1.00000000e+00   1.69725736e-01   5.76669755e-05   5.40821310e-01   5.18715908e-01
 2.21000000e+00  -3.46944695e-18   1.00000000e+00   1.70241128e-01   2.46441323e-04   5.34871358e-01   5.10423722e-01
 2.22000000e+00  -3.46944695e-18   1.00000000e+00   1.70963257e-01   2.86967804e-04   5.32873953e-01   5.23873669e-01
 2.23000000e+00  -3.46944695e-18   1.00000000e+00   1.72106653e-01   2.87210235e-04   5.25149700e-01   5.15012501e-01
 2.24000000e+00  -3.46944695e-18   1.00000000e+00   1.73349139e-01   1.65137039e-04   5.30752513e-01   5.21026598e-01
 2.25000000e+00  -3.46944695e-18   1.00000000e+00   1.74414126e-01   3.00793570e-05   5.32978045e-01   5.19751578e-01
 2.26000000e+00  -3.46944695e-18   1.00000000e+00   1.75500760e-01  -1.37769379e-05   5.31371355e-01   5.12523908e-01
 2.27000000e+00  -3.46944695e-18   1.00000000e+00   1.76802678e-01  -9.93321125e-05   5.27190222e-01   5.21878947e-01
 2.28000000e+00  -3.46944695e-18   1.00000000e+00   1.77986793e-01  -2.12138860e-04   5.35100663e-01   5.14638098e-01
 2.29000000e+00  -3.46944695e-18   1.00000000e+00   1.78767533e-01  -1.48741424e-04   5.41277030e-01   5.21923955e-01
 2.30000000e+00  -3.46944695e-18   1.00000000e+00   1.79371991e-01   4.55785659e-05   5.39229964e-01   5.14183024e-01
 2.31000000e+00  -3.46944695e-18   1.00000000e+00   1.79909454e-01   1.67314092e-04   5.37943380e-01   5.27620574e-01
 2.32000000e+00  -3.46944695e-18   1.00000000e+00   1.80267304e-01   1.93130022e-04   5.40570166e-01   5.22688152e-01
 2.33000000e+00  -3.46944695e-18   1.00000000e+00   1.80549251e-01   2.53276234e-04   5.38706830e-01   5.22533541e-01
 2.34000000e+00  -3.46944695e-18   1.00000000e+00   1.80941054e-01   2.73793869e-04   5.38669075e-01   5.24022463e-01
 2.35000000e+00  -3.46944695e-18   1.00000000e+00   1.81584055e-01   1.85479253e-04   5.31581120e-01   5.22698725e-01
 2.36000000e+00  -3.46944695e-18   1.00000000e+00   1.82429126e-01   4.37468184e-05   5.33213694e-01   5.27548662e-01
 2.37000000e+00  -3.46944695e-18   1.00000000e+00   1.82946307e-01  -1.24187355e-04   5.39663737e-01   5.19525070e-01
 2.38000000e+00  -3.46944695e-18   1.00000000e+00   1.82790408e-01  -1.67150441e-04   5.51886057e-01   5.27664479e-01
 2.39000000e+00  -3.46944695e-18   1.00000000e+00   1.82166721e-01  -1.20090709e-04   5.47696193e-01   5.16846914e-01
 2.40000000e+00  -3.46944695e-18   1.00000000e+00   1.81264104e-01  -4.48376285e-05   5.52407653e-01   5.31749014e-01
 2.41000000e+00  -3.46944695e-18   1.00000000e+00   1.80087159e-01  -2.43457681e-05   5.49643213e-01   5.22137150e-01
 2.42000000e+00  -3.46944695e-18   1.00000000e+00   1.78586515e-01   1.26073651e-04   5.55180645e-01   5.30663743e-01
 2.43000000e+00  -3.46944695e-18   1.00000000e+00   1.76756195e-01   3.14633924e-04   5.53656091e-01   5.26852039e-01
 2.44000000e+00  -3.46944695e-18   1.00000000e+00   1.74756709e-01   3.04554838e-04   5.53253028e-01   5.35830937e-01
 2.45000000e+00  -3.46944695e-18   1.00000000e+00   1.72851972e-01   1.84988704e-04   5.45978217e-01   5.32058335e-01
 2.46000000e+00  -3.46944695e-18   1.00000000e+00   1.71097331e-01   1.21521088e-04   5.47346932e-01   5.25134786e-01
 2.47000000e+00  -3.46944695e-18   1.00000000e+00   1.69268098e-01   3.09383797e-05   5.48677778e-01   5.35845983e-01
 2.48000000e+00  -3.46944695e-18   1.00000000e+00   1.67262601e-01  -9.23701914e-05   5.50774873e-01   5.26280140e-01
 2.49000000e+00  -3.46944695e-18   1.00000000e+00   1.65242848e-01  -1.38366714e-04   5.48170848e-01   5.37074338e-01
 2.50000000e+00  -3.46944695e-18   1.00000000e+00   1.63006480e-01  -1.90433213e-04   5.51367413e-01   5.27809183e-01
 2.51000000e+00  -3.46944695e-18   1.00000000e+00   1.60158694e-01  -6.18589337e-05   5.60039723e-01   5.38932368e-01
 2.52000000e+00  -3.46944695e-18   1.00000000e+00   1.57031952e-01   1.31537153e-04   5.57506943e-01   5.28879224e-01
 2.53000000e+00  -3.46944695e-18   1.00000000e+00   1.54241394e-01   2.03700650e-04   5.47147304e-01   5.44461973e-01
 2.54000000e+00  -3.46944695e-18   1.00000000e+00   1.51777654e-01   2.07106567e-04   5.44796144e-01   5.36384380e-01
 2.55000000e+00  -3.46944695e-18   1.00000000e+00   1.49473874e-01   2.79768403e-04   5.43699951e-01   5.38705593e-01
 2.56000000e+00  -3.46944695e-18   1.00000000e+00   1.47302438e-01   2.67218674e-04   5.44793856e-01   5.41831573e-01
 2.57000000e+00  -3.46944695e-18   1.00000000e+00   1.45126957e-01   1.25452904e-04   5.44232359e-01   5.39641908e-01
 2.58000000e+00  -3.46944695e-18   1.00000000e+00   1.43118143e-01  -6.47415105e-05   5.40955985e-01   5.43549238e-01
 2.59000000e+00  -3.46944695e-18   1.00000000e+00   1.41299552e-01  -1.32756892e-04   5.37473802e-01   5.31444805e-01
 2.60000000e+00  -3.46944695e-18   1.00000000e+00   1.39269504e-01  -1.09120124e-04   5.48339287e-01   5.44619157e-01
 2.61000000e+00  -3.46944695e-18   1.00000000e+00   1.36880098e-01  -1.12081925e-04   5.48353162e-01   5.37101833e-01
 2.62000000e+00  -3.46944695e-18   1.00000000e+00   1.34200643e-01  -6.74449713e-06   5.49696545e-01   5.46460095e-01
 2.63000000e+00  -3.46944695e-18   1.00000000e+00   1.31303746e-01   6.26420649e-05   5.49960897e-01   5.40229329e-01
 2.64000000e+00  -3.46944695e-18   1.00000000e+00   1.28257445e-01   2.18080302e-04   5.51399049e-01   5.44950468e-01
 2.65000000e+00  -3.46944695e-18   1.00000000e+00   1.25149821e-01   3.50662905e-04   5.47709664e-01   5.43592723e-01
 2.66000000e+00  -3.46944695e-18   1.00000000e+00   1.22167438e-01   2.71331679e-04   5.45611829e-01   5.48744465e-01
 2.67000000e+00  -3.46944695e-18   1.00000000e+00   1.19431023e-01   1.34385523e-04   5.39074816e-01   5.46963214e-01
 2.68000000e+00  -3.46944695e-18   1.00000000e+00   1.16778456e-01   8.78447961e-05   5.40985540e-01   5.39943215e-01
 2.69000000e+00  -3.46944695e-18   1.00000000e+00   1.13818741e-01   2.38995312e-05   5.48258980e-01   5.50285198e-01
 2.70000000e+00  -3.46944695e-18   1.00000000e+00   1.10279436e-01  -1.41046958e-04   5.53541534e-01   5.42913535e-01
 2.71000000e+00  -3.46944695e-18   1.00000000e+00   1.06528811e-01  -1.71824389e-04   5.49443142e-01   5.47155325e-01
 2.72000000e+00  -3.46944695e-18   1.00000000e+00   1.02863510e-01  -8.98522690e-05   5.45170117e-01   5.40897306e-01
 2.73000000e+00  -3.46944695e-18   1.00000000e+00   9.89500058e-02   4.58779986e-05   5.50060974e-01   5.52003069e-01
 2.74000000e+00  -3.46944695e-18   1.00000000e+00   9.46833123e-02   1.76031841e-04   5.54740361e-01   5.47541200e-01
 2.75000000e+00  -3.46944695e-18   1.00000000e+00   9.04164420e-02   2.41895745e-04   5.47208481e-01   5.53370506e-01
 2.76000000e+00  -3.46944695e-18   1.00000000e+00   8.63750361e-02   2.52492427e-04   5.43297508e-01   5.52436227e-01
 2.77000000e+00  -3.46944695e-18   1.00000000e+00   8.26180509e-02   2.87339186e-04   5.38709932e-01   5.46588672e-01
 2.78000000e+00  -3.46944695e-18   1.00000000e+00   7.92356982e-02   2.44079028e-04   5.35168683e-01   5.55174203e-01
 2.79000000e+00  -3.46944695e-18   1.00000000e+00   7.61338541e-02   2.64859917e-05   5.32873339e-01   5.49095003e-01
 2.80000000e+00  -3.46944695e-18   1.00000000e+00   7.31378573e-02  -1.03143995e-04   5.35691995e-01   5.53981407e-01
 2.81000000e+00  -3.46944695e-18   1.00000000e+00   7.01976751e-02  -1.11736172e-04   5.33809947e-01   5.43280263e-01
 2.82000000e+00  -3.46944695e-18   1.00000000e+00   6.71699113e-02  -6.69810169e-05   5.37687899e-01   5.55409939e-01
 2.83000000e+00  -3.46944695e-18   1.00000000e+00   6.38950687e-02  -6.59869018e-05   5.41394200e-01   5.47742678e-01
 2.84000000e+00  -3.46944695e-18   1.00000000e+00   6.05955527e-02   2.00259573e-05   5.38758980e-01   5.53907523e-01
 2.85000000e+00  -3.46944695e-18   1.00000000e+00   5.77057035e-02   2.06258133e-04   5.29578070e-01   5.48857625e-01
 2.86000000e+00  -3.46944695e-18   1.00000000e+00   5.52377847e-02   2.98684669e-04   5.27502797e-01   5.54974429e-01
 2.87000000e+00  -3.46944695e-18   1.00000000e+00   5.28638728e-02   3.23181756e-04   5.28960904e-01   5.56359341e-01
 2.88000000e+00  -3.46944695e-18   1.00000000e+00   5.05422347e-02   2.48625033e-04   5.29820715e-01   5.49418766e-01
 2.89000000e+00  -3.46944695e-18   1.00000000e+00   4.84584219e-02   1.10102261e-04   5.22146800e-01   5.57765779e-01
 2.90000000e+00  -3.46944695e-18   1.00000000e+00   4.66732990e-02   5.58886696e-05   5.22622194e-01   5.41158814e-01
 2.91000000e+00  -3.46944695e-18   1.00000000e+00   4.50588611e-02  -3.36110951e-06   5.21257382e-01   5.56836089e-01
 2.92000000e+00  -3.46944695e-18   1.00000000e+00   4.31858679e-02  -1.83376617e-04   5.29002249e-01   5.45510414e-01
 2.93000000e+00  -3.46944695e-18   1.00000000e+00   4.08641942e-02  -1.40640477e-04   5.32209637e-01   5.52153550e-01
 2.94000000e+00  -3.46944695e-18   1.00000000e+00   3.84327868e-02   1.74360125e-05   5.31155088e-01   5.43934220e-01
 2.95000000e+00  -3.46944695e-18   1.00000000e+00   3.58787486e-02   1.35534434e-04   5.30343372e-01   5.55675067e-01
 2.96000000e+00  -3.46944695e-18   1.00000000e+00   3.31085286e-02   2.02305292e-04   5.34562286e-01   5.48297936e-01
 2.97000000e+00  -3.46944695e-18   1.00000000e+00   3.05315442e-02   2.65211043e-04   5.26838422e-01   5.50599355e-01
 2.98000000e+00  -3.46944695e-18   1.00000000e+00   2.83416249e-02   3.11576575e-04   5.22373008e-01   5.52426435e-01
 2.99000000e+00  -3.46944695e-18   1.00000000e+00   2.63874550e-02   2.69776049e-04   5.20583277e-01   5.47500194e-01
 3.00000000e+00  -3.46944695e-18   1.00000000e+00   2.45527309e-02   1.49616534e-04   5.21465409e-01   5.53736919e-01
 3.01000000e+00  -3.46944695e-18   1.00000000e+00   2.26511054e-02  -2.76176988e-05   5.23180295e-01   5.42369563e-01
 3.02000000e+00  -3.46944695e-18   1.00000000e+00   2.06249164e-02  -1.16055925e-04   5.25489516e-01   5.50232627e-01
 3.03000000e+00  -3.46944695e-18   1.00000000e+00   1.86912626e-02  -8.22145199e-05   5.21061607e-01   5.38510216e-01
 3.04000000e+00  -3.46944695e-18   1.00000000e+00   1.69882605e-02  -3.78253591e-05   5.19700343e-01   5.51849574e-01
 3.05000000e+00  -3.46944695e-18   1.00000000e+00   1.52912603e-02  -3.17103877e-05   5.22898090e-01   5.44313870e-01
 3.06000000e+00  -3.46944695e-18   1.00000000e+00   1.33776673e-02   9.87027515e-05   5.27286440e-01   5.46679395e-01
 3.07000000e+00  -3.46944695e-18   1.00000000e+00   1.16415861e-02   3.05805941e-04   5.22381442e-01   5.45618822e-01
 3.08000000e+00  -3.46944695e-18   1.00000000e+00   1.05120862e-02   3.32804072e-04   5.11872490e-01   5.49816452e-01
 3.09000000e+00  -3.46944695e-18   1.00000000e+00   9.91890779e-03   2.66015206e-04   5.07788178e-01   5.48756454e-01
 3.10000000e+00  -3.46944695e-18   1.00000000e+00   9.70764611e-03   1.98644042e-04   5.08127059e-01   5.40461058e-01
 3.11000000e+00  -3.46944695e-18   1.00000000e+00   9.87592474e-03   1.11076726e-04   5.04620154e-01   5.48037470e-01
 3.12000000e+00  -3.46944695e-18   1.00000000e+00   1.03029134e-02   3.10589128e-06   5.05514752e-01   5.38753417e-01
 3.13000000e+00  -3.46944695e-18   1.00000000e+00   1.07767274e-02  -8.56729877e-05   5.05263124e-01   5.44622781e-01
 3.14000000e+00  -3.46944695e-18   1.00000000e+00   1.11359762e-02  -1.51954794e-04   5.10366297e-01   5.36410207e-01
 3.15000000e+00  -3.46944695e-18   1.00000000e+00   1.13148639e-02  -9.91925498e-05   5.12948464e-01   5.39253589e-01
 3.16000000e+00  -3.46944695e-18   1.00000000e+00   1.16236150e-02   1.15582463e-04   5.10789405e-01   5.37019692e-01
 3.17000000e+00  -3.46944695e-18   1.00000000e+00   1.22807736e-02   1.87484749e-04   5.04570174e-01   5.42824699e-01
 3.18000000e+00  -3.46944695e-18   1.00000000e+00   1.30246690e-02   2.11859370e-04   5.06106490e-01   5.43168978e-01
 3.19000000e+00  -3.46944695e-18   1.00000000e+00   1.37385557e-02   2.94888786e-04   5.07454407e-01   5.32336055e-01
 3.20000000e+00  -3.46944695e-18   1.00000000e+00   1.46028715e-02   3.34715172e-04   5.04865291e-01   5.44145612e-01
 3.21000000e+00  -3.46944695e-18   1.00000000e+00   1.57319347e-02   1.89488872e-04   4.99967241e-01   5.33112107e-01
 3.22000000e+00  -3.46944695e-18   1.00000000e+00   1.71241180e-02   5.13972510e-05   4.99697816e-01   5.40824270e-01
 3.23000000e+00  -3.46944695e-18   1.00000000e+00   1.85745400e-02  -8.75231808e-05   5.03497205e-01   5.25873981e-01
 3.24000000e+00  -3.46944695e-18   1.00000000e+00   1.97466060e-02  -9.21168609e-05   5.08500040e-01   5.36777019e-01
 3.25000000e+00  -3.46944695e-18   1.00000000e+00   2.04960348e-02  -8.24627249e-05   5.12780491e-01   5.27959095e-01
 3.26000000e+00  -3.46944695e-18   1.00000000e+00   2.11002985e-02  -5.04292517e-05   5.11691062e-01   5.35190883e-01
 3.27000000e+00  -3.46944695e-18   1.00000000e+00   2.17998932e-02   5.10090611e-05   5.08676330e-01   5.29603979e-01
 3.28000000e+00  -3.46944695e-18   1.00000000e+00   2.24332637e-02   1.61891940e-04   5.11528583e-01   5.30920270e-01
 3.29000000e+00  -3.46944695e-18   1.00000000e+00   2.31953016e-02   3.59366879e-04   5.07819034e-01   5.33075753e-01
 3.30000000e+00  -3.46944695e-18   1.00000000e+00   2.45424730e-02   3.10728053e-04   4.99236155e-01   5.32193449e-01
 3.31000000e+00  -3.46944695e-18   1.00000000e+00   2.62358643e-02   1.93668185e-04   4.97676632e-01   5.35985258e-01
 3.32000000e+00  -3.46944695e-18   1.00000000e+00   2.79530136e-02   1.54842772e-04   5.02335177e-01   5.19127516e-01
 3.33000000e+00  -3.46944695e-18   1.00000000e+00   2.97810280e-02   8.55978472e-05   5.00966013e-01   5.35145571e-01
 3.34000000e+00  -3.46944695e-18   1.00000000e+00   3.18080425e-02  -8.22710863e-05   4.99911208e-01   5.22958929e-01
 3.35000000e+00  -3.46944695e-18   1.00000000e+00   3.40686184e-02  -1.50808221e-04   4.98239083e-01   5.29220579e-01
 3.36000000e+00  -3.46944695e-18   1.00000000e+00   3.64512978e-02  -1.14389890e-04   4.98767695e-01   5.19821746e-01
 3.37000000e+00  -3.46944695e-18   1.00000000e+00   3.86647243e-02  -1.49532984e-05   5.04571971e-01   5.27092447e-01
 3.38000000e+00  -3.46944695e-18   1.00000000e+00   4.07767135e-02   1.46207734e-04   5.05441625e-01   5.24392798e-01
 3.39000000e+00  -3.46944695e-18   1.00000000e+00   4.31409581e-02   2.05320953e-04   4.99304037e-01   5.26616074e-01
 3.40000000e+00  -3.46944695e-18   1.00000000e+00   4.59768863e-02   2.44172018e-04   4.93591186e-01   5.27370333e-01
 3.41000000e+00  -3.46944695e-18   1.00000000e+00   4.92368245e-02   2.96009192e-04   4.92011026e-01   5.17581251e-01
 3.42000000e+00  -3.46944695e-18   1.00000000e+00   5.27502034e-02   2.96716820e-04   4.92282480e-01   5.27975609e-01
 3.43000000e+00  -3.46944695e-18   1.00000000e+00   5.64057370e-02   9.71983190e-05   4.93029964e-01   5.19679019e-01
 3.44000000e+00  -3.46944695e-18   1.00000000e+00   6.00879041e-02  -6.30468296e-05   4.94967546e-01   5.24740295e-01
 3.45000000e+00  -3.46944695e-18   1.00000000e+00   6.36464583e-02  -8.96514412e-05   4.97853578e-01   5.11007230e-01
 3.46000000e+00  -3.46944695e-18   1.00000000e+00   6.69346334e-02  -9.42513024e-05   5.02911789e-01   5.22610076e-01
 3.47000000e+00  -3.46944695e-18   1.00000000e+00   6.99380945e-02  -9.55000896e-05   5.04964245e-01   5.16825839e-01
 3.48000000e+00  -3.46944695e-18   1.00000000e+00   7.28457725e-02  -3.70676010e-05   5.04622337e-01   5.18133569e-01
 3.49000000e+00  -3.46944695e-18   1.00000000e+00   7.58530508e-02   1.23931394e-04   5.01516246e-01   5.18977905e-01
 3.50000000e+00  -3.46944695e-18   1.00000000e+00   7.87254070e-02   2.44557638e-04   5.06000237e-01   5.16862173e-01
 3.51000000e+00  -3.46944695e-18   1.00000000e+00   8.12743119e-02   3.27293598e-04   5.11785182e-01   5.23925479e-01
 3.52000000e+00  -3.46944695e-18   1.00000000e+00   8.39758263e-02   2.51031725e-04   5.03405237e-01   5.14641085e-01
 3.53000000e+00  -3.46944695e-18   1.00000000e+00   8.71076753e-02   1.58860051e-04   4.98077116e-01   5.23037802e-01
 3.54000000e+00  -3.46944695e-18   1.00000000e+00   9.02706443e-02   7.65905598e-05   5.01878637e-01   5.08939937e-01
 3.55000000e+00  -3.46944695e-18   1.00000000e+00   9.32460590e-02   3.20048034e-05   5.08135809e-01   5.20453683e-01
 3.56000000e+00  -3.46944695e-18   1.00000000e+00   9.59655645e-02  -1.61259091e-04   5.09735387e-01   5.14065772e-01
 3.57000000e+00  -3.46944695e-18   1.00000000e+00   9.83533387e-02  -1.95069235e-04   5.14332453e-01   5.16143342e-01
 3.58000000e+00  -3.46944695e-18   1.00000000e+00   1.00598563e-01  -3.40782713e-05   5.13172330e-01   5.10433327e-01
 3.59000000e+00  -3.46944695e-18   1.00000000e+00   1.02867287e-01   4.48213782e-05   5.11921671e-01   5.17758393e-01
 3.60000000e+00  -3.46944695e-18   1.00000000e+00   1.05169266e-01   1.50621682e-04   5.13162168e-01   5.18249737e-01
 3.61000000e+00  -3.46944695e-18   1.00000000e+00   1.07640866e-01   2.15602564e-04   5.09531500e-01   5.13173911e-01
 3.62000000e+00  -3.46944695e-18   1.00000000e+00   1.10450606e-01   2.82015813e-04   5.05356056e-01   5.22079937e-01
 3.63000000e+00  -3.46944695e-18   1.00000000e+00   1.13548938e-01   2.65311033e-04   5.03688364e-01   5.10157907e-01
 3.64000000e+00  -3.46944695e-18   1.00000000e+00   1.16669359e-01   2.09234425e-04   5.09145732e-01   5.22578164e-01
 3.65000000e+00  -3.46944695e-18   1.00000000e+00   1.19829208e-01  -1.60473032e-05   5.07241914e-01   5.11057794e-01
 3.66000000e+00  -3.46944695e-18   1.00000000e+00   1.23193454e-01  -9.68465522e-05   5.06637188e-01   5.17118537e-01
 3.67000000e+00  -3.46944695e-18   1.00000000e+00   1.26605682e-01  -1.15535126e-04   5.08267242e-01   5.08079711e-01
 3.68000000e+00  -3.46944695e-18   1.00000000e+00   1.29825213e-01  -8.40018559e-05   5.15030710e-01   5.17864857e-01
 3.69000000e+00  -3.46944695e-18   1.00000000e+00   1.32617696e-01  -9.66976259e-05   5.18245955e-01   5.15572210e-01
 3.70000000e+00  -3.46944695e-18   1.00000000e+00   1.35087329e-01   1.12769858e-06   5.22283751e-01   5.12658415e-01
 3.71000000e+00  -3.46944695e-18   1.00000000e+00   1.37736303e-01   2.22202026e-04   5.14910004e-01   5.15350850e-01
 3.72000000e+00  -3.46944695e-18   1.00000000e+00   1.40672078e-01   2.74608603e-04   5.11019169e-01   5.14432932e-01
 3.73000000e+00  -3.46944695e-18   1.00000000e+00   1.43556881e-01   2.65126901e-04   5.18196711e-01   5.22449936e-01
 3.74000000e+00  -3.46944695e-18   1.00000000e+00   1.46382413e-01   1.94253380e-04   5.16666541e-01   5.09382386e-01
 3.75000000e+00  -3.46944695e-18   1.00000000e+00   1.49213763e-01   1.30644129e-04   5.17182037e-01   5.21775336e-01
 3.76000000e+00  -3.46944695e-18   1.00000000e+00   1.51815189e-01   7.67900755e-06   5.21232226e-01   5.08961321e-01
 3.77000000e+00  -3.46944695e-18   1.00000000e+00   1.54006580e-01  -5.89292981e-05   5.28890857e-01   5.19295177e-01
 3.78000000e+00  -3.46944695e-18   1.00000000e+00   1.55841986e-01  -2.02611739e-04   5.29907999e-01   5.11421863e-01
 3.79000000e+00  -3.46944695e-18   1.00000000e+00   1.57362084e-01  -1.55619401e-04   5.30867996e-01   5.15405442e-01
 3.80000000e+00  -3.46944695e-18   1.00000000e+00   1.58601679e-01   1.14673433e-05   5.33147215e-01   5.13775695e-01
 3.81000000e+00  -3.46944695e-18   1.00000000e+00   1.59628197e-01   1.11558056e-04   5.32416406e-01   5.18318439e-01
 3.82000000e+00  -3.46944695e-18   1.00000000e+00   1.60425528e-01   1.45049241e-04   5.35452594e-01   5.22395342e-01
 3.83000000e+00  -3.46944695e-18   1.00000000e+00   1.61043503e-01   2.32660581e-04   5.34485098e-01   5.11947489e-01
 3.84000000e+00  -3.46944695e-18   1.00000000e+00   1.61778469e-01   3.23022926e-04   5.31030280e-01   5.23754459e-01
 3.85000000e+00  -3.46944695e-18   1.00000000e+00   1.62941056e-01   1.98092350e-04   5.23039751e-01   5.14987279e-01
 3.86000000e+00  -3.46944695e-18   1.00000000e+00   1.64189254e-01   9.03862959e-05   5.29737765e-01   5.23802746e-01
 3.87000000e+00  -3.46944695e-18   1.00000000e+00   1.65051788e-01  -6.64650059e-05   5.36088370e-01   5.14594764e-01
 3.88000000e+00  -3.46944695e-18   1.00000000e+00   1.65656528e-01  -1.21919438e-04   5.36478381e-01   5.22505975e-01
 3.89000000e+00  -3.46944695e-18   1.00000000e+00   1.66135030e-01  -1.09206305e-04   5.35124213e-01   5.14935330e-01
 3.90000000e+00  -3.46944695e-18   1.00000000e+00   1.66482337e-01  -1.01865102e-04   5.38165704e-01   5.23001634e-01
 3.91000000e+00  -3.46944695e-18   1.00000000e+00   1.66794227e-01  -5.52294556e-05   5.36022115e-01   5.21589472e-01
 3.92000000e+00  -3.46944695e-18   1.00000000e+00   1.67045782e-01   9.18759244e-05   5.36297059e-01   5.19404229e-01
 3.93000000e+00  -3.46944695e-18   1.00000000e+00   1.67391122e-01   2.67606391e-04   5.35236106e-01   5.27046276e-01
 3.94000000e+00  -3.46944695e-18   1.00000000e+00   1.68015360e-01   2.91015465e-04   5.29838992e-01   5.22148247e-01
 3.95000000e+00  -3.46944695e-18   1.00000000e+00   1.68662371e-01   1.99656570e-04   5.32984154e-01   5.31529381e-01
 3.96000000e+00  -3.46944695e-18   1.00000000e+00   1.69225193e-01   1.50771970e-04   5.34186841e-01   5.16420706e-01
 3.97000000e+00  -3.46944695e-18   1.00000000e+00   1.69897975e-01   1.22297071e-04   5.33136216e-01   5.27985213e-01
 3.98000000e+00  -3.46944695e-18   1.00000000e+00   1.70608841e-01  -7.33631998e-05   5.32894580e-01   5.23079157e-01
 3.99000000e+00  -3.46944695e-18   1.00000000e+00   1.71039268e-01  -1.39764927e-04   5.39041005e-01   5.25628432e-01
 4.00000000e+00  -3.46944695e-18   1.00000000e+00   1.70969865e-01  -1.70685132e-04   5.43510173e-01   5.24222083e-01
 4.01000000e+00  -3.46944695e-18   1.00000000e+00   1.70399577e-01  -8.92959962e-05   5.47460101e-01   5.24980186e-01
 4.02000000e+00  -3.46944695e-18   1.00000000e+00   1.69485972e-01   6.09767644e-05   5.48945063e-01   5.28224101e-01
 4.03000000e+00  -3.46944695e-18   1.00000000e+00   1.68561911e-01   1.47648717e-04   5.42815311e-01   5.25454968e-01
 4.04000000e+00  -3.46944695e-18   1.00000000e+00   1.67779359e-01   1.75098467e-04   5.42414298e-01   5.34700693e-01
 4.05000000e+00  -3.46944695e-18   1.00000000e+00   1.66856160e-01   2.69056978e-04   5.43827004e-01   5.21437976e-01
 4.06000000e+00  -3.46944695e-18   1.00000000e+00   1.65650549e-01   3.09943648e-04   5.49727652e-01   5.38526532e-01
 4.07000000e+00  -3.46944695e-18   1.00000000e+00   1.64427347e-01   1.27230893e-04   5.41209213e-01   5.26581978e-01
 4.08000000e+00  -3.46944695e-18   1.00000000e+00   1.63128868e-01  -6.61362561e-06   5.43900671e-01   5.34803136e-01
 4.09000000e+00  -3.46944695e-18   1.00000000e+00   1.61435989e-01  -9.32919386e-05   5.48780632e-01   5.24321301e-01
 4.10000000e+00  -3.46944695e-18   1.00000000e+00   1.59396701e-01  -9.13755300e-05   5.52210990e-01   5.33543862e-01
 4.11000000e+00  -3.46944695e-18   1.00000000e+00   1.57221752e-01  -1.34696201e-04   5.49344225e-01   5.31963379e-01
 4.12000000e+00  -3.46944695e-18   1.00000000e+00   1.54856810e-01  -8.08244008e-05   5.51070699e-01   5.32100573e-01
 4.13000000e+00  -3.46944695e-18   1.00000000e+00   1.52244690e-01   3.55232239e-05   5.52345108e-01   5.36901854e-01
 4.14000000e+00  -3.46944695e-18   1.00000000e+00   1.49504202e-01   1.79567542e-04   5.52007406e-01   5.31154682e-01
 4.15000000e+00  -3.46944695e-18   1.00000000e+00   1.46876616e-01   2.99207024e-04   5.47781298e-01   5.41996596e-01
 4.16000000e+00  -3.46944695e-18   1.00000000e+00   1.44674984e-01   2.62521505e-04   5.39397716e-01   5.34146795e-01
 4.17000000e+00  -3.46944695e-18   1.00000000e+00   1.42852803e-01   1.75693468e-04   5.38209299e-01   5.44106952e-01
 4.18000000e+00  -3.46944695e-18   1.00000000e+00   1.41051449e-01   1.29786150e-04   5.41993145e-01   5.30503927e-01
 4.19000000e+00  -3.46944695e-18   1.00000000e+00   1.39061343e-01   6.79121313e-05   5.45148169e-01   5.43851669e-01
 4.20000000e+00  -3.46944695e-18   1.00000000e+00   1.36927013e-01  -1.16912589e-04   5.44308995e-01   5.38131785e-01
 4.21000000e+00  -3.46944695e-18   1.00000000e+00   1.34763625e-01  -1.90790745e-04   5.43035669e-01   5.39202792e-01
 4.22000000e+00  -3.46944695e-18   1.00000000e+00   1.32553331e-01  -9.41876342e-05   5.45534878e-01   5.36279507e-01
 4.23000000e+00  -3.46944695e-18   1.00000000e+00   1.30236765e-01   9.80164875e-06   5.45214118e-01   5.40417896e-01
 4.24000000e+00  -3.46944695e-18   1.00000000e+00   1.27881182e-01   8.28327526e-05   5.45188306e-01   5.46703099e-01
 4.25000000e+00  -3.46944695e-18   1.00000000e+00   1.25499480e-01   1.93141668e-04   5.42027408e-01   5.37321623e-01
 4.26000000e+00  -3.46944695e-18   1.00000000e+00   1.23287009e-01   2.50868302e-04   5.40092408e-01   5.49036709e-01
 4.27000000e+00  -3.46944695e-18   1.00000000e+00   1.21206805e-01   2.80456209e-04   5.37894021e-01   5.36966467e-01
 4.28000000e+00  -3.46944695e-18   1.00000000e+00   1.18981960e-01   2.66753538e-04   5.42675743e-01   5.49034659e-01
 4.29000000e+00  -3.46944695e-18   1.00000000e+00   1.16814643e-01   5.70028604e-05   5.37538485e-01   5.41547484e-01
 4.30000000e+00  -3.46944695e-18   1.00000000e+00   1.14791401e-01  -6.65367800e-05   5.36879463e-01   5.44619580e-01
 4.31000000e+00  -3.46944695e-18   1.00000000e+00   1.12331798e-01  -7.14663836e-05   5.44908820e-01   5.39458931e-01
 4.32000000e+00  -3.46944695e-18   1.00000000e+00   1.09245432e-01  -9.69239081e-05   5.52333512e-01   5.46238849e-01
 4.33000000e+00  -3.46944695e-18   1.00000000e+00   1.05856962e-01  -1.11013048e-04   5.48077003e-01   5.46217245e-01
 4.34000000e+00  -3.46944695e-18   1.00000000e+00   1.02400664e-01  -3.61551729e-05   5.45351572e-01   5.40536195e-01
 4.35000000e+00  -3.46944695e-18   1.00000000e+00   9.90111465e-02   1.52806777e-04   5.43956589e-01   5.48903104e-01
 4.36000000e+00  -3.46944695e-18   1.00000000e+00   9.56956863e-02   2.68478429e-04   5.42091583e-01   5.42937954e-01
 4.37000000e+00  -3.46944695e-18   1.00000000e+00   9.23829515e-02   2.78258013e-04   5.42608400e-01   5.55682049e-01
 4.38000000e+00  -3.46944695e-18   1.00000000e+00   8.90908745e-02   2.45591680e-04   5.39187070e-01   5.42137504e-01
 4.39000000e+00  -3.46944695e-18   1.00000000e+00   8.59557239e-02   1.83584170e-04   5.37900872e-01   5.53350621e-01
 4.40000000e+00  -3.46944695e-18   1.00000000e+00   8.29530104e-02   8.73462469e-05   5.36494758e-01   5.42807162e-01
 4.41000000e+00  -3.46944695e-18   1.00000000e+00   7.99205406e-02   6.14892532e-06   5.38320495e-01   5.49676553e-01
 4.42000000e+00  -3.46944695e-18   1.00000000e+00   7.67856613e-02  -1.47393995e-04   5.39542120e-01   5.49023886e-01
 4.43000000e+00  -3.46944695e-18   1.00000000e+00   7.36604996e-02  -1.74149103e-04   5.36090503e-01   5.45593270e-01
 4.44000000e+00  -3.46944695e-18   1.00000000e+00   7.05370692e-02  -1.63108334e-06   5.36785172e-01   5.48313799e-01
 4.45000000e+00  -3.46944695e-18   1.00000000e+00   6.73654815e-02   7.36747309e-05   5.38640271e-01   5.47889865e-01
 4.46000000e+00  -3.46944695e-18   1.00000000e+00   6.43024488e-02   1.30177741e-04   5.34745687e-01   5.56729527e-01
 4.47000000e+00  -3.46944695e-18   1.00000000e+00   6.16164915e-02   2.31970061e-04   5.28284767e-01   5.42320765e-01
 4.48000000e+00  -3.46944695e-18   1.00000000e+00   5.94814067e-02   3.30116769e-04   5.25439576e-01   5.57162759e-01
 4.49000000e+00  -3.46944695e-18   1.00000000e+00   5.77940992e-02   2.76958429e-04   5.20509167e-01   5.45903292e-01
 4.50000000e+00  -3.46944695e-18   1.00000000e+00   5.60829041e-02   1.69479555e-04   5.25921790e-01   5.55238048e-01
 4.51000000e+00  -3.46944695e-18   1.00000000e+00   5.41926792e-02   2.38244510e-05   5.29354236e-01   5.45007576e-01
 4.52000000e+00  -3.46944695e-18   1.00000000e+00   5.24441760e-02  -7.34526807e-05   5.23781963e-01   5.50583507e-01
 4.53000000e+00  -3.46944695e-18   1.00000000e+00   5.07719546e-02  -7.66931867e-05   5.24522926e-01   5.45526165e-01
 4.54000000e+00  -3.46944695e-18   1.00000000e+00   4.89133865e-02  -7.83634314e-05   5.30526824e-01   5.47106990e-01
 4.55000000e+00  -3.46944695e-18   1.00000000e+00   4.69229135e-02  -8.23188666e-05   5.27636373e-01   5.52724658e-01
 4.56000000e+00  -3.46944695e-18   1.00000000e+00   4.49370184e-02   5.83874889e-05   5.26318793e-01   5.41234821e-01
 4.57000000e+00  -3.46944695e-18   1.00000000e+00   4.29670431e-02   2.54996966e-04   5.25622453e-01   5.53852018e-01
 4.58000000e+00  -3.46944695e-18   1.00000000e+00   4.10916386e-02   2.93390379e-04   5.25394191e-01   5.44369534e-01
 4.59000000e+00  -3.46944695e-18   1.00000000e+00   3.94002224e-02   2.64638588e-04   5.22448398e-01   5.54175609e-01
 4.60000000e+00  -3.46944695e-18   1.00000000e+00   3.78621697e-02   2.10163382e-04   5.21376028e-01   5.40863670e-01
 4.61000000e+00  -3.46944695e-18   1.00000000e+00   3.63827942e-02   1.88803297e-04   5.22374411e-01   5.50007310e-01
 4.62000000e+00  -3.46944695e-18   1.00000000e+00   3.49733264e-02   2.91294063e-05   5.20127806e-01   5.45246867e-01
 4.63000000e+00  -3.46944695e-18   1.00000000e+00   3.33524247e-02  -8.46752726e-05   5.25280229e-01   5.44829166e-01
 4.64000000e+00  -3.46944695e-18   1.00000000e+00   3.12607164e-02  -1.34074797e-04   5.31571660e-01   5.45252431e-01
 4.65000000e+00  -3.46944695e-18   1.00000000e+00   2.91041638e-02  -1.01811693e-04   5.26319429e-01   5.41283115e-01
 4.66000000e+00  -3.46944695e-18   1.00000000e+00   2.72179344e-02   4.45816741e-05   5.21468340e-01   5.48083568e-01
 4.67000000e+00  -3.46944695e-18   1.00000000e+00   2.55413148e-02   1.42495222e-04   5.22054981e-01   5.40620186e-01
 4.68000000e+00  -3.46944695e-18   1.00000000e+00   2.40256179e-02   1.70425611e-04   5.19502581e-01   5.53664175e-01
 4.69000000e+00  -3.46944695e-18   1.00000000e+00   2.26720502e-02   2.80804991e-04   5.18953788e-01   5.35041535e-01
 4.70000000e+00  -3.46944695e-18   1.00000000e+00   2.16188752e-02   3.65581142e-04   5.15187399e-01   5.51271036e-01
 4.71000000e+00  -3.46944695e-18   1.00000000e+00   2.10521337e-02   2.14985151e-04   5.09202450e-01   5.42509306e-01
 4.72000000e+00  -3.46944695e-18   1.00000000e+00   2.07699674e-02   7.54133787e-05   5.09751772e-01   5.45564319e-01
 4.73000000e+00  -3.46944695e-18   1.00000000e+00   2.05229504e-02  -4.05606805e-06   5.13430058e-01   5.37839491e-01
 4.74000000e+00  -3.46944695e-18   1.00000000e+00   2.03897858e-02  -7.39878296e-05   5.12032104e-01   5.41773493e-01
 4.75000000e+00  -3.46944695e-18   1.00000000e+00   2.03835997e-02  -8.26530244e-05   5.08924913e-01   5.42235974e-01
 4.76000000e+00  -3.46944695e-18   1.00000000e+00   2.03040391e-02  -9.20772100e-05   5.12987087e-01   5.36733502e-01
 4.77000000e+00  -3.46944695e-18   1.00000000e+00   2.02308199e-02   7.44518107e-06   5.13116589e-01   5.43385604e-01
 4.78000000e+00  -3.46944695e-18   1.00000000e+00   2.04347152e-02   1.52116346e-04   5.10536174e-01   5.33141683e-01
 4.79000000e+00  -3.46944695e-18   1.00000000e+00   2.10627377e-02   2.96030834e-04   5.03041866e-01   5.47181645e-01
 4.80000000e+00  -3.46944695e-18   1.00000000e+00   2.20932623e-02   3.01888011e-04   5.02689692e-01   5.33891398e-01
 4.81000000e+00  -3.46944695e-18   1.00000000e+00   2.33278729e-02   2.25357498e-04   5.01184332e-01   5.44736336e-01
 4.82000000e+00  -3.46944695e-18   1.00000000e+00   2.45564989e-02   1.95768939e-04   5.04382795e-01   5.29998237e-01
 4.83000000e+00  -3.46944695e-18   1.00000000e+00   2.56439962e-02   1.45108077e-04   5.06920975e-01   5.38749479e-01
 4.84000000e+00  -3.46944695e-18   1.00000000e+00   2.67552276e-02  -4.69954507e-05   5.06458994e-01   5.36818650e-01
 4.85000000e+00  -3.46944695e-18   1.00000000e+00   2.80022034e-02  -1.51014465e-04   5.03851089e-01   5.30092067e-01
 4.86000000e+00  -3.46944695e-18   1.00000000e+00   2.89768581e-02  -9.92665515e-05   5.11685740e-01   5.34579803e-01
 4.87000000e+00  -3.46944695e-18   1.00000000e+00   2.95940394e-02  -3.17524041e-05   5.14588718e-01   5.28477897e-01
 4.88000000e+00  -3.46944695e-18   1.00000000e+00   3.02579154e-02   7.50017377e-05   5.08643782e-01   5.38939295e-01
 4.89000000e+00  -3.46944695e-18   1.00000000e+00   3.10280786e-02   1.51952272e-04   5.07848840e-01   5.25259003e-01
 4.90000000e+00  -3.46944695e-18   1.00000000e+00   3.18874391e-02   2.50777631e-04   5.07987497e-01   5.38544547e-01
 4.91000000e+00  -3.46944695e-18   1.00000000e+00   3.29652779e-02   2.90117122e-04   5.05227468e-01   5.25661529e-01
 4.92000000e+00  -3.46944695e-18   1.00000000e+00   3.42849977e-02   3.25003151e-04   5.03477377e-01   5.34594395e-01
 4.93000000e+00  -3.46944695e-18   1.00000000e+00   3.58157050e-02   1.42684029e-04   5.02316918e-01   5.31456248e-01
 4.94000000e+00  -3.46944695e-18   1.00000000e+00   3.73578883e-02  -1.34993857e-05   5.04704600e-01   5.28620877e-01
 4.95000000e+00  -3.46944695e-18   1.00000000e+00   3.86762979e-02  -2.63548423e-05   5.08524586e-01   5.25725125e-01
 4.96000000e+00  -3.46944695e-18   1.00000000e+00   3.98349225e-02  -7.42725590e-05   5.10629629e-01   5.26110304e-01
 4.97000000e+00  -3.46944695e-18   1.00000000e+00   4.11409263e-02  -1.26213691e-04   5.06240038e-01   5.33714188e-01
 4.98000000e+00  -3.46944695e-18   1.00000000e+00   4.27307765e-02  -5.98448303e-05   5.04259726e-01   5.18438117e-01
 4.99000000e+00  -3.46944695e-18   1.00000000e+00   4.44800848e-02   9.04398579e-05   5.04752587e-01   5.33551892e-01
 5.00000000e+00  -3.46944695e-18   1.00000000e+00   4.63457371e-02   2.24637956e-04   5.04301718e-01   5.19849557e-01