  Time  Coordinate0  Coordinate1  Displacement0  Displacement1  Force0  Force1
 1.00000000e-02  -3.46944695e-18   1.00000000e+00   2.24204048e-04  -7.87245482e-07   8.78981980e+00  -7.72993176e+00
 2.00000000e-02  -3.46944695e-18   1.00000000e+00   9.37870607e-04   3.36188523e-05   6.94543385e+00   1.60381771e+01
 3.00000000e-02  -3.46944695e-18   1.00000000e+00   2.01226650e-03   9.93710535e-05   5.09136161e+00   1.17159938e+01
 4.00000000e-02  -3.46944695e-18   1.00000000e+00   3.27063230e-03   1.69824730e-04   4.55195075e+00   1.02336572e+01
 5.00000000e-02  -3.46944695e-18   1.00000000e+00   4.65832481e-03   2.30229675e-04   4.24148504e+00   9.45605530e+00
 6.00000000e-02  -3.46944695e-18   1.00000000e+00   6.09829062e-03   2.70122775e-04   4.04010919e+00   8.97405901e+00
 7.00000000e-02  -3.46944695e-18   1.00000000e+00   7.55691996e-03   2.71042148e-04   3.88999835e+00   8.61510263e+00
 8.00000000e-02  -3.46944695e-18   1.00000000e+00   9.14578333e-03   2.21381220e-04   3.76500815e+00   8.35154793e+00
 9.00000000e-02  -3.46944695e-18   1.00000000e+00   1.12212654e-02   1.28543547e-04   3.65285181e+00   8.11847016e+00
 1.00000000e-01  -3.46944695e-18   1.00000000e+00   1.40984253e-02   3.13780167e-05   3.56704747e+00   7.93399189e+00
 1.10000000e-01  -3.46944695e-18   1.00000000e+00   1.76225457e-02  -2.45760721e-05   3.52312131e+00   7.76265440e+00
 1.20000000e-01  -3.46944695e-18   1.00000000e+00   2.13077482e-02  -3.35168234e-05   3.51690613e+00   7.63125749e+00
 1.30000000e-01  -3.46944695e-18   1.00000000e+00   2.49840993e-02  -6.62917486e-06   3.51463248e+00   7.51157295e+00
 1.40000000e-01  -3.46944695e-18   1.00000000e+00   2.88381115e-02   4.72932849e-05   3.51483331e+00   7.42037845e+00
 1.50000000e-01  -3.46944695e-18   1.00000000e+00   3.28069795e-02   1.38121448e-04   3.52529077e+00   7.34009945e+00
 1.60000000e-01  -3.46944695e-18   1.00000000e+00   3.66201391e-02   2.20490486e-04   3.54621597e+00   7.27907787e+00
 1.70000000e-01  -3.46944695e-18   1.00000000e+00   4.03019341e-02   2.47806165e-04   3.55873175e+00   7.23154340e+00
 1.80000000e-01  -3.46944695e-18   1.00000000e+00   4.39588218e-02   2.15687180e-04   3.56067007e+00   7.18282990e+00
 1.90000000e-01  -3.46944695e-18   1.00000000e+00   4.75822678e-02   1.57308351e-04   3.56271143e+00   7.13118581e+00
 2.00000000e-01  -3.46944695e-18   1.00000000e+00   5.12856093e-02   8.13866111e-05   3.56134705e+00   7.06859368e+00
 2.10000000e-01  -3.46944695e-18   1.00000000e+00   5.51698503e-02  -5.71006978e-07   3.56482256e+00   7.01312244e+00
 2.20000000e-01  -3.46944695e-18   1.00000000e+00   5.92046604e-02  -5.78599976e-05   3.57693540e+00   6.95864554e+00
 2.30000000e-01  -3.46944695e-18   1.00000000e+00   6.34378416e-02  -6.93483031e-05   3.59228368e+00   6.91355159e+00
 2.40000000e-01  -3.46944695e-18   1.00000000e+00   6.77271539e-02  -1.65281908e-05   3.62496485e+00   6.87472574e+00
 2.50000000e-01  -3.46944695e-18   1.00000000e+00   7.16159601e-02   7.12352727e-05   3.67066380e+00   6.84421571e+00
 2.60000000e-01  -3.46944695e-18   1.00000000e+00   7.49541206e-02   1.46209572e-04   3.70317594e+00   6.82396013e+00
 2.70000000e-01  -3.46944695e-18   1.00000000e+00   7.79927056e-02   1.94280592e-04   3.70870875e+00   6.79670547e+00
 2.80000000e-01  -3.46944695e-18   1.00000000e+00   8.10536270e-02   2.25624390e-04   3.70026702e+00   6.76794136e+00
 2.90000000e-01  -3.46944695e-18   1.00000000e+00   8.42754250e-02   2.06522061e-04   3.69037117e+00   6.74059427e+00
 3.00000000e-01  -3.46944695e-18   1.00000000e+00   8.75288172e-02   1.27318436e-04   3.68763569e+00   6.71831282e+00
 3.10000000e-01  -3.46944695e-18   1.00000000e+00   9.08010468e-02   3.30479723e-05   3.68307660e+00   6.68017665e+00
 3.20000000e-01  -3.46944695e-18   1.00000000e+00   9.43614724e-02  -3.93896019e-05   3.67050940e+00   6.63960654e+00
 3.30000000e-01  -3.46944695e-18   1.00000000e+00   9.83089964e-02  -6.80190348e-05   3.67147975e+00   6.59917764e+00
 3.40000000e-01  -3.46944695e-18   1.00000000e+00   1.02473821e-01  -5.79020616e-05   3.69085174e+00   6.56995352e+00
 3.50000000e-01  -3.46944695e-18   1.00000000e+00   1.06660985e-01  -1.35119970e-05   3.72179035e+00   6.55016842e+00
 3.60000000e-01  -3.46944695e-18   1.00000000e+00   1.10861220e-01   6.35694797e-05   3.75325792e+00   6.53882969e+00
 3.70000000e-01  -3.46944695e-18   1.00000000e+00   1.15036669e-01   1.54589585e-04   3.78485111e+00   6.53612041e+00
 3.80000000e-01  -3.46944695e-18   1.00000000e+00   1.18940186e-01   2.13046534e-04   3.81987110e+00   6.53155282e+00
 3.90000000e-01  -3.46944695e-18   1.00000000e+00   1.22598658e-01   2.09084510e-04   3.83887124e+00   6.52410443e+00
 4.00000000e-01  -3.46944695e-18   1.00000000e+00   1.26376622e-01   1.57672577e-04   3.84125868e+00   6.50920977e+00
 4.10000000e-01  -3.46944695e-18   1.00000000e+00   1.30483378e-01   9.38756509e-05   3.84374406e+00   6.49166623e+00
 4.20000000e-01  -3.46944695e-18   1.00000000e+00   1.34940593e-01   1.97369918e-05   3.85955350e+00   6.47467281e+00
 4.30000000e-01  -3.46944695e-18   1.00000000e+00   1.39590169e-01  -6.09911110e-05   3.89619727e+00   6.46078460e+00
 4.40000000e-01  -3.46944695e-18   1.00000000e+00   1.44078172e-01  -9.33707078e-05   3.94830446e+00   6.44952336e+00
 4.50000000e-01  -3.46944695e-18   1.00000000e+00   1.48299770e-01  -6.42237646e-05   3.99635182e+00   6.43632362e+00
 4.60000000e-01  -3.46944695e-18   1.00000000e+00   1.52422321e-01   4.70453465e-06   4.03838307e+00   6.43258586e+00
 4.70000000e-01  -3.46944695e-18   1.00000000e+00   1.56407021e-01   8.77475090e-05   4.08689708e+00   6.43233740e+00
 4.80000000e-01  -3.46944695e-18   1.00000000e+00   1.59906790e-01   1.51094838e-04   4.14234577e+00   6.45360344e+00
 4.90000000e-01  -3.46944695e-18   1.00000000e+00   1.62838195e-01   1.89040014e-04   4.18011011e+00   6.46129976e+00
 5.00000000e-01  -3.46944695e-18   1.00000000e+00   1.65450080e-01   1.96541660e-04   4.19343470e+00   6.46571677e+00
 5.10000000e-01  -3.46944695e-18   1.00000000e+00   1.67884049e-01   1.49601696e-04   4.19536763e+00   6.45898390e+00
 5.20000000e-01  -3.46944695e-18   1.00000000e+00   1.70186366e-01   5.44613758e-05   4.19569699e+00   6.45293341e+00
 5.30000000e-01  -3.46944695e-18   1.00000000e+00   1.72482186e-01  -3.04513252e-05   4.19335063e+00   6.43737132e+00
 5.40000000e-01  -3.46944695e-18   1.00000000e+00   1.74888803e-01  -7.34759932e-05   4.19683798e+00   6.42407065e+00
 5.50000000e-01  -3.46944695e-18   1.00000000e+00   1.77389108e-01  -8.06310528e-05   4.21489844e+00   6.42155759e+00
 5.60000000e-01  -3.46944695e-18   1.00000000e+00   1.79702889e-01  -5.74813493e-05   4.24749013e+00   6.42434973e+00
 5.70000000e-01  -3.46944695e-18   1.00000000e+00   1.81486025e-01   8.51644943e-06   4.28395807e+00   6.43473460e+00
 5.80000000e-01  -3.46944695e-18   1.00000000e+00   1.82797942e-01   9.93170147e-05   4.29911378e+00   6.43620865e+00
 5.90000000e-01  -3.46944695e-18   1.00000000e+00   1.83997373e-01   1.73887605e-04   4.29489535e+00   6.44835092e+00
 6.00000000e-01  -3.46944695e-18   1.00000000e+00   1.85200979e-01   1.99927515e-04   4.28855134e+00   6.45399449e+00
 6.10000000e-01  -3.46944695e-18   1.00000000e+00   1.86313737e-01   1.69568449e-04   4.28745902e+00   6.46822438e+00
 6.20000000e-01  -3.46944695e-18   1.00000000e+00   1.87395264e-01   1.11329950e-04   4.28052528e+00   6.46560935e+00
 6.30000000e-01  -3.46944695e-18   1.00000000e+00   1.88502853e-01   4.03046859e-05   4.27186450e+00   6.46680224e+00
 6.40000000e-01  -3.46944695e-18   1.00000000e+00   1.89801165e-01  -3.35387405e-05   4.26003367e+00   6.45132660e+00
 6.50000000e-01  -3.46944695e-18   1.00000000e+00   1.91457958e-01  -9.52691193e-05   4.26241880e+00   6.44288184e+00
 6.60000000e-01  -3.46944695e-18   1.00000000e+00   1.93255660e-01  -9.65669639e-05   4.29024911e+00   6.44221712e+00
 6.70000000e-01  -3.46944695e-18   1.00000000e+00   1.94873456e-01  -3.35420587e-05   4.33389215e+00   6.45216988e+00
 6.80000000e-01  -3.46944695e-18   1.00000000e+00   1.96258867e-01   4.32662130e-05   4.37226842e+00   6.47252664e+00
 6.90000000e-01  -3.46944695e-18   1.00000000e+00   1.97375786e-01   1.10825698e-04   4.40655555e+00   6.48618330e+00
 7.00000000e-01  -3.46944695e-18   1.00000000e+00   1.98046502e-01   1.70221288e-04   4.44017122e+00   6.50929801e+00
 7.10000000e-01  -3.46944695e-18   1.00000000e+00   1.98259631e-01   1.92539590e-04   4.45123694e+00   6.51830634e+00
 7.20000000e-01  -3.46944695e-18   1.00000000e+00   1.98387635e-01   1.68559637e-04   4.44231400e+00   6.52795143e+00
 7.30000000e-01  -3.46944695e-18   1.00000000e+00   1.98726240e-01   9.69531268e-05   4.43178450e+00   6.52452442e+00
 7.40000000e-01  -3.46944695e-18   1.00000000e+00   1.99059713e-01   5.58314193e-07   4.44503004e+00   6.53419657e+00
 7.50000000e-01  -3.46944695e-18   1.00000000e+00   1.99122835e-01  -6.26678187e-05   4.46394636e+00   6.53200938e+00
 7.60000000e-01  -3.46944695e-18   1.00000000e+00   1.98906556e-01  -8.43718273e-05   4.47804588e+00   6.53152379e+00
 7.70000000e-01  -3.46944695e-18   1.00000000e+00   1.98478697e-01  -7.35770282e-05   4.49128411e+00   6.53289264e+00
 7.80000000e-01  -3.46944695e-18   1.00000000e+00   1.97860489e-01  -3.26040271e-05   4.50115515e+00   6.54022264e+00
 7.90000000e-01  -3.46944695e-18   1.00000000e+00   1.96914247e-01   5.23396495e-05   4.52506698e+00   6.55753990e+00
 8.00000000e-01  -3.46944695e-18   1.00000000e+00   1.95361569e-01   1.42791928e-04   4.54024450e+00   6.58060343e+00
 8.10000000e-01  -3.46944695e-18   1.00000000e+00   1.93247773e-01   1.91749976e-04   4.53512056e+00   6.60720713e+00
 8.20000000e-01  -3.46944695e-18   1.00000000e+00   1.90831669e-01   1.82987942e-04   4.50297322e+00   6.61294026e+00
 8.30000000e-01  -3.46944695e-18   1.00000000e+00   1.88276426e-01   1.41862621e-04   4.46290869e+00   6.61497707e+00
 8.40000000e-01  -3.46944695e-18   1.00000000e+00   1.85744166e-01   7.82805039e-05   4.41938150e+00   6.60575135e+00
 8.50000000e-01  -3.46944695e-18   1.00000000e+00   1.83382588e-01   1.80430396e-07   4.38295059e+00   6.60626930e+00
 8.60000000e-01  -3.46944695e-18   1.00000000e+00   1.81194103e-01  -6.59363319e-05   4.35326029e+00   6.59997703e+00
 8.70000000e-01  -3.46944695e-18   1.00000000e+00   1.79126976e-01  -9.71876494e-05   4.33828969e+00   6.59905895e+00
 8.80000000e-01  -3.46944695e-18   1.00000000e+00   1.76980575e-01  -6.43852007e-05   4.33896837e+00   6.60002348e+00
 8.90000000e-01  -3.46944695e-18   1.00000000e+00   1.74460447e-01   1.40975362e-05   4.34429315e+00   6.61167712e+00
 9.00000000e-01  -3.46944695e-18   1.00000000e+00   1.71681450e-01   8.92057561e-05   4.32952448e+00   6.62386574e+00
 9.10000000e-01  -3.46944695e-18   1.00000000e+00   1.68990244e-01   1.46234117e-04   4.30386107e+00   6.63177256e+00
 9.20000000e-01  -3.46944695e-18   1.00000000e+00   1.66382526e-01   1.94295391e-04   4.28733298e+00   6.64596997e+00
 9.30000000e-01  -3.46944695e-18   1.00000000e+00   1.63554901e-01   1.97683656e-04   4.27572353e+00   6.66164976e+00
 9.40000000e-01  -3.46944695e-18   1.00000000e+00   1.60584781e-01   1.40838433e-04   4.24959252e+00   6.66794789e+00
 9.50000000e-01  -3.46944695e-18   1.00000000e+00   1.57833722e-01   5.38729111e-05   4.21085896e+00   6.65796078e+00
 9.60000000e-01  -3.46944695e-18   1.00000000e+00   1.55393101e-01  -2.26055545e-05   4.18478233e+00   6.64593383e+00
 9.70000000e-01  -3.46944695e-18   1.00000000e+00   1.53148640e-01  -6.55978285e-05   4.17610367e+00   6.63732696e+00
 9.80000000e-01  -3.46944695e-18   1.00000000e+00   1.50969546e-01  -7.06354368e-05   4.18361817e+00   6.63789196e+00
 9.90000000e-01  -3.46944695e-18   1.00000000e+00   1.48597964e-01  -4.13226093e-05   4.19999651e+00   6.65018214e+00
 1.00000000e+00  -3.46944695e-18   1.00000000e+00   1.45884536e-01   2.02983448e-05   4.21315332e+00   6.66088773e+00
 1.01000000e+00  -3.46944695e-18   1.00000000e+00   1.42788846e-01   1.14150703e-04   4.22067121e+00   6.67278110e+00
 1.02000000e+00  -3.46944695e-18   1.00000000e+00   1.39241330e-01   1.87540448e-04   4.21495027e+00   6.68421331e+00
 1.03000000e+00  -3.46944695e-18   1.00000000e+00   1.35374461e-01   2.03916754e-04   4.19457181e+00   6.69824963e+00
 1.04000000e+00  -3.46944695e-18   1.00000000e+00   1.31466403e-01   1.74525904e-04   4.15628856e+00   6.70181610e+00
 1.05000000e+00  -3.46944695e-18   1.00000000e+00   1.27660783e-01   1.22789023e-04   4.11701087e+00   6.69598008e+00
 1.06000000e+00  -3.46944695e-18   1.00000000e+00   1.23847316e-01   5.65956606e-05   4.09063659e+00   6.69122517e+00
 1.07000000e+00  -3.46944695e-18   1.00000000e+00   1.19851632e-01  -2.48492383e-05   4.06640621e+00   6.68332372e+00
 1.08000000e+00  -3.46944695e-18   1.00000000e+00   1.15752535e-01  -7.42754788e-05   4.03780883e+00   6.67169121e+00
 1.09000000e+00  -3.46944695e-18   1.00000000e+00   1.11780142e-01  -6.39024927e-05   4.00314971e+00   6.65258926e+00
 1.10000000e+00  -3.46944695e-18   1.00000000e+00   1.07874393e-01  -8.56964098e-06   3.98450288e+00   6.65456898e+00
 1.11000000e+00  -3.46944695e-18   1.00000000e+00   1.03754094e-01   7.06962796e-05   3.97690858e+00   6.65979693e+00
 1.12000000e+00  -3.46944695e-18   1.00000000e+00   9.91821465e-02   1.41053502e-04   3.96478317e+00   6.67673147e+00
 1.13000000e+00  -3.46944695e-18   1.00000000e+00   9.43550111e-02   1.89290388e-04   3.92823421e+00   6.67544352e+00
 1.14000000e+00  -3.46944695e-18   1.00000000e+00   8.96321842e-02   2.17500127e-04   3.87764909e+00   6.67207087e+00
 1.15000000e+00  -3.46944695e-18   1.00000000e+00   8.50831962e-02   1.94100935e-04   3.82760007e+00   6.66201536e+00
 1.16000000e+00  -3.46944695e-18   1.00000000e+00   8.07587410e-02   1.11196476e-04   3.77926360e+00   6.65223366e+00
 1.17000000e+00  -3.46944695e-18   1.00000000e+00   7.69081085e-02   2.73029339e-05   3.73120265e+00   6.63450857e+00
 1.18000000e+00  -3.46944695e-18   1.00000000e+00   7.35307484e-02  -2.64889078e-05   3.69614160e+00   6.61707181e+00
 1.19000000e+00  -3.46944695e-18   1.00000000e+00   7.03133978e-02  -4.91049861e-05   3.68175025e+00   6.60404983e+00
 1.20000000e+00  -3.46944695e-18   1.00000000e+00   6.71393847e-02  -4.02019346e-05   3.67340393e+00   6.58810346e+00
 1.21000000e+00  -3.46944695e-18   1.00000000e+00   6.39731589e-02   9.28900809e-06   3.66838893e+00   6.58679403e+00
 1.22000000e+00  -3.46944695e-18   1.00000000e+00   6.08006047e-02   9.42861289e-05   3.65792016e+00   6.58187137e+00
 1.23000000e+00  -3.46944695e-18   1.00000000e+00   5.77504107e-02   1.77575147e-04   3.64380770e+00   6.59060647e+00
 1.24000000e+00  -3.46944695e-18   1.00000000e+00   5.47567796e-02   2.23594310e-04   3.63306258e+00   6.59242698e+00
 1.25000000e+00  -3.46944695e-18   1.00000000e+00   5.15503596e-02   2.12854570e-04   3.62723240e+00   6.59984415e+00
 1.26000000e+00  -3.46944695e-18   1.00000000e+00   4.82741132e-02   1.69019211e-04   3.60316274e+00   6.58875295e+00
 1.27000000e+00  -3.46944695e-18   1.00000000e+00   4.53111886e-02   1.08567669e-04   3.56704258e+00   6.57153166e+00
 1.28000000e+00  -3.46944695e-18   1.00000000e+00   4.27975372e-02   3.51530600e-05   3.53798911e+00   6.55098791e+00
 1.29000000e+00  -3.46944695e-18   1.00000000e+00   4.05122910e-02  -3.89699521e-05   3.52910569e+00   6.53589155e+00
 1.30000000e+00  -3.46944695e-18   1.00000000e+00   3.81820918e-02  -5.97560534e-05   3.53296747e+00   6.52468816e+00
 1.31000000e+00  -3.46944695e-18   1.00000000e+00   3.57189307e-02  -1.82139626e-05   3.53587088e+00   6.51259682e+00
 1.32000000e+00  -3.46944695e-18   1.00000000e+00   3.30845486e-02   5.10640560e-05   3.53881923e+00   6.51182168e+00
 1.33000000e+00  -3.46944695e-18   1.00000000e+00   3.01765424e-02   1.19442076e-04   3.53906334e+00   6.50550060e+00
 1.34000000e+00  -3.46944695e-18   1.00000000e+00   2.69862066e-02   1.85212018e-04   3.53148823e+00   6.50711371e+00
 1.35000000e+00  -3.46944695e-18   1.00000000e+00   2.37177529e-02   2.26446931e-04   3.50782161e+00   6.49789370e+00
 1.36000000e+00  -3.46944695e-18   1.00000000e+00   2.06622911e-02   2.22911138e-04   3.46994500e+00   6.49870946e+00
 1.37000000e+00  -3.46944695e-18   1.00000000e+00   1.78384896e-02   1.72391036e-04   3.43759935e+00   6.48218818e+00
 1.38000000e+00  -3.46944695e-18   1.00000000e+00   1.50584667e-02   8.15362094e-05   3.41319624e+00   6.46400540e+00
 1.39000000e+00  -3.46944695e-18   1.00000000e+00   1.24589458e-02   9.73124561e-06   3.38558182e+00   6.43218921e+00
 1.40000000e+00  -3.46944695e-18   1.00000000e+00   1.02605761e-02  -2.36523501e-05   3.35368722e+00   6.40902495e+00
 1.41000000e+00  -3.46944695e-18   1.00000000e+00   8.46982544e-03  -3.08326968e-05   3.33132961e+00   6.38715320e+00
 1.42000000e+00  -3.46944695e-18   1.00000000e+00   6.91572841e-03  -8.55554594e-06   3.32264693e+00   6.37309304e+00
 1.43000000e+00  -3.46944695e-18   1.00000000e+00   5.35087173e-03   6.46323151e-05   3.32415397e+00   6.36625677e+00
 1.44000000e+00  -3.46944695e-18   1.00000000e+00   3.60378119e-03   1.54123798e-04   3.32673862e+00   6.36175907e+00
 1.45000000e+00  -3.46944695e-18   1.00000000e+00   1.86279859e-03   2.17490473e-04   3.31241253e+00   6.36116757e+00
 1.46000000e+00  -3.46944695e-18   1.00000000e+00   4.66262330e-04   2.30017694e-04   3.28296881e+00   6.35031439e+00
 1.47000000e+00  -3.46944695e-18   1.00000000e+00  -5.03598854e-04   2.03481493e-04   3.25699895e+00   6.34247833e+00
 1.48000000e+00  -3.46944695e-18   1.00000000e+00  -1.14388209e-03   1.52086988e-04   3.23591800e+00   6.32665457e+00
 1.49000000e+00  -3.46944695e-18   1.00000000e+00  -1.33976784e-03   8.04086526e-05   3.21469805e+00   6.31422114e+00
 1.50000000e+00  -3.46944695e-18   1.00000000e+00  -9.94804496e-04   5.07576271e-06   3.19877665e+00   6.29418407e+00
 1.51000000e+00  -3.46944695e-18   1.00000000e+00  -4.29620449e-04  -4.38190113e-05   3.20322434e+00   6.27439627e+00
 1.52000000e+00  -3.46944695e-18   1.00000000e+00   1.13924267e-04  -3.59210282e-05   3.21931881e+00   6.25715324e+00
 1.53000000e+00  -3.46944695e-18   1.00000000e+00   7.38565865e-04   2.66715904e-05   3.23134531e+00   6.24782147e+00
 1.54000000e+00  -3.46944695e-18   1.00000000e+00   1.49600795e-03   9.62009629e-05   3.23970974e+00   6.25359705e+00
 1.55000000e+00  -3.46944695e-18   1.00000000e+00   2.21163682e-03   1.53711098e-04   3.25433471e+00   6.25763589e+00
 1.56000000e+00  -3.46944695e-18   1.00000000e+00   2.73505230e-03   2.13367452e-04   3.26844633e+00   6.26011149e+00
 1.57000000e+00  -3.46944695e-18   1.00000000e+00   3.00086931e-03   2.34617632e-04   3.27691414e+00   6.25802994e+00
 1.58000000e+00  -3.46944695e-18   1.00000000e+00   3.30287787e-03   1.98618860e-04   3.26408146e+00   6.25240217e+00
 1.59000000e+00  -3.46944695e-18   1.00000000e+00   4.01957399e-03   1.23113578e-04   3.23957801e+00   6.23976753e+00
 1.60000000e+00  -3.46944695e-18   1.00000000e+00   5.08903668e-03   4.25097131e-05   3.23013820e+00   6.21973556e+00
 1.61000000e+00  -3.46944695e-18   1.00000000e+00   6.30560981e-03  -1.26605489e-05   3.23270098e+00   6.20301107e+00
 1.62000000e+00  -3.46944695e-18   1.00000000e+00   7.55712620e-03  -3.35056704e-05   3.24371666e+00   6.19083668e+00
 1.63000000e+00  -3.46944695e-18   1.00000000e+00   8.71299695e-03  -2.41551097e-05   3.25492191e+00   6.18265839e+00
 1.64000000e+00  -3.46944695e-18   1.00000000e+00   9.77205013e-03   2.05305234e-05   3.26561872e+00   6.16913948e+00
 1.65000000e+00  -3.46944695e-18   1.00000000e+00   1.07731219e-02   1.05575385e-04   3.27451937e+00   6.16571494e+00
 1.66000000e+00  -3.46944695e-18   1.00000000e+00   1.16733645e-02   1.89082876e-04   3.27840730e+00   6.16630687e+00
 1.67000000e+00  -3.46944695e-18   1.00000000e+00   1.26139229e-02   2.21039752e-04   3.26867618e+00   6.17251707e+00
 1.68000000e+00  -3.46944695e-18   1.00000000e+00   1.38239674e-02   2.09671336e-04   3.24959583e+00   6.16711829e+00
 1.69000000e+00  -3.46944695e-18   1.00000000e+00   1.53470067e-02   1.72704594e-04   3.23329078e+00   6.15858588e+00
 1.70000000e+00  -3.46944695e-18   1.00000000e+00   1.70283427e-02   1.11940076e-04   3.22575694e+00   6.14371853e+00
 1.71000000e+00  -3.46944695e-18   1.00000000e+00   1.90074807e-02   3.13960606e-05   3.21368178e+00   6.12401825e+00
 1.72000000e+00  -3.46944695e-18   1.00000000e+00   2.16170667e-02  -3.44273307e-05   3.19638937e+00   6.11184704e+00
 1.73000000e+00  -3.46944695e-18   1.00000000e+00   2.47523536e-02  -5.06362798e-05   3.19823171e+00   6.09721219e+00
 1.74000000e+00  -3.46944695e-18   1.00000000e+00   2.79295347e-02  -1.38346535e-05   3.22874211e+00   6.09692790e+00
 1.75000000e+00  -3.46944695e-18   1.00000000e+00   3.09402789e-02   5.12626185e-05   3.26103923e+00   6.09733517e+00
 1.76000000e+00  -3.46944695e-18   1.00000000e+00   3.38705397e-02   1.20194200e-04   3.28065646e+00   6.10735964e+00
 1.77000000e+00  -3.46944695e-18   1.00000000e+00   3.68450438e-02   1.74174039e-04   3.29297310e+00   6.11044991e+00
 1.78000000e+00  -3.46944695e-18   1.00000000e+00   3.99879509e-02   2.16076582e-04   3.29891653e+00   6.11565800e+00
 1.79000000e+00  -3.46944695e-18   1.00000000e+00   4.33526628e-02   2.15306473e-04   3.30623605e+00   6.11881274e+00
 1.80000000e+00  -3.46944695e-18   1.00000000e+00   4.68950561e-02   1.46552121e-04   3.31539777e+00   6.12345648e+00
 1.81000000e+00  -3.46944695e-18   1.00000000e+00   5.06422829e-02   6.42584700e-05   3.32590627e+00   6.12148580e+00
 1.82000000e+00  -3.46944695e-18   1.00000000e+00   5.46132777e-02   7.57270987e-07   3.34331189e+00   6.10745734e+00
 1.83000000e+00  -3.46944695e-18   1.00000000e+00   5.86063419e-02  -3.93196413e-05   3.37475602e+00   6.10229546e+00
 1.84000000e+00  -3.46944695e-18   1.00000000e+00   6.25004660e-02  -5.03660687e-05   3.41041059e+00   6.09714534e+00
 1.85000000e+00  -3.46944695e-18   1.00000000e+00   6.63048489e-02  -2.04209826e-05   3.44601842e+00   6.10783327e+00
 1.86000000e+00  -3.46944695e-18   1.00000000e+00   7.00026139e-02   4.74058288e-05   3.47842244e+00   6.11190062e+00
 1.87000000e+00  -3.46944695e-18   1.00000000e+00   7.34170294e-02   1.33299029e-04   3.51579062e+00   6.12922570e+00
 1.88000000e+00  -3.46944695e-18   1.00000000e+00   7.64051369e-02   1.93692764e-04   3.54740401e+00   6.13973850e+00
 1.89000000e+00  -3.46944695e-18   1.00000000e+00   7.90455565e-02   2.00109363e-04   3.55751456e+00   6.15100322e+00
 1.90000000e+00  -3.46944695e-18   1.00000000e+00   8.17532635e-02   1.74170617e-04   3.54878401e+00   6.14356904e+00
 1.91000000e+00  -3.46944695e-18   1.00000000e+00   8.48618100e-02   1.25021804e-04   3.53550058e+00   6.13948396e+00
 1.92000000e+00  -3.46944695e-18   1.00000000e+00   8.82241888e-02   5.66879580e-05   3.54159305e+00   6.13750064e+00
 1.93000000e+00  -3.46944695e-18   1.00000000e+00   9.15133432e-02  -2.57328435e-05   3.56189156e+00   6.13512068e+00
 1.94000000e+00  -3.46944695e-18   1.00000000e+00   9.47897117e-02  -6.82309840e-05   3.57907384e+00   6.13031534e+00
 1.95000000e+00  -3.46944695e-18   1.00000000e+00   9.81571256e-02  -4.95633907e-05   3.59532705e+00   6.12442904e+00
 1.96000000e+00  -3.46944695e-18   1.00000000e+00   1.01394817e-01   2.25224995e-06   3.62326792e+00   6.13206365e+00
 1.97000000e+00  -3.46944695e-18   1.00000000e+00   1.04494784e-01   6.58972067e-05   3.64527658e+00   6.13623099e+00
 1.98000000e+00  -3.46944695e-18   1.00000000e+00   1.07584865e-01   1.31407461e-04   3.66061073e+00   6.15462000e+00
 1.99000000e+00  -3.46944695e-18   1.00000000e+00   1.10673548e-01   1.83527714e-04   3.67357857e+00   6.16471169e+00
 2.00000000e+00  -3.46944695e-18   1.00000000e+00   1.13821057e-01   2.00226076e-04   3.67931077e+00   6.17711185e+00
 2.01000000e+00  -3.46944695e-18   1.00000000e+00   1.17106019e-01   1.68470821e-04   3.68468476e+00   6.17710197e+00
 2.02000000e+00  -3.46944695e-18   1.00000000e+00   1.20516724e-01   8.73526952e-05   3.69394123e+00   6.17826695e+00
 2.03000000e+00  -3.46944695e-18   1.00000000e+00   1.24228246e-01   1.04446315e-05   3.70328730e+00   6.17141657e+00
 2.04000000e+00  -3.46944695e-18   1.00000000e+00   1.28336558e-01  -3.53166657e-05   3.72049336e+00   6.16908965e+00
 2.05000000e+00  -3.46944695e-18   1.00000000e+00   1.32655232e-01  -5.89345379e-05   3.76225518e+00   6.17500537e+00
 2.06000000e+00  -3.46944695e-18   1.00000000e+00   1.36734761e-01  -5.77204606e-05   3.82545527e+00   6.18934390e+00
 2.07000000e+00  -3.46944695e-18   1.00000000e+00   1.40324040e-01  -2.19229835e-06   3.88078272e+00   6.20519334e+00
 2.08000000e+00  -3.46944695e-18   1.00000000e+00   1.43628082e-01   8.16684329e-05   3.91885565e+00   6.21493639e+00
 2.09000000e+00  -3.46944695e-18   1.00000000e+00   1.46841178e-01   1.51812588e-04   3.94584940e+00   6.23067703e+00
 2.10000000e+00  -3.46944695e-18   1.00000000e+00   1.49919262e-01   1.83674074e-04   3.97379619e+00   6.24786109e+00
 2.11000000e+00  -3.46944695e-18   1.00000000e+00   1.52797048e-01   1.72655404e-04   4.00098814e+00   6.26497489e+00
 2.12000000e+00  -3.46944695e-18   1.00000000e+00   1.55537292e-01   1.34159031e-04   4.01703411e+00   6.27092064e+00
 2.13000000e+00  -3.46944695e-18   1.00000000e+00   1.58261197e-01   7.37491802e-05   4.03067947e+00   6.27194047e+00
 2.14000000e+00  -3.46944695e-18   1.00000000e+00   1.60985640e-01  -4.14466588e-06   4.04969663e+00   6.27256600e+00
 2.15000000e+00  -3.46944695e-18   1.00000000e+00   1.63506258e-01  -6.88687387e-05   4.08050679e+00   6.27302424e+00
 2.16000000e+00  -3.46944695e-18   1.00000000e+00   1.65804502e-01  -8.01832821e-05   4.10892089e+00   6.27686907e+00
 2.17000000e+00  -3.46944695e-18   1.00000000e+00   1.67983495e-01  -3.79169088e-05   4.13544724e+00   6.28532474e+00
 2.18000000e+00  -3.46944695e-18   1.00000000e+00   1.69870057e-01   2.50338611e-05   4.16890962e+00   6.30748629e+00
 2.19000000e+00  -3.46944695e-18   1.00000000e+00   1.71187218e-01   8.23141091e-05   4.19876393e+00   6.32580780e+00
 2.20000000e+00  -3.46944695e-18   1.00000000e+00   1.72063609e-01   1.48187070e-04   4.20629115e+00   6.33941818e+00
 2.21000000e+00  -3.46944695e-18   1.00000000e+00   1.72757751e-01   1.89847572e-04   4.19440852e+00   6.34622324e+00
 2.22000000e+00  -3.46944695e-18   1.00000000e+00   1.73542054e-01   1.73836889e-04   4.17071115e+00   6.35261333e+00
 2.23000000e+00  -3.46944695e-18   1.00000000e+00   1.74628843e-01   1.15407080e-04   4.15267554e+00   6.35271418e+00
 2.24000000e+00  -3.46944695e-18   1.00000000e+00   1.75884592e-01   3.70799393e-05   4.15406356e+00   6.35646937e+00
 2.25000000e+00  -3.46944695e-18   1.00000000e+00   1.77042347e-01  -2.81279874e-05   4.16697778e+00   6.36160834e+00
 2.26000000e+00  -3.46944695e-18   1.00000000e+00   1.78139927e-01  -5.97025646e-05   4.17493563e+00   6.35853452e+00
 2.27000000e+00  -3.46944695e-18   1.00000000e+00   1.79361266e-01  -6.99970545e-05   4.18525337e+00   6.36155056e+00
 2.28000000e+00  -3.46944695e-18   1.00000000e+00   1.80535837e-01  -4.33921125e-05   4.20834942e+00   6.37037091e+00
 2.29000000e+00  -3.46944695e-18   1.00000000e+00   1.81433310e-01   3.13615450e-05   4.23910846e+00   6.39031031e+00
 2.30000000e+00  -3.46944695e-18   1.00000000e+00   1.82131961e-01   1.18049877e-04   4.25543567e+00   6.40733618e+00
 2.31000000e+00  -3.46944695e-18   1.00000000e+00   1.82759942e-01   1.66331925e-04   4.26301100e+00   6.42710469e+00
 2.32000000e+00  -3.46944695e-18   1.00000000e+00   1.83250201e-01   1.71907213e-04   4.27027228e+00   6.43987443e+00
 2.33000000e+00  -3.46944695e-18   1.00000000e+00   1.83639479e-01   1.52477331e-04   4.27299250e+00   6.44609827e+00
 2.34000000e+00  -3.46944695e-18   1.00000000e+00   1.84053434e-01   1.03030689e-04   4.27034386e+00   6.44706477e+00
 2.35000000e+00  -3.46944695e-18   1.00000000e+00   1.84683761e-01   2.84464011e-05   4.27067176e+00   6.44498403e+00
 2.36000000e+00  -3.46944695e-18   1.00000000e+00   1.85502995e-01  -4.53515676e-05   4.28832141e+00   6.45147753e+00
 2.37000000e+00  -3.46944695e-18   1.00000000e+00   1.86126530e-01  -8.19567408e-05   4.32805190e+00   6.45914922e+00
 2.38000000e+00  -3.46944695e-18   1.00000000e+00   1.86211398e-01  -6.41566022e-05   4.37097625e+00   6.47396277e+00
 2.39000000e+00  -3.46944695e-18   1.00000000e+00   1.85811416e-01  -9.29633426e-06   4.39468275e+00   6.48586317e+00
 2.40000000e+00  -3.46944695e-18   1.00000000e+00   1.85077556e-01   5.37224124e-05   4.40344211e+00   6.50293896e+00
 2.41000000e+00  -3.46944695e-18   1.00000000e+00   1.84067966e-01   1.13771093e-04   4.40586070e+00   6.51537348e+00
 2.42000000e+00  -3.46944695e-18   1.00000000e+00   1.82778432e-01   1.68963628e-04   4.40646452e+00   6.53151742e+00
 2.43000000e+00  -3.46944695e-18   1.00000000e+00   1.81183305e-01   1.90360370e-04   4.39845567e+00   6.54852564e+00
 2.44000000e+00  -3.46944695e-18   1.00000000e+00   1.79378253e-01   1.43982333e-04   4.37386598e+00   6.55659655e+00
 2.45000000e+00  -3.46944695e-18   1.00000000e+00   1.77542006e-01   7.01207390e-05   4.34580020e+00   6.55289815e+00
 2.46000000e+00  -3.46944695e-18   1.00000000e+00   1.75788333e-01   5.28647986e-06   4.32169265e+00   6.54157856e+00
 2.47000000e+00  -3.46944695e-18   1.00000000e+00   1.73974774e-01  -4.31494215e-05   4.31368321e+00   6.54593416e+00
 2.48000000e+00  -3.46944695e-18   1.00000000e+00   1.72019507e-01  -6.91122619e-05   4.30588052e+00   6.54786043e+00
 2.49000000e+00  -3.46944695e-18   1.00000000e+00   1.69984395e-01  -5.49990291e-05   4.29912908e+00   6.55842160e+00
 2.50000000e+00  -3.46944695e-18   1.00000000e+00   1.67790812e-01  -2.96540592e-06   4.29600936e+00   6.56598780e+00
 2.51000000e+00  -3.46944695e-18   1.00000000e+00   1.65113767e-01   8.07327577e-05   4.29557090e+00   6.58611242e+00
 2.52000000e+00  -3.46944695e-18   1.00000000e+00   1.62080521e-01   1.54908423e-04   4.26990577e+00   6.59320545e+00
 2.53000000e+00  -3.46944695e-18   1.00000000e+00   1.59204783e-01   1.77560043e-04   4.22287311e+00   6.59819031e+00
 2.54000000e+00  -3.46944695e-18   1.00000000e+00   1.56640957e-01   1.68942368e-04   4.18316328e+00   6.59938573e+00
 2.55000000e+00  -3.46944695e-18   1.00000000e+00   1.54260841e-01   1.37278452e-04   4.15772409e+00   6.60162237e+00
 2.56000000e+00  -3.46944695e-18   1.00000000e+00   1.52004261e-01   7.68439585e-05   4.14140835e+00   6.60241080e+00
 2.57000000e+00  -3.46944695e-18   1.00000000e+00   1.49778664e-01  -4.66236191e-06   4.12934928e+00   6.59809936e+00
 2.58000000e+00  -3.46944695e-18   1.00000000e+00   1.47651254e-01  -6.10610599e-05   4.11649558e+00   6.59403911e+00
 2.59000000e+00  -3.46944695e-18   1.00000000e+00   1.45670837e-01  -6.37422227e-05   4.11283284e+00   6.58582503e+00
 2.60000000e+00  -3.46944695e-18   1.00000000e+00   1.43586097e-01  -2.35937778e-05   4.12528546e+00   6.59652197e+00
 2.61000000e+00  -3.46944695e-18   1.00000000e+00   1.41248345e-01   3.11984486e-05   4.13703865e+00   6.61050380e+00
 2.62000000e+00  -3.46944695e-18   1.00000000e+00   1.38645487e-01   9.80843056e-05   4.13855253e+00   6.62963808e+00
 2.63000000e+00  -3.46944695e-18   1.00000000e+00   1.35829570e-01   1.57645428e-04   4.12829278e+00   6.63674492e+00
 2.64000000e+00  -3.46944695e-18   1.00000000e+00   1.32846778e-01   1.93619757e-04   4.11339075e+00   6.64182604e+00
 2.65000000e+00  -3.46944695e-18   1.00000000e+00   1.29794372e-01   1.85036144e-04   4.08942887e+00   6.64250104e+00
 2.66000000e+00  -3.46944695e-18   1.00000000e+00   1.26799297e-01   1.17713341e-04   4.06199520e+00   6.64225208e+00
 2.67000000e+00  -3.46944695e-18   1.00000000e+00   1.23996321e-01   4.42310487e-05   4.03564681e+00   6.63380838e+00
 2.68000000e+00  -3.46944695e-18   1.00000000e+00   1.21303671e-01  -7.61638887e-06   4.02599801e+00   6.62502463e+00
 2.69000000e+00  -3.46944695e-18   1.00000000e+00   1.18396783e-01  -4.22425275e-05   4.03136902e+00   6.62892661e+00
 2.70000000e+00  -3.46944695e-18   1.00000000e+00   1.14987712e-01  -5.65555330e-05   4.03446350e+00   6.62986569e+00
 2.71000000e+00  -3.46944695e-18   1.00000000e+00   1.11279728e-01  -1.78578204e-05   4.01811227e+00   6.62826052e+00
 2.72000000e+00  -3.46944695e-18   1.00000000e+00   1.07567252e-01   5.84712297e-05   3.99242508e+00   6.62604063e+00
 2.73000000e+00  -3.46944695e-18   1.00000000e+00   1.03694693e-01   1.35683179e-04   3.97216321e+00   6.63650649e+00
 2.74000000e+00  -3.46944695e-18   1.00000000e+00   9.95344720e-02   1.84366920e-04   3.94939601e+00   6.64326885e+00
 2.75000000e+00  -3.46944695e-18   1.00000000e+00   9.52855769e-02   1.92527352e-04   3.90791796e+00   6.64445059e+00
 2.76000000e+00  -3.46944695e-18   1.00000000e+00   9.11823093e-02   1.69702546e-04   3.85905233e+00   6.63349054e+00
 2.77000000e+00  -3.46944695e-18   1.00000000e+00   8.73014426e-02   1.24146666e-04   3.81370557e+00   6.61723143e+00
 2.78000000e+00  -3.46944695e-18   1.00000000e+00   8.37126468e-02   5.25257902e-05   3.77363579e+00   6.60225757e+00
 2.79000000e+00  -3.46944695e-18   1.00000000e+00   8.03937899e-02  -2.35909000e-05   3.74550183e+00   6.58845969e+00
 2.80000000e+00  -3.46944695e-18   1.00000000e+00   7.72437364e-02  -5.12095516e-05   3.72600443e+00   6.57955037e+00
 2.81000000e+00  -3.46944695e-18   1.00000000e+00   7.41409906e-02  -2.72804932e-05   3.71551693e+00   6.57326659e+00
 2.82000000e+00  -3.46944695e-18   1.00000000e+00   7.09875089e-02   2.35134086e-05   3.70736137e+00   6.57000509e+00
 2.83000000e+00  -3.46944695e-18   1.00000000e+00   6.76580034e-02   8.01208082e-05   3.69812288e+00   6.57108255e+00
 2.84000000e+00  -3.46944695e-18   1.00000000e+00   6.42745648e-02   1.46848669e-04   3.67630472e+00   6.57122625e+00
 2.85000000e+00  -3.46944695e-18   1.00000000e+00   6.11848825e-02   2.03945874e-04   3.63986550e+00   6.56683837e+00
 2.86000000e+00  -3.46944695e-18   1.00000000e+00   5.85170224e-02   2.10865704e-04   3.60723230e+00   6.56262224e+00
 2.87000000e+00  -3.46944695e-18   1.00000000e+00   5.60400289e-02   1.70003393e-04   3.59153787e+00   6.55925712e+00
 2.88000000e+00  -3.46944695e-18   1.00000000e+00   5.36277330e-02   1.00971639e-04   3.57732017e+00   6.54701288e+00
 2.89000000e+00  -3.46944695e-18   1.00000000e+00   5.13884137e-02   3.21354653e-05   3.56154071e+00   6.53079620e+00
 2.90000000e+00  -3.46944695e-18   1.00000000e+00   4.94058268e-02  -9.31764118e-06   3.54929243e+00   6.51105606e+00
 2.91000000e+00  -3.46944695e-18   1.00000000e+00   4.76236124e-02  -3.26436183e-05   3.54799508e+00   6.50444891e+00
 2.92000000e+00  -3.46944695e-18   1.00000000e+00   4.56979168e-02  -2.78977557e-05   3.56126966e+00   6.50263804e+00
 2.93000000e+00  -3.46944695e-18   1.00000000e+00   4.34399583e-02   3.36832065e-05   3.57363885e+00   6.50199968e+00
 2.94000000e+00  -3.46944695e-18   1.00000000e+00   4.10160410e-02   1.19128460e-04   3.56941057e+00   6.50438094e+00
 2.95000000e+00  -3.46944695e-18   1.00000000e+00   3.84905388e-02   1.77047191e-04   3.55623615e+00   6.50537330e+00
 2.96000000e+00  -3.46944695e-18   1.00000000e+00   3.57744885e-02   2.01917535e-04   3.54407412e+00   6.49937759e+00
 2.97000000e+00  -3.46944695e-18   1.00000000e+00   3.31493289e-02   1.97192392e-04   3.51500928e+00   6.48615307e+00
 2.98000000e+00  -3.46944695e-18   1.00000000e+00   3.08532724e-02   1.64068732e-04   3.48245366e+00   6.47710503e+00
 2.99000000e+00  -3.46944695e-18   1.00000000e+00   2.88091858e-02   9.93932763e-05   3.45662293e+00   6.45957404e+00
 3.00000000e+00  -3.46944695e-18   1.00000000e+00   2.68812762e-02   2.37541805e-05   3.44536069e+00   6.44559094e+00
 3.01000000e+00  -3.46944695e-18   1.00000000e+00   2.49131863e-02  -2.89926469e-05   3.44100216e+00   6.42298046e+00
 3.02000000e+00  -3.46944695e-18   1.00000000e+00   2.28302296e-02  -3.00525128e-05   3.43640418e+00   6.41066053e+00
 3.03000000e+00  -3.46944695e-18   1.00000000e+00   2.07744838e-02   1.09616091e-05   3.42182777e+00   6.39598414e+00
 3.04000000e+00  -3.46944695e-18   1.00000000e+00   1.89102432e-02   6.53476350e-05   3.40380339e+00   6.39174039e+00
 3.05000000e+00  -3.46944695e-18   1.00000000e+00   1.71151757e-02   1.24114918e-04   3.39254778e+00   6.38714017e+00
 3.06000000e+00  -3.46944695e-18   1.00000000e+00   1.52131838e-02   1.87913000e-04   3.38425362e+00   6.38253988e+00
 3.07000000e+00  -3.46944695e-18   1.00000000e+00   1.33878552e-02   2.26965825e-04   3.35857403e+00   6.37537272e+00
 3.08000000e+00  -3.46944695e-18   1.00000000e+00   1.20296651e-02   2.01871860e-04   3.32081983e+00   6.36085028e+00
 3.09000000e+00  -3.46944695e-18   1.00000000e+00   1.11952586e-02   1.40187648e-04   3.28975796e+00   6.34276987e+00
 3.10000000e+00  -3.46944695e-18   1.00000000e+00   1.07647160e-02   7.54444625e-05   3.27167854e+00   6.32173670e+00
 3.11000000e+00  -3.46944695e-18   1.00000000e+00   1.06847635e-02   1.98054979e-05   3.26186443e+00   6.30976774e+00
 3.12000000e+00  -3.46944695e-18   1.00000000e+00   1.09105075e-02  -1.87297613e-05   3.26067999e+00   6.29385911e+00
 3.13000000e+00  -3.46944695e-18   1.00000000e+00   1.12441131e-02  -2.48129135e-05   3.26951075e+00   6.28845791e+00
 3.14000000e+00  -3.46944695e-18   1.00000000e+00   1.15029041e-02   9.07830276e-06   3.28384708e+00   6.27827114e+00
 3.15000000e+00  -3.46944695e-18   1.00000000e+00   1.16334433e-02   8.22754005e-05   3.29676549e+00   6.27569914e+00
 3.16000000e+00  -3.46944695e-18   1.00000000e+00   1.18604389e-02   1.61895918e-04   3.29308048e+00   6.27508206e+00
 3.17000000e+00  -3.46944695e-18   1.00000000e+00   1.24032637e-02   1.98144208e-04   3.28101004e+00   6.28220738e+00
 3.18000000e+00  -3.46944695e-18   1.00000000e+00   1.31110730e-02   2.02558682e-04   3.27965365e+00   6.27749451e+00
 3.19000000e+00  -3.46944695e-18   1.00000000e+00   1.38426278e-02   1.87212593e-04   3.28333631e+00   6.26660222e+00
 3.20000000e+00  -3.46944695e-18   1.00000000e+00   1.46710808e-02   1.38125955e-04   3.28110207e+00   6.25976854e+00
 3.21000000e+00  -3.46944695e-18   1.00000000e+00   1.57254021e-02   5.65853205e-05   3.27613673e+00   6.24432353e+00
 3.22000000e+00  -3.46944695e-18   1.00000000e+00   1.70066184e-02  -8.39556531e-06   3.27840741e+00   6.23174128e+00
 3.23000000e+00  -3.46944695e-18   1.00000000e+00   1.83947150e-02  -3.50408900e-05   3.29051855e+00   6.21762195e+00
 3.24000000e+00  -3.46944695e-18   1.00000000e+00   1.96066455e-02  -1.21019696e-05   3.31649429e+00   6.21853152e+00
 3.25000000e+00  -3.46944695e-18   1.00000000e+00   2.04786217e-02   3.28263707e-05   3.33746580e+00   6.21836641e+00
 3.26000000e+00  -3.46944695e-18   1.00000000e+00   2.11389681e-02   9.03942270e-05   3.34274364e+00   6.21757072e+00
 3.27000000e+00  -3.46944695e-18   1.00000000e+00   2.18473803e-02   1.56523386e-04   3.33693231e+00   6.21265695e+00
 3.28000000e+00  -3.46944695e-18   1.00000000e+00   2.25320105e-02   2.03999776e-04   3.33135503e+00   6.20788380e+00
 3.29000000e+00  -3.46944695e-18   1.00000000e+00   2.33047194e-02   2.17605350e-04   3.31949518e+00   6.20296752e+00
 3.30000000e+00  -3.46944695e-18   1.00000000e+00   2.45305978e-02   1.65894145e-04   3.29308111e+00   6.19699101e+00
 3.31000000e+00  -3.46944695e-18   1.00000000e+00   2.61349184e-02   9.68048613e-05   3.28095624e+00   6.18628450e+00
 3.32000000e+00  -3.46944695e-18   1.00000000e+00   2.78216663e-02   4.04749288e-05   3.28509616e+00   6.16656692e+00
 3.33000000e+00  -3.46944695e-18   1.00000000e+00   2.95603830e-02  -5.25056159e-06   3.29082824e+00   6.15670193e+00
 3.34000000e+00  -3.46944695e-18   1.00000000e+00   3.14607139e-02  -3.77796685e-05   3.29291399e+00   6.14514515e+00
 3.35000000e+00  -3.46944695e-18   1.00000000e+00   3.35944822e-02  -1.96529325e-05   3.29595011e+00   6.14155883e+00
 3.36000000e+00  -3.46944695e-18   1.00000000e+00   3.58866472e-02   4.04260969e-05   3.30657912e+00   6.14194133e+00
 3.37000000e+00  -3.46944695e-18   1.00000000e+00   3.80964171e-02   1.15645326e-04   3.32445895e+00   6.14656275e+00
 3.38000000e+00  -3.46944695e-18   1.00000000e+00   4.02430665e-02   1.74968017e-04   3.33258926e+00   6.15136896e+00
 3.39000000e+00  -3.46944695e-18   1.00000000e+00   4.25642095e-02   1.95514469e-04   3.32719658e+00   6.15326658e+00
 3.40000000e+00  -3.46944695e-18   1.00000000e+00   4.52893642e-02   1.87695494e-04   3.31611999e+00   6.14806069e+00
 3.41000000e+00  -3.46944695e-18   1.00000000e+00   4.84247032e-02   1.55186393e-04   3.31637588e+00   6.13923191e+00
 3.42000000e+00  -3.46944695e-18   1.00000000e+00   5.18705222e-02   9.09287372e-05   3.32893968e+00   6.13910043e+00
 3.43000000e+00  -3.46944695e-18   1.00000000e+00   5.54768566e-02   7.21921411e-06   3.35192463e+00   6.13798313e+00
 3.44000000e+00  -3.46944695e-18   1.00000000e+00   5.91407406e-02  -3.94496637e-05   3.38066778e+00   6.13456741e+00
 3.45000000e+00  -3.46944695e-18   1.00000000e+00   6.27192112e-02  -3.54388513e-05   3.41764598e+00   6.13085354e+00
 3.46000000e+00  -3.46944695e-18   1.00000000e+00   6.60812696e-02  -2.51051557e-06   3.45500880e+00   6.13801688e+00
 3.47000000e+00  -3.46944695e-18   1.00000000e+00   6.91893489e-02   4.57150700e-05   3.48734930e+00   6.14742114e+00
 3.48000000e+00  -3.46944695e-18   1.00000000e+00   7.22007498e-02   1.09236173e-04   3.50616711e+00   6.15527242e+00
 3.49000000e+00  -3.46944695e-18   1.00000000e+00   7.52896133e-02   1.73057129e-04   3.52004304e+00   6.16428314e+00
 3.50000000e+00  -3.46944695e-18   1.00000000e+00   7.83095974e-02   1.99771424e-04   3.53815906e+00   6.17182383e+00
 3.51000000e+00  -3.46944695e-18   1.00000000e+00   8.10743957e-02   1.77796734e-04   3.55672271e+00   6.17672753e+00
 3.52000000e+00  -3.46944695e-18   1.00000000e+00   8.38425938e-02   1.16484285e-04   3.55737774e+00   6.16869678e+00
 3.53000000e+00  -3.46944695e-18   1.00000000e+00   8.69491512e-02   4.98463926e-05   3.55863631e+00   6.16238347e+00
 3.54000000e+00  -3.46944695e-18   1.00000000e+00   9.01595461e-02  -1.49946798e-06   3.57834851e+00   6.15759514e+00
 3.55000000e+00  -3.46944695e-18   1.00000000e+00   9.32208642e-02  -3.68579533e-05   3.60803052e+00   6.16222896e+00
 3.56000000e+00  -3.46944695e-18   1.00000000e+00   9.60358777e-02  -5.14654790e-05   3.63799840e+00   6.16781558e+00
 3.57000000e+00  -3.46944695e-18   1.00000000e+00   9.85760927e-02  -1.01096569e-05   3.66058680e+00   6.17202391e+00
 3.58000000e+00  -3.46944695e-18   1.00000000e+00   1.00917932e-01   7.07346074e-05   3.67225310e+00   6.17727221e+00
 3.59000000e+00  -3.46944695e-18   1.00000000e+00   1.03239308e-01   1.31939774e-04   3.67509353e+00   6.18236380e+00
 3.60000000e+00  -3.46944695e-18   1.00000000e+00   1.05606462e-01   1.70576828e-04   3.67505330e+00   6.19014578e+00
 3.61000000e+00  -3.46944695e-18   1.00000000e+00   1.08122382e-01   1.79739444e-04   3.67093831e+00   6.19469370e+00
 3.62000000e+00  -3.46944695e-18   1.00000000e+00   1.10925401e-01   1.59867585e-04   3.66632574e+00   6.19792340e+00
 3.63000000e+00  -3.46944695e-18   1.00000000e+00   1.13990469e-01   1.06305288e-04   3.67206290e+00   6.19368176e+00
 3.64000000e+00  -3.46944695e-18   1.00000000e+00   1.17121891e-01   3.21958130e-05   3.69160370e+00   6.19399657e+00
 3.65000000e+00  -3.46944695e-18   1.00000000e+00   1.20270025e-01  -3.71805533e-05   3.71351077e+00   6.19149733e+00
 3.66000000e+00  -3.46944695e-18   1.00000000e+00   1.23565706e-01  -5.61426437e-05   3.73495668e+00   6.19233514e+00
 3.67000000e+00  -3.46944695e-18   1.00000000e+00   1.26953334e-01  -3.28018477e-05   3.76644231e+00   6.19900369e+00
 3.68000000e+00  -3.46944695e-18   1.00000000e+00   1.30243205e-01   9.29258156e-06   3.80732988e+00   6.21646892e+00
 3.69000000e+00  -3.46944695e-18   1.00000000e+00   1.33181223e-01   6.41058590e-05   3.84918372e+00   6.23588317e+00
 3.70000000e+00  -3.46944695e-18   1.00000000e+00   1.35815491e-01   1.30035152e-04   3.87344272e+00   6.24361795e+00
 3.71000000e+00  -3.46944695e-18   1.00000000e+00   1.38522226e-01   1.84623323e-04   3.87939670e+00   6.25024989e+00
 3.72000000e+00  -3.46944695e-18   1.00000000e+00   1.41494234e-01   1.78744192e-04   3.88804062e+00   6.25630132e+00
 3.73000000e+00  -3.46944695e-18   1.00000000e+00   1.44484915e-01   1.31641565e-04   3.91418293e+00   6.26674508e+00
 3.74000000e+00  -3.46944695e-18   1.00000000e+00   1.47425080e-01   6.93483085e-05   3.94116896e+00   6.26748893e+00
 3.75000000e+00  -3.46944695e-18   1.00000000e+00   1.50345022e-01   9.78432411e-06   3.97275430e+00   6.27524166e+00
 3.76000000e+00  -3.46944695e-18   1.00000000e+00   1.53080806e-01  -3.96414258e-05   4.01005964e+00   6.27822622e+00
 3.77000000e+00  -3.46944695e-18   1.00000000e+00   1.55439097e-01  -6.15557245e-05   4.05229919e+00   6.28753190e+00
 3.78000000e+00  -3.46944695e-18   1.00000000e+00   1.57428424e-01  -4.87560496e-05   4.08442715e+00   6.29564278e+00
 3.79000000e+00  -3.46944695e-18   1.00000000e+00   1.59119271e-01   1.46037400e-05   4.10887870e+00   6.30885601e+00
 3.80000000e+00  -3.46944695e-18   1.00000000e+00   1.60562583e-01   9.46094998e-05   4.12399483e+00   6.32507413e+00
 3.81000000e+00  -3.46944695e-18   1.00000000e+00   1.61780146e-01   1.43216364e-04   4.13147840e+00   6.33982006e+00
 3.82000000e+00  -3.46944695e-18   1.00000000e+00   1.62767939e-01   1.62566001e-04   4.13633408e+00   6.35040045e+00
 3.83000000e+00  -3.46944695e-18   1.00000000e+00   1.63574188e-01   1.62239485e-04   4.13132344e+00   6.35169971e+00
 3.84000000e+00  -3.46944695e-18   1.00000000e+00   1.64391245e-01   1.30155050e-04   4.11772212e+00   6.35356987e+00
 3.85000000e+00  -3.46944695e-18   1.00000000e+00   1.65521290e-01   5.37434513e-05   4.10306992e+00   6.34697420e+00
 3.86000000e+00  -3.46944695e-18   1.00000000e+00   1.66784840e-01  -1.56836470e-05   4.11776270e+00   6.35324628e+00
 3.87000000e+00  -3.46944695e-18   1.00000000e+00   1.67772537e-01  -5.95759504e-05   4.14112586e+00   6.36120280e+00
 3.88000000e+00  -3.46944695e-18   1.00000000e+00   1.68443371e-01  -5.53859530e-05   4.15855642e+00   6.37137259e+00
 3.89000000e+00  -3.46944695e-18   1.00000000e+00   1.68966659e-01  -2.11812896e-05   4.16365934e+00   6.37665150e+00
 3.90000000e+00  -3.46944695e-18   1.00000000e+00   1.69369560e-01   2.79813487e-05   4.16685657e+00   6.38722940e+00
 3.91000000e+00  -3.46944695e-18   1.00000000e+00   1.69718793e-01   9.12132742e-05   4.16818971e+00   6.39900661e+00
 3.92000000e+00  -3.46944695e-18   1.00000000e+00   1.70026490e-01   1.53973954e-04   4.16619915e+00   6.40991291e+00
 3.93000000e+00  -3.46944695e-18   1.00000000e+00   1.70419064e-01   1.82773706e-04   4.15913117e+00   6.42020942e+00
 3.94000000e+00  -3.46944695e-18   1.00000000e+00   1.71036995e-01   1.52573079e-04   4.15231635e+00   6.42637080e+00
 3.95000000e+00  -3.46944695e-18   1.00000000e+00   1.71709648e-01   9.23108862e-05   4.18617048e+00   6.44915068e+00
 3.96000000e+00  -3.46944695e-18   1.00000000e+00   1.72301850e-01   3.48760483e-05   4.13304882e+00   6.40625096e+00
 3.97000000e+00  -3.46944695e-18   1.00000000e+00   1.72936574e-01  -1.40737388e-05   4.18621020e+00   6.43491055e+00
 3.98000000e+00  -3.46944695e-18   1.00000000e+00   1.73637557e-01  -6.20695958e-05   4.20980927e+00   6.43591426e+00
 3.99000000e+00  -3.46944695e-18   1.00000000e+00   1.74130828e-01  -6.05586125e-05   4.24416365e+00   6.45085554e+00
 4.00000000e+00  -3.46944695e-18   1.00000000e+00   1.74199177e-01  -1.78940061e-05   4.27829455e+00   6.46742778e+00
 4.01000000e+00  -3.46944695e-18   1.00000000e+00   1.73795419e-01   5.38589261e-05   4.29824618e+00   6.48376988e+00
 4.02000000e+00  -3.46944695e-18   1.00000000e+00   1.73049002e-01   1.20492347e-04   4.30096176e+00   6.49862138e+00
 4.03000000e+00  -3.46944695e-18   1.00000000e+00   1.72219374e-01   1.55299454e-04   4.28726668e+00   6.50241713e+00
 4.04000000e+00  -3.46944695e-18   1.00000000e+00   1.71504913e-01   1.61594415e-04   4.27682943e+00   6.50881876e+00
 4.05000000e+00  -3.46944695e-18   1.00000000e+00   1.70704033e-01   1.47337070e-04   4.27659013e+00   6.51474414e+00
 4.06000000e+00  -3.46944695e-18   1.00000000e+00   1.69653233e-01   9.61802387e-05   4.27860070e+00   6.52616036e+00
 4.07000000e+00  -3.46944695e-18   1.00000000e+00   1.68490078e-01   1.24731876e-05   4.27285942e+00   6.52431980e+00
 4.08000000e+00  -3.46944695e-18   1.00000000e+00   1.67227219e-01  -4.30331435e-05   4.27145348e+00   6.52297561e+00
 4.09000000e+00  -3.46944695e-18   1.00000000e+00   1.65639118e-01  -5.72153516e-05   4.27954517e+00   6.52744287e+00
 4.10000000e+00  -3.46944695e-18   1.00000000e+00   1.63682017e-01  -3.58192134e-05   4.27611731e+00   6.53773971e+00
 4.11000000e+00  -3.46944695e-18   1.00000000e+00   1.61544799e-01   2.15558768e-06   4.26423280e+00   6.54919245e+00
 4.12000000e+00  -3.46944695e-18   1.00000000e+00   1.59265987e-01   6.32297170e-05   4.24792074e+00   6.55798986e+00
 4.13000000e+00  -3.46944695e-18   1.00000000e+00   1.56759815e-01   1.31224047e-04   4.22983913e+00   6.57150879e+00
 4.14000000e+00  -3.46944695e-18   1.00000000e+00   1.54070975e-01   1.76763540e-04   4.20138083e+00   6.57294416e+00
 4.15000000e+00  -3.46944695e-18   1.00000000e+00   1.51443729e-01   1.75532948e-04   4.16154191e+00   6.57413023e+00
 4.16000000e+00  -3.46944695e-18   1.00000000e+00   1.49150166e-01   1.28762850e-04   4.11790163e+00   6.56700352e+00
 4.17000000e+00  -3.46944695e-18   1.00000000e+00   1.47210284e-01   6.72380265e-05   4.09421403e+00   6.56528772e+00
 4.18000000e+00  -3.46944695e-18   1.00000000e+00   1.45334895e-01   1.57277940e-05   4.09075718e+00   6.56282330e+00
 4.19000000e+00  -3.46944695e-18   1.00000000e+00   1.43311642e-01  -2.99581179e-05   4.09352712e+00   6.56925509e+00
 4.20000000e+00  -3.46944695e-18   1.00000000e+00   1.41121067e-01  -5.93835341e-05   4.09062253e+00   6.57406057e+00
 4.21000000e+00  -3.46944695e-18   1.00000000e+00   1.38879249e-01  -3.60453498e-05   4.08113031e+00   6.57239763e+00
 4.22000000e+00  -3.46944695e-18   1.00000000e+00   1.36604917e-01   3.33755230e-05   4.07257895e+00   6.57755521e+00
 4.23000000e+00  -3.46944695e-18   1.00000000e+00   1.34268074e-01   1.00932178e-04   4.06380780e+00   6.58733426e+00
 4.24000000e+00  -3.46944695e-18   1.00000000e+00   1.31903765e-01   1.47640799e-04   4.05177987e+00   6.60192730e+00
 4.25000000e+00  -3.46944695e-18   1.00000000e+00   1.29536819e-01   1.74509890e-04   4.03410393e+00   6.60251734e+00
 4.26000000e+00  -3.46944695e-18   1.00000000e+00   1.27286142e-01   1.69491198e-04   4.01362988e+00   6.60182629e+00
 4.27000000e+00  -3.46944695e-18   1.00000000e+00   1.25155206e-01   1.32625429e-04   4.00301162e+00   6.59547996e+00
 4.28000000e+00  -3.46944695e-18   1.00000000e+00   1.22934300e-01   6.66080052e-05   4.00100304e+00   6.59654540e+00
 4.29000000e+00  -3.46944695e-18   1.00000000e+00   1.20703967e-01  -9.52609745e-06   3.99323862e+00   6.59144231e+00
 4.30000000e+00  -3.46944695e-18   1.00000000e+00   1.18595267e-01  -4.50541296e-05   3.99052013e+00   6.58905055e+00
 4.31000000e+00  -3.46944695e-18   1.00000000e+00   1.16194993e-01  -3.38039716e-05   4.00596704e+00   6.59681869e+00
 4.32000000e+00  -3.46944695e-18   1.00000000e+00   1.13218013e-01  -6.74487946e-06   4.01391074e+00   6.60656950e+00
 4.33000000e+00  -3.46944695e-18   1.00000000e+00   1.09873593e-01   4.26461826e-05   4.00115131e+00   6.61144228e+00
 4.34000000e+00  -3.46944695e-18   1.00000000e+00   1.06447368e-01   1.09669319e-04   3.96934676e+00   6.60677894e+00
 4.35000000e+00  -3.46944695e-18   1.00000000e+00   1.03070999e-01   1.74976163e-04   3.93771603e+00   6.60886489e+00
 4.36000000e+00  -3.46944695e-18   1.00000000e+00   9.97598397e-02   1.93262396e-04   3.90512798e+00   6.60572164e+00
 4.37000000e+00  -3.46944695e-18   1.00000000e+00   9.64507493e-02   1.64117394e-04   3.87824754e+00   6.60747066e+00
 4.38000000e+00  -3.46944695e-18   1.00000000e+00   9.31485909e-02   1.12619978e-04   3.85253957e+00   6.59560576e+00
 4.39000000e+00  -3.46944695e-18   1.00000000e+00   8.99379628e-02   5.57880592e-05   3.82195994e+00   6.58551702e+00
 4.40000000e+00  -3.46944695e-18   1.00000000e+00   8.68136250e-02   2.51998712e-06   3.79928512e+00   6.57100884e+00
 4.41000000e+00  -3.46944695e-18   1.00000000e+00   8.36787910e-02  -3.27069023e-05   3.78434188e+00   6.56448851e+00
 4.42000000e+00  -3.46944695e-18   1.00000000e+00   8.04655514e-02  -3.75276169e-05   3.76947656e+00   6.56434949e+00
 4.43000000e+00  -3.46944695e-18   1.00000000e+00   7.72424577e-02   8.80217197e-06   3.74799777e+00   6.56140776e+00
 4.44000000e+00  -3.46944695e-18   1.00000000e+00   7.40333600e-02   8.79269526e-05   3.72670087e+00   6.55978212e+00
 4.45000000e+00  -3.46944695e-18   1.00000000e+00   7.08102712e-02   1.41982821e-04   3.70323791e+00   6.55641732e+00
 4.46000000e+00  -3.46944695e-18   1.00000000e+00   6.76536682e-02   1.75121733e-04   3.67436441e+00   6.55478556e+00
 4.47000000e+00  -3.46944695e-18   1.00000000e+00   6.48154054e-02   1.90669160e-04   3.63616723e+00   6.53996001e+00
 4.48000000e+00  -3.46944695e-18   1.00000000e+00   6.24877511e-02   1.74515244e-04   3.59878969e+00   6.53079243e+00
 4.49000000e+00  -3.46944695e-18   1.00000000e+00   6.06124634e-02   1.12946534e-04   3.58011809e+00   6.52156400e+00
 4.50000000e+00  -3.46944695e-18   1.00000000e+00   5.87852126e-02   4.12386357e-05   3.58169277e+00   6.51592771e+00
 4.51000000e+00  -3.46944695e-18   1.00000000e+00   5.68102466e-02  -1.29307585e-05   3.58422886e+00   6.50383128e+00
 4.52000000e+00  -3.46944695e-18   1.00000000e+00   5.48960562e-02  -2.68073024e-05   3.57965759e+00   6.49578948e+00
 4.53000000e+00  -3.46944695e-18   1.00000000e+00   5.30891872e-02  -5.62649044e-06   3.57509599e+00   6.49083680e+00
 4.54000000e+00  -3.46944695e-18   1.00000000e+00   5.11906035e-02   3.33522181e-05   3.57889689e+00   6.49100646e+00
 4.55000000e+00  -3.46944695e-18   1.00000000e+00   4.91615283e-02   8.89759454e-05   3.57629623e+00   6.49354368e+00
 4.56000000e+00  -3.46944695e-18   1.00000000e+00   4.71493828e-02   1.59657295e-04   3.56526192e+00   6.49048325e+00
 4.57000000e+00  -3.46944695e-18   1.00000000e+00   4.51871193e-02   2.04678243e-04   3.54970713e+00   6.48985083e+00
 4.58000000e+00  -3.46944695e-18   1.00000000e+00   4.32841920e-02   1.93017038e-04   3.53393964e+00   6.47876004e+00
 4.59000000e+00  -3.46944695e-18   1.00000000e+00   4.15245589e-02   1.48072887e-04   3.51404168e+00   6.46665673e+00
 4.60000000e+00  -3.46944695e-18   1.00000000e+00   3.99219476e-02   9.40450608e-05   3.50334027e+00   6.45210185e+00
 4.61000000e+00  -3.46944695e-18   1.00000000e+00   3.83856896e-02   4.31886124e-05   3.49546643e+00   6.44366197e+00
 4.62000000e+00  -3.46944695e-18   1.00000000e+00   3.68995605e-02  -1.18340952e-05   3.49251886e+00   6.43524576e+00
 4.63000000e+00  -3.46944695e-18   1.00000000e+00   3.52481761e-02  -3.02476782e-05   3.49971705e+00   6.42689354e+00
 4.64000000e+00  -3.46944695e-18   1.00000000e+00   3.32027171e-02  -3.89430589e-06   3.50393819e+00   6.41988784e+00
 4.65000000e+00  -3.46944695e-18   1.00000000e+00   3.10058056e-02   5.82200651e-05   3.48885668e+00   6.41084789e+00
 4.66000000e+00  -3.46944695e-18   1.00000000e+00   2.90270787e-02   1.28056881e-04   3.46078639e+00   6.40479600e+00
 4.67000000e+00  -3.46944695e-18   1.00000000e+00   2.72969647e-02   1.73501773e-04   3.43223446e+00   6.39577404e+00
 4.68000000e+00  -3.46944695e-18   1.00000000e+00   2.57361093e-02   1.92751304e-04   3.41170071e+00   6.39133402e+00
 4.69000000e+00  -3.46944695e-18   1.00000000e+00   2.43120372e-02   1.94430967e-04   3.39303778e+00   6.37589246e+00
 4.70000000e+00  -3.46944695e-18   1.00000000e+00   2.31432362e-02   1.59598283e-04   3.36851037e+00   6.36229143e+00
 4.71000000e+00  -3.46944695e-18   1.00000000e+00   2.23925199e-02   7.91146708e-05   3.34422385e+00   6.34407884e+00
 4.72000000e+00  -3.46944695e-18   1.00000000e+00   2.19344512e-02   1.55079799e-05   3.33525366e+00   6.32849229e+00
 4.73000000e+00  -3.46944695e-18   1.00000000e+00   2.15492428e-02  -1.40487394e-05   3.33753378e+00   6.31573839e+00
 4.74000000e+00  -3.46944695e-18   1.00000000e+00   2.12668848e-02  -1.11911120e-05   3.33542713e+00   6.30974226e+00
 4.75000000e+00  -3.46944695e-18   1.00000000e+00   2.11373921e-02   1.66040723e-05   3.33289853e+00   6.31072760e+00
 4.76000000e+00  -3.46944695e-18   1.00000000e+00   2.09923222e-02   6.67512782e-05   3.33614082e+00   6.30279203e+00
 4.77000000e+00  -3.46944695e-18   1.00000000e+00   2.08545148e-02   1.33824672e-04   3.33363880e+00   6.29664991e+00
 4.78000000e+00  -3.46944695e-18   1.00000000e+00   2.09546611e-02   1.92499173e-04   3.32050353e+00   6.28945834e+00
 4.79000000e+00  -3.46944695e-18   1.00000000e+00   2.14742304e-02   2.08826481e-04   3.30317430e+00   6.28997000e+00
 4.80000000e+00  -3.46944695e-18   1.00000000e+00   2.24043853e-02   1.77147745e-04   3.29340853e+00   6.28030891e+00
 4.81000000e+00  -3.46944695e-18   1.00000000e+00   2.35650787e-02   1.22189541e-04   3.29869259e+00   6.27239838e+00
 4.82000000e+00  -3.46944695e-18   1.00000000e+00   2.47381195e-02   7.00983603e-05   3.31282139e+00   6.26175070e+00
 4.83000000e+00  -3.46944695e-18   1.00000000e+00   2.58035740e-02   1.78283595e-05   3.33130506e+00   6.25643702e+00
 4.84000000e+00  -3.46944695e-18   1.00000000e+00   2.68560752e-02  -2.84902129e-05   3.33840082e+00   6.25031488e+00
 4.85000000e+00  -3.46944695e-18   1.00000000e+00   2.80226142e-02  -2.45844559e-05   3.34867752e+00   6.24273726e+00
 4.86000000e+00  -3.46944695e-18   1.00000000e+00   2.90499083e-02   2.84813943e-05   3.36788098e+00   6.24546957e+00
 4.87000000e+00  -3.46944695e-18   1.00000000e+00   2.97660485e-02   9.31117255e-05   3.38255176e+00   6.24606905e+00
 4.88000000e+00  -3.46944695e-18   1.00000000e+00   3.04525786e-02   1.47467611e-04   3.37908651e+00   6.24950270e+00
 4.89000000e+00  -3.46944695e-18   1.00000000e+00   3.12682665e-02   1.83387265e-04   3.36921433e+00   6.23954035e+00
 4.90000000e+00  -3.46944695e-18   1.00000000e+00   3.21771012e-02   1.94643583e-04   3.36297802e+00   6.23370566e+00
 4.91000000e+00  -3.46944695e-18   1.00000000e+00   3.32361829e-02   1.72990005e-04   3.35635636e+00   6.22176438e+00
 4.92000000e+00  -3.46944695e-18   1.00000000e+00   3.45260319e-02   1.16794974e-04   3.34860052e+00   6.21565687e+00
 4.93000000e+00  -3.46944695e-18   1.00000000e+00   3.60199205e-02   3.80143828e-05   3.35056801e+00   6.20829565e+00
 4.94000000e+00  -3.46944695e-18   1.00000000e+00   3.75424588e-02  -1.39590651e-05   3.35948479e+00   6.20005436e+00
 4.95000000e+00  -3.46944695e-18   1.00000000e+00   3.88605823e-02  -1.77472959e-05   3.37454060e+00   6.19205166e+00
 4.96000000e+00  -3.46944695e-18   1.00000000e+00   4.00142391e-02  -5.91677415e-06   3.38302531e+00   6.18639867e+00
 4.97000000e+00  -3.46944695e-18   1.00000000e+00   4.12687618e-02   2.98254642e-05   3.37850265e+00   6.18791084e+00
 4.98000000e+00  -3.46944695e-18   1.00000000e+00   4.28104008e-02   9.40113340e-05   3.36675654e+00   6.18111605e+00
 4.99000000e+00  -3.46944695e-18   1.00000000e+00   4.45464513e-02   1.62589100e-04   3.36434379e+00   6.18372790e+00
 5.00000000e+00  -3.46944695e-18   1.00000000e+00   4.64115461e-02   1.97968712e-04   3.36156035e+00   6.18056991e+00