  Time  Coordinate0  Coordinate1  Displacement0  Displacement1  Force0  Force1
 1.00000000e-02  -8.33333333e-03   1.00000000e+00   7.78464678e-04   1.14059183e-05   6.82432137e+00  -2.84665270e+00
 2.00000000e-02  -8.33333333e-03   1.00000000e+00   1.83524733e-03   8.20354858e-05   2.56619869e+00   5.68803225e+00
 3.00000000e-02  -8.33333333e-03   1.00000000e+00   3.06400894e-03   1.47608344e-04   2.29671598e+00   3.46113666e+00
 4.00000000e-02  -8.33333333e-03   1.00000000e+00   4.45545906e-03   1.96890267e-04   2.12683638e+00   3.02139337e+00
 5.00000000e-02  -8.33333333e-03   1.00000000e+00   6.05232976e-03   2.24724225e-04   2.01340685e+00   2.82931316e+00
 6.00000000e-02  -8.33333333e-03   1.00000000e+00   7.91813507e-03   2.33788924e-04   1.93169666e+00   2.72282513e+00
 7.00000000e-02  -8.33333333e-03   1.00000000e+00   1.01002250e-02   2.32530271e-04   1.86867452e+00   2.64469856e+00
 8.00000000e-02  -8.33333333e-03   1.00000000e+00   1.26083849e-02   2.31209308e-04   1.81797201e+00   2.57801971e+00
 9.00000000e-02  -8.33333333e-03   1.00000000e+00   1.54146168e-02   2.38603212e-04   1.77664556e+00   2.51686342e+00
 1.00000000e-01  -8.33333333e-03   1.00000000e+00   1.84666520e-02   2.59884242e-04   1.74305015e+00   2.45956574e+00
 1.10000000e-01  -8.33333333e-03   1.00000000e+00   2.17044049e-02   2.96113270e-04   1.71605858e+00   2.40616088e+00
 1.20000000e-01  -8.33333333e-03   1.00000000e+00   2.50723301e-02   3.44881943e-04   1.69463599e+00   2.35678895e+00
 1.30000000e-01  -8.33333333e-03   1.00000000e+00   2.85257159e-02   4.01665036e-04   1.67734440e+00   2.31151064e+00
 1.40000000e-01  -8.33333333e-03   1.00000000e+00   3.20318709e-02   4.61304059e-04   1.66330251e+00   2.26997385e+00
 1.50000000e-01  -8.33333333e-03   1.00000000e+00   3.55681941e-02   5.19298412e-04   1.65191168e+00   2.23171217e+00
 1.60000000e-01  -8.33333333e-03   1.00000000e+00   3.91189986e-02   5.72598667e-04   1.64287243e+00   2.19639922e+00
 1.70000000e-01  -8.33333333e-03   1.00000000e+00   4.26724806e-02   6.19860517e-04   1.63570962e+00   2.16344954e+00
 1.80000000e-01  -8.33333333e-03   1.00000000e+00   4.62187672e-02   6.61229101e-04   1.63020382e+00   2.13250959e+00
 1.90000000e-01  -8.33333333e-03   1.00000000e+00   4.97493148e-02   6.97837344e-04   1.62616840e+00   2.10335734e+00
 2.00000000e-01  -8.33333333e-03   1.00000000e+00   5.32573993e-02   7.31231694e-04   1.62336657e+00   2.07583332e+00
 2.10000000e-01  -8.33333333e-03   1.00000000e+00   5.67391716e-02   7.62882855e-04   1.62161601e+00   2.04982640e+00
 2.20000000e-01  -8.33333333e-03   1.00000000e+00   6.01946085e-02   7.93892052e-04   1.62065534e+00   2.02524868e+00
 2.30000000e-01  -8.33333333e-03   1.00000000e+00   6.36279031e-02   8.24897963e-04   1.62025457e+00   2.00196516e+00
 2.40000000e-01  -8.33333333e-03   1.00000000e+00   6.70470747e-02   8.56149946e-04   1.62018496e+00   1.97984559e+00
 2.50000000e-01  -8.33333333e-03   1.00000000e+00   7.04628794e-02   8.87671088e-04   1.62024324e+00   1.95868513e+00
 2.60000000e-01  -8.33333333e-03   1.00000000e+00   7.38872728e-02   9.19439096e-04   1.62030347e+00   1.93828853e+00
 2.70000000e-01  -8.33333333e-03   1.00000000e+00   7.73317686e-02   9.51521964e-04   1.62029941e+00   1.91842125e+00
 2.80000000e-01  -8.33333333e-03   1.00000000e+00   8.08059795e-02   9.84139492e-04   1.62020037e+00   1.89891550e+00
 2.90000000e-01  -8.33333333e-03   1.00000000e+00   8.43165334e-02   1.01764774e-03   1.62002743e+00   1.87962744e+00
 3.00000000e-01  -8.33333333e-03   1.00000000e+00   8.78664315e-02   1.05246765e-03   1.61982350e+00   1.86049098e+00
 3.10000000e-01  -8.33333333e-03   1.00000000e+00   9.14548262e-02   1.08899526e-03   1.61964676e+00   1.84142716e+00
 3.20000000e-01  -8.33333333e-03   1.00000000e+00   9.50771050e-02   1.12748945e-03   1.61956022e+00   1.82244077e+00
 3.30000000e-01  -8.33333333e-03   1.00000000e+00   9.87251787e-02   1.16802336e-03   1.61965742e+00   1.80355382e+00
 3.40000000e-01  -8.33333333e-03   1.00000000e+00   1.02387977e-01   1.21045533e-03   1.61999171e+00   1.78483346e+00
 3.50000000e-01  -8.33333333e-03   1.00000000e+00   1.06051937e-01   1.25444217e-03   1.62061573e+00   1.76634775e+00
 3.60000000e-01  -8.33333333e-03   1.00000000e+00   1.09701596e-01   1.29948251e-03   1.62157169e+00   1.74811563e+00
 3.70000000e-01  -8.33333333e-03   1.00000000e+00   1.13320196e-01   1.34498219e-03   1.62290589e+00   1.73036755e+00
 3.80000000e-01  -8.33333333e-03   1.00000000e+00   1.16890346e-01   1.39031819e-03   1.62461648e+00   1.71311892e+00
 3.90000000e-01  -8.33333333e-03   1.00000000e+00   1.20394685e-01   1.43489408e-03   1.62667819e+00   1.69646502e+00
 4.00000000e-01  -8.33333333e-03   1.00000000e+00   1.23816549e-01   1.47817900e-03   1.62912923e+00   1.68053653e+00
 4.10000000e-01  -8.33333333e-03   1.00000000e+00   1.27140583e-01   1.51973018e-03   1.63191298e+00   1.66540558e+00
 4.20000000e-01  -8.33333333e-03   1.00000000e+00   1.30353281e-01   1.55920232e-03   1.63499800e+00   1.65111701e+00
 4.30000000e-01  -8.33333333e-03   1.00000000e+00   1.33443398e-01   1.59634480e-03   1.63832410e+00   1.63774770e+00
 4.40000000e-01  -8.33333333e-03   1.00000000e+00   1.36402214e-01   1.63099801e-03   1.64181499e+00   1.62533396e+00
 4.50000000e-01  -8.33333333e-03   1.00000000e+00   1.39223646e-01   1.66308581e-03   1.64542106e+00   1.61388293e+00
 4.60000000e-01  -8.33333333e-03   1.00000000e+00   1.41904182e-01   1.69261607e-03   1.64906619e+00   1.60339616e+00
 4.70000000e-01  -8.33333333e-03   1.00000000e+00   1.44442705e-01   1.71967280e-03   1.65269849e+00   1.59385437e+00
 4.80000000e-01  -8.33333333e-03   1.00000000e+00   1.46840158e-01   1.74438770e-03   1.65628615e+00   1.58521958e+00
 4.90000000e-01  -8.33333333e-03   1.00000000e+00   1.49099133e-01   1.76693907e-03   1.65976253e+00   1.57742961e+00
 5.00000000e-01  -8.33333333e-03   1.00000000e+00   1.51223401e-01   1.78752376e-03   1.66309685e+00   1.57042010e+00
 5.10000000e-01  -8.33333333e-03   1.00000000e+00   1.53217419e-01   1.80640232e-03   1.66630260e+00   1.56410245e+00
 5.20000000e-01  -8.33333333e-03   1.00000000e+00   1.55085848e-01   1.82382025e-03   1.66935895e+00   1.55841513e+00
 5.30000000e-01  -8.33333333e-03   1.00000000e+00   1.56833093e-01   1.84003224e-03   1.67227249e+00   1.55328568e+00
 5.40000000e-01  -8.33333333e-03   1.00000000e+00   1.58462911e-01   1.85527124e-03   1.67504705e+00   1.54864016e+00
 5.50000000e-01  -8.33333333e-03   1.00000000e+00   1.59978082e-01   1.86973414e-03   1.67770561e+00   1.54439741e+00
 5.60000000e-01  -8.33333333e-03   1.00000000e+00   1.61380177e-01   1.88356873e-03   1.68030375e+00   1.54052320e+00
 5.70000000e-01  -8.33333333e-03   1.00000000e+00   1.62669414e-01   1.89686552e-03   1.68283614e+00   1.53698342e+00
 5.80000000e-01  -8.33333333e-03   1.00000000e+00   1.63844618e-01   1.90968054e-03   1.68534761e+00   1.53372429e+00
 5.90000000e-01  -8.33333333e-03   1.00000000e+00   1.64903286e-01   1.92178271e-03   1.68787433e+00   1.53076301e+00
 6.00000000e-01  -8.33333333e-03   1.00000000e+00   1.65841690e-01   1.93311661e-03   1.69043513e+00   1.52808213e+00
 6.10000000e-01  -8.33333333e-03   1.00000000e+00   1.66655177e-01   1.94360328e-03   1.69304611e+00   1.52569028e+00
 6.20000000e-01  -8.33333333e-03   1.00000000e+00   1.67338410e-01   1.95309839e-03   1.69573998e+00   1.52361603e+00
 6.30000000e-01  -8.33333333e-03   1.00000000e+00   1.67885672e-01   1.96141370e-03   1.69851277e+00   1.52188362e+00
 6.40000000e-01  -8.33333333e-03   1.00000000e+00   1.68291213e-01   1.96833789e-03   1.70136956e+00   1.52052526e+00
 6.50000000e-01  -8.33333333e-03   1.00000000e+00   1.68549572e-01   1.97367281e-03   1.70430091e+00   1.51957672e+00
 6.60000000e-01  -8.33333333e-03   1.00000000e+00   1.68655645e-01   1.97719119e-03   1.70870275e+00   1.51975430e+00
 6.70000000e-01  -8.33333333e-03   1.00000000e+00   1.68605729e-01   1.97874630e-03   1.70715644e+00   1.51786643e+00
 6.80000000e-01  -8.33333333e-03   1.00000000e+00   1.68396026e-01   1.97810492e-03   1.70948065e+00   1.51699966e+00
 6.90000000e-01  -8.33333333e-03   1.00000000e+00   1.68025235e-01   1.97513738e-03   1.71319247e+00   1.51738633e+00
 7.00000000e-01  -8.33333333e-03   1.00000000e+00   1.67493134e-01   1.96979371e-03   1.71635735e+00   1.51831146e+00
 7.10000000e-01  -8.33333333e-03   1.00000000e+00   1.66800780e-01   1.96210198e-03   1.71948408e+00   1.51986395e+00
 7.20000000e-01  -8.33333333e-03   1.00000000e+00   1.65954544e-01   1.95231356e-03   1.74386545e+00   1.52984139e+00
 7.30000000e-01  -8.33333333e-03   1.00000000e+00   1.64953057e-01   1.94058016e-03   1.72804215e+00   1.53892645e+00
 7.40000000e-01  -8.33333333e-03   1.00000000e+00   1.63801801e-01   1.92694701e-03   1.72863855e+00   1.53302255e+00
 7.50000000e-01  -8.33333333e-03   1.00000000e+00   1.62506507e-01   1.91142697e-03   1.73366190e+00   1.53861161e+00
 7.60000000e-01  -8.33333333e-03   1.00000000e+00   1.61073356e-01   1.89406557e-03   1.73627700e+00   1.54306657e+00
 7.70000000e-01  -8.33333333e-03   1.00000000e+00   1.59508899e-01   1.87499435e-03   1.73878620e+00   1.54798994e+00
 7.80000000e-01  -8.33333333e-03   1.00000000e+00   1.57819769e-01   1.85437820e-03   1.74112586e+00   1.55335946e+00
 7.90000000e-01  -8.33333333e-03   1.00000000e+00   1.56012480e-01   1.83244955e-03   1.74336017e+00   1.55911665e+00
 8.00000000e-01  -8.33333333e-03   1.00000000e+00   1.54093278e-01   1.80945531e-03   1.74548268e+00   1.56520045e+00
 8.10000000e-01  -8.33333333e-03   1.00000000e+00   1.52068020e-01   1.78560509e-03   1.74752116e+00   1.57156096e+00
 8.20000000e-01  -8.33333333e-03   1.00000000e+00   1.49942082e-01   1.76104577e-03   1.74948417e+00   1.57815910e+00
 8.30000000e-01  -8.33333333e-03   1.00000000e+00   1.47720301e-01   1.73585678e-03   1.75142568e+00   1.58499723e+00
 8.40000000e-01  -8.33333333e-03   1.00000000e+00   1.45406960e-01   1.71005929e-03   1.75328369e+00   1.59198529e+00
 8.50000000e-01  -8.33333333e-03   1.00000000e+00   1.43005810e-01   1.68363414e-03   1.75509225e+00   1.59916445e+00
 8.60000000e-01  -8.33333333e-03   1.00000000e+00   1.40520131e-01   1.65654260e-03   1.75689966e+00   1.60650691e+00
 8.70000000e-01  -8.33333333e-03   1.00000000e+00   1.37952820e-01   1.62873839e-03   1.75869968e+00   1.61400711e+00
 8.80000000e-01  -8.33333333e-03   1.00000000e+00   1.35306514e-01   1.60018020e-03   1.76051856e+00   1.62166718e+00
 8.90000000e-01  -8.33333333e-03   1.00000000e+00   1.32583724e-01   1.57083413e-03   1.76236709e+00   1.62955142e+00
 9.00000000e-01  -8.33333333e-03   1.00000000e+00   1.29786982e-01   1.54067622e-03   1.76423266e+00   1.63751317e+00
 9.10000000e-01  -8.33333333e-03   1.00000000e+00   1.26918981e-01   1.50968878e-03   1.76613126e+00   1.64566705e+00
 9.20000000e-01  -8.33333333e-03   1.00000000e+00   1.23982706e-01   1.47786134e-03   1.76808052e+00   1.65401445e+00
 9.30000000e-01  -8.33333333e-03   1.00000000e+00   1.20981551e-01   1.44519061e-03   1.77005949e+00   1.66255379e+00
 9.40000000e-01  -8.33333333e-03   1.00000000e+00   1.17919398e-01   1.41168253e-03   1.77206213e+00   1.67128330e+00
 9.50000000e-01  -8.33333333e-03   1.00000000e+00   1.14800674e-01   1.37735503e-03   1.77410338e+00   1.68021338e+00
 9.60000000e-01  -8.33333333e-03   1.00000000e+00   1.11630376e-01   1.34224275e-03   1.77616568e+00   1.68932285e+00
 9.70000000e-01  -8.33333333e-03   1.00000000e+00   1.08414062e-01   1.30639905e-03   1.77823612e+00   1.69860185e+00
 9.80000000e-01  -8.33333333e-03   1.00000000e+00   1.05157811e-01   1.26989702e-03   1.78030384e+00   1.70803590e+00
 9.90000000e-01  -8.33333333e-03   1.00000000e+00   1.01868162e-01   1.23282927e-03   1.78235897e+00   1.71760376e+00
 1.00000000e+00  -8.33333333e-03   1.00000000e+00   9.85520300e-02   1.19530512e-03   1.78439914e+00   1.72727764e+00
 1.01000000e+00  -8.33333333e-03   1.00000000e+00   9.52166046e-02   1.15744579e-03   1.78640693e+00   1.73702452e+00
 1.02000000e+00  -8.33333333e-03   1.00000000e+00   9.18692395e-02   1.11937990e-03   1.78837459e+00   1.74681494e+00
 1.03000000e+00  -8.33333333e-03   1.00000000e+00   8.85173408e-02   1.08123900e-03   1.79028235e+00   1.75660008e+00
 1.04000000e+00  -8.33333333e-03   1.00000000e+00   8.51682567e-02   1.04315029e-03   1.79213355e+00   1.76634942e+00
 1.05000000e+00  -8.33333333e-03   1.00000000e+00   8.18291762e-02   1.00523532e-03   1.79392961e+00   1.77602112e+00
 1.06000000e+00  -8.33333333e-03   1.00000000e+00   7.85070410e-02   9.67606353e-04   1.79563616e+00   1.78558701e+00
 1.07000000e+00  -8.33333333e-03   1.00000000e+00   7.52084741e-02   9.30362623e-04   1.79727700e+00   1.79501143e+00
 1.08000000e+00  -8.33333333e-03   1.00000000e+00   7.19397288e-02   8.93591290e-04   1.79885140e+00   1.80424833e+00
 1.09000000e+00  -8.33333333e-03   1.00000000e+00   6.87066601e-02   8.57365324e-04   1.80034292e+00   1.81330513e+00
 1.10000000e+00  -8.33333333e-03   1.00000000e+00   6.55147127e-02   8.21744713e-04   1.80175422e+00   1.82213820e+00
 1.11000000e+00  -8.33333333e-03   1.00000000e+00   6.23689342e-02   7.86776099e-04   1.80308831e+00   1.83073302e+00
 1.12000000e+00  -8.33333333e-03   1.00000000e+00   5.92740028e-02   7.52494769e-04   1.80435790e+00   1.83907159e+00
 1.13000000e+00  -8.33333333e-03   1.00000000e+00   5.62342705e-02   7.18926294e-04   1.80554770e+00   1.84713656e+00
 1.14000000e+00  -8.33333333e-03   1.00000000e+00   5.32538166e-02   6.86089136e-04   1.80666796e+00   1.85492675e+00
 1.15000000e+00  -8.33333333e-03   1.00000000e+00   5.03365069e-02   6.53997199e-04   1.80771532e+00   1.86243205e+00
 1.16000000e+00  -8.33333333e-03   1.00000000e+00   4.74860551e-02   6.22661647e-04   1.80869555e+00   1.86964979e+00
 1.17000000e+00  -8.33333333e-03   1.00000000e+00   4.47060827e-02   5.92093332e-04   1.80959780e+00   1.87656823e+00
 1.18000000e+00  -8.33333333e-03   1.00000000e+00   4.20001716e-02   5.62305176e-04   1.81041663e+00   1.88318001e+00
 1.19000000e+00  -8.33333333e-03   1.00000000e+00   3.93719097e-02   5.33314643e-04   1.81114849e+00   1.88950567e+00
 1.20000000e+00  -8.33333333e-03   1.00000000e+00   3.68249222e-02   5.05143648e-04   1.81178229e+00   1.89552065e+00
 1.21000000e+00  -8.33333333e-03   1.00000000e+00   3.43628918e-02   4.77822125e-04   1.81230696e+00   1.90122914e+00
 1.22000000e+00  -8.33333333e-03   1.00000000e+00   3.19895642e-02   4.51386073e-04   1.81270649e+00   1.90660949e+00
 1.23000000e+00  -8.33333333e-03   1.00000000e+00   2.97087406e-02   4.25878439e-04   1.81298989e+00   1.91166028e+00
 1.24000000e+00  -8.33333333e-03   1.00000000e+00   2.75242559e-02   4.01348307e-04   1.81312715e+00   1.91636882e+00
 1.25000000e+00  -8.33333333e-03   1.00000000e+00   2.54399473e-02   3.77849821e-04   1.81311013e+00   1.92072249e+00
 1.26000000e+00  -8.33333333e-03   1.00000000e+00   2.34596127e-02   3.55440814e-04   1.81292721e+00   1.92470986e+00
 1.27000000e+00  -8.33333333e-03   1.00000000e+00   2.15869633e-02   3.34181106e-04   1.81257876e+00   1.92830724e+00
 1.28000000e+00  -8.33333333e-03   1.00000000e+00   1.98255732e-02   3.14130914e-04   1.81203453e+00   1.93151715e+00
 1.29000000e+00  -8.33333333e-03   1.00000000e+00   1.81788282e-02   2.95348861e-04   1.81131009e+00   1.93430957e+00
 1.30000000e+00  -8.33333333e-03   1.00000000e+00   1.66498760e-02   2.77889663e-04   1.81038701e+00   1.93667520e+00
 1.31000000e+00  -8.33333333e-03   1.00000000e+00   1.52415836e-02   2.61803938e-04   1.80926822e+00   1.93861140e+00
 1.32000000e+00  -8.33333333e-03   1.00000000e+00   1.39564986e-02   2.47135120e-04   1.80794426e+00   1.94010201e+00
 1.33000000e+00  -8.33333333e-03   1.00000000e+00   1.27968217e-02   2.33919625e-04   1.80642297e+00   1.94114055e+00
 1.34000000e+00  -8.33333333e-03   1.00000000e+00   1.17643860e-02   2.22185312e-04   1.80469540e+00   1.94172262e+00
 1.35000000e+00  -8.33333333e-03   1.00000000e+00   1.08606501e-02   2.11955249e-04   1.80280082e+00   1.94185070e+00
 1.36000000e+00  -8.33333333e-03   1.00000000e+00   1.00866971e-02   2.03240631e-04   1.80069705e+00   1.94152425e+00
 1.37000000e+00  -8.33333333e-03   1.00000000e+00   9.44324445e-03   1.96043444e-04   1.79844206e+00   1.94075025e+00
 1.38000000e+00  -8.33333333e-03   1.00000000e+00   8.93066354e-03   1.90358493e-04   1.79600838e+00   1.93953553e+00
 1.39000000e+00  -8.33333333e-03   1.00000000e+00   8.54900371e-03   1.86175144e-04   1.79340569e+00   1.93788756e+00
 1.40000000e+00  -8.33333333e-03   1.00000000e+00   8.29802402e-03   1.83479537e-04   1.79066084e+00   1.93581534e+00
 1.41000000e+00  -8.33333333e-03   1.00000000e+00   8.17721718e-03   1.82252031e-04   1.78776988e+00   1.93333215e+00
 1.42000000e+00  -8.33333333e-03   1.00000000e+00   8.18610818e-03   1.82489477e-04   1.78491415e+00   1.93048597e+00
 1.43000000e+00  -8.33333333e-03   1.00000000e+00   8.32344077e-03   1.84130110e-04   1.78156409e+00   1.92719952e+00
 1.44000000e+00  -8.33333333e-03   1.00000000e+00   8.58813776e-03   1.87161005e-04   1.77823862e+00   1.92365501e+00
 1.45000000e+00  -8.33333333e-03   1.00000000e+00   8.97897079e-03   1.91560708e-04   1.77498051e+00   1.91955425e+00
 1.46000000e+00  -8.33333333e-03   1.00000000e+00   9.49457673e-03   1.97311596e-04   1.77150975e+00   1.91526858e+00
 1.47000000e+00  -8.33333333e-03   1.00000000e+00   1.01334759e-02   2.04394544e-04   1.76795992e+00   1.91062028e+00
 1.48000000e+00  -8.33333333e-03   1.00000000e+00   1.08940802e-02   2.12788533e-04   1.76430932e+00   1.90567325e+00
 1.49000000e+00  -8.33333333e-03   1.00000000e+00   1.17746895e-02   2.22472421e-04   1.76058684e+00   1.90042447e+00
 1.50000000e+00  -8.33333333e-03   1.00000000e+00   1.27734898e-02   2.33425455e-04   1.75678711e+00   1.89489178e+00
 1.51000000e+00  -8.33333333e-03   1.00000000e+00   1.38885460e-02   2.45631421e-04   1.75291999e+00   1.88908266e+00
 1.52000000e+00  -8.33333333e-03   1.00000000e+00   1.51177948e-02   2.59082700e-04   1.74899919e+00   1.88301552e+00
 1.53000000e+00  -8.33333333e-03   1.00000000e+00   1.64590313e-02   2.73775365e-04   1.74502192e+00   1.87669496e+00
 1.54000000e+00  -8.33333333e-03   1.00000000e+00   1.79098927e-02   2.89700507e-04   1.74101227e+00   1.87013974e+00
 1.55000000e+00  -8.33333333e-03   1.00000000e+00   1.94678398e-02   3.06840193e-04   1.73696381e+00   1.86335821e+00
 1.56000000e+00  -8.33333333e-03   1.00000000e+00   2.11301424e-02   3.25168390e-04   1.73290687e+00   1.85636244e+00
 1.57000000e+00  -8.33333333e-03   1.00000000e+00   2.28938652e-02   3.44653324e-04   1.72884201e+00   1.84916411e+00
 1.58000000e+00  -8.33333333e-03   1.00000000e+00   2.47558602e-02   3.65259906e-04   1.72477802e+00   1.84177863e+00
 1.59000000e+00  -8.33333333e-03   1.00000000e+00   2.67127611e-02   3.86950961e-04   1.72073129e+00   1.83422124e+00
 1.60000000e+00  -8.33333333e-03   1.00000000e+00   2.87609842e-02   4.09687930e-04   1.71671203e+00   1.82650142e+00
 1.61000000e+00  -8.33333333e-03   1.00000000e+00   3.08967325e-02   4.33430572e-04   1.71274510e+00   1.81863951e+00
 1.62000000e+00  -8.33333333e-03   1.00000000e+00   3.31160065e-02   4.58135569e-04   1.70882738e+00   1.81064705e+00
 1.63000000e+00  -8.33333333e-03   1.00000000e+00   3.54146151e-02   4.83757568e-04   1.70498937e+00   1.80254653e+00
 1.64000000e+00  -8.33333333e-03   1.00000000e+00   3.77881945e-02   5.10246766e-04   1.70122225e+00   1.79435284e+00
 1.65000000e+00  -8.33333333e-03   1.00000000e+00   4.02322266e-02   5.37549587e-04   1.69755931e+00   1.78608004e+00
 1.66000000e+00  -8.33333333e-03   1.00000000e+00   4.27420609e-02   5.65608685e-04   1.69400118e+00   1.77775013e+00
 1.67000000e+00  -8.33333333e-03   1.00000000e+00   4.53129359e-02   5.94364060e-04   1.69056105e+00   1.76938477e+00
 1.68000000e+00  -8.33333333e-03   1.00000000e+00   4.79400018e-02   6.23754227e-04   1.68725063e+00   1.76099198e+00
 1.69000000e+00  -8.33333333e-03   1.00000000e+00   5.06183424e-02   6.53717160e-04   1.68407365e+00   1.75259339e+00
 1.70000000e+00  -8.33333333e-03   1.00000000e+00   5.33429944e-02   6.84191230e-04   1.68103309e+00   1.74419854e+00
 1.71000000e+00  -8.33333333e-03   1.00000000e+00   5.61089663e-02   7.15115919e-04   1.67814015e+00   1.73582674e+00
 1.72000000e+00  -8.33333333e-03   1.00000000e+00   5.89112545e-02   7.46432482e-04   1.67541823e+00   1.72750616e+00
 1.73000000e+00  -8.33333333e-03   1.00000000e+00   6.17448550e-02   7.78083525e-04   1.67285740e+00   1.71924313e+00
 1.74000000e+00  -8.33333333e-03   1.00000000e+00   6.46047740e-02   8.10013332e-04   1.67044467e+00   1.71106370e+00
 1.75000000e+00  -8.33333333e-03   1.00000000e+00   6.74860339e-02   8.42167262e-04   1.66821105e+00   1.70295070e+00
 1.76000000e+00  -8.33333333e-03   1.00000000e+00   7.03836793e-02   8.74491752e-04   1.66616050e+00   1.69491158e+00
 1.77000000e+00  -8.33333333e-03   1.00000000e+00   7.32927787e-02   9.06934612e-04   1.66427676e+00   1.68699210e+00
 1.78000000e+00  -8.33333333e-03   1.00000000e+00   7.62084243e-02   9.39445030e-04   1.66255938e+00   1.67918997e+00
 1.79000000e+00  -8.33333333e-03   1.00000000e+00   7.91257329e-02   9.71971601e-04   1.66101981e+00   1.67151352e+00
 1.80000000e+00  -8.33333333e-03   1.00000000e+00   8.20398436e-02   1.00446359e-03   1.65965655e+00   1.66396874e+00
 1.81000000e+00  -8.33333333e-03   1.00000000e+00   8.49459173e-02   1.03687078e-03   1.65847191e+00   1.65656589e+00
 1.82000000e+00  -8.33333333e-03   1.00000000e+00   8.78391359e-02   1.06914338e-03   1.65745908e+00   1.64931615e+00
 1.83000000e+00  -8.33333333e-03   1.00000000e+00   9.07147027e-02   1.10123126e-03   1.65662869e+00   1.64222269e+00
 1.84000000e+00  -8.33333333e-03   1.00000000e+00   9.35678443e-02   1.13308361e-03   1.65597064e+00   1.63530123e+00
 1.85000000e+00  -8.33333333e-03   1.00000000e+00   9.63938150e-02   1.16464945e-03   1.65549144e+00   1.62854849e+00
 1.86000000e+00  -8.33333333e-03   1.00000000e+00   9.91879019e-02   1.19587739e-03   1.65519065e+00   1.62198097e+00
 1.87000000e+00  -8.33333333e-03   1.00000000e+00   1.01945432e-01   1.22671531e-03   1.65506174e+00   1.61559807e+00
 1.88000000e+00  -8.33333333e-03   1.00000000e+00   1.04661780e-01   1.25711083e-03   1.65510430e+00   1.60941879e+00
 1.89000000e+00  -8.33333333e-03   1.00000000e+00   1.07332383e-01   1.28701125e-03   1.65530191e+00   1.60345560e+00
 1.90000000e+00  -8.33333333e-03   1.00000000e+00   1.09952745e-01   1.31636410e-03   1.65567332e+00   1.59768660e+00
 1.91000000e+00  -8.33333333e-03   1.00000000e+00   1.12518458e-01   1.34511721e-03   1.65619412e+00   1.59207968e+00
 1.92000000e+00  -8.33333333e-03   1.00000000e+00   1.15025209e-01   1.37321974e-03   1.65685951e+00   1.58675100e+00
 1.93000000e+00  -8.33333333e-03   1.00000000e+00   1.17468797e-01   1.40062211e-03   1.65768671e+00   1.58164296e+00
 1.94000000e+00  -8.33333333e-03   1.00000000e+00   1.19845144e-01   1.42727517e-03   1.65865712e+00   1.57677340e+00
 1.95000000e+00  -8.33333333e-03   1.00000000e+00   1.22150309e-01   1.45313172e-03   1.65975844e+00   1.57214159e+00
 1.96000000e+00  -8.33333333e-03   1.00000000e+00   1.24380498e-01   1.47814727e-03   1.66096099e+00   1.56775409e+00
 1.97000000e+00  -8.33333333e-03   1.00000000e+00   1.26532076e-01   1.50227923e-03   1.66229939e+00   1.56363010e+00
 1.98000000e+00  -8.33333333e-03   1.00000000e+00   1.28601571e-01   1.52548711e-03   1.66376398e+00   1.55974918e+00
 1.99000000e+00  -8.33333333e-03   1.00000000e+00   1.30585686e-01   1.54773312e-03   1.66532834e+00   1.55613146e+00
 2.00000000e+00  -8.33333333e-03   1.00000000e+00   1.32481303e-01   1.56898179e-03   1.66699228e+00   1.55277296e+00
 2.01000000e+00  -8.33333333e-03   1.00000000e+00   1.34285485e-01   1.58920118e-03   1.66875202e+00   1.54968209e+00
 2.02000000e+00  -8.33333333e-03   1.00000000e+00   1.35995481e-01   1.60836097e-03   1.67059841e+00   1.54686432e+00
 2.03000000e+00  -8.33333333e-03   1.00000000e+00   1.37608724e-01   1.62643340e-03   1.67251548e+00   1.54431330e+00
 2.04000000e+00  -8.33333333e-03   1.00000000e+00   1.39122834e-01   1.64339356e-03   1.67449759e+00   1.54203540e+00
 2.05000000e+00  -8.33333333e-03   1.00000000e+00   1.40535616e-01   1.65921873e-03   1.67654521e+00   1.54002680e+00
 2.06000000e+00  -8.33333333e-03   1.00000000e+00   1.41845058e-01   1.67388842e-03   1.67865020e+00   1.53829891e+00
 2.07000000e+00  -8.33333333e-03   1.00000000e+00   1.43049331e-01   1.68738380e-03   1.68079876e+00   1.53684712e+00
 2.08000000e+00  -8.33333333e-03   1.00000000e+00   1.44146787e-01   1.69968819e-03   1.68299181e+00   1.53567166e+00
 2.09000000e+00  -8.33333333e-03   1.00000000e+00   1.45135960e-01   1.71078619e-03   1.68522120e+00   1.53477685e+00
 2.10000000e+00  -8.33333333e-03   1.00000000e+00   1.46015559e-01   1.72066399e-03   1.68747472e+00   1.53415799e+00
 2.11000000e+00  -8.33333333e-03   1.00000000e+00   1.46784477e-01   1.72931004e-03   1.68975926e+00   1.53382114e+00
 2.12000000e+00  -8.33333333e-03   1.00000000e+00   1.47441782e-01   1.73671441e-03   1.69204867e+00   1.53376141e+00
 2.13000000e+00  -8.33333333e-03   1.00000000e+00   1.47986726e-01   1.74286928e-03   1.69436310e+00   1.53398081e+00
 2.14000000e+00  -8.33333333e-03   1.00000000e+00   1.48418739e-01   1.74776820e-03   1.69668337e+00   1.53447695e+00
 2.15000000e+00  -8.33333333e-03   1.00000000e+00   1.48737437e-01   1.75140621e-03   1.69899784e+00   1.53525399e+00
 2.16000000e+00  -8.33333333e-03   1.00000000e+00   1.48942620e-01   1.75378036e-03   1.70131681e+00   1.53630457e+00
 2.17000000e+00  -8.33333333e-03   1.00000000e+00   1.49034047e-01   1.75487139e-03   1.70605546e+00   1.53841764e+00
 2.18000000e+00  -8.33333333e-03   1.00000000e+00   1.49011649e-01   1.75477884e-03   1.70331455e+00   1.53997755e+00
 2.19000000e+00  -8.33333333e-03   1.00000000e+00   1.48875604e-01   1.75340672e-03   1.70436354e+00   1.53859920e+00
 2.20000000e+00  -8.33333333e-03   1.00000000e+00   1.48626568e-01   1.75068718e-03   1.70807467e+00   1.54017269e+00
 2.21000000e+00  -8.33333333e-03   1.00000000e+00   1.48265555e-01   1.74662528e-03   1.71056570e+00   1.54260988e+00
 2.22000000e+00  -8.33333333e-03   1.00000000e+00   1.47793475e-01   1.74126802e-03   1.71282071e+00   1.54491658e+00
 2.23000000e+00  -8.33333333e-03   1.00000000e+00   1.47211417e-01   1.73466514e-03   1.71511017e+00   1.54758869e+00
 2.24000000e+00  -8.33333333e-03   1.00000000e+00   1.46520668e-01   1.72686358e-03   1.71736356e+00   1.55055874e+00
 2.25000000e+00  -8.33333333e-03   1.00000000e+00   1.45726370e-01   1.71797993e-03   1.74046468e+00   1.56083482e+00
 2.26000000e+00  -8.33333333e-03   1.00000000e+00   1.44825590e-01   1.70822797e-03   1.72290124e+00   1.57192234e+00
 2.27000000e+00  -8.33333333e-03   1.00000000e+00   1.43821321e-01   1.69738348e-03   1.72346854e+00   1.56509247e+00
 2.28000000e+00  -8.33333333e-03   1.00000000e+00   1.42715970e-01   1.68533790e-03   1.72783107e+00   1.57071473e+00
 2.29000000e+00  -8.33333333e-03   1.00000000e+00   1.41511981e-01   1.67206050e-03   1.73000253e+00   1.57499004e+00
 2.30000000e+00  -8.33333333e-03   1.00000000e+00   1.40211908e-01   1.65757063e-03   1.73212941e+00   1.57952928e+00
 2.31000000e+00  -8.33333333e-03   1.00000000e+00   1.38818387e-01   1.64193257e-03   1.73416480e+00   1.58438391e+00
 2.32000000e+00  -8.33333333e-03   1.00000000e+00   1.37334132e-01   1.62522799e-03   1.73616087e+00   1.58948618e+00
 2.33000000e+00  -8.33333333e-03   1.00000000e+00   1.35761969e-01   1.60753941e-03   1.73810709e+00   1.59483367e+00
 2.34000000e+00  -8.33333333e-03   1.00000000e+00   1.34104856e-01   1.58893809e-03   1.74002567e+00   1.60038760e+00
 2.35000000e+00  -8.33333333e-03   1.00000000e+00   1.32365902e-01   1.56947800e-03   1.74191747e+00   1.60614671e+00
 2.36000000e+00  -8.33333333e-03   1.00000000e+00   1.30548362e-01   1.54919563e-03   1.74379365e+00   1.61209905e+00
 2.37000000e+00  -8.33333333e-03   1.00000000e+00   1.28655628e-01   1.52811502e-03   1.74564700e+00   1.61828912e+00
 2.38000000e+00  -8.33333333e-03   1.00000000e+00   1.26691212e-01   1.50625606e-03   1.74745714e+00   1.62456935e+00
 2.39000000e+00  -8.33333333e-03   1.00000000e+00   1.24658737e-01   1.48363843e-03   1.74925755e+00   1.63102350e+00
 2.40000000e+00  -8.33333333e-03   1.00000000e+00   1.22561923e-01   1.46028920e-03   1.75103443e+00   1.63763063e+00
 2.41000000e+00  -8.33333333e-03   1.00000000e+00   1.20404571e-01   1.43624476e-03   1.75278644e+00   1.64436548e+00
 2.42000000e+00  -8.33333333e-03   1.00000000e+00   1.18190565e-01   1.41154870e-03   1.75452468e+00   1.65124138e+00
 2.43000000e+00  -8.33333333e-03   1.00000000e+00   1.15923864e-01   1.38625096e-03   1.75623247e+00   1.65823271e+00
 2.44000000e+00  -8.33333333e-03   1.00000000e+00   1.13608503e-01   1.36040439e-03   1.75791678e+00   1.66533134e+00
 2.45000000e+00  -8.33333333e-03   1.00000000e+00   1.11248586e-01   1.33406193e-03   1.75958631e+00   1.67252305e+00
 2.46000000e+00  -8.33333333e-03   1.00000000e+00   1.08848289e-01   1.30727439e-03   1.76123499e+00   1.67979351e+00
 2.47000000e+00  -8.33333333e-03   1.00000000e+00   1.06411851e-01   1.28008986e-03   1.76285433e+00   1.68713077e+00
 2.48000000e+00  -8.33333333e-03   1.00000000e+00   1.03943568e-01   1.25255466e-03   1.76445600e+00   1.69452946e+00
 2.49000000e+00  -8.33333333e-03   1.00000000e+00   1.01447783e-01   1.22471406e-03   1.76603111e+00   1.70197269e+00
 2.50000000e+00  -8.33333333e-03   1.00000000e+00   9.89288793e-02   1.19661319e-03   1.76757620e+00   1.70943926e+00
 2.51000000e+00  -8.33333333e-03   1.00000000e+00   9.63912714e-02   1.16829887e-03   1.76909682e+00   1.71692369e+00
 2.52000000e+00  -8.33333333e-03   1.00000000e+00   9.38393944e-02   1.13981915e-03   1.77059489e+00   1.72440954e+00
 2.53000000e+00  -8.33333333e-03   1.00000000e+00   9.12776971e-02   1.11122379e-03   1.77206189e+00   1.73188483e+00
 2.54000000e+00  -8.33333333e-03   1.00000000e+00   8.87106319e-02   1.08256358e-03   1.77348953e+00   1.73933292e+00
 2.55000000e+00  -8.33333333e-03   1.00000000e+00   8.61426482e-02   1.05388950e-03   1.77488354e+00   1.74673413e+00
 2.56000000e+00  -8.33333333e-03   1.00000000e+00   8.35781829e-02   1.02525338e-03   1.77623585e+00   1.75407921e+00
 2.57000000e+00  -8.33333333e-03   1.00000000e+00   8.10216520e-02   9.96705723e-04   1.77755158e+00   1.76135608e+00
 2.58000000e+00  -8.33333333e-03   1.00000000e+00   7.84774427e-02   9.68296412e-04   1.77881121e+00   1.76854174e+00
 2.59000000e+00  -8.33333333e-03   1.00000000e+00   7.59499041e-02   9.40074400e-04   1.78002755e+00   1.77562775e+00
 2.60000000e+00  -8.33333333e-03   1.00000000e+00   7.34433393e-02   9.12087649e-04   1.78119599e+00   1.78260392e+00
 2.61000000e+00  -8.33333333e-03   1.00000000e+00   7.09619972e-02   8.84383297e-04   1.78230167e+00   1.78944337e+00
 2.62000000e+00  -8.33333333e-03   1.00000000e+00   6.85100651e-02   8.57007524e-04   1.78335224e+00   1.79614679e+00
 2.63000000e+00  -8.33333333e-03   1.00000000e+00   6.60916616e-02   8.30006019e-04   1.78434637e+00   1.80267878e+00
 2.64000000e+00  -8.33333333e-03   1.00000000e+00   6.37108301e-02   8.03423315e-04   1.78525797e+00   1.80905396e+00
 2.65000000e+00  -8.33333333e-03   1.00000000e+00   6.13715316e-02   7.77303119e-04   1.78610706e+00   1.81525206e+00
 2.66000000e+00  -8.33333333e-03   1.00000000e+00   5.90776394e-02   7.51688553e-04   1.78687643e+00   1.82125034e+00
 2.67000000e+00  -8.33333333e-03   1.00000000e+00   5.68329338e-02   7.26621410e-04   1.78756688e+00   1.82704097e+00
 2.68000000e+00  -8.33333333e-03   1.00000000e+00   5.46410964e-02   7.02142346e-04   1.78817157e+00   1.83260741e+00
 2.69000000e+00  -8.33333333e-03   1.00000000e+00   5.25057047e-02   6.78291209e-04   1.78868512e+00   1.83794667e+00
 2.70000000e+00  -8.33333333e-03   1.00000000e+00   5.04302276e-02   6.55106234e-04   1.78910460e+00   1.84304822e+00
 2.71000000e+00  -8.33333333e-03   1.00000000e+00   4.84180199e-02   6.32624741e-04   1.78943255e+00   1.84789555e+00
 2.72000000e+00  -8.33333333e-03   1.00000000e+00   4.64723178e-02   6.10882081e-04   1.78966067e+00   1.85248301e+00
 2.73000000e+00  -8.33333333e-03   1.00000000e+00   4.45962345e-02   5.89912826e-04   1.78977460e+00   1.85680098e+00
 2.74000000e+00  -8.33333333e-03   1.00000000e+00   4.27927545e-02   5.69750205e-04   1.78980302e+00   1.86082754e+00
 2.75000000e+00  -8.33333333e-03   1.00000000e+00   4.10647296e-02   5.50425654e-04   1.78970154e+00   1.86458582e+00
 2.76000000e+00  -8.33333333e-03   1.00000000e+00   3.94148757e-02   5.31969876e-04   1.78948811e+00   1.86805058e+00
 2.77000000e+00  -8.33333333e-03   1.00000000e+00   3.78457665e-02   5.14411340e-04   1.78916280e+00   1.87121855e+00
 2.78000000e+00  -8.33333333e-03   1.00000000e+00   3.63598300e-02   4.97777325e-04   1.78871724e+00   1.87408186e+00
 2.79000000e+00  -8.33333333e-03   1.00000000e+00   3.49593450e-02   4.82093312e-04   1.78814643e+00   1.87663264e+00
 2.80000000e+00  -8.33333333e-03   1.00000000e+00   3.36464367e-02   4.67383250e-04   1.78745920e+00   1.87887314e+00
 2.81000000e+00  -8.33333333e-03   1.00000000e+00   3.24230731e-02   4.53669394e-04   1.78664624e+00   1.88079588e+00
 2.82000000e+00  -8.33333333e-03   1.00000000e+00   3.12910611e-02   4.40972240e-04   1.78570899e+00   1.88240008e+00
 2.83000000e+00  -8.33333333e-03   1.00000000e+00   3.02520438e-02   4.29310335e-04   1.78465311e+00   1.88367991e+00
 2.84000000e+00  -8.33333333e-03   1.00000000e+00   2.93074980e-02   4.18700589e-04   1.78346290e+00   1.88463739e+00
 2.85000000e+00  -8.33333333e-03   1.00000000e+00   2.84587320e-02   4.09158198e-04   1.78215841e+00   1.88527477e+00
 2.86000000e+00  -8.33333333e-03   1.00000000e+00   2.77068834e-02   4.00696529e-04   1.78073345e+00   1.88559692e+00
 2.87000000e+00  -8.33333333e-03   1.00000000e+00   2.70529161e-02   3.93326105e-04   1.77918017e+00   1.88558556e+00
 2.88000000e+00  -8.33333333e-03   1.00000000e+00   2.64976207e-02   3.87055660e-04   1.77751786e+00   1.88526016e+00
 2.89000000e+00  -8.33333333e-03   1.00000000e+00   2.60416136e-02   3.81891949e-04   1.77574481e+00   1.88461981e+00
 2.90000000e+00  -8.33333333e-03   1.00000000e+00   2.56853362e-02   3.77839977e-04   1.77384943e+00   1.88365717e+00
 2.91000000e+00  -8.33333333e-03   1.00000000e+00   2.54290562e-02   3.74903603e-04   1.77184916e+00   1.88239190e+00
 2.92000000e+00  -8.33333333e-03   1.00000000e+00   2.52728690e-02   3.73086011e-04   1.76973543e+00   1.88081773e+00
 2.93000000e+00  -8.33333333e-03   1.00000000e+00   2.52169042e-02   3.72405782e-04   1.76556619e+00   1.87861492e+00
 2.94000000e+00  -8.33333333e-03   1.00000000e+00   2.52609810e-02   3.72769215e-04   1.76758370e+00   1.87544942e+00
 2.95000000e+00  -8.33333333e-03   1.00000000e+00   2.54042719e-02   3.74294123e-04   1.76253512e+00   1.87582500e+00
 2.96000000e+00  -8.33333333e-03   1.00000000e+00   2.56462784e-02   3.76931283e-04   1.76019821e+00   1.87144142e+00
 2.97000000e+00  -8.33333333e-03   1.00000000e+00   2.59862697e-02   3.80667869e-04   1.75777592e+00   1.86858275e+00
 2.98000000e+00  -8.33333333e-03   1.00000000e+00   2.64233427e-02   3.85483187e-04   1.75514568e+00   1.86529962e+00
 2.99000000e+00  -8.33333333e-03   1.00000000e+00   2.69564242e-02   3.91358709e-04   1.75244991e+00   1.86176239e+00
 3.00000000e+00  -8.33333333e-03   1.00000000e+00   2.75842676e-02   3.98279030e-04   1.74969258e+00   1.85798085e+00
 3.01000000e+00  -8.33333333e-03   1.00000000e+00   2.83054579e-02   4.06231635e-04   1.74687447e+00   1.85395720e+00
 3.02000000e+00  -8.33333333e-03   1.00000000e+00   2.91184185e-02   4.15203641e-04   1.74401617e+00   1.84970586e+00
 3.03000000e+00  -8.33333333e-03   1.00000000e+00   3.00214212e-02   4.25180888e-04   1.74111263e+00   1.84523852e+00
 3.04000000e+00  -8.33333333e-03   1.00000000e+00   3.10125932e-02   4.36146777e-04   1.73817789e+00   1.84056202e+00
 3.05000000e+00  -8.33333333e-03   1.00000000e+00   3.20899227e-02   4.48081227e-04   1.73522541e+00   1.83568693e+00
 3.06000000e+00  -8.33333333e-03   1.00000000e+00   3.32512605e-02   4.60961543e-04   1.73225088e+00   1.83063048e+00
 3.07000000e+00  -8.33333333e-03   1.00000000e+00   3.44943240e-02   4.74761586e-04   1.72926963e+00   1.82539698e+00
 3.08000000e+00  -8.33333333e-03   1.00000000e+00   3.58167001e-02   4.89452938e-04   1.72628482e+00   1.82000066e+00
 3.09000000e+00  -8.33333333e-03   1.00000000e+00   3.72158477e-02   5.05005509e-04   1.72332367e+00   1.81445205e+00
 3.10000000e+00  -8.33333333e-03   1.00000000e+00   3.86891018e-02   5.21388225e-04   1.72036478e+00   1.80876528e+00
 3.11000000e+00  -8.33333333e-03   1.00000000e+00   4.02336787e-02   5.38569352e-04   1.71743353e+00   1.80294669e+00
 3.12000000e+00  -8.33333333e-03   1.00000000e+00   4.18466806e-02   5.56516473e-04   1.71453504e+00   1.79701583e+00
 3.13000000e+00  -8.33333333e-03   1.00000000e+00   4.35251020e-02   5.75196299e-04   1.71166852e+00   1.79098038e+00
 3.14000000e+00  -8.33333333e-03   1.00000000e+00   4.52658355e-02   5.94575383e-04   1.70886422e+00   1.78485287e+00
 3.15000000e+00  -8.33333333e-03   1.00000000e+00   4.70656780e-02   6.14618625e-04   1.70610088e+00   1.77864396e+00
 3.16000000e+00  -8.33333333e-03   1.00000000e+00   4.89213361e-02   6.35290239e-04   1.70340044e+00   1.77236721e+00
 3.17000000e+00  -8.33333333e-03   1.00000000e+00   5.08294322e-02   6.56552685e-04   1.70076969e+00   1.76603363e+00
 3.18000000e+00  -8.33333333e-03   1.00000000e+00   5.27865102e-02   6.78367469e-04   1.69820961e+00   1.75965688e+00
 3.19000000e+00  -8.33333333e-03   1.00000000e+00   5.47890417e-02   7.00695076e-04   1.69574011e+00   1.75324448e+00
 3.20000000e+00  -8.33333333e-03   1.00000000e+00   5.68334314e-02   7.23494839e-04   1.69335809e+00   1.74681128e+00
 3.21000000e+00  -8.33333333e-03   1.00000000e+00   5.89160242e-02   7.46725591e-04   1.69105360e+00   1.74036578e+00
 3.22000000e+00  -8.33333333e-03   1.00000000e+00   6.10331115e-02   7.70345738e-04   1.68885501e+00   1.73391906e+00
 3.23000000e+00  -8.33333333e-03   1.00000000e+00   6.31809379e-02   7.94312989e-04   1.68675708e+00   1.72748442e+00
 3.24000000e+00  -8.33333333e-03   1.00000000e+00   6.53557083e-02   8.18584852e-04   1.68477975e+00   1.72107730e+00
 3.25000000e+00  -8.33333333e-03   1.00000000e+00   6.75535942e-02   8.43118621e-04   1.68289653e+00   1.71470437e+00
 3.26000000e+00  -8.33333333e-03   1.00000000e+00   6.97707410e-02   8.67871621e-04   1.68114051e+00   1.70837411e+00
 3.27000000e+00  -8.33333333e-03   1.00000000e+00   7.20032747e-02   8.92800509e-04   1.67949785e+00   1.70209824e+00
 3.28000000e+00  -8.33333333e-03   1.00000000e+00   7.42473089e-02   9.17862116e-04   1.67797671e+00   1.69587503e+00
 3.29000000e+00  -8.33333333e-03   1.00000000e+00   7.64989512e-02   9.43013056e-04   1.67658065e+00   1.68971852e+00
 3.30000000e+00  -8.33333333e-03   1.00000000e+00   7.87543091e-02   9.68208801e-04   1.67530659e+00   1.68365714e+00
 3.31000000e+00  -8.33333333e-03   1.00000000e+00   8.10094984e-02   9.93405993e-04   1.67416390e+00   1.67768788e+00
 3.32000000e+00  -8.33333333e-03   1.00000000e+00   8.32606489e-02   1.01856127e-03   1.67314448e+00   1.67181505e+00
 3.33000000e+00  -8.33333333e-03   1.00000000e+00   8.55039113e-02   1.04363227e-03   1.67225203e+00   1.66606173e+00
 3.34000000e+00  -8.33333333e-03   1.00000000e+00   8.77354625e-02   1.06857567e-03   1.67148894e+00   1.66041064e+00
 3.35000000e+00  -8.33333333e-03   1.00000000e+00   8.99515137e-02   1.09334919e-03   1.67085717e+00   1.65488709e+00
 3.36000000e+00  -8.33333333e-03   1.00000000e+00   9.21483161e-02   1.11791074e-03   1.67035626e+00   1.64948807e+00
 3.37000000e+00  -8.33333333e-03   1.00000000e+00   9.43221664e-02   1.14221915e-03   1.66996962e+00   1.64422572e+00
 3.38000000e+00  -8.33333333e-03   1.00000000e+00   9.64694144e-02   1.16623374e-03   1.66971541e+00   1.63911290e+00
 3.39000000e+00  -8.33333333e-03   1.00000000e+00   9.85864676e-02   1.18991362e-03   1.66958006e+00   1.63414476e+00
 3.40000000e+00  -8.33333333e-03   1.00000000e+00   1.00669797e-01   1.21321937e-03   1.66957499e+00   1.62933437e+00
 3.41000000e+00  -8.33333333e-03   1.00000000e+00   1.02715945e-01   1.23611211e-03   1.66968492e+00   1.62468328e+00
 3.42000000e+00  -8.33333333e-03   1.00000000e+00   1.04721527e-01   1.25855381e-03   1.66991154e+00   1.62020226e+00
 3.43000000e+00  -8.33333333e-03   1.00000000e+00   1.06683241e-01   1.28050780e-03   1.67025643e+00   1.61589665e+00
 3.44000000e+00  -8.33333333e-03   1.00000000e+00   1.08597872e-01   1.30193848e-03   1.67071344e+00   1.61177099e+00
 3.45000000e+00  -8.33333333e-03   1.00000000e+00   1.10462293e-01   1.32280954e-03   1.67126263e+00   1.60783732e+00
 3.46000000e+00  -8.33333333e-03   1.00000000e+00   1.12273476e-01   1.34308766e-03   1.67191829e+00   1.60408652e+00
 3.47000000e+00  -8.33333333e-03   1.00000000e+00   1.14028496e-01   1.36274028e-03   1.67268200e+00   1.60052061e+00
 3.48000000e+00  -8.33333333e-03   1.00000000e+00   1.15724532e-01   1.38173636e-03   1.67352750e+00   1.59708295e+00
 3.49000000e+00  -8.33333333e-03   1.00000000e+00   1.17358874e-01   1.40004420e-03   1.67446964e+00   1.59391753e+00
 3.50000000e+00  -8.33333333e-03   1.00000000e+00   1.18928925e-01   1.41763391e-03   1.67549625e+00   1.59094360e+00
 3.51000000e+00  -8.33333333e-03   1.00000000e+00   1.20432210e-01   1.43447788e-03   1.67660958e+00   1.58817428e+00
 3.52000000e+00  -8.33333333e-03   1.00000000e+00   1.21866374e-01   1.45054971e-03   1.67779210e+00   1.58561362e+00
 3.53000000e+00  -8.33333333e-03   1.00000000e+00   1.23229191e-01   1.46582496e-03   1.67904899e+00   1.58326453e+00
 3.54000000e+00  -8.33333333e-03   1.00000000e+00   1.24518563e-01   1.48028056e-03   1.68037933e+00   1.58113039e+00
 3.55000000e+00  -8.33333333e-03   1.00000000e+00   1.25732526e-01   1.49389342e-03   1.68176717e+00   1.57921087e+00
 3.56000000e+00  -8.33333333e-03   1.00000000e+00   1.26869251e-01   1.50664339e-03   1.68320574e+00   1.57750609e+00
 3.57000000e+00  -8.33333333e-03   1.00000000e+00   1.27927049e-01   1.51851170e-03   1.68471687e+00   1.57602540e+00
 3.58000000e+00  -8.33333333e-03   1.00000000e+00   1.28904374e-01   1.52948009e-03   1.68626258e+00   1.57476757e+00
 3.59000000e+00  -8.33333333e-03   1.00000000e+00   1.29799818e-01   1.53953251e-03   1.68785541e+00   1.57372918e+00
 3.60000000e+00  -8.33333333e-03   1.00000000e+00   1.30612124e-01   1.54865571e-03   1.68948801e+00   1.57290984e+00
 3.61000000e+00  -8.33333333e-03   1.00000000e+00   1.31340177e-01   1.55683819e-03   1.69114525e+00   1.57231771e+00
 3.62000000e+00  -8.33333333e-03   1.00000000e+00   1.31983015e-01   1.56406869e-03   1.69284862e+00   1.57194546e+00
 3.63000000e+00  -8.33333333e-03   1.00000000e+00   1.32539821e-01   1.57033790e-03   1.69457072e+00   1.57180038e+00
 3.64000000e+00  -8.33333333e-03   1.00000000e+00   1.33009929e-01   1.57563798e-03   1.69632266e+00   1.57187991e+00
 3.65000000e+00  -8.33333333e-03   1.00000000e+00   1.33392827e-01   1.57996316e-03   1.69808193e+00   1.57218838e+00
 3.66000000e+00  -8.33333333e-03   1.00000000e+00   1.33688150e-01   1.58330911e-03   1.69986191e+00   1.57271408e+00
 3.67000000e+00  -8.33333333e-03   1.00000000e+00   1.33895688e-01   1.58567303e-03   1.70164367e+00   1.57346164e+00
 3.68000000e+00  -8.33333333e-03   1.00000000e+00   1.34015197e-01   1.58703387e-03   1.70666397e+00   1.57541542e+00
 3.69000000e+00  -8.33333333e-03   1.00000000e+00   1.34046290e-01   1.58749357e-03   1.70163055e+00   1.57678445e+00
 3.70000000e+00  -8.33333333e-03   1.00000000e+00   1.33990116e-01   1.58693690e-03   1.70681204e+00   1.57509147e+00
 3.71000000e+00  -8.33333333e-03   1.00000000e+00   1.33846878e-01   1.58537209e-03   1.70921662e+00   1.57888031e+00
 3.72000000e+00  -8.33333333e-03   1.00000000e+00   1.33617058e-01   1.58282157e-03   1.71066981e+00   1.58045553e+00
 3.73000000e+00  -8.33333333e-03   1.00000000e+00   1.33301296e-01   1.57930825e-03   1.71245874e+00   1.58253660e+00
 3.74000000e+00  -8.33333333e-03   1.00000000e+00   1.32900388e-01   1.57485162e-03   1.71424096e+00   1.58481533e+00
 3.75000000e+00  -8.33333333e-03   1.00000000e+00   1.32415297e-01   1.56946321e-03   1.71602156e+00   1.58729616e+00
 3.76000000e+00  -8.33333333e-03   1.00000000e+00   1.31847154e-01   1.56315329e-03   1.71779852e+00   1.58997431e+00
 3.77000000e+00  -8.33333333e-03   1.00000000e+00   1.31197235e-01   1.55593284e-03   1.71955096e+00   1.59285009e+00
 3.78000000e+00  -8.33333333e-03   1.00000000e+00   1.30466958e-01   1.54781427e-03   1.72130069e+00   1.59592470e+00
 3.79000000e+00  -8.33333333e-03   1.00000000e+00   1.29657866e-01   1.53881232e-03   1.72304053e+00   1.59918912e+00
 3.80000000e+00  -8.33333333e-03   1.00000000e+00   1.28771627e-01   1.52894431e-03   1.72475960e+00   1.60263939e+00
 3.81000000e+00  -8.33333333e-03   1.00000000e+00   1.27810027e-01   1.51823031e-03   1.72646101e+00   1.60626827e+00
 3.82000000e+00  -8.33333333e-03   1.00000000e+00   1.26774971e-01   1.50669282e-03   1.72814593e+00   1.61007745e+00
 3.83000000e+00  -8.33333333e-03   1.00000000e+00   1.25668479e-01   1.49435612e-03   1.72982465e+00   1.61410840e+00
 3.84000000e+00  -8.33333333e-03   1.00000000e+00   1.24492692e-01   1.48124571e-03   1.73146027e+00   1.61822781e+00
 3.85000000e+00  -8.33333333e-03   1.00000000e+00   1.23249860e-01   1.46738794e-03   1.73308980e+00   1.62251309e+00
 3.86000000e+00  -8.33333333e-03   1.00000000e+00   1.21942343e-01   1.45280993e-03   1.73469906e+00   1.62695799e+00
 3.87000000e+00  -8.33333333e-03   1.00000000e+00   1.20572604e-01   1.43753938e-03   1.73629035e+00   1.63154711e+00
 3.88000000e+00  -8.33333333e-03   1.00000000e+00   1.19143206e-01   1.42160386e-03   1.73785789e+00   1.63627265e+00
 3.89000000e+00  -8.33333333e-03   1.00000000e+00   1.17656801e-01   1.40503231e-03   1.73941085e+00   1.64112887e+00
 3.90000000e+00  -8.33333333e-03   1.00000000e+00   1.16116130e-01   1.38785470e-03   1.74093730e+00   1.64611079e+00
 3.91000000e+00  -8.33333333e-03   1.00000000e+00   1.14524019e-01   1.37010186e-03   1.74244304e+00   1.65120515e+00
 3.92000000e+00  -8.33333333e-03   1.00000000e+00   1.12883367e-01   1.35180573e-03   1.74393191e+00   1.65640453e+00
 3.93000000e+00  -8.33333333e-03   1.00000000e+00   1.11197150e-01   1.33299969e-03   1.74539678e+00   1.66170210e+00
 3.94000000e+00  -8.33333333e-03   1.00000000e+00   1.09468412e-01   1.31371769e-03   1.74683723e+00   1.66708825e+00
 3.95000000e+00  -8.33333333e-03   1.00000000e+00   1.07700260e-01   1.29399462e-03   1.74825505e+00   1.67255396e+00
 3.96000000e+00  -8.33333333e-03   1.00000000e+00   1.05895860e-01   1.27386582e-03   1.74965063e+00   1.67808693e+00
 3.97000000e+00  -8.33333333e-03   1.00000000e+00   1.04058430e-01   1.25336728e-03   1.75102212e+00   1.68369025e+00
 3.98000000e+00  -8.33333333e-03   1.00000000e+00   1.02191240e-01   1.23253569e-03   1.75236372e+00   1.68933343e+00
 3.99000000e+00  -8.33333333e-03   1.00000000e+00   1.00297595e-01   1.21140785e-03   1.75368138e+00   1.69502224e+00
 4.00000000e+00  -8.33333333e-03   1.00000000e+00   9.83808422e-02   1.19002086e-03   1.75497417e+00   1.70074943e+00
 4.01000000e+00  -8.33333333e-03   1.00000000e+00   9.64443538e-02   1.16841219e-03   1.75623213e+00   1.70648750e+00
 4.02000000e+00  -8.33333333e-03   1.00000000e+00   9.44915270e-02   1.14662015e-03   1.75745954e+00   1.71223410e+00
 4.03000000e+00  -8.33333333e-03   1.00000000e+00   9.25257765e-02   1.12468279e-03   1.75865787e+00   1.71798135e+00
 4.04000000e+00  -8.33333333e-03   1.00000000e+00   9.05505284e-02   1.10263851e-03   1.75981778e+00   1.72372105e+00
 4.05000000e+00  -8.33333333e-03   1.00000000e+00   8.85692133e-02   1.08052529e-03   1.76096555e+00   1.72942692e+00
 4.06000000e+00  -8.33333333e-03   1.00000000e+00   8.65852622e-02   1.05838137e-03   1.76206083e+00   1.73511442e+00
 4.07000000e+00  -8.33333333e-03   1.00000000e+00   8.46020982e-02   1.03624510e-03   1.76311150e+00   1.74075570e+00
 4.08000000e+00  -8.33333333e-03   1.00000000e+00   8.26231311e-02   1.01415462e-03   1.76412961e+00   1.74634812e+00
 4.09000000e+00  -8.33333333e-03   1.00000000e+00   8.06517514e-02   9.92147935e-04   1.76509841e+00   1.75187378e+00
 4.10000000e+00  -8.33333333e-03   1.00000000e+00   7.86913250e-02   9.70262706e-04   1.76601777e+00   1.75731724e+00
 4.11000000e+00  -8.33333333e-03   1.00000000e+00   7.67451865e-02   9.48536028e-04   1.76689440e+00   1.76268232e+00
 4.12000000e+00  -8.33333333e-03   1.00000000e+00   7.48166341e-02   9.27004585e-04   1.76772058e+00   1.76795085e+00
 4.13000000e+00  -8.33333333e-03   1.00000000e+00   7.29089238e-02   9.05704870e-04   1.76849649e+00   1.77311272e+00
 4.14000000e+00  -8.33333333e-03   1.00000000e+00   7.10252641e-02   8.84672439e-04   1.76920946e+00   1.77815690e+00
 4.15000000e+00  -8.33333333e-03   1.00000000e+00   6.91688109e-02   8.63942434e-04   1.76986497e+00   1.78307640e+00
 4.16000000e+00  -8.33333333e-03   1.00000000e+00   6.73426623e-02   8.43549256e-04   1.77046362e+00   1.78786335e+00
 4.17000000e+00  -8.33333333e-03   1.00000000e+00   6.55498532e-02   8.23526609e-04   1.77099898e+00   1.79250282e+00
 4.18000000e+00  -8.33333333e-03   1.00000000e+00   6.37933512e-02   8.03907241e-04   1.77147128e+00   1.79698445e+00
 4.19000000e+00  -8.33333333e-03   1.00000000e+00   6.20760511e-02   7.84723423e-04   1.77187879e+00   1.80129546e+00
 4.20000000e+00  -8.33333333e-03   1.00000000e+00   6.04007711e-02   7.66006699e-04   1.77221511e+00   1.80545169e+00
 4.21000000e+00  -8.33333333e-03   1.00000000e+00   5.87702479e-02   7.47787350e-04   1.77247641e+00   1.80942401e+00
 4.22000000e+00  -8.33333333e-03   1.00000000e+00   5.71871314e-02   7.30095049e-04   1.77266493e+00   1.81321461e+00
 4.23000000e+00  -8.33333333e-03   1.00000000e+00   5.56539818e-02   7.12958294e-04   1.77276843e+00   1.81680835e+00
 4.24000000e+00  -8.33333333e-03   1.00000000e+00   5.41732652e-02   6.96404734e-04   1.77279199e+00   1.82020452e+00
 4.25000000e+00  -8.33333333e-03   1.00000000e+00   5.27473498e-02   6.80460611e-04   1.77274136e+00   1.82338805e+00
 4.26000000e+00  -8.33333333e-03   1.00000000e+00   5.13785015e-02   6.65151392e-04   1.77259876e+00   1.82636309e+00
 4.27000000e+00  -8.33333333e-03   1.00000000e+00   5.00688810e-02   6.50501128e-04   1.77238274e+00   1.82911979e+00
 4.28000000e+00  -8.33333333e-03   1.00000000e+00   4.88205400e-02   6.36532733e-04   1.77207331e+00   1.83165391e+00
 4.29000000e+00  -8.33333333e-03   1.00000000e+00   4.76354179e-02   6.23267811e-04   1.77168026e+00   1.83396048e+00
 4.30000000e+00  -8.33333333e-03   1.00000000e+00   4.65153387e-02   6.10726780e-04   1.77119081e+00   1.83603480e+00
 4.31000000e+00  -8.33333333e-03   1.00000000e+00   4.54620085e-02   5.98928937e-04   1.77062092e+00   1.83787863e+00
 4.32000000e+00  -8.33333333e-03   1.00000000e+00   4.44770129e-02   5.87891942e-04   1.76996595e+00   1.83948373e+00
 4.33000000e+00  -8.33333333e-03   1.00000000e+00   4.35618139e-02   5.77632271e-04   1.76921188e+00   1.84084690e+00
 4.34000000e+00  -8.33333333e-03   1.00000000e+00   4.27177481e-02   5.68164818e-04   1.76838073e+00   1.84197168e+00
 4.35000000e+00  -8.33333333e-03   1.00000000e+00   4.19460249e-02   5.59503321e-04   1.76745310e+00   1.84285305e+00
 4.36000000e+00  -8.33333333e-03   1.00000000e+00   4.12477247e-02   5.51659960e-04   1.76643941e+00   1.84349671e+00
 4.37000000e+00  -8.33333333e-03   1.00000000e+00   4.06237980e-02   5.44645445e-04   1.76534310e+00   1.84389585e+00
 4.38000000e+00  -8.33333333e-03   1.00000000e+00   4.00750626e-02   5.38469033e-04   1.76415952e+00   1.84405178e+00
 4.39000000e+00  -8.33333333e-03   1.00000000e+00   3.96022046e-02   5.33138539e-04   1.76289292e+00   1.84396192e+00
 4.40000000e+00  -8.33333333e-03   1.00000000e+00   3.92057766e-02   5.28660236e-04   1.76154833e+00   1.84363753e+00
 4.41000000e+00  -8.33333333e-03   1.00000000e+00   3.88861978e-02   5.25038954e-04   1.76012593e+00   1.84307092e+00
 4.42000000e+00  -8.33333333e-03   1.00000000e+00   3.86437548e-02   5.22277607e-04   1.75862368e+00   1.84227184e+00
 4.43000000e+00  -8.33333333e-03   1.00000000e+00   3.84786011e-02   5.20376822e-04   1.75704177e+00   1.84123743e+00
 4.44000000e+00  -8.33333333e-03   1.00000000e+00   3.83909154e-02   5.19353567e-04   1.75242777e+00   1.83944123e+00
 4.45000000e+00  -8.33333333e-03   1.00000000e+00   3.83808967e-02   5.19119213e-04   1.75718859e+00   1.83658056e+00
 4.46000000e+00  -8.33333333e-03   1.00000000e+00   3.84476375e-02   5.19800188e-04   1.75153600e+00   1.83898790e+00
 4.47000000e+00  -8.33333333e-03   1.00000000e+00   3.85909059e-02   5.21354406e-04   1.74982627e+00   1.83463550e+00
 4.48000000e+00  -8.33333333e-03   1.00000000e+00   3.88102323e-02   5.23766799e-04   1.74813723e+00   1.83273582e+00
 4.49000000e+00  -8.33333333e-03   1.00000000e+00   3.91050082e-02   5.27018373e-04   1.74618878e+00   1.83037273e+00
 4.50000000e+00  -8.33333333e-03   1.00000000e+00   3.94744905e-02   5.31094825e-04   1.74420239e+00   1.82782211e+00
 4.51000000e+00  -8.33333333e-03   1.00000000e+00   3.99177933e-02   5.35984742e-04   1.74216386e+00   1.82507818e+00
 4.52000000e+00  -8.33333333e-03   1.00000000e+00   4.04338919e-02   5.41678505e-04   1.74008239e+00   1.82214797e+00
 4.53000000e+00  -8.33333333e-03   1.00000000e+00   4.10216290e-02   5.48167244e-04   1.73797321e+00   1.81903512e+00
 4.54000000e+00  -8.33333333e-03   1.00000000e+00   4.16797283e-02   5.55441008e-04   1.73583792e+00   1.81574308e+00
 4.55000000e+00  -8.33333333e-03   1.00000000e+00   4.24068015e-02   5.63488025e-04   1.73367632e+00   1.81229515e+00
 4.56000000e+00  -8.33333333e-03   1.00000000e+00   4.32013519e-02   5.72294010e-04   1.73149952e+00   1.80868840e+00
 4.57000000e+00  -8.33333333e-03   1.00000000e+00   4.40617776e-02   5.81841804e-04   1.72930601e+00   1.80493328e+00
 4.58000000e+00  -8.33333333e-03   1.00000000e+00   4.49863727e-02   5.92111617e-04   1.72710947e+00   1.80103760e+00
 4.59000000e+00  -8.33333333e-03   1.00000000e+00   4.59733290e-02   6.03081623e-04   1.72490737e+00   1.79700695e+00
 4.60000000e+00  -8.33333333e-03   1.00000000e+00   4.70207376e-02   6.14728726e-04   1.72270920e+00   1.79285055e+00
 4.61000000e+00  -8.33333333e-03   1.00000000e+00   4.81265921e-02   6.27029193e-04   1.72052153e+00   1.78858011e+00
 4.62000000e+00  -8.33333333e-03   1.00000000e+00   4.92887917e-02   6.39958952e-04   1.71834436e+00   1.78420196e+00
 4.63000000e+00  -8.33333333e-03   1.00000000e+00   5.05051461e-02   6.53493544e-04   1.71620041e+00   1.77972487e+00
 4.64000000e+00  -8.33333333e-03   1.00000000e+00   5.17733796e-02   6.67608111e-04   1.71406705e+00   1.77515859e+00
 4.65000000e+00  -8.33333333e-03   1.00000000e+00   5.30911368e-02   6.82277182e-04   1.71197575e+00   1.77050963e+00
 4.66000000e+00  -8.33333333e-03   1.00000000e+00   5.44559862e-02   6.97474535e-04   1.70991674e+00   1.76579164e+00
 4.67000000e+00  -8.33333333e-03   1.00000000e+00   5.58654254e-02   7.13172923e-04   1.70789296e+00   1.76100627e+00
 4.68000000e+00  -8.33333333e-03   1.00000000e+00   5.73168847e-02   7.29344047e-04   1.70592750e+00   1.75617217e+00
 4.69000000e+00  -8.33333333e-03   1.00000000e+00   5.88077315e-02   7.45958688e-04   1.70400210e+00   1.75129202e+00
 4.70000000e+00  -8.33333333e-03   1.00000000e+00   6.03352746e-02   7.62986742e-04   1.70213197e+00   1.74637532e+00
 4.71000000e+00  -8.33333333e-03   1.00000000e+00   6.18967683e-02   7.80397378e-04   1.70032169e+00   1.74142998e+00
 4.72000000e+00  -8.33333333e-03   1.00000000e+00   6.34894171e-02   7.98159194e-04   1.69858010e+00   1.73646187e+00
 4.73000000e+00  -8.33333333e-03   1.00000000e+00   6.51103807e-02   8.16240241e-04   1.69688336e+00   1.73149776e+00
 4.74000000e+00  -8.33333333e-03   1.00000000e+00   6.67567784e-02   8.34608367e-04   1.69528171e+00   1.72651876e+00
 4.75000000e+00  -8.33333333e-03   1.00000000e+00   6.84256953e-02   8.53231098e-04   1.69374678e+00   1.72155053e+00
 4.76000000e+00  -8.33333333e-03   1.00000000e+00   7.01141876e-02   8.72075564e-04   1.69228746e+00   1.71660044e+00
 4.77000000e+00  -8.33333333e-03   1.00000000e+00   7.18192873e-02   8.91108746e-04   1.69091107e+00   1.71167078e+00
 4.78000000e+00  -8.33333333e-03   1.00000000e+00   7.35380078e-02   9.10297250e-04   1.68961512e+00   1.70677387e+00
 4.79000000e+00  -8.33333333e-03   1.00000000e+00   7.52673490e-02   9.29607433e-04   1.68841382e+00   1.70191813e+00
 4.80000000e+00  -8.33333333e-03   1.00000000e+00   7.70043028e-02   9.49005791e-04   1.68729080e+00   1.69710077e+00
 4.81000000e+00  -8.33333333e-03   1.00000000e+00   7.87458584e-02   9.68458551e-04   1.68625630e+00   1.69233337e+00
 4.82000000e+00  -8.33333333e-03   1.00000000e+00   8.04890073e-02   9.87931855e-04   1.68531740e+00   1.68763806e+00
 4.83000000e+00  -8.33333333e-03   1.00000000e+00   8.22307490e-02   1.00739195e-03   1.68446555e+00   1.68301196e+00
 4.84000000e+00  -8.33333333e-03   1.00000000e+00   8.39680965e-02   1.02680524e-03   1.68370662e+00   1.67846025e+00
 4.85000000e+00  -8.33333333e-03   1.00000000e+00   8.56980809e-02   1.04613856e-03   1.68303700e+00   1.67399357e+00
 4.86000000e+00  -8.33333333e-03   1.00000000e+00   8.74177567e-02   1.06535892e-03   1.68245851e+00   1.66961303e+00
 4.87000000e+00  -8.33333333e-03   1.00000000e+00   8.91242070e-02   1.08443377e-03   1.68198239e+00   1.66532816e+00
 4.88000000e+00  -8.33333333e-03   1.00000000e+00   9.08145480e-02   1.10333081e-03   1.68158915e+00   1.66114445e+00
 4.89000000e+00  -8.33333333e-03   1.00000000e+00   9.24859340e-02   1.12201803e-03   1.68129486e+00   1.65706628e+00
 4.90000000e+00  -8.33333333e-03   1.00000000e+00   9.41355622e-02   1.14046412e-03   1.68108223e+00   1.65310103e+00
 4.91000000e+00  -8.33333333e-03   1.00000000e+00   9.57606771e-02   1.15863849e-03   1.68095697e+00   1.64926833e+00
 4.92000000e+00  -8.33333333e-03   1.00000000e+00   9.73585739e-02   1.17651087e-03   1.68092291e+00   1.64554790e+00
 4.93000000e+00  -8.33333333e-03   1.00000000e+00   9.89266049e-02   1.19405154e-03   1.68098189e+00   1.64194775e+00
 4.94000000e+00  -8.33333333e-03   1.00000000e+00   1.00462182e-01   1.21123145e-03   1.68113304e+00   1.63848342e+00
 4.95000000e+00  -8.33333333e-03   1.00000000e+00   1.01962783e-01   1.22802192e-03   1.68135216e+00   1.63515373e+00
 4.96000000e+00  -8.33333333e-03   1.00000000e+00   1.03425954e-01   1.24439579e-03   1.68166191e+00   1.63196519e+00
 4.97000000e+00  -8.33333333e-03   1.00000000e+00   1.04849310e-01   1.26032642e-03   1.68205175e+00   1.62892326e+00
 4.98000000e+00  -8.33333333e-03   1.00000000e+00   1.06230546e-01   1.27578795e-03   1.68251311e+00   1.62602781e+00
 4.99000000e+00  -8.33333333e-03   1.00000000e+00   1.07567435e-01   1.29075528e-03   1.68305800e+00   1.62328327e+00
 5.00000000e+00  -8.33333333e-03   1.00000000e+00   1.08857833e-01   1.30520448e-03   1.68366554e+00   1.62069524e+00