  Time  Coordinate0  Coordinate1  Displacement0  Displacement1  Force0  Force1
 1.00000000e-02  -3.46944695e-18   1.00000000e+00   2.24204450e-04  -7.87108426e-07   8.77685766e+00  -7.72967420e+00
 2.00000000e-02  -3.46944695e-18   1.00000000e+00   9.37870045e-04   3.36185525e-05   6.94438992e+00   1.60375428e+01
 3.00000000e-02  -3.46944695e-18   1.00000000e+00   2.01226478e-03   9.93704791e-05   5.09604576e+00   1.17154838e+01
 4.00000000e-02  -3.46944695e-18   1.00000000e+00   3.27062692e-03   1.69822138e-04   4.55130021e+00   1.02345653e+01
 5.00000000e-02  -3.46944695e-18   1.00000000e+00   4.65831661e-03   2.30228030e-04   4.24122678e+00   9.45612212e+00
 6.00000000e-02  -3.46944695e-18   1.00000000e+00   6.09829692e-03   2.70116513e-04   4.03990461e+00   8.97303968e+00
 7.00000000e-02  -3.46944695e-18   1.00000000e+00   7.55694399e-03   2.71029772e-04   3.88928069e+00   8.61437548e+00
 8.00000000e-02  -3.46944695e-18   1.00000000e+00   9.14582532e-03   2.21367350e-04   3.76291663e+00   8.35065422e+00
 9.00000000e-02  -3.46944695e-18   1.00000000e+00   1.12213515e-02   1.28535301e-04   3.65214606e+00   8.11789751e+00
 1.00000000e-01  -3.46944695e-18   1.00000000e+00   1.40985505e-02   3.13729468e-05   3.56555505e+00   7.93406568e+00
 1.10000000e-01  -3.46944695e-18   1.00000000e+00   1.76227353e-02  -2.45771314e-05   3.52253358e+00   7.76340406e+00
 1.20000000e-01  -3.46944695e-18   1.00000000e+00   2.13080979e-02  -3.34976233e-05   3.51401006e+00   7.63158010e+00
 1.30000000e-01  -3.46944695e-18   1.00000000e+00   2.49846311e-02  -6.60256254e-06   3.51528316e+00   7.51104674e+00
 1.40000000e-01  -3.46944695e-18   1.00000000e+00   2.88387485e-02   4.73151774e-05   3.51320488e+00   7.42001492e+00
 1.50000000e-01  -3.46944695e-18   1.00000000e+00   3.28076842e-02   1.38137847e-04   3.52610354e+00   7.33995155e+00
 1.60000000e-01  -3.46944695e-18   1.00000000e+00   3.66210091e-02   2.20482428e-04   3.54603080e+00   7.27845063e+00
 1.70000000e-01  -3.46944695e-18   1.00000000e+00   4.03031026e-02   2.47770624e-04   3.55762011e+00   7.23108094e+00
 1.80000000e-01  -3.46944695e-18   1.00000000e+00   4.39603607e-02   2.15652277e-04   3.56186986e+00   7.18385472e+00
 1.90000000e-01  -3.46944695e-18   1.00000000e+00   4.75842304e-02   1.57274063e-04   3.56376712e+00   7.13074015e+00
 2.00000000e-01  -3.46944695e-18   1.00000000e+00   5.12880411e-02   8.13376585e-05   3.56127771e+00   7.06807125e+00
 2.10000000e-01  -3.46944695e-18   1.00000000e+00   5.51727428e-02  -6.34783993e-07   3.56385494e+00   7.01301596e+00
 2.20000000e-01  -3.46944695e-18   1.00000000e+00   5.92079279e-02  -5.79464500e-05   3.57520087e+00   6.95865727e+00
 2.30000000e-01  -3.46944695e-18   1.00000000e+00   6.34413723e-02  -6.94569502e-05   3.59176872e+00   6.91400941e+00
 2.40000000e-01  -3.46944695e-18   1.00000000e+00   6.77309207e-02  -1.66219137e-05   3.62581954e+00   6.87478002e+00
 2.50000000e-01  -3.46944695e-18   1.00000000e+00   7.16199881e-02   7.11794109e-05   3.67197388e+00   6.84434722e+00
 2.60000000e-01  -3.46944695e-18   1.00000000e+00   7.49584012e-02   1.46217761e-04   3.70270154e+00   6.82369259e+00
 2.70000000e-01  -3.46944695e-18   1.00000000e+00   7.79972065e-02   1.94382577e-04   3.70959406e+00   6.79654651e+00
 2.80000000e-01  -3.46944695e-18   1.00000000e+00   8.10583474e-02   2.25766029e-04   3.69878108e+00   6.76806573e+00
 2.90000000e-01  -3.46944695e-18   1.00000000e+00   8.42804196e-02   2.06631837e-04   3.69036596e+00   6.74030533e+00
 3.00000000e-01  -3.46944695e-18   1.00000000e+00   8.75341588e-02   1.27380669e-04   3.68857842e+00   6.71864655e+00
 3.10000000e-01  -3.46944695e-18   1.00000000e+00   9.08067208e-02   3.30655852e-05   3.68275328e+00   6.68053503e+00
 3.20000000e-01  -3.46944695e-18   1.00000000e+00   9.43673216e-02  -3.94459800e-05   3.67254972e+00   6.63997195e+00
 3.30000000e-01  -3.46944695e-18   1.00000000e+00   9.83148621e-02  -6.81464705e-05   3.67284823e+00   6.59883571e+00
 3.40000000e-01  -3.46944695e-18   1.00000000e+00   1.02479659e-01  -5.80415061e-05   3.69201830e+00   6.56983076e+00
 3.50000000e-01  -3.46944695e-18   1.00000000e+00   1.06666793e-01  -1.36368587e-05   3.72202797e+00   6.55046517e+00
 3.60000000e-01  -3.46944695e-18   1.00000000e+00   1.10866990e-01   6.34845124e-05   3.75404276e+00   6.53943651e+00
 3.70000000e-01  -3.46944695e-18   1.00000000e+00   1.15042398e-01   1.54589278e-04   3.78538214e+00   6.53619103e+00
 3.80000000e-01  -3.46944695e-18   1.00000000e+00   1.18945908e-01   2.13108692e-04   3.82114833e+00   6.53112264e+00
 3.90000000e-01  -3.46944695e-18   1.00000000e+00   1.22604401e-01   2.09114389e-04   3.83831179e+00   6.52384869e+00
 4.00000000e-01  -3.46944695e-18   1.00000000e+00   1.26382342e-01   1.57604283e-04   3.84111505e+00   6.50941136e+00
 4.10000000e-01  -3.46944695e-18   1.00000000e+00   1.30489062e-01   9.36957668e-05   3.84362012e+00   6.49185220e+00
 4.20000000e-01  -3.46944695e-18   1.00000000e+00   1.34946299e-01   1.95128026e-05   3.85872518e+00   6.47493697e+00
 4.30000000e-01  -3.46944695e-18   1.00000000e+00   1.39595951e-01  -6.11478533e-05   3.89485063e+00   6.46106927e+00
 4.40000000e-01  -3.46944695e-18   1.00000000e+00   1.44084032e-01  -9.34278059e-05   3.94778033e+00   6.44969645e+00
 4.50000000e-01  -3.46944695e-18   1.00000000e+00   1.48305594e-01  -6.42116352e-05   3.99595970e+00   6.43673593e+00
 4.60000000e-01  -3.46944695e-18   1.00000000e+00   1.52427918e-01   4.81671466e-06   4.03858586e+00   6.43282816e+00
 4.70000000e-01  -3.46944695e-18   1.00000000e+00   1.56412363e-01   8.79761741e-05   4.08771555e+00   6.43231716e+00
 4.80000000e-01  -3.46944695e-18   1.00000000e+00   1.59912070e-01   1.51313696e-04   4.14382312e+00   6.45326784e+00
 4.90000000e-01  -3.46944695e-18   1.00000000e+00   1.62843590e-01   1.89125852e-04   4.17990951e+00   6.46128145e+00
 5.00000000e-01  -3.46944695e-18   1.00000000e+00   1.65455596e-01   1.96474905e-04   4.19399535e+00   6.46565980e+00
 5.10000000e-01  -3.46944695e-18   1.00000000e+00   1.67889603e-01   1.49404772e-04   4.19499366e+00   6.45863001e+00
 5.20000000e-01  -3.46944695e-18   1.00000000e+00   1.70191922e-01   5.41665747e-05   4.19478672e+00   6.45329127e+00
 5.30000000e-01  -3.46944695e-18   1.00000000e+00   1.72487783e-01  -3.07791150e-05   4.19351771e+00   6.43731747e+00
 5.40000000e-01  -3.46944695e-18   1.00000000e+00   1.74894462e-01  -7.37132500e-05   4.19775444e+00   6.42422683e+00
 5.50000000e-01  -3.46944695e-18   1.00000000e+00   1.77394772e-01  -8.06311719e-05   4.21422226e+00   6.42143865e+00
 5.60000000e-01  -3.46944695e-18   1.00000000e+00   1.79708495e-01  -5.72026102e-05   4.24771370e+00   6.42428898e+00
 5.70000000e-01  -3.46944695e-18   1.00000000e+00   1.81491518e-01   8.94652598e-06   4.28381421e+00   6.43468060e+00
 5.80000000e-01  -3.46944695e-18   1.00000000e+00   1.82803122e-01   9.97110669e-05   4.29901403e+00   6.43656599e+00
 5.90000000e-01  -3.46944695e-18   1.00000000e+00   1.84001997e-01   1.74155671e-04   4.29618659e+00   6.44872442e+00
 6.00000000e-01  -3.46944695e-18   1.00000000e+00   1.85205063e-01   2.00015754e-04   4.28822721e+00   6.45406997e+00
 6.10000000e-01  -3.46944695e-18   1.00000000e+00   1.86317549e-01   1.69402722e-04   4.28784361e+00   6.46844783e+00
 6.20000000e-01  -3.46944695e-18   1.00000000e+00   1.87399023e-01   1.10943964e-04   4.27872225e+00   6.46583786e+00
 6.30000000e-01  -3.46944695e-18   1.00000000e+00   1.88506540e-01   3.98570016e-05   4.27279960e+00   6.46649990e+00
 6.40000000e-01  -3.46944695e-18   1.00000000e+00   1.89804594e-01  -3.38802553e-05   4.25938668e+00   6.45134785e+00
 6.50000000e-01  -3.46944695e-18   1.00000000e+00   1.91460968e-01  -9.53931624e-05   4.26259139e+00   6.44271019e+00
 6.60000000e-01  -3.46944695e-18   1.00000000e+00   1.93258258e-01  -9.64547595e-05   4.29107052e+00   6.44174359e+00
 6.70000000e-01  -3.46944695e-18   1.00000000e+00   1.94875712e-01  -3.32465054e-05   4.33320738e+00   6.45220185e+00
 6.80000000e-01  -3.46944695e-18   1.00000000e+00   1.96260729e-01   4.36718849e-05   4.37235972e+00   6.47314891e+00
 6.90000000e-01  -3.46944695e-18   1.00000000e+00   1.97377177e-01   1.11224570e-04   4.40654213e+00   6.48646509e+00
 7.00000000e-01  -3.46944695e-18   1.00000000e+00   1.98047451e-01   1.70428322e-04   4.44077014e+00   6.50884943e+00
 7.10000000e-01  -3.46944695e-18   1.00000000e+00   1.98260205e-01   1.92459349e-04   4.45038544e+00   6.51853926e+00
 7.20000000e-01  -3.46944695e-18   1.00000000e+00   1.98387900e-01   1.68259532e-04   4.44443267e+00   6.52770563e+00
 7.30000000e-01  -3.46944695e-18   1.00000000e+00   1.98726316e-01   9.65489427e-05   4.43277364e+00   6.52445432e+00
 7.40000000e-01  -3.46944695e-18   1.00000000e+00   1.99059834e-01   1.51488538e-07   4.44464721e+00   6.53406774e+00
 7.50000000e-01  -3.46944695e-18   1.00000000e+00   1.99123196e-01  -6.29582211e-05   4.46266984e+00   6.53192577e+00
 7.60000000e-01  -3.46944695e-18   1.00000000e+00   1.98907058e-01  -8.44344167e-05   4.47797966e+00   6.53131764e+00
 7.70000000e-01  -3.46944695e-18   1.00000000e+00   1.98479070e-01  -7.33766855e-05   4.49060710e+00   6.53327520e+00
 7.80000000e-01  -3.46944695e-18   1.00000000e+00   1.97860528e-01  -3.22093657e-05   4.50319949e+00   6.54060567e+00
 7.90000000e-01  -3.46944695e-18   1.00000000e+00   1.96913981e-01   5.27684156e-05   4.52304595e+00   6.55727614e+00
 8.00000000e-01  -3.46944695e-18   1.00000000e+00   1.95361229e-01   1.43103702e-04   4.54128114e+00   6.58024929e+00
 8.10000000e-01  -3.46944695e-18   1.00000000e+00   1.93247421e-01   1.91876295e-04   4.53484994e+00   6.60716153e+00
 8.20000000e-01  -3.46944695e-18   1.00000000e+00   1.90831158e-01   1.82905914e-04   4.50162980e+00   6.61248072e+00
 8.30000000e-01  -3.46944695e-18   1.00000000e+00   1.88275735e-01   1.41546734e-04   4.46282687e+00   6.61479593e+00
 8.40000000e-01  -3.46944695e-18   1.00000000e+00   1.85743394e-01   7.78255916e-05   4.41914027e+00   6.60577029e+00
 8.50000000e-01  -3.46944695e-18   1.00000000e+00   1.83381829e-01  -2.20205024e-07   4.38224403e+00   6.60642543e+00
 8.60000000e-01  -3.46944695e-18   1.00000000e+00   1.81193442e-01  -6.61458559e-05   4.35310425e+00   6.59982900e+00
 8.70000000e-01  -3.46944695e-18   1.00000000e+00   1.79126406e-01  -9.71701762e-05   4.33834264e+00   6.59879335e+00
 8.80000000e-01  -3.46944695e-18   1.00000000e+00   1.76979968e-01  -6.41569176e-05   4.33833210e+00   6.59992884e+00
 8.90000000e-01  -3.46944695e-18   1.00000000e+00   1.74459657e-01   1.44782202e-05   4.34455456e+00   6.61149075e+00
 9.00000000e-01  -3.46944695e-18   1.00000000e+00   1.71680264e-01   8.96203788e-05   4.33043626e+00   6.62408483e+00
 9.10000000e-01  -3.46944695e-18   1.00000000e+00   1.68988486e-01   1.46547994e-04   4.30381188e+00   6.63171078e+00
 9.20000000e-01  -3.46944695e-18   1.00000000e+00   1.66380355e-01   1.94374089e-04   4.28753861e+00   6.64654107e+00
 9.30000000e-01  -3.46944695e-18   1.00000000e+00   1.63552679e-01   1.97506867e-04   4.27530247e+00   6.66136597e+00
 9.40000000e-01  -3.46944695e-18   1.00000000e+00   1.60582673e-01   1.40520627e-04   4.24973945e+00   6.66833425e+00
 9.50000000e-01  -3.46944695e-18   1.00000000e+00   1.57831663e-01   5.35156060e-05   4.21067770e+00   6.65766938e+00
 9.60000000e-01  -3.46944695e-18   1.00000000e+00   1.55391011e-01  -2.29271225e-05   4.18407015e+00   6.64587738e+00
 9.70000000e-01  -3.46944695e-18   1.00000000e+00   1.53146574e-01  -6.57658230e-05   4.17663492e+00   6.63707785e+00
 9.80000000e-01  -3.46944695e-18   1.00000000e+00   1.50967631e-01  -7.05529838e-05   4.18203702e+00   6.63789691e+00
 9.90000000e-01  -3.46944695e-18   1.00000000e+00   1.48596211e-01  -4.10184256e-05   4.20027882e+00   6.65018293e+00
 1.00000000e+00  -3.46944695e-18   1.00000000e+00   1.45882755e-01   2.06865691e-05   4.21320469e+00   6.66094164e+00
 1.01000000e+00  -3.46944695e-18   1.00000000e+00   1.42786813e-01   1.14492628e-04   4.22113170e+00   6.67369900e+00
 1.02000000e+00  -3.46944695e-18   1.00000000e+00   1.39238987e-01   1.87741427e-04   4.21519703e+00   6.68411670e+00
 1.03000000e+00  -3.46944695e-18   1.00000000e+00   1.35371857e-01   2.03918596e-04   4.19446601e+00   6.69855260e+00
 1.04000000e+00  -3.46944695e-18   1.00000000e+00   1.31463620e-01   1.74329516e-04   4.15576625e+00   6.70185015e+00
 1.05000000e+00  -3.46944695e-18   1.00000000e+00   1.27658009e-01   1.22433561e-04   4.11559150e+00   6.69592775e+00
 1.06000000e+00  -3.46944695e-18   1.00000000e+00   1.23844797e-01   5.62182608e-05   4.09015858e+00   6.69133445e+00
 1.07000000e+00  -3.46944695e-18   1.00000000e+00   1.19849426e-01  -2.50778816e-05   4.06628132e+00   6.68382663e+00
 1.08000000e+00  -3.46944695e-18   1.00000000e+00   1.15750410e-01  -7.42859320e-05   4.03704080e+00   6.67128646e+00
 1.09000000e+00  -3.46944695e-18   1.00000000e+00   1.11777796e-01  -6.37251046e-05   4.00509565e+00   6.65278657e+00
 1.10000000e+00  -3.46944695e-18   1.00000000e+00   1.07871718e-01  -8.24569580e-06   3.98590808e+00   6.65444725e+00
 1.11000000e+00  -3.46944695e-18   1.00000000e+00   1.03751178e-01   7.10951856e-05   3.97803282e+00   6.65951067e+00
 1.12000000e+00  -3.46944695e-18   1.00000000e+00   9.91790660e-02   1.41370847e-04   3.96583982e+00   6.67655649e+00
 1.13000000e+00  -3.46944695e-18   1.00000000e+00   9.43516691e-02   1.89401732e-04   3.92924342e+00   6.67544777e+00
 1.14000000e+00  -3.46944695e-18   1.00000000e+00   8.96284297e-02   2.17379990e-04   3.87715738e+00   6.67235748e+00
 1.15000000e+00  -3.46944695e-18   1.00000000e+00   8.50791255e-02   1.93803353e-04   3.82848879e+00   6.66173308e+00
 1.16000000e+00  -3.46944695e-18   1.00000000e+00   8.07546509e-02   1.10830240e-04   3.77877146e+00   6.65178731e+00
 1.17000000e+00  -3.46944695e-18   1.00000000e+00   7.69041822e-02   2.69690681e-05   3.72850176e+00   6.63465347e+00
 1.18000000e+00  -3.46944695e-18   1.00000000e+00   7.35270544e-02  -2.67210899e-05   3.69519088e+00   6.61677145e+00
 1.19000000e+00  -3.46944695e-18   1.00000000e+00   7.03099584e-02  -4.91432322e-05   3.68182063e+00   6.60373134e+00
 1.20000000e+00  -3.46944695e-18   1.00000000e+00   6.71360726e-02  -4.00147128e-05   3.67254626e+00   6.58878962e+00
 1.21000000e+00  -3.46944695e-18   1.00000000e+00   6.39697586e-02   9.59441735e-06   3.66904547e+00   6.58633584e+00
 1.22000000e+00  -3.46944695e-18   1.00000000e+00   6.07969585e-02   9.45686588e-05   3.65893239e+00   6.58229746e+00
 1.23000000e+00  -3.46944695e-18   1.00000000e+00   5.77465109e-02   1.77776090e-04   3.64361391e+00   6.59081979e+00
 1.24000000e+00  -3.46944695e-18   1.00000000e+00   5.47528477e-02   2.23682546e-04   3.63358200e+00   6.59221289e+00
 1.25000000e+00  -3.46944695e-18   1.00000000e+00   5.15467010e-02   2.12780660e-04   3.62640178e+00   6.59987020e+00
 1.26000000e+00  -3.46944695e-18   1.00000000e+00   4.82707633e-02   1.68794887e-04   3.60305511e+00   6.58949468e+00
 1.27000000e+00  -3.46944695e-18   1.00000000e+00   4.53080089e-02   1.08277437e-04   3.56879816e+00   6.57150949e+00
 1.28000000e+00  -3.46944695e-18   1.00000000e+00   4.27945673e-02   3.49107568e-05   3.53792756e+00   6.55058298e+00
 1.29000000e+00  -3.46944695e-18   1.00000000e+00   4.05096894e-02  -3.90797606e-05   3.52839800e+00   6.53590724e+00
 1.30000000e+00  -3.46944695e-18   1.00000000e+00   3.81799243e-02  -5.97156335e-05   3.53272005e+00   6.52503406e+00
 1.31000000e+00  -3.46944695e-18   1.00000000e+00   3.57170534e-02  -1.80571954e-05   3.53739122e+00   6.51183892e+00
 1.32000000e+00  -3.46944695e-18   1.00000000e+00   3.30826655e-02   5.13110994e-05   3.53874740e+00   6.51055037e+00
 1.33000000e+00  -3.46944695e-18   1.00000000e+00   3.01744249e-02   1.19713999e-04   3.53864118e+00   6.50535005e+00
 1.34000000e+00  -3.46944695e-18   1.00000000e+00   2.69837937e-02   1.85361614e-04   3.53059942e+00   6.50748691e+00
 1.35000000e+00  -3.46944695e-18   1.00000000e+00   2.37150996e-02   2.26384226e-04   3.50743015e+00   6.49862068e+00
 1.36000000e+00  -3.46944695e-18   1.00000000e+00   2.06595400e-02   2.22674007e-04   3.46982354e+00   6.49809000e+00
 1.37000000e+00  -3.46944695e-18   1.00000000e+00   1.78358643e-02   1.72041826e-04   3.43755035e+00   6.48191421e+00
 1.38000000e+00  -3.46944695e-18   1.00000000e+00   1.50561782e-02   8.11431732e-05   3.41153600e+00   6.46413738e+00
 1.39000000e+00  -3.46944695e-18   1.00000000e+00   1.24569680e-02   9.41310049e-06   3.38421294e+00   6.43210023e+00
 1.40000000e+00  -3.46944695e-18   1.00000000e+00   1.02586669e-02  -2.37755691e-05   3.35455871e+00   6.40787604e+00
 1.41000000e+00  -3.46944695e-18   1.00000000e+00   8.46780861e-03  -3.07112796e-05   3.33193903e+00   6.38727180e+00
 1.42000000e+00  -3.46944695e-18   1.00000000e+00   6.91361383e-03  -8.23510002e-06   3.32154941e+00   6.37319671e+00
 1.43000000e+00  -3.46944695e-18   1.00000000e+00   5.34872523e-03   6.50161245e-05   3.32401151e+00   6.36712277e+00
 1.44000000e+00  -3.46944695e-18   1.00000000e+00   3.60158091e-03   1.54442833e-04   3.32685725e+00   6.36235835e+00
 1.45000000e+00  -3.46944695e-18   1.00000000e+00   1.86042757e-03   2.17675264e-04   3.31219632e+00   6.36213044e+00
 1.46000000e+00  -3.46944695e-18   1.00000000e+00   4.63688469e-04   2.30019044e-04   3.28295799e+00   6.34983842e+00
 1.47000000e+00  -3.46944695e-18   1.00000000e+00  -5.06132591e-04   2.03249110e-04   3.25522387e+00   6.34265448e+00
 1.48000000e+00  -3.46944695e-18   1.00000000e+00  -1.14598655e-03   1.51706347e-04   3.23698376e+00   6.32693900e+00
 1.49000000e+00  -3.46944695e-18   1.00000000e+00  -1.34123482e-03   8.00693040e-05   3.21462622e+00   6.31433688e+00
 1.50000000e+00  -3.46944695e-18   1.00000000e+00  -9.95679937e-04   4.89465400e-06   3.19787905e+00   6.29407529e+00
 1.51000000e+00  -3.46944695e-18   1.00000000e+00  -4.29990637e-04  -4.38269516e-05   3.20505906e+00   6.27382588e+00
 1.52000000e+00  -3.46944695e-18   1.00000000e+00   1.13906345e-04  -3.57587377e-05   3.21911327e+00   6.25653756e+00
 1.53000000e+00  -3.46944695e-18   1.00000000e+00   7.38632827e-04   2.69733935e-05   3.23096980e+00   6.24817283e+00
 1.54000000e+00  -3.46944695e-18   1.00000000e+00   1.49603744e-03   9.65475818e-05   3.23864945e+00   6.25288155e+00
 1.55000000e+00  -3.46944695e-18   1.00000000e+00   2.21173579e-03   1.53981054e-04   3.25281146e+00   6.25758133e+00
 1.56000000e+00  -3.46944695e-18   1.00000000e+00   2.73540702e-03   2.13446347e-04   3.26723803e+00   6.26097359e+00
 1.57000000e+00  -3.46944695e-18   1.00000000e+00   3.00161765e-03   2.34481466e-04   3.27616684e+00   6.25842879e+00
 1.58000000e+00  -3.46944695e-18   1.00000000e+00   3.30397002e-03   1.98358811e-04   3.26552518e+00   6.25212012e+00
 1.59000000e+00  -3.46944695e-18   1.00000000e+00   4.02088829e-03   1.22807924e-04   3.24074519e+00   6.23887632e+00
 1.60000000e+00  -3.46944695e-18   1.00000000e+00   5.09067596e-03   4.22077019e-05   3.22862549e+00   6.21942110e+00
 1.61000000e+00  -3.46944695e-18   1.00000000e+00   6.30772599e-03  -1.28400089e-05   3.23264988e+00   6.20283372e+00
 1.62000000e+00  -3.46944695e-18   1.00000000e+00   7.55959034e-03  -3.34625771e-05   3.24343804e+00   6.19060572e+00
 1.63000000e+00  -3.46944695e-18   1.00000000e+00   8.71550459e-03  -2.39150151e-05   3.25600014e+00   6.18264288e+00
 1.64000000e+00  -3.46944695e-18   1.00000000e+00   9.77432203e-03   2.08506185e-05   3.26423946e+00   6.16934723e+00
 1.65000000e+00  -3.46944695e-18   1.00000000e+00   1.07750059e-02   1.05871999e-04   3.27267947e+00   6.16662408e+00
 1.66000000e+00  -3.46944695e-18   1.00000000e+00   1.16749379e-02   1.89290462e-04   3.27682705e+00   6.16577248e+00
 1.67000000e+00  -3.46944695e-18   1.00000000e+00   1.26153662e-02   2.21085700e-04   3.26737496e+00   6.17233563e+00
 1.68000000e+00  -3.46944695e-18   1.00000000e+00   1.38254668e-02   2.09530795e-04   3.24833125e+00   6.16781415e+00
 1.69000000e+00  -3.46944695e-18   1.00000000e+00   1.53487909e-02   1.72399249e-04   3.23374137e+00   6.15826778e+00
 1.70000000e+00  -3.46944695e-18   1.00000000e+00   1.70305190e-02   1.11589986e-04   3.22501062e+00   6.14342667e+00
 1.71000000e+00  -3.46944695e-18   1.00000000e+00   1.90099311e-02   3.11594038e-05   3.21325391e+00   6.12379998e+00
 1.72000000e+00  -3.46944695e-18   1.00000000e+00   2.16196051e-02  -3.44918834e-05   3.19650057e+00   6.11215412e+00
 1.73000000e+00  -3.46944695e-18   1.00000000e+00   2.47549397e-02  -5.05549567e-05   3.19970276e+00   6.09745813e+00
 1.74000000e+00  -3.46944695e-18   1.00000000e+00   2.79322960e-02  -1.36128333e-05   3.22856548e+00   6.09697200e+00
 1.75000000e+00  -3.46944695e-18   1.00000000e+00   3.09432374e-02   5.15925460e-05   3.25967788e+00   6.09713692e+00
 1.76000000e+00  -3.46944695e-18   1.00000000e+00   3.38735428e-02   1.20501173e-04   3.28085406e+00   6.10679549e+00
 1.77000000e+00  -3.46944695e-18   1.00000000e+00   3.68479952e-02   1.74318039e-04   3.29232908e+00   6.11062919e+00
 1.78000000e+00  -3.46944695e-18   1.00000000e+00   3.99909537e-02   2.16025580e-04   3.29854097e+00   6.11486253e+00
 1.79000000e+00  -3.46944695e-18   1.00000000e+00   4.33560273e-02   2.15105883e-04   3.30600038e+00   6.11851985e+00
 1.80000000e+00  -3.46944695e-18   1.00000000e+00   4.68990649e-02   1.46269043e-04   3.31669545e+00   6.12359403e+00
 1.81000000e+00  -3.46944695e-18   1.00000000e+00   5.06469997e-02   6.39695075e-05   3.32659305e+00   6.12169117e+00
 1.82000000e+00  -3.46944695e-18   1.00000000e+00   5.46185589e-02   5.30574970e-07   3.34284038e+00   6.10755842e+00
 1.83000000e+00  -3.46944695e-18   1.00000000e+00   5.86120115e-02  -3.93745692e-05   3.37487834e+00   6.10253320e+00
 1.84000000e+00  -3.46944695e-18   1.00000000e+00   6.25063370e-02  -5.01938201e-05   3.41202385e+00   6.09745803e+00
 1.85000000e+00  -3.46944695e-18   1.00000000e+00   6.63106676e-02  -2.01160093e-05   3.44580401e+00   6.10733949e+00
 1.86000000e+00  -3.46944695e-18   1.00000000e+00   7.00082832e-02   4.77200427e-05   3.47895079e+00   6.11208247e+00
 1.87000000e+00  -3.46944695e-18   1.00000000e+00   7.34226852e-02   1.33570752e-04   3.51618760e+00   6.12998617e+00
 1.88000000e+00  -3.46944695e-18   1.00000000e+00   7.64108736e-02   1.93868040e-04   3.54725118e+00   6.13940060e+00
 1.89000000e+00  -3.46944695e-18   1.00000000e+00   7.90513455e-02   2.00107018e-04   3.55772436e+00   6.15087367e+00
 1.90000000e+00  -3.46944695e-18   1.00000000e+00   8.17590403e-02   1.73971463e-04   3.54918043e+00   6.14384479e+00
 1.91000000e+00  -3.46944695e-18   1.00000000e+00   8.48675947e-02   1.24719291e-04   3.53630566e+00   6.13932482e+00
 1.92000000e+00  -3.46944695e-18   1.00000000e+00   8.82301669e-02   5.64091604e-05   3.54165354e+00   6.13761707e+00
 1.93000000e+00  -3.46944695e-18   1.00000000e+00   9.15196329e-02  -2.58922719e-05   3.56242574e+00   6.13507397e+00
 1.94000000e+00  -3.46944695e-18   1.00000000e+00   9.47961219e-02  -6.82447575e-05   3.57957897e+00   6.13078311e+00
 1.95000000e+00  -3.46944695e-18   1.00000000e+00   9.81633057e-02  -4.94377233e-05   3.59624535e+00   6.12435211e+00
 1.96000000e+00  -3.46944695e-18   1.00000000e+00   1.01400572e-01   2.50758105e-06   3.62314910e+00   6.13172137e+00
 1.97000000e+00  -3.46944695e-18   1.00000000e+00   1.04500112e-01   6.62305903e-05   3.64489180e+00   6.13639580e+00
 1.98000000e+00  -3.46944695e-18   1.00000000e+00   1.07589879e-01   1.31664072e-04   3.66062272e+00   6.15467641e+00
 1.99000000e+00  -3.46944695e-18   1.00000000e+00   1.10678456e-01   1.83588550e-04   3.67253503e+00   6.16460842e+00
 2.00000000e+00  -3.46944695e-18   1.00000000e+00   1.13826067e-01   2.00119482e-04   3.67942266e+00   6.17680389e+00
 2.01000000e+00  -3.46944695e-18   1.00000000e+00   1.17111303e-01   1.68260229e-04   3.68500899e+00   6.17682854e+00
 2.02000000e+00  -3.46944695e-18   1.00000000e+00   1.20522372e-01   8.70914925e-05   3.69416531e+00   6.17813354e+00
 2.03000000e+00  -3.46944695e-18   1.00000000e+00   1.24234173e-01   1.02167205e-05   3.70280602e+00   6.17158109e+00
 2.04000000e+00  -3.46944695e-18   1.00000000e+00   1.28342652e-01  -3.54208425e-05   3.72042487e+00   6.16899485e+00
 2.05000000e+00  -3.46944695e-18   1.00000000e+00   1.32661518e-01  -5.88733457e-05   3.76261307e+00   6.17516731e+00
 2.06000000e+00  -3.46944695e-18   1.00000000e+00   1.36741275e-01  -5.75326503e-05   3.82454213e+00   6.18958430e+00
 2.07000000e+00  -3.46944695e-18   1.00000000e+00   1.40330650e-01  -1.96862422e-06   3.88267090e+00   6.20506001e+00
 2.08000000e+00  -3.46944695e-18   1.00000000e+00   1.43634533e-01   8.18513462e-05   3.91795175e+00   6.21501015e+00
 2.09000000e+00  -3.46944695e-18   1.00000000e+00   1.46847380e-01   1.51931533e-04   3.94597423e+00   6.23078350e+00
 2.10000000e+00  -3.46944695e-18   1.00000000e+00   1.49925432e-01   1.83697528e-04   3.97387267e+00   6.24795534e+00
 2.11000000e+00  -3.46944695e-18   1.00000000e+00   1.52803462e-01   1.72529713e-04   4.00128963e+00   6.26523895e+00
 2.12000000e+00  -3.46944695e-18   1.00000000e+00   1.55544051e-01   1.33926832e-04   4.01818436e+00   6.27030641e+00
 2.13000000e+00  -3.46944695e-18   1.00000000e+00   1.58268234e-01   7.35358566e-05   4.03246780e+00   6.27230292e+00
 2.14000000e+00  -3.46944695e-18   1.00000000e+00   1.60992763e-01  -4.26377859e-06   4.05018272e+00   6.27283815e+00
 2.15000000e+00  -3.46944695e-18   1.00000000e+00   1.63513263e-01  -6.88829220e-05   4.08088746e+00   6.27283251e+00
 2.16000000e+00  -3.46944695e-18   1.00000000e+00   1.65811183e-01  -8.00924798e-05   4.10906701e+00   6.27679354e+00
 2.17000000e+00  -3.46944695e-18   1.00000000e+00   1.67989630e-01  -3.77319158e-05   4.13571181e+00   6.28556383e+00
 2.18000000e+00  -3.46944695e-18   1.00000000e+00   1.69875554e-01   2.52646892e-05   4.17031397e+00   6.30753788e+00
 2.19000000e+00  -3.46944695e-18   1.00000000e+00   1.71192166e-01   8.25072816e-05   4.19863844e+00   6.32641453e+00
 2.20000000e+00  -3.46944695e-18   1.00000000e+00   1.72068044e-01   1.48251850e-04   4.20700313e+00   6.33988695e+00
 2.21000000e+00  -3.46944695e-18   1.00000000e+00   1.72761599e-01   1.89749871e-04   4.19323384e+00   6.34670471e+00
 2.22000000e+00  -3.46944695e-18   1.00000000e+00   1.73545367e-01   1.73641223e-04   4.17019487e+00   6.35252792e+00
 2.23000000e+00  -3.46944695e-18   1.00000000e+00   1.74631837e-01   1.15190186e-04   4.15199948e+00   6.35284883e+00
 2.24000000e+00  -3.46944695e-18   1.00000000e+00   1.75887512e-01   3.68679051e-05   4.15403819e+00   6.35618518e+00
 2.25000000e+00  -3.46944695e-18   1.00000000e+00   1.77045265e-01  -2.82523600e-05   4.16788955e+00   6.36179170e+00
 2.26000000e+00  -3.46944695e-18   1.00000000e+00   1.78142602e-01  -5.96632576e-05   4.17431768e+00   6.35843191e+00
 2.27000000e+00  -3.46944695e-18   1.00000000e+00   1.79363373e-01  -6.98212628e-05   4.18369091e+00   6.36183512e+00
 2.28000000e+00  -3.46944695e-18   1.00000000e+00   1.80537324e-01  -4.31522115e-05   4.20976688e+00   6.36982714e+00
 2.29000000e+00  -3.46944695e-18   1.00000000e+00   1.81434319e-01   3.15789565e-05   4.23948355e+00   6.39018115e+00
 2.30000000e+00  -3.46944695e-18   1.00000000e+00   1.82132603e-01   1.18184622e-04   4.25439762e+00   6.40732961e+00
 2.31000000e+00  -3.46944695e-18   1.00000000e+00   1.82760345e-01   1.66355607e-04   4.26424646e+00   6.42777806e+00
 2.32000000e+00  -3.46944695e-18   1.00000000e+00   1.83250563e-01   1.71803305e-04   4.27289890e+00   6.44025077e+00
 2.33000000e+00  -3.46944695e-18   1.00000000e+00   1.83639946e-01   1.52255650e-04   4.27470036e+00   6.44567503e+00
 2.34000000e+00  -3.46944695e-18   1.00000000e+00   1.84054060e-01   1.02760602e-04   4.27015383e+00   6.44702187e+00
 2.35000000e+00  -3.46944695e-18   1.00000000e+00   1.84684495e-01   2.82533540e-05   4.27062132e+00   6.44514274e+00
 2.36000000e+00  -3.46944695e-18   1.00000000e+00   1.85503762e-01  -4.54091347e-05   4.28797049e+00   6.45126735e+00
 2.37000000e+00  -3.46944695e-18   1.00000000e+00   1.86127354e-01  -8.18976157e-05   4.32761183e+00   6.45893063e+00
 2.38000000e+00  -3.46944695e-18   1.00000000e+00   1.86212192e-01  -6.39880911e-05   4.37084869e+00   6.47394044e+00
 2.39000000e+00  -3.46944695e-18   1.00000000e+00   1.85811876e-01  -9.04636794e-06   4.39634035e+00   6.48577130e+00
 2.40000000e+00  -3.46944695e-18   1.00000000e+00   1.85077441e-01   5.39603288e-05   4.40486612e+00   6.50265982e+00
 2.41000000e+00  -3.46944695e-18   1.00000000e+00   1.84067317e-01   1.13903150e-04   4.40603513e+00   6.51505371e+00
 2.42000000e+00  -3.46944695e-18   1.00000000e+00   1.82777526e-01   1.68944693e-04   4.40679657e+00   6.53180927e+00
 2.43000000e+00  -3.46944695e-18   1.00000000e+00   1.81182385e-01   1.90204414e-04   4.39791975e+00   6.54887926e+00
 2.44000000e+00  -3.46944695e-18   1.00000000e+00   1.79377324e-01   1.43759972e-04   4.37689931e+00   6.55655507e+00
 2.45000000e+00  -3.46944695e-18   1.00000000e+00   1.77540960e-01   6.99012579e-05   4.34637167e+00   6.55244733e+00
 2.46000000e+00  -3.46944695e-18   1.00000000e+00   1.75787048e-01   5.11008087e-06   4.32170856e+00   6.54148822e+00
 2.47000000e+00  -3.46944695e-18   1.00000000e+00   1.73973121e-01  -4.32086817e-05   4.31343224e+00   6.54621365e+00
 2.48000000e+00  -3.46944695e-18   1.00000000e+00   1.72017361e-01  -6.89987125e-05   4.30623080e+00   6.54773532e+00
 2.49000000e+00  -3.46944695e-18   1.00000000e+00   1.69981614e-01  -5.47642793e-05   4.29819883e+00   6.55835688e+00
 2.50000000e+00  -3.46944695e-18   1.00000000e+00   1.67787313e-01  -2.71880390e-06   4.29797547e+00   6.56563972e+00
 2.51000000e+00  -3.46944695e-18   1.00000000e+00   1.65109618e-01   8.09305749e-05   4.29556718e+00   6.58596529e+00
 2.52000000e+00  -3.46944695e-18   1.00000000e+00   1.62075789e-01   1.55012920e-04   4.27141906e+00   6.59290931e+00
 2.53000000e+00  -3.46944695e-18   1.00000000e+00   1.59199452e-01   1.77520921e-04   4.22357622e+00   6.59838619e+00
 2.54000000e+00  -3.46944695e-18   1.00000000e+00   1.56635202e-01   1.68761179e-04   4.18556082e+00   6.59978123e+00
 2.55000000e+00  -3.46944695e-18   1.00000000e+00   1.54255010e-01   1.37005086e-04   4.15860916e+00   6.60095433e+00
 2.56000000e+00  -3.46944695e-18   1.00000000e+00   1.51998533e-01   7.65709978e-05   4.14250758e+00   6.60250265e+00
 2.57000000e+00  -3.46944695e-18   1.00000000e+00   1.49772932e-01  -4.82303970e-06   4.12809465e+00   6.59832075e+00
 2.58000000e+00  -3.46944695e-18   1.00000000e+00   1.47645259e-01  -6.10731729e-05   4.11817093e+00   6.59417895e+00
 2.59000000e+00  -3.46944695e-18   1.00000000e+00   1.45664359e-01  -6.36235823e-05   4.11382261e+00   6.58590991e+00
 2.60000000e+00  -3.46944695e-18   1.00000000e+00   1.43579159e-01  -2.33601984e-05   4.12458737e+00   6.59656087e+00
 2.61000000e+00  -3.46944695e-18   1.00000000e+00   1.41241098e-01   3.14988664e-05   4.13696705e+00   6.61092401e+00
 2.62000000e+00  -3.46944695e-18   1.00000000e+00   1.38637974e-01   9.83310568e-05   4.13736047e+00   6.63000716e+00
 2.63000000e+00  -3.46944695e-18   1.00000000e+00   1.35821860e-01   1.57727027e-04   4.12746618e+00   6.63657327e+00
 2.64000000e+00  -3.46944695e-18   1.00000000e+00   1.32839055e-01   1.93539967e-04   4.11284178e+00   6.64199287e+00
 2.65000000e+00  -3.46944695e-18   1.00000000e+00   1.29786755e-01   1.84836725e-04   4.09051843e+00   6.64279827e+00
 2.66000000e+00  -3.46944695e-18   1.00000000e+00   1.26791820e-01   1.17438463e-04   4.06227675e+00   6.64244516e+00
 2.67000000e+00  -3.46944695e-18   1.00000000e+00   1.23988969e-01   4.39699947e-05   4.03729837e+00   6.63356628e+00
 2.68000000e+00  -3.46944695e-18   1.00000000e+00   1.21296411e-01  -7.77653512e-06   4.02546277e+00   6.62495325e+00
 2.69000000e+00  -3.46944695e-18   1.00000000e+00   1.18389553e-01  -4.22362226e-05   4.03208011e+00   6.62900685e+00
 2.70000000e+00  -3.46944695e-18   1.00000000e+00   1.14980308e-01  -5.63592016e-05   4.03479428e+00   6.62991406e+00
 2.71000000e+00  -3.46944695e-18   1.00000000e+00   1.11271849e-01  -1.75745021e-05   4.01718935e+00   6.62795288e+00
 2.72000000e+00  -3.46944695e-18   1.00000000e+00   1.07558731e-01   5.87144054e-05   3.99231627e+00   6.62588116e+00
 2.73000000e+00  -3.46944695e-18   1.00000000e+00   1.03685723e-01   1.35818557e-04   3.97262734e+00   6.63663514e+00
 2.74000000e+00  -3.46944695e-18   1.00000000e+00   9.95253963e-02   1.84370864e-04   3.94980710e+00   6.64316406e+00
 2.75000000e+00  -3.46944695e-18   1.00000000e+00   9.52765408e-02   1.92377757e-04   3.90673349e+00   6.64490074e+00
 2.76000000e+00  -3.46944695e-18   1.00000000e+00   9.11732658e-02   1.69423089e-04   3.85847432e+00   6.63376445e+00
 2.77000000e+00  -3.46944695e-18   1.00000000e+00   8.72923330e-02   1.23852883e-04   3.81347235e+00   6.61740505e+00
 2.78000000e+00  -3.46944695e-18   1.00000000e+00   8.37034731e-02   5.23253570e-05   3.77307655e+00   6.60206754e+00
 2.79000000e+00  -3.46944695e-18   1.00000000e+00   8.03845160e-02  -2.36372631e-05   3.74552709e+00   6.58872328e+00
 2.80000000e+00  -3.46944695e-18   1.00000000e+00   7.72342348e-02  -5.10936458e-05   3.72682086e+00   6.57924379e+00
 2.81000000e+00  -3.46944695e-18   1.00000000e+00   7.41311796e-02  -2.70534884e-05   3.71473636e+00   6.57330454e+00
 2.82000000e+00  -3.46944695e-18   1.00000000e+00   7.09773662e-02   2.38003178e-05   3.70761360e+00   6.57080530e+00
 2.83000000e+00  -3.46944695e-18   1.00000000e+00   6.76475671e-02   8.04054259e-05   3.69800921e+00   6.57097696e+00
 2.84000000e+00  -3.46944695e-18   1.00000000e+00   6.42639265e-02   1.47020724e-04   3.67598246e+00   6.57070103e+00
 2.85000000e+00  -3.46944695e-18   1.00000000e+00   6.11741212e-02   2.03925414e-04   3.64154877e+00   6.56661764e+00
 2.86000000e+00  -3.46944695e-18   1.00000000e+00   5.85063669e-02   2.10687388e-04   3.60864848e+00   6.56252443e+00
 2.87000000e+00  -3.46944695e-18   1.00000000e+00   5.60298247e-02   1.69748092e-04   3.59187765e+00   6.55850986e+00
 2.88000000e+00  -3.46944695e-18   1.00000000e+00   5.36180600e-02   1.00692234e-04   3.57830091e+00   6.54628415e+00
 2.89000000e+00  -3.46944695e-18   1.00000000e+00   5.13790174e-02   3.19146926e-05   3.56217411e+00   6.53144476e+00
 2.90000000e+00  -3.46944695e-18   1.00000000e+00   4.93964580e-02  -9.38301511e-06   3.54864714e+00   6.51146042e+00
 2.91000000e+00  -3.46944695e-18   1.00000000e+00   4.76141626e-02  -3.25254415e-05   3.54740101e+00   6.50389201e+00
 2.92000000e+00  -3.46944695e-18   1.00000000e+00   4.56884348e-02  -2.76374205e-05   3.56020900e+00   6.50225387e+00
 2.93000000e+00  -3.46944695e-18   1.00000000e+00   4.34305405e-02   3.39888004e-05   3.57195403e+00   6.50255787e+00
 2.94000000e+00  -3.46944695e-18   1.00000000e+00   4.10066099e-02   1.19363089e-04   3.56807239e+00   6.50375070e+00
 2.95000000e+00  -3.46944695e-18   1.00000000e+00   3.84810561e-02   1.77158573e-04   3.55742964e+00   6.50499760e+00
 2.96000000e+00  -3.46944695e-18   1.00000000e+00   3.57651520e-02   2.01883973e-04   3.54325721e+00   6.49897723e+00
 2.97000000e+00  -3.46944695e-18   1.00000000e+00   3.31402483e-02   1.96990746e-04   3.51479940e+00   6.48616410e+00
 2.98000000e+00  -3.46944695e-18   1.00000000e+00   3.08444060e-02   1.63759637e-04   3.48169595e+00   6.47684416e+00
 2.99000000e+00  -3.46944695e-18   1.00000000e+00   2.88005641e-02   9.91191206e-05   3.45741690e+00   6.45949147e+00
 3.00000000e+00  -3.46944695e-18   1.00000000e+00   2.68729195e-02   2.36329126e-05   3.44515824e+00   6.44495251e+00
 3.01000000e+00  -3.46944695e-18   1.00000000e+00   2.49049466e-02  -2.89369667e-05   3.44062701e+00   6.42279530e+00
 3.02000000e+00  -3.46944695e-18   1.00000000e+00   2.28218360e-02  -2.98406367e-05   3.43497171e+00   6.41015715e+00
 3.03000000e+00  -3.46944695e-18   1.00000000e+00   2.07656971e-02   1.12839894e-05   3.42349360e+00   6.39611385e+00
 3.04000000e+00  -3.46944695e-18   1.00000000e+00   1.89010485e-02   6.56823351e-05   3.40438445e+00   6.39122169e+00
 3.05000000e+00  -3.46944695e-18   1.00000000e+00   1.71058577e-02   1.24346003e-04   3.39254219e+00   6.38733155e+00
 3.06000000e+00  -3.46944695e-18   1.00000000e+00   1.52040632e-02   1.87958739e-04   3.38323772e+00   6.38327678e+00
 3.07000000e+00  -3.46944695e-18   1.00000000e+00   1.33790414e-02   2.26804574e-04   3.35907300e+00   6.37545790e+00
 3.08000000e+00  -3.46944695e-18   1.00000000e+00   1.20211854e-02   2.01576434e-04   3.31996629e+00   6.36061732e+00
 3.09000000e+00  -3.46944695e-18   1.00000000e+00   1.11872071e-02   1.39870089e-04   3.28980542e+00   6.34322066e+00
 3.10000000e+00  -3.46944695e-18   1.00000000e+00   1.07572090e-02   7.51764724e-05   3.27209101e+00   6.32134324e+00
 3.11000000e+00  -3.46944695e-18   1.00000000e+00   1.06777973e-02   1.96791200e-05   3.26249525e+00   6.30957871e+00
 3.12000000e+00  -3.46944695e-18   1.00000000e+00   1.09039545e-02  -1.86363654e-05   3.25912094e+00   6.29335597e+00
 3.13000000e+00  -3.46944695e-18   1.00000000e+00   1.12378647e-02  -2.45319525e-05   3.26900603e+00   6.28905222e+00
 3.14000000e+00  -3.46944695e-18   1.00000000e+00   1.14969143e-02   9.42866309e-06   3.28429754e+00   6.27819707e+00
 3.15000000e+00  -3.46944695e-18   1.00000000e+00   1.16276999e-02   8.25717448e-05   3.29640064e+00   6.27529780e+00
 3.16000000e+00  -3.46944695e-18   1.00000000e+00   1.18550063e-02   1.62050070e-04   3.29293665e+00   6.27479417e+00
 3.17000000e+00  -3.46944695e-18   1.00000000e+00   1.23983033e-02   1.98110962e-04   3.28145537e+00   6.28259064e+00
 3.18000000e+00  -3.46944695e-18   1.00000000e+00   1.31068757e-02   2.02342257e-04   3.27961261e+00   6.27767709e+00
 3.19000000e+00  -3.46944695e-18   1.00000000e+00   1.38394639e-02   1.86871625e-04   3.28268672e+00   6.26706289e+00
 3.20000000e+00  -3.46944695e-18   1.00000000e+00   1.46688834e-02   1.37772033e-04   3.28097388e+00   6.26016204e+00
 3.21000000e+00  -3.46944695e-18   1.00000000e+00   1.57238391e-02   5.63623828e-05   3.27539479e+00   6.24466704e+00
 3.22000000e+00  -3.46944695e-18   1.00000000e+00   1.70054572e-02  -8.41396858e-06   3.27815932e+00   6.23129819e+00
 3.23000000e+00  -3.46944695e-18   1.00000000e+00   1.83938183e-02  -3.48838984e-05   3.29239268e+00   6.21759246e+00
 3.24000000e+00  -3.46944695e-18   1.00000000e+00   1.96058868e-02  -1.18129660e-05   3.31628777e+00   6.21832222e+00
 3.25000000e+00  -3.46944695e-18   1.00000000e+00   2.04779072e-02   3.31744969e-05   3.33678835e+00   6.21843477e+00
 3.26000000e+00  -3.46944695e-18   1.00000000e+00   2.11382125e-02   9.06822981e-05   3.34303858e+00   6.21755426e+00
 3.27000000e+00  -3.46944695e-18   1.00000000e+00   2.18465548e-02   1.56633320e-04   3.33796073e+00   6.21214057e+00
 3.28000000e+00  -3.46944695e-18   1.00000000e+00   2.25312866e-02   2.03896158e-04   3.33184208e+00   6.20838216e+00
 3.29000000e+00  -3.46944695e-18   1.00000000e+00   2.33043221e-02   2.17338636e-04   3.31779235e+00   6.20302824e+00
 3.30000000e+00  -3.46944695e-18   1.00000000e+00   2.45305536e-02   1.65554522e-04   3.29391131e+00   6.19673100e+00
 3.31000000e+00  -3.46944695e-18   1.00000000e+00   2.61352300e-02   9.64993773e-05   3.28054002e+00   6.18619990e+00
 3.32000000e+00  -3.46944695e-18   1.00000000e+00   2.78223489e-02   4.02926331e-05   3.28627181e+00   6.16681112e+00
 3.33000000e+00  -3.46944695e-18   1.00000000e+00   2.95612355e-02  -5.25657960e-06   3.29147899e+00   6.15650068e+00
 3.34000000e+00  -3.46944695e-18   1.00000000e+00   3.14614630e-02  -3.75705265e-05   3.29379976e+00   6.14561296e+00
 3.35000000e+00  -3.46944695e-18   1.00000000e+00   3.35950067e-02  -1.93123505e-05   3.29611547e+00   6.14150350e+00
 3.36000000e+00  -3.46944695e-18   1.00000000e+00   3.58870260e-02   4.07495030e-05   3.30559068e+00   6.14164068e+00
 3.37000000e+00  -3.46944695e-18   1.00000000e+00   3.80969574e-02   1.15868019e-04   3.32358834e+00   6.14709919e+00
 3.38000000e+00  -3.46944695e-18   1.00000000e+00   4.02440585e-02   1.75034781e-04   3.33347452e+00   6.15177237e+00
 3.39000000e+00  -3.46944695e-18   1.00000000e+00   4.25657447e-02   1.95397858e-04   3.32758175e+00   6.15279776e+00
 3.40000000e+00  -3.46944695e-18   1.00000000e+00   4.52915085e-02   1.87412339e-04   3.31790795e+00   6.14866553e+00
 3.41000000e+00  -3.46944695e-18   1.00000000e+00   4.84276036e-02   1.54829722e-04   3.31680937e+00   6.13880722e+00
 3.42000000e+00  -3.46944695e-18   1.00000000e+00   5.18742813e-02   9.06310767e-05   3.32793452e+00   6.13942075e+00
 3.43000000e+00  -3.46944695e-18   1.00000000e+00   5.54813818e-02   7.08753287e-06   3.35132113e+00   6.13809692e+00
 3.44000000e+00  -3.46944695e-18   1.00000000e+00   5.91457959e-02  -3.93812599e-05   3.38134140e+00   6.13516690e+00
 3.45000000e+00  -3.46944695e-18   1.00000000e+00   6.27245826e-02  -3.52183324e-05   3.41723754e+00   6.13091223e+00
 3.46000000e+00  -3.46944695e-18   1.00000000e+00   6.60868115e-02  -2.19846777e-06   3.45617671e+00   6.13804964e+00
 3.47000000e+00  -3.46944695e-18   1.00000000e+00   6.91949957e-02   4.60439972e-05   3.48776857e+00   6.14751037e+00
 3.48000000e+00  -3.46944695e-18   1.00000000e+00   7.22065557e-02   1.09454824e-04   3.50638314e+00   6.15485475e+00
 3.49000000e+00  -3.46944695e-18   1.00000000e+00   7.52957129e-02   1.73058600e-04   3.51999306e+00   6.16484942e+00
 3.50000000e+00  -3.46944695e-18   1.00000000e+00   7.83161843e-02   1.99562890e-04   3.53799086e+00   6.17222560e+00
 3.51000000e+00  -3.46944695e-18   1.00000000e+00   8.10816133e-02   1.77463629e-04   3.55742994e+00   6.17634637e+00
 3.52000000e+00  -3.46944695e-18   1.00000000e+00   8.38502938e-02   1.16122666e-04   3.55778708e+00   6.16859110e+00
 3.53000000e+00  -3.46944695e-18   1.00000000e+00   8.69569509e-02   4.95474462e-05   3.55807981e+00   6.16252113e+00
 3.54000000e+00  -3.46944695e-18   1.00000000e+00   9.01672187e-02  -1.66329417e-06   3.57909981e+00   6.15745469e+00
 3.55000000e+00  -3.46944695e-18   1.00000000e+00   9.32283653e-02  -3.68401014e-05   3.60689560e+00   6.16218945e+00
 3.56000000e+00  -3.46944695e-18   1.00000000e+00   9.60430531e-02  -5.12681302e-05   3.63743365e+00   6.16834778e+00
 3.57000000e+00  -3.46944695e-18   1.00000000e+00   9.85827568e-02  -9.81787563e-06   3.66204915e+00   6.17235700e+00
 3.58000000e+00  -3.46944695e-18   1.00000000e+00   1.00924042e-01   7.09961223e-05   3.67307505e+00   6.17716845e+00
 3.59000000e+00  -3.46944695e-18   1.00000000e+00   1.03244929e-01   1.32105147e-04   3.67526052e+00   6.18212975e+00
 3.60000000e+00  -3.46944695e-18   1.00000000e+00   1.05611826e-01   1.70623467e-04   3.67504006e+00   6.19033997e+00
 3.61000000e+00  -3.46944695e-18   1.00000000e+00   1.08127762e-01   1.79619950e-04   3.67253801e+00   6.19423892e+00
 3.62000000e+00  -3.46944695e-18   1.00000000e+00   1.10930893e-01   1.59595910e-04   3.66588129e+00   6.19813674e+00
 3.63000000e+00  -3.46944695e-18   1.00000000e+00   1.13996120e-01   1.05991744e-04   3.67258372e+00   6.19363636e+00
 3.64000000e+00  -3.46944695e-18   1.00000000e+00   1.17127723e-01   3.19554673e-05   3.69172530e+00   6.19402268e+00
 3.65000000e+00  -3.46944695e-18   1.00000000e+00   1.20275856e-01  -3.72673593e-05   3.71478301e+00   6.19161921e+00
 3.66000000e+00  -3.46944695e-18   1.00000000e+00   1.23571256e-01  -5.60480113e-05   3.73513979e+00   6.19223741e+00
 3.67000000e+00  -3.46944695e-18   1.00000000e+00   1.26958558e-01  -3.25597643e-05   3.76554261e+00   6.19854132e+00
 3.68000000e+00  -3.46944695e-18   1.00000000e+00   1.30248262e-01   9.58863005e-06   3.80770409e+00   6.21612894e+00
 3.69000000e+00  -3.46944695e-18   1.00000000e+00   1.33186311e-01   6.43427283e-05   3.85018881e+00   6.23598499e+00
 3.70000000e+00  -3.46944695e-18   1.00000000e+00   1.35820779e-01   1.30115717e-04   3.87281389e+00   6.24371525e+00
 3.71000000e+00  -3.46944695e-18   1.00000000e+00   1.38527760e-01   1.84518626e-04   3.87988286e+00   6.25010876e+00
 3.72000000e+00  -3.46944695e-18   1.00000000e+00   1.41500070e-01   1.78508138e-04   3.88761435e+00   6.25597607e+00
 3.73000000e+00  -3.46944695e-18   1.00000000e+00   1.44491246e-01   1.31356528e-04   3.91311770e+00   6.26689059e+00
 3.74000000e+00  -3.46944695e-18   1.00000000e+00   1.47431969e-01   6.90727555e-05   3.94149839e+00   6.26765949e+00
 3.75000000e+00  -3.46944695e-18   1.00000000e+00   1.50352263e-01   9.60836245e-06   3.97274643e+00   6.27545964e+00
 3.76000000e+00  -3.46944695e-18   1.00000000e+00   1.53088088e-01  -3.96187657e-05   4.01146891e+00   6.27835287e+00
 3.77000000e+00  -3.46944695e-18   1.00000000e+00   1.55446177e-01  -6.13617911e-05   4.05248658e+00   6.28764086e+00
 3.78000000e+00  -3.46944695e-18   1.00000000e+00   1.57435137e-01  -4.84781054e-05   4.08448418e+00   6.29522030e+00
 3.79000000e+00  -3.46944695e-18   1.00000000e+00   1.59125490e-01   1.48859391e-05   4.10828096e+00   6.30926932e+00
 3.80000000e+00  -3.46944695e-18   1.00000000e+00   1.60568344e-01   9.48061431e-05   4.12403222e+00   6.32487506e+00
 3.81000000e+00  -3.46944695e-18   1.00000000e+00   1.61785655e-01   1.43263619e-04   4.13368897e+00   6.34003075e+00
 3.82000000e+00  -3.46944695e-18   1.00000000e+00   1.62773392e-01   1.62434215e-04   4.13657195e+00   6.35072081e+00
 3.83000000e+00  -3.46944695e-18   1.00000000e+00   1.63579643e-01   1.61969113e-04   4.13324588e+00   6.35185319e+00
 3.84000000e+00  -3.46944695e-18   1.00000000e+00   1.64396590e-01   1.29851885e-04   4.11631210e+00   6.35338971e+00
 3.85000000e+00  -3.46944695e-18   1.00000000e+00   1.65526318e-01   5.35391301e-05   4.10371045e+00   6.34751159e+00
 3.86000000e+00  -3.46944695e-18   1.00000000e+00   1.66789468e-01  -1.57252637e-05   4.11513332e+00   6.35361307e+00
 3.87000000e+00  -3.46944695e-18   1.00000000e+00   1.67776781e-01  -5.94682629e-05   4.14068939e+00   6.36133575e+00
 3.88000000e+00  -3.46944695e-18   1.00000000e+00   1.68447084e-01  -5.51526211e-05   4.16018389e+00   6.37146920e+00
 3.89000000e+00  -3.46944695e-18   1.00000000e+00   1.68969636e-01  -2.08697615e-05   4.16580564e+00   6.37665647e+00
 3.90000000e+00  -3.46944695e-18   1.00000000e+00   1.69371852e-01   2.82465918e-05   4.16715971e+00   6.38774537e+00
 3.91000000e+00  -3.46944695e-18   1.00000000e+00   1.69720612e-01   9.13306593e-05   4.16722549e+00   6.39839400e+00
 3.92000000e+00  -3.46944695e-18   1.00000000e+00   1.70028111e-01   1.53908592e-04   4.16624426e+00   6.41023401e+00
 3.93000000e+00  -3.46944695e-18   1.00000000e+00   1.70420781e-01   1.82558628e-04   4.15893747e+00   6.42008577e+00
 3.94000000e+00  -3.46944695e-18   1.00000000e+00   1.71038935e-01   1.52287234e-04   4.15275948e+00   6.42633940e+00
 3.95000000e+00  -3.46944695e-18   1.00000000e+00   1.71711848e-01   9.20336677e-05   4.18669138e+00   6.44884649e+00
 3.96000000e+00  -3.46944695e-18   1.00000000e+00   1.72304283e-01   3.46856322e-05   4.13304400e+00   6.40612213e+00
 3.97000000e+00  -3.46944695e-18   1.00000000e+00   1.72938990e-01  -1.41159296e-05   4.18656047e+00   6.43459862e+00
 3.98000000e+00  -3.46944695e-18   1.00000000e+00   1.73639664e-01  -6.19297296e-05   4.21059203e+00   6.43567644e+00
 3.99000000e+00  -3.46944695e-18   1.00000000e+00   1.74132619e-01  -6.03065702e-05   4.24542890e+00   6.45077965e+00
 4.00000000e+00  -3.46944695e-18   1.00000000e+00   1.74200818e-01  -1.76479697e-05   4.27789303e+00   6.46714615e+00
 4.01000000e+00  -3.46944695e-18   1.00000000e+00   1.73796952e-01   5.40447350e-05   4.29917367e+00   6.48411933e+00
 4.02000000e+00  -3.46944695e-18   1.00000000e+00   1.73050418e-01   1.20573933e-04   4.30129516e+00   6.49907970e+00
 4.03000000e+00  -3.46944695e-18   1.00000000e+00   1.72220797e-01   1.55214574e-04   4.28783385e+00   6.50268397e+00
 4.04000000e+00  -3.46944695e-18   1.00000000e+00   1.71506500e-01   1.61364383e-04   4.27426704e+00   6.50927317e+00
 4.05000000e+00  -3.46944695e-18   1.00000000e+00   1.70705918e-01   1.47047138e-04   4.27647307e+00   6.51490688e+00
 4.06000000e+00  -3.46944695e-18   1.00000000e+00   1.69655436e-01   9.59318129e-05   4.28099654e+00   6.52610888e+00
 4.07000000e+00  -3.46944695e-18   1.00000000e+00   1.68492343e-01   1.23505951e-05   4.27302942e+00   6.52429234e+00
 4.08000000e+00  -3.46944695e-18   1.00000000e+00   1.67229218e-01  -4.30093945e-05   4.27190878e+00   6.52379190e+00
 4.09000000e+00  -3.46944695e-18   1.00000000e+00   1.65640664e-01  -5.70609321e-05   4.27992486e+00   6.52769859e+00
 4.10000000e+00  -3.46944695e-18   1.00000000e+00   1.63682984e-01  -3.55725608e-05   4.27847102e+00   6.53800774e+00
 4.11000000e+00  -3.46944695e-18   1.00000000e+00   1.61545119e-01   2.43917640e-06   4.26430496e+00   6.54969587e+00
 4.12000000e+00  -3.46944695e-18   1.00000000e+00   1.59265806e-01   6.34273285e-05   4.24808816e+00   6.55813806e+00
 4.13000000e+00  -3.46944695e-18   1.00000000e+00   1.56759463e-01   1.31252586e-04   4.22976784e+00   6.57119239e+00
 4.14000000e+00  -3.46944695e-18   1.00000000e+00   1.54070662e-01   1.76641682e-04   4.20074432e+00   6.57295923e+00
 4.15000000e+00  -3.46944695e-18   1.00000000e+00   1.51443468e-01   1.75319552e-04   4.16051801e+00   6.57399452e+00
 4.16000000e+00  -3.46944695e-18   1.00000000e+00   1.49149958e-01   1.28499173e-04   4.11947971e+00   6.56687212e+00
 4.17000000e+00  -3.46944695e-18   1.00000000e+00   1.47210122e-01   6.70020674e-05   4.09480453e+00   6.56551035e+00
 4.18000000e+00  -3.46944695e-18   1.00000000e+00   1.45334748e-01   1.56084800e-05   4.09109979e+00   6.56270472e+00
 4.19000000e+00  -3.46944695e-18   1.00000000e+00   1.43311441e-01  -2.99292887e-05   4.09336217e+00   6.56930257e+00
 4.20000000e+00  -3.46944695e-18   1.00000000e+00   1.41120595e-01  -5.92122945e-05   4.09020509e+00   6.57413856e+00
 4.21000000e+00  -3.46944695e-18   1.00000000e+00   1.38878338e-01  -3.57908599e-05   4.08024352e+00   6.57275809e+00
 4.22000000e+00  -3.46944695e-18   1.00000000e+00   1.36603706e-01   3.36289816e-05   4.07274976e+00   6.57769200e+00
 4.23000000e+00  -3.46944695e-18   1.00000000e+00   1.34266811e-01   1.01116043e-04   4.06466058e+00   6.58704139e+00
 4.24000000e+00  -3.46944695e-18   1.00000000e+00   1.31902634e-01   1.47704310e-04   4.05250657e+00   6.60225688e+00
 4.25000000e+00  -3.46944695e-18   1.00000000e+00   1.29536051e-01   1.74408125e-04   4.03505088e+00   6.60299741e+00
 4.26000000e+00  -3.46944695e-18   1.00000000e+00   1.27285899e-01   1.69257779e-04   4.01464843e+00   6.60165126e+00
 4.27000000e+00  -3.46944695e-18   1.00000000e+00   1.25155417e-01   1.32361100e-04   4.00365543e+00   6.59564525e+00
 4.28000000e+00  -3.46944695e-18   1.00000000e+00   1.22934798e-01   6.64027892e-05   3.99991787e+00   6.59680068e+00
 4.29000000e+00  -3.46944695e-18   1.00000000e+00   1.20704556e-01  -9.62842972e-06   3.99239356e+00   6.59189943e+00
 4.30000000e+00  -3.46944695e-18   1.00000000e+00   1.18595692e-01  -4.50029917e-05   3.99053754e+00   6.58916082e+00
 4.31000000e+00  -3.46944695e-18   1.00000000e+00   1.16195195e-01  -3.36103784e-05   4.00551486e+00   6.59680488e+00
 4.32000000e+00  -3.46944695e-18   1.00000000e+00   1.13218058e-01  -6.47387784e-06   4.01430508e+00   6.60715222e+00
 4.33000000e+00  -3.46944695e-18   1.00000000e+00   1.09873402e-01   4.29139847e-05   4.00065771e+00   6.61092081e+00
 4.34000000e+00  -3.46944695e-18   1.00000000e+00   1.06446930e-01   1.09823593e-04   3.96967649e+00   6.60658783e+00
 4.35000000e+00  -3.46944695e-18   1.00000000e+00   1.03070534e-01   1.74968172e-04   3.93716374e+00   6.60933499e+00
 4.36000000e+00  -3.46944695e-18   1.00000000e+00   9.97595683e-02   1.93104031e-04   3.90650621e+00   6.60562784e+00
 4.37000000e+00  -3.46944695e-18   1.00000000e+00   9.64507548e-02   1.63856667e-04   3.87873712e+00   6.60750259e+00
 4.38000000e+00  -3.46944695e-18   1.00000000e+00   9.31487803e-02   1.12314171e-04   3.85181590e+00   6.59535074e+00
 4.39000000e+00  -3.46944695e-18   1.00000000e+00   8.99381039e-02   5.55394417e-05   3.82228579e+00   6.58577378e+00
 4.40000000e+00  -3.46944695e-18   1.00000000e+00   8.68134775e-02   2.44416000e-06   3.79956506e+00   6.57060460e+00
 4.41000000e+00  -3.46944695e-18   1.00000000e+00   8.36781906e-02  -3.25878840e-05   3.78351645e+00   6.56430411e+00
 4.42000000e+00  -3.46944695e-18   1.00000000e+00   8.04644202e-02  -3.72812693e-05   3.76983728e+00   6.56416312e+00
 4.43000000e+00  -3.46944695e-18   1.00000000e+00   7.72408165e-02   9.10483336e-06   3.74947887e+00   6.56117466e+00
 4.44000000e+00  -3.46944695e-18   1.00000000e+00   7.40314065e-02   8.81894060e-05   3.72715384e+00   6.56015395e+00
 4.45000000e+00  -3.46944695e-18   1.00000000e+00   7.08082886e-02   1.42115747e-04   3.70432006e+00   6.55660240e+00
 4.46000000e+00  -3.46944695e-18   1.00000000e+00   6.76518262e-02   1.75090265e-04   3.67336362e+00   6.55515369e+00
 4.47000000e+00  -3.46944695e-18   1.00000000e+00   6.48137695e-02   1.90456989e-04   3.63525224e+00   6.53967423e+00
 4.48000000e+00  -3.46944695e-18   1.00000000e+00   6.24863917e-02   1.74187294e-04   3.59743963e+00   6.53064871e+00
 4.49000000e+00  -3.46944695e-18   1.00000000e+00   6.06114285e-02   1.12627580e-04   3.57984054e+00   6.52058576e+00
 4.50000000e+00  -3.46944695e-18   1.00000000e+00   5.87844360e-02   4.10300951e-05   3.58126793e+00   6.51550348e+00
 4.51000000e+00  -3.46944695e-18   1.00000000e+00   5.68095629e-02  -1.29836650e-05   3.58600085e+00   6.50457255e+00
 4.52000000e+00  -3.46944695e-18   1.00000000e+00   5.48952109e-02  -2.66821801e-05   3.57857728e+00   6.49602485e+00
 4.53000000e+00  -3.46944695e-18   1.00000000e+00   5.30880179e-02  -5.33821010e-06   3.57616363e+00   6.49080611e+00
 4.54000000e+00  -3.46944695e-18   1.00000000e+00   5.11892554e-02   3.36940796e-05   3.57935412e+00   6.49102847e+00
 4.55000000e+00  -3.46944695e-18   1.00000000e+00   4.91602484e-02   8.92405226e-05   3.57663053e+00   6.49401401e+00
 4.56000000e+00  -3.46944695e-18   1.00000000e+00   4.71482992e-02   1.59762742e-04   3.56527730e+00   6.49047728e+00
 4.57000000e+00  -3.46944695e-18   1.00000000e+00   4.51863732e-02   2.04593428e-04   3.54775626e+00   6.48997916e+00
 4.58000000e+00  -3.46944695e-18   1.00000000e+00   4.32839104e-02   1.92784600e-04   3.53192090e+00   6.47979018e+00
 4.59000000e+00  -3.46944695e-18   1.00000000e+00   4.15246605e-02   1.47764561e-04   3.51569757e+00   6.46641728e+00
 4.60000000e+00  -3.46944695e-18   1.00000000e+00   3.99221941e-02   9.37414755e-05   3.50483849e+00   6.45243082e+00
 4.61000000e+00  -3.46944695e-18   1.00000000e+00   3.83858855e-02   4.29948528e-05   3.49802720e+00   6.44472353e+00
 4.62000000e+00  -3.46944695e-18   1.00000000e+00   3.68995096e-02  -1.18247644e-05   3.49224478e+00   6.43468993e+00
 4.63000000e+00  -3.46944695e-18   1.00000000e+00   3.52477443e-02  -3.00554938e-05   3.49716197e+00   6.42715881e+00
 4.64000000e+00  -3.46944695e-18   1.00000000e+00   3.32019006e-02  -3.61879819e-06   3.50343771e+00   6.41984376e+00
 4.65000000e+00  -3.46944695e-18   1.00000000e+00   3.10045450e-02   5.84857512e-05   3.49022547e+00   6.41138259e+00
 4.66000000e+00  -3.46944695e-18   1.00000000e+00   2.90253971e-02   1.28249451e-04   3.45881466e+00   6.40455250e+00
 4.67000000e+00  -3.46944695e-18   1.00000000e+00   2.72951664e-02   1.73540429e-04   3.43234397e+00   6.39570542e+00
 4.68000000e+00  -3.46944695e-18   1.00000000e+00   2.57344886e-02   1.92614773e-04   3.41161488e+00   6.39044185e+00
 4.69000000e+00  -3.46944695e-18   1.00000000e+00   2.43106487e-02   1.94165978e-04   3.39259486e+00   6.37598285e+00
 4.70000000e+00  -3.46944695e-18   1.00000000e+00   2.31420004e-02   1.59287495e-04   3.36781406e+00   6.36133211e+00
 4.71000000e+00  -3.46944695e-18   1.00000000e+00   2.23912655e-02   7.88842483e-05   3.34486202e+00   6.34466864e+00
 4.72000000e+00  -3.46944695e-18   1.00000000e+00   2.19330418e-02   1.54305156e-05   3.33437093e+00   6.32969866e+00
 4.73000000e+00  -3.46944695e-18   1.00000000e+00   2.15476429e-02  -1.39753041e-05   3.33666390e+00   6.31550940e+00
 4.74000000e+00  -3.46944695e-18   1.00000000e+00   2.12650755e-02  -1.09830381e-05   3.33645328e+00   6.30931452e+00
 4.75000000e+00  -3.46944695e-18   1.00000000e+00   2.11353874e-02   1.69116943e-05   3.33286369e+00   6.31062397e+00
 4.76000000e+00  -3.46944695e-18   1.00000000e+00   2.09903240e-02   6.70360526e-05   3.33537741e+00   6.30283778e+00
 4.77000000e+00  -3.46944695e-18   1.00000000e+00   2.08528112e-02   1.33970042e-04   3.33365240e+00   6.29740739e+00
 4.78000000e+00  -3.46944695e-18   1.00000000e+00   2.09533825e-02   1.92466361e-04   3.32013249e+00   6.28912190e+00
 4.79000000e+00  -3.46944695e-18   1.00000000e+00   2.14734463e-02   2.08643851e-04   3.30152961e+00   6.28938378e+00
 4.80000000e+00  -3.46944695e-18   1.00000000e+00   2.24042524e-02   1.76871264e-04   3.29305269e+00   6.28078802e+00
 4.81000000e+00  -3.46944695e-18   1.00000000e+00   2.35656533e-02   1.21897514e-04   3.29823693e+00   6.27281897e+00
 4.82000000e+00  -3.46944695e-18   1.00000000e+00   2.47392227e-02   6.98907565e-05   3.31205637e+00   6.26159397e+00
 4.83000000e+00  -3.46944695e-18   1.00000000e+00   2.58048956e-02   1.77745798e-05   3.32973831e+00   6.25641362e+00
 4.84000000e+00  -3.46944695e-18   1.00000000e+00   2.68573476e-02  -2.83555007e-05   3.33816750e+00   6.24995755e+00
 4.85000000e+00  -3.46944695e-18   1.00000000e+00   2.80237267e-02  -2.43126694e-05   3.34918246e+00   6.24172392e+00
 4.86000000e+00  -3.46944695e-18   1.00000000e+00   2.90509320e-02   2.87705492e-05   3.36876274e+00   6.24568776e+00
 4.87000000e+00  -3.46944695e-18   1.00000000e+00   2.97671947e-02   9.33386965e-05   3.38450277e+00   6.24646632e+00
 4.88000000e+00  -3.46944695e-18   1.00000000e+00   3.04539202e-02   1.47587820e-04   3.37985208e+00   6.24948346e+00
 4.89000000e+00  -3.46944695e-18   1.00000000e+00   3.12697966e-02   1.83331630e-04   3.36890317e+00   6.23862158e+00
 4.90000000e+00  -3.46944695e-18   1.00000000e+00   3.21789079e-02   1.94422648e-04   3.36348092e+00   6.23383927e+00
 4.91000000e+00  -3.46944695e-18   1.00000000e+00   3.32382239e-02   1.72690012e-04   3.35662117e+00   6.22110092e+00
 4.92000000e+00  -3.46944695e-18   1.00000000e+00   3.45281115e-02   1.16531210e-04   3.34918116e+00   6.21550950e+00
 4.93000000e+00  -3.46944695e-18   1.00000000e+00   3.60218567e-02   3.78650213e-05   3.34866576e+00   6.20825338e+00
 4.94000000e+00  -3.46944695e-18   1.00000000e+00   3.75440884e-02  -1.39502869e-05   3.35875933e+00   6.20000393e+00
 4.95000000e+00  -3.46944695e-18   1.00000000e+00   3.88618076e-02  -1.75846276e-05   3.37612007e+00   6.19204074e+00
 4.96000000e+00  -3.46944695e-18   1.00000000e+00   4.00150065e-02  -5.65257422e-06   3.38422063e+00   6.18635636e+00
 4.97000000e+00  -3.46944695e-18   1.00000000e+00   4.12690299e-02   3.01300399e-05   3.37661832e+00   6.18807741e+00
 4.98000000e+00  -3.46944695e-18   1.00000000e+00   4.28102976e-02   9.42368721e-05   3.36649401e+00   6.18176360e+00
 4.99000000e+00  -3.46944695e-18   1.00000000e+00   4.45463312e-02   1.62639705e-04   3.36355188e+00   6.18468486e+00
 5.00000000e+00  -3.46944695e-18   1.00000000e+00   4.64116974e-02   1.97852168e-04   3.36312868e+00   6.18040454e+00