  Time  Coordinate0  Coordinate1  Displacement0  Displacement1  Force0  Force1
 1.00000000e-02  -8.33333334e-03   1.00000000e+00   7.53192850e-04   8.10601147e-06   1.79709957e+00  -3.30784893e+00
 2.00000000e-02  -8.33333334e-03   1.00000000e+00   1.78234832e-03   7.25948967e-05   1.69968579e+00   3.08027053e+00
 3.00000000e-02  -8.33333334e-03   1.00000000e+00   3.02353922e-03   1.35539080e-04   1.46949248e+00   1.16994237e+00
 4.00000000e-02  -8.33333334e-03   1.00000000e+00   4.49645475e-03   1.86977296e-04   1.25059555e+00   1.00846175e+00
 5.00000000e-02  -8.33333334e-03   1.00000000e+00   6.22374191e-03   2.20442653e-04   1.13627349e+00   9.92512767e-01
 6.00000000e-02  -8.33333334e-03   1.00000000e+00   8.19674211e-03   2.35638358e-04   1.06189809e+00   1.00763426e+00
 7.00000000e-02  -8.33333334e-03   1.00000000e+00   1.03762759e-02   2.38127196e-04   1.00888203e+00   1.01817978e+00
 8.00000000e-02  -8.33333334e-03   1.00000000e+00   1.27071917e-02   2.35205507e-04   9.68685767e-01   1.01989280e+00
 9.00000000e-02  -8.33333334e-03   1.00000000e+00   1.51377514e-02   2.33960263e-04   9.36898402e-01   1.01402891e+00
 1.00000000e-01  -8.33333334e-03   1.00000000e+00   1.76277234e-02   2.39408699e-04   9.10990838e-01   1.00294130e+00
 1.10000000e-01  -8.33333334e-03   1.00000000e+00   2.01478532e-02   2.53625421e-04   8.89607880e-01   9.88830000e-01
 1.20000000e-01  -8.33333334e-03   1.00000000e+00   2.26805912e-02   2.76119995e-04   8.71897678e-01   9.73172290e-01
 1.30000000e-01  -8.33333334e-03   1.00000000e+00   2.52152729e-02   3.04668796e-04   8.56724076e-01   9.56724658e-01
 1.40000000e-01  -8.33333334e-03   1.00000000e+00   2.77465851e-02   3.36355969e-04   8.43430642e-01   9.39923405e-01
 1.50000000e-01  -8.33333334e-03   1.00000000e+00   3.02723327e-02   3.68513936e-04   8.31634590e-01   9.22997932e-01
 1.60000000e-01  -8.33333334e-03   1.00000000e+00   3.27910838e-02   3.99250433e-04   8.21131678e-01   9.06145344e-01
 1.70000000e-01  -8.33333334e-03   1.00000000e+00   3.53012273e-02   4.27633698e-04   8.11624560e-01   8.89323146e-01
 1.80000000e-01  -8.33333334e-03   1.00000000e+00   3.78003534e-02   4.53602248e-04   8.02891639e-01   8.72461114e-01
 1.90000000e-01  -8.33333334e-03   1.00000000e+00   4.02849510e-02   4.77696740e-04   7.94789062e-01   8.55560590e-01
 2.00000000e-01  -8.33333334e-03   1.00000000e+00   4.27502980e-02   5.00733307e-04   7.87218197e-01   8.38616461e-01
 2.10000000e-01  -8.33333334e-03   1.00000000e+00   4.51905243e-02   5.23510267e-04   7.80094729e-01   8.21631574e-01
 2.20000000e-01  -8.33333334e-03   1.00000000e+00   4.75993943e-02   5.46608449e-04   7.73337936e-01   8.04648893e-01
 2.30000000e-01  -8.33333334e-03   1.00000000e+00   4.99692287e-02   5.70319441e-04   7.66920795e-01   7.87700969e-01
 2.40000000e-01  -8.33333334e-03   1.00000000e+00   5.22923347e-02   5.94666156e-04   7.60792386e-01   7.70836438e-01
 2.50000000e-01  -8.33333334e-03   1.00000000e+00   5.45602763e-02   6.19408379e-04   7.54941213e-01   7.54133174e-01
 2.60000000e-01  -8.33333334e-03   1.00000000e+00   5.67651167e-02   6.44203416e-04   7.49353852e-01   7.37676320e-01
 2.70000000e-01  -8.33333334e-03   1.00000000e+00   5.88993205e-02   6.68684714e-04   7.44016084e-01   7.21498237e-01
 2.80000000e-01  -8.33333334e-03   1.00000000e+00   6.09560553e-02   6.92542431e-04   7.38925234e-01   7.05699908e-01
 2.90000000e-01  -8.33333334e-03   1.00000000e+00   6.29292072e-02   7.15553378e-04   7.34069314e-01   6.90335742e-01
 3.00000000e-01  -8.33333334e-03   1.00000000e+00   6.48133888e-02   7.37585422e-04   7.29454725e-01   6.75469360e-01
 3.10000000e-01  -8.33333334e-03   1.00000000e+00   6.66036281e-02   7.58572794e-04   7.25077454e-01   6.61128344e-01
 3.20000000e-01  -8.33333334e-03   1.00000000e+00   6.82960790e-02   7.78515904e-04   7.20928829e-01   6.47370020e-01
 3.30000000e-01  -8.33333334e-03   1.00000000e+00   6.98873897e-02   7.97426845e-04   7.17012221e-01   6.34221162e-01
 3.40000000e-01  -8.33333334e-03   1.00000000e+00   7.13751138e-02   8.15343875e-04   7.13320523e-01   6.21707335e-01
 3.50000000e-01  -8.33333334e-03   1.00000000e+00   7.27565059e-02   8.32245002e-04   7.09858985e-01   6.09831504e-01
 3.60000000e-01  -8.33333334e-03   1.00000000e+00   7.40295209e-02   8.48115745e-04   7.06628829e-01   5.98617929e-01
 3.70000000e-01  -8.33333334e-03   1.00000000e+00   7.51925690e-02   8.62931620e-04   7.03631564e-01   5.88084662e-01
 3.80000000e-01  -8.33333334e-03   1.00000000e+00   7.62444826e-02   8.76670632e-04   7.00856860e-01   5.78208294e-01
 3.90000000e-01  -8.33333334e-03   1.00000000e+00   7.71842064e-02   8.89284412e-04   6.98311869e-01   5.68990694e-01
 4.00000000e-01  -8.33333334e-03   1.00000000e+00   7.80111304e-02   9.00741748e-04   6.95995494e-01   5.60436691e-01
 4.10000000e-01  -8.33333334e-03   1.00000000e+00   7.87250266e-02   9.11028463e-04   6.93902699e-01   5.52535878e-01
 4.20000000e-01  -8.33333334e-03   1.00000000e+00   7.93261374e-02   9.20127301e-04   6.92029464e-01   5.45279226e-01
 4.30000000e-01  -8.33333334e-03   1.00000000e+00   7.98146251e-02   9.28030289e-04   6.90387763e-01   5.38653899e-01
 4.40000000e-01  -8.33333334e-03   1.00000000e+00   8.01910132e-02   9.34744487e-04   6.88966144e-01   5.32652290e-01
 4.50000000e-01  -8.33333334e-03   1.00000000e+00   8.04564966e-02   9.40284189e-04   6.87761044e-01   5.27267236e-01
 4.60000000e-01  -8.33333334e-03   1.00000000e+00   8.06123314e-02   9.44664713e-04   6.88518246e-01   5.21629766e-01
 4.70000000e-01  -8.33333334e-03   1.00000000e+00   8.06598955e-02   9.47880472e-04   6.85685396e-01   5.21560593e-01
 4.80000000e-01  -8.33333334e-03   1.00000000e+00   8.06013127e-02   9.49919462e-04   6.85015931e-01   5.14448377e-01
 4.90000000e-01  -8.33333334e-03   1.00000000e+00   8.04402776e-02   9.50851727e-04   6.84216992e-01   5.09983003e-01
 5.00000000e-01  -8.33333334e-03   1.00000000e+00   8.01777477e-02   9.50631403e-04   6.86327862e-01   5.11140665e-01
 5.10000000e-01  -8.33333334e-03   1.00000000e+00   7.98164519e-02   9.49327788e-04   6.84612493e-01   5.06472809e-01
 5.20000000e-01  -8.33333334e-03   1.00000000e+00   7.93594084e-02   9.46953453e-04   6.85209564e-01   5.05622587e-01
 5.30000000e-01  -8.33333334e-03   1.00000000e+00   7.88100764e-02   9.43526567e-04   6.85632731e-01   5.04566071e-01
 5.40000000e-01  -8.33333334e-03   1.00000000e+00   7.81720550e-02   9.39074317e-04   6.86249390e-01   5.04012598e-01
 5.50000000e-01  -8.33333334e-03   1.00000000e+00   7.74496725e-02   9.33643698e-04   6.87029188e-01   5.03921972e-01
 5.60000000e-01  -8.33333334e-03   1.00000000e+00   7.66469597e-02   9.27266147e-04   6.87975014e-01   5.04263425e-01
 5.70000000e-01  -8.33333334e-03   1.00000000e+00   7.57681204e-02   9.19986197e-04   6.89077739e-01   5.05014133e-01
 5.80000000e-01  -8.33333334e-03   1.00000000e+00   7.48174382e-02   9.11841505e-04   6.90337704e-01   5.06155829e-01
 5.90000000e-01  -8.33333334e-03   1.00000000e+00   7.37994546e-02   9.02882979e-04   6.91738797e-01   5.07668112e-01
 6.00000000e-01  -8.33333334e-03   1.00000000e+00   7.27187542e-02   8.93157178e-04   6.93279134e-01   5.09523634e-01
 6.10000000e-01  -8.33333334e-03   1.00000000e+00   7.15799990e-02   8.82710556e-04   6.94946482e-01   5.11705198e-01
 6.20000000e-01  -8.33333334e-03   1.00000000e+00   7.03879346e-02   8.71589958e-04   6.96735348e-01   5.14191086e-01
 6.30000000e-01  -8.33333334e-03   1.00000000e+00   6.91474321e-02   8.59843152e-04   6.98634305e-01   5.16959372e-01
 6.40000000e-01  -8.33333334e-03   1.00000000e+00   6.78631159e-02   8.47503296e-04   7.00645505e-01   5.19986567e-01
 6.50000000e-01  -8.33333334e-03   1.00000000e+00   6.65401014e-02   8.34635302e-04   7.02749672e-01   5.23263793e-01
 6.60000000e-01  -8.33333334e-03   1.00000000e+00   6.51833872e-02   8.21290038e-04   7.04939170e-01   5.26758110e-01
 6.70000000e-01  -8.33333334e-03   1.00000000e+00   6.37979531e-02   8.07518228e-04   7.07205857e-01   5.30452470e-01
 6.80000000e-01  -8.33333334e-03   1.00000000e+00   6.23887670e-02   7.93370994e-04   7.09540723e-01   5.34322827e-01
 6.90000000e-01  -8.33333334e-03   1.00000000e+00   6.09610116e-02   7.78906301e-04   7.11933831e-01   5.38348941e-01
 7.00000000e-01  -8.33333334e-03   1.00000000e+00   5.95194885e-02   7.64170527e-04   7.14374539e-01   5.42505405e-01
 7.10000000e-01  -8.33333334e-03   1.00000000e+00   5.80690173e-02   7.49217368e-04   7.16859495e-01   5.46777140e-01
 7.20000000e-01  -8.33333334e-03   1.00000000e+00   5.66140279e-02   7.34079394e-04   7.19378990e-01   5.51140119e-01
 7.30000000e-01  -8.33333334e-03   1.00000000e+00   5.51591322e-02   7.18828202e-04   7.21924817e-01   5.55583266e-01
 7.40000000e-01  -8.33333334e-03   1.00000000e+00   5.37090803e-02   7.03509613e-04   7.24481232e-01   5.60080582e-01
 7.50000000e-01  -8.33333334e-03   1.00000000e+00   5.22684572e-02   6.88166864e-04   7.27036843e-01   5.64614440e-01
 7.60000000e-01  -8.33333334e-03   1.00000000e+00   5.08417376e-02   6.72850285e-04   7.29588137e-01   5.69162833e-01
 7.70000000e-01  -8.33333334e-03   1.00000000e+00   4.94332483e-02   6.57610340e-04   7.32122008e-01   5.73702246e-01
 7.80000000e-01  -8.33333334e-03   1.00000000e+00   4.80469375e-02   6.42484414e-04   7.34636621e-01   5.78222285e-01
 7.90000000e-01  -8.33333334e-03   1.00000000e+00   4.66869555e-02   6.27529533e-04   7.37108717e-01   5.82707818e-01
 8.00000000e-01  -8.33333334e-03   1.00000000e+00   4.53571059e-02   6.12793374e-04   7.39538095e-01   5.87132098e-01
 8.10000000e-01  -8.33333334e-03   1.00000000e+00   4.40610327e-02   5.98324803e-04   7.41911079e-01   5.91480828e-01
 8.20000000e-01  -8.33333334e-03   1.00000000e+00   4.28021248e-02   5.84165566e-04   7.44225876e-01   5.95736492e-01
 8.30000000e-01  -8.33333334e-03   1.00000000e+00   4.15835568e-02   5.70353586e-04   7.46473496e-01   5.99880948e-01
 8.40000000e-01  -8.33333334e-03   1.00000000e+00   4.04083018e-02   5.56923803e-04   7.48645910e-01   6.03905264e-01
 8.50000000e-01  -8.33333334e-03   1.00000000e+00   3.92791339e-02   5.43909035e-04   7.50729772e-01   6.07794014e-01
 8.60000000e-01  -8.33333334e-03   1.00000000e+00   3.81986277e-02   5.31339962e-04   7.52726217e-01   6.11534091e-01
 8.70000000e-01  -8.33333334e-03   1.00000000e+00   3.71691537e-02   5.19245474e-04   7.54628133e-01   6.15119162e-01
 8.80000000e-01  -8.33333334e-03   1.00000000e+00   3.61930329e-02   5.07657407e-04   7.56428143e-01   6.18539562e-01
 8.90000000e-01  -8.33333334e-03   1.00000000e+00   3.52721236e-02   4.96596087e-04   7.58124984e-01   6.21782822e-01
 9.00000000e-01  -8.33333334e-03   1.00000000e+00   3.44081342e-02   4.86085298e-04   7.59714780e-01   6.24843778e-01
 9.10000000e-01  -8.33333334e-03   1.00000000e+00   3.36023629e-02   4.76133364e-04   7.61195279e-01   6.27709888e-01
 9.20000000e-01  -8.33333334e-03   1.00000000e+00   3.28563173e-02   4.66773021e-04   7.62554520e-01   6.30383680e-01
 9.30000000e-01  -8.33333334e-03   1.00000000e+00   3.21711400e-02   4.58021955e-04   7.63795615e-01   6.32853956e-01
 9.40000000e-01  -8.33333334e-03   1.00000000e+00   3.15476679e-02   4.49887116e-04   7.64914631e-01   6.35113366e-01
 9.50000000e-01  -8.33333334e-03   1.00000000e+00   3.09866552e-02   4.42389429e-04   7.65906911e-01   6.37162443e-01
 9.60000000e-01  -8.33333334e-03   1.00000000e+00   3.04885649e-02   4.35540363e-04   7.66774633e-01   6.38993742e-01
 9.70000000e-01  -8.33333334e-03   1.00000000e+00   3.00537398e-02   4.29350631e-04   7.67509078e-01   6.40606697e-01
 9.80000000e-01  -8.33333334e-03   1.00000000e+00   2.96820086e-02   4.23813997e-04   7.68121010e-01   6.41997470e-01
 9.90000000e-01  -8.33333334e-03   1.00000000e+00   2.93731813e-02   4.18940952e-04   7.68607259e-01   6.43172266e-01
 1.00000000e+00  -8.33333334e-03   1.00000000e+00   2.91270702e-02   4.14736569e-04   7.68963767e-01   6.44129779e-01
 1.01000000e+00  -8.33333334e-03   1.00000000e+00   2.89431152e-02   4.11190353e-04   7.69198808e-01   6.44866991e-01
 1.02000000e+00  -8.33333334e-03   1.00000000e+00   2.88205762e-02   4.08310503e-04   7.67652451e-01   6.46165556e-01
 1.03000000e+00  -8.33333334e-03   1.00000000e+00   2.87580475e-02   4.06049401e-04   7.68774633e-01   6.42864814e-01
 1.04000000e+00  -8.33333334e-03   1.00000000e+00   2.87554144e-02   4.04463238e-04   7.69881990e-01   6.45546369e-01
 1.05000000e+00  -8.33333334e-03   1.00000000e+00   2.88111871e-02   4.03562907e-04   7.69349414e-01   6.45558494e-01
 1.06000000e+00  -8.33333334e-03   1.00000000e+00   2.89238260e-02   4.03305356e-04   7.69037792e-01   6.45613537e-01
 1.07000000e+00  -8.33333334e-03   1.00000000e+00   2.90910919e-02   4.03606500e-04   7.67429990e-01   6.46753214e-01
 1.08000000e+00  -8.33333334e-03   1.00000000e+00   2.93125823e-02   4.04489762e-04   7.66495266e-01   6.41450468e-01
 1.09000000e+00  -8.33333334e-03   1.00000000e+00   2.95861768e-02   4.05976578e-04   7.67230865e-01   6.43718624e-01
 1.10000000e+00  -8.33333334e-03   1.00000000e+00   2.99097976e-02   4.08040356e-04   7.66091159e-01   6.42100519e-01
 1.11000000e+00  -8.33333334e-03   1.00000000e+00   3.02811912e-02   4.10667932e-04   7.65207715e-01   6.40936464e-01
 1.12000000e+00  -8.33333334e-03   1.00000000e+00   3.06980830e-02   4.13840161e-04   7.64236552e-01   6.39568674e-01
 1.13000000e+00  -8.33333334e-03   1.00000000e+00   3.11581513e-02   4.17531522e-04   7.63190394e-01   6.38032772e-01
 1.14000000e+00  -8.33333334e-03   1.00000000e+00   3.16590386e-02   4.21717784e-04   7.62071277e-01   6.36345670e-01
 1.15000000e+00  -8.33333334e-03   1.00000000e+00   3.21982517e-02   4.26367902e-04   7.60885563e-01   6.34514616e-01
 1.16000000e+00  -8.33333334e-03   1.00000000e+00   3.27732715e-02   4.31454154e-04   7.59633183e-01   6.32553513e-01
 1.17000000e+00  -8.33333334e-03   1.00000000e+00   3.33815336e-02   4.36950095e-04   7.58324836e-01   6.30469350e-01
 1.18000000e+00  -8.33333334e-03   1.00000000e+00   3.40204258e-02   4.42830069e-04   7.56962058e-01   6.28275361e-01
 1.19000000e+00  -8.33333334e-03   1.00000000e+00   3.46873171e-02   4.49069503e-04   7.55553047e-01   6.25977545e-01
 1.20000000e+00  -8.33333334e-03   1.00000000e+00   3.53795798e-02   4.55648911e-04   7.54098213e-01   6.23588974e-01
 1.21000000e+00  -8.33333334e-03   1.00000000e+00   3.60944093e-02   4.62534609e-04   7.52606903e-01   6.21114132e-01
 1.22000000e+00  -8.33333334e-03   1.00000000e+00   3.68290509e-02   4.69698620e-04   7.51086427e-01   6.18563342e-01
 1.23000000e+00  -8.33333334e-03   1.00000000e+00   3.75807559e-02   4.77113063e-04   7.49545192e-01   6.15950105e-01
 1.24000000e+00  -8.33333334e-03   1.00000000e+00   3.83467802e-02   4.84749605e-04   7.47981051e-01   6.13280734e-01
 1.25000000e+00  -8.33333334e-03   1.00000000e+00   3.91242617e-02   4.92576062e-04   7.46409295e-01   6.10564960e-01
 1.26000000e+00  -8.33333334e-03   1.00000000e+00   3.99105422e-02   5.00566449e-04   7.44825568e-01   6.07815152e-01
 1.27000000e+00  -8.33333334e-03   1.00000000e+00   4.07029517e-02   5.08690877e-04   7.43239262e-01   6.05038260e-01
 1.28000000e+00  -8.33333334e-03   1.00000000e+00   4.14990299e-02   5.16931061e-04   7.41655800e-01   6.02243335e-01
 1.29000000e+00  -8.33333334e-03   1.00000000e+00   4.22960206e-02   5.25248074e-04   7.40077955e-01   5.99434623e-01
 1.30000000e+00  -8.33333334e-03   1.00000000e+00   4.30915278e-02   5.33612733e-04   7.38510712e-01   5.96625304e-01
 1.31000000e+00  -8.33333334e-03   1.00000000e+00   4.38829983e-02   5.42000525e-04   7.36962887e-01   5.93822185e-01
 1.32000000e+00  -8.33333334e-03   1.00000000e+00   4.46679515e-02   5.50388312e-04   7.35433663e-01   5.91042576e-01
 1.33000000e+00  -8.33333334e-03   1.00000000e+00   4.54439625e-02   5.58748488e-04   7.33929887e-01   5.88275663e-01
 1.34000000e+00  -8.33333334e-03   1.00000000e+00   4.62086892e-02   5.67053333e-04   7.32461479e-01   5.85541036e-01
 1.35000000e+00  -8.33333334e-03   1.00000000e+00   4.69600008e-02   5.75282271e-04   7.31020686e-01   5.82847752e-01
 1.36000000e+00  -8.33333334e-03   1.00000000e+00   4.76956944e-02   5.83405246e-04   7.29620034e-01   5.80195122e-01
 1.37000000e+00  -8.33333334e-03   1.00000000e+00   4.84136863e-02   5.91394126e-04   7.28261426e-01   5.77598912e-01
 1.38000000e+00  -8.33333334e-03   1.00000000e+00   4.91120431e-02   5.99223879e-04   7.26948634e-01   5.75063899e-01
 1.39000000e+00  -8.33333334e-03   1.00000000e+00   4.97889628e-02   6.06871914e-04   7.25685940e-01   5.72596019e-01
 1.40000000e+00  -8.33333334e-03   1.00000000e+00   5.04427636e-02   6.14317816e-04   7.24468096e-01   5.70204320e-01
 1.41000000e+00  -8.33333334e-03   1.00000000e+00   5.10718773e-02   6.21543059e-04   7.23310382e-01   5.67891544e-01
 1.42000000e+00  -8.33333334e-03   1.00000000e+00   5.16748458e-02   6.28530279e-04   7.22203939e-01   5.65672869e-01
 1.43000000e+00  -8.33333334e-03   1.00000000e+00   5.22503220e-02   6.35263124e-04   7.21155562e-01   5.63534535e-01
 1.44000000e+00  -8.33333334e-03   1.00000000e+00   5.27969829e-02   6.41723708e-04   7.20166095e-01   5.61491697e-01
 1.45000000e+00  -8.33333334e-03   1.00000000e+00   5.33137615e-02   6.47900546e-04   7.19237794e-01   5.59547961e-01
 1.46000000e+00  -8.33333334e-03   1.00000000e+00   5.37996724e-02   6.53780046e-04   7.18369948e-01   5.57706311e-01
 1.47000000e+00  -8.33333334e-03   1.00000000e+00   5.42539582e-02   6.59357401e-04   7.17564520e-01   5.55970906e-01
 1.48000000e+00  -8.33333334e-03   1.00000000e+00   5.46757418e-02   6.64614124e-04   7.16823406e-01   5.54341394e-01
 1.49000000e+00  -8.33333334e-03   1.00000000e+00   5.50643483e-02   6.69539989e-04   7.16143757e-01   5.52822816e-01
 1.50000000e+00  -8.33333334e-03   1.00000000e+00   5.54191827e-02   6.74125082e-04   7.15532748e-01   5.51417298e-01
 1.51000000e+00  -8.33333334e-03   1.00000000e+00   5.57399474e-02   6.78369038e-04   7.14982533e-01   5.50128688e-01
 1.52000000e+00  -8.33333334e-03   1.00000000e+00   5.60262785e-02   6.82259289e-04   7.14502199e-01   5.48955557e-01
 1.53000000e+00  -8.33333334e-03   1.00000000e+00   5.62779857e-02   6.85790856e-04   7.14084426e-01   5.47900099e-01
 1.54000000e+00  -8.33333334e-03   1.00000000e+00   5.64950150e-02   6.88962606e-04   7.13731489e-01   5.46964218e-01
 1.55000000e+00  -8.33333334e-03   1.00000000e+00   5.66774710e-02   6.91771012e-04   7.13440145e-01   5.46145036e-01
 1.56000000e+00  -8.33333334e-03   1.00000000e+00   5.68253835e-02   6.94213911e-04   7.14598376e-01   5.44463524e-01
 1.57000000e+00  -8.33333334e-03   1.00000000e+00   5.69383164e-02   6.96303240e-04   7.13001880e-01   5.48497798e-01
 1.58000000e+00  -8.33333334e-03   1.00000000e+00   5.70176142e-02   6.98016117e-04   7.11698335e-01   5.42605749e-01
 1.59000000e+00  -8.33333334e-03   1.00000000e+00   5.70636016e-02   6.99340504e-04   7.13858144e-01   5.44044182e-01
 1.60000000e+00  -8.33333334e-03   1.00000000e+00   5.70768211e-02   7.00323768e-04   7.13154045e-01   5.44749866e-01
 1.61000000e+00  -8.33333334e-03   1.00000000e+00   5.70576735e-02   7.00950107e-04   7.12707715e-01   5.43844172e-01
 1.62000000e+00  -8.33333334e-03   1.00000000e+00   5.70069796e-02   7.01220533e-04   7.12946504e-01   5.43745754e-01
 1.63000000e+00  -8.33333334e-03   1.00000000e+00   5.69255149e-02   7.01152090e-04   7.13110146e-01   5.43687035e-01
 1.64000000e+00  -8.33333334e-03   1.00000000e+00   5.68140655e-02   7.00749506e-04   7.13324309e-01   5.43765266e-01
 1.65000000e+00  -8.33333334e-03   1.00000000e+00   5.66735664e-02   7.00015543e-04   7.13586708e-01   5.43967913e-01
 1.66000000e+00  -8.33333334e-03   1.00000000e+00   5.65050947e-02   6.98959366e-04   7.13900069e-01   5.44284429e-01
 1.67000000e+00  -8.33333334e-03   1.00000000e+00   5.63097743e-02   6.97591367e-04   7.14265181e-01   5.44711005e-01
 1.68000000e+00  -8.33333334e-03   1.00000000e+00   5.60889556e-02   6.95927549e-04   7.14678123e-01   5.45243283e-01
 1.69000000e+00  -8.33333334e-03   1.00000000e+00   5.58438953e-02   6.93978945e-04   7.15132552e-01   5.45873278e-01
 1.70000000e+00  -8.33333334e-03   1.00000000e+00   5.55770265e-02   6.91821344e-04   7.17458618e-01   5.44723084e-01
 1.71000000e+00  -8.33333334e-03   1.00000000e+00   5.52880473e-02   6.89428183e-04   7.18619283e-01   5.52365984e-01
 1.72000000e+00  -8.33333334e-03   1.00000000e+00   5.49788411e-02   6.86775822e-04   7.16584104e-01   5.49061948e-01
 1.73000000e+00  -8.33333334e-03   1.00000000e+00   5.46508973e-02   6.83882028e-04   7.17911225e-01   5.50833474e-01
 1.74000000e+00  -8.33333334e-03   1.00000000e+00   5.43056419e-02   6.80744538e-04   7.18624083e-01   5.51768800e-01
 1.75000000e+00  -8.33333334e-03   1.00000000e+00   5.39445044e-02   6.77376674e-04   7.19365295e-01   5.52853669e-01
 1.76000000e+00  -8.33333334e-03   1.00000000e+00   5.35689450e-02   6.73801327e-04   7.20114419e-01   5.54032288e-01
 1.77000000e+00  -8.33333334e-03   1.00000000e+00   5.31803566e-02   6.70040046e-04   7.20880732e-01   5.55284984e-01
 1.78000000e+00  -8.33333334e-03   1.00000000e+00   5.27802915e-02   6.66122688e-04   7.21666243e-01   5.56599426e-01
 1.79000000e+00  -8.33333334e-03   1.00000000e+00   5.23702731e-02   6.62071102e-04   7.22464976e-01   5.57966426e-01
 1.80000000e+00  -8.33333334e-03   1.00000000e+00   5.19518210e-02   6.57902994e-04   7.23277565e-01   5.59377267e-01
 1.81000000e+00  -8.33333334e-03   1.00000000e+00   5.15264493e-02   6.53632888e-04   7.24103192e-01   5.60822525e-01
 1.82000000e+00  -8.33333334e-03   1.00000000e+00   5.10957342e-02   6.49275453e-04   7.24933913e-01   5.62298607e-01
 1.83000000e+00  -8.33333334e-03   1.00000000e+00   5.06611329e-02   6.44841253e-04   7.25772740e-01   5.63797364e-01
 1.84000000e+00  -8.33333334e-03   1.00000000e+00   5.02241049e-02   6.40343492e-04   7.26616048e-01   5.65315010e-01
 1.85000000e+00  -8.33333334e-03   1.00000000e+00   4.97859888e-02   6.35790092e-04   7.27460381e-01   5.66842063e-01
 1.86000000e+00  -8.33333334e-03   1.00000000e+00   4.93481758e-02   6.31201947e-04   7.28308479e-01   5.68379652e-01
 1.87000000e+00  -8.33333334e-03   1.00000000e+00   4.89120972e-02   6.26593156e-04   7.29147798e-01   5.69919085e-01
 1.88000000e+00  -8.33333334e-03   1.00000000e+00   4.84791321e-02   6.21977657e-04   7.29981580e-01   5.71449133e-01
 1.89000000e+00  -8.33333334e-03   1.00000000e+00   4.80506257e-02   6.17371706e-04   7.30808200e-01   5.72978809e-01
 1.90000000e+00  -8.33333334e-03   1.00000000e+00   4.76278766e-02   6.12791461e-04   7.31618427e-01   5.74495290e-01
 1.91000000e+00  -8.33333334e-03   1.00000000e+00   4.72120684e-02   6.08248783e-04   7.32416069e-01   5.75993320e-01
 1.92000000e+00  -8.33333334e-03   1.00000000e+00   4.68044447e-02   6.03761127e-04   7.33198938e-01   5.77470937e-01
 1.93000000e+00  -8.33333334e-03   1.00000000e+00   4.64061441e-02   5.99342778e-04   7.33959110e-01   5.78921550e-01
 1.94000000e+00  -8.33333334e-03   1.00000000e+00   4.60182562e-02   5.95008223e-04   7.34699299e-01   5.80340469e-01
 1.95000000e+00  -8.33333334e-03   1.00000000e+00   4.56417929e-02   5.90769528e-04   7.35415494e-01   5.81723989e-01
 1.96000000e+00  -8.33333334e-03   1.00000000e+00   4.52777013e-02   5.86637794e-04   7.36105716e-01   5.83069742e-01
 1.97000000e+00  -8.33333334e-03   1.00000000e+00   4.49268669e-02   5.82623276e-04   7.36775134e-01   5.84370553e-01
 1.98000000e+00  -8.33333334e-03   1.00000000e+00   4.45901150e-02   5.78735719e-04   7.37410877e-01   5.85625243e-01
 1.99000000e+00  -8.33333334e-03   1.00000000e+00   4.42682103e-02   5.74984317e-04   7.38014636e-01   5.86822627e-01
 2.00000000e+00  -8.33333334e-03   1.00000000e+00   4.39618549e-02   5.71377717e-04   7.38590193e-01   5.87979464e-01
 2.01000000e+00  -8.33333334e-03   1.00000000e+00   4.36717351e-02   5.67925451e-04   7.39131312e-01   5.89079098e-01
 2.02000000e+00  -8.33333334e-03   1.00000000e+00   4.33983981e-02   5.64633591e-04   7.39641152e-01   5.90121025e-01
 2.03000000e+00  -8.33333334e-03   1.00000000e+00   4.31423453e-02   5.61509318e-04   7.40114183e-01   5.91104111e-01
 2.04000000e+00  -8.33333334e-03   1.00000000e+00   4.29039552e-02   5.58555101e-04   7.40554568e-01   5.92023758e-01
 2.05000000e+00  -8.33333334e-03   1.00000000e+00   4.26836781e-02   5.55781085e-04   7.40959191e-01   5.92884468e-01
 2.06000000e+00  -8.33333334e-03   1.00000000e+00   4.24818258e-02   5.53191372e-04   7.41325005e-01   5.93681983e-01
 2.07000000e+00  -8.33333334e-03   1.00000000e+00   4.22986436e-02   5.50788890e-04   7.41658308e-01   5.94413292e-01
 2.08000000e+00  -8.33333334e-03   1.00000000e+00   4.21343422e-02   5.48579541e-04   7.41947143e-01   5.95079071e-01
 2.09000000e+00  -8.33333334e-03   1.00000000e+00   4.19890800e-02   5.46563778e-04   7.40803331e-01   5.96699345e-01
 2.10000000e+00  -8.33333334e-03   1.00000000e+00   4.18636713e-02   5.44733211e-04   7.42590552e-01   5.92353169e-01
 2.11000000e+00  -8.33333334e-03   1.00000000e+00   4.17569983e-02   5.43129458e-04   7.43849990e-01   5.98897800e-01
 2.12000000e+00  -8.33333334e-03   1.00000000e+00   4.16691746e-02   5.41747014e-04   7.41493107e-01   5.97369867e-01
 2.13000000e+00  -8.33333334e-03   1.00000000e+00   4.15999563e-02   5.40530584e-04   7.42232997e-01   5.95653412e-01
 2.14000000e+00  -8.33333334e-03   1.00000000e+00   4.15497275e-02   5.39502815e-04   7.43172268e-01   5.97436741e-01
 2.15000000e+00  -8.33333334e-03   1.00000000e+00   4.15180444e-02   5.38685092e-04   7.42998755e-01   5.97557992e-01
 2.16000000e+00  -8.33333334e-03   1.00000000e+00   4.15045339e-02   5.38070688e-04   7.42998363e-01   5.97823611e-01
 2.17000000e+00  -8.33333334e-03   1.00000000e+00   4.15088521e-02   5.37660954e-04   7.42977894e-01   5.97996899e-01
 2.18000000e+00  -8.33333334e-03   1.00000000e+00   4.15305963e-02   5.37448787e-04   7.42933737e-01   5.98089259e-01
 2.19000000e+00  -8.33333334e-03   1.00000000e+00   4.15693982e-02   5.37427961e-04   7.42854958e-01   5.98105079e-01
 2.20000000e+00  -8.33333334e-03   1.00000000e+00   4.16247667e-02   5.37588907e-04   7.42745071e-01   5.98053227e-01
 2.21000000e+00  -8.33333334e-03   1.00000000e+00   4.16962988e-02   5.37929572e-04   7.42606323e-01   5.97937512e-01
 2.22000000e+00  -8.33333334e-03   1.00000000e+00   4.17834276e-02   5.38446430e-04   7.42437186e-01   5.97763054e-01
 2.23000000e+00  -8.33333334e-03   1.00000000e+00   4.18855485e-02   5.39134183e-04   7.42236095e-01   5.97528462e-01
 2.24000000e+00  -8.33333334e-03   1.00000000e+00   4.20019492e-02   5.39986855e-04   7.42006240e-01   5.97237940e-01
 2.25000000e+00  -8.33333334e-03   1.00000000e+00   4.21319360e-02   5.40998892e-04   7.41752121e-01   5.96892729e-01
 2.26000000e+00  -8.33333334e-03   1.00000000e+00   4.22747900e-02   5.42163120e-04   7.41469858e-01   5.96494927e-01
 2.27000000e+00  -8.33333334e-03   1.00000000e+00   4.24297836e-02   5.43473444e-04   7.41169110e-01   5.96048469e-01
 2.28000000e+00  -8.33333334e-03   1.00000000e+00   4.25961514e-02   5.44921638e-04   7.40841687e-01   5.95556837e-01
 2.29000000e+00  -8.33333334e-03   1.00000000e+00   4.27731239e-02   5.46500049e-04   7.40495666e-01   5.95021362e-01
 2.30000000e+00  -8.33333334e-03   1.00000000e+00   4.29599206e-02   5.48200925e-04   7.40125862e-01   5.94445282e-01
 2.31000000e+00  -8.33333334e-03   1.00000000e+00   4.31557479e-02   5.50016352e-04   7.39743925e-01   5.93833314e-01
 2.32000000e+00  -8.33333334e-03   1.00000000e+00   4.33597916e-02   5.51938174e-04   7.39345260e-01   5.93183936e-01
 2.33000000e+00  -8.33333334e-03   1.00000000e+00   4.35712777e-02   5.53960603e-04   7.38933080e-01   5.92503950e-01
 2.34000000e+00  -8.33333334e-03   1.00000000e+00   4.37884410e-02   5.56024854e-04   7.36698602e-01   5.93401104e-01
 2.35000000e+00  -8.33333334e-03   1.00000000e+00   4.40118149e-02   5.58144643e-04   7.36249747e-01   5.86721313e-01
 2.36000000e+00  -8.33333334e-03   1.00000000e+00   4.42401614e-02   5.60364280e-04   7.37843718e-01   5.89687809e-01
 2.37000000e+00  -8.33333334e-03   1.00000000e+00   4.44725774e-02   5.62664418e-04   7.36823795e-01   5.88330230e-01
 2.38000000e+00  -8.33333334e-03   1.00000000e+00   4.47081967e-02   5.65040722e-04   7.36320190e-01   5.87674156e-01
 2.39000000e+00  -8.33333334e-03   1.00000000e+00   4.49462316e-02   5.67481375e-04   7.35817118e-01   5.86935848e-01
 2.40000000e+00  -8.33333334e-03   1.00000000e+00   4.51858939e-02   5.69968836e-04   7.35330094e-01   5.86155458e-01
 2.41000000e+00  -8.33333334e-03   1.00000000e+00   4.54264522e-02   5.72488990e-04   7.34850008e-01   5.85350282e-01
 2.42000000e+00  -8.33333334e-03   1.00000000e+00   4.56671357e-02   5.75023886e-04   7.34376210e-01   5.84528866e-01
 2.43000000e+00  -8.33333334e-03   1.00000000e+00   4.59071447e-02   5.77563230e-04   7.33902353e-01   5.83697729e-01
 2.44000000e+00  -8.33333334e-03   1.00000000e+00   4.61457058e-02   5.80100233e-04   7.33440599e-01   5.82865002e-01
 2.45000000e+00  -8.33333334e-03   1.00000000e+00   4.63820645e-02   5.82628623e-04   7.32981126e-01   5.82033779e-01
 2.46000000e+00  -8.33333334e-03   1.00000000e+00   4.66154932e-02   5.85142826e-04   7.32532832e-01   5.81206209e-01
 2.47000000e+00  -8.33333334e-03   1.00000000e+00   4.68453296e-02   5.87639205e-04   7.32089152e-01   5.80388218e-01
 2.48000000e+00  -8.33333334e-03   1.00000000e+00   4.70708800e-02   5.90110035e-04   7.31658432e-01   5.79580245e-01
 2.49000000e+00  -8.33333334e-03   1.00000000e+00   4.72915092e-02   5.92548177e-04   7.31242394e-01   5.78785308e-01
 2.50000000e+00  -8.33333334e-03   1.00000000e+00   4.75066096e-02   5.94945421e-04   7.30830387e-01   5.78007254e-01
 2.51000000e+00  -8.33333334e-03   1.00000000e+00   4.77156163e-02   5.97294163e-04   7.30435697e-01   5.77249318e-01
 2.52000000e+00  -8.33333334e-03   1.00000000e+00   4.79179999e-02   5.99587145e-04   7.30058867e-01   5.76515435e-01
 2.53000000e+00  -8.33333334e-03   1.00000000e+00   4.81132643e-02   6.01817672e-04   7.29692018e-01   5.75799486e-01
 2.54000000e+00  -8.33333334e-03   1.00000000e+00   4.83009462e-02   6.03979699e-04   7.29341920e-01   5.75108641e-01
 2.55000000e+00  -8.33333334e-03   1.00000000e+00   4.84806154e-02   6.06067801e-04   7.29012225e-01   5.74444352e-01
 2.56000000e+00  -8.33333334e-03   1.00000000e+00   4.86518749e-02   6.08077153e-04   7.28695920e-01   5.73806522e-01
 2.57000000e+00  -8.33333334e-03   1.00000000e+00   4.88143359e-02   6.10002606e-04   7.28397979e-01   5.73198089e-01
 2.58000000e+00  -8.33333334e-03   1.00000000e+00   4.89676859e-02   6.11840964e-04   7.28119315e-01   5.72620634e-01
 2.59000000e+00  -8.33333334e-03   1.00000000e+00   4.91116194e-02   6.13594057e-04   7.29102609e-01   5.71042283e-01
 2.60000000e+00  -8.33333334e-03   1.00000000e+00   4.92451358e-02   6.15269879e-04   7.27605777e-01   5.75300933e-01
 2.61000000e+00  -8.33333334e-03   1.00000000e+00   4.93690328e-02   6.16813414e-04   7.26067926e-01   5.68830762e-01
 2.62000000e+00  -8.33333334e-03   1.00000000e+00   4.94830174e-02   6.18236309e-04   7.28554087e-01   5.70160771e-01
 2.63000000e+00  -8.33333334e-03   1.00000000e+00   4.95861472e-02   6.19592808e-04   7.27013972e-01   5.73074576e-01
 2.64000000e+00  -8.33333334e-03   1.00000000e+00   4.96791018e-02   6.20822691e-04   7.25833400e-01   5.68066442e-01
 2.65000000e+00  -8.33333334e-03   1.00000000e+00   4.97617482e-02   6.21936101e-04   7.27746153e-01   5.69144341e-01
 2.66000000e+00  -8.33333334e-03   1.00000000e+00   4.98342412e-02   6.22975397e-04   7.27242921e-01   5.70734395e-01
 2.67000000e+00  -8.33333334e-03   1.00000000e+00   4.98960830e-02   6.23923117e-04   7.26307542e-01   5.69151199e-01
 2.68000000e+00  -8.33333334e-03   1.00000000e+00   4.99474815e-02   6.24751493e-04   7.26427707e-01   5.69044035e-01
 2.69000000e+00  -8.33333334e-03   1.00000000e+00   4.99885169e-02   6.25461236e-04   7.26366151e-01   5.68756521e-01
 2.70000000e+00  -8.33333334e-03   1.00000000e+00   5.00193032e-02   6.26052547e-04   7.26321669e-01   5.68529380e-01
 2.71000000e+00  -8.33333334e-03   1.00000000e+00   5.00399430e-02   6.26525656e-04   7.26287826e-01   5.68351764e-01
 2.72000000e+00  -8.33333334e-03   1.00000000e+00   5.00505926e-02   6.26886183e-04   7.26270989e-01   5.68216638e-01
 2.73000000e+00  -8.33333334e-03   1.00000000e+00   5.00513789e-02   6.27135088e-04   7.26267663e-01   5.68121066e-01
 2.74000000e+00  -8.33333334e-03   1.00000000e+00   5.00424788e-02   6.27275901e-04   7.26281998e-01   5.68064607e-01
 2.75000000e+00  -8.33333334e-03   1.00000000e+00   5.00241508e-02   6.27315035e-04   7.26315441e-01   5.68043158e-01
 2.76000000e+00  -8.33333334e-03   1.00000000e+00   4.99968811e-02   6.27260127e-04   7.26367284e-01   5.68059062e-01
 2.77000000e+00  -8.33333334e-03   1.00000000e+00   4.99607370e-02   6.27112085e-04   7.26433032e-01   5.68112899e-01
 2.78000000e+00  -8.33333334e-03   1.00000000e+00   4.99159207e-02   6.26868431e-04   7.26517234e-01   5.68192673e-01
 2.79000000e+00  -8.33333334e-03   1.00000000e+00   4.98627490e-02   6.26530561e-04   7.26617053e-01   5.68304310e-01
 2.80000000e+00  -8.33333334e-03   1.00000000e+00   4.98015806e-02   6.26098899e-04   7.26730975e-01   5.68447938e-01
 2.81000000e+00  -8.33333334e-03   1.00000000e+00   4.97327968e-02   6.25575685e-04   7.26862996e-01   5.68620693e-01
 2.82000000e+00  -8.33333334e-03   1.00000000e+00   4.96568042e-02   6.24964918e-04   7.27008079e-01   5.68824314e-01
 2.83000000e+00  -8.33333334e-03   1.00000000e+00   4.95740112e-02   6.24270565e-04   7.27166471e-01   5.69055843e-01
 2.84000000e+00  -8.33333334e-03   1.00000000e+00   4.94848491e-02   6.23498335e-04   7.27340237e-01   5.69313563e-01
 2.85000000e+00  -8.33333334e-03   1.00000000e+00   4.93897451e-02   6.22653300e-04   7.27520716e-01   5.69596857e-01
 2.86000000e+00  -8.33333334e-03   1.00000000e+00   4.92891285e-02   6.21740286e-04   7.27715726e-01   5.69901566e-01
 2.87000000e+00  -8.33333334e-03   1.00000000e+00   4.91834326e-02   6.20763902e-04   7.27917762e-01   5.70228887e-01
 2.88000000e+00  -8.33333334e-03   1.00000000e+00   4.90730923e-02   6.19728466e-04   7.28127550e-01   5.70576443e-01
 2.89000000e+00  -8.33333334e-03   1.00000000e+00   4.89585408e-02   6.18637343e-04   7.28348773e-01   5.70940852e-01
 2.90000000e+00  -8.33333334e-03   1.00000000e+00   4.88402405e-02   6.17496108e-04   7.28579311e-01   5.71322147e-01
 2.91000000e+00  -8.33333334e-03   1.00000000e+00   4.87186457e-02   6.16309344e-04   7.28809643e-01   5.71719191e-01
 2.92000000e+00  -8.33333334e-03   1.00000000e+00   4.85942099e-02   6.15081543e-04   7.29048375e-01   5.72130682e-01
 2.93000000e+00  -8.33333334e-03   1.00000000e+00   4.84673865e-02   6.13817248e-04   7.29295914e-01   5.72552518e-01
 2.94000000e+00  -8.33333334e-03   1.00000000e+00   4.83386491e-02   6.12521658e-04   7.29543090e-01   5.72984247e-01
 2.95000000e+00  -8.33333334e-03   1.00000000e+00   4.82084388e-02   6.11198959e-04   7.29795020e-01   5.73426587e-01
 2.96000000e+00  -8.33333334e-03   1.00000000e+00   4.80771989e-02   6.09854066e-04   7.30051066e-01   5.73877180e-01
 2.97000000e+00  -8.33333334e-03   1.00000000e+00   4.79453383e-02   6.08489986e-04   7.30304133e-01   5.74331599e-01
 2.98000000e+00  -8.33333334e-03   1.00000000e+00   4.78133154e-02   6.07113160e-04   7.30561690e-01   5.74791339e-01
 2.99000000e+00  -8.33333334e-03   1.00000000e+00   4.76815292e-02   6.05728441e-04   7.30817416e-01   5.75254801e-01
 3.00000000e+00  -8.33333334e-03   1.00000000e+00   4.75504048e-02   6.04339918e-04   7.31072530e-01   5.75718196e-01
 3.01000000e+00  -8.33333334e-03   1.00000000e+00   4.74203551e-02   6.02951475e-04   7.31325038e-01   5.76182074e-01
 3.02000000e+00  -8.33333334e-03   1.00000000e+00   4.72917840e-02   6.01567702e-04   7.31575826e-01   5.76644838e-01
 3.03000000e+00  -8.33333334e-03   1.00000000e+00   4.71650812e-02   6.00193225e-04   7.31821357e-01   5.77105073e-01
 3.04000000e+00  -8.33333334e-03   1.00000000e+00   4.70406013e-02   5.98831476e-04   7.32064147e-01   5.77561085e-01
 3.05000000e+00  -8.33333334e-03   1.00000000e+00   4.69187107e-02   5.97487449e-04   7.32302782e-01   5.78008145e-01
 3.06000000e+00  -8.33333334e-03   1.00000000e+00   4.67997557e-02   5.96165811e-04   7.32534805e-01   5.78450402e-01
 3.07000000e+00  -8.33333334e-03   1.00000000e+00   4.66840575e-02   5.94870714e-04   7.32761609e-01   5.78884003e-01
 3.08000000e+00  -8.33333334e-03   1.00000000e+00   4.65719156e-02   5.93605893e-04   7.32981752e-01   5.79306837e-01
 3.09000000e+00  -8.33333334e-03   1.00000000e+00   4.64636090e-02   5.92374701e-04   7.33192427e-01   5.79715152e-01
 3.10000000e+00  -8.33333334e-03   1.00000000e+00   4.63593984e-02   5.91180207e-04   7.33395952e-01   5.80115306e-01
 3.11000000e+00  -8.33333334e-03   1.00000000e+00   4.62595259e-02   5.90025307e-04   7.33592542e-01   5.80500149e-01
 3.12000000e+00  -8.33333334e-03   1.00000000e+00   4.61642150e-02   5.88912684e-04   7.33780094e-01   5.80871477e-01
 3.13000000e+00  -8.33333334e-03   1.00000000e+00   4.60736851e-02   5.87845294e-04   7.33955113e-01   5.81229007e-01
 3.14000000e+00  -8.33333334e-03   1.00000000e+00   4.59881134e-02   5.86825032e-04   7.34124204e-01   5.81569645e-01
 3.15000000e+00  -8.33333334e-03   1.00000000e+00   4.59076631e-02   5.85854130e-04   7.34279890e-01   5.81892279e-01
 3.16000000e+00  -8.33333334e-03   1.00000000e+00   4.58324598e-02   5.84933365e-04   7.34427299e-01   5.82198959e-01
 3.17000000e+00  -8.33333334e-03   1.00000000e+00   4.57626488e-02   5.84065792e-04   7.34565819e-01   5.82486859e-01
 3.18000000e+00  -8.33333334e-03   1.00000000e+00   4.56983418e-02   5.83253102e-04   7.34692150e-01   5.82756517e-01
 3.19000000e+00  -8.33333334e-03   1.00000000e+00   4.56396369e-02   5.82496940e-04   7.34805302e-01   5.83009621e-01
 3.20000000e+00  -8.33333334e-03   1.00000000e+00   4.55865833e-02   5.81797368e-04   7.34912552e-01   5.83240931e-01
 3.21000000e+00  -8.33333334e-03   1.00000000e+00   4.55392408e-02   5.81156447e-04   7.35004091e-01   5.83452567e-01
 3.22000000e+00  -8.33333334e-03   1.00000000e+00   4.54976402e-02   5.80575006e-04   7.35086553e-01   5.83646196e-01
 3.23000000e+00  -8.33333334e-03   1.00000000e+00   4.54617902e-02   5.80053215e-04   7.35158819e-01   5.83818888e-01
 3.24000000e+00  -8.33333334e-03   1.00000000e+00   4.54316726e-02   5.79591655e-04   7.35218057e-01   5.83971699e-01
 3.25000000e+00  -8.33333334e-03   1.00000000e+00   4.54072714e-02   5.79190692e-04   7.35267949e-01   5.84102963e-01
 3.26000000e+00  -8.33333334e-03   1.00000000e+00   4.53885510e-02   5.78850081e-04   7.35302710e-01   5.84215725e-01
 3.27000000e+00  -8.33333334e-03   1.00000000e+00   4.53754415e-02   5.78569254e-04   7.35333458e-01   5.84307228e-01
 3.28000000e+00  -8.33333334e-03   1.00000000e+00   4.53678653e-02   5.78348177e-04   7.35347734e-01   5.84380213e-01
 3.29000000e+00  -8.33333334e-03   1.00000000e+00   4.53657833e-02   5.78189024e-04   7.35351487e-01   5.84432258e-01
 3.30000000e+00  -8.33333334e-03   1.00000000e+00   4.53690774e-02   5.78090396e-04   7.35347546e-01   5.84466081e-01
 3.31000000e+00  -8.33333334e-03   1.00000000e+00   4.53775870e-02   5.78059794e-04   7.35330822e-01   5.84478389e-01
 3.32000000e+00  -8.33333334e-03   1.00000000e+00   4.53908417e-02   5.78077478e-04   7.35306070e-01   5.84475460e-01
 3.33000000e+00  -8.33333334e-03   1.00000000e+00   4.54087572e-02   5.78139507e-04   7.35275023e-01   5.84443286e-01
 3.34000000e+00  -8.33333334e-03   1.00000000e+00   4.54313940e-02   5.78250154e-04   7.35235114e-01   5.84402097e-01
 3.35000000e+00  -8.33333334e-03   1.00000000e+00   4.54585967e-02   5.78408227e-04   7.35185694e-01   5.84347213e-01
 3.36000000e+00  -8.33333334e-03   1.00000000e+00   4.54902994e-02   5.78618440e-04   7.35126334e-01   5.84276830e-01
 3.37000000e+00  -8.33333334e-03   1.00000000e+00   4.55263605e-02   5.78879587e-04   7.35057297e-01   5.84189233e-01
 3.38000000e+00  -8.33333334e-03   1.00000000e+00   4.55665084e-02   5.79193161e-04   7.34979406e-01   5.84085172e-01
 3.39000000e+00  -8.33333334e-03   1.00000000e+00   4.56105078e-02   5.79555348e-04   7.34894646e-01   5.83965303e-01
 3.40000000e+00  -8.33333334e-03   1.00000000e+00   4.56581177e-02   5.79963379e-04   7.34801588e-01   5.83829230e-01
 3.41000000e+00  -8.33333334e-03   1.00000000e+00   4.57090887e-02   5.80413712e-04   7.34701953e-01   5.83678902e-01
 3.42000000e+00  -8.33333334e-03   1.00000000e+00   4.57631751e-02   5.80903010e-04   7.34597623e-01   5.83514686e-01
 3.43000000e+00  -8.33333334e-03   1.00000000e+00   4.58201324e-02   5.81428148e-04   7.34486893e-01   5.83339982e-01
 3.44000000e+00  -8.33333334e-03   1.00000000e+00   4.58797159e-02   5.81986250e-04   7.34372979e-01   5.83153740e-01
 3.45000000e+00  -8.33333334e-03   1.00000000e+00   4.59416777e-02   5.82574626e-04   7.34251049e-01   5.82956178e-01
 3.46000000e+00  -8.33333334e-03   1.00000000e+00   4.60057846e-02   5.83191517e-04   7.34125828e-01   5.82749414e-01
 3.47000000e+00  -8.33333334e-03   1.00000000e+00   4.60717815e-02   5.83833728e-04   7.33998004e-01   5.82535168e-01
 3.48000000e+00  -8.33333334e-03   1.00000000e+00   4.61394197e-02   5.84498856e-04   7.33864953e-01   5.82312820e-01
 3.49000000e+00  -8.33333334e-03   1.00000000e+00   4.62084532e-02   5.85184518e-04   7.33730658e-01   5.82082719e-01
 3.50000000e+00  -8.33333334e-03   1.00000000e+00   4.62786371e-02   5.85888331e-04   7.33594075e-01   5.81848699e-01
 3.51000000e+00  -8.33333334e-03   1.00000000e+00   4.63497153e-02   5.86607544e-04   7.33460081e-01   5.81607573e-01
 3.52000000e+00  -8.33333334e-03   1.00000000e+00   4.64214502e-02   5.87339948e-04   7.33318118e-01   5.81363428e-01
 3.53000000e+00  -8.33333334e-03   1.00000000e+00   4.64936027e-02   5.88082935e-04   7.33175929e-01   5.81114300e-01
 3.54000000e+00  -8.33333334e-03   1.00000000e+00   4.65659522e-02   5.88834915e-04   7.33037416e-01   5.80865010e-01
 3.55000000e+00  -8.33333334e-03   1.00000000e+00   4.66382686e-02   5.89592340e-04   7.32898995e-01   5.80612049e-01
 3.56000000e+00  -8.33333334e-03   1.00000000e+00   4.67103142e-02   5.90352906e-04   7.32756676e-01   5.80359982e-01
 3.57000000e+00  -8.33333334e-03   1.00000000e+00   4.67818596e-02   5.91114428e-04   7.32617402e-01   5.80105401e-01
 3.58000000e+00  -8.33333334e-03   1.00000000e+00   4.68526806e-02   5.91874355e-04   7.32479874e-01   5.79852465e-01
 3.59000000e+00  -8.33333334e-03   1.00000000e+00   4.69225606e-02   5.92630139e-04   7.32343209e-01   5.79601595e-01
 3.60000000e+00  -8.33333334e-03   1.00000000e+00   4.69913021e-02   5.93379898e-04   7.32211001e-01   5.79351543e-01
 3.61000000e+00  -8.33333334e-03   1.00000000e+00   4.70586977e-02   5.94120771e-04   7.32077826e-01   5.79105966e-01
 3.62000000e+00  -8.33333334e-03   1.00000000e+00   4.71245579e-02   5.94850368e-04   7.31950962e-01   5.78862362e-01
 3.63000000e+00  -8.33333334e-03   1.00000000e+00   4.71887014e-02   5.95566241e-04   7.31825336e-01   5.78625700e-01
 3.64000000e+00  -8.33333334e-03   1.00000000e+00   4.72509599e-02   5.96266309e-04   7.31706348e-01   5.78395340e-01
 3.65000000e+00  -8.33333334e-03   1.00000000e+00   4.73111760e-02   5.96948676e-04   7.31588317e-01   5.78167545e-01
 3.66000000e+00  -8.33333334e-03   1.00000000e+00   4.73692028e-02   5.97611585e-04   7.31473750e-01   5.77947173e-01
 3.67000000e+00  -8.33333334e-03   1.00000000e+00   4.74249033e-02   5.98253416e-04   7.31367897e-01   5.77733929e-01
 3.68000000e+00  -8.33333334e-03   1.00000000e+00   4.74781511e-02   5.98872655e-04   7.31265194e-01   5.77527161e-01
 3.69000000e+00  -8.33333334e-03   1.00000000e+00   4.75288297e-02   5.99467887e-04   7.31165788e-01   5.77330236e-01
 3.70000000e+00  -8.33333334e-03   1.00000000e+00   4.75768256e-02   6.00037556e-04   7.31070776e-01   5.77140230e-01
 3.71000000e+00  -8.33333334e-03   1.00000000e+00   4.76220481e-02   6.00580677e-04   7.30983669e-01   5.76959378e-01
 3.72000000e+00  -8.33333334e-03   1.00000000e+00   4.76644142e-02   6.01096085e-04   7.30904199e-01   5.76787637e-01
 3.73000000e+00  -8.33333334e-03   1.00000000e+00   4.77038612e-02   6.01583380e-04   7.30827093e-01   5.76628155e-01
 3.74000000e+00  -8.33333334e-03   1.00000000e+00   4.77403147e-02   6.02040891e-04   7.30755781e-01   5.76476810e-01
 3.75000000e+00  -8.33333334e-03   1.00000000e+00   4.77737229e-02   6.02467941e-04   7.30690753e-01   5.76335505e-01
 3.76000000e+00  -8.33333334e-03   1.00000000e+00   4.78040453e-02   6.02864055e-04   7.30630433e-01   5.76204579e-01
 3.77000000e+00  -8.33333334e-03   1.00000000e+00   4.78312470e-02   6.03228242e-04   7.30578524e-01   5.76083834e-01
 3.78000000e+00  -8.33333334e-03   1.00000000e+00   4.78553075e-02   6.03559984e-04   7.30533429e-01   5.75975526e-01
 3.79000000e+00  -8.33333334e-03   1.00000000e+00   4.78762124e-02   6.03858795e-04   7.30490965e-01   5.75876632e-01
 3.80000000e+00  -8.33333334e-03   1.00000000e+00   4.78939804e-02   6.04125084e-04   7.30456460e-01   5.75789136e-01
 3.81000000e+00  -8.33333334e-03   1.00000000e+00   4.79086117e-02   6.04358239e-04   7.30428435e-01   5.75712708e-01
 3.82000000e+00  -8.33333334e-03   1.00000000e+00   4.79200607e-02   6.04556645e-04   7.30407684e-01   5.75649029e-01
 3.83000000e+00  -8.33333334e-03   1.00000000e+00   4.79283393e-02   6.04719184e-04   7.30387160e-01   5.75593389e-01
 3.84000000e+00  -8.33333334e-03   1.00000000e+00   4.79334989e-02   6.04847580e-04   7.30382122e-01   5.75548825e-01
 3.85000000e+00  -8.33333334e-03   1.00000000e+00   4.79356056e-02   6.04939365e-04   7.30373984e-01   5.75518103e-01
 3.86000000e+00  -8.33333334e-03   1.00000000e+00   4.79345975e-02   6.04989970e-04   7.30378960e-01   5.75498109e-01
 3.87000000e+00  -8.33333334e-03   1.00000000e+00   4.79308677e-02   6.05005540e-04   7.30392850e-01   5.75488822e-01
 3.88000000e+00  -8.33333334e-03   1.00000000e+00   4.79247446e-02   6.05000494e-04   7.30404924e-01   5.75495980e-01
 3.89000000e+00  -8.33333334e-03   1.00000000e+00   4.79164220e-02   6.04979006e-04   7.30418773e-01   5.75513396e-01
 3.90000000e+00  -8.33333334e-03   1.00000000e+00   4.79057691e-02   6.04940899e-04   7.30431470e-01   5.75533591e-01
 3.91000000e+00  -8.33333334e-03   1.00000000e+00   4.78928077e-02   6.04883954e-04   7.30454689e-01   5.75558184e-01
 3.92000000e+00  -8.33333334e-03   1.00000000e+00   4.78773283e-02   6.04800409e-04   7.30478649e-01   5.75587433e-01
 3.93000000e+00  -8.33333334e-03   1.00000000e+00   4.78594705e-02   6.04687296e-04   7.30510743e-01   5.75620879e-01
 3.94000000e+00  -8.33333334e-03   1.00000000e+00   4.78393119e-02   6.04549692e-04   7.30546838e-01   5.75667955e-01
 3.95000000e+00  -8.33333334e-03   1.00000000e+00   4.78168953e-02   6.04383181e-04   7.30587728e-01   5.75725440e-01
 3.96000000e+00  -8.33333334e-03   1.00000000e+00   4.77923661e-02   6.04183643e-04   7.30633263e-01   5.75789582e-01
 3.97000000e+00  -8.33333334e-03   1.00000000e+00   4.77657445e-02   6.03956433e-04   7.30686836e-01   5.75861236e-01
 3.98000000e+00  -8.33333334e-03   1.00000000e+00   4.77372486e-02   6.03701244e-04   7.30741657e-01   5.75943255e-01
 3.99000000e+00  -8.33333334e-03   1.00000000e+00   4.77070383e-02   6.03422181e-04   7.30802029e-01   5.76031553e-01
 4.00000000e+00  -8.33333334e-03   1.00000000e+00   4.76752778e-02   6.03122327e-04   7.30862938e-01   5.76131379e-01
 4.01000000e+00  -8.33333334e-03   1.00000000e+00   4.76421254e-02   6.02804326e-04   7.30928536e-01   5.76235328e-01
 4.02000000e+00  -8.33333334e-03   1.00000000e+00   4.76077305e-02   6.02470171e-04   7.30997020e-01   5.76347654e-01
 4.03000000e+00  -8.33333334e-03   1.00000000e+00   4.75722489e-02   6.02122328e-04   7.31063424e-01   5.76464714e-01
 4.04000000e+00  -8.33333334e-03   1.00000000e+00   4.75358254e-02   6.01762508e-04   7.31137732e-01   5.76585704e-01
 4.05000000e+00  -8.33333334e-03   1.00000000e+00   4.74985977e-02   6.01392107e-04   7.31211593e-01   5.76711194e-01
 4.06000000e+00  -8.33333334e-03   1.00000000e+00   4.74606971e-02   6.01012333e-04   7.31283768e-01   5.76840291e-01
 4.07000000e+00  -8.33333334e-03   1.00000000e+00   4.74222573e-02   6.00624472e-04   7.31357931e-01   5.76970750e-01
 4.08000000e+00  -8.33333334e-03   1.00000000e+00   4.73833994e-02   6.00229466e-04   7.31432889e-01   5.77104193e-01
 4.09000000e+00  -8.33333334e-03   1.00000000e+00   4.73442452e-02   5.99828474e-04   7.31510678e-01   5.77238557e-01
 4.10000000e+00  -8.33333334e-03   1.00000000e+00   4.73049066e-02   5.99422130e-04   7.31584534e-01   5.77374949e-01
 4.11000000e+00  -8.33333334e-03   1.00000000e+00   4.72655124e-02   5.99012150e-04   7.31662558e-01   5.77511424e-01
 4.12000000e+00  -8.33333334e-03   1.00000000e+00   4.72261756e-02   5.98599813e-04   7.31738630e-01   5.77648896e-01
 4.13000000e+00  -8.33333334e-03   1.00000000e+00   4.71870191e-02   5.98186209e-04   7.31811628e-01   5.77788407e-01
 4.14000000e+00  -8.33333334e-03   1.00000000e+00   4.71481644e-02   5.97772399e-04   7.31887931e-01   5.77926073e-01
 4.15000000e+00  -8.33333334e-03   1.00000000e+00   4.71097317e-02   5.97359684e-04   7.31964380e-01   5.78063079e-01
 4.16000000e+00  -8.33333334e-03   1.00000000e+00   4.70718386e-02   5.96949410e-04   7.32039473e-01   5.78199755e-01
 4.17000000e+00  -8.33333334e-03   1.00000000e+00   4.70345928e-02   5.96542589e-04   7.32106918e-01   5.78335592e-01
 4.18000000e+00  -8.33333334e-03   1.00000000e+00   4.69981074e-02   5.96140786e-04   7.32180139e-01   5.78467961e-01
 4.19000000e+00  -8.33333334e-03   1.00000000e+00   4.69624861e-02   5.95745320e-04   7.32251451e-01   5.78599510e-01
 4.20000000e+00  -8.33333334e-03   1.00000000e+00   4.69278276e-02   5.95357550e-04   7.32315656e-01   5.78728555e-01
 4.21000000e+00  -8.33333334e-03   1.00000000e+00   4.68942231e-02   5.94978640e-04   7.32379579e-01   5.78853439e-01
 4.22000000e+00  -8.33333334e-03   1.00000000e+00   4.68617576e-02   5.94609648e-04   7.32444084e-01   5.78975330e-01
 4.23000000e+00  -8.33333334e-03   1.00000000e+00   4.68305102e-02   5.94251551e-04   7.32504876e-01   5.79096052e-01
 4.24000000e+00  -8.33333334e-03   1.00000000e+00   4.68005540e-02   5.93905246e-04   7.32562858e-01   5.79211267e-01
 4.25000000e+00  -8.33333334e-03   1.00000000e+00   4.67719562e-02   5.93571550e-04   7.32619764e-01   5.79322295e-01
 4.26000000e+00  -8.33333334e-03   1.00000000e+00   4.67447828e-02   5.93251357e-04   7.32671944e-01   5.79428356e-01
 4.27000000e+00  -8.33333334e-03   1.00000000e+00   4.67190868e-02   5.92945229e-04   7.32719586e-01   5.79531531e-01
 4.28000000e+00  -8.33333334e-03   1.00000000e+00   4.66949170e-02   5.92653826e-04   7.32767649e-01   5.79628292e-01
 4.29000000e+00  -8.33333334e-03   1.00000000e+00   4.66723109e-02   5.92377367e-04   7.32810259e-01   5.79718230e-01
 4.30000000e+00  -8.33333334e-03   1.00000000e+00   4.66513120e-02   5.92116766e-04   7.32851828e-01   5.79804731e-01
 4.31000000e+00  -8.33333334e-03   1.00000000e+00   4.66319537e-02   5.91872527e-04   7.32890155e-01   5.79886788e-01
 4.32000000e+00  -8.33333334e-03   1.00000000e+00   4.66142625e-02   5.91645043e-04   7.32923176e-01   5.79961230e-01
 4.33000000e+00  -8.33333334e-03   1.00000000e+00   4.65982986e-02   5.91435187e-04   7.32955367e-01   5.80029663e-01
 4.34000000e+00  -8.33333334e-03   1.00000000e+00   4.65840748e-02   5.91244534e-04   7.32981443e-01   5.80093854e-01
 4.35000000e+00  -8.33333334e-03   1.00000000e+00   4.65716572e-02   5.91072604e-04   7.33005903e-01   5.80151386e-01
 4.36000000e+00  -8.33333334e-03   1.00000000e+00   4.65609907e-02   5.90922272e-04   7.33027177e-01   5.80202660e-01
 4.37000000e+00  -8.33333334e-03   1.00000000e+00   4.65521407e-02   5.90789118e-04   7.33042138e-01   5.80246849e-01
 4.38000000e+00  -8.33333334e-03   1.00000000e+00   4.65449965e-02   5.90676109e-04   7.33053917e-01   5.80283906e-01
 4.39000000e+00  -8.33333334e-03   1.00000000e+00   4.65396419e-02   5.90582584e-04   7.33062013e-01   5.80312538e-01
 4.40000000e+00  -8.33333334e-03   1.00000000e+00   4.65361291e-02   5.90512582e-04   7.33065490e-01   5.80339743e-01
 4.41000000e+00  -8.33333334e-03   1.00000000e+00   4.65345156e-02   5.90469746e-04   7.33067428e-01   5.80357282e-01
 4.42000000e+00  -8.33333334e-03   1.00000000e+00   4.65345453e-02   5.90447828e-04   7.33061822e-01   5.80367959e-01
 4.43000000e+00  -8.33333334e-03   1.00000000e+00   4.65359079e-02   5.90438254e-04   7.33051973e-01   5.80365430e-01
 4.44000000e+00  -8.33333334e-03   1.00000000e+00   4.65384625e-02   5.90435316e-04   7.33048382e-01   5.80356993e-01
 4.45000000e+00  -8.33333334e-03   1.00000000e+00   4.65421013e-02   5.90439664e-04   7.33043786e-01   5.80347168e-01
 4.46000000e+00  -8.33333334e-03   1.00000000e+00   4.65468567e-02   5.90449278e-04   7.33041127e-01   5.80339197e-01
 4.47000000e+00  -8.33333334e-03   1.00000000e+00   4.65526660e-02   5.90463888e-04   7.33033431e-01   5.80327181e-01
 4.48000000e+00  -8.33333334e-03   1.00000000e+00   4.65596158e-02   5.90486373e-04   7.33024670e-01   5.80315444e-01
 4.49000000e+00  -8.33333334e-03   1.00000000e+00   4.65676847e-02   5.90517095e-04   7.33015177e-01   5.80301547e-01
 4.50000000e+00  -8.33333334e-03   1.00000000e+00   4.65768460e-02   5.90559320e-04   7.33001957e-01   5.80286537e-01
 4.51000000e+00  -8.33333334e-03   1.00000000e+00   4.65871998e-02   5.90615961e-04   7.32987023e-01   5.80267522e-01
 4.52000000e+00  -8.33333334e-03   1.00000000e+00   4.65987902e-02   5.90690050e-04   7.32967842e-01   5.80244618e-01
 4.53000000e+00  -8.33333334e-03   1.00000000e+00   4.66116427e-02   5.90780568e-04   7.32944093e-01   5.80217610e-01
 4.54000000e+00  -8.33333334e-03   1.00000000e+00   4.66256651e-02   5.90892433e-04   7.32916764e-01   5.80184060e-01
 4.55000000e+00  -8.33333334e-03   1.00000000e+00   4.66407165e-02   5.91019946e-04   7.32886293e-01   5.80145711e-01
 4.56000000e+00  -8.33333334e-03   1.00000000e+00   4.66567322e-02   5.91162638e-04   7.32858522e-01   5.80098617e-01
 4.57000000e+00  -8.33333334e-03   1.00000000e+00   4.66736166e-02   5.91320170e-04   7.32824724e-01   5.80047968e-01
 4.58000000e+00  -8.33333334e-03   1.00000000e+00   4.66913237e-02   5.91490259e-04   7.32790060e-01   5.79992960e-01
 4.59000000e+00  -8.33333334e-03   1.00000000e+00   4.67097289e-02   5.91673171e-04   7.32751055e-01   5.79935542e-01
 4.60000000e+00  -8.33333334e-03   1.00000000e+00   4.67287501e-02   5.91865683e-04   7.32711307e-01   5.79872269e-01
 4.61000000e+00  -8.33333334e-03   1.00000000e+00   4.67482495e-02   5.92065469e-04   7.32674843e-01   5.79806837e-01
 4.62000000e+00  -8.33333334e-03   1.00000000e+00   4.67682264e-02   5.92269095e-04   7.32633156e-01   5.79737832e-01
 4.63000000e+00  -8.33333334e-03   1.00000000e+00   4.67885352e-02   5.92479578e-04   7.32594474e-01   5.79668255e-01
 4.64000000e+00  -8.33333334e-03   1.00000000e+00   4.68091038e-02   5.92692731e-04   7.32552071e-01   5.79596333e-01
 4.65000000e+00  -8.33333334e-03   1.00000000e+00   4.68298276e-02   5.92909038e-04   7.32512837e-01   5.79521877e-01
 4.66000000e+00  -8.33333334e-03   1.00000000e+00   4.68506690e-02   5.93125897e-04   7.32470147e-01   5.79447507e-01
 4.67000000e+00  -8.33333334e-03   1.00000000e+00   4.68715614e-02   5.93343794e-04   7.32430212e-01   5.79373615e-01
 4.68000000e+00  -8.33333334e-03   1.00000000e+00   4.68924472e-02   5.93562395e-04   7.32389800e-01   5.79298104e-01
 4.69000000e+00  -8.33333334e-03   1.00000000e+00   4.69132719e-02   5.93781251e-04   7.32351361e-01   5.79224333e-01
 4.70000000e+00  -8.33333334e-03   1.00000000e+00   4.69339857e-02   5.94000137e-04   7.32308832e-01   5.79151551e-01
 4.71000000e+00  -8.33333334e-03   1.00000000e+00   4.69545324e-02   5.94218495e-04   7.32271646e-01   5.79078621e-01
 4.72000000e+00  -8.33333334e-03   1.00000000e+00   4.69748630e-02   5.94435838e-04   7.32233718e-01   5.79005499e-01
 4.73000000e+00  -8.33333334e-03   1.00000000e+00   4.69949461e-02   5.94651081e-04   7.32193539e-01   5.78933648e-01
 4.74000000e+00  -8.33333334e-03   1.00000000e+00   4.70146971e-02   5.94865730e-04   7.32155593e-01   5.78863128e-01
 4.75000000e+00  -8.33333334e-03   1.00000000e+00   4.70340661e-02   5.95078100e-04   7.32118396e-01   5.78792693e-01
 4.76000000e+00  -8.33333334e-03   1.00000000e+00   4.70530106e-02   5.95287020e-04   7.32080467e-01   5.78722997e-01
 4.77000000e+00  -8.33333334e-03   1.00000000e+00   4.70714659e-02   5.95493114e-04   7.32045358e-01   5.78655577e-01
 4.78000000e+00  -8.33333334e-03   1.00000000e+00   4.70893171e-02   5.95695096e-04   7.32012529e-01   5.78588895e-01
 4.79000000e+00  -8.33333334e-03   1.00000000e+00   4.71065958e-02   5.95889351e-04   7.31977789e-01   5.78524183e-01
 4.80000000e+00  -8.33333334e-03   1.00000000e+00   4.71232396e-02   5.96078930e-04   7.31945039e-01   5.78460710e-01
 4.81000000e+00  -8.33333334e-03   1.00000000e+00   4.71391443e-02   5.96263438e-04   7.31915237e-01   5.78400136e-01
 4.82000000e+00  -8.33333334e-03   1.00000000e+00   4.71542911e-02   5.96438355e-04   7.31887654e-01   5.78340327e-01
 4.83000000e+00  -8.33333334e-03   1.00000000e+00   4.71686380e-02   5.96604764e-04   7.31858971e-01   5.78284813e-01
 4.84000000e+00  -8.33333334e-03   1.00000000e+00   4.71822153e-02   5.96762889e-04   7.31835469e-01   5.78231339e-01
 4.85000000e+00  -8.33333334e-03   1.00000000e+00   4.71949620e-02   5.96914428e-04   7.31809062e-01   5.78183071e-01
 4.86000000e+00  -8.33333334e-03   1.00000000e+00   4.72068214e-02   5.97058188e-04   7.31787245e-01   5.78136103e-01
 4.87000000e+00  -8.33333334e-03   1.00000000e+00   4.72178565e-02   5.97191563e-04   7.31769794e-01   5.78090260e-01
 4.88000000e+00  -8.33333334e-03   1.00000000e+00   4.72279840e-02   5.97318116e-04   7.31748923e-01   5.78050177e-01
 4.89000000e+00  -8.33333334e-03   1.00000000e+00   4.72372275e-02   5.97435144e-04   7.31732414e-01   5.78011457e-01
 4.90000000e+00  -8.33333334e-03   1.00000000e+00   4.72455896e-02   5.97540994e-04   7.31717282e-01   5.77977452e-01
 4.91000000e+00  -8.33333334e-03   1.00000000e+00   4.72529762e-02   5.97640200e-04   7.31702170e-01   5.77944719e-01
 4.92000000e+00  -8.33333334e-03   1.00000000e+00   4.72594345e-02   5.97729029e-04   7.31690927e-01   5.77916319e-01
 4.93000000e+00  -8.33333334e-03   1.00000000e+00   4.72648519e-02   5.97804524e-04   7.31682607e-01   5.77892232e-01
 4.94000000e+00  -8.33333334e-03   1.00000000e+00   4.72690415e-02   5.97860100e-04   7.31673490e-01   5.77868938e-01
 4.95000000e+00  -8.33333334e-03   1.00000000e+00   4.72721212e-02   5.97904802e-04   7.31671586e-01   5.77850285e-01
 4.96000000e+00  -8.33333334e-03   1.00000000e+00   4.72741063e-02   5.97936807e-04   7.31676879e-01   5.77840174e-01
 4.97000000e+00  -8.33333334e-03   1.00000000e+00   4.72747709e-02   5.97948573e-04   7.31678324e-01   5.77835265e-01
 4.98000000e+00  -8.33333334e-03   1.00000000e+00   4.72746855e-02   5.97953287e-04   7.31684539e-01   5.77831491e-01
 4.99000000e+00  -8.33333334e-03   1.00000000e+00   4.72741454e-02   5.97961438e-04   7.31690874e-01   5.77840744e-01
 5.00000000e+00  -8.33333334e-03   1.00000000e+00   4.72731194e-02   5.97966634e-04   7.31687391e-01   5.77850844e-01