  Time  Coordinate0  Coordinate1  Displacement0  Displacement1  Force0  Force1
 1.00000000e-02  -8.33333334e-03   1.00000000e+00   5.43246029e-04   9.00914050e-06   1.79806517e+00  -3.30615868e+00
 2.00000000e-02  -8.33333334e-03   1.00000000e+00   1.55072824e-03   5.79354922e-05   1.69891778e+00   3.08825634e+00
 3.00000000e-02  -8.33333334e-03   1.00000000e+00   2.86216530e-03   1.23567340e-04   1.46537293e+00   1.15804549e+00
 4.00000000e-02  -8.33333334e-03   1.00000000e+00   4.37302982e-03   1.89358368e-04   1.24633476e+00   9.93627726e-01
 5.00000000e-02  -8.33333334e-03   1.00000000e+00   6.02936963e-03   2.40614547e-04   1.13578496e+00   9.79729083e-01
 6.00000000e-02  -8.33333334e-03   1.00000000e+00   7.83028540e-03   2.66393135e-04   1.06710195e+00   1.00091559e+00
 7.00000000e-02  -8.33333334e-03   1.00000000e+00   9.83677717e-03   2.60999384e-04   1.01942664e+00   1.02115068e+00
 8.00000000e-02  -8.33333334e-03   1.00000000e+00   1.21673274e-02   2.29274633e-04   9.81285086e-01   1.03388939e+00
 9.00000000e-02  -8.33333334e-03   1.00000000e+00   1.49595548e-02   1.88389959e-04   9.45944934e-01   1.03609893e+00
 1.00000000e-01  -8.33333334e-03   1.00000000e+00   1.83040999e-02   1.62564282e-04   9.10558011e-01   1.02582877e+00
 1.10000000e-01  -8.33333334e-03   1.00000000e+00   2.21886113e-02   1.72772836e-04   8.75746927e-01   1.00248226e+00
 1.20000000e-01  -8.33333334e-03   1.00000000e+00   2.64902169e-02   2.28035387e-04   8.44043734e-01   9.67900720e-01
 1.30000000e-01  -8.33333334e-03   1.00000000e+00   3.10220422e-02   3.23520018e-04   8.17039256e-01   9.26567024e-01
 1.40000000e-01  -8.33333334e-03   1.00000000e+00   3.56024655e-02   4.44781939e-04   7.95464571e-01   8.83818110e-01
 1.50000000e-01  -8.33333334e-03   1.00000000e+00   4.01059362e-02   5.73745910e-04   7.78667501e-01   8.43920904e-01
 1.60000000e-01  -8.33333334e-03   1.00000000e+00   4.44754708e-02   6.92974480e-04   7.65345727e-01   8.09137488e-01
 1.70000000e-01  -8.33333334e-03   1.00000000e+00   4.87063466e-02   7.88199742e-04   7.54110476e-01   7.79476143e-01
 1.80000000e-01  -8.33333334e-03   1.00000000e+00   5.28224405e-02   8.50660105e-04   7.43923864e-01   7.53643081e-01
 1.90000000e-01  -8.33333334e-03   1.00000000e+00   5.68589348e-02   8.79416041e-04   7.34119913e-01   7.30076501e-01
 2.00000000e-01  -8.33333334e-03   1.00000000e+00   6.08511816e-02   8.82185004e-04   7.24331349e-01   7.07474723e-01
 2.10000000e-01  -8.33333334e-03   1.00000000e+00   6.48241735e-02   8.73283763e-04   7.14437359e-01   6.84795319e-01
 2.20000000e-01  -8.33333334e-03   1.00000000e+00   6.87811149e-02   8.69010776e-04   7.04639865e-01   6.61412592e-01
 2.30000000e-01  -8.33333334e-03   1.00000000e+00   7.26959743e-02   8.82290261e-04   6.95472859e-01   6.37271852e-01
 2.40000000e-01  -8.33333334e-03   1.00000000e+00   7.65163939e-02   9.18698740e-04   6.87649088e-01   6.12990764e-01
 2.50000000e-01  -8.33333334e-03   1.00000000e+00   8.01791847e-02   9.75148464e-04   6.81795221e-01   5.89816341e-01
 2.60000000e-01  -8.33333334e-03   1.00000000e+00   8.36344323e-02   1.04138714e-03   6.78146227e-01   5.69300781e-01
 2.70000000e-01  -8.33333334e-03   1.00000000e+00   8.68691698e-02   1.10373454e-03   6.76358620e-01   5.52706533e-01
 2.80000000e-01  -8.33333334e-03   1.00000000e+00   8.99214768e-02   1.14965348e-03   6.75656435e-01   5.40658036e-01
 2.90000000e-01  -8.33333334e-03   1.00000000e+00   9.28782007e-02   1.17190601e-03   6.74826544e-01   5.32665026e-01
 3.00000000e-01  -8.33333334e-03   1.00000000e+00   9.58560965e-02   1.17080512e-03   6.72649613e-01   5.27198273e-01
 3.10000000e-01  -8.33333334e-03   1.00000000e+00   9.89722200e-02   1.15408975e-03   6.68187754e-01   5.21885084e-01
 3.20000000e-01  -8.33333334e-03   1.00000000e+00   1.02314091e-01   1.13447717e-03   6.61168227e-01   5.14351706e-01
 3.30000000e-01  -8.33333334e-03   1.00000000e+00   1.05919228e-01   1.12596925e-03   6.51956204e-01   5.02757916e-01
 3.40000000e-01  -8.33333334e-03   1.00000000e+00   1.09770770e-01   1.13994732e-03   6.41465889e-01   4.86460837e-01
 3.50000000e-01  -8.33333334e-03   1.00000000e+00   1.13808568e-01   1.18229590e-03   6.30728995e-01   4.65922547e-01
 3.60000000e-01  -8.33333334e-03   1.00000000e+00   1.17950256e-01   1.25212149e-03   6.20576110e-01   4.42462663e-01
 3.70000000e-01  -8.33333334e-03   1.00000000e+00   1.22114008e-01   1.34228595e-03   6.11502770e-01   4.17913100e-01
 3.80000000e-01  -8.33333334e-03   1.00000000e+00   1.26236075e-01   1.44146152e-03   6.03460059e-01   3.93683983e-01
 3.90000000e-01  -8.33333334e-03   1.00000000e+00   1.30279222e-01   1.53717964e-03   5.96256693e-01   3.70782182e-01
 4.00000000e-01  -8.33333334e-03   1.00000000e+00   1.34231568e-01   1.61907086e-03   5.89472944e-01   3.49522966e-01
 4.10000000e-01  -8.33333334e-03   1.00000000e+00   1.38097735e-01   1.68140932e-03   5.82689570e-01   3.29662430e-01
 4.20000000e-01  -8.33333334e-03   1.00000000e+00   1.41885489e-01   1.72424828e-03   5.75683153e-01   3.10587418e-01
 4.30000000e-01  -8.33333334e-03   1.00000000e+00   1.45591708e-01   1.75283562e-03   5.68453565e-01   2.91561295e-01
 4.40000000e-01  -8.33333334e-03   1.00000000e+00   1.49191696e-01   1.77550866e-03   5.61275411e-01   2.72080703e-01
 4.50000000e-01  -8.33333334e-03   1.00000000e+00   1.52635348e-01   1.80076072e-03   5.54639075e-01   2.52062717e-01
 4.60000000e-01  -8.33333334e-03   1.00000000e+00   1.55852120e-01   1.83439137e-03   5.49084350e-01   2.31989514e-01
 4.70000000e-01  -8.33333334e-03   1.00000000e+00   1.58764195e-01   1.87762497e-03   5.45055355e-01   2.12777067e-01
 4.80000000e-01  -8.33333334e-03   1.00000000e+00   1.61304382e-01   1.92675353e-03   5.42790317e-01   1.95701707e-01
 4.90000000e-01  -8.33333334e-03   1.00000000e+00   1.63433425e-01   1.97440109e-03   5.42238953e-01   1.82013545e-01
 5.00000000e-01  -8.33333334e-03   1.00000000e+00   1.65151116e-01   2.01190717e-03   5.43046915e-01   1.72566711e-01
 5.10000000e-01  -8.33333334e-03   1.00000000e+00   1.66497651e-01   2.03203256e-03   5.44690127e-01   1.67625146e-01
 5.20000000e-01  -8.33333334e-03   1.00000000e+00   1.67544601e-01   2.03116048e-03   5.46571023e-01   1.66725208e-01
 5.30000000e-01  -8.33333334e-03   1.00000000e+00   1.68378688e-01   2.01042491e-03   5.48148515e-01   1.68784764e-01
 5.40000000e-01  -8.33333334e-03   1.00000000e+00   1.69083224e-01   1.97537012e-03   5.49064938e-01   1.72360016e-01
 5.50000000e-01  -8.33333334e-03   1.00000000e+00   1.69722802e-01   1.93463743e-03   5.49200867e-01   1.76031411e-01
 5.60000000e-01  -8.33333334e-03   1.00000000e+00   1.70334961e-01   1.89774830e-03   5.48705629e-01   1.78750942e-01
 5.70000000e-01  -8.33333334e-03   1.00000000e+00   1.70930494e-01   1.87271328e-03   5.47847484e-01   1.79994253e-01
 5.80000000e-01  -8.33333334e-03   1.00000000e+00   1.71500913e-01   1.86414913e-03   5.46931934e-01   1.79797038e-01
 5.90000000e-01  -8.33333334e-03   1.00000000e+00   1.72029908e-01   1.87240281e-03   5.46189801e-01   1.78603726e-01
 6.00000000e-01  -8.33333334e-03   1.00000000e+00   1.72504800e-01   1.89386946e-03   5.45680994e-01   1.77002572e-01
 6.10000000e-01  -8.33333334e-03   1.00000000e+00   1.72924178e-01   1.92233084e-03   5.45267752e-01   1.75469195e-01
 6.20000000e-01  -8.33333334e-03   1.00000000e+00   1.73299634e-01   1.95091264e-03   5.44682869e-01   1.74150212e-01
 6.30000000e-01  -8.33333334e-03   1.00000000e+00   1.73651280e-01   1.97406612e-03   5.43626790e-01   1.72834439e-01
 6.40000000e-01  -8.33333334e-03   1.00000000e+00   1.73998548e-01   1.98901693e-03   5.41863746e-01   1.70968992e-01
 6.50000000e-01  -8.33333334e-03   1.00000000e+00   1.74349200e-01   1.99625961e-03   5.39328193e-01   1.67915509e-01
 6.60000000e-01  -8.33333334e-03   1.00000000e+00   1.74690158e-01   1.99901575e-03   5.36222945e-01   1.63142731e-01
 6.70000000e-01  -8.33333334e-03   1.00000000e+00   1.74983230e-01   2.00186769e-03   5.32929433e-01   1.56474705e-01
 6.80000000e-01  -8.33333334e-03   1.00000000e+00   1.75167381e-01   2.00901219e-03   5.29930995e-01   1.48183950e-01
 6.90000000e-01  -8.33333334e-03   1.00000000e+00   1.75167410e-01   2.02271952e-03   5.27717904e-01   1.39031472e-01
 7.00000000e-01  -8.33333334e-03   1.00000000e+00   1.74906795e-01   2.04237782e-03   5.26663185e-01   1.30131122e-01
 7.10000000e-01  -8.33333334e-03   1.00000000e+00   1.74321338e-01   2.06442317e-03   5.26953270e-01   1.22693971e-01
 7.20000000e-01  -8.33333334e-03   1.00000000e+00   1.73369959e-01   2.08318250e-03   5.28575360e-01   1.17821579e-01
 7.30000000e-01  -8.33333334e-03   1.00000000e+00   1.72039727e-01   2.09233984e-03   5.31350260e-01   1.16253842e-01
 7.40000000e-01  -8.33333334e-03   1.00000000e+00   1.70344533e-01   2.08661812e-03   5.35020527e-01   1.18246642e-01
 7.50000000e-01  -8.33333334e-03   1.00000000e+00   1.68318123e-01   2.06317202e-03   5.39279644e-01   1.23589099e-01
 7.60000000e-01  -8.33333334e-03   1.00000000e+00   1.66004045e-01   2.02229294e-03   5.43902073e-01   1.31704839e-01
 7.70000000e-01  -8.33333334e-03   1.00000000e+00   1.63445690e-01   1.96728725e-03   5.48764277e-01   1.41875814e-01
 7.80000000e-01  -8.33333334e-03   1.00000000e+00   1.60679274e-01   1.90359902e-03   5.53882217e-01   1.53441036e-01
 7.90000000e-01  -8.33333334e-03   1.00000000e+00   1.57731439e-01   1.83743861e-03   5.59337837e-01   1.65947285e-01
 8.00000000e-01  -8.33333334e-03   1.00000000e+00   1.54621558e-01   1.77430326e-03   5.65299705e-01   1.79268004e-01
 8.10000000e-01  -8.33333334e-03   1.00000000e+00   1.51367369e-01   1.71780425e-03   5.71921625e-01   1.93553948e-01
 8.20000000e-01  -8.33333334e-03   1.00000000e+00   1.47991536e-01   1.66909696e-03   5.79041593e-01   2.08894648e-01
 8.30000000e-01  -8.33333334e-03   1.00000000e+00   1.44526607e-01   1.62703046e-03   5.86510623e-01   2.25433641e-01
 8.40000000e-01  -8.33333334e-03   1.00000000e+00   1.41016326e-01   1.58893826e-03   5.93996111e-01   2.42987741e-01
 8.50000000e-01  -8.33333334e-03   1.00000000e+00   1.37512521e-01   1.55179469e-03   6.01045055e-01   2.61116821e-01
 8.60000000e-01  -8.33333334e-03   1.00000000e+00   1.34068116e-01   1.51336929e-03   6.07143974e-01   2.78895093e-01
 8.70000000e-01  -8.33333334e-03   1.00000000e+00   1.30728110e-01   1.47303270e-03   6.11994580e-01   2.95481103e-01
 8.80000000e-01  -8.33333334e-03   1.00000000e+00   1.27520961e-01   1.43198707e-03   6.15448921e-01   3.09960084e-01
 8.90000000e-01  -8.33333334e-03   1.00000000e+00   1.24452810e-01   1.39287764e-03   6.17633443e-01   3.21693090e-01
 9.00000000e-01  -8.33333334e-03   1.00000000e+00   1.21506156e-01   1.35892374e-03   6.18889615e-01   3.30478262e-01
 9.10000000e-01  -8.33333334e-03   1.00000000e+00   1.18643349e-01   1.33283945e-03   6.19703414e-01   3.36582904e-01
 9.20000000e-01  -8.33333334e-03   1.00000000e+00   1.15813948e-01   1.31586961e-03   6.20593804e-01   3.40670773e-01
 9.30000000e-01  -8.33333334e-03   1.00000000e+00   1.12963938e-01   1.30722357e-03   6.21985694e-01   3.43694873e-01
 9.40000000e-01  -8.33333334e-03   1.00000000e+00   1.10044437e-01   1.30406716e-03   6.24163066e-01   3.46627063e-01
 9.50000000e-01  -8.33333334e-03   1.00000000e+00   1.07017825e-01   1.30206985e-03   6.27236676e-01   3.50298383e-01
 9.60000000e-01  -8.33333334e-03   1.00000000e+00   1.03860115e-01   1.29635011e-03   6.31186697e-01   3.55300051e-01
 9.70000000e-01  -8.33333334e-03   1.00000000e+00   1.00559611e-01   1.28255214e-03   6.35935977e-01   3.61893535e-01
 9.80000000e-01  -8.33333334e-03   1.00000000e+00   9.71129455e-02   1.25776814e-03   6.41408398e-01   3.70107480e-01
 9.90000000e-01  -8.33333334e-03   1.00000000e+00   9.35203111e-02   1.22106762e-03   6.47585018e-01   3.79829207e-01
 1.00000000e+00  -8.33333334e-03   1.00000000e+00   8.97817532e-02   1.17351043e-03   6.54554333e-01   3.90941385e-01
 1.01000000e+00  -8.33333334e-03   1.00000000e+00   8.58959001e-02   1.11767366e-03   6.62486820e-01   4.03464449e-01
 1.02000000e+00  -8.33333334e-03   1.00000000e+00   8.18615873e-02   1.05685264e-03   6.71582827e-01   4.17560127e-01
 1.03000000e+00  -8.33333334e-03   1.00000000e+00   7.76818159e-02   9.94175024e-04   6.82005713e-01   4.33522162e-01
 1.04000000e+00  -8.33333334e-03   1.00000000e+00   7.33686682e-02   9.31880366e-04   6.93777662e-01   4.51675926e-01
 1.05000000e+00  -8.33333334e-03   1.00000000e+00   6.89474432e-02   8.70955788e-04   7.06751359e-01   4.72199939e-01
 1.06000000e+00  -8.33333334e-03   1.00000000e+00   6.44584473e-02   8.11202977e-04   7.20554801e-01   4.95049587e-01
 1.07000000e+00  -8.33333334e-03   1.00000000e+00   5.99555351e-02   7.51685943e-04   7.34642100e-01   5.19823771e-01
 1.08000000e+00  -8.33333334e-03   1.00000000e+00   5.55014299e-02   6.91398940e-04   7.48357734e-01   5.45778267e-01
 1.09000000e+00  -8.33333334e-03   1.00000000e+00   5.11607720e-02   6.29935867e-04   7.61050385e-01   5.71904300e-01
 1.10000000e+00  -8.33333334e-03   1.00000000e+00   4.69924749e-02   5.67948732e-04   7.72192945e-01   5.97087868e-01
 1.11000000e+00  -8.33333334e-03   1.00000000e+00   4.30431489e-02   5.07258350e-04   7.81459940e-01   6.20299071e-01
 1.12000000e+00  -8.33333334e-03   1.00000000e+00   3.93430228e-02   4.50573663e-04   7.88790858e-01   6.40761061e-01
 1.13000000e+00  -8.33333334e-03   1.00000000e+00   3.59050600e-02   4.00905926e-04   7.94316168e-01   6.58044411e-01
 1.14000000e+00  -8.33333334e-03   1.00000000e+00   3.27270896e-02   3.60843089e-04   7.98306255e-01   6.72094617e-01
 1.15000000e+00  -8.33333334e-03   1.00000000e+00   2.97959984e-02   3.31898572e-04   8.01085114e-01   6.83140730e-01
 1.16000000e+00  -8.33333334e-03   1.00000000e+00   2.70925757e-02   3.14121572e-04   8.02931596e-01   6.91618559e-01
 1.17000000e+00  -8.33333334e-03   1.00000000e+00   2.45956394e-02   3.06048075e-04   8.04042336e-01   6.97972770e-01
 1.18000000e+00  -8.33333334e-03   1.00000000e+00   2.22842509e-02   3.04792823e-04   8.04552437e-01   7.02591425e-01
 1.19000000e+00  -8.33333334e-03   1.00000000e+00   2.01381438e-02   3.06821631e-04   8.04562679e-01   7.05763375e-01
 1.20000000e+00  -8.33333334e-03   1.00000000e+00   1.81362298e-02   3.08738703e-04   8.04194982e-01   7.07653640e-01
 1.21000000e+00  -8.33333334e-03   1.00000000e+00   1.62546197e-02   3.07906686e-04   8.03663192e-01   7.08459952e-01
 1.22000000e+00  -8.33333334e-03   1.00000000e+00   1.44651073e-02   3.02804178e-04   8.03254402e-01   7.08388841e-01
 1.23000000e+00  -8.33333334e-03   1.00000000e+00   1.27351956e-02   2.93070331e-04   8.03348072e-01   7.07796773e-01
 1.24000000e+00  -8.33333334e-03   1.00000000e+00   1.10301533e-02   2.79267783e-04   8.04349528e-01   7.07200038e-01
 1.25000000e+00  -8.33333334e-03   1.00000000e+00   9.31690086e-03   2.62426600e-04   8.06617283e-01   7.07227344e-01
 1.26000000e+00  -8.33333334e-03   1.00000000e+00   7.56894394e-03   2.43536484e-04   8.10391235e-01   7.08567425e-01
 1.27000000e+00  -8.33333334e-03   1.00000000e+00   5.77115246e-03   2.23140197e-04   8.15740707e-01   7.11811399e-01
 1.28000000e+00  -8.33333334e-03   1.00000000e+00   3.92317830e-03   2.01140060e-04   8.22544629e-01   7.17367140e-01
 1.29000000e+00  -8.33333334e-03   1.00000000e+00   2.04062239e-03   1.76880527e-04   8.30481433e-01   7.25360568e-01
 1.30000000e+00  -8.33333334e-03   1.00000000e+00   1.53631476e-04   1.49477285e-04   8.39094002e-01   7.35597544e-01
 1.31000000e+00  -8.33333334e-03   1.00000000e+00  -1.69673743e-03   1.18277650e-04   8.47852593e-01   7.47590485e-01
 1.32000000e+00  -8.33333334e-03   1.00000000e+00  -3.46351586e-03   8.32948734e-05   8.56212567e-01   7.60644750e-01
 1.33000000e+00  -8.33333334e-03   1.00000000e+00  -5.09904163e-03   4.54805370e-05   8.63724588e-01   7.73960846e-01
 1.34000000e+00  -8.33333334e-03   1.00000000e+00  -6.55930865e-03   6.75101975e-06   8.70047592e-01   7.86760101e-01
 1.35000000e+00  -8.33333334e-03   1.00000000e+00  -7.80671481e-03  -3.02440914e-05   8.74960017e-01   7.98411770e-01
 1.36000000e+00  -8.33333334e-03   1.00000000e+00  -8.81100513e-03  -6.25553779e-05   8.78326114e-01   8.08415348e-01
 1.37000000e+00  -8.33333334e-03   1.00000000e+00  -9.54875292e-03  -8.74600022e-05   8.80074852e-01   8.16441523e-01
 1.38000000e+00  -8.33333334e-03   1.00000000e+00  -1.00021047e-02  -1.02942755e-04   8.80144823e-01   8.22286461e-01
 1.39000000e+00  -8.33333334e-03   1.00000000e+00  -1.01576314e-02  -1.08024023e-04   8.78475989e-01   8.25802972e-01
 1.40000000e+00  -8.33333334e-03   1.00000000e+00  -1.00059864e-02  -1.02861251e-04   8.75020017e-01   8.26859512e-01
 1.41000000e+00  -8.33333334e-03   1.00000000e+00  -9.54267775e-03  -8.86168258e-05   8.69773874e-01   8.25317893e-01
 1.42000000e+00  -8.33333334e-03   1.00000000e+00  -8.76974158e-03  -6.70804138e-05   8.62800748e-01   8.21036886e-01
 1.43000000e+00  -8.33333334e-03   1.00000000e+00  -7.69783631e-03  -4.02158509e-05   8.54303603e-01   8.13924670e-01
 1.44000000e+00  -8.33333334e-03   1.00000000e+00  -6.34788645e-03  -9.76541581e-06   8.44614343e-01   8.04012772e-01
 1.45000000e+00  -8.33333334e-03   1.00000000e+00  -4.75155332e-03   2.29845180e-05   8.34176477e-01   7.91539162e-01
 1.46000000e+00  -8.33333334e-03   1.00000000e+00  -2.95003553e-03   5.72514845e-05   8.23511800e-01   7.76925477e-01
 1.47000000e+00  -8.33333334e-03   1.00000000e+00  -9.91161081e-04   9.26331999e-05   8.13133149e-01   7.60787557e-01
 1.48000000e+00  -8.33333334e-03   1.00000000e+00   1.07482133e-03   1.28863377e-04   8.03496654e-01   7.43867639e-01
 1.49000000e+00  -8.33333334e-03   1.00000000e+00   3.19999814e-03   1.65548239e-04   7.94941488e-01   7.26935236e-01
 1.50000000e+00  -8.33333334e-03   1.00000000e+00   5.34318731e-03   2.01951706e-04   7.87664292e-01   7.10747904e-01
 1.51000000e+00  -8.33333334e-03   1.00000000e+00   7.47318625e-03   2.36931705e-04   7.81708349e-01   6.95887864e-01
 1.52000000e+00  -8.33333334e-03   1.00000000e+00   9.57039359e-03   2.69042520e-04   7.77018377e-01   6.82749527e-01
 1.53000000e+00  -8.33333334e-03   1.00000000e+00   1.16267323e-02   2.96782735e-04   7.73423981e-01   6.71521627e-01
 1.54000000e+00  -8.33333334e-03   1.00000000e+00   1.36442232e-02   3.18926967e-04   7.70727524e-01   6.62204960e-01
 1.55000000e+00  -8.33333334e-03   1.00000000e+00   1.56328070e-02   3.34845555e-04   7.68710372e-01   6.54644153e-01
 1.56000000e+00  -8.33333334e-03   1.00000000e+00   1.76081039e-02   3.44726024e-04   7.67175802e-01   6.48599329e-01
 1.57000000e+00  -8.33333334e-03   1.00000000e+00   1.95896477e-02   3.49635943e-04   7.65922588e-01   6.43795860e-01
 1.58000000e+00  -8.33333334e-03   1.00000000e+00   2.15998714e-02   3.51394078e-04   7.64762409e-01   6.39957618e-01
 1.59000000e+00  -8.33333334e-03   1.00000000e+00   2.36637335e-02   3.52280054e-04   7.63496332e-01   6.36791231e-01
 1.60000000e+00  -8.33333334e-03   1.00000000e+00   2.58086505e-02   3.54673488e-04   7.61890705e-01   6.34025314e-01
 1.61000000e+00  -8.33333334e-03   1.00000000e+00   2.80642270e-02   3.60698446e-04   7.59684997e-01   6.31340297e-01
 1.62000000e+00  -8.33333334e-03   1.00000000e+00   3.04613413e-02   3.71954936e-04   7.56595268e-01   6.28372568e-01
 1.63000000e+00  -8.33333334e-03   1.00000000e+00   3.30303333e-02   3.89383212e-04   7.52361703e-01   6.24696381e-01
 1.64000000e+00  -8.33333334e-03   1.00000000e+00   3.57983713e-02   4.13284325e-04   7.46770987e-01   6.19845692e-01
 1.65000000e+00  -8.33333334e-03   1.00000000e+00   3.87863623e-02   4.43461360e-04   7.39711146e-01   6.13359089e-01
 1.66000000e+00  -8.33333334e-03   1.00000000e+00   4.20059986e-02   4.79445995e-04   7.31202134e-01   6.04838018e-01
 1.67000000e+00  -8.33333334e-03   1.00000000e+00   4.54575427e-02   5.20721845e-04   7.21392627e-01   5.94012856e-01
 1.68000000e+00  -8.33333334e-03   1.00000000e+00   4.91288521e-02   5.66871858e-04   7.10549827e-01   5.80784327e-01
 1.69000000e+00  -8.33333334e-03   1.00000000e+00   5.29958751e-02   6.17613082e-04   6.99022751e-01   5.65244915e-01
 1.70000000e+00  -8.33333334e-03   1.00000000e+00   5.70245253e-02   6.72715947e-04   6.87180711e-01   5.47671815e-01
 1.71000000e+00  -8.33333334e-03   1.00000000e+00   6.11735565e-02   7.31841881e-04   6.75401538e-01   5.28526547e-01
 1.72000000e+00  -8.33333334e-03   1.00000000e+00   6.53978714e-02   7.94358977e-04   6.64004239e-01   5.08321347e-01
 1.73000000e+00  -8.33333334e-03   1.00000000e+00   6.96516973e-02   8.59207107e-04   6.53245721e-01   4.87571822e-01
 1.74000000e+00  -8.33333334e-03   1.00000000e+00   7.38911663e-02   9.24863262e-04   6.43293881e-01   4.66867647e-01
 1.75000000e+00  -8.33333334e-03   1.00000000e+00   7.80760874e-02   9.89438568e-04   6.34263886e-01   4.46642856e-01
 1.76000000e+00  -8.33333334e-03   1.00000000e+00   8.21709464e-02   1.05090464e-03   6.26226316e-01   4.27274314e-01
 1.77000000e+00  -8.33333334e-03   1.00000000e+00   8.61453701e-02   1.10737374e-03   6.19207695e-01   4.09049086e-01
 1.78000000e+00  -8.33333334e-03   1.00000000e+00   8.99744022e-02   1.15737269e-03   6.13219352e-01   3.92215080e-01
 1.79000000e+00  -8.33333334e-03   1.00000000e+00   9.36388976e-02   1.20005074e-03   6.08264696e-01   3.76938039e-01
 1.80000000e+00  -8.33333334e-03   1.00000000e+00   9.71261841e-02   1.23525761e-03   6.04306863e-01   3.63368235e-01
 1.81000000e+00  -8.33333334e-03   1.00000000e+00   1.00430969e-01   1.26350311e-03   6.01284718e-01   3.51605889e-01
 1.82000000e+00  -8.33333334e-03   1.00000000e+00   1.03556243e-01   1.28582023e-03   5.99062274e-01   3.41645011e-01
 1.83000000e+00  -8.33333334e-03   1.00000000e+00   1.06513826e-01   1.30356368e-03   5.97542523e-01   3.33610614e-01
 1.84000000e+00  -8.33333334e-03   1.00000000e+00   1.09324202e-01   1.31819742e-03   5.96495179e-01   3.27330621e-01
 1.85000000e+00  -8.33333334e-03   1.00000000e+00   1.12015403e-01   1.33111497e-03   5.95685636e-01   3.22555815e-01
 1.86000000e+00  -8.33333334e-03   1.00000000e+00   1.14620934e-01   1.34356317e-03   5.94865739e-01   3.18977225e-01
 1.87000000e+00  -8.33333334e-03   1.00000000e+00   1.17176849e-01   1.35655004e-03   5.93795042e-01   3.16169210e-01
 1.88000000e+00  -8.33333334e-03   1.00000000e+00   1.19718464e-01   1.37083056e-03   5.92267218e-01   3.13659999e-01
 1.89000000e+00  -8.33333334e-03   1.00000000e+00   1.22277184e-01   1.38707013e-03   5.90132875e-01   3.10939347e-01
 1.90000000e+00  -8.33333334e-03   1.00000000e+00   1.24877740e-01   1.40586282e-03   5.87314723e-01   3.07563685e-01
 1.91000000e+00  -8.33333334e-03   1.00000000e+00   1.27536398e-01   1.42774197e-03   5.83797047e-01   3.03165138e-01
 1.92000000e+00  -8.33333334e-03   1.00000000e+00   1.30260151e-01   1.45328359e-03   5.79592882e-01   2.97480684e-01
 1.93000000e+00  -8.33333334e-03   1.00000000e+00   1.33046761e-01   1.48305385e-03   5.74879566e-01   2.90380357e-01
 1.94000000e+00  -8.33333334e-03   1.00000000e+00   1.35885544e-01   1.51748560e-03   5.69764123e-01   2.81839072e-01
 1.95000000e+00  -8.33333334e-03   1.00000000e+00   1.38758483e-01   1.55670526e-03   5.64398161e-01   2.71957870e-01
 1.96000000e+00  -8.33333334e-03   1.00000000e+00   1.41641440e-01   1.60039247e-03   5.58929672e-01   2.60897877e-01
 1.97000000e+00  -8.33333334e-03   1.00000000e+00   1.44505262e-01   1.64769321e-03   5.53515831e-01   2.48892160e-01
 1.98000000e+00  -8.33333334e-03   1.00000000e+00   1.47316755e-01   1.69720282e-03   5.48303535e-01   2.36181331e-01
 1.99000000e+00  -8.33333334e-03   1.00000000e+00   1.50039625e-01   1.74707436e-03   5.43436481e-01   2.23065995e-01
 2.00000000e+00  -8.33333334e-03   1.00000000e+00   1.52635569e-01   1.79523677e-03   5.39053321e-01   2.09870128e-01
 2.01000000e+00  -8.33333334e-03   1.00000000e+00   1.55065690e-01   1.83965192e-03   5.35271792e-01   1.96904810e-01
 2.02000000e+00  -8.33333334e-03   1.00000000e+00   1.57292309e-01   1.87858412e-03   5.32190950e-01   1.84554360e-01
 2.03000000e+00  -8.33333334e-03   1.00000000e+00   1.59281129e-01   1.91079921e-03   5.29895466e-01   1.73149813e-01
 2.04000000e+00  -8.33333334e-03   1.00000000e+00   1.61003553e-01   1.93566476e-03   5.28438934e-01   1.63093923e-01
 2.05000000e+00  -8.33333334e-03   1.00000000e+00   1.62438844e-01   1.95309490e-03   5.27814831e-01   1.54680900e-01
 2.06000000e+00  -8.33333334e-03   1.00000000e+00   1.63575797e-01   1.96341844e-03   5.27989988e-01   1.48166896e-01
 2.07000000e+00  -8.33333334e-03   1.00000000e+00   1.64413635e-01   1.96722264e-03   5.28900252e-01   1.43739047e-01
 2.08000000e+00  -8.33333334e-03   1.00000000e+00   1.64962024e-01   1.96517496e-03   5.30460192e-01   1.41464528e-01
 2.09000000e+00  -8.33333334e-03   1.00000000e+00   1.65239988e-01   1.95790390e-03   5.32545967e-01   1.41298535e-01
 2.10000000e+00  -8.33333334e-03   1.00000000e+00   1.65274244e-01   1.94597442e-03   5.35035633e-01   1.43083827e-01
 2.11000000e+00  -8.33333334e-03   1.00000000e+00   1.65097006e-01   1.92995034e-03   5.37788373e-01   1.46559785e-01
 2.12000000e+00  -8.33333334e-03   1.00000000e+00   1.64743587e-01   1.91051280e-03   5.40646342e-01   1.51381771e-01
 2.13000000e+00  -8.33333334e-03   1.00000000e+00   1.64250126e-01   1.88857604e-03   5.43484324e-01   1.57177815e-01
 2.14000000e+00  -8.33333334e-03   1.00000000e+00   1.63651601e-01   1.86533153e-03   5.46206028e-01   1.63594130e-01
 2.15000000e+00  -8.33333334e-03   1.00000000e+00   1.62980237e-01   1.84220635e-03   5.48676655e-01   1.70221805e-01
 2.16000000e+00  -8.33333334e-03   1.00000000e+00   1.62264252e-01   1.82075462e-03   5.50805275e-01   1.76695920e-01
 2.17000000e+00  -8.33333334e-03   1.00000000e+00   1.61526925e-01   1.80258847e-03   5.52507368e-01   1.82720013e-01
 2.18000000e+00  -8.33333334e-03   1.00000000e+00   1.60785549e-01   1.78895290e-03   5.53738643e-01   1.88012802e-01
 2.19000000e+00  -8.33333334e-03   1.00000000e+00   1.60050769e-01   1.78053941e-03   5.54470093e-01   1.92344762e-01
 2.20000000e+00  -8.33333334e-03   1.00000000e+00   1.59325789e-01   1.77738816e-03   5.54720299e-01   1.95558041e-01
 2.21000000e+00  -8.33333334e-03   1.00000000e+00   1.58605901e-01   1.77889725e-03   5.54544864e-01   1.97574257e-01
 2.22000000e+00  -8.33333334e-03   1.00000000e+00   1.57878303e-01   1.78393528e-03   5.54046955e-01   1.98396683e-01
 2.23000000e+00  -8.33333334e-03   1.00000000e+00   1.57122611e-01   1.79103935e-03   5.53370007e-01   1.98114825e-01
 2.24000000e+00  -8.33333334e-03   1.00000000e+00   1.56311842e-01   1.79863052e-03   5.52660450e-01   1.96919366e-01
 2.25000000e+00  -8.33333334e-03   1.00000000e+00   1.55414103e-01   1.80522225e-03   5.52102572e-01   1.95102119e-01
 2.26000000e+00  -8.33333334e-03   1.00000000e+00   1.54394828e-01   1.80958392e-03   5.51877635e-01   1.93027507e-01
 2.27000000e+00  -8.33333334e-03   1.00000000e+00   1.53219332e-01   1.81080071e-03   5.52149117e-01   1.91120502e-01
 2.28000000e+00  -8.33333334e-03   1.00000000e+00   1.51855409e-01   1.80822705e-03   5.53052891e-01   1.89826496e-01
 2.29000000e+00  -8.33333334e-03   1.00000000e+00   1.50275690e-01   1.80137097e-03   5.54699832e-01   1.89578003e-01
 2.30000000e+00  -8.33333334e-03   1.00000000e+00   1.48459412e-01   1.78975541e-03   5.57168677e-01   1.90758416e-01
 2.31000000e+00  -8.33333334e-03   1.00000000e+00   1.46393714e-01   1.77283256e-03   5.60491726e-01   1.93688415e-01
 2.32000000e+00  -8.33333334e-03   1.00000000e+00   1.44074264e-01   1.74999073e-03   5.64682521e-01   1.98595624e-01
 2.33000000e+00  -8.33333334e-03   1.00000000e+00   1.41505299e-01   1.72066714e-03   5.69772936e-01   2.05639335e-01
 2.34000000e+00  -8.33333334e-03   1.00000000e+00   1.38699226e-01   1.68453809e-03   5.75647604e-01   2.14806035e-01
 2.35000000e+00  -8.33333334e-03   1.00000000e+00   1.35675893e-01   1.64170769e-03   5.82263362e-01   2.26093010e-01
 2.36000000e+00  -8.33333334e-03   1.00000000e+00   1.32461684e-01   1.59282979e-03   5.89552353e-01   2.39346695e-01
 2.37000000e+00  -8.33333334e-03   1.00000000e+00   1.29088437e-01   1.53912395e-03   5.97403613e-01   2.54413919e-01
 2.38000000e+00  -8.33333334e-03   1.00000000e+00   1.25592228e-01   1.48227009e-03   6.05599955e-01   2.70854798e-01
 2.39000000e+00  -8.33333334e-03   1.00000000e+00   1.22011956e-01   1.42421055e-03   6.14008029e-01   2.88446549e-01
 2.40000000e+00  -8.33333334e-03   1.00000000e+00   1.18387726e-01   1.36690093e-03   6.22392759e-01   3.06778361e-01
 2.41000000e+00  -8.33333334e-03   1.00000000e+00   1.14759008e-01   1.31208116e-03   6.30533444e-01   3.25405020e-01
 2.42000000e+00  -8.33333334e-03   1.00000000e+00   1.11162647e-01   1.26106570e-03   6.38208254e-01   3.43865531e-01
 2.43000000e+00  -8.33333334e-03   1.00000000e+00   1.07630877e-01   1.21465844e-03   6.45218415e-01   3.61700328e-01
 2.44000000e+00  -8.33333334e-03   1.00000000e+00   1.04189509e-01   1.17319178e-03   6.51429938e-01   3.78497556e-01
 2.45000000e+00  -8.33333334e-03   1.00000000e+00   1.00856468e-01   1.13660811e-03   6.56752384e-01   3.93877675e-01
 2.46000000e+00  -8.33333334e-03   1.00000000e+00   9.76408952e-02   1.10458937e-03   6.61177341e-01   4.07577042e-01
 2.47000000e+00  -8.33333334e-03   1.00000000e+00   9.45429026e-02   1.07668984e-03   6.64775264e-01   4.19454102e-01
 2.48000000e+00  -8.33333334e-03   1.00000000e+00   9.15540178e-02   1.05243484e-03   6.67681714e-01   4.29516134e-01
 2.49000000e+00  -8.33333334e-03   1.00000000e+00   8.86582455e-02   1.03135643e-03   6.70077453e-01   4.37882207e-01
 2.50000000e+00  -8.33333334e-03   1.00000000e+00   8.58336109e-02   1.01296499e-03   6.72182599e-01   4.44795824e-01
 2.51000000e+00  -8.33333334e-03   1.00000000e+00   8.30539965e-02   9.96661019e-04   6.74226374e-01   4.50591471e-01
 2.52000000e+00  -8.33333334e-03   1.00000000e+00   8.02911143e-02   9.81665312e-04   6.76440804e-01   4.55657745e-01
 2.53000000e+00  -8.33333334e-03   1.00000000e+00   7.75164284e-02   9.66971727e-04   6.79044394e-01   4.60445229e-01
 2.54000000e+00  -8.33333334e-03   1.00000000e+00   7.47029482e-02   9.51355729e-04   6.82225419e-01   4.65380406e-01
 2.55000000e+00  -8.33333334e-03   1.00000000e+00   7.18268273e-02   9.33455818e-04   6.86150037e-01   4.70877840e-01
 2.56000000e+00  -8.33333334e-03   1.00000000e+00   6.88687407e-02   9.11903049e-04   6.90956087e-01   4.77311181e-01
 2.57000000e+00  -8.33333334e-03   1.00000000e+00   6.58151253e-02   8.85552355e-04   6.96742878e-01   4.85007176e-01
 2.58000000e+00  -8.33333334e-03   1.00000000e+00   6.26591644e-02   8.53717055e-04   7.03564071e-01   4.94222334e-01
 2.59000000e+00  -8.33333334e-03   1.00000000e+00   5.94014856e-02   8.16144089e-04   7.11425106e-01   5.05126018e-01
 2.60000000e+00  -8.33333334e-03   1.00000000e+00   5.60506275e-02   7.73066801e-04   7.20263949e-01   5.17831726e-01
 2.61000000e+00  -8.33333334e-03   1.00000000e+00   5.26230388e-02   7.25207391e-04   7.29974945e-01   5.32315486e-01
 2.62000000e+00  -8.33333334e-03   1.00000000e+00   4.91426746e-02   6.73704168e-04   7.40370287e-01   5.48460120e-01
 2.63000000e+00  -8.33333334e-03   1.00000000e+00   4.56400571e-02   6.19970916e-04   7.51214972e-01   5.66047808e-01
 2.64000000e+00  -8.33333334e-03   1.00000000e+00   4.21508424e-02   5.65523064e-04   7.62206156e-01   5.84716242e-01
 2.65000000e+00  -8.33333334e-03   1.00000000e+00   3.87139673e-02   5.11806215e-04   7.73026873e-01   6.04049212e-01
 2.66000000e+00  -8.33333334e-03   1.00000000e+00   3.53695189e-02   4.60068988e-04   7.83330220e-01   6.23550229e-01
 2.67000000e+00  -8.33333334e-03   1.00000000e+00   3.21565271e-02   4.11340298e-04   7.92789459e-01   6.42677321e-01
 2.68000000e+00  -8.33333334e-03   1.00000000e+00   2.91108343e-02   3.66466149e-04   8.01123432e-01   6.60893371e-01
 2.69000000e+00  -8.33333334e-03   1.00000000e+00   2.62632306e-02   3.26149088e-04   8.08106446e-01   6.77687541e-01
 2.70000000e+00  -8.33333334e-03   1.00000000e+00   2.36379826e-02   2.90980046e-04   8.13593656e-01   6.92619083e-01
 2.71000000e+00  -8.33333334e-03   1.00000000e+00   2.12518397e-02   2.61465631e-04   8.17525849e-01   7.05348280e-01
 2.72000000e+00  -8.33333334e-03   1.00000000e+00   1.91134997e-02   2.37999615e-04   8.19923981e-01   7.15629384e-01
 2.73000000e+00  -8.33333334e-03   1.00000000e+00   1.72235418e-02   2.20804333e-04   8.20893275e-01   7.23381363e-01
 2.74000000e+00  -8.33333334e-03   1.00000000e+00   1.55747420e-02   2.09851387e-04   8.20608497e-01   7.28610865e-01
 2.75000000e+00  -8.33333334e-03   1.00000000e+00   1.41527296e-02   2.04784073e-04   8.19288611e-01   7.31452563e-01
 2.76000000e+00  -8.33333334e-03   1.00000000e+00   1.29369317e-02   2.04874115e-04   8.17210956e-01   7.32141509e-01
 2.77000000e+00  -8.33333334e-03   1.00000000e+00   1.19017911e-02   2.09037150e-04   8.14659916e-01   7.31006846e-01
 2.78000000e+00  -8.33333334e-03   1.00000000e+00   1.10182035e-02   2.15912901e-04   8.11932417e-01   7.28439648e-01
 2.79000000e+00  -8.33333334e-03   1.00000000e+00   1.02551601e-02   2.23993551e-04   8.09323308e-01   7.24881122e-01
 2.80000000e+00  -8.33333334e-03   1.00000000e+00   9.58155124e-03   2.31787885e-04   8.07108136e-01   7.20800577e-01
 2.81000000e+00  -8.33333334e-03   1.00000000e+00   8.96803680e-03   2.37966337e-04   8.05507953e-01   7.16663444e-01
 2.82000000e+00  -8.33333334e-03   1.00000000e+00   8.38887376e-03   2.41387174e-04   8.04695935e-01   7.12913662e-01
 2.83000000e+00  -8.33333334e-03   1.00000000e+00   7.82359728e-03   2.41188448e-04   8.04789163e-01   7.09935327e-01
 2.84000000e+00  -8.33333334e-03   1.00000000e+00   7.25844113e-03   2.36975141e-04   8.05830580e-01   7.08053268e-01
 2.85000000e+00  -8.33333334e-03   1.00000000e+00   6.68727900e-03   2.28889010e-04   8.07791327e-01   7.07480877e-01
 2.86000000e+00  -8.33333334e-03   1.00000000e+00   6.11203296e-03   2.17404507e-04   8.10578781e-01   7.08326593e-01
 2.87000000e+00  -8.33333334e-03   1.00000000e+00   5.54258303e-03   2.03168685e-04   8.14029512e-01   7.10609806e-01
 2.88000000e+00  -8.33333334e-03   1.00000000e+00   4.99609185e-03   1.86889685e-04   8.17914476e-01   7.14223437e-01
 2.89000000e+00  -8.33333334e-03   1.00000000e+00   4.49590179e-03   1.69306855e-04   8.21976692e-01   7.18927794e-01
 2.90000000e+00  -8.33333334e-03   1.00000000e+00   4.07005180e-03   1.51170712e-04   8.25911685e-01   7.24417397e-01
 2.91000000e+00  -8.33333334e-03   1.00000000e+00   3.74959594e-03   1.33282905e-04   8.29417611e-01   7.30303009e-01
 2.92000000e+00  -8.33333334e-03   1.00000000e+00   3.56678401e-03   1.16533715e-04   8.32193530e-01   7.36148675e-01
 2.93000000e+00  -8.33333334e-03   1.00000000e+00   3.55325379e-03   1.01922065e-04   8.33975208e-01   7.41496774e-01
 2.94000000e+00  -8.33333334e-03   1.00000000e+00   3.73829922e-03   9.05474733e-05   8.34520230e-01   7.45892771e-01
 2.95000000e+00  -8.33333334e-03   1.00000000e+00   4.14728201e-03   8.35563053e-05   8.33650164e-01   7.48898076e-01
 2.96000000e+00  -8.33333334e-03   1.00000000e+00   4.80024071e-03   8.20451339e-05   8.31267472e-01   7.50147737e-01
 2.97000000e+00  -8.33333334e-03   1.00000000e+00   5.71073632e-03   8.69335955e-05   8.27335703e-01   7.49341760e-01
 2.98000000e+00  -8.33333334e-03   1.00000000e+00   6.88499057e-03   9.88251818e-05   8.21902782e-01   7.46276826e-01
 2.99000000e+00  -8.33333334e-03   1.00000000e+00   8.32136138e-03   1.17889466e-04   8.15103064e-01   7.40853214e-01
 3.00000000e+00  -8.33333334e-03   1.00000000e+00   1.00102200e-02   1.43806946e-04   8.07129250e-01   7.33070176e-01
 3.01000000e+00  -8.33333334e-03   1.00000000e+00   1.19342654e-02   1.75791286e-04   7.98232878e-01   7.23066208e-01
 3.02000000e+00  -8.33333334e-03   1.00000000e+00   1.40692925e-02   2.12686436e-04   7.88702519e-01   7.11055124e-01
 3.03000000e+00  -8.33333334e-03   1.00000000e+00   1.63853942e-02   2.53115512e-04   7.78848985e-01   6.97355677e-01
 3.04000000e+00  -8.33333334e-03   1.00000000e+00   1.88485311e-02   2.95643576e-04   7.68976976e-01   6.82354339e-01
 3.05000000e+00  -8.33333334e-03   1.00000000e+00   2.14223671e-02   3.38916003e-04   7.59377074e-01   6.66487771e-01
 3.06000000e+00  -8.33333334e-03   1.00000000e+00   2.40702455e-02   3.81759803e-04   7.50296036e-01   6.50216336e-01
 3.07000000e+00  -8.33333334e-03   1.00000000e+00   2.67571490e-02   4.23225653e-04   7.41935437e-01   6.33998041e-01
 3.08000000e+00  -8.33333334e-03   1.00000000e+00   2.94515165e-02   4.62547602e-04   7.34435663e-01   6.18256379e-01
 3.09000000e+00  -8.33333334e-03   1.00000000e+00   3.21268054e-02   4.99104305e-04   7.27888096e-01   6.03362548e-01
 3.10000000e+00  -8.33333334e-03   1.00000000e+00   3.47627023e-02   5.32403741e-04   7.22311257e-01   5.89617014e-01
 3.11000000e+00  -8.33333334e-03   1.00000000e+00   3.73459361e-02   5.62078483e-04   7.17682723e-01   5.77267188e-01
 3.12000000e+00  -8.33333334e-03   1.00000000e+00   3.98706729e-02   5.87901517e-04   7.13918751e-01   5.66409339e-01
 3.13000000e+00  -8.33333334e-03   1.00000000e+00   4.23385030e-02   6.09826397e-04   7.10895246e-01   5.57090389e-01
 3.14000000e+00  -8.33333334e-03   1.00000000e+00   4.47580410e-02   6.28042992e-04   7.08451177e-01   5.49253018e-01
 3.15000000e+00  -8.33333334e-03   1.00000000e+00   4.71441707e-02   6.43022375e-04   7.06397797e-01   5.42758878e-01
 3.16000000e+00  -8.33333334e-03   1.00000000e+00   4.95169719e-02   6.55530799e-04   7.04517243e-01   5.37372996e-01
 3.17000000e+00  -8.33333334e-03   1.00000000e+00   5.19003758e-02   6.66608530e-04   7.02587286e-01   5.32828368e-01
 3.18000000e+00  -8.33333334e-03   1.00000000e+00   5.43205973e-02   6.77504725e-04   7.00382761e-01   5.28791245e-01
 3.19000000e+00  -8.33333334e-03   1.00000000e+00   5.68044130e-02   6.89574440e-04   6.97695307e-01   5.24886587e-01
 3.20000000e+00  -8.33333334e-03   1.00000000e+00   5.93773664e-02   7.04150553e-04   6.94346591e-01   5.20743781e-01
 3.21000000e+00  -8.33333334e-03   1.00000000e+00   6.20619993e-02   7.22409688e-04   6.90201378e-01   5.15990691e-01
 3.22000000e+00  -8.33333334e-03   1.00000000e+00   6.48762271e-02   7.45261763e-04   6.85175831e-01   5.10290074e-01
 3.23000000e+00  -8.33333334e-03   1.00000000e+00   6.78319615e-02   7.73278109e-04   6.79247648e-01   5.03363079e-01
 3.24000000e+00  -8.33333334e-03   1.00000000e+00   7.09340778e-02   8.06653385e-04   6.72464383e-01   4.95005303e-01
 3.25000000e+00  -8.33333334e-03   1.00000000e+00   7.41798286e-02   8.45224508e-04   6.64925948e-01   4.85086391e-01
 3.26000000e+00  -8.33333334e-03   1.00000000e+00   7.75587187e-02   8.88532313e-04   6.56778996e-01   4.73577614e-01
 3.27000000e+00  -8.33333334e-03   1.00000000e+00   8.10528576e-02   9.35899890e-04   6.48212163e-01   4.60576715e-01
 3.28000000e+00  -8.33333334e-03   1.00000000e+00   8.46377519e-02   9.86507284e-04   6.39437887e-01   4.46226820e-01
 3.29000000e+00  -8.33333334e-03   1.00000000e+00   8.82834686e-02   1.03944513e-03   6.30688210e-01   4.30774430e-01
 3.30000000e+00  -8.33333334e-03   1.00000000e+00   9.19560892e-02   1.09374551e-03   6.22174444e-01   4.14529204e-01
 3.31000000e+00  -8.33333334e-03   1.00000000e+00   9.56193557e-02   1.14839722e-03   6.14092585e-01   3.97837797e-01
 3.32000000e+00  -8.33333334e-03   1.00000000e+00   9.92364015e-02   1.20234348e-03   6.06609188e-01   3.81058190e-01
 3.33000000e+00  -8.33333334e-03   1.00000000e+00   1.02771502e-01   1.25449273e-03   5.99856690e-01   3.64572770e-01
 3.34000000e+00  -8.33333334e-03   1.00000000e+00   1.06191739e-01   1.30375267e-03   5.93903255e-01   3.48670299e-01
 3.35000000e+00  -8.33333334e-03   1.00000000e+00   1.09468514e-01   1.34908911e-03   5.88840918e-01   3.33771854e-01
 3.36000000e+00  -8.33333334e-03   1.00000000e+00   1.12578840e-01   1.38960461e-03   5.84660735e-01   3.20098955e-01
 3.37000000e+00  -8.33333334e-03   1.00000000e+00   1.15506349e-01   1.42462825e-03   5.81348122e-01   3.07877044e-01
 3.38000000e+00  -8.33333334e-03   1.00000000e+00   1.18241944e-01   1.45378595e-03   5.78807378e-01   2.97255964e-01
 3.39000000e+00  -8.33333334e-03   1.00000000e+00   1.20784085e-01   1.47705978e-03   5.77023891e-01   2.88310645e-01
 3.40000000e+00  -8.33333334e-03   1.00000000e+00   1.23138645e-01   1.49480397e-03   5.75879687e-01   2.81038044e-01
 3.41000000e+00  -8.33333334e-03   1.00000000e+00   1.25318349e-01   1.50772023e-03   5.75229110e-01   2.75375113e-01
 3.42000000e+00  -8.33333334e-03   1.00000000e+00   1.27341806e-01   1.51678777e-03   5.74936329e-01   2.71174456e-01
 3.43000000e+00  -8.33333334e-03   1.00000000e+00   1.29232200e-01   1.52316456e-03   5.74833728e-01   2.68204187e-01
 3.44000000e+00  -8.33333334e-03   1.00000000e+00   1.31015691e-01   1.52807601e-03   5.74771703e-01   2.66207444e-01
 3.45000000e+00  -8.33333334e-03   1.00000000e+00   1.32719666e-01   1.53271387e-03   5.74597608e-01   2.64874776e-01
 3.46000000e+00  -8.33333334e-03   1.00000000e+00   1.34370919e-01   1.53814952e-03   5.74172856e-01   2.63867974e-01
 3.47000000e+00  -8.33333334e-03   1.00000000e+00   1.35993904e-01   1.54527946e-03   5.73393159e-01   2.62855303e-01
 3.48000000e+00  -8.33333334e-03   1.00000000e+00   1.37609146e-01   1.55480061e-03   5.72175002e-01   2.61515139e-01
 3.49000000e+00  -8.33333334e-03   1.00000000e+00   1.39231928e-01   1.56721391e-03   5.70478889e-01   2.59571505e-01
 3.50000000e+00  -8.33333334e-03   1.00000000e+00   1.40871306e-01   1.58285319e-03   5.68300158e-01   2.56797192e-01
 3.51000000e+00  -8.33333334e-03   1.00000000e+00   1.42529482e-01   1.60187967e-03   5.65676025e-01   2.53030971e-01
 3.52000000e+00  -8.33333334e-03   1.00000000e+00   1.44201583e-01   1.62425651e-03   5.62675613e-01   2.48187886e-01
 3.53000000e+00  -8.33333334e-03   1.00000000e+00   1.45875823e-01   1.64972392e-03   5.59405513e-01   2.42276317e-01
 3.54000000e+00  -8.33333334e-03   1.00000000e+00   1.47534052e-01   1.67778573e-03   5.55994524e-01   2.35388647e-01
 3.55000000e+00  -8.33333334e-03   1.00000000e+00   1.49152652e-01   1.70771043e-03   5.52580821e-01   2.27663763e-01
 3.56000000e+00  -8.33333334e-03   1.00000000e+00   1.50703740e-01   1.73855043e-03   5.49300156e-01   2.19331460e-01
 3.57000000e+00  -8.33333334e-03   1.00000000e+00   1.52156617e-01   1.76918333e-03   5.46297556e-01   2.10667011e-01
 3.58000000e+00  -8.33333334e-03   1.00000000e+00   1.53479393e-01   1.79837672e-03   5.43692968e-01   2.01977027e-01
 3.59000000e+00  -8.33333334e-03   1.00000000e+00   1.54640710e-01   1.82487371e-03   5.41584446e-01   1.93580950e-01
 3.60000000e+00  -8.33333334e-03   1.00000000e+00   1.55611458e-01   1.84749283e-03   5.40068914e-01   1.85816056e-01
 3.61000000e+00  -8.33333334e-03   1.00000000e+00   1.56366393e-01   1.86522260e-03   5.39190415e-01   1.78998440e-01
 3.62000000e+00  -8.33333334e-03   1.00000000e+00   1.56885547e-01   1.87729583e-03   5.39000424e-01   1.73408506e-01
 3.63000000e+00  -8.33333334e-03   1.00000000e+00   1.57155108e-01   1.88322739e-03   5.40939791e-01   1.67605821e-01
 3.64000000e+00  -8.33333334e-03   1.00000000e+00   1.57168385e-01   1.88287842e-03   5.41194858e-01   1.70830361e-01
 3.65000000e+00  -8.33333334e-03   1.00000000e+00   1.56926084e-01   1.87635373e-03   5.39214951e-01   1.67279340e-01
 3.66000000e+00  -8.33333334e-03   1.00000000e+00   1.56436765e-01   1.86399724e-03   5.42392534e-01   1.66564340e-01
 3.67000000e+00  -8.33333334e-03   1.00000000e+00   1.55715925e-01   1.84640679e-03   5.44495704e-01   1.67186330e-01
 3.68000000e+00  -8.33333334e-03   1.00000000e+00   1.54786620e-01   1.82454025e-03   5.52878070e-01   1.64478454e-01
 3.69000000e+00  -8.33333334e-03   1.00000000e+00   1.53674580e-01   1.79935510e-03   5.58499697e-01   1.81716120e-01
 3.70000000e+00  -8.33333334e-03   1.00000000e+00   1.52409143e-01   1.77183609e-03   5.57840284e-01   1.88447218e-01
 3.71000000e+00  -8.33333334e-03   1.00000000e+00   1.51021676e-01   1.74300003e-03   5.62686798e-01   1.96575184e-01
 3.72000000e+00  -8.33333334e-03   1.00000000e+00   1.49543568e-01   1.71384734e-03   5.66499213e-01   2.05292336e-01
 3.73000000e+00  -8.33333334e-03   1.00000000e+00   1.48004629e-01   1.68535826e-03   5.70167431e-01   2.14302585e-01
 3.74000000e+00  -8.33333334e-03   1.00000000e+00   1.46431528e-01   1.65844442e-03   5.73531812e-01   2.23301556e-01
 3.75000000e+00  -8.33333334e-03   1.00000000e+00   1.44846473e-01   1.63392454e-03   5.76443919e-01   2.31901602e-01
 3.76000000e+00  -8.33333334e-03   1.00000000e+00   1.43266093e-01   1.61246369e-03   5.78882351e-01   2.39857712e-01
 3.77000000e+00  -8.33333334e-03   1.00000000e+00   1.41700640e-01   1.59449108e-03   5.80836167e-01   2.46928625e-01
 3.78000000e+00  -8.33333334e-03   1.00000000e+00   1.40153539e-01   1.58016347e-03   5.82332637e-01   2.52977246e-01
 3.79000000e+00  -8.33333334e-03   1.00000000e+00   1.38621317e-01   1.56933757e-03   5.83432381e-01   2.57936535e-01
 3.80000000e+00  -8.33333334e-03   1.00000000e+00   1.37093943e-01   1.56156406e-03   5.84230534e-01   2.61835569e-01
 3.81000000e+00  -8.33333334e-03   1.00000000e+00   1.35555567e-01   1.55611191e-03   5.84849828e-01   2.64779966e-01
 3.82000000e+00  -8.33333334e-03   1.00000000e+00   1.33985612e-01   1.55202274e-03   5.85471088e-01   2.67038327e-01
 3.83000000e+00  -8.33333334e-03   1.00000000e+00   1.32360191e-01   1.54818925e-03   5.86165318e-01   2.68692311e-01
 3.84000000e+00  -8.33333334e-03   1.00000000e+00   1.30653725e-01   1.54344918e-03   5.87143962e-01   2.70149682e-01
 3.85000000e+00  -8.33333334e-03   1.00000000e+00   1.28840657e-01   1.53667859e-03   5.88535854e-01   2.71737828e-01
 3.86000000e+00  -8.33333334e-03   1.00000000e+00   1.26897154e-01   1.52687296e-03   5.90472527e-01   2.73800069e-01
 3.87000000e+00  -8.33333334e-03   1.00000000e+00   1.24802672e-01   1.51320458e-03   5.93060015e-01   2.76666091e-01
 3.88000000e+00  -8.33333334e-03   1.00000000e+00   1.22541312e-01   1.49505366e-03   5.96388682e-01   2.80653081e-01
 3.89000000e+00  -8.33333334e-03   1.00000000e+00   1.20102902e-01   1.47201825e-03   6.00515571e-01   2.86017533e-01
 3.90000000e+00  -8.33333334e-03   1.00000000e+00   1.17483771e-01   1.44391204e-03   6.05465708e-01   2.92963602e-01
 3.91000000e+00  -8.33333334e-03   1.00000000e+00   1.14687170e-01   1.41076073e-03   6.11235279e-01   3.01620503e-01
 3.92000000e+00  -8.33333334e-03   1.00000000e+00   1.11723329e-01   1.37280030e-03   6.17790352e-01   3.12047405e-01
 3.93000000e+00  -8.33333334e-03   1.00000000e+00   1.08609142e-01   1.33047384e-03   6.25053830e-01   3.24210194e-01
 3.94000000e+00  -8.33333334e-03   1.00000000e+00   1.05367484e-01   1.28442421e-03   6.32905578e-01   3.37998298e-01
 3.95000000e+00  -8.33333334e-03   1.00000000e+00   1.02026198e-01   1.23548024e-03   6.41205005e-01   3.53226354e-01
 3.96000000e+00  -8.33333334e-03   1.00000000e+00   9.86168108e-02   1.18463235e-03   6.49760218e-01   3.69602855e-01
 3.97000000e+00  -8.33333334e-03   1.00000000e+00   9.51730406e-02   1.13299242e-03   6.58387983e-01   3.86814696e-01
 3.98000000e+00  -8.33333334e-03   1.00000000e+00   9.17291751e-02   1.08173850e-03   6.66865009e-01   4.04471067e-01
 3.99000000e+00  -8.33333334e-03   1.00000000e+00   8.83184075e-02   1.03204208e-03   6.74984098e-01   4.22160882e-01
 4.00000000e+00  -8.33333334e-03   1.00000000e+00   8.49712253e-02   9.84988963e-04   6.82554816e-01   4.39480767e-01
 4.01000000e+00  -8.33333334e-03   1.00000000e+00   8.17139409e-02   9.41501980e-04   6.89415699e-01   4.56039375e-01
 4.02000000e+00  -8.33333334e-03   1.00000000e+00   7.85674703e-02   9.02270451e-04   6.95454840e-01   4.71494010e-01
 4.03000000e+00  -8.33333334e-03   1.00000000e+00   7.55464290e-02   8.67698975e-04   7.00616669e-01   4.85567682e-01
 4.04000000e+00  -8.33333334e-03   1.00000000e+00   7.26586130e-02   8.37895679e-04   7.04898134e-01   4.98069789e-01
 4.05000000e+00  -8.33333334e-03   1.00000000e+00   6.99048767e-02   8.12692719e-04   7.08351208e-01   5.08900497e-01
 4.06000000e+00  -8.33333334e-03   1.00000000e+00   6.72794141e-02   7.91674454e-04   7.11098763e-01   5.18046382e-01
 4.07000000e+00  -8.33333334e-03   1.00000000e+00   6.47704111e-02   7.74212191e-04   7.13286816e-01   5.25631142e-01
 4.08000000e+00  -8.33333334e-03   1.00000000e+00   6.23610274e-02   7.59512939e-04   7.15102907e-01   5.31824127e-01
 4.09000000e+00  -8.33333334e-03   1.00000000e+00   6.00306419e-02   7.46679832e-04   7.16750597e-01   5.36885788e-01
 4.10000000e+00  -8.33333334e-03   1.00000000e+00   5.77562915e-02   7.34767206e-04   7.18439182e-01   5.41135517e-01
 4.11000000e+00  -8.33333334e-03   1.00000000e+00   5.55142221e-02   7.22822561e-04   7.20374924e-01   5.44914976e-01
 4.12000000e+00  -8.33333334e-03   1.00000000e+00   5.32814750e-02   7.09924684e-04   7.22741477e-01   5.48617764e-01
 4.13000000e+00  -8.33333334e-03   1.00000000e+00   5.10374242e-02   6.95230366e-04   7.25694982e-01   5.52592127e-01
 4.14000000e+00  -8.33333334e-03   1.00000000e+00   4.87651685e-02   6.78000748e-04   7.29357276e-01   5.57175986e-01
 4.15000000e+00  -8.33333334e-03   1.00000000e+00   4.64527277e-02   6.57634709e-04   7.33804598e-01   5.62658537e-01
 4.16000000e+00  -8.33333334e-03   1.00000000e+00   4.40939615e-02   6.33725807e-04   7.39069925e-01   5.69266401e-01
 4.17000000e+00  -8.33333334e-03   1.00000000e+00   4.16891558e-02   6.06117665e-04   7.45133414e-01   5.77147094e-01
 4.18000000e+00  -8.33333334e-03   1.00000000e+00   3.92452392e-02   5.74930500e-04   7.51921662e-01   5.86362152e-01
 4.19000000e+00  -8.33333334e-03   1.00000000e+00   3.67756116e-02   5.40552559e-04   7.59307929e-01   5.96885889e-01
 4.20000000e+00  -8.33333334e-03   1.00000000e+00   3.42995896e-02   5.03611556e-04   7.67120751e-01   6.08591346e-01
 4.21000000e+00  -8.33333334e-03   1.00000000e+00   3.18415000e-02   4.64939211e-04   7.75143016e-01   6.21282047e-01
 4.22000000e+00  -8.33333334e-03   1.00000000e+00   2.94294734e-02   4.25527045e-04   7.83136288e-01   6.34665583e-01
 4.23000000e+00  -8.33333334e-03   1.00000000e+00   2.70940075e-02   3.86467503e-04   7.90834678e-01   6.48400186e-01
 4.24000000e+00  -8.33333334e-03   1.00000000e+00   2.48663928e-02   3.48884950e-04   7.97970101e-01   6.62070647e-01
 4.25000000e+00  -8.33333334e-03   1.00000000e+00   2.27770924e-02   3.13864091e-04   8.04292947e-01   6.75271368e-01
 4.26000000e+00  -8.33333334e-03   1.00000000e+00   2.08541747e-02   2.82381817e-04   8.09589445e-01   6.87587959e-01
 4.27000000e+00  -8.33333334e-03   1.00000000e+00   1.91218955e-02   2.55268353e-04   8.13688393e-01   6.98627966e-01
 4.28000000e+00  -8.33333334e-03   1.00000000e+00   1.75994798e-02   2.33162832e-04   8.16478023e-01   7.08054656e-01
 4.29000000e+00  -8.33333334e-03   1.00000000e+00   1.63001970e-02   2.16479768e-04   8.17912697e-01   7.15593248e-01
 4.30000000e+00  -8.33333334e-03   1.00000000e+00   1.52307536e-02   2.05392450e-04   8.18023212e-01   7.21060127e-01
 4.31000000e+00  -8.33333334e-03   1.00000000e+00   1.43910428e-02   1.99830139e-04   8.16903434e-01   7.24370965e-01
 4.32000000e+00  -8.33333334e-03   1.00000000e+00   1.37742571e-02   1.99488283e-04   8.14709461e-01   7.25540925e-01
 4.33000000e+00  -8.33333334e-03   1.00000000e+00   1.33673749e-02   2.03852663e-04   8.11634154e-01   7.24674744e-01
 4.34000000e+00  -8.33333334e-03   1.00000000e+00   1.31519634e-02   2.12226189e-04   8.07913533e-01   7.21969564e-01
 4.35000000e+00  -8.33333334e-03   1.00000000e+00   1.31052805e-02   2.23763951e-04   8.03797555e-01   7.17705008e-01
 4.36000000e+00  -8.33333334e-03   1.00000000e+00   1.32016101e-02   2.37517156e-04   7.99544157e-01   7.12208382e-01
 4.37000000e+00  -8.33333334e-03   1.00000000e+00   1.34137583e-02   2.52478552e-04   7.95384475e-01   7.05861065e-01
 4.38000000e+00  -8.33333334e-03   1.00000000e+00   1.37146279e-02   2.67637144e-04   7.91534604e-01   6.99057301e-01
 4.39000000e+00  -8.33333334e-03   1.00000000e+00   1.40787843e-02   2.82060824e-04   7.88182467e-01   6.92183848e-01
 4.40000000e+00  -8.33333334e-03   1.00000000e+00   1.44838806e-02   2.94905216e-04   7.85447851e-01   6.85586175e-01
 4.41000000e+00  -8.33333334e-03   1.00000000e+00   1.49119448e-02   3.05464041e-04   7.83413734e-01   6.79596556e-01
 4.42000000e+00  -8.33333334e-03   1.00000000e+00   1.53503508e-02   3.13213255e-04   7.82113944e-01   6.74454237e-01
 4.43000000e+00  -8.33333334e-03   1.00000000e+00   1.57925083e-02   3.17868088e-04   7.81520960e-01   6.70339021e-01
 4.44000000e+00  -8.33333334e-03   1.00000000e+00   1.62381641e-02   3.19419067e-04   7.81558595e-01   6.67341006e-01
 4.45000000e+00  -8.33333334e-03   1.00000000e+00   1.66933481e-02   3.18146310e-04   7.82103235e-01   6.65469994e-01
 4.46000000e+00  -8.33333334e-03   1.00000000e+00   1.71699197e-02   3.14590219e-04   7.82991226e-01   6.64640227e-01
 4.47000000e+00  -8.33333334e-03   1.00000000e+00   1.76847986e-02   3.09492607e-04   7.84025187e-01   6.64696059e-01
 4.48000000e+00  -8.33333334e-03   1.00000000e+00   1.82589026e-02   3.03735073e-04   7.84985315e-01   6.65405032e-01
 4.49000000e+00  -8.33333334e-03   1.00000000e+00   1.89158567e-02   2.98278849e-04   7.85640042e-01   6.66477720e-01
 4.50000000e+00  -8.33333334e-03   1.00000000e+00   1.96805416e-02   2.94096393e-04   7.85767295e-01   6.67593494e-01
 4.51000000e+00  -8.33333334e-03   1.00000000e+00   2.05775839e-02   2.92130428e-04   7.85158662e-01   6.68382509e-01
 4.52000000e+00  -8.33333334e-03   1.00000000e+00   2.16298340e-02   2.93252685e-04   7.83638518e-01   6.68498572e-01
 4.53000000e+00  -8.33333334e-03   1.00000000e+00   2.28569643e-02   2.98226543e-04   7.81081679e-01   6.67600705e-01
 4.54000000e+00  -8.33333334e-03   1.00000000e+00   2.42742079e-02   3.07667274e-04   7.77410226e-01   6.65395496e-01
 4.55000000e+00  -8.33333334e-03   1.00000000e+00   2.58913475e-02   3.22016410e-04   7.72611698e-01   6.61647224e-01
 4.56000000e+00  -8.33333334e-03   1.00000000e+00   2.77119966e-02   3.41514158e-04   7.66738464e-01   6.56193467e-01
 4.57000000e+00  -8.33333334e-03   1.00000000e+00   2.97332277e-02   3.66181054e-04   7.59895113e-01   6.48955318e-01
 4.58000000e+00  -8.33333334e-03   1.00000000e+00   3.19455568e-02   3.95804593e-04   7.52229078e-01   6.39943798e-01
 4.59000000e+00  -8.33333334e-03   1.00000000e+00   3.43333005e-02   4.29939633e-04   7.43948303e-01   6.29261265e-01
 4.60000000e+00  -8.33333334e-03   1.00000000e+00   3.68752763e-02   4.67920199e-04   7.35269852e-01   6.17078356e-01
 4.61000000e+00  -8.33333334e-03   1.00000000e+00   3.95457811e-02   5.08856733e-04   7.26417426e-01   6.03659968e-01
 4.62000000e+00  -8.33333334e-03   1.00000000e+00   4.23159369e-02   5.51779036e-04   7.17626903e-01   5.89305394e-01
 4.63000000e+00  -8.33333334e-03   1.00000000e+00   4.51550385e-02   5.95634739e-04   7.09103308e-01   5.74356284e-01
 4.64000000e+00  -8.33333334e-03   1.00000000e+00   4.80321151e-02   6.39343969e-04   7.01036648e-01   5.59168057e-01
 4.65000000e+00  -8.33333334e-03   1.00000000e+00   5.09174434e-02   6.81873269e-04   6.93568785e-01   5.44093794e-01
 4.66000000e+00  -8.33333334e-03   1.00000000e+00   5.37839841e-02   7.22303512e-04   6.86802067e-01   5.29443237e-01
 4.67000000e+00  -8.33333334e-03   1.00000000e+00   5.66086536e-02   7.59879106e-04   6.80827608e-01   5.15538479e-01
 4.68000000e+00  -8.33333334e-03   1.00000000e+00   5.93733637e-02   7.94044657e-04   6.75657435e-01   5.02631158e-01
 4.69000000e+00  -8.33333334e-03   1.00000000e+00   6.20657703e-02   8.24473236e-04   6.71273417e-01   4.90887980e-01
 4.70000000e+00  -8.33333334e-03   1.00000000e+00   6.46796969e-02   8.51079542e-04   6.67624424e-01   4.80427952e-01
 4.71000000e+00  -8.33333334e-03   1.00000000e+00   6.72152098e-02   8.74016352e-04   6.64604944e-01   4.71275234e-01
 4.72000000e+00  -8.33333334e-03   1.00000000e+00   6.96783402e-02   8.93657071e-04   6.62092694e-01   4.63400351e-01
 4.73000000e+00  -8.33333334e-03   1.00000000e+00   7.20804724e-02   9.10566466e-04   6.59951321e-01   4.56727314e-01
 4.74000000e+00  -8.33333334e-03   1.00000000e+00   7.44374289e-02   9.25463901e-04   6.58011548e-01   4.51082346e-01
 4.75000000e+00  -8.33333334e-03   1.00000000e+00   7.67683005e-02   9.39176363e-04   6.56107635e-01   4.46228558e-01
 4.76000000e+00  -8.33333334e-03   1.00000000e+00   7.90940977e-02   9.52595023e-04   6.54075176e-01   4.41907747e-01
 4.77000000e+00  -8.33333334e-03   1.00000000e+00   8.14362859e-02   9.66628226e-04   6.51760548e-01   4.37830547e-01
 4.78000000e+00  -8.33333334e-03   1.00000000e+00   8.38152981e-02   9.82154656e-04   6.49029457e-01   4.33694010e-01
 4.79000000e+00  -8.33333334e-03   1.00000000e+00   8.62491080e-02   9.99970469e-04   6.45778935e-01   4.29214626e-01
 4.80000000e+00  -8.33333334e-03   1.00000000e+00   8.87519476e-02   1.02074575e-03   6.41951997e-01   4.24109223e-01
 4.81000000e+00  -8.33333334e-03   1.00000000e+00   9.13332400e-02   1.04498183e-03   6.37532014e-01   4.18162136e-01
 4.82000000e+00  -8.33333334e-03   1.00000000e+00   9.39968262e-02   1.07298887e-03   6.32537731e-01   4.11203937e-01
 4.83000000e+00  -8.33333334e-03   1.00000000e+00   9.67404905e-02   1.10485144e-03   6.27040266e-01   4.03136200e-01
 4.84000000e+00  -8.33333334e-03   1.00000000e+00   9.95558556e-02   1.14040597e-03   6.21136333e-01   3.93934252e-01
 4.85000000e+00  -8.33333334e-03   1.00000000e+00   1.02428622e-01   1.17923709e-03   6.14954289e-01   3.83623735e-01
 4.86000000e+00  -8.33333334e-03   1.00000000e+00   1.05339148e-01   1.22070001e-03   6.08654890e-01   3.72336661e-01
 4.87000000e+00  -8.33333334e-03   1.00000000e+00   1.08263331e-01   1.26396397e-03   6.02390937e-01   3.60248984e-01
 4.88000000e+00  -8.33333334e-03   1.00000000e+00   1.11173741e-01   1.30806517e-03   5.96325622e-01   3.47597988e-01
 4.89000000e+00  -8.33333334e-03   1.00000000e+00   1.14040939e-01   1.35196332e-03   5.90575738e-01   3.34586560e-01
 4.90000000e+00  -8.33333334e-03   1.00000000e+00   1.16834899e-01   1.39459138e-03   5.85310000e-01   3.21606309e-01
 4.91000000e+00  -8.33333334e-03   1.00000000e+00   1.19526484e-01   1.43493458e-03   5.80607579e-01   3.08898518e-01
 4.92000000e+00  -8.33333334e-03   1.00000000e+00   1.22088897e-01   1.47213962e-03   5.76510532e-01   2.96770377e-01
 4.93000000e+00  -8.33333334e-03   1.00000000e+00   1.24498947e-01   1.50554380e-03   5.73125888e-01   2.85484717e-01
 4.94000000e+00  -8.33333334e-03   1.00000000e+00   1.26738158e-01   1.53466344e-03   5.70454825e-01   2.75256780e-01
 4.95000000e+00  -8.33333334e-03   1.00000000e+00   1.28793601e-01   1.55918623e-03   5.68481223e-01   2.66288573e-01
 4.96000000e+00  -8.33333334e-03   1.00000000e+00   1.30658422e-01   1.57895739e-03   5.67166893e-01   2.58704054e-01
 4.97000000e+00  -8.33333334e-03   1.00000000e+00   1.32332036e-01   1.59397681e-03   5.66458639e-01   2.52583717e-01
 4.98000000e+00  -8.33333334e-03   1.00000000e+00   1.33819972e-01   1.60441156e-03   5.66270273e-01   2.47925974e-01
 4.99000000e+00  -8.33333334e-03   1.00000000e+00   1.35133385e-01   1.61062094e-03   5.66506501e-01   2.44675411e-01
 5.00000000e+00  -8.33333334e-03   1.00000000e+00   1.36288248e-01   1.61317973e-03   5.67056605e-01   2.42712267e-01