  Time  Coordinate0  Coordinate1  Displacement0  Displacement1  Force0  Force1
 1.00000000e-02   5.00000000e-03   1.00000000e+00   7.39702303e-04  -2.25903963e-06   5.67073054e+00  -5.01592618e+00
 2.00000000e-02   5.00000000e-03   1.00000000e+00   1.76252123e-03   5.90585288e-05   4.40185074e+00   1.00622716e+01
 3.00000000e-02   5.00000000e-03   1.00000000e+00   2.98272860e-03   1.13989585e-04   3.27907252e+00   7.33480620e+00
 4.00000000e-02   5.00000000e-03   1.00000000e+00   4.38386135e-03   1.54338930e-04   2.92552518e+00   6.42450004e+00
 5.00000000e-02   5.00000000e-03   1.00000000e+00   5.96746652e-03   1.72085891e-04   2.72069484e+00   5.94213889e+00
 6.00000000e-02   5.00000000e-03   1.00000000e+00   7.73681608e-03   1.69087556e-04   2.58815871e+00   5.63657610e+00
 7.00000000e-02   5.00000000e-03   1.00000000e+00   9.69162655e-03   1.52046211e-04   2.49362648e+00   5.41729486e+00
 8.00000000e-02   5.00000000e-03   1.00000000e+00   1.18211434e-02   1.27286174e-04   2.42310781e+00   5.24947976e+00
 9.00000000e-02   5.00000000e-03   1.00000000e+00   1.41067183e-02   1.00115854e-04   2.36970050e+00   5.11474761e+00
 1.00000000e-01   5.00000000e-03   1.00000000e+00   1.65251772e-02   7.39904429e-05   2.32885582e+00   5.00337278e+00
 1.10000000e-01   5.00000000e-03   1.00000000e+00   1.90534043e-02   5.03663064e-05   2.29773270e+00   4.90963179e+00
 1.20000000e-01   5.00000000e-03   1.00000000e+00   2.16706286e-02   2.93334821e-05   2.27471214e+00   4.82983160e+00
 1.30000000e-01   5.00000000e-03   1.00000000e+00   2.43592835e-02   1.02622063e-05   2.25752688e+00   4.76107425e+00
 1.40000000e-01   5.00000000e-03   1.00000000e+00   2.71048310e-02  -7.65824949e-06   2.24494786e+00   4.70126492e+00
 1.50000000e-01   5.00000000e-03   1.00000000e+00   2.98975125e-02  -2.52073985e-05   2.23576106e+00   4.64880485e+00
 1.60000000e-01   5.00000000e-03   1.00000000e+00   3.27296783e-02  -4.29377662e-05   2.22957990e+00   4.60245451e+00
 1.70000000e-01   5.00000000e-03   1.00000000e+00   3.55957883e-02  -6.11409880e-05   2.22582142e+00   4.56131145e+00
 1.80000000e-01   5.00000000e-03   1.00000000e+00   3.84915818e-02  -7.99226398e-05   2.22388298e+00   4.52415603e+00
 1.90000000e-01   5.00000000e-03   1.00000000e+00   4.14135355e-02  -9.92551291e-05   2.22335077e+00   4.49045516e+00
 2.00000000e-01   5.00000000e-03   1.00000000e+00   4.43584348e-02  -1.19032520e-04   2.22424780e+00   4.45962708e+00
 2.10000000e-01   5.00000000e-03   1.00000000e+00   4.73230571e-02  -1.39134625e-04   2.22600339e+00   4.43118389e+00
 2.20000000e-01   5.00000000e-03   1.00000000e+00   5.03040180e-02  -1.59451808e-04   2.22890611e+00   4.40482461e+00
 2.30000000e-01   5.00000000e-03   1.00000000e+00   5.32976678e-02  -1.79904752e-04   2.23231279e+00   4.38004071e+00
 2.40000000e-01   5.00000000e-03   1.00000000e+00   5.63000733e-02  -2.00444690e-04   2.23656942e+00   4.35683572e+00
 2.50000000e-01   5.00000000e-03   1.00000000e+00   5.93070398e-02  -2.21044330e-04   2.24142390e+00   4.33499616e+00
 2.60000000e-01   5.00000000e-03   1.00000000e+00   6.23141375e-02  -2.41698691e-04   2.24673988e+00   4.31439987e+00
 2.70000000e-01   5.00000000e-03   1.00000000e+00   6.53174438e-02  -2.62431393e-04   2.25256415e+00   4.29479958e+00
 2.80000000e-01   5.00000000e-03   1.00000000e+00   6.83119024e-02  -2.83224677e-04   2.25867194e+00   4.27621073e+00
 2.90000000e-01   5.00000000e-03   1.00000000e+00   7.12926287e-02  -3.04065519e-04   2.26525296e+00   4.25871259e+00
 3.00000000e-01   5.00000000e-03   1.00000000e+00   7.42551678e-02  -3.24948444e-04   2.27218281e+00   4.24205623e+00
 3.10000000e-01   5.00000000e-03   1.00000000e+00   7.71945506e-02  -3.45839284e-04   2.27934123e+00   4.22634685e+00
 3.20000000e-01   5.00000000e-03   1.00000000e+00   8.01061526e-02  -3.66704309e-04   2.28671948e+00   4.21148694e+00
 3.30000000e-01   5.00000000e-03   1.00000000e+00   8.29856331e-02  -3.87507886e-04   2.29431047e+00   4.19744376e+00
 3.40000000e-01   5.00000000e-03   1.00000000e+00   8.58288753e-02  -4.08214203e-04   2.30215210e+00   4.18432647e+00
 3.50000000e-01   5.00000000e-03   1.00000000e+00   8.86319804e-02  -4.28785856e-04   2.31006695e+00   4.17188151e+00
 3.60000000e-01   5.00000000e-03   1.00000000e+00   9.13912617e-02  -4.49186801e-04   2.31811893e+00   4.16034215e+00
 3.70000000e-01   5.00000000e-03   1.00000000e+00   9.41032301e-02  -4.69383436e-04   2.32634814e+00   4.14956315e+00
 3.80000000e-01   5.00000000e-03   1.00000000e+00   9.67645966e-02  -4.89346823e-04   2.33456160e+00   4.13946839e+00
 3.90000000e-01   5.00000000e-03   1.00000000e+00   9.93723068e-02  -5.09049635e-04   2.34286859e+00   4.13013007e+00
 4.00000000e-01   5.00000000e-03   1.00000000e+00   1.01923740e-01  -5.28473428e-04   2.35135924e+00   4.12157347e+00
 4.10000000e-01   5.00000000e-03   1.00000000e+00   1.04415863e-01  -5.47585812e-04   2.35966013e+00   4.11360525e+00
 4.20000000e-01   5.00000000e-03   1.00000000e+00   1.06846002e-01  -5.66360448e-04   2.36826380e+00   4.10643905e+00
 4.30000000e-01   5.00000000e-03   1.00000000e+00   1.09213627e-01  -5.84859613e-04   2.37661289e+00   4.09963687e+00
 4.40000000e-01   5.00000000e-03   1.00000000e+00   1.11516274e-01  -6.02955232e-04   2.38497948e+00   4.09357233e+00
 4.50000000e-01   5.00000000e-03   1.00000000e+00   1.13751739e-01  -6.20652776e-04   2.39340235e+00   4.08807639e+00
 4.60000000e-01   5.00000000e-03   1.00000000e+00   1.15917828e-01  -6.37947731e-04   2.40172268e+00   4.08303276e+00
 4.70000000e-01   5.00000000e-03   1.00000000e+00   1.18012441e-01  -6.54828821e-04   2.41000225e+00   4.07849673e+00
 4.80000000e-01   5.00000000e-03   1.00000000e+00   1.20033658e-01  -6.71274643e-04   2.41825928e+00   4.07452797e+00
 4.90000000e-01   5.00000000e-03   1.00000000e+00   1.21979797e-01  -6.87267105e-04   2.42642544e+00   4.07086246e+00
 5.00000000e-01   5.00000000e-03   1.00000000e+00   1.23849611e-01  -7.02799732e-04   2.43446709e+00   4.06762286e+00
 5.10000000e-01   5.00000000e-03   1.00000000e+00   1.25641579e-01  -7.17842935e-04   2.44229614e+00   4.06484441e+00
 5.20000000e-01   5.00000000e-03   1.00000000e+00   1.27354775e-01  -7.32383987e-04   2.45013179e+00   4.06240846e+00
 5.30000000e-01   5.00000000e-03   1.00000000e+00   1.28988126e-01  -7.46408722e-04   2.45765574e+00   4.06017793e+00
 5.40000000e-01   5.00000000e-03   1.00000000e+00   1.30540938e-01  -7.59897675e-04   2.46501082e+00   4.05839197e+00
 5.50000000e-01   5.00000000e-03   1.00000000e+00   1.32012823e-01  -7.72838575e-04   2.47221821e+00   4.05674797e+00
 5.60000000e-01   5.00000000e-03   1.00000000e+00   1.33403629e-01  -7.85225662e-04   2.47923668e+00   4.05543126e+00
 5.70000000e-01   5.00000000e-03   1.00000000e+00   1.34713391e-01  -7.97053851e-04   2.48607112e+00   4.05434200e+00
 5.80000000e-01   5.00000000e-03   1.00000000e+00   1.35942432e-01  -8.08326002e-04   2.49239118e+00   4.05344217e+00
 5.90000000e-01   5.00000000e-03   1.00000000e+00   1.37090784e-01  -8.19037949e-04   2.49868312e+00   4.05268513e+00
 6.00000000e-01   5.00000000e-03   1.00000000e+00   1.38158682e-01  -8.29186387e-04   2.50462809e+00   4.05217775e+00
 6.10000000e-01   5.00000000e-03   1.00000000e+00   1.39146515e-01  -8.38773408e-04   2.51050156e+00   4.05178387e+00
 6.20000000e-01   5.00000000e-03   1.00000000e+00   1.40054795e-01  -8.47799561e-04   2.51599446e+00   4.05147653e+00
 6.30000000e-01   5.00000000e-03   1.00000000e+00   1.40884263e-01  -8.56268606e-04   2.52120028e+00   4.05136292e+00
 6.40000000e-01   5.00000000e-03   1.00000000e+00   1.41635728e-01  -8.64188811e-04   2.52618653e+00   4.05122691e+00
 6.50000000e-01   5.00000000e-03   1.00000000e+00   1.42309851e-01  -8.71558605e-04   2.53094973e+00   4.05142566e+00
 6.60000000e-01   5.00000000e-03   1.00000000e+00   1.42907406e-01  -8.78381628e-04   2.53529098e+00   4.05149948e+00
 6.70000000e-01   5.00000000e-03   1.00000000e+00   1.43429324e-01  -8.84657883e-04   2.53948431e+00   4.05167199e+00
 6.80000000e-01   5.00000000e-03   1.00000000e+00   1.43876871e-01  -8.90409533e-04   2.54333132e+00   4.05196989e+00
 6.90000000e-01   5.00000000e-03   1.00000000e+00   1.44251272e-01  -8.95615233e-04   2.54706066e+00   4.05221223e+00
 7.00000000e-01   5.00000000e-03   1.00000000e+00   1.44553807e-01  -9.00302239e-04   2.55023435e+00   4.05261139e+00
 7.10000000e-01   5.00000000e-03   1.00000000e+00   1.44785708e-01  -9.04456136e-04   2.55979180e+00   4.05861204e+00
 7.20000000e-01   5.00000000e-03   1.00000000e+00   1.44947300e-01  -9.08053717e-04   2.54685280e+00   4.04878228e+00
 7.30000000e-01   5.00000000e-03   1.00000000e+00   1.45041238e-01  -9.11134233e-04   2.55882018e+00   4.05482612e+00
 7.40000000e-01   5.00000000e-03   1.00000000e+00   1.45070651e-01  -9.13714263e-04   2.55665264e+00   4.04877855e+00
 7.50000000e-01   5.00000000e-03   1.00000000e+00   1.45036986e-01  -9.15832960e-04   2.55864737e+00   4.05106433e+00
 7.60000000e-01   5.00000000e-03   1.00000000e+00   1.44942218e-01  -9.17489518e-04   2.56085688e+00   4.05116985e+00
 7.70000000e-01   5.00000000e-03   1.00000000e+00   1.44787909e-01  -9.18714914e-04   2.56242579e+00   4.05146786e+00
 7.80000000e-01   5.00000000e-03   1.00000000e+00   1.44574946e-01  -9.19479750e-04   2.56381344e+00   4.05199291e+00
 7.90000000e-01   5.00000000e-03   1.00000000e+00   1.44305066e-01  -9.19782847e-04   2.56483850e+00   4.05248042e+00
 8.00000000e-01   5.00000000e-03   1.00000000e+00   1.43980508e-01  -9.19665257e-04   2.56577495e+00   4.05293844e+00
 8.10000000e-01   5.00000000e-03   1.00000000e+00   1.43601961e-01  -9.19136350e-04   2.56621027e+00   4.05335021e+00
 8.20000000e-01   5.00000000e-03   1.00000000e+00   1.43169915e-01  -9.18176859e-04   2.56669510e+00   4.05393556e+00
 8.30000000e-01   5.00000000e-03   1.00000000e+00   1.42686441e-01  -9.16795150e-04   2.56672827e+00   4.05435115e+00
 8.40000000e-01   5.00000000e-03   1.00000000e+00   1.42152258e-01  -9.15008994e-04   2.56642519e+00   4.05478979e+00
 8.50000000e-01   5.00000000e-03   1.00000000e+00   1.41570070e-01  -9.12805385e-04   2.56606057e+00   4.05522433e+00
 8.60000000e-01   5.00000000e-03   1.00000000e+00   1.40941971e-01  -9.10210294e-04   2.56545976e+00   4.05570359e+00
 8.70000000e-01   5.00000000e-03   1.00000000e+00   1.40272994e-01  -9.07316911e-04   2.59368550e+00   4.07600907e+00
 8.80000000e-01   5.00000000e-03   1.00000000e+00   1.39561542e-01  -9.03774547e-04   2.56284731e+00   4.08316588e+00
 8.90000000e-01   5.00000000e-03   1.00000000e+00   1.38811093e-01  -8.99944856e-04   2.55627298e+00   4.05713529e+00
 9.00000000e-01   5.00000000e-03   1.00000000e+00   1.38024085e-01  -8.95817394e-04   2.55779277e+00   4.05832837e+00
 9.10000000e-01   5.00000000e-03   1.00000000e+00   1.37202823e-01  -8.91432414e-04   2.55628585e+00   4.05837461e+00
 9.20000000e-01   5.00000000e-03   1.00000000e+00   1.36349516e-01  -8.86799882e-04   2.55430026e+00   4.05825253e+00
 9.30000000e-01   5.00000000e-03   1.00000000e+00   1.35466269e-01  -8.81919702e-04   2.55195273e+00   4.05807286e+00
 9.40000000e-01   5.00000000e-03   1.00000000e+00   1.34555060e-01  -8.76787521e-04   2.54934640e+00   4.05788072e+00
 9.50000000e-01   5.00000000e-03   1.00000000e+00   1.33617987e-01  -8.71409590e-04   2.54667728e+00   4.05769497e+00
 9.60000000e-01   5.00000000e-03   1.00000000e+00   1.32657077e-01  -8.65794406e-04   2.54371919e+00   4.05735708e+00
 9.70000000e-01   5.00000000e-03   1.00000000e+00   1.31674315e-01  -8.59952729e-04   2.54062374e+00   4.05704834e+00
 9.80000000e-01   5.00000000e-03   1.00000000e+00   1.30671682e-01  -8.53902256e-04   2.53736192e+00   4.05672014e+00
 9.90000000e-01   5.00000000e-03   1.00000000e+00   1.29651127e-01  -8.47653899e-04   2.53411974e+00   4.05614550e+00
 1.00000000e+00   5.00000000e-03   1.00000000e+00   1.28614595e-01  -8.41226913e-04   2.53070621e+00   4.05574974e+00
 1.01000000e+00   5.00000000e-03   1.00000000e+00   1.27563936e-01  -8.34630482e-04   2.52711027e+00   4.05515699e+00
 1.02000000e+00   5.00000000e-03   1.00000000e+00   1.26501178e-01  -8.27876342e-04   2.52342325e+00   4.05460059e+00
 1.03000000e+00   5.00000000e-03   1.00000000e+00   1.25428280e-01  -8.20982781e-04   2.51961551e+00   4.05386246e+00
 1.04000000e+00   5.00000000e-03   1.00000000e+00   1.24347138e-01  -8.13965543e-04   2.51576790e+00   4.05316658e+00
 1.05000000e+00   5.00000000e-03   1.00000000e+00   1.23259604e-01  -8.06839331e-04   2.51171529e+00   4.05236434e+00
 1.06000000e+00   5.00000000e-03   1.00000000e+00   1.22167501e-01  -7.99617682e-04   2.50781909e+00   4.05152752e+00
 1.07000000e+00   5.00000000e-03   1.00000000e+00   1.21072620e-01  -7.92313379e-04   2.50370206e+00   4.05058501e+00
 1.08000000e+00   5.00000000e-03   1.00000000e+00   1.19976461e-01  -7.84933166e-04   2.49949932e+00   4.04974031e+00
 1.09000000e+00   5.00000000e-03   1.00000000e+00   1.18880873e-01  -7.77495391e-04   2.49536585e+00   4.04868703e+00
 1.10000000e+00   5.00000000e-03   1.00000000e+00   1.17787592e-01  -7.70011192e-04   2.49094703e+00   4.04762778e+00
 1.11000000e+00   5.00000000e-03   1.00000000e+00   1.16698258e-01  -7.62496069e-04   2.48692649e+00   4.04657611e+00
 1.12000000e+00   5.00000000e-03   1.00000000e+00   1.15614369e-01  -7.54956504e-04   2.48245844e+00   4.04548438e+00
 1.13000000e+00   5.00000000e-03   1.00000000e+00   1.14537592e-01  -7.47404547e-04   2.47820487e+00   4.04427649e+00
 1.14000000e+00   5.00000000e-03   1.00000000e+00   1.13469470e-01  -7.39854801e-04   2.47381692e+00   4.04306591e+00
 1.15000000e+00   5.00000000e-03   1.00000000e+00   1.12411452e-01  -7.32322664e-04   2.46948050e+00   4.04182969e+00
 1.16000000e+00   5.00000000e-03   1.00000000e+00   1.11364921e-01  -7.24819722e-04   2.46519446e+00   4.04053445e+00
 1.17000000e+00   5.00000000e-03   1.00000000e+00   1.10331200e-01  -7.17355197e-04   2.46097205e+00   4.03922324e+00
 1.18000000e+00   5.00000000e-03   1.00000000e+00   1.09311561e-01  -7.09939286e-04   2.45664300e+00   4.03786315e+00
 1.19000000e+00   5.00000000e-03   1.00000000e+00   1.08307219e-01  -7.02582927e-04   2.45241872e+00   4.03650505e+00
 1.20000000e+00   5.00000000e-03   1.00000000e+00   1.07319341e-01  -6.95296031e-04   2.44801873e+00   4.03519631e+00
 1.21000000e+00   5.00000000e-03   1.00000000e+00   1.06349030e-01  -6.88090297e-04   2.44385147e+00   4.03367884e+00
 1.22000000e+00   5.00000000e-03   1.00000000e+00   1.05397333e-01  -6.80972167e-04   2.43955788e+00   4.03225511e+00
 1.23000000e+00   5.00000000e-03   1.00000000e+00   1.04465155e-01  -6.73944368e-04   2.43541493e+00   4.03080531e+00
 1.24000000e+00   5.00000000e-03   1.00000000e+00   1.03553561e-01  -6.67018632e-04   2.43133793e+00   4.02929979e+00
 1.25000000e+00   5.00000000e-03   1.00000000e+00   1.02663494e-01  -6.60206146e-04   2.42734731e+00   4.02778149e+00
 1.26000000e+00   5.00000000e-03   1.00000000e+00   1.01795127e-01  -6.53482760e-04   2.42343198e+00   4.02627428e+00
 1.27000000e+00   5.00000000e-03   1.00000000e+00   1.00949346e-01  -6.46896302e-04   2.41946067e+00   4.02471242e+00
 1.28000000e+00   5.00000000e-03   1.00000000e+00   1.00126948e-01  -6.40445398e-04   2.41555231e+00   4.02321839e+00
 1.29000000e+00   5.00000000e-03   1.00000000e+00   9.93287348e-02  -6.34132929e-04   2.41180997e+00   4.02158225e+00
 1.30000000e+00   5.00000000e-03   1.00000000e+00   9.85554759e-02  -6.27962951e-04   2.40812771e+00   4.02011432e+00
 1.31000000e+00   5.00000000e-03   1.00000000e+00   9.78078847e-02  -6.21943773e-04   2.40441355e+00   4.01863086e+00
 1.32000000e+00   5.00000000e-03   1.00000000e+00   9.70865819e-02  -6.16083227e-04   2.40104222e+00   4.01704873e+00
 1.33000000e+00   5.00000000e-03   1.00000000e+00   9.63920359e-02  -6.10382318e-04   2.39735203e+00   4.01546222e+00
 1.34000000e+00   5.00000000e-03   1.00000000e+00   9.57248233e-02  -6.04851431e-04   2.39402542e+00   4.01400231e+00
 1.35000000e+00   5.00000000e-03   1.00000000e+00   9.50853698e-02  -5.99498236e-04   2.39064953e+00   4.01245863e+00
 1.36000000e+00   5.00000000e-03   1.00000000e+00   9.44739201e-02  -5.94327462e-04   2.38742190e+00   4.01091978e+00
 1.37000000e+00   5.00000000e-03   1.00000000e+00   9.38907964e-02  -5.89341168e-04   2.38438717e+00   4.00941688e+00
 1.38000000e+00   5.00000000e-03   1.00000000e+00   9.33362049e-02  -5.84542951e-04   2.38124775e+00   4.00792734e+00
 1.39000000e+00   5.00000000e-03   1.00000000e+00   9.28102439e-02  -5.79938866e-04   2.37840479e+00   4.00646694e+00
 1.40000000e+00   5.00000000e-03   1.00000000e+00   9.23129471e-02  -5.75530136e-04   2.37547718e+00   4.00498740e+00
 1.41000000e+00   5.00000000e-03   1.00000000e+00   9.18442888e-02  -5.71319422e-04   2.37277888e+00   4.00357625e+00
 1.42000000e+00   5.00000000e-03   1.00000000e+00   9.14041952e-02  -5.67308173e-04   2.37028407e+00   4.00205049e+00
 1.43000000e+00   5.00000000e-03   1.00000000e+00   9.09925124e-02  -5.63492345e-04   2.36790312e+00   4.00082471e+00
 1.44000000e+00   5.00000000e-03   1.00000000e+00   9.06091902e-02  -5.59873170e-04   2.36534203e+00   3.99947887e+00
 1.45000000e+00   5.00000000e-03   1.00000000e+00   9.02540985e-02  -5.56452460e-04   2.36308305e+00   3.99810370e+00
 1.46000000e+00   5.00000000e-03   1.00000000e+00   8.99270668e-02  -5.53229147e-04   2.36083707e+00   3.99678083e+00
 1.47000000e+00   5.00000000e-03   1.00000000e+00   8.96278280e-02  -5.50202387e-04   2.35888325e+00   3.99548072e+00
 1.48000000e+00   5.00000000e-03   1.00000000e+00   8.93560955e-02  -5.47368959e-04   2.35687615e+00   3.99428951e+00
 1.49000000e+00   5.00000000e-03   1.00000000e+00   8.91116277e-02  -5.44728985e-04   2.35494864e+00   3.99302683e+00
 1.50000000e+00   5.00000000e-03   1.00000000e+00   8.88941966e-02  -5.42284111e-04   2.35314135e+00   3.99188183e+00
 1.51000000e+00   5.00000000e-03   1.00000000e+00   8.87034208e-02  -5.40035265e-04   2.34494693e+00   3.98649705e+00
 1.52000000e+00   5.00000000e-03   1.00000000e+00   8.85393737e-02  -5.38002372e-04   2.35774362e+00   3.98893548e+00
 1.53000000e+00   5.00000000e-03   1.00000000e+00   8.84009568e-02  -5.36101656e-04   2.34926836e+00   3.99343534e+00
 1.54000000e+00   5.00000000e-03   1.00000000e+00   8.82877174e-02  -5.34377490e-04   2.34297416e+00   3.98500927e+00
 1.55000000e+00   5.00000000e-03   1.00000000e+00   8.81990763e-02  -5.32874611e-04   2.34747685e+00   3.98525794e+00
 1.56000000e+00   5.00000000e-03   1.00000000e+00   8.81352421e-02  -5.31582561e-04   2.34667353e+00   3.98689799e+00
 1.57000000e+00   5.00000000e-03   1.00000000e+00   8.80952964e-02  -5.30468265e-04   2.34514143e+00   3.98608149e+00
 1.58000000e+00   5.00000000e-03   1.00000000e+00   8.80787739e-02  -5.29524112e-04   2.34402162e+00   3.98512729e+00
 1.59000000e+00   5.00000000e-03   1.00000000e+00   8.80852317e-02  -5.28761471e-04   2.34311820e+00   3.98430710e+00
 1.60000000e+00   5.00000000e-03   1.00000000e+00   8.81134328e-02  -5.28185980e-04   2.34205612e+00   3.98346837e+00
 1.61000000e+00   5.00000000e-03   1.00000000e+00   8.81625620e-02  -5.27769442e-04   2.34152340e+00   3.98273910e+00
 1.62000000e+00   5.00000000e-03   1.00000000e+00   8.82314294e-02  -5.27507877e-04   2.34085122e+00   3.98196863e+00
 1.63000000e+00   5.00000000e-03   1.00000000e+00   8.83188746e-02  -5.27390495e-04   2.34028057e+00   3.98129421e+00
 1.64000000e+00   5.00000000e-03   1.00000000e+00   8.84234674e-02  -5.27395572e-04   2.33994446e+00   3.98065706e+00
 1.65000000e+00   5.00000000e-03   1.00000000e+00   8.85451007e-02  -5.27538605e-04   2.33961069e+00   3.98011257e+00
 1.66000000e+00   5.00000000e-03   1.00000000e+00   8.86837573e-02  -5.27808487e-04   2.33926090e+00   3.97951839e+00
 1.67000000e+00   5.00000000e-03   1.00000000e+00   8.88388570e-02  -5.28204247e-04   2.33908560e+00   3.97895293e+00
 1.68000000e+00   5.00000000e-03   1.00000000e+00   8.90106188e-02  -5.28721379e-04   2.33902894e+00   3.97844730e+00
 1.69000000e+00   5.00000000e-03   1.00000000e+00   8.91990953e-02  -5.29366720e-04   2.33889002e+00   3.97800988e+00
 1.70000000e+00   5.00000000e-03   1.00000000e+00   8.94035064e-02  -5.30149268e-04   2.33884329e+00   3.97756805e+00
 1.71000000e+00   5.00000000e-03   1.00000000e+00   8.96234965e-02  -5.31060916e-04   2.33897902e+00   3.97705045e+00
 1.72000000e+00   5.00000000e-03   1.00000000e+00   8.98587647e-02  -5.32097988e-04   2.33902218e+00   3.97664981e+00
 1.73000000e+00   5.00000000e-03   1.00000000e+00   9.01089608e-02  -5.33263492e-04   2.33926769e+00   3.97621403e+00
 1.74000000e+00   5.00000000e-03   1.00000000e+00   9.03727404e-02  -5.34564322e-04   2.33951327e+00   3.97587421e+00
 1.75000000e+00   5.00000000e-03   1.00000000e+00   9.06493201e-02  -5.35984876e-04   2.33983302e+00   3.97555782e+00
 1.76000000e+00   5.00000000e-03   1.00000000e+00   9.09378165e-02  -5.37518776e-04   2.34044668e+00   3.97522839e+00
 1.77000000e+00   5.00000000e-03   1.00000000e+00   9.12373729e-02  -5.39159793e-04   2.34083671e+00   3.97501470e+00
 1.78000000e+00   5.00000000e-03   1.00000000e+00   9.15471633e-02  -5.40900928e-04   2.34134990e+00   3.97478165e+00
 1.79000000e+00   5.00000000e-03   1.00000000e+00   9.18664141e-02  -5.42735983e-04   2.34198407e+00   3.97463480e+00
 1.80000000e+00   5.00000000e-03   1.00000000e+00   9.21943277e-02  -5.44657409e-04   2.34292533e+00   3.97447872e+00
 1.81000000e+00   5.00000000e-03   1.00000000e+00   9.25301490e-02  -5.46658187e-04   2.34359521e+00   3.97440569e+00
 1.82000000e+00   5.00000000e-03   1.00000000e+00   9.28731544e-02  -5.48731918e-04   2.34443191e+00   3.97430429e+00
 1.83000000e+00   5.00000000e-03   1.00000000e+00   9.32226444e-02  -5.50872811e-04   2.34533823e+00   3.97431501e+00
 1.84000000e+00   5.00000000e-03   1.00000000e+00   9.35779360e-02  -5.53075448e-04   2.34635567e+00   3.97430200e+00
 1.85000000e+00   5.00000000e-03   1.00000000e+00   9.39383917e-02  -5.55336220e-04   2.34735145e+00   3.97430399e+00
 1.86000000e+00   5.00000000e-03   1.00000000e+00   9.43033164e-02  -5.57649643e-04   2.34826605e+00   3.97430504e+00
 1.87000000e+00   5.00000000e-03   1.00000000e+00   9.46720457e-02  -5.60010798e-04   2.34939999e+00   3.97447104e+00
 1.88000000e+00   5.00000000e-03   1.00000000e+00   9.50439367e-02  -5.62415073e-04   2.35043381e+00   3.97458914e+00
 1.89000000e+00   5.00000000e-03   1.00000000e+00   9.54183605e-02  -5.64858143e-04   2.35163482e+00   3.97469508e+00
 1.90000000e+00   5.00000000e-03   1.00000000e+00   9.57946992e-02  -5.67335741e-04   2.35286843e+00   3.97488588e+00
 1.91000000e+00   5.00000000e-03   1.00000000e+00   9.61723448e-02  -5.69843632e-04   2.35396461e+00   3.97514871e+00
 1.92000000e+00   5.00000000e-03   1.00000000e+00   9.65506984e-02  -5.72377599e-04   2.35530935e+00   3.97528128e+00
 1.93000000e+00   5.00000000e-03   1.00000000e+00   9.69292553e-02  -5.74936233e-04   2.35657473e+00   3.97561841e+00
 1.94000000e+00   5.00000000e-03   1.00000000e+00   9.73073903e-02  -5.77512917e-04   2.35784437e+00   3.97585321e+00
 1.95000000e+00   5.00000000e-03   1.00000000e+00   9.76845152e-02  -5.80103429e-04   2.35906019e+00   3.97613721e+00
 1.96000000e+00   5.00000000e-03   1.00000000e+00   9.80601050e-02  -5.82704984e-04   2.36046279e+00   3.97637966e+00
 1.97000000e+00   5.00000000e-03   1.00000000e+00   9.84335724e-02  -5.85312375e-04   2.36184585e+00   3.97676602e+00
 1.98000000e+00   5.00000000e-03   1.00000000e+00   9.88043729e-02  -5.87921043e-04   2.36311378e+00   3.97714863e+00
 1.99000000e+00   5.00000000e-03   1.00000000e+00   9.91719931e-02  -5.90526786e-04   2.36452743e+00   3.97747627e+00
 2.00000000e+00   5.00000000e-03   1.00000000e+00   9.95359430e-02  -5.93125617e-04   2.36590686e+00   3.97789125e+00
 2.01000000e+00   5.00000000e-03   1.00000000e+00   9.98957518e-02  -5.95713675e-04   2.36742198e+00   3.97827486e+00
 2.02000000e+00   5.00000000e-03   1.00000000e+00   1.00250967e-01  -5.98287194e-04   2.36886118e+00   3.97871798e+00
 2.03000000e+00   5.00000000e-03   1.00000000e+00   1.00601154e-01  -6.00842567e-04   2.37022591e+00   3.97912979e+00
 2.04000000e+00   5.00000000e-03   1.00000000e+00   1.00945896e-01  -6.03376271e-04   2.37154003e+00   3.97957191e+00
 2.05000000e+00   5.00000000e-03   1.00000000e+00   1.01284796e-01  -6.05884893e-04   2.37307308e+00   3.97998700e+00
 2.06000000e+00   5.00000000e-03   1.00000000e+00   1.01617478e-01  -6.08365251e-04   2.37437022e+00   3.98047623e+00
 2.07000000e+00   5.00000000e-03   1.00000000e+00   1.01943584e-01  -6.10814082e-04   2.37578007e+00   3.98091800e+00
 2.08000000e+00   5.00000000e-03   1.00000000e+00   1.02262807e-01  -6.13229843e-04   2.37713478e+00   3.98144714e+00
 2.09000000e+00   5.00000000e-03   1.00000000e+00   1.02574785e-01  -6.15608691e-04   2.37849950e+00   3.98194553e+00
 2.10000000e+00   5.00000000e-03   1.00000000e+00   1.02879200e-01  -6.17947504e-04   2.37999771e+00   3.98233675e+00
 2.11000000e+00   5.00000000e-03   1.00000000e+00   1.03175997e-01  -6.20254314e-04   2.38133613e+00   3.98293476e+00
 2.12000000e+00   5.00000000e-03   1.00000000e+00   1.03464877e-01  -6.22513151e-04   2.38258043e+00   3.98342043e+00
 2.13000000e+00   5.00000000e-03   1.00000000e+00   1.03745571e-01  -6.24724624e-04   2.38397223e+00   3.98390987e+00
 2.14000000e+00   5.00000000e-03   1.00000000e+00   1.04017810e-01  -6.26888084e-04   2.38523031e+00   3.98435496e+00
 2.15000000e+00   5.00000000e-03   1.00000000e+00   1.04281335e-01  -6.29001406e-04   2.38651955e+00   3.98499440e+00
 2.16000000e+00   5.00000000e-03   1.00000000e+00   1.04535911e-01  -6.31061935e-04   2.38788167e+00   3.98549656e+00
 2.17000000e+00   5.00000000e-03   1.00000000e+00   1.04781327e-01  -6.33067242e-04   2.38916725e+00   3.98594222e+00
 2.18000000e+00   5.00000000e-03   1.00000000e+00   1.05017431e-01  -6.35016166e-04   2.39033214e+00   3.98652215e+00
 2.19000000e+00   5.00000000e-03   1.00000000e+00   1.05244032e-01  -6.36905777e-04   2.39159782e+00   3.98700065e+00
 2.20000000e+00   5.00000000e-03   1.00000000e+00   1.05460989e-01  -6.38733894e-04   2.39266872e+00   3.98745987e+00
 2.21000000e+00   5.00000000e-03   1.00000000e+00   1.05668225e-01  -6.40498762e-04   2.39381389e+00   3.98804244e+00
 2.22000000e+00   5.00000000e-03   1.00000000e+00   1.05865635e-01  -6.42199457e-04   2.39486550e+00   3.98856456e+00
 2.23000000e+00   5.00000000e-03   1.00000000e+00   1.06053157e-01  -6.43834296e-04   2.39613327e+00   3.98903104e+00
 2.24000000e+00   5.00000000e-03   1.00000000e+00   1.06230763e-01  -6.45401896e-04   2.39707105e+00   3.98953984e+00
 2.25000000e+00   5.00000000e-03   1.00000000e+00   1.06398448e-01  -6.46901418e-04   2.39806819e+00   3.99000942e+00
 2.26000000e+00   5.00000000e-03   1.00000000e+00   1.06556230e-01  -6.48332484e-04   2.39904586e+00   3.99055624e+00
 2.27000000e+00   5.00000000e-03   1.00000000e+00   1.06703415e-01  -6.49693768e-04   2.40015784e+00   3.99101597e+00
 2.28000000e+00   5.00000000e-03   1.00000000e+00   1.06839781e-01  -6.50972035e-04   2.40087461e+00   3.99157311e+00
 2.29000000e+00   5.00000000e-03   1.00000000e+00   1.06965285e-01  -6.52161450e-04   2.40186291e+00   3.99198348e+00
 2.30000000e+00   5.00000000e-03   1.00000000e+00   1.07079940e-01  -6.53262192e-04   2.40270119e+00   3.99236556e+00
 2.31000000e+00   5.00000000e-03   1.00000000e+00   1.07183828e-01  -6.54275503e-04   2.40337928e+00   3.99289305e+00
 2.32000000e+00   5.00000000e-03   1.00000000e+00   1.07276874e-01  -6.55209949e-04   2.40433161e+00   3.99332468e+00
 2.33000000e+00   5.00000000e-03   1.00000000e+00   1.07358664e-01  -6.56053092e-04   2.40498926e+00   3.99380610e+00
 2.34000000e+00   5.00000000e-03   1.00000000e+00   1.07429017e-01  -6.56804562e-04   2.40567293e+00   3.99430134e+00
 2.35000000e+00   5.00000000e-03   1.00000000e+00   1.07488250e-01  -6.57454161e-04   2.40627989e+00   3.99466610e+00
 2.36000000e+00   5.00000000e-03   1.00000000e+00   1.07535576e-01  -6.58011206e-04   2.40689285e+00   3.99522030e+00
 2.37000000e+00   5.00000000e-03   1.00000000e+00   1.07570976e-01  -6.58459694e-04   2.40745760e+00   3.99566887e+00
 2.38000000e+00   5.00000000e-03   1.00000000e+00   1.07593458e-01  -6.58756256e-04   2.40789459e+00   3.99602115e+00
 2.39000000e+00   5.00000000e-03   1.00000000e+00   1.07593464e-01  -6.58765889e-04   2.40846448e+00   3.99652932e+00
 2.40000000e+00   5.00000000e-03   1.00000000e+00   1.07591578e-01  -6.58853012e-04   2.40911471e+00   3.99720789e+00
 2.41000000e+00   5.00000000e-03   1.00000000e+00   1.07586273e-01  -6.58980114e-04   2.40915703e+00   3.99766728e+00
 2.42000000e+00   5.00000000e-03   1.00000000e+00   1.07577534e-01  -6.59113374e-04   2.40918100e+00   3.99786760e+00
 2.43000000e+00   5.00000000e-03   1.00000000e+00   1.07565102e-01  -6.59246425e-04   2.40929030e+00   3.99796561e+00
 2.44000000e+00   5.00000000e-03   1.00000000e+00   1.07548598e-01  -6.59364804e-04   2.40928558e+00   3.99816271e+00
 2.45000000e+00   5.00000000e-03   1.00000000e+00   1.07528065e-01  -6.59476595e-04   2.40934518e+00   3.99830714e+00
 2.46000000e+00   5.00000000e-03   1.00000000e+00   1.07503458e-01  -6.59568568e-04   2.40960449e+00   3.99841179e+00
 2.47000000e+00   5.00000000e-03   1.00000000e+00   1.07474982e-01  -6.59645191e-04   2.40968313e+00   3.99852164e+00
 2.48000000e+00   5.00000000e-03   1.00000000e+00   1.07442789e-01  -6.59704756e-04   2.40964087e+00   3.99849871e+00
 2.49000000e+00   5.00000000e-03   1.00000000e+00   1.07407043e-01  -6.59745410e-04   2.40979184e+00   3.99863309e+00
 2.50000000e+00   5.00000000e-03   1.00000000e+00   1.07367961e-01  -6.59769323e-04   2.40969088e+00   3.99864379e+00
 2.51000000e+00   5.00000000e-03   1.00000000e+00   1.07325703e-01  -6.59772499e-04   2.40999112e+00   3.99872371e+00
 2.52000000e+00   5.00000000e-03   1.00000000e+00   1.07280471e-01  -6.59760379e-04   2.40984168e+00   3.99879738e+00
 2.53000000e+00   5.00000000e-03   1.00000000e+00   1.07232549e-01  -6.59732891e-04   2.40992425e+00   3.99877879e+00
 2.54000000e+00   5.00000000e-03   1.00000000e+00   1.07181556e-01  -6.59664960e-04   2.40990699e+00   3.99878810e+00
 2.55000000e+00   5.00000000e-03   1.00000000e+00   1.07128127e-01  -6.59588416e-04   2.41000762e+00   3.99881561e+00
 2.56000000e+00   5.00000000e-03   1.00000000e+00   1.07071921e-01  -6.59478073e-04   2.40991260e+00   3.99882175e+00
 2.57000000e+00   5.00000000e-03   1.00000000e+00   1.07013236e-01  -6.59354766e-04   2.40993342e+00   3.99887332e+00
 2.58000000e+00   5.00000000e-03   1.00000000e+00   1.06951876e-01  -6.59197579e-04   2.40978606e+00   3.99885618e+00
 2.59000000e+00   5.00000000e-03   1.00000000e+00   1.06888728e-01  -6.59043909e-04   2.40975503e+00   3.99885782e+00
 2.60000000e+00   5.00000000e-03   1.00000000e+00   1.06823159e-01  -6.58843169e-04   2.40985442e+00   3.99882490e+00
 2.61000000e+00   5.00000000e-03   1.00000000e+00   1.06755619e-01  -6.58629968e-04   2.40978953e+00   3.99888673e+00
 2.62000000e+00   5.00000000e-03   1.00000000e+00   1.06685488e-01  -6.58364232e-04   2.40959257e+00   3.99878849e+00
 2.63000000e+00   5.00000000e-03   1.00000000e+00   1.06613655e-01  -6.58101893e-04   2.40942209e+00   3.99880223e+00
 2.64000000e+00   5.00000000e-03   1.00000000e+00   1.06539273e-01  -6.57793179e-04   2.40938415e+00   3.99879556e+00
 2.65000000e+00   5.00000000e-03   1.00000000e+00   1.06463102e-01  -6.57468563e-04   2.40917430e+00   3.99874242e+00
 2.66000000e+00   5.00000000e-03   1.00000000e+00   1.06384488e-01  -6.57103126e-04   2.40902217e+00   3.99875646e+00
 2.67000000e+00   5.00000000e-03   1.00000000e+00   1.06303561e-01  -6.56710808e-04   2.40898765e+00   3.99871619e+00
 2.68000000e+00   5.00000000e-03   1.00000000e+00   1.06221100e-01  -6.56278811e-04   2.40883620e+00   3.99869048e+00
 2.69000000e+00   5.00000000e-03   1.00000000e+00   1.06136479e-01  -6.55833117e-04   2.40871476e+00   3.99866157e+00
 2.70000000e+00   5.00000000e-03   1.00000000e+00   1.06050720e-01  -6.55354623e-04   2.40867280e+00   3.99866165e+00
 2.71000000e+00   5.00000000e-03   1.00000000e+00   1.05962987e-01  -6.54862736e-04   2.40818366e+00   3.99866845e+00
 2.72000000e+00   5.00000000e-03   1.00000000e+00   1.05873577e-01  -6.54334626e-04   2.40815865e+00   3.99867941e+00
 2.73000000e+00   5.00000000e-03   1.00000000e+00   1.05783296e-01  -6.53778958e-04   2.40770931e+00   3.99862479e+00
 2.74000000e+00   5.00000000e-03   1.00000000e+00   1.05692359e-01  -6.53207405e-04   2.40743073e+00   3.99864009e+00
 2.75000000e+00   5.00000000e-03   1.00000000e+00   1.05600929e-01  -6.52627852e-04   2.40733350e+00   3.99855352e+00
 2.76000000e+00   5.00000000e-03   1.00000000e+00   1.05508508e-01  -6.52032678e-04   2.40692989e+00   3.99845840e+00
 2.77000000e+00   5.00000000e-03   1.00000000e+00   1.05415998e-01  -6.51412010e-04   2.40665405e+00   3.99837356e+00
 2.78000000e+00   5.00000000e-03   1.00000000e+00   1.05323424e-01  -6.50787323e-04   2.40631536e+00   3.99837892e+00
 2.79000000e+00   5.00000000e-03   1.00000000e+00   1.05230699e-01  -6.50155619e-04   2.40598235e+00   3.99828139e+00
 2.80000000e+00   5.00000000e-03   1.00000000e+00   1.05138237e-01  -6.49512724e-04   2.40561873e+00   3.99817668e+00
 2.81000000e+00   5.00000000e-03   1.00000000e+00   1.05046195e-01  -6.48865400e-04   2.40530640e+00   3.99813450e+00
 2.82000000e+00   5.00000000e-03   1.00000000e+00   1.04954789e-01  -6.48216231e-04   2.40491213e+00   3.99800685e+00
 2.83000000e+00   5.00000000e-03   1.00000000e+00   1.04864177e-01  -6.47566247e-04   2.40451925e+00   3.99794051e+00
 2.84000000e+00   5.00000000e-03   1.00000000e+00   1.04774458e-01  -6.46916896e-04   2.40434649e+00   3.99778683e+00
 2.85000000e+00   5.00000000e-03   1.00000000e+00   1.04685756e-01  -6.46270211e-04   2.40396707e+00   3.99777521e+00
 2.86000000e+00   5.00000000e-03   1.00000000e+00   1.04598172e-01  -6.45627335e-04   2.40349499e+00   3.99761970e+00
 2.87000000e+00   5.00000000e-03   1.00000000e+00   1.04511796e-01  -6.44989234e-04   2.40306023e+00   3.99758969e+00
 2.88000000e+00   5.00000000e-03   1.00000000e+00   1.04426643e-01  -6.44360721e-04   2.40267801e+00   3.99739817e+00
 2.89000000e+00   5.00000000e-03   1.00000000e+00   1.04343670e-01  -6.43736400e-04   2.40232325e+00   3.99730923e+00
 2.90000000e+00   5.00000000e-03   1.00000000e+00   1.04262235e-01  -6.43133608e-04   2.40203568e+00   3.99713945e+00
 2.91000000e+00   5.00000000e-03   1.00000000e+00   1.04182542e-01  -6.42536938e-04   2.40165402e+00   3.99706683e+00
 2.92000000e+00   5.00000000e-03   1.00000000e+00   1.04105367e-01  -6.41948752e-04   2.40148863e+00   3.99695643e+00
 2.93000000e+00   5.00000000e-03   1.00000000e+00   1.04029993e-01  -6.41388498e-04   2.40102775e+00   3.99678644e+00
 2.94000000e+00   5.00000000e-03   1.00000000e+00   1.03956490e-01  -6.40836818e-04   2.40063918e+00   3.99671841e+00
 2.95000000e+00   5.00000000e-03   1.00000000e+00   1.03885752e-01  -6.40293251e-04   2.40039156e+00   3.99652098e+00
 2.96000000e+00   5.00000000e-03   1.00000000e+00   1.03816966e-01  -6.39777477e-04   2.40007146e+00   3.99635382e+00
 2.97000000e+00   5.00000000e-03   1.00000000e+00   1.03751288e-01  -6.39267752e-04   2.39974775e+00   3.99628383e+00
 2.98000000e+00   5.00000000e-03   1.00000000e+00   1.03687776e-01  -6.38788379e-04   2.39929426e+00   3.99612098e+00
 2.99000000e+00   5.00000000e-03   1.00000000e+00   1.03627405e-01  -6.38317323e-04   2.39894857e+00   3.99596128e+00
 3.00000000e+00   5.00000000e-03   1.00000000e+00   1.03569350e-01  -6.37876512e-04   2.39889598e+00   3.99578720e+00
 3.01000000e+00   5.00000000e-03   1.00000000e+00   1.03514522e-01  -6.37443617e-04   2.39844289e+00   3.99564113e+00
 3.02000000e+00   5.00000000e-03   1.00000000e+00   1.03462162e-01  -6.37036559e-04   2.39816505e+00   3.99554166e+00
 3.03000000e+00   5.00000000e-03   1.00000000e+00   1.03413171e-01  -6.36645512e-04   2.39786752e+00   3.99534997e+00
 3.04000000e+00   5.00000000e-03   1.00000000e+00   1.03367650e-01  -6.36296417e-04   2.39761480e+00   3.99512638e+00
 3.05000000e+00   5.00000000e-03   1.00000000e+00   1.03325986e-01  -6.35991919e-04   2.39734306e+00   3.99504966e+00
 3.06000000e+00   5.00000000e-03   1.00000000e+00   1.03288053e-01  -6.35705029e-04   2.39698726e+00   3.99486959e+00
 3.07000000e+00   5.00000000e-03   1.00000000e+00   1.03254129e-01  -6.35453057e-04   2.39678041e+00   3.99461469e+00
 3.08000000e+00   5.00000000e-03   1.00000000e+00   1.03224246e-01  -6.35226728e-04   2.39650612e+00   3.99447765e+00
 3.09000000e+00   5.00000000e-03   1.00000000e+00   1.03198565e-01  -6.35039148e-04   2.39644299e+00   3.99428743e+00
 3.10000000e+00   5.00000000e-03   1.00000000e+00   1.03176908e-01  -6.34873336e-04   2.39619194e+00   3.99402385e+00
 3.11000000e+00   5.00000000e-03   1.00000000e+00   1.03159187e-01  -6.34729167e-04   2.39593064e+00   3.99388486e+00
 3.12000000e+00   5.00000000e-03   1.00000000e+00   1.03145340e-01  -6.34603424e-04   2.39577348e+00   3.99364834e+00
 3.13000000e+00   5.00000000e-03   1.00000000e+00   1.03138884e-01  -6.34548576e-04   2.39550594e+00   3.99345469e+00
 3.14000000e+00   5.00000000e-03   1.00000000e+00   1.03138881e-01  -6.34542758e-04   2.39521649e+00   3.99317880e+00
 3.15000000e+00   5.00000000e-03   1.00000000e+00   1.03137597e-01  -6.34500583e-04   2.39510670e+00   3.99293365e+00
 3.16000000e+00   5.00000000e-03   1.00000000e+00   1.03135650e-01  -6.34430370e-04   2.39522639e+00   3.99275134e+00
 3.17000000e+00   5.00000000e-03   1.00000000e+00   1.03133652e-01  -6.34363797e-04   2.39513684e+00   3.99268367e+00
 3.18000000e+00   5.00000000e-03   1.00000000e+00   1.03131666e-01  -6.34298776e-04   2.39526190e+00   3.99273502e+00
 3.19000000e+00   5.00000000e-03   1.00000000e+00   1.03129709e-01  -6.34234761e-04   2.39518733e+00   3.99273599e+00
 3.20000000e+00   5.00000000e-03   1.00000000e+00   1.03127784e-01  -6.34171798e-04   2.39521393e+00   3.99282141e+00
 3.21000000e+00   5.00000000e-03   1.00000000e+00   1.03125833e-01  -6.34103015e-04   2.39516218e+00   3.99290263e+00
 3.22000000e+00   5.00000000e-03   1.00000000e+00   1.03123891e-01  -6.34036943e-04   2.39529470e+00   3.99297022e+00
 3.23000000e+00   5.00000000e-03   1.00000000e+00   1.03122592e-01  -6.33997749e-04   2.39533226e+00   3.99306163e+00
 3.24000000e+00   5.00000000e-03   1.00000000e+00   1.03121944e-01  -6.33974008e-04   2.39517052e+00   3.99306020e+00
 3.25000000e+00   5.00000000e-03   1.00000000e+00   1.03121322e-01  -6.33950761e-04   2.39512325e+00   3.99310638e+00
 3.26000000e+00   5.00000000e-03   1.00000000e+00   1.03121321e-01  -6.33950758e-04   2.39522441e+00   3.99320085e+00
 3.27000000e+00   5.00000000e-03   1.00000000e+00   1.03121319e-01  -6.33946558e-04   2.39521287e+00   3.99319229e+00
 3.28000000e+00   5.00000000e-03   1.00000000e+00   1.03121318e-01  -6.33946558e-04   2.39513729e+00   3.99328221e+00
 3.29000000e+00   5.00000000e-03   1.00000000e+00   1.03121317e-01  -6.33946553e-04   2.39518643e+00   3.99333461e+00
 3.30000000e+00   5.00000000e-03   1.00000000e+00   1.03121317e-01  -6.33946550e-04   2.39520068e+00   3.99329583e+00
 3.31000000e+00   5.00000000e-03   1.00000000e+00   1.03121316e-01  -6.33946552e-04   2.39527276e+00   3.99333150e+00
 3.32000000e+00   5.00000000e-03   1.00000000e+00   1.03121316e-01  -6.33946550e-04   2.39521949e+00   3.99344120e+00
 3.33000000e+00   5.00000000e-03   1.00000000e+00   1.03121316e-01  -6.33946543e-04   2.39525579e+00   3.99343902e+00
 3.34000000e+00   5.00000000e-03   1.00000000e+00   1.03121316e-01  -6.33946543e-04   2.39533489e+00   3.99351345e+00
 3.35000000e+00   5.00000000e-03   1.00000000e+00   1.03121316e-01  -6.33946539e-04   2.39533182e+00   3.99357020e+00
 3.36000000e+00   5.00000000e-03   1.00000000e+00   1.03121316e-01  -6.33946535e-04   2.39525632e+00   3.99354623e+00
 3.37000000e+00   5.00000000e-03   1.00000000e+00   1.03121316e-01  -6.33946536e-04   2.39525481e+00   3.99362433e+00
 3.38000000e+00   5.00000000e-03   1.00000000e+00   1.03121316e-01  -6.33946532e-04   2.39527306e+00   3.99366762e+00
 3.39000000e+00   5.00000000e-03   1.00000000e+00   1.03121316e-01  -6.33946529e-04   2.39525949e+00   3.99362672e+00
 3.40000000e+00   5.00000000e-03   1.00000000e+00   1.03121316e-01  -6.33946532e-04   2.39538274e+00   3.99362117e+00
 3.41000000e+00   5.00000000e-03   1.00000000e+00   1.03121316e-01  -6.33946532e-04   2.39540320e+00   3.99371253e+00
 3.42000000e+00   5.00000000e-03   1.00000000e+00   1.03121316e-01  -6.33946526e-04   2.39526505e+00   3.99374209e+00
 3.43000000e+00   5.00000000e-03   1.00000000e+00   1.03121316e-01  -6.33946524e-04   2.39541621e+00   3.99378435e+00
 3.44000000e+00   5.00000000e-03   1.00000000e+00   1.03121316e-01  -6.33946522e-04   2.39547976e+00   3.99379091e+00
 3.45000000e+00   5.00000000e-03   1.00000000e+00   1.03121316e-01  -6.33946521e-04   2.39535237e+00   3.99382592e+00
 3.46000000e+00   5.00000000e-03   1.00000000e+00   1.03121316e-01  -6.33946519e-04   2.39543699e+00   3.99377187e+00
 3.47000000e+00   5.00000000e-03   1.00000000e+00   1.03121316e-01  -6.33946523e-04   2.39535287e+00   3.99381929e+00
 3.48000000e+00   5.00000000e-03   1.00000000e+00   1.03121316e-01  -6.33946520e-04   2.39537930e+00   3.99383098e+00
 3.49000000e+00   5.00000000e-03   1.00000000e+00   1.03121316e-01  -6.33946519e-04   2.39537509e+00   3.99382650e+00
 3.50000000e+00   5.00000000e-03   1.00000000e+00   1.03121316e-01  -6.33946519e-04   2.39533224e+00   3.99392912e+00
 3.51000000e+00   5.00000000e-03   1.00000000e+00   1.03121316e-01  -6.33946513e-04   2.39537902e+00   3.99387131e+00
 3.52000000e+00   5.00000000e-03   1.00000000e+00   1.03121316e-01  -6.33946516e-04   2.39540187e+00   3.99390989e+00
 3.53000000e+00   5.00000000e-03   1.00000000e+00   1.03121316e-01  -6.33946514e-04   2.39534506e+00   3.99387455e+00
 3.54000000e+00   5.00000000e-03   1.00000000e+00   1.03121316e-01  -6.33946516e-04   2.39537885e+00   3.99397292e+00
 3.55000000e+00   5.00000000e-03   1.00000000e+00   1.03121316e-01  -6.33946510e-04   2.39548299e+00   3.99402005e+00
 3.56000000e+00   5.00000000e-03   1.00000000e+00   1.03121316e-01  -6.33946507e-04   2.39540065e+00   3.99398910e+00
 3.57000000e+00   5.00000000e-03   1.00000000e+00   1.03121316e-01  -6.33946509e-04   2.39532460e+00   3.99392249e+00
 3.58000000e+00   5.00000000e-03   1.00000000e+00   1.03121316e-01  -6.33946513e-04   2.39549608e+00   3.99400903e+00
 3.59000000e+00   5.00000000e-03   1.00000000e+00   1.03121316e-01  -6.33946508e-04   2.39536167e+00   3.99402163e+00
 3.60000000e+00   5.00000000e-03   1.00000000e+00   1.03121316e-01  -6.33946507e-04   2.39539680e+00   3.99394008e+00
 3.61000000e+00   5.00000000e-03   1.00000000e+00   1.03121316e-01  -6.33946512e-04   2.39536732e+00   3.99404191e+00
 3.62000000e+00   5.00000000e-03   1.00000000e+00   1.03121316e-01  -6.33946506e-04   2.39552351e+00   3.99398347e+00
 3.63000000e+00   5.00000000e-03   1.00000000e+00   1.03121316e-01  -6.33946509e-04   2.39550676e+00   3.99406164e+00
 3.64000000e+00   5.00000000e-03   1.00000000e+00   1.03121316e-01  -6.33946505e-04   2.39534837e+00   3.99401373e+00
 3.65000000e+00   5.00000000e-03   1.00000000e+00   1.03121316e-01  -6.33946508e-04   2.39548056e+00   3.99409045e+00
 3.66000000e+00   5.00000000e-03   1.00000000e+00   1.03121316e-01  -6.33946503e-04   2.39547870e+00   3.99407259e+00
 3.67000000e+00   5.00000000e-03   1.00000000e+00   1.03121316e-01  -6.33946504e-04   2.39548725e+00   3.99411570e+00
 3.68000000e+00   5.00000000e-03   1.00000000e+00   1.03121316e-01  -6.33946501e-04   2.39545992e+00   3.99405598e+00
 3.69000000e+00   5.00000000e-03   1.00000000e+00   1.03121316e-01  -6.33946505e-04   2.39561545e+00   3.99402930e+00
 3.70000000e+00   5.00000000e-03   1.00000000e+00   1.03121316e-01  -6.33946507e-04   2.39553238e+00   3.99414027e+00
 3.71000000e+00   5.00000000e-03   1.00000000e+00   1.03121316e-01  -6.33946500e-04   2.39547583e+00   3.99404815e+00
 3.72000000e+00   5.00000000e-03   1.00000000e+00   1.03121316e-01  -6.33946505e-04   2.39552366e+00   3.99411994e+00
 3.73000000e+00   5.00000000e-03   1.00000000e+00   1.03121316e-01  -6.33946501e-04   2.39543319e+00   3.99412826e+00
 3.74000000e+00   5.00000000e-03   1.00000000e+00   1.03121316e-01  -6.33946500e-04   2.39542011e+00   3.99416844e+00
 3.75000000e+00   5.00000000e-03   1.00000000e+00   1.03121316e-01  -6.33946498e-04   2.39554302e+00   3.99405260e+00
 3.76000000e+00   5.00000000e-03   1.00000000e+00   1.03121316e-01  -6.33946505e-04   2.39541132e+00   3.99406170e+00
 3.77000000e+00   5.00000000e-03   1.00000000e+00   1.03121316e-01  -6.33946505e-04   2.39541522e+00   3.99418203e+00
 3.78000000e+00   5.00000000e-03   1.00000000e+00   1.03121316e-01  -6.33946497e-04   2.39541024e+00   3.99414977e+00
 3.79000000e+00   5.00000000e-03   1.00000000e+00   1.03121316e-01  -6.33946499e-04   2.39549913e+00   3.99422247e+00
 3.80000000e+00   5.00000000e-03   1.00000000e+00   1.03121316e-01  -6.33946495e-04   2.39540560e+00   3.99414217e+00
 3.81000000e+00   5.00000000e-03   1.00000000e+00   1.03121316e-01  -6.33946500e-04   2.39540748e+00   3.99408663e+00
 3.82000000e+00   5.00000000e-03   1.00000000e+00   1.03121316e-01  -6.33946503e-04   2.39543240e+00   3.99415989e+00
 3.83000000e+00   5.00000000e-03   1.00000000e+00   1.03121316e-01  -6.33946498e-04   2.39558203e+00   3.99421402e+00
 3.84000000e+00   5.00000000e-03   1.00000000e+00   1.03121316e-01  -6.33946495e-04   2.39548992e+00   3.99407868e+00
 3.85000000e+00   5.00000000e-03   1.00000000e+00   1.03121316e-01  -6.33946504e-04   2.39558075e+00   3.99417686e+00
 3.86000000e+00   5.00000000e-03   1.00000000e+00   1.03121316e-01  -6.33946497e-04   2.39550265e+00   3.99416028e+00
 3.87000000e+00   5.00000000e-03   1.00000000e+00   1.03121316e-01  -6.33946498e-04   2.39548081e+00   3.99411581e+00
 3.88000000e+00   5.00000000e-03   1.00000000e+00   1.03121316e-01  -6.33946501e-04   2.39556244e+00   3.99420412e+00
 3.89000000e+00   5.00000000e-03   1.00000000e+00   1.03121316e-01  -6.33946496e-04   2.39543732e+00   3.99418616e+00
 3.90000000e+00   5.00000000e-03   1.00000000e+00   1.03121316e-01  -6.33946497e-04   2.39563293e+00   3.99414689e+00
 3.91000000e+00   5.00000000e-03   1.00000000e+00   1.03121316e-01  -6.33946499e-04   2.39559921e+00   3.99416681e+00
 3.92000000e+00   5.00000000e-03   1.00000000e+00   1.03121316e-01  -6.33946498e-04   2.39557243e+00   3.99421787e+00
 3.93000000e+00   5.00000000e-03   1.00000000e+00   1.03121316e-01  -6.33946495e-04   2.39547607e+00   3.99416341e+00
 3.94000000e+00   5.00000000e-03   1.00000000e+00   1.03121316e-01  -6.33946498e-04   2.39549122e+00   3.99417481e+00
 3.95000000e+00   5.00000000e-03   1.00000000e+00   1.03121316e-01  -6.33946498e-04   2.39553702e+00   3.99416193e+00
 3.96000000e+00   5.00000000e-03   1.00000000e+00   1.03121316e-01  -6.33946498e-04   2.39552468e+00   3.99417508e+00
 3.97000000e+00   5.00000000e-03   1.00000000e+00   1.03121316e-01  -6.33946498e-04   2.39545295e+00   3.99415087e+00
 3.98000000e+00   5.00000000e-03   1.00000000e+00   1.03121316e-01  -6.33946499e-04   2.39546959e+00   3.99422619e+00
 3.99000000e+00   5.00000000e-03   1.00000000e+00   1.03121316e-01  -6.33946494e-04   2.39546893e+00   3.99424599e+00
 4.00000000e+00   5.00000000e-03   1.00000000e+00   1.03121316e-01  -6.33946493e-04   2.39553286e+00   3.99413400e+00
 4.01000000e+00   5.00000000e-03   1.00000000e+00   1.03121316e-01  -6.33946500e-04   2.39545628e+00   3.99424015e+00
 4.02000000e+00   5.00000000e-03   1.00000000e+00   1.03121316e-01  -6.33946494e-04   2.39558387e+00   3.99418709e+00
 4.03000000e+00   5.00000000e-03   1.00000000e+00   1.03121316e-01  -6.33946497e-04   2.39550693e+00   3.99416954e+00
 4.04000000e+00   5.00000000e-03   1.00000000e+00   1.03121316e-01  -6.33946498e-04   2.39548940e+00   3.99423381e+00
 4.05000000e+00   5.00000000e-03   1.00000000e+00   1.03121316e-01  -6.33946494e-04   2.39552601e+00   3.99418429e+00
 4.06000000e+00   5.00000000e-03   1.00000000e+00   1.03121316e-01  -6.33946497e-04   2.39551327e+00   3.99419256e+00
 4.07000000e+00   5.00000000e-03   1.00000000e+00   1.03121316e-01  -6.33946496e-04   2.39557541e+00   3.99419358e+00
 4.08000000e+00   5.00000000e-03   1.00000000e+00   1.03121316e-01  -6.33946496e-04   2.39547313e+00   3.99422728e+00
 4.09000000e+00   5.00000000e-03   1.00000000e+00   1.03121316e-01  -6.33946494e-04   2.39536899e+00   3.99425696e+00
 4.10000000e+00   5.00000000e-03   1.00000000e+00   1.03121316e-01  -6.33946492e-04   2.39562831e+00   3.99418627e+00
 4.11000000e+00   5.00000000e-03   1.00000000e+00   1.03121316e-01  -6.33946497e-04   2.39553092e+00   3.99421551e+00
 4.12000000e+00   5.00000000e-03   1.00000000e+00   1.03121316e-01  -6.33946495e-04   2.39552875e+00   3.99416320e+00
 4.13000000e+00   5.00000000e-03   1.00000000e+00   1.03121316e-01  -6.33946498e-04   2.39538503e+00   3.99427675e+00
 4.14000000e+00   5.00000000e-03   1.00000000e+00   1.03121316e-01  -6.33946491e-04   2.39554016e+00   3.99413830e+00
 4.15000000e+00   5.00000000e-03   1.00000000e+00   1.03121316e-01  -6.33946500e-04   2.39550752e+00   3.99415375e+00
 4.16000000e+00   5.00000000e-03   1.00000000e+00   1.03121316e-01  -6.33946499e-04   2.39554831e+00   3.99425536e+00
 4.17000000e+00   5.00000000e-03   1.00000000e+00   1.03121316e-01  -6.33946493e-04   2.39546561e+00   3.99416733e+00
 4.18000000e+00   5.00000000e-03   1.00000000e+00   1.03121316e-01  -6.33946498e-04   2.39550284e+00   3.99420856e+00
 4.19000000e+00   5.00000000e-03   1.00000000e+00   1.03121316e-01  -6.33946495e-04   2.39558329e+00   3.99416766e+00
 4.20000000e+00   5.00000000e-03   1.00000000e+00   1.03121316e-01  -6.33946498e-04   2.39558536e+00   3.99415388e+00
 4.21000000e+00   5.00000000e-03   1.00000000e+00   1.03121316e-01  -6.33946499e-04   2.39549272e+00   3.99420481e+00
 4.22000000e+00   5.00000000e-03   1.00000000e+00   1.03121316e-01  -6.33946496e-04   2.39540038e+00   3.99422979e+00
 4.23000000e+00   5.00000000e-03   1.00000000e+00   1.03121316e-01  -6.33946494e-04   2.39544584e+00   3.99422180e+00
 4.24000000e+00   5.00000000e-03   1.00000000e+00   1.03121316e-01  -6.33946495e-04   2.39558277e+00   3.99423138e+00
 4.25000000e+00   5.00000000e-03   1.00000000e+00   1.03121316e-01  -6.33946494e-04   2.39541739e+00   3.99428822e+00
 4.26000000e+00   5.00000000e-03   1.00000000e+00   1.03121316e-01  -6.33946491e-04   2.39552933e+00   3.99421911e+00
 4.27000000e+00   5.00000000e-03   1.00000000e+00   1.03121316e-01  -6.33946495e-04   2.39556756e+00   3.99429902e+00
 4.28000000e+00   5.00000000e-03   1.00000000e+00   1.03121316e-01  -6.33946490e-04   2.39544327e+00   3.99413356e+00
 4.29000000e+00   5.00000000e-03   1.00000000e+00   1.03121316e-01  -6.33946500e-04   2.39553630e+00   3.99424946e+00
 4.30000000e+00   5.00000000e-03   1.00000000e+00   1.03121316e-01  -6.33946493e-04   2.39544990e+00   3.99419956e+00
 4.31000000e+00   5.00000000e-03   1.00000000e+00   1.03121316e-01  -6.33946496e-04   2.39544674e+00   3.99420030e+00
 4.32000000e+00   5.00000000e-03   1.00000000e+00   1.03121316e-01  -6.33946496e-04   2.39550457e+00   3.99419586e+00
 4.33000000e+00   5.00000000e-03   1.00000000e+00   1.03121316e-01  -6.33946496e-04   2.39552089e+00   3.99424979e+00
 4.34000000e+00   5.00000000e-03   1.00000000e+00   1.03121316e-01  -6.33946493e-04   2.39547947e+00   3.99421083e+00
 4.35000000e+00   5.00000000e-03   1.00000000e+00   1.03121316e-01  -6.33946495e-04   2.39549668e+00   3.99421998e+00
 4.36000000e+00   5.00000000e-03   1.00000000e+00   1.03121316e-01  -6.33946495e-04   2.39552531e+00   3.99420458e+00
 4.37000000e+00   5.00000000e-03   1.00000000e+00   1.03121316e-01  -6.33946496e-04   2.39546298e+00   3.99424484e+00
 4.38000000e+00   5.00000000e-03   1.00000000e+00   1.03121316e-01  -6.33946493e-04   2.39545693e+00   3.99422418e+00
 4.39000000e+00   5.00000000e-03   1.00000000e+00   1.03121316e-01  -6.33946495e-04   2.39550880e+00   3.99424186e+00
 4.40000000e+00   5.00000000e-03   1.00000000e+00   1.03121316e-01  -6.33946493e-04   2.39553045e+00   3.99422915e+00
 4.41000000e+00   5.00000000e-03   1.00000000e+00   1.03121316e-01  -6.33946494e-04   2.39551593e+00   3.99421748e+00
 4.42000000e+00   5.00000000e-03   1.00000000e+00   1.03121316e-01  -6.33946495e-04   2.39551146e+00   3.99422934e+00
 4.43000000e+00   5.00000000e-03   1.00000000e+00   1.03121316e-01  -6.33946494e-04   2.39550897e+00   3.99419542e+00
 4.44000000e+00   5.00000000e-03   1.00000000e+00   1.03121316e-01  -6.33946496e-04   2.39548800e+00   3.99419953e+00
 4.45000000e+00   5.00000000e-03   1.00000000e+00   1.03121316e-01  -6.33946496e-04   2.39545352e+00   3.99422176e+00
 4.46000000e+00   5.00000000e-03   1.00000000e+00   1.03121316e-01  -6.33946495e-04   2.39555161e+00   3.99424689e+00
 4.47000000e+00   5.00000000e-03   1.00000000e+00   1.03121316e-01  -6.33946493e-04   2.39552196e+00   3.99419534e+00
 4.48000000e+00   5.00000000e-03   1.00000000e+00   1.03121316e-01  -6.33946496e-04   2.39543318e+00   3.99423439e+00
 4.49000000e+00   5.00000000e-03   1.00000000e+00   1.03121316e-01  -6.33946494e-04   2.39549754e+00   3.99418247e+00
 4.50000000e+00   5.00000000e-03   1.00000000e+00   1.03121316e-01  -6.33946497e-04   2.39549562e+00   3.99423901e+00
 4.51000000e+00   5.00000000e-03   1.00000000e+00   1.03121316e-01  -6.33946494e-04   2.39554003e+00   3.99421394e+00
 4.52000000e+00   5.00000000e-03   1.00000000e+00   1.03121316e-01  -6.33946495e-04   2.39549748e+00   3.99423901e+00
 4.53000000e+00   5.00000000e-03   1.00000000e+00   1.03121316e-01  -6.33946494e-04   2.39539892e+00   3.99417104e+00
 4.54000000e+00   5.00000000e-03   1.00000000e+00   1.03121316e-01  -6.33946498e-04   2.39548025e+00   3.99426081e+00
 4.55000000e+00   5.00000000e-03   1.00000000e+00   1.03121316e-01  -6.33946492e-04   2.39548282e+00   3.99421789e+00
 4.56000000e+00   5.00000000e-03   1.00000000e+00   1.03121316e-01  -6.33946495e-04   2.39550396e+00   3.99416526e+00
 4.57000000e+00   5.00000000e-03   1.00000000e+00   1.03121316e-01  -6.33946498e-04   2.39559851e+00   3.99424509e+00
 4.58000000e+00   5.00000000e-03   1.00000000e+00   1.03121316e-01  -6.33946493e-04   2.39550138e+00   3.99423901e+00
 4.59000000e+00   5.00000000e-03   1.00000000e+00   1.03121316e-01  -6.33946494e-04   2.39550868e+00   3.99421557e+00
 4.60000000e+00   5.00000000e-03   1.00000000e+00   1.03121316e-01  -6.33946495e-04   2.39557235e+00   3.99423543e+00
 4.61000000e+00   5.00000000e-03   1.00000000e+00   1.03121316e-01  -6.33946494e-04   2.39559138e+00   3.99425167e+00
 4.62000000e+00   5.00000000e-03   1.00000000e+00   1.03121316e-01  -6.33946493e-04   2.39553868e+00   3.99418362e+00
 4.63000000e+00   5.00000000e-03   1.00000000e+00   1.03121316e-01  -6.33946497e-04   2.39539362e+00   3.99416516e+00
 4.64000000e+00   5.00000000e-03   1.00000000e+00   1.03121316e-01  -6.33946498e-04   2.39541228e+00   3.99419047e+00
 4.65000000e+00   5.00000000e-03   1.00000000e+00   1.03121316e-01  -6.33946497e-04   2.39546893e+00   3.99425105e+00
 4.66000000e+00   5.00000000e-03   1.00000000e+00   1.03121316e-01  -6.33946493e-04   2.39558812e+00   3.99427614e+00
 4.67000000e+00   5.00000000e-03   1.00000000e+00   1.03121316e-01  -6.33946491e-04   2.39553723e+00   3.99421215e+00
 4.68000000e+00   5.00000000e-03   1.00000000e+00   1.03121316e-01  -6.33946495e-04   2.39545817e+00   3.99425852e+00
 4.69000000e+00   5.00000000e-03   1.00000000e+00   1.03121316e-01  -6.33946492e-04   2.39541204e+00   3.99420196e+00
 4.70000000e+00   5.00000000e-03   1.00000000e+00   1.03121316e-01  -6.33946496e-04   2.39543895e+00   3.99419238e+00
 4.71000000e+00   5.00000000e-03   1.00000000e+00   1.03121316e-01  -6.33946496e-04   2.39539253e+00   3.99422350e+00
 4.72000000e+00   5.00000000e-03   1.00000000e+00   1.03121316e-01  -6.33946495e-04   2.39551401e+00   3.99420121e+00
 4.73000000e+00   5.00000000e-03   1.00000000e+00   1.03121316e-01  -6.33946496e-04   2.39560341e+00   3.99424008e+00
 4.74000000e+00   5.00000000e-03   1.00000000e+00   1.03121316e-01  -6.33946494e-04   2.39542053e+00   3.99427937e+00
 4.75000000e+00   5.00000000e-03   1.00000000e+00   1.03121316e-01  -6.33946491e-04   2.39544528e+00   3.99422766e+00
 4.76000000e+00   5.00000000e-03   1.00000000e+00   1.03121316e-01  -6.33946494e-04   2.39554902e+00   3.99428070e+00
 4.77000000e+00   5.00000000e-03   1.00000000e+00   1.03121316e-01  -6.33946491e-04   2.39556052e+00   3.99415908e+00
 4.78000000e+00   5.00000000e-03   1.00000000e+00   1.03121316e-01  -6.33946499e-04   2.39552908e+00   3.99420367e+00
 4.79000000e+00   5.00000000e-03   1.00000000e+00   1.03121316e-01  -6.33946496e-04   2.39544902e+00   3.99420723e+00
 4.80000000e+00   5.00000000e-03   1.00000000e+00   1.03121316e-01  -6.33946496e-04   2.39557829e+00   3.99416165e+00
 4.81000000e+00   5.00000000e-03   1.00000000e+00   1.03121316e-01  -6.33946498e-04   2.39567087e+00   3.99419424e+00
 4.82000000e+00   5.00000000e-03   1.00000000e+00   1.03121316e-01  -6.33946496e-04   2.39544254e+00   3.99423897e+00
 4.83000000e+00   5.00000000e-03   1.00000000e+00   1.03121316e-01  -6.33946494e-04   2.39555061e+00   3.99418043e+00
 4.84000000e+00   5.00000000e-03   1.00000000e+00   1.03121316e-01  -6.33946497e-04   2.39536939e+00   3.99427403e+00
 4.85000000e+00   5.00000000e-03   1.00000000e+00   1.03121316e-01  -6.33946491e-04   2.39550779e+00   3.99417484e+00
 4.86000000e+00   5.00000000e-03   1.00000000e+00   1.03121316e-01  -6.33946498e-04   2.39542236e+00   3.99423913e+00
 4.87000000e+00   5.00000000e-03   1.00000000e+00   1.03121316e-01  -6.33946494e-04   2.39543641e+00   3.99426376e+00
 4.88000000e+00   5.00000000e-03   1.00000000e+00   1.03121316e-01  -6.33946492e-04   2.39548856e+00   3.99424760e+00
 4.89000000e+00   5.00000000e-03   1.00000000e+00   1.03121316e-01  -6.33946493e-04   2.39541283e+00   3.99419916e+00
 4.90000000e+00   5.00000000e-03   1.00000000e+00   1.03121316e-01  -6.33946496e-04   2.39558129e+00   3.99427524e+00
 4.91000000e+00   5.00000000e-03   1.00000000e+00   1.03121316e-01  -6.33946491e-04   2.39551558e+00   3.99427477e+00
 4.92000000e+00   5.00000000e-03   1.00000000e+00   1.03121316e-01  -6.33946491e-04   2.39549423e+00   3.99425949e+00
 4.93000000e+00   5.00000000e-03   1.00000000e+00   1.03121316e-01  -6.33946492e-04   2.39549663e+00   3.99419491e+00
 4.94000000e+00   5.00000000e-03   1.00000000e+00   1.03121316e-01  -6.33946496e-04   2.39544938e+00   3.99422316e+00
 4.95000000e+00   5.00000000e-03   1.00000000e+00   1.03121316e-01  -6.33946495e-04   2.39551548e+00   3.99415868e+00
 4.96000000e+00   5.00000000e-03   1.00000000e+00   1.03121316e-01  -6.33946499e-04   2.39551922e+00   3.99423584e+00
 4.97000000e+00   5.00000000e-03   1.00000000e+00   1.03121316e-01  -6.33946494e-04   2.39552083e+00   3.99419727e+00
 4.98000000e+00   5.00000000e-03   1.00000000e+00   1.03121316e-01  -6.33946496e-04   2.39545679e+00   3.99425852e+00
 4.99000000e+00   5.00000000e-03   1.00000000e+00   1.03121316e-01  -6.33946492e-04   2.39548537e+00   3.99423079e+00
 5.00000000e+00   5.00000000e-03   1.00000000e+00   1.03121316e-01  -6.33946494e-04   2.39556621e+00   3.99423831e+00