  Time  Coordinate0  Coordinate1  Displacement0  Displacement1  Force0  Force1
 1.00000000e-02  -8.33333334e-03   1.00000000e+00   5.43246012e-04   9.00914113e-06   1.79806898e+00  -3.30615804e+00
 2.00000000e-02  -8.33333334e-03   1.00000000e+00   1.55072826e-03   5.79354912e-05   1.69891394e+00   3.08825668e+00
 3.00000000e-02  -8.33333334e-03   1.00000000e+00   2.86216530e-03   1.23567340e-04   1.46537291e+00   1.15804656e+00
 4.00000000e-02  -8.33333334e-03   1.00000000e+00   4.37302982e-03   1.89358369e-04   1.24633436e+00   9.93628638e-01
 5.00000000e-02  -8.33333334e-03   1.00000000e+00   6.02936964e-03   2.40614548e-04   1.13578135e+00   9.79730147e-01
 6.00000000e-02  -8.33333334e-03   1.00000000e+00   7.83028539e-03   2.66393122e-04   1.06710194e+00   1.00091534e+00
 7.00000000e-02  -8.33333334e-03   1.00000000e+00   9.83677715e-03   2.60999367e-04   1.01943001e+00   1.02115041e+00
 8.00000000e-02  -8.33333334e-03   1.00000000e+00   1.21673274e-02   2.29274615e-04   9.81286249e-01   1.03389114e+00
 9.00000000e-02  -8.33333334e-03   1.00000000e+00   1.49595548e-02   1.88389957e-04   9.45947047e-01   1.03609907e+00
 1.00000000e-01  -8.33333334e-03   1.00000000e+00   1.83040999e-02   1.62564284e-04   9.10558207e-01   1.02582988e+00
 1.10000000e-01  -8.33333334e-03   1.00000000e+00   2.21886113e-02   1.72772867e-04   8.75746779e-01   1.00248149e+00
 1.20000000e-01  -8.33333334e-03   1.00000000e+00   2.64902169e-02   2.28035430e-04   8.44041343e-01   9.67902445e-01
 1.30000000e-01  -8.33333334e-03   1.00000000e+00   3.10220422e-02   3.23520087e-04   8.17035978e-01   9.26567669e-01
 1.40000000e-01  -8.33333334e-03   1.00000000e+00   3.56024655e-02   4.44781978e-04   7.95464009e-01   8.83818417e-01
 1.50000000e-01  -8.33333334e-03   1.00000000e+00   4.01059364e-02   5.73745933e-04   7.78664546e-01   8.43921956e-01
 1.60000000e-01  -8.33333334e-03   1.00000000e+00   4.44754710e-02   6.92974461e-04   7.65345578e-01   8.09137595e-01
 1.70000000e-01  -8.33333334e-03   1.00000000e+00   4.87063468e-02   7.88199705e-04   7.54110374e-01   7.79476952e-01
 1.80000000e-01  -8.33333334e-03   1.00000000e+00   5.28224408e-02   8.50660043e-04   7.43924811e-01   7.53643963e-01
 1.90000000e-01  -8.33333334e-03   1.00000000e+00   5.68589351e-02   8.79415975e-04   7.34118841e-01   7.30075812e-01
 2.00000000e-01  -8.33333334e-03   1.00000000e+00   6.08511819e-02   8.82184931e-04   7.24328624e-01   7.07474660e-01
 2.10000000e-01  -8.33333334e-03   1.00000000e+00   6.48241739e-02   8.73283718e-04   7.14438744e-01   6.84795051e-01
 2.20000000e-01  -8.33333334e-03   1.00000000e+00   6.87811153e-02   8.69010768e-04   7.04640819e-01   6.61413960e-01
 2.30000000e-01  -8.33333334e-03   1.00000000e+00   7.26959748e-02   8.82290310e-04   6.95473874e-01   6.37271999e-01
 2.40000000e-01  -8.33333334e-03   1.00000000e+00   7.65163945e-02   9.18698850e-04   6.87648774e-01   6.12991047e-01
 2.50000000e-01  -8.33333334e-03   1.00000000e+00   8.01791854e-02   9.75148645e-04   6.81795735e-01   5.89817678e-01
 2.60000000e-01  -8.33333334e-03   1.00000000e+00   8.36344333e-02   1.04138742e-03   6.78145909e-01   5.69300496e-01
 2.70000000e-01  -8.33333334e-03   1.00000000e+00   8.68691709e-02   1.10373494e-03   6.76359920e-01   5.52705794e-01
 2.80000000e-01  -8.33333334e-03   1.00000000e+00   8.99214781e-02   1.14965395e-03   6.75657584e-01   5.40659013e-01
 2.90000000e-01  -8.33333334e-03   1.00000000e+00   9.28782024e-02   1.17190650e-03   6.74826524e-01   5.32664763e-01
 3.00000000e-01  -8.33333334e-03   1.00000000e+00   9.58560985e-02   1.17080555e-03   6.72647102e-01   5.27198624e-01
 3.10000000e-01  -8.33333334e-03   1.00000000e+00   9.89722223e-02   1.15409002e-03   6.68187855e-01   5.21885646e-01
 3.20000000e-01  -8.33333334e-03   1.00000000e+00   1.02314094e-01   1.13447736e-03   6.61166734e-01   5.14351793e-01
 3.30000000e-01  -8.33333334e-03   1.00000000e+00   1.05919232e-01   1.12596962e-03   6.51955092e-01   5.02757459e-01
 3.40000000e-01  -8.33333334e-03   1.00000000e+00   1.09770774e-01   1.13994818e-03   6.41467624e-01   4.86460063e-01
 3.50000000e-01  -8.33333334e-03   1.00000000e+00   1.13808573e-01   1.18229740e-03   6.30728624e-01   4.65922917e-01
 3.60000000e-01  -8.33333334e-03   1.00000000e+00   1.17950262e-01   1.25212354e-03   6.20577766e-01   4.42462622e-01
 3.70000000e-01  -8.33333334e-03   1.00000000e+00   1.22114015e-01   1.34228813e-03   6.11501372e-01   4.17913677e-01
 3.80000000e-01  -8.33333334e-03   1.00000000e+00   1.26236084e-01   1.44146333e-03   6.03458261e-01   3.93684623e-01
 3.90000000e-01  -8.33333334e-03   1.00000000e+00   1.30279232e-01   1.53718069e-03   5.96257000e-01   3.70782737e-01
 4.00000000e-01  -8.33333334e-03   1.00000000e+00   1.34231579e-01   1.61907101e-03   5.89474396e-01   3.49523662e-01
 4.10000000e-01  -8.33333334e-03   1.00000000e+00   1.38097747e-01   1.68140879e-03   5.82691672e-01   3.29662430e-01
 4.20000000e-01  -8.33333334e-03   1.00000000e+00   1.41885503e-01   1.72424762e-03   5.75682329e-01   3.10587330e-01
 4.30000000e-01  -8.33333334e-03   1.00000000e+00   1.45591724e-01   1.75283555e-03   5.68452128e-01   2.91560522e-01
 4.40000000e-01  -8.33333334e-03   1.00000000e+00   1.49191713e-01   1.77550981e-03   5.61277987e-01   2.72080919e-01
 4.50000000e-01  -8.33333334e-03   1.00000000e+00   1.52635367e-01   1.80076341e-03   5.54638930e-01   2.52062175e-01
 4.60000000e-01  -8.33333334e-03   1.00000000e+00   1.55852141e-01   1.83439548e-03   5.49084941e-01   2.31989843e-01
 4.70000000e-01  -8.33333334e-03   1.00000000e+00   1.58764218e-01   1.87762955e-03   5.45057218e-01   2.12777474e-01
 4.80000000e-01  -8.33333334e-03   1.00000000e+00   1.61304407e-01   1.92675624e-03   5.42789615e-01   1.95701981e-01
 4.90000000e-01  -8.33333334e-03   1.00000000e+00   1.63433453e-01   1.97439895e-03   5.42241521e-01   1.82013326e-01
 5.00000000e-01  -8.33333334e-03   1.00000000e+00   1.65151145e-01   2.01189837e-03   5.43044595e-01   1.72566620e-01
 5.10000000e-01  -8.33333334e-03   1.00000000e+00   1.66497682e-01   2.03201602e-03   5.44690555e-01   1.67624758e-01
 5.20000000e-01  -8.33333334e-03   1.00000000e+00   1.67544628e-01   2.03112703e-03   5.46570629e-01   1.66723980e-01
 5.30000000e-01  -8.33333334e-03   1.00000000e+00   1.68378697e-01   2.01034088e-03   5.48149612e-01   1.68784808e-01
 5.40000000e-01  -8.33333334e-03   1.00000000e+00   1.69083225e-01   1.97527085e-03   5.49066831e-01   1.72360169e-01
 5.50000000e-01  -8.33333334e-03   1.00000000e+00   1.69722781e-01   1.93457648e-03   5.49201105e-01   1.76029245e-01
 5.60000000e-01  -8.33333334e-03   1.00000000e+00   1.70334917e-01   1.89774296e-03   5.48706933e-01   1.78749283e-01
 5.70000000e-01  -8.33333334e-03   1.00000000e+00   1.70930424e-01   1.87272546e-03   5.47847352e-01   1.79994535e-01
 5.80000000e-01  -8.33333334e-03   1.00000000e+00   1.71500802e-01   1.86410747e-03   5.46934645e-01   1.79797643e-01
 5.90000000e-01  -8.33333334e-03   1.00000000e+00   1.72029737e-01   1.87224316e-03   5.46193583e-01   1.78604380e-01
 6.00000000e-01  -8.33333334e-03   1.00000000e+00   1.72504547e-01   1.89355824e-03   5.45681524e-01   1.77002064e-01
 6.10000000e-01  -8.33333334e-03   1.00000000e+00   1.72923803e-01   1.92186866e-03   5.45267250e-01   1.75467351e-01
 6.20000000e-01  -8.33333334e-03   1.00000000e+00   1.73299096e-01   1.95033291e-03   5.44686491e-01   1.74147891e-01
 6.30000000e-01  -8.33333334e-03   1.00000000e+00   1.73650519e-01   1.97341105e-03   5.43628325e-01   1.72830059e-01
 6.40000000e-01  -8.33333334e-03   1.00000000e+00   1.73997527e-01   1.98835391e-03   5.41865208e-01   1.70969671e-01
 6.50000000e-01  -8.33333334e-03   1.00000000e+00   1.74347907e-01   1.99572790e-03   5.39329040e-01   1.67914234e-01
 6.60000000e-01  -8.33333334e-03   1.00000000e+00   1.74688593e-01   1.99882998e-03   5.36224976e-01   1.63139774e-01
 6.70000000e-01  -8.33333334e-03   1.00000000e+00   1.74981396e-01   2.00224886e-03   5.32931179e-01   1.56471788e-01
 6.80000000e-01  -8.33333334e-03   1.00000000e+00   1.75165290e-01   2.01001091e-03   5.29935088e-01   1.48185630e-01
 6.90000000e-01  -8.33333334e-03   1.00000000e+00   1.75165088e-01   2.02414207e-03   5.27723342e-01   1.39039576e-01
 7.00000000e-01  -8.33333334e-03   1.00000000e+00   1.74904267e-01   2.04385362e-03   5.26672533e-01   1.30145128e-01
 7.10000000e-01  -8.33333334e-03   1.00000000e+00   1.74318615e-01   2.06553952e-03   5.26963387e-01   1.22713884e-01
 7.20000000e-01  -8.33333334e-03   1.00000000e+00   1.73367038e-01   2.08363517e-03   5.28580870e-01   1.17842299e-01
 7.30000000e-01  -8.33333334e-03   1.00000000e+00   1.72036600e-01   2.09202654e-03   5.31358055e-01   1.16271659e-01
 7.40000000e-01  -8.33333334e-03   1.00000000e+00   1.70341199e-01   2.08565800e-03   5.35020368e-01   1.18260875e-01
 7.50000000e-01  -8.33333334e-03   1.00000000e+00   1.68314597e-01   2.06185678e-03   5.39283174e-01   1.23599307e-01
 7.60000000e-01  -8.33333334e-03   1.00000000e+00   1.66000358e-01   2.02100176e-03   5.43903886e-01   1.31710211e-01
 7.70000000e-01  -8.33333334e-03   1.00000000e+00   1.63441883e-01   1.96638182e-03   5.48768215e-01   1.41878968e-01
 7.80000000e-01  -8.33333334e-03   1.00000000e+00   1.60675390e-01   1.90332239e-03   5.53885664e-01   1.53446306e-01
 7.90000000e-01  -8.33333334e-03   1.00000000e+00   1.57727512e-01   1.83784490e-03   5.59346954e-01   1.65956472e-01
 8.00000000e-01  -8.33333334e-03   1.00000000e+00   1.54617613e-01   1.77524652e-03   5.65307143e-01   1.79281381e-01
 8.10000000e-01  -8.33333334e-03   1.00000000e+00   1.51363416e-01   1.71897831e-03   5.71930002e-01   1.93575129e-01
 8.20000000e-01  -8.33333334e-03   1.00000000e+00   1.47987582e-01   1.67012715e-03   5.79049929e-01   2.08918227e-01
 8.30000000e-01  -8.33333334e-03   1.00000000e+00   1.44522652e-01   1.62759649e-03   5.86518237e-01   2.25458317e-01
 8.40000000e-01  -8.33333334e-03   1.00000000e+00   1.41012364e-01   1.58887412e-03   5.93998741e-01   2.43011145e-01
 8.50000000e-01  -8.33333334e-03   1.00000000e+00   1.37508541e-01   1.55113471e-03   6.01047293e-01   2.61133997e-01
 8.60000000e-01  -8.33333334e-03   1.00000000e+00   1.34064107e-01   1.51233733e-03   6.07144083e-01   2.78907108e-01
 8.70000000e-01  -8.33333334e-03   1.00000000e+00   1.30724057e-01   1.47196865e-03   6.11998022e-01   2.95485917e-01
 8.80000000e-01  -8.33333334e-03   1.00000000e+00   1.27516856e-01   1.43124037e-03   6.15455510e-01   3.09961462e-01
 8.90000000e-01  -8.33333334e-03   1.00000000e+00   1.24448648e-01   1.39268865e-03   6.17639177e-01   3.21695180e-01
 9.00000000e-01  -8.33333334e-03   1.00000000e+00   1.21501942e-01   1.35936432e-03   6.18895574e-01   3.30484811e-01
 9.10000000e-01  -8.33333334e-03   1.00000000e+00   1.18639088e-01   1.33379812e-03   6.19715190e-01   3.36594377e-01
 9.20000000e-01  -8.33333334e-03   1.00000000e+00   1.15809641e-01   1.31709607e-03   6.20603772e-01   3.40689748e-01
 9.30000000e-01  -8.33333334e-03   1.00000000e+00   1.12959583e-01   1.30840146e-03   6.21993792e-01   3.43716334e-01
 9.40000000e-01  -8.33333334e-03   1.00000000e+00   1.10040030e-01   1.30491236e-03   6.24175137e-01   3.46652009e-01
 9.50000000e-01  -8.33333334e-03   1.00000000e+00   1.07013355e-01   1.30240202e-03   6.27243186e-01   3.50322686e-01
 9.60000000e-01  -8.33333334e-03   1.00000000e+00   1.03855577e-01   1.29613524e-03   6.31194189e-01   3.55320325e-01
 9.70000000e-01  -8.33333334e-03   1.00000000e+00   1.00554999e-01   1.28189268e-03   6.35941681e-01   3.61909374e-01
 9.80000000e-01  -8.33333334e-03   1.00000000e+00   9.71082661e-02   1.25685627e-03   6.41409809e-01   3.70122164e-01
 9.90000000e-01  -8.33333334e-03   1.00000000e+00   9.35155780e-02   1.22012459e-03   6.47590704e-01   3.79840280e-01
 1.00000000e+00  -8.33333334e-03   1.00000000e+00   8.97769883e-02   1.17273670e-03   6.54563365e-01   3.90952947e-01
 1.01000000e+00  -8.33333334e-03   1.00000000e+00   8.58911298e-02   1.11721295e-03   6.62496028e-01   4.03477432e-01
 1.02000000e+00  -8.33333334e-03   1.00000000e+00   8.18568371e-02   1.05676277e-03   6.71597033e-01   4.17574761e-01
 1.03000000e+00  -8.33333334e-03   1.00000000e+00   7.76771072e-02   9.94416566e-04   6.82014166e-01   4.33540756e-01
 1.04000000e+00  -8.33333334e-03   1.00000000e+00   7.33640148e-02   9.32333304e-04   6.93790612e-01   4.51698852e-01
 1.05000000e+00  -8.33333334e-03   1.00000000e+00   6.89428489e-02   8.71458013e-04   7.06761259e-01   4.72225097e-01
 1.06000000e+00  -8.33333334e-03   1.00000000e+00   6.44539059e-02   8.11594393e-04   7.20564871e-01   4.95074134e-01
 1.07000000e+00  -8.33333334e-03   1.00000000e+00   5.99510299e-02   7.51838594e-04   7.34650661e-01   5.19848525e-01
 1.08000000e+00  -8.33333334e-03   1.00000000e+00   5.54969332e-02   6.91232081e-04   7.48364392e-01   5.45800786e-01
 1.09000000e+00  -8.33333334e-03   1.00000000e+00   5.11562417e-02   6.29425460e-04   7.61057547e-01   5.71925397e-01
 1.10000000e+00  -8.33333334e-03   1.00000000e+00   4.69878519e-02   5.67130222e-04   7.72198268e-01   5.97106580e-01
 1.11000000e+00  -8.33333334e-03   1.00000000e+00   4.30383591e-02   5.06218381e-04   7.81469870e-01   6.20315476e-01
 1.12000000e+00  -8.33333334e-03   1.00000000e+00   3.93379763e-02   4.49436744e-04   7.88800706e-01   6.40774032e-01
 1.13000000e+00  -8.33333334e-03   1.00000000e+00   3.58996513e-02   3.99812500e-04   7.94323136e-01   6.58059243e-01
 1.14000000e+00  -8.33333334e-03   1.00000000e+00   3.27212008e-02   3.59920210e-04   7.98323220e-01   6.72109809e-01
 1.15000000e+00  -8.33333334e-03   1.00000000e+00   2.97894999e-02   3.31209429e-04   8.01103248e-01   6.83159104e-01
 1.16000000e+00  -8.33333334e-03   1.00000000e+00   2.70853246e-02   3.13587580e-04   8.02951459e-01   6.91645652e-01
 1.17000000e+00  -8.33333334e-03   1.00000000e+00   2.45874400e-02   3.05387657e-04   8.04065562e-01   6.98008822e-01
 1.18000000e+00  -8.33333334e-03   1.00000000e+00   2.22749744e-02   3.03807147e-04   8.04579884e-01   7.02639112e-01
 1.19000000e+00  -8.33333334e-03   1.00000000e+00   2.01276726e-02   3.05532226e-04   8.04590195e-01   7.05811124e-01
 1.20000000e+00  -8.33333334e-03   1.00000000e+00   1.81245200e-02   3.07394460e-04   8.04230276e-01   7.07702201e-01
 1.21000000e+00  -8.33333334e-03   1.00000000e+00   1.62416608e-02   3.06857812e-04   8.03701540e-01   7.08507095e-01
 1.22000000e+00  -8.33333334e-03   1.00000000e+00   1.44509007e-02   3.02332034e-04   8.03299198e-01   7.08439180e-01
 1.23000000e+00  -8.33333334e-03   1.00000000e+00   1.27197419e-02   2.93267910e-04   8.03396643e-01   7.07856929e-01
 1.24000000e+00  -8.33333334e-03   1.00000000e+00   1.10134488e-02   2.80002400e-04   8.04404028e-01   7.07275093e-01
 1.25000000e+00  -8.33333334e-03   1.00000000e+00   9.29894504e-03   2.63389525e-04   8.06674188e-01   7.07317977e-01
 1.26000000e+00  -8.33333334e-03   1.00000000e+00   7.54974168e-03   2.44339490e-04   8.10449747e-01   7.08671664e-01
 1.27000000e+00  -8.33333334e-03   1.00000000e+00   5.75072141e-03   2.23432538e-04   8.15805248e-01   7.11927388e-01
 1.28000000e+00  -8.33333334e-03   1.00000000e+00   3.90156368e-03   2.00734857e-04   8.22610067e-01   7.17488398e-01
 1.29000000e+00  -8.33333334e-03   1.00000000e+00   2.01790239e-03   1.75836679e-04   8.30546424e-01   7.25480333e-01
 1.30000000e+00  -8.33333334e-03   1.00000000e+00   1.29910697e-04   1.48084459e-04   8.39161190e-01   7.35712561e-01
 1.31000000e+00  -8.33333334e-03   1.00000000e+00  -1.72134053e-03   1.16952516e-04   8.47918381e-01   7.47700799e-01
 1.32000000e+00  -8.33333334e-03   1.00000000e+00  -3.48888467e-03   8.24347153e-05   8.56289315e-01   7.60751197e-01
 1.33000000e+00  -8.33333334e-03   1.00000000e+00  -5.12507571e-03   4.53264099e-05   8.63803525e-01   7.74069483e-01
 1.34000000e+00  -8.33333334e-03   1.00000000e+00  -6.58593536e-03   7.29729598e-06   8.70128166e-01   7.86878761e-01
 1.35000000e+00  -8.33333334e-03   1.00000000e+00  -7.83389319e-03  -2.92593956e-05   8.75036344e-01   7.98540355e-01
 1.36000000e+00  -8.33333334e-03   1.00000000e+00  -8.83870831e-03  -6.15480821e-05   8.78400467e-01   8.08557530e-01
 1.37000000e+00  -8.33333334e-03   1.00000000e+00  -9.57695899e-03  -8.68339778e-05   8.80149537e-01   8.16589859e-01
 1.38000000e+00  -8.33333334e-03   1.00000000e+00  -1.00307946e-02  -1.02969656e-04   8.80216937e-01   8.22433893e-01
 1.39000000e+00  -8.33333334e-03   1.00000000e+00  -1.01867794e-02  -1.08785032e-04   8.78548773e-01   8.25945717e-01
 1.40000000e+00  -8.33333334e-03   1.00000000e+00  -1.00355643e-02  -1.04262702e-04   8.75090735e-01   8.26994518e-01
 1.41000000e+00  -8.33333334e-03   1.00000000e+00  -9.57264118e-03  -9.04333241e-05   8.69843433e-01   8.25443951e-01
 1.42000000e+00  -8.33333334e-03   1.00000000e+00  -8.80004141e-03  -6.90113186e-05   8.62874077e-01   8.21153863e-01
 1.43000000e+00  -8.33333334e-03   1.00000000e+00  -7.72843123e-03  -4.19680526e-05   8.54377647e-01   8.14036825e-01
 1.44000000e+00  -8.33333334e-03   1.00000000e+00  -6.37874504e-03  -1.11296920e-05   8.44689253e-01   8.04123442e-01
 1.45000000e+00  -8.33333334e-03   1.00000000e+00  -4.78265867e-03   2.20895002e-05   8.34254118e-01   7.91649848e-01
 1.46000000e+00  -8.33333334e-03   1.00000000e+00  -2.98139724e-03   5.67615677e-05   8.23588346e-01   7.77044161e-01
 1.47000000e+00  -8.33333334e-03   1.00000000e+00  -1.02280738e-03   9.23793343e-05   8.13214266e-01   7.60912513e-01
 1.48000000e+00  -8.33333334e-03   1.00000000e+00   1.04286809e-03   1.28661006e-04   8.03577071e-01   7.43998497e-01
 1.49000000e+00  -8.33333334e-03   1.00000000e+00   3.16773969e-03   1.65254395e-04   7.95022807e-01   7.27070504e-01
 1.50000000e+00  -8.33333334e-03   1.00000000e+00   5.31067146e-03   2.01505157e-04   7.87747030e-01   7.10888759e-01
 1.51000000e+00  -8.33333334e-03   1.00000000e+00   7.44051749e-03   2.36346354e-04   7.81793998e-01   6.96028722e-01
 1.52000000e+00  -8.33333334e-03   1.00000000e+00   9.53771578e-03   2.68375484e-04   7.77096318e-01   6.82890057e-01
 1.53000000e+00  -8.33333334e-03   1.00000000e+00   1.15942150e-02   2.96095673e-04   7.73501699e-01   6.71661456e-01
 1.54000000e+00  -8.33333334e-03   1.00000000e+00   1.36120271e-02   3.18264895e-04   7.70799735e-01   6.62342156e-01
 1.55000000e+00  -8.33333334e-03   1.00000000e+00   1.56010583e-02   3.34231579e-04   7.68782755e-01   6.54775843e-01
 1.56000000e+00  -8.33333334e-03   1.00000000e+00   1.75768815e-02   3.44156013e-04   7.67238872e-01   6.48727265e-01
 1.57000000e+00  -8.33333334e-03   1.00000000e+00   1.95589882e-02   3.49075507e-04   7.65982656e-01   6.43917019e-01
 1.58000000e+00  -8.33333334e-03   1.00000000e+00   2.15697757e-02   3.50787088e-04   7.64823451e-01   6.40075002e-01
 1.59000000e+00  -8.33333334e-03   1.00000000e+00   2.36341907e-02   3.51569506e-04   7.63553466e-01   6.36901914e-01
 1.60000000e+00  -8.33333334e-03   1.00000000e+00   2.57796622e-02   3.53820801e-04   7.61947880e-01   6.34134950e-01
 1.61000000e+00  -8.33333334e-03   1.00000000e+00   2.80358226e-02   3.59692014e-04   7.59742070e-01   6.31446400e-01
 1.62000000e+00  -8.33333334e-03   1.00000000e+00   3.04335835e-02   3.70813214e-04   7.56651105e-01   6.28475282e-01
 1.63000000e+00  -8.33333334e-03   1.00000000e+00   3.30033042e-02   3.88140462e-04   7.52414164e-01   6.24795032e-01
 1.64000000e+00  -8.33333334e-03   1.00000000e+00   3.57721702e-02   4.11987393e-04   7.46820075e-01   6.19940852e-01
 1.65000000e+00  -8.33333334e-03   1.00000000e+00   3.87610739e-02   4.42145180e-04   7.39757677e-01   6.13450927e-01
 1.66000000e+00  -8.33333334e-03   1.00000000e+00   4.19817063e-02   4.78139442e-04   7.31246808e-01   6.04925435e-01
 1.67000000e+00  -8.33333334e-03   1.00000000e+00   4.54342799e-02   5.19430237e-04   7.21432864e-01   5.94094795e-01
 1.68000000e+00  -8.33333334e-03   1.00000000e+00   4.91066405e-02   5.65653047e-04   7.10587901e-01   5.80858927e-01
 1.69000000e+00  -8.33333334e-03   1.00000000e+00   5.29747128e-02   6.16617092e-04   6.99062018e-01   5.65312818e-01
 1.70000000e+00  -8.33333334e-03   1.00000000e+00   5.70043924e-02   6.72084511e-04   6.87217044e-01   5.47735666e-01
 1.71000000e+00  -8.33333334e-03   1.00000000e+00   6.11544687e-02   7.31638853e-04   6.75437270e-01   5.28590303e-01
 1.72000000e+00  -8.33333334e-03   1.00000000e+00   6.53798799e-02   7.94526077e-04   6.64039104e-01   5.08388871e-01
 1.73000000e+00  -8.33333334e-03   1.00000000e+00   6.96349084e-02   8.59586334e-04   6.53278105e-01   4.87643996e-01
 1.74000000e+00  -8.33333334e-03   1.00000000e+00   7.38757377e-02   9.25265220e-04   6.43319589e-01   4.66940663e-01
 1.75000000e+00  -8.33333334e-03   1.00000000e+00   7.80622055e-02   9.89703204e-04   6.34287404e-01   4.46714029e-01
 1.76000000e+00  -8.33333334e-03   1.00000000e+00   8.21587981e-02   1.05096159e-03   6.26237922e-01   4.27336484e-01
 1.77000000e+00  -8.33333334e-03   1.00000000e+00   8.61350940e-02   1.10727692e-03   6.19213576e-01   4.09099248e-01
 1.78000000e+00  -8.33333334e-03   1.00000000e+00   8.99660589e-02   1.15723446e-03   6.13220375e-01   3.92250995e-01
 1.79000000e+00  -8.33333334e-03   1.00000000e+00   9.36324684e-02   1.19997008e-03   6.08262521e-01   3.76961746e-01
 1.80000000e+00  -8.33333334e-03   1.00000000e+00   9.71215883e-02   1.23527722e-03   6.04302506e-01   3.63379273e-01
 1.81000000e+00  -8.33333334e-03   1.00000000e+00   1.00428112e-01   1.26362664e-03   6.01274892e-01   3.51609590e-01
 1.82000000e+00  -8.33333334e-03   1.00000000e+00   1.03555052e-01   1.28605212e-03   5.99051722e-01   3.41642930e-01
 1.83000000e+00  -8.33333334e-03   1.00000000e+00   1.06514277e-01   1.30392307e-03   5.97531306e-01   3.33603904e-01
 1.84000000e+00  -8.33333334e-03   1.00000000e+00   1.09326317e-01   1.31869264e-03   5.96481917e-01   3.27320642e-01
 1.85000000e+00  -8.33333334e-03   1.00000000e+00   1.12019235e-01   1.33170169e-03   5.95669536e-01   3.22542765e-01
 1.86000000e+00  -8.33333334e-03   1.00000000e+00   1.14626511e-01   1.34407732e-03   5.94846739e-01   3.18960232e-01
 1.87000000e+00  -8.33333334e-03   1.00000000e+00   1.17184168e-01   1.35673762e-03   5.93769758e-01   3.16149502e-01
 1.88000000e+00  -8.33333334e-03   1.00000000e+00   1.19727492e-01   1.37051498e-03   5.92241229e-01   3.13634936e-01
 1.89000000e+00  -8.33333334e-03   1.00000000e+00   1.22287798e-01   1.38623946e-03   5.90103959e-01   3.10902623e-01
 1.90000000e+00  -8.33333334e-03   1.00000000e+00   1.24889778e-01   1.40467054e-03   5.87282156e-01   3.07516463e-01
 1.91000000e+00  -8.33333334e-03   1.00000000e+00   1.27549724e-01   1.42646836e-03   5.83767840e-01   3.03108456e-01
 1.92000000e+00  -8.33333334e-03   1.00000000e+00   1.30274634e-01   1.45225099e-03   5.79566137e-01   2.97416667e-01
 1.93000000e+00  -8.33333334e-03   1.00000000e+00   1.33062333e-01   1.48254805e-03   5.74854607e-01   2.90317453e-01
 1.94000000e+00  -8.33333334e-03   1.00000000e+00   1.35902204e-01   1.51766545e-03   5.69742666e-01   2.81779795e-01
 1.95000000e+00  -8.33333334e-03   1.00000000e+00   1.38776302e-01   1.55755238e-03   5.64377352e-01   2.71906152e-01
 1.96000000e+00  -8.33333334e-03   1.00000000e+00   1.41660533e-01   1.60170007e-03   5.58908525e-01   2.60853419e-01
 1.97000000e+00  -8.33333334e-03   1.00000000e+00   1.44525751e-01   1.64910943e-03   5.53493682e-01   2.48853301e-01
 1.98000000e+00  -8.33333334e-03   1.00000000e+00   1.47338739e-01   1.69834122e-03   5.48277955e-01   2.36143908e-01
 1.99000000e+00  -8.33333334e-03   1.00000000e+00   1.50063156e-01   1.74764169e-03   5.43405546e-01   2.23023095e-01
 2.00000000e+00  -8.33333334e-03   1.00000000e+00   1.52660648e-01   1.79512366e-03   5.39019839e-01   2.09817348e-01
 2.01000000e+00  -8.33333334e-03   1.00000000e+00   1.55092276e-01   1.83897137e-03   5.35233461e-01   1.96840469e-01
 2.02000000e+00  -8.33333334e-03   1.00000000e+00   1.57320337e-01   1.87763287e-03   5.32153339e-01   1.84477073e-01
 2.03000000e+00  -8.33333334e-03   1.00000000e+00   1.59310532e-01   1.90996863e-03   5.29853024e-01   1.73062305e-01
 2.04000000e+00  -8.33333334e-03   1.00000000e+00   1.61034277e-01   1.93530980e-03   5.28398463e-01   1.62998699e-01
 2.05000000e+00  -8.33333334e-03   1.00000000e+00   1.62470852e-01   1.95342751e-03   5.27776752e-01   1.54581505e-01
 2.06000000e+00  -8.33333334e-03   1.00000000e+00   1.63609067e-01   1.96444595e-03   5.27949652e-01   1.48068551e-01
 2.07000000e+00  -8.33333334e-03   1.00000000e+00   1.64448150e-01   1.96873383e-03   5.28861973e-01   1.43638457e-01
 2.08000000e+00  -8.33333334e-03   1.00000000e+00   1.64997752e-01   1.96680920e-03   5.30417637e-01   1.41366607e-01
 2.09000000e+00  -8.33333334e-03   1.00000000e+00   1.65276868e-01   1.95926670e-03   5.32502365e-01   1.41199872e-01
 2.10000000e+00  -8.33333334e-03   1.00000000e+00   1.65312174e-01   1.94677074e-03   5.34986652e-01   1.42978600e-01
 2.11000000e+00  -8.33333334e-03   1.00000000e+00   1.65135839e-01   1.93008571e-03   5.37737834e-01   1.46444539e-01
 2.12000000e+00  -8.33333334e-03   1.00000000e+00   1.64783144e-01   1.91011903e-03   5.40589485e-01   1.51254824e-01
 2.13000000e+00  -8.33333334e-03   1.00000000e+00   1.64290207e-01   1.88795613e-03   5.43426557e-01   1.57039653e-01
 2.14000000e+00  -8.33333334e-03   1.00000000e+00   1.63692025e-01   1.86486372e-03   5.46151030e-01   1.63449344e-01
 2.15000000e+00  -8.33333334e-03   1.00000000e+00   1.63020867e-01   1.84223648e-03   5.48626096e-01   1.70073646e-01
 2.16000000e+00  -8.33333334e-03   1.00000000e+00   1.62305022e-01   1.82149362e-03   5.50753265e-01   1.76549761e-01
 2.17000000e+00  -8.33333334e-03   1.00000000e+00   1.61567760e-01   1.80393167e-03   5.52462876e-01   1.82582389e-01
 2.18000000e+00  -8.33333334e-03   1.00000000e+00   1.60826446e-01   1.79056251e-03   5.53693601e-01   1.87886647e-01
 2.19000000e+00  -8.33333334e-03   1.00000000e+00   1.60091722e-01   1.78197763e-03   5.54427039e-01   1.92225922e-01
 2.20000000e+00  -8.33333334e-03   1.00000000e+00   1.59366792e-01   1.77826416e-03   5.54672332e-01   1.95443755e-01
 2.21000000e+00  -8.33333334e-03   1.00000000e+00   1.58646921e-01   1.77898886e-03   5.54493194e-01   1.97459409e-01
 2.22000000e+00  -8.33333334e-03   1.00000000e+00   1.57919274e-01   1.78325338e-03   5.53997825e-01   1.98276551e-01
 2.23000000e+00  -8.33333334e-03   1.00000000e+00   1.57163443e-01   1.78982642e-03   5.53315637e-01   1.97986438e-01
 2.24000000e+00  -8.33333334e-03   1.00000000e+00   1.56352436e-01   1.79729512e-03   5.52608623e-01   1.96785790e-01
 2.25000000e+00  -8.33333334e-03   1.00000000e+00   1.55454366e-01   1.80422366e-03   5.52051683e-01   1.94963500e-01
 2.26000000e+00  -8.33333334e-03   1.00000000e+00   1.54434684e-01   1.80928366e-03   5.51831270e-01   1.92889659e-01
 2.27000000e+00  -8.33333334e-03   1.00000000e+00   1.53258722e-01   1.81133640e-03   5.52104298e-01   1.90987139e-01
 2.28000000e+00  -8.33333334e-03   1.00000000e+00   1.51894280e-01   1.80945288e-03   5.53011825e-01   1.89700807e-01
 2.29000000e+00  -8.33333334e-03   1.00000000e+00   1.50313978e-01   1.80289789e-03   5.54660089e-01   1.89459375e-01
 2.30000000e+00  -8.33333334e-03   1.00000000e+00   1.48497026e-01   1.79107740e-03   5.57126326e-01   1.90646968e-01
 2.31000000e+00  -8.33333334e-03   1.00000000e+00   1.46430531e-01   1.77350778e-03   5.60449548e-01   1.93578705e-01
 2.32000000e+00  -8.33333334e-03   1.00000000e+00   1.44110127e-01   1.74981035e-03   5.64635671e-01   1.98481198e-01
 2.33000000e+00  -8.33333334e-03   1.00000000e+00   1.41540025e-01   1.71974113e-03   5.69726729e-01   2.05516103e-01
 2.34000000e+00  -8.33333334e-03   1.00000000e+00   1.38732609e-01   1.68325424e-03   5.75596212e-01   2.14672409e-01
 2.35000000e+00  -8.33333334e-03   1.00000000e+00   1.35707720e-01   1.64058473e-03   5.82215764e-01   2.25954289e-01
 2.36000000e+00  -8.33333334e-03   1.00000000e+00   1.32491740e-01   1.59233801e-03   5.89506065e-01   2.39206925e-01
 2.37000000e+00  -8.33333334e-03   1.00000000e+00   1.29116520e-01   1.53954051e-03   5.97364531e-01   2.54280275e-01
 2.38000000e+00  -8.33333334e-03   1.00000000e+00   1.25618160e-01   1.48360352e-03   6.05569278e-01   2.70736276e-01
 2.39000000e+00  -8.33333334e-03   1.00000000e+00   1.22035596e-01   1.42619937e-03   6.13979473e-01   2.88346718e-01
 2.40000000e+00  -8.33333334e-03   1.00000000e+00   1.18408975e-01   1.36908954e-03   6.22372038e-01   3.06700286e-01
 2.41000000e+00  -8.33333334e-03   1.00000000e+00   1.14777801e-01   1.31393764e-03   6.30518020e-01   3.25346834e-01
 2.42000000e+00  -8.33333334e-03   1.00000000e+00   1.11178957e-01   1.26214839e-03   6.38198493e-01   3.43821532e-01
 2.43000000e+00  -8.33333334e-03   1.00000000e+00   1.07644703e-01   1.21475258e-03   6.45207592e-01   3.61666880e-01
 2.44000000e+00  -8.33333334e-03   1.00000000e+00   1.04200856e-01   1.17235358e-03   6.51426751e-01   3.78467705e-01
 2.45000000e+00  -8.33333334e-03   1.00000000e+00   1.00865349e-01   1.13514022e-03   6.56751037e-01   3.93850577e-01
 2.46000000e+00  -8.33333334e-03   1.00000000e+00   9.76473329e-02   1.10295469e-03   6.61181404e-01   4.07553148e-01
 2.47000000e+00  -8.33333334e-03   1.00000000e+00   9.45469382e-02   1.07538733e-03   6.64789411e-01   4.19436372e-01
 2.48000000e+00  -8.33333334e-03   1.00000000e+00   9.15557198e-02   1.05186528e-03   6.67700029e-01   4.29509489e-01
 2.49000000e+00  -8.33333334e-03   1.00000000e+00   8.86577139e-02   1.03170964e-03   6.70105048e-01   4.37890644e-01
 2.50000000e+00  -8.33333334e-03   1.00000000e+00   8.58309729e-02   1.01416262e-03   6.72215183e-01   4.44823894e-01
 2.51000000e+00  -8.33333334e-03   1.00000000e+00   8.30494023e-02   9.98395724e-04   6.74262612e-01   4.50639059e-01
 2.52000000e+00  -8.33333334e-03   1.00000000e+00   8.02847177e-02   9.83500210e-04   6.76475093e-01   4.55720844e-01
 2.53000000e+00  -8.33333334e-03   1.00000000e+00   7.75083725e-02   9.68468670e-04   6.79076591e-01   4.60517646e-01
 2.54000000e+00  -8.33333334e-03   1.00000000e+00   7.46933498e-02   9.52194509e-04   6.82251856e-01   4.65456853e-01
 2.55000000e+00  -8.33333334e-03   1.00000000e+00   7.18157661e-02   9.33514884e-04   6.86176883e-01   4.70950255e-01
 2.56000000e+00  -8.33333334e-03   1.00000000e+00   6.88562751e-02   9.11295613e-04   6.90985114e-01   4.77378047e-01
 2.57000000e+00  -8.33333334e-03   1.00000000e+00   6.58012730e-02   8.84559115e-04   6.96771866e-01   4.85065759e-01
 2.58000000e+00  -8.33333334e-03   1.00000000e+00   6.26438909e-02   8.52621951e-04   7.03592893e-01   4.94273860e-01
 2.59000000e+00  -8.33333334e-03   1.00000000e+00   5.93847367e-02   8.15204096e-04   7.11456066e-01   5.05177402e-01
 2.60000000e+00  -8.33333334e-03   1.00000000e+00   5.60323260e-02   7.72484855e-04   7.20304044e-01   5.17883831e-01
 2.61000000e+00  -8.33333334e-03   1.00000000e+00   5.26031167e-02   7.25096340e-04   7.30017457e-01   5.32375134e-01
 2.62000000e+00  -8.33333334e-03   1.00000000e+00   4.91210743e-02   6.74053122e-04   7.40418990e-01   5.48530383e-01
 2.63000000e+00  -8.33333334e-03   1.00000000e+00   4.56167290e-02   6.20636471e-04   7.51269215e-01   5.66129094e-01
 2.64000000e+00  -8.33333334e-03   1.00000000e+00   4.21257404e-02   5.66259279e-04   7.62270661e-01   5.84812795e-01
 2.65000000e+00  -8.33333334e-03   1.00000000e+00   3.86870482e-02   5.12336529e-04   7.73092826e-01   6.04159457e-01
 2.66000000e+00  -8.33333334e-03   1.00000000e+00   3.53407513e-02   4.60185513e-04   7.83399261e-01   6.23668741e-01
 2.67000000e+00  -8.33333334e-03   1.00000000e+00   3.21258871e-02   4.10966815e-04   7.92869087e-01   6.42805955e-01
 2.68000000e+00  -8.33333334e-03   1.00000000e+00   2.90783102e-02   3.65660620e-04   8.01208178e-01   6.61025796e-01
 2.69000000e+00  -8.33333334e-03   1.00000000e+00   2.62288386e-02   3.25079071e-04   8.08199949e-01   6.77826795e-01
 2.70000000e+00  -8.33333334e-03   1.00000000e+00   2.36017756e-02   2.89873328e-04   8.13698327e-01   6.92765928e-01
 2.71000000e+00  -8.33333334e-03   1.00000000e+00   2.12138990e-02   2.60525342e-04   8.17638442e-01   7.05506473e-01
 2.72000000e+00  -8.33333334e-03   1.00000000e+00   1.90739331e-02   2.37329127e-04   8.20043524e-01   7.15801064e-01
 2.73000000e+00  -8.33333334e-03   1.00000000e+00   1.71824693e-02   2.20365771e-04   8.21018314e-01   7.23567753e-01
 2.74000000e+00  -8.33333334e-03   1.00000000e+00   1.55322894e-02   2.09477927e-04   8.20732192e-01   7.28812871e-01
 2.75000000e+00  -8.33333334e-03   1.00000000e+00   1.41090281e-02   2.04249254e-04   8.19417459e-01   7.31668165e-01
 2.76000000e+00  -8.33333334e-03   1.00000000e+00   1.28921220e-02   2.03990095e-04   8.17337180e-01   7.32366505e-01
 2.77000000e+00  -8.33333334e-03   1.00000000e+00   1.18560209e-02   2.07728668e-04   8.14782323e-01   7.31232830e-01
 2.78000000e+00  -8.33333334e-03   1.00000000e+00   1.09716148e-02   2.14228243e-04   8.12054519e-01   7.28662584e-01
 2.79000000e+00  -8.33333334e-03   1.00000000e+00   1.02078774e-02   2.22069923e-04   8.09448597e-01   7.25099939e-01
 2.80000000e+00  -8.33333334e-03   1.00000000e+00   9.53366619e-03   2.29787799e-04   8.07227392e-01   7.21013107e-01
 2.81000000e+00  -8.33333334e-03   1.00000000e+00   8.91960737e-03   2.36019034e-04   8.05627409e-01   7.16873553e-01
 2.82000000e+00  -8.33333334e-03   1.00000000e+00   8.33995915e-03   2.39657705e-04   8.04814994e-01   7.13119024e-01
 2.83000000e+00  -8.33333334e-03   1.00000000e+00   7.77427796e-03   2.39931289e-04   8.04906228e-01   7.10136384e-01
 2.84000000e+00  -8.33333334e-03   1.00000000e+00   7.20880160e-03   2.36420006e-04   8.05947880e-01   7.08249985e-01
 2.85000000e+00  -8.33333334e-03   1.00000000e+00   6.63739010e-03   2.29046278e-04   8.07909368e-01   7.07679705e-01
 2.86000000e+00  -8.33333334e-03   1.00000000e+00   6.06195555e-03   2.18040369e-04   8.10700409e-01   7.08534269e-01
 2.87000000e+00  -8.33333334e-03   1.00000000e+00   5.49234721e-03   2.03891681e-04   8.14143699e-01   7.10824524e-01
 2.88000000e+00  -8.33333334e-03   1.00000000e+00   4.94570364e-03   1.87294184e-04   8.18025784e-01   7.14437994e-01
 2.89000000e+00  -8.33333334e-03   1.00000000e+00   4.44534254e-03   1.69092926e-04   8.22081586e-01   7.19141025e-01
 2.90000000e+00  -8.33333334e-03   1.00000000e+00   4.01929416e-03   1.50241179e-04   8.26017629e-01   7.24624517e-01
 2.91000000e+00  -8.33333334e-03   1.00000000e+00   3.69860621e-03   1.31759708e-04   8.29524913e-01   7.30500502e-01
 2.92000000e+00  -8.33333334e-03   1.00000000e+00   3.51554045e-03   1.14712567e-04   8.32306709e-01   7.36334848e-01
 2.93000000e+00  -8.33333334e-03   1.00000000e+00   3.50175435e-03   1.00184415e-04   8.34091227e-01   7.41674556e-01
 2.94000000e+00  -8.33333334e-03   1.00000000e+00   3.68657025e-03   8.92507923e-05   8.34645580e-01   7.46070828e-01
 2.95000000e+00  -8.33333334e-03   1.00000000e+00   4.09538317e-03   8.29333409e-05   8.33781442e-01   7.49083068e-01
 2.96000000e+00  -8.33333334e-03   1.00000000e+00   4.74826316e-03   8.21347314e-05   8.31400039e-01   7.50341503e-01
 2.97000000e+00  -8.33333334e-03   1.00000000e+00   5.65879637e-03   8.75602911e-05   8.27469536e-01   7.49549534e-01
 2.98000000e+00  -8.33333334e-03   1.00000000e+00   6.83322263e-03   9.96437677e-05   8.22036817e-01   7.46497496e-01
 2.99000000e+00  -8.33333334e-03   1.00000000e+00   8.26991282e-03   1.18487781e-04   8.15230361e-01   7.41082719e-01
 3.00000000e+00  -8.33333334e-03   1.00000000e+00   9.95924641e-03   1.43832395e-04   8.07253067e-01   7.33304683e-01
 3.01000000e+00  -8.33333334e-03   1.00000000e+00   1.18839300e-02   1.75061051e-04   7.98349221e-01   7.23294611e-01
 3.02000000e+00  -8.33333334e-03   1.00000000e+00   1.40197659e-02   2.11245199e-04   7.88812594e-01   7.11273061e-01
 3.03000000e+00  -8.33333334e-03   1.00000000e+00   1.63368538e-02   2.51219951e-04   7.78954873e-01   6.97559037e-01
 3.04000000e+00  -8.33333334e-03   1.00000000e+00   1.88011582e-02   2.93679089e-04   7.69079117e-01   6.82541210e-01
 3.05000000e+00  -8.33333334e-03   1.00000000e+00   2.13763441e-02   3.37280976e-04   7.59474389e-01   6.66663750e-01
 3.06000000e+00  -8.33333334e-03   1.00000000e+00   2.40257464e-02   3.80745453e-04   7.50389531e-01   6.50384042e-01
 3.07000000e+00  -8.33333334e-03   1.00000000e+00   2.67143338e-02   4.22924383e-04   7.42020970e-01   6.34160166e-01
 3.08000000e+00  -8.33333334e-03   1.00000000e+00   2.94105278e-02   4.62843825e-04   7.34516408e-01   6.18416438e-01
 3.09000000e+00  -8.33333334e-03   1.00000000e+00   3.20877611e-02   4.99728405e-04   7.27957191e-01   6.03519957e-01
 3.10000000e+00  -8.33333334e-03   1.00000000e+00   3.47256898e-02   5.33017108e-04   7.22372282e-01   5.89768233e-01
 3.11000000e+00  -8.33333334e-03   1.00000000e+00   3.73110097e-02   5.62373526e-04   7.17733769e-01   5.77407614e-01
 3.12000000e+00  -8.33333334e-03   1.00000000e+00   3.98378545e-02   5.87693221e-04   7.13959891e-01   5.66535746e-01
 3.13000000e+00  -8.33333334e-03   1.00000000e+00   4.23077870e-02   6.09105765e-04   7.10931523e-01   5.57198911e-01
 3.14000000e+00  -8.33333334e-03   1.00000000e+00   4.47293989e-02   6.26967834e-04   7.08483591e-01   5.49343588e-01
 3.15000000e+00  -8.33333334e-03   1.00000000e+00   4.71175560e-02   6.41851045e-04   7.06426261e-01   5.42831690e-01
 3.16000000e+00  -8.33333334e-03   1.00000000e+00   4.94923269e-02   6.54532807e-04   7.04540468e-01   5.37433175e-01
 3.17000000e+00  -8.33333334e-03   1.00000000e+00   5.18776387e-02   6.65986387e-04   7.02609820e-01   5.32878826e-01
 3.18000000e+00  -8.33333334e-03   1.00000000e+00   5.42997097e-02   6.77348130e-04   7.00407732e-01   5.28838152e-01
 3.19000000e+00  -8.33333334e-03   1.00000000e+00   5.67853239e-02   6.89847067e-04   6.97716462e-01   5.24933472e-01
 3.20000000e+00  -8.33333334e-03   1.00000000e+00   5.93600303e-02   7.04697031e-04   6.94369265e-01   5.20792052e-01
 3.21000000e+00  -8.33333334e-03   1.00000000e+00   6.20463854e-02   7.23009183e-04   6.90220010e-01   5.16039424e-01
 3.22000000e+00  -8.33333334e-03   1.00000000e+00   6.48623119e-02   7.45690844e-04   6.85193692e-01   5.10337699e-01
 3.23000000e+00  -8.33333334e-03   1.00000000e+00   6.78197286e-02   7.73367508e-04   6.79266192e-01   5.03410144e-01
 3.24000000e+00  -8.33333334e-03   1.00000000e+00   7.09235257e-02   8.06338793e-04   6.72476003e-01   4.95047826e-01
 3.25000000e+00  -8.33333334e-03   1.00000000e+00   7.41709836e-02   8.44582867e-04   6.64934553e-01   4.85121482e-01
 3.26000000e+00  -8.33333334e-03   1.00000000e+00   7.75516310e-02   8.87758519e-04   6.56786979e-01   4.73604912e-01
 3.27000000e+00  -8.33333334e-03   1.00000000e+00   8.10476001e-02   9.35238366e-04   6.48218409e-01   4.60598381e-01
 3.28000000e+00  -8.33333334e-03   1.00000000e+00   8.46344146e-02   9.86172304e-04   6.39441716e-01   4.46243274e-01
 3.29000000e+00  -8.33333334e-03   1.00000000e+00   8.82821524e-02   1.03955882e-03   6.30687558e-01   4.30788472e-01
 3.30000000e+00  -8.33333334e-03   1.00000000e+00   9.19568997e-02   1.09430919e-03   6.22170328e-01   4.14540385e-01
 3.31000000e+00  -8.33333334e-03   1.00000000e+00   9.56223967e-02   1.14930035e-03   6.14083409e-01   3.97847477e-01
 3.32000000e+00  -8.33333334e-03   1.00000000e+00   9.92417699e-02   1.20340143e-03   6.06593272e-01   3.81064155e-01
 3.33000000e+00  -8.33333334e-03   1.00000000e+00   1.02779276e-01   1.25548757e-03   5.99837357e-01   3.64572771e-01
 3.34000000e+00  -8.33333334e-03   1.00000000e+00   1.06201939e-01   1.30444566e-03   5.93878947e-01   3.48660758e-01
 3.35000000e+00  -8.33333334e-03   1.00000000e+00   1.09481122e-01   1.34930101e-03   5.88807456e-01   3.33751385e-01
 3.36000000e+00  -8.33333334e-03   1.00000000e+00   1.12593797e-01   1.38930120e-03   5.84623264e-01   3.20063998e-01
 3.37000000e+00  -8.33333334e-03   1.00000000e+00   1.15523582e-01   1.42397749e-03   5.81305259e-01   3.07827236e-01
 3.38000000e+00  -8.33333334e-03   1.00000000e+00   1.18261377e-01   1.45312943e-03   5.78763100e-01   2.97188355e-01
 3.39000000e+00  -8.33333334e-03   1.00000000e+00   1.20805640e-01   1.47680821e-03   5.76977095e-01   2.88229839e-01
 3.40000000e+00  -8.33333334e-03   1.00000000e+00   1.23162215e-01   1.49525675e-03   5.75832461e-01   2.80947131e-01
 3.41000000e+00  -8.33333334e-03   1.00000000e+00   1.25343836e-01   1.50894884e-03   5.75182560e-01   2.75279587e-01
 3.42000000e+00  -8.33333334e-03   1.00000000e+00   1.27369076e-01   1.51858104e-03   5.74886636e-01   2.71078661e-01
 3.43000000e+00  -8.33333334e-03   1.00000000e+00   1.29261108e-01   1.52512855e-03   5.74782537e-01   2.68109573e-01
 3.44000000e+00  -8.33333334e-03   1.00000000e+00   1.31046081e-01   1.52977122e-03   5.74720936e-01   2.66112199e-01
 3.45000000e+00  -8.33333334e-03   1.00000000e+00   1.32751377e-01   1.53378387e-03   5.74546645e-01   2.64775672e-01
 3.46000000e+00  -8.33333334e-03   1.00000000e+00   1.34403798e-01   1.53842053e-03   5.74118602e-01   2.63764907e-01
 3.47000000e+00  -8.33333334e-03   1.00000000e+00   1.36027811e-01   1.54480728e-03   5.73336465e-01   2.62743326e-01
 3.48000000e+00  -8.33333334e-03   1.00000000e+00   1.37643972e-01   1.55386429e-03   5.72118699e-01   2.61396675e-01
 3.49000000e+00  -8.33333334e-03   1.00000000e+00   1.39267600e-01   1.56623814e-03   5.70423332e-01   2.59446792e-01
 3.50000000e+00  -8.33333334e-03   1.00000000e+00   1.40907779e-01   1.58226129e-03   5.68251335e-01   2.56669430e-01
 3.51000000e+00  -8.33333334e-03   1.00000000e+00   1.42566738e-01   1.60195358e-03   5.65626389e-01   2.52905723e-01
 3.52000000e+00  -8.33333334e-03   1.00000000e+00   1.44239620e-01   1.62505840e-03   5.62629304e-01   2.48067687e-01
 3.53000000e+00  -8.33333334e-03   1.00000000e+00   1.45914651e-01   1.65109487e-03   5.59360759e-01   2.42163835e-01
 3.54000000e+00  -8.33333334e-03   1.00000000e+00   1.47573685e-01   1.67940961e-03   5.55953555e-01   2.35282288e-01
 3.55000000e+00  -8.33333334e-03   1.00000000e+00   1.49193105e-01   1.70921693e-03   5.52537733e-01   2.27563639e-01
 3.56000000e+00  -8.33333334e-03   1.00000000e+00   1.50745027e-01   1.73962510e-03   5.49254711e-01   2.19231279e-01
 3.57000000e+00  -8.33333334e-03   1.00000000e+00   1.52198740e-01   1.76964904e-03   5.46248350e-01   2.10562552e-01
 3.58000000e+00  -8.33333334e-03   1.00000000e+00   1.53522329e-01   1.79820495e-03   5.43641302e-01   2.01865985e-01
 3.59000000e+00  -8.33333334e-03   1.00000000e+00   1.54684432e-01   1.82421095e-03   5.41529506e-01   1.93461742e-01
 3.60000000e+00  -8.33333334e-03   1.00000000e+00   1.55655936e-01   1.84665303e-03   5.40010481e-01   1.85686799e-01
 3.61000000e+00  -8.33333334e-03   1.00000000e+00   1.56411591e-01   1.86459890e-03   5.39133860e-01   1.78860330e-01
 3.62000000e+00  -8.33333334e-03   1.00000000e+00   1.56931412e-01   1.87722589e-03   5.38938921e-01   1.73262083e-01
 3.63000000e+00  -8.33333334e-03   1.00000000e+00   1.57201558e-01   1.88387434e-03   5.40892169e-01   1.67464705e-01
 3.64000000e+00  -8.33333334e-03   1.00000000e+00   1.57215933e-01   1.88419305e-03   5.41081661e-01   1.70581945e-01
 3.65000000e+00  -8.33333334e-03   1.00000000e+00   1.56974914e-01   1.87807703e-03   5.39415515e-01   1.67317688e-01
 3.66000000e+00  -8.33333334e-03   1.00000000e+00   1.56486724e-01   1.86577544e-03   5.42030598e-01   1.66283337e-01
 3.67000000e+00  -8.33333334e-03   1.00000000e+00   1.55766789e-01   1.84789917e-03   5.44496598e-01   1.67089853e-01
 3.68000000e+00  -8.33333334e-03   1.00000000e+00   1.54838094e-01   1.82560562e-03   5.52802917e-01   1.64301049e-01
 3.69000000e+00  -8.33333334e-03   1.00000000e+00   1.53726418e-01   1.79986406e-03   5.58421391e-01   1.81519432e-01
 3.70000000e+00  -8.33333334e-03   1.00000000e+00   1.52461138e-01   1.77175601e-03   5.57766005e-01   1.88251007e-01
 3.71000000e+00  -8.33333334e-03   1.00000000e+00   1.51073611e-01   1.74247831e-03   5.62611873e-01   1.96379874e-01
 3.72000000e+00  -8.33333334e-03   1.00000000e+00   1.49595278e-01   1.71320826e-03   5.66420076e-01   2.05092022e-01
 3.73000000e+00  -8.33333334e-03   1.00000000e+00   1.48055977e-01   1.68497369e-03   5.70091394e-01   2.14101440e-01
 3.74000000e+00  -8.33333334e-03   1.00000000e+00   1.46482388e-01   1.65858921e-03   5.73459449e-01   2.23105724e-01
 3.75000000e+00  -8.33333334e-03   1.00000000e+00   1.44896698e-01   1.63467833e-03   5.76379244e-01   2.31712519e-01
 3.76000000e+00  -8.33333334e-03   1.00000000e+00   1.43315523e-01   1.61370550e-03   5.78818677e-01   2.39677490e-01
 3.77000000e+00  -8.33333334e-03   1.00000000e+00   1.41749133e-01   1.59597355e-03   5.80777798e-01   2.46760528e-01
 3.78000000e+00  -8.33333334e-03   1.00000000e+00   1.40200996e-01   1.58159518e-03   5.82279198e-01   2.52819067e-01
 3.79000000e+00  -8.33333334e-03   1.00000000e+00   1.38667696e-01   1.57045481e-03   5.83378541e-01   2.57791187e-01
 3.80000000e+00  -8.33333334e-03   1.00000000e+00   1.37139260e-01   1.56219396e-03   5.84180104e-01   2.61698412e-01
 3.81000000e+00  -8.33333334e-03   1.00000000e+00   1.35599879e-01   1.55621747e-03   5.84802379e-01   2.64649192e-01
 3.82000000e+00  -8.33333334e-03   1.00000000e+00   1.34029016e-01   1.55171502e-03   5.85420487e-01   2.66911896e-01
 3.83000000e+00  -8.33333334e-03   1.00000000e+00   1.32402804e-01   1.54769558e-03   5.86116017e-01   2.68564364e-01
 3.84000000e+00  -8.33333334e-03   1.00000000e+00   1.30695674e-01   1.54304465e-03   5.87093544e-01   2.70022903e-01
 3.85000000e+00  -8.33333334e-03   1.00000000e+00   1.28882054e-01   1.53660408e-03   5.88484294e-01   2.71610412e-01
 3.86000000e+00  -8.33333334e-03   1.00000000e+00   1.26938070e-01   1.52726428e-03   5.90420478e-01   2.73672193e-01
 3.87000000e+00  -8.33333334e-03   1.00000000e+00   1.24843120e-01   1.51405680e-03   5.93006222e-01   2.76536360e-01
 3.88000000e+00  -8.33333334e-03   1.00000000e+00   1.22581245e-01   1.49622826e-03   5.96331468e-01   2.80523785e-01
 3.89000000e+00  -8.33333334e-03   1.00000000e+00   1.20142225e-01   1.47328862e-03   6.00455660e-01   2.85888956e-01
 3.90000000e+00  -8.33333334e-03   1.00000000e+00   1.17522356e-01   1.44503265e-03   6.05406821e-01   2.92832590e-01
 3.91000000e+00  -8.33333334e-03   1.00000000e+00   1.14724876e-01   1.41153966e-03   6.11178670e-01   3.01489271e-01
 3.92000000e+00  -8.33333334e-03   1.00000000e+00   1.11760014e-01   1.37315231e-03   6.17727943e-01   3.11913593e-01
 3.93000000e+00  -8.33333334e-03   1.00000000e+00   1.08644666e-01   1.33043985e-03   6.24988995e-01   3.24071937e-01
 3.94000000e+00  -8.33333334e-03   1.00000000e+00   1.05401703e-01   1.28415309e-03   6.32842461e-01   3.37855188e-01
 3.95000000e+00  -8.33333334e-03   1.00000000e+00   1.02058961e-01   1.23518059e-03   6.41141590e-01   3.53083250e-01
 3.96000000e+00  -8.33333334e-03   1.00000000e+00   9.86479512e-02   1.18451103e-03   6.49697102e-01   3.69458770e-01
 3.97000000e+00  -8.33333334e-03   1.00000000e+00   9.52023747e-02   1.13319365e-03   6.58333201e-01   3.86674522e-01
 3.98000000e+00  -8.33333334e-03   1.00000000e+00   9.17565091e-02   1.08230566e-03   6.66817180e-01   4.04340058e-01
 3.99000000e+00  -8.33333334e-03   1.00000000e+00   8.83435472e-02   1.03290507e-03   6.74944994e-01   4.22041823e-01
 4.00000000e+00  -8.33333334e-03   1.00000000e+00   8.49939909e-02   9.85982185e-04   6.82520440e-01   4.39378287e-01
 4.01000000e+00  -8.33333334e-03   1.00000000e+00   8.17341856e-02   9.42409765e-04   6.89391391e-01   4.55952950e-01
 4.02000000e+00  -8.33333334e-03   1.00000000e+00   7.85850995e-02   9.02895214e-04   6.95441065e-01   4.71425242e-01
 4.03000000e+00  -8.33333334e-03   1.00000000e+00   7.55614101e-02   8.67926949e-04   7.00607245e-01   4.85517019e-01
 4.04000000e+00  -8.33333334e-03   1.00000000e+00   7.26709753e-02   8.37730665e-04   7.04892836e-01   4.98033353e-01
 4.05000000e+00  -8.33333334e-03   1.00000000e+00   6.99146994e-02   8.12241696e-04   7.08358585e-01   5.08876366e-01
 4.06000000e+00  -8.33333334e-03   1.00000000e+00   6.72868106e-02   7.91102638e-04   7.11109387e-01   5.18034385e-01
 4.07000000e+00  -8.33333334e-03   1.00000000e+00   6.47755164e-02   7.73696841e-04   7.13306065e-01   5.25630474e-01
 4.08000000e+00  -8.33333334e-03   1.00000000e+00   6.23639804e-02   7.59195801e-04   7.15124175e-01   5.31834454e-01
 4.09000000e+00  -8.33333334e-03   1.00000000e+00   6.00315783e-02   7.46633578e-04   7.16775421e-01   5.36906017e-01
 4.10000000e+00  -8.33333334e-03   1.00000000e+00   5.77553359e-02   7.34978187e-04   7.18466465e-01   5.41168347e-01
 4.11000000e+00  -8.33333334e-03   1.00000000e+00   5.55114854e-02   7.23195677e-04   7.20405504e-01   5.44957673e-01
 4.12000000e+00  -8.33333334e-03   1.00000000e+00   5.32770543e-02   7.10312407e-04   7.22770339e-01   5.48668049e-01
 4.13000000e+00  -8.33333334e-03   1.00000000e+00   5.10314039e-02   6.95476680e-04   7.25724707e-01   5.52648427e-01
 4.14000000e+00  -8.33333334e-03   1.00000000e+00   4.87576209e-02   6.77990643e-04   7.29385882e-01   5.57235099e-01
 4.15000000e+00  -8.33333334e-03   1.00000000e+00   4.64437151e-02   6.57340999e-04   7.33833980e-01   5.62716922e-01
 4.16000000e+00  -8.33333334e-03   1.00000000e+00   4.40835312e-02   6.33221757e-04   7.39097155e-01   5.69321954e-01
 4.17000000e+00  -8.33333334e-03   1.00000000e+00   4.16773286e-02   6.05537675e-04   7.45161192e-01   5.77198544e-01
 4.18000000e+00  -8.33333334e-03   1.00000000e+00   3.92320049e-02   5.74417714e-04   7.51948548e-01   5.86411929e-01
 4.19000000e+00  -8.33333334e-03   1.00000000e+00   3.67609239e-02   5.40216844e-04   7.59337499e-01   5.96937253e-01
 4.20000000e+00  -8.33333334e-03   1.00000000e+00   3.42833653e-02   5.03500520e-04   7.67153299e-01   6.08641459e-01
 4.21000000e+00  -8.33333334e-03   1.00000000e+00   3.18236269e-02   4.65029770e-04   7.75184527e-01   6.21338658e-01
 4.22000000e+00  -8.33333334e-03   1.00000000e+00   2.94098221e-02   4.25736325e-04   7.83181901e-01   6.34728132e-01
 4.23000000e+00  -8.33333334e-03   1.00000000e+00   2.70724487e-02   3.86680224e-04   7.90883556e-01   6.48471972e-01
 4.24000000e+00  -8.33333334e-03   1.00000000e+00   2.48428122e-02   3.48986408e-04   7.98028512e-01   6.62153174e-01
 4.25000000e+00  -8.33333334e-03   1.00000000e+00   2.27514057e-02   3.13771372e-04   8.04360599e-01   6.75367460e-01
 4.26000000e+00  -8.33333334e-03   1.00000000e+00   2.08263344e-02   2.82064353e-04   8.09666179e-01   6.87692857e-01
 4.27000000e+00  -8.33333334e-03   1.00000000e+00   1.90918889e-02   2.54742429e-04   8.13775207e-01   6.98745829e-01
 4.28000000e+00  -8.33333334e-03   1.00000000e+00   1.75673294e-02   2.32478754e-04   8.16570554e-01   7.08185707e-01
 4.29000000e+00  -8.33333334e-03   1.00000000e+00   1.62659539e-02   2.15705317e-04   8.18015324e-01   7.15735044e-01
 4.30000000e+00  -8.33333334e-03   1.00000000e+00   1.51944956e-02   2.04596890e-04   8.18133212e-01   7.21216516e-01
 4.31000000e+00  -8.33333334e-03   1.00000000e+00   1.43528714e-02   1.99070077e-04   8.17019942e-01   7.24539823e-01
 4.32000000e+00  -8.33333334e-03   1.00000000e+00   1.37342990e-02   1.98801752e-04   8.14830691e-01   7.25721015e-01
 4.33000000e+00  -8.33333334e-03   1.00000000e+00   1.33257809e-02   2.03254927e-04   8.11757941e-01   7.24865352e-01
 4.34000000e+00  -8.33333334e-03   1.00000000e+00   1.31089108e-02   2.11714997e-04   8.08039722e-01   7.22174023e-01
 4.35000000e+00  -8.33333334e-03   1.00000000e+00   1.30609685e-02   2.23322736e-04   8.03927141e-01   7.17916188e-01
 4.36000000e+00  -8.33333334e-03   1.00000000e+00   1.31562554e-02   2.37120781e-04   7.99671099e-01   7.12423905e-01
 4.37000000e+00  -8.33333334e-03   1.00000000e+00   1.33675855e-02   2.52098358e-04   7.95508629e-01   7.06082689e-01
 4.38000000e+00  -8.33333334e-03   1.00000000e+00   1.36678643e-02   2.67255922e-04   7.91658810e-01   6.99280372e-01
 4.39000000e+00  -8.33333334e-03   1.00000000e+00   1.40316308e-02   2.81646390e-04   7.88299627e-01   6.92403522e-01
 4.40000000e+00  -8.33333334e-03   1.00000000e+00   1.44365073e-02   2.94407850e-04   7.85560482e-01   6.85801474e-01
 4.41000000e+00  -8.33333334e-03   1.00000000e+00   1.48644839e-02   3.04845288e-04   7.83525091e-01   6.79806096e-01
 4.42000000e+00  -8.33333334e-03   1.00000000e+00   1.53029019e-02   3.12479591e-04   7.82218200e-01   6.74656672e-01
 4.43000000e+00  -8.33333334e-03   1.00000000e+00   1.57451384e-02   3.17079784e-04   7.81619968e-01   6.70530660e-01
 4.44000000e+00  -8.33333334e-03   1.00000000e+00   1.61909107e-02   3.18671578e-04   7.81655915e-01   6.67525298e-01
 4.45000000e+00  -8.33333334e-03   1.00000000e+00   1.66462178e-02   3.17528849e-04   7.82196030e-01   6.65644273e-01
 4.46000000e+00  -8.33333334e-03   1.00000000e+00   1.71228935e-02   3.14150050e-04   7.83083332e-01   6.64808805e-01
 4.47000000e+00  -8.33333334e-03   1.00000000e+00   1.76378408e-02   3.09225609e-04   7.84118056e-01   6.64860522e-01
 4.48000000e+00  -8.33333334e-03   1.00000000e+00   1.82119697e-02   3.03595357e-04   7.85078868e-01   6.65568784e-01
 4.49000000e+00  -8.33333334e-03   1.00000000e+00   1.88689045e-02   2.98194611e-04   7.85733151e-01   6.66642702e-01
 4.50000000e+00  -8.33333334e-03   1.00000000e+00   1.96335349e-02   2.93994492e-04   7.85860828e-01   6.67758685e-01
 4.51000000e+00  -8.33333334e-03   1.00000000e+00   2.05304963e-02   2.91948929e-04   7.85254868e-01   6.68548128e-01
 4.52000000e+00  -8.33333334e-03   1.00000000e+00   2.15826550e-02   2.92951614e-04   7.83736778e-01   6.68664372e-01
 4.53000000e+00  -8.33333334e-03   1.00000000e+00   2.28097022e-02   2.97795669e-04   7.81180076e-01   6.67768003e-01
 4.54000000e+00  -8.33333334e-03   1.00000000e+00   2.42268955e-02   3.07129256e-04   7.77514190e-01   6.65566833e-01
 4.55000000e+00  -8.33333334e-03   1.00000000e+00   2.58440436e-02   3.21415261e-04   7.72717021e-01   6.61819569e-01
 4.56000000e+00  -8.33333334e-03   1.00000000e+00   2.76647892e-02   3.40900061e-04   7.66847558e-01   6.56368628e-01
 4.57000000e+00  -8.33333334e-03   1.00000000e+00   2.96862329e-02   3.65593673e-04   7.60001017e-01   6.49132731e-01
 4.58000000e+00  -8.33333334e-03   1.00000000e+00   3.18989186e-02   3.95263532e-04   7.52338921e-01   6.40126768e-01
 4.59000000e+00  -8.33333334e-03   1.00000000e+00   3.42871867e-02   4.29441637e-04   7.44055668e-01   6.29446145e-01
 4.60000000e+00  -8.33333334e-03   1.00000000e+00   3.68298751e-02   4.67446624e-04   7.35372140e-01   6.17263525e-01
 4.61000000e+00  -8.33333334e-03   1.00000000e+00   3.95013276e-02   5.08418915e-04   7.26515114e-01   6.03847474e-01
 4.62000000e+00  -8.33333334e-03   1.00000000e+00   4.22726512e-02   5.51369852e-04   7.17718390e-01   5.89489020e-01
 4.63000000e+00  -8.33333334e-03   1.00000000e+00   4.51131489e-02   5.95242852e-04   7.09187970e-01   5.74533572e-01
 4.64000000e+00  -8.33333334e-03   1.00000000e+00   4.79918378e-02   6.38969058e-04   7.01113772e-01   5.59337970e-01
 4.65000000e+00  -8.33333334e-03   1.00000000e+00   5.08789758e-02   6.81529289e-04   6.93635875e-01   5.44253549e-01
 4.66000000e+00  -8.33333334e-03   1.00000000e+00   5.37475001e-02   7.22014919e-04   6.86863692e-01   5.29591819e-01
 4.67000000e+00  -8.33333334e-03   1.00000000e+00   5.65743020e-02   7.59677701e-04   6.80880230e-01   5.15673957e-01
 4.68000000e+00  -8.33333334e-03   1.00000000e+00   5.93412694e-02   7.93969346e-04   6.75700321e-01   5.02751610e-01
 4.69000000e+00  -8.33333334e-03   1.00000000e+00   6.20360309e-02   8.24558558e-04   6.71311217e-01   4.90995818e-01
 4.70000000e+00  -8.33333334e-03   1.00000000e+00   6.46523783e-02   8.51338868e-04   6.67651363e-01   4.80521088e-01
 4.71000000e+00  -8.33333334e-03   1.00000000e+00   6.71903160e-02   8.74387841e-04   6.64624704e-01   4.71356700e-01
 4.72000000e+00  -8.33333334e-03   1.00000000e+00   6.96558298e-02   8.94019749e-04   6.62110359e-01   4.63470721e-01
 4.73000000e+00  -8.33333334e-03   1.00000000e+00   7.20602684e-02   9.10783360e-04   6.59960992e-01   4.56786200e-01
 4.74000000e+00  -8.33333334e-03   1.00000000e+00   7.44194361e-02   9.25443815e-04   6.58016421e-01   4.51128917e-01
 4.75000000e+00  -8.33333334e-03   1.00000000e+00   7.67524104e-02   9.38912278e-04   6.56112426e-01   4.46264629e-01
 4.76000000e+00  -8.33333334e-03   1.00000000e+00   7.90801989e-02   9.52165422e-04   6.54076336e-01   4.41931945e-01
 4.77000000e+00  -8.33333334e-03   1.00000000e+00   8.14242716e-02   9.66166079e-04   6.51757596e-01   4.37844291e-01
 4.78000000e+00  -8.33333334e-03   1.00000000e+00   8.38050737e-02   9.81801311e-04   6.49025684e-01   4.33701864e-01
 4.79000000e+00  -8.33333334e-03   1.00000000e+00   8.62405990e-02   9.99836295e-04   6.45778769e-01   4.29218361e-01
 4.80000000e+00  -8.33333334e-03   1.00000000e+00   8.87451022e-02   1.02087892e-03   6.41954831e-01   4.24112443e-01
 4.81000000e+00  -8.33333334e-03   1.00000000e+00   9.13280350e-02   1.04535749e-03   6.37531724e-01   4.18166984e-01
 4.82000000e+00  -8.33333334e-03   1.00000000e+00   9.39932615e-02   1.07350857e-03   6.32539284e-01   4.11210765e-01
 4.83000000e+00  -8.33333334e-03   1.00000000e+00   9.67385907e-02   1.10536090e-03   6.27041695e-01   4.03145803e-01
 4.84000000e+00  -8.33333334e-03   1.00000000e+00   9.95556699e-02   1.14073783e-03   6.21134222e-01   3.93945536e-01
 4.85000000e+00  -8.33333334e-03   1.00000000e+00   1.02430226e-01   1.17926608e-03   6.14948638e-01   3.83633928e-01
 4.86000000e+00  -8.33333334e-03   1.00000000e+00   1.05342640e-01   1.22038201e-03   6.08646142e-01   3.72345378e-01
 4.87000000e+00  -8.33333334e-03   1.00000000e+00   1.08268826e-01   1.26334905e-03   6.02380860e-01   3.60252452e-01
 4.88000000e+00  -8.33333334e-03   1.00000000e+00   1.11181360e-01   1.30728663e-03   5.96310785e-01   3.47594904e-01
 4.89000000e+00  -8.33333334e-03   1.00000000e+00   1.14050804e-01   1.35120793e-03   5.90556900e-01   3.34575350e-01
 4.90000000e+00  -8.33333334e-03   1.00000000e+00   1.16847132e-01   1.39407431e-03   5.85289467e-01   3.21585665e-01
 4.91000000e+00  -8.33333334e-03   1.00000000e+00   1.19541205e-01   1.43485537e-03   5.80581674e-01   3.08869813e-01
 4.92000000e+00  -8.33333334e-03   1.00000000e+00   1.22106192e-01   1.47259684e-03   5.76480140e-01   2.96731694e-01
 4.93000000e+00  -8.33333334e-03   1.00000000e+00   1.24518863e-01   1.50648082e-03   5.73091460e-01   2.85439899e-01
 4.94000000e+00  -8.33333334e-03   1.00000000e+00   1.26760705e-01   1.53588840e-03   5.70411943e-01   2.75203361e-01
 4.95000000e+00  -8.33333334e-03   1.00000000e+00   1.28818739e-01   1.56041984e-03   5.68435943e-01   2.66227301e-01
 4.96000000e+00  -8.33333334e-03   1.00000000e+00   1.30686077e-01   1.57991927e-03   5.67116734e-01   2.58632456e-01
 4.97000000e+00  -8.33333334e-03   1.00000000e+00   1.32362098e-01   1.59447570e-03   5.66402715e-01   2.52499222e-01
 4.98000000e+00  -8.33333334e-03   1.00000000e+00   1.33852306e-01   1.60441013e-03   5.66207668e-01   2.47826689e-01
 4.99000000e+00  -8.33333334e-03   1.00000000e+00   1.35167833e-01   1.61025104e-03   5.66440160e-01   2.44559375e-01
 5.00000000e+00  -8.33333334e-03   1.00000000e+00   1.36324636e-01   1.61269136e-03   5.66986243e-01   2.42582134e-01