  Time  Coordinate0  Coordinate1  Displacement0  Displacement1  Force0  Force1
 1.00000000e-02   0.00000000e+00   1.00000000e+00   1.40208926e-03   2.53734422e-06   2.03655843e+01  -1.52019984e+01
 2.00000000e-02   0.00000000e+00   1.00000000e+00   1.45349475e-03   9.20233909e-05   1.39715029e+01   3.19717634e+01
 3.00000000e-02   0.00000000e+00   1.00000000e+00   2.24703330e-03   1.04482015e-04   1.06942440e+01   2.48602021e+01
 4.00000000e-02   0.00000000e+00   1.00000000e+00   3.46697953e-03   1.34304742e-04   9.60776112e+00   2.14353558e+01
 5.00000000e-02   0.00000000e+00   1.00000000e+00   4.90511286e-03   1.69088331e-04   8.99905239e+00   1.97315646e+01
 6.00000000e-02   0.00000000e+00   1.00000000e+00   6.47430409e-03   2.01749917e-04   8.56189679e+00   1.87627014e+01
 7.00000000e-02   0.00000000e+00   1.00000000e+00   8.33249006e-03   2.16279216e-04   8.27742064e+00   1.79543491e+01
 8.00000000e-02   0.00000000e+00   1.00000000e+00   1.02949516e-02   2.16118402e-04   8.02360815e+00   1.74675289e+01
 9.00000000e-02   0.00000000e+00   1.00000000e+00   1.25459873e-02   1.91362249e-04   7.86152663e+00   1.69478431e+01
 1.00000000e-01   0.00000000e+00   1.00000000e+00   1.51072081e-02   1.56690020e-04   7.68828184e+00   1.66323786e+01
 1.10000000e-01   0.00000000e+00   1.00000000e+00   1.78076499e-02   1.08175346e-04   7.60668329e+00   1.62718105e+01
 1.20000000e-01   0.00000000e+00   1.00000000e+00   2.10632708e-02   6.69144614e-05   7.49082394e+00   1.60247710e+01
 1.30000000e-01   0.00000000e+00   1.00000000e+00   2.43090144e-02   2.88172834e-05   7.46996814e+00   1.57822034e+01
 1.40000000e-01   0.00000000e+00   1.00000000e+00   2.80939379e-02   1.33737342e-05   7.41486698e+00   1.55751580e+01
 1.50000000e-01   0.00000000e+00   1.00000000e+00   3.18823778e-02   1.06923610e-05   7.42459060e+00   1.54187999e+01
 1.60000000e-01   0.00000000e+00   1.00000000e+00   3.58586296e-02   3.28258810e-05   7.43762751e+00   1.52547276e+01
 1.70000000e-01   0.00000000e+00   1.00000000e+00   3.99853436e-02   6.30896663e-05   7.44875124e+00   1.51470627e+01
 1.80000000e-01   0.00000000e+00   1.00000000e+00   4.38686053e-02   1.05451261e-04   7.51243212e+00   1.50320014e+01
 1.90000000e-01   0.00000000e+00   1.00000000e+00   4.80027469e-02   1.41299416e-04   7.51006035e+00   1.49368304e+01
 2.00000000e-01   0.00000000e+00   1.00000000e+00   5.17102649e-02   1.70205889e-04   7.58469868e+00   1.48620583e+01
 2.10000000e-01   0.00000000e+00   1.00000000e+00   5.56172286e-02   1.80043539e-04   7.57428659e+00   1.47617349e+01
 2.20000000e-01   0.00000000e+00   1.00000000e+00   5.92365978e-02   1.71120631e-04   7.62461755e+00   1.47050124e+01
 2.30000000e-01   0.00000000e+00   1.00000000e+00   6.29259969e-02   1.44209257e-04   7.62086491e+00   1.46007917e+01
 2.40000000e-01   0.00000000e+00   1.00000000e+00   6.65805936e-02   1.02203384e-04   7.63984032e+00   1.45422189e+01
 2.50000000e-01   0.00000000e+00   1.00000000e+00   7.02149769e-02   5.88884435e-05   7.65480401e+00   1.44451104e+01
 2.60000000e-01   0.00000000e+00   1.00000000e+00   7.39602560e-02   1.57187546e-05   7.65886174e+00   1.43787471e+01
 2.70000000e-01   0.00000000e+00   1.00000000e+00   7.76275034e-02  -7.55030652e-06   7.69707288e+00   1.43000263e+01
 2.80000000e-01   0.00000000e+00   1.00000000e+00   8.14329859e-02  -1.85677235e-05   7.69933380e+00   1.42304590e+01
 2.90000000e-01   0.00000000e+00   1.00000000e+00   8.50506237e-02  -3.11986465e-07   7.75823560e+00   1.41754517e+01
 3.00000000e-01   0.00000000e+00   1.00000000e+00   8.88353728e-02   2.66189949e-05   7.75465123e+00   1.41100991e+01
 3.10000000e-01   0.00000000e+00   1.00000000e+00   9.22976339e-02   7.34862483e-05   7.82250454e+00   1.40740565e+01
 3.20000000e-01   0.00000000e+00   1.00000000e+00   9.59863683e-02   1.11175379e-04   7.80592515e+00   1.40180804e+01
 3.30000000e-01   0.00000000e+00   1.00000000e+00   9.93628848e-02   1.49890032e-04   7.86283353e+00   1.39851560e+01
 3.40000000e-01   0.00000000e+00   1.00000000e+00   1.02947889e-01   1.62204091e-04   7.84342155e+00   1.39455221e+01
 3.50000000e-01   0.00000000e+00   1.00000000e+00   1.06480418e-01   1.63731992e-04   7.87194845e+00   1.38954478e+01
 3.60000000e-01   0.00000000e+00   1.00000000e+00   1.10062176e-01   1.36650632e-04   7.87517071e+00   1.38800635e+01
 3.70000000e-01   0.00000000e+00   1.00000000e+00   1.13950644e-01   1.03511300e-04   7.87555436e+00   1.38052030e+01
 3.80000000e-01   0.00000000e+00   1.00000000e+00   1.17705062e-01   5.59558473e-05   7.91839244e+00   1.38119848e+01
 3.90000000e-01   0.00000000e+00   1.00000000e+00   1.21923810e-01   1.81772448e-05   7.91370778e+00   1.37297354e+01
 4.00000000e-01   0.00000000e+00   1.00000000e+00   1.25978721e-01  -1.50072569e-05   7.98797223e+00   1.37424644e+01
 4.10000000e-01   0.00000000e+00   1.00000000e+00   1.30311803e-01  -2.54320174e-05   8.00924058e+00   1.36857202e+01
 4.20000000e-01   0.00000000e+00   1.00000000e+00   1.34611187e-01  -2.15916340e-05   8.09147155e+00   1.36849257e+01
 4.30000000e-01   0.00000000e+00   1.00000000e+00   1.38829275e-01   4.43144711e-06   8.15222238e+00   1.36768640e+01
 4.40000000e-01   0.00000000e+00   1.00000000e+00   1.43116942e-01   3.91376998e-05   8.22507436e+00   1.36566570e+01
 4.50000000e-01   0.00000000e+00   1.00000000e+00   1.47086922e-01   8.16256342e-05   8.31069795e+00   1.36885625e+01
 4.60000000e-01   0.00000000e+00   1.00000000e+00   1.51057590e-01   1.17809171e-04   8.37012843e+00   1.36619156e+01
 4.70000000e-01   0.00000000e+00   1.00000000e+00   1.54715454e-01   1.43194081e-04   8.45296794e+00   1.36987827e+01
 4.80000000e-01   0.00000000e+00   1.00000000e+00   1.58215833e-01   1.50633469e-04   8.49832159e+00   1.36833035e+01
 4.90000000e-01   0.00000000e+00   1.00000000e+00   1.61515226e-01   1.37545097e-04   8.56424798e+00   1.36943107e+01
 5.00000000e-01   0.00000000e+00   1.00000000e+00   1.64606593e-01   1.08925909e-04   8.59107471e+00   1.36954588e+01
 5.10000000e-01   0.00000000e+00   1.00000000e+00   1.67533487e-01   6.58945506e-05   8.64950606e+00   1.36765794e+01
 5.20000000e-01   0.00000000e+00   1.00000000e+00   1.70353658e-01   2.38930121e-05   8.65755140e+00   1.36891125e+01
 5.30000000e-01   0.00000000e+00   1.00000000e+00   1.72946128e-01  -1.58904679e-05   8.72424005e+00   1.36575126e+01
 5.40000000e-01   0.00000000e+00   1.00000000e+00   1.75518238e-01  -3.57069588e-05   8.72596991e+00   1.36787050e+01
 5.50000000e-01   0.00000000e+00   1.00000000e+00   1.77806964e-01  -4.09879259e-05   8.80002418e+00   1.36510954e+01
 5.60000000e-01   0.00000000e+00   1.00000000e+00   1.80002517e-01  -1.99300096e-05   8.81139619e+00   1.36846231e+01
 5.70000000e-01   0.00000000e+00   1.00000000e+00   1.81933595e-01   1.18084859e-05   8.87256430e+00   1.36652126e+01
 5.80000000e-01   0.00000000e+00   1.00000000e+00   1.83628530e-01   5.84983366e-05   8.89376304e+00   1.37085071e+01
 5.90000000e-01   0.00000000e+00   1.00000000e+00   1.85108447e-01   9.83416258e-05   8.92298594e+00   1.36950625e+01
 6.00000000e-01   0.00000000e+00   1.00000000e+00   1.86353274e-01   1.33406390e-04   8.93652425e+00   1.37318658e+01
 6.10000000e-01   0.00000000e+00   1.00000000e+00   1.87411146e-01   1.45911358e-04   8.93542538e+00   1.37248212e+01
 6.20000000e-01   0.00000000e+00   1.00000000e+00   1.88424285e-01   1.41766537e-04   8.92928607e+00   1.37401071e+01
 6.30000000e-01   0.00000000e+00   1.00000000e+00   1.89294410e-01   1.15479548e-04   8.91698542e+00   1.37388312e+01
 6.40000000e-01   0.00000000e+00   1.00000000e+00   1.90290394e-01   7.71253766e-05   8.90485042e+00   1.37394318e+01
 6.50000000e-01   0.00000000e+00   1.00000000e+00   1.91263559e-01   3.35119897e-05   8.89961485e+00   1.37357504e+01
 6.60000000e-01   0.00000000e+00   1.00000000e+00   1.92304825e-01  -7.02166259e-06   8.90953697e+00   1.37469453e+01
 6.70000000e-01   0.00000000e+00   1.00000000e+00   1.93465949e-01  -3.21215434e-05   8.91930784e+00   1.37328254e+01
 6.80000000e-01   0.00000000e+00   1.00000000e+00   1.94471222e-01  -4.31381987e-05   8.96174999e+00   1.37707455e+01
 6.90000000e-01   0.00000000e+00   1.00000000e+00   1.95602180e-01  -2.89256526e-05   8.98943820e+00   1.37536628e+01
 7.00000000e-01   0.00000000e+00   1.00000000e+00   1.96453033e-01  -4.21067415e-06   9.04128960e+00   1.38054974e+01
 7.10000000e-01   0.00000000e+00   1.00000000e+00   1.97218329e-01   3.93846528e-05   9.08934397e+00   1.38074879e+01
 7.20000000e-01   0.00000000e+00   1.00000000e+00   1.97822828e-01   7.69257278e-05   9.11463086e+00   1.38419093e+01
 7.30000000e-01   0.00000000e+00   1.00000000e+00   1.98046802e-01   1.17969446e-04   9.17968894e+00   1.38778498e+01
 7.40000000e-01   0.00000000e+00   1.00000000e+00   1.98324940e-01   1.35037347e-04   9.16557698e+00   1.38777365e+01
 7.50000000e-01   0.00000000e+00   1.00000000e+00   1.98080444e-01   1.44376622e-04   9.23205158e+00   1.39348992e+01
 7.60000000e-01   0.00000000e+00   1.00000000e+00   1.97952054e-01   1.23371974e-04   9.19973906e+00   1.39158493e+01
 7.70000000e-01   0.00000000e+00   1.00000000e+00   1.97402396e-01   9.70633287e-05   9.24666777e+00   1.39606117e+01
 7.80000000e-01   0.00000000e+00   1.00000000e+00   1.96821174e-01   5.03350117e-05   9.22699887e+00   1.39544107e+01
 7.90000000e-01   0.00000000e+00   1.00000000e+00   1.96013978e-01   1.32471363e-05   9.24568652e+00   1.39632295e+01
 8.00000000e-01   0.00000000e+00   1.00000000e+00   1.94985791e-01  -2.55404165e-05   9.24908815e+00   1.39880328e+01
 8.10000000e-01   0.00000000e+00   1.00000000e+00   1.93810896e-01  -3.89167431e-05   9.24894960e+00   1.39674436e+01
 8.20000000e-01   0.00000000e+00   1.00000000e+00   1.92342524e-01  -4.12531657e-05   9.26052797e+00   1.40167678e+01
 8.30000000e-01   0.00000000e+00   1.00000000e+00   1.90658812e-01  -1.52033226e-05   9.25398469e+00   1.39915364e+01
 8.40000000e-01   0.00000000e+00   1.00000000e+00   1.88708200e-01   1.82751365e-05   9.25213263e+00   1.40467562e+01
 8.50000000e-01   0.00000000e+00   1.00000000e+00   1.86480461e-01   6.64898348e-05   9.23739098e+00   1.40326957e+01
 8.60000000e-01   0.00000000e+00   1.00000000e+00   1.84016094e-01   1.05489012e-04   9.21127108e+00   1.40782506e+01
 8.70000000e-01   0.00000000e+00   1.00000000e+00   1.81343130e-01   1.39079278e-04   9.17665325e+00   1.40731592e+01
 8.80000000e-01   0.00000000e+00   1.00000000e+00   1.78475507e-01   1.48825038e-04   9.12707851e+00   1.40978357e+01
 8.90000000e-01   0.00000000e+00   1.00000000e+00   1.75531139e-01   1.42585055e-04   9.07359647e+00   1.40975839e+01
 9.00000000e-01   0.00000000e+00   1.00000000e+00   1.72538732e-01   1.13545159e-04   9.00598314e+00   1.40923557e+01
 9.10000000e-01   0.00000000e+00   1.00000000e+00   1.69507360e-01   7.53047910e-05   8.95598740e+00   1.41021220e+01
 9.20000000e-01   0.00000000e+00   1.00000000e+00   1.66665219e-01   3.12363846e-05   8.87907932e+00   1.40692905e+01
 9.30000000e-01   0.00000000e+00   1.00000000e+00   1.63698241e-01  -5.37339163e-06   8.85705730e+00   1.40934587e+01
 9.40000000e-01   0.00000000e+00   1.00000000e+00   1.61060325e-01  -2.80483443e-05   8.78545723e+00   1.40562054e+01
 9.50000000e-01   0.00000000e+00   1.00000000e+00   1.58228139e-01  -3.24396086e-05   8.79258101e+00   1.40827256e+01
 9.60000000e-01   0.00000000e+00   1.00000000e+00   1.55603688e-01  -1.51084318e-05   8.74174490e+00   1.40748780e+01
 9.70000000e-01   0.00000000e+00   1.00000000e+00   1.52851811e-01   1.54910879e-05   8.75462188e+00   1.40808008e+01
 9.80000000e-01   0.00000000e+00   1.00000000e+00   1.50014693e-01   5.93715963e-05   8.72641460e+00   1.41196530e+01
 9.90000000e-01   0.00000000e+00   1.00000000e+00   1.47185900e-01   9.91149974e-05   8.72234082e+00   1.40916101e+01
 1.00000000e+00   0.00000000e+00   1.00000000e+00   1.44093435e-01   1.36011141e-04   8.69928551e+00   1.41601521e+01
 1.01000000e+00   0.00000000e+00   1.00000000e+00   1.41039626e-01   1.52177566e-04   8.67884284e+00   1.41105813e+01
 1.02000000e+00   0.00000000e+00   1.00000000e+00   1.37832294e-01   1.55116142e-04   8.63954777e+00   1.41698103e+01
 1.03000000e+00   0.00000000e+00   1.00000000e+00   1.34530477e-01   1.33899702e-04   8.62044364e+00   1.41274679e+01
 1.04000000e+00   0.00000000e+00   1.00000000e+00   1.31337332e-01   1.02756072e-04   8.56162054e+00   1.41483950e+01
 1.05000000e+00   0.00000000e+00   1.00000000e+00   1.27882009e-01   5.99237121e-05   8.55520009e+00   1.41324151e+01
 1.06000000e+00   0.00000000e+00   1.00000000e+00   1.24659785e-01   2.12414728e-05   8.49582690e+00   1.41174681e+01
 1.07000000e+00   0.00000000e+00   1.00000000e+00   1.21122526e-01  -9.56005089e-06   8.49374997e+00   1.41242178e+01
 1.08000000e+00   0.00000000e+00   1.00000000e+00   1.17688187e-01  -2.31052161e-05   8.45377061e+00   1.40980145e+01
 1.09000000e+00   0.00000000e+00   1.00000000e+00   1.13998649e-01  -1.62531769e-05   8.43913525e+00   1.41102557e+01
 1.10000000e+00   0.00000000e+00   1.00000000e+00   1.10191960e-01   7.85748671e-06   8.41542969e+00   1.40935789e+01
 1.11000000e+00   0.00000000e+00   1.00000000e+00   1.06196889e-01   4.88532951e-05   8.37923167e+00   1.40970424e+01
 1.12000000e+00   0.00000000e+00   1.00000000e+00   1.02005008e-01   9.15188320e-05   8.34776484e+00   1.40924378e+01
 1.13000000e+00   0.00000000e+00   1.00000000e+00   9.76650923e-02   1.35440831e-04   8.29277022e+00   1.40802029e+01
 1.14000000e+00   0.00000000e+00   1.00000000e+00   9.32280154e-02   1.60496303e-04   8.23362974e+00   1.40787110e+01
 1.15000000e+00   0.00000000e+00   1.00000000e+00   8.87347808e-02   1.73556473e-04   8.16756236e+00   1.40474898e+01
 1.16000000e+00   0.00000000e+00   1.00000000e+00   8.42772702e-02   1.58238586e-04   8.08550346e+00   1.40432068e+01
 1.17000000e+00   0.00000000e+00   1.00000000e+00   7.99394010e-02   1.32887080e-04   8.01655728e+00   1.39941543e+01
 1.18000000e+00   0.00000000e+00   1.00000000e+00   7.56962118e-02   8.79277958e-05   7.93277219e+00   1.39850069e+01
 1.19000000e+00   0.00000000e+00   1.00000000e+00   7.17028169e-02   4.95627728e-05   7.87302548e+00   1.39308805e+01
 1.20000000e+00   0.00000000e+00   1.00000000e+00   6.78479130e-02   1.03115236e-05   7.80074165e+00   1.39136623e+01
 1.21000000e+00   0.00000000e+00   1.00000000e+00   6.41638895e-02  -4.93320257e-06   7.76490163e+00   1.38752504e+01
 1.22000000e+00   0.00000000e+00   1.00000000e+00   6.07446966e-02  -8.81901327e-06   7.69900839e+00   1.38471265e+01
 1.23000000e+00   0.00000000e+00   1.00000000e+00   5.72396301e-02   1.50964082e-05   7.69225696e+00   1.38365736e+01
 1.24000000e+00   0.00000000e+00   1.00000000e+00   5.41595499e-02   4.62189545e-05   7.62349928e+00   1.38011939e+01
 1.25000000e+00   0.00000000e+00   1.00000000e+00   5.08034653e-02   9.27141727e-05   7.63100696e+00   1.38093788e+01
 1.26000000e+00   0.00000000e+00   1.00000000e+00   4.78997174e-02   1.30443506e-04   7.56348014e+00   1.37772308e+01
 1.27000000e+00   0.00000000e+00   1.00000000e+00   4.48001634e-02   1.65323594e-04   7.55918761e+00   1.37791194e+01
 1.28000000e+00   0.00000000e+00   1.00000000e+00   4.19787931e-02   1.77374725e-04   7.50810808e+00   1.37612957e+01
 1.29000000e+00   0.00000000e+00   1.00000000e+00   3.92426750e-02   1.76464147e-04   7.47775524e+00   1.37355766e+01
 1.30000000e+00   0.00000000e+00   1.00000000e+00   3.65505476e-02   1.51881499e-04   7.45098765e+00   1.37347149e+01
 1.31000000e+00   0.00000000e+00   1.00000000e+00   3.41549771e-02   1.18976326e-04   7.40583247e+00   1.36804684e+01
 1.32000000e+00   0.00000000e+00   1.00000000e+00   3.17046297e-02   7.57106519e-05   7.39442787e+00   1.36888092e+01
 1.33000000e+00   0.00000000e+00   1.00000000e+00   2.95125054e-02   3.89525351e-05   7.35973684e+00   1.36246034e+01
 1.34000000e+00   0.00000000e+00   1.00000000e+00   2.73241931e-02   1.00865596e-05   7.34876424e+00   1.36307581e+01
 1.35000000e+00   0.00000000e+00   1.00000000e+00   2.51849934e-02   4.83915891e-07   7.33872653e+00   1.35793529e+01
 1.36000000e+00   0.00000000e+00   1.00000000e+00   2.31153449e-02   8.94543430e-06   7.32112763e+00   1.35753346e+01
 1.37000000e+00   0.00000000e+00   1.00000000e+00   2.09238500e-02   3.60467118e-05   7.32683772e+00   1.35474528e+01
 1.38000000e+00   0.00000000e+00   1.00000000e+00   1.87794006e-02   7.60089735e-05   7.30155089e+00   1.35302861e+01
 1.39000000e+00   0.00000000e+00   1.00000000e+00   1.64837231e-02   1.18973700e-04   7.30324532e+00   1.35191424e+01
 1.40000000e+00   0.00000000e+00   1.00000000e+00   1.42200402e-02   1.58864781e-04   7.26433019e+00   1.34878790e+01
 1.41000000e+00   0.00000000e+00   1.00000000e+00   1.18564852e-02   1.82009840e-04   7.25278230e+00   1.34778858e+01
 1.42000000e+00   0.00000000e+00   1.00000000e+00   9.65575424e-03   1.89639646e-04   7.19075340e+00   1.34341502e+01
 1.43000000e+00   0.00000000e+00   1.00000000e+00   7.40351742e-03   1.72307972e-04   7.17375383e+00   1.34119817e+01
 1.44000000e+00   0.00000000e+00   1.00000000e+00   5.53783964e-03   1.42548589e-04   7.09118763e+00   1.33650845e+01
 1.45000000e+00   0.00000000e+00   1.00000000e+00   3.67794042e-03   9.79719889e-05   7.07977735e+00   1.33248551e+01
 1.46000000e+00   0.00000000e+00   1.00000000e+00   2.29750305e-03   5.76444289e-05   6.99983855e+00   1.32903929e+01
 1.47000000e+00   0.00000000e+00   1.00000000e+00   1.03845076e-03   2.20842996e-05   6.99387329e+00   1.32354780e+01
 1.48000000e+00   0.00000000e+00   1.00000000e+00   1.02333294e-04   6.94370274e-06   6.94428585e+00   1.32239555e+01
 1.49000000e+00   0.00000000e+00   1.00000000e+00  -5.73518324e-04   8.69946788e-06   6.93472030e+00   1.31652179e+01
 1.50000000e+00   0.00000000e+00   1.00000000e+00  -1.16754756e-03   3.20175355e-05   6.92080498e+00   1.31734227e+01
 1.51000000e+00   0.00000000e+00   1.00000000e+00  -1.45185319e-03   6.78923727e-05   6.90251266e+00   1.31226289e+01
 1.52000000e+00   0.00000000e+00   1.00000000e+00  -1.70796359e-03   1.10142261e-04   6.90213281e+00   1.31349890e+01
 1.53000000e+00   0.00000000e+00   1.00000000e+00  -1.74192711e-03   1.49772398e-04   6.88039156e+00   1.30997923e+01
 1.54000000e+00   0.00000000e+00   1.00000000e+00  -1.55997419e-03   1.76273659e-04   6.86974968e+00   1.30992376e+01
 1.55000000e+00   0.00000000e+00   1.00000000e+00  -1.28275050e-03   1.88264148e-04   6.85307585e+00   1.30822674e+01
 1.56000000e+00   0.00000000e+00   1.00000000e+00  -5.89815197e-04   1.77550027e-04   6.83272290e+00   1.30609590e+01
 1.57000000e+00   0.00000000e+00   1.00000000e+00   1.67426274e-04   1.53957487e-04   6.82432793e+00   1.30590799e+01
 1.58000000e+00   0.00000000e+00   1.00000000e+00   1.31683559e-03   1.13581281e-04   6.81486018e+00   1.30224074e+01
 1.59000000e+00   0.00000000e+00   1.00000000e+00   2.59833924e-03   7.46141341e-05   6.81474422e+00   1.30278041e+01
 1.60000000e+00   0.00000000e+00   1.00000000e+00   4.05502494e-03   3.43992833e-05   6.82898801e+00   1.29901678e+01
 1.61000000e+00   0.00000000e+00   1.00000000e+00   5.67172316e-03   1.23308782e-05   6.84071385e+00   1.29948033e+01
 1.62000000e+00   0.00000000e+00   1.00000000e+00   7.28167682e-03   1.73707439e-06   6.86732991e+00   1.29703071e+01
 1.63000000e+00   0.00000000e+00   1.00000000e+00   8.94163868e-03   1.62533084e-05   6.89557154e+00   1.29700880e+01
 1.64000000e+00   0.00000000e+00   1.00000000e+00   1.05874419e-02   4.18360244e-05   6.91206790e+00   1.29630133e+01
 1.65000000e+00   0.00000000e+00   1.00000000e+00   1.21169128e-02   8.40147873e-05   6.95218801e+00   1.29574165e+01
 1.66000000e+00   0.00000000e+00   1.00000000e+00   1.37193216e-02   1.23232031e-04   6.94798746e+00   1.29614982e+01
 1.67000000e+00   0.00000000e+00   1.00000000e+00   1.51583744e-02   1.60911068e-04   6.98267020e+00   1.29491877e+01
 1.68000000e+00   0.00000000e+00   1.00000000e+00   1.67110210e-02   1.78945765e-04   6.96607543e+00   1.29537032e+01
 1.69000000e+00   0.00000000e+00   1.00000000e+00   1.82270744e-02   1.82132561e-04   6.97873926e+00   1.29329894e+01
 1.70000000e+00   0.00000000e+00   1.00000000e+00   1.98480163e-02   1.60832792e-04   6.96357760e+00   1.29284167e+01
 1.71000000e+00   0.00000000e+00   1.00000000e+00   2.15926217e-02   1.27588805e-04   6.95631930e+00   1.29031842e+01
 1.72000000e+00   0.00000000e+00   1.00000000e+00   2.34821111e-02   8.21337749e-05   6.94834745e+00   1.28862884e+01
 1.73000000e+00   0.00000000e+00   1.00000000e+00   2.55250846e-02   4.14034115e-05   6.94126909e+00   1.28662865e+01
 1.74000000e+00   0.00000000e+00   1.00000000e+00   2.78097179e-02   8.20052053e-06   6.93968242e+00   1.28434008e+01
 1.75000000e+00   0.00000000e+00   1.00000000e+00   3.01628765e-02  -4.91691752e-06   6.94914103e+00   1.28368075e+01
 1.76000000e+00   0.00000000e+00   1.00000000e+00   3.27820220e-02   2.80142368e-07   6.95542557e+00   1.28197547e+01
 1.77000000e+00   0.00000000e+00   1.00000000e+00   3.54387066e-02   2.55309636e-05   6.97637330e+00   1.28250089e+01
 1.78000000e+00   0.00000000e+00   1.00000000e+00   3.82297727e-02   6.29319063e-05   6.99436767e+00   1.28231231e+01
 1.79000000e+00   0.00000000e+00   1.00000000e+00   4.11769076e-02   1.04462453e-04   7.00893817e+00   1.28283523e+01
 1.80000000e+00   0.00000000e+00   1.00000000e+00   4.40868898e-02   1.42146485e-04   7.03626680e+00   1.28430793e+01
 1.81000000e+00   0.00000000e+00   1.00000000e+00   4.73089789e-02   1.64921220e-04   7.03856526e+00   1.28368262e+01
 1.82000000e+00   0.00000000e+00   1.00000000e+00   5.04851928e-02   1.72703822e-04   7.06514871e+00   1.28611913e+01
 1.83000000e+00   0.00000000e+00   1.00000000e+00   5.39766987e-02   1.57635736e-04   7.07236120e+00   1.28444396e+01
 1.84000000e+00   0.00000000e+00   1.00000000e+00   5.76082234e-02   1.30725257e-04   7.09138335e+00   1.28678702e+01
 1.85000000e+00   0.00000000e+00   1.00000000e+00   6.13672419e-02   8.85246948e-05   7.12722046e+00   1.28536392e+01
 1.86000000e+00   0.00000000e+00   1.00000000e+00   6.54398290e-02   4.96419154e-05   7.14610144e+00   1.28703421e+01
 1.87000000e+00   0.00000000e+00   1.00000000e+00   6.94161425e-02   1.13273422e-05   7.21602988e+00   1.28710276e+01
 1.88000000e+00   0.00000000e+00   1.00000000e+00   7.36524265e-02  -7.82351415e-06   7.25041919e+00   1.28841592e+01
 1.89000000e+00   0.00000000e+00   1.00000000e+00   7.76933770e-02  -1.47019820e-05   7.33579086e+00   1.29009457e+01
 1.90000000e+00   0.00000000e+00   1.00000000e+00   8.17443993e-02   2.39273440e-06   7.39018866e+00   1.29176433e+01
 1.91000000e+00   0.00000000e+00   1.00000000e+00   8.56271783e-02   3.03374432e-05   7.46574731e+00   1.29409732e+01
 1.92000000e+00   0.00000000e+00   1.00000000e+00   8.93107686e-02   7.16884778e-05   7.52551240e+00   1.29622899e+01
 1.93000000e+00   0.00000000e+00   1.00000000e+00   9.28761753e-02   1.10397840e-04   7.57838497e+00   1.29838562e+01
 1.94000000e+00   0.00000000e+00   1.00000000e+00   9.62364888e-02   1.43427902e-04   7.62429174e+00   1.30015851e+01
 1.95000000e+00   0.00000000e+00   1.00000000e+00   9.95101155e-02   1.59506861e-04   7.65647386e+00   1.30192732e+01
 1.96000000e+00   0.00000000e+00   1.00000000e+00   1.02690570e-01   1.56571303e-04   7.68645885e+00   1.30267030e+01
 1.97000000e+00   0.00000000e+00   1.00000000e+00   1.05850920e-01   1.34742236e-04   7.70396446e+00   1.30396131e+01
 1.98000000e+00   0.00000000e+00   1.00000000e+00   1.08952437e-01   9.69339778e-05   7.73629235e+00   1.30401441e+01
 1.99000000e+00   0.00000000e+00   1.00000000e+00   1.12152192e-01   5.43195383e-05   7.74326511e+00   1.30474757e+01
 2.00000000e+00   0.00000000e+00   1.00000000e+00   1.15203832e-01   1.20696828e-05   7.79517893e+00   1.30501868e+01
 2.01000000e+00   0.00000000e+00   1.00000000e+00   1.18421912e-01  -1.54554700e-05   7.79847335e+00   1.30561340e+01
 2.02000000e+00   0.00000000e+00   1.00000000e+00   1.21429585e-01  -2.79300157e-05   7.86447574e+00   1.30647040e+01
 2.03000000e+00   0.00000000e+00   1.00000000e+00   1.24518646e-01  -1.66887539e-05   7.87524515e+00   1.30797663e+01
 2.04000000e+00   0.00000000e+00   1.00000000e+00   1.27495261e-01   9.03947578e-06   7.93130129e+00   1.30890627e+01
 2.05000000e+00   0.00000000e+00   1.00000000e+00   1.30376615e-01   4.99185743e-05   7.95723573e+00   1.31201176e+01
 2.06000000e+00   0.00000000e+00   1.00000000e+00   1.33334507e-01   8.99121700e-05   7.98587526e+00   1.31243470e+01
 2.07000000e+00   0.00000000e+00   1.00000000e+00   1.36122018e-01   1.26939920e-04   8.02354745e+00   1.31639254e+01
 2.08000000e+00   0.00000000e+00   1.00000000e+00   1.39076002e-01   1.46342176e-04   8.03284790e+00   1.31671722e+01
 2.09000000e+00   0.00000000e+00   1.00000000e+00   1.41983683e-01   1.50427418e-04   8.07259645e+00   1.31969890e+01
 2.10000000e+00   0.00000000e+00   1.00000000e+00   1.44972898e-01   1.32578398e-04   8.08755508e+00   1.32095737e+01
 2.11000000e+00   0.00000000e+00   1.00000000e+00   1.48103300e-01   1.02142545e-04   8.12740501e+00   1.32195446e+01
 2.12000000e+00   0.00000000e+00   1.00000000e+00   1.51172097e-01   6.06732397e-05   8.16609776e+00   1.32447731e+01
 2.13000000e+00   0.00000000e+00   1.00000000e+00   1.54406818e-01   2.12086192e-05   8.21585090e+00   1.32465977e+01
 2.14000000e+00   0.00000000e+00   1.00000000e+00   1.57519832e-01  -1.22577179e-05   8.27685694e+00   1.32754066e+01
 2.15000000e+00   0.00000000e+00   1.00000000e+00   1.60609665e-01  -2.90853948e-05   8.34446149e+00   1.32936143e+01
 2.16000000e+00   0.00000000e+00   1.00000000e+00   1.63583548e-01  -2.95218139e-05   8.41579837e+00   1.33138494e+01
 2.17000000e+00   0.00000000e+00   1.00000000e+00   1.66317730e-01  -1.01774311e-05   8.49023548e+00   1.33593931e+01
 2.18000000e+00   0.00000000e+00   1.00000000e+00   1.68883976e-01   2.20852875e-05   8.56346290e+00   1.33700337e+01
 2.19000000e+00   0.00000000e+00   1.00000000e+00   1.71174149e-01   6.24818375e-05   8.61735846e+00   1.34271036e+01
 2.20000000e+00   0.00000000e+00   1.00000000e+00   1.73155432e-01   1.01644258e-04   8.68951018e+00   1.34379662e+01
 2.21000000e+00   0.00000000e+00   1.00000000e+00   1.75004819e-01   1.30348752e-04   8.70394849e+00   1.34799781e+01
 2.22000000e+00   0.00000000e+00   1.00000000e+00   1.76440315e-01   1.44460575e-04   8.77012240e+00   1.34995967e+01
 2.23000000e+00   0.00000000e+00   1.00000000e+00   1.77889269e-01   1.36544508e-04   8.75417117e+00   1.35135455e+01
 2.24000000e+00   0.00000000e+00   1.00000000e+00   1.78969237e-01   1.13667099e-04   8.80619502e+00   1.35414695e+01
 2.25000000e+00   0.00000000e+00   1.00000000e+00   1.80074467e-01   7.33187558e-05   8.78855759e+00   1.35344596e+01
 2.26000000e+00   0.00000000e+00   1.00000000e+00   1.80941490e-01   3.30196031e-05   8.82348763e+00   1.35677841e+01
 2.27000000e+00   0.00000000e+00   1.00000000e+00   1.81754719e-01  -8.51025552e-06   8.82498120e+00   1.35538622e+01
 2.28000000e+00   0.00000000e+00   1.00000000e+00   1.82383206e-01  -3.04679315e-05   8.84851916e+00   1.35947338e+01
 2.29000000e+00   0.00000000e+00   1.00000000e+00   1.82906509e-01  -4.06915147e-05   8.86582186e+00   1.35824155e+01
 2.30000000e+00   0.00000000e+00   1.00000000e+00   1.83187777e-01  -2.31219466e-05   8.88220854e+00   1.36316171e+01
 2.31000000e+00   0.00000000e+00   1.00000000e+00   1.83368161e-01   3.98366751e-06   8.89824704e+00   1.36260592e+01
 2.32000000e+00   0.00000000e+00   1.00000000e+00   1.83297348e-01   4.87738670e-05   8.89995145e+00   1.36702729e+01
 2.33000000e+00   0.00000000e+00   1.00000000e+00   1.83117000e-01   8.75555343e-05   8.90584184e+00   1.36808135e+01
 2.34000000e+00   0.00000000e+00   1.00000000e+00   1.82861924e-01   1.24403450e-04   8.88737468e+00   1.37001855e+01
 2.35000000e+00   0.00000000e+00   1.00000000e+00   1.82447992e-01   1.40749435e-04   8.90204707e+00   1.37666848e+01
 2.36000000e+00   0.00000000e+00   1.00000000e+00   1.82214085e-01   1.41837646e-04   8.84479170e+00   1.36744681e+01
 2.37000000e+00   0.00000000e+00   1.00000000e+00   1.81816155e-01   1.21020169e-04   8.85335191e+00   1.37702353e+01
 2.38000000e+00   0.00000000e+00   1.00000000e+00   1.81656595e-01   8.84520047e-05   8.82802147e+00   1.37313850e+01
 2.39000000e+00   0.00000000e+00   1.00000000e+00   1.81455148e-01   4.72419911e-05   8.83416430e+00   1.37801128e+01
 2.40000000e+00   0.00000000e+00   1.00000000e+00   1.81227486e-01   8.64043242e-06   8.86040965e+00   1.37675617e+01
 2.41000000e+00   0.00000000e+00   1.00000000e+00   1.81150466e-01  -2.02751770e-05   8.85212705e+00   1.37877392e+01
 2.42000000e+00   0.00000000e+00   1.00000000e+00   1.80651811e-01  -3.38172839e-05   8.93181745e+00   1.38229751e+01
 2.43000000e+00   0.00000000e+00   1.00000000e+00   1.80400897e-01  -2.78472459e-05   8.90190874e+00   1.38117662e+01
 2.44000000e+00   0.00000000e+00   1.00000000e+00   1.79520918e-01  -5.84083937e-06   9.00107761e+00   1.38812403e+01
 2.45000000e+00   0.00000000e+00   1.00000000e+00   1.78801406e-01   3.05769541e-05   8.95708964e+00   1.38603442e+01
 2.46000000e+00   0.00000000e+00   1.00000000e+00   1.77548694e-01   7.05367027e-05   9.03271217e+00   1.39262911e+01
 2.47000000e+00   0.00000000e+00   1.00000000e+00   1.76272662e-01   1.09367476e-04   8.98938307e+00   1.39210443e+01
 2.48000000e+00   0.00000000e+00   1.00000000e+00   1.74697192e-01   1.35030035e-04   9.02147181e+00   1.39541742e+01
 2.49000000e+00   0.00000000e+00   1.00000000e+00   1.72970984e-01   1.45846763e-04   8.98775846e+00   1.39727710e+01
 2.50000000e+00   0.00000000e+00   1.00000000e+00   1.71104158e-01   1.35450461e-04   8.98361941e+00   1.39686037e+01
 2.51000000e+00   0.00000000e+00   1.00000000e+00   1.69054090e-01   1.09670187e-04   8.96144269e+00   1.40031155e+01
 2.52000000e+00   0.00000000e+00   1.00000000e+00   1.66911537e-01   7.03850716e-05   8.93601426e+00   1.39744586e+01
 2.53000000e+00   0.00000000e+00   1.00000000e+00   1.64560687e-01   2.95908018e-05   8.92581639e+00   1.40150687e+01
 2.54000000e+00   0.00000000e+00   1.00000000e+00   1.62148472e-01  -6.79324938e-06   8.88571238e+00   1.39782535e+01
 2.55000000e+00   0.00000000e+00   1.00000000e+00   1.59460064e-01  -2.75215258e-05   8.88552576e+00   1.40186594e+01
 2.56000000e+00   0.00000000e+00   1.00000000e+00   1.56749165e-01  -3.04937531e-05   8.83339095e+00   1.39903342e+01
 2.57000000e+00   0.00000000e+00   1.00000000e+00   1.53746429e-01  -1.23095546e-05   8.83001199e+00   1.40205432e+01
 2.58000000e+00   0.00000000e+00   1.00000000e+00   1.50681573e-01   2.10106918e-05   8.77523360e+00   1.40168698e+01
 2.59000000e+00   0.00000000e+00   1.00000000e+00   1.47491590e-01   6.39128532e-05   8.74429077e+00   1.40200269e+01
 2.60000000e+00   0.00000000e+00   1.00000000e+00   1.44091602e-01   1.05896029e-04   8.70088780e+00   1.40467157e+01
 2.61000000e+00   0.00000000e+00   1.00000000e+00   1.40881237e-01   1.38281399e-04   8.62655428e+00   1.40149653e+01
 2.62000000e+00   0.00000000e+00   1.00000000e+00   1.37341612e-01   1.54685929e-04   8.60132252e+00   1.40562314e+01
 2.63000000e+00   0.00000000e+00   1.00000000e+00   1.34234502e-01   1.50436460e-04   8.49662906e+00   1.40073866e+01
 2.64000000e+00   0.00000000e+00   1.00000000e+00   1.30868822e-01   1.29493913e-04   8.48497454e+00   1.40316471e+01
 2.65000000e+00   0.00000000e+00   1.00000000e+00   1.27915138e-01   9.30355752e-05   8.38655490e+00   1.40027495e+01
 2.66000000e+00   0.00000000e+00   1.00000000e+00   1.24926571e-01   5.42593737e-05   8.38056967e+00   1.39874724e+01
 2.67000000e+00   0.00000000e+00   1.00000000e+00   1.22110656e-01   1.53223808e-05   8.31864785e+00   1.40048131e+01
 2.68000000e+00   0.00000000e+00   1.00000000e+00   1.19410698e-01  -7.76778289e-06   8.31648960e+00   1.39549678e+01
 2.69000000e+00   0.00000000e+00   1.00000000e+00   1.16658442e-01  -1.92243186e-05   8.28949930e+00   1.40118835e+01
 2.70000000e+00   0.00000000e+00   1.00000000e+00   1.13946204e-01  -6.15161215e-06   8.29218112e+00   1.39539929e+01
 2.71000000e+00   0.00000000e+00   1.00000000e+00   1.11144996e-01   1.68313325e-05   8.27276774e+00   1.40161395e+01
 2.72000000e+00   0.00000000e+00   1.00000000e+00   1.08184761e-01   5.81461205e-05   8.27519604e+00   1.39768881e+01
 2.73000000e+00   0.00000000e+00   1.00000000e+00   1.05241923e-01   9.52016597e-05   8.24086316e+00   1.40094512e+01
 2.74000000e+00   0.00000000e+00   1.00000000e+00   1.02049547e-01   1.35101565e-04   8.23152178e+00   1.39985692e+01
 2.75000000e+00   0.00000000e+00   1.00000000e+00   9.89559326e-02   1.54559076e-04   8.18494219e+00   1.39897925e+01
 2.76000000e+00   0.00000000e+00   1.00000000e+00   9.57083842e-02   1.64335681e-04   8.15747014e+00   1.40001795e+01
 2.77000000e+00   0.00000000e+00   1.00000000e+00   9.25333679e-02   1.47974118e-04   8.11559378e+00   1.39612944e+01
 2.78000000e+00   0.00000000e+00   1.00000000e+00   8.93334599e-02   1.22295573e-04   8.07746098e+00   1.39796357e+01
 2.79000000e+00   0.00000000e+00   1.00000000e+00   8.61356082e-02   8.05702772e-05   8.04758605e+00   1.39297894e+01
 2.80000000e+00   0.00000000e+00   1.00000000e+00   8.29099641e-02   4.26871622e-05   8.01344979e+00   1.39437171e+01
 2.81000000e+00   0.00000000e+00   1.00000000e+00   7.96531823e-02   7.84212864e-06   7.98631554e+00   1.39009767e+01
 2.82000000e+00   0.00000000e+00   1.00000000e+00   7.62721089e-02  -8.35298377e-06   7.96162043e+00   1.38997927e+01
 2.83000000e+00   0.00000000e+00   1.00000000e+00   7.28552834e-02  -8.04420690e-06   7.92426870e+00   1.38777944e+01
 2.84000000e+00   0.00000000e+00   1.00000000e+00   6.93007447e-02   1.36798459e-05   7.89935050e+00   1.38517672e+01
 2.85000000e+00   0.00000000e+00   1.00000000e+00   6.56968940e-02   4.91526022e-05   7.84696880e+00   1.38570554e+01
 2.86000000e+00   0.00000000e+00   1.00000000e+00   6.20909175e-02   9.25844402e-05   7.81031848e+00   1.38023468e+01
 2.87000000e+00   0.00000000e+00   1.00000000e+00   5.84600838e-02   1.33892019e-04   7.74347495e+00   1.38279272e+01
 2.88000000e+00   0.00000000e+00   1.00000000e+00   5.49691495e-02   1.63807403e-04   7.69934768e+00   1.37540110e+01
 2.89000000e+00   0.00000000e+00   1.00000000e+00   5.16112516e-02   1.76933130e-04   7.61675008e+00   1.37797389e+01
 2.90000000e+00   0.00000000e+00   1.00000000e+00   4.83716402e-02   1.69295236e-04   7.58524684e+00   1.37049163e+01
 2.91000000e+00   0.00000000e+00   1.00000000e+00   4.55328643e-02   1.44512336e-04   7.48834687e+00   1.37127987e+01
 2.92000000e+00   0.00000000e+00   1.00000000e+00   4.26529336e-02   1.06722433e-04   7.48556806e+00   1.36522630e+01
 2.93000000e+00   0.00000000e+00   1.00000000e+00   4.03547296e-02   6.60841818e-05   7.38860527e+00   1.36417890e+01
 2.94000000e+00   0.00000000e+00   1.00000000e+00   3.79145385e-02   2.96908067e-05   7.40840710e+00   1.35992124e+01
 2.95000000e+00   0.00000000e+00   1.00000000e+00   3.59666788e-02   7.45792372e-06   7.33532911e+00   1.35851917e+01
 2.96000000e+00   0.00000000e+00   1.00000000e+00   3.39661175e-02   1.52831647e-06   7.35296342e+00   1.35541722e+01
 2.97000000e+00   0.00000000e+00   1.00000000e+00   3.21513245e-02   1.60260389e-05   7.31832067e+00   1.35515383e+01
 2.98000000e+00   0.00000000e+00   1.00000000e+00   3.04792037e-02   4.41831093e-05   7.31289640e+00   1.35220275e+01
 2.99000000e+00   0.00000000e+00   1.00000000e+00   2.87296313e-02   8.42092738e-05   7.30793475e+00   1.35317246e+01
 3.00000000e+00   0.00000000e+00   1.00000000e+00   2.72370062e-02   1.23143301e-04   7.27909736e+00   1.34988564e+01
 3.01000000e+00   0.00000000e+00   1.00000000e+00   2.56418043e-02   1.57805991e-04   7.28100660e+00   1.35084048e+01
 3.02000000e+00   0.00000000e+00   1.00000000e+00   2.42629526e-02   1.76078182e-04   7.24431879e+00   1.34749557e+01
 3.03000000e+00   0.00000000e+00   1.00000000e+00   2.29284253e-02   1.78792629e-04   7.23880532e+00   1.34703794e+01
 3.04000000e+00   0.00000000e+00   1.00000000e+00   2.17045281e-02   1.61130941e-04   7.20893419e+00   1.34427197e+01
 3.05000000e+00   0.00000000e+00   1.00000000e+00   2.06296956e-02   1.30101020e-04   7.19974319e+00   1.34197919e+01
 3.06000000e+00   0.00000000e+00   1.00000000e+00   1.95963751e-02   8.96380746e-05   7.18178130e+00   1.34016969e+01
 3.07000000e+00   0.00000000e+00   1.00000000e+00   1.86776355e-02   4.97506389e-05   7.17696900e+00   1.33678358e+01
 3.08000000e+00   0.00000000e+00   1.00000000e+00   1.77544882e-02   1.89605834e-05   7.17117612e+00   1.33569309e+01
 3.09000000e+00   0.00000000e+00   1.00000000e+00   1.68782930e-02   2.84859885e-06   7.16536656e+00   1.33243427e+01
 3.10000000e+00   0.00000000e+00   1.00000000e+00   1.59139035e-02   8.05116017e-06   7.17181159e+00   1.33126524e+01
 3.11000000e+00   0.00000000e+00   1.00000000e+00   1.50297717e-02   2.93208730e-05   7.14796481e+00   1.32907282e+01
 3.12000000e+00   0.00000000e+00   1.00000000e+00   1.39755225e-02   6.81233895e-05   7.16265269e+00   1.32671848e+01
 3.13000000e+00   0.00000000e+00   1.00000000e+00   1.31164954e-02   1.08682535e-04   7.11127181e+00   1.32602475e+01
 3.14000000e+00   0.00000000e+00   1.00000000e+00   1.21396489e-02   1.50693248e-04   7.12212205e+00   1.32152888e+01
 3.15000000e+00   0.00000000e+00   1.00000000e+00   1.14250997e-02   1.75106457e-04   7.05493831e+00   1.32234223e+01
 3.16000000e+00   0.00000000e+00   1.00000000e+00   1.08177358e-02   1.87032297e-04   7.04951063e+00   1.31568449e+01
 3.17000000e+00   0.00000000e+00   1.00000000e+00   1.04408091e-02   1.72870307e-04   6.99034314e+00   1.31741880e+01
 3.18000000e+00   0.00000000e+00   1.00000000e+00   1.04012529e-02   1.47116274e-04   6.97111775e+00   1.30994663e+01
 3.19000000e+00   0.00000000e+00   1.00000000e+00   1.05493837e-02   1.04405688e-04   6.93495203e+00   1.31154299e+01
 3.20000000e+00   0.00000000e+00   1.00000000e+00   1.10509483e-02   6.50938500e-05   6.92077865e+00   1.30536963e+01
 3.21000000e+00   0.00000000e+00   1.00000000e+00   1.17762517e-02   2.73465383e-05   6.90519593e+00   1.30591884e+01
 3.22000000e+00   0.00000000e+00   1.00000000e+00   1.26482924e-02   8.91154355e-06   6.91148327e+00   1.30262471e+01
 3.23000000e+00   0.00000000e+00   1.00000000e+00   1.38136298e-02   4.45851142e-06   6.90628886e+00   1.30181307e+01
 3.24000000e+00   0.00000000e+00   1.00000000e+00   1.49361841e-02   2.27529310e-05   6.92604841e+00   1.30148776e+01
 3.25000000e+00   0.00000000e+00   1.00000000e+00   1.63305890e-02   5.21685403e-05   6.92704848e+00   1.29972841e+01
 3.26000000e+00   0.00000000e+00   1.00000000e+00   1.77316600e-02   9.27513780e-05   6.93852711e+00   1.30092873e+01
 3.27000000e+00   0.00000000e+00   1.00000000e+00   1.92599431e-02   1.30036399e-04   6.94874240e+00   1.29928035e+01
 3.28000000e+00   0.00000000e+00   1.00000000e+00   2.10264005e-02   1.61205377e-04   6.94197636e+00   1.29998478e+01
 3.29000000e+00   0.00000000e+00   1.00000000e+00   2.27667732e-02   1.75231147e-04   6.96247590e+00   1.29950161e+01
 3.30000000e+00   0.00000000e+00   1.00000000e+00   2.48874365e-02   1.73053671e-04   6.95376112e+00   1.29845173e+01
 3.31000000e+00   0.00000000e+00   1.00000000e+00   2.69472571e-02   1.51423930e-04   6.97735377e+00   1.29946391e+01
 3.32000000e+00   0.00000000e+00   1.00000000e+00   2.92679231e-02   1.17803181e-04   6.99297347e+00   1.29681463e+01
 3.33000000e+00   0.00000000e+00   1.00000000e+00   3.16030908e-02   7.60920136e-05   7.00972762e+00   1.29876233e+01
 3.34000000e+00   0.00000000e+00   1.00000000e+00   3.39254591e-02   3.75812780e-05   7.05816731e+00   1.29571366e+01
 3.35000000e+00   0.00000000e+00   1.00000000e+00   3.63326298e-02   7.94246257e-06   7.06441040e+00   1.29777315e+01
 3.36000000e+00   0.00000000e+00   1.00000000e+00   3.85324536e-02  -4.23692852e-06   7.12860805e+00   1.29540696e+01
 3.37000000e+00   0.00000000e+00   1.00000000e+00   4.08178825e-02   2.02327428e-06   7.12714594e+00   1.29714940e+01
 3.38000000e+00   0.00000000e+00   1.00000000e+00   4.28758695e-02   2.68719327e-05   7.18258098e+00   1.29568243e+01
 3.39000000e+00   0.00000000e+00   1.00000000e+00   4.50107804e-02   6.43233285e-05   7.17564843e+00   1.29702729e+01
 3.40000000e+00   0.00000000e+00   1.00000000e+00   4.69868484e-02   1.06057947e-04   7.21053078e+00   1.29599528e+01
 3.41000000e+00   0.00000000e+00   1.00000000e+00   4.90985548e-02   1.43634080e-04   7.19746213e+00   1.29689991e+01
 3.42000000e+00   0.00000000e+00   1.00000000e+00   5.11248930e-02   1.66812389e-04   7.21436849e+00   1.29558104e+01
 3.43000000e+00   0.00000000e+00   1.00000000e+00   5.33670855e-02   1.72658417e-04   7.19988744e+00   1.29624236e+01
 3.44000000e+00   0.00000000e+00   1.00000000e+00   5.56373940e-02   1.56608684e-04   7.20376266e+00   1.29403896e+01
 3.45000000e+00   0.00000000e+00   1.00000000e+00   5.80901824e-02   1.25776869e-04   7.20393759e+00   1.29504665e+01
 3.46000000e+00   0.00000000e+00   1.00000000e+00   6.07671435e-02   8.30012824e-05   7.19701455e+00   1.29200627e+01
 3.47000000e+00   0.00000000e+00   1.00000000e+00   6.34388061e-02   4.18235286e-05   7.22890038e+00   1.29395777e+01
 3.48000000e+00   0.00000000e+00   1.00000000e+00   6.65130645e-02   7.15792121e-06   7.21692942e+00   1.29110128e+01
 3.49000000e+00   0.00000000e+00   1.00000000e+00   6.93923457e-02  -1.00159460e-05   7.27833341e+00   1.29375010e+01
 3.50000000e+00   0.00000000e+00   1.00000000e+00   7.26597351e-02  -9.46794501e-06   7.27511816e+00   1.29268124e+01
 3.51000000e+00   0.00000000e+00   1.00000000e+00   7.57437082e-02   1.04502441e-05   7.33970756e+00   1.29462928e+01
 3.52000000e+00   0.00000000e+00   1.00000000e+00   7.89821284e-02   4.38012248e-05   7.35814522e+00   1.29653828e+01
 3.53000000e+00   0.00000000e+00   1.00000000e+00   8.22688292e-02   8.30996892e-05   7.39731958e+00   1.29620415e+01
 3.54000000e+00   0.00000000e+00   1.00000000e+00   8.54511237e-02   1.21158935e-04   7.43906661e+00   1.30087469e+01
 3.55000000e+00   0.00000000e+00   1.00000000e+00   8.89221348e-02   1.47239330e-04   7.44994990e+00   1.29830294e+01
 3.56000000e+00   0.00000000e+00   1.00000000e+00   9.22162796e-02   1.59757950e-04   7.50621189e+00   1.30380502e+01
 3.57000000e+00   0.00000000e+00   1.00000000e+00   9.58207763e-02   1.51129932e-04   7.51449686e+00   1.30128087e+01
 3.58000000e+00   0.00000000e+00   1.00000000e+00   9.93543573e-02   1.28721875e-04   7.57661294e+00   1.30501482e+01
 3.59000000e+00   0.00000000e+00   1.00000000e+00   1.02990039e-01   9.08028350e-05   7.60974877e+00   1.30544434e+01
 3.60000000e+00   0.00000000e+00   1.00000000e+00   1.06641229e-01   5.13415184e-05   7.67539765e+00   1.30581752e+01
 3.61000000e+00   0.00000000e+00   1.00000000e+00   1.10147829e-01   1.21655990e-05   7.73571347e+00   1.31034725e+01
 3.62000000e+00   0.00000000e+00   1.00000000e+00   1.13605050e-01  -1.26795764e-05   7.80293698e+00   1.30785018e+01
 3.63000000e+00   0.00000000e+00   1.00000000e+00   1.16804860e-01  -2.33324252e-05   7.86849767e+00   1.31501758e+01
 3.64000000e+00   0.00000000e+00   1.00000000e+00   1.19827148e-01  -1.23993560e-05   7.92809139e+00   1.31156403e+01
 3.65000000e+00   0.00000000e+00   1.00000000e+00   1.22614483e-01   1.34830716e-05   7.97804021e+00   1.31865548e+01
 3.66000000e+00   0.00000000e+00   1.00000000e+00   1.25206043e-01   5.28763184e-05   8.01685930e+00   1.31612337e+01
 3.67000000e+00   0.00000000e+00   1.00000000e+00   1.27623726e-01   9.34681197e-05   8.04878074e+00   1.32103576e+01
 3.68000000e+00   0.00000000e+00   1.00000000e+00   1.29962148e-01   1.29613776e-04   8.06256815e+00   1.32053611e+01
 3.69000000e+00   0.00000000e+00   1.00000000e+00   1.32184229e-01   1.49795267e-04   8.08661597e+00   1.32231792e+01
 3.70000000e+00   0.00000000e+00   1.00000000e+00   1.34429517e-01   1.52543917e-04   8.08753536e+00   1.32425964e+01
 3.71000000e+00   0.00000000e+00   1.00000000e+00   1.36637792e-01   1.33644028e-04   8.11087127e+00   1.32291936e+01
 3.72000000e+00   0.00000000e+00   1.00000000e+00   1.38841487e-01   1.00861264e-04   8.11872780e+00   1.32699458e+01
 3.73000000e+00   0.00000000e+00   1.00000000e+00   1.41089330e-01   5.75159485e-05   8.14253624e+00   1.32383991e+01
 3.74000000e+00   0.00000000e+00   1.00000000e+00   1.43249001e-01   1.74427354e-05   8.16620078e+00   1.32870660e+01
 3.75000000e+00   0.00000000e+00   1.00000000e+00   1.45439621e-01  -1.49447510e-05   8.19343802e+00   1.32636439e+01
 3.76000000e+00   0.00000000e+00   1.00000000e+00   1.47566673e-01  -2.83282626e-05   8.22323146e+00   1.32990218e+01
 3.77000000e+00   0.00000000e+00   1.00000000e+00   1.49577529e-01  -2.43784354e-05   8.25926264e+00   1.33107854e+01
 3.78000000e+00   0.00000000e+00   1.00000000e+00   1.51682169e-01  -4.93154669e-07   8.28018888e+00   1.33158995e+01
 3.79000000e+00   0.00000000e+00   1.00000000e+00   1.53517897e-01   3.44060467e-05   8.32318596e+00   1.33689137e+01
 3.80000000e+00   0.00000000e+00   1.00000000e+00   1.55567490e-01   7.52091120e-05   8.33542606e+00   1.33476043e+01
 3.81000000e+00   0.00000000e+00   1.00000000e+00   1.57380258e-01   1.11212491e-04   8.37196692e+00   1.34170923e+01
 3.82000000e+00   0.00000000e+00   1.00000000e+00   1.59320269e-01   1.36034312e-04   8.39449433e+00   1.33953436e+01
 3.83000000e+00   0.00000000e+00   1.00000000e+00   1.61260522e-01   1.44129571e-04   8.41246449e+00   1.34427602e+01
 3.84000000e+00   0.00000000e+00   1.00000000e+00   1.63071834e-01   1.33693657e-04   8.46430722e+00   1.34507269e+01
 3.85000000e+00   0.00000000e+00   1.00000000e+00   1.65110546e-01   1.07831680e-04   8.46970325e+00   1.34556310e+01
 3.86000000e+00   0.00000000e+00   1.00000000e+00   1.66799637e-01   7.03526414e-05   8.54832997e+00   1.35025438e+01
 3.87000000e+00   0.00000000e+00   1.00000000e+00   1.68698602e-01   3.10423563e-05   8.56363657e+00   1.34790624e+01
 3.88000000e+00   0.00000000e+00   1.00000000e+00   1.70211830e-01  -4.63146484e-06   8.64317199e+00   1.35461562e+01
 3.89000000e+00   0.00000000e+00   1.00000000e+00   1.71671515e-01  -2.61547730e-05   8.68560433e+00   1.35274292e+01
 3.90000000e+00   0.00000000e+00   1.00000000e+00   1.72855419e-01  -3.21784300e-05   8.73573825e+00   1.35851268e+01
 3.91000000e+00   0.00000000e+00   1.00000000e+00   1.73700252e-01  -1.78039548e-05   8.79894758e+00   1.35929572e+01
 3.92000000e+00   0.00000000e+00   1.00000000e+00   1.74398166e-01   1.09202839e-05   8.80550745e+00   1.36232281e+01
 3.93000000e+00   0.00000000e+00   1.00000000e+00   1.74648072e-01   5.09473371e-05   8.86661068e+00   1.36549900e+01
 3.94000000e+00   0.00000000e+00   1.00000000e+00   1.74846823e-01   9.12271933e-05   8.83607921e+00   1.36582380e+01
 3.95000000e+00   0.00000000e+00   1.00000000e+00   1.74653484e-01   1.24700217e-04   8.87906045e+00   1.36986897e+01
 3.96000000e+00   0.00000000e+00   1.00000000e+00   1.74502695e-01   1.42756636e-04   8.82942502e+00   1.36855208e+01
 3.97000000e+00   0.00000000e+00   1.00000000e+00   1.74041810e-01   1.41505077e-04   8.85673325e+00   1.37221767e+01
 3.98000000e+00   0.00000000e+00   1.00000000e+00   1.73700890e-01   1.21590904e-04   8.80810343e+00   1.37080364e+01
 3.99000000e+00   0.00000000e+00   1.00000000e+00   1.73100995e-01   8.61327683e-05   8.82699396e+00   1.37308278e+01
 4.00000000e+00   0.00000000e+00   1.00000000e+00   1.72581186e-01   4.50776791e-05   8.79816995e+00   1.37352606e+01
 4.01000000e+00   0.00000000e+00   1.00000000e+00   1.71894764e-01   5.12454895e-06   8.80397461e+00   1.37331599e+01
 4.02000000e+00   0.00000000e+00   1.00000000e+00   1.71083642e-01  -2.18844996e-05   8.80601011e+00   1.37727534e+01
 4.03000000e+00   0.00000000e+00   1.00000000e+00   1.70288269e-01  -3.31307585e-05   8.78501270e+00   1.37400845e+01
 4.04000000e+00   0.00000000e+00   1.00000000e+00   1.69136510e-01  -2.31709483e-05   8.81144135e+00   1.38130303e+01
 4.05000000e+00   0.00000000e+00   1.00000000e+00   1.68175297e-01   2.63009598e-06   8.76157129e+00   1.37613310e+01
 4.06000000e+00   0.00000000e+00   1.00000000e+00   1.66828851e-01   4.10816583e-05   8.78906690e+00   1.38402187e+01
 4.07000000e+00   0.00000000e+00   1.00000000e+00   1.65687683e-01   8.15980832e-05   8.73179613e+00   1.37992445e+01
 4.08000000e+00   0.00000000e+00   1.00000000e+00   1.64403281e-01   1.17210562e-04   8.73702132e+00   1.38469919e+01
 4.09000000e+00   0.00000000e+00   1.00000000e+00   1.63158432e-01   1.39420202e-04   8.70353901e+00   1.38444905e+01
 4.10000000e+00   0.00000000e+00   1.00000000e+00   1.62081196e-01   1.44475521e-04   8.68298290e+00   1.38433946e+01
 4.11000000e+00   0.00000000e+00   1.00000000e+00   1.60843909e-01   1.31281570e-04   8.68910002e+00   1.38819304e+01
 4.12000000e+00   0.00000000e+00   1.00000000e+00   1.59876403e-01   1.03054916e-04   8.66068540e+00   1.38484267e+01
 4.13000000e+00   0.00000000e+00   1.00000000e+00   1.58662261e-01   6.54468715e-05   8.69655692e+00   1.39039337e+01
 4.14000000e+00   0.00000000e+00   1.00000000e+00   1.57548386e-01   2.70633276e-05   8.67935347e+00   1.38735338e+01
 4.15000000e+00   0.00000000e+00   1.00000000e+00   1.56208977e-01  -5.36344641e-06   8.72156511e+00   1.39167145e+01
 4.16000000e+00   0.00000000e+00   1.00000000e+00   1.54728963e-01  -2.28744203e-05   8.71495513e+00   1.39144486e+01
 4.17000000e+00   0.00000000e+00   1.00000000e+00   1.53045181e-01  -2.45029576e-05   8.74506332e+00   1.39314972e+01
 4.18000000e+00   0.00000000e+00   1.00000000e+00   1.51131265e-01  -5.89889446e-06   8.73192778e+00   1.39562568e+01
 4.19000000e+00   0.00000000e+00   1.00000000e+00   1.48992904e-01   2.49732398e-05   8.74307682e+00   1.39513070e+01
 4.20000000e+00   0.00000000e+00   1.00000000e+00   1.46698171e-01   6.65812688e-05   8.71154115e+00   1.39867291e+01
 4.21000000e+00   0.00000000e+00   1.00000000e+00   1.44185960e-01   1.05173767e-04   8.70233609e+00   1.39685262e+01
 4.22000000e+00   0.00000000e+00   1.00000000e+00   1.41597055e-01   1.37393446e-04   8.65973897e+00   1.40015562e+01
 4.23000000e+00   0.00000000e+00   1.00000000e+00   1.38883283e-01   1.51476528e-04   8.62925371e+00   1.39746132e+01
 4.24000000e+00   0.00000000e+00   1.00000000e+00   1.36079863e-01   1.48433327e-04   8.59218257e+00   1.40003367e+01
 4.25000000e+00   0.00000000e+00   1.00000000e+00   1.33263749e-01   1.25306969e-04   8.54478634e+00   1.39696911e+01
 4.26000000e+00   0.00000000e+00   1.00000000e+00   1.30320259e-01   9.00973829e-05   8.51903267e+00   1.39851714e+01
 4.27000000e+00   0.00000000e+00   1.00000000e+00   1.27377056e-01   4.88258154e-05   8.46742906e+00   1.39604892e+01
 4.28000000e+00   0.00000000e+00   1.00000000e+00   1.24348308e-01   1.18010726e-05   8.44257274e+00   1.39634627e+01
 4.29000000e+00   0.00000000e+00   1.00000000e+00   1.21230334e-01  -1.25545441e-05   8.39945780e+00   1.39521480e+01
 4.30000000e+00   0.00000000e+00   1.00000000e+00   1.18126147e-01  -1.96250547e-05   8.36177013e+00   1.39465413e+01
 4.31000000e+00   0.00000000e+00   1.00000000e+00   1.14882370e-01  -6.16126493e-06   8.32773696e+00   1.39426817e+01
 4.32000000e+00   0.00000000e+00   1.00000000e+00   1.11699798e-01   2.26272524e-05   8.27434356e+00   1.39389034e+01
 4.33000000e+00   0.00000000e+00   1.00000000e+00   1.08482324e-01   6.29864785e-05   8.23956722e+00   1.39267853e+01
 4.34000000e+00   0.00000000e+00   1.00000000e+00   1.05297515e-01   1.03489969e-04   8.17755852e+00   1.39334583e+01
 4.35000000e+00   0.00000000e+00   1.00000000e+00   1.02264135e-01   1.38108141e-04   8.13834879e+00   1.39036266e+01
 4.36000000e+00   0.00000000e+00   1.00000000e+00   9.92672130e-02   1.57499458e-04   8.07455690e+00   1.39180261e+01
 4.37000000e+00   0.00000000e+00   1.00000000e+00   9.64888691e-02   1.59607587e-04   8.04398522e+00   1.38790478e+01
 4.38000000e+00   0.00000000e+00   1.00000000e+00   9.38623388e-02   1.43339653e-04   7.98137645e+00   1.38893703e+01
 4.39000000e+00   0.00000000e+00   1.00000000e+00   9.13054885e-02   1.12853330e-04   7.97778757e+00   1.38596979e+01
 4.40000000e+00   0.00000000e+00   1.00000000e+00   8.90334204e-02   7.50156916e-05   7.92094904e+00   1.38590226e+01
 4.41000000e+00   0.00000000e+00   1.00000000e+00   8.65971665e-02   3.72089570e-05   7.94484994e+00   1.38478107e+01
 4.42000000e+00   0.00000000e+00   1.00000000e+00   8.44235845e-02   8.47291772e-06   7.90159091e+00   1.38411636e+01
 4.43000000e+00   0.00000000e+00   1.00000000e+00   8.19900245e-02  -6.35128431e-06   7.92825110e+00   1.38385414e+01
 4.44000000e+00   0.00000000e+00   1.00000000e+00   7.96155924e-02  -2.63329045e-06   7.90245067e+00   1.38374795e+01
 4.45000000e+00   0.00000000e+00   1.00000000e+00   7.70985822e-02   1.76632697e-05   7.90234590e+00   1.38244944e+01
 4.46000000e+00   0.00000000e+00   1.00000000e+00   7.44345029e-02   5.18655694e-05   7.88684666e+00   1.38349294e+01
 4.47000000e+00   0.00000000e+00   1.00000000e+00   7.18198596e-02   9.17471544e-05   7.85330452e+00   1.38020980e+01
 4.48000000e+00   0.00000000e+00   1.00000000e+00   6.90310015e-02   1.29943431e-04   7.83451375e+00   1.38188351e+01
 4.49000000e+00   0.00000000e+00   1.00000000e+00   6.63769080e-02   1.57645607e-04   7.78719348e+00   1.37728676e+01
 4.50000000e+00   0.00000000e+00   1.00000000e+00   6.36769120e-02   1.69118343e-04   7.75758935e+00   1.37856517e+01
 4.51000000e+00   0.00000000e+00   1.00000000e+00   6.10553755e-02   1.61847437e-04   7.71975720e+00   1.37392288e+01
 4.52000000e+00   0.00000000e+00   1.00000000e+00   5.84956035e-02   1.36887412e-04   7.68333892e+00   1.37414572e+01
 4.53000000e+00   0.00000000e+00   1.00000000e+00   5.59197840e-02   1.00403110e-04   7.66075367e+00   1.37019789e+01
 4.54000000e+00   0.00000000e+00   1.00000000e+00   5.34016334e-02   5.96900484e-05   7.62432534e+00   1.36924900e+01
 4.55000000e+00   0.00000000e+00   1.00000000e+00   5.08194136e-02   2.47211858e-05   7.60737281e+00   1.36611342e+01
 4.56000000e+00   0.00000000e+00   1.00000000e+00   4.82797443e-02   2.82660976e-06   7.56854749e+00   1.36418070e+01
 4.57000000e+00   0.00000000e+00   1.00000000e+00   4.56594633e-02  -6.71529926e-07   7.54922853e+00   1.36174402e+01
 4.58000000e+00   0.00000000e+00   1.00000000e+00   4.31882992e-02   1.52797618e-05   7.49787636e+00   1.35914018e+01
 4.59000000e+00   0.00000000e+00   1.00000000e+00   4.06213843e-02   4.65053681e-05   7.47760064e+00   1.35716094e+01
 4.60000000e+00   0.00000000e+00   1.00000000e+00   3.83917596e-02   8.74419715e-05   7.41011809e+00   1.35445120e+01
 4.61000000e+00   0.00000000e+00   1.00000000e+00   3.61011221e-02   1.27215324e-04   7.39152598e+00   1.35228211e+01
 4.62000000e+00   0.00000000e+00   1.00000000e+00   3.42322993e-02   1.59742176e-04   7.32102834e+00   1.35025856e+01
 4.63000000e+00   0.00000000e+00   1.00000000e+00   3.24521930e-02   1.75201077e-04   7.30077992e+00   1.34703922e+01
 4.64000000e+00   0.00000000e+00   1.00000000e+00   3.09725132e-02   1.73788561e-04   7.24900553e+00   1.34626061e+01
 4.65000000e+00   0.00000000e+00   1.00000000e+00   2.97868391e-02   1.52851073e-04   7.22464444e+00   1.34179253e+01
 4.66000000e+00   0.00000000e+00   1.00000000e+00   2.86893567e-02   1.20248091e-04   7.20239413e+00   1.34217573e+01
 4.67000000e+00   0.00000000e+00   1.00000000e+00   2.79668622e-02   8.03510174e-05   7.18205611e+00   1.33740531e+01
 4.68000000e+00   0.00000000e+00   1.00000000e+00   2.72328151e-02   4.38815226e-05   7.17946332e+00   1.33824589e+01
 4.69000000e+00   0.00000000e+00   1.00000000e+00   2.67232892e-02   1.69323891e-05   7.17665573e+00   1.33466319e+01
 4.70000000e+00   0.00000000e+00   1.00000000e+00   2.62795365e-02   5.83478924e-06   7.17370039e+00   1.33497749e+01
 4.71000000e+00   0.00000000e+00   1.00000000e+00   2.57954665e-02   1.29792929e-05   7.19069438e+00   1.33332077e+01
 4.72000000e+00   0.00000000e+00   1.00000000e+00   2.55079248e-02   3.57897763e-05   7.17542492e+00   1.33251819e+01
 4.73000000e+00   0.00000000e+00   1.00000000e+00   2.50353726e-02   7.14777761e-05   7.19755741e+00   1.33206810e+01
 4.74000000e+00   0.00000000e+00   1.00000000e+00   2.47999946e-02   1.09865975e-04   7.17282639e+00   1.33046775e+01
 4.75000000e+00   0.00000000e+00   1.00000000e+00   2.44497751e-02   1.46173947e-04   7.18406488e+00   1.32962390e+01
 4.76000000e+00   0.00000000e+00   1.00000000e+00   2.42800502e-02   1.68967856e-04   7.15895954e+00   1.32826861e+01
 4.77000000e+00   0.00000000e+00   1.00000000e+00   2.41407836e-02   1.76963235e-04   7.16049594e+00   1.32580275e+01
 4.78000000e+00   0.00000000e+00   1.00000000e+00   2.41219179e-02   1.64544951e-04   7.13863299e+00   1.32567991e+01
 4.79000000e+00   0.00000000e+00   1.00000000e+00   2.41650188e-02   1.37463022e-04   7.14666789e+00   1.32147057e+01
 4.80000000e+00   0.00000000e+00   1.00000000e+00   2.43133106e-02   9.84688793e-05   7.12445789e+00   1.32277902e+01
 4.81000000e+00   0.00000000e+00   1.00000000e+00   2.44317274e-02   5.83717696e-05   7.14890680e+00   1.31756464e+01
 4.82000000e+00   0.00000000e+00   1.00000000e+00   2.46424579e-02   2.41218605e-05   7.12266555e+00   1.31962800e+01
 4.83000000e+00   0.00000000e+00   1.00000000e+00   2.47657150e-02   4.69159121e-06   7.15269680e+00   1.31436809e+01
 4.84000000e+00   0.00000000e+00   1.00000000e+00   2.49431036e-02   3.64034205e-06   7.12273685e+00   1.31607730e+01
 4.85000000e+00   0.00000000e+00   1.00000000e+00   2.51098759e-02   2.17483715e-05   7.13842647e+00   1.31159720e+01
 4.86000000e+00   0.00000000e+00   1.00000000e+00   2.53368480e-02   5.48170725e-05   7.10627950e+00   1.31198326e+01
 4.87000000e+00   0.00000000e+00   1.00000000e+00   2.56794735e-02   9.55041408e-05   7.10115129e+00   1.30904335e+01
 4.88000000e+00   0.00000000e+00   1.00000000e+00   2.62133725e-02   1.34670120e-04   7.06692961e+00   1.30759996e+01
 4.89000000e+00   0.00000000e+00   1.00000000e+00   2.68925467e-02   1.63837925e-04   7.05469266e+00   1.30667064e+01
 4.90000000e+00   0.00000000e+00   1.00000000e+00   2.79629904e-02   1.76152480e-04   7.02149984e+00   1.30367018e+01
 4.91000000e+00   0.00000000e+00   1.00000000e+00   2.91017678e-02   1.69884375e-04   7.01981086e+00   1.30434418e+01
 4.92000000e+00   0.00000000e+00   1.00000000e+00   3.07146623e-02   1.45384536e-04   6.99920927e+00   1.30098420e+01
 4.93000000e+00   0.00000000e+00   1.00000000e+00   3.23449914e-02   1.09597830e-04   7.01154467e+00   1.30200673e+01
 4.94000000e+00   0.00000000e+00   1.00000000e+00   3.42972887e-02   6.86114878e-05   7.01695234e+00   1.29996737e+01
 4.95000000e+00   0.00000000e+00   1.00000000e+00   3.63294898e-02   3.27774630e-05   7.03360430e+00   1.29994191e+01
 4.96000000e+00   0.00000000e+00   1.00000000e+00   3.84074751e-02   7.95983333e-06   7.06489852e+00   1.30046841e+01
 4.97000000e+00   0.00000000e+00   1.00000000e+00   4.06622901e-02   2.73819220e-07   7.07908697e+00   1.29871594e+01
 4.98000000e+00   0.00000000e+00   1.00000000e+00   4.28090564e-02   1.02969243e-05   7.11726753e+00   1.30172478e+01
 4.99000000e+00   0.00000000e+00   1.00000000e+00   4.51213607e-02   3.58136469e-05   7.13497881e+00   1.29879418e+01
 5.00000000e+00   0.00000000e+00   1.00000000e+00   4.74162578e-02   7.18069885e-05   7.15678920e+00   1.30275199e+01