  Time  Coordinate0  Coordinate1  Displacement0  Displacement1  Force0  Force1
 1.00000000e-02  -8.33333334e-03   1.00000000e+00   7.53192876e-04   8.10601111e-06   1.79711376e+00  -3.30784891e+00
 2.00000000e-02  -8.33333334e-03   1.00000000e+00   1.78234833e-03   7.25948970e-05   1.69968917e+00   3.08026978e+00
 3.00000000e-02  -8.33333334e-03   1.00000000e+00   3.02353922e-03   1.35539080e-04   1.46949486e+00   1.16994190e+00
 4.00000000e-02  -8.33333334e-03   1.00000000e+00   4.49645475e-03   1.86977296e-04   1.25059532e+00   1.00846327e+00
 5.00000000e-02  -8.33333334e-03   1.00000000e+00   6.22374190e-03   2.20442655e-04   1.13627364e+00   9.92514987e-01
 6.00000000e-02  -8.33333334e-03   1.00000000e+00   8.19674210e-03   2.35638365e-04   1.06189858e+00   1.00763433e+00
 7.00000000e-02  -8.33333334e-03   1.00000000e+00   1.03762758e-02   2.38127203e-04   1.00888606e+00   1.01817936e+00
 8.00000000e-02  -8.33333334e-03   1.00000000e+00   1.27071917e-02   2.35205517e-04   9.68685632e-01   1.01989338e+00
 9.00000000e-02  -8.33333334e-03   1.00000000e+00   1.51377514e-02   2.33960281e-04   9.36899981e-01   1.01402937e+00
 1.00000000e-01  -8.33333334e-03   1.00000000e+00   1.76277233e-02   2.39408710e-04   9.10993655e-01   1.00294044e+00
 1.10000000e-01  -8.33333334e-03   1.00000000e+00   2.01478531e-02   2.53625420e-04   8.89613402e-01   9.88830485e-01
 1.20000000e-01  -8.33333334e-03   1.00000000e+00   2.26805912e-02   2.76119983e-04   8.71898254e-01   9.73170026e-01
 1.30000000e-01  -8.33333334e-03   1.00000000e+00   2.52152729e-02   3.04668789e-04   8.56722540e-01   9.56726182e-01
 1.40000000e-01  -8.33333334e-03   1.00000000e+00   2.77465850e-02   3.36355963e-04   8.43431587e-01   9.39923817e-01
 1.50000000e-01  -8.33333334e-03   1.00000000e+00   3.02723327e-02   3.68513940e-04   8.31640061e-01   9.22998176e-01
 1.60000000e-01  -8.33333334e-03   1.00000000e+00   3.27910839e-02   3.99250444e-04   8.21130170e-01   9.06144552e-01
 1.70000000e-01  -8.33333334e-03   1.00000000e+00   3.53012274e-02   4.27633708e-04   8.11623514e-01   8.89323189e-01
 1.80000000e-01  -8.33333334e-03   1.00000000e+00   3.78003535e-02   4.53602260e-04   8.02888939e-01   8.72460599e-01
 1.90000000e-01  -8.33333334e-03   1.00000000e+00   4.02849511e-02   4.77696752e-04   7.94790701e-01   8.55560541e-01
 2.00000000e-01  -8.33333334e-03   1.00000000e+00   4.27502981e-02   5.00733310e-04   7.87218130e-01   8.38616040e-01
 2.10000000e-01  -8.33333334e-03   1.00000000e+00   4.51905245e-02   5.23510264e-04   7.80092658e-01   8.21631159e-01
 2.20000000e-01  -8.33333334e-03   1.00000000e+00   4.75993944e-02   5.46608451e-04   7.73338476e-01   8.04649548e-01
 2.30000000e-01  -8.33333334e-03   1.00000000e+00   4.99692288e-02   5.70319445e-04   7.66919913e-01   7.87701648e-01
 2.40000000e-01  -8.33333334e-03   1.00000000e+00   5.22923349e-02   5.94666166e-04   7.60790867e-01   7.70835128e-01
 2.50000000e-01  -8.33333334e-03   1.00000000e+00   5.45602765e-02   6.19408394e-04   7.54940860e-01   7.54133016e-01
 2.60000000e-01  -8.33333334e-03   1.00000000e+00   5.67651169e-02   6.44203437e-04   7.49356305e-01   7.37676608e-01
 2.70000000e-01  -8.33333334e-03   1.00000000e+00   5.88993207e-02   6.68684743e-04   7.44016236e-01   7.21497980e-01
 2.80000000e-01  -8.33333334e-03   1.00000000e+00   6.09560555e-02   6.92542458e-04   7.38925212e-01   7.05699429e-01
 2.90000000e-01  -8.33333334e-03   1.00000000e+00   6.29292075e-02   7.15553407e-04   7.34071797e-01   6.90336321e-01
 3.00000000e-01  -8.33333334e-03   1.00000000e+00   6.48133891e-02   7.37585447e-04   7.29455107e-01   6.75469462e-01
 3.10000000e-01  -8.33333334e-03   1.00000000e+00   6.66036285e-02   7.58572813e-04   7.25076436e-01   6.61128320e-01
 3.20000000e-01  -8.33333334e-03   1.00000000e+00   6.82960794e-02   7.78515920e-04   7.20929401e-01   6.47370709e-01
 3.30000000e-01  -8.33333334e-03   1.00000000e+00   6.98873901e-02   7.97426858e-04   7.17013167e-01   6.34220442e-01
 3.40000000e-01  -8.33333334e-03   1.00000000e+00   7.13751143e-02   8.15343884e-04   7.13320251e-01   6.21706528e-01
 3.50000000e-01  -8.33333334e-03   1.00000000e+00   7.27565063e-02   8.32245010e-04   7.09858512e-01   6.09832032e-01
 3.60000000e-01  -8.33333334e-03   1.00000000e+00   7.40295214e-02   8.48115752e-04   7.06629230e-01   5.98618745e-01
 3.70000000e-01  -8.33333334e-03   1.00000000e+00   7.51925695e-02   8.62931630e-04   7.03631210e-01   5.88084689e-01
 3.80000000e-01  -8.33333334e-03   1.00000000e+00   7.62444832e-02   8.76670641e-04   7.00857803e-01   5.78207198e-01
 3.90000000e-01  -8.33333334e-03   1.00000000e+00   7.71842070e-02   8.89284423e-04   6.98312274e-01   5.68990049e-01
 4.00000000e-01  -8.33333334e-03   1.00000000e+00   7.80111310e-02   9.00741759e-04   6.95995369e-01   5.60436459e-01
 4.10000000e-01  -8.33333334e-03   1.00000000e+00   7.87250272e-02   9.11028474e-04   6.93902168e-01   5.52535922e-01
 4.20000000e-01  -8.33333334e-03   1.00000000e+00   7.93261380e-02   9.20127311e-04   6.92032452e-01   5.45279231e-01
 4.30000000e-01  -8.33333334e-03   1.00000000e+00   7.98146258e-02   9.28030298e-04   6.90385477e-01   5.38654629e-01
 4.40000000e-01  -8.33333334e-03   1.00000000e+00   8.01910139e-02   9.34744499e-04   6.88965690e-01   5.32653192e-01
 4.50000000e-01  -8.33333334e-03   1.00000000e+00   8.04564973e-02   9.40284198e-04   6.87762051e-01   5.27267428e-01
 4.60000000e-01  -8.33333334e-03   1.00000000e+00   8.06123321e-02   9.44664719e-04   6.88517241e-01   5.21630394e-01
 4.70000000e-01  -8.33333334e-03   1.00000000e+00   8.06598963e-02   9.47880459e-04   6.85684428e-01   5.21560920e-01
 4.80000000e-01  -8.33333334e-03   1.00000000e+00   8.06013134e-02   9.49919455e-04   6.85018728e-01   5.14447669e-01
 4.90000000e-01  -8.33333334e-03   1.00000000e+00   8.04402783e-02   9.50851687e-04   6.84216140e-01   5.09982376e-01
 5.00000000e-01  -8.33333334e-03   1.00000000e+00   8.01777484e-02   9.50631422e-04   6.86326963e-01   5.11140512e-01
 5.10000000e-01  -8.33333334e-03   1.00000000e+00   7.98164526e-02   9.49327859e-04   6.84612020e-01   5.06474229e-01
 5.20000000e-01  -8.33333334e-03   1.00000000e+00   7.93594092e-02   9.46953567e-04   6.85207792e-01   5.05624052e-01
 5.30000000e-01  -8.33333334e-03   1.00000000e+00   7.88100772e-02   9.43526698e-04   6.85629927e-01   5.04565790e-01
 5.40000000e-01  -8.33333334e-03   1.00000000e+00   7.81720559e-02   9.39074446e-04   6.86251113e-01   5.04013682e-01
 5.50000000e-01  -8.33333334e-03   1.00000000e+00   7.74496733e-02   9.33643808e-04   6.87028703e-01   5.03921166e-01
 5.60000000e-01  -8.33333334e-03   1.00000000e+00   7.66469606e-02   9.27266208e-04   6.87976092e-01   5.04263964e-01
 5.70000000e-01  -8.33333334e-03   1.00000000e+00   7.57681213e-02   9.19986199e-04   6.89076657e-01   5.05013502e-01
 5.80000000e-01  -8.33333334e-03   1.00000000e+00   7.48174391e-02   9.11841440e-04   6.90337755e-01   5.06154804e-01
 5.90000000e-01  -8.33333334e-03   1.00000000e+00   7.37994556e-02   9.02882863e-04   6.91740083e-01   5.07668411e-01
 6.00000000e-01  -8.33333334e-03   1.00000000e+00   7.27187552e-02   8.93157028e-04   6.93278373e-01   5.09523707e-01
 6.10000000e-01  -8.33333334e-03   1.00000000e+00   7.15800000e-02   8.82710403e-04   6.94947908e-01   5.11704599e-01
 6.20000000e-01  -8.33333334e-03   1.00000000e+00   7.03879356e-02   8.71589827e-04   6.96732609e-01   5.14191678e-01
 6.30000000e-01  -8.33333334e-03   1.00000000e+00   6.91474331e-02   8.59843055e-04   6.98633452e-01   5.16958312e-01
 6.40000000e-01  -8.33333334e-03   1.00000000e+00   6.78631169e-02   8.47503236e-04   7.00645370e-01   5.19986444e-01
 6.50000000e-01  -8.33333334e-03   1.00000000e+00   6.65401024e-02   8.34635288e-04   7.02749600e-01   5.23263578e-01
 6.60000000e-01  -8.33333334e-03   1.00000000e+00   6.51833882e-02   8.21290054e-04   7.04937600e-01   5.26759199e-01
 6.70000000e-01  -8.33333334e-03   1.00000000e+00   6.37979540e-02   8.07518263e-04   7.07205569e-01   5.30451755e-01
 6.80000000e-01  -8.33333334e-03   1.00000000e+00   6.23887680e-02   7.93371031e-04   7.09542583e-01   5.34322536e-01
 6.90000000e-01  -8.33333334e-03   1.00000000e+00   6.09610125e-02   7.78906332e-04   7.11932795e-01   5.38349129e-01
 7.00000000e-01  -8.33333334e-03   1.00000000e+00   5.95194894e-02   7.64170550e-04   7.14377107e-01   5.42506392e-01
 7.10000000e-01  -8.33333334e-03   1.00000000e+00   5.80690182e-02   7.49217378e-04   7.16857682e-01   5.46778395e-01
 7.20000000e-01  -8.33333334e-03   1.00000000e+00   5.66140288e-02   7.34079403e-04   7.19379736e-01   5.51139460e-01
 7.30000000e-01  -8.33333334e-03   1.00000000e+00   5.51591330e-02   7.18828210e-04   7.21922180e-01   5.55582982e-01
 7.40000000e-01  -8.33333334e-03   1.00000000e+00   5.37090811e-02   7.03509622e-04   7.24477838e-01   5.60080096e-01
 7.50000000e-01  -8.33333334e-03   1.00000000e+00   5.22684580e-02   6.88166872e-04   7.27037643e-01   5.64613853e-01
 7.60000000e-01  -8.33333334e-03   1.00000000e+00   5.08417384e-02   6.72850293e-04   7.29584953e-01   5.69162263e-01
 7.70000000e-01  -8.33333334e-03   1.00000000e+00   4.94332491e-02   6.57610348e-04   7.32119151e-01   5.73701970e-01
 7.80000000e-01  -8.33333334e-03   1.00000000e+00   4.80469383e-02   6.42484420e-04   7.34632889e-01   5.78223495e-01
 7.90000000e-01  -8.33333334e-03   1.00000000e+00   4.66869561e-02   6.27529542e-04   7.37107798e-01   5.82707276e-01
 8.00000000e-01  -8.33333334e-03   1.00000000e+00   4.53571066e-02   6.12793379e-04   7.39535181e-01   5.87132226e-01
 8.10000000e-01  -8.33333334e-03   1.00000000e+00   4.40610333e-02   5.98324807e-04   7.41914092e-01   5.91482370e-01
 8.20000000e-01  -8.33333334e-03   1.00000000e+00   4.28021254e-02   5.84165575e-04   7.44229409e-01   5.95736613e-01
 8.30000000e-01  -8.33333334e-03   1.00000000e+00   4.15835574e-02   5.70353590e-04   7.46474897e-01   5.99882492e-01
 8.40000000e-01  -8.33333334e-03   1.00000000e+00   4.04083023e-02   5.56923808e-04   7.48640834e-01   6.03904839e-01
 8.50000000e-01  -8.33333334e-03   1.00000000e+00   3.92791343e-02   5.43909037e-04   7.50726117e-01   6.07794187e-01
 8.60000000e-01  -8.33333334e-03   1.00000000e+00   3.81986281e-02   5.31339963e-04   7.52724635e-01   6.11534135e-01
 8.70000000e-01  -8.33333334e-03   1.00000000e+00   3.71691540e-02   5.19245474e-04   7.54627494e-01   6.15120448e-01
 8.80000000e-01  -8.33333334e-03   1.00000000e+00   3.61930332e-02   5.07657407e-04   7.56430657e-01   6.18539743e-01
 8.90000000e-01  -8.33333334e-03   1.00000000e+00   3.52721239e-02   4.96596087e-04   7.58124118e-01   6.21782775e-01
 9.00000000e-01  -8.33333334e-03   1.00000000e+00   3.44081344e-02   4.86085298e-04   7.59713712e-01   6.24844169e-01
 9.10000000e-01  -8.33333334e-03   1.00000000e+00   3.36023631e-02   4.76133365e-04   7.61197346e-01   6.27710332e-01
 9.20000000e-01  -8.33333334e-03   1.00000000e+00   3.28563174e-02   4.66773020e-04   7.62555909e-01   6.30384765e-01
 9.30000000e-01  -8.33333334e-03   1.00000000e+00   3.21711401e-02   4.58021953e-04   7.63795589e-01   6.32853174e-01
 9.40000000e-01  -8.33333334e-03   1.00000000e+00   3.15476679e-02   4.49887116e-04   7.64914604e-01   6.35113788e-01
 9.50000000e-01  -8.33333334e-03   1.00000000e+00   3.09866551e-02   4.42389426e-04   7.65905811e-01   6.37161831e-01
 9.60000000e-01  -8.33333334e-03   1.00000000e+00   3.04885648e-02   4.35540358e-04   7.66774102e-01   6.38994648e-01
 9.70000000e-01  -8.33333334e-03   1.00000000e+00   3.00537396e-02   4.29350628e-04   7.67508455e-01   6.40606303e-01
 9.80000000e-01  -8.33333334e-03   1.00000000e+00   2.96820084e-02   4.23813994e-04   7.68122637e-01   6.41997922e-01
 9.90000000e-01  -8.33333334e-03   1.00000000e+00   2.93731810e-02   4.18940944e-04   7.68607936e-01   6.43172151e-01
 1.00000000e+00  -8.33333334e-03   1.00000000e+00   2.91270699e-02   4.14736562e-04   7.68964725e-01   6.44129593e-01
 1.01000000e+00  -8.33333334e-03   1.00000000e+00   2.89431148e-02   4.11190335e-04   7.69197315e-01   6.44866228e-01
 1.02000000e+00  -8.33333334e-03   1.00000000e+00   2.88205758e-02   4.08310482e-04   7.67651005e-01   6.46166236e-01
 1.03000000e+00  -8.33333334e-03   1.00000000e+00   2.87580470e-02   4.06049383e-04   7.68773357e-01   6.42864145e-01
 1.04000000e+00  -8.33333334e-03   1.00000000e+00   2.87554139e-02   4.04463225e-04   7.69884059e-01   6.45547234e-01
 1.05000000e+00  -8.33333334e-03   1.00000000e+00   2.88111865e-02   4.03562900e-04   7.69349340e-01   6.45559432e-01
 1.06000000e+00  -8.33333334e-03   1.00000000e+00   2.89238254e-02   4.03305353e-04   7.69034534e-01   6.45613477e-01
 1.07000000e+00  -8.33333334e-03   1.00000000e+00   2.90910914e-02   4.03606500e-04   7.67428843e-01   6.46751694e-01
 1.08000000e+00  -8.33333334e-03   1.00000000e+00   2.93125818e-02   4.04489729e-04   7.66496192e-01   6.41450596e-01
 1.09000000e+00  -8.33333334e-03   1.00000000e+00   2.95861765e-02   4.05976516e-04   7.67230891e-01   6.43717826e-01
 1.10000000e+00  -8.33333334e-03   1.00000000e+00   2.99097974e-02   4.08040274e-04   7.66090699e-01   6.42101021e-01
 1.11000000e+00  -8.33333334e-03   1.00000000e+00   3.02811912e-02   4.10667842e-04   7.65208282e-01   6.40936900e-01
 1.12000000e+00  -8.33333334e-03   1.00000000e+00   3.06980833e-02   4.13840074e-04   7.64234596e-01   6.39567822e-01
 1.13000000e+00  -8.33333334e-03   1.00000000e+00   3.11581518e-02   4.17531444e-04   7.63190886e-01   6.38035344e-01
 1.14000000e+00  -8.33333334e-03   1.00000000e+00   3.16590393e-02   4.21717713e-04   7.62070394e-01   6.36346470e-01
 1.15000000e+00  -8.33333334e-03   1.00000000e+00   3.21982527e-02   4.26367841e-04   7.60884813e-01   6.34514848e-01
 1.16000000e+00  -8.33333334e-03   1.00000000e+00   3.27732726e-02   4.31454100e-04   7.59633409e-01   6.32552354e-01
 1.17000000e+00  -8.33333334e-03   1.00000000e+00   3.33815350e-02   4.36950047e-04   7.58325923e-01   6.30468777e-01
 1.18000000e+00  -8.33333334e-03   1.00000000e+00   3.40204273e-02   4.42830026e-04   7.56962209e-01   6.28274095e-01
 1.19000000e+00  -8.33333334e-03   1.00000000e+00   3.46873188e-02   4.49069461e-04   7.55551743e-01   6.25978702e-01
 1.20000000e+00  -8.33333334e-03   1.00000000e+00   3.53795817e-02   4.55648872e-04   7.54097601e-01   6.23588544e-01
 1.21000000e+00  -8.33333334e-03   1.00000000e+00   3.60944112e-02   4.62534571e-04   7.52607374e-01   6.21113956e-01
 1.22000000e+00  -8.33333334e-03   1.00000000e+00   3.68290528e-02   4.69698586e-04   7.51089538e-01   6.18563985e-01
 1.23000000e+00  -8.33333334e-03   1.00000000e+00   3.75807579e-02   4.77113029e-04   7.49544492e-01   6.15949843e-01
 1.24000000e+00  -8.33333334e-03   1.00000000e+00   3.83467822e-02   4.84749572e-04   7.47981959e-01   6.13280604e-01
 1.25000000e+00  -8.33333334e-03   1.00000000e+00   3.91242638e-02   4.92576030e-04   7.46409519e-01   6.10565040e-01
 1.26000000e+00  -8.33333334e-03   1.00000000e+00   3.99105443e-02   5.00566417e-04   7.44823602e-01   6.07813928e-01
 1.27000000e+00  -8.33333334e-03   1.00000000e+00   4.07029538e-02   5.08690846e-04   7.43240656e-01   6.05038279e-01
 1.28000000e+00  -8.33333334e-03   1.00000000e+00   4.14990320e-02   5.16931034e-04   7.41656392e-01   6.02243884e-01
 1.29000000e+00  -8.33333334e-03   1.00000000e+00   4.22960227e-02   5.25248051e-04   7.40076312e-01   5.99435483e-01
 1.30000000e+00  -8.33333334e-03   1.00000000e+00   4.30915298e-02   5.33612713e-04   7.38511905e-01   5.96625632e-01
 1.31000000e+00  -8.33333334e-03   1.00000000e+00   4.38830004e-02   5.42000505e-04   7.36965010e-01   5.93824083e-01
 1.32000000e+00  -8.33333334e-03   1.00000000e+00   4.46679535e-02   5.50388292e-04   7.35433494e-01   5.91041794e-01
 1.33000000e+00  -8.33333334e-03   1.00000000e+00   4.54439645e-02   5.58748464e-04   7.33930823e-01   5.88276107e-01
 1.34000000e+00  -8.33333334e-03   1.00000000e+00   4.62086911e-02   5.67053309e-04   7.32458456e-01   5.85541633e-01
 1.35000000e+00  -8.33333334e-03   1.00000000e+00   4.69600026e-02   5.75282249e-04   7.31021574e-01   5.82847592e-01
 1.36000000e+00  -8.33333334e-03   1.00000000e+00   4.76956962e-02   5.83405223e-04   7.29618189e-01   5.80197461e-01
 1.37000000e+00  -8.33333334e-03   1.00000000e+00   4.84136879e-02   5.91394105e-04   7.28260457e-01   5.77599761e-01
 1.38000000e+00  -8.33333334e-03   1.00000000e+00   4.91120446e-02   5.99223859e-04   7.26948927e-01   5.75064092e-01
 1.39000000e+00  -8.33333334e-03   1.00000000e+00   4.97889642e-02   6.06871893e-04   7.25683694e-01   5.72595204e-01
 1.40000000e+00  -8.33333334e-03   1.00000000e+00   5.04427649e-02   6.14317798e-04   7.24470288e-01   5.70204888e-01
 1.41000000e+00  -8.33333334e-03   1.00000000e+00   5.10718786e-02   6.21543043e-04   7.23309211e-01   5.67892430e-01
 1.42000000e+00  -8.33333334e-03   1.00000000e+00   5.16748469e-02   6.28530264e-04   7.22202624e-01   5.65673368e-01
 1.43000000e+00  -8.33333334e-03   1.00000000e+00   5.22503229e-02   6.35263111e-04   7.21154921e-01   5.63534710e-01
 1.44000000e+00  -8.33333334e-03   1.00000000e+00   5.27969838e-02   6.41723697e-04   7.20169995e-01   5.61491161e-01
 1.45000000e+00  -8.33333334e-03   1.00000000e+00   5.33137623e-02   6.47900536e-04   7.19235217e-01   5.59548152e-01
 1.46000000e+00  -8.33333334e-03   1.00000000e+00   5.37996729e-02   6.53780038e-04   7.18371706e-01   5.57707727e-01
 1.47000000e+00  -8.33333334e-03   1.00000000e+00   5.42539587e-02   6.59357395e-04   7.17564131e-01   5.55971864e-01
 1.48000000e+00  -8.33333334e-03   1.00000000e+00   5.46757421e-02   6.64614118e-04   7.16820540e-01   5.54342589e-01
 1.49000000e+00  -8.33333334e-03   1.00000000e+00   5.50643485e-02   6.69539985e-04   7.16142200e-01   5.52824087e-01
 1.50000000e+00  -8.33333334e-03   1.00000000e+00   5.54191828e-02   6.74125079e-04   7.15532686e-01   5.51416535e-01
 1.51000000e+00  -8.33333334e-03   1.00000000e+00   5.57399473e-02   6.78369035e-04   7.14983959e-01   5.50128649e-01
 1.52000000e+00  -8.33333334e-03   1.00000000e+00   5.60262783e-02   6.82259287e-04   7.14498386e-01   5.48955655e-01
 1.53000000e+00  -8.33333334e-03   1.00000000e+00   5.62779853e-02   6.85790857e-04   7.14084517e-01   5.47900573e-01
 1.54000000e+00  -8.33333334e-03   1.00000000e+00   5.64950145e-02   6.88962607e-04   7.13734501e-01   5.46964592e-01
 1.55000000e+00  -8.33333334e-03   1.00000000e+00   5.66774704e-02   6.91771015e-04   7.13442194e-01   5.46145354e-01
 1.56000000e+00  -8.33333334e-03   1.00000000e+00   5.68253827e-02   6.94213915e-04   7.14600836e-01   5.44461260e-01
 1.57000000e+00  -8.33333334e-03   1.00000000e+00   5.69383155e-02   6.96303392e-04   7.13003312e-01   5.48498920e-01
 1.58000000e+00  -8.33333334e-03   1.00000000e+00   5.70176129e-02   6.98016264e-04   7.11699197e-01   5.42606005e-01
 1.59000000e+00  -8.33333334e-03   1.00000000e+00   5.70636000e-02   6.99340593e-04   7.13856347e-01   5.44043707e-01
 1.60000000e+00  -8.33333334e-03   1.00000000e+00   5.70768192e-02   7.00323792e-04   7.13153193e-01   5.44749218e-01
 1.61000000e+00  -8.33333334e-03   1.00000000e+00   5.70576712e-02   7.00950080e-04   7.12706048e-01   5.43844209e-01
 1.62000000e+00  -8.33333334e-03   1.00000000e+00   5.70069770e-02   7.01220474e-04   7.12945347e-01   5.43745896e-01
 1.63000000e+00  -8.33333334e-03   1.00000000e+00   5.69255120e-02   7.01152019e-04   7.13111123e-01   5.43686971e-01
 1.64000000e+00  -8.33333334e-03   1.00000000e+00   5.68140622e-02   7.00749438e-04   7.13323167e-01   5.43765986e-01
 1.65000000e+00  -8.33333334e-03   1.00000000e+00   5.66735627e-02   7.00015485e-04   7.13586502e-01   5.43968547e-01
 1.66000000e+00  -8.33333334e-03   1.00000000e+00   5.65050907e-02   6.98959321e-04   7.13899868e-01   5.44285008e-01
 1.67000000e+00  -8.33333334e-03   1.00000000e+00   5.63097700e-02   6.97591333e-04   7.14265615e-01   5.44712074e-01
 1.68000000e+00  -8.33333334e-03   1.00000000e+00   5.60889510e-02   6.95927520e-04   7.14678380e-01   5.45242899e-01
 1.69000000e+00  -8.33333334e-03   1.00000000e+00   5.58438904e-02   6.93978915e-04   7.15133753e-01   5.45873487e-01
 1.70000000e+00  -8.33333334e-03   1.00000000e+00   5.55770211e-02   6.91821275e-04   7.17462118e-01   5.44721691e-01
 1.71000000e+00  -8.33333334e-03   1.00000000e+00   5.52880414e-02   6.89428299e-04   7.18621913e-01   5.52366429e-01
 1.72000000e+00  -8.33333334e-03   1.00000000e+00   5.49788347e-02   6.86775988e-04   7.16585265e-01   5.49062436e-01
 1.73000000e+00  -8.33333334e-03   1.00000000e+00   5.46508904e-02   6.83882201e-04   7.17909247e-01   5.50832652e-01
 1.74000000e+00  -8.33333334e-03   1.00000000e+00   5.43056344e-02   6.80744679e-04   7.18622529e-01   5.51768565e-01
 1.75000000e+00  -8.33333334e-03   1.00000000e+00   5.39444962e-02   6.77376756e-04   7.19367044e-01   5.52854901e-01
 1.76000000e+00  -8.33333334e-03   1.00000000e+00   5.35689361e-02   6.73801329e-04   7.20114044e-01   5.54032719e-01
 1.77000000e+00  -8.33333334e-03   1.00000000e+00   5.31803470e-02   6.70039977e-04   7.20883087e-01   5.55284156e-01
 1.78000000e+00  -8.33333334e-03   1.00000000e+00   5.27802813e-02   6.66122551e-04   7.21664346e-01   5.56599331e-01
 1.79000000e+00  -8.33333334e-03   1.00000000e+00   5.23702623e-02   6.62070933e-04   7.22465789e-01   5.57967442e-01
 1.80000000e+00  -8.33333334e-03   1.00000000e+00   5.19518096e-02   6.57902805e-04   7.23278857e-01   5.59377121e-01
 1.81000000e+00  -8.33333334e-03   1.00000000e+00   5.15264375e-02   6.53632701e-04   7.24102394e-01   5.60822405e-01
 1.82000000e+00  -8.33333334e-03   1.00000000e+00   5.10957220e-02   6.49275281e-04   7.24933747e-01   5.62298139e-01
 1.83000000e+00  -8.33333334e-03   1.00000000e+00   5.06611204e-02   6.44841100e-04   7.25773269e-01   5.63798110e-01
 1.84000000e+00  -8.33333334e-03   1.00000000e+00   5.02240922e-02   6.40343351e-04   7.26619116e-01   5.65314154e-01
 1.85000000e+00  -8.33333334e-03   1.00000000e+00   4.97859759e-02   6.35789965e-04   7.27462216e-01   5.66842836e-01
 1.86000000e+00  -8.33333334e-03   1.00000000e+00   4.93481628e-02   6.31201822e-04   7.28308412e-01   5.68379528e-01
 1.87000000e+00  -8.33333334e-03   1.00000000e+00   4.89120841e-02   6.26593029e-04   7.29147232e-01   5.69918692e-01
 1.88000000e+00  -8.33333334e-03   1.00000000e+00   4.84791190e-02   6.21977524e-04   7.29981365e-01   5.71450083e-01
 1.89000000e+00  -8.33333334e-03   1.00000000e+00   4.80506126e-02   6.17371565e-04   7.30805118e-01   5.72980436e-01
 1.90000000e+00  -8.33333334e-03   1.00000000e+00   4.76278635e-02   6.12791316e-04   7.31617450e-01   5.74494707e-01
 1.91000000e+00  -8.33333334e-03   1.00000000e+00   4.72120555e-02   6.08248635e-04   7.32415261e-01   5.75993952e-01
 1.92000000e+00  -8.33333334e-03   1.00000000e+00   4.68044319e-02   6.03760981e-04   7.33196538e-01   5.77470418e-01
 1.93000000e+00  -8.33333334e-03   1.00000000e+00   4.64061315e-02   5.99342632e-04   7.33960182e-01   5.78921868e-01
 1.94000000e+00  -8.33333334e-03   1.00000000e+00   4.60182437e-02   5.95008080e-04   7.34698357e-01   5.80341747e-01
 1.95000000e+00  -8.33333334e-03   1.00000000e+00   4.56417807e-02   5.90769389e-04   7.35415134e-01   5.81723685e-01
 1.96000000e+00  -8.33333334e-03   1.00000000e+00   4.52776893e-02   5.86637657e-04   7.36107228e-01   5.83070064e-01
 1.97000000e+00  -8.33333334e-03   1.00000000e+00   4.49268552e-02   5.82623142e-04   7.36772668e-01   5.84371046e-01
 1.98000000e+00  -8.33333334e-03   1.00000000e+00   4.45901036e-02   5.78735588e-04   7.37408355e-01   5.85624413e-01
 1.99000000e+00  -8.33333334e-03   1.00000000e+00   4.42681992e-02   5.74984188e-04   7.38015343e-01   5.86823814e-01
 2.00000000e+00  -8.33333334e-03   1.00000000e+00   4.39618442e-02   5.71377593e-04   7.38592024e-01   5.87978757e-01
 2.01000000e+00  -8.33333334e-03   1.00000000e+00   4.36717248e-02   5.67925330e-04   7.39133138e-01   5.89078757e-01
 2.02000000e+00  -8.33333334e-03   1.00000000e+00   4.33983882e-02   5.64633473e-04   7.39639885e-01   5.90119961e-01
 2.03000000e+00  -8.33333334e-03   1.00000000e+00   4.31423359e-02   5.61509204e-04   7.40115203e-01   5.91103270e-01
 2.04000000e+00  -8.33333334e-03   1.00000000e+00   4.29039463e-02   5.58554991e-04   7.40555214e-01   5.92023291e-01
 2.05000000e+00  -8.33333334e-03   1.00000000e+00   4.26836696e-02   5.55780979e-04   7.40957759e-01   5.92884821e-01
 2.06000000e+00  -8.33333334e-03   1.00000000e+00   4.24818179e-02   5.53191268e-04   7.41327042e-01   5.93681068e-01
 2.07000000e+00  -8.33333334e-03   1.00000000e+00   4.22986362e-02   5.50788791e-04   7.41654791e-01   5.94412307e-01
 2.08000000e+00  -8.33333334e-03   1.00000000e+00   4.21343353e-02   5.48579445e-04   7.41946799e-01   5.95078729e-01
 2.09000000e+00  -8.33333334e-03   1.00000000e+00   4.19890736e-02   5.46563689e-04   7.40804552e-01   5.96698747e-01
 2.10000000e+00  -8.33333334e-03   1.00000000e+00   4.18636655e-02   5.44733041e-04   7.42592379e-01   5.92352956e-01
 2.11000000e+00  -8.33333334e-03   1.00000000e+00   4.17569930e-02   5.43129318e-04   7.43849865e-01   5.98897490e-01
 2.12000000e+00  -8.33333334e-03   1.00000000e+00   4.16691699e-02   5.41746921e-04   7.41493733e-01   5.97368507e-01
 2.13000000e+00  -8.33333334e-03   1.00000000e+00   4.15999521e-02   5.40530532e-04   7.42233407e-01   5.95654556e-01
 2.14000000e+00  -8.33333334e-03   1.00000000e+00   4.15497239e-02   5.39502791e-04   7.43174269e-01   5.97436621e-01
 2.15000000e+00  -8.33333334e-03   1.00000000e+00   4.15180414e-02   5.38685081e-04   7.42998721e-01   5.97556731e-01
 2.16000000e+00  -8.33333334e-03   1.00000000e+00   4.15045315e-02   5.38070679e-04   7.43002464e-01   5.97822854e-01
 2.17000000e+00  -8.33333334e-03   1.00000000e+00   4.15088502e-02   5.37660941e-04   7.42979999e-01   5.97998185e-01
 2.18000000e+00  -8.33333334e-03   1.00000000e+00   4.15305949e-02   5.37448769e-04   7.42934481e-01   5.98087856e-01
 2.19000000e+00  -8.33333334e-03   1.00000000e+00   4.15693975e-02   5.37427937e-04   7.42854406e-01   5.98104001e-01
 2.20000000e+00  -8.33333334e-03   1.00000000e+00   4.16247664e-02   5.37588882e-04   7.42744015e-01   5.98053122e-01
 2.21000000e+00  -8.33333334e-03   1.00000000e+00   4.16962990e-02   5.37929551e-04   7.42606797e-01   5.97937400e-01
 2.22000000e+00  -8.33333334e-03   1.00000000e+00   4.17834284e-02   5.38446415e-04   7.42436805e-01   5.97763592e-01
 2.23000000e+00  -8.33333334e-03   1.00000000e+00   4.18855498e-02   5.39134177e-04   7.42236557e-01   5.97528804e-01
 2.24000000e+00  -8.33333334e-03   1.00000000e+00   4.20019510e-02   5.39986858e-04   7.42006657e-01   5.97238152e-01
 2.25000000e+00  -8.33333334e-03   1.00000000e+00   4.21319383e-02   5.40998903e-04   7.41752972e-01   5.96893768e-01
 2.26000000e+00  -8.33333334e-03   1.00000000e+00   4.22747927e-02   5.42163139e-04   7.41472020e-01   5.96495418e-01
 2.27000000e+00  -8.33333334e-03   1.00000000e+00   4.24297867e-02   5.43473469e-04   7.41168172e-01   5.96048244e-01
 2.28000000e+00  -8.33333334e-03   1.00000000e+00   4.25961550e-02   5.44921667e-04   7.40841258e-01   5.95556823e-01
 2.29000000e+00  -8.33333334e-03   1.00000000e+00   4.27731279e-02   5.46500082e-04   7.40494150e-01   5.95020841e-01
 2.30000000e+00  -8.33333334e-03   1.00000000e+00   4.29599250e-02   5.48200962e-04   7.40125937e-01   5.94444978e-01
 2.31000000e+00  -8.33333334e-03   1.00000000e+00   4.31557526e-02   5.50016392e-04   7.39745290e-01   5.93832563e-01
 2.32000000e+00  -8.33333334e-03   1.00000000e+00   4.33597967e-02   5.51938217e-04   7.39345796e-01   5.93184166e-01
 2.33000000e+00  -8.33333334e-03   1.00000000e+00   4.35712830e-02   5.53960650e-04   7.38931603e-01   5.92504036e-01
 2.34000000e+00  -8.33333334e-03   1.00000000e+00   4.37884464e-02   5.56024936e-04   7.36700427e-01   5.93401030e-01
 2.35000000e+00  -8.33333334e-03   1.00000000e+00   4.40118201e-02   5.58144693e-04   7.36249980e-01   5.86721333e-01
 2.36000000e+00  -8.33333334e-03   1.00000000e+00   4.42401664e-02   5.60364288e-04   7.37842570e-01   5.89687474e-01
 2.37000000e+00  -8.33333334e-03   1.00000000e+00   4.44725821e-02   5.62664326e-04   7.36823132e-01   5.88330598e-01
 2.38000000e+00  -8.33333334e-03   1.00000000e+00   4.47082009e-02   5.65040533e-04   7.36319797e-01   5.87674673e-01
 2.39000000e+00  -8.33333334e-03   1.00000000e+00   4.49462352e-02   5.67481134e-04   7.35816356e-01   5.86936795e-01
 2.40000000e+00  -8.33333334e-03   1.00000000e+00   4.51858967e-02   5.69968600e-04   7.35330601e-01   5.86156416e-01
 2.41000000e+00  -8.33333334e-03   1.00000000e+00   4.54264542e-02   5.72488813e-04   7.34850397e-01   5.85350228e-01
 2.42000000e+00  -8.33333334e-03   1.00000000e+00   4.56671370e-02   5.75023792e-04   7.34374825e-01   5.84529163e-01
 2.43000000e+00  -8.33333334e-03   1.00000000e+00   4.59071453e-02   5.77563228e-04   7.33904411e-01   5.83698123e-01
 2.44000000e+00  -8.33333334e-03   1.00000000e+00   4.61457056e-02   5.80100303e-04   7.33438120e-01   5.82863524e-01
 2.45000000e+00  -8.33333334e-03   1.00000000e+00   4.63820637e-02   5.82628737e-04   7.32982247e-01   5.82033308e-01
 2.46000000e+00  -8.33333334e-03   1.00000000e+00   4.66154918e-02   5.85142953e-04   7.32532904e-01   5.81205680e-01
 2.47000000e+00  -8.33333334e-03   1.00000000e+00   4.68453278e-02   5.87639323e-04   7.32089061e-01   5.80388192e-01
 2.48000000e+00  -8.33333334e-03   1.00000000e+00   4.70708777e-02   5.90110126e-04   7.31659428e-01   5.79580441e-01
 2.49000000e+00  -8.33333334e-03   1.00000000e+00   4.72915065e-02   5.92548229e-04   7.31239945e-01   5.78785935e-01
 2.50000000e+00  -8.33333334e-03   1.00000000e+00   4.75066065e-02   5.94945436e-04   7.30831334e-01   5.78006671e-01
 2.51000000e+00  -8.33333334e-03   1.00000000e+00   4.77156127e-02   5.97294149e-04   7.30437242e-01   5.77248674e-01
 2.52000000e+00  -8.33333334e-03   1.00000000e+00   4.79179960e-02   5.99587113e-04   7.30057141e-01   5.76515380e-01
 2.53000000e+00  -8.33333334e-03   1.00000000e+00   4.81132601e-02   6.01817635e-04   7.29694677e-01   5.75799427e-01
 2.54000000e+00  -8.33333334e-03   1.00000000e+00   4.83009417e-02   6.03979661e-04   7.29342936e-01   5.75107989e-01
 2.55000000e+00  -8.33333334e-03   1.00000000e+00   4.84806105e-02   6.06067769e-04   7.29012041e-01   5.74443500e-01
 2.56000000e+00  -8.33333334e-03   1.00000000e+00   4.86518698e-02   6.08077118e-04   7.28696045e-01   5.73807288e-01
 2.57000000e+00  -8.33333334e-03   1.00000000e+00   4.88143305e-02   6.10002572e-04   7.28400236e-01   5.73198658e-01
 2.58000000e+00  -8.33333334e-03   1.00000000e+00   4.89676803e-02   6.11840931e-04   7.28121216e-01   5.72620552e-01
 2.59000000e+00  -8.33333334e-03   1.00000000e+00   4.91116136e-02   6.13594019e-04   7.29106129e-01   5.71043135e-01
 2.60000000e+00  -8.33333334e-03   1.00000000e+00   4.92451297e-02   6.15269802e-04   7.27604968e-01   5.75301487e-01
 2.61000000e+00  -8.33333334e-03   1.00000000e+00   4.93690265e-02   6.16813331e-04   7.26069015e-01   5.68831700e-01
 2.62000000e+00  -8.33333334e-03   1.00000000e+00   4.94830110e-02   6.18236230e-04   7.28553440e-01   5.70159645e-01
 2.63000000e+00  -8.33333334e-03   1.00000000e+00   4.95861406e-02   6.19592704e-04   7.27015982e-01   5.73074184e-01
 2.64000000e+00  -8.33333334e-03   1.00000000e+00   4.96790951e-02   6.20822590e-04   7.25833920e-01   5.68066846e-01
 2.65000000e+00  -8.33333334e-03   1.00000000e+00   4.97617414e-02   6.21936011e-04   7.27748345e-01   5.69144628e-01
 2.66000000e+00  -8.33333334e-03   1.00000000e+00   4.98342343e-02   6.22975319e-04   7.27241481e-01   5.70733819e-01
 2.67000000e+00  -8.33333334e-03   1.00000000e+00   4.98960761e-02   6.23923049e-04   7.26309927e-01   5.69151696e-01
 2.68000000e+00  -8.33333334e-03   1.00000000e+00   4.99474746e-02   6.24751431e-04   7.26425486e-01   5.69044900e-01
 2.69000000e+00  -8.33333334e-03   1.00000000e+00   4.99885100e-02   6.25461176e-04   7.26365713e-01   5.68756920e-01
 2.70000000e+00  -8.33333334e-03   1.00000000e+00   5.00192963e-02   6.26052484e-04   7.26323064e-01   5.68528535e-01
 2.71000000e+00  -8.33333334e-03   1.00000000e+00   5.00399362e-02   6.26525590e-04   7.26288958e-01   5.68351949e-01
 2.72000000e+00  -8.33333334e-03   1.00000000e+00   5.00505858e-02   6.26886113e-04   7.26271684e-01   5.68216308e-01
 2.73000000e+00  -8.33333334e-03   1.00000000e+00   5.00513722e-02   6.27135015e-04   7.26267721e-01   5.68121232e-01
 2.74000000e+00  -8.33333334e-03   1.00000000e+00   5.00424722e-02   6.27275827e-04   7.26284751e-01   5.68064918e-01
 2.75000000e+00  -8.33333334e-03   1.00000000e+00   5.00241444e-02   6.27314961e-04   7.26316435e-01   5.68042933e-01
 2.76000000e+00  -8.33333334e-03   1.00000000e+00   4.99968747e-02   6.27260053e-04   7.26367300e-01   5.68059362e-01
 2.77000000e+00  -8.33333334e-03   1.00000000e+00   4.99607308e-02   6.27112014e-04   7.26435808e-01   5.68113418e-01
 2.78000000e+00  -8.33333334e-03   1.00000000e+00   4.99159147e-02   6.26868363e-04   7.26516264e-01   5.68192249e-01
 2.79000000e+00  -8.33333334e-03   1.00000000e+00   4.98627431e-02   6.26530495e-04   7.26615096e-01   5.68304545e-01
 2.80000000e+00  -8.33333334e-03   1.00000000e+00   4.98015750e-02   6.26098836e-04   7.26730858e-01   5.68447799e-01
 2.81000000e+00  -8.33333334e-03   1.00000000e+00   4.97327914e-02   6.25575623e-04   7.26863404e-01   5.68621182e-01
 2.82000000e+00  -8.33333334e-03   1.00000000e+00   4.96567990e-02   6.24964859e-04   7.27007818e-01   5.68824512e-01
 2.83000000e+00  -8.33333334e-03   1.00000000e+00   4.95740062e-02   6.24270508e-04   7.27168371e-01   5.69055110e-01
 2.84000000e+00  -8.33333334e-03   1.00000000e+00   4.94848444e-02   6.23498280e-04   7.27337601e-01   5.69314538e-01
 2.85000000e+00  -8.33333334e-03   1.00000000e+00   4.93897407e-02   6.22653248e-04   7.27519075e-01   5.69596293e-01
 2.86000000e+00  -8.33333334e-03   1.00000000e+00   4.92891243e-02   6.21740235e-04   7.27711444e-01   5.69902999e-01
 2.87000000e+00  -8.33333334e-03   1.00000000e+00   4.91834287e-02   6.20763855e-04   7.27914464e-01   5.70229055e-01
 2.88000000e+00  -8.33333334e-03   1.00000000e+00   4.90730887e-02   6.19728422e-04   7.28126744e-01   5.70575640e-01
 2.89000000e+00  -8.33333334e-03   1.00000000e+00   4.89585375e-02   6.18637300e-04   7.28349281e-01   5.70940816e-01
 2.90000000e+00  -8.33333334e-03   1.00000000e+00   4.88402375e-02   6.17496069e-04   7.28575608e-01   5.71321927e-01
 2.91000000e+00  -8.33333334e-03   1.00000000e+00   4.87186430e-02   6.16309308e-04   7.28809793e-01   5.71719969e-01
 2.92000000e+00  -8.33333334e-03   1.00000000e+00   4.85942075e-02   6.15081511e-04   7.29049670e-01   5.72129324e-01
 2.93000000e+00  -8.33333334e-03   1.00000000e+00   4.84673844e-02   6.13817218e-04   7.29294282e-01   5.72553247e-01
 2.94000000e+00  -8.33333334e-03   1.00000000e+00   4.83386473e-02   6.12521632e-04   7.29544629e-01   5.72983758e-01
 2.95000000e+00  -8.33333334e-03   1.00000000e+00   4.82084373e-02   6.11198935e-04   7.29795921e-01   5.73426871e-01
 2.96000000e+00  -8.33333334e-03   1.00000000e+00   4.80771977e-02   6.09854046e-04   7.30049029e-01   5.73876525e-01
 2.97000000e+00  -8.33333334e-03   1.00000000e+00   4.79453374e-02   6.08489969e-04   7.30303703e-01   5.74332656e-01
 2.98000000e+00  -8.33333334e-03   1.00000000e+00   4.78133148e-02   6.07113146e-04   7.30563417e-01   5.74791825e-01
 2.99000000e+00  -8.33333334e-03   1.00000000e+00   4.76815289e-02   6.05728431e-04   7.30818005e-01   5.75253862e-01
 3.00000000e+00  -8.33333334e-03   1.00000000e+00   4.75504047e-02   6.04339910e-04   7.31072607e-01   5.75718324e-01
 3.01000000e+00  -8.33333334e-03   1.00000000e+00   4.74203554e-02   6.02951471e-04   7.31325417e-01   5.76183282e-01
 3.02000000e+00  -8.33333334e-03   1.00000000e+00   4.72917845e-02   6.01567701e-04   7.31575494e-01   5.76645378e-01
 3.03000000e+00  -8.33333334e-03   1.00000000e+00   4.71650819e-02   6.00193226e-04   7.31822601e-01   5.77105688e-01
 3.04000000e+00  -8.33333334e-03   1.00000000e+00   4.70406023e-02   5.98831481e-04   7.32066076e-01   5.77560910e-01
 3.05000000e+00  -8.33333334e-03   1.00000000e+00   4.69187120e-02   5.97487456e-04   7.32302355e-01   5.78009030e-01
 3.06000000e+00  -8.33333334e-03   1.00000000e+00   4.67997572e-02   5.96165822e-04   7.32535702e-01   5.78449932e-01
 3.07000000e+00  -8.33333334e-03   1.00000000e+00   4.66840593e-02   5.94870727e-04   7.32762943e-01   5.78883972e-01
 3.08000000e+00  -8.33333334e-03   1.00000000e+00   4.65719176e-02   5.93605908e-04   7.32980820e-01   5.79307589e-01
 3.09000000e+00  -8.33333334e-03   1.00000000e+00   4.64636112e-02   5.92374718e-04   7.33192727e-01   5.79714439e-01
 3.10000000e+00  -8.33333334e-03   1.00000000e+00   4.63594008e-02   5.91180227e-04   7.33397820e-01   5.80114385e-01
 3.11000000e+00  -8.33333334e-03   1.00000000e+00   4.62595285e-02   5.90025329e-04   7.33593163e-01   5.80500170e-01
 3.12000000e+00  -8.33333334e-03   1.00000000e+00   4.61642177e-02   5.88912708e-04   7.33779699e-01   5.80871443e-01
 3.13000000e+00  -8.33333334e-03   1.00000000e+00   4.60736880e-02   5.87845320e-04   7.33957134e-01   5.81228781e-01
 3.14000000e+00  -8.33333334e-03   1.00000000e+00   4.59881164e-02   5.86825060e-04   7.34123911e-01   5.81568493e-01
 3.15000000e+00  -8.33333334e-03   1.00000000e+00   4.59076663e-02   5.85854160e-04   7.34279945e-01   5.81892578e-01
 3.16000000e+00  -8.33333334e-03   1.00000000e+00   4.58324632e-02   5.84933397e-04   7.34429161e-01   5.82198886e-01
 3.17000000e+00  -8.33333334e-03   1.00000000e+00   4.57626523e-02   5.84065824e-04   7.34566315e-01   5.82485499e-01
 3.18000000e+00  -8.33333334e-03   1.00000000e+00   4.56983453e-02   5.83253136e-04   7.34692528e-01   5.82756492e-01
 3.19000000e+00  -8.33333334e-03   1.00000000e+00   4.56396405e-02   5.82496975e-04   7.34807346e-01   5.83008982e-01
 3.20000000e+00  -8.33333334e-03   1.00000000e+00   4.55865870e-02   5.81797404e-04   7.34910516e-01   5.83240984e-01
 3.21000000e+00  -8.33333334e-03   1.00000000e+00   4.55392445e-02   5.81156484e-04   7.35006830e-01   5.83453198e-01
 3.22000000e+00  -8.33333334e-03   1.00000000e+00   4.54976440e-02   5.80575044e-04   7.35086381e-01   5.83646369e-01
 3.23000000e+00  -8.33333334e-03   1.00000000e+00   4.54617940e-02   5.80053254e-04   7.35159360e-01   5.83818352e-01
 3.24000000e+00  -8.33333334e-03   1.00000000e+00   4.54316764e-02   5.79591694e-04   7.35218133e-01   5.83972144e-01
 3.25000000e+00  -8.33333334e-03   1.00000000e+00   4.54072752e-02   5.79190732e-04   7.35265866e-01   5.84105055e-01
 3.26000000e+00  -8.33333334e-03   1.00000000e+00   4.53885547e-02   5.78850122e-04   7.35306132e-01   5.84215855e-01
 3.27000000e+00  -8.33333334e-03   1.00000000e+00   4.53754452e-02   5.78569294e-04   7.35332602e-01   5.84308636e-01
 3.28000000e+00  -8.33333334e-03   1.00000000e+00   4.53678690e-02   5.78348218e-04   7.35348876e-01   5.84379432e-01
 3.29000000e+00  -8.33333334e-03   1.00000000e+00   4.53657870e-02   5.78189064e-04   7.35355524e-01   5.84432218e-01
 3.30000000e+00  -8.33333334e-03   1.00000000e+00   4.53690810e-02   5.78090436e-04   7.35348836e-01   5.84465668e-01
 3.31000000e+00  -8.33333334e-03   1.00000000e+00   4.53775905e-02   5.78059833e-04   7.35330011e-01   5.84479037e-01
 3.32000000e+00  -8.33333334e-03   1.00000000e+00   4.53908452e-02   5.78077517e-04   7.35306157e-01   5.84474772e-01
 3.33000000e+00  -8.33333334e-03   1.00000000e+00   4.54087607e-02   5.78139545e-04   7.35273628e-01   5.84443479e-01
 3.34000000e+00  -8.33333334e-03   1.00000000e+00   4.54313973e-02   5.78250192e-04   7.35235840e-01   5.84401167e-01
 3.35000000e+00  -8.33333334e-03   1.00000000e+00   4.54586000e-02   5.78408264e-04   7.35187721e-01   5.84347925e-01
 3.36000000e+00  -8.33333334e-03   1.00000000e+00   4.54903026e-02   5.78618476e-04   7.35125896e-01   5.84276123e-01
 3.37000000e+00  -8.33333334e-03   1.00000000e+00   4.55263636e-02   5.78879622e-04   7.35059442e-01   5.84188557e-01
 3.38000000e+00  -8.33333334e-03   1.00000000e+00   4.55665114e-02   5.79193195e-04   7.34980733e-01   5.84085543e-01
 3.39000000e+00  -8.33333334e-03   1.00000000e+00   4.56105106e-02   5.79555380e-04   7.34893495e-01   5.83964938e-01
 3.40000000e+00  -8.33333334e-03   1.00000000e+00   4.56581203e-02   5.79963410e-04   7.34802990e-01   5.83829897e-01
 3.41000000e+00  -8.33333334e-03   1.00000000e+00   4.57090912e-02   5.80413742e-04   7.34701122e-01   5.83679091e-01
 3.42000000e+00  -8.33333334e-03   1.00000000e+00   4.57631774e-02   5.80903038e-04   7.34598748e-01   5.83515847e-01
 3.43000000e+00  -8.33333334e-03   1.00000000e+00   4.58201346e-02   5.81428175e-04   7.34487344e-01   5.83339532e-01
 3.44000000e+00  -8.33333334e-03   1.00000000e+00   4.58797179e-02   5.81986275e-04   7.34370631e-01   5.83152763e-01
 3.45000000e+00  -8.33333334e-03   1.00000000e+00   4.59416795e-02   5.82574649e-04   7.34250228e-01   5.82955848e-01
 3.46000000e+00  -8.33333334e-03   1.00000000e+00   4.60057864e-02   5.83191539e-04   7.34126502e-01   5.82749843e-01
 3.47000000e+00  -8.33333334e-03   1.00000000e+00   4.60717830e-02   5.83833749e-04   7.33998039e-01   5.82535715e-01
 3.48000000e+00  -8.33333334e-03   1.00000000e+00   4.61394211e-02   5.84498875e-04   7.33866086e-01   5.82312008e-01
 3.49000000e+00  -8.33333334e-03   1.00000000e+00   4.62084545e-02   5.85184535e-04   7.33731912e-01   5.82083528e-01
 3.50000000e+00  -8.33333334e-03   1.00000000e+00   4.62786382e-02   5.85888346e-04   7.33594057e-01   5.81846912e-01
 3.51000000e+00  -8.33333334e-03   1.00000000e+00   4.63497162e-02   5.86607557e-04   7.33457723e-01   5.81606662e-01
 3.52000000e+00  -8.33333334e-03   1.00000000e+00   4.64214510e-02   5.87339960e-04   7.33317827e-01   5.81362064e-01
 3.53000000e+00  -8.33333334e-03   1.00000000e+00   4.64936033e-02   5.88082944e-04   7.33177436e-01   5.81114959e-01
 3.54000000e+00  -8.33333334e-03   1.00000000e+00   4.65659526e-02   5.88834924e-04   7.33036701e-01   5.80865299e-01
 3.55000000e+00  -8.33333334e-03   1.00000000e+00   4.66382688e-02   5.89592347e-04   7.32898137e-01   5.80612371e-01
 3.56000000e+00  -8.33333334e-03   1.00000000e+00   4.67103143e-02   5.90352911e-04   7.32756742e-01   5.80359035e-01
 3.57000000e+00  -8.33333334e-03   1.00000000e+00   4.67818596e-02   5.91114431e-04   7.32618394e-01   5.80105963e-01
 3.58000000e+00  -8.33333334e-03   1.00000000e+00   4.68526804e-02   5.91874357e-04   7.32480232e-01   5.79852511e-01
 3.59000000e+00  -8.33333334e-03   1.00000000e+00   4.69225603e-02   5.92630139e-04   7.32341828e-01   5.79600298e-01
 3.60000000e+00  -8.33333334e-03   1.00000000e+00   4.69913016e-02   5.93379896e-04   7.32212010e-01   5.79351680e-01
 3.61000000e+00  -8.33333334e-03   1.00000000e+00   4.70586971e-02   5.94120768e-04   7.32077385e-01   5.79106302e-01
 3.62000000e+00  -8.33333334e-03   1.00000000e+00   4.71245572e-02   5.94850363e-04   7.31950300e-01   5.78864339e-01
 3.63000000e+00  -8.33333334e-03   1.00000000e+00   4.71887005e-02   5.95566236e-04   7.31826098e-01   5.78626216e-01
 3.64000000e+00  -8.33333334e-03   1.00000000e+00   4.72509589e-02   5.96266302e-04   7.31704518e-01   5.78395384e-01
 3.65000000e+00  -8.33333334e-03   1.00000000e+00   4.73111749e-02   5.96948667e-04   7.31588398e-01   5.78167669e-01
 3.66000000e+00  -8.33333334e-03   1.00000000e+00   4.73692015e-02   5.97611575e-04   7.31476520e-01   5.77947268e-01
 3.67000000e+00  -8.33333334e-03   1.00000000e+00   4.74249020e-02   5.98253405e-04   7.31366638e-01   5.77733051e-01
 3.68000000e+00  -8.33333334e-03   1.00000000e+00   4.74781496e-02   5.98872642e-04   7.31263372e-01   5.77527038e-01
 3.69000000e+00  -8.33333334e-03   1.00000000e+00   4.75288282e-02   5.99467873e-04   7.31166763e-01   5.77329581e-01
 3.70000000e+00  -8.33333334e-03   1.00000000e+00   4.75768240e-02   6.00037541e-04   7.31072617e-01   5.77140420e-01
 3.71000000e+00  -8.33333334e-03   1.00000000e+00   4.76220464e-02   6.00580662e-04   7.30986175e-01   5.76959589e-01
 3.72000000e+00  -8.33333334e-03   1.00000000e+00   4.76644124e-02   6.01096069e-04   7.30904946e-01   5.76789451e-01
 3.73000000e+00  -8.33333334e-03   1.00000000e+00   4.77038594e-02   6.01583363e-04   7.30824536e-01   5.76627818e-01
 3.74000000e+00  -8.33333334e-03   1.00000000e+00   4.77403128e-02   6.02040873e-04   7.30755713e-01   5.76477178e-01
 3.75000000e+00  -8.33333334e-03   1.00000000e+00   4.77737210e-02   6.02467922e-04   7.30688816e-01   5.76334928e-01
 3.76000000e+00  -8.33333334e-03   1.00000000e+00   4.78040433e-02   6.02864035e-04   7.30632697e-01   5.76205013e-01
 3.77000000e+00  -8.33333334e-03   1.00000000e+00   4.78312450e-02   6.03228222e-04   7.30580196e-01   5.76084920e-01
 3.78000000e+00  -8.33333334e-03   1.00000000e+00   4.78553055e-02   6.03559964e-04   7.30531994e-01   5.75975981e-01
 3.79000000e+00  -8.33333334e-03   1.00000000e+00   4.78762104e-02   6.03858774e-04   7.30491711e-01   5.75877541e-01
 3.80000000e+00  -8.33333334e-03   1.00000000e+00   4.78939783e-02   6.04125063e-04   7.30456557e-01   5.75790236e-01
 3.81000000e+00  -8.33333334e-03   1.00000000e+00   4.79086096e-02   6.04358218e-04   7.30426203e-01   5.75713096e-01
 3.82000000e+00  -8.33333334e-03   1.00000000e+00   4.79200586e-02   6.04556624e-04   7.30407482e-01   5.75647484e-01
 3.83000000e+00  -8.33333334e-03   1.00000000e+00   4.79283372e-02   6.04719162e-04   7.30389218e-01   5.75592350e-01
 3.84000000e+00  -8.33333334e-03   1.00000000e+00   4.79334968e-02   6.04847558e-04   7.30380949e-01   5.75550121e-01
 3.85000000e+00  -8.33333334e-03   1.00000000e+00   4.79356035e-02   6.04939344e-04   7.30376039e-01   5.75518214e-01
 3.86000000e+00  -8.33333334e-03   1.00000000e+00   4.79345955e-02   6.04989949e-04   7.30378433e-01   5.75498139e-01
 3.87000000e+00  -8.33333334e-03   1.00000000e+00   4.79308657e-02   6.05005518e-04   7.30393406e-01   5.75489901e-01
 3.88000000e+00  -8.33333334e-03   1.00000000e+00   4.79247426e-02   6.05000473e-04   7.30407440e-01   5.75496194e-01
 3.89000000e+00  -8.33333334e-03   1.00000000e+00   4.79164200e-02   6.04978985e-04   7.30422203e-01   5.75513061e-01
 3.90000000e+00  -8.33333334e-03   1.00000000e+00   4.79057672e-02   6.04940877e-04   7.30433331e-01   5.75533966e-01
 3.91000000e+00  -8.33333334e-03   1.00000000e+00   4.78928059e-02   6.04883933e-04   7.30450453e-01   5.75557967e-01
 3.92000000e+00  -8.33333334e-03   1.00000000e+00   4.78773265e-02   6.04800389e-04   7.30477796e-01   5.75587626e-01
 3.93000000e+00  -8.33333334e-03   1.00000000e+00   4.78594688e-02   6.04687276e-04   7.30509937e-01   5.75621532e-01
 3.94000000e+00  -8.33333334e-03   1.00000000e+00   4.78393102e-02   6.04549673e-04   7.30546792e-01   5.75667442e-01
 3.95000000e+00  -8.33333334e-03   1.00000000e+00   4.78168937e-02   6.04383162e-04   7.30587684e-01   5.75725223e-01
 3.96000000e+00  -8.33333334e-03   1.00000000e+00   4.77923646e-02   6.04183625e-04   7.30635684e-01   5.75789694e-01
 3.97000000e+00  -8.33333334e-03   1.00000000e+00   4.77657431e-02   6.03956416e-04   7.30686823e-01   5.75861353e-01
 3.98000000e+00  -8.33333334e-03   1.00000000e+00   4.77372473e-02   6.03701228e-04   7.30740571e-01   5.75942385e-01
 3.99000000e+00  -8.33333334e-03   1.00000000e+00   4.77070370e-02   6.03422165e-04   7.30801049e-01   5.76032789e-01
 4.00000000e+00  -8.33333334e-03   1.00000000e+00   4.76752766e-02   6.03122312e-04   7.30860667e-01   5.76131797e-01
 4.01000000e+00  -8.33333334e-03   1.00000000e+00   4.76421242e-02   6.02804313e-04   7.30928832e-01   5.76235860e-01
 4.02000000e+00  -8.33333334e-03   1.00000000e+00   4.76077294e-02   6.02470159e-04   7.30997638e-01   5.76346975e-01
 4.03000000e+00  -8.33333334e-03   1.00000000e+00   4.75722479e-02   6.02122316e-04   7.31066203e-01   5.76464342e-01
 4.04000000e+00  -8.33333334e-03   1.00000000e+00   4.75358246e-02   6.01762496e-04   7.31138035e-01   5.76585985e-01
 4.05000000e+00  -8.33333334e-03   1.00000000e+00   4.74985969e-02   6.01392097e-04   7.31210581e-01   5.76710611e-01
 4.06000000e+00  -8.33333334e-03   1.00000000e+00   4.74606964e-02   6.01012323e-04   7.31284356e-01   5.76839667e-01
 4.07000000e+00  -8.33333334e-03   1.00000000e+00   4.74222567e-02   6.00624463e-04   7.31356327e-01   5.76971503e-01
 4.08000000e+00  -8.33333334e-03   1.00000000e+00   4.73833989e-02   6.00229458e-04   7.31432808e-01   5.77103923e-01
 4.09000000e+00  -8.33333334e-03   1.00000000e+00   4.73442447e-02   5.99828467e-04   7.31509168e-01   5.77238182e-01
 4.10000000e+00  -8.33333334e-03   1.00000000e+00   4.73049062e-02   5.99422124e-04   7.31585007e-01   5.77374821e-01
 4.11000000e+00  -8.33333334e-03   1.00000000e+00   4.72655121e-02   5.99012145e-04   7.31661246e-01   5.77511432e-01
 4.12000000e+00  -8.33333334e-03   1.00000000e+00   4.72261754e-02   5.98599809e-04   7.31739758e-01   5.77649859e-01
 4.13000000e+00  -8.33333334e-03   1.00000000e+00   4.71870190e-02   5.98186206e-04   7.31813549e-01   5.77787721e-01
 4.14000000e+00  -8.33333334e-03   1.00000000e+00   4.71481644e-02   5.97772396e-04   7.31889001e-01   5.77925778e-01
 4.15000000e+00  -8.33333334e-03   1.00000000e+00   4.71097318e-02   5.97359683e-04   7.31963374e-01   5.78064008e-01
 4.16000000e+00  -8.33333334e-03   1.00000000e+00   4.70718388e-02   5.96949410e-04   7.32036151e-01   5.78199364e-01
 4.17000000e+00  -8.33333334e-03   1.00000000e+00   4.70345930e-02   5.96542589e-04   7.32107769e-01   5.78334646e-01
 4.18000000e+00  -8.33333334e-03   1.00000000e+00   4.69981077e-02   5.96140787e-04   7.32180378e-01   5.78467960e-01
 4.19000000e+00  -8.33333334e-03   1.00000000e+00   4.69624865e-02   5.95745322e-04   7.32249102e-01   5.78599678e-01
 4.20000000e+00  -8.33333334e-03   1.00000000e+00   4.69278280e-02   5.95357553e-04   7.32317460e-01   5.78727874e-01
 4.21000000e+00  -8.33333334e-03   1.00000000e+00   4.68942236e-02   5.94978644e-04   7.32381864e-01   5.78853845e-01
 4.22000000e+00  -8.33333334e-03   1.00000000e+00   4.68617582e-02   5.94609652e-04   7.32443330e-01   5.78976326e-01
 4.23000000e+00  -8.33333334e-03   1.00000000e+00   4.68305109e-02   5.94251557e-04   7.32502929e-01   5.79096075e-01
 4.24000000e+00  -8.33333334e-03   1.00000000e+00   4.68005547e-02   5.93905251e-04   7.32559816e-01   5.79211234e-01
 4.25000000e+00  -8.33333334e-03   1.00000000e+00   4.67719570e-02   5.93571557e-04   7.32618806e-01   5.79322891e-01
 4.26000000e+00  -8.33333334e-03   1.00000000e+00   4.67447836e-02   5.93251365e-04   7.32670299e-01   5.79428260e-01
 4.27000000e+00  -8.33333334e-03   1.00000000e+00   4.67190876e-02   5.92945237e-04   7.32722114e-01   5.79530347e-01
 4.28000000e+00  -8.33333334e-03   1.00000000e+00   4.66949179e-02   5.92653833e-04   7.32765967e-01   5.79627559e-01
 4.29000000e+00  -8.33333334e-03   1.00000000e+00   4.66723118e-02   5.92377375e-04   7.32811337e-01   5.79719006e-01
 4.30000000e+00  -8.33333334e-03   1.00000000e+00   4.66513130e-02   5.92116776e-04   7.32850583e-01   5.79804722e-01
 4.31000000e+00  -8.33333334e-03   1.00000000e+00   4.66319547e-02   5.91872537e-04   7.32889727e-01   5.79886197e-01
 4.32000000e+00  -8.33333334e-03   1.00000000e+00   4.66142635e-02   5.91645053e-04   7.32923336e-01   5.79961642e-01
 4.33000000e+00  -8.33333334e-03   1.00000000e+00   4.65982996e-02   5.91435198e-04   7.32952920e-01   5.80030472e-01
 4.34000000e+00  -8.33333334e-03   1.00000000e+00   4.65840758e-02   5.91244545e-04   7.32982379e-01   5.80094944e-01
 4.35000000e+00  -8.33333334e-03   1.00000000e+00   4.65716582e-02   5.91072615e-04   7.33006299e-01   5.80151772e-01
 4.36000000e+00  -8.33333334e-03   1.00000000e+00   4.65609918e-02   5.90922283e-04   7.33023405e-01   5.80201557e-01
 4.37000000e+00  -8.33333334e-03   1.00000000e+00   4.65521418e-02   5.90789129e-04   7.33040869e-01   5.80246531e-01
 4.38000000e+00  -8.33333334e-03   1.00000000e+00   4.65449976e-02   5.90676120e-04   7.33054085e-01   5.80283516e-01
 4.39000000e+00  -8.33333334e-03   1.00000000e+00   4.65396430e-02   5.90582595e-04   7.33062013e-01   5.80314745e-01
 4.40000000e+00  -8.33333334e-03   1.00000000e+00   4.65361302e-02   5.90512595e-04   7.33067930e-01   5.80339448e-01
 4.41000000e+00  -8.33333334e-03   1.00000000e+00   4.65345167e-02   5.90469758e-04   7.33066856e-01   5.80356525e-01
 4.42000000e+00  -8.33333334e-03   1.00000000e+00   4.65345464e-02   5.90447840e-04   7.33062228e-01   5.80366784e-01
 4.43000000e+00  -8.33333334e-03   1.00000000e+00   4.65359090e-02   5.90438265e-04   7.33052588e-01   5.80364974e-01
 4.44000000e+00  -8.33333334e-03   1.00000000e+00   4.65384635e-02   5.90435327e-04   7.33050503e-01   5.80356931e-01
 4.45000000e+00  -8.33333334e-03   1.00000000e+00   4.65421024e-02   5.90439676e-04   7.33043631e-01   5.80346854e-01
 4.46000000e+00  -8.33333334e-03   1.00000000e+00   4.65468577e-02   5.90449290e-04   7.33038944e-01   5.80338444e-01
 4.47000000e+00  -8.33333334e-03   1.00000000e+00   4.65526670e-02   5.90463899e-04   7.33031968e-01   5.80326605e-01
 4.48000000e+00  -8.33333334e-03   1.00000000e+00   4.65596168e-02   5.90486384e-04   7.33025085e-01   5.80314001e-01
 4.49000000e+00  -8.33333334e-03   1.00000000e+00   4.65676857e-02   5.90517105e-04   7.33014727e-01   5.80301052e-01
 4.50000000e+00  -8.33333334e-03   1.00000000e+00   4.65768470e-02   5.90559331e-04   7.33004012e-01   5.80285936e-01
 4.51000000e+00  -8.33333334e-03   1.00000000e+00   4.65872007e-02   5.90615972e-04   7.32989186e-01   5.80266083e-01
 4.52000000e+00  -8.33333334e-03   1.00000000e+00   4.65987911e-02   5.90690059e-04   7.32967076e-01   5.80244903e-01
 4.53000000e+00  -8.33333334e-03   1.00000000e+00   4.66116436e-02   5.90780578e-04   7.32944721e-01   5.80217869e-01
 4.54000000e+00  -8.33333334e-03   1.00000000e+00   4.66256659e-02   5.90892443e-04   7.32917706e-01   5.80183857e-01
 4.55000000e+00  -8.33333334e-03   1.00000000e+00   4.66407173e-02   5.91019955e-04   7.32887906e-01   5.80145608e-01
 4.56000000e+00  -8.33333334e-03   1.00000000e+00   4.66567329e-02   5.91162647e-04   7.32856454e-01   5.80098795e-01
 4.57000000e+00  -8.33333334e-03   1.00000000e+00   4.66736173e-02   5.91320179e-04   7.32823708e-01   5.80047221e-01
 4.58000000e+00  -8.33333334e-03   1.00000000e+00   4.66913244e-02   5.91490266e-04   7.32786133e-01   5.79993488e-01
 4.59000000e+00  -8.33333334e-03   1.00000000e+00   4.67097296e-02   5.91673179e-04   7.32752691e-01   5.79935502e-01
 4.60000000e+00  -8.33333334e-03   1.00000000e+00   4.67287507e-02   5.91865690e-04   7.32714988e-01   5.79873422e-01
 4.61000000e+00  -8.33333334e-03   1.00000000e+00   4.67482501e-02   5.92065476e-04   7.32675227e-01   5.79807124e-01
 4.62000000e+00  -8.33333334e-03   1.00000000e+00   4.67682269e-02   5.92269101e-04   7.32634178e-01   5.79739367e-01
 4.63000000e+00  -8.33333334e-03   1.00000000e+00   4.67885356e-02   5.92479584e-04   7.32593065e-01   5.79668892e-01
 4.64000000e+00  -8.33333334e-03   1.00000000e+00   4.68091042e-02   5.92692737e-04   7.32554800e-01   5.79595746e-01
 4.65000000e+00  -8.33333334e-03   1.00000000e+00   4.68298280e-02   5.92909043e-04   7.32509549e-01   5.79520837e-01
 4.66000000e+00  -8.33333334e-03   1.00000000e+00   4.68506693e-02   5.93125902e-04   7.32473090e-01   5.79447555e-01
 4.67000000e+00  -8.33333334e-03   1.00000000e+00   4.68715617e-02   5.93343798e-04   7.32429875e-01   5.79373245e-01
 4.68000000e+00  -8.33333334e-03   1.00000000e+00   4.68924475e-02   5.93562398e-04   7.32392725e-01   5.79299800e-01
 4.69000000e+00  -8.33333334e-03   1.00000000e+00   4.69132721e-02   5.93781255e-04   7.32350377e-01   5.79225069e-01
 4.70000000e+00  -8.33333334e-03   1.00000000e+00   4.69339858e-02   5.94000139e-04   7.32309923e-01   5.79151756e-01
 4.71000000e+00  -8.33333334e-03   1.00000000e+00   4.69545325e-02   5.94218497e-04   7.32270740e-01   5.79077937e-01
 4.72000000e+00  -8.33333334e-03   1.00000000e+00   4.69748631e-02   5.94435839e-04   7.32232431e-01   5.79005822e-01
 4.73000000e+00  -8.33333334e-03   1.00000000e+00   4.69949461e-02   5.94651082e-04   7.32193174e-01   5.78933871e-01
 4.74000000e+00  -8.33333334e-03   1.00000000e+00   4.70146971e-02   5.94865731e-04   7.32154012e-01   5.78863383e-01
 4.75000000e+00  -8.33333334e-03   1.00000000e+00   4.70340660e-02   5.95078100e-04   7.32117994e-01   5.78793126e-01
 4.76000000e+00  -8.33333334e-03   1.00000000e+00   4.70530105e-02   5.95287020e-04   7.32080877e-01   5.78723946e-01
 4.77000000e+00  -8.33333334e-03   1.00000000e+00   4.70714658e-02   5.95493114e-04   7.32047008e-01   5.78654816e-01
 4.78000000e+00  -8.33333334e-03   1.00000000e+00   4.70893169e-02   5.95695094e-04   7.32009899e-01   5.78589536e-01
 4.79000000e+00  -8.33333334e-03   1.00000000e+00   4.71065956e-02   5.95889350e-04   7.31978048e-01   5.78524300e-01
 4.80000000e+00  -8.33333334e-03   1.00000000e+00   4.71232393e-02   5.96078928e-04   7.31945830e-01   5.78460128e-01
 4.81000000e+00  -8.33333334e-03   1.00000000e+00   4.71391441e-02   5.96263435e-04   7.31916613e-01   5.78400307e-01
 4.82000000e+00  -8.33333334e-03   1.00000000e+00   4.71542908e-02   5.96438353e-04   7.31886281e-01   5.78341731e-01
 4.83000000e+00  -8.33333334e-03   1.00000000e+00   4.71686376e-02   5.96604761e-04   7.31859284e-01   5.78285264e-01
 4.84000000e+00  -8.33333334e-03   1.00000000e+00   4.71822149e-02   5.96762886e-04   7.31834151e-01   5.78232069e-01
 4.85000000e+00  -8.33333334e-03   1.00000000e+00   4.71949616e-02   5.96914425e-04   7.31808287e-01   5.78182415e-01
 4.86000000e+00  -8.33333334e-03   1.00000000e+00   4.72068210e-02   5.97058184e-04   7.31787595e-01   5.78134568e-01
 4.87000000e+00  -8.33333334e-03   1.00000000e+00   4.72178560e-02   5.97191558e-04   7.31768141e-01   5.78090425e-01
 4.88000000e+00  -8.33333334e-03   1.00000000e+00   4.72279836e-02   5.97318112e-04   7.31747641e-01   5.78049962e-01
 4.89000000e+00  -8.33333334e-03   1.00000000e+00   4.72372270e-02   5.97435140e-04   7.31731370e-01   5.78012313e-01
 4.90000000e+00  -8.33333334e-03   1.00000000e+00   4.72455891e-02   5.97540989e-04   7.31716493e-01   5.77976737e-01
 4.91000000e+00  -8.33333334e-03   1.00000000e+00   4.72529757e-02   5.97640195e-04   7.31704565e-01   5.77943962e-01
 4.92000000e+00  -8.33333334e-03   1.00000000e+00   4.72594339e-02   5.97729024e-04   7.31692016e-01   5.77917384e-01
 4.93000000e+00  -8.33333334e-03   1.00000000e+00   4.72648513e-02   5.97804519e-04   7.31681406e-01   5.77891483e-01
 4.94000000e+00  -8.33333334e-03   1.00000000e+00   4.72690410e-02   5.97860094e-04   7.31674087e-01   5.77867809e-01
 4.95000000e+00  -8.33333334e-03   1.00000000e+00   4.72721206e-02   5.97904796e-04   7.31674827e-01   5.77849636e-01
 4.96000000e+00  -8.33333334e-03   1.00000000e+00   4.72741058e-02   5.97936801e-04   7.31675854e-01   5.77840191e-01
 4.97000000e+00  -8.33333334e-03   1.00000000e+00   4.72747703e-02   5.97948567e-04   7.31676416e-01   5.77835384e-01
 4.98000000e+00  -8.33333334e-03   1.00000000e+00   4.72746849e-02   5.97953282e-04   7.31683834e-01   5.77830797e-01
 4.99000000e+00  -8.33333334e-03   1.00000000e+00   4.72741449e-02   5.97961432e-04   7.31692700e-01   5.77840141e-01
 5.00000000e+00  -8.33333334e-03   1.00000000e+00   4.72731189e-02   5.97966628e-04   7.31687553e-01   5.77851301e-01