  Time  Coordinate0  Coordinate1  Displacement0  Displacement1  Force0  Force1
 1.00000000e-02  -8.33333333e-03   1.00000000e+00   7.78464685e-04   1.14059190e-05   6.82438462e+00  -2.84665134e+00
 2.00000000e-02  -8.33333333e-03   1.00000000e+00   1.83524734e-03   8.20354857e-05   2.56620031e+00   5.68804351e+00
 3.00000000e-02  -8.33333333e-03   1.00000000e+00   3.06400896e-03   1.47608343e-04   2.29670961e+00   3.46113364e+00
 4.00000000e-02  -8.33333333e-03   1.00000000e+00   4.45545909e-03   1.96890268e-04   2.12682539e+00   3.02139434e+00
 5.00000000e-02  -8.33333333e-03   1.00000000e+00   6.05232981e-03   2.24724220e-04   2.01339887e+00   2.82931246e+00
 6.00000000e-02  -8.33333333e-03   1.00000000e+00   7.91813501e-03   2.33788773e-04   1.93169940e+00   2.72282140e+00
 7.00000000e-02  -8.33333333e-03   1.00000000e+00   1.01002250e-02   2.32530145e-04   1.86867617e+00   2.64469964e+00
 8.00000000e-02  -8.33333333e-03   1.00000000e+00   1.26083850e-02   2.31209210e-04   1.81796532e+00   2.57801547e+00
 9.00000000e-02  -8.33333333e-03   1.00000000e+00   1.54146168e-02   2.38603284e-04   1.77665287e+00   2.51686110e+00
 1.00000000e-01  -8.33333333e-03   1.00000000e+00   1.84666519e-02   2.59884466e-04   1.74306056e+00   2.45956234e+00
 1.10000000e-01  -8.33333333e-03   1.00000000e+00   2.17044046e-02   2.96113660e-04   1.71606196e+00   2.40616161e+00
 1.20000000e-01  -8.33333333e-03   1.00000000e+00   2.50723298e-02   3.44882127e-04   1.69463642e+00   2.35679038e+00
 1.30000000e-01  -8.33333333e-03   1.00000000e+00   2.85257151e-02   4.01665150e-04   1.67734544e+00   2.31151003e+00
 1.40000000e-01  -8.33333333e-03   1.00000000e+00   3.20318699e-02   4.61303969e-04   1.66330201e+00   2.26997259e+00
 1.50000000e-01  -8.33333333e-03   1.00000000e+00   3.55681928e-02   5.19298082e-04   1.65190842e+00   2.23170945e+00
 1.60000000e-01  -8.33333333e-03   1.00000000e+00   3.91189970e-02   5.72598276e-04   1.64286665e+00   2.19640055e+00
 1.70000000e-01  -8.33333333e-03   1.00000000e+00   4.26724789e-02   6.19860355e-04   1.63570830e+00   2.16345257e+00
 1.80000000e-01  -8.33333333e-03   1.00000000e+00   4.62187655e-02   6.61229250e-04   1.63020561e+00   2.13251033e+00
 1.90000000e-01  -8.33333333e-03   1.00000000e+00   4.97493131e-02   6.97837704e-04   1.62616253e+00   2.10336483e+00
 2.00000000e-01  -8.33333333e-03   1.00000000e+00   5.32573975e-02   7.31232025e-04   1.62336680e+00   2.07583283e+00
 2.10000000e-01  -8.33333333e-03   1.00000000e+00   5.67391699e-02   7.62883153e-04   1.62161258e+00   2.04982284e+00
 2.20000000e-01  -8.33333333e-03   1.00000000e+00   6.01946067e-02   7.93892235e-04   1.62065900e+00   2.02524966e+00
 2.30000000e-01  -8.33333333e-03   1.00000000e+00   6.36279013e-02   8.24897998e-04   1.62026700e+00   2.00196255e+00
 2.40000000e-01  -8.33333333e-03   1.00000000e+00   6.70470730e-02   8.56149804e-04   1.62019050e+00   1.97984459e+00
 2.50000000e-01  -8.33333333e-03   1.00000000e+00   7.04628778e-02   8.87670817e-04   1.62024910e+00   1.95868318e+00
 2.60000000e-01  -8.33333333e-03   1.00000000e+00   7.38872712e-02   9.19438770e-04   1.62030294e+00   1.93828705e+00
 2.70000000e-01  -8.33333333e-03   1.00000000e+00   7.73317670e-02   9.51521683e-04   1.62030625e+00   1.91841946e+00
 2.80000000e-01  -8.33333333e-03   1.00000000e+00   8.08059778e-02   9.84139291e-04   1.62020254e+00   1.89891323e+00
 2.90000000e-01  -8.33333333e-03   1.00000000e+00   8.43165316e-02   1.01764761e-03   1.62002875e+00   1.87962866e+00
 3.00000000e-01  -8.33333333e-03   1.00000000e+00   8.78664295e-02   1.05246757e-03   1.61982079e+00   1.86049419e+00
 3.10000000e-01  -8.33333333e-03   1.00000000e+00   9.14548241e-02   1.08899525e-03   1.61964615e+00   1.84142454e+00
 3.20000000e-01  -8.33333333e-03   1.00000000e+00   9.50771026e-02   1.12748926e-03   1.61955738e+00   1.82244075e+00
 3.30000000e-01  -8.33333333e-03   1.00000000e+00   9.87251756e-02   1.16802287e-03   1.61965347e+00   1.80355430e+00
 3.40000000e-01  -8.33333333e-03   1.00000000e+00   1.02387973e-01   1.21045439e-03   1.61999090e+00   1.78483153e+00
 3.50000000e-01  -8.33333333e-03   1.00000000e+00   1.06051933e-01   1.25444077e-03   1.62061267e+00   1.76634721e+00
 3.60000000e-01  -8.33333333e-03   1.00000000e+00   1.09701590e-01   1.29948083e-03   1.62156895e+00   1.74811746e+00
 3.70000000e-01  -8.33333333e-03   1.00000000e+00   1.13320190e-01   1.34498063e-03   1.62291003e+00   1.73036618e+00
 3.80000000e-01  -8.33333333e-03   1.00000000e+00   1.16890339e-01   1.39031709e-03   1.62461398e+00   1.71311844e+00
 3.90000000e-01  -8.33333333e-03   1.00000000e+00   1.20394678e-01   1.43489375e-03   1.62667759e+00   1.69646601e+00
 4.00000000e-01  -8.33333333e-03   1.00000000e+00   1.23816541e-01   1.47817956e-03   1.62913291e+00   1.68053556e+00
 4.10000000e-01  -8.33333333e-03   1.00000000e+00   1.27140574e-01   1.51973187e-03   1.63192003e+00   1.66540440e+00
 4.20000000e-01  -8.33333333e-03   1.00000000e+00   1.30353273e-01   1.55920532e-03   1.63500375e+00   1.65111532e+00
 4.30000000e-01  -8.33333333e-03   1.00000000e+00   1.33443390e-01   1.59634958e-03   1.63832246e+00   1.63774860e+00
 4.40000000e-01  -8.33333333e-03   1.00000000e+00   1.36402208e-01   1.63100526e-03   1.64181690e+00   1.62533425e+00
 4.50000000e-01  -8.33333333e-03   1.00000000e+00   1.39223642e-01   1.66309707e-03   1.64541895e+00   1.61388199e+00
 4.60000000e-01  -8.33333333e-03   1.00000000e+00   1.41904183e-01   1.69263474e-03   1.64906974e+00   1.60339868e+00
 4.70000000e-01  -8.33333333e-03   1.00000000e+00   1.44442713e-01   1.71970278e-03   1.65269783e+00   1.59385309e+00
 4.80000000e-01  -8.33333333e-03   1.00000000e+00   1.46840176e-01   1.74442946e-03   1.65628357e+00   1.58521916e+00
 4.90000000e-01  -8.33333333e-03   1.00000000e+00   1.49099167e-01   1.76699331e-03   1.65976170e+00   1.57742771e+00
 5.00000000e-01  -8.33333333e-03   1.00000000e+00   1.51223453e-01   1.78757887e-03   1.66309466e+00   1.57042264e+00
 5.10000000e-01  -8.33333333e-03   1.00000000e+00   1.53217496e-01   1.80646572e-03   1.66630627e+00   1.56410363e+00
 5.20000000e-01  -8.33333333e-03   1.00000000e+00   1.55085935e-01   1.82368051e-03   1.66935934e+00   1.55842093e+00
 5.30000000e-01  -8.33333333e-03   1.00000000e+00   1.56833131e-01   1.83954283e-03   1.67226430e+00   1.55329178e+00
 5.40000000e-01  -8.33333333e-03   1.00000000e+00   1.58462839e-01   1.85443205e-03   1.67504375e+00   1.54864274e+00
 5.50000000e-01  -8.33333333e-03   1.00000000e+00   1.59977846e-01   1.86865840e-03   1.67770480e+00   1.54439674e+00
 5.60000000e-01  -8.33333333e-03   1.00000000e+00   1.61379728e-01   1.88241488e-03   1.68030262e+00   1.54052144e+00
 5.70000000e-01  -8.33333333e-03   1.00000000e+00   1.62668708e-01   1.89577044e-03   1.68283732e+00   1.53697884e+00
 5.80000000e-01  -8.33333333e-03   1.00000000e+00   1.63843611e-01   1.90871068e-03   1.68536303e+00   1.53372440e+00
 5.90000000e-01  -8.33333333e-03   1.00000000e+00   1.64901936e-01   1.92111712e-03   1.68788082e+00   1.53076274e+00
 6.00000000e-01  -8.33333333e-03   1.00000000e+00   1.65839993e-01   1.93282198e-03   1.69044107e+00   1.52808425e+00
 6.10000000e-01  -8.33333333e-03   1.00000000e+00   1.66653126e-01   1.94363276e-03   1.69305373e+00   1.52569719e+00
 6.20000000e-01  -8.33333333e-03   1.00000000e+00   1.67335993e-01   1.95334579e-03   1.69574522e+00   1.52363044e+00
 6.30000000e-01  -8.33333333e-03   1.00000000e+00   1.67882878e-01   1.96175772e-03   1.69852443e+00   1.52190286e+00
 6.40000000e-01  -8.33333333e-03   1.00000000e+00   1.68288034e-01   1.96867462e-03   1.70137383e+00   1.52054623e+00
 6.50000000e-01  -8.33333333e-03   1.00000000e+00   1.68546009e-01   1.97391457e-03   1.70431120e+00   1.51959618e+00
 6.60000000e-01  -8.33333333e-03   1.00000000e+00   1.68651704e-01   1.97728749e-03   1.70869201e+00   1.51976714e+00
 6.70000000e-01  -8.33333333e-03   1.00000000e+00   1.68601418e-01   1.97869665e-03   1.70717093e+00   1.51788380e+00
 6.80000000e-01  -8.33333333e-03   1.00000000e+00   1.68391357e-01   1.97794738e-03   1.70948560e+00   1.51702027e+00
 6.90000000e-01  -8.33333333e-03   1.00000000e+00   1.68020224e-01   1.97492762e-03   1.71319925e+00   1.51740545e+00
 7.00000000e-01  -8.33333333e-03   1.00000000e+00   1.67487799e-01   1.96958527e-03   1.71635908e+00   1.51833205e+00
 7.10000000e-01  -8.33333333e-03   1.00000000e+00   1.66795140e-01   1.96193261e-03   1.71948641e+00   1.51988167e+00
 7.20000000e-01  -8.33333333e-03   1.00000000e+00   1.65948621e-01   1.95207938e-03   1.74388306e+00   1.52986410e+00
 7.30000000e-01  -8.33333333e-03   1.00000000e+00   1.64946859e-01   1.94061157e-03   1.72804383e+00   1.53894543e+00
 7.40000000e-01  -8.33333333e-03   1.00000000e+00   1.63795377e-01   1.92677992e-03   1.72864350e+00   1.53305086e+00
 7.50000000e-01  -8.33333333e-03   1.00000000e+00   1.62499827e-01   1.91097054e-03   1.73365338e+00   1.53864465e+00
 7.60000000e-01  -8.33333333e-03   1.00000000e+00   1.61066421e-01   1.89345827e-03   1.73628109e+00   1.54308805e+00
 7.70000000e-01  -8.33333333e-03   1.00000000e+00   1.59501704e-01   1.87437480e-03   1.73878613e+00   1.54800779e+00
 7.80000000e-01  -8.33333333e-03   1.00000000e+00   1.57812312e-01   1.85387994e-03   1.74112757e+00   1.55337859e+00
 7.90000000e-01  -8.33333333e-03   1.00000000e+00   1.56004760e-01   1.83215504e-03   1.74336912e+00   1.55913547e+00
 8.00000000e-01  -8.33333333e-03   1.00000000e+00   1.54085293e-01   1.80937060e-03   1.74548446e+00   1.56522199e+00
 8.10000000e-01  -8.33333333e-03   1.00000000e+00   1.52059773e-01   1.78567967e-03   1.74752342e+00   1.57158545e+00
 8.20000000e-01  -8.33333333e-03   1.00000000e+00   1.49933576e-01   1.76120153e-03   1.74948624e+00   1.57818818e+00
 8.30000000e-01  -8.33333333e-03   1.00000000e+00   1.47711545e-01   1.73601395e-03   1.75143285e+00   1.58502655e+00
 8.40000000e-01  -8.33333333e-03   1.00000000e+00   1.45397965e-01   1.71015667e-03   1.75329075e+00   1.59201858e+00
 8.50000000e-01  -8.33333333e-03   1.00000000e+00   1.42996587e-01   1.68364125e-03   1.75509932e+00   1.59919499e+00
 8.60000000e-01  -8.33333333e-03   1.00000000e+00   1.40510693e-01   1.65645790e-03   1.75689600e+00   1.60653420e+00
 8.70000000e-01  -8.33333333e-03   1.00000000e+00   1.37943185e-01   1.62858419e-03   1.75870483e+00   1.61403580e+00
 8.80000000e-01  -8.33333333e-03   1.00000000e+00   1.35296701e-01   1.59998981e-03   1.76052079e+00   1.62169683e+00
 8.90000000e-01  -8.33333333e-03   1.00000000e+00   1.32573755e-01   1.57064052e-03   1.76236584e+00   1.62958036e+00
 9.00000000e-01  -8.33333333e-03   1.00000000e+00   1.29776881e-01   1.54050421e-03   1.76422719e+00   1.63754403e+00
 9.10000000e-01  -8.33333333e-03   1.00000000e+00   1.26908776e-01   1.50954985e-03   1.76614121e+00   1.64569733e+00
 9.20000000e-01  -8.33333333e-03   1.00000000e+00   1.23972426e-01   1.47775429e-03   1.76807704e+00   1.65404501e+00
 9.30000000e-01  -8.33333333e-03   1.00000000e+00   1.20971225e-01   1.44510556e-03   1.77005496e+00   1.66258304e+00
 9.40000000e-01  -8.33333333e-03   1.00000000e+00   1.17909053e-01   1.41160529e-03   1.77206929e+00   1.67131823e+00
 9.50000000e-01  -8.33333333e-03   1.00000000e+00   1.14790339e-01   1.37727349e-03   1.77411164e+00   1.68024390e+00
 9.60000000e-01  -8.33333333e-03   1.00000000e+00   1.11620078e-01   1.34214868e-03   1.77617351e+00   1.68935360e+00
 9.70000000e-01  -8.33333333e-03   1.00000000e+00   1.08403824e-01   1.30628961e-03   1.77823876e+00   1.69863071e+00
 9.80000000e-01  -8.33333333e-03   1.00000000e+00   1.05147655e-01   1.26977470e-03   1.78030340e+00   1.70806665e+00
 9.90000000e-01  -8.33333333e-03   1.00000000e+00   1.01858108e-01   1.23270023e-03   1.78235311e+00   1.71762953e+00
 1.00000000e+00  -8.33333333e-03   1.00000000e+00   9.85420959e-02   1.19517617e-03   1.78440139e+00   1.72730567e+00
 1.01000000e+00  -8.33333333e-03   1.00000000e+00   9.52068056e-02   1.15732382e-03   1.78640898e+00   1.73705192e+00
 1.02000000e+00  -8.33333333e-03   1.00000000e+00   9.18595892e-02   1.11926954e-03   1.78837192e+00   1.74683773e+00
 1.03000000e+00  -8.33333333e-03   1.00000000e+00   8.85078511e-02   1.08114189e-03   1.79028535e+00   1.75662463e+00
 1.04000000e+00  -8.33333333e-03   1.00000000e+00   8.51589391e-02   1.04306758e-03   1.79213504e+00   1.76637207e+00
 1.05000000e+00  -8.33333333e-03   1.00000000e+00   8.18200417e-02   1.00516692e-03   1.79392157e+00   1.77604694e+00
 1.06000000e+00  -8.33333333e-03   1.00000000e+00   7.84981001e-02   9.67549012e-04   1.79563883e+00   1.78561248e+00
 1.07000000e+00  -8.33333333e-03   1.00000000e+00   7.51997374e-02   9.30313227e-04   1.79727715e+00   1.79503534e+00
 1.08000000e+00  -8.33333333e-03   1.00000000e+00   7.19312077e-02   8.93546662e-04   1.79885522e+00   1.80426853e+00
 1.09000000e+00  -8.33333333e-03   1.00000000e+00   6.86983658e-02   8.57320398e-04   1.80034089e+00   1.81332422e+00
 1.10000000e+00  -8.33333333e-03   1.00000000e+00   6.55066578e-02   8.21698448e-04   1.80175813e+00   1.82215768e+00
 1.11000000e+00  -8.33333333e-03   1.00000000e+00   6.23611319e-02   7.86726836e-04   1.80309257e+00   1.83075433e+00
 1.12000000e+00  -8.33333333e-03   1.00000000e+00   5.92664673e-02   7.52441837e-04   1.80435841e+00   1.83908762e+00
 1.13000000e+00  -8.33333333e-03   1.00000000e+00   5.62270165e-02   7.18869522e-04   1.80555578e+00   1.84715453e+00
 1.14000000e+00  -8.33333333e-03   1.00000000e+00   5.32468593e-02   6.86029022e-04   1.80666913e+00   1.85494381e+00
 1.15000000e+00  -8.33333333e-03   1.00000000e+00   5.03298614e-02   6.53933869e-04   1.80771801e+00   1.86244981e+00
 1.16000000e+00  -8.33333333e-03   1.00000000e+00   4.74797369e-02   6.22595748e-04   1.80869187e+00   1.86966459e+00
 1.17000000e+00  -8.33333333e-03   1.00000000e+00   4.47001065e-02   5.92025371e-04   1.80958995e+00   1.87658161e+00
 1.18000000e+00  -8.33333333e-03   1.00000000e+00   4.19945511e-02   5.62234844e-04   1.81041863e+00   1.88319160e+00
 1.19000000e+00  -8.33333333e-03   1.00000000e+00   3.93666580e-02   5.33243368e-04   1.81114235e+00   1.88951321e+00
 1.20000000e+00  -8.33333333e-03   1.00000000e+00   3.68200502e-02   5.05070961e-04   1.81176992e+00   1.89553107e+00
 1.21000000e+00  -8.33333333e-03   1.00000000e+00   3.43584103e-02   4.77752308e-04   1.81229921e+00   1.90123295e+00
 1.22000000e+00  -8.33333333e-03   1.00000000e+00   3.19854817e-02   4.51320330e-04   1.81270256e+00   1.90661430e+00
 1.23000000e+00  -8.33333333e-03   1.00000000e+00   2.97050636e-02   4.25818019e-04   1.81298053e+00   1.91166397e+00
 1.24000000e+00  -8.33333333e-03   1.00000000e+00   2.75209897e-02   4.01294797e-04   1.81312068e+00   1.91637370e+00
 1.25000000e+00  -8.33333333e-03   1.00000000e+00   2.54370952e-02   3.77804343e-04   1.81310208e+00   1.92072660e+00
 1.26000000e+00  -8.33333333e-03   1.00000000e+00   2.34571768e-02   3.55405179e-04   1.81292360e+00   1.92470737e+00
 1.27000000e+00  -8.33333333e-03   1.00000000e+00   2.15849444e-02   3.34155902e-04   1.81256730e+00   1.92830743e+00
 1.28000000e+00  -8.33333333e-03   1.00000000e+00   1.98239710e-02   3.14117213e-04   1.81202528e+00   1.93151027e+00
 1.29000000e+00  -8.33333333e-03   1.00000000e+00   1.81776417e-02   2.95347264e-04   1.81129976e+00   1.93430143e+00
 1.30000000e+00  -8.33333333e-03   1.00000000e+00   1.66491037e-02   2.77899751e-04   1.81037917e+00   1.93666932e+00
 1.31000000e+00  -8.33333333e-03   1.00000000e+00   1.52412242e-02   2.61827070e-04   1.80925774e+00   1.93860068e+00
 1.32000000e+00  -8.33333333e-03   1.00000000e+00   1.39565503e-02   2.47170278e-04   1.80793906e+00   1.94009114e+00
 1.33000000e+00  -8.33333333e-03   1.00000000e+00   1.27972833e-02   2.33966520e-04   1.80640940e+00   1.94113199e+00
 1.34000000e+00  -8.33333333e-03   1.00000000e+00   1.17652553e-02   2.22240427e-04   1.80469324e+00   1.94170966e+00
 1.35000000e+00  -8.33333333e-03   1.00000000e+00   1.08619254e-02   2.12014603e-04   1.80278561e+00   1.94183518e+00
 1.36000000e+00  -8.33333333e-03   1.00000000e+00   1.00883753e-02   2.03298625e-04   1.80069353e+00   1.94151120e+00
 1.37000000e+00  -8.33333333e-03   1.00000000e+00   9.44532312e-03   1.96097718e-04   1.79842589e+00   1.94073445e+00
 1.38000000e+00  -8.33333333e-03   1.00000000e+00   8.93313999e-03   1.90408569e-04   1.79599086e+00   1.93951818e+00
 1.39000000e+00  -8.33333333e-03   1.00000000e+00   8.55187382e-03   1.86226782e-04   1.79338871e+00   1.93786802e+00
 1.40000000e+00  -8.33333333e-03   1.00000000e+00   8.30128544e-03   1.83552876e-04   1.79064621e+00   1.93579823e+00
 1.41000000e+00  -8.33333333e-03   1.00000000e+00   8.18087346e-03   1.82349033e-04   1.78776439e+00   1.93331635e+00
 1.42000000e+00  -8.33333333e-03   1.00000000e+00   8.19015491e-03   1.82590650e-04   1.78491631e+00   1.93046827e+00
 1.43000000e+00  -8.33333333e-03   1.00000000e+00   8.32786392e-03   1.84209117e-04   1.78152919e+00   1.92719248e+00
 1.44000000e+00  -8.33333333e-03   1.00000000e+00   8.59294771e-03   1.87256525e-04   1.77822608e+00   1.92362589e+00
 1.45000000e+00  -8.33333333e-03   1.00000000e+00   8.98417147e-03   1.91690132e-04   1.77496977e+00   1.91952725e+00
 1.46000000e+00  -8.33333333e-03   1.00000000e+00   9.50016836e-03   1.97480810e-04   1.77149335e+00   1.91523959e+00
 1.47000000e+00  -8.33333333e-03   1.00000000e+00   1.01394597e-02   2.04595854e-04   1.76794174e+00   1.91059376e+00
 1.48000000e+00  -8.33333333e-03   1.00000000e+00   1.09004552e-02   2.13006079e-04   1.76429733e+00   1.90564522e+00
 1.49000000e+00  -8.33333333e-03   1.00000000e+00   1.17814487e-02   2.22680827e-04   1.76056917e+00   1.90039681e+00
 1.50000000e+00  -8.33333333e-03   1.00000000e+00   1.27806210e-02   2.33601348e-04   1.75676795e+00   1.89486017e+00
 1.51000000e+00  -8.33333333e-03   1.00000000e+00   1.38960334e-02   2.45757393e-04   1.75290215e+00   1.88905506e+00
 1.52000000e+00  -8.33333333e-03   1.00000000e+00   1.51256220e-02   2.59158278e-04   1.74897870e+00   1.88298437e+00
 1.53000000e+00  -8.33333333e-03   1.00000000e+00   1.64671832e-02   2.73817089e-04   1.74500295e+00   1.87666620e+00
 1.54000000e+00  -8.33333333e-03   1.00000000e+00   1.79183531e-02   2.89729774e-04   1.74099460e+00   1.87010599e+00
 1.55000000e+00  -8.33333333e-03   1.00000000e+00   1.94765915e-02   3.06876474e-04   1.73695153e+00   1.86332667e+00
 1.56000000e+00  -8.33333333e-03   1.00000000e+00   2.11391660e-02   3.25222926e-04   1.73289438e+00   1.85632664e+00
 1.57000000e+00  -8.33333333e-03   1.00000000e+00   2.29031402e-02   3.44729256e-04   1.72882561e+00   1.84913045e+00
 1.58000000e+00  -8.33333333e-03   1.00000000e+00   2.47653648e-02   3.65353105e-04   1.72476357e+00   1.84174285e+00
 1.59000000e+00  -8.33333333e-03   1.00000000e+00   2.67224732e-02   3.87054092e-04   1.72071524e+00   1.83418917e+00
 1.60000000e+00  -8.33333333e-03   1.00000000e+00   2.87708815e-02   4.09792939e-04   1.71670031e+00   1.82647002e+00
 1.61000000e+00  -8.33333333e-03   1.00000000e+00   3.09067933e-02   4.33531231e-04   1.71273424e+00   1.81860943e+00
 1.62000000e+00  -8.33333333e-03   1.00000000e+00   3.31262093e-02   4.58228681e-04   1.70881566e+00   1.81061723e+00
 1.63000000e+00  -8.33333333e-03   1.00000000e+00   3.54249387e-02   4.83843062e-04   1.70496737e+00   1.80251719e+00
 1.64000000e+00  -8.33333333e-03   1.00000000e+00   3.77986176e-02   5.10325829e-04   1.70121434e+00   1.79432038e+00
 1.65000000e+00  -8.33333333e-03   1.00000000e+00   4.02427283e-02   5.37624832e-04   1.69755588e+00   1.78604854e+00
 1.66000000e+00  -8.33333333e-03   1.00000000e+00   4.27526205e-02   5.65683124e-04   1.69399439e+00   1.77772172e+00
 1.67000000e+00  -8.33333333e-03   1.00000000e+00   4.53235325e-02   5.94439699e-04   1.69055209e+00   1.76935328e+00
 1.68000000e+00  -8.33333333e-03   1.00000000e+00   4.79506147e-02   6.23831788e-04   1.68724198e+00   1.76096250e+00
 1.69000000e+00  -8.33333333e-03   1.00000000e+00   5.06289505e-02   6.53795677e-04   1.68405938e+00   1.75256472e+00
 1.70000000e+00  -8.33333333e-03   1.00000000e+00   5.33535764e-02   6.84268950e-04   1.68102720e+00   1.74417042e+00
 1.71000000e+00  -8.33333333e-03   1.00000000e+00   5.61195010e-02   7.15190828e-04   1.67813962e+00   1.73579829e+00
 1.72000000e+00  -8.33333333e-03   1.00000000e+00   5.89217199e-02   7.46502475e-04   1.67541492e+00   1.72747728e+00
 1.73000000e+00  -8.33333333e-03   1.00000000e+00   6.17552291e-02   7.78147178e-04   1.67285406e+00   1.71921567e+00
 1.74000000e+00  -8.33333333e-03   1.00000000e+00   6.46150342e-02   8.10069360e-04   1.67043889e+00   1.71103904e+00
 1.75000000e+00  -8.33333333e-03   1.00000000e+00   6.74961570e-02   8.42215304e-04   1.66821516e+00   1.70292753e+00
 1.76000000e+00  -8.33333333e-03   1.00000000e+00   7.03936417e-02   8.74531292e-04   1.66615601e+00   1.69488735e+00
 1.77000000e+00  -8.33333333e-03   1.00000000e+00   7.33025560e-02   9.06965218e-04   1.66427395e+00   1.68696853e+00
 1.78000000e+00  -8.33333333e-03   1.00000000e+00   7.62179915e-02   9.39466053e-04   1.66255864e+00   1.67916809e+00
 1.79000000e+00  -8.33333333e-03   1.00000000e+00   7.91350647e-02   9.71982454e-04   1.66102280e+00   1.67149116e+00
 1.80000000e+00  -8.33333333e-03   1.00000000e+00   8.20489143e-02   1.00446403e-03   1.65965294e+00   1.66394986e+00
 1.81000000e+00  -8.33333333e-03   1.00000000e+00   8.49547011e-02   1.03686089e-03   1.65846806e+00   1.65654827e+00
 1.82000000e+00  -8.33333333e-03   1.00000000e+00   8.78476068e-02   1.06912281e-03   1.65746594e+00   1.64929740e+00
 1.83000000e+00  -8.33333333e-03   1.00000000e+00   9.07228347e-02   1.10119894e-03   1.65663718e+00   1.64220859e+00
 1.84000000e+00  -8.33333333e-03   1.00000000e+00   9.35756112e-02   1.13303886e-03   1.65597517e+00   1.63528609e+00
 1.85000000e+00  -8.33333333e-03   1.00000000e+00   9.64011912e-02   1.16459194e-03   1.65549612e+00   1.62853534e+00
 1.86000000e+00  -8.33333333e-03   1.00000000e+00   9.91948619e-02   1.19580701e-03   1.65519722e+00   1.62197008e+00
 1.87000000e+00  -8.33333333e-03   1.00000000e+00   1.01951951e-01   1.22663204e-03   1.65506452e+00   1.61559102e+00
 1.88000000e+00  -8.33333333e-03   1.00000000e+00   1.04667834e-01   1.25701440e-03   1.65510501e+00   1.60940988e+00
 1.89000000e+00  -8.33333333e-03   1.00000000e+00   1.07337946e-01   1.28690171e-03   1.65530566e+00   1.60344990e+00
 1.90000000e+00  -8.33333333e-03   1.00000000e+00   1.09957796e-01   1.31624213e-03   1.65567617e+00   1.59768178e+00
 1.91000000e+00  -8.33333333e-03   1.00000000e+00   1.12522974e-01   1.34498351e-03   1.65620004e+00   1.59207678e+00
 1.92000000e+00  -8.33333333e-03   1.00000000e+00   1.15029169e-01   1.37307432e-03   1.65687943e+00   1.58675089e+00
 1.93000000e+00  -8.33333333e-03   1.00000000e+00   1.17472180e-01   1.40046500e-03   1.65770136e+00   1.58164257e+00
 1.94000000e+00  -8.33333333e-03   1.00000000e+00   1.19847930e-01   1.42710745e-03   1.65867238e+00   1.57677515e+00
 1.95000000e+00  -8.33333333e-03   1.00000000e+00   1.22152481e-01   1.45295486e-03   1.65977052e+00   1.57214616e+00
 1.96000000e+00  -8.33333333e-03   1.00000000e+00   1.24382038e-01   1.47796210e-03   1.66097423e+00   1.56775976e+00
 1.97000000e+00  -8.33333333e-03   1.00000000e+00   1.26532968e-01   1.50208663e-03   1.66231590e+00   1.56363975e+00
 1.98000000e+00  -8.33333333e-03   1.00000000e+00   1.28601800e-01   1.52528874e-03   1.66377408e+00   1.55975992e+00
 1.99000000e+00  -8.33333333e-03   1.00000000e+00   1.30585240e-01   1.54753040e-03   1.66534493e+00   1.55614400e+00
 2.00000000e+00  -8.33333333e-03   1.00000000e+00   1.32480170e-01   1.56877597e-03   1.66701424e+00   1.55278738e+00
 2.01000000e+00  -8.33333333e-03   1.00000000e+00   1.34283654e-01   1.58899246e-03   1.66877034e+00   1.54969865e+00
 2.02000000e+00  -8.33333333e-03   1.00000000e+00   1.35992944e-01   1.60815001e-03   1.67060842e+00   1.54688201e+00
 2.03000000e+00  -8.33333333e-03   1.00000000e+00   1.37605474e-01   1.62622169e-03   1.67252670e+00   1.54433285e+00
 2.04000000e+00  -8.33333333e-03   1.00000000e+00   1.39118866e-01   1.64318262e-03   1.67451835e+00   1.54205492e+00
 2.05000000e+00  -8.33333333e-03   1.00000000e+00   1.40530926e-01   1.65900834e-03   1.67655630e+00   1.54005023e+00
 2.06000000e+00  -8.33333333e-03   1.00000000e+00   1.41839645e-01   1.67367831e-03   1.67866240e+00   1.53832134e+00
 2.07000000e+00  -8.33333333e-03   1.00000000e+00   1.43043195e-01   1.68717350e-03   1.68082011e+00   1.53687439e+00
 2.08000000e+00  -8.33333333e-03   1.00000000e+00   1.44139931e-01   1.69947755e-03   1.68301242e+00   1.53570076e+00
 2.09000000e+00  -8.33333333e-03   1.00000000e+00   1.45128386e-01   1.71057766e-03   1.68523967e+00   1.53480693e+00
 2.10000000e+00  -8.33333333e-03   1.00000000e+00   1.46007277e-01   1.72046143e-03   1.68749087e+00   1.53419038e+00
 2.11000000e+00  -8.33333333e-03   1.00000000e+00   1.46775494e-01   1.72911574e-03   1.68976617e+00   1.53385288e+00
 2.12000000e+00  -8.33333333e-03   1.00000000e+00   1.47432111e-01   1.73652929e-03   1.69206277e+00   1.53379572e+00
 2.13000000e+00  -8.33333333e-03   1.00000000e+00   1.47976380e-01   1.74269329e-03   1.69437692e+00   1.53401881e+00
 2.14000000e+00  -8.33333333e-03   1.00000000e+00   1.48407734e-01   1.74760064e-03   1.69668986e+00   1.53451478e+00
 2.15000000e+00  -8.33333333e-03   1.00000000e+00   1.48725792e-01   1.75124643e-03   1.69900774e+00   1.53529348e+00
 2.16000000e+00  -8.33333333e-03   1.00000000e+00   1.48930354e-01   1.75362504e-03   1.70133021e+00   1.53634536e+00
 2.17000000e+00  -8.33333333e-03   1.00000000e+00   1.49021184e-01   1.75472222e-03   1.70605025e+00   1.53845636e+00
 2.18000000e+00  -8.33333333e-03   1.00000000e+00   1.48998227e-01   1.75465201e-03   1.70334206e+00   1.54001306e+00
 2.19000000e+00  -8.33333333e-03   1.00000000e+00   1.48861650e-01   1.75329118e-03   1.70436737e+00   1.53865042e+00
 2.20000000e+00  -8.33333333e-03   1.00000000e+00   1.48612102e-01   1.75056726e-03   1.70809104e+00   1.54020825e+00
 2.21000000e+00  -8.33333333e-03   1.00000000e+00   1.48250606e-01   1.74648915e-03   1.71058139e+00   1.54265385e+00
 2.22000000e+00  -8.33333333e-03   1.00000000e+00   1.47778070e-01   1.74111039e-03   1.71283409e+00   1.54496309e+00
 2.23000000e+00  -8.33333333e-03   1.00000000e+00   1.47195585e-01   1.73448678e-03   1.71511665e+00   1.54763562e+00
 2.24000000e+00  -8.33333333e-03   1.00000000e+00   1.46504439e-01   1.72666944e-03   1.71737247e+00   1.55060526e+00
 2.25000000e+00  -8.33333333e-03   1.00000000e+00   1.45709621e-01   1.71777978e-03   1.74049784e+00   1.56088890e+00
 2.26000000e+00  -8.33333333e-03   1.00000000e+00   1.44808292e-01   1.70787949e-03   1.72291244e+00   1.57199641e+00
 2.27000000e+00  -8.33333333e-03   1.00000000e+00   1.43803547e-01   1.69715313e-03   1.72348225e+00   1.56514378e+00
 2.28000000e+00  -8.33333333e-03   1.00000000e+00   1.42697713e-01   1.68525654e-03   1.72784089e+00   1.57076691e+00
 2.29000000e+00  -8.33333333e-03   1.00000000e+00   1.41493201e-01   1.67208522e-03   1.73001380e+00   1.57504620e+00
 2.30000000e+00  -8.33333333e-03   1.00000000e+00   1.40192545e-01   1.65764922e-03   1.73214559e+00   1.57958669e+00
 2.31000000e+00  -8.33333333e-03   1.00000000e+00   1.38798361e-01   1.64200195e-03   1.73417528e+00   1.58444098e+00
 2.32000000e+00  -8.33333333e-03   1.00000000e+00   1.37313364e-01   1.62523107e-03   1.73616934e+00   1.58954797e+00
 2.33000000e+00  -8.33333333e-03   1.00000000e+00   1.35740394e-01   1.60743887e-03   1.73811638e+00   1.59489408e+00
 2.34000000e+00  -8.33333333e-03   1.00000000e+00   1.34082440e-01   1.58872321e-03   1.74003602e+00   1.60045065e+00
 2.35000000e+00  -8.33333333e-03   1.00000000e+00   1.32342643e-01   1.56916387e-03   1.74194152e+00   1.60621136e+00
 2.36000000e+00  -8.33333333e-03   1.00000000e+00   1.30524289e-01   1.54881511e-03   1.74380612e+00   1.61216840e+00
 2.37000000e+00  -8.33333333e-03   1.00000000e+00   1.28630784e-01   1.52769653e-03   1.74566138e+00   1.61836262e+00
 2.38000000e+00  -8.33333333e-03   1.00000000e+00   1.26665659e-01   1.50580816e-03   1.74747750e+00   1.62464591e+00
 2.39000000e+00  -8.33333333e-03   1.00000000e+00   1.24632548e-01   1.48316497e-03   1.74927630e+00   1.63110403e+00
 2.40000000e+00  -8.33333333e-03   1.00000000e+00   1.22535182e-01   1.45979844e-03   1.75104950e+00   1.63771180e+00
 2.41000000e+00  -8.33333333e-03   1.00000000e+00   1.20377370e-01   1.43574793e-03   1.75281059e+00   1.64445199e+00
 2.42000000e+00  -8.33333333e-03   1.00000000e+00   1.18163001e-01   1.41105641e-03   1.75453982e+00   1.65132766e+00
 2.43000000e+00  -8.33333333e-03   1.00000000e+00   1.15896037e-01   1.38577003e-03   1.75624011e+00   1.65832209e+00
 2.44000000e+00  -8.33333333e-03   1.00000000e+00   1.13580511e-01   1.35993770e-03   1.75793586e+00   1.66542294e+00
 2.45000000e+00  -8.33333333e-03   1.00000000e+00   1.11220523e-01   1.33361028e-03   1.75959935e+00   1.67261424e+00
 2.46000000e+00  -8.33333333e-03   1.00000000e+00   1.08820242e-01   1.30683555e-03   1.76124420e+00   1.67988385e+00
 2.47000000e+00  -8.33333333e-03   1.00000000e+00   1.06383898e-01   1.27966221e-03   1.76287035e+00   1.68721986e+00
 2.48000000e+00  -8.33333333e-03   1.00000000e+00   1.03915772e-01   1.25213729e-03   1.76446525e+00   1.69461514e+00
 2.49000000e+00  -8.33333333e-03   1.00000000e+00   1.01420196e-01   1.22430644e-03   1.76603660e+00   1.70205637e+00
 2.50000000e+00  -8.33333333e-03   1.00000000e+00   9.89015380e-02   1.19621514e-03   1.76758381e+00   1.70951687e+00
 2.51000000e+00  -8.33333333e-03   1.00000000e+00   9.63641995e-02   1.16791199e-03   1.76910505e+00   1.71700266e+00
 2.52000000e+00  -8.33333333e-03   1.00000000e+00   9.38126041e-02   1.13944507e-03   1.77060692e+00   1.72448552e+00
 2.53000000e+00  -8.33333333e-03   1.00000000e+00   9.12511908e-02   1.11086177e-03   1.77206454e+00   1.73195762e+00
 2.54000000e+00  -8.33333333e-03   1.00000000e+00   8.86844059e-02   1.08221222e-03   1.77349405e+00   1.73940262e+00
 2.55000000e+00  -8.33333333e-03   1.00000000e+00   8.61166952e-02   1.05354794e-03   1.77488946e+00   1.74680345e+00
 2.56000000e+00  -8.33333333e-03   1.00000000e+00   8.35524950e-02   1.02492150e-03   1.77624231e+00   1.75414800e+00
 2.57000000e+00  -8.33333333e-03   1.00000000e+00   8.09962234e-02   9.96381558e-04   1.77755690e+00   1.76142304e+00
 2.58000000e+00  -8.33333333e-03   1.00000000e+00   7.84522717e-02   9.67978643e-04   1.77881938e+00   1.76860762e+00
 2.59000000e+00  -8.33333333e-03   1.00000000e+00   7.59249953e-02   9.39761123e-04   1.78003874e+00   1.77569416e+00
 2.60000000e+00  -8.33333333e-03   1.00000000e+00   7.34187052e-02   9.11777562e-04   1.78120879e+00   1.78266452e+00
 2.61000000e+00  -8.33333333e-03   1.00000000e+00   7.09376587e-02   8.84076238e-04   1.78231446e+00   1.78950884e+00
 2.62000000e+00  -8.33333333e-03   1.00000000e+00   6.84860521e-02   8.56704603e-04   1.78335888e+00   1.79620688e+00
 2.63000000e+00  -8.33333333e-03   1.00000000e+00   6.60680125e-02   8.29706914e-04   1.78435488e+00   1.80273987e+00
 2.64000000e+00  -8.33333333e-03   1.00000000e+00   6.36875915e-02   8.03128622e-04   1.78527594e+00   1.80911952e+00
 2.65000000e+00  -8.33333333e-03   1.00000000e+00   6.13487576e-02   7.77013826e-04   1.78611458e+00   1.81530934e+00
 2.66000000e+00  -8.33333333e-03   1.00000000e+00   5.90553889e-02   7.51405152e-04   1.78688685e+00   1.82130988e+00
 2.67000000e+00  -8.33333333e-03   1.00000000e+00   5.68112690e-02   7.26345300e-04   1.78757541e+00   1.82709700e+00
 2.68000000e+00  -8.33333333e-03   1.00000000e+00   5.46200809e-02   7.01874248e-04   1.78817420e+00   1.83266366e+00
 2.69000000e+00  -8.33333333e-03   1.00000000e+00   5.24854017e-02   6.78033888e-04   1.78868356e+00   1.83800231e+00
 2.70000000e+00  -8.33333333e-03   1.00000000e+00   5.04106977e-02   6.54861250e-04   1.78910986e+00   1.84309851e+00
 2.71000000e+00  -8.33333333e-03   1.00000000e+00   4.83993194e-02   6.32393207e-04   1.78943479e+00   1.84794139e+00
 2.72000000e+00  -8.33333333e-03   1.00000000e+00   4.64544973e-02   6.10665096e-04   1.78965462e+00   1.85252543e+00
 2.73000000e+00  -8.33333333e-03   1.00000000e+00   4.45793373e-02   5.89711233e-04   1.78977353e+00   1.85684176e+00
 2.74000000e+00  -8.33333333e-03   1.00000000e+00   4.27768164e-02   5.69564148e-04   1.78978894e+00   1.86086357e+00
 2.75000000e+00  -8.33333333e-03   1.00000000e+00   4.10497793e-02   5.50254979e-04   1.78969812e+00   1.86461755e+00
 2.76000000e+00  -8.33333333e-03   1.00000000e+00   3.94009333e-02   5.31814212e-04   1.78948148e+00   1.86807789e+00
 2.77000000e+00  -8.33333333e-03   1.00000000e+00   3.78328448e-02   5.14269909e-04   1.78914999e+00   1.87123430e+00
 2.78000000e+00  -8.33333333e-03   1.00000000e+00   3.63479355e-02   4.97649557e-04   1.78870692e+00   1.87409868e+00
 2.79000000e+00  -8.33333333e-03   1.00000000e+00   3.49484785e-02   4.81978380e-04   1.78813219e+00   1.87664649e+00
 2.80000000e+00  -8.33333333e-03   1.00000000e+00   3.36365946e-02   4.67281031e-04   1.78744019e+00   1.87888228e+00
 2.81000000e+00  -8.33333333e-03   1.00000000e+00   3.24142488e-02   4.53579725e-04   1.78663097e+00   1.88079870e+00
 2.82000000e+00  -8.33333333e-03   1.00000000e+00   3.12832463e-02   4.40894689e-04   1.78569364e+00   1.88240263e+00
 2.83000000e+00  -8.33333333e-03   1.00000000e+00   3.02452303e-02   4.29244978e-04   1.78463133e+00   1.88367908e+00
 2.84000000e+00  -8.33333333e-03   1.00000000e+00   2.93016776e-02   4.18646219e-04   1.78344706e+00   1.88463441e+00
 2.85000000e+00  -8.33333333e-03   1.00000000e+00   2.84538968e-02   4.09111981e-04   1.78214202e+00   1.88526929e+00
 2.86000000e+00  -8.33333333e-03   1.00000000e+00   2.77030275e-02   4.00655804e-04   1.78070860e+00   1.88558355e+00
 2.87000000e+00  -8.33333333e-03   1.00000000e+00   2.70500365e-02   3.93290942e-04   1.77916828e+00   1.88557365e+00
 2.88000000e+00  -8.33333333e-03   1.00000000e+00   2.64957175e-02   3.87027911e-04   1.77750085e+00   1.88524438e+00
 2.89000000e+00  -8.33333333e-03   1.00000000e+00   2.60406894e-02   3.81874155e-04   1.77571967e+00   1.88460032e+00
 2.90000000e+00  -8.33333333e-03   1.00000000e+00   2.56853960e-02   3.77834673e-04   1.77382350e+00   1.88363594e+00
 2.91000000e+00  -8.33333333e-03   1.00000000e+00   2.54301063e-02   3.74911150e-04   1.77181711e+00   1.88236762e+00
 2.92000000e+00  -8.33333333e-03   1.00000000e+00   2.52749153e-02   3.73103422e-04   1.76971036e+00   1.88078969e+00
 2.93000000e+00  -8.33333333e-03   1.00000000e+00   2.52199523e-02   3.72433067e-04   1.76557129e+00   1.87859454e+00
 2.94000000e+00  -8.33333333e-03   1.00000000e+00   2.52650350e-02   3.72818971e-04   1.76752058e+00   1.87544621e+00
 2.95000000e+00  -8.33333333e-03   1.00000000e+00   2.54093267e-02   3.74339148e-04   1.76251308e+00   1.87576411e+00
 2.96000000e+00  -8.33333333e-03   1.00000000e+00   2.56523321e-02   3.76962271e-04   1.76017656e+00   1.87140664e+00
 2.97000000e+00  -8.33333333e-03   1.00000000e+00   2.59933167e-02   3.80687909e-04   1.75775003e+00   1.86854074e+00
 2.98000000e+00  -8.33333333e-03   1.00000000e+00   2.64313726e-02   3.85500086e-04   1.75511742e+00   1.86525725e+00
 2.99000000e+00  -8.33333333e-03   1.00000000e+00   2.69654218e-02   3.91381466e-04   1.75242155e+00   1.86171805e+00
 3.00000000e+00  -8.33333333e-03   1.00000000e+00   2.75942148e-02   3.98317297e-04   1.74966167e+00   1.85793051e+00
 3.01000000e+00  -8.33333333e-03   1.00000000e+00   2.83163326e-02   4.06292245e-04   1.74684237e+00   1.85390634e+00
 3.02000000e+00  -8.33333333e-03   1.00000000e+00   2.91301954e-02   4.15290096e-04   1.74397933e+00   1.84965337e+00
 3.03000000e+00  -8.33333333e-03   1.00000000e+00   3.00340715e-02   4.25292935e-04   1.74108236e+00   1.84518789e+00
 3.04000000e+00  -8.33333333e-03   1.00000000e+00   3.10260847e-02   4.36281278e-04   1.73815074e+00   1.84050551e+00
 3.05000000e+00  -8.33333333e-03   1.00000000e+00   3.21042205e-02   4.48233978e-04   1.73519359e+00   1.83563306e+00
 3.06000000e+00  -8.33333333e-03   1.00000000e+00   3.32663274e-02   4.61128245e-04   1.73221958e+00   1.83057205e+00
 3.07000000e+00  -8.33333333e-03   1.00000000e+00   3.45101215e-02   4.74939020e-04   1.72924119e+00   1.82533629e+00
 3.08000000e+00  -8.33333333e-03   1.00000000e+00   3.58331884e-02   4.89639076e-04   1.72625999e+00   1.81993718e+00
 3.09000000e+00  -8.33333333e-03   1.00000000e+00   3.72329871e-02   5.05199394e-04   1.72328768e+00   1.81438964e+00
 3.10000000e+00  -8.33333333e-03   1.00000000e+00   3.87068528e-02   5.21589515e-04   1.72033315e+00   1.80869805e+00
 3.11000000e+00  -8.33333333e-03   1.00000000e+00   4.02520021e-02   5.38777662e-04   1.71740177e+00   1.80288525e+00
 3.12000000e+00  -8.33333333e-03   1.00000000e+00   4.18655382e-02   5.56731145e-04   1.71450171e+00   1.79695103e+00
 3.13000000e+00  -8.33333333e-03   1.00000000e+00   4.35444568e-02   5.75416798e-04   1.71164514e+00   1.79091256e+00
 3.14000000e+00  -8.33333333e-03   1.00000000e+00   4.52856514e-02   5.94800603e-04   1.70883326e+00   1.78478469e+00
 3.15000000e+00  -8.33333333e-03   1.00000000e+00   4.70859200e-02   6.14847427e-04   1.70606853e+00   1.77857722e+00
 3.16000000e+00  -8.33333333e-03   1.00000000e+00   4.89419701e-02   6.35521148e-04   1.70337300e+00   1.77229900e+00
 3.17000000e+00  -8.33333333e-03   1.00000000e+00   5.08504246e-02   6.56784510e-04   1.70074407e+00   1.76596906e+00
 3.18000000e+00  -8.33333333e-03   1.00000000e+00   5.28078280e-02   6.78599027e-04   1.69819486e+00   1.75959140e+00
 3.19000000e+00  -8.33333333e-03   1.00000000e+00   5.48106516e-02   7.00925516e-04   1.69572096e+00   1.75317811e+00
 3.20000000e+00  -8.33333333e-03   1.00000000e+00   5.68553001e-02   7.23724000e-04   1.69332875e+00   1.74674944e+00
 3.21000000e+00  -8.33333333e-03   1.00000000e+00   5.89381180e-02   7.46953407e-04   1.69103660e+00   1.74030202e+00
 3.22000000e+00  -8.33333333e-03   1.00000000e+00   6.10553954e-02   7.70572123e-04   1.68883588e+00   1.73385639e+00
 3.23000000e+00  -8.33333333e-03   1.00000000e+00   6.32033761e-02   7.94537906e-04   1.68674491e+00   1.72742146e+00
 3.24000000e+00  -8.33333333e-03   1.00000000e+00   6.53782636e-02   8.18808751e-04   1.68475631e+00   1.72101489e+00
 3.25000000e+00  -8.33333333e-03   1.00000000e+00   6.75762279e-02   8.43341576e-04   1.68287958e+00   1.71464144e+00
 3.26000000e+00  -8.33333333e-03   1.00000000e+00   6.97934130e-02   8.68093123e-04   1.68112054e+00   1.70831320e+00
 3.27000000e+00  -8.33333333e-03   1.00000000e+00   7.20259433e-02   8.93019847e-04   1.67947748e+00   1.70203830e+00
 3.28000000e+00  -8.33333333e-03   1.00000000e+00   7.42699310e-02   9.18078588e-04   1.67796713e+00   1.69581571e+00
 3.29000000e+00  -8.33333333e-03   1.00000000e+00   7.65214827e-02   9.43226130e-04   1.67656680e+00   1.68966131e+00
 3.30000000e+00  -8.33333333e-03   1.00000000e+00   7.87767053e-02   9.68418752e-04   1.67529628e+00   1.68359852e+00
 3.31000000e+00  -8.33333333e-03   1.00000000e+00   8.10317140e-02   9.93612703e-04   1.67415576e+00   1.67763035e+00
 3.32000000e+00  -8.33333333e-03   1.00000000e+00   8.32826382e-02   1.01876422e-03   1.67313981e+00   1.67175855e+00
 3.33000000e+00  -8.33333333e-03   1.00000000e+00   8.55256289e-02   1.04383073e-03   1.67224022e+00   1.66601137e+00
 3.34000000e+00  -8.33333333e-03   1.00000000e+00   8.77568634e-02   1.06876920e-03   1.67148345e+00   1.66036229e+00
 3.35000000e+00  -8.33333333e-03   1.00000000e+00   8.99725538e-02   1.09353710e-03   1.67085842e+00   1.65483687e+00
 3.36000000e+00  -8.33333333e-03   1.00000000e+00   9.21689523e-02   1.11809257e-03   1.67034849e+00   1.64943955e+00
 3.37000000e+00  -8.33333333e-03   1.00000000e+00   9.43423571e-02   1.14239444e-03   1.66997773e+00   1.64418147e+00
 3.38000000e+00  -8.33333333e-03   1.00000000e+00   9.64891194e-02   1.16640207e-03   1.66971744e+00   1.63906915e+00
 3.39000000e+00  -8.33333333e-03   1.00000000e+00   9.86056491e-02   1.19007569e-03   1.66958103e+00   1.63410436e+00
 3.40000000e+00  -8.33333333e-03   1.00000000e+00   1.00688420e-01   1.21337593e-03   1.66957888e+00   1.62929856e+00
 3.41000000e+00  -8.33333333e-03   1.00000000e+00   1.02733974e-01   1.23626360e-03   1.66968991e+00   1.62464618e+00
 3.42000000e+00  -8.33333333e-03   1.00000000e+00   1.04738931e-01   1.25870084e-03   1.66992340e+00   1.62016883e+00
 3.43000000e+00  -8.33333333e-03   1.00000000e+00   1.06699990e-01   1.28065046e-03   1.67025989e+00   1.61586425e+00
 3.44000000e+00  -8.33333333e-03   1.00000000e+00   1.08613938e-01   1.30207640e-03   1.67071427e+00   1.61174107e+00
 3.45000000e+00  -8.33333333e-03   1.00000000e+00   1.10477650e-01   1.32294307e-03   1.67126774e+00   1.60781104e+00
 3.46000000e+00  -8.33333333e-03   1.00000000e+00   1.12288101e-01   1.34321692e-03   1.67192792e+00   1.60406040e+00
 3.47000000e+00  -8.33333333e-03   1.00000000e+00   1.14042366e-01   1.36286470e-03   1.67269004e+00   1.60049652e+00
 3.48000000e+00  -8.33333333e-03   1.00000000e+00   1.15737626e-01   1.38185566e-03   1.67354034e+00   1.59706478e+00
 3.49000000e+00  -8.33333333e-03   1.00000000e+00   1.17371173e-01   1.40015913e-03   1.67448422e+00   1.59389926e+00
 3.50000000e+00  -8.33333333e-03   1.00000000e+00   1.18940412e-01   1.41774577e-03   1.67551031e+00   1.59092864e+00
 3.51000000e+00  -8.33333333e-03   1.00000000e+00   1.20442868e-01   1.43458772e-03   1.67662032e+00   1.58816022e+00
 3.52000000e+00  -8.33333333e-03   1.00000000e+00   1.21876189e-01   1.45065758e-03   1.67780854e+00   1.58560353e+00
 3.53000000e+00  -8.33333333e-03   1.00000000e+00   1.23238149e-01   1.46593077e-03   1.67906873e+00   1.58325664e+00
 3.54000000e+00  -8.33333333e-03   1.00000000e+00   1.24526653e-01   1.48038381e-03   1.68039546e+00   1.58112234e+00
 3.55000000e+00  -8.33333333e-03   1.00000000e+00   1.25739737e-01   1.49399430e-03   1.68178516e+00   1.57920617e+00
 3.56000000e+00  -8.33333333e-03   1.00000000e+00   1.26875576e-01   1.50674121e-03   1.68323287e+00   1.57750259e+00
 3.57000000e+00  -8.33333333e-03   1.00000000e+00   1.27932481e-01   1.51860577e-03   1.68472525e+00   1.57602547e+00
 3.58000000e+00  -8.33333333e-03   1.00000000e+00   1.28908907e-01   1.52957018e-03   1.68627774e+00   1.57476914e+00
 3.59000000e+00  -8.33333333e-03   1.00000000e+00   1.29803451e-01   1.53961890e-03   1.68787618e+00   1.57373234e+00
 3.60000000e+00  -8.33333333e-03   1.00000000e+00   1.30614854e-01   1.54873776e-03   1.68950397e+00   1.57291763e+00
 3.61000000e+00  -8.33333333e-03   1.00000000e+00   1.31342007e-01   1.55691432e-03   1.69117049e+00   1.57232667e+00
 3.62000000e+00  -8.33333333e-03   1.00000000e+00   1.31983948e-01   1.56413817e-03   1.69286427e+00   1.57195534e+00
 3.63000000e+00  -8.33333333e-03   1.00000000e+00   1.32539862e-01   1.57040052e-03   1.69459034e+00   1.57181416e+00
 3.64000000e+00  -8.33333333e-03   1.00000000e+00   1.33009086e-01   1.57569311e-03   1.69633841e+00   1.57189689e+00
 3.65000000e+00  -8.33333333e-03   1.00000000e+00   1.33391109e-01   1.58001039e-03   1.69809784e+00   1.57220317e+00
 3.66000000e+00  -8.33333333e-03   1.00000000e+00   1.33685570e-01   1.58334839e-03   1.69987076e+00   1.57273453e+00
 3.67000000e+00  -8.33333333e-03   1.00000000e+00   1.33892260e-01   1.58570762e-03   1.70166540e+00   1.57348480e+00
 3.68000000e+00  -8.33333333e-03   1.00000000e+00   1.34010929e-01   1.58704491e-03   1.70666128e+00   1.57543328e+00
 3.69000000e+00  -8.33333333e-03   1.00000000e+00   1.34041194e-01   1.58745439e-03   1.70165942e+00   1.57680550e+00
 3.70000000e+00  -8.33333333e-03   1.00000000e+00   1.33984239e-01   1.58695058e-03   1.70683358e+00   1.57512561e+00
 3.71000000e+00  -8.33333333e-03   1.00000000e+00   1.33840219e-01   1.58538375e-03   1.70922913e+00   1.57890761e+00
 3.72000000e+00  -8.33333333e-03   1.00000000e+00   1.33609654e-01   1.58286545e-03   1.71067947e+00   1.58048472e+00
 3.73000000e+00  -8.33333333e-03   1.00000000e+00   1.33293179e-01   1.57938602e-03   1.71248318e+00   1.58256833e+00
 3.74000000e+00  -8.33333333e-03   1.00000000e+00   1.32891592e-01   1.57494687e-03   1.71425455e+00   1.58484875e+00
 3.75000000e+00  -8.33333333e-03   1.00000000e+00   1.32405856e-01   1.56955640e-03   1.71603816e+00   1.58732922e+00
 3.76000000e+00  -8.33333333e-03   1.00000000e+00   1.31837100e-01   1.56322852e-03   1.71781046e+00   1.59001120e+00
 3.77000000e+00  -8.33333333e-03   1.00000000e+00   1.31186601e-01   1.55597998e-03   1.71956975e+00   1.59288938e+00
 3.78000000e+00  -8.33333333e-03   1.00000000e+00   1.30455776e-01   1.54782835e-03   1.72131665e+00   1.59596303e+00
 3.79000000e+00  -8.33333333e-03   1.00000000e+00   1.29646167e-01   1.53879356e-03   1.72305004e+00   1.59922649e+00
 3.80000000e+00  -8.33333333e-03   1.00000000e+00   1.28759442e-01   1.52889545e-03   1.72476616e+00   1.60267722e+00
 3.81000000e+00  -8.33333333e-03   1.00000000e+00   1.27797381e-01   1.51814948e-03   1.72646818e+00   1.60630828e+00
 3.82000000e+00  -8.33333333e-03   1.00000000e+00   1.26761887e-01   1.50657597e-03   1.72815714e+00   1.61011481e+00
 3.83000000e+00  -8.33333333e-03   1.00000000e+00   1.25654982e-01   1.49420308e-03   1.72982723e+00   1.61414928e+00
 3.84000000e+00  -8.33333333e-03   1.00000000e+00   1.24478803e-01   1.48106316e-03   1.73146980e+00   1.61826808e+00
 3.85000000e+00  -8.33333333e-03   1.00000000e+00   1.23235604e-01   1.46718616e-03   1.73310335e+00   1.62255532e+00
 3.86000000e+00  -8.33333333e-03   1.00000000e+00   1.21927743e-01   1.45259989e-03   1.73471370e+00   1.62700080e+00
 3.87000000e+00  -8.33333333e-03   1.00000000e+00   1.20557684e-01   1.43733141e-03   1.73630233e+00   1.63158912e+00
 3.88000000e+00  -8.33333333e-03   1.00000000e+00   1.19127990e-01   1.42140235e-03   1.73787201e+00   1.63631634e+00
 3.89000000e+00  -8.33333333e-03   1.00000000e+00   1.17641313e-01   1.40483821e-03   1.73942824e+00   1.64117445e+00
 3.90000000e+00  -8.33333333e-03   1.00000000e+00   1.16100396e-01   1.38766510e-03   1.74094070e+00   1.64615413e+00
 3.91000000e+00  -8.33333333e-03   1.00000000e+00   1.14508062e-01   1.36991228e-03   1.74245682e+00   1.65125027e+00
 3.92000000e+00  -8.33333333e-03   1.00000000e+00   1.12867215e-01   1.35161315e-03   1.74394016e+00   1.65644875e+00
 3.93000000e+00  -8.33333333e-03   1.00000000e+00   1.11180829e-01   1.33280219e-03   1.74539787e+00   1.66174911e+00
 3.94000000e+00  -8.33333333e-03   1.00000000e+00   1.09451949e-01   1.31351551e-03   1.74684653e+00   1.66713444e+00
 3.95000000e+00  -8.33333333e-03   1.00000000e+00   1.07683683e-01   1.29378739e-03   1.74826322e+00   1.67260072e+00
 3.96000000e+00  -8.33333333e-03   1.00000000e+00   1.05879197e-01   1.27365679e-03   1.74966129e+00   1.67813595e+00
 3.97000000e+00  -8.33333333e-03   1.00000000e+00   1.04041709e-01   1.25315716e-03   1.75102439e+00   1.68373449e+00
 3.98000000e+00  -8.33333333e-03   1.00000000e+00   1.02174489e-01   1.23232960e-03   1.75237030e+00   1.68938087e+00
 3.99000000e+00  -8.33333333e-03   1.00000000e+00   1.00280844e-01   1.21120699e-03   1.75368638e+00   1.69507131e+00
 4.00000000e+00  -8.33333333e-03   1.00000000e+00   9.83641193e-02   1.18982637e-03   1.75497782e+00   1.70079357e+00
 4.01000000e+00  -8.33333333e-03   1.00000000e+00   9.64276875e-02   1.16822475e-03   1.75624260e+00   1.70653015e+00
 4.02000000e+00  -8.33333333e-03   1.00000000e+00   9.44749459e-02   1.14643845e-03   1.75746389e+00   1.71227992e+00
 4.03000000e+00  -8.33333333e-03   1.00000000e+00   9.25093092e-02   1.12450633e-03   1.75866745e+00   1.71802768e+00
 4.04000000e+00  -8.33333333e-03   1.00000000e+00   9.05342037e-02   1.10246617e-03   1.75982646e+00   1.72376729e+00
 4.05000000e+00  -8.33333333e-03   1.00000000e+00   8.85530589e-02   1.08035544e-03   1.76096941e+00   1.72946804e+00
 4.06000000e+00  -8.33333333e-03   1.00000000e+00   8.65693060e-02   1.05821413e-03   1.76206319e+00   1.73515327e+00
 4.07000000e+00  -8.33333333e-03   1.00000000e+00   8.45863673e-02   1.03607963e-03   1.76311855e+00   1.74079807e+00
 4.08000000e+00  -8.33333333e-03   1.00000000e+00   8.26076524e-02   1.01399142e-03   1.76413082e+00   1.74638622e+00
 4.09000000e+00  -8.33333333e-03   1.00000000e+00   8.06365510e-02   9.91987754e-04   1.76509734e+00   1.75190928e+00
 4.10000000e+00  -8.33333333e-03   1.00000000e+00   7.86764284e-02   9.70104660e-04   1.76602522e+00   1.75735639e+00
 4.11000000e+00  -8.33333333e-03   1.00000000e+00   7.67306187e-02   9.48381849e-04   1.76690326e+00   1.76271924e+00
 4.12000000e+00  -8.33333333e-03   1.00000000e+00   7.48024194e-02   9.26854328e-04   1.76772292e+00   1.76798437e+00
 4.13000000e+00  -8.33333333e-03   1.00000000e+00   7.28950856e-02   9.05558387e-04   1.76849168e+00   1.77314652e+00
 4.14000000e+00  -8.33333333e-03   1.00000000e+00   7.10118251e-02   8.84529695e-04   1.76920715e+00   1.77818967e+00
 4.15000000e+00  -8.33333333e-03   1.00000000e+00   6.91557933e-02   8.63804266e-04   1.76986447e+00   1.78310605e+00
 4.16000000e+00  -8.33333333e-03   1.00000000e+00   6.73300872e-02   8.43416071e-04   1.77046379e+00   1.78788836e+00
 4.17000000e+00  -8.33333333e-03   1.00000000e+00   6.55377412e-02   8.23398238e-04   1.77099538e+00   1.79252709e+00
 4.18000000e+00  -8.33333333e-03   1.00000000e+00   6.37817216e-02   8.03783569e-04   1.77146668e+00   1.79701350e+00
 4.19000000e+00  -8.33333333e-03   1.00000000e+00   6.20649221e-02   7.84602857e-04   1.77187702e+00   1.80132157e+00
 4.20000000e+00  -8.33333333e-03   1.00000000e+00   6.03901601e-02   7.65889851e-04   1.77221083e+00   1.80547214e+00
 4.21000000e+00  -8.33333333e-03   1.00000000e+00   5.87601710e-02   7.47672982e-04   1.77246448e+00   1.80944519e+00
 4.22000000e+00  -8.33333333e-03   1.00000000e+00   5.71776035e-02   7.29983489e-04   1.77265001e+00   1.81323247e+00
 4.23000000e+00  -8.33333333e-03   1.00000000e+00   5.56450168e-02   7.12849754e-04   1.77275932e+00   1.81682439e+00
 4.24000000e+00  -8.33333333e-03   1.00000000e+00   5.41648757e-02   6.96299411e-04   1.77278490e+00   1.82021595e+00
 4.25000000e+00  -8.33333333e-03   1.00000000e+00   5.27395470e-02   6.80359135e-04   1.77272929e+00   1.82339956e+00
 4.26000000e+00  -8.33333333e-03   1.00000000e+00   5.13712954e-02   6.65053299e-04   1.77259128e+00   1.82637332e+00
 4.27000000e+00  -8.33333333e-03   1.00000000e+00   5.00622803e-02   6.50407335e-04   1.77237148e+00   1.82912751e+00
 4.28000000e+00  -8.33333333e-03   1.00000000e+00   4.88145523e-02   6.36443906e-04   1.77206383e+00   1.83165957e+00
 4.29000000e+00  -8.33333333e-03   1.00000000e+00   4.76300496e-02   6.23184790e-04   1.77167124e+00   1.83396452e+00
 4.30000000e+00  -8.33333333e-03   1.00000000e+00   4.65105947e-02   6.10649801e-04   1.77118636e+00   1.83603945e+00
 4.31000000e+00  -8.33333333e-03   1.00000000e+00   4.54578929e-02   5.98858413e-04   1.77061930e+00   1.83787892e+00
 4.32000000e+00  -8.33333333e-03   1.00000000e+00   4.44735283e-02   5.87828398e-04   1.76995160e+00   1.83948179e+00
 4.33000000e+00  -8.33333333e-03   1.00000000e+00   4.35589619e-02   5.77575723e-04   1.76920937e+00   1.84084120e+00
 4.34000000e+00  -8.33333333e-03   1.00000000e+00   4.27155285e-02   5.68113946e-04   1.76836695e+00   1.84196491e+00
 4.35000000e+00  -8.33333333e-03   1.00000000e+00   4.19444364e-02   5.59456929e-04   1.76744011e+00   1.84284759e+00
 4.36000000e+00  -8.33333333e-03   1.00000000e+00   4.12467646e-02   5.51617417e-04   1.76642868e+00   1.84348753e+00
 4.37000000e+00  -8.33333333e-03   1.00000000e+00   4.06234630e-02   5.44608275e-04   1.76533339e+00   1.84388331e+00
 4.38000000e+00  -8.33333333e-03   1.00000000e+00   4.00753483e-02   5.38438191e-04   1.76414965e+00   1.84403949e+00
 4.39000000e+00  -8.33333333e-03   1.00000000e+00   3.96031057e-02   5.33115841e-04   1.76288263e+00   1.84395112e+00
 4.40000000e+00  -8.33333333e-03   1.00000000e+00   3.92072869e-02   5.28646692e-04   1.76153027e+00   1.84362257e+00
 4.41000000e+00  -8.33333333e-03   1.00000000e+00   3.88883106e-02   5.25036356e-04   1.76010836e+00   1.84305422e+00
 4.42000000e+00  -8.33333333e-03   1.00000000e+00   3.86464632e-02   5.22287952e-04   1.75860265e+00   1.84225047e+00
 4.43000000e+00  -8.33333333e-03   1.00000000e+00   3.84818973e-02   5.20403018e-04   1.75702746e+00   1.84121641e+00
 4.44000000e+00  -8.33333333e-03   1.00000000e+00   3.83947919e-02   5.19395901e-04   1.75243042e+00   1.83942401e+00
 4.45000000e+00  -8.33333333e-03   1.00000000e+00   3.83853517e-02   5.19194576e-04   1.75715006e+00   1.83656433e+00
 4.46000000e+00  -8.33333333e-03   1.00000000e+00   3.84534523e-02   5.19875601e-04   1.75379633e+00   1.83935494e+00
 4.47000000e+00  -8.33333333e-03   1.00000000e+00   3.85983341e-02   5.21469622e-04   1.75191156e+00   1.83692736e+00
 4.48000000e+00  -8.33333333e-03   1.00000000e+00   3.88183710e-02   5.23919695e-04   1.74258581e+00   1.83402671e+00
 4.49000000e+00  -8.33333333e-03   1.00000000e+00   3.91141253e-02   5.27162944e-04   1.74695891e+00   1.82669646e+00
 4.50000000e+00  -8.33333333e-03   1.00000000e+00   3.94846706e-02   5.31241675e-04   1.74458790e+00   1.82801853e+00
 4.51000000e+00  -8.33333333e-03   1.00000000e+00   3.99291181e-02   5.36125382e-04   1.74217256e+00   1.82493716e+00
 4.52000000e+00  -8.33333333e-03   1.00000000e+00   4.04464407e-02   5.41814581e-04   1.74007774e+00   1.82204036e+00
 4.53000000e+00  -8.33333333e-03   1.00000000e+00   4.10354587e-02   5.48309452e-04   1.73794658e+00   1.81894302e+00
 4.54000000e+00  -8.33333333e-03   1.00000000e+00   4.16948646e-02   5.55600816e-04   1.73581361e+00   1.81566202e+00
 4.55000000e+00  -8.33333333e-03   1.00000000e+00   4.24232417e-02   5.63673542e-04   1.73363916e+00   1.81221749e+00
 4.56000000e+00  -8.33333333e-03   1.00000000e+00   4.32190720e-02   5.72508852e-04   1.73146115e+00   1.80861045e+00
 4.57000000e+00  -8.33333333e-03   1.00000000e+00   4.40807391e-02   5.82085815e-04   1.72926386e+00   1.80485242e+00
 4.58000000e+00  -8.33333333e-03   1.00000000e+00   4.50065275e-02   5.92380423e-04   1.72706349e+00   1.80095619e+00
 4.59000000e+00  -8.33333333e-03   1.00000000e+00   4.59946223e-02   6.03368797e-04   1.72486310e+00   1.79692388e+00
 4.60000000e+00  -8.33333333e-03   1.00000000e+00   4.70431097e-02   6.15027644e-04   1.72266497e+00   1.79276766e+00
 4.61000000e+00  -8.33333333e-03   1.00000000e+00   4.81499789e-02   6.27335518e-04   1.72048334e+00   1.78849278e+00
 4.62000000e+00  -8.33333333e-03   1.00000000e+00   4.93131247e-02   6.40271513e-04   1.71829994e+00   1.78411132e+00
 4.63000000e+00  -8.33333333e-03   1.00000000e+00   5.05303523e-02   6.53812415e-04   1.71615245e+00   1.77963270e+00
 4.64000000e+00  -8.33333333e-03   1.00000000e+00   5.17993821e-02   6.67933469e-04   1.71403252e+00   1.77506474e+00
 4.65000000e+00  -8.33333333e-03   1.00000000e+00   5.31178563e-02   6.82608729e-04   1.71193742e+00   1.77041500e+00
 4.66000000e+00  -8.33333333e-03   1.00000000e+00   5.44833437e-02   6.97809833e-04   1.70987655e+00   1.76569634e+00
 4.67000000e+00  -8.33333333e-03   1.00000000e+00   5.58933440e-02   7.13508688e-04   1.70786285e+00   1.76091632e+00
 4.68000000e+00  -8.33333333e-03   1.00000000e+00   5.73452929e-02   7.29677389e-04   1.70588937e+00   1.75607822e+00
 4.69000000e+00  -8.33333333e-03   1.00000000e+00   5.88365646e-02   7.46288669e-04   1.70397177e+00   1.75119684e+00
 4.70000000e+00  -8.33333333e-03   1.00000000e+00   6.03644759e-02   7.63312692e-04   1.70210795e+00   1.74628139e+00
 4.71000000e+00  -8.33333333e-03   1.00000000e+00   6.19262884e-02   7.80719865e-04   1.70029890e+00   1.74133832e+00
 4.72000000e+00  -8.33333333e-03   1.00000000e+00   6.35192134e-02   7.98479204e-04   1.69855182e+00   1.73637309e+00
 4.73000000e+00  -8.33333333e-03   1.00000000e+00   6.51404163e-02   8.16559000e-04   1.69686608e+00   1.73141036e+00
 4.74000000e+00  -8.33333333e-03   1.00000000e+00   6.67870203e-02   8.34926936e-04   1.69525233e+00   1.72643263e+00
 4.75000000e+00  -8.33333333e-03   1.00000000e+00   6.84561133e-02   8.53550224e-04   1.69372686e+00   1.72146652e+00
 4.76000000e+00  -8.33333333e-03   1.00000000e+00   7.01447526e-02   8.72395955e-04   1.69227370e+00   1.71651765e+00
 4.77000000e+00  -8.33333333e-03   1.00000000e+00   7.18499695e-02   8.91430392e-04   1.69089340e+00   1.71159083e+00
 4.78000000e+00  -8.33333333e-03   1.00000000e+00   7.35687760e-02   9.10620100e-04   1.68960454e+00   1.70669371e+00
 4.79000000e+00  -8.33333333e-03   1.00000000e+00   7.52981694e-02   9.29931117e-04   1.68838764e+00   1.70184111e+00
 4.80000000e+00  -8.33333333e-03   1.00000000e+00   7.70351379e-02   9.49329980e-04   1.68727797e+00   1.69702271e+00
 4.81000000e+00  -8.33333333e-03   1.00000000e+00   7.87766664e-02   9.68782540e-04   1.68624528e+00   1.69225558e+00
 4.82000000e+00  -8.33333333e-03   1.00000000e+00   8.05197418e-02   9.88255291e-04   1.68529904e+00   1.68756059e+00
 4.83000000e+00  -8.33333333e-03   1.00000000e+00   8.22613591e-02   1.00771486e-03   1.68444885e+00   1.68293632e+00
 4.84000000e+00  -8.33333333e-03   1.00000000e+00   8.39985264e-02   1.02712733e-03   1.68369506e+00   1.67838555e+00
 4.85000000e+00  -8.33333333e-03   1.00000000e+00   8.57282709e-02   1.04645961e-03   1.68302620e+00   1.67391777e+00
 4.86000000e+00  -8.33333333e-03   1.00000000e+00   8.74476435e-02   1.06567770e-03   1.68244867e+00   1.66953910e+00
 4.87000000e+00  -8.33333333e-03   1.00000000e+00   8.91537251e-02   1.08474928e-03   1.68197350e+00   1.66525730e+00
 4.88000000e+00  -8.33333333e-03   1.00000000e+00   9.08436304e-02   1.10364167e-03   1.68158876e+00   1.66107288e+00
 4.89000000e+00  -8.33333333e-03   1.00000000e+00   9.25145139e-02   1.12232339e-03   1.68129285e+00   1.65699996e+00
 4.90000000e+00  -8.33333333e-03   1.00000000e+00   9.41635739e-02   1.14076330e-03   1.68108536e+00   1.65303591e+00
 4.91000000e+00  -8.33333333e-03   1.00000000e+00   9.57880567e-02   1.15893017e-03   1.68096842e+00   1.64920580e+00
 4.92000000e+00  -8.33333333e-03   1.00000000e+00   9.73852608e-02   1.17679371e-03   1.68092987e+00   1.64548745e+00
 4.93000000e+00  -8.33333333e-03   1.00000000e+00   9.89525425e-02   1.19432477e-03   1.68099276e+00   1.64188985e+00
 4.94000000e+00  -8.33333333e-03   1.00000000e+00   1.00487318e-01   1.21149378e-03   1.68113935e+00   1.63842957e+00
 4.95000000e+00  -8.33333333e-03   1.00000000e+00   1.01987071e-01   1.22827372e-03   1.68136716e+00   1.63510266e+00
 4.96000000e+00  -8.33333333e-03   1.00000000e+00   1.03449350e-01   1.24463748e-03   1.68167994e+00   1.63191941e+00
 4.97000000e+00  -8.33333333e-03   1.00000000e+00   1.04871779e-01   1.26055783e-03   1.68206122e+00   1.62887989e+00
 4.98000000e+00  -8.33333333e-03   1.00000000e+00   1.06252055e-01   1.27600934e-03   1.68252427e+00   1.62598571e+00
 4.99000000e+00  -8.33333333e-03   1.00000000e+00   1.07587957e-01   1.29096655e-03   1.68306950e+00   1.62324665e+00
 5.00000000e+00  -8.33333333e-03   1.00000000e+00   1.08877344e-01   1.30540536e-03   1.68367959e+00   1.62066149e+00