  Time  Coordinate0  Coordinate1  Displacement0  Displacement1  Force0  Force1
 1.00000000e-02   8.33333334e-03   1.00000000e+00   7.42455479e-04  -5.37930766e-06   4.39600935e+00  -3.75825898e+00
 2.00000000e-02   8.33333334e-03   1.00000000e+00   1.76751648e-03   5.79006920e-05   3.89585408e+00   9.12079167e+00
 3.00000000e-02   8.33333334e-03   1.00000000e+00   2.98565039e-03   1.17778485e-04   2.64721275e+00   6.97226737e+00
 4.00000000e-02   8.33333334e-03   1.00000000e+00   4.37917364e-03   1.63623561e-04   2.36503923e+00   6.10515461e+00
 5.00000000e-02   8.33333334e-03   1.00000000e+00   5.94802135e-03   1.83982300e-04   2.20422254e+00   5.60994653e+00
 6.00000000e-02   8.33333334e-03   1.00000000e+00   7.69740288e-03   1.81411480e-04   2.10240768e+00   5.28553110e+00
 7.00000000e-02   8.33333334e-03   1.00000000e+00   9.63696095e-03   1.58519053e-04   2.02952436e+00   5.05234829e+00
 8.00000000e-02   8.33333334e-03   1.00000000e+00   1.17637269e-02   1.22185767e-04   1.97516586e+00   4.87505436e+00
 9.00000000e-02   8.33333334e-03   1.00000000e+00   1.40655217e-02   8.18378390e-05   1.93486522e+00   4.73530991e+00
 1.00000000e-01   8.33333334e-03   1.00000000e+00   1.65243298e-02   4.48037675e-05   1.90514300e+00   4.62177866e+00
 1.10000000e-01   8.33333334e-03   1.00000000e+00   1.91168218e-02   1.40337837e-05   1.88388115e+00   4.52836471e+00
 1.20000000e-01   8.33333334e-03   1.00000000e+00   2.18209151e-02  -1.17810008e-05   1.86937975e+00   4.45084298e+00
 1.30000000e-01   8.33333334e-03   1.00000000e+00   2.46168122e-02  -3.53213233e-05   1.86001168e+00   4.38593380e+00
 1.40000000e-01   8.33333334e-03   1.00000000e+00   2.74884350e-02  -5.90544344e-05   1.85466997e+00   4.33112565e+00
 1.50000000e-01   8.33333334e-03   1.00000000e+00   3.04218212e-02  -8.45555745e-05   1.85252505e+00   4.28446181e+00
 1.60000000e-01   8.33333334e-03   1.00000000e+00   3.34079240e-02  -1.12625917e-04   1.85288861e+00   4.24433582e+00
 1.70000000e-01   8.33333334e-03   1.00000000e+00   3.64401744e-02  -1.43260184e-04   1.85521185e+00   4.20961064e+00
 1.80000000e-01   8.33333334e-03   1.00000000e+00   3.95136460e-02  -1.75999454e-04   1.85910508e+00   4.17924879e+00
 1.90000000e-01   8.33333334e-03   1.00000000e+00   4.26247919e-02  -2.10212417e-04   1.86428813e+00   4.15252786e+00
 2.00000000e-01   8.33333334e-03   1.00000000e+00   4.57708457e-02  -2.45245865e-04   1.87050992e+00   4.12877488e+00
 2.10000000e-01   8.33333334e-03   1.00000000e+00   4.89492502e-02  -2.80580451e-04   1.87763120e+00   4.10752498e+00
 2.20000000e-01   8.33333334e-03   1.00000000e+00   5.21576729e-02  -3.15906920e-04   1.88549263e+00   4.08838367e+00
 2.30000000e-01   8.33333334e-03   1.00000000e+00   5.53935772e-02  -3.51097733e-04   1.89402992e+00   4.07103977e+00
 2.40000000e-01   8.33333334e-03   1.00000000e+00   5.86543921e-02  -3.86211158e-04   1.90314690e+00   4.05521922e+00
 2.50000000e-01   8.33333334e-03   1.00000000e+00   6.19367904e-02  -4.21369732e-04   1.91281347e+00   4.04077842e+00
 2.60000000e-01   8.33333334e-03   1.00000000e+00   6.52371179e-02  -4.56722943e-04   1.92297739e+00   4.02755906e+00
 2.70000000e-01   8.33333334e-03   1.00000000e+00   6.85513798e-02  -4.92402891e-04   1.93360129e+00   4.01541811e+00
 2.80000000e-01   8.33333334e-03   1.00000000e+00   7.18753932e-02  -5.28503169e-04   1.94464202e+00   4.00426108e+00
 2.90000000e-01   8.33333334e-03   1.00000000e+00   7.52047117e-02  -5.65060709e-04   1.95608214e+00   3.99402603e+00
 3.00000000e-01   8.33333334e-03   1.00000000e+00   7.85346231e-02  -6.02061286e-04   1.96789963e+00   3.98468801e+00
 3.10000000e-01   8.33333334e-03   1.00000000e+00   8.18603517e-02  -6.39453997e-04   1.98003909e+00   3.97615086e+00
 3.20000000e-01   8.33333334e-03   1.00000000e+00   8.51777904e-02  -6.77234765e-04   1.99248154e+00   3.96838202e+00
 3.30000000e-01   8.33333334e-03   1.00000000e+00   8.84819986e-02  -7.15270272e-04   2.00520857e+00   3.96139978e+00
 3.40000000e-01   8.33333334e-03   1.00000000e+00   9.17682194e-02  -7.53464062e-04   2.01818776e+00   3.95513924e+00
 3.50000000e-01   8.33333334e-03   1.00000000e+00   9.50318313e-02  -7.91727450e-04   2.03137629e+00   3.94957642e+00
 3.60000000e-01   8.33333334e-03   1.00000000e+00   9.82683649e-02  -8.29978459e-04   2.04476590e+00   3.94468465e+00
 3.70000000e-01   8.33333334e-03   1.00000000e+00   1.01473537e-01  -8.68149954e-04   2.05831393e+00   3.94043962e+00
 3.80000000e-01   8.33333334e-03   1.00000000e+00   1.04643251e-01  -9.06183570e-04   2.07199798e+00   3.93681422e+00
 3.90000000e-01   8.33333334e-03   1.00000000e+00   1.07773600e-01  -9.44027660e-04   2.08577924e+00   3.93377602e+00
 4.00000000e-01   8.33333334e-03   1.00000000e+00   1.10860883e-01  -9.81628149e-04   2.09963972e+00   3.93133638e+00
 4.10000000e-01   8.33333334e-03   1.00000000e+00   1.13901605e-01  -1.01893176e-03   2.11355701e+00   3.92940246e+00
 4.20000000e-01   8.33333334e-03   1.00000000e+00   1.16892455e-01  -1.05588946e-03   2.12749645e+00   3.92795855e+00
 4.30000000e-01   8.33333334e-03   1.00000000e+00   1.19830306e-01  -1.09245471e-03   2.14143920e+00   3.92699163e+00
 4.40000000e-01   8.33333334e-03   1.00000000e+00   1.22712217e-01  -1.12858094e-03   2.15540364e+00   3.92643034e+00
 4.50000000e-01   8.33333334e-03   1.00000000e+00   1.25535416e-01  -1.16422495e-03   2.16929802e+00   3.92633545e+00
 4.60000000e-01   8.33333334e-03   1.00000000e+00   1.28297294e-01  -1.19934333e-03   2.18312404e+00   3.92660551e+00
 4.70000000e-01   8.33333334e-03   1.00000000e+00   1.30995397e-01  -1.23389673e-03   2.19685608e+00   3.92723477e+00
 4.80000000e-01   8.33333334e-03   1.00000000e+00   1.33627418e-01  -1.26784974e-03   2.21049691e+00   3.92818298e+00
 4.90000000e-01   8.33333334e-03   1.00000000e+00   1.36191178e-01  -1.30117374e-03   2.22399375e+00   3.92941649e+00
 5.00000000e-01   8.33333334e-03   1.00000000e+00   1.38684648e-01  -1.33383283e-03   2.23737491e+00   3.93099946e+00
 5.10000000e-01   8.33333334e-03   1.00000000e+00   1.41105918e-01  -1.36580094e-03   2.25059238e+00   3.93278462e+00
 5.20000000e-01   8.33333334e-03   1.00000000e+00   1.43453210e-01  -1.39705395e-03   2.26363217e+00   3.93480574e+00
 5.30000000e-01   8.33333334e-03   1.00000000e+00   1.45724866e-01  -1.42756745e-03   2.27648200e+00   3.93701555e+00
 5.40000000e-01   8.33333334e-03   1.00000000e+00   1.47919350e-01  -1.45732049e-03   2.28912536e+00   3.93940271e+00
 5.50000000e-01   8.33333334e-03   1.00000000e+00   1.50035253e-01  -1.48629321e-03   2.30154272e+00   3.94196852e+00
 5.60000000e-01   8.33333334e-03   1.00000000e+00   1.52071368e-01  -1.51446902e-03   2.31373115e+00   3.94466602e+00
 5.70000000e-01   8.33333334e-03   1.00000000e+00   1.54026440e-01  -1.54181904e-03   2.32565848e+00   3.94749602e+00
 5.80000000e-01   8.33333334e-03   1.00000000e+00   1.55899395e-01  -1.56832203e-03   2.33732246e+00   3.95041647e+00
 5.90000000e-01   8.33333334e-03   1.00000000e+00   1.57689301e-01  -1.59395765e-03   2.34870611e+00   3.95343422e+00
 6.00000000e-01   8.33333334e-03   1.00000000e+00   1.59395375e-01  -1.61870855e-03   2.35979188e+00   3.95652922e+00
 6.10000000e-01   8.33333334e-03   1.00000000e+00   1.61016965e-01  -1.64255782e-03   2.37055398e+00   3.95966998e+00
 6.20000000e-01   8.33333334e-03   1.00000000e+00   1.62553538e-01  -1.66549440e-03   2.38098580e+00   3.96284220e+00
 6.30000000e-01   8.33333334e-03   1.00000000e+00   1.64004683e-01  -1.68750409e-03   2.39108603e+00   3.96603213e+00
 6.40000000e-01   8.33333334e-03   1.00000000e+00   1.65370116e-01  -1.70857886e-03   2.40084094e+00   3.96924912e+00
 6.50000000e-01   8.33333334e-03   1.00000000e+00   1.66649670e-01  -1.72870339e-03   2.41024673e+00   3.97246480e+00
 6.60000000e-01   8.33333334e-03   1.00000000e+00   1.67843294e-01  -1.74786960e-03   2.41927765e+00   3.97567505e+00
 6.70000000e-01   8.33333334e-03   1.00000000e+00   1.68951049e-01  -1.76606923e-03   2.42793095e+00   3.97885138e+00
 6.80000000e-01   8.33333334e-03   1.00000000e+00   1.69973158e-01  -1.78329937e-03   2.43619353e+00   3.98199120e+00
 6.90000000e-01   8.33333334e-03   1.00000000e+00   1.70909861e-01  -1.79955786e-03   2.44407550e+00   3.98508783e+00
 7.00000000e-01   8.33333334e-03   1.00000000e+00   1.71762752e-01  -1.81490326e-03   2.45154323e+00   3.98811319e+00
 7.10000000e-01   8.33333334e-03   1.00000000e+00   1.72531958e-01  -1.82927805e-03   2.45863626e+00   3.99111635e+00
 7.20000000e-01   8.33333334e-03   1.00000000e+00   1.73217784e-01  -1.84267811e-03   2.46532420e+00   3.99404329e+00
 7.30000000e-01   8.33333334e-03   1.00000000e+00   1.73821303e-01  -1.85515173e-03   2.47161004e+00   3.99689088e+00
 7.40000000e-01   8.33333334e-03   1.00000000e+00   1.74342890e-01  -1.86665550e-03   2.47749114e+00   3.99968243e+00
 7.50000000e-01   8.33333334e-03   1.00000000e+00   1.74783206e-01  -1.87718479e-03   2.48296789e+00   4.00238085e+00
 7.60000000e-01   8.33333334e-03   1.00000000e+00   1.75143149e-01  -1.88674700e-03   2.48801991e+00   4.00498986e+00
 7.70000000e-01   8.33333334e-03   1.00000000e+00   1.75424168e-01  -1.89536260e-03   2.49985147e+00   4.01624755e+00
 7.80000000e-01   8.33333334e-03   1.00000000e+00   1.75626497e-01  -1.90298349e-03   2.48598984e+00   4.00089761e+00
 7.90000000e-01   8.33333334e-03   1.00000000e+00   1.75752116e-01  -1.90968110e-03   2.50008786e+00   4.01203551e+00
 8.00000000e-01   8.33333334e-03   1.00000000e+00   1.75799063e-01  -1.91525728e-03   2.50463484e+00   4.01397695e+00
 8.10000000e-01   8.33333334e-03   1.00000000e+00   1.75770974e-01  -1.91992444e-03   2.50702674e+00   4.01630142e+00
 8.20000000e-01   8.33333334e-03   1.00000000e+00   1.75671754e-01  -1.92374459e-03   2.50934522e+00   4.01818274e+00
 8.30000000e-01   8.33333334e-03   1.00000000e+00   1.75503657e-01  -1.92671470e-03   2.51130476e+00   4.01993782e+00
 8.40000000e-01   8.33333334e-03   1.00000000e+00   1.75267220e-01  -1.92881298e-03   2.51293549e+00   4.02160196e+00
 8.50000000e-01   8.33333334e-03   1.00000000e+00   1.74964347e-01  -1.93001727e-03   2.51417184e+00   4.02314494e+00
 8.60000000e-01   8.33333334e-03   1.00000000e+00   1.74596783e-01  -1.93011462e-03   2.51504161e+00   4.02455458e+00
 8.70000000e-01   8.33333334e-03   1.00000000e+00   1.74165368e-01  -1.92920549e-03   2.51557782e+00   4.02590964e+00
 8.80000000e-01   8.33333334e-03   1.00000000e+00   1.73670730e-01  -1.92762321e-03   2.51577388e+00   4.02718908e+00
 8.90000000e-01   8.33333334e-03   1.00000000e+00   1.73112596e-01  -1.92532289e-03   2.51561998e+00   4.02839180e+00
 9.00000000e-01   8.33333334e-03   1.00000000e+00   1.72493361e-01  -1.92238491e-03   2.51505054e+00   4.02941757e+00
 9.10000000e-01   8.33333334e-03   1.00000000e+00   1.71814827e-01  -1.91877949e-03   2.51410969e+00   4.03033375e+00
 9.20000000e-01   8.33333334e-03   1.00000000e+00   1.71079254e-01  -1.91447751e-03   2.51279142e+00   4.03110299e+00
 9.30000000e-01   8.33333334e-03   1.00000000e+00   1.70288768e-01  -1.90942285e-03   2.51109246e+00   4.03173444e+00
 9.40000000e-01   8.33333334e-03   1.00000000e+00   1.69445656e-01  -1.90359345e-03   2.50903628e+00   4.03221207e+00
 9.50000000e-01   8.33333334e-03   1.00000000e+00   1.68552521e-01  -1.89700911e-03   2.50661500e+00   4.03252483e+00
 9.60000000e-01   8.33333334e-03   1.00000000e+00   1.67611656e-01  -1.88968060e-03   2.50386535e+00   4.03271373e+00
 9.70000000e-01   8.33333334e-03   1.00000000e+00   1.66625349e-01  -1.88164747e-03   2.50079054e+00   4.03276438e+00
 9.80000000e-01   8.33333334e-03   1.00000000e+00   1.65595824e-01  -1.87295409e-03   2.49741091e+00   4.03266298e+00
 9.90000000e-01   8.33333334e-03   1.00000000e+00   1.64525251e-01  -1.86364677e-03   2.49373169e+00   4.03242177e+00
 1.00000000e+00   8.33333334e-03   1.00000000e+00   1.63415762e-01  -1.85376690e-03   2.48978056e+00   4.03204546e+00
 1.01000000e+00   8.33333334e-03   1.00000000e+00   1.62269904e-01  -1.84337267e-03   2.48554932e+00   4.03153864e+00
 1.02000000e+00   8.33333334e-03   1.00000000e+00   1.61089748e-01  -1.83247001e-03   2.48105808e+00   4.03089713e+00
 1.03000000e+00   8.33333334e-03   1.00000000e+00   1.59877415e-01  -1.82108273e-03   2.47632384e+00   4.03011663e+00
 1.04000000e+00   8.33333334e-03   1.00000000e+00   1.58634998e-01  -1.80922879e-03   2.47135553e+00   4.02920725e+00
 1.05000000e+00   8.33333334e-03   1.00000000e+00   1.57364485e-01  -1.79692583e-03   2.46616974e+00   4.02818243e+00
 1.06000000e+00   8.33333334e-03   1.00000000e+00   1.56068021e-01  -1.78419519e-03   2.46076567e+00   4.02702523e+00
 1.07000000e+00   8.33333334e-03   1.00000000e+00   1.54747730e-01  -1.77105684e-03   2.45515780e+00   4.02574213e+00
 1.08000000e+00   8.33333334e-03   1.00000000e+00   1.53405723e-01  -1.75753266e-03   2.44935499e+00   4.02434007e+00
 1.09000000e+00   8.33333334e-03   1.00000000e+00   1.52044098e-01  -1.74364263e-03   2.44337262e+00   4.02280675e+00
 1.10000000e+00   8.33333334e-03   1.00000000e+00   1.50664879e-01  -1.72940198e-03   2.43721714e+00   4.02117470e+00
 1.11000000e+00   8.33333334e-03   1.00000000e+00   1.49270076e-01  -1.71484126e-03   2.43090242e+00   4.01942705e+00
 1.12000000e+00   8.33333334e-03   1.00000000e+00   1.47861799e-01  -1.69998933e-03   2.42443778e+00   4.01756413e+00
 1.13000000e+00   8.33333334e-03   1.00000000e+00   1.46442155e-01  -1.68486873e-03   2.41783143e+00   4.01559719e+00
 1.14000000e+00   8.33333334e-03   1.00000000e+00   1.45013195e-01  -1.66950202e-03   2.41109290e+00   4.01350845e+00
 1.15000000e+00   8.33333334e-03   1.00000000e+00   1.43576959e-01  -1.65391489e-03   2.40423361e+00   4.01132337e+00
 1.16000000e+00   8.33333334e-03   1.00000000e+00   1.42135513e-01  -1.63812996e-03   2.39729478e+00   4.00906628e+00
 1.17000000e+00   8.33333334e-03   1.00000000e+00   1.40690878e-01  -1.62217266e-03   2.39023131e+00   4.00666536e+00
 1.18000000e+00   8.33333334e-03   1.00000000e+00   1.39245029e-01  -1.60606607e-03   2.38309172e+00   4.00418497e+00
 1.19000000e+00   8.33333334e-03   1.00000000e+00   1.37799835e-01  -1.58983355e-03   2.37588015e+00   4.00161914e+00
 1.20000000e+00   8.33333334e-03   1.00000000e+00   1.36357238e-01  -1.57349847e-03   2.36860987e+00   3.99896332e+00
 1.21000000e+00   8.33333334e-03   1.00000000e+00   1.34918861e-01  -1.55706220e-03   2.36129840e+00   3.99623511e+00
 1.22000000e+00   8.33333334e-03   1.00000000e+00   1.33486543e-01  -1.54056721e-03   2.35394542e+00   3.99342364e+00
 1.23000000e+00   8.33333334e-03   1.00000000e+00   1.32062056e-01  -1.52403953e-03   2.34656256e+00   3.99054316e+00
 1.24000000e+00   8.33333334e-03   1.00000000e+00   1.30647139e-01  -1.50750982e-03   2.33916493e+00   3.98759793e+00
 1.25000000e+00   8.33333334e-03   1.00000000e+00   1.29243486e-01  -1.49100057e-03   2.33176554e+00   3.98458750e+00
 1.26000000e+00   8.33333334e-03   1.00000000e+00   1.27852746e-01  -1.47452904e-03   2.32436684e+00   3.98151867e+00
 1.27000000e+00   8.33333334e-03   1.00000000e+00   1.26476509e-01  -1.45811830e-03   2.31698669e+00   3.97840014e+00
 1.28000000e+00   8.33333334e-03   1.00000000e+00   1.25116321e-01  -1.44178218e-03   2.30959066e+00   3.97524562e+00
 1.29000000e+00   8.33333334e-03   1.00000000e+00   1.23773661e-01  -1.42554369e-03   2.30226023e+00   3.97199967e+00
 1.30000000e+00   8.33333334e-03   1.00000000e+00   1.22449953e-01  -1.40942144e-03   2.29498934e+00   3.96874918e+00
 1.31000000e+00   8.33333334e-03   1.00000000e+00   1.21146560e-01  -1.39343633e-03   2.28777362e+00   3.96546644e+00
 1.32000000e+00   8.33333334e-03   1.00000000e+00   1.19864789e-01  -1.37760602e-03   2.28060776e+00   3.96216009e+00
 1.33000000e+00   8.33333334e-03   1.00000000e+00   1.18605884e-01  -1.36195059e-03   2.27352143e+00   3.95882642e+00
 1.34000000e+00   8.33333334e-03   1.00000000e+00   1.17371029e-01  -1.34648935e-03   2.26650800e+00   3.95548014e+00
 1.35000000e+00   8.33333334e-03   1.00000000e+00   1.16161354e-01  -1.33123512e-03   2.25958000e+00   3.95211917e+00
 1.36000000e+00   8.33333334e-03   1.00000000e+00   1.14977932e-01  -1.31620422e-03   2.25274346e+00   3.94874495e+00
 1.37000000e+00   8.33333334e-03   1.00000000e+00   1.13821780e-01  -1.30141145e-03   2.24600390e+00   3.94536761e+00
 1.38000000e+00   8.33333334e-03   1.00000000e+00   1.12693857e-01  -1.28687041e-03   2.23937276e+00   3.94199223e+00
 1.39000000e+00   8.33333334e-03   1.00000000e+00   1.11595069e-01  -1.27259712e-03   2.23284745e+00   3.93861978e+00
 1.40000000e+00   8.33333334e-03   1.00000000e+00   1.10526274e-01  -1.25860163e-03   2.22644456e+00   3.93525290e+00
 1.41000000e+00   8.33333334e-03   1.00000000e+00   1.09488267e-01  -1.24489994e-03   2.22016369e+00   3.93189833e+00
 1.42000000e+00   8.33333334e-03   1.00000000e+00   1.08481799e-01  -1.23150130e-03   2.21400743e+00   3.92856659e+00
 1.43000000e+00   8.33333334e-03   1.00000000e+00   1.07507561e-01  -1.21841641e-03   2.20798733e+00   3.92524826e+00
 1.44000000e+00   8.33333334e-03   1.00000000e+00   1.06566194e-01  -1.20565727e-03   2.20210359e+00   3.92195875e+00
 1.45000000e+00   8.33333334e-03   1.00000000e+00   1.05658289e-01  -1.19323197e-03   2.19635712e+00   3.91870251e+00
 1.46000000e+00   8.33333334e-03   1.00000000e+00   1.04784344e-01  -1.18114957e-03   2.19075282e+00   3.91545293e+00
 1.47000000e+00   8.33333334e-03   1.00000000e+00   1.03944880e-01  -1.16942086e-03   2.18530278e+00   3.91226205e+00
 1.48000000e+00   8.33333334e-03   1.00000000e+00   1.03140345e-01  -1.15805335e-03   2.18000009e+00   3.90911036e+00
 1.49000000e+00   8.33333334e-03   1.00000000e+00   1.02371114e-01  -1.14705808e-03   2.17485566e+00   3.90600383e+00
 1.50000000e+00   8.33333334e-03   1.00000000e+00   1.01637514e-01  -1.13643691e-03   2.16987196e+00   3.90294817e+00
 1.51000000e+00   8.33333334e-03   1.00000000e+00   1.00939805e-01  -1.12620079e-03   2.16505173e+00   3.89993934e+00
 1.52000000e+00   8.33333334e-03   1.00000000e+00   1.00278201e-01  -1.11635441e-03   2.16039517e+00   3.89698758e+00
 1.53000000e+00   8.33333334e-03   1.00000000e+00   9.96528613e-02  -1.10690442e-03   2.15590302e+00   3.89409071e+00
 1.54000000e+00   8.33333334e-03   1.00000000e+00   9.90639014e-02  -1.09785503e-03   2.15158234e+00   3.89126063e+00
 1.55000000e+00   8.33333334e-03   1.00000000e+00   9.85113851e-02  -1.08920821e-03   2.14743433e+00   3.88848771e+00
 1.56000000e+00   8.33333334e-03   1.00000000e+00   9.79953206e-02  -1.08097060e-03   2.14345514e+00   3.88578480e+00
 1.57000000e+00   8.33333334e-03   1.00000000e+00   9.75156781e-02  -1.07314242e-03   2.13965468e+00   3.88315663e+00
 1.58000000e+00   8.33333334e-03   1.00000000e+00   9.70723580e-02  -1.06572539e-03   2.13602162e+00   3.88059057e+00
 1.59000000e+00   8.33333334e-03   1.00000000e+00   9.66652592e-02  -1.05872116e-03   2.13256982e+00   3.87810199e+00
 1.60000000e+00   8.33333334e-03   1.00000000e+00   9.62940996e-02  -1.05212247e-03   2.12928972e+00   3.87569010e+00
 1.61000000e+00   8.33333334e-03   1.00000000e+00   9.59583086e-02  -1.04592236e-03   2.12619533e+00   3.87336020e+00
 1.62000000e+00   8.33333334e-03   1.00000000e+00   9.56577772e-02  -1.04013576e-03   2.12326772e+00   3.87110372e+00
 1.63000000e+00   8.33333334e-03   1.00000000e+00   9.53923126e-02  -1.03476127e-03   2.12051453e+00   3.86892853e+00
 1.64000000e+00   8.33333334e-03   1.00000000e+00   9.51614655e-02  -1.02978250e-03   2.11793660e+00   3.86684167e+00
 1.65000000e+00   8.33333334e-03   1.00000000e+00   9.49650568e-02  -1.02522153e-03   2.11026951e+00   3.85954989e+00
 1.66000000e+00   8.33333334e-03   1.00000000e+00   9.48031988e-02  -1.02109633e-03   2.12006087e+00   3.86527003e+00
 1.67000000e+00   8.33333334e-03   1.00000000e+00   9.46745430e-02  -1.01731517e-03   2.11208459e+00   3.86432239e+00
 1.68000000e+00   8.33333334e-03   1.00000000e+00   9.45788186e-02  -1.01392954e-03   2.10684626e+00   3.85710916e+00
 1.69000000e+00   8.33333334e-03   1.00000000e+00   9.45155192e-02  -1.01098527e-03   2.10975460e+00   3.85886151e+00
 1.70000000e+00   8.33333334e-03   1.00000000e+00   9.44845489e-02  -1.00845471e-03   2.10831926e+00   3.85821348e+00
 1.71000000e+00   8.33333334e-03   1.00000000e+00   9.44863620e-02  -1.00639043e-03   2.10644312e+00   3.85680488e+00
 1.72000000e+00   8.33333334e-03   1.00000000e+00   9.45188086e-02  -1.00467793e-03   2.10498502e+00   3.85530071e+00
 1.73000000e+00   8.33333334e-03   1.00000000e+00   9.45810530e-02  -1.00331726e-03   2.10377597e+00   3.85395616e+00
 1.74000000e+00   8.33333334e-03   1.00000000e+00   9.46722691e-02  -1.00233950e-03   2.10274894e+00   3.85266775e+00
 1.75000000e+00   8.33333334e-03   1.00000000e+00   9.47914797e-02  -1.00174603e-03   2.10190035e+00   3.85146467e+00
 1.76000000e+00   8.33333334e-03   1.00000000e+00   9.49378961e-02  -1.00174432e-03   2.10122020e+00   3.85035411e+00
 1.77000000e+00   8.33333334e-03   1.00000000e+00   9.51108903e-02  -1.00231773e-03   2.10068500e+00   3.84933921e+00
 1.78000000e+00   8.33333334e-03   1.00000000e+00   9.53100481e-02  -1.00332080e-03   2.10028580e+00   3.84838538e+00
 1.79000000e+00   8.33333334e-03   1.00000000e+00   9.55351232e-02  -1.00420927e-03   2.10001826e+00   3.84749001e+00
 1.80000000e+00   8.33333334e-03   1.00000000e+00   9.57864595e-02  -1.00513535e-03   2.09989952e+00   3.84664107e+00
 1.81000000e+00   8.33333334e-03   1.00000000e+00   9.60632815e-02  -1.00621640e-03   2.09991342e+00   3.84588351e+00
 1.82000000e+00   8.33333334e-03   1.00000000e+00   9.63645474e-02  -1.00758984e-03   2.10007628e+00   3.84521506e+00
 1.83000000e+00   8.33333334e-03   1.00000000e+00   9.66893967e-02  -1.00935314e-03   2.10039710e+00   3.84464288e+00
 1.84000000e+00   8.33333334e-03   1.00000000e+00   9.70368765e-02  -1.01154853e-03   2.10086524e+00   3.84414861e+00
 1.85000000e+00   8.33333334e-03   1.00000000e+00   9.74059943e-02  -1.01417211e-03   2.10147454e+00   3.84374370e+00
 1.86000000e+00   8.33333334e-03   1.00000000e+00   9.77956104e-02  -1.01718190e-03   2.10223130e+00   3.84342169e+00
 1.87000000e+00   8.33333334e-03   1.00000000e+00   9.82047197e-02  -1.02053632e-03   2.10312735e+00   3.84318990e+00
 1.88000000e+00   8.33333334e-03   1.00000000e+00   9.86323224e-02  -1.02418694e-03   2.10416021e+00   3.84303275e+00
 1.89000000e+00   8.33333334e-03   1.00000000e+00   9.90774526e-02  -1.02809365e-03   2.10531830e+00   3.84296126e+00
 1.90000000e+00   8.33333334e-03   1.00000000e+00   9.95391742e-02  -1.03222757e-03   2.10659756e+00   3.84296875e+00
 1.91000000e+00   8.33333334e-03   1.00000000e+00   1.00014683e-01  -1.03658663e-03   2.09109157e+00   3.82878900e+00
 1.92000000e+00   8.33333334e-03   1.00000000e+00   1.00505743e-01  -1.04129824e-03   2.11041700e+00   3.82620505e+00
 1.93000000e+00   8.33333334e-03   1.00000000e+00   1.01010650e-01  -1.04614134e-03   2.11589700e+00   3.84413036e+00
 1.94000000e+00   8.33333334e-03   1.00000000e+00   1.01528405e-01  -1.05112750e-03   2.11534636e+00   3.84424619e+00
 1.95000000e+00   8.33333334e-03   1.00000000e+00   1.02058133e-01  -1.05624888e-03   2.11694252e+00   3.84459661e+00
 1.96000000e+00   8.33333334e-03   1.00000000e+00   1.02598931e-01  -1.06151240e-03   2.11876462e+00   3.84511394e+00
 1.97000000e+00   8.33333334e-03   1.00000000e+00   1.03149913e-01  -1.06693050e-03   2.12075848e+00   3.84567172e+00
 1.98000000e+00   8.33333334e-03   1.00000000e+00   1.03710214e-01  -1.07251254e-03   2.12287020e+00   3.84628165e+00
 1.99000000e+00   8.33333334e-03   1.00000000e+00   1.04278971e-01  -1.07826018e-03   2.12507129e+00   3.84695046e+00
 2.00000000e+00   8.33333334e-03   1.00000000e+00   1.04855343e-01  -1.08417095e-03   2.12736862e+00   3.84766666e+00
 2.01000000e+00   8.33333334e-03   1.00000000e+00   1.05438493e-01  -1.09023230e-03   2.12973039e+00   3.84844149e+00
 2.02000000e+00   8.33333334e-03   1.00000000e+00   1.06027536e-01  -1.09642943e-03   2.13217579e+00   3.84927075e+00
 2.03000000e+00   8.33333334e-03   1.00000000e+00   1.06621585e-01  -1.10274922e-03   2.13468471e+00   3.85015024e+00
 2.04000000e+00   8.33333334e-03   1.00000000e+00   1.07219776e-01  -1.10917728e-03   2.13725481e+00   3.85108060e+00
 2.05000000e+00   8.33333334e-03   1.00000000e+00   1.07821225e-01  -1.11569887e-03   2.13988216e+00   3.85205331e+00
 2.06000000e+00   8.33333334e-03   1.00000000e+00   1.08425083e-01  -1.12230259e-03   2.14256653e+00   3.85307316e+00
 2.07000000e+00   8.33333334e-03   1.00000000e+00   1.09030484e-01  -1.12897772e-03   2.14529323e+00   3.85413567e+00
 2.08000000e+00   8.33333334e-03   1.00000000e+00   1.09636589e-01  -1.13571617e-03   2.14807333e+00   3.85523871e+00
 2.09000000e+00   8.33333334e-03   1.00000000e+00   1.10242602e-01  -1.14251033e-03   2.15088149e+00   3.85637952e+00
 2.10000000e+00   8.33333334e-03   1.00000000e+00   1.10847700e-01  -1.14934931e-03   2.15373356e+00   3.85755481e+00
 2.11000000e+00   8.33333334e-03   1.00000000e+00   1.11451198e-01  -1.15623316e-03   2.15661060e+00   3.85875922e+00
 2.12000000e+00   8.33333334e-03   1.00000000e+00   1.12052317e-01  -1.16314369e-03   2.15951151e+00   3.85999634e+00
 2.13000000e+00   8.33333334e-03   1.00000000e+00   1.12650301e-01  -1.17006821e-03   2.16243683e+00   3.86125689e+00
 2.14000000e+00   8.33333334e-03   1.00000000e+00   1.13244421e-01  -1.17699691e-03   2.16537826e+00   3.86254579e+00
 2.15000000e+00   8.33333334e-03   1.00000000e+00   1.13833959e-01  -1.18391994e-03   2.16833998e+00   3.86387210e+00
 2.16000000e+00   8.33333334e-03   1.00000000e+00   1.14418225e-01  -1.19082850e-03   2.17129709e+00   3.86519767e+00
 2.17000000e+00   8.33333334e-03   1.00000000e+00   1.14996545e-01  -1.19771476e-03   2.17426102e+00   3.86653465e+00
 2.18000000e+00   8.33333334e-03   1.00000000e+00   1.15568270e-01  -1.20456957e-03   2.17723538e+00   3.86789899e+00
 2.19000000e+00   8.33333334e-03   1.00000000e+00   1.16132777e-01  -1.21138534e-03   2.18019796e+00   3.86927216e+00
 2.20000000e+00   8.33333334e-03   1.00000000e+00   1.16689464e-01  -1.21815371e-03   2.18315690e+00   3.87066052e+00
 2.21000000e+00   8.33333334e-03   1.00000000e+00   1.17237750e-01  -1.22486547e-03   2.18610641e+00   3.87205484e+00
 2.22000000e+00   8.33333334e-03   1.00000000e+00   1.17777084e-01  -1.23151248e-03   2.18903436e+00   3.87345776e+00
 2.23000000e+00   8.33333334e-03   1.00000000e+00   1.18306942e-01  -1.23808726e-03   2.19194607e+00   3.87486739e+00
 2.24000000e+00   8.33333334e-03   1.00000000e+00   1.18826826e-01  -1.24458420e-03   2.19483841e+00   3.87628000e+00
 2.25000000e+00   8.33333334e-03   1.00000000e+00   1.19336258e-01  -1.25099591e-03   2.19770291e+00   3.87769135e+00
 2.26000000e+00   8.33333334e-03   1.00000000e+00   1.19834782e-01  -1.25731556e-03   2.20054063e+00   3.87910353e+00
 2.27000000e+00   8.33333334e-03   1.00000000e+00   1.20321971e-01  -1.26353673e-03   2.20334111e+00   3.88051448e+00
 2.28000000e+00   8.33333334e-03   1.00000000e+00   1.20797413e-01  -1.26965238e-03   2.20610796e+00   3.88192299e+00
 2.29000000e+00   8.33333334e-03   1.00000000e+00   1.21260723e-01  -1.27565686e-03   2.20883783e+00   3.88332650e+00
 2.30000000e+00   8.33333334e-03   1.00000000e+00   1.21711540e-01  -1.28154497e-03   2.21152694e+00   3.88471994e+00
 2.31000000e+00   8.33333334e-03   1.00000000e+00   1.22149528e-01  -1.28731249e-03   2.21417313e+00   3.88610557e+00
 2.32000000e+00   8.33333334e-03   1.00000000e+00   1.22574363e-01  -1.29295389e-03   2.21677349e+00   3.88748149e+00
 2.33000000e+00   8.33333334e-03   1.00000000e+00   1.22985750e-01  -1.29846396e-03   2.21931985e+00   3.88884380e+00
 2.34000000e+00   8.33333334e-03   1.00000000e+00   1.23383421e-01  -1.30383937e-03   2.22181868e+00   3.89019241e+00
 2.35000000e+00   8.33333334e-03   1.00000000e+00   1.23767120e-01  -1.30907534e-03   2.22427387e+00   3.89154515e+00
 2.36000000e+00   8.33333334e-03   1.00000000e+00   1.24136628e-01  -1.31416824e-03   2.22666501e+00   3.89286870e+00
 2.37000000e+00   8.33333334e-03   1.00000000e+00   1.24491744e-01  -1.31911502e-03   2.22899797e+00   3.89417375e+00
 2.38000000e+00   8.33333334e-03   1.00000000e+00   1.24832271e-01  -1.32391087e-03   2.23127693e+00   3.89545866e+00
 2.39000000e+00   8.33333334e-03   1.00000000e+00   1.25158040e-01  -1.32855252e-03   2.23353060e+00   3.89670773e+00
 2.40000000e+00   8.33333334e-03   1.00000000e+00   1.25468914e-01  -1.33303698e-03   2.23568799e+00   3.89796376e+00
 2.41000000e+00   8.33333334e-03   1.00000000e+00   1.25764775e-01  -1.33736141e-03   2.23777313e+00   3.89919192e+00
 2.42000000e+00   8.33333334e-03   1.00000000e+00   1.26045527e-01  -1.34152317e-03   2.23979158e+00   3.90039177e+00
 2.43000000e+00   8.33333334e-03   1.00000000e+00   1.26311103e-01  -1.34551991e-03   2.24174158e+00   3.90156945e+00
 2.44000000e+00   8.33333334e-03   1.00000000e+00   1.26561452e-01  -1.34934997e-03   2.24362139e+00   3.90271796e+00
 2.45000000e+00   8.33333334e-03   1.00000000e+00   1.26796541e-01  -1.35301138e-03   2.24543533e+00   3.90384169e+00
 2.46000000e+00   8.33333334e-03   1.00000000e+00   1.27016358e-01  -1.35650251e-03   2.24716258e+00   3.90492310e+00
 2.47000000e+00   8.33333334e-03   1.00000000e+00   1.27220916e-01  -1.35982221e-03   2.24883010e+00   3.90598483e+00
 2.48000000e+00   8.33333334e-03   1.00000000e+00   1.27410248e-01  -1.36297034e-03   2.25042116e+00   3.90702129e+00
 2.49000000e+00   8.33333334e-03   1.00000000e+00   1.27584371e-01  -1.36593921e-03   2.25750839e+00   3.91337694e+00
 2.50000000e+00   8.33333334e-03   1.00000000e+00   1.27742947e-01  -1.36868969e-03   2.24666152e+00   3.90717461e+00
 2.51000000e+00   8.33333334e-03   1.00000000e+00   1.27886918e-01  -1.37134802e-03   2.25367058e+00   3.90582507e+00
 2.52000000e+00   8.33333334e-03   1.00000000e+00   1.28016123e-01  -1.37385508e-03   2.26072643e+00   3.91475248e+00
 2.53000000e+00   8.33333334e-03   1.00000000e+00   1.28129221e-01  -1.37610737e-03   2.25248519e+00   3.91011389e+00
 2.54000000e+00   8.33333334e-03   1.00000000e+00   1.28226984e-01  -1.37819301e-03   2.25771840e+00   3.90998948e+00
 2.55000000e+00   8.33333334e-03   1.00000000e+00   1.28308985e-01  -1.38008508e-03   2.26236395e+00   3.91578803e+00
 2.56000000e+00   8.33333334e-03   1.00000000e+00   1.28375704e-01  -1.38172927e-03   2.25934645e+00   3.91487207e+00
 2.57000000e+00   8.33333334e-03   1.00000000e+00   1.28425391e-01  -1.38311776e-03   2.25983727e+00   3.91400808e+00
 2.58000000e+00   8.33333334e-03   1.00000000e+00   1.28459290e-01  -1.38424037e-03   2.26108783e+00   3.91467338e+00
 2.59000000e+00   8.33333334e-03   1.00000000e+00   1.28477321e-01  -1.38520149e-03   2.26191850e+00   3.91541318e+00
 2.60000000e+00   8.33333334e-03   1.00000000e+00   1.28481524e-01  -1.38593621e-03   2.26263337e+00   3.91610242e+00
 2.61000000e+00   8.33333334e-03   1.00000000e+00   1.28473152e-01  -1.38643840e-03   2.26317954e+00   3.91670645e+00
 2.62000000e+00   8.33333334e-03   1.00000000e+00   1.28454517e-01  -1.38681477e-03   2.26359356e+00   3.91721311e+00
 2.63000000e+00   8.33333334e-03   1.00000000e+00   1.28427515e-01  -1.38716421e-03   2.26388705e+00   3.91761146e+00
 2.64000000e+00   8.33333334e-03   1.00000000e+00   1.28392035e-01  -1.38746547e-03   2.26410982e+00   3.91795746e+00
 2.65000000e+00   8.33333334e-03   1.00000000e+00   1.28348835e-01  -1.38771873e-03   2.26432309e+00   3.91829339e+00
 2.66000000e+00   8.33333334e-03   1.00000000e+00   1.28297900e-01  -1.38792887e-03   2.26449785e+00   3.91860641e+00
 2.67000000e+00   8.33333334e-03   1.00000000e+00   1.28239336e-01  -1.38807989e-03   2.26464385e+00   3.91888283e+00
 2.68000000e+00   8.33333334e-03   1.00000000e+00   1.28172945e-01  -1.38813979e-03   2.26477805e+00   3.91915083e+00
 2.69000000e+00   8.33333334e-03   1.00000000e+00   1.28098678e-01  -1.38807336e-03   2.26489701e+00   3.91941349e+00
 2.70000000e+00   8.33333334e-03   1.00000000e+00   1.28016354e-01  -1.38771784e-03   2.26499677e+00   3.91967720e+00
 2.71000000e+00   8.33333334e-03   1.00000000e+00   1.27925917e-01  -1.38713188e-03   2.26507164e+00   3.91992808e+00
 2.72000000e+00   8.33333334e-03   1.00000000e+00   1.27826708e-01  -1.38639998e-03   2.26511436e+00   3.92018061e+00
 2.73000000e+00   8.33333334e-03   1.00000000e+00   1.27718921e-01  -1.38563632e-03   2.26514780e+00   3.92044631e+00
 2.74000000e+00   8.33333334e-03   1.00000000e+00   1.27602372e-01  -1.38488192e-03   2.26512825e+00   3.92068953e+00
 2.75000000e+00   8.33333334e-03   1.00000000e+00   1.27477335e-01  -1.38414316e-03   2.26507340e+00   3.92093803e+00
 2.76000000e+00   8.33333334e-03   1.00000000e+00   1.27343760e-01  -1.38358616e-03   2.26496486e+00   3.92115487e+00
 2.77000000e+00   8.33333334e-03   1.00000000e+00   1.27201660e-01  -1.38308799e-03   2.26480193e+00   3.92137123e+00
 2.78000000e+00   8.33333334e-03   1.00000000e+00   1.27051046e-01  -1.38249074e-03   2.26458695e+00   3.92153521e+00
 2.79000000e+00   8.33333334e-03   1.00000000e+00   1.26891914e-01  -1.38169130e-03   2.26431686e+00   3.92167467e+00
 2.80000000e+00   8.33333334e-03   1.00000000e+00   1.26725129e-01  -1.38064385e-03   2.26399032e+00   3.92178042e+00
 2.81000000e+00   8.33333334e-03   1.00000000e+00   1.26550459e-01  -1.37938699e-03   2.26358192e+00   3.92184357e+00
 2.82000000e+00   8.33333334e-03   1.00000000e+00   1.26367913e-01  -1.37790344e-03   2.26312918e+00   3.92189027e+00
 2.83000000e+00   8.33333334e-03   1.00000000e+00   1.26178085e-01  -1.37623651e-03   2.26262131e+00   3.92191995e+00
 2.84000000e+00   8.33333334e-03   1.00000000e+00   1.25981516e-01  -1.37441430e-03   2.26203938e+00   3.92191082e+00
 2.85000000e+00   8.33333334e-03   1.00000000e+00   1.25777959e-01  -1.37248776e-03   2.26139249e+00   3.92186360e+00
 2.86000000e+00   8.33333334e-03   1.00000000e+00   1.25568608e-01  -1.37044732e-03   2.26070999e+00   3.92180425e+00
 2.87000000e+00   8.33333334e-03   1.00000000e+00   1.25353250e-01  -1.36832238e-03   2.25994353e+00   3.92169601e+00
 2.88000000e+00   8.33333334e-03   1.00000000e+00   1.25132854e-01  -1.36610206e-03   2.25913719e+00   3.92157499e+00
 2.89000000e+00   8.33333334e-03   1.00000000e+00   1.24907953e-01  -1.36380048e-03   2.25823882e+00   3.92141299e+00
 2.90000000e+00   8.33333334e-03   1.00000000e+00   1.24679089e-01  -1.36142057e-03   2.25732130e+00   3.92121332e+00
 2.91000000e+00   8.33333334e-03   1.00000000e+00   1.24446778e-01  -1.35896655e-03   2.25637413e+00   3.92098815e+00
 2.92000000e+00   8.33333334e-03   1.00000000e+00   1.24211457e-01  -1.35644138e-03   2.25538023e+00   3.92073907e+00
 2.93000000e+00   8.33333334e-03   1.00000000e+00   1.23973581e-01  -1.35385682e-03   2.25436239e+00   3.92047033e+00
 2.94000000e+00   8.33333334e-03   1.00000000e+00   1.23733612e-01  -1.35122685e-03   2.25331023e+00   3.92017635e+00
 2.95000000e+00   8.33333334e-03   1.00000000e+00   1.23491935e-01  -1.34855795e-03   2.25223443e+00   3.91986048e+00
 2.96000000e+00   8.33333334e-03   1.00000000e+00   1.23248907e-01  -1.34585810e-03   2.25113194e+00   3.91952593e+00
 2.97000000e+00   8.33333334e-03   1.00000000e+00   1.23004851e-01  -1.34313349e-03   2.25001355e+00   3.91917263e+00
 2.98000000e+00   8.33333334e-03   1.00000000e+00   1.22760083e-01  -1.34039011e-03   2.24887890e+00   3.91880127e+00
 2.99000000e+00   8.33333334e-03   1.00000000e+00   1.22514898e-01  -1.33763244e-03   2.24773191e+00   3.91841774e+00
 3.00000000e+00   8.33333334e-03   1.00000000e+00   1.22269572e-01  -1.33486388e-03   2.24656964e+00   3.91801381e+00
 3.01000000e+00   8.33333334e-03   1.00000000e+00   1.22024371e-01  -1.33208712e-03   2.24540037e+00   3.91759672e+00
 3.02000000e+00   8.33333334e-03   1.00000000e+00   1.21779555e-01  -1.32930429e-03   2.24422422e+00   3.91716832e+00
 3.03000000e+00   8.33333334e-03   1.00000000e+00   1.21535377e-01  -1.32651723e-03   2.24303833e+00   3.91672647e+00
 3.04000000e+00   8.33333334e-03   1.00000000e+00   1.21292091e-01  -1.32372760e-03   2.24184510e+00   3.91627162e+00
 3.05000000e+00   8.33333334e-03   1.00000000e+00   1.21049907e-01  -1.32093310e-03   2.24064656e+00   3.91580745e+00
 3.06000000e+00   8.33333334e-03   1.00000000e+00   1.20809086e-01  -1.31813875e-03   2.23944682e+00   3.91533498e+00
 3.07000000e+00   8.33333334e-03   1.00000000e+00   1.20569887e-01  -1.31534707e-03   2.23824453e+00   3.91484753e+00
 3.08000000e+00   8.33333334e-03   1.00000000e+00   1.20332569e-01  -1.31256045e-03   2.23703549e+00   3.91435347e+00
 3.09000000e+00   8.33333334e-03   1.00000000e+00   1.20097394e-01  -1.30978132e-03   2.23582476e+00   3.91384827e+00
 3.10000000e+00   8.33333334e-03   1.00000000e+00   1.19864621e-01  -1.30701220e-03   2.23461419e+00   3.91333210e+00
 3.11000000e+00   8.33333334e-03   1.00000000e+00   1.19634504e-01  -1.30425571e-03   2.23340541e+00   3.91280976e+00
 3.12000000e+00   8.33333334e-03   1.00000000e+00   1.19407294e-01  -1.30151461e-03   2.23219314e+00   3.91227886e+00
 3.13000000e+00   8.33333334e-03   1.00000000e+00   1.19183233e-01  -1.29879182e-03   2.23098724e+00   3.91174211e+00
 3.14000000e+00   8.33333334e-03   1.00000000e+00   1.18962556e-01  -1.29609044e-03   2.22978504e+00   3.91120017e+00
 3.15000000e+00   8.33333334e-03   1.00000000e+00   1.18745491e-01  -1.29341364e-03   2.22858882e+00   3.91065179e+00
 3.16000000e+00   8.33333334e-03   1.00000000e+00   1.18532255e-01  -1.29076461e-03   2.22739742e+00   3.91008207e+00
 3.17000000e+00   8.33333334e-03   1.00000000e+00   1.18323054e-01  -1.28814657e-03   2.22621942e+00   3.90952860e+00
 3.18000000e+00   8.33333334e-03   1.00000000e+00   1.18118087e-01  -1.28556253e-03   2.22504801e+00   3.90897114e+00
 3.19000000e+00   8.33333334e-03   1.00000000e+00   1.17917541e-01  -1.28301540e-03   2.22388396e+00   3.90841004e+00
 3.20000000e+00   8.33333334e-03   1.00000000e+00   1.17721592e-01  -1.28050793e-03   2.22274235e+00   3.90785013e+00
 3.21000000e+00   8.33333334e-03   1.00000000e+00   1.17530409e-01  -1.27804271e-03   2.22160793e+00   3.90728875e+00
 3.22000000e+00   8.33333334e-03   1.00000000e+00   1.17344147e-01  -1.27562221e-03   2.22049136e+00   3.90672330e+00
 3.23000000e+00   8.33333334e-03   1.00000000e+00   1.17162954e-01  -1.27324872e-03   2.21939262e+00   3.90616211e+00
 3.24000000e+00   8.33333334e-03   1.00000000e+00   1.16986967e-01  -1.27092440e-03   2.21830997e+00   3.90560209e+00
 3.25000000e+00   8.33333334e-03   1.00000000e+00   1.16816315e-01  -1.26865132e-03   2.21724485e+00   3.90504735e+00
 3.26000000e+00   8.33333334e-03   1.00000000e+00   1.16651114e-01  -1.26643140e-03   2.21620184e+00   3.90449235e+00
 3.27000000e+00   8.33333334e-03   1.00000000e+00   1.16491475e-01  -1.26426646e-03   2.21517695e+00   3.90394258e+00
 3.28000000e+00   8.33333334e-03   1.00000000e+00   1.16338170e-01  -1.26215822e-03   2.21417449e+00   3.90339714e+00
 3.29000000e+00   8.33333334e-03   1.00000000e+00   1.16190639e-01  -1.26013561e-03   2.21317671e+00   3.90284115e+00
 3.30000000e+00   8.33333334e-03   1.00000000e+00   1.16049201e-01  -1.25816885e-03   2.21223575e+00   3.90230680e+00
 3.31000000e+00   8.33333334e-03   1.00000000e+00   1.15914536e-01  -1.25626173e-03   2.21130929e+00   3.90177660e+00
 3.32000000e+00   8.33333334e-03   1.00000000e+00   1.15786102e-01  -1.25444942e-03   2.21039544e+00   3.90124090e+00
 3.33000000e+00   8.33333334e-03   1.00000000e+00   1.15664334e-01  -1.25271008e-03   2.20953376e+00   3.90072745e+00
 3.34000000e+00   8.33333334e-03   1.00000000e+00   1.15549551e-01  -1.25104261e-03   2.20869323e+00   3.90021395e+00
 3.35000000e+00   8.33333334e-03   1.00000000e+00   1.15441329e-01  -1.24948443e-03   2.20787619e+00   3.89970300e+00
 3.36000000e+00   8.33333334e-03   1.00000000e+00   1.15340303e-01  -1.24799153e-03   2.20711504e+00   3.89921358e+00
 3.37000000e+00   8.33333334e-03   1.00000000e+00   1.15245941e-01  -1.24660580e-03   2.20636293e+00   3.89872550e+00
 3.38000000e+00   8.33333334e-03   1.00000000e+00   1.15159172e-01  -1.24529287e-03   2.20566967e+00   3.89825882e+00
 3.39000000e+00   8.33333334e-03   1.00000000e+00   1.15079464e-01  -1.24408638e-03   2.20498709e+00   3.89778281e+00
 3.40000000e+00   8.33333334e-03   1.00000000e+00   1.15007117e-01  -1.24298302e-03   2.20435736e+00   3.89732989e+00
 3.41000000e+00   8.33333334e-03   1.00000000e+00   1.14942117e-01  -1.24195242e-03   2.20376519e+00   3.89688232e+00
 3.42000000e+00   8.33333334e-03   1.00000000e+00   1.14884145e-01  -1.24101887e-03   2.20320238e+00   3.89645097e+00
 3.43000000e+00   8.33333334e-03   1.00000000e+00   1.14833614e-01  -1.24015337e-03   2.20268842e+00   3.89603441e+00
 3.44000000e+00   8.33333334e-03   1.00000000e+00   1.14790547e-01  -1.23940121e-03   2.20219665e+00   3.89561672e+00
 3.45000000e+00   8.33333334e-03   1.00000000e+00   1.14755075e-01  -1.23875027e-03   2.20174409e+00   3.89521068e+00
 3.46000000e+00   8.33333334e-03   1.00000000e+00   1.14729504e-01  -1.23836213e-03   2.20132720e+00   3.89481714e+00
 3.47000000e+00   8.33333334e-03   1.00000000e+00   1.14712956e-01  -1.23812800e-03   2.20092747e+00   3.89438603e+00
 3.48000000e+00   8.33333334e-03   1.00000000e+00   1.14712951e-01  -1.23811630e-03   2.20059995e+00   3.89400413e+00
 3.49000000e+00   8.33333334e-03   1.00000000e+00   1.14714536e-01  -1.23804418e-03   2.20006241e+00   3.89338308e+00
 3.50000000e+00   8.33333334e-03   1.00000000e+00   1.14716889e-01  -1.23783578e-03   2.20007796e+00   3.89300408e+00
 3.51000000e+00   8.33333334e-03   1.00000000e+00   1.14721045e-01  -1.23755929e-03   2.20012895e+00   3.89293939e+00
 3.52000000e+00   8.33333334e-03   1.00000000e+00   1.14727962e-01  -1.23728073e-03   2.20006375e+00   3.89285143e+00
 3.53000000e+00   8.33333334e-03   1.00000000e+00   1.14737189e-01  -1.23700536e-03   2.19995899e+00   3.89274376e+00
 3.54000000e+00   8.33333334e-03   1.00000000e+00   1.14748953e-01  -1.23676130e-03   2.19986827e+00   3.89265523e+00
 3.55000000e+00   8.33333334e-03   1.00000000e+00   1.14763823e-01  -1.23654517e-03   2.19977016e+00   3.89256326e+00
 3.56000000e+00   8.33333334e-03   1.00000000e+00   1.14781107e-01  -1.23634525e-03   2.19966928e+00   3.89246717e+00
 3.57000000e+00   8.33333334e-03   1.00000000e+00   1.14800752e-01  -1.23616813e-03   2.19959065e+00   3.89238140e+00
 3.58000000e+00   8.33333334e-03   1.00000000e+00   1.14822504e-01  -1.23600944e-03   2.19951875e+00   3.89231283e+00
 3.59000000e+00   8.33333334e-03   1.00000000e+00   1.14846421e-01  -1.23587676e-03   2.19945981e+00   3.89226193e+00
 3.60000000e+00   8.33333334e-03   1.00000000e+00   1.14872444e-01  -1.23576244e-03   2.19940376e+00   3.89220577e+00
 3.61000000e+00   8.33333334e-03   1.00000000e+00   1.14900884e-01  -1.23566835e-03   2.19935232e+00   3.89216372e+00
 3.62000000e+00   8.33333334e-03   1.00000000e+00   1.14931075e-01  -1.23559136e-03   2.19930438e+00   3.89211722e+00
 3.63000000e+00   8.33333334e-03   1.00000000e+00   1.14962596e-01  -1.23552273e-03   2.19928956e+00   3.89208132e+00
 3.64000000e+00   8.33333334e-03   1.00000000e+00   1.14995649e-01  -1.23547631e-03   2.19930154e+00   3.89208563e+00
 3.65000000e+00   8.33333334e-03   1.00000000e+00   1.15030368e-01  -1.23545777e-03   2.19930343e+00   3.89210170e+00
 3.66000000e+00   8.33333334e-03   1.00000000e+00   1.15066504e-01  -1.23547819e-03   2.19930017e+00   3.89210484e+00
 3.67000000e+00   8.33333334e-03   1.00000000e+00   1.15104175e-01  -1.23555481e-03   2.19931915e+00   3.89210865e+00
 3.68000000e+00   8.33333334e-03   1.00000000e+00   1.15143198e-01  -1.23564913e-03   2.19933131e+00   3.89210990e+00
 3.69000000e+00   8.33333334e-03   1.00000000e+00   1.15183912e-01  -1.23592085e-03   2.19935626e+00   3.89211287e+00
 3.70000000e+00   8.33333334e-03   1.00000000e+00   1.15226039e-01  -1.23630751e-03   2.19938158e+00   3.89211645e+00
 3.71000000e+00   8.33333334e-03   1.00000000e+00   1.15269933e-01  -1.23672594e-03   2.19942236e+00   3.89212216e+00
 3.72000000e+00   8.33333334e-03   1.00000000e+00   1.15314715e-01  -1.23693186e-03   2.19945028e+00   3.89211122e+00
 3.73000000e+00   8.33333334e-03   1.00000000e+00   1.15360422e-01  -1.23698832e-03   2.19952502e+00   3.89211555e+00
 3.74000000e+00   8.33333334e-03   1.00000000e+00   1.15406911e-01  -1.23699740e-03   2.19959659e+00   3.89211716e+00
 3.75000000e+00   8.33333334e-03   1.00000000e+00   1.15453984e-01  -1.23703132e-03   2.19968486e+00   3.89215083e+00
 3.76000000e+00   8.33333334e-03   1.00000000e+00   1.15502960e-01  -1.23719349e-03   2.19978291e+00   3.89220001e+00
 3.77000000e+00   8.33333334e-03   1.00000000e+00   1.15553641e-01  -1.23746394e-03   2.19986401e+00   3.89222545e+00
 3.78000000e+00   8.33333334e-03   1.00000000e+00   1.15604708e-01  -1.23775105e-03   2.19995732e+00   3.89226321e+00
 3.79000000e+00   8.33333334e-03   1.00000000e+00   1.15656396e-01  -1.23807075e-03   2.20008972e+00   3.89232338e+00
 3.80000000e+00   8.33333334e-03   1.00000000e+00   1.15708275e-01  -1.23837048e-03   2.20021786e+00   3.89235854e+00
 3.81000000e+00   8.33333334e-03   1.00000000e+00   1.15762377e-01  -1.23895113e-03   2.20036539e+00   3.89242367e+00
 3.82000000e+00   8.33333334e-03   1.00000000e+00   1.15816686e-01  -1.23963762e-03   2.20048514e+00   3.89245689e+00
 3.83000000e+00   8.33333334e-03   1.00000000e+00   1.15871525e-01  -1.24018612e-03   2.20065444e+00   3.89254798e+00
 3.84000000e+00   8.33333334e-03   1.00000000e+00   1.15926587e-01  -1.24058136e-03   2.20082780e+00   3.89258943e+00
 3.85000000e+00   8.33333334e-03   1.00000000e+00   1.15983248e-01  -1.24101750e-03   2.20101279e+00   3.89266391e+00
 3.86000000e+00   8.33333334e-03   1.00000000e+00   1.16041036e-01  -1.24148918e-03   2.20118820e+00   3.89272137e+00
 3.87000000e+00   8.33333334e-03   1.00000000e+00   1.16099355e-01  -1.24199402e-03   2.20139624e+00   3.89280637e+00
 3.88000000e+00   8.33333334e-03   1.00000000e+00   1.16158045e-01  -1.24252159e-03   2.20162485e+00   3.89290125e+00
 3.89000000e+00   8.33333334e-03   1.00000000e+00   1.16217623e-01  -1.24308411e-03   2.20186546e+00   3.89300147e+00
 3.90000000e+00   8.33333334e-03   1.00000000e+00   1.16277246e-01  -1.24372605e-03   2.20209584e+00   3.89308582e+00
 3.91000000e+00   8.33333334e-03   1.00000000e+00   1.16337061e-01  -1.24437738e-03   2.20236905e+00   3.89319800e+00
 3.92000000e+00   8.33333334e-03   1.00000000e+00   1.16396779e-01  -1.24502546e-03   2.20263724e+00   3.89331095e+00
 3.93000000e+00   8.33333334e-03   1.00000000e+00   1.16456280e-01  -1.24567753e-03   2.20290908e+00   3.89342797e+00
 3.94000000e+00   8.33333334e-03   1.00000000e+00   1.16515459e-01  -1.24633346e-03   2.20319543e+00   3.89354838e+00
 3.95000000e+00   8.33333334e-03   1.00000000e+00   1.16574226e-01  -1.24699373e-03   2.20347909e+00   3.89367662e+00
 3.96000000e+00   8.33333334e-03   1.00000000e+00   1.16632536e-01  -1.24767735e-03   2.20377215e+00   3.89381590e+00
 3.97000000e+00   8.33333334e-03   1.00000000e+00   1.16690307e-01  -1.24836871e-03   2.20406056e+00   3.89394787e+00
 3.98000000e+00   8.33333334e-03   1.00000000e+00   1.16747597e-01  -1.24905106e-03   2.20435316e+00   3.89408174e+00
 3.99000000e+00   8.33333334e-03   1.00000000e+00   1.16804185e-01  -1.24973833e-03   2.20464136e+00   3.89421233e+00
 4.00000000e+00   8.33333334e-03   1.00000000e+00   1.16860084e-01  -1.25041628e-03   2.20493316e+00   3.89434805e+00
 4.01000000e+00   8.33333334e-03   1.00000000e+00   1.16915250e-01  -1.25108345e-03   2.20523015e+00   3.89448638e+00
 4.02000000e+00   8.33333334e-03   1.00000000e+00   1.16969088e-01  -1.25173018e-03   2.20552303e+00   3.89462548e+00
 4.03000000e+00   8.33333334e-03   1.00000000e+00   1.17022025e-01  -1.25231901e-03   2.20582578e+00   3.89478087e+00
 4.04000000e+00   8.33333334e-03   1.00000000e+00   1.17073899e-01  -1.25290855e-03   2.20610410e+00   3.89491893e+00
 4.05000000e+00   8.33333334e-03   1.00000000e+00   1.17124649e-01  -1.25353094e-03   2.20638743e+00   3.89505966e+00
 4.06000000e+00   8.33333334e-03   1.00000000e+00   1.17174382e-01  -1.25414956e-03   2.20667910e+00   3.89521263e+00
 4.07000000e+00   8.33333334e-03   1.00000000e+00   1.17223015e-01  -1.25475257e-03   2.20695540e+00   3.89536169e+00
 4.08000000e+00   8.33333334e-03   1.00000000e+00   1.17269874e-01  -1.25532887e-03   2.20722982e+00   3.89550793e+00
 4.09000000e+00   8.33333334e-03   1.00000000e+00   1.17314790e-01  -1.25585616e-03   2.20751036e+00   3.89566704e+00
 4.10000000e+00   8.33333334e-03   1.00000000e+00   1.17356772e-01  -1.25627235e-03   2.20778912e+00   3.89582557e+00
 4.11000000e+00   8.33333334e-03   1.00000000e+00   1.17397359e-01  -1.25671598e-03   2.20805951e+00   3.89599883e+00
 4.12000000e+00   8.33333334e-03   1.00000000e+00   1.17434627e-01  -1.25706148e-03   2.20828635e+00   3.89613464e+00
 4.13000000e+00   8.33333334e-03   1.00000000e+00   1.17471199e-01  -1.25750220e-03   2.20855257e+00   3.89632934e+00
 4.14000000e+00   8.33333334e-03   1.00000000e+00   1.17506378e-01  -1.25798615e-03   2.20874229e+00   3.89645240e+00
 4.15000000e+00   8.33333334e-03   1.00000000e+00   1.17537733e-01  -1.25832045e-03   2.20896148e+00   3.89661805e+00
 4.16000000e+00   8.33333334e-03   1.00000000e+00   1.17567135e-01  -1.25865464e-03   2.20921578e+00   3.89682002e+00
 4.17000000e+00   8.33333334e-03   1.00000000e+00   1.17594849e-01  -1.25900457e-03   2.20940190e+00   3.89695690e+00
 4.18000000e+00   8.33333334e-03   1.00000000e+00   1.17619450e-01  -1.25927133e-03   2.20957581e+00   3.89710665e+00
 4.19000000e+00   8.33333334e-03   1.00000000e+00   1.17642257e-01  -1.25955822e-03   2.20978054e+00   3.89728679e+00
 4.20000000e+00   8.33333334e-03   1.00000000e+00   1.17661684e-01  -1.25977753e-03   2.20993892e+00   3.89742726e+00
 4.21000000e+00   8.33333334e-03   1.00000000e+00   1.17679288e-01  -1.26000389e-03   2.21012592e+00   3.89761091e+00
 4.22000000e+00   8.33333334e-03   1.00000000e+00   1.17693431e-01  -1.26017670e-03   2.21025801e+00   3.89774400e+00
 4.23000000e+00   8.33333334e-03   1.00000000e+00   1.17705738e-01  -1.26036244e-03   2.21042393e+00   3.89792697e+00
 4.24000000e+00   8.33333334e-03   1.00000000e+00   1.17714242e-01  -1.26047956e-03   2.21053741e+00   3.89806541e+00
 4.25000000e+00   8.33333334e-03   1.00000000e+00   1.17714246e-01  -1.26049146e-03   2.21068847e+00   3.89825490e+00
 4.26000000e+00   8.33333334e-03   1.00000000e+00   1.17715446e-01  -1.26055786e-03   2.21100347e+00   3.89859382e+00
 4.27000000e+00   8.33333334e-03   1.00000000e+00   1.17717324e-01  -1.26070078e-03   2.21095320e+00   3.89877734e+00
 4.28000000e+00   8.33333334e-03   1.00000000e+00   1.17719868e-01  -1.26087770e-03   2.21089958e+00   3.89878503e+00
 4.29000000e+00   8.33333334e-03   1.00000000e+00   1.17720857e-01  -1.26096045e-03   2.21089950e+00   3.89875999e+00
 4.30000000e+00   8.33333334e-03   1.00000000e+00   1.17722711e-01  -1.26107840e-03   2.21094097e+00   3.89878186e+00
 4.31000000e+00   8.33333334e-03   1.00000000e+00   1.17724629e-01  -1.26120115e-03   2.21093222e+00   3.89871202e+00
 4.32000000e+00   8.33333334e-03   1.00000000e+00   1.17726546e-01  -1.26131872e-03   2.21095419e+00   3.89869074e+00
 4.33000000e+00   8.33333334e-03   1.00000000e+00   1.17728447e-01  -1.26143061e-03   2.21097458e+00   3.89866617e+00
 4.34000000e+00   8.33333334e-03   1.00000000e+00   1.17730350e-01  -1.26153820e-03   2.21100359e+00   3.89865191e+00
 4.35000000e+00   8.33333334e-03   1.00000000e+00   1.17731626e-01  -1.26160727e-03   2.21103284e+00   3.89863498e+00
 4.36000000e+00   8.33333334e-03   1.00000000e+00   1.17732862e-01  -1.26167179e-03   2.21106355e+00   3.89863429e+00
 4.37000000e+00   8.33333334e-03   1.00000000e+00   1.17734085e-01  -1.26173666e-03   2.21108003e+00   3.89860330e+00
 4.38000000e+00   8.33333334e-03   1.00000000e+00   1.17734089e-01  -1.26174579e-03   2.21109108e+00   3.89858226e+00
 4.39000000e+00   8.33333334e-03   1.00000000e+00   1.17734091e-01  -1.26174579e-03   2.21111970e+00   3.89859395e+00
 4.40000000e+00   8.33333334e-03   1.00000000e+00   1.17734092e-01  -1.26174579e-03   2.21111589e+00   3.89854709e+00
 4.41000000e+00   8.33333334e-03   1.00000000e+00   1.17734093e-01  -1.26174579e-03   2.21110372e+00   3.89852268e+00
 4.42000000e+00   8.33333334e-03   1.00000000e+00   1.17734094e-01  -1.26175305e-03   2.21109856e+00   3.89849963e+00
 4.43000000e+00   8.33333334e-03   1.00000000e+00   1.17734095e-01  -1.26175305e-03   2.21109297e+00   3.89847809e+00
 4.44000000e+00   8.33333334e-03   1.00000000e+00   1.17734677e-01  -1.26177460e-03   2.21108783e+00   3.89845533e+00
 4.45000000e+00   8.33333334e-03   1.00000000e+00   1.17734680e-01  -1.26178385e-03   2.21107339e+00   3.89841790e+00
 4.46000000e+00   8.33333334e-03   1.00000000e+00   1.17734681e-01  -1.26178386e-03   2.21108597e+00   3.89842270e+00
 4.47000000e+00   8.33333334e-03   1.00000000e+00   1.17734682e-01  -1.26178386e-03   2.21108038e+00   3.89839469e+00
 4.48000000e+00   8.33333334e-03   1.00000000e+00   1.17734682e-01  -1.26178386e-03   2.21107689e+00   3.89837438e+00
 4.49000000e+00   8.33333334e-03   1.00000000e+00   1.17734683e-01  -1.26178386e-03   2.21107265e+00   3.89835643e+00
 4.50000000e+00   8.33333334e-03   1.00000000e+00   1.17734683e-01  -1.26178386e-03   2.21106915e+00   3.89833830e+00
 4.51000000e+00   8.33333334e-03   1.00000000e+00   1.17734683e-01  -1.26178386e-03   2.21106008e+00   3.89831797e+00
 4.52000000e+00   8.33333334e-03   1.00000000e+00   1.17734684e-01  -1.26178386e-03   2.21105423e+00   3.89830419e+00
 4.53000000e+00   8.33333334e-03   1.00000000e+00   1.17734684e-01  -1.26179112e-03   2.21105269e+00   3.89828598e+00
 4.54000000e+00   8.33333334e-03   1.00000000e+00   1.17734684e-01  -1.26179113e-03   2.21105162e+00   3.89827231e+00
 4.55000000e+00   8.33333334e-03   1.00000000e+00   1.17734685e-01  -1.26179113e-03   2.21104494e+00   3.89825818e+00
 4.56000000e+00   8.33333334e-03   1.00000000e+00   1.17734685e-01  -1.26179113e-03   2.21104032e+00   3.89824318e+00
 4.57000000e+00   8.33333334e-03   1.00000000e+00   1.17734685e-01  -1.26179113e-03   2.21103806e+00   3.89822860e+00
 4.58000000e+00   8.33333334e-03   1.00000000e+00   1.17734685e-01  -1.26179113e-03   2.21103374e+00   3.89821733e+00
 4.59000000e+00   8.33333334e-03   1.00000000e+00   1.17734685e-01  -1.26179113e-03   2.21103126e+00   3.89820412e+00
 4.60000000e+00   8.33333334e-03   1.00000000e+00   1.17734685e-01  -1.26179113e-03   2.21102743e+00   3.89819304e+00
 4.61000000e+00   8.33333334e-03   1.00000000e+00   1.17734685e-01  -1.26179113e-03   2.21102365e+00   3.89818120e+00
 4.62000000e+00   8.33333334e-03   1.00000000e+00   1.17734685e-01  -1.26179113e-03   2.21102209e+00   3.89817063e+00
 4.63000000e+00   8.33333334e-03   1.00000000e+00   1.17734685e-01  -1.26179113e-03   2.21101842e+00   3.89816024e+00
 4.64000000e+00   8.33333334e-03   1.00000000e+00   1.17734685e-01  -1.26179113e-03   2.21101505e+00   3.89815238e+00
 4.65000000e+00   8.33333334e-03   1.00000000e+00   1.17734685e-01  -1.26179113e-03   2.21101048e+00   3.89814365e+00
 4.66000000e+00   8.33333334e-03   1.00000000e+00   1.17734685e-01  -1.26179113e-03   2.21100436e+00   3.89813440e+00
 4.67000000e+00   8.33333334e-03   1.00000000e+00   1.17734685e-01  -1.26179113e-03   2.21100528e+00   3.89812611e+00
 4.68000000e+00   8.33333334e-03   1.00000000e+00   1.17734685e-01  -1.26179113e-03   2.21100299e+00   3.89811942e+00
 4.69000000e+00   8.33333334e-03   1.00000000e+00   1.17734685e-01  -1.26179113e-03   2.21100045e+00   3.89811112e+00
 4.70000000e+00   8.33333334e-03   1.00000000e+00   1.17734685e-01  -1.26179113e-03   2.21099886e+00   3.89810383e+00
 4.71000000e+00   8.33333334e-03   1.00000000e+00   1.17734685e-01  -1.26179113e-03   2.21099666e+00   3.89809702e+00
 4.72000000e+00   8.33333334e-03   1.00000000e+00   1.17734685e-01  -1.26179113e-03   2.21099673e+00   3.89809006e+00
 4.73000000e+00   8.33333334e-03   1.00000000e+00   1.17734685e-01  -1.26179113e-03   2.21099304e+00   3.89808602e+00
 4.74000000e+00   8.33333334e-03   1.00000000e+00   1.17734685e-01  -1.26179113e-03   2.21099189e+00   3.89808079e+00
 4.75000000e+00   8.33333334e-03   1.00000000e+00   1.17734685e-01  -1.26179113e-03   2.21098896e+00   3.89807246e+00
 4.76000000e+00   8.33333334e-03   1.00000000e+00   1.17734685e-01  -1.26179113e-03   2.21098600e+00   3.89806692e+00
 4.77000000e+00   8.33333334e-03   1.00000000e+00   1.17734685e-01  -1.26179113e-03   2.21098503e+00   3.89806264e+00
 4.78000000e+00   8.33333334e-03   1.00000000e+00   1.17734685e-01  -1.26179113e-03   2.21098454e+00   3.89805820e+00
 4.79000000e+00   8.33333334e-03   1.00000000e+00   1.17734685e-01  -1.26179113e-03   2.21098104e+00   3.89805445e+00
 4.80000000e+00   8.33333334e-03   1.00000000e+00   1.17734685e-01  -1.26179113e-03   2.21097837e+00   3.89804840e+00
 4.81000000e+00   8.33333334e-03   1.00000000e+00   1.17734685e-01  -1.26179113e-03   2.21097666e+00   3.89804506e+00
 4.82000000e+00   8.33333334e-03   1.00000000e+00   1.17734685e-01  -1.26179113e-03   2.21097668e+00   3.89804161e+00
 4.83000000e+00   8.33333334e-03   1.00000000e+00   1.17734685e-01  -1.26179113e-03   2.21097731e+00   3.89803903e+00
 4.84000000e+00   8.33333334e-03   1.00000000e+00   1.17734685e-01  -1.26179113e-03   2.21097298e+00   3.89803426e+00
 4.85000000e+00   8.33333334e-03   1.00000000e+00   1.17734685e-01  -1.26179113e-03   2.21096937e+00   3.89802948e+00
 4.86000000e+00   8.33333334e-03   1.00000000e+00   1.17734685e-01  -1.26179113e-03   2.21097415e+00   3.89802820e+00
 4.87000000e+00   8.33333334e-03   1.00000000e+00   1.17734685e-01  -1.26179113e-03   2.21096686e+00   3.89802378e+00
 4.88000000e+00   8.33333334e-03   1.00000000e+00   1.17734685e-01  -1.26179113e-03   2.21096798e+00   3.89802095e+00
 4.89000000e+00   8.33333334e-03   1.00000000e+00   1.17734685e-01  -1.26179114e-03   2.21097062e+00   3.89801774e+00
 4.90000000e+00   8.33333334e-03   1.00000000e+00   1.17734685e-01  -1.26179114e-03   2.21096700e+00   3.89801660e+00
 4.91000000e+00   8.33333334e-03   1.00000000e+00   1.17734685e-01  -1.26179114e-03   2.21096484e+00   3.89801413e+00
 4.92000000e+00   8.33333334e-03   1.00000000e+00   1.17734685e-01  -1.26179114e-03   2.21096618e+00   3.89801261e+00
 4.93000000e+00   8.33333334e-03   1.00000000e+00   1.17734685e-01  -1.26179114e-03   2.21096468e+00   3.89800933e+00
 4.94000000e+00   8.33333334e-03   1.00000000e+00   1.17734685e-01  -1.26179114e-03   2.21096387e+00   3.89800666e+00
 4.95000000e+00   8.33333334e-03   1.00000000e+00   1.17734685e-01  -1.26179114e-03   2.21095876e+00   3.89800315e+00
 4.96000000e+00   8.33333334e-03   1.00000000e+00   1.17734685e-01  -1.26179114e-03   2.21096296e+00   3.89800309e+00
 4.97000000e+00   8.33333334e-03   1.00000000e+00   1.17734685e-01  -1.26179114e-03   2.21096158e+00   3.89800055e+00
 4.98000000e+00   8.33333334e-03   1.00000000e+00   1.17734685e-01  -1.26179114e-03   2.21095823e+00   3.89799946e+00
 4.99000000e+00   8.33333334e-03   1.00000000e+00   1.17734685e-01  -1.26179114e-03   2.21095877e+00   3.89799906e+00
 5.00000000e+00   8.33333334e-03   1.00000000e+00   1.17734685e-01  -1.26179114e-03   2.21095926e+00   3.89799439e+00