  Time  Coordinate0  Coordinate1  Displacement0  Displacement1  Force0  Force1
 1.00000000e-02  -4.16666667e-03   1.00000000e+00   7.36604781e-04   5.04041493e-06   1.21090963e+01  -3.04760298e+00
 2.00000000e-02  -4.16666667e-03   1.00000000e+00   1.71967985e-03   6.84951515e-05   4.09718727e+00   9.90862016e+00
 3.00000000e-02  -4.16666667e-03   1.00000000e+00   2.91566212e-03   1.27219443e-04   3.52250625e+00   7.16395351e+00
 4.00000000e-02  -4.16666667e-03   1.00000000e+00   4.30768092e-03   1.76438710e-04   3.32917573e+00   6.27221562e+00
 5.00000000e-02  -4.16666667e-03   1.00000000e+00   5.90372290e-03   2.06941812e-04   3.17492065e+00   5.79571339e+00
 6.00000000e-02  -4.16666667e-03   1.00000000e+00   7.71275000e-03   2.15766120e-04   3.06439307e+00   5.49221306e+00
 7.00000000e-02  -4.16666667e-03   1.00000000e+00   9.72855879e-03   2.09672004e-04   2.98022104e+00   5.27514330e+00
 8.00000000e-02  -4.16666667e-03   1.00000000e+00   1.19276019e-02   1.96557553e-04   2.91611924e+00   5.10560422e+00
 9.00000000e-02  -4.16666667e-03   1.00000000e+00   1.42776988e-02   1.83799021e-04   2.86583433e+00   4.96937349e+00
 1.00000000e-01  -4.16666667e-03   1.00000000e+00   1.67446835e-02   1.76273104e-04   2.82939474e+00   4.85662066e+00
 1.10000000e-01  -4.16666667e-03   1.00000000e+00   1.92988746e-02   1.75990645e-04   2.79950562e+00   4.76169033e+00
 1.20000000e-01  -4.16666667e-03   1.00000000e+00   2.19158313e-02   1.82608673e-04   2.77788825e+00   4.68096263e+00
 1.30000000e-01  -4.16666667e-03   1.00000000e+00   2.45796075e-02   1.94581399e-04   2.76330686e+00   4.61165112e+00
 1.40000000e-01  -4.16666667e-03   1.00000000e+00   2.72790284e-02   2.09885179e-04   2.74936894e+00   4.55097575e+00
 1.50000000e-01  -4.16666667e-03   1.00000000e+00   3.00052876e-02   2.26633187e-04   2.74196006e+00   4.49679817e+00
 1.60000000e-01  -4.16666667e-03   1.00000000e+00   3.27525863e-02   2.43438535e-04   2.73615584e+00   4.45063881e+00
 1.70000000e-01  -4.16666667e-03   1.00000000e+00   3.55165239e-02   2.59496092e-04   2.73260219e+00   4.40840567e+00
 1.80000000e-01  -4.16666667e-03   1.00000000e+00   3.82935967e-02   2.74525140e-04   2.73292632e+00   4.37062389e+00
 1.90000000e-01  -4.16666667e-03   1.00000000e+00   4.10805240e-02   2.88610204e-04   2.73423538e+00   4.33626298e+00
 2.00000000e-01  -4.16666667e-03   1.00000000e+00   4.38738932e-02   3.02047704e-04   2.73716418e+00   4.30529351e+00
 2.10000000e-01  -4.16666667e-03   1.00000000e+00   4.66700396e-02   3.15183468e-04   2.74179032e+00   4.27640865e+00
 2.20000000e-01  -4.16666667e-03   1.00000000e+00   4.94647271e-02   3.28313445e-04   2.74718067e+00   4.24944627e+00
 2.30000000e-01  -4.16666667e-03   1.00000000e+00   5.22536535e-02   3.41644570e-04   2.75437413e+00   4.22451973e+00
 2.40000000e-01  -4.16666667e-03   1.00000000e+00   5.50321003e-02   3.55267283e-04   2.76205322e+00   4.20101373e+00
 2.50000000e-01  -4.16666667e-03   1.00000000e+00   5.77950869e-02   3.69181617e-04   2.77140930e+00   4.17890433e+00
 2.60000000e-01  -4.16666667e-03   1.00000000e+00   6.05375932e-02   3.83313597e-04   2.78017224e+00   4.15753455e+00
 2.70000000e-01  -4.16666667e-03   1.00000000e+00   6.32542193e-02   3.97580790e-04   2.79048116e+00   4.13793554e+00
 2.80000000e-01  -4.16666667e-03   1.00000000e+00   6.59397753e-02   4.11894661e-04   2.80102564e+00   4.11853993e+00
 2.90000000e-01  -4.16666667e-03   1.00000000e+00   6.85888643e-02   4.26167917e-04   2.81191784e+00   4.10059828e+00
 3.00000000e-01  -4.16666667e-03   1.00000000e+00   7.11962193e-02   4.40326789e-04   2.82406202e+00   4.08413182e+00
 3.10000000e-01  -4.16666667e-03   1.00000000e+00   7.37567401e-02   4.54323174e-04   2.83597384e+00   4.06784809e+00
 3.20000000e-01  -4.16666667e-03   1.00000000e+00   7.62655792e-02   4.68118176e-04   2.84746714e+00   4.05222948e+00
 3.30000000e-01  -4.16666667e-03   1.00000000e+00   7.87181425e-02   4.81689750e-04   2.85854025e+00   4.03733280e+00
 3.40000000e-01  -4.16666667e-03   1.00000000e+00   8.11102234e-02   4.95024660e-04   2.87102361e+00   4.02334320e+00
 3.50000000e-01  -4.16666667e-03   1.00000000e+00   8.34376695e-02   5.08099192e-04   2.88226107e+00   4.01063012e+00
 3.60000000e-01  -4.16666667e-03   1.00000000e+00   8.56967300e-02   5.20891340e-04   2.89469481e+00   3.99902533e+00
 3.70000000e-01  -4.16666667e-03   1.00000000e+00   8.78836331e-02   5.33376006e-04   2.90505964e+00   3.98749012e+00
 3.80000000e-01  -4.16666667e-03   1.00000000e+00   8.99953066e-02   5.45542427e-04   2.91622639e+00   3.97724369e+00
 3.90000000e-01  -4.16666667e-03   1.00000000e+00   9.20290350e-02   5.57363410e-04   2.92856159e+00   3.96732512e+00
 4.00000000e-01  -4.16666667e-03   1.00000000e+00   9.39821449e-02   5.68810889e-04   2.93959942e+00   3.95792804e+00
 4.10000000e-01  -4.16666667e-03   1.00000000e+00   9.58522180e-02   5.79863694e-04   2.95020283e+00   3.94921820e+00
 4.20000000e-01  -4.16666667e-03   1.00000000e+00   9.76379729e-02   5.90530108e-04   2.96119671e+00   3.94150385e+00
 4.30000000e-01  -4.16666667e-03   1.00000000e+00   9.93370408e-02   6.00772954e-04   2.97142378e+00   3.93463665e+00
 4.40000000e-01  -4.16666667e-03   1.00000000e+00   1.00947590e-01   6.10580228e-04   2.98104820e+00   3.92758776e+00
 4.50000000e-01  -4.16666667e-03   1.00000000e+00   1.02468097e-01   6.19940659e-04   2.99095154e+00   3.92188113e+00
 4.60000000e-01  -4.16666667e-03   1.00000000e+00   1.03897258e-01   6.28843908e-04   3.00122928e+00   3.91648028e+00
 4.70000000e-01  -4.16666667e-03   1.00000000e+00   1.05233997e-01   6.37282575e-04   3.00920702e+00   3.91157020e+00
 4.80000000e-01  -4.16666667e-03   1.00000000e+00   1.06476676e-01   6.45224978e-04   3.01770547e+00   3.90724503e+00
 4.90000000e-01  -4.16666667e-03   1.00000000e+00   1.07625610e-01   6.52709024e-04   3.02801082e+00   3.90322808e+00
 5.00000000e-01  -4.16666667e-03   1.00000000e+00   1.08680081e-01   6.59700798e-04   3.03582937e+00   3.89970855e+00
 5.10000000e-01  -4.16666667e-03   1.00000000e+00   1.09639806e-01   6.66197996e-04   3.04404960e+00   3.89633556e+00
 5.20000000e-01  -4.16666667e-03   1.00000000e+00   1.10504701e-01   6.72194507e-04   3.05190102e+00   3.89411373e+00
 5.30000000e-01  -4.16666667e-03   1.00000000e+00   1.11274996e-01   6.77692147e-04   3.05893041e+00   3.89136168e+00
 5.40000000e-01  -4.16666667e-03   1.00000000e+00   1.11951139e-01   6.82690017e-04   3.06634234e+00   3.88903376e+00
 5.50000000e-01  -4.16666667e-03   1.00000000e+00   1.12533725e-01   6.87191541e-04   3.07146242e+00   3.88774832e+00
 5.60000000e-01  -4.16666667e-03   1.00000000e+00   1.13023856e-01   6.91201779e-04   3.07839868e+00   3.88606243e+00
 5.70000000e-01  -4.16666667e-03   1.00000000e+00   1.13422222e-01   6.94716777e-04   3.08509976e+00   3.88479838e+00
 5.80000000e-01  -4.16666667e-03   1.00000000e+00   1.13729985e-01   6.97740105e-04   3.09083858e+00   3.88406952e+00
 5.90000000e-01  -4.16666667e-03   1.00000000e+00   1.13948547e-01   7.00273976e-04   3.10391859e+00   3.88887280e+00
 6.00000000e-01  -4.16666667e-03   1.00000000e+00   1.14078784e-01   7.02355850e-04   3.09164759e+00   3.87990984e+00
 6.10000000e-01  -4.16666667e-03   1.00000000e+00   1.14122572e-01   7.03962707e-04   3.10388379e+00   3.88083698e+00
 6.20000000e-01  -4.16666667e-03   1.00000000e+00   1.14082220e-01   7.05066863e-04   3.10677718e+00   3.87649746e+00
 6.30000000e-01  -4.16666667e-03   1.00000000e+00   1.13959095e-01   7.05645750e-04   3.10994330e+00   3.87772297e+00
 6.40000000e-01  -4.16666667e-03   1.00000000e+00   1.13754892e-01   7.05752372e-04   3.11544045e+00   3.87762184e+00
 6.50000000e-01  -4.16666667e-03   1.00000000e+00   1.13471179e-01   7.05407947e-04   3.11861557e+00   3.87765570e+00
 6.60000000e-01  -4.16666667e-03   1.00000000e+00   1.13109717e-01   7.04644221e-04   3.12250618e+00   3.87804072e+00
 6.70000000e-01  -4.16666667e-03   1.00000000e+00   1.12672449e-01   7.03461249e-04   3.12480091e+00   3.87902619e+00
 6.80000000e-01  -4.16666667e-03   1.00000000e+00   1.12161756e-01   7.01862488e-04   3.12716061e+00   3.87897899e+00
 6.90000000e-01  -4.16666667e-03   1.00000000e+00   1.11582909e-01   6.99978941e-04   3.16719429e+00   3.89787805e+00
 7.00000000e-01  -4.16666667e-03   1.00000000e+00   1.10934984e-01   6.97653472e-04   3.12478094e+00   3.90643373e+00
 7.10000000e-01  -4.16666667e-03   1.00000000e+00   1.10222026e-01   6.95006104e-04   3.13211362e+00   3.88439687e+00
 7.20000000e-01  -4.16666667e-03   1.00000000e+00   1.09447176e-01   6.91997953e-04   3.13726584e+00   3.88617315e+00
 7.30000000e-01  -4.16666667e-03   1.00000000e+00   1.08613366e-01   6.88574974e-04   3.13851112e+00   3.88700217e+00
 7.40000000e-01  -4.16666667e-03   1.00000000e+00   1.07723600e-01   6.84755193e-04   3.13882154e+00   3.88745619e+00
 7.50000000e-01  -4.16666667e-03   1.00000000e+00   1.06781622e-01   6.80583406e-04   3.13892220e+00   3.88827816e+00
 7.60000000e-01  -4.16666667e-03   1.00000000e+00   1.05790269e-01   6.76081965e-04   3.13978785e+00   3.88902485e+00
 7.70000000e-01  -4.16666667e-03   1.00000000e+00   1.04752501e-01   6.71288656e-04   3.13967427e+00   3.88945760e+00
 7.80000000e-01  -4.16666667e-03   1.00000000e+00   1.03671085e-01   6.66219959e-04   3.13966691e+00   3.88995920e+00
 7.90000000e-01  -4.16666667e-03   1.00000000e+00   1.02549251e-01   6.60906396e-04   3.13869493e+00   3.89099489e+00
 8.00000000e-01  -4.16666667e-03   1.00000000e+00   1.01390098e-01   6.55362336e-04   3.13838177e+00   3.89123188e+00
 8.10000000e-01  -4.16666667e-03   1.00000000e+00   1.00196778e-01   6.49603949e-04   3.13660090e+00   3.89194940e+00
 8.20000000e-01  -4.16666667e-03   1.00000000e+00   9.89723931e-02   6.43640872e-04   3.13523672e+00   3.89253848e+00
 8.30000000e-01  -4.16666667e-03   1.00000000e+00   9.77199710e-02   6.37486113e-04   3.13331788e+00   3.89251720e+00
 8.40000000e-01  -4.16666667e-03   1.00000000e+00   9.64426538e-02   6.31151696e-04   3.13257679e+00   3.89288955e+00
 8.50000000e-01  -4.16666667e-03   1.00000000e+00   9.51435261e-02   6.24651034e-04   3.13004863e+00   3.89347968e+00
 8.60000000e-01  -4.16666667e-03   1.00000000e+00   9.38253558e-02   6.17988221e-04   3.12802318e+00   3.89355372e+00
 8.70000000e-01  -4.16666667e-03   1.00000000e+00   9.24914783e-02   6.11190141e-04   3.12778295e+00   3.89404213e+00
 8.80000000e-01  -4.16666667e-03   1.00000000e+00   9.11450524e-02   6.04277890e-04   3.12530277e+00   3.89395898e+00
 8.90000000e-01  -4.16666667e-03   1.00000000e+00   8.97891402e-02   5.97267413e-04   3.12237907e+00   3.89415018e+00
 9.00000000e-01  -4.16666667e-03   1.00000000e+00   8.84267290e-02   5.90176090e-04   3.11950135e+00   3.89383222e+00
 9.10000000e-01  -4.16666667e-03   1.00000000e+00   8.70613975e-02   5.83033854e-04   3.11642381e+00   3.89371086e+00
 9.20000000e-01  -4.16666667e-03   1.00000000e+00   8.56957018e-02   5.75842187e-04   3.11396290e+00   3.89386744e+00
 9.30000000e-01  -4.16666667e-03   1.00000000e+00   8.43322806e-02   5.68616864e-04   3.10968166e+00   3.89377621e+00
 9.40000000e-01  -4.16666667e-03   1.00000000e+00   8.29733298e-02   5.61372380e-04   3.10691820e+00   3.89316031e+00
 9.50000000e-01  -4.16666667e-03   1.00000000e+00   8.16218342e-02   5.54129711e-04   3.10477505e+00   3.89275242e+00
 9.60000000e-01  -4.16666667e-03   1.00000000e+00   8.02803850e-02   5.46899984e-04   3.10079669e+00   3.89219116e+00
 9.70000000e-01  -4.16666667e-03   1.00000000e+00   7.89515412e-02   5.39695549e-04   3.09717977e+00   3.89189796e+00
 9.80000000e-01  -4.16666667e-03   1.00000000e+00   7.76377861e-02   5.32531254e-04   3.09417326e+00   3.89109096e+00
 9.90000000e-01  -4.16666667e-03   1.00000000e+00   7.63415109e-02   5.25422123e-04   3.09103162e+00   3.89056771e+00
 1.00000000e+00  -4.16666667e-03   1.00000000e+00   7.50650097e-02   5.18380733e-04   3.08804219e+00   3.88972846e+00
 1.01000000e+00  -4.16666667e-03   1.00000000e+00   7.38104841e-02   5.11419936e-04   3.08403914e+00   3.88912638e+00
 1.02000000e+00  -4.16666667e-03   1.00000000e+00   7.25800332e-02   5.04552386e-04   3.07875906e+00   3.88811207e+00
 1.03000000e+00  -4.16666667e-03   1.00000000e+00   7.13756580e-02   4.97793358e-04   3.07570218e+00   3.88688890e+00
 1.04000000e+00  -4.16666667e-03   1.00000000e+00   7.01992704e-02   4.91150796e-04   3.07338866e+00   3.88597307e+00
 1.05000000e+00  -4.16666667e-03   1.00000000e+00   6.90526718e-02   4.84638043e-04   3.06864662e+00   3.88483050e+00
 1.06000000e+00  -4.16666667e-03   1.00000000e+00   6.79375218e-02   4.78262976e-04   3.06445967e+00   3.88377729e+00
 1.07000000e+00  -4.16666667e-03   1.00000000e+00   6.68556654e-02   4.72039400e-04   3.06165667e+00   3.88287241e+00
 1.08000000e+00  -4.16666667e-03   1.00000000e+00   6.58085797e-02   4.65974379e-04   3.05838891e+00   3.88107936e+00
 1.09000000e+00  -4.16666667e-03   1.00000000e+00   6.47976723e-02   4.60079008e-04   3.05491519e+00   3.87967721e+00
 1.10000000e+00  -4.16666667e-03   1.00000000e+00   6.38241344e-02   4.54358837e-04   3.05074558e+00   3.87837548e+00
 1.11000000e+00  -4.16666667e-03   1.00000000e+00   6.28891552e-02   4.48826067e-04   3.04715764e+00   3.87674651e+00
 1.12000000e+00  -4.16666667e-03   1.00000000e+00   6.19938357e-02   4.43485023e-04   3.04382519e+00   3.87521253e+00
 1.13000000e+00  -4.16666667e-03   1.00000000e+00   6.11387508e-02   4.38332065e-04   3.04061565e+00   3.87384320e+00
 1.14000000e+00  -4.16666667e-03   1.00000000e+00   6.03250064e-02   4.33383956e-04   3.03719008e+00   3.87151789e+00
 1.15000000e+00  -4.16666667e-03   1.00000000e+00   5.95534533e-02   4.28645405e-04   3.03318677e+00   3.87021887e+00
 1.16000000e+00  -4.16666667e-03   1.00000000e+00   5.88248066e-02   4.24120510e-04   3.02993866e+00   3.86890090e+00
 1.17000000e+00  -4.16666667e-03   1.00000000e+00   5.81396670e-02   4.19815731e-04   3.02703760e+00   3.86723872e+00
 1.18000000e+00  -4.16666667e-03   1.00000000e+00   5.74985282e-02   4.15734978e-04   3.02394569e+00   3.86525381e+00
 1.19000000e+00  -4.16666667e-03   1.00000000e+00   5.69021514e-02   4.11890566e-04   3.02067461e+00   3.86366028e+00
 1.20000000e+00  -4.16666667e-03   1.00000000e+00   5.63503617e-02   4.08268522e-04   3.01784673e+00   3.86183890e+00
 1.21000000e+00  -4.16666667e-03   1.00000000e+00   5.58434781e-02   4.04881557e-04   3.01402509e+00   3.85990780e+00
 1.22000000e+00  -4.16666667e-03   1.00000000e+00   5.53816021e-02   4.01732638e-04   3.01221031e+00   3.85826496e+00
 1.23000000e+00  -4.16666667e-03   1.00000000e+00   5.49647008e-02   3.98821149e-04   3.00852894e+00   3.85595912e+00
 1.24000000e+00  -4.16666667e-03   1.00000000e+00   5.45924968e-02   3.96144238e-04   3.00600821e+00   3.85483728e+00
 1.25000000e+00  -4.16666667e-03   1.00000000e+00   5.42650696e-02   3.93710115e-04   3.00288448e+00   3.85302628e+00
 1.26000000e+00  -4.16666667e-03   1.00000000e+00   5.39820271e-02   3.91511618e-04   3.00114201e+00   3.85100452e+00
 1.27000000e+00  -4.16666667e-03   1.00000000e+00   5.37428065e-02   3.89546327e-04   2.99886807e+00   3.84881426e+00
 1.28000000e+00  -4.16666667e-03   1.00000000e+00   5.35471391e-02   3.87819526e-04   2.98594963e+00   3.84272112e+00
 1.29000000e+00  -4.16666667e-03   1.00000000e+00   5.33951885e-02   3.86288546e-04   3.00609774e+00   3.84482903e+00
 1.30000000e+00  -4.16666667e-03   1.00000000e+00   5.32851284e-02   3.85031253e-04   2.99070465e+00   3.84873955e+00
 1.31000000e+00  -4.16666667e-03   1.00000000e+00   5.32165035e-02   3.84036938e-04   2.98704225e+00   3.84038509e+00
 1.32000000e+00  -4.16666667e-03   1.00000000e+00   5.31883495e-02   3.83236875e-04   2.99057399e+00   3.84112837e+00
 1.33000000e+00  -4.16666667e-03   1.00000000e+00   5.32002374e-02   3.82668648e-04   2.98796342e+00   3.84017510e+00
 1.34000000e+00  -4.16666667e-03   1.00000000e+00   5.32513342e-02   3.82328987e-04   2.98531597e+00   3.83913036e+00
 1.35000000e+00  -4.16666667e-03   1.00000000e+00   5.33406695e-02   3.82205982e-04   2.98368608e+00   3.83733504e+00
 1.36000000e+00  -4.16666667e-03   1.00000000e+00   5.34674742e-02   3.82293483e-04   2.98147441e+00   3.83585030e+00
 1.37000000e+00  -4.16666667e-03   1.00000000e+00   5.36309774e-02   3.82582698e-04   2.98033066e+00   3.83417121e+00
 1.38000000e+00  -4.16666667e-03   1.00000000e+00   5.38302557e-02   3.83074618e-04   2.97949386e+00   3.83230366e+00
 1.39000000e+00  -4.16666667e-03   1.00000000e+00   5.40641929e-02   3.83768286e-04   2.97758264e+00   3.83081643e+00
 1.40000000e+00  -4.16666667e-03   1.00000000e+00   5.43303864e-02   3.84602023e-04   2.95825658e+00   3.82182289e+00
 1.41000000e+00  -4.16666667e-03   1.00000000e+00   5.46291716e-02   3.85595239e-04   2.98076754e+00   3.81434186e+00
 1.42000000e+00  -4.16666667e-03   1.00000000e+00   5.49586435e-02   3.86797539e-04   2.97552580e+00   3.82526656e+00
 1.43000000e+00  -4.16666667e-03   1.00000000e+00   5.53173425e-02   3.88181405e-04   2.97414544e+00   3.82301724e+00
 1.44000000e+00  -4.16666667e-03   1.00000000e+00   5.57038950e-02   3.89760913e-04   2.97213342e+00   3.82179167e+00
 1.45000000e+00  -4.16666667e-03   1.00000000e+00   5.61168743e-02   3.91524011e-04   2.97222661e+00   3.81987040e+00
 1.46000000e+00  -4.16666667e-03   1.00000000e+00   5.65545248e-02   3.93449283e-04   2.97179177e+00   3.81944688e+00
 1.47000000e+00  -4.16666667e-03   1.00000000e+00   5.70154925e-02   3.95525840e-04   2.97131891e+00   3.81862435e+00
 1.48000000e+00  -4.16666667e-03   1.00000000e+00   5.74983773e-02   3.97736884e-04   2.97124957e+00   3.81752588e+00
 1.49000000e+00  -4.16666667e-03   1.00000000e+00   5.80018609e-02   4.00075694e-04   2.97229325e+00   3.81594482e+00
 1.50000000e+00  -4.16666667e-03   1.00000000e+00   5.85244276e-02   4.02530283e-04   2.97124728e+00   3.81520151e+00
 1.51000000e+00  -4.16666667e-03   1.00000000e+00   5.90646034e-02   4.05095361e-04   2.97262196e+00   3.81440349e+00
 1.52000000e+00  -4.16666667e-03   1.00000000e+00   5.96209138e-02   4.07764305e-04   2.97228199e+00   3.81346037e+00
 1.53000000e+00  -4.16666667e-03   1.00000000e+00   6.01918874e-02   4.10531011e-04   2.97239199e+00   3.81292034e+00
 1.54000000e+00  -4.16666667e-03   1.00000000e+00   6.07761068e-02   4.13390063e-04   2.97313744e+00   3.81195249e+00
 1.55000000e+00  -4.16666667e-03   1.00000000e+00   6.13720878e-02   4.16334018e-04   2.97394028e+00   3.81143353e+00
 1.56000000e+00  -4.16666667e-03   1.00000000e+00   6.19783876e-02   4.19356976e-04   2.97344584e+00   3.81068699e+00
 1.57000000e+00  -4.16666667e-03   1.00000000e+00   6.25936976e-02   4.22456123e-04   2.97478776e+00   3.81050939e+00
 1.58000000e+00  -4.16666667e-03   1.00000000e+00   6.32164588e-02   4.25619644e-04   2.97529314e+00   3.80984073e+00
 1.59000000e+00  -4.16666667e-03   1.00000000e+00   6.38451778e-02   4.28838493e-04   2.97600576e+00   3.80906506e+00
 1.60000000e+00  -4.16666667e-03   1.00000000e+00   6.44784272e-02   4.32104697e-04   2.97751943e+00   3.80861850e+00
 1.61000000e+00  -4.16666667e-03   1.00000000e+00   6.51147959e-02   4.35409493e-04   2.97766613e+00   3.80837688e+00
 1.62000000e+00  -4.16666667e-03   1.00000000e+00   6.57526086e-02   4.38738602e-04   2.97865431e+00   3.80777543e+00
 1.63000000e+00  -4.16666667e-03   1.00000000e+00   6.63906642e-02   4.42091878e-04   2.98050262e+00   3.80748192e+00
 1.64000000e+00  -4.16666667e-03   1.00000000e+00   6.70277262e-02   4.45461714e-04   2.98234784e+00   3.80761536e+00
 1.65000000e+00  -4.16666667e-03   1.00000000e+00   6.76627588e-02   4.48841757e-04   2.98306498e+00   3.80780205e+00
 1.66000000e+00  -4.16666667e-03   1.00000000e+00   6.82943661e-02   4.52220916e-04   2.98347730e+00   3.80758357e+00
 1.67000000e+00  -4.16666667e-03   1.00000000e+00   6.89213264e-02   4.55596514e-04   2.98532713e+00   3.80801367e+00
 1.68000000e+00  -4.16666667e-03   1.00000000e+00   6.95424443e-02   4.58961767e-04   2.98663634e+00   3.80725672e+00
 1.69000000e+00  -4.16666667e-03   1.00000000e+00   7.01565496e-02   4.62308680e-04   2.98885904e+00   3.80774031e+00
 1.70000000e+00  -4.16666667e-03   1.00000000e+00   7.07625271e-02   4.65631262e-04   2.99132488e+00   3.80757066e+00
 1.71000000e+00  -4.16666667e-03   1.00000000e+00   7.13592949e-02   4.68922311e-04   2.99283737e+00   3.80813718e+00
 1.72000000e+00  -4.16666667e-03   1.00000000e+00   7.19458214e-02   4.72176394e-04   2.99344505e+00   3.80834170e+00
 1.73000000e+00  -4.16666667e-03   1.00000000e+00   7.25211234e-02   4.75387234e-04   2.99473752e+00   3.80900912e+00
 1.74000000e+00  -4.16666667e-03   1.00000000e+00   7.30842594e-02   4.78548906e-04   2.99694959e+00   3.80915369e+00
 1.75000000e+00  -4.16666667e-03   1.00000000e+00   7.36343402e-02   4.81655603e-04   2.99820665e+00   3.80933188e+00
 1.76000000e+00  -4.16666667e-03   1.00000000e+00   7.41705174e-02   4.84702476e-04   3.00085548e+00   3.80989274e+00
 1.77000000e+00  -4.16666667e-03   1.00000000e+00   7.46920106e-02   4.87686420e-04   3.00189116e+00   3.80999189e+00
 1.78000000e+00  -4.16666667e-03   1.00000000e+00   7.51979566e-02   4.90598030e-04   3.00282417e+00   3.81097907e+00
 1.79000000e+00  -4.16666667e-03   1.00000000e+00   7.56876687e-02   4.93436092e-04   3.00440868e+00   3.81108273e+00
 1.80000000e+00  -4.16666667e-03   1.00000000e+00   7.61604798e-02   4.96194955e-04   3.00731568e+00   3.81200354e+00
 1.81000000e+00  -4.16666667e-03   1.00000000e+00   7.66158400e-02   4.98872253e-04   3.00921656e+00   3.81220353e+00
 1.82000000e+00  -4.16666667e-03   1.00000000e+00   7.70531827e-02   5.01461845e-04   3.01027843e+00   3.81288827e+00
 1.83000000e+00  -4.16666667e-03   1.00000000e+00   7.74719944e-02   5.03960742e-04   3.01230987e+00   3.81364788e+00
 1.84000000e+00  -4.16666667e-03   1.00000000e+00   7.78720057e-02   5.06371066e-04   3.01349957e+00   3.81401847e+00
 1.85000000e+00  -4.16666667e-03   1.00000000e+00   7.82527020e-02   5.08686365e-04   3.01564314e+00   3.81455195e+00
 1.86000000e+00  -4.16666667e-03   1.00000000e+00   7.86136784e-02   5.10904126e-04   3.01796559e+00   3.81531631e+00
 1.87000000e+00  -4.16666667e-03   1.00000000e+00   7.89546022e-02   5.13021999e-04   3.01806527e+00   3.81605434e+00
 1.88000000e+00  -4.16666667e-03   1.00000000e+00   7.92751887e-02   5.15037084e-04   3.02052176e+00   3.81676269e+00
 1.89000000e+00  -4.16666667e-03   1.00000000e+00   7.95752128e-02   5.16947634e-04   3.02165300e+00   3.81754311e+00
 1.90000000e+00  -4.16666667e-03   1.00000000e+00   7.98543103e-02   5.18747503e-04   3.02380366e+00   3.81841698e+00
 1.91000000e+00  -4.16666667e-03   1.00000000e+00   8.01125643e-02   5.20443047e-04   3.02578391e+00   3.81925823e+00
 1.92000000e+00  -4.16666667e-03   1.00000000e+00   8.03498277e-02   5.22028849e-04   3.02662528e+00   3.82034317e+00
 1.93000000e+00  -4.16666667e-03   1.00000000e+00   8.05660447e-02   5.23503851e-04   3.02791502e+00   3.82063571e+00
 1.94000000e+00  -4.16666667e-03   1.00000000e+00   8.07612387e-02   5.24866887e-04   3.02917301e+00   3.82165435e+00
 1.95000000e+00  -4.16666667e-03   1.00000000e+00   8.09354957e-02   5.26123897e-04   3.04003802e+00   3.82675500e+00
 1.96000000e+00  -4.16666667e-03   1.00000000e+00   8.10879790e-02   5.27284861e-04   3.02019864e+00   3.82423470e+00
 1.97000000e+00  -4.16666667e-03   1.00000000e+00   8.12200038e-02   5.28308538e-04   3.03514362e+00   3.81881742e+00
 1.98000000e+00  -4.16666667e-03   1.00000000e+00   8.13316484e-02   5.29195142e-04   3.04091611e+00   3.82772626e+00
 1.99000000e+00  -4.16666667e-03   1.00000000e+00   8.14233287e-02   5.30000882e-04   3.03257502e+00   3.82796094e+00
 2.00000000e+00  -4.16666667e-03   1.00000000e+00   8.14946428e-02   5.30711933e-04   3.03607076e+00   3.82505809e+00
 2.01000000e+00  -4.16666667e-03   1.00000000e+00   8.15461479e-02   5.31306469e-04   3.03813760e+00   3.82551446e+00
 2.02000000e+00  -4.16666667e-03   1.00000000e+00   8.15781799e-02   5.31789368e-04   3.03722873e+00   3.82664997e+00
 2.03000000e+00  -4.16666667e-03   1.00000000e+00   8.15911919e-02   5.32160692e-04   3.03905427e+00   3.82737930e+00
 2.04000000e+00  -4.16666667e-03   1.00000000e+00   8.15855741e-02   5.32420704e-04   3.03995858e+00   3.82815259e+00
 2.05000000e+00  -4.16666667e-03   1.00000000e+00   8.15616544e-02   5.32572808e-04   3.04090394e+00   3.82919328e+00
 2.06000000e+00  -4.16666667e-03   1.00000000e+00   8.15198026e-02   5.32623228e-04   3.04118664e+00   3.82987778e+00
 2.07000000e+00  -4.16666667e-03   1.00000000e+00   8.14606042e-02   5.32575727e-04   3.04258860e+00   3.83024501e+00
 2.08000000e+00  -4.16666667e-03   1.00000000e+00   8.13844141e-02   5.32438996e-04   3.04286848e+00   3.83126540e+00
 2.09000000e+00  -4.16666667e-03   1.00000000e+00   8.12915833e-02   5.32209625e-04   3.04360493e+00   3.83200356e+00
 2.10000000e+00  -4.16666667e-03   1.00000000e+00   8.11825065e-02   5.31887000e-04   3.04425762e+00   3.83263625e+00
 2.11000000e+00  -4.16666667e-03   1.00000000e+00   8.10577893e-02   5.31471560e-04   3.04585488e+00   3.83341799e+00
 2.12000000e+00  -4.16666667e-03   1.00000000e+00   8.09180408e-02   5.30966653e-04   3.04514459e+00   3.83440734e+00
 2.13000000e+00  -4.16666667e-03   1.00000000e+00   8.07638820e-02   5.30374744e-04   3.04609999e+00   3.83463510e+00
 2.14000000e+00  -4.16666667e-03   1.00000000e+00   8.05959918e-02   5.29699504e-04   3.04682998e+00   3.83559688e+00
 2.15000000e+00  -4.16666667e-03   1.00000000e+00   8.04150191e-02   5.28943951e-04   3.04664677e+00   3.83612988e+00
 2.16000000e+00  -4.16666667e-03   1.00000000e+00   8.02216418e-02   5.28111508e-04   3.04730559e+00   3.83665564e+00
 2.17000000e+00  -4.16666667e-03   1.00000000e+00   8.00167014e-02   5.27209336e-04   3.04641307e+00   3.83652341e+00
 2.18000000e+00  -4.16666667e-03   1.00000000e+00   7.98008367e-02   5.26239177e-04   3.04662328e+00   3.83822932e+00
 2.19000000e+00  -4.16666667e-03   1.00000000e+00   7.95747149e-02   5.25206443e-04   3.04881526e+00   3.83796399e+00
 2.20000000e+00  -4.16666667e-03   1.00000000e+00   7.93389537e-02   5.24111582e-04   3.04684014e+00   3.83846190e+00
 2.21000000e+00  -4.16666667e-03   1.00000000e+00   7.90942554e-02   5.22960311e-04   3.04733984e+00   3.83910956e+00
 2.22000000e+00  -4.16666667e-03   1.00000000e+00   7.88413141e-02   5.21755577e-04   3.04649527e+00   3.83951589e+00
 2.23000000e+00  -4.16666667e-03   1.00000000e+00   7.85808159e-02   5.20501166e-04   3.04602708e+00   3.83981911e+00
 2.24000000e+00  -4.16666667e-03   1.00000000e+00   7.83134465e-02   5.19200473e-04   3.04766071e+00   3.84063841e+00
 2.25000000e+00  -4.16666667e-03   1.00000000e+00   7.80398739e-02   5.17857360e-04   3.04531307e+00   3.84079189e+00
 2.26000000e+00  -4.16666667e-03   1.00000000e+00   7.77607815e-02   5.16474766e-04   3.04755738e+00   3.84080012e+00
 2.27000000e+00  -4.16666667e-03   1.00000000e+00   7.74768604e-02   5.15055879e-04   3.04539927e+00   3.84171844e+00
 2.28000000e+00  -4.16666667e-03   1.00000000e+00   7.71887098e-02   5.13602499e-04   3.04520848e+00   3.84206817e+00
 2.29000000e+00  -4.16666667e-03   1.00000000e+00   7.68970720e-02   5.12119670e-04   3.04524704e+00   3.84166366e+00
 2.30000000e+00  -4.16666667e-03   1.00000000e+00   7.66026425e-02   5.10611281e-04   3.04482095e+00   3.84256937e+00
 2.31000000e+00  -4.16666667e-03   1.00000000e+00   7.63060952e-02   5.09081904e-04   3.04400823e+00   3.84247045e+00
 2.32000000e+00  -4.16666667e-03   1.00000000e+00   7.60080905e-02   5.07534303e-04   3.04391065e+00   3.84265768e+00
 2.33000000e+00  -4.16666667e-03   1.00000000e+00   7.57094180e-02   5.05975904e-04   3.04344169e+00   3.84334785e+00
 2.34000000e+00  -4.16666667e-03   1.00000000e+00   7.54106413e-02   5.04406504e-04   3.04373321e+00   3.84301377e+00
 2.35000000e+00  -4.16666667e-03   1.00000000e+00   7.51123434e-02   5.02829353e-04   3.04232287e+00   3.84276647e+00
 2.36000000e+00  -4.16666667e-03   1.00000000e+00   7.48150073e-02   5.01247348e-04   3.04229008e+00   3.84285336e+00
 2.37000000e+00  -4.16666667e-03   1.00000000e+00   7.45192937e-02   4.99666154e-04   3.04097174e+00   3.84304106e+00
 2.38000000e+00  -4.16666667e-03   1.00000000e+00   7.42257711e-02   4.98087101e-04   3.04075007e+00   3.84291228e+00
 2.39000000e+00  -4.16666667e-03   1.00000000e+00   7.39350068e-02   4.96513558e-04   3.03922666e+00   3.84306465e+00
 2.40000000e+00  -4.16666667e-03   1.00000000e+00   7.36475448e-02   4.94948869e-04   3.03950640e+00   3.84328958e+00
 2.41000000e+00  -4.16666667e-03   1.00000000e+00   7.33639159e-02   4.93396178e-04   3.03838681e+00   3.84299977e+00
 2.42000000e+00  -4.16666667e-03   1.00000000e+00   7.30846215e-02   4.91858345e-04   3.03723094e+00   3.84317251e+00
 2.43000000e+00  -4.16666667e-03   1.00000000e+00   7.28101475e-02   4.90338667e-04   3.03602333e+00   3.84284930e+00
 2.44000000e+00  -4.16666667e-03   1.00000000e+00   7.25409559e-02   4.88839594e-04   3.03545546e+00   3.84287264e+00
 2.45000000e+00  -4.16666667e-03   1.00000000e+00   7.22774881e-02   4.87364123e-04   3.03556140e+00   3.84293238e+00
 2.46000000e+00  -4.16666667e-03   1.00000000e+00   7.20201629e-02   4.85914677e-04   3.03373472e+00   3.84274089e+00
 2.47000000e+00  -4.16666667e-03   1.00000000e+00   7.17693737e-02   4.84493546e-04   3.03413617e+00   3.84227322e+00
 2.48000000e+00  -4.16666667e-03   1.00000000e+00   7.15254920e-02   4.83102357e-04   3.03278162e+00   3.84203631e+00
 2.49000000e+00  -4.16666667e-03   1.00000000e+00   7.12889154e-02   4.81744727e-04   3.03227473e+00   3.84200689e+00
 2.50000000e+00  -4.16666667e-03   1.00000000e+00   7.10599717e-02   4.80421856e-04   3.03109508e+00   3.84189214e+00
 2.51000000e+00  -4.16666667e-03   1.00000000e+00   7.08389693e-02   4.79136258e-04   3.03099923e+00   3.84195846e+00
 2.52000000e+00  -4.16666667e-03   1.00000000e+00   7.06261704e-02   4.77889465e-04   3.02955609e+00   3.84088711e+00
 2.53000000e+00  -4.16666667e-03   1.00000000e+00   7.04218339e-02   4.76683300e-04   3.02882074e+00   3.84082158e+00
 2.54000000e+00  -4.16666667e-03   1.00000000e+00   7.02262027e-02   4.75520147e-04   3.02803755e+00   3.84075879e+00
 2.55000000e+00  -4.16666667e-03   1.00000000e+00   7.00394019e-02   4.74398418e-04   3.02753091e+00   3.84032794e+00
 2.56000000e+00  -4.16666667e-03   1.00000000e+00   6.98616738e-02   4.73321487e-04   3.02562352e+00   3.84002364e+00
 2.57000000e+00  -4.16666667e-03   1.00000000e+00   6.96932026e-02   4.72290610e-04   3.02491170e+00   3.83981448e+00
 2.58000000e+00  -4.16666667e-03   1.00000000e+00   6.95341475e-02   4.71306969e-04   3.02539975e+00   3.83934274e+00
 2.59000000e+00  -4.16666667e-03   1.00000000e+00   6.93846394e-02   4.70371480e-04   3.02458785e+00   3.83884375e+00
 2.60000000e+00  -4.16666667e-03   1.00000000e+00   6.92447829e-02   4.69485171e-04   3.02272742e+00   3.83885537e+00
 2.61000000e+00  -4.16666667e-03   1.00000000e+00   6.91147436e-02   4.68651000e-04   3.02311326e+00   3.83785740e+00
 2.62000000e+00  -4.16666667e-03   1.00000000e+00   6.89944870e-02   4.67865226e-04   3.02213958e+00   3.83796293e+00
 2.63000000e+00  -4.16666667e-03   1.00000000e+00   6.88840763e-02   4.67131474e-04   3.02070893e+00   3.83789520e+00
 2.64000000e+00  -4.16666667e-03   1.00000000e+00   6.87835355e-02   4.66449685e-04   3.01955979e+00   3.83740034e+00
 2.65000000e+00  -4.16666667e-03   1.00000000e+00   6.86928552e-02   4.65820006e-04   3.01975989e+00   3.83693764e+00
 2.66000000e+00  -4.16666667e-03   1.00000000e+00   6.86120227e-02   4.65243062e-04   3.01971802e+00   3.83708776e+00
 2.67000000e+00  -4.16666667e-03   1.00000000e+00   6.85409779e-02   4.64718359e-04   3.01772028e+00   3.83627133e+00
 2.68000000e+00  -4.16666667e-03   1.00000000e+00   6.84796512e-02   4.64245446e-04   3.01816338e+00   3.83607430e+00
 2.69000000e+00  -4.16666667e-03   1.00000000e+00   6.84279275e-02   4.63823804e-04   3.01700133e+00   3.83561524e+00
 2.70000000e+00  -4.16666667e-03   1.00000000e+00   6.83857251e-02   4.63453857e-04   3.01798847e+00   3.83542380e+00
 2.71000000e+00  -4.16666667e-03   1.00000000e+00   6.83529227e-02   4.63135046e-04   3.01644718e+00   3.83531096e+00
 2.72000000e+00  -4.16666667e-03   1.00000000e+00   6.83293530e-02   4.62866391e-04   3.01638009e+00   3.83414127e+00
 2.73000000e+00  -4.16666667e-03   1.00000000e+00   6.83148712e-02   4.62647190e-04   3.01599724e+00   3.83426471e+00
 2.74000000e+00  -4.16666667e-03   1.00000000e+00   6.83092700e-02   4.62477751e-04   3.01455978e+00   3.83366062e+00
 2.75000000e+00  -4.16666667e-03   1.00000000e+00   6.83125793e-02   4.62359571e-04   3.01470013e+00   3.83377395e+00
 2.76000000e+00  -4.16666667e-03   1.00000000e+00   6.83243604e-02   4.62293531e-04   3.01386344e+00   3.83322486e+00
 2.77000000e+00  -4.16666667e-03   1.00000000e+00   6.83444144e-02   4.62271421e-04   3.01366638e+00   3.83267765e+00
 2.78000000e+00  -4.16666667e-03   1.00000000e+00   6.83724131e-02   4.62292056e-04   3.01366892e+00   3.83265167e+00
 2.79000000e+00  -4.16666667e-03   1.00000000e+00   6.84080986e-02   4.62354364e-04   3.01224133e+00   3.83187879e+00
 2.80000000e+00  -4.16666667e-03   1.00000000e+00   6.84514012e-02   4.62458585e-04   3.01205825e+00   3.83143182e+00
 2.81000000e+00  -4.16666667e-03   1.00000000e+00   6.85020794e-02   4.62605955e-04   3.01295828e+00   3.83148858e+00
 2.82000000e+00  -4.16666667e-03   1.00000000e+00   6.85599710e-02   4.62796937e-04   3.01126213e+00   3.83083440e+00
 2.83000000e+00  -4.16666667e-03   1.00000000e+00   6.86250607e-02   4.63029616e-04   3.01158175e+00   3.83055964e+00
 2.84000000e+00  -4.16666667e-03   1.00000000e+00   6.86969161e-02   4.63305157e-04   3.01056010e+00   3.83032681e+00
 2.85000000e+00  -4.16666667e-03   1.00000000e+00   6.87752430e-02   4.63619890e-04   3.01168699e+00   3.82947322e+00
 2.86000000e+00  -4.16666667e-03   1.00000000e+00   6.88597283e-02   4.63971820e-04   3.01151322e+00   3.82957178e+00
 2.87000000e+00  -4.16666667e-03   1.00000000e+00   6.89500752e-02   4.64360444e-04   3.01051521e+00   3.82954906e+00
 2.88000000e+00  -4.16666667e-03   1.00000000e+00   6.90458623e-02   4.64782746e-04   3.01061614e+00   3.82945504e+00
 2.89000000e+00  -4.16666667e-03   1.00000000e+00   6.91467667e-02   4.65237237e-04   3.01100132e+00   3.82910792e+00
 2.90000000e+00  -4.16666667e-03   1.00000000e+00   6.92524608e-02   4.65721273e-04   3.01150062e+00   3.82846567e+00
 2.91000000e+00  -4.16666667e-03   1.00000000e+00   6.93626467e-02   4.66233795e-04   3.01080008e+00   3.82873081e+00
 2.92000000e+00  -4.16666667e-03   1.00000000e+00   6.94769858e-02   4.66773013e-04   3.01093194e+00   3.82845740e+00
 2.93000000e+00  -4.16666667e-03   1.00000000e+00   6.95951589e-02   4.67336827e-04   3.01131840e+00   3.82857125e+00
 2.94000000e+00  -4.16666667e-03   1.00000000e+00   6.97168429e-02   4.67923731e-04   3.01062501e+00   3.82795786e+00
 2.95000000e+00  -4.16666667e-03   1.00000000e+00   6.98417188e-02   4.68531700e-04   3.01097399e+00   3.82767244e+00
 2.96000000e+00  -4.16666667e-03   1.00000000e+00   6.99694816e-02   4.69159455e-04   3.01070062e+00   3.82754429e+00
 2.97000000e+00  -4.16666667e-03   1.00000000e+00   7.00998097e-02   4.69805373e-04   3.01201310e+00   3.82755810e+00
 2.98000000e+00  -4.16666667e-03   1.00000000e+00   7.02323922e-02   4.70468093e-04   3.01174595e+00   3.82758053e+00
 2.99000000e+00  -4.16666667e-03   1.00000000e+00   7.03669424e-02   4.71146949e-04   3.01253492e+00   3.82769553e+00
 3.00000000e+00  -4.16666667e-03   1.00000000e+00   7.05031242e-02   4.71839369e-04   3.01186754e+00   3.82756927e+00
 3.01000000e+00  -4.16666667e-03   1.00000000e+00   7.06406107e-02   4.72543415e-04   3.01130412e+00   3.82729018e+00
 3.02000000e+00  -4.16666667e-03   1.00000000e+00   7.07790909e-02   4.73257386e-04   3.01152692e+00   3.82697202e+00
 3.03000000e+00  -4.16666667e-03   1.00000000e+00   7.09182586e-02   4.73979684e-04   3.01239756e+00   3.82698578e+00
 3.04000000e+00  -4.16666667e-03   1.00000000e+00   7.10577466e-02   4.74707238e-04   3.01261576e+00   3.82696422e+00
 3.05000000e+00  -4.16666667e-03   1.00000000e+00   7.11972897e-02   4.75440061e-04   3.01143879e+00   3.82652835e+00
 3.06000000e+00  -4.16666667e-03   1.00000000e+00   7.13366153e-02   4.76176254e-04   3.01348681e+00   3.82696259e+00
 3.07000000e+00  -4.16666667e-03   1.00000000e+00   7.14755024e-02   4.76915153e-04   3.01341784e+00   3.82673041e+00
 3.08000000e+00  -4.16666667e-03   1.00000000e+00   7.16136369e-02   4.77653564e-04   3.01314532e+00   3.82644706e+00
 3.09000000e+00  -4.16666667e-03   1.00000000e+00   7.17507536e-02   4.78391068e-04   3.01331566e+00   3.82650960e+00
 3.10000000e+00  -4.16666667e-03   1.00000000e+00   7.18865896e-02   4.79126145e-04   3.01378065e+00   3.82657300e+00
 3.11000000e+00  -4.16666667e-03   1.00000000e+00   7.20208886e-02   4.79857183e-04   3.01517477e+00   3.82660692e+00
 3.12000000e+00  -4.16666667e-03   1.00000000e+00   7.21534053e-02   4.80582691e-04   3.01425368e+00   3.82642940e+00
 3.13000000e+00  -4.16666667e-03   1.00000000e+00   7.22838986e-02   4.81301122e-04   3.01398883e+00   3.82680939e+00
 3.14000000e+00  -4.16666667e-03   1.00000000e+00   7.24121462e-02   4.82011433e-04   3.01523213e+00   3.82644511e+00
 3.15000000e+00  -4.16666667e-03   1.00000000e+00   7.25379332e-02   4.82711795e-04   3.01673794e+00   3.82636842e+00
 3.16000000e+00  -4.16666667e-03   1.00000000e+00   7.26610520e-02   4.83401334e-04   3.01658800e+00   3.82696166e+00
 3.17000000e+00  -4.16666667e-03   1.00000000e+00   7.27813042e-02   4.84079045e-04   3.01675759e+00   3.82699085e+00
 3.18000000e+00  -4.16666667e-03   1.00000000e+00   7.28985068e-02   4.84743271e-04   3.01687033e+00   3.82671291e+00
 3.19000000e+00  -4.16666667e-03   1.00000000e+00   7.30124884e-02   4.85393347e-04   3.01699461e+00   3.82750779e+00
 3.20000000e+00  -4.16666667e-03   1.00000000e+00   7.31230607e-02   4.86028211e-04   3.01695159e+00   3.82729123e+00
 3.21000000e+00  -4.16666667e-03   1.00000000e+00   7.32300720e-02   4.86646478e-04   3.01812678e+00   3.82745272e+00
 3.22000000e+00  -4.16666667e-03   1.00000000e+00   7.33333792e-02   4.87247489e-04   3.01856424e+00   3.82735409e+00
 3.23000000e+00  -4.16666667e-03   1.00000000e+00   7.34328583e-02   4.87830317e-04   3.01987962e+00   3.82784740e+00
 3.24000000e+00  -4.16666667e-03   1.00000000e+00   7.35283888e-02   4.88394219e-04   3.02021533e+00   3.82737841e+00
 3.25000000e+00  -4.16666667e-03   1.00000000e+00   7.36198562e-02   4.88937862e-04   3.02090382e+00   3.82747674e+00
 3.26000000e+00  -4.16666667e-03   1.00000000e+00   7.37072032e-02   4.89462408e-04   3.02093449e+00   3.82826722e+00
 3.27000000e+00  -4.16666667e-03   1.00000000e+00   7.37903156e-02   4.89966246e-04   3.02029763e+00   3.82777036e+00
 3.28000000e+00  -4.16666667e-03   1.00000000e+00   7.38691060e-02   4.90448091e-04   3.02050026e+00   3.82755157e+00
 3.29000000e+00  -4.16666667e-03   1.00000000e+00   7.39435037e-02   4.90908023e-04   3.02111157e+00   3.82856111e+00
 3.30000000e+00  -4.16666667e-03   1.00000000e+00   7.40134469e-02   4.91345909e-04   3.02200711e+00   3.82889277e+00
 3.31000000e+00  -4.16666667e-03   1.00000000e+00   7.40788849e-02   4.91760565e-04   3.02161508e+00   3.82855672e+00
 3.32000000e+00  -4.16666667e-03   1.00000000e+00   7.41397382e-02   4.92150706e-04   3.02234256e+00   3.82916175e+00
 3.33000000e+00  -4.16666667e-03   1.00000000e+00   7.41960281e-02   4.92518443e-04   3.02284667e+00   3.82894811e+00
 3.34000000e+00  -4.16666667e-03   1.00000000e+00   7.42477210e-02   4.92861772e-04   3.02246909e+00   3.82892100e+00
 3.35000000e+00  -4.16666667e-03   1.00000000e+00   7.42948051e-02   4.93180871e-04   3.02399850e+00   3.82925060e+00
 3.36000000e+00  -4.16666667e-03   1.00000000e+00   7.43372890e-02   4.93475707e-04   3.02448998e+00   3.82952391e+00
 3.37000000e+00  -4.16666667e-03   1.00000000e+00   7.43751749e-02   4.93745902e-04   3.02395288e+00   3.82979760e+00
 3.38000000e+00  -4.16666667e-03   1.00000000e+00   7.44084900e-02   4.93991802e-04   3.02345743e+00   3.83005145e+00
 3.39000000e+00  -4.16666667e-03   1.00000000e+00   7.44372668e-02   4.94213331e-04   3.02408668e+00   3.83033054e+00
 3.40000000e+00  -4.16666667e-03   1.00000000e+00   7.44613297e-02   4.94409600e-04   3.02409352e+00   3.83083314e+00
 3.41000000e+00  -4.16666667e-03   1.00000000e+00   7.44807608e-02   4.94576236e-04   3.02564501e+00   3.83013718e+00
 3.42000000e+00  -4.16666667e-03   1.00000000e+00   7.44956529e-02   4.94716001e-04   3.02486811e+00   3.83066936e+00
 3.43000000e+00  -4.16666667e-03   1.00000000e+00   7.45061599e-02   4.94830678e-04   3.02576865e+00   3.83133542e+00
 3.44000000e+00  -4.16666667e-03   1.00000000e+00   7.45122222e-02   4.94923095e-04   3.02623800e+00   3.83126710e+00
 3.45000000e+00  -4.16666667e-03   1.00000000e+00   7.45140870e-02   4.94990052e-04   3.02646344e+00   3.83086017e+00
 3.46000000e+00  -4.16666667e-03   1.00000000e+00   7.45119205e-02   4.95031811e-04   3.02694704e+00   3.83163593e+00
 3.47000000e+00  -4.16666667e-03   1.00000000e+00   7.45060045e-02   4.95050903e-04   3.02694050e+00   3.83197318e+00
 3.48000000e+00  -4.16666667e-03   1.00000000e+00   7.44966521e-02   4.95051831e-04   3.02736667e+00   3.83103166e+00
 3.49000000e+00  -4.16666667e-03   1.00000000e+00   7.44841137e-02   4.95037455e-04   3.02672942e+00   3.83178882e+00
 3.50000000e+00  -4.16666667e-03   1.00000000e+00   7.44684317e-02   4.95010030e-04   3.02622594e+00   3.83204481e+00
 3.51000000e+00  -4.16666667e-03   1.00000000e+00   7.44495236e-02   4.94972644e-04   3.02704431e+00   3.83208849e+00
 3.52000000e+00  -4.16666667e-03   1.00000000e+00   7.44273858e-02   4.94923156e-04   3.02756656e+00   3.83195895e+00
 3.53000000e+00  -4.16666667e-03   1.00000000e+00   7.44019879e-02   4.94857079e-04   3.02712158e+00   3.83240892e+00
 3.54000000e+00  -4.16666667e-03   1.00000000e+00   7.43733742e-02   4.94771279e-04   3.02668717e+00   3.83262826e+00
 3.55000000e+00  -4.16666667e-03   1.00000000e+00   7.43417919e-02   4.94665478e-04   3.02624420e+00   3.83262934e+00
 3.56000000e+00  -4.16666667e-03   1.00000000e+00   7.43071009e-02   4.94540817e-04   3.02715609e+00   3.83279320e+00
 3.57000000e+00  -4.16666667e-03   1.00000000e+00   7.42694469e-02   4.94396535e-04   3.02768932e+00   3.83289389e+00
 3.58000000e+00  -4.16666667e-03   1.00000000e+00   7.42290798e-02   4.94230449e-04   3.02674494e+00   3.83289087e+00
 3.59000000e+00  -4.16666667e-03   1.00000000e+00   7.41860321e-02   4.94047221e-04   3.02955696e+00   3.83300781e+00
 3.60000000e+00  -4.16666667e-03   1.00000000e+00   7.41404549e-02   4.93847351e-04   3.02733821e+00   3.83289402e+00
 3.61000000e+00  -4.16666667e-03   1.00000000e+00   7.40924074e-02   4.93630848e-04   3.02761174e+00   3.83391896e+00
 3.62000000e+00  -4.16666667e-03   1.00000000e+00   7.40420380e-02   4.93398114e-04   3.02729461e+00   3.83345764e+00
 3.63000000e+00  -4.16666667e-03   1.00000000e+00   7.39895610e-02   4.93149244e-04   3.02778859e+00   3.83371625e+00
 3.64000000e+00  -4.16666667e-03   1.00000000e+00   7.39351656e-02   4.92887570e-04   3.02815373e+00   3.83375855e+00
 3.65000000e+00  -4.16666667e-03   1.00000000e+00   7.38790566e-02   4.92614349e-04   3.02737221e+00   3.83375558e+00
 3.66000000e+00  -4.16666667e-03   1.00000000e+00   7.38213811e-02   4.92329836e-04   3.02870662e+00   3.83358432e+00
 3.67000000e+00  -4.16666667e-03   1.00000000e+00   7.37623291e-02   4.92035715e-04   3.02814341e+00   3.83413694e+00
 3.68000000e+00  -4.16666667e-03   1.00000000e+00   7.37020679e-02   4.91733291e-04   3.02773158e+00   3.83411758e+00
 3.69000000e+00  -4.16666667e-03   1.00000000e+00   7.36407491e-02   4.91422683e-04   3.02661759e+00   3.83438786e+00
 3.70000000e+00  -4.16666667e-03   1.00000000e+00   7.35785388e-02   4.91105647e-04   3.02643036e+00   3.83383263e+00
 3.71000000e+00  -4.16666667e-03   1.00000000e+00   7.35155921e-02   4.90782709e-04   3.02810434e+00   3.83423054e+00
 3.72000000e+00  -4.16666667e-03   1.00000000e+00   7.34520532e-02   4.90455400e-04   3.02763356e+00   3.83456661e+00
 3.73000000e+00  -4.16666667e-03   1.00000000e+00   7.33880534e-02   4.90124088e-04   3.02774443e+00   3.83412850e+00
 3.74000000e+00  -4.16666667e-03   1.00000000e+00   7.33237585e-02   4.89789883e-04   3.02745993e+00   3.83470839e+00
 3.75000000e+00  -4.16666667e-03   1.00000000e+00   7.32592811e-02   4.89453347e-04   3.02609853e+00   3.83467538e+00
 3.76000000e+00  -4.16666667e-03   1.00000000e+00   7.31947435e-02   4.89114650e-04   3.02732918e+00   3.83425207e+00
 3.77000000e+00  -4.16666667e-03   1.00000000e+00   7.31302453e-02   4.88773810e-04   3.02630191e+00   3.83471799e+00
 3.78000000e+00  -4.16666667e-03   1.00000000e+00   7.30659171e-02   4.88432714e-04   3.02692936e+00   3.83405399e+00
 3.79000000e+00  -4.16666667e-03   1.00000000e+00   7.30018842e-02   4.88091251e-04   3.02677047e+00   3.83461651e+00
 3.80000000e+00  -4.16666667e-03   1.00000000e+00   7.29382651e-02   4.87750803e-04   3.02617125e+00   3.83486321e+00
 3.81000000e+00  -4.16666667e-03   1.00000000e+00   7.28751748e-02   4.87411018e-04   3.02732449e+00   3.83433335e+00
 3.82000000e+00  -4.16666667e-03   1.00000000e+00   7.28127334e-02   4.87072401e-04   3.02653562e+00   3.83442084e+00
 3.83000000e+00  -4.16666667e-03   1.00000000e+00   7.27510519e-02   4.86736112e-04   3.02477463e+00   3.83436868e+00
 3.84000000e+00  -4.16666667e-03   1.00000000e+00   7.26902440e-02   4.86402574e-04   3.02584494e+00   3.83407325e+00
 3.85000000e+00  -4.16666667e-03   1.00000000e+00   7.26304229e-02   4.86072419e-04   3.02540930e+00   3.83413082e+00
 3.86000000e+00  -4.16666667e-03   1.00000000e+00   7.25716865e-02   4.85746507e-04   3.02542821e+00   3.83457570e+00
 3.87000000e+00  -4.16666667e-03   1.00000000e+00   7.25141367e-02   4.85425447e-04   3.02519944e+00   3.83438639e+00
 3.88000000e+00  -4.16666667e-03   1.00000000e+00   7.24578667e-02   4.85109422e-04   3.02529138e+00   3.83424946e+00
 3.89000000e+00  -4.16666667e-03   1.00000000e+00   7.24029667e-02   4.84799234e-04   3.02513475e+00   3.83440543e+00
 3.90000000e+00  -4.16666667e-03   1.00000000e+00   7.23495179e-02   4.84495356e-04   3.02458005e+00   3.83415221e+00
 3.91000000e+00  -4.16666667e-03   1.00000000e+00   7.22976026e-02   4.84198164e-04   3.02334816e+00   3.83447865e+00
 3.92000000e+00  -4.16666667e-03   1.00000000e+00   7.22473029e-02   4.83908653e-04   3.02423110e+00   3.83402612e+00
 3.93000000e+00  -4.16666667e-03   1.00000000e+00   7.21986896e-02   4.83626536e-04   3.02325128e+00   3.83417699e+00
 3.94000000e+00  -4.16666667e-03   1.00000000e+00   7.21518172e-02   4.83352790e-04   3.02390515e+00   3.83376543e+00
 3.95000000e+00  -4.16666667e-03   1.00000000e+00   7.21067504e-02   4.83087544e-04   3.02423601e+00   3.83387631e+00
 3.96000000e+00  -4.16666667e-03   1.00000000e+00   7.20635408e-02   4.82831594e-04   3.02467041e+00   3.83392647e+00
 3.97000000e+00  -4.16666667e-03   1.00000000e+00   7.20222180e-02   4.82584437e-04   3.02382643e+00   3.83414862e+00
 3.98000000e+00  -4.16666667e-03   1.00000000e+00   7.19828345e-02   4.82346946e-04   3.02342696e+00   3.83356323e+00
 3.99000000e+00  -4.16666667e-03   1.00000000e+00   7.19454347e-02   4.82118974e-04   3.02354429e+00   3.83348291e+00
 4.00000000e+00  -4.16666667e-03   1.00000000e+00   7.19100542e-02   4.81901300e-04   3.02275370e+00   3.83324954e+00
 4.01000000e+00  -4.16666667e-03   1.00000000e+00   7.18768275e-02   4.81694576e-04   3.02175019e+00   3.83371987e+00
 4.02000000e+00  -4.16666667e-03   1.00000000e+00   7.18458324e-02   4.81500693e-04   3.02223159e+00   3.83373396e+00
 4.03000000e+00  -4.16666667e-03   1.00000000e+00   7.18170708e-02   4.81320297e-04   3.02179919e+00   3.83389818e+00
 4.04000000e+00  -4.16666667e-03   1.00000000e+00   7.17905619e-02   4.81153114e-04   3.02203340e+00   3.83327019e+00
 4.05000000e+00  -4.16666667e-03   1.00000000e+00   7.17663125e-02   4.80998010e-04   3.02240704e+00   3.83309828e+00
 4.06000000e+00  -4.16666667e-03   1.00000000e+00   7.17443140e-02   4.80855380e-04   3.02157119e+00   3.83320624e+00
 4.07000000e+00  -4.16666667e-03   1.00000000e+00   7.17244296e-02   4.80724679e-04   3.02136692e+00   3.83313628e+00
 4.08000000e+00  -4.16666667e-03   1.00000000e+00   7.17067236e-02   4.80603572e-04   3.02054935e+00   3.83289788e+00
 4.09000000e+00  -4.16666667e-03   1.00000000e+00   7.16913151e-02   4.80493001e-04   3.02189815e+00   3.83292858e+00
 4.10000000e+00  -4.16666667e-03   1.00000000e+00   7.16780964e-02   4.80397213e-04   3.02036284e+00   3.83279984e+00
 4.11000000e+00  -4.16666667e-03   1.00000000e+00   7.16671349e-02   4.80315316e-04   3.02205354e+00   3.83263067e+00
 4.12000000e+00  -4.16666667e-03   1.00000000e+00   7.16581951e-02   4.80243928e-04   3.02118564e+00   3.83250243e+00
 4.13000000e+00  -4.16666667e-03   1.00000000e+00   7.16515244e-02   4.80182443e-04   3.02102862e+00   3.83230784e+00
 4.14000000e+00  -4.16666667e-03   1.00000000e+00   7.16469083e-02   4.80134533e-04   3.02103945e+00   3.83264216e+00
 4.15000000e+00  -4.16666667e-03   1.00000000e+00   7.16446236e-02   4.80100449e-04   3.02208419e+00   3.83212691e+00
 4.16000000e+00  -4.16666667e-03   1.00000000e+00   7.16443739e-02   4.80081139e-04   3.02036878e+00   3.83202372e+00
 4.17000000e+00  -4.16666667e-03   1.00000000e+00   7.16456543e-02   4.80069540e-04   3.01976609e+00   3.83176871e+00
 4.18000000e+00  -4.16666667e-03   1.00000000e+00   7.16483099e-02   4.80065402e-04   3.02066958e+00   3.83222661e+00
 4.19000000e+00  -4.16666667e-03   1.00000000e+00   7.16522354e-02   4.80065793e-04   3.02057435e+00   3.83219736e+00
 4.20000000e+00  -4.16666667e-03   1.00000000e+00   7.16573543e-02   4.80068148e-04   3.02052361e+00   3.83170926e+00
 4.21000000e+00  -4.16666667e-03   1.00000000e+00   7.16636542e-02   4.80073479e-04   3.02026777e+00   3.83201324e+00
 4.22000000e+00  -4.16666667e-03   1.00000000e+00   7.16711128e-02   4.80083287e-04   3.02004684e+00   3.83159132e+00
 4.23000000e+00  -4.16666667e-03   1.00000000e+00   7.16797821e-02   4.80095983e-04   3.02055382e+00   3.83191423e+00
 4.24000000e+00  -4.16666667e-03   1.00000000e+00   7.16895915e-02   4.80112331e-04   3.02107207e+00   3.83194979e+00
 4.25000000e+00  -4.16666667e-03   1.00000000e+00   7.17005929e-02   4.80132738e-04   3.02080337e+00   3.83195451e+00
 4.26000000e+00  -4.16666667e-03   1.00000000e+00   7.17128004e-02   4.80158048e-04   3.02021922e+00   3.83133808e+00
 4.27000000e+00  -4.16666667e-03   1.00000000e+00   7.17263487e-02   4.80187880e-04   3.01999305e+00   3.83157061e+00
 4.28000000e+00  -4.16666667e-03   1.00000000e+00   7.17411869e-02   4.80224238e-04   3.02048419e+00   3.83151309e+00
 4.29000000e+00  -4.16666667e-03   1.00000000e+00   7.17572780e-02   4.80268960e-04   3.02002335e+00   3.83189868e+00
 4.30000000e+00  -4.16666667e-03   1.00000000e+00   7.17746264e-02   4.80323811e-04   3.01925647e+00   3.83164332e+00
 4.31000000e+00  -4.16666667e-03   1.00000000e+00   7.17932973e-02   4.80389651e-04   3.01964399e+00   3.83119302e+00
 4.32000000e+00  -4.16666667e-03   1.00000000e+00   7.18130273e-02   4.80468480e-04   3.01971445e+00   3.83114155e+00
 4.33000000e+00  -4.16666667e-03   1.00000000e+00   7.18339133e-02   4.80555561e-04   3.02018437e+00   3.83126882e+00
 4.34000000e+00  -4.16666667e-03   1.00000000e+00   7.18557092e-02   4.80652987e-04   3.02012088e+00   3.83147313e+00
 4.35000000e+00  -4.16666667e-03   1.00000000e+00   7.18784304e-02   4.80757916e-04   3.02096654e+00   3.83085578e+00
 4.36000000e+00  -4.16666667e-03   1.00000000e+00   7.19020601e-02   4.80869032e-04   3.02047682e+00   3.83096602e+00
 4.37000000e+00  -4.16666667e-03   1.00000000e+00   7.19264208e-02   4.80987922e-04   3.01935088e+00   3.83117296e+00
 4.38000000e+00  -4.16666667e-03   1.00000000e+00   7.19515602e-02   4.81111068e-04   3.02065576e+00   3.83154393e+00
 4.39000000e+00  -4.16666667e-03   1.00000000e+00   7.19773010e-02   4.81239684e-04   3.01981843e+00   3.83105277e+00
 4.40000000e+00  -4.16666667e-03   1.00000000e+00   7.20035569e-02   4.81371951e-04   3.02080870e+00   3.83144993e+00
 4.41000000e+00  -4.16666667e-03   1.00000000e+00   7.20302483e-02   4.81507870e-04   3.02077737e+00   3.83108697e+00
 4.42000000e+00  -4.16666667e-03   1.00000000e+00   7.20573344e-02   4.81647363e-04   3.02087242e+00   3.83099057e+00
 4.43000000e+00  -4.16666667e-03   1.00000000e+00   7.20847113e-02   4.81789025e-04   3.01989489e+00   3.83093042e+00
 4.44000000e+00  -4.16666667e-03   1.00000000e+00   7.21123085e-02   4.81932733e-04   3.02053995e+00   3.83108824e+00
 4.45000000e+00  -4.16666667e-03   1.00000000e+00   7.21399872e-02   4.82078914e-04   3.01987811e+00   3.83080835e+00
 4.46000000e+00  -4.16666667e-03   1.00000000e+00   7.21678560e-02   4.82223973e-04   3.02008233e+00   3.83069078e+00
 4.47000000e+00  -4.16666667e-03   1.00000000e+00   7.21957652e-02   4.82371271e-04   3.02046356e+00   3.83113784e+00
 4.48000000e+00  -4.16666667e-03   1.00000000e+00   7.22235816e-02   4.82520097e-04   3.02042634e+00   3.83071521e+00
 4.49000000e+00  -4.16666667e-03   1.00000000e+00   7.22514189e-02   4.82666546e-04   3.01991207e+00   3.83099505e+00
 4.50000000e+00  -4.16666667e-03   1.00000000e+00   7.22791350e-02   4.82814708e-04   3.02101233e+00   3.83057169e+00
 4.51000000e+00  -4.16666667e-03   1.00000000e+00   7.23066912e-02   4.82962623e-04   3.02045881e+00   3.83071674e+00
 4.52000000e+00  -4.16666667e-03   1.00000000e+00   7.23340348e-02   4.83110254e-04   3.01989440e+00   3.83083071e+00
 4.53000000e+00  -4.16666667e-03   1.00000000e+00   7.23611088e-02   4.83256840e-04   3.02072187e+00   3.83092300e+00
 4.54000000e+00  -4.16666667e-03   1.00000000e+00   7.23878764e-02   4.83402452e-04   3.02066575e+00   3.83096588e+00
 4.55000000e+00  -4.16666667e-03   1.00000000e+00   7.24142929e-02   4.83546888e-04   3.01995327e+00   3.83083085e+00
 4.56000000e+00  -4.16666667e-03   1.00000000e+00   7.24403160e-02   4.83689872e-04   3.01981116e+00   3.83101879e+00
 4.57000000e+00  -4.16666667e-03   1.00000000e+00   7.24659059e-02   4.83831376e-04   3.02127745e+00   3.83094919e+00
 4.58000000e+00  -4.16666667e-03   1.00000000e+00   7.24909118e-02   4.83970965e-04   3.02157105e+00   3.83091583e+00
 4.59000000e+00  -4.16666667e-03   1.00000000e+00   7.25153828e-02   4.84106886e-04   3.02145344e+00   3.83074338e+00
 4.60000000e+00  -4.16666667e-03   1.00000000e+00   7.25392552e-02   4.84239820e-04   3.02181498e+00   3.83081895e+00
 4.61000000e+00  -4.16666667e-03   1.00000000e+00   7.25625811e-02   4.84369699e-04   3.02105533e+00   3.83069828e+00
 4.62000000e+00  -4.16666667e-03   1.00000000e+00   7.25852606e-02   4.84498351e-04   3.02205268e+00   3.83098900e+00
 4.63000000e+00  -4.16666667e-03   1.00000000e+00   7.26072857e-02   4.84624505e-04   3.02038286e+00   3.83121286e+00
 4.64000000e+00  -4.16666667e-03   1.00000000e+00   7.26285271e-02   4.84747709e-04   3.02158932e+00   3.83122902e+00
 4.65000000e+00  -4.16666667e-03   1.00000000e+00   7.26491166e-02   4.84865503e-04   3.02087232e+00   3.83115039e+00
 4.66000000e+00  -4.16666667e-03   1.00000000e+00   7.26688567e-02   4.84981318e-04   3.02128050e+00   3.83109476e+00
 4.67000000e+00  -4.16666667e-03   1.00000000e+00   7.26876794e-02   4.85091061e-04   3.02158117e+00   3.83094614e+00
 4.68000000e+00  -4.16666667e-03   1.00000000e+00   7.27058046e-02   4.85196008e-04   3.02178507e+00   3.83088007e+00
 4.69000000e+00  -4.16666667e-03   1.00000000e+00   7.27229920e-02   4.85298463e-04   3.02156414e+00   3.83101736e+00
 4.70000000e+00  -4.16666667e-03   1.00000000e+00   7.27392583e-02   4.85394735e-04   3.02207112e+00   3.83147045e+00
 4.71000000e+00  -4.16666667e-03   1.00000000e+00   7.27545873e-02   4.85485938e-04   3.02254291e+00   3.83072768e+00
 4.72000000e+00  -4.16666667e-03   1.00000000e+00   7.27689026e-02   4.85571779e-04   3.02160170e+00   3.83117783e+00
 4.73000000e+00  -4.16666667e-03   1.00000000e+00   7.27823841e-02   4.85651985e-04   3.02148715e+00   3.83148916e+00
 4.74000000e+00  -4.16666667e-03   1.00000000e+00   7.27948748e-02   4.85729728e-04   3.02142568e+00   3.83118766e+00
 4.75000000e+00  -4.16666667e-03   1.00000000e+00   7.28063884e-02   4.85801996e-04   3.02249285e+00   3.83180900e+00
 4.76000000e+00  -4.16666667e-03   1.00000000e+00   7.28169151e-02   4.85869006e-04   3.02218942e+00   3.83129459e+00
 4.77000000e+00  -4.16666667e-03   1.00000000e+00   7.28264344e-02   4.85929229e-04   3.02245118e+00   3.83161562e+00
 4.78000000e+00  -4.16666667e-03   1.00000000e+00   7.28349827e-02   4.85984145e-04   3.02222316e+00   3.83146527e+00
 4.79000000e+00  -4.16666667e-03   1.00000000e+00   7.28424955e-02   4.86034557e-04   3.02227149e+00   3.83146037e+00
 4.80000000e+00  -4.16666667e-03   1.00000000e+00   7.28489814e-02   4.86078714e-04   3.02229213e+00   3.83188671e+00
 4.81000000e+00  -4.16666667e-03   1.00000000e+00   7.28542863e-02   4.86115297e-04   3.02289512e+00   3.83131854e+00
 4.82000000e+00  -4.16666667e-03   1.00000000e+00   7.28585621e-02   4.86146503e-04   3.02180334e+00   3.83206215e+00
 4.83000000e+00  -4.16666667e-03   1.00000000e+00   7.28616212e-02   4.86169608e-04   3.02275273e+00   3.83161153e+00
 4.84000000e+00  -4.16666667e-03   1.00000000e+00   7.28631695e-02   4.86180448e-04   3.02242059e+00   3.83233959e+00
 4.85000000e+00  -4.16666667e-03   1.00000000e+00   7.28631744e-02   4.86181176e-04   3.02282003e+00   3.83163830e+00
 4.86000000e+00  -4.16666667e-03   1.00000000e+00   7.28628944e-02   4.86183627e-04   3.02434573e+00   3.83194794e+00
 4.87000000e+00  -4.16666667e-03   1.00000000e+00   7.28623880e-02   4.86187042e-04   3.02440058e+00   3.83171008e+00
 4.88000000e+00  -4.16666667e-03   1.00000000e+00   7.28614843e-02   4.86188421e-04   3.02261726e+00   3.83241825e+00
 4.89000000e+00  -4.16666667e-03   1.00000000e+00   7.28602838e-02   4.86191291e-04   3.02318597e+00   3.83220365e+00
 4.90000000e+00  -4.16666667e-03   1.00000000e+00   7.28587451e-02   4.86193699e-04   3.02335560e+00   3.83238122e+00
 4.91000000e+00  -4.16666667e-03   1.00000000e+00   7.28568190e-02   4.86195324e-04   3.02291798e+00   3.83154435e+00
 4.92000000e+00  -4.16666667e-03   1.00000000e+00   7.28545639e-02   4.86196274e-04   3.02296616e+00   3.83203671e+00
 4.93000000e+00  -4.16666667e-03   1.00000000e+00   7.28519869e-02   4.86197676e-04   3.02300166e+00   3.83201535e+00
 4.94000000e+00  -4.16666667e-03   1.00000000e+00   7.28491283e-02   4.86198004e-04   3.02290819e+00   3.83212107e+00
 4.95000000e+00  -4.16666667e-03   1.00000000e+00   7.28460091e-02   4.86197646e-04   3.02288661e+00   3.83203591e+00
 4.96000000e+00  -4.16666667e-03   1.00000000e+00   7.28426534e-02   4.86196350e-04   3.02328750e+00   3.83199312e+00
 4.97000000e+00  -4.16666667e-03   1.00000000e+00   7.28389356e-02   4.86193137e-04   3.02325400e+00   3.83203618e+00
 4.98000000e+00  -4.16666667e-03   1.00000000e+00   7.28349154e-02   4.86188921e-04   3.02306080e+00   3.83194888e+00
 4.99000000e+00  -4.16666667e-03   1.00000000e+00   7.28306547e-02   4.86184498e-04   3.02270947e+00   3.83170982e+00
 5.00000000e+00  -4.16666667e-03   1.00000000e+00   7.28261678e-02   4.86179451e-04   3.02351655e+00   3.83197805e+00