  Time  Coordinate0  Coordinate1  Displacement0  Displacement1  Force0  Force1
 1.00000000e-02   0.00000000e+00   1.00000000e+00   7.78195947e-05   3.12634140e-05  -5.00769395e-04   1.96974137e+01
 2.00000000e-02   0.00000000e+00   1.00000000e+00   1.29723926e-04   4.31707080e-05  -1.26567276e-03   2.31680951e+01
 3.00000000e-02   0.00000000e+00   1.00000000e+00   2.23761054e-04   5.62649546e-05  -2.03376918e-03   2.45662103e+01
 4.00000000e-02   0.00000000e+00   1.00000000e+00   3.63881091e-04   7.33778223e-05  -3.81187171e-03   2.53894036e+01
 5.00000000e-02   0.00000000e+00   1.00000000e+00   5.58455006e-04   8.92350702e-05  -6.71581601e-03   2.65117309e+01
 6.00000000e-02   0.00000000e+00   1.00000000e+00   8.08532852e-04   1.05284156e-04  -1.07886220e-02   2.79234033e+01
 7.00000000e-02   0.00000000e+00   1.00000000e+00   1.11882705e-03   1.13951954e-04  -1.61406832e-02   2.93987054e+01
 8.00000000e-02   0.00000000e+00   1.00000000e+00   1.50148909e-03   1.19138905e-04  -2.15735765e-02   3.08151719e+01
 9.00000000e-02   0.00000000e+00   1.00000000e+00   1.95945744e-03   1.16151235e-04  -2.63479774e-02   3.21661197e+01
 1.00000000e-01   0.00000000e+00   1.00000000e+00   2.51432302e-03   1.10802781e-04  -2.82756042e-02   3.34595643e+01
 1.10000000e-01   0.00000000e+00   1.00000000e+00   3.16901386e-03   1.01669082e-04  -2.44835749e-02   3.47059466e+01
 1.20000000e-01   0.00000000e+00   1.00000000e+00   3.94828883e-03   9.39287201e-05  -1.22931772e-02   3.58942179e+01
 1.30000000e-01   0.00000000e+00   1.00000000e+00   4.85451534e-03   8.82902389e-05   1.23183075e-02   3.70248410e+01
 1.40000000e-01   0.00000000e+00   1.00000000e+00   5.90654777e-03   8.70589878e-05   5.17984171e-02   3.80914056e+01
 1.50000000e-01   0.00000000e+00   1.00000000e+00   7.10463399e-03   9.14274727e-05   1.08826567e-01   3.90983840e+01
 1.60000000e-01   0.00000000e+00   1.00000000e+00   8.45299376e-03   9.99705505e-05   1.84599062e-01   4.00471842e+01
 1.70000000e-01   0.00000000e+00   1.00000000e+00   9.95132650e-03   1.13143919e-04   2.78950841e-01   4.09401658e+01
 1.80000000e-01   0.00000000e+00   1.00000000e+00   1.15851689e-02   1.26844206e-04   3.90892829e-01   4.17840007e+01
 1.90000000e-01   0.00000000e+00   1.00000000e+00   1.33583186e-02   1.40569380e-04   5.18401248e-01   4.25763994e+01
 2.00000000e-01   0.00000000e+00   1.00000000e+00   1.52424280e-02   1.50116938e-04   6.58592856e-01   4.33280027e+01
 2.10000000e-01   0.00000000e+00   1.00000000e+00   1.72473226e-02   1.54850993e-04   8.09786152e-01   4.40322107e+01
 2.20000000e-01   0.00000000e+00   1.00000000e+00   1.93438858e-02   1.53403865e-04   9.69217498e-01   4.47009863e+01
 2.30000000e-01   0.00000000e+00   1.00000000e+00   2.15420359e-02   1.45958357e-04   1.13626840e+00   4.53266339e+01
 2.40000000e-01   0.00000000e+00   1.00000000e+00   2.38257581e-02   1.35346458e-04   1.31058840e+00   4.59189731e+01
 2.50000000e-01   0.00000000e+00   1.00000000e+00   2.61941301e-02   1.22311325e-04   1.49123673e+00   4.64737243e+01
 2.60000000e-01   0.00000000e+00   1.00000000e+00   2.86493233e-02   1.12365231e-04   1.68031765e+00   4.69955403e+01
 2.70000000e-01   0.00000000e+00   1.00000000e+00   3.11730967e-02   1.05122590e-04   1.87502853e+00   4.74865437e+01
 2.80000000e-01   0.00000000e+00   1.00000000e+00   3.37794148e-02   1.05384085e-04   2.07721558e+00   4.79446921e+01
 2.90000000e-01   0.00000000e+00   1.00000000e+00   3.64377065e-02   1.10252483e-04   2.28298816e+00   4.83782729e+01
 3.00000000e-01   0.00000000e+00   1.00000000e+00   3.91625460e-02   1.21287014e-04   2.49112733e+00   4.87790791e+01
 3.10000000e-01   0.00000000e+00   1.00000000e+00   4.19248304e-02   1.33949582e-04   2.69933998e+00   4.91584926e+01
 3.20000000e-01   0.00000000e+00   1.00000000e+00   4.47330055e-02   1.46711324e-04   2.90343275e+00   4.95050401e+01
 3.30000000e-01   0.00000000e+00   1.00000000e+00   4.75722041e-02   1.56337699e-04   3.10476009e+00   4.98294797e+01
 3.40000000e-01   0.00000000e+00   1.00000000e+00   5.04452409e-02   1.60252622e-04   3.29916942e+00   5.01205780e+01
 3.50000000e-01   0.00000000e+00   1.00000000e+00   5.33553055e-02   1.59113327e-04   3.49116021e+00   5.03861695e+01
 3.60000000e-01   0.00000000e+00   1.00000000e+00   5.63026071e-02   1.51006373e-04   3.67940076e+00   5.06181852e+01
 3.70000000e-01   0.00000000e+00   1.00000000e+00   5.93029526e-02   1.40568812e-04   3.86905223e+00   5.08207394e+01
 3.80000000e-01   0.00000000e+00   1.00000000e+00   6.23547233e-02   1.26696895e-04   4.06168581e+00   5.09907800e+01
 3.90000000e-01   0.00000000e+00   1.00000000e+00   6.54767925e-02   1.15576332e-04   4.26071077e+00   5.11290416e+01
 4.00000000e-01   0.00000000e+00   1.00000000e+00   6.86646703e-02   1.06120260e-04   4.46880408e+00   5.12376521e+01
 4.10000000e-01   0.00000000e+00   1.00000000e+00   7.19313558e-02   1.02831328e-04   4.68636286e+00   5.13148451e+01
 4.20000000e-01   0.00000000e+00   1.00000000e+00   7.52703862e-02   1.04139623e-04   4.91594380e+00   5.13661428e+01
 4.30000000e-01   0.00000000e+00   1.00000000e+00   7.86826331e-02   1.10711741e-04   5.15461185e+00   5.13888915e+01
 4.40000000e-01   0.00000000e+00   1.00000000e+00   8.21630637e-02   1.20893735e-04   5.40485320e+00   5.13888341e+01
 4.50000000e-01   0.00000000e+00   1.00000000e+00   8.56987886e-02   1.31383554e-04   5.66099266e+00   5.13643859e+01
 4.60000000e-01   0.00000000e+00   1.00000000e+00   8.92881456e-02   1.41780706e-04   5.92518230e+00   5.13185135e+01
 4.70000000e-01   0.00000000e+00   1.00000000e+00   9.29094220e-02   1.46605132e-04   6.19136330e+00   5.12525248e+01
 4.80000000e-01   0.00000000e+00   1.00000000e+00   9.65618695e-02   1.48203927e-04   6.45964957e+00   5.11652983e+01
 4.90000000e-01   0.00000000e+00   1.00000000e+00   1.00224449e-01   1.41559778e-04   6.72734786e+00   5.10619503e+01
 5.00000000e-01   0.00000000e+00   1.00000000e+00   1.03893051e-01   1.32190023e-04   6.99077419e+00   5.09375910e+01
 5.10000000e-01   0.00000000e+00   1.00000000e+00   1.07554240e-01   1.17276073e-04   7.25306475e+00   5.08011688e+01
 5.20000000e-01   0.00000000e+00   1.00000000e+00   1.11199018e-01   1.03883248e-04   7.50689624e+00   5.06450375e+01
 5.30000000e-01   0.00000000e+00   1.00000000e+00   1.14819721e-01   9.10318488e-05   7.75957516e+00   5.04811509e+01
 5.40000000e-01   0.00000000e+00   1.00000000e+00   1.18404992e-01   8.41912441e-05   8.00247181e+00   5.03002669e+01
 5.50000000e-01   0.00000000e+00   1.00000000e+00   1.21944464e-01   8.24969327e-05   8.24184348e+00   5.01158442e+01
 5.60000000e-01   0.00000000e+00   1.00000000e+00   1.25428219e-01   8.72820513e-05   8.47072035e+00   4.99181291e+01
 5.70000000e-01   0.00000000e+00   1.00000000e+00   1.28837806e-01   9.66686277e-05   8.68980689e+00   4.97197082e+01
 5.80000000e-01   0.00000000e+00   1.00000000e+00   1.32166866e-01   1.08065761e-04   8.89594823e+00   4.95122154e+01
 5.90000000e-01   0.00000000e+00   1.00000000e+00   1.35393896e-01   1.19248917e-04   9.08433706e+00   4.93041729e+01
 6.00000000e-01   0.00000000e+00   1.00000000e+00   1.38516484e-01   1.26560274e-04   9.25663188e+00   4.90908684e+01
 6.10000000e-01   0.00000000e+00   1.00000000e+00   1.41521577e-01   1.29030646e-04   9.40651640e+00   4.88746107e+01
 6.20000000e-01   0.00000000e+00   1.00000000e+00   1.44410449e-01   1.25257393e-04   9.54009055e+00   4.86558064e+01
 6.30000000e-01   0.00000000e+00   1.00000000e+00   1.47185386e-01   1.16080238e-04   9.65353699e+00   4.84309685e+01
 6.40000000e-01   0.00000000e+00   1.00000000e+00   1.49850138e-01   1.03710724e-04   9.75517509e+00   4.82052019e+01
 6.50000000e-01   0.00000000e+00   1.00000000e+00   1.52417956e-01   8.94673156e-05   9.84472043e+00   4.79722567e+01
 6.60000000e-01   0.00000000e+00   1.00000000e+00   1.54892260e-01   7.80421998e-05   9.92876306e+00   4.77393281e+01
 6.70000000e-01   0.00000000e+00   1.00000000e+00   1.57286161e-01   6.89835555e-05   1.00096022e+01   4.75016976e+01
 6.80000000e-01   0.00000000e+00   1.00000000e+00   1.59599878e-01   6.70981524e-05   1.00882729e+01   4.72646700e+01
 6.90000000e-01   0.00000000e+00   1.00000000e+00   1.61837884e-01   6.89222224e-05   1.01690247e+01   4.70279913e+01
 7.00000000e-01   0.00000000e+00   1.00000000e+00   1.63997393e-01   7.75536867e-05   1.02463410e+01   4.67921040e+01
 7.10000000e-01   0.00000000e+00   1.00000000e+00   1.66072935e-01   8.73128894e-05   1.03264941e+01   4.65618351e+01
 7.20000000e-01   0.00000000e+00   1.00000000e+00   1.68063004e-01   9.92706255e-05   1.04002642e+01   4.63317839e+01
 7.30000000e-01   0.00000000e+00   1.00000000e+00   1.69954809e-01   1.07988853e-04   1.04749688e+01   4.61110368e+01
 7.40000000e-01   0.00000000e+00   1.00000000e+00   1.71753359e-01   1.13406875e-04   1.05425863e+01   4.58896321e+01
 7.50000000e-01   0.00000000e+00   1.00000000e+00   1.73440700e-01   1.13141675e-04   1.06085818e+01   4.56789558e+01
 7.60000000e-01   0.00000000e+00   1.00000000e+00   1.75028848e-01   1.07045404e-04   1.06698410e+01   4.54677114e+01
 7.70000000e-01   0.00000000e+00   1.00000000e+00   1.76497078e-01   9.71483316e-05   1.07273287e+01   4.52670182e+01
 7.80000000e-01   0.00000000e+00   1.00000000e+00   1.77857404e-01   8.35073900e-05   1.07828313e+01   4.50676686e+01
 7.90000000e-01   0.00000000e+00   1.00000000e+00   1.79090991e-01   7.14571672e-05   1.08328852e+01   4.48780166e+01
 8.00000000e-01   0.00000000e+00   1.00000000e+00   1.80199974e-01   6.04391887e-05   1.08810823e+01   4.46932499e+01
 8.10000000e-01   0.00000000e+00   1.00000000e+00   1.81172262e-01   5.60151381e-05   1.09221219e+01   4.45175552e+01
 8.20000000e-01   0.00000000e+00   1.00000000e+00   1.81995935e-01   5.59880732e-05   1.09580414e+01   4.43504632e+01
 8.30000000e-01   0.00000000e+00   1.00000000e+00   1.82666215e-01   6.30274504e-05   1.09842291e+01   4.41921840e+01
 8.40000000e-01   0.00000000e+00   1.00000000e+00   1.83163191e-01   7.35333958e-05   1.10000126e+01   4.40443336e+01
 8.50000000e-01   0.00000000e+00   1.00000000e+00   1.83485507e-01   8.62980490e-05   1.09884633e+01   4.39980987e+01
 8.60000000e-01   0.00000000e+00   1.00000000e+00   1.83614980e-01   9.77641096e-05   1.09688038e+01   4.36916474e+01
 8.70000000e-01   0.00000000e+00   1.00000000e+00   1.83553655e-01   1.05497260e-04   1.09582417e+01   4.36483846e+01
 8.80000000e-01   0.00000000e+00   1.00000000e+00   1.83295640e-01   1.08451537e-04   1.09114441e+01   4.35364940e+01
 8.90000000e-01   0.00000000e+00   1.00000000e+00   1.82839092e-01   1.03645727e-04   1.08468698e+01   4.34299914e+01
 9.00000000e-01   0.00000000e+00   1.00000000e+00   1.82196994e-01   9.60470114e-05   1.07643029e+01   4.33251653e+01
 9.10000000e-01   0.00000000e+00   1.00000000e+00   1.81368979e-01   8.23757578e-05   1.06686598e+01   4.32276075e+01
 9.20000000e-01   0.00000000e+00   1.00000000e+00   1.80376288e-01   7.10611552e-05   1.05593947e+01   4.31296605e+01
 9.30000000e-01   0.00000000e+00   1.00000000e+00   1.79221066e-01   5.91390612e-05   1.04426995e+01   4.30391667e+01
 9.40000000e-01   0.00000000e+00   1.00000000e+00   1.77925706e-01   5.43418479e-05   1.03180681e+01   4.29469155e+01
 9.50000000e-01   0.00000000e+00   1.00000000e+00   1.76491900e-01   5.29238495e-05   1.01909830e+01   4.28632417e+01
 9.60000000e-01   0.00000000e+00   1.00000000e+00   1.74936388e-01   5.90411099e-05   1.00596665e+01   4.27772465e+01
 9.70000000e-01   0.00000000e+00   1.00000000e+00   1.73259725e-01   6.83925710e-05   9.92833063e+00   4.27008448e+01
 9.80000000e-01   0.00000000e+00   1.00000000e+00   1.71469830e-01   8.08936972e-05   9.79288346e+00   4.26217291e+01
 9.90000000e-01   0.00000000e+00   1.00000000e+00   1.69569079e-01   9.30132502e-05   9.65772135e+00   4.25521761e+01
 1.00000000e+00   0.00000000e+00   1.00000000e+00   1.67558502e-01   1.02307566e-04   9.51694720e+00   4.24797235e+01
 1.01000000e+00   0.00000000e+00   1.00000000e+00   1.65444241e-01   1.07647702e-04   9.37600634e+00   4.24154023e+01
 1.02000000e+00   0.00000000e+00   1.00000000e+00   1.63227358e-01   1.06754985e-04   9.22986618e+00   4.23484867e+01
 1.03000000e+00   0.00000000e+00   1.00000000e+00   1.60913915e-01   1.01363619e-04   9.08320131e+00   4.22872280e+01
 1.04000000e+00   0.00000000e+00   1.00000000e+00   1.58511703e-01   9.11719083e-05   8.93516526e+00   4.22247137e+01
 1.05000000e+00   0.00000000e+00   1.00000000e+00   1.56019373e-01   7.95100211e-05   8.78620152e+00   4.21652128e+01
 1.06000000e+00   0.00000000e+00   1.00000000e+00   1.53451221e-01   6.82712247e-05   8.64072301e+00   4.21071773e+01
 1.07000000e+00   0.00000000e+00   1.00000000e+00   1.50794983e-01   5.98757008e-05   8.49292851e+00   4.20500821e+01
 1.08000000e+00   0.00000000e+00   1.00000000e+00   1.48063611e-01   5.71539940e-05   8.35017276e+00   4.19981336e+01
 1.09000000e+00   0.00000000e+00   1.00000000e+00   1.45238621e-01   5.92151000e-05   8.20208778e+00   4.19461304e+01
 1.10000000e+00   0.00000000e+00   1.00000000e+00   1.42323382e-01   6.82897240e-05   8.05490748e+00   4.19023914e+01
 1.11000000e+00   0.00000000e+00   1.00000000e+00   1.39302976e-01   7.95007089e-05   7.89833655e+00   4.18584113e+01
 1.12000000e+00   0.00000000e+00   1.00000000e+00   1.36171059e-01   9.40804142e-05   7.73473654e+00   4.18230944e+01
 1.13000000e+00   0.00000000e+00   1.00000000e+00   1.32923590e-01   1.05205395e-04   7.55874606e+00   4.17879623e+01
 1.14000000e+00   0.00000000e+00   1.00000000e+00   1.29553311e-01   1.14133876e-04   7.36866347e+00   4.17579629e+01
 1.15000000e+00   0.00000000e+00   1.00000000e+00   1.26067155e-01   1.15725958e-04   7.16659437e+00   4.17290440e+01
 1.16000000e+00   0.00000000e+00   1.00000000e+00   1.22466687e-01   1.12412448e-04   6.94796478e+00   4.16991433e+01
 1.17000000e+00   0.00000000e+00   1.00000000e+00   1.18763996e-01   1.03318642e-04   6.72165181e+00   4.16719076e+01
 1.18000000e+00   0.00000000e+00   1.00000000e+00   1.14972206e-01   9.15264961e-05   6.48103112e+00   4.16377703e+01
 1.19000000e+00   0.00000000e+00   1.00000000e+00   1.11101375e-01   8.00881837e-05   6.23852130e+00   4.16082991e+01
 1.20000000e+00   0.00000000e+00   1.00000000e+00   1.07172327e-01   7.05400306e-05   5.98623011e+00   4.15687212e+01
 1.21000000e+00   0.00000000e+00   1.00000000e+00   1.03188304e-01   6.72083258e-05   5.73574180e+00   4.15350988e+01
 1.22000000e+00   0.00000000e+00   1.00000000e+00   9.91733180e-02   6.81756612e-05   5.48004683e+00   4.14914095e+01
 1.23000000e+00   0.00000000e+00   1.00000000e+00   9.51233380e-02   7.64848539e-05   5.22619786e+00   4.14532004e+01
 1.24000000e+00   0.00000000e+00   1.00000000e+00   9.10640107e-02   8.71628725e-05   4.97137603e+00   4.14071355e+01
 1.25000000e+00   0.00000000e+00   1.00000000e+00   8.69877091e-02   1.01161123e-04   4.71647235e+00   4.13637239e+01
 1.26000000e+00   0.00000000e+00   1.00000000e+00   8.29205192e-02   1.13139521e-04   4.46489341e+00   4.13154107e+01
 1.27000000e+00   0.00000000e+00   1.00000000e+00   7.88577365e-02   1.22655118e-04   4.21247183e+00   4.12653861e+01
 1.28000000e+00   0.00000000e+00   1.00000000e+00   7.48212960e-02   1.27153847e-04   3.96738360e+00   4.12130751e+01
 1.29000000e+00   0.00000000e+00   1.00000000e+00   7.08154544e-02   1.25687059e-04   3.72348779e+00   4.11546610e+01
 1.30000000e+00   0.00000000e+00   1.00000000e+00   6.68519091e-02   1.20204537e-04   3.48975479e+00   4.10960017e+01
 1.31000000e+00   0.00000000e+00   1.00000000e+00   6.29446205e-02   1.09449717e-04   3.26108763e+00   4.10288054e+01
 1.32000000e+00   0.00000000e+00   1.00000000e+00   5.90934536e-02   9.93571593e-05   3.04384056e+00   4.09625352e+01
 1.33000000e+00   0.00000000e+00   1.00000000e+00   5.53149580e-02   8.78471399e-05   2.83496720e+00   4.08886357e+01
 1.34000000e+00   0.00000000e+00   1.00000000e+00   5.16024717e-02   8.24140056e-05   2.63726677e+00   4.08159156e+01
 1.35000000e+00   0.00000000e+00   1.00000000e+00   4.79639946e-02   7.93637807e-05   2.44869589e+00   4.07398370e+01
 1.36000000e+00   0.00000000e+00   1.00000000e+00   4.43940796e-02   8.46846191e-05   2.26906116e+00   4.06639607e+01
 1.37000000e+00   0.00000000e+00   1.00000000e+00   4.08854879e-02   9.28825224e-05   2.09624402e+00   4.05906016e+01
 1.38000000e+00   0.00000000e+00   1.00000000e+00   3.74385195e-02   1.06475376e-04   1.92749630e+00   4.05151492e+01
 1.39000000e+00   0.00000000e+00   1.00000000e+00   3.40344363e-02   1.19499213e-04   1.76145572e+00   4.04471026e+01
 1.40000000e+00   0.00000000e+00   1.00000000e+00   3.06796503e-02   1.31470382e-04   1.59304915e+00   4.03735221e+01
 1.41000000e+00   0.00000000e+00   1.00000000e+00   2.73553443e-02   1.38573927e-04   1.42401633e+00   4.03095168e+01
 1.42000000e+00   0.00000000e+00   1.00000000e+00   2.40731381e-02   1.39623313e-04   1.24802956e+00   4.02364031e+01
 1.43000000e+00   0.00000000e+00   1.00000000e+00   2.08238658e-02   1.35027498e-04   1.07117657e+00   4.01721716e+01
 1.44000000e+00   0.00000000e+00   1.00000000e+00   1.76232745e-02   1.24818181e-04   8.87737791e-01   4.00965946e+01
 1.45000000e+00   0.00000000e+00   1.00000000e+00   1.44729627e-02   1.13047714e-04   7.06291524e-01   4.00276875e+01
 1.46000000e+00   0.00000000e+00   1.00000000e+00   1.13897191e-02   1.00849479e-04   5.23038296e-01   3.99479544e+01
 1.47000000e+00   0.00000000e+00   1.00000000e+00   8.38028268e-03   9.26710641e-05   3.45094158e-01   3.98722679e+01
 1.48000000e+00   0.00000000e+00   1.00000000e+00   5.45741481e-03   8.92577400e-05   1.70567281e-01   3.97894414e+01
 1.49000000e+00   0.00000000e+00   1.00000000e+00   2.62802537e-03   9.19908778e-05   2.18733724e-03   3.97078289e+01
 1.50000000e+00   0.00000000e+00   1.00000000e+00  -1.01910543e-04   1.00432620e-04  -1.60133162e-01   3.96244183e+01
 1.51000000e+00   0.00000000e+00   1.00000000e+00  -2.72548959e-03   1.11832907e-04  -3.18138154e-01   3.95389786e+01
 1.52000000e+00   0.00000000e+00   1.00000000e+00  -5.23969577e-03   1.25506942e-04  -4.69044065e-01   3.94561942e+01
 1.53000000e+00   0.00000000e+00   1.00000000e+00  -7.63607099e-03   1.36293773e-04  -6.17290582e-01   3.93679576e+01
 1.54000000e+00   0.00000000e+00   1.00000000e+00  -9.90673705e-03   1.44964703e-04  -7.55933074e-01   3.92840029e+01
 1.55000000e+00   0.00000000e+00   1.00000000e+00  -1.20429439e-02   1.46736855e-04  -8.90381334e-01   3.91920063e+01
 1.56000000e+00   0.00000000e+00   1.00000000e+00  -1.40282942e-02   1.44572112e-04  -1.01054231e+00   3.91032224e+01
 1.57000000e+00   0.00000000e+00   1.00000000e+00  -1.58576645e-02   1.36126590e-04  -1.12159853e+00   3.90060901e+01
 1.58000000e+00   0.00000000e+00   1.00000000e+00  -1.75116686e-02   1.25560791e-04  -1.21449385e+00   3.89100692e+01
 1.59000000e+00   0.00000000e+00   1.00000000e+00  -1.89910868e-02   1.13458549e-04  -1.29273116e+00   3.88086375e+01
 1.60000000e+00   0.00000000e+00   1.00000000e+00  -2.02840708e-02   1.03021092e-04  -1.35315208e+00   3.87069657e+01
 1.61000000e+00   0.00000000e+00   1.00000000e+00  -2.13958450e-02   9.67998272e-05  -1.39592093e+00   3.86052487e+01
 1.62000000e+00   0.00000000e+00   1.00000000e+00  -2.23278054e-02   9.48098867e-05  -1.42551855e+00   3.85032331e+01
 1.63000000e+00   0.00000000e+00   1.00000000e+00  -2.30875961e-02   9.99163157e-05  -1.43849877e+00   3.84067228e+01
 1.64000000e+00   0.00000000e+00   1.00000000e+00  -2.36855470e-02   1.08010575e-04  -1.44418215e+00   3.83103690e+01
 1.65000000e+00   0.00000000e+00   1.00000000e+00  -2.41318945e-02   1.21110723e-04  -1.43762593e+00   3.82230147e+01
 1.66000000e+00   0.00000000e+00   1.00000000e+00  -2.44361112e-02   1.32375204e-04  -1.42789108e+00   3.81358450e+01
 1.67000000e+00   0.00000000e+00   1.00000000e+00  -2.46116428e-02   1.43218590e-04  -1.41154554e+00   3.80578857e+01
 1.68000000e+00   0.00000000e+00   1.00000000e+00  -2.46602905e-02   1.47459199e-04  -1.39355149e+00   3.79799703e+01
 1.69000000e+00   0.00000000e+00   1.00000000e+00  -2.45965089e-02   1.47048778e-04  -1.37343118e+00   3.79086680e+01
 1.70000000e+00   0.00000000e+00   1.00000000e+00  -2.44149265e-02   1.39737201e-04  -1.35134713e+00   3.78378003e+01
 1.71000000e+00   0.00000000e+00   1.00000000e+00  -2.41263671e-02   1.28265531e-04  -1.32892920e+00   3.77701138e+01
 1.72000000e+00   0.00000000e+00   1.00000000e+00  -2.37235311e-02   1.15081091e-04  -1.30337630e+00   3.77042613e+01
 1.73000000e+00   0.00000000e+00   1.00000000e+00  -2.32109839e-02   1.02043840e-04  -1.27681462e+00   3.76392721e+01
 1.74000000e+00   0.00000000e+00   1.00000000e+00  -2.25842902e-02   9.40998978e-05  -1.24596665e+00   3.75781352e+01
 1.75000000e+00   0.00000000e+00   1.00000000e+00  -2.18434179e-02   8.99141956e-05  -1.21266209e+00   3.75175388e+01
 1.76000000e+00   0.00000000e+00   1.00000000e+00  -2.09883516e-02   9.38647706e-05  -1.17491919e+00   3.74623443e+01
 1.77000000e+00   0.00000000e+00   1.00000000e+00  -2.00170426e-02   1.00786744e-04  -1.13390980e+00   3.74086663e+01
 1.78000000e+00   0.00000000e+00   1.00000000e+00  -1.89329490e-02   1.13189756e-04  -1.08952819e+00   3.73604963e+01
 1.79000000e+00   0.00000000e+00   1.00000000e+00  -1.77312819e-02   1.24255267e-04  -1.04160560e+00   3.73147216e+01
 1.80000000e+00   0.00000000e+00   1.00000000e+00  -1.64160616e-02   1.34899149e-04  -9.91193838e-01   3.72727048e+01
 1.81000000e+00   0.00000000e+00   1.00000000e+00  -1.49775275e-02   1.40182995e-04  -9.36022498e-01   3.72331308e+01
 1.82000000e+00   0.00000000e+00   1.00000000e+00  -1.34170783e-02   1.40732483e-04  -8.76774619e-01   3.71945145e+01
 1.83000000e+00   0.00000000e+00   1.00000000e+00  -1.17214421e-02   1.35663262e-04  -8.09963564e-01   3.71579315e+01
 1.84000000e+00   0.00000000e+00   1.00000000e+00  -9.88666873e-03   1.25750454e-04  -7.34270627e-01   3.71199500e+01
 1.85000000e+00   0.00000000e+00   1.00000000e+00  -7.90414784e-03   1.14031419e-04  -6.47713949e-01   3.70843747e+01
 1.86000000e+00   0.00000000e+00   1.00000000e+00  -5.76493111e-03   1.00959811e-04  -5.46621010e-01   3.70467987e+01
 1.87000000e+00   0.00000000e+00   1.00000000e+00  -3.47387291e-03   9.13772176e-05  -4.32890859e-01   3.70135384e+01
 1.88000000e+00   0.00000000e+00   1.00000000e+00  -1.02191023e-03   8.45836591e-05  -3.02213260e-01   3.69797594e+01
 1.89000000e+00   0.00000000e+00   1.00000000e+00   1.57189736e-03   8.43880965e-05  -1.59736040e-01   3.69529807e+01
 1.90000000e+00   0.00000000e+00   1.00000000e+00   4.30956164e-03   8.85641217e-05  -3.42685154e-03   3.69285178e+01
 1.91000000e+00   0.00000000e+00   1.00000000e+00   7.16702376e-03   9.78204020e-05   1.61871198e-01   3.69129327e+01
 1.92000000e+00   0.00000000e+00   1.00000000e+00   1.01353574e-02   1.09141082e-04   3.34052650e-01   3.69023511e+01
 1.93000000e+00   0.00000000e+00   1.00000000e+00   1.31971387e-02   1.20049905e-04   5.12027373e-01   3.69002839e+01
 1.94000000e+00   0.00000000e+00   1.00000000e+00   1.63354093e-02   1.28657991e-04   6.90451098e-01   3.69046132e+01
 1.95000000e+00   0.00000000e+00   1.00000000e+00   1.95442619e-02   1.31330736e-04   8.72363872e-01   3.69150838e+01
 1.96000000e+00   0.00000000e+00   1.00000000e+00   2.28055317e-02   1.29244459e-04   1.05212642e+00   3.69322017e+01
 1.97000000e+00   0.00000000e+00   1.00000000e+00   2.61209430e-02   1.20112218e-04   1.23412239e+00   3.69524964e+01
 1.98000000e+00   0.00000000e+00   1.00000000e+00   2.94754978e-02   1.08366882e-04   1.41500383e+00   3.69796175e+01
 1.99000000e+00   0.00000000e+00   1.00000000e+00   3.28713592e-02   9.39272523e-05   1.59701033e+00   3.70081119e+01
 2.00000000e+00   0.00000000e+00   1.00000000e+00   3.62960792e-02   8.20000483e-05   1.77966416e+00   3.70444547e+01
 2.01000000e+00   0.00000000e+00   1.00000000e+00   3.97479874e-02   7.36148188e-05   1.96146125e+00   3.70822589e+01
 2.02000000e+00   0.00000000e+00   1.00000000e+00   4.32154549e-02   7.10866945e-05   2.14387692e+00   3.71291283e+01
 2.03000000e+00   0.00000000e+00   1.00000000e+00   4.66932290e-02   7.50767507e-05   2.32261301e+00   3.71788831e+01
 2.04000000e+00   0.00000000e+00   1.00000000e+00   5.01725404e-02   8.30926323e-05   2.50025086e+00   3.72373971e+01
 2.05000000e+00   0.00000000e+00   1.00000000e+00   5.36470687e-02   9.54649135e-05   2.67208738e+00   3.73001742e+01
 2.06000000e+00   0.00000000e+00   1.00000000e+00   5.71157344e-02   1.06052587e-04   2.84140919e+00   3.73688994e+01
 2.07000000e+00   0.00000000e+00   1.00000000e+00   6.05737777e-02   1.16336248e-04   3.00557297e+00   3.74423653e+01
 2.08000000e+00   0.00000000e+00   1.00000000e+00   6.40292535e-02   1.19696712e-04   3.16767138e+00   3.75174711e+01
 2.09000000e+00   0.00000000e+00   1.00000000e+00   6.74810758e-02   1.19860197e-04   3.32875337e+00   3.75969689e+01
 2.10000000e+00   0.00000000e+00   1.00000000e+00   7.09409485e-02   1.12494614e-04   3.48995529e+00   3.76746009e+01
 2.11000000e+00   0.00000000e+00   1.00000000e+00   7.44122678e-02   1.02903225e-04   3.65609287e+00   3.77558943e+01
 2.12000000e+00   0.00000000e+00   1.00000000e+00   7.79017786e-02   8.99228752e-05   3.82514592e+00   3.78347365e+01
 2.13000000e+00   0.00000000e+00   1.00000000e+00   8.14152590e-02   7.82328189e-05   4.00375870e+00   3.79164468e+01
 2.14000000e+00   0.00000000e+00   1.00000000e+00   8.49498968e-02   6.90529173e-05   4.18776066e+00   3.79982708e+01
 2.15000000e+00   0.00000000e+00   1.00000000e+00   8.85086450e-02   6.40565614e-05   4.38211049e+00   3.80822756e+01
 2.16000000e+00   0.00000000e+00   1.00000000e+00   9.20811760e-02   6.53288111e-05   4.58339888e+00   3.81706189e+01
 2.17000000e+00   0.00000000e+00   1.00000000e+00   9.56630558e-02   7.04223406e-05   4.79174444e+00   3.82601878e+01
 2.18000000e+00   0.00000000e+00   1.00000000e+00   9.92407957e-02   8.10678599e-05   5.00692313e+00   3.83580063e+01
 2.19000000e+00   0.00000000e+00   1.00000000e+00   1.02803834e-01   9.16016187e-05   5.22378969e+00   3.84557622e+01
 2.20000000e+00   0.00000000e+00   1.00000000e+00   1.06337188e-01   1.03193390e-04   5.44529350e+00   3.85637735e+01
 2.21000000e+00   0.00000000e+00   1.00000000e+00   1.09831463e-01   1.09751072e-04   5.66377168e+00   3.86701489e+01
 2.22000000e+00   0.00000000e+00   1.00000000e+00   1.13269115e-01   1.12655171e-04   5.88340347e+00   3.87864739e+01
 2.23000000e+00   0.00000000e+00   1.00000000e+00   1.16648878e-01   1.08648218e-04   6.09781098e+00   3.89002913e+01
 2.24000000e+00   0.00000000e+00   1.00000000e+00   1.19950332e-01   9.99330689e-05   6.31034648e+00   3.90220725e+01
 2.25000000e+00   0.00000000e+00   1.00000000e+00   1.23179861e-01   8.76838367e-05   6.51779643e+00   3.91422000e+01
 2.26000000e+00   0.00000000e+00   1.00000000e+00   1.26316471e-01   7.41114123e-05   6.72166521e+00   3.92677274e+01
 2.27000000e+00   0.00000000e+00   1.00000000e+00   1.29366366e-01   6.35147230e-05   6.92098756e+00   3.93945370e+01
 2.28000000e+00   0.00000000e+00   1.00000000e+00   1.32311389e-01   5.60519631e-05   7.11518126e+00   3.95244802e+01
 2.29000000e+00   0.00000000e+00   1.00000000e+00   1.35149983e-01   5.60862961e-05   7.30367970e+00   3.96593584e+01
 2.30000000e+00   0.00000000e+00   1.00000000e+00   1.37869685e-01   6.03663810e-05   7.48389146e+00   3.97953210e+01
 2.31000000e+00   0.00000000e+00   1.00000000e+00   1.40461155e-01   7.10296881e-05   7.65534718e+00   3.99384690e+01
 2.32000000e+00   0.00000000e+00   1.00000000e+00   1.42920030e-01   8.25210434e-05   7.81427880e+00   4.00806938e+01
 2.33000000e+00   0.00000000e+00   1.00000000e+00   1.45236070e-01   9.48329120e-05   7.96161129e+00   4.02294301e+01
 2.34000000e+00   0.00000000e+00   1.00000000e+00   1.47415100e-01   1.03241354e-04   8.09416590e+00   4.03751200e+01
 2.35000000e+00   0.00000000e+00   1.00000000e+00   1.49452791e-01   1.07148438e-04   8.21527652e+00   4.05240149e+01
 2.36000000e+00   0.00000000e+00   1.00000000e+00   1.51364017e-01   1.05447690e-04   8.32406295e+00   4.06686252e+01
 2.37000000e+00   0.00000000e+00   1.00000000e+00   1.53152111e-01   9.80904679e-05   8.42534189e+00   4.08121092e+01
 2.38000000e+00   0.00000000e+00   1.00000000e+00   1.54833372e-01   8.79687917e-05   8.52045196e+00   4.09519661e+01
 2.39000000e+00   0.00000000e+00   1.00000000e+00   1.56416975e-01   7.53997539e-05   8.61347929e+00   4.10868025e+01
 2.40000000e+00   0.00000000e+00   1.00000000e+00   1.57908563e-01   6.51885335e-05   8.70606196e+00   4.12209286e+01
 2.41000000e+00   0.00000000e+00   1.00000000e+00   1.59322016e-01   5.71340965e-05   8.79989307e+00   4.13472731e+01
 2.42000000e+00   0.00000000e+00   1.00000000e+00   1.60644156e-01   5.49405343e-05   8.89534192e+00   4.14772183e+01
 2.43000000e+00   0.00000000e+00   1.00000000e+00   1.61893406e-01   5.74540445e-05   8.99140047e+00   4.15979028e+01
 2.44000000e+00   0.00000000e+00   1.00000000e+00   1.63041381e-01   6.50349693e-05   9.08792154e+00   4.17255130e+01
 2.45000000e+00   0.00000000e+00   1.00000000e+00   1.64108182e-01   7.61916525e-05   9.18142992e+00   4.18434577e+01
 2.46000000e+00   0.00000000e+00   1.00000000e+00   1.65063973e-01   8.75626307e-05   9.27397807e+00   4.19689797e+01
 2.47000000e+00   0.00000000e+00   1.00000000e+00   1.65923598e-01   9.88611463e-05   9.35962038e+00   4.20854018e+01
 2.48000000e+00   0.00000000e+00   1.00000000e+00   1.66669304e-01   1.04569094e-04   9.44408399e+00   4.22066888e+01
 2.49000000e+00   0.00000000e+00   1.00000000e+00   1.67303730e-01   1.07285486e-04   9.51959551e+00   4.23207620e+01
 2.50000000e+00   0.00000000e+00   1.00000000e+00   1.67824809e-01   1.01822608e-04   9.59363394e+00   4.24351907e+01
 2.51000000e+00   0.00000000e+00   1.00000000e+00   1.68221955e-01   9.41127509e-05   9.65870754e+00   4.25455093e+01
 2.52000000e+00   0.00000000e+00   1.00000000e+00   1.68501124e-01   8.08721639e-05   9.69703304e+00   4.27143254e+01
 2.53000000e+00   0.00000000e+00   1.00000000e+00   1.68646457e-01   6.97623202e-05   9.73604879e+00   4.27235841e+01
 2.54000000e+00   0.00000000e+00   1.00000000e+00   1.68659981e-01   5.92337787e-05   9.78599358e+00   4.28168436e+01
 2.55000000e+00   0.00000000e+00   1.00000000e+00   1.68528948e-01   5.47164626e-05   9.82908005e+00   4.29123136e+01
 2.56000000e+00   0.00000000e+00   1.00000000e+00   1.68250719e-01   5.54371719e-05   9.86377267e+00   4.30110103e+01
 2.57000000e+00   0.00000000e+00   1.00000000e+00   1.67815328e-01   6.20700255e-05   9.88526273e+00   4.31070161e+01
 2.58000000e+00   0.00000000e+00   1.00000000e+00   1.67217120e-01   7.34171510e-05   9.89628046e+00   4.32065406e+01
 2.59000000e+00   0.00000000e+00   1.00000000e+00   1.66457383e-01   8.56544740e-05   9.88953774e+00   4.33031075e+01
 2.60000000e+00   0.00000000e+00   1.00000000e+00   1.65530563e-01   9.84254323e-05   9.88324406e+00   4.37354502e+01
 2.61000000e+00   0.00000000e+00   1.00000000e+00   1.64438407e-01   1.06117957e-04   9.77513861e+00   4.35949246e+01
 2.62000000e+00   0.00000000e+00   1.00000000e+00   1.63187175e-01   1.10298148e-04   9.69360242e+00   4.36534927e+01
 2.63000000e+00   0.00000000e+00   1.00000000e+00   1.61793967e-01   1.07013158e-04   9.60160688e+00   4.37262445e+01
 2.64000000e+00   0.00000000e+00   1.00000000e+00   1.60256476e-01   1.00336760e-04   9.49787673e+00   4.38019810e+01
 2.65000000e+00   0.00000000e+00   1.00000000e+00   1.58603574e-01   8.95414652e-05   9.38162322e+00   4.38645865e+01
 2.66000000e+00   0.00000000e+00   1.00000000e+00   1.56837205e-01   7.85091578e-05   9.26044801e+00   4.39272528e+01
 2.67000000e+00   0.00000000e+00   1.00000000e+00   1.54982709e-01   6.92151888e-05   9.13249870e+00   4.39764218e+01
 2.68000000e+00   0.00000000e+00   1.00000000e+00   1.53042156e-01   6.31265867e-05   9.00525265e+00   4.40247344e+01
 2.69000000e+00   0.00000000e+00   1.00000000e+00   1.51032225e-01   6.31467259e-05   8.87527443e+00   4.40613587e+01
 2.70000000e+00   0.00000000e+00   1.00000000e+00   1.48952167e-01   6.69420259e-05   8.74753415e+00   4.40961397e+01
 2.71000000e+00   0.00000000e+00   1.00000000e+00   1.46809339e-01   7.68924968e-05   8.61750508e+00   4.41223540e+01
 2.72000000e+00   0.00000000e+00   1.00000000e+00   1.44601325e-01   8.75666498e-05   8.48772451e+00   4.41454198e+01
 2.73000000e+00   0.00000000e+00   1.00000000e+00   1.42331607e-01   1.00523460e-04   8.35439855e+00   4.41622617e+01
 2.74000000e+00   0.00000000e+00   1.00000000e+00   1.39998095e-01   1.09690274e-04   8.21892846e+00   4.41743270e+01
 2.75000000e+00   0.00000000e+00   1.00000000e+00   1.37607297e-01   1.16355847e-04   8.08024039e+00   4.41806802e+01
 2.76000000e+00   0.00000000e+00   1.00000000e+00   1.35157422e-01   1.16680820e-04   7.93920229e+00   4.41810652e+01
 2.77000000e+00   0.00000000e+00   1.00000000e+00   1.32658799e-01   1.12335146e-04   7.79745375e+00   4.41751921e+01
 2.78000000e+00   0.00000000e+00   1.00000000e+00   1.30108535e-01   1.03494656e-04   7.65492409e+00   4.41633227e+01
 2.79000000e+00   0.00000000e+00   1.00000000e+00   1.27513759e-01   9.20449391e-05   7.51348090e+00   4.41453738e+01
 2.80000000e+00   0.00000000e+00   1.00000000e+00   1.24870855e-01   8.15116900e-05   7.37184397e+00   4.41229800e+01
 2.81000000e+00   0.00000000e+00   1.00000000e+00   1.22176163e-01   7.27910857e-05   7.22948653e+00   4.40959613e+01
 2.82000000e+00   0.00000000e+00   1.00000000e+00   1.19427368e-01   7.00372959e-05   7.08435984e+00   4.40668321e+01
 2.83000000e+00   0.00000000e+00   1.00000000e+00   1.16611330e-01   7.18376844e-05   6.93363930e+00   4.40348940e+01
 2.84000000e+00   0.00000000e+00   1.00000000e+00   1.13727728e-01   8.01457280e-05   6.77509380e+00   4.40027085e+01
 2.85000000e+00   0.00000000e+00   1.00000000e+00   1.10765218e-01   9.14693302e-05   6.60630209e+00   4.39678097e+01
 2.86000000e+00   0.00000000e+00   1.00000000e+00   1.07723391e-01   1.04627380e-04   6.42522360e+00   4.39333560e+01
 2.87000000e+00   0.00000000e+00   1.00000000e+00   1.04605234e-01   1.16440004e-04   6.23229927e+00   4.38935956e+01
 2.88000000e+00   0.00000000e+00   1.00000000e+00   1.01407664e-01   1.23881762e-04   6.02629092e+00   4.38538919e+01
 2.89000000e+00   0.00000000e+00   1.00000000e+00   9.81519823e-02   1.27058061e-04   5.81019351e+00   4.38048960e+01
 2.90000000e+00   0.00000000e+00   1.00000000e+00   9.48324684e-02   1.22975386e-04   5.58483478e+00   4.37552478e+01
 2.91000000e+00   0.00000000e+00   1.00000000e+00   9.14819208e-02   1.16166257e-04   5.35297369e+00   4.36930669e+01
 2.92000000e+00   0.00000000e+00   1.00000000e+00   8.80947099e-02   1.04337941e-04   5.11853468e+00   4.36300204e+01
 2.93000000e+00   0.00000000e+00   1.00000000e+00   8.47035299e-02   9.47147578e-05   4.88139663e+00   4.35538343e+01
 2.94000000e+00   0.00000000e+00   1.00000000e+00   8.13056828e-02   8.49873513e-05   4.64793155e+00   4.34768959e+01
 2.95000000e+00   0.00000000e+00   1.00000000e+00   7.79250477e-02   8.17115639e-05   4.41492134e+00   4.33888366e+01
 2.96000000e+00   0.00000000e+00   1.00000000e+00   7.45632935e-02   8.17932079e-05   4.18892148e+00   4.32999967e+01
 2.97000000e+00   0.00000000e+00   1.00000000e+00   7.12327987e-02   8.84238300e-05   3.96569395e+00   4.32034254e+01
 2.98000000e+00   0.00000000e+00   1.00000000e+00   6.79405589e-02   9.81195408e-05   3.74980941e+00   4.31049798e+01
 2.99000000e+00   0.00000000e+00   1.00000000e+00   6.46892464e-02   1.10098241e-04   3.53858861e+00   4.30019963e+01
 3.00000000e+00   0.00000000e+00   1.00000000e+00   6.14918532e-02   1.22014798e-04   3.33392117e+00   4.28948292e+01
 3.01000000e+00   0.00000000e+00   1.00000000e+00   5.83452968e-02   1.30485344e-04   3.13616790e+00   4.27852925e+01
 3.02000000e+00   0.00000000e+00   1.00000000e+00   5.52663985e-02   1.35876199e-04   2.94490509e+00   4.26692947e+01
 3.03000000e+00   0.00000000e+00   1.00000000e+00   5.22513641e-02   1.34444175e-04   2.76348708e+00   4.25517782e+01
 3.04000000e+00   0.00000000e+00   1.00000000e+00   4.93137743e-02   1.29732327e-04   2.58937875e+00   4.24272443e+01
 3.05000000e+00   0.00000000e+00   1.00000000e+00   4.64539127e-02   1.19439438e-04   2.42774826e+00   4.23012948e+01
 3.06000000e+00   0.00000000e+00   1.00000000e+00   4.36732347e-02   1.08995904e-04   2.27390573e+00   4.21706232e+01
 3.07000000e+00   0.00000000e+00   1.00000000e+00   4.09778994e-02   9.79668737e-05   2.13278460e+00   4.20384763e+01
 3.08000000e+00   0.00000000e+00   1.00000000e+00   3.83537605e-02   9.09203991e-05   1.99846097e+00   4.19061487e+01
 3.09000000e+00   0.00000000e+00   1.00000000e+00   3.58098411e-02   8.83780393e-05   1.87310815e+00   4.17725301e+01
 3.10000000e+00   0.00000000e+00   1.00000000e+00   3.33224966e-02   9.12622017e-05   1.75207712e+00   4.16434601e+01
 3.11000000e+00   0.00000000e+00   1.00000000e+00   3.08985659e-02   9.99353466e-05   1.63299480e+00   4.15131403e+01
 3.12000000e+00   0.00000000e+00   1.00000000e+00   2.85168664e-02   1.10823037e-04   1.51524133e+00   4.13899109e+01
 3.13000000e+00   0.00000000e+00   1.00000000e+00   2.61803285e-02   1.24163804e-04   1.39254236e+00   4.12647464e+01
 3.14000000e+00   0.00000000e+00   1.00000000e+00   2.38795289e-02   1.33853632e-04   1.26906781e+00   4.11462975e+01
 3.15000000e+00   0.00000000e+00   1.00000000e+00   2.16173732e-02   1.41262992e-04   1.13794469e+00   4.10243145e+01
 3.16000000e+00   0.00000000e+00   1.00000000e+00   1.93968214e-02   1.41257306e-04   1.00600277e+00   4.09066496e+01
 3.17000000e+00   0.00000000e+00   1.00000000e+00   1.72260844e-02   1.37219039e-04   8.69552300e-01   4.07839133e+01
 3.18000000e+00   0.00000000e+00   1.00000000e+00   1.51138134e-02   1.27388573e-04   7.34386201e-01   4.06628510e+01
 3.19000000e+00   0.00000000e+00   1.00000000e+00   1.30739888e-02   1.16133999e-04   6.01316267e-01   4.05365870e+01
 3.20000000e+00   0.00000000e+00   1.00000000e+00   1.11134848e-02   1.04843887e-04   4.72284912e-01   4.04108100e+01
 3.21000000e+00   0.00000000e+00   1.00000000e+00   9.24682503e-03   9.62903025e-05   3.50884346e-01   4.02816839e+01
 3.22000000e+00   0.00000000e+00   1.00000000e+00   7.47655026e-03   9.29685106e-05   2.34970422e-01   4.01533228e+01
 3.23000000e+00   0.00000000e+00   1.00000000e+00   5.81236470e-03   9.40736879e-05   1.28406581e-01   4.00242564e+01
 3.24000000e+00   0.00000000e+00   1.00000000e+00   4.25569617e-03   1.01345732e-04   2.71563159e-02   3.98966555e+01
 3.25000000e+00   0.00000000e+00   1.00000000e+00   2.81154469e-03   1.10727585e-04  -6.55252050e-02   3.97700609e+01
 3.26000000e+00   0.00000000e+00   1.00000000e+00   1.48486036e-03   1.22766066e-04  -1.52634604e-01   3.96448914e+01
 3.27000000e+00   0.00000000e+00   1.00000000e+00   2.79565641e-04   1.32605488e-04  -2.31248167e-01   3.95204937e+01
 3.28000000e+00   0.00000000e+00   1.00000000e+00  -7.93966814e-04   1.40134780e-04  -3.01435859e-01   3.93969400e+01
 3.29000000e+00   0.00000000e+00   1.00000000e+00  -1.73194212e-03   1.42643063e-04  -3.61196062e-01   3.92727886e+01
 3.30000000e+00   0.00000000e+00   1.00000000e+00  -2.52148242e-03   1.39913181e-04  -4.07643239e-01   3.91490886e+01
 3.31000000e+00   0.00000000e+00   1.00000000e+00  -3.16228424e-03   1.33124384e-04  -4.41569279e-01   3.90239883e+01
 3.32000000e+00   0.00000000e+00   1.00000000e+00  -3.64532195e-03   1.21945962e-04  -4.58688434e-01   3.89005265e+01
 3.33000000e+00   0.00000000e+00   1.00000000e+00  -3.97596078e-03   1.11162964e-04  -4.63444056e-01   3.87764517e+01
 3.34000000e+00   0.00000000e+00   1.00000000e+00  -4.15586542e-03   9.96744989e-05  -4.52353735e-01   3.86567882e+01
 3.35000000e+00   0.00000000e+00   1.00000000e+00  -4.19206109e-03   9.37090321e-05  -4.31513863e-01   3.85384654e+01
 3.36000000e+00   0.00000000e+00   1.00000000e+00  -4.10024296e-03   9.05069816e-05  -4.00163650e-01   3.84278185e+01
 3.37000000e+00   0.00000000e+00   1.00000000e+00  -3.88198586e-03   9.48127604e-05  -3.62412839e-01   3.83206018e+01
 3.38000000e+00   0.00000000e+00   1.00000000e+00  -3.56386253e-03   1.02060394e-04  -3.20942265e-01   3.82228887e+01
 3.39000000e+00   0.00000000e+00   1.00000000e+00  -3.13950216e-03   1.13662168e-04  -2.75755871e-01   3.81296186e+01
 3.40000000e+00   0.00000000e+00   1.00000000e+00  -2.63674340e-03   1.24771722e-04  -2.32047115e-01   3.80452263e+01
 3.41000000e+00   0.00000000e+00   1.00000000e+00  -2.04672085e-03   1.33937781e-04  -1.86496440e-01   3.79654025e+01
 3.42000000e+00   0.00000000e+00   1.00000000e+00  -1.38661658e-03   1.38859413e-04  -1.44573569e-01   3.78915284e+01
 3.43000000e+00   0.00000000e+00   1.00000000e+00  -6.53054954e-04   1.37281887e-04  -1.01924737e-01   3.78219352e+01
 3.44000000e+00   0.00000000e+00   1.00000000e+00   1.54060151e-04   1.31424628e-04  -6.21462125e-02   3.77550248e+01
 3.45000000e+00   0.00000000e+00   1.00000000e+00   1.02949163e-03   1.19764515e-04  -2.15491950e-02   3.76924732e+01
 3.46000000e+00   0.00000000e+00   1.00000000e+00   1.98735562e-03   1.08181015e-04   1.87947038e-02   3.76308432e+01
 3.47000000e+00   0.00000000e+00   1.00000000e+00   3.01706767e-03   9.56086820e-05   6.12080783e-02   3.75740913e+01
 3.48000000e+00   0.00000000e+00   1.00000000e+00   4.13600475e-03   8.82739648e-05   1.06273679e-01   3.75187592e+01
 3.49000000e+00   0.00000000e+00   1.00000000e+00   5.33409481e-03   8.43869998e-05   1.54371176e-01   3.74686792e+01
 3.50000000e+00   0.00000000e+00   1.00000000e+00   6.62226129e-03   8.71894614e-05   2.06951150e-01   3.74219379e+01
 3.51000000e+00   0.00000000e+00   1.00000000e+00   7.99560291e-03   9.40249046e-05   2.61994344e-01   3.73798321e+01
 3.52000000e+00   0.00000000e+00   1.00000000e+00   9.45621053e-03   1.04062659e-04   3.22208752e-01   3.73428232e+01
 3.53000000e+00   0.00000000e+00   1.00000000e+00   1.10074464e-02   1.15205088e-04   3.83838069e-01   3.73086581e+01
 3.54000000e+00   0.00000000e+00   1.00000000e+00   1.26461461e-02   1.23851039e-04   4.51579862e-01   3.72801910e+01
 3.55000000e+00   0.00000000e+00   1.00000000e+00   1.43849153e-02   1.30237646e-04   5.21874175e-01   3.72520354e+01
 3.56000000e+00   0.00000000e+00   1.00000000e+00   1.62188494e-02   1.30238075e-04   6.00689313e-01   3.72292325e+01
 3.57000000e+00   0.00000000e+00   1.00000000e+00   1.81660741e-02   1.27008437e-04   6.86356888e-01   3.72048424e+01
 3.58000000e+00   0.00000000e+00   1.00000000e+00   2.02200264e-02   1.17663584e-04   7.83648915e-01   3.71853983e+01
 3.59000000e+00   0.00000000e+00   1.00000000e+00   2.23948476e-02   1.07263196e-04   8.92587428e-01   3.71645764e+01
 3.60000000e+00   0.00000000e+00   1.00000000e+00   2.46811442e-02   9.48752860e-05   1.01431725e+00   3.71490763e+01
 3.61000000e+00   0.00000000e+00   1.00000000e+00   2.70791751e-02   8.51855676e-05   1.14897491e+00   3.71349221e+01
 3.62000000e+00   0.00000000e+00   1.00000000e+00   2.95778107e-02   7.86892824e-05   1.29378148e+00   3.71272019e+01
 3.63000000e+00   0.00000000e+00   1.00000000e+00   3.21611393e-02   7.72624005e-05   1.44818981e+00   3.71249402e+01
 3.64000000e+00   0.00000000e+00   1.00000000e+00   3.48191305e-02   8.15873660e-05   1.60709545e+00   3.71299272e+01
 3.65000000e+00   0.00000000e+00   1.00000000e+00   3.75283786e-02   8.94751637e-05   1.77039287e+00   3.71433463e+01
 3.66000000e+00   0.00000000e+00   1.00000000e+00   4.02807275e-02   1.01075674e-04   1.93243884e+00   3.71636813e+01
 3.67000000e+00   0.00000000e+00   1.00000000e+00   4.30583612e-02   1.11229234e-04   2.09531960e+00   3.71928411e+01
 3.68000000e+00   0.00000000e+00   1.00000000e+00   4.58530758e-02   1.20209525e-04   2.25365662e+00   3.72272604e+01
 3.69000000e+00   0.00000000e+00   1.00000000e+00   4.86591229e-02   1.23033995e-04   2.41184745e+00   3.72688150e+01
 3.70000000e+00   0.00000000e+00   1.00000000e+00   5.14670191e-02   1.21332495e-04   2.56528897e+00   3.73136993e+01
 3.71000000e+00   0.00000000e+00   1.00000000e+00   5.42783754e-02   1.13371347e-04   2.71836333e+00   3.73639865e+01
 3.72000000e+00   0.00000000e+00   1.00000000e+00   5.70849653e-02   1.02047906e-04   2.86833009e+00   3.74167269e+01
 3.73000000e+00   0.00000000e+00   1.00000000e+00   5.98857135e-02   8.94890052e-05   3.01658269e+00   3.74742982e+01
 3.74000000e+00   0.00000000e+00   1.00000000e+00   6.26780386e-02   7.77951458e-05   3.16344112e+00   3.75348137e+01
 3.75000000e+00   0.00000000e+00   1.00000000e+00   6.54527331e-02   7.10205227e-05   3.30616633e+00   3.76004281e+01
 3.76000000e+00   0.00000000e+00   1.00000000e+00   6.82144499e-02   6.80304748e-05   3.44825874e+00   3.76702789e+01
 3.77000000e+00   0.00000000e+00   1.00000000e+00   7.09496437e-02   7.23792798e-05   3.58428513e+00   3.77448383e+01
 3.78000000e+00   0.00000000e+00   1.00000000e+00   7.36671113e-02   7.93200764e-05   3.71972901e+00   3.78245194e+01
 3.79000000e+00   0.00000000e+00   1.00000000e+00   7.63577667e-02   9.08475924e-05   3.84905195e+00   3.79068020e+01
 3.80000000e+00   0.00000000e+00   1.00000000e+00   7.90297262e-02   1.00852453e-04   3.97832391e+00   3.79943286e+01
 3.81000000e+00   0.00000000e+00   1.00000000e+00   8.16843796e-02   1.10213504e-04   4.10371330e+00   3.80811442e+01
 3.82000000e+00   0.00000000e+00   1.00000000e+00   8.43257041e-02   1.14650372e-04   4.23089856e+00   3.81724587e+01
 3.83000000e+00   0.00000000e+00   1.00000000e+00   8.69652530e-02   1.14616432e-04   4.35834719e+00   3.82603246e+01
 3.84000000e+00   0.00000000e+00   1.00000000e+00   8.96006881e-02   1.09779225e-04   4.49025189e+00   3.83516843e+01
 3.85000000e+00   0.00000000e+00   1.00000000e+00   9.22485365e-02   1.00269082e-04   4.62738966e+00   3.84391378e+01
 3.86000000e+00   0.00000000e+00   1.00000000e+00   9.48985264e-02   8.97651191e-05   4.77067738e+00   3.85292283e+01
 3.87000000e+00   0.00000000e+00   1.00000000e+00   9.75651445e-02   7.75569980e-05   4.92313717e+00   3.86177081e+01
 3.88000000e+00   0.00000000e+00   1.00000000e+00   1.00230907e-01   6.95377281e-05   5.08087922e+00   3.87081205e+01
 3.89000000e+00   0.00000000e+00   1.00000000e+00   1.02901301e-01   6.34643721e-05   5.24867427e+00   3.88013909e+01
 3.90000000e+00   0.00000000e+00   1.00000000e+00   1.05557499e-01   6.46384382e-05   5.41837285e+00   3.88955263e+01
 3.91000000e+00   0.00000000e+00   1.00000000e+00   1.08190873e-01   6.90583793e-05   5.59507988e+00   3.89972943e+01
 3.92000000e+00   0.00000000e+00   1.00000000e+00   1.10790783e-01   7.91253546e-05   5.76950715e+00   3.90980837e+01
 3.93000000e+00   0.00000000e+00   1.00000000e+00   1.13334356e-01   9.00819754e-05   5.94533834e+00   3.92093893e+01
 3.94000000e+00   0.00000000e+00   1.00000000e+00   1.15825105e-01   1.01072189e-04   6.11590615e+00   3.93174001e+01
 3.95000000e+00   0.00000000e+00   1.00000000e+00   1.18232922e-01   1.08951832e-04   6.28260356e+00   3.94357762e+01
 3.96000000e+00   0.00000000e+00   1.00000000e+00   1.20571356e-01   1.11324258e-04   6.44318250e+00   3.95495339e+01
 3.97000000e+00   0.00000000e+00   1.00000000e+00   1.22814659e-01   1.08976758e-04   6.59703954e+00   3.96706285e+01
 3.98000000e+00   0.00000000e+00   1.00000000e+00   1.24973898e-01   1.00026222e-04   6.74553111e+00   3.97885311e+01
 3.99000000e+00   0.00000000e+00   1.00000000e+00   1.27036555e-01   8.93363870e-05   6.88638190e+00   3.99092330e+01
 4.00000000e+00   0.00000000e+00   1.00000000e+00   1.29000214e-01   7.60374921e-05   7.02271319e+00   4.00309047e+01
 4.01000000e+00   0.00000000e+00   1.00000000e+00   1.30866293e-01   6.63745144e-05   7.15020279e+00   4.01512196e+01
 4.02000000e+00   0.00000000e+00   1.00000000e+00   1.32618225e-01   5.94177488e-05   7.27273373e+00   4.02773947e+01
 4.03000000e+00   0.00000000e+00   1.00000000e+00   1.34265719e-01   5.91435617e-05   7.38362451e+00   4.03991792e+01
 4.04000000e+00   0.00000000e+00   1.00000000e+00   1.35787808e-01   6.36736832e-05   7.48769937e+00   4.05296899e+01
 4.05000000e+00   0.00000000e+00   1.00000000e+00   1.37196789e-01   7.28299522e-05   7.57732066e+00   4.06538459e+01
 4.06000000e+00   0.00000000e+00   1.00000000e+00   1.38479502e-01   8.45024991e-05   7.65827521e+00   4.07857522e+01
 4.07000000e+00   0.00000000e+00   1.00000000e+00   1.39648591e-01   9.52586031e-05   7.72521922e+00   4.09103598e+01
 4.08000000e+00   0.00000000e+00   1.00000000e+00   1.40704949e-01   1.04531673e-04   7.78367292e+00   4.10383404e+01
 4.09000000e+00   0.00000000e+00   1.00000000e+00   1.41660273e-01   1.08115524e-04   7.83334760e+00   4.11595295e+01
 4.10000000e+00   0.00000000e+00   1.00000000e+00   1.42527569e-01   1.08097240e-04   7.87731605e+00   4.12781024e+01
 4.11000000e+00   0.00000000e+00   1.00000000e+00   1.43313454e-01   1.01674650e-04   7.92029112e+00   4.13923269e+01
 4.12000000e+00   0.00000000e+00   1.00000000e+00   1.44036228e-01   9.29764675e-05   7.96119115e+00   4.14987459e+01
 4.13000000e+00   0.00000000e+00   1.00000000e+00   1.44692518e-01   8.14591131e-05   8.00716904e+00   4.16050390e+01
 4.14000000e+00   0.00000000e+00   1.00000000e+00   1.45298537e-01   7.12093966e-05   8.05266428e+00   4.17005867e+01
 4.15000000e+00   0.00000000e+00   1.00000000e+00   1.45841191e-01   6.34669932e-05   8.10493804e+00   4.18005600e+01
 4.16000000e+00   0.00000000e+00   1.00000000e+00   1.46329362e-01   5.98802396e-05   8.15509990e+00   4.18895514e+01
 4.17000000e+00   0.00000000e+00   1.00000000e+00   1.46747613e-01   6.22553666e-05   8.20997591e+00   4.19856826e+01
 4.18000000e+00   0.00000000e+00   1.00000000e+00   1.47095739e-01   6.83814627e-05   8.25956463e+00   4.20725137e+01
 4.19000000e+00   0.00000000e+00   1.00000000e+00   1.47364329e-01   7.96402733e-05   8.31018815e+00   4.21658000e+01
 4.20000000e+00   0.00000000e+00   1.00000000e+00   1.47545946e-01   9.04745280e-05   8.33484872e+00   4.22909108e+01
 4.21000000e+00   0.00000000e+00   1.00000000e+00   1.47639954e-01   1.02196596e-04   8.36469117e+00   4.23082117e+01
 4.22000000e+00   0.00000000e+00   1.00000000e+00   1.47635985e-01   1.08611408e-04   8.40367627e+00   4.23891011e+01
 4.23000000e+00   0.00000000e+00   1.00000000e+00   1.47536267e-01   1.11326926e-04   8.43715051e+00   4.24695867e+01
 4.24000000e+00   0.00000000e+00   1.00000000e+00   1.47334892e-01   1.07366544e-04   8.46365326e+00   4.25482663e+01
 4.25000000e+00   0.00000000e+00   1.00000000e+00   1.47027062e-01   9.90546875e-05   8.48655420e+00   4.26268559e+01
 4.26000000e+00   0.00000000e+00   1.00000000e+00   1.46612581e-01   8.77340851e-05   8.49825784e+00   4.26994348e+01
 4.27000000e+00   0.00000000e+00   1.00000000e+00   1.46083479e-01   7.54505174e-05   8.50717851e+00   4.27739694e+01
 4.28000000e+00   0.00000000e+00   1.00000000e+00   1.45438013e-01   6.65963617e-05   8.50198552e+00   4.28405473e+01
 4.29000000e+00   0.00000000e+00   1.00000000e+00   1.44675709e-01   6.08748933e-05   8.51210854e+00   4.32046553e+01
 4.30000000e+00   0.00000000e+00   1.00000000e+00   1.43778948e-01   6.26774945e-05   8.43578450e+00   4.30577042e+01
 4.31000000e+00   0.00000000e+00   1.00000000e+00   1.42764878e-01   6.78365735e-05   8.38081926e+00   4.30898936e+01
 4.32000000e+00   0.00000000e+00   1.00000000e+00   1.41617661e-01   7.93524277e-05   8.31698386e+00   4.31486771e+01
 4.33000000e+00   0.00000000e+00   1.00000000e+00   1.40349620e-01   9.07547414e-05   8.24089225e+00   4.32070113e+01
 4.34000000e+00   0.00000000e+00   1.00000000e+00   1.38959271e-01   1.03335023e-04   8.14877630e+00   4.32619283e+01
 4.35000000e+00   0.00000000e+00   1.00000000e+00   1.37457539e-01   1.11432676e-04   8.04654450e+00   4.33159461e+01
 4.36000000e+00   0.00000000e+00   1.00000000e+00   1.35859416e-01   1.15614163e-04   7.93054083e+00   4.33590767e+01
 4.37000000e+00   0.00000000e+00   1.00000000e+00   1.34169730e-01   1.14071009e-04   7.80946005e+00   4.34029738e+01
 4.38000000e+00   0.00000000e+00   1.00000000e+00   1.32416272e-01   1.07392149e-04   7.68011212e+00   4.34304987e+01
 4.39000000e+00   0.00000000e+00   1.00000000e+00   1.30599192e-01   9.80936858e-05   7.55244252e+00   4.34597173e+01
 4.40000000e+00   0.00000000e+00   1.00000000e+00   1.28745134e-01   8.63322270e-05   7.42243215e+00   4.34719208e+01
 4.41000000e+00   0.00000000e+00   1.00000000e+00   1.26852143e-01   7.73464155e-05   7.29878098e+00   4.34857743e+01
 4.42000000e+00   0.00000000e+00   1.00000000e+00   1.24935151e-01   6.98814656e-05   7.17650447e+00   4.34863546e+01
 4.43000000e+00   0.00000000e+00   1.00000000e+00   1.22990256e-01   6.90664009e-05   7.05973928e+00   4.34873809e+01
 4.44000000e+00   0.00000000e+00   1.00000000e+00   1.21021494e-01   7.18062612e-05   6.94525032e+00   4.34807462e+01
 4.45000000e+00   0.00000000e+00   1.00000000e+00   1.19023702e-01   8.07508315e-05   6.83125939e+00   4.34723093e+01
 4.46000000e+00   0.00000000e+00   1.00000000e+00   1.16996476e-01   9.17231600e-05   6.71886772e+00   4.34610960e+01
 4.47000000e+00   0.00000000e+00   1.00000000e+00   1.14938629e-01   1.04213782e-04   6.60308961e+00   4.34446968e+01
 4.48000000e+00   0.00000000e+00   1.00000000e+00   1.12847202e-01   1.14890722e-04   6.48813950e+00   4.34281780e+01
 4.49000000e+00   0.00000000e+00   1.00000000e+00   1.10730561e-01   1.21344527e-04   6.37058820e+00   4.34031930e+01
 4.50000000e+00   0.00000000e+00   1.00000000e+00   1.08580151e-01   1.23266121e-04   6.25350550e+00   4.33789713e+01
 4.51000000e+00   0.00000000e+00   1.00000000e+00   1.06410766e-01   1.18410903e-04   6.13700489e+00   4.33450520e+01
 4.52000000e+00   0.00000000e+00   1.00000000e+00   1.04209209e-01   1.10280227e-04   6.02033511e+00   4.33115588e+01
 4.53000000e+00   0.00000000e+00   1.00000000e+00   1.01983454e-01   9.79980813e-05   5.90453920e+00   4.32707595e+01
 4.54000000e+00   0.00000000e+00   1.00000000e+00   9.97252798e-02   8.71703976e-05   5.78689316e+00   4.32294423e+01
 4.55000000e+00   0.00000000e+00   1.00000000e+00   9.74239323e-02   7.77681652e-05   5.66548380e+00   4.31859667e+01
 4.56000000e+00   0.00000000e+00   1.00000000e+00   9.50865238e-02   7.41122018e-05   5.53945401e+00   4.31402997e+01
 4.57000000e+00   0.00000000e+00   1.00000000e+00   9.26861673e-02   7.57310562e-05   5.40368151e+00   4.30974694e+01
 4.58000000e+00   0.00000000e+00   1.00000000e+00   9.02451477e-02   8.29469055e-05   5.26028951e+00   4.30498862e+01
 4.59000000e+00   0.00000000e+00   1.00000000e+00   8.77371144e-02   9.45741896e-05   5.10500584e+00   4.30071594e+01
 4.60000000e+00   0.00000000e+00   1.00000000e+00   8.51884805e-02   1.06899616e-04   4.94034302e+00   4.29567961e+01
 4.61000000e+00   0.00000000e+00   1.00000000e+00   8.25896876e-02   1.19370097e-04   4.76702841e+00   4.29099208e+01
 4.62000000e+00   0.00000000e+00   1.00000000e+00   7.99605633e-02   1.26706282e-04   4.58519049e+00   4.28530549e+01
 4.63000000e+00   0.00000000e+00   1.00000000e+00   7.73106472e-02   1.30634873e-04   4.40070924e+00   4.27966394e+01
 4.64000000e+00   0.00000000e+00   1.00000000e+00   7.46518395e-02   1.27252508e-04   4.21144883e+00   4.27292989e+01
 4.65000000e+00   0.00000000e+00   1.00000000e+00   7.20021955e-02   1.20639282e-04   4.02509128e+00   4.26602805e+01
 4.66000000e+00   0.00000000e+00   1.00000000e+00   6.93704937e-02   1.09707320e-04   3.83918162e+00   4.25812915e+01
 4.67000000e+00   0.00000000e+00   1.00000000e+00   6.67720198e-02   9.89330031e-05   3.65990113e+00   4.24998322e+01
 4.68000000e+00   0.00000000e+00   1.00000000e+00   6.42145454e-02   8.95839866e-05   3.48543401e+00   4.24113048e+01
 4.69000000e+00   0.00000000e+00   1.00000000e+00   6.17073302e-02   8.37748815e-05   3.31952588e+00   4.23203246e+01
 4.70000000e+00   0.00000000e+00   1.00000000e+00   5.92550427e-02   8.37871293e-05   3.16051124e+00   4.22260314e+01
 4.71000000e+00   0.00000000e+00   1.00000000e+00   5.68628916e-02   8.76647255e-05   3.00997665e+00   4.21290808e+01
 4.72000000e+00   0.00000000e+00   1.00000000e+00   5.45329030e-02   9.76404356e-05   2.86697834e+00   4.20317338e+01
 4.73000000e+00   0.00000000e+00   1.00000000e+00   5.22663164e-02   1.08120718e-04   2.73041997e+00   4.19312571e+01
 4.74000000e+00   0.00000000e+00   1.00000000e+00   5.00687272e-02   1.21069242e-04   2.60252544e+00   4.18309994e+01
 4.75000000e+00   0.00000000e+00   1.00000000e+00   4.79346669e-02   1.29676890e-04   2.47872284e+00   4.17279172e+01
 4.76000000e+00   0.00000000e+00   1.00000000e+00   4.58779793e-02   1.36110163e-04   2.36556517e+00   4.16232892e+01
 4.77000000e+00   0.00000000e+00   1.00000000e+00   4.38864025e-02   1.35530205e-04   2.25622793e+00   4.15175023e+01
 4.78000000e+00   0.00000000e+00   1.00000000e+00   4.19766302e-02   1.30690182e-04   2.15819162e+00   4.14077753e+01
 4.79000000e+00   0.00000000e+00   1.00000000e+00   4.01347951e-02   1.20878657e-04   2.06614893e+00   4.13000222e+01
 4.80000000e+00   0.00000000e+00   1.00000000e+00   3.83683600e-02   1.08842651e-04   1.98223253e+00   4.11870645e+01
 4.81000000e+00   0.00000000e+00   1.00000000e+00   3.66672040e-02   9.77211893e-05   1.90611515e+00   4.10802268e+01
 4.82000000e+00   0.00000000e+00   1.00000000e+00   3.50247315e-02   8.85171411e-05   1.83144364e+00   4.09685028e+01
 4.83000000e+00   0.00000000e+00   1.00000000e+00   3.34338142e-02   8.57699147e-05   1.76284629e+00   4.08666332e+01
 4.84000000e+00   0.00000000e+00   1.00000000e+00   3.18837379e-02   8.71166735e-05   1.68899188e+00   4.07606749e+01
 4.85000000e+00   0.00000000e+00   1.00000000e+00   3.03654589e-02   9.57725345e-05   1.61617779e+00   4.06659588e+01
 4.86000000e+00   0.00000000e+00   1.00000000e+00   2.88798044e-02   1.06311935e-04   1.53527050e+00   4.05675573e+01
 4.87000000e+00   0.00000000e+00   1.00000000e+00   2.74145847e-02   1.19709176e-04   1.45091529e+00   4.04780583e+01
 4.88000000e+00   0.00000000e+00   1.00000000e+00   2.59874396e-02   1.30178957e-04   1.36068298e+00   4.03851685e+01
 4.89000000e+00   0.00000000e+00   1.00000000e+00   2.45890953e-02   1.37546398e-04   1.26671900e+00   4.02956542e+01
 4.90000000e+00   0.00000000e+00   1.00000000e+00   2.32437856e-02   1.39045648e-04   1.17227128e+00   4.02041357e+01
 4.91000000e+00   0.00000000e+00   1.00000000e+00   2.19523579e-02   1.34732847e-04   1.07774225e+00   4.01098794e+01
 4.92000000e+00   0.00000000e+00   1.00000000e+00   2.07313791e-02   1.26359839e-04   9.88358264e-01   4.00164778e+01
 4.93000000e+00   0.00000000e+00   1.00000000e+00   1.95910022e-02   1.14326502e-04   9.02819358e-01   3.99167110e+01
 4.94000000e+00   0.00000000e+00   1.00000000e+00   1.85360258e-02   1.03480285e-04   8.26215164e-01   3.98209732e+01
 4.95000000e+00   0.00000000e+00   1.00000000e+00   1.75773723e-02   9.34773564e-05   7.54800431e-01   3.97192305e+01
 4.96000000e+00   0.00000000e+00   1.00000000e+00   1.67151682e-02   8.92158420e-05   6.93628021e-01   3.96229331e+01
 4.97000000e+00   0.00000000e+00   1.00000000e+00   1.59540194e-02   8.87594741e-05   6.37291372e-01   3.95239879e+01
 4.98000000e+00   0.00000000e+00   1.00000000e+00   1.52976427e-02   9.45160378e-05   5.90541899e-01   3.94290820e+01
 4.99000000e+00   0.00000000e+00   1.00000000e+00   1.47450351e-02   1.03444745e-04   5.49585102e-01   3.93356313e+01
 5.00000000e+00   0.00000000e+00   1.00000000e+00   1.43053201e-02   1.14698900e-04   5.17043595e-01   3.92423848e+01