  Time  Coordinate0  Coordinate1  Displacement0  Displacement1  Force0  Force1
 1.00000000e-02  -3.46944695e-18   1.00000000e+00   1.02872007e-05   1.59217888e-05   4.36061168e-04   1.97231314e+01
 2.00000000e-02  -3.46944695e-18   1.00000000e+00   5.55737876e-05   3.90802597e-05   9.59541875e-04   2.31703275e+01
 3.00000000e-02  -3.46944695e-18   1.00000000e+00   1.49436914e-04   6.28586115e-05   1.10443598e-03   2.45622456e+01
 4.00000000e-02  -3.46944695e-18   1.00000000e+00   2.89247004e-04   8.88410242e-05   6.49892737e-05   2.53850049e+01
 5.00000000e-02  -3.46944695e-18   1.00000000e+00   4.75384239e-04   1.11424293e-04  -2.34688945e-03   2.65091169e+01
 6.00000000e-02  -3.46944695e-18   1.00000000e+00   7.05492360e-04   1.27951584e-04  -6.10715660e-03   2.79248083e+01
 7.00000000e-02  -3.46944695e-18   1.00000000e+00   9.73612505e-04   1.28913752e-04  -1.76499942e-02   2.94040901e+01
 8.00000000e-02  -3.46944695e-18   1.00000000e+00   1.28517013e-03   1.13360317e-04  -3.64962207e-02   3.08264757e+01
 9.00000000e-02  -3.46944695e-18   1.00000000e+00   1.66836780e-03   8.91030550e-05  -6.02647442e-02   3.21757186e+01
 1.00000000e-01  -3.46944695e-18   1.00000000e+00   2.17205098e-03   7.12659581e-05  -7.46643306e-02   3.34639568e+01
 1.10000000e-01  -3.46944695e-18   1.00000000e+00   2.83146476e-03   6.64790043e-05  -6.97136034e-02   3.47004072e+01
 1.20000000e-01  -3.46944695e-18   1.00000000e+00   3.64635491e-03   6.97638882e-05  -4.66235536e-02   3.58829165e+01
 1.30000000e-01  -3.46944695e-18   1.00000000e+00   4.60548277e-03   8.17574803e-05  -1.05236899e-02   3.70067442e+01
 1.40000000e-01  -3.46944695e-18   1.00000000e+00   5.71175524e-03   1.08242782e-04   4.13084812e-02   3.80694635e+01
 1.50000000e-01  -3.46944695e-18   1.00000000e+00   6.96672082e-03   1.41012383e-04   1.11735800e-01   3.90791963e+01
 1.60000000e-01  -3.46944695e-18   1.00000000e+00   8.35690077e-03   1.60846425e-04   1.96015732e-01   4.00359216e+01
 1.70000000e-01  -3.46944695e-18   1.00000000e+00   9.87288644e-03   1.62601951e-04   2.91597435e-01   4.09373184e+01
 1.80000000e-01  -3.46944695e-18   1.00000000e+00   1.15127416e-02   1.55670604e-04   4.00992455e-01   4.17853857e+01
 1.90000000e-01  -3.46944695e-18   1.00000000e+00   1.32706471e-02   1.39664589e-04   5.19528879e-01   4.25808348e+01
 2.00000000e-01  -3.46944695e-18   1.00000000e+00   1.51436751e-02   1.17903012e-04   6.48710424e-01   4.33300184e+01
 2.10000000e-01  -3.46944695e-18   1.00000000e+00   1.71368674e-02   9.61282268e-05   7.91363868e-01   4.40293436e+01
 2.20000000e-01  -3.46944695e-18   1.00000000e+00   1.92552324e-02   8.43921358e-05   9.50185018e-01   4.46871405e+01
 2.30000000e-01  -3.46944695e-18   1.00000000e+00   2.15044285e-02   9.08681020e-05   1.13042627e+00   4.53008286e+01
 2.40000000e-01  -3.46944695e-18   1.00000000e+00   2.38772587e-02   1.14491300e-04   1.33165934e+00   4.58858103e+01
 2.50000000e-01  -3.46944695e-18   1.00000000e+00   2.63393198e-02   1.37416795e-04   1.54494724e+00   4.64398973e+01
 2.60000000e-01  -3.46944695e-18   1.00000000e+00   2.88484996e-02   1.55204500e-04   1.75336415e+00   4.69707648e+01
 2.70000000e-01  -3.46944695e-18   1.00000000e+00   3.13802241e-02   1.73569916e-04   1.94987446e+00   4.74725062e+01
 2.80000000e-01  -3.46944695e-18   1.00000000e+00   3.39355966e-02   1.79333810e-04   2.13608200e+00   4.79481649e+01
 2.90000000e-01  -3.46944695e-18   1.00000000e+00   3.65272801e-02   1.64931540e-04   2.32095308e+00   4.83946061e+01
 3.00000000e-01  -3.46944695e-18   1.00000000e+00   3.91559376e-02   1.38941691e-04   2.50234855e+00   4.88042888e+01
 3.10000000e-01  -3.46944695e-18   1.00000000e+00   4.18177673e-02   1.14885493e-04   2.67731106e+00   4.91822160e+01
 3.20000000e-01  -3.46944695e-18   1.00000000e+00   4.45266550e-02   9.94834032e-05   2.84965059e+00   4.95265108e+01
 3.30000000e-01  -3.46944695e-18   1.00000000e+00   4.73017293e-02   9.51110198e-05   3.02993942e+00   4.98396326e+01
 3.40000000e-01  -3.46944695e-18   1.00000000e+00   5.01487525e-02   9.94847320e-05   3.21842996e+00   5.01223681e+01
 3.50000000e-01  -3.46944695e-18   1.00000000e+00   5.30667648e-02   1.16406555e-04   3.41321593e+00   5.03757974e+01
 3.60000000e-01  -3.46944695e-18   1.00000000e+00   5.60574275e-02   1.44099432e-04   3.61689265e+00   5.06018526e+01
 3.70000000e-01  -3.46944695e-18   1.00000000e+00   5.91162684e-02   1.68613453e-04   3.83013970e+00   5.08023000e+01
 3.80000000e-01  -3.46944695e-18   1.00000000e+00   6.22249562e-02   1.76884191e-04   4.04292546e+00   5.09775796e+01
 3.90000000e-01  -3.46944695e-18   1.00000000e+00   6.53685365e-02   1.67786685e-04   4.24530191e+00   5.11236058e+01
 4.00000000e-01  -3.46944695e-18   1.00000000e+00   6.85574284e-02   1.54559413e-04   4.44305436e+00   5.12363508e+01
 4.10000000e-01  -3.46944695e-18   1.00000000e+00   7.18183693e-02   1.34792989e-04   4.64995090e+00   5.13193524e+01
 4.20000000e-01  -3.46944695e-18   1.00000000e+00   7.51756042e-02   1.06241227e-04   4.87276573e+00   5.13681422e+01
 4.30000000e-01  -3.46944695e-18   1.00000000e+00   7.86373449e-02   8.65827654e-05   5.12174144e+00   5.13821667e+01
 4.40000000e-01  -3.46944695e-18   1.00000000e+00   8.21911640e-02   8.46708828e-05   5.38634818e+00   5.13686417e+01
 4.50000000e-01  -3.46944695e-18   1.00000000e+00   8.58150606e-02   9.72741677e-05   5.66179343e+00   5.13376035e+01
 4.60000000e-01  -3.46944695e-18   1.00000000e+00   8.94973095e-02   1.19140673e-04   5.94400724e+00   5.12844534e+01
 4.70000000e-01  -3.46944695e-18   1.00000000e+00   9.32308743e-02   1.39047406e-04   6.23995435e+00   5.12158932e+01
 4.80000000e-01  -3.46944695e-18   1.00000000e+00   9.69878186e-02   1.53792017e-04   6.53717046e+00   5.11292322e+01
 4.90000000e-01  -3.46944695e-18   1.00000000e+00   1.00732788e-01   1.64762352e-04   6.82462558e+00   5.10297895e+01
 5.00000000e-01  -3.46944695e-18   1.00000000e+00   1.04447962e-01   1.59337163e-04   7.10050136e+00   5.09178705e+01
 5.10000000e-01  -3.46944695e-18   1.00000000e+00   1.08123178e-01   1.34209098e-04   7.36234921e+00   5.07887049e+01
 5.20000000e-01  -3.46944695e-18   1.00000000e+00   1.11749311e-01   1.05031277e-04   7.60983731e+00   5.06424419e+01
 5.30000000e-01  -3.46944695e-18   1.00000000e+00   1.15326655e-01   8.54591341e-05   7.84431680e+00   5.04786374e+01
 5.40000000e-01  -3.46944695e-18   1.00000000e+00   1.18862651e-01   7.48691217e-05   8.07213299e+00   5.03071054e+01
 5.50000000e-01  -3.46944695e-18   1.00000000e+00   1.22364816e-01   7.10824416e-05   8.30242505e+00   5.01201796e+01
 5.60000000e-01  -3.46944695e-18   1.00000000e+00   1.25817104e-01   8.21714753e-05   8.53315309e+00   4.99268781e+01
 5.70000000e-01  -3.46944695e-18   1.00000000e+00   1.29179995e-01   1.05514420e-04   8.74574605e+00   4.97281614e+01
 5.80000000e-01  -3.46944695e-18   1.00000000e+00   1.32426040e-01   1.31534161e-04   8.93079800e+00   4.95310296e+01
 5.90000000e-01  -3.46944695e-18   1.00000000e+00   1.35553688e-01   1.46832906e-04   9.09385508e+00   4.93318477e+01
 6.00000000e-01  -3.46944695e-18   1.00000000e+00   1.38567776e-01   1.45258355e-04   9.23846874e+00   4.91261889e+01
 6.10000000e-01  -3.46944695e-18   1.00000000e+00   1.41472546e-01   1.32743367e-04   9.36334816e+00   4.89121203e+01
 6.20000000e-01  -3.46944695e-18   1.00000000e+00   1.44272223e-01   1.14520961e-04   9.47552424e+00   4.86909334e+01
 6.30000000e-01  -3.46944695e-18   1.00000000e+00   1.46972206e-01   9.11742358e-05   9.57139849e+00   4.84645777e+01
 6.40000000e-01  -3.46944695e-18   1.00000000e+00   1.49588574e-01   6.43475499e-05   9.65825080e+00   4.82308108e+01
 6.50000000e-01  -3.46944695e-18   1.00000000e+00   1.52146448e-01   5.14989596e-05   9.74466482e+00   4.79869964e+01
 6.60000000e-01  -3.46944695e-18   1.00000000e+00   1.54660746e-01   6.18101542e-05   9.84013379e+00   4.77410728e+01
 6.70000000e-01  -3.46944695e-18   1.00000000e+00   1.57126129e-01   7.97404978e-05   9.94215277e+00   4.75005536e+01
 6.80000000e-01  -3.46944695e-18   1.00000000e+00   1.59533074e-01   9.84920931e-05   1.00464247e+01   4.72580572e+01
 6.90000000e-01  -3.46944695e-18   1.00000000e+00   1.61870009e-01   1.19510581e-04   1.01521549e+01   4.70192689e+01
 7.00000000e-01  -3.46944695e-18   1.00000000e+00   1.64114664e-01   1.33059792e-04   1.02523417e+01   4.67872314e+01
 7.10000000e-01  -3.46944695e-18   1.00000000e+00   1.66246406e-01   1.35191304e-04   1.03381932e+01   4.65566670e+01
 7.20000000e-01  -3.46944695e-18   1.00000000e+00   1.68270965e-01   1.20647171e-04   1.04123781e+01   4.63335436e+01
 7.30000000e-01  -3.46944695e-18   1.00000000e+00   1.70212476e-01   9.15615680e-05   1.04879319e+01   4.61062097e+01
 7.40000000e-01  -3.46944695e-18   1.00000000e+00   1.72081457e-01   6.69723146e-05   1.05724183e+01   4.58793886e+01
 7.50000000e-01  -3.46944695e-18   1.00000000e+00   1.73860893e-01   5.35181871e-05   1.06574965e+01   4.56576606e+01
 7.60000000e-01  -3.46944695e-18   1.00000000e+00   1.75534312e-01   4.76700861e-05   1.07393651e+01   4.54459140e+01
 7.70000000e-01  -3.46944695e-18   1.00000000e+00   1.77094251e-01   5.05096345e-05   1.08195777e+01   4.52416405e+01
 7.80000000e-01  -3.46944695e-18   1.00000000e+00   1.78530657e-01   6.93640038e-05   1.08968283e+01   4.50427127e+01
 7.90000000e-01  -3.46944695e-18   1.00000000e+00   1.79827308e-01   9.86177912e-05   1.09710279e+01   4.48598060e+01
 8.00000000e-01  -3.46944695e-18   1.00000000e+00   1.80955420e-01   1.19788841e-04   1.10351636e+01   4.46895704e+01
 8.10000000e-01  -3.46944695e-18   1.00000000e+00   1.81885715e-01   1.25317888e-04   1.10748337e+01   4.45300137e+01
 8.20000000e-01  -3.46944695e-18   1.00000000e+00   1.82604648e-01   1.19739137e-04   1.10918395e+01   4.43771123e+01
 8.30000000e-01  -3.46944695e-18   1.00000000e+00   1.83109539e-01   1.05629293e-04   1.10826025e+01   4.42310879e+01
 8.40000000e-01  -3.46944695e-18   1.00000000e+00   1.83409907e-01   8.32756900e-05   1.10532981e+01   4.40913153e+01
 8.50000000e-01  -3.46944695e-18   1.00000000e+00   1.83526172e-01   5.86370713e-05   1.10092500e+01   4.39549636e+01
 8.60000000e-01  -3.46944695e-18   1.00000000e+00   1.83475998e-01   3.96240352e-05   1.09760058e+01   4.38237852e+01
 8.70000000e-01  -3.46944695e-18   1.00000000e+00   1.83272817e-01   3.78790053e-05   1.09001505e+01   4.36941333e+01
 8.80000000e-01  -3.46944695e-18   1.00000000e+00   1.82913768e-01   5.66179348e-05   1.08409047e+01   4.35681410e+01
 8.90000000e-01  -3.46944695e-18   1.00000000e+00   1.82379543e-01   7.70567903e-05   1.07694713e+01   4.34610881e+01
 9.00000000e-01  -3.46944695e-18   1.00000000e+00   1.81659951e-01   9.56428505e-05   1.06771161e+01   4.33575076e+01
 9.10000000e-01  -3.46944695e-18   1.00000000e+00   1.80774002e-01   1.16068441e-04   1.05727248e+01   4.32562475e+01
 9.20000000e-01  -3.46944695e-18   1.00000000e+00   1.79740655e-01   1.27299858e-04   1.04660529e+01   4.31625498e+01
 9.30000000e-01  -3.46944695e-18   1.00000000e+00   1.78556649e-01   1.18958171e-04   1.03496818e+01   4.30723461e+01
 9.40000000e-01  -3.46944695e-18   1.00000000e+00   1.77223924e-01   9.58674731e-05   1.02167346e+01   4.29795346e+01
 9.50000000e-01  -3.46944695e-18   1.00000000e+00   1.75766026e-01   7.07832932e-05   1.00802041e+01   4.28872635e+01
 9.60000000e-01  -3.46944695e-18   1.00000000e+00   1.74210357e-01   5.12773568e-05   9.94369703e+00   4.27936585e+01
 9.70000000e-01  -3.46944695e-18   1.00000000e+00   1.72579524e-01   4.25711393e-05   9.81623183e+00   4.27049059e+01
 9.80000000e-01  -3.46944695e-18   1.00000000e+00   1.70884170e-01   4.28397926e-05   9.70110755e+00   4.26157726e+01
 9.90000000e-01  -3.46944695e-18   1.00000000e+00   1.69121266e-01   5.42054082e-05   9.59396052e+00   4.25313838e+01
 1.00000000e+00  -3.46944695e-18   1.00000000e+00   1.67277067e-01   8.13028846e-05   9.49564040e+00   4.24508721e+01
 1.01000000e+00  -3.46944695e-18   1.00000000e+00   1.65327991e-01   1.09849000e-04   9.39486143e+00   4.23823321e+01
 1.02000000e+00  -3.46944695e-18   1.00000000e+00   1.63253072e-01   1.23574340e-04   9.28430100e+00   4.23205938e+01
 1.03000000e+00  -3.46944695e-18   1.00000000e+00   1.61044073e-01   1.22468209e-04   9.16158509e+00   4.22626918e+01
 1.04000000e+00  -3.46944695e-18   1.00000000e+00   1.58707323e-01   1.13053849e-04   9.02771040e+00   4.22061168e+01
 1.05000000e+00  -3.46944695e-18   1.00000000e+00   1.56257593e-01   9.72788130e-05   8.89051554e+00   4.21508629e+01
 1.06000000e+00  -3.46944695e-18   1.00000000e+00   1.53700927e-01   7.07324604e-05   8.75355460e+00   4.21003616e+01
 1.07000000e+00  -3.46944695e-18   1.00000000e+00   1.51026145e-01   4.74632806e-05   8.60726754e+00   4.20466858e+01
 1.08000000e+00  -3.46944695e-18   1.00000000e+00   1.48226484e-01   4.10514443e-05   8.45121290e+00   4.19976331e+01
 1.09000000e+00  -3.46944695e-18   1.00000000e+00   1.45311975e-01   4.95727802e-05   8.28784273e+00   4.19520439e+01
 1.10000000e+00  -3.46944695e-18   1.00000000e+00   1.42291579e-01   7.09526540e-05   8.12418239e+00   4.19130007e+01
 1.11000000e+00  -3.46944695e-18   1.00000000e+00   1.39153965e-01   9.37486975e-05   7.95515381e+00   4.18787636e+01
 1.12000000e+00  -3.46944695e-18   1.00000000e+00   1.35874212e-01   1.12320694e-04   7.77064444e+00   4.18498271e+01
 1.13000000e+00  -3.46944695e-18   1.00000000e+00   1.32439794e-01   1.30479216e-04   7.56064586e+00   4.18234088e+01
 1.14000000e+00  -3.46944695e-18   1.00000000e+00   1.28861639e-01   1.34463123e-04   7.33381308e+00   4.18008528e+01
 1.15000000e+00  -3.46944695e-18   1.00000000e+00   1.25155132e-01   1.16138536e-04   7.08830781e+00   4.17779810e+01
 1.16000000e+00  -3.46944695e-18   1.00000000e+00   1.21341628e-01   9.02890377e-05   6.82758522e+00   4.17463231e+01
 1.17000000e+00  -3.46944695e-18   1.00000000e+00   1.17459063e-01   7.04497915e-05   6.56232228e+00   4.17103576e+01
 1.18000000e+00  -3.46944695e-18   1.00000000e+00   1.13542221e-01   5.71051815e-05   6.30415761e+00   4.16701516e+01
 1.19000000e+00  -3.46944695e-18   1.00000000e+00   1.09602613e-01   5.18715971e-05   6.05249693e+00   4.16272355e+01
 1.20000000e+00  -3.46944695e-18   1.00000000e+00   1.05640719e-01   5.92627715e-05   5.80089511e+00   4.15799335e+01
 1.21000000e+00  -3.46944695e-18   1.00000000e+00   1.01660489e-01   8.16038652e-05   5.55166900e+00   4.15324021e+01
 1.22000000e+00  -3.46944695e-18   1.00000000e+00   9.76684060e-02   1.11013223e-04   5.30523462e+00   4.14878122e+01
 1.23000000e+00  -3.46944695e-18   1.00000000e+00   9.36770750e-02   1.33559198e-04   5.06135641e+00   4.14423035e+01
 1.24000000e+00  -3.46944695e-18   1.00000000e+00   8.96977266e-02   1.40587447e-04   4.82615680e+00   4.13961144e+01
 1.25000000e+00  -3.46944695e-18   1.00000000e+00   8.57225135e-02   1.33973432e-04   4.59109230e+00   4.13461705e+01
 1.26000000e+00  -3.46944695e-18   1.00000000e+00   8.17484670e-02   1.22183017e-04   4.35083277e+00   4.12892870e+01
 1.27000000e+00  -3.46944695e-18   1.00000000e+00   7.77983600e-02   1.01584484e-04   4.11513264e+00   4.12315046e+01
 1.28000000e+00  -3.46944695e-18   1.00000000e+00   7.39022477e-02   7.44935843e-05   3.89088302e+00   4.11661979e+01
 1.29000000e+00  -3.46944695e-18   1.00000000e+00   7.00774231e-02   5.81629482e-05   3.68504810e+00   4.10943699e+01
 1.30000000e+00  -3.46944695e-18   1.00000000e+00   6.63207734e-02   6.28470397e-05   3.49448645e+00   4.10204110e+01
 1.31000000e+00  -3.46944695e-18   1.00000000e+00   6.26184779e-02   7.98790682e-05   3.31310020e+00   4.09511771e+01
 1.32000000e+00  -3.46944695e-18   1.00000000e+00   5.89573904e-02   9.96744422e-05   3.13935270e+00   4.08842596e+01
 1.33000000e+00  -3.46944695e-18   1.00000000e+00   5.53150696e-02   1.23548513e-04   2.96572616e+00   4.08197110e+01
 1.34000000e+00  -3.46944695e-18   1.00000000e+00   5.16672755e-02   1.43407393e-04   2.78138473e+00   4.07622529e+01
 1.35000000e+00  -3.46944695e-18   1.00000000e+00   4.80124323e-02   1.52835537e-04   2.58751115e+00   4.07057065e+01
 1.36000000e+00  -3.46944695e-18   1.00000000e+00   4.43654164e-02   1.46946226e-04   2.39053327e+00   4.06503766e+01
 1.37000000e+00  -3.46944695e-18   1.00000000e+00   4.07355270e-02   1.22194465e-04   2.19232293e+00   4.05910903e+01
 1.38000000e+00  -3.46944695e-18   1.00000000e+00   3.71205425e-02   9.69809491e-05   1.98750957e+00   4.05260666e+01
 1.39000000e+00  -3.46944695e-18   1.00000000e+00   3.35244940e-02   8.21111629e-05   1.77730316e+00   4.04562929e+01
 1.40000000e+00  -3.46944695e-18   1.00000000e+00   2.99662253e-02   7.29798185e-05   1.56682976e+00   4.03896646e+01
 1.41000000e+00  -3.46944695e-18   1.00000000e+00   2.64671654e-02   7.17405950e-05   1.36167259e+00   4.03154843e+01
 1.42000000e+00  -3.46944695e-18   1.00000000e+00   2.30376829e-02   8.81791129e-05   1.16441170e+00   4.02396866e+01
 1.43000000e+00  -3.46944695e-18   1.00000000e+00   1.96721547e-02   1.17286164e-04   9.72509170e-01   4.01673058e+01
 1.44000000e+00  -3.46944695e-18   1.00000000e+00   1.63550801e-02   1.43429535e-04   7.77105588e-01   4.00986554e+01
 1.45000000e+00  -3.46944695e-18   1.00000000e+00   1.30814030e-02   1.57054781e-04   5.71780324e-01   4.00321227e+01
 1.46000000e+00  -3.46944695e-18   1.00000000e+00   9.86905905e-03   1.56889473e-04   3.62650290e-01   3.99605819e+01
 1.47000000e+00  -3.46944695e-18   1.00000000e+00   6.74641287e-03   1.48054042e-04   1.57820607e-01   3.98838396e+01
 1.48000000e+00  -3.46944695e-18   1.00000000e+00   3.73547391e-03   1.29493875e-04  -3.96636013e-02   3.98010734e+01
 1.49000000e+00  -3.46944695e-18   1.00000000e+00   8.62369940e-04   1.04641171e-04  -2.25838091e-01   3.97113266e+01
 1.50000000e+00  -3.46944695e-18   1.00000000e+00  -1.84178849e-03   8.20867033e-05  -3.88315176e-01   3.96111907e+01
 1.51000000e+00  -3.46944695e-18   1.00000000e+00  -4.36886237e-03   7.40500235e-05  -5.29079668e-01   3.95034540e+01
 1.52000000e+00  -3.46944695e-18   1.00000000e+00  -6.72956874e-03   8.80934689e-05  -6.56220734e-01   3.93982720e+01
 1.53000000e+00  -3.46944695e-18   1.00000000e+00  -8.92304288e-03   1.07750635e-04  -7.67611674e-01   3.92972689e+01
 1.54000000e+00  -3.46944695e-18   1.00000000e+00  -1.09424020e-02   1.26392597e-04  -8.62330417e-01   3.91959353e+01
 1.55000000e+00  -3.46944695e-18   1.00000000e+00  -1.27923706e-02   1.50270091e-04  -9.37952529e-01   3.90956210e+01
 1.56000000e+00  -3.46944695e-18   1.00000000e+00  -1.44916893e-02   1.66727767e-04  -1.00379823e+00   3.90023371e+01
 1.57000000e+00  -3.46944695e-18   1.00000000e+00  -1.60642217e-02   1.65209427e-04  -1.06974710e+00   3.89112718e+01
 1.58000000e+00  -3.46944695e-18   1.00000000e+00  -1.75122744e-02   1.47287078e-04  -1.13440006e+00   3.88219971e+01
 1.59000000e+00  -3.46944695e-18   1.00000000e+00  -1.88171452e-02   1.21523305e-04  -1.18985543e+00   3.87273460e+01
 1.60000000e+00  -3.46944695e-18   1.00000000e+00  -1.99647296e-02   9.91927080e-05  -1.23135144e+00   3.86294780e+01
 1.61000000e+00  -3.46944695e-18   1.00000000e+00  -2.09511124e-02   8.60528684e-05  -1.25799647e+00   3.85309655e+01
 1.62000000e+00  -3.46944695e-18   1.00000000e+00  -2.17848705e-02   8.09413006e-05  -1.27140187e+00   3.84362034e+01
 1.63000000e+00  -3.46944695e-18   1.00000000e+00  -2.24855890e-02   8.66779436e-05  -1.27922874e+00   3.83452434e+01
 1.64000000e+00  -3.46944695e-18   1.00000000e+00  -2.30735601e-02   1.09699684e-04  -1.28300226e+00   3.82575376e+01
 1.65000000e+00  -3.46944695e-18   1.00000000e+00  -2.35642063e-02   1.40342660e-04  -1.28999619e+00   3.81821692e+01
 1.66000000e+00  -3.46944695e-18   1.00000000e+00  -2.39706927e-02   1.58246670e-04  -1.30230132e+00   3.81162452e+01
 1.67000000e+00  -3.46944695e-18   1.00000000e+00  -2.42984389e-02   1.62320562e-04  -1.32238710e+00   3.80533602e+01
 1.68000000e+00  -3.46944695e-18   1.00000000e+00  -2.45352516e-02   1.57610875e-04  -1.34417780e+00   3.79898608e+01
 1.69000000e+00  -3.46944695e-18   1.00000000e+00  -2.46697421e-02   1.43278630e-04  -1.34133965e+00   3.79039314e+01
 1.70000000e+00  -3.46944695e-18   1.00000000e+00  -2.47037812e-02   1.18477481e-04  -1.38629077e+00   3.78781366e+01
 1.71000000e+00  -3.46944695e-18   1.00000000e+00  -2.46260988e-02   9.13387412e-05  -1.40877153e+00   3.77962367e+01
 1.72000000e+00  -3.46944695e-18   1.00000000e+00  -2.44042378e-02   7.68606500e-05  -1.42298534e+00   3.77252617e+01
 1.73000000e+00  -3.46944695e-18   1.00000000e+00  -2.40101495e-02   7.96295519e-05  -1.41759286e+00   3.76494980e+01
 1.74000000e+00  -3.46944695e-18   1.00000000e+00  -2.34452653e-02   9.58265828e-05  -1.39491844e+00   3.75794287e+01
 1.75000000e+00  -3.46944695e-18   1.00000000e+00  -2.27304270e-02   1.17490620e-04  -1.36547072e+00   3.75145036e+01
 1.76000000e+00  -3.46944695e-18   1.00000000e+00  -2.18768901e-02   1.36462967e-04  -1.33258565e+00   3.74558616e+01
 1.77000000e+00  -3.46944695e-18   1.00000000e+00  -2.08845479e-02   1.56741074e-04  -1.29356719e+00   3.73993517e+01
 1.78000000e+00  -3.46944695e-18   1.00000000e+00  -1.97487396e-02   1.67025743e-04  -1.25126763e+00   3.73489759e+01
 1.79000000e+00  -3.46944695e-18   1.00000000e+00  -1.84562052e-02   1.52551398e-04  -1.19802568e+00   3.72994153e+01
 1.80000000e+00  -3.46944695e-18   1.00000000e+00  -1.69930921e-02   1.27097811e-04  -1.13076089e+00   3.72441059e+01
 1.81000000e+00  -3.46944695e-18   1.00000000e+00  -1.53516993e-02   1.03901487e-04  -1.04874324e+00   3.71868332e+01
 1.82000000e+00  -3.46944695e-18   1.00000000e+00  -1.35264056e-02   8.46142566e-05  -9.46901133e-01   3.71286014e+01
 1.83000000e+00  -3.46944695e-18   1.00000000e+00  -1.15227874e-02   7.31913649e-05  -8.28306230e-01   3.70739177e+01
 1.84000000e+00  -3.46944695e-18   1.00000000e+00  -9.35531329e-03   7.36468153e-05  -6.96551025e-01   3.70229692e+01
 1.85000000e+00  -3.46944695e-18   1.00000000e+00  -7.03458868e-03   8.89154066e-05  -5.52483711e-01   3.69776492e+01
 1.86000000e+00  -3.46944695e-18   1.00000000e+00  -4.57279419e-03   1.16369956e-04  -3.96299622e-01   3.69424935e+01
 1.87000000e+00  -3.46944695e-18   1.00000000e+00  -1.99378914e-03   1.41720389e-04  -2.31481743e-01   3.69176357e+01
 1.88000000e+00  -3.46944695e-18   1.00000000e+00   6.66922976e-04   1.51604742e-04  -6.69055149e-02   3.69057683e+01
 1.89000000e+00  -3.46944695e-18   1.00000000e+00   3.37745710e-03   1.48777173e-04   8.63960450e-02   3.68968709e+01
 1.90000000e+00  -3.46944695e-18   1.00000000e+00   6.13405359e-03   1.38526999e-04   2.30745614e-01   3.68960656e+01
 1.91000000e+00  -3.46944695e-18   1.00000000e+00   8.95941004e-03   1.18547952e-04   3.78733779e-01   3.68955339e+01
 1.92000000e+00  -3.46944695e-18   1.00000000e+00   1.18629875e-02   8.89631103e-05   5.32208971e-01   3.68989399e+01
 1.93000000e+00  -3.46944695e-18   1.00000000e+00   1.48321839e-02   6.50799937e-05   6.88578631e-01   3.69006812e+01
 1.94000000e+00  -3.46944695e-18   1.00000000e+00   1.78589134e-02   6.22278467e-05   8.46114134e-01   3.69064749e+01
 1.95000000e+00  -3.46944695e-18   1.00000000e+00   2.09376791e-02   7.24435566e-05   1.00709680e+00   3.69219002e+01
 1.96000000e+00  -3.46944695e-18   1.00000000e+00   2.40525073e-02   9.02436669e-05   1.16441747e+00   3.69451806e+01
 1.97000000e+00  -3.46944695e-18   1.00000000e+00   2.71884370e-02   1.12493759e-04   1.31666889e+00   3.69779566e+01
 1.98000000e+00  -3.46944695e-18   1.00000000e+00   3.03441238e-02   1.33299277e-04   1.46331245e+00   3.70160299e+01
 1.99000000e+00  -3.46944695e-18   1.00000000e+00   3.35207209e-02   1.47547630e-04   1.60772670e+00   3.70627748e+01
 2.00000000e+00  -3.46944695e-18   1.00000000e+00   3.67198748e-02   1.45630630e-04   1.74810178e+00   3.71096236e+01
 2.01000000e+00  -3.46944695e-18   1.00000000e+00   3.99465855e-02   1.23856842e-04   1.88675136e+00   3.71593561e+01
 2.02000000e+00  -3.46944695e-18   1.00000000e+00   4.32082178e-02   9.55280494e-05   2.02325164e+00   3.72033668e+01
 2.03000000e+00  -3.46944695e-18   1.00000000e+00   4.65252817e-02   7.63291788e-05   2.16356509e+00   3.72484215e+01
 2.04000000e+00  -3.46944695e-18   1.00000000e+00   4.99257987e-02   6.18704410e-05   2.31867548e+00   3.72939131e+01
 2.05000000e+00  -3.46944695e-18   1.00000000e+00   5.34240745e-02   5.34054447e-05   2.49292416e+00   3.73364784e+01
 2.06000000e+00  -3.46944695e-18   1.00000000e+00   5.70084996e-02   6.36616380e-05   2.68491310e+00   3.73834084e+01
 2.07000000e+00  -3.46944695e-18   1.00000000e+00   6.06454466e-02   8.85181924e-05   2.88168366e+00   3.74357180e+01
 2.08000000e+00  -3.46944695e-18   1.00000000e+00   6.43143485e-02   1.15474759e-04   3.07953983e+00   3.74996432e+01
 2.09000000e+00  -3.46944695e-18   1.00000000e+00   6.80140172e-02   1.32945603e-04   3.28272850e+00   3.75706519e+01
 2.10000000e+00  -3.46944695e-18   1.00000000e+00   7.17401348e-02   1.36426690e-04   3.49097654e+00   3.76446646e+01
 2.11000000e+00  -3.46944695e-18   1.00000000e+00   7.54830231e-02   1.28945049e-04   3.70162186e+00   3.77209711e+01
 2.12000000e+00  -3.46944695e-18   1.00000000e+00   7.92371580e-02   1.12928269e-04   3.91625029e+00   3.77984267e+01
 2.13000000e+00  -3.46944695e-18   1.00000000e+00   8.30031952e-02   8.67267140e-05   4.13562508e+00   3.78803457e+01
 2.14000000e+00  -3.46944695e-18   1.00000000e+00   8.67767327e-02   5.83018140e-05   4.36027060e+00   3.79595791e+01
 2.15000000e+00  -3.46944695e-18   1.00000000e+00   9.05417764e-02   4.40239779e-05   4.58999806e+00   3.80420758e+01
 2.16000000e+00  -3.46944695e-18   1.00000000e+00   9.42846030e-02   4.98464931e-05   4.82095194e+00   3.81312374e+01
 2.17000000e+00  -3.46944695e-18   1.00000000e+00   9.79989104e-02   6.71693250e-05   5.05624283e+00   3.82319286e+01
 2.18000000e+00  -3.46944695e-18   1.00000000e+00   1.01665296e-01   8.44779206e-05   5.29491107e+00   3.83399077e+01
 2.19000000e+00  -3.46944695e-18   1.00000000e+00   1.05245632e-01   1.08335516e-04   5.52314489e+00   3.84528522e+01
 2.20000000e+00  -3.46944695e-18   1.00000000e+00   1.08706966e-01   1.29866978e-04   5.73579863e+00   3.85779352e+01
 2.21000000e+00  -3.46944695e-18   1.00000000e+00   1.12039047e-01   1.32930503e-04   5.92932463e+00   3.87090074e+01
 2.22000000e+00  -3.46944695e-18   1.00000000e+00   1.15249788e-01   1.20625674e-04   6.10591449e+00   3.88428212e+01
 2.23000000e+00  -3.46944695e-18   1.00000000e+00   1.18360400e-01   9.49281452e-05   6.27440468e+00   3.89725409e+01
 2.24000000e+00  -3.46944695e-18   1.00000000e+00   1.21388685e-01   6.93799970e-05   6.44284942e+00   3.91021971e+01
 2.25000000e+00  -3.46944695e-18   1.00000000e+00   1.24329469e-01   5.31397879e-05   6.60683098e+00   3.92314616e+01
 2.26000000e+00  -3.46944695e-18   1.00000000e+00   1.27178412e-01   4.25299721e-05   6.76273118e+00   3.93608757e+01
 2.27000000e+00  -3.46944695e-18   1.00000000e+00   1.29946465e-01   4.28202271e-05   6.91713601e+00   3.94927724e+01
 2.28000000e+00  -3.46944695e-18   1.00000000e+00   1.32634418e-01   6.19668529e-05   7.07051601e+00   3.96227560e+01
 2.29000000e+00  -3.46944695e-18   1.00000000e+00   1.35233030e-01   9.30585532e-05   7.22106512e+00   3.97618541e+01
 2.30000000e+00  -3.46944695e-18   1.00000000e+00   1.37739329e-01   1.15626066e-04   7.36526665e+00   3.99034753e+01
 2.31000000e+00  -3.46944695e-18   1.00000000e+00   1.40156153e-01   1.24702120e-04   7.50481440e+00   4.00447303e+01
 2.32000000e+00  -3.46944695e-18   1.00000000e+00   1.42485231e-01   1.24465010e-04   7.64070779e+00   4.01827408e+01
 2.33000000e+00  -3.46944695e-18   1.00000000e+00   1.44725085e-01   1.13144040e-04   7.76946951e+00   4.03180108e+01
 2.34000000e+00  -3.46944695e-18   1.00000000e+00   1.46883951e-01   8.99764818e-05   7.89304537e+00   4.04501734e+01
 2.35000000e+00  -3.46944695e-18   1.00000000e+00   1.48990410e-01   6.12590080e-05   8.02089078e+00   4.05758979e+01
 2.36000000e+00  -3.46944695e-18   1.00000000e+00   1.51067414e-01   4.00854679e-05   8.16473718e+00   4.06972933e+01
 2.37000000e+00  -3.46944695e-18   1.00000000e+00   1.53107726e-01   3.68375010e-05   8.32014185e+00   4.08144788e+01
 2.38000000e+00  -3.46944695e-18   1.00000000e+00   1.55084111e-01   4.99133805e-05   8.48268968e+00   4.09381862e+01
 2.39000000e+00  -3.46944695e-18   1.00000000e+00   1.56969417e-01   6.97047705e-05   8.64266483e+00   4.10626361e+01
 2.40000000e+00  -3.46944695e-18   1.00000000e+00   1.58746605e-01   9.05272170e-05   8.79729427e+00   4.11937608e+01
 2.41000000e+00  -3.46944695e-18   1.00000000e+00   1.60404851e-01   1.13905865e-04   8.94447370e+00   4.13240763e+01
 2.42000000e+00  -3.46944695e-18   1.00000000e+00   1.61934532e-01   1.30585475e-04   9.08420832e+00   4.14591270e+01
 2.43000000e+00  -3.46944695e-18   1.00000000e+00   1.63323856e-01   1.23396959e-04   9.21504045e+00   4.15961485e+01
 2.44000000e+00  -3.46944695e-18   1.00000000e+00   1.64562048e-01   1.00749776e-04   9.33000553e+00   4.17273881e+01
 2.45000000e+00  -3.46944695e-18   1.00000000e+00   1.65649550e-01   7.73296750e-05   9.43247961e+00   4.18537742e+01
 2.46000000e+00  -3.46944695e-18   1.00000000e+00   1.66592421e-01   5.56613773e-05   9.52619643e+00   4.19782962e+01
 2.47000000e+00  -3.46944695e-18   1.00000000e+00   1.67390633e-01   4.05485297e-05   9.60981281e+00   4.21057276e+01
 2.48000000e+00  -3.46944695e-18   1.00000000e+00   1.68040028e-01   3.71778468e-05   9.68506045e+00   4.22281647e+01
 2.49000000e+00  -3.46944695e-18   1.00000000e+00   1.68540279e-01   4.82090436e-05   9.75199903e+00   4.23533750e+01
 2.50000000e+00  -3.46944695e-18   1.00000000e+00   1.68884524e-01   7.48925662e-05   9.81112169e+00   4.24779127e+01
 2.51000000e+00  -3.46944695e-18   1.00000000e+00   1.69044673e-01   1.05569763e-04   9.85187942e+00   4.26096455e+01
 2.52000000e+00  -3.46944695e-18   1.00000000e+00   1.68998267e-01   1.21270631e-04   9.86126584e+00   4.27388040e+01
 2.53000000e+00  -3.46944695e-18   1.00000000e+00   1.68762541e-01   1.24183669e-04   9.88004151e+00   4.28248274e+01
 2.54000000e+00  -3.46944695e-18   1.00000000e+00   1.68369110e-01   1.19748932e-04   9.85717636e+00   4.29223946e+01
 2.55000000e+00  -3.46944695e-18   1.00000000e+00   1.67838654e-01   1.02490771e-04   9.79347633e+00   4.31773860e+01
 2.56000000e+00  -3.46944695e-18   1.00000000e+00   1.67186804e-01   7.47514677e-05   9.73007327e+00   4.32078094e+01
 2.57000000e+00  -3.46944695e-18   1.00000000e+00   1.66424116e-01   4.74236388e-05   9.67610486e+00   4.32977280e+01
 2.58000000e+00  -3.46944695e-18   1.00000000e+00   1.65563894e-01   3.84625366e-05   9.61864877e+00   4.33807305e+01
 2.59000000e+00  -3.46944695e-18   1.00000000e+00   1.64621528e-01   4.57654359e-05   9.56373829e+00   4.34607052e+01
 2.60000000e+00  -3.46944695e-18   1.00000000e+00   1.63601985e-01   6.21296075e-05   9.51116622e+00   4.35381078e+01
 2.61000000e+00  -3.46944695e-18   1.00000000e+00   1.62500716e-01   8.59431930e-05   9.46020506e+00   4.36118673e+01
 2.62000000e+00  -3.46944695e-18   1.00000000e+00   1.61312114e-01   1.09515721e-04   9.40471909e+00   4.36810281e+01
 2.63000000e+00  -3.46944695e-18   1.00000000e+00   1.60028923e-01   1.29525335e-04   9.34561701e+00   4.37496999e+01
 2.64000000e+00  -3.46944695e-18   1.00000000e+00   1.58646443e-01   1.35599063e-04   9.27754800e+00   4.38113037e+01
 2.65000000e+00  -3.46944695e-18   1.00000000e+00   1.57168889e-01   1.18860494e-04   9.20048317e+00   4.38678363e+01
 2.66000000e+00  -3.46944695e-18   1.00000000e+00   1.55607230e-01   9.22471026e-05   9.11923855e+00   4.39128685e+01
 2.67000000e+00  -3.46944695e-18   1.00000000e+00   1.53981513e-01   7.14941101e-05   9.03799553e+00   4.39486666e+01
 2.68000000e+00  -3.46944695e-18   1.00000000e+00   1.52308471e-01   5.45321301e-05   8.96887346e+00   4.39809114e+01
 2.69000000e+00  -3.46944695e-18   1.00000000e+00   1.50575369e-01   4.29500725e-05   8.90700552e+00   4.40073890e+01
 2.70000000e+00  -3.46944695e-18   1.00000000e+00   1.48748334e-01   4.87970012e-05   8.83675373e+00   4.40330174e+01
 2.71000000e+00  -3.46944695e-18   1.00000000e+00   1.46809470e-01   7.17198596e-05   8.75350215e+00   4.40566655e+01
 2.72000000e+00  -3.46944695e-18   1.00000000e+00   1.44759303e-01   1.01118042e-04   8.66341741e+00   4.40863037e+01
 2.73000000e+00  -3.46944695e-18   1.00000000e+00   1.42590566e-01   1.24561806e-04   8.56175258e+00   4.41140376e+01
 2.74000000e+00  -3.46944695e-18   1.00000000e+00   1.40286812e-01   1.34897714e-04   8.44217345e+00   4.41408644e+01
 2.75000000e+00  -3.46944695e-18   1.00000000e+00   1.37842068e-01   1.32338129e-04   8.30141553e+00   4.41626512e+01
 2.76000000e+00  -3.46944695e-18   1.00000000e+00   1.35264293e-01   1.21685158e-04   8.14147556e+00   4.41779813e+01
 2.77000000e+00  -3.46944695e-18   1.00000000e+00   1.32567595e-01   9.91433726e-05   7.96605338e+00   4.41885213e+01
 2.78000000e+00  -3.46944695e-18   1.00000000e+00   1.29767801e-01   6.90210512e-05   7.77953823e+00   4.41874888e+01
 2.79000000e+00  -3.46944695e-18   1.00000000e+00   1.26885631e-01   5.12204568e-05   7.58247668e+00   4.41804764e+01
 2.80000000e+00  -3.46944695e-18   1.00000000e+00   1.23938473e-01   5.23432861e-05   7.38855144e+00   4.41648639e+01
 2.81000000e+00  -3.46944695e-18   1.00000000e+00   1.20928680e-01   6.70037350e-05   7.19201300e+00   4.41494876e+01
 2.82000000e+00  -3.46944695e-18   1.00000000e+00   1.17851944e-01   8.57312549e-05   6.98984348e+00   4.41282031e+01
 2.83000000e+00  -3.46944695e-18   1.00000000e+00   1.14699847e-01   1.10293928e-04   6.77749997e+00   4.41058879e+01
 2.84000000e+00  -3.46944695e-18   1.00000000e+00   1.11469332e-01   1.36514734e-04   6.54669656e+00   4.40788903e+01
 2.85000000e+00  -3.46944695e-18   1.00000000e+00   1.08185225e-01   1.47662502e-04   6.30813662e+00   4.40484650e+01
 2.86000000e+00  -3.46944695e-18   1.00000000e+00   1.04882579e-01   1.41624136e-04   6.07196445e+00   4.40065512e+01
 2.87000000e+00  -3.46944695e-18   1.00000000e+00   1.01579979e-01   1.20664318e-04   5.84112110e+00   4.39524130e+01
 2.88000000e+00  -3.46944695e-18   1.00000000e+00   9.82856731e-02   9.46222695e-05   5.61414919e+00   4.38878697e+01
 2.89000000e+00  -3.46944695e-18   1.00000000e+00   9.50099879e-02   7.66476850e-05   5.39228182e+00   4.38127899e+01
 2.90000000e+00  -3.46944695e-18   1.00000000e+00   9.17747606e-02   6.40634153e-05   5.18124947e+00   4.37320441e+01
 2.91000000e+00  -3.46944695e-18   1.00000000e+00   8.85964843e-02   5.87509071e-05   4.99061853e+00   4.36442859e+01
 2.92000000e+00  -3.46944695e-18   1.00000000e+00   8.54684662e-02   7.43916522e-05   4.81300117e+00   4.35509346e+01
 2.93000000e+00  -3.46944695e-18   1.00000000e+00   8.23729472e-02   1.04744565e-04   4.64229798e+00   4.34594516e+01
 2.94000000e+00  -3.46944695e-18   1.00000000e+00   7.92991683e-02   1.30443391e-04   4.47561842e+00   4.33722404e+01
 2.95000000e+00  -3.46944695e-18   1.00000000e+00   7.62364110e-02   1.45844086e-04   4.31082941e+00   4.32827139e+01
 2.96000000e+00  -3.46944695e-18   1.00000000e+00   7.31683577e-02   1.50117868e-04   4.13979818e+00   4.31907952e+01
 2.97000000e+00  -3.46944695e-18   1.00000000e+00   7.00965865e-02   1.43808980e-04   3.96037774e+00   4.30969872e+01
 2.98000000e+00  -3.46944695e-18   1.00000000e+00   6.70436469e-02   1.25049849e-04   3.78354499e+00   4.29979158e+01
 2.99000000e+00  -3.46944695e-18   1.00000000e+00   6.40231964e-02   9.74645351e-05   3.61458516e+00   4.28932899e+01
 3.00000000e+00  -3.46944695e-18   1.00000000e+00   6.10350615e-02   7.30886287e-05   3.45128593e+00   4.27797067e+01
 3.01000000e+00  -3.46944695e-18   1.00000000e+00   5.80702810e-02   6.43829073e-05   3.29304292e+00   4.26669058e+01
 3.02000000e+00  -3.46944695e-18   1.00000000e+00   5.51104451e-02   7.42279888e-05   3.12891498e+00   4.25551728e+01
 3.03000000e+00  -3.46944695e-18   1.00000000e+00   5.21504661e-02   9.18805350e-05   2.95863601e+00   4.24501842e+01
 3.04000000e+00  -3.46944695e-18   1.00000000e+00   4.91967796e-02   1.12618672e-04   2.78598010e+00   4.23447283e+01
 3.05000000e+00  -3.46944695e-18   1.00000000e+00   4.62485441e-02   1.37999584e-04   2.61056712e+00   4.22376814e+01
 3.06000000e+00  -3.46944695e-18   1.00000000e+00   4.32946835e-02   1.59528732e-04   2.42542454e+00   4.21369609e+01
 3.07000000e+00  -3.46944695e-18   1.00000000e+00   4.03318107e-02   1.59898145e-04   2.22715208e+00   4.20341389e+01
 3.08000000e+00  -3.46944695e-18   1.00000000e+00   3.73806336e-02   1.42272872e-04   2.02032668e+00   4.19248609e+01
 3.09000000e+00  -3.46944695e-18   1.00000000e+00   3.44735923e-02   1.20238181e-04   1.81306852e+00   4.18070713e+01
 3.10000000e+00  -3.46944695e-18   1.00000000e+00   3.16341460e-02   9.77382432e-05   1.61439229e+00   4.16816601e+01
 3.11000000e+00  -3.46944695e-18   1.00000000e+00   2.88826861e-02   8.06827970e-05   1.42464016e+00   4.15506004e+01
 3.12000000e+00  -3.46944695e-18   1.00000000e+00   2.62412672e-02   7.30196954e-05   1.25142148e+00   4.14146773e+01
 3.13000000e+00  -3.46944695e-18   1.00000000e+00   2.37151117e-02   7.86540738e-05   1.09393251e+00   4.12754603e+01
 3.14000000e+00  -3.46944695e-18   1.00000000e+00   2.12918140e-02   1.01609284e-04   9.46558200e-01   4.11365742e+01
 3.15000000e+00  -3.46944695e-18   1.00000000e+00   1.89603811e-02   1.32634444e-04   8.01198360e-01   4.10034903e+01
 3.16000000e+00  -3.46944695e-18   1.00000000e+00   1.67282989e-02   1.52664597e-04   6.60575321e-01   4.08747470e+01
 3.17000000e+00  -3.46944695e-18   1.00000000e+00   1.46156958e-02   1.58657561e-04   5.31418896e-01   4.07396686e+01
 3.18000000e+00  -3.46944695e-18   1.00000000e+00   1.26340981e-02   1.59178202e-04   4.17544931e-01   4.06019570e+01
 3.19000000e+00  -3.46944695e-18   1.00000000e+00   1.07819224e-02   1.45993661e-04   3.15219942e-01   4.04637984e+01
 3.20000000e+00  -3.46944695e-18   1.00000000e+00   9.06080048e-03   1.19347911e-04   2.22291917e-01   4.03233745e+01
 3.21000000e+00  -3.46944695e-18   1.00000000e+00   7.48031157e-03   9.18560447e-05   1.43371867e-01   4.01765424e+01
 3.22000000e+00  -3.46944695e-18   1.00000000e+00   6.05023315e-03   7.52553687e-05   8.17159171e-02   4.00280307e+01
 3.23000000e+00  -3.46944695e-18   1.00000000e+00   4.77317345e-03   7.74030736e-05   3.92557849e-02   3.98813702e+01
 3.24000000e+00  -3.46944695e-18   1.00000000e+00   3.63543587e-03   8.99324319e-05   1.38551148e-02   3.97422869e+01
 3.25000000e+00  -3.46944695e-18   1.00000000e+00   2.60499010e-03   1.09396316e-04  -6.98173617e-03   3.96100908e+01
 3.26000000e+00  -3.46944695e-18   1.00000000e+00   1.65656789e-03   1.33120654e-04  -3.02259656e-02   3.94870397e+01
 3.27000000e+00  -3.46944695e-18   1.00000000e+00   7.81340239e-04   1.54470681e-04  -5.42005296e-02   3.93701504e+01
 3.28000000e+00  -3.46944695e-18   1.00000000e+00  -3.35426608e-05   1.66584158e-04  -8.40711159e-02   3.92602018e+01
 3.29000000e+00  -3.46944695e-18   1.00000000e+00  -7.91095491e-04   1.55375332e-04  -1.23389241e-01   3.91573394e+01
 3.30000000e+00  -3.46944695e-18   1.00000000e+00  -1.46936189e-03   1.30635183e-04  -1.60365811e-01   3.90467439e+01
 3.31000000e+00  -3.46944695e-18   1.00000000e+00  -2.05150394e-03   1.09921505e-04  -1.90131784e-01   3.89364414e+01
 3.32000000e+00  -3.46944695e-18   1.00000000e+00  -2.54255267e-03   9.02376564e-05  -2.15189668e-01   3.88258291e+01
 3.33000000e+00  -3.46944695e-18   1.00000000e+00  -2.95230526e-03   7.46046102e-05  -2.41640395e-01   3.87203651e+01
 3.34000000e+00  -3.46944695e-18   1.00000000e+00  -3.27997336e-03   7.38222638e-05  -2.67175299e-01   3.86157461e+01
 3.35000000e+00  -3.46944695e-18   1.00000000e+00  -3.51383631e-03   9.06632485e-05  -2.90748826e-01   3.85153788e+01
 3.36000000e+00  -3.46944695e-18   1.00000000e+00  -3.64940123e-03   1.17349862e-04  -3.05517684e-01   3.84220443e+01
 3.37000000e+00  -3.46944695e-18   1.00000000e+00  -3.69781650e-03   1.42708889e-04  -3.21512004e-01   3.83352414e+01
 3.38000000e+00  -3.46944695e-18   1.00000000e+00  -3.66758616e-03   1.55793258e-04  -3.40837709e-01   3.82558399e+01
 3.39000000e+00  -3.46944695e-18   1.00000000e+00  -3.55267938e-03   1.56514400e-04  -3.61928360e-01   3.81744105e+01
 3.40000000e+00  -3.46944695e-18   1.00000000e+00  -3.33342738e-03   1.49875382e-04  -3.82242006e-01   3.80935956e+01
 3.41000000e+00  -3.46944695e-18   1.00000000e+00  -2.98303942e-03   1.30108625e-04  -3.92250330e-01   3.80096924e+01
 3.42000000e+00  -3.46944695e-18   1.00000000e+00  -2.47801717e-03   9.93821505e-05  -3.85604693e-01   3.79243220e+01
 3.43000000e+00  -3.46944695e-18   1.00000000e+00  -1.80549730e-03   7.59977311e-05  -3.59959572e-01   3.78330645e+01
 3.44000000e+00  -3.46944695e-18   1.00000000e+00  -9.64048003e-04   7.09254179e-05  -3.16695203e-01   3.77417613e+01
 3.45000000e+00  -3.46944695e-18   1.00000000e+00   3.97427730e-05   7.90367250e-05  -2.55819162e-01   3.76581939e+01
 3.46000000e+00  -3.46944695e-18   1.00000000e+00   1.18792244e-03   9.35737647e-05  -1.83508883e-01   3.75806125e+01
 3.47000000e+00  -3.46944695e-18   1.00000000e+00   2.46026185e-03   1.15545775e-04  -1.05501400e-01   3.75117392e+01
 3.48000000e+00  -3.46944695e-18   1.00000000e+00   3.85144736e-03   1.40080637e-04  -2.23663351e-02   3.74490009e+01
 3.49000000e+00  -3.46944695e-18   1.00000000e+00   5.36524693e-03   1.56093063e-04   7.20002440e-02   3.73950892e+01
 3.50000000e+00  -3.46944695e-18   1.00000000e+00   6.99340039e-03   1.54285906e-04   1.76350195e-01   3.73457835e+01
 3.51000000e+00  -3.46944695e-18   1.00000000e+00   8.71308000e-03   1.35886216e-04   2.79692757e-01   3.72999854e+01
 3.52000000e+00  -3.46944695e-18   1.00000000e+00   1.05158792e-02   1.10290446e-04   3.83283531e-01   3.72559409e+01
 3.53000000e+00  -3.46944695e-18   1.00000000e+00   1.24174775e-02   8.89788323e-05   4.93572618e-01   3.72123360e+01
 3.54000000e+00  -3.46944695e-18   1.00000000e+00   1.44239013e-02   7.30193328e-05   6.18443741e-01   3.71755177e+01
 3.55000000e+00  -3.46944695e-18   1.00000000e+00   1.65175349e-02   6.09146863e-05   7.49431072e-01   3.71433493e+01
 3.56000000e+00  -3.46944695e-18   1.00000000e+00   1.86766243e-02   6.88037477e-05   8.83675991e-01   3.71182700e+01
 3.57000000e+00  -3.46944695e-18   1.00000000e+00   2.08772408e-02   9.50622221e-05   1.01626997e+00   3.71033645e+01
 3.58000000e+00  -3.46944695e-18   1.00000000e+00   2.30929268e-02   1.20064682e-04   1.13983038e+00   3.71048309e+01
 3.59000000e+00  -3.46944695e-18   1.00000000e+00   2.53131630e-02   1.37830272e-04   1.25305800e+00   3.71133287e+01
 3.60000000e+00  -3.46944695e-18   1.00000000e+00   2.75373000e-02   1.45870211e-04   1.35745207e+00   3.71284369e+01
 3.61000000e+00  -3.46944695e-18   1.00000000e+00   2.97714247e-02   1.42355261e-04   1.45457992e+00   3.71472642e+01
 3.62000000e+00  -3.46944695e-18   1.00000000e+00   3.20340323e-02   1.27517996e-04   1.55068119e+00   3.71659788e+01
 3.63000000e+00  -3.46944695e-18   1.00000000e+00   3.43370963e-02   1.01378510e-04   1.64805174e+00   3.71866346e+01
 3.64000000e+00  -3.46944695e-18   1.00000000e+00   3.66828258e-02   7.23067335e-05   1.74897703e+00   3.72036608e+01
 3.65000000e+00  -3.46944695e-18   1.00000000e+00   3.90727040e-02   5.77503513e-05   1.84982063e+00   3.72232965e+01
 3.66000000e+00  -3.46944695e-18   1.00000000e+00   4.15149603e-02   6.10781746e-05   1.95516354e+00   3.72451501e+01
 3.67000000e+00  -3.46944695e-18   1.00000000e+00   4.40228506e-02   7.35444498e-05   2.07015865e+00   3.72758360e+01
 3.68000000e+00  -3.46944695e-18   1.00000000e+00   4.65960242e-02   9.13060633e-05   2.19585674e+00   3.73092410e+01
 3.69000000e+00  -3.46944695e-18   1.00000000e+00   4.92128204e-02   1.14994697e-04   2.32395538e+00   3.73470196e+01
 3.70000000e+00  -3.46944695e-18   1.00000000e+00   5.18542269e-02   1.39271565e-04   2.44773271e+00   3.73937735e+01
 3.71000000e+00  -3.46944695e-18   1.00000000e+00   5.45284202e-02   1.44994229e-04   2.57135374e+00   3.74441245e+01
 3.72000000e+00  -3.46944695e-18   1.00000000e+00   5.72573156e-02   1.31813802e-04   2.70156636e+00   3.74937796e+01
 3.73000000e+00  -3.46944695e-18   1.00000000e+00   6.00486173e-02   1.10991123e-04   2.84301333e+00   3.75396590e+01
 3.74000000e+00  -3.46944695e-18   1.00000000e+00   6.29072752e-02   8.67424296e-05   2.99378707e+00   3.75865812e+01
 3.75000000e+00  -3.46944695e-18   1.00000000e+00   6.58387783e-02   6.66069793e-05   3.16129708e+00   3.76331329e+01
 3.76000000e+00  -3.46944695e-18   1.00000000e+00   6.88322996e-02   5.31883823e-05   3.34175942e+00   3.76827953e+01
 3.77000000e+00  -3.46944695e-18   1.00000000e+00   7.18640736e-02   5.10346620e-05   3.52958719e+00   3.77375156e+01
 3.78000000e+00  -3.46944695e-18   1.00000000e+00   7.49089159e-02   6.81572595e-05   3.72055446e+00   3.77997537e+01
 3.79000000e+00  -3.46944695e-18   1.00000000e+00   7.79500633e-02   9.73176498e-05   3.91207520e+00   3.78734400e+01
 3.80000000e+00  -3.46944695e-18   1.00000000e+00   8.09746021e-02   1.19482393e-04   4.10453818e+00   3.79568403e+01
 3.81000000e+00  -3.46944695e-18   1.00000000e+00   8.39651019e-02   1.29281540e-04   4.29294523e+00   3.80449491e+01
 3.82000000e+00  -3.46944695e-18   1.00000000e+00   8.69033588e-02   1.33524081e-04   4.47525609e+00   3.81361343e+01
 3.83000000e+00  -3.46944695e-18   1.00000000e+00   8.97747203e-02   1.25630894e-04   4.64627271e+00   3.82350540e+01
 3.84000000e+00  -3.46944695e-18   1.00000000e+00   9.25757536e-02   1.01479187e-04   4.80606030e+00   3.83343693e+01
 3.85000000e+00  -3.46944695e-18   1.00000000e+00   9.53265117e-02   7.30007315e-05   4.96353480e+00   3.84318539e+01
 3.86000000e+00  -3.46944695e-18   1.00000000e+00   9.80399516e-02   5.16578248e-05   5.12553346e+00   3.85306453e+01
 3.87000000e+00  -3.46944695e-18   1.00000000e+00   1.00700630e-01   4.59715700e-05   5.28636105e+00   3.86313023e+01
 3.88000000e+00  -3.46944695e-18   1.00000000e+00   1.03285661e-01   5.53264920e-05   5.44050671e+00   3.87413022e+01
 3.89000000e+00  -3.46944695e-18   1.00000000e+00   1.05783296e-01   7.06315458e-05   5.58509808e+00   3.88555037e+01
 3.90000000e+00  -3.46944695e-18   1.00000000e+00   1.08188138e-01   9.25459345e-05   5.71879848e+00   3.89763597e+01
 3.91000000e+00  -3.46944695e-18   1.00000000e+00   1.10496346e-01   1.17762555e-04   5.84177414e+00   3.90983348e+01
 3.92000000e+00  -3.46944695e-18   1.00000000e+00   1.12711633e-01   1.34379399e-04   5.95262528e+00   3.92264827e+01
 3.93000000e+00  -3.46944695e-18   1.00000000e+00   1.14849060e-01   1.31158866e-04   6.05649704e+00   3.93533215e+01
 3.94000000e+00  -3.46944695e-18   1.00000000e+00   1.16930136e-01   1.10082689e-04   6.15899247e+00   3.94732847e+01
 3.95000000e+00  -3.46944695e-18   1.00000000e+00   1.18964982e-01   8.93188367e-05   6.26269024e+00   3.95877092e+01
 3.96000000e+00  -3.46944695e-18   1.00000000e+00   1.20954710e-01   6.88641061e-05   6.36390818e+00   3.96991730e+01
 3.97000000e+00  -3.46944695e-18   1.00000000e+00   1.22912935e-01   4.84019340e-05   6.46865933e+00   3.98103232e+01
 3.98000000e+00  -3.46944695e-18   1.00000000e+00   1.24858400e-01   4.17694771e-05   6.58516793e+00   3.99159216e+01
 3.99000000e+00  -3.46944695e-18   1.00000000e+00   1.26788677e-01   5.18886960e-05   6.71228609e+00   4.00240559e+01
 4.00000000e+00  -3.46944695e-18   1.00000000e+00   1.28685320e-01   7.55242071e-05   6.84509188e+00   4.01329114e+01
 4.01000000e+00  -3.46944695e-18   1.00000000e+00   1.30526023e-01   1.03045501e-04   6.97881317e+00   4.02501205e+01
 4.02000000e+00  -3.46944695e-18   1.00000000e+00   1.32290978e-01   1.20412652e-04   7.10375351e+00   4.03675364e+01
 4.03000000e+00  -3.46944695e-18   1.00000000e+00   1.33980383e-01   1.25996254e-04   7.22198060e+00   4.04826301e+01
 4.04000000e+00  -3.46944695e-18   1.00000000e+00   1.35610829e-01   1.25191834e-04   7.34205653e+00   4.05962876e+01
 4.05000000e+00  -3.46944695e-18   1.00000000e+00   1.37184499e-01   1.10616261e-04   7.46534618e+00   4.07089435e+01
 4.06000000e+00  -3.46944695e-18   1.00000000e+00   1.38692836e-01   8.08394494e-05   7.58843158e+00   4.08185892e+01
 4.07000000e+00  -3.46944695e-18   1.00000000e+00   1.40131804e-01   5.45814235e-05   7.71239480e+00   4.09226188e+01
 4.08000000e+00  -3.46944695e-18   1.00000000e+00   1.41494178e-01   4.32770266e-05   7.83793189e+00   4.10260945e+01
 4.09000000e+00  -3.46944695e-18   1.00000000e+00   1.42761851e-01   4.60500442e-05   7.95920534e+00   4.11347044e+01
 4.10000000e+00  -3.46944695e-18   1.00000000e+00   1.43910934e-01   5.75853515e-05   8.07212978e+00   4.12471968e+01
 4.11000000e+00  -3.46944695e-18   1.00000000e+00   1.44930011e-01   7.75434404e-05   8.17199655e+00   4.13642841e+01
 4.12000000e+00  -3.46944695e-18   1.00000000e+00   1.45814838e-01   1.03639344e-04   8.26362160e+00   4.14833144e+01
 4.13000000e+00  -3.46944695e-18   1.00000000e+00   1.46548308e-01   1.25115317e-04   8.34007198e+00   4.16074206e+01
 4.14000000e+00  -3.46944695e-18   1.00000000e+00   1.47111998e-01   1.31947307e-04   8.39110769e+00   4.17274477e+01
 4.15000000e+00  -3.46944695e-18   1.00000000e+00   1.47511440e-01   1.19536343e-04   8.41930479e+00   4.18489217e+01
 4.16000000e+00  -3.46944695e-18   1.00000000e+00   1.47771693e-01   9.68462913e-05   8.43188562e+00   4.19605548e+01
 4.17000000e+00  -3.46944695e-18   1.00000000e+00   1.47920795e-01   7.64182816e-05   8.44094212e+00   4.20652375e+01
 4.18000000e+00  -3.46944695e-18   1.00000000e+00   1.47971209e-01   5.76103709e-05   8.44877563e+00   4.21669008e+01
 4.19000000e+00  -3.46944695e-18   1.00000000e+00   1.47919687e-01   4.17722303e-05   8.44938993e+00   4.22643522e+01
 4.20000000e+00  -3.46944695e-18   1.00000000e+00   1.47760361e-01   4.30750229e-05   8.46382507e+00   4.23379593e+01
 4.21000000e+00  -3.46944695e-18   1.00000000e+00   1.47492320e-01   6.49470629e-05   8.42927210e+00   4.24634188e+01
 4.22000000e+00  -3.46944695e-18   1.00000000e+00   1.47120072e-01   9.14853656e-05   8.40163471e+00   4.25426503e+01
 4.23000000e+00  -3.46944695e-18   1.00000000e+00   1.46649792e-01   1.12633533e-04   8.37162572e+00   4.26354440e+01
 4.24000000e+00  -3.46944695e-18   1.00000000e+00   1.46089366e-01   1.27179088e-04   8.33180235e+00   4.27218808e+01
 4.25000000e+00  -3.46944695e-18   1.00000000e+00   1.45448019e-01   1.29858286e-04   8.28819734e+00   4.27986845e+01
 4.26000000e+00  -3.46944695e-18   1.00000000e+00   1.44741158e-01   1.21062209e-04   8.24120338e+00   4.28687605e+01
 4.27000000e+00  -3.46944695e-18   1.00000000e+00   1.43983443e-01   1.00265053e-04   8.19848931e+00   4.29307127e+01
 4.28000000e+00  -3.46944695e-18   1.00000000e+00   1.43177928e-01   6.94910483e-05   8.15612865e+00   4.29843251e+01
 4.29000000e+00  -3.46944695e-18   1.00000000e+00   1.42333153e-01   4.99797078e-05   8.11526133e+00   4.30289661e+01
 4.30000000e+00  -3.46944695e-18   1.00000000e+00   1.41468472e-01   4.83644891e-05   8.08961512e+00   4.30694923e+01
 4.31000000e+00  -3.46944695e-18   1.00000000e+00   1.40574352e-01   5.58356212e-05   8.07765392e+00   4.31112505e+01
 4.32000000e+00  -3.46944695e-18   1.00000000e+00   1.39613018e-01   7.14596887e-05   8.05997983e+00   4.31501329e+01
 4.33000000e+00  -3.46944695e-18   1.00000000e+00   1.38558823e-01   9.53601990e-05   8.03195701e+00   4.31932836e+01
 4.34000000e+00  -3.46944695e-18   1.00000000e+00   1.37405533e-01   1.22827154e-04   7.99242246e+00   4.32359128e+01
 4.35000000e+00  -3.46944695e-18   1.00000000e+00   1.36155863e-01   1.37262458e-04   7.94399263e+00   4.32778069e+01
 4.36000000e+00  -3.46944695e-18   1.00000000e+00   1.34814806e-01   1.32032146e-04   7.88764737e+00   4.33156047e+01
 4.37000000e+00  -3.46944695e-18   1.00000000e+00   1.33382310e-01   1.15481573e-04   7.82347328e+00   4.33458844e+01
 4.38000000e+00  -3.46944695e-18   1.00000000e+00   1.31858152e-01   9.35719922e-05   7.74959620e+00   4.33725382e+01
 4.39000000e+00  -3.46944695e-18   1.00000000e+00   1.30244336e-01   7.21096717e-05   7.66981836e+00   4.33908041e+01
 4.40000000e+00  -3.46944695e-18   1.00000000e+00   1.28539565e-01   5.58633767e-05   7.58172007e+00   4.34101584e+01
 4.41000000e+00  -3.46944695e-18   1.00000000e+00   1.26741886e-01   4.78299557e-05   7.48330741e+00   4.34239460e+01
 4.42000000e+00  -3.46944695e-18   1.00000000e+00   1.24847315e-01   5.90961996e-05   7.37831860e+00   4.34376332e+01
 4.43000000e+00  -3.46944695e-18   1.00000000e+00   1.22852297e-01   8.77936766e-05   7.26023601e+00   4.34514556e+01
 4.44000000e+00  -3.46944695e-18   1.00000000e+00   1.20754565e-01   1.12465607e-04   7.13082902e+00   4.34704319e+01
 4.45000000e+00  -3.46944695e-18   1.00000000e+00   1.18550440e-01   1.28300153e-04   6.98401046e+00   4.34829351e+01
 4.46000000e+00  -3.46944695e-18   1.00000000e+00   1.16239384e-01   1.38756980e-04   6.81858967e+00   4.34887334e+01
 4.47000000e+00  -3.46944695e-18   1.00000000e+00   1.13839413e-01   1.37557588e-04   6.63476418e+00   4.34913936e+01
 4.48000000e+00  -3.46944695e-18   1.00000000e+00   1.11391628e-01   1.20064599e-04   6.44853242e+00   4.34822718e+01
 4.49000000e+00  -3.46944695e-18   1.00000000e+00   1.08932724e-01   9.28387776e-05   6.27098377e+00   4.34623765e+01
 4.50000000e+00  -3.46944695e-18   1.00000000e+00   1.06470802e-01   6.88686396e-05   6.09918631e+00   4.34288310e+01
 4.51000000e+00  -3.46944695e-18   1.00000000e+00   1.04001689e-01   5.73849788e-05   5.93013733e+00   4.33897977e+01
 4.52000000e+00  -3.46944695e-18   1.00000000e+00   1.01530450e-01   6.21552865e-05   5.76491144e+00   4.33494068e+01
 4.53000000e+00  -3.46944695e-18   1.00000000e+00   9.90673437e-02   7.50546038e-05   5.60551591e+00   4.33056289e+01
 4.54000000e+00  -3.46944695e-18   1.00000000e+00   9.66129273e-02   9.40616987e-05   5.45195752e+00   4.32595665e+01
 4.55000000e+00  -3.46944695e-18   1.00000000e+00   9.41600560e-02   1.22136205e-04   5.29951430e+00   4.32084362e+01
 4.56000000e+00  -3.46944695e-18   1.00000000e+00   9.17153615e-02   1.44758808e-04   5.15002633e+00   4.31592410e+01
 4.57000000e+00  -3.46944695e-18   1.00000000e+00   8.92837737e-02   1.48892191e-04   5.00546335e+00   4.31050939e+01
 4.58000000e+00  -3.46944695e-18   1.00000000e+00   8.68633399e-02   1.35121669e-04   4.86030579e+00   4.30418360e+01
 4.59000000e+00  -3.46944695e-18   1.00000000e+00   8.44634233e-02   1.15862749e-04   4.71978734e+00   4.29707475e+01
 4.60000000e+00  -3.46944695e-18   1.00000000e+00   8.20950584e-02   9.59293969e-05   4.58776575e+00   4.28956459e+01
 4.61000000e+00  -3.46944695e-18   1.00000000e+00   7.97636127e-02   7.37104175e-05   4.46348446e+00   4.28164254e+01
 4.62000000e+00  -3.46944695e-18   1.00000000e+00   7.74715012e-02   6.10614993e-05   4.35335943e+00   4.27320382e+01
 4.63000000e+00  -3.46944695e-18   1.00000000e+00   7.52017570e-02   6.51322746e-05   4.25211938e+00   4.26502133e+01
 4.64000000e+00  -3.46944695e-18   1.00000000e+00   7.29199410e-02   8.46357934e-05   4.14390285e+00   4.25715406e+01
 4.65000000e+00  -3.46944695e-18   1.00000000e+00   7.06032179e-02   1.12966099e-04   4.02224880e+00   4.25008862e+01
 4.66000000e+00  -3.46944695e-18   1.00000000e+00   6.82533407e-02   1.34541109e-04   3.89100219e+00   4.24331254e+01
 4.67000000e+00  -3.46944695e-18   1.00000000e+00   6.58817282e-02   1.45192157e-04   3.75249583e+00   4.23638613e+01
 4.68000000e+00  -3.46944695e-18   1.00000000e+00   6.34919502e-02   1.50290640e-04   3.60971091e+00   4.22905263e+01
 4.69000000e+00  -3.46944695e-18   1.00000000e+00   6.10836384e-02   1.42816358e-04   3.45725627e+00   4.22145163e+01
 4.70000000e+00  -3.46944695e-18   1.00000000e+00   5.86646339e-02   1.16146341e-04   3.29698429e+00   4.21369408e+01
 4.71000000e+00  -3.46944695e-18   1.00000000e+00   5.62555532e-02   8.85566143e-05   3.13618175e+00   4.20478414e+01
 4.72000000e+00  -3.46944695e-18   1.00000000e+00   5.38694658e-02   7.29847611e-05   2.97914805e+00   4.19568327e+01
 4.73000000e+00  -3.46944695e-18   1.00000000e+00   5.15076600e-02   6.91837761e-05   2.82205876e+00   4.18620280e+01
 4.74000000e+00  -3.46944695e-18   1.00000000e+00   4.91775830e-02   7.79808864e-05   2.66628151e+00   4.17712090e+01
 4.75000000e+00  -3.46944695e-18   1.00000000e+00   4.68874506e-02   9.42562247e-05   2.51661236e+00   4.16772812e+01
 4.76000000e+00  -3.46944695e-18   1.00000000e+00   4.46302594e-02   1.19442721e-04   2.36605366e+00   4.15844829e+01
 4.77000000e+00  -3.46944695e-18   1.00000000e+00   4.24000025e-02   1.45506406e-04   2.20900636e+00   4.14939306e+01
 4.78000000e+00  -3.46944695e-18   1.00000000e+00   4.02103523e-02   1.58738936e-04   2.04773422e+00   4.14010721e+01
 4.79000000e+00  -3.46944695e-18   1.00000000e+00   3.80894642e-02   1.53628725e-04   1.89225478e+00   4.13058090e+01
 4.80000000e+00  -3.46944695e-18   1.00000000e+00   3.60687323e-02   1.33886104e-04   1.74933729e+00   4.11960061e+01
 4.81000000e+00  -3.46944695e-18   1.00000000e+00   3.41683172e-02   1.14662762e-04   1.62713519e+00   4.10812699e+01
 4.82000000e+00  -3.46944695e-18   1.00000000e+00   3.23904142e-02   9.43284526e-05   1.52235932e+00   4.09608882e+01
 4.83000000e+00  -3.46944695e-18   1.00000000e+00   3.07277971e-02   7.38487613e-05   1.42924795e+00   4.08419766e+01
 4.84000000e+00  -3.46944695e-18   1.00000000e+00   2.91777660e-02   6.85809228e-05   1.34776919e+00   4.07184301e+01
 4.85000000e+00  -3.46944695e-18   1.00000000e+00   2.77443832e-02   8.35683674e-05   1.28123220e+00   4.05979368e+01
 4.86000000e+00  -3.46944695e-18   1.00000000e+00   2.64210106e-02   1.08295982e-04   1.22944386e+00   4.04861419e+01
 4.87000000e+00  -3.46944695e-18   1.00000000e+00   2.51830833e-02   1.31199835e-04   1.18091973e+00   4.03771840e+01
 4.88000000e+00  -3.46944695e-18   1.00000000e+00   2.40178237e-02   1.48793665e-04   1.13316744e+00   4.02744100e+01
 4.89000000e+00  -3.46944695e-18   1.00000000e+00   2.29269692e-02   1.56096016e-04   1.08926063e+00   4.01713143e+01
 4.90000000e+00  -3.46944695e-18   1.00000000e+00   2.19055666e-02   1.52880513e-04   1.04689290e+00   4.00709448e+01
 4.91000000e+00  -3.46944695e-18   1.00000000e+00   2.09526152e-02   1.35931447e-04   1.00440332e+00   3.99692285e+01
 4.92000000e+00  -3.46944695e-18   1.00000000e+00   2.00791146e-02   1.05897125e-04   9.67087475e-01   3.98684787e+01
 4.93000000e+00  -3.46944695e-18   1.00000000e+00   1.92945061e-02   8.08911760e-05   9.40124098e-01   3.97615344e+01
 4.94000000e+00  -3.46944695e-18   1.00000000e+00   1.85918797e-02   7.38962608e-05   9.24579481e-01   3.96581186e+01
 4.95000000e+00  -3.46944695e-18   1.00000000e+00   1.79458172e-02   7.62240958e-05   9.04636672e-01   3.95643679e+01
 4.96000000e+00  -3.46944695e-18   1.00000000e+00   1.73311854e-02   8.61417249e-05   8.79653147e-01   3.94757709e+01
 4.97000000e+00  -3.46944695e-18   1.00000000e+00   1.67441040e-02   1.08949192e-04   8.44340317e-01   3.93945214e+01
 4.98000000e+00  -3.46944695e-18   1.00000000e+00   1.61936272e-02   1.35725308e-04   8.04166959e-01   3.93184276e+01
 4.99000000e+00  -3.46944695e-18   1.00000000e+00   1.56858036e-02   1.55858725e-04   7.62253256e-01   3.92476480e+01
 5.00000000e+00  -3.46944695e-18   1.00000000e+00   1.52239445e-02   1.57713267e-04   7.14896846e-01   3.91771449e+01