  Time  Coordinate0  Coordinate1  Displacement0  Displacement1  Force0  Force1
 1.00000000e-02  -3.46944695e-18   1.00000000e+00   1.02872016e-05   1.59217869e-05   3.16778453e-04   1.97228188e+01
 2.00000000e-02  -3.46944695e-18   1.00000000e+00   5.55737955e-05   3.90802687e-05   1.72649426e-04   2.31708139e+01
 3.00000000e-02  -3.46944695e-18   1.00000000e+00   1.49436747e-04   6.28581276e-05   9.29010193e-04   2.45617379e+01
 4.00000000e-02  -3.46944695e-18   1.00000000e+00   2.89246971e-04   8.88403481e-05   4.75039866e-04   2.53843375e+01
 5.00000000e-02  -3.46944695e-18   1.00000000e+00   4.75384061e-04   1.11424012e-04  -1.66486941e-03   2.65094783e+01
 6.00000000e-02  -3.46944695e-18   1.00000000e+00   7.05491951e-04   1.27952004e-04  -6.91520195e-03   2.79249990e+01
 7.00000000e-02  -3.46944695e-18   1.00000000e+00   9.73612132e-04   1.28913620e-04  -1.63560383e-02   2.94041480e+01
 8.00000000e-02  -3.46944695e-18   1.00000000e+00   1.28517096e-03   1.13360282e-04  -3.67005795e-02   3.08264297e+01
 9.00000000e-02  -3.46944695e-18   1.00000000e+00   1.66836888e-03   8.91023766e-05  -6.01277720e-02   3.21759024e+01
 1.00000000e-01  -3.46944695e-18   1.00000000e+00   2.17205019e-03   7.12666968e-05  -7.53121206e-02   3.34645439e+01
 1.10000000e-01  -3.46944695e-18   1.00000000e+00   2.83146560e-03   6.64793448e-05  -7.05053575e-02   3.47006466e+01
 1.20000000e-01  -3.46944695e-18   1.00000000e+00   3.64635928e-03   6.97639037e-05  -4.68508176e-02   3.58820377e+01
 1.30000000e-01  -3.46944695e-18   1.00000000e+00   4.60548900e-03   8.17572539e-05  -1.02451514e-02   3.70067574e+01
 1.40000000e-01  -3.46944695e-18   1.00000000e+00   5.71176104e-03   1.08242197e-04   4.08384086e-02   3.80697705e+01
 1.50000000e-01  -3.46944695e-18   1.00000000e+00   6.96672723e-03   1.41010382e-04   1.11890689e-01   3.90789619e+01
 1.60000000e-01  -3.46944695e-18   1.00000000e+00   8.35690761e-03   1.60844771e-04   1.96082213e-01   4.00358077e+01
 1.70000000e-01  -3.46944695e-18   1.00000000e+00   9.87289264e-03   1.62599792e-04   2.91844273e-01   4.09372747e+01
 1.80000000e-01  -3.46944695e-18   1.00000000e+00   1.15127518e-02   1.55670043e-04   4.00351796e-01   4.17860536e+01
 1.90000000e-01  -3.46944695e-18   1.00000000e+00   1.32706649e-02   1.39665239e-04   5.18928482e-01   4.25805873e+01
 2.00000000e-01  -3.46944695e-18   1.00000000e+00   1.51437029e-02   1.17903957e-04   6.49240825e-01   4.33299444e+01
 2.10000000e-01  -3.46944695e-18   1.00000000e+00   1.71369003e-02   9.61299336e-05   7.91256994e-01   4.40288772e+01
 2.20000000e-01  -3.46944695e-18   1.00000000e+00   1.92552600e-02   8.43935339e-05   9.50225095e-01   4.46871155e+01
 2.30000000e-01  -3.46944695e-18   1.00000000e+00   2.15044430e-02   9.08670044e-05   1.12931161e+00   4.53014354e+01
 2.40000000e-01  -3.46944695e-18   1.00000000e+00   2.38772493e-02   1.14485511e-04   1.33154807e+00   4.58847943e+01
 2.50000000e-01  -3.46944695e-18   1.00000000e+00   2.63392933e-02   1.37406385e-04   1.54535288e+00   4.64410960e+01
 2.60000000e-01  -3.46944695e-18   1.00000000e+00   2.88484834e-02   1.55196178e-04   1.75317773e+00   4.69703740e+01
 2.70000000e-01  -3.46944695e-18   1.00000000e+00   3.13802248e-02   1.73563645e-04   1.95088813e+00   4.74717978e+01
 2.80000000e-01  -3.46944695e-18   1.00000000e+00   3.39355858e-02   1.79331469e-04   2.13606228e+00   4.79476795e+01
 2.90000000e-01  -3.46944695e-18   1.00000000e+00   3.65272212e-02   1.64934950e-04   2.32093887e+00   4.83937179e+01
 3.00000000e-01  -3.46944695e-18   1.00000000e+00   3.91558008e-02   1.38949492e-04   2.50263530e+00   4.88043689e+01
 3.10000000e-01  -3.46944695e-18   1.00000000e+00   4.18175206e-02   1.14892852e-04   2.67707286e+00   4.91821826e+01
 3.20000000e-01  -3.46944695e-18   1.00000000e+00   4.45262578e-02   9.94814270e-05   2.84837886e+00   4.95262897e+01
 3.30000000e-01  -3.46944695e-18   1.00000000e+00   4.73011492e-02   9.50967138e-05   3.02996099e+00   4.98402371e+01
 3.40000000e-01  -3.46944695e-18   1.00000000e+00   5.01479598e-02   9.94619058e-05   3.21774413e+00   5.01228130e+01
 3.50000000e-01  -3.46944695e-18   1.00000000e+00   5.30657039e-02   1.16381646e-04   3.41285256e+00   5.03759425e+01
 3.60000000e-01  -3.46944695e-18   1.00000000e+00   5.60560354e-02   1.44071753e-04   3.61606421e+00   5.06024544e+01
 3.70000000e-01  -3.46944695e-18   1.00000000e+00   5.91145238e-02   1.68591007e-04   3.83021273e+00   5.08027878e+01
 3.80000000e-01  -3.46944695e-18   1.00000000e+00   6.22228954e-02   1.76880640e-04   4.04183414e+00   5.09786845e+01
 3.90000000e-01  -3.46944695e-18   1.00000000e+00   6.53662007e-02   1.67800902e-04   4.24490258e+00   5.11218291e+01
 4.00000000e-01  -3.46944695e-18   1.00000000e+00   6.85548227e-02   1.54563601e-04   4.44355773e+00   5.12370437e+01
 4.10000000e-01  -3.46944695e-18   1.00000000e+00   7.18154617e-02   1.34756994e-04   4.64900497e+00   5.13201929e+01
 4.20000000e-01  -3.46944695e-18   1.00000000e+00   7.51723475e-02   1.06148344e-04   4.87282969e+00   5.13677449e+01
 4.30000000e-01  -3.46944695e-18   1.00000000e+00   7.86337259e-02   8.64278239e-05   5.12131951e+00   5.13817622e+01
 4.40000000e-01  -3.46944695e-18   1.00000000e+00   8.21872196e-02   8.44482396e-05   5.38716344e+00   5.13681077e+01
 4.50000000e-01  -3.46944695e-18   1.00000000e+00   8.58108343e-02   9.69887047e-05   5.66123314e+00   5.13374559e+01
 4.60000000e-01  -3.46944695e-18   1.00000000e+00   8.94928409e-02   1.18820348e-04   5.94287530e+00   5.12838414e+01
 4.70000000e-01  -3.46944695e-18   1.00000000e+00   9.32262028e-02   1.38738908e-04   6.23818400e+00   5.12168658e+01
 4.80000000e-01  -3.46944695e-18   1.00000000e+00   9.69829900e-02   1.53535523e-04   6.53789737e+00   5.11300083e+01
 4.90000000e-01  -3.46944695e-18   1.00000000e+00   1.00727858e-01   1.64568074e-04   6.82456225e+00   5.10294901e+01
 5.00000000e-01  -3.46944695e-18   1.00000000e+00   1.04442999e-01   1.59203050e-04   7.09911417e+00   5.09174458e+01
 5.10000000e-01  -3.46944695e-18   1.00000000e+00   1.08118278e-01   1.34133712e-04   7.36161658e+00   5.07888209e+01
 5.20000000e-01  -3.46944695e-18   1.00000000e+00   1.11744579e-01   1.04999327e-04   7.61085330e+00   5.06421877e+01
 5.30000000e-01  -3.46944695e-18   1.00000000e+00   1.15322157e-01   8.54211694e-05   7.84319924e+00   5.04790339e+01
 5.40000000e-01  -3.46944695e-18   1.00000000e+00   1.18858399e-01   7.47739990e-05   8.07260887e+00   5.03074515e+01
 5.50000000e-01  -3.46944695e-18   1.00000000e+00   1.22360794e-01   7.09140501e-05   8.30325351e+00   5.01206228e+01
 5.60000000e-01  -3.46944695e-18   1.00000000e+00   1.25813335e-01   8.19391337e-05   8.53218592e+00   4.99274962e+01
 5.70000000e-01  -3.46944695e-18   1.00000000e+00   1.29176580e-01   1.05233751e-04   8.74434698e+00   4.97279602e+01
 5.80000000e-01  -3.46944695e-18   1.00000000e+00   1.32423089e-01   1.31225793e-04   8.93026024e+00   4.95316019e+01
 5.90000000e-01  -3.46944695e-18   1.00000000e+00   1.35551258e-01   1.46545501e-04   9.09373129e+00   4.93315921e+01
 6.00000000e-01  -3.46944695e-18   1.00000000e+00   1.38565852e-01   1.45055734e-04   9.23813732e+00   4.91263770e+01
 6.10000000e-01  -3.46944695e-18   1.00000000e+00   1.41471074e-01   1.32653016e-04   9.36444091e+00   4.89114441e+01
 6.20000000e-01  -3.46944695e-18   1.00000000e+00   1.44271162e-01   1.14510474e-04   9.47582514e+00   4.86914065e+01
 6.30000000e-01  -3.46944695e-18   1.00000000e+00   1.46971545e-01   9.11959388e-05   9.57181492e+00   4.84652921e+01
 6.40000000e-01  -3.46944695e-18   1.00000000e+00   1.49588295e-01   6.43701886e-05   9.65865446e+00   4.82305906e+01
 6.50000000e-01  -3.46944695e-18   1.00000000e+00   1.52146502e-01   5.14870561e-05   9.74449120e+00   4.79869154e+01
 6.60000000e-01  -3.46944695e-18   1.00000000e+00   1.54661053e-01   6.17058223e-05   9.84039693e+00   4.77414428e+01
 6.70000000e-01  -3.46944695e-18   1.00000000e+00   1.57126594e-01   7.95201527e-05   9.94234447e+00   4.74999141e+01
 6.80000000e-01  -3.46944695e-18   1.00000000e+00   1.59533606e-01   9.81950894e-05   1.00465228e+01   4.72585917e+01
 6.90000000e-01  -3.46944695e-18   1.00000000e+00   1.61870575e-01   1.19205681e-04   1.01523842e+01   4.70189694e+01
 7.00000000e-01  -3.46944695e-18   1.00000000e+00   1.64115313e-01   1.32791663e-04   1.02538116e+01   4.67869428e+01
 7.10000000e-01  -3.46944695e-18   1.00000000e+00   1.66247195e-01   1.34978581e-04   1.03383314e+01   4.65575505e+01
 7.20000000e-01  -3.46944695e-18   1.00000000e+00   1.68271879e-01   1.20516178e-04   1.04122919e+01   4.63331252e+01
 7.30000000e-01  -3.46944695e-18   1.00000000e+00   1.70213455e-01   9.15286034e-05   1.04878107e+01   4.61058239e+01
 7.40000000e-01  -3.46944695e-18   1.00000000e+00   1.72082454e-01   6.69905565e-05   1.05726986e+01   4.58795631e+01
 7.50000000e-01  -3.46944695e-18   1.00000000e+00   1.73861934e-01   5.34962426e-05   1.06578517e+01   4.56577821e+01
 7.60000000e-01  -3.46944695e-18   1.00000000e+00   1.75535490e-01   4.75414959e-05   1.07387835e+01   4.54457114e+01
 7.70000000e-01  -3.46944695e-18   1.00000000e+00   1.77095641e-01   5.02720680e-05   1.08198016e+01   4.52414451e+01
 7.80000000e-01  -3.46944695e-18   1.00000000e+00   1.78532303e-01   6.90256958e-05   1.08965139e+01   4.50427935e+01
 7.90000000e-01  -3.46944695e-18   1.00000000e+00   1.79829262e-01   9.81788509e-05   1.09714904e+01   4.48600447e+01
 8.00000000e-01  -3.46944695e-18   1.00000000e+00   1.80957733e-01   1.19300619e-04   1.10344047e+01   4.46889281e+01
 8.10000000e-01  -3.46944695e-18   1.00000000e+00   1.81888468e-01   1.24888457e-04   1.10753715e+01   4.45304070e+01
 8.20000000e-01  -3.46944695e-18   1.00000000e+00   1.82607974e-01   1.19457181e-04   1.10916255e+01   4.43766209e+01
 8.30000000e-01  -3.46944695e-18   1.00000000e+00   1.83113563e-01   1.05505061e-04   1.10834707e+01   4.42307603e+01
 8.40000000e-01  -3.46944695e-18   1.00000000e+00   1.83414673e-01   8.32809333e-05   1.10534251e+01   4.40912505e+01
 8.50000000e-01  -3.46944695e-18   1.00000000e+00   1.83531624e-01   5.87622579e-05   1.10096497e+01   4.39549104e+01
 8.60000000e-01  -3.46944695e-18   1.00000000e+00   1.83482013e-01   3.98449965e-05   1.09770889e+01   4.38251793e+01
 8.70000000e-01  -3.46944695e-18   1.00000000e+00   1.83279276e-01   3.81137412e-05   1.09016360e+01   4.36937576e+01
 8.80000000e-01  -3.46944695e-18   1.00000000e+00   1.82920621e-01   5.66997668e-05   1.08410564e+01   4.35678102e+01
 8.90000000e-01  -3.46944695e-18   1.00000000e+00   1.82386778e-01   7.69553254e-05   1.07704512e+01   4.34615329e+01
 9.00000000e-01  -3.46944695e-18   1.00000000e+00   1.81667553e-01   9.54158145e-05   1.06778974e+01   4.33581520e+01
 9.10000000e-01  -3.46944695e-18   1.00000000e+00   1.80781928e-01   1.15770823e-04   1.05740108e+01   4.32556587e+01
 9.20000000e-01  -3.46944695e-18   1.00000000e+00   1.79748836e-01   1.26996183e-04   1.04663417e+01   4.31623095e+01
 9.30000000e-01  -3.46944695e-18   1.00000000e+00   1.78564989e-01   1.18766559e-04   1.03493401e+01   4.30717675e+01
 9.40000000e-01  -3.46944695e-18   1.00000000e+00   1.77232318e-01   9.59311550e-05   1.02181667e+01   4.29803983e+01
 9.50000000e-01  -3.46944695e-18   1.00000000e+00   1.75774392e-01   7.11186095e-05   1.00807606e+01   4.28875804e+01
 9.60000000e-01  -3.46944695e-18   1.00000000e+00   1.74218649e-01   5.17640316e-05   9.94345030e+00   4.27943282e+01
 9.70000000e-01  -3.46944695e-18   1.00000000e+00   1.72587687e-01   4.30317193e-05   9.81708537e+00   4.27050536e+01
 9.80000000e-01  -3.46944695e-18   1.00000000e+00   1.70892142e-01   4.31582666e-05   9.70074933e+00   4.26159667e+01
 9.90000000e-01  -3.46944695e-18   1.00000000e+00   1.69129007e-01   5.43063452e-05   9.59433991e+00   4.25314912e+01
 1.00000000e+00  -3.46944695e-18   1.00000000e+00   1.67284580e-01   8.11229169e-05   9.49593074e+00   4.24512476e+01
 1.01000000e+00  -3.46944695e-18   1.00000000e+00   1.65335371e-01   1.09409227e-04   9.39500596e+00   4.23820429e+01
 1.02000000e+00  -3.46944695e-18   1.00000000e+00   1.63260455e-01   1.23041219e-04   9.28440647e+00   4.23216470e+01
 1.03000000e+00  -3.46944695e-18   1.00000000e+00   1.61051538e-01   1.22061292e-04   9.16197099e+00   4.22624855e+01
 1.04000000e+00  -3.46944695e-18   1.00000000e+00   1.58714928e-01   1.12890725e-04   9.02798661e+00   4.22057687e+01
 1.05000000e+00  -3.46944695e-18   1.00000000e+00   1.56265395e-01   9.73682605e-05   8.89045848e+00   4.21519141e+01
 1.06000000e+00  -3.46944695e-18   1.00000000e+00   1.53708947e-01   7.10588037e-05   8.75385456e+00   4.20995383e+01
 1.07000000e+00  -3.46944695e-18   1.00000000e+00   1.51034390e-01   4.79423635e-05   8.60772561e+00   4.20476945e+01
 1.08000000e+00  -3.46944695e-18   1.00000000e+00   1.48235006e-01   4.15141948e-05   8.45089047e+00   4.19977417e+01
 1.09000000e+00  -3.46944695e-18   1.00000000e+00   1.45320853e-01   4.98351551e-05   8.28819700e+00   4.19525026e+01
 1.10000000e+00  -3.46944695e-18   1.00000000e+00   1.42300849e-01   7.09152473e-05   8.12481074e+00   4.19120255e+01
 1.11000000e+00  -3.46944695e-18   1.00000000e+00   1.39163610e-01   9.34434298e-05   7.95555096e+00   4.18798636e+01
 1.12000000e+00  -3.46944695e-18   1.00000000e+00   1.35884197e-01   1.11892164e-04   7.77085553e+00   4.18496611e+01
 1.13000000e+00  -3.46944695e-18   1.00000000e+00   1.32450115e-01   1.30056882e-04   7.56186811e+00   4.18236710e+01
 1.14000000e+00  -3.46944695e-18   1.00000000e+00   1.28872305e-01   1.34178570e-04   7.33414449e+00   4.18010637e+01
 1.15000000e+00  -3.46944695e-18   1.00000000e+00   1.25166126e-01   1.16138502e-04   7.08938051e+00   4.17777994e+01
 1.16000000e+00  -3.46944695e-18   1.00000000e+00   1.21352884e-01   9.06100063e-05   6.82760972e+00   4.17461496e+01
 1.17000000e+00  -3.46944695e-18   1.00000000e+00   1.17470457e-01   7.09689956e-05   6.56313802e+00   4.17111882e+01
 1.18000000e+00  -3.46944695e-18   1.00000000e+00   1.13553576e-01   5.76420304e-05   6.30524029e+00   4.16705153e+01
 1.19000000e+00  -3.46944695e-18   1.00000000e+00   1.09613762e-01   5.22833440e-05   6.05327975e+00   4.16271027e+01
 1.20000000e+00  -3.46944695e-18   1.00000000e+00   1.05651565e-01   5.94530361e-05   5.80125966e+00   4.15804051e+01
 1.21000000e+00  -3.46944695e-18   1.00000000e+00   1.01670958e-01   8.15236653e-05   5.55336029e+00   4.15325215e+01
 1.22000000e+00  -3.46944695e-18   1.00000000e+00   9.76784515e-02   1.10670378e-04   5.30547561e+00   4.14886214e+01
 1.23000000e+00  -3.46944695e-18   1.00000000e+00   9.36866766e-02   1.33081938e-04   5.06170383e+00   4.14428109e+01
 1.24000000e+00  -3.46944695e-18   1.00000000e+00   8.97068324e-02   1.40192212e-04   4.82653061e+00   4.13960987e+01
 1.25000000e+00  -3.46944695e-18   1.00000000e+00   8.57310611e-02   1.33833530e-04   4.59209546e+00   4.13455195e+01
 1.26000000e+00  -3.46944695e-18   1.00000000e+00   8.17564608e-02   1.22331064e-04   4.35251077e+00   4.12895473e+01
 1.27000000e+00  -3.46944695e-18   1.00000000e+00   7.78058742e-02   1.01955492e-04   4.11622880e+00   4.12321648e+01
 1.28000000e+00  -3.46944695e-18   1.00000000e+00   7.39093617e-02   7.49998866e-05   3.89116474e+00   4.11671405e+01
 1.29000000e+00  -3.46944695e-18   1.00000000e+00   7.00841284e-02   5.86532609e-05   3.68541015e+00   4.10956917e+01
 1.30000000e+00  -3.46944695e-18   1.00000000e+00   6.63270370e-02   6.31141426e-05   3.49457426e+00   4.10202482e+01
 1.31000000e+00  -3.46944695e-18   1.00000000e+00   6.26243421e-02   7.98063431e-05   3.31354808e+00   4.09517123e+01
 1.32000000e+00  -3.46944695e-18   1.00000000e+00   5.89629331e-02   9.92851944e-05   3.13929806e+00   4.08830463e+01
 1.33000000e+00  -3.46944695e-18   1.00000000e+00   5.53203772e-02   1.22949456e-04   2.96623655e+00   4.08210177e+01
 1.34000000e+00  -3.46944695e-18   1.00000000e+00   5.16724906e-02   1.42772257e-04   2.78219716e+00   4.07619823e+01
 1.35000000e+00  -3.46944695e-18   1.00000000e+00   4.80176838e-02   1.52342112e-04   2.58830314e+00   4.07059308e+01
 1.36000000e+00  -3.46944695e-18   1.00000000e+00   4.43707556e-02   1.46737255e-04   2.39023914e+00   4.06516282e+01
 1.37000000e+00  -3.46944695e-18   1.00000000e+00   4.07409738e-02   1.22340949e-04   2.19245207e+00   4.05904239e+01
 1.38000000e+00  -3.46944695e-18   1.00000000e+00   3.71260850e-02   9.73951964e-05   1.98877272e+00   4.05268525e+01
 1.39000000e+00  -3.46944695e-18   1.00000000e+00   3.35301154e-02   8.25851797e-05   1.77740794e+00   4.04562729e+01
 1.40000000e+00  -3.46944695e-18   1.00000000e+00   2.99719238e-02   7.33427749e-05   1.56728173e+00   4.03903842e+01
 1.41000000e+00  -3.46944695e-18   1.00000000e+00   2.64729044e-02   7.19013076e-05   1.36251315e+00   4.03162448e+01
 1.42000000e+00  -3.46944695e-18   1.00000000e+00   2.30433674e-02   8.80831746e-05   1.16522197e+00   4.02405925e+01
 1.43000000e+00  -3.46944695e-18   1.00000000e+00   1.96776713e-02   1.16927807e-04   9.73272795e-01   4.01676754e+01
 1.44000000e+00  -3.46944695e-18   1.00000000e+00   1.63603379e-02   1.42929824e-04   7.77134861e-01   4.00991499e+01
 1.45000000e+00  -3.46944695e-18   1.00000000e+00   1.30863696e-02   1.56613613e-04   5.72243975e-01   4.00320655e+01
 1.46000000e+00  -3.46944695e-18   1.00000000e+00   9.87372681e-03   1.56682514e-04   3.62636671e-01   3.99603713e+01
 1.47000000e+00  -3.46944695e-18   1.00000000e+00   6.75073488e-03   1.48154976e-04   1.58682142e-01   3.98841989e+01
 1.48000000e+00  -3.46944695e-18   1.00000000e+00   3.73936218e-03   1.29868047e-04  -3.89517417e-02   3.98011274e+01
 1.49000000e+00  -3.46944695e-18   1.00000000e+00   8.65741853e-04   1.05200738e-04  -2.24998280e-01   3.97107603e+01
 1.50000000e+00  -3.46944695e-18   1.00000000e+00  -1.83904319e-03   8.27025415e-05  -3.87929658e-01   3.96115122e+01
 1.51000000e+00  -3.46944695e-18   1.00000000e+00  -4.36686164e-03   7.45420827e-05  -5.29357121e-01   3.95047836e+01
 1.52000000e+00  -3.46944695e-18   1.00000000e+00  -6.72833976e-03   8.82620266e-05  -6.55950349e-01   3.93978586e+01
 1.53000000e+00  -3.46944695e-18   1.00000000e+00  -8.92255690e-03   1.07537859e-04  -7.67772288e-01   3.92965752e+01
 1.54000000e+00  -3.46944695e-18   1.00000000e+00  -1.09426333e-02   1.25922273e-04  -8.61057504e-01   3.91975159e+01
 1.55000000e+00  -3.46944695e-18   1.00000000e+00  -1.27933038e-02   1.49704312e-04  -9.39062375e-01   3.90955386e+01
 1.56000000e+00  -3.46944695e-18   1.00000000e+00  -1.44932857e-02   1.66228644e-04  -1.00463394e+00   3.90026451e+01
 1.57000000e+00  -3.46944695e-18   1.00000000e+00  -1.60663861e-02   1.64926944e-04  -1.07006114e+00   3.89118929e+01
 1.58000000e+00  -3.46944695e-18   1.00000000e+00  -1.75149125e-02   1.47306595e-04  -1.13521934e+00   3.88231072e+01
 1.59000000e+00  -3.46944695e-18   1.00000000e+00  -1.88201613e-02   1.21857790e-04  -1.19011302e+00   3.87270971e+01
 1.60000000e+00  -3.46944695e-18   1.00000000e+00  -1.99680110e-02   9.97279953e-05  -1.23190396e+00   3.86296449e+01
 1.61000000e+00  -3.46944695e-18   1.00000000e+00  -2.09545940e-02   8.65511868e-05  -1.25812074e+00   3.85319379e+01
 1.62000000e+00  -3.46944695e-18   1.00000000e+00  -2.17885294e-02   8.12245391e-05  -1.27183901e+00   3.84359527e+01
 1.63000000e+00  -3.46944695e-18   1.00000000e+00  -2.24893733e-02   8.66788694e-05  -1.27896786e+00   3.83458291e+01
 1.64000000e+00  -3.46944695e-18   1.00000000e+00  -2.30773865e-02   1.09397760e-04  -1.28374180e+00   3.82575920e+01
 1.65000000e+00  -3.46944695e-18   1.00000000e+00  -2.35680171e-02   1.39771663e-04  -1.29004985e+00   3.81820984e+01
 1.66000000e+00  -3.46944695e-18   1.00000000e+00  -2.39744328e-02   1.57585233e-04  -1.30181076e+00   3.81164237e+01
 1.67000000e+00  -3.46944695e-18   1.00000000e+00  -2.43020523e-02   1.61815989e-04  -1.32210036e+00   3.80533777e+01
 1.68000000e+00  -3.46944695e-18   1.00000000e+00  -2.45387443e-02   1.57421075e-04  -1.34361777e+00   3.79889971e+01
 1.69000000e+00  -3.46944695e-18   1.00000000e+00  -2.46731463e-02   1.43433786e-04  -1.34115350e+00   3.79042733e+01
 1.70000000e+00  -3.46944695e-18   1.00000000e+00  -2.47071277e-02   1.18878719e-04  -1.38526047e+00   3.78784452e+01
 1.71000000e+00  -3.46944695e-18   1.00000000e+00  -2.46294324e-02   9.18253298e-05  -1.40917821e+00   3.77954049e+01
 1.72000000e+00  -3.46944695e-18   1.00000000e+00  -2.44075813e-02   7.73584737e-05  -1.42334354e+00   3.77248960e+01
 1.73000000e+00  -3.46944695e-18   1.00000000e+00  -2.40136027e-02   7.99881707e-05  -1.41753646e+00   3.76490677e+01
 1.74000000e+00  -3.46944695e-18   1.00000000e+00  -2.34490013e-02   9.58468804e-05  -1.39531885e+00   3.75800690e+01
 1.75000000e+00  -3.46944695e-18   1.00000000e+00  -2.27345513e-02   1.17197890e-04  -1.36602125e+00   3.75150410e+01
 1.76000000e+00  -3.46944695e-18   1.00000000e+00  -2.18814589e-02   1.36040026e-04  -1.33207916e+00   3.74555357e+01
 1.77000000e+00  -3.46944695e-18   1.00000000e+00  -2.08896069e-02   1.56315307e-04  -1.29421976e+00   3.73996477e+01
 1.78000000e+00  -3.46944695e-18   1.00000000e+00  -1.97543151e-02   1.66654413e-04  -1.25070814e+00   3.73477453e+01
 1.79000000e+00  -3.46944695e-18   1.00000000e+00  -1.84623022e-02   1.52405481e-04  -1.19819772e+00   3.72992690e+01
 1.80000000e+00  -3.46944695e-18   1.00000000e+00  -1.69997837e-02   1.27321443e-04  -1.13102445e+00   3.72442472e+01
 1.81000000e+00  -3.46944695e-18   1.00000000e+00  -1.53590368e-02   1.04435618e-04  -1.04823577e+00   3.71871202e+01
 1.82000000e+00  -3.46944695e-18   1.00000000e+00  -1.35343236e-02   8.52221353e-05  -9.47486004e-01   3.71286333e+01
 1.83000000e+00  -3.46944695e-18   1.00000000e+00  -1.15311980e-02   7.36229872e-05  -8.29047168e-01   3.70739589e+01
 1.84000000e+00  -3.46944695e-18   1.00000000e+00  -9.36412988e-03   7.38230066e-05  -6.97912499e-01   3.70231131e+01
 1.85000000e+00  -3.46944695e-18   1.00000000e+00  -7.04372184e-03   8.88299088e-05  -5.53952910e-01   3.69774499e+01
 1.86000000e+00  -3.46944695e-18   1.00000000e+00  -4.58219968e-03   1.16010517e-04  -3.96827984e-01   3.69426590e+01
 1.87000000e+00  -3.46944695e-18   1.00000000e+00  -2.00343383e-03   1.41122569e-04  -2.32513686e-01   3.69174637e+01
 1.88000000e+00  -3.46944695e-18   1.00000000e+00   6.57112178e-04   1.50996120e-04  -6.78482539e-02   3.69056217e+01
 1.89000000e+00  -3.46944695e-18   1.00000000e+00   3.36764170e-03   1.48432674e-04   8.60778894e-02   3.68975270e+01
 1.90000000e+00  -3.46944695e-18   1.00000000e+00   6.12440872e-03   1.38528132e-04   2.30122823e-01   3.68953265e+01
 1.91000000e+00  -3.46944695e-18   1.00000000e+00   8.95000315e-03   1.18841455e-04   3.77885713e-01   3.68958618e+01
 1.92000000e+00  -3.46944695e-18   1.00000000e+00   1.18538458e-02   8.94945184e-05   5.32044832e-01   3.68992695e+01
 1.93000000e+00  -3.46944695e-18   1.00000000e+00   1.48233644e-02   6.57883252e-05   6.88434137e-01   3.69010129e+01
 1.94000000e+00  -3.46944695e-18   1.00000000e+00   1.78504464e-02   6.28771800e-05   8.45317045e-01   3.69059571e+01
 1.95000000e+00  -3.46944695e-18   1.00000000e+00   2.09295457e-02   7.27618951e-05   1.00578412e+00   3.69224675e+01
 1.96000000e+00  -3.46944695e-18   1.00000000e+00   2.40447160e-02   9.01379050e-05   1.16396452e+00   3.69448026e+01
 1.97000000e+00  -3.46944695e-18   1.00000000e+00   2.71809780e-02   1.12080718e-04   1.31571529e+00   3.69774305e+01
 1.98000000e+00  -3.46944695e-18   1.00000000e+00   3.03369078e-02   1.32793339e-04   1.46253849e+00   3.70149554e+01
 1.99000000e+00  -3.46944695e-18   1.00000000e+00   3.35136350e-02   1.47081200e-04   1.60759461e+00   3.70616461e+01
 2.00000000e+00  -3.46944695e-18   1.00000000e+00   3.67128001e-02   1.45303922e-04   1.74795367e+00   3.71089271e+01
 2.01000000e+00  -3.46944695e-18   1.00000000e+00   3.99394915e-02   1.23862696e-04   1.88687113e+00   3.71594455e+01
 2.02000000e+00  -3.46944695e-18   1.00000000e+00   4.32011548e-02   9.59616408e-05   2.02248183e+00   3.72042804e+01
 2.03000000e+00  -3.46944695e-18   1.00000000e+00   4.65182088e-02   7.70170981e-05   2.16361326e+00   3.72474121e+01
 2.04000000e+00  -3.46944695e-18   1.00000000e+00   4.99186331e-02   6.25392424e-05   2.31803821e+00   3.72932548e+01
 2.05000000e+00  -3.46944695e-18   1.00000000e+00   5.34167831e-02   5.39025933e-05   2.49210402e+00   3.73361146e+01
 2.06000000e+00  -3.46944695e-18   1.00000000e+00   5.70010327e-02   6.39137446e-05   2.68405360e+00   3.73833580e+01
 2.07000000e+00  -3.46944695e-18   1.00000000e+00   6.06377958e-02   8.84393240e-05   2.88185002e+00   3.74360318e+01
 2.08000000e+00  -3.46944695e-18   1.00000000e+00   6.43065918e-02   1.15004329e-04   3.07896760e+00   3.75008429e+01
 2.09000000e+00  -3.46944695e-18   1.00000000e+00   6.80061771e-02   1.32227349e-04   3.28232638e+00   3.75713645e+01
 2.10000000e+00  -3.46944695e-18   1.00000000e+00   7.17322106e-02   1.35750692e-04   3.49020975e+00   3.76438446e+01
 2.11000000e+00  -3.46944695e-18   1.00000000e+00   7.54751076e-02   1.28539252e-04   3.70103837e+00   3.77201036e+01
 2.12000000e+00  -3.46944695e-18   1.00000000e+00   7.92293298e-02   1.12857125e-04   3.91502036e+00   3.77981416e+01
 2.13000000e+00  -3.46944695e-18   1.00000000e+00   8.29954992e-02   8.69575344e-05   4.13386356e+00   3.78791334e+01
 2.14000000e+00  -3.46944695e-18   1.00000000e+00   8.67692903e-02   5.88503870e-05   4.36088098e+00   3.79594520e+01
 2.15000000e+00  -3.46944695e-18   1.00000000e+00   9.05347515e-02   4.47575689e-05   4.58914411e+00   3.80421712e+01
 2.16000000e+00  -3.46944695e-18   1.00000000e+00   9.42780744e-02   5.04641393e-05   4.82031194e+00   3.81312610e+01
 2.17000000e+00  -3.46944695e-18   1.00000000e+00   9.79928604e-02   6.74031497e-05   5.05538080e+00   3.82311815e+01
 2.18000000e+00  -3.46944695e-18   1.00000000e+00   1.01659724e-01   8.43199998e-05   5.29400402e+00   3.83382078e+01
 2.19000000e+00  -3.46944695e-18   1.00000000e+00   1.05240574e-01   1.07884177e-04   5.52350428e+00   3.84525023e+01
 2.20000000e+00  -3.46944695e-18   1.00000000e+00   1.08702473e-01   1.29226132e-04   5.73459961e+00   3.85769171e+01
 2.21000000e+00  -3.46944695e-18   1.00000000e+00   1.12035144e-01   1.32255184e-04   5.92852688e+00   3.87095156e+01
 2.22000000e+00  -3.46944695e-18   1.00000000e+00   1.15246447e-01   1.20153185e-04   6.10543436e+00   3.88424794e+01
 2.23000000e+00  -3.46944695e-18   1.00000000e+00   1.18357570e-01   9.49043615e-05   6.27444658e+00   3.89718214e+01
 2.24000000e+00  -3.46944695e-18   1.00000000e+00   1.21386305e-01   6.98436420e-05   6.44376723e+00   3.91009661e+01
 2.25000000e+00  -3.46944695e-18   1.00000000e+00   1.24327488e-01   5.38994726e-05   6.60717993e+00   3.92301477e+01
 2.26000000e+00  -3.46944695e-18   1.00000000e+00   1.27176803e-01   4.33336411e-05   6.76194756e+00   3.93601122e+01
 2.27000000e+00  -3.46944695e-18   1.00000000e+00   1.29945188e-01   4.35098471e-05   6.91771634e+00   3.94926486e+01
 2.28000000e+00  -3.46944695e-18   1.00000000e+00   1.32633421e-01   6.23445097e-05   7.07034831e+00   3.96234975e+01
 2.29000000e+00  -3.46944695e-18   1.00000000e+00   1.35232238e-01   9.29263889e-05   7.22047579e+00   3.97615662e+01
 2.30000000e+00  -3.46944695e-18   1.00000000e+00   1.37738638e-01   1.14984789e-04   7.36410296e+00   3.99031100e+01
 2.31000000e+00  -3.46944695e-18   1.00000000e+00   1.40155496e-01   1.23816110e-04   7.50516013e+00   4.00453545e+01
 2.32000000e+00  -3.46944695e-18   1.00000000e+00   1.42484563e-01   1.23663943e-04   7.64052447e+00   4.01815427e+01
 2.33000000e+00  -3.46944695e-18   1.00000000e+00   1.44724410e-01   1.12631363e-04   7.77076862e+00   4.03188228e+01
 2.34000000e+00  -3.46944695e-18   1.00000000e+00   1.46883342e-01   8.98660060e-05   7.89251999e+00   4.04503842e+01
 2.35000000e+00  -3.46944695e-18   1.00000000e+00   1.48989868e-01   6.16300371e-05   8.02088154e+00   4.05757016e+01
 2.36000000e+00  -3.46944695e-18   1.00000000e+00   1.51066876e-01   4.08838091e-05   8.16448345e+00   4.06970762e+01
 2.37000000e+00  -3.46944695e-18   1.00000000e+00   1.53107250e-01   3.77786062e-05   8.32065800e+00   4.08136554e+01
 2.38000000e+00  -3.46944695e-18   1.00000000e+00   1.55083807e-01   5.06044209e-05   8.48239808e+00   4.09374107e+01
 2.39000000e+00  -3.46944695e-18   1.00000000e+00   1.56969319e-01   6.98970613e-05   8.64291203e+00   4.10636272e+01
 2.40000000e+00  -3.46944695e-18   1.00000000e+00   1.58746799e-01   9.02242961e-05   8.79633256e+00   4.11944213e+01
 2.41000000e+00  -3.46944695e-18   1.00000000e+00   1.60405424e-01   1.13179834e-04   8.94367761e+00   4.13244486e+01
 2.42000000e+00  -3.46944695e-18   1.00000000e+00   1.61935479e-01   1.29558564e-04   9.08379015e+00   4.14591762e+01
 2.43000000e+00  -3.46944695e-18   1.00000000e+00   1.63325191e-01   1.22407702e-04   9.21430977e+00   4.15949743e+01
 2.44000000e+00  -3.46944695e-18   1.00000000e+00   1.64563837e-01   1.00191039e-04   9.33072640e+00   4.17275501e+01
 2.45000000e+00  -3.46944695e-18   1.00000000e+00   1.65651822e-01   7.74252110e-05   9.43208045e+00   4.18534075e+01
 2.46000000e+00  -3.46944695e-18   1.00000000e+00   1.66595225e-01   5.63306724e-05   9.52588061e+00   4.19782453e+01
 2.47000000e+00  -3.46944695e-18   1.00000000e+00   1.67394021e-01   4.15303268e-05   9.61108760e+00   4.21044516e+01
 2.48000000e+00  -3.46944695e-18   1.00000000e+00   1.68043979e-01   3.82029419e-05   9.68609412e+00   4.22285887e+01
 2.49000000e+00  -3.46944695e-18   1.00000000e+00   1.68544741e-01   4.90074933e-05   9.75302587e+00   4.23533158e+01
 2.50000000e+00  -3.46944695e-18   1.00000000e+00   1.68889440e-01   7.51679667e-05   9.81165940e+00   4.24793378e+01
 2.51000000e+00  -3.46944695e-18   1.00000000e+00   1.69050001e-01   1.05140643e-04   9.85174776e+00   4.26087814e+01
 2.52000000e+00  -3.46944695e-18   1.00000000e+00   1.69003975e-01   1.20315321e-04   9.85991784e+00   4.27397963e+01
 2.53000000e+00  -3.46944695e-18   1.00000000e+00   1.68768529e-01   1.23120104e-04   9.88041280e+00   4.28248509e+01
 2.54000000e+00  -3.46944695e-18   1.00000000e+00   1.68375242e-01   1.18929103e-04   9.85866727e+00   4.29229692e+01
 2.55000000e+00  -3.46944695e-18   1.00000000e+00   1.67844847e-01   1.02121269e-04   9.79409045e+00   4.31774839e+01
 2.56000000e+00  -3.46944695e-18   1.00000000e+00   1.67193035e-01   7.49785633e-05   9.73107087e+00   4.32079879e+01
 2.57000000e+00  -3.46944695e-18   1.00000000e+00   1.66430334e-01   4.82843263e-05   9.67645729e+00   4.32966680e+01
 2.58000000e+00  -3.46944695e-18   1.00000000e+00   1.65570054e-01   3.97301933e-05   9.61831973e+00   4.33804069e+01
 2.59000000e+00  -3.46944695e-18   1.00000000e+00   1.64627668e-01   4.69964970e-05   9.56303790e+00   4.34610516e+01
 2.60000000e+00  -3.46944695e-18   1.00000000e+00   1.63608125e-01   6.28620418e-05   9.51274307e+00   4.35381394e+01
 2.61000000e+00  -3.46944695e-18   1.00000000e+00   1.62506813e-01   8.60026007e-05   9.46039184e+00   4.36111812e+01
 2.62000000e+00  -3.46944695e-18   1.00000000e+00   1.61318106e-01   1.08954096e-04   9.40546734e+00   4.36818433e+01
 2.63000000e+00  -3.46944695e-18   1.00000000e+00   1.60034845e-01   1.28508415e-04   9.34610838e+00   4.37496779e+01
 2.64000000e+00  -3.46944695e-18   1.00000000e+00   1.58652377e-01   1.34378261e-04   9.27719363e+00   4.38107036e+01
 2.65000000e+00  -3.46944695e-18   1.00000000e+00   1.57174851e-01   1.17866233e-04   9.20052173e+00   4.38687051e+01
 2.66000000e+00  -3.46944695e-18   1.00000000e+00   1.55613272e-01   9.19128682e-05   9.11932718e+00   4.39127057e+01
 2.67000000e+00  -3.46944695e-18   1.00000000e+00   1.53987696e-01   7.18940438e-05   9.03711062e+00   4.39486965e+01
 2.68000000e+00  -3.46944695e-18   1.00000000e+00   1.52314803e-01   5.54594112e-05   8.96999094e+00   4.39818164e+01
 2.69000000e+00  -3.46944695e-18   1.00000000e+00   1.50581896e-01   4.40954631e-05   8.90750777e+00   4.40080814e+01
 2.70000000e+00  -3.46944695e-18   1.00000000e+00   1.48755195e-01   4.98558359e-05   8.83676317e+00   4.40331138e+01
 2.71000000e+00  -3.46944695e-18   1.00000000e+00   1.46816763e-01   7.23567298e-05   8.75452564e+00   4.40576590e+01
 2.72000000e+00  -3.46944695e-18   1.00000000e+00   1.44767024e-01   1.01054778e-04   8.66362672e+00   4.40867784e+01
 2.73000000e+00  -3.46944695e-18   1.00000000e+00   1.42598705e-01   1.23770804e-04   8.56237903e+00   4.41145309e+01
 2.74000000e+00  -3.46944695e-18   1.00000000e+00   1.40295329e-01   1.33706136e-04   8.44293742e+00   4.41410740e+01
 2.75000000e+00  -3.46944695e-18   1.00000000e+00   1.37850858e-01   1.31204509e-04   8.30105222e+00   4.41628860e+01
 2.76000000e+00  -3.46944695e-18   1.00000000e+00   1.35273299e-01   1.20928314e-04   8.14252548e+00   4.41780726e+01
 2.77000000e+00  -3.46944695e-18   1.00000000e+00   1.32576772e-01   9.89566941e-05   7.96681260e+00   4.41890557e+01
 2.78000000e+00  -3.46944695e-18   1.00000000e+00   1.29777139e-01   6.95365421e-05   7.77982327e+00   4.41882699e+01
 2.79000000e+00  -3.46944695e-18   1.00000000e+00   1.26895103e-01   5.23748262e-05   7.58513250e+00   4.41801745e+01
 2.80000000e+00  -3.46944695e-18   1.00000000e+00   1.23947912e-01   5.37254394e-05   7.38955928e+00   4.41644551e+01
 2.81000000e+00  -3.46944695e-18   1.00000000e+00   1.20937982e-01   6.80669505e-05   7.19310324e+00   4.41502268e+01
 2.82000000e+00  -3.46944695e-18   1.00000000e+00   1.17861108e-01   8.61440711e-05   6.98948946e+00   4.41285024e+01
 2.83000000e+00  -3.46944695e-18   1.00000000e+00   1.14708803e-01   1.09981017e-04   6.77759319e+00   4.41069796e+01
 2.84000000e+00  -3.46944695e-18   1.00000000e+00   1.11478002e-01   1.35571018e-04   6.54739646e+00   4.40785278e+01
 2.85000000e+00  -3.46944695e-18   1.00000000e+00   1.08193588e-01   1.46301818e-04   6.30912724e+00   4.40483548e+01
 2.86000000e+00  -3.46944695e-18   1.00000000e+00   1.04890576e-01   1.40244070e-04   6.07278085e+00   4.40069834e+01
 2.87000000e+00  -3.46944695e-18   1.00000000e+00   1.01587524e-01   1.19784628e-04   5.84205965e+00   4.39522593e+01
 2.88000000e+00  -3.46944695e-18   1.00000000e+00   9.82927656e-02   9.45821111e-05   5.61477491e+00   4.38874218e+01
 2.89000000e+00  -3.46944695e-18   1.00000000e+00   9.50166931e-02   7.73837220e-05   5.39187027e+00   4.38123754e+01
 2.90000000e+00  -3.46944695e-18   1.00000000e+00   9.17811311e-02   6.52574543e-05   5.18213346e+00   4.37324990e+01
 2.91000000e+00  -3.46944695e-18   1.00000000e+00   8.86025675e-02   6.00724245e-05   4.99000698e+00   4.36440999e+01
 2.92000000e+00  -3.46944695e-18   1.00000000e+00   8.54743174e-02   7.54520785e-05   4.81258650e+00   4.35515158e+01
 2.93000000e+00  -3.46944695e-18   1.00000000e+00   8.23786143e-02   1.05128269e-04   4.64258640e+00   4.34613209e+01
 2.94000000e+00  -3.46944695e-18   1.00000000e+00   7.93046372e-02   1.29932103e-04   4.47601910e+00   4.33728539e+01
 2.95000000e+00  -3.46944695e-18   1.00000000e+00   7.62416868e-02   1.44628054e-04   4.31212540e+00   4.32840226e+01
 2.96000000e+00  -3.46944695e-18   1.00000000e+00   7.31735503e-02   1.48660668e-04   4.14003360e+00   4.31910323e+01
 2.97000000e+00  -3.46944695e-18   1.00000000e+00   7.01017571e-02   1.42564264e-04   3.96046752e+00   4.30973333e+01
 2.98000000e+00  -3.46944695e-18   1.00000000e+00   6.70487508e-02   1.24342270e-04   3.78413984e+00   4.29983403e+01
 2.99000000e+00  -3.46944695e-18   1.00000000e+00   6.40282067e-02   9.74893667e-05   3.61402537e+00   4.28936311e+01
 3.00000000e+00  -3.46944695e-18   1.00000000e+00   6.10400036e-02   7.39398155e-05   3.45176089e+00   4.27809589e+01
 3.01000000e+00  -3.46944695e-18   1.00000000e+00   5.80751796e-02   6.57893089e-05   3.29319371e+00   4.26664407e+01
 3.02000000e+00  -3.46944695e-18   1.00000000e+00   5.51153143e-02   7.56398785e-05   3.12932968e+00   4.25573655e+01
 3.03000000e+00  -3.46944695e-18   1.00000000e+00   5.21552931e-02   9.27702444e-05   2.95909419e+00   4.24503758e+01
 3.04000000e+00  -3.46944695e-18   1.00000000e+00   4.92015094e-02   1.12769378e-04   2.78669082e+00   4.23447693e+01
 3.05000000e+00  -3.46944695e-18   1.00000000e+00   4.62530917e-02   1.37417828e-04   2.61167474e+00   4.22376345e+01
 3.06000000e+00  -3.46944695e-18   1.00000000e+00   4.32989221e-02   1.58300912e-04   2.42631506e+00   4.21366812e+01
 3.07000000e+00  -3.46944695e-18   1.00000000e+00   4.03356401e-02   1.58359174e-04   2.22716069e+00   4.20345644e+01
 3.08000000e+00  -3.46944695e-18   1.00000000e+00   3.73840259e-02   1.40962173e-04   2.01994557e+00   4.19255844e+01
 3.09000000e+00  -3.46944695e-18   1.00000000e+00   3.44764931e-02   1.19665354e-04   1.81414735e+00   4.18067969e+01
 3.10000000e+00  -3.46944695e-18   1.00000000e+00   3.16364858e-02   9.80575838e-05   1.61470249e+00   4.16817877e+01
 3.11000000e+00  -3.46944695e-18   1.00000000e+00   2.88844528e-02   8.17029495e-05   1.42451035e+00   4.15507825e+01
 3.12000000e+00  -3.46944695e-18   1.00000000e+00   2.62424071e-02   7.43900205e-05   1.25169598e+00   4.14143452e+01
 3.13000000e+00  -3.46944695e-18   1.00000000e+00   2.37155574e-02   8.00357789e-05   1.09454252e+00   4.12761805e+01
 3.14000000e+00  -3.46944695e-18   1.00000000e+00   2.12916664e-02   1.02555666e-04   9.46673387e-01   4.11365751e+01
 3.15000000e+00  -3.46944695e-18   1.00000000e+00   1.89597756e-02   1.32718772e-04   8.00970158e-01   4.10043986e+01
 3.16000000e+00  -3.46944695e-18   1.00000000e+00   1.67272031e-02   1.51818742e-04   6.60964138e-01   4.08741171e+01
 3.17000000e+00  -3.46944695e-18   1.00000000e+00   1.46140644e-02   1.57223069e-04   5.32037471e-01   4.07410160e+01
 3.18000000e+00  -3.46944695e-18   1.00000000e+00   1.26319516e-02   1.57645443e-04   4.16482796e-01   4.06026064e+01
 3.19000000e+00  -3.46944695e-18   1.00000000e+00   1.07792775e-02   1.44767365e-04   3.13978070e-01   4.04635497e+01
 3.20000000e+00  -3.46944695e-18   1.00000000e+00   9.05768953e-03   1.18774341e-04   2.22883213e-01   4.03237536e+01
 3.21000000e+00  -3.46944695e-18   1.00000000e+00   7.47679650e-03   9.21746595e-05   1.42994658e-01   4.01764372e+01
 3.22000000e+00  -3.46944695e-18   1.00000000e+00   6.04640981e-03   7.63945835e-05   8.16409471e-02   4.00291039e+01
 3.23000000e+00  -3.46944695e-18   1.00000000e+00   4.76912886e-03   7.89168182e-05   3.95329836e-02   3.98812309e+01
 3.24000000e+00  -3.46944695e-18   1.00000000e+00   3.63118280e-03   9.12183231e-05   1.36160782e-02   3.97427101e+01
 3.25000000e+00  -3.46944695e-18   1.00000000e+00   2.60053459e-03   1.10033633e-04  -6.76039893e-03   3.96108180e+01
 3.26000000e+00  -3.46944695e-18   1.00000000e+00   1.65196546e-03   1.32955780e-04  -3.04285327e-02   3.94867229e+01
 3.27000000e+00  -3.46944695e-18   1.00000000e+00   7.76622494e-04   1.53510892e-04  -5.43582218e-02   3.93700312e+01
 3.28000000e+00  -3.46944695e-18   1.00000000e+00  -3.83736349e-05   1.65019786e-04  -8.49904707e-02   3.92610243e+01
 3.29000000e+00  -3.46944695e-18   1.00000000e+00  -7.96074449e-04   1.53689200e-04  -1.24525512e-01   3.91562629e+01
 3.30000000e+00  -3.46944695e-18   1.00000000e+00  -1.47460808e-03   1.29442321e-04  -1.61583616e-01   3.90464036e+01
 3.31000000e+00  -3.46944695e-18   1.00000000e+00  -2.05713464e-03   1.09593293e-04  -1.90285320e-01   3.89357279e+01
 3.32000000e+00  -3.46944695e-18   1.00000000e+00  -2.54858481e-03   9.07820033e-05  -2.16484202e-01   3.88261968e+01
 3.33000000e+00  -3.46944695e-18   1.00000000e+00  -2.95869532e-03   7.58034402e-05  -2.41740302e-01   3.87210095e+01
 3.34000000e+00  -3.46944695e-18   1.00000000e+00  -3.28667058e-03   7.53349632e-05  -2.68683719e-01   3.86147858e+01
 3.35000000e+00  -3.46944695e-18   1.00000000e+00  -3.52085753e-03   9.19955108e-05  -2.90330351e-01   3.85159274e+01
 3.36000000e+00  -3.46944695e-18   1.00000000e+00  -3.65681160e-03   1.17991008e-04  -3.06605334e-01   3.84228294e+01
 3.37000000e+00  -3.46944695e-18   1.00000000e+00  -3.70562419e-03   1.42364099e-04  -3.22040113e-01   3.83362063e+01
 3.38000000e+00  -3.46944695e-18   1.00000000e+00  -3.67581053e-03   1.54615224e-04  -3.41055231e-01   3.82561706e+01
 3.39000000e+00  -3.46944695e-18   1.00000000e+00  -3.56139080e-03   1.54959135e-04  -3.62849271e-01   3.81741692e+01
 3.40000000e+00  -3.46944695e-18   1.00000000e+00  -3.34258082e-03   1.48394673e-04  -3.82707891e-01   3.80933372e+01
 3.41000000e+00  -3.46944695e-18   1.00000000e+00  -2.99256542e-03   1.29128866e-04  -3.92925831e-01   3.80107017e+01
 3.42000000e+00  -3.46944695e-18   1.00000000e+00  -2.48797345e-03   9.92734838e-05  -3.87144755e-01   3.79238931e+01
 3.43000000e+00  -3.46944695e-18   1.00000000e+00  -1.81588525e-03   7.69064425e-05  -3.61794169e-01   3.78321747e+01
 3.44000000e+00  -3.46944695e-18   1.00000000e+00  -9.74760208e-04   7.25808203e-05  -3.17999394e-01   3.77412174e+01
 3.45000000e+00  -3.46944695e-18   1.00000000e+00   2.88515963e-05   8.08248815e-05  -2.56372186e-01   3.76581479e+01
 3.46000000e+00  -3.46944695e-18   1.00000000e+00   1.17700838e-03   9.48898310e-05  -1.84216464e-01   3.75805583e+01
 3.47000000e+00  -3.46944695e-18   1.00000000e+00   2.44946930e-03   1.16011633e-04  -1.06400105e-01   3.75125961e+01
 3.48000000e+00  -3.46944695e-18   1.00000000e+00   3.84081303e-03   1.39568656e-04  -2.30016882e-02   3.74489550e+01
 3.49000000e+00  -3.46944695e-18   1.00000000e+00   5.35470732e-03   1.54722102e-04   7.11118580e-02   3.73952873e+01
 3.50000000e+00  -3.46944695e-18   1.00000000e+00   6.98292247e-03   1.52472464e-04   1.75378711e-01   3.73447921e+01
 3.51000000e+00  -3.46944695e-18   1.00000000e+00   8.70267093e-03   1.34277358e-04   2.79614742e-01   3.72997854e+01
 3.52000000e+00  -3.46944695e-18   1.00000000e+00   1.05055837e-02   1.09486505e-04   3.82534761e-01   3.72550311e+01
 3.53000000e+00  -3.46944695e-18   1.00000000e+00   1.24073562e-02   8.91971971e-05   4.93743473e-01   3.72125069e+01
 3.54000000e+00  -3.46944695e-18   1.00000000e+00   1.44139625e-02   7.41254015e-05   6.18100110e-01   3.71756864e+01
 3.55000000e+00  -3.46944695e-18   1.00000000e+00   1.65078088e-02   6.25757412e-05   7.48980732e-01   3.71427030e+01
 3.56000000e+00  -3.46944695e-18   1.00000000e+00   1.86671476e-02   7.05112889e-05   8.83088324e-01   3.71182468e+01
 3.57000000e+00  -3.46944695e-18   1.00000000e+00   2.08679854e-02   9.62100369e-05   1.01657941e+00   3.71034041e+01
 3.58000000e+00  -3.46944695e-18   1.00000000e+00   2.30839086e-02   1.20204461e-04   1.13907081e+00   3.71046595e+01
 3.59000000e+00  -3.46944695e-18   1.00000000e+00   2.53044042e-02   1.36920589e-04   1.25311205e+00   3.71129237e+01
 3.60000000e+00  -3.46944695e-18   1.00000000e+00   2.75287128e-02   1.44287147e-04   1.35816668e+00   3.71281812e+01
 3.61000000e+00  -3.46944695e-18   1.00000000e+00   2.97628553e-02   1.40648284e-04   1.45446358e+00   3.71467409e+01
 3.62000000e+00  -3.46944695e-18   1.00000000e+00   3.20253522e-02   1.26199124e-04   1.55006953e+00   3.71663948e+01
 3.63000000e+00  -3.46944695e-18   1.00000000e+00   3.43282668e-02   1.00862336e-04   1.64867365e+00   3.71858765e+01
 3.64000000e+00  -3.46944695e-18   1.00000000e+00   3.66738743e-02   7.28308206e-05   1.74773463e+00   3.72034904e+01
 3.65000000e+00  -3.46944695e-18   1.00000000e+00   3.90637001e-02   5.91893046e-05   1.84973419e+00   3.72231924e+01
 3.66000000e+00  -3.46944695e-18   1.00000000e+00   4.15059884e-02   6.28810165e-05   1.95418318e+00   3.72453027e+01
 3.67000000e+00  -3.46944695e-18   1.00000000e+00   4.40139209e-02   7.50631874e-05   2.07014442e+00   3.72751725e+01
 3.68000000e+00  -3.46944695e-18   1.00000000e+00   4.65870659e-02   9.20772537e-05   2.19590473e+00   3.73091114e+01
 3.69000000e+00  -3.46944695e-18   1.00000000e+00   4.92038052e-02   1.14805197e-04   2.32359386e+00   3.73464872e+01
 3.70000000e+00  -3.46944695e-18   1.00000000e+00   5.18452413e-02   1.38148195e-04   2.44750498e+00   3.73933574e+01
 3.71000000e+00  -3.46944695e-18   1.00000000e+00   5.45194639e-02   1.43227758e-04   2.57020286e+00   3.74440918e+01
 3.72000000e+00  -3.46944695e-18   1.00000000e+00   5.72483452e-02   1.30014376e-04   2.70243566e+00   3.74940942e+01
 3.73000000e+00  -3.46944695e-18   1.00000000e+00   6.00397078e-02   1.09824218e-04   2.84186377e+00   3.75395142e+01
 3.74000000e+00  -3.46944695e-18   1.00000000e+00   6.28984705e-02   8.66134543e-05   2.99259020e+00   3.75861493e+01
 3.75000000e+00  -3.46944695e-18   1.00000000e+00   6.58300932e-02   6.75175549e-05   3.15998571e+00   3.76330100e+01
 3.76000000e+00  -3.46944695e-18   1.00000000e+00   6.88238463e-02   5.48217058e-05   3.34090246e+00   3.76825837e+01
 3.77000000e+00  -3.46944695e-18   1.00000000e+00   7.18560116e-02   5.29324420e-05   3.52963269e+00   3.77374255e+01
 3.78000000e+00  -3.46944695e-18   1.00000000e+00   7.49013952e-02   6.97002960e-05   3.71960134e+00   3.77993795e+01
 3.79000000e+00  -3.46944695e-18   1.00000000e+00   7.79431379e-02   9.79054339e-05   3.91144613e+00   3.78729209e+01
 3.80000000e+00  -3.46944695e-18   1.00000000e+00   8.09681989e-02   1.18862095e-04   4.10381207e+00   3.79564060e+01
 3.81000000e+00  -3.46944695e-18   1.00000000e+00   8.39591228e-02   1.27691499e-04   4.29279695e+00   3.80449651e+01
 3.82000000e+00  -3.46944695e-18   1.00000000e+00   8.68977899e-02   1.31509344e-04   4.47509179e+00   3.81357515e+01
 3.83000000e+00  -3.46944695e-18   1.00000000e+00   8.97695733e-02   1.23803556e-04   4.64665783e+00   3.82333333e+01
 3.84000000e+00  -3.46944695e-18   1.00000000e+00   9.25710394e-02   1.00390745e-04   4.80555006e+00   3.83332286e+01
 3.85000000e+00  -3.46944695e-18   1.00000000e+00   9.53222502e-02   7.30175873e-05   4.96318248e+00   3.84310610e+01
 3.86000000e+00  -3.46944695e-18   1.00000000e+00   9.80360853e-02   5.28537694e-05   5.12511596e+00   3.85303523e+01
 3.87000000e+00  -3.46944695e-18   1.00000000e+00   1.00697118e-01   4.79219827e-05   5.28678854e+00   3.86309696e+01
 3.88000000e+00  -3.46944695e-18   1.00000000e+00   1.03282576e-01   5.73138263e-05   5.44100226e+00   3.87409750e+01
 3.89000000e+00  -3.46944695e-18   1.00000000e+00   1.05780650e-01   7.19676813e-05   5.58510198e+00   3.88558947e+01
 3.90000000e+00  -3.46944695e-18   1.00000000e+00   1.08185865e-01   9.28228523e-05   5.71963356e+00   3.89764611e+01
 3.91000000e+00  -3.46944695e-18   1.00000000e+00   1.10494400e-01   1.16881932e-04   5.84235977e+00   3.90989564e+01
 3.92000000e+00  -3.46944695e-18   1.00000000e+00   1.12709960e-01   1.32519420e-04   5.95364996e+00   3.92261951e+01
 3.93000000e+00  -3.46944695e-18   1.00000000e+00   1.14847506e-01   1.28904786e-04   6.05577113e+00   3.93529978e+01
 3.94000000e+00  -3.46944695e-18   1.00000000e+00   1.16928530e-01   1.08226456e-04   6.15858820e+00   3.94726553e+01
 3.95000000e+00  -3.46944695e-18   1.00000000e+00   1.18963332e-01   8.85245316e-05   6.26251549e+00   3.95866247e+01
 3.96000000e+00  -3.46944695e-18   1.00000000e+00   1.20953163e-01   6.93545658e-05   6.36295790e+00   3.96985831e+01
 3.97000000e+00  -3.46944695e-18   1.00000000e+00   1.22911597e-01   4.99789708e-05   6.46901815e+00   3.98104535e+01
 3.98000000e+00  -3.46944695e-18   1.00000000e+00   1.24857277e-01   4.39482761e-05   6.58432427e+00   3.99157757e+01
 3.99000000e+00  -3.46944695e-18   1.00000000e+00   1.26787786e-01   5.40160636e-05   6.71247186e+00   4.00245778e+01
 4.00000000e+00  -3.46944695e-18   1.00000000e+00   1.28684720e-01   7.68804438e-05   6.84498863e+00   4.01336592e+01
 4.01000000e+00  -3.46944695e-18   1.00000000e+00   1.30525762e-01   1.03093369e-04   6.97861466e+00   4.02492758e+01
 4.02000000e+00  -3.46944695e-18   1.00000000e+00   1.32291110e-01   1.19134661e-04   7.10420728e+00   4.03674898e+01
 4.03000000e+00  -3.46944695e-18   1.00000000e+00   1.33980927e-01   1.23878606e-04   7.22177433e+00   4.04824845e+01
 4.04000000e+00  -3.46944695e-18   1.00000000e+00   1.35611728e-01   1.22944238e-04   7.34153583e+00   4.05964259e+01
 4.05000000e+00  -3.46944695e-18   1.00000000e+00   1.37185727e-01   1.08906927e-04   7.46515527e+00   4.07085175e+01
 4.06000000e+00  -3.46944695e-18   1.00000000e+00   1.38694421e-01   8.02382946e-05   7.58937881e+00   4.08180416e+01
 4.07000000e+00  -3.46944695e-18   1.00000000e+00   1.40133775e-01   5.53626977e-05   7.71209208e+00   4.09207036e+01
 4.08000000e+00  -3.46944695e-18   1.00000000e+00   1.41496641e-01   4.52218888e-05   7.83748872e+00   4.10262846e+01
 4.09000000e+00  -3.46944695e-18   1.00000000e+00   1.42764966e-01   4.84757402e-05   7.95966391e+00   4.11341825e+01
 4.10000000e+00  -3.46944695e-18   1.00000000e+00   1.43914791e-01   5.96094718e-05   8.07219799e+00   4.12486955e+01
 4.11000000e+00  -3.46944695e-18   1.00000000e+00   1.44934594e-01   7.85181352e-05   8.17244535e+00   4.13638300e+01
 4.12000000e+00  -3.46944695e-18   1.00000000e+00   1.45819993e-01   1.03268823e-04   8.26318288e+00   4.14833060e+01
 4.13000000e+00  -3.46944695e-18   1.00000000e+00   1.46553859e-01   1.23474459e-04   8.33967924e+00   4.16060977e+01
 4.14000000e+00  -3.46944695e-18   1.00000000e+00   1.47117955e-01   1.29495068e-04   8.39131769e+00   4.17282354e+01
 4.15000000e+00  -3.46944695e-18   1.00000000e+00   1.47517779e-01   1.17085969e-04   8.41932560e+00   4.18493262e+01
 4.16000000e+00  -3.46944695e-18   1.00000000e+00   1.47778230e-01   9.52972007e-05   8.43338287e+00   4.19597973e+01
 4.17000000e+00  -3.46944695e-18   1.00000000e+00   1.47927446e-01   7.62905492e-05   8.44167961e+00   4.20652415e+01
 4.18000000e+00  -3.46944695e-18   1.00000000e+00   1.47977988e-01   5.88791875e-05   8.44847867e+00   4.21662021e+01
 4.19000000e+00  -3.46944695e-18   1.00000000e+00   1.47926594e-01   4.40019539e-05   8.44961029e+00   4.22636816e+01
 4.20000000e+00  -3.46944695e-18   1.00000000e+00   1.47767409e-01   4.55858997e-05   8.46436506e+00   4.23380141e+01
 4.21000000e+00  -3.46944695e-18   1.00000000e+00   1.47499536e-01   6.69398178e-05   8.42962730e+00   4.24632537e+01
 4.22000000e+00  -3.46944695e-18   1.00000000e+00   1.47127504e-01   9.22421198e-05   8.40242670e+00   4.25424180e+01
 4.23000000e+00  -3.46944695e-18   1.00000000e+00   1.46657351e-01   1.11742243e-04   8.37062230e+00   4.26358904e+01
 4.24000000e+00  -3.46944695e-18   1.00000000e+00   1.46096836e-01   1.24914355e-04   8.33340820e+00   4.27208384e+01
 4.25000000e+00  -3.46944695e-18   1.00000000e+00   1.45455270e-01   1.27136370e-04   8.28856549e+00   4.27991864e+01
 4.26000000e+00  -3.46944695e-18   1.00000000e+00   1.44748151e-01   1.18769263e-04   8.24074669e+00   4.28678392e+01
 4.27000000e+00  -3.46944695e-18   1.00000000e+00   1.43990219e-01   9.90038116e-05   8.19833754e+00   4.29311397e+01
 4.28000000e+00  -3.46944695e-18   1.00000000e+00   1.43184646e-01   6.96316926e-05   8.15610602e+00   4.29845778e+01
 4.29000000e+00  -3.46944695e-18   1.00000000e+00   1.42339946e-01   5.16254283e-05   8.11536291e+00   4.30284963e+01
 4.30000000e+00  -3.46944695e-18   1.00000000e+00   1.41475302e-01   5.10171231e-05   8.08958040e+00   4.30688596e+01
 4.31000000e+00  -3.46944695e-18   1.00000000e+00   1.40581204e-01   5.84782184e-05   8.07815793e+00   4.31126918e+01
 4.32000000e+00  -3.46944695e-18   1.00000000e+00   1.39620023e-01   7.31477555e-05   8.06027793e+00   4.31510114e+01
 4.33000000e+00  -3.46944695e-18   1.00000000e+00   1.38566073e-01   9.56278248e-05   8.03287776e+00   4.31936277e+01
 4.34000000e+00  -3.46944695e-18   1.00000000e+00   1.37412993e-01   1.21689243e-04   7.99314438e+00   4.32358038e+01
 4.35000000e+00  -3.46944695e-18   1.00000000e+00   1.36163457e-01   1.35018959e-04   7.94469353e+00   4.32782342e+01
 4.36000000e+00  -3.46944695e-18   1.00000000e+00   1.34822426e-01   1.29313058e-04   7.88800603e+00   4.33155167e+01
 4.37000000e+00  -3.46944695e-18   1.00000000e+00   1.33389868e-01   1.13237141e-04   7.82287999e+00   4.33445790e+01
 4.38000000e+00  -3.46944695e-18   1.00000000e+00   1.31865589e-01   9.26983138e-05   7.75037557e+00   4.33723299e+01
 4.39000000e+00  -3.46944695e-18   1.00000000e+00   1.30251695e-01   7.28736290e-05   7.66918143e+00   4.33908662e+01
 4.40000000e+00  -3.46944695e-18   1.00000000e+00   1.28547020e-01   5.78493625e-05   7.58207815e+00   4.34096988e+01
 4.41000000e+00  -3.46944695e-18   1.00000000e+00   1.26749559e-01   5.03817141e-05   7.48412298e+00   4.34241594e+01
 4.42000000e+00  -3.46944695e-18   1.00000000e+00   1.24855120e-01   6.15180479e-05   7.37935518e+00   4.34390036e+01
 4.43000000e+00  -3.46944695e-18   1.00000000e+00   1.22860087e-01   8.92909454e-05   7.26050220e+00   4.34529050e+01
 4.44000000e+00  -3.46944695e-18   1.00000000e+00   1.20762240e-01   1.12389799e-04   7.13096684e+00   4.34708833e+01
 4.45000000e+00  -3.46944695e-18   1.00000000e+00   1.18557939e-01   1.26650610e-04   6.98470202e+00   4.34835668e+01
 4.46000000e+00  -3.46944695e-18   1.00000000e+00   1.16246662e-01   1.36192269e-04   6.81937677e+00   4.34877872e+01
 4.47000000e+00  -3.46944695e-18   1.00000000e+00   1.13846441e-01   1.35002863e-04   6.63545830e+00   4.34907098e+01
 4.48000000e+00  -3.46944695e-18   1.00000000e+00   1.11398283e-01   1.18280084e-04   6.44807449e+00   4.34816837e+01
 4.49000000e+00  -3.46944695e-18   1.00000000e+00   1.08938860e-01   9.22967792e-05   6.27046709e+00   4.34614865e+01
 4.50000000e+00  -3.46944695e-18   1.00000000e+00   1.06476454e-01   6.98385872e-05   6.09967221e+00   4.34291770e+01
 4.51000000e+00  -3.46944695e-18   1.00000000e+00   1.04007000e-01   5.96827999e-05   5.93054554e+00   4.33906705e+01
 4.52000000e+00  -3.46944695e-18   1.00000000e+00   1.01535556e-01   6.49378182e-05   5.76431097e+00   4.33494911e+01
 4.53000000e+00  -3.46944695e-18   1.00000000e+00   9.90722798e-02   7.72403824e-05   5.60570554e+00   4.33057139e+01
 4.54000000e+00  -3.46944695e-18   1.00000000e+00   9.66176836e-02   9.49642972e-05   5.45369438e+00   4.32602563e+01
 4.55000000e+00  -3.46944695e-18   1.00000000e+00   9.41646348e-02   1.21601277e-04   5.29977478e+00   4.32090170e+01
 4.56000000e+00  -3.46944695e-18   1.00000000e+00   9.17196048e-02   1.42950978e-04   5.15062594e+00   4.31589847e+01
 4.57000000e+00  -3.46944695e-18   1.00000000e+00   8.92874944e-02   1.46273319e-04   5.00516641e+00   4.31048628e+01
 4.58000000e+00  -3.46944695e-18   1.00000000e+00   8.68666136e-02   1.32573648e-04   4.86024295e+00   4.30420982e+01
 4.59000000e+00  -3.46944695e-18   1.00000000e+00   8.44664269e-02   1.14380333e-04   4.71959802e+00   4.29710368e+01
 4.60000000e+00  -3.46944695e-18   1.00000000e+00   8.20978241e-02   9.60360946e-05   4.58825396e+00   4.28954118e+01
 4.61000000e+00  -3.46944695e-18   1.00000000e+00   7.97661390e-02   7.52645471e-05   4.46435033e+00   4.28164798e+01
 4.62000000e+00  -3.46944695e-18   1.00000000e+00   7.74738196e-02   6.34600253e-05   4.35445180e+00   4.27323962e+01
 4.63000000e+00  -3.46944695e-18   1.00000000e+00   7.52039254e-02   6.76948059e-05   4.25184617e+00   4.26513600e+01
 4.64000000e+00  -3.46944695e-18   1.00000000e+00   7.29220838e-02   8.66338646e-05   4.14387042e+00   4.25729760e+01
 4.65000000e+00  -3.46944695e-18   1.00000000e+00   7.06053545e-02   1.13614255e-04   4.02197295e+00   4.25018070e+01
 4.66000000e+00  -3.46944695e-18   1.00000000e+00   6.82553489e-02   1.33497857e-04   3.89077984e+00   4.24337245e+01
 4.67000000e+00  -3.46944695e-18   1.00000000e+00   6.58834803e-02   1.42890842e-04   3.75202209e+00   4.23638647e+01
 4.68000000e+00  -3.46944695e-18   1.00000000e+00   6.34932668e-02   1.47646420e-04   3.60891756e+00   4.22905397e+01
 4.69000000e+00  -3.46944695e-18   1.00000000e+00   6.10844348e-02   1.40630016e-04   3.45703978e+00   4.22147089e+01
 4.70000000e+00  -3.46944695e-18   1.00000000e+00   5.86649535e-02   1.15011540e-04   3.29734399e+00   4.21373124e+01
 4.71000000e+00  -3.46944695e-18   1.00000000e+00   5.62554030e-02   8.88654154e-05   3.13577971e+00   4.20473164e+01
 4.72000000e+00  -3.46944695e-18   1.00000000e+00   5.38689747e-02   7.47595084e-05   2.97959163e+00   4.19561985e+01
 4.73000000e+00  -3.46944695e-18   1.00000000e+00   5.15070327e-02   7.18352496e-05   2.82307469e+00   4.18624221e+01
 4.74000000e+00  -3.46944695e-18   1.00000000e+00   4.91767781e-02   8.04626339e-05   2.66689436e+00   4.17715863e+01
 4.75000000e+00  -3.46944695e-18   1.00000000e+00   4.68862662e-02   9.56953426e-05   2.51645490e+00   4.16782128e+01
 4.76000000e+00  -3.46944695e-18   1.00000000e+00   4.46286304e-02   1.19518706e-04   2.36558703e+00   4.15853377e+01
 4.77000000e+00  -3.46944695e-18   1.00000000e+00   4.23980183e-02   1.44303764e-04   2.20890675e+00   4.14939289e+01
 4.78000000e+00  -3.46944695e-18   1.00000000e+00   4.02079852e-02   1.56530345e-04   2.04770048e+00   4.14019532e+01
 4.79000000e+00  -3.46944695e-18   1.00000000e+00   3.80865427e-02   1.51070857e-04   1.89267773e+00   4.13056705e+01
 4.80000000e+00  -3.46944695e-18   1.00000000e+00   3.60651755e-02   1.31959238e-04   1.74968806e+00   4.11964026e+01
 4.81000000e+00  -3.46944695e-18   1.00000000e+00   3.41642197e-02   1.14141975e-04   1.62662522e+00   4.10815007e+01
 4.82000000e+00  -3.46944695e-18   1.00000000e+00   3.23859174e-02   9.52909620e-05   1.52083169e+00   4.09611743e+01
 4.83000000e+00  -3.46944695e-18   1.00000000e+00   3.07230164e-02   7.58472648e-05   1.42884345e+00   4.08421868e+01
 4.84000000e+00  -3.46944695e-18   1.00000000e+00   2.91728418e-02   7.10322880e-05   1.34674894e+00   4.07194795e+01
 4.85000000e+00  -3.46944695e-18   1.00000000e+00   2.77394023e-02   8.57990167e-05   1.28151577e+00   4.05974985e+01
 4.86000000e+00  -3.46944695e-18   1.00000000e+00   2.64159396e-02   1.09558144e-04   1.22918715e+00   4.04851777e+01
 4.87000000e+00  -3.46944695e-18   1.00000000e+00   2.51778106e-02   1.30940799e-04   1.18041690e+00   4.03773032e+01
 4.88000000e+00  -3.46944695e-18   1.00000000e+00   2.40122119e-02   1.47092743e-04   1.13321366e+00   4.02746233e+01
 4.89000000e+00  -3.46944695e-18   1.00000000e+00   2.29208912e-02   1.53710802e-04   1.08912187e+00   4.01707429e+01
 4.90000000e+00  -3.46944695e-18   1.00000000e+00   2.18990448e-02   1.50681451e-04   1.04622058e+00   4.00708005e+01
 4.91000000e+00  -3.46944695e-18   1.00000000e+00   2.09458195e-02   1.34481279e-04   1.00413439e+00   3.99691186e+01
 4.92000000e+00  -3.46944695e-18   1.00000000e+00   2.00720950e-02   1.05620021e-04   9.66231637e-01   3.98685563e+01
 4.93000000e+00  -3.46944695e-18   1.00000000e+00   1.92871801e-02   8.20380306e-05   9.39822053e-01   3.97614452e+01
 4.94000000e+00  -3.46944695e-18   1.00000000e+00   1.85843042e-02   7.61884098e-05   9.22819076e-01   3.96572996e+01
 4.95000000e+00  -3.46944695e-18   1.00000000e+00   1.79381551e-02   7.88102827e-05   9.04808118e-01   3.95635562e+01
 4.96000000e+00  -3.46944695e-18   1.00000000e+00   1.73235681e-02   8.80596243e-05   8.78071176e-01   3.94760996e+01
 4.97000000e+00  -3.46944695e-18   1.00000000e+00   1.67364455e-02   1.09669113e-04   8.43446500e-01   3.93947317e+01
 4.98000000e+00  -3.46944695e-18   1.00000000e+00   1.61857191e-02   1.35143265e-04   8.03602842e-01   3.93172976e+01
 4.99000000e+00  -3.46944695e-18   1.00000000e+00   1.56776110e-02   1.54110777e-04   7.62023603e-01   3.92467300e+01
 5.00000000e+00  -3.46944695e-18   1.00000000e+00   1.52154341e-02   1.55229479e-04   7.15528443e-01   3.91769294e+01