  Time  Coordinate0  Coordinate1  Displacement0  Displacement1  Force0  Force1
 1.00000000e-02  -8.33333333e-03   1.00000000e+00   4.20830328e-05   2.13107702e-05  -6.17478452e+00   1.21082633e+01
 2.00000000e-02  -8.33333333e-03   1.00000000e+00   1.31116615e-04   4.34572033e-05  -9.75917072e+00   1.48381273e+01
 3.00000000e-02  -8.33333333e-03   1.00000000e+00   2.66796356e-04   6.36288006e-05  -1.05319582e+01   1.59062779e+01
 4.00000000e-02  -8.33333333e-03   1.00000000e+00   4.51365448e-04   7.87277866e-05  -1.04571270e+01   1.64507671e+01
 5.00000000e-02  -8.33333333e-03   1.00000000e+00   6.91980590e-04   8.73339246e-05  -1.07103221e+01   1.72202737e+01
 6.00000000e-02  -8.33333333e-03   1.00000000e+00   1.00076705e-03   8.98625407e-05  -1.13058459e+01   1.82267080e+01
 7.00000000e-02  -8.33333333e-03   1.00000000e+00   1.39296562e-03   8.84008469e-05  -1.19714160e+01   1.92843772e+01
 8.00000000e-02  -8.33333333e-03   1.00000000e+00   1.88399027e-03   8.59458634e-05  -1.25745186e+01   2.02966118e+01
 9.00000000e-02  -8.33333333e-03   1.00000000e+00   2.48690801e-03   8.54018236e-05  -1.31149082e+01   2.12576716e+01
 1.00000000e-01  -8.33333333e-03   1.00000000e+00   3.21107810e-03   8.88249867e-05  -1.36220831e+01   2.21839127e+01
 1.10000000e-01  -8.33333333e-03   1.00000000e+00   4.06196760e-03   9.71059886e-05  -1.41091084e+01   2.30823364e+01
 1.20000000e-01  -8.33333333e-03   1.00000000e+00   5.04170927e-03   1.10073860e-04  -1.45744074e+01   2.39511081e+01
 1.30000000e-01  -8.33333333e-03   1.00000000e+00   6.14991042e-03   1.26849925e-04  -1.50135235e+01   2.47869219e+01
 1.40000000e-01  -8.33333333e-03   1.00000000e+00   7.38440681e-03   1.46272257e-04  -1.54245999e+01   2.55886073e+01
 1.50000000e-01  -8.33333333e-03   1.00000000e+00   8.74180733e-03   1.67265742e-04  -1.58077883e+01   2.63566353e+01
 1.60000000e-01  -8.33333333e-03   1.00000000e+00   1.02178105e-02   1.89069294e-04  -1.61640273e+01   2.70922995e+01
 1.70000000e-01  -8.33333333e-03   1.00000000e+00   1.18073611e-02   2.11312773e-04  -1.64942159e+01   2.77970162e+01
 1.80000000e-01  -8.33333333e-03   1.00000000e+00   1.35047334e-02   2.33959740e-04  -1.67992769e+01   2.84722494e+01
 1.90000000e-01  -8.33333333e-03   1.00000000e+00   1.53036368e-02   2.57174853e-04  -1.70802635e+01   2.91195050e+01
 2.00000000e-01  -8.33333333e-03   1.00000000e+00   1.71973948e-02   2.81172898e-04  -1.73383625e+01   2.97402859e+01
 2.10000000e-01  -8.33333333e-03   1.00000000e+00   1.91792144e-02   3.06097779e-04  -1.75748435e+01   3.03359750e+01
 2.20000000e-01  -8.33333333e-03   1.00000000e+00   2.12425140e-02   3.31958572e-04  -1.77909047e+01   3.09077707e+01
 2.30000000e-01  -8.33333333e-03   1.00000000e+00   2.33812594e-02   3.58626400e-04  -1.79875833e+01   3.14566597e+01
 2.40000000e-01  -8.33333333e-03   1.00000000e+00   2.55902505e-02   3.85876996e-04  -1.81657207e+01   3.19834094e+01
 2.50000000e-01  -8.33333333e-03   1.00000000e+00   2.78653135e-02   4.13458135e-04  -1.83258864e+01   3.24886136e+01
 2.60000000e-01  -8.33333333e-03   1.00000000e+00   3.02033769e-02   4.41153993e-04  -1.84683298e+01   3.29726418e+01
 2.70000000e-01  -8.33333333e-03   1.00000000e+00   3.26024319e-02   4.68832886e-04  -1.85931304e+01   3.34359086e+01
 2.80000000e-01  -8.33333333e-03   1.00000000e+00   3.50613969e-02   4.96467426e-04  -1.87000753e+01   3.38786191e+01
 2.90000000e-01  -8.33333333e-03   1.00000000e+00   3.75799116e-02   5.24128456e-04  -1.87887299e+01   3.43008875e+01
 3.00000000e-01  -8.33333333e-03   1.00000000e+00   4.01580932e-02   5.51957798e-04  -1.88586480e+01   3.47029055e+01
 3.10000000e-01  -8.33333333e-03   1.00000000e+00   4.27962774e-02   5.80135347e-04  -1.89092066e+01   3.50846756e+01
 3.20000000e-01  -8.33333333e-03   1.00000000e+00   4.54947647e-02   6.08844383e-04  -1.89398852e+01   3.54463123e+01
 3.30000000e-01  -8.33333333e-03   1.00000000e+00   4.82535851e-02   6.38245956e-04  -1.89501053e+01   3.57877357e+01
 3.40000000e-01  -8.33333333e-03   1.00000000e+00   5.10722872e-02   6.68461387e-04  -1.89394531e+01   3.61089463e+01
 3.50000000e-01  -8.33333333e-03   1.00000000e+00   5.39497607e-02   6.99566827e-04  -1.89076757e+01   3.64099008e+01
 3.60000000e-01  -8.33333333e-03   1.00000000e+00   5.68840931e-02   7.31595138e-04  -1.88546787e+01   3.66905341e+01
 3.70000000e-01  -8.33333333e-03   1.00000000e+00   5.98724687e-02   7.64541121e-04  -1.87805811e+01   3.69507562e+01
 3.80000000e-01  -8.33333333e-03   1.00000000e+00   6.29111118e-02   7.98369182e-04  -1.86857560e+01   3.71904696e+01
 3.90000000e-01  -8.33333333e-03   1.00000000e+00   6.59952786e-02   8.33018108e-04  -1.85708262e+01   3.74096327e+01
 4.00000000e-01  -8.33333333e-03   1.00000000e+00   6.91192965e-02   8.68405462e-04  -1.84365475e+01   3.76080810e+01
 4.10000000e-01  -8.33333333e-03   1.00000000e+00   7.22766495e-02   9.04428523e-04  -1.82839785e+01   3.77857515e+01
 4.20000000e-01  -8.33333333e-03   1.00000000e+00   7.54601026e-02   9.40965875e-04  -1.81143598e+01   3.79426129e+01
 4.30000000e-01  -8.33333333e-03   1.00000000e+00   7.86618587e-02   9.77878652e-04  -1.79290434e+01   3.80786322e+01
 4.40000000e-01  -8.33333333e-03   1.00000000e+00   8.18737353e-02   1.01501396e-03  -1.77294969e+01   3.81938300e+01
 4.50000000e-01  -8.33333333e-03   1.00000000e+00   8.50873504e-02   1.05220918e-03  -1.75172698e+01   3.82882931e+01
 4.60000000e-01  -8.33333333e-03   1.00000000e+00   8.82943064e-02   1.08929835e-03  -1.72939033e+01   3.83621664e+01
 4.70000000e-01  -8.33333333e-03   1.00000000e+00   9.14863620e-02   1.12611904e-03  -1.70609706e+01   3.84156777e+01
 4.80000000e-01  -8.33333333e-03   1.00000000e+00   9.46555829e-02   1.16251922e-03  -1.68199334e+01   3.84491375e+01
 4.90000000e-01  -8.33333333e-03   1.00000000e+00   9.77944645e-02   1.19836332e-03  -1.65722241e+01   3.84629624e+01
 5.00000000e-01  -8.33333333e-03   1.00000000e+00   1.00896023e-01   1.23353651e-03  -1.63191581e+01   3.84576801e+01
 5.10000000e-01  -8.33333333e-03   1.00000000e+00   1.03953853e-01   1.26794714e-03  -1.60619473e+01   3.84339031e+01
 5.20000000e-01  -8.33333333e-03   1.00000000e+00   1.06962146e-01   1.30152739e-03  -1.58016636e+01   3.83923192e+01
 5.30000000e-01  -8.33333333e-03   1.00000000e+00   1.09915683e-01   1.33423187e-03  -1.55392963e+01   3.83337560e+01
 5.40000000e-01  -8.33333333e-03   1.00000000e+00   1.12809791e-01   1.36603517e-03  -1.52757506e+01   3.82591286e+01
 5.50000000e-01  -8.33333333e-03   1.00000000e+00   1.15640275e-01   1.39692831e-03  -1.50117413e+01   3.81693358e+01
 5.60000000e-01  -8.33333333e-03   1.00000000e+00   1.18403338e-01   1.42691493e-03  -1.47479777e+01   3.80654036e+01
 5.70000000e-01  -8.33333333e-03   1.00000000e+00   1.21095475e-01   1.45600651e-03  -1.44851289e+01   3.79484096e+01
 5.80000000e-01  -8.33333333e-03   1.00000000e+00   1.23713377e-01   1.48421860e-03  -1.42237451e+01   3.78194061e+01
 5.90000000e-01  -8.33333333e-03   1.00000000e+00   1.26253822e-01   1.51156675e-03  -1.39643375e+01   3.76794134e+01
 6.00000000e-01  -8.33333333e-03   1.00000000e+00   1.28713584e-01   1.53806272e-03  -1.37075044e+01   3.75295580e+01
 6.10000000e-01  -8.33333333e-03   1.00000000e+00   1.31089354e-01   1.56371122e-03  -1.34537874e+01   3.73709115e+01
 6.20000000e-01  -8.33333333e-03   1.00000000e+00   1.33377669e-01   1.58850777e-03  -1.32036694e+01   3.72043888e+01
 6.30000000e-01  -8.33333333e-03   1.00000000e+00   1.35574879e-01   1.61243632e-03  -1.29577331e+01   3.70309914e+01
 6.40000000e-01  -8.33333333e-03   1.00000000e+00   1.37677122e-01   1.63546835e-03  -1.27165788e+01   3.68516591e+01
 6.50000000e-01  -8.33333333e-03   1.00000000e+00   1.39680333e-01   1.65756264e-03  -1.24807689e+01   3.66672455e+01
 6.60000000e-01  -8.33333333e-03   1.00000000e+00   1.41580268e-01   1.67866578e-03  -1.22508886e+01   3.64785306e+01
 6.70000000e-01  -8.33333333e-03   1.00000000e+00   1.43372522e-01   1.69875152e-03  -1.20275582e+01   3.62862170e+01
 6.80000000e-01  -8.33333333e-03   1.00000000e+00   1.45052684e-01   1.71769521e-03  -1.18112934e+01   3.60910666e+01
 6.90000000e-01  -8.33333333e-03   1.00000000e+00   1.46616247e-01   1.73546618e-03  -1.16027005e+01   3.58935907e+01
 7.00000000e-01  -8.33333333e-03   1.00000000e+00   1.48058888e-01   1.75197804e-03  -1.14023527e+01   3.56943851e+01
 7.10000000e-01  -8.33333333e-03   1.00000000e+00   1.49376425e-01   1.76715741e-03  -1.12106684e+01   3.54940900e+01
 7.20000000e-01  -8.33333333e-03   1.00000000e+00   1.50564958e-01   1.78089786e-03  -1.10281134e+01   3.52931031e+01
 7.30000000e-01  -8.33333333e-03   1.00000000e+00   1.51620923e-01   1.79308012e-03  -1.08549741e+01   3.50918139e+01
 7.40000000e-01  -8.33333333e-03   1.00000000e+00   1.52541141e-01   1.80361002e-03  -1.06915972e+01   3.48906678e+01
 7.50000000e-01  -8.33333333e-03   1.00000000e+00   1.53322884e-01   1.81242705e-03  -1.05381996e+01   3.46900070e+01
 7.60000000e-01  -8.33333333e-03   1.00000000e+00   1.53963915e-01   1.81950369e-03  -1.03949149e+01   3.44901707e+01
 7.70000000e-01  -8.33333333e-03   1.00000000e+00   1.54462511e-01   1.82483611e-03  -1.02618195e+01   3.42914514e+01
 7.80000000e-01  -8.33333333e-03   1.00000000e+00   1.54817474e-01   1.82843488e-03  -1.01389447e+01   3.40941977e+01
 7.90000000e-01  -8.33333333e-03   1.00000000e+00   1.55028120e-01   1.83031737e-03  -1.00261735e+01   3.38985877e+01
 8.00000000e-01  -8.33333333e-03   1.00000000e+00   1.55094253e-01   1.83050279e-03  -9.92340289e+00   3.37048894e+01
 8.10000000e-01  -8.33333333e-03   1.00000000e+00   1.55016132e-01   1.82901030e-03  -9.83049141e+00   3.35133797e+01
 8.20000000e-01  -8.33333333e-03   1.00000000e+00   1.54794417e-01   1.82586044e-03  -9.74717756e+00   3.33241772e+01
 8.30000000e-01  -8.33333333e-03   1.00000000e+00   1.54430121e-01   1.82107689e-03  -9.67326120e+00   3.31375284e+01
 8.40000000e-01  -8.33333333e-03   1.00000000e+00   1.53924550e-01   1.81468821e-03  -9.60844612e+00   3.29535150e+01
 8.50000000e-01  -8.33333333e-03   1.00000000e+00   1.53279252e-01   1.80672854e-03  -9.55250260e+00   3.27723381e+01
 8.60000000e-01  -8.33333333e-03   1.00000000e+00   1.52495962e-01   1.79723668e-03  -9.50514900e+00   3.25940774e+01
 8.70000000e-01  -8.33333333e-03   1.00000000e+00   1.51576563e-01   1.78625426e-03  -9.46607054e+00   3.24187603e+01
 8.80000000e-01  -8.33333333e-03   1.00000000e+00   1.50523045e-01   1.77382298e-03  -9.43506164e+00   3.22464980e+01
 8.90000000e-01  -8.33333333e-03   1.00000000e+00   1.49337483e-01   1.75998207e-03  -9.41187004e+00   3.20773087e+01
 9.00000000e-01  -8.33333333e-03   1.00000000e+00   1.48022016e-01   1.74476644e-03  -9.39622494e+00   3.19111316e+01
 9.10000000e-01  -8.33333333e-03   1.00000000e+00   1.46578846e-01   1.72820519e-03  -9.38795963e+00   3.17480041e+01
 9.20000000e-01  -8.33333333e-03   1.00000000e+00   1.45010240e-01   1.71032198e-03  -9.38685111e+00   3.15878733e+01
 9.30000000e-01  -8.33333333e-03   1.00000000e+00   1.43318541e-01   1.69113577e-03  -9.39268540e+00   3.14305968e+01
 9.40000000e-01  -8.33333333e-03   1.00000000e+00   1.41506191e-01   1.67066179e-03  -9.40531759e+00   3.12761629e+01
 9.50000000e-01  -8.33333333e-03   1.00000000e+00   1.39575756e-01   1.64891331e-03  -9.42452372e+00   3.11244007e+01
 9.60000000e-01  -8.33333333e-03   1.00000000e+00   1.37529954e-01   1.62590379e-03  -9.45017308e+00   3.09752550e+01
 9.70000000e-01  -8.33333333e-03   1.00000000e+00   1.35371685e-01   1.60164852e-03  -9.48204198e+00   3.08285399e+01
 9.80000000e-01  -8.33333333e-03   1.00000000e+00   1.33104060e-01   1.57616610e-03  -9.51995221e+00   3.06841187e+01
 9.90000000e-01  -8.33333333e-03   1.00000000e+00   1.30730427e-01   1.54947947e-03  -9.56369542e+00   3.05418831e+01
 1.00000000e+00  -8.33333333e-03   1.00000000e+00   1.28254392e-01   1.52161709e-03  -9.61306070e+00   3.04016881e+01
 1.01000000e+00  -8.33333333e-03   1.00000000e+00   1.25679829e-01   1.49261320e-03  -9.66780783e+00   3.02634056e+01
 1.02000000e+00  -8.33333333e-03   1.00000000e+00   1.23010896e-01   1.46250806e-03  -9.72767830e+00   3.01269181e+01
 1.03000000e+00  -8.33333333e-03   1.00000000e+00   1.20252025e-01   1.43134827e-03  -9.79240095e+00   2.99920952e+01
 1.04000000e+00  -8.33333333e-03   1.00000000e+00   1.17407920e-01   1.39918647e-03  -9.86167535e+00   2.98588411e+01
 1.05000000e+00  -8.33333333e-03   1.00000000e+00   1.14483538e-01   1.36608114e-03  -9.93518840e+00   2.97270044e+01
 1.06000000e+00  -8.33333333e-03   1.00000000e+00   1.11484069e-01   1.33209567e-03  -1.00126218e+01   2.95965504e+01
 1.07000000e+00  -8.33333333e-03   1.00000000e+00   1.08414906e-01   1.29729858e-03  -1.00936402e+01   2.94673569e+01
 1.08000000e+00  -8.33333333e-03   1.00000000e+00   1.05281618e-01   1.26176168e-03  -1.01778972e+01   2.93394032e+01
 1.09000000e+00  -8.33333333e-03   1.00000000e+00   1.02089910e-01   1.22556002e-03  -1.02650482e+01   2.92125919e+01
 1.10000000e+00  -8.33333333e-03   1.00000000e+00   9.88455932e-02   1.18876995e-03  -1.03547438e+01   2.90868763e+01
 1.11000000e+00  -8.33333333e-03   1.00000000e+00   9.55545482e-02   1.15146865e-03  -1.04466394e+01   2.89622285e+01
 1.12000000e+00  -8.33333333e-03   1.00000000e+00   9.22226930e-02   1.11373276e-03  -1.05404041e+01   2.88386395e+01
 1.13000000e+00  -8.33333333e-03   1.00000000e+00   8.88559535e-02   1.07563767e-03  -1.06357177e+01   2.87160678e+01
 1.14000000e+00  -8.33333333e-03   1.00000000e+00   8.54602389e-02   1.03725641e-03  -1.07322525e+01   2.85944755e+01
 1.15000000e+00  -8.33333333e-03   1.00000000e+00   8.20414203e-02   9.98659743e-04  -1.08297185e+01   2.84738607e+01
 1.16000000e+00  -8.33333333e-03   1.00000000e+00   7.86053155e-02   9.59915318e-04  -1.09278280e+01   2.83542015e+01
 1.17000000e+00  -8.33333333e-03   1.00000000e+00   7.51576785e-02   9.21087809e-04  -1.10263096e+01   2.82355037e+01
 1.18000000e+00  -8.33333333e-03   1.00000000e+00   7.17041941e-02   8.82239012e-04  -1.11249137e+01   2.81177637e+01
 1.19000000e+00  -8.33333333e-03   1.00000000e+00   6.82504764e-02   8.43427708e-04  -1.12233821e+01   2.80010031e+01
 1.20000000e+00  -8.33333333e-03   1.00000000e+00   6.48020711e-02   8.04710712e-04  -1.13215107e+01   2.78852131e+01
 1.21000000e+00  -8.33333333e-03   1.00000000e+00   6.13644603e-02   7.66142661e-04  -1.14190660e+01   2.77703853e+01
 1.22000000e+00  -8.33333333e-03   1.00000000e+00   5.79430689e-02   7.27776862e-04  -1.15158441e+01   2.76565399e+01
 1.23000000e+00  -8.33333333e-03   1.00000000e+00   5.45432715e-02   6.89665939e-04  -1.16116499e+01   2.75436944e+01
 1.24000000e+00  -8.33333333e-03   1.00000000e+00   5.11703996e-02   6.51861690e-04  -1.17062818e+01   2.74318693e+01
 1.25000000e+00  -8.33333333e-03   1.00000000e+00   4.78297466e-02   6.14416569e-04  -1.17995493e+01   2.73211079e+01
 1.26000000e+00  -8.33333333e-03   1.00000000e+00   4.45265719e-02   5.77382981e-04  -1.18912569e+01   2.72114614e+01
 1.27000000e+00  -8.33333333e-03   1.00000000e+00   4.12661008e-02   5.40814682e-04  -1.19812452e+01   2.71029738e+01
 1.28000000e+00  -8.33333333e-03   1.00000000e+00   3.80535228e-02   5.04765855e-04  -1.20693152e+01   2.69956665e+01
 1.29000000e+00  -8.33333333e-03   1.00000000e+00   3.48939860e-02   4.69291769e-04  -1.21552972e+01   2.68896142e+01
 1.30000000e+00  -8.33333333e-03   1.00000000e+00   3.17925882e-02   4.34448418e-04  -1.22389954e+01   2.67848900e+01
 1.31000000e+00  -8.33333333e-03   1.00000000e+00   2.87543652e-02   4.00293002e-04  -1.23202608e+01   2.66815725e+01
 1.32000000e+00  -8.33333333e-03   1.00000000e+00   2.57842766e-02   3.66882450e-04  -1.23989069e+01   2.65797275e+01
 1.33000000e+00  -8.33333333e-03   1.00000000e+00   2.28871890e-02   3.34273926e-04  -1.24747540e+01   2.64794606e+01
 1.34000000e+00  -8.33333333e-03   1.00000000e+00   2.00678585e-02   3.02524155e-04  -1.25476796e+01   2.63808575e+01
 1.35000000e+00  -8.33333333e-03   1.00000000e+00   1.73309116e-02   2.71688903e-04  -1.26175092e+01   2.62840079e+01
 1.36000000e+00  -8.33333333e-03   1.00000000e+00   1.46808273e-02   2.41822159e-04  -1.26840998e+01   2.61890301e+01
 1.37000000e+00  -8.33333333e-03   1.00000000e+00   1.21219183e-02   2.12976549e-04  -1.27473524e+01   2.60960098e+01
 1.38000000e+00  -8.33333333e-03   1.00000000e+00   9.65831478e-03   1.85202239e-04  -1.28071207e+01   2.60050650e+01
 1.39000000e+00  -8.33333333e-03   1.00000000e+00   7.29394948e-03   1.58546666e-04  -1.28633385e+01   2.59162987e+01
 1.40000000e+00  -8.33333333e-03   1.00000000e+00   5.03254517e-03   1.33054105e-04  -1.29158861e+01   2.58297957e+01
 1.41000000e+00  -8.33333333e-03   1.00000000e+00   2.87760434e-03   1.08766165e-04  -1.29647344e+01   2.57456738e+01
 1.42000000e+00  -8.33333333e-03   1.00000000e+00   8.32402258e-04   8.57205762e-05  -1.30097912e+01   2.56640277e+01
 1.43000000e+00  -8.33333333e-03   1.00000000e+00  -1.10001782e-03   6.39517665e-05  -1.30510505e+01   2.55849566e+01
 1.44000000e+00  -8.33333333e-03   1.00000000e+00  -2.91684691e-03   4.34907262e-05  -1.30884451e+01   2.55085493e+01
 1.45000000e+00  -8.33333333e-03   1.00000000e+00  -4.61550955e-03   2.43646312e-05  -1.31219861e+01   2.54349109e+01
 1.46000000e+00  -8.33333333e-03   1.00000000e+00  -6.19366232e-03   6.59785045e-06  -1.31516903e+01   2.53641149e+01
 1.47000000e+00  -8.33333333e-03   1.00000000e+00  -7.64918964e-03  -9.78885124e-06  -1.31775207e+01   2.52962303e+01
 1.48000000e+00  -8.33333333e-03   1.00000000e+00  -8.98019939e-03  -2.47772811e-05  -1.31995282e+01   2.52313701e+01
 1.49000000e+00  -8.33333333e-03   1.00000000e+00  -1.01850174e-02  -3.83519362e-05  -1.32177266e+01   2.51695920e+01
 1.50000000e+00  -8.33333333e-03   1.00000000e+00  -1.12621825e-02  -5.04994594e-05  -1.32321819e+01   2.51109615e+01
 1.51000000e+00  -8.33333333e-03   1.00000000e+00  -1.22104411e-02  -6.12087258e-05  -1.32428835e+01   2.50555525e+01
 1.52000000e+00  -8.33333333e-03   1.00000000e+00  -1.30287427e-02  -7.04706006e-05  -1.32498899e+01   2.50034354e+01
 1.53000000e+00  -8.33333333e-03   1.00000000e+00  -1.37162370e-02  -7.82771614e-05  -1.32533012e+01   2.49546858e+01
 1.54000000e+00  -8.33333333e-03   1.00000000e+00  -1.42722711e-02  -8.46226820e-05  -1.32530901e+01   2.49093467e+01
 1.55000000e+00  -8.33333333e-03   1.00000000e+00  -1.46963941e-02  -8.95009624e-05  -1.32493408e+01   2.48674919e+01
 1.56000000e+00  -8.33333333e-03   1.00000000e+00  -1.49883439e-02  -9.29110379e-05  -1.32421544e+01   2.48291823e+01
 1.57000000e+00  -8.33333333e-03   1.00000000e+00  -1.51480585e-02  -9.48507132e-05  -1.32315138e+01   2.47944587e+01
 1.58000000e+00  -8.33333333e-03   1.00000000e+00  -1.51755913e-02  -9.52567214e-05  -1.32121937e+01   2.47591402e+01
 1.59000000e+00  -8.33333333e-03   1.00000000e+00  -1.50712195e-02  -9.42628620e-05  -1.32040035e+01   2.47373793e+01
 1.60000000e+00  -8.33333333e-03   1.00000000e+00  -1.48356399e-02  -9.18116575e-05  -1.31811984e+01   2.47152875e+01
 1.61000000e+00  -8.33333333e-03   1.00000000e+00  -1.44695892e-02  -8.78880199e-05  -1.31561542e+01   2.46929740e+01
 1.62000000e+00  -8.33333333e-03   1.00000000e+00  -1.39740089e-02  -8.25153927e-05  -1.31294359e+01   2.46767028e+01
 1.63000000e+00  -8.33333333e-03   1.00000000e+00  -1.33500700e-02  -7.56949814e-05  -1.30998404e+01   2.46646239e+01
 1.64000000e+00  -8.33333333e-03   1.00000000e+00  -1.25991562e-02  -6.74396941e-05  -1.30673071e+01   2.46565155e+01
 1.65000000e+00  -8.33333333e-03   1.00000000e+00  -1.17228865e-02  -5.77825402e-05  -1.30319254e+01   2.46523769e+01
 1.66000000e+00  -8.33333333e-03   1.00000000e+00  -1.07230865e-02  -4.67722329e-05  -1.29938529e+01   2.46522743e+01
 1.67000000e+00  -8.33333333e-03   1.00000000e+00  -9.60180778e-03  -3.44358233e-05  -1.29531154e+01   2.46561844e+01
 1.68000000e+00  -8.33333333e-03   1.00000000e+00  -8.36132271e-03  -2.07764838e-05  -1.29098876e+01   2.46641673e+01
 1.69000000e+00  -8.33333333e-03   1.00000000e+00  -7.00410761e-03  -5.79247897e-06  -1.28642606e+01   2.46762311e+01
 1.70000000e+00  -8.33333333e-03   1.00000000e+00  -5.53284396e-03   1.05174803e-05  -1.28162938e+01   2.46923307e+01
 1.71000000e+00  -8.33333333e-03   1.00000000e+00  -3.95040959e-03   2.81506566e-05  -1.27661661e+01   2.47125269e+01
 1.72000000e+00  -8.33333333e-03   1.00000000e+00  -2.25984130e-03   4.70608087e-05  -1.27139841e+01   2.47368257e+01
 1.73000000e+00  -8.33333333e-03   1.00000000e+00  -4.64389226e-04   6.72260898e-05  -1.26598497e+01   2.47651915e+01
 1.74000000e+00  -8.33333333e-03   1.00000000e+00   1.43262782e-03   8.85126681e-05  -1.26038779e+01   2.47976491e+01
 1.75000000e+00  -8.33333333e-03   1.00000000e+00   3.42743418e-03   1.11115432e-04  -1.25462099e+01   2.48340655e+01
 1.76000000e+00  -8.33333333e-03   1.00000000e+00   5.51641548e-03   1.34944939e-04  -1.24869857e+01   2.48745612e+01
 1.77000000e+00  -8.33333333e-03   1.00000000e+00   7.69578860e-03   1.59865869e-04  -1.24262787e+01   2.49190797e+01
 1.78000000e+00  -8.33333333e-03   1.00000000e+00   9.96165698e-03   1.85688131e-04  -1.23641583e+01   2.49675371e+01
 1.79000000e+00  -8.33333333e-03   1.00000000e+00   1.23099538e-02   2.12282547e-04  -1.23007785e+01   2.50199338e+01
 1.80000000e+00  -8.33333333e-03   1.00000000e+00   1.47364925e-02   2.39576131e-04  -1.22362540e+01   2.50762110e+01
 1.81000000e+00  -8.33333333e-03   1.00000000e+00   1.72369833e-02   2.67543258e-04  -1.21707036e+01   2.51363271e+01
 1.82000000e+00  -8.33333333e-03   1.00000000e+00   1.98070441e-02   2.96186799e-04  -1.21042159e+01   2.52001901e+01
 1.83000000e+00  -8.33333333e-03   1.00000000e+00   2.24422016e-02   3.25527156e-04  -1.20369634e+01   2.52678129e+01
 1.84000000e+00  -8.33333333e-03   1.00000000e+00   2.51379006e-02   3.55587124e-04  -1.19690458e+01   2.53391384e+01
 1.85000000e+00  -8.33333333e-03   1.00000000e+00   2.78895206e-02   3.86366933e-04  -1.19005575e+01   2.54140842e+01
 1.86000000e+00  -8.33333333e-03   1.00000000e+00   3.06923814e-02   4.17832191e-04  -1.18316555e+01   2.54926133e+01
 1.87000000e+00  -8.33333333e-03   1.00000000e+00   3.35417447e-02   4.49916800e-04  -1.17624351e+01   2.55747024e+01
 1.88000000e+00  -8.33333333e-03   1.00000000e+00   3.64328155e-02   4.82533866e-04  -1.16929691e+01   2.56602213e+01
 1.89000000e+00  -8.33333333e-03   1.00000000e+00   3.93607441e-02   5.15590061e-04  -1.16233975e+01   2.57491395e+01
 1.90000000e+00  -8.33333333e-03   1.00000000e+00   4.23206303e-02   5.48998292e-04  -1.15537993e+01   2.58413324e+01
 1.91000000e+00  -8.33333333e-03   1.00000000e+00   4.53075314e-02   5.82683954e-04  -1.14843021e+01   2.59367104e+01
 1.92000000e+00  -8.33333333e-03   1.00000000e+00   4.83164694e-02   6.16586902e-04  -1.14150303e+01   2.60352426e+01
 1.93000000e+00  -8.33333333e-03   1.00000000e+00   5.13424405e-02   6.50659493e-04  -1.13460759e+01   2.61367818e+01
 1.94000000e+00  -8.33333333e-03   1.00000000e+00   5.43804259e-02   6.84859923e-04  -1.12775667e+01   2.62412142e+01
 1.95000000e+00  -8.33333333e-03   1.00000000e+00   5.74254012e-02   7.19147187e-04  -1.12096291e+01   2.63484963e+01
 1.96000000e+00  -8.33333333e-03   1.00000000e+00   6.04723456e-02   7.53477147e-04  -1.11423588e+01   2.64584675e+01
 1.97000000e+00  -8.33333333e-03   1.00000000e+00   6.35162526e-02   7.87799084e-04  -1.10758738e+01   2.65710078e+01
 1.98000000e+00  -8.33333333e-03   1.00000000e+00   6.65521381e-02   8.22056344e-04  -1.10102907e+01   2.66859914e+01
 1.99000000e+00  -8.33333333e-03   1.00000000e+00   6.95750501e-02   8.56188207e-04  -1.09457152e+01   2.68032910e+01
 2.00000000e+00  -8.33333333e-03   1.00000000e+00   7.25800781e-02   8.90131656e-04  -1.08822663e+01   2.69227750e+01
 2.01000000e+00  -8.33333333e-03   1.00000000e+00   7.55623626e-02   9.23824244e-04  -1.08200620e+01   2.70443357e+01
 2.02000000e+00  -8.33333333e-03   1.00000000e+00   7.85171037e-02   9.57206835e-04  -1.07592037e+01   2.71677786e+01
 2.03000000e+00  -8.33333333e-03   1.00000000e+00   8.14395710e-02   9.90223178e-04  -1.06997964e+01   2.72929473e+01
 2.04000000e+00  -8.33333333e-03   1.00000000e+00   8.43251125e-02   1.02282046e-03  -1.06419414e+01   2.74196843e+01
 2.05000000e+00  -8.33333333e-03   1.00000000e+00   8.71691623e-02   1.05494862e-03  -1.05857450e+01   2.75477792e+01
 2.06000000e+00  -8.33333333e-03   1.00000000e+00   8.99672482e-02   1.08655969e-03  -1.05313092e+01   2.76771048e+01
 2.07000000e+00  -8.33333333e-03   1.00000000e+00   9.27149992e-02   1.11760668e-03  -1.04787294e+01   2.78074992e+01
 2.08000000e+00  -8.33333333e-03   1.00000000e+00   9.54081516e-02   1.14804326e-03  -1.04281110e+01   2.79387838e+01
 2.09000000e+00  -8.33333333e-03   1.00000000e+00   9.80425552e-02   1.17782310e-03  -1.03795433e+01   2.80707736e+01
 2.10000000e+00  -8.33333333e-03   1.00000000e+00   1.00614178e-01   1.20690054e-03  -1.03331167e+01   2.82032692e+01
 2.11000000e+00  -8.33333333e-03   1.00000000e+00   1.03119112e-01   1.23523061e-03  -1.02889139e+01   2.83360423e+01
 2.12000000e+00  -8.33333333e-03   1.00000000e+00   1.05553577e-01   1.26276974e-03  -1.02470302e+01   2.84689310e+01
 2.13000000e+00  -8.33333333e-03   1.00000000e+00   1.07913925e-01   1.28947606e-03  -1.02075355e+01   2.86017580e+01
 2.14000000e+00  -8.33333333e-03   1.00000000e+00   1.10196647e-01   1.31530958e-03  -1.01705307e+01   2.87343086e+01
 2.15000000e+00  -8.33333333e-03   1.00000000e+00   1.12398372e-01   1.34023222e-03  -1.01360730e+01   2.88663328e+01
 2.16000000e+00  -8.33333333e-03   1.00000000e+00   1.14515878e-01   1.36420738e-03  -1.01042404e+01   2.89976719e+01
 2.17000000e+00  -8.33333333e-03   1.00000000e+00   1.16546087e-01   1.38720128e-03  -1.00751094e+01   2.91280812e+01
 2.18000000e+00  -8.33333333e-03   1.00000000e+00   1.18486081e-01   1.40918068e-03  -1.00487470e+01   2.92573914e+01
 2.19000000e+00  -8.33333333e-03   1.00000000e+00   1.20333091e-01   1.43011499e-03  -1.00252156e+01   2.93853506e+01
 2.20000000e+00  -8.33333333e-03   1.00000000e+00   1.22084516e-01   1.44997423e-03  -1.00045811e+01   2.95117904e+01
 2.21000000e+00  -8.33333333e-03   1.00000000e+00   1.23737916e-01   1.46873056e-03  -9.98689658e+00   2.96364680e+01
 2.22000000e+00  -8.33333333e-03   1.00000000e+00   1.25291018e-01   1.48635777e-03  -9.97222553e+00   2.97592011e+01
 2.23000000e+00  -8.33333333e-03   1.00000000e+00   1.26741724e-01   1.50283138e-03  -9.96060709e+00   2.98797434e+01
 2.24000000e+00  -8.33333333e-03   1.00000000e+00   1.28088108e-01   1.51812913e-03  -9.95208344e+00   2.99978893e+01
 2.25000000e+00  -8.33333333e-03   1.00000000e+00   1.29328424e-01   1.53223035e-03  -9.94670945e+00   3.01134823e+01
 2.26000000e+00  -8.33333333e-03   1.00000000e+00   1.30461107e-01   1.54511733e-03  -9.94450135e+00   3.02262735e+01
 2.27000000e+00  -8.33333333e-03   1.00000000e+00   1.31484776e-01   1.55677395e-03  -9.94550324e+00   3.03360665e+01
 2.28000000e+00  -8.33333333e-03   1.00000000e+00   1.32398233e-01   1.56718634e-03  -9.94973205e+00   3.04426673e+01
 2.29000000e+00  -8.33333333e-03   1.00000000e+00   1.33200470e-01   1.57634343e-03  -9.95719685e+00   3.05458932e+01
 2.30000000e+00  -8.33333333e-03   1.00000000e+00   1.33890634e-01   1.58429277e-03  -9.96792107e+00   3.06455840e+01
 2.31000000e+00  -8.33333333e-03   1.00000000e+00   1.34468129e-01   1.59099327e-03  -9.98189184e+00   3.07415696e+01
 2.32000000e+00  -8.33333333e-03   1.00000000e+00   1.34932519e-01   1.59639487e-03  -9.99911705e+00   3.08336503e+01
 2.33000000e+00  -8.33333333e-03   1.00000000e+00   1.35283524e-01   1.60050846e-03  -1.00195696e+01   3.09216343e+01
 2.34000000e+00  -8.33333333e-03   1.00000000e+00   1.35521030e-01   1.60339034e-03  -1.00432498e+01   3.10053681e+01
 2.35000000e+00  -8.33333333e-03   1.00000000e+00   1.35645151e-01   1.60505064e-03  -1.00701280e+01   3.10847272e+01
 2.36000000e+00  -8.33333333e-03   1.00000000e+00   1.35655978e-01   1.60535923e-03  -1.01024885e+01   3.11627650e+01
 2.37000000e+00  -8.33333333e-03   1.00000000e+00   1.35554127e-01   1.60438652e-03  -1.01114422e+01   3.12077272e+01
 2.38000000e+00  -8.33333333e-03   1.00000000e+00   1.35339944e-01   1.60209560e-03  -1.01442695e+01   3.12631092e+01
 2.39000000e+00  -8.33333333e-03   1.00000000e+00   1.35014482e-01   1.59848102e-03  -1.01821219e+01   3.13260498e+01
 2.40000000e+00  -8.33333333e-03   1.00000000e+00   1.34578814e-01   1.59356754e-03  -1.02215951e+01   3.13851297e+01
 2.41000000e+00  -8.33333333e-03   1.00000000e+00   1.34034119e-01   1.58740337e-03  -1.02633022e+01   3.14392286e+01
 2.42000000e+00  -8.33333333e-03   1.00000000e+00   1.33381721e-01   1.58003868e-03  -1.03076345e+01   3.14883079e+01
 2.43000000e+00  -8.33333333e-03   1.00000000e+00   1.32624860e-01   1.57186986e-03  -1.05061963e+01   3.16970359e+01
 2.44000000e+00  -8.33333333e-03   1.00000000e+00   1.31762595e-01   1.56264313e-03  -1.04450787e+01   3.16476921e+01
 2.45000000e+00  -8.33333333e-03   1.00000000e+00   1.30797257e-01   1.55240458e-03  -1.04915657e+01   3.16170108e+01
 2.46000000e+00  -8.33333333e-03   1.00000000e+00   1.29731272e-01   1.54097325e-03  -1.05559017e+01   3.16353803e+01
 2.47000000e+00  -8.33333333e-03   1.00000000e+00   1.28567069e-01   1.52815303e-03  -1.06196574e+01   3.16532027e+01
 2.48000000e+00  -8.33333333e-03   1.00000000e+00   1.27307095e-01   1.51392439e-03  -1.06835821e+01   3.16654271e+01
 2.49000000e+00  -8.33333333e-03   1.00000000e+00   1.25953963e-01   1.49833728e-03  -1.07488785e+01   3.16722306e+01
 2.50000000e+00  -8.33333333e-03   1.00000000e+00   1.24510307e-01   1.48158113e-03  -1.08158721e+01   3.16737322e+01
 2.51000000e+00  -8.33333333e-03   1.00000000e+00   1.22978925e-01   1.46383417e-03  -1.08845727e+01   3.16699361e+01
 2.52000000e+00  -8.33333333e-03   1.00000000e+00   1.21362705e-01   1.44527583e-03  -1.09548394e+01   3.16607230e+01
 2.53000000e+00  -8.33333333e-03   1.00000000e+00   1.19664694e-01   1.42600610e-03  -1.10265283e+01   3.16460815e+01
 2.54000000e+00  -8.33333333e-03   1.00000000e+00   1.17888067e-01   1.40605824e-03  -1.10995373e+01   3.16260580e+01
 2.55000000e+00  -8.33333333e-03   1.00000000e+00   1.16036117e-01   1.38541054e-03  -1.11736511e+01   3.16006683e+01
 2.56000000e+00  -8.33333333e-03   1.00000000e+00   1.14112243e-01   1.36402076e-03  -1.12487220e+01   3.15699539e+01
 2.57000000e+00  -8.33333333e-03   1.00000000e+00   1.12119930e-01   1.34185109e-03  -1.13245943e+01   3.15339869e+01
 2.58000000e+00  -8.33333333e-03   1.00000000e+00   1.10062744e-01   1.31888677e-03  -1.14010985e+01   3.14928458e+01
 2.59000000e+00  -8.33333333e-03   1.00000000e+00   1.07944321e-01   1.29514588e-03  -1.14780506e+01   3.14465967e+01
 2.60000000e+00  -8.33333333e-03   1.00000000e+00   1.05768362e-01   1.27067545e-03  -1.15553207e+01   3.13953782e+01
 2.61000000e+00  -8.33333333e-03   1.00000000e+00   1.03538635e-01   1.24554319e-03  -1.16327499e+01   3.13393220e+01
 2.62000000e+00  -8.33333333e-03   1.00000000e+00   1.01258975e-01   1.21982573e-03  -1.17101775e+01   3.12785607e+01
 2.63000000e+00  -8.33333333e-03   1.00000000e+00   9.89332782e-02   1.19359694e-03  -1.17874450e+01   3.12132245e+01
 2.64000000e+00  -8.33333333e-03   1.00000000e+00   9.65655056e-02   1.16692110e-03  -1.18643913e+01   3.11434629e+01
 2.65000000e+00  -8.33333333e-03   1.00000000e+00   9.41596759e-02   1.13985013e-03  -1.19408667e+01   3.10694314e+01
 2.66000000e+00  -8.33333333e-03   1.00000000e+00   9.17198605e-02   1.11242493e-03  -1.20167200e+01   3.09913208e+01
 2.67000000e+00  -8.33333333e-03   1.00000000e+00   8.92501770e-02   1.08467921e-03  -1.20917732e+01   3.09092598e+01
 2.68000000e+00  -8.33333333e-03   1.00000000e+00   8.67547813e-02   1.05664566e-03  -1.21658649e+01   3.08234034e+01
 2.69000000e+00  -8.33333333e-03   1.00000000e+00   8.42378604e-02   1.02835903e-03  -1.22388469e+01   3.07339356e+01
 2.70000000e+00  -8.33333333e-03   1.00000000e+00   8.17036249e-02   9.99859029e-04  -1.23105736e+01   3.06410757e+01
 2.71000000e+00  -8.33333333e-03   1.00000000e+00   7.91563012e-02   9.71192107e-04  -1.23808886e+01   3.05449662e+01
 2.72000000e+00  -8.33333333e-03   1.00000000e+00   7.66001245e-02   9.42408478e-04  -1.24496315e+01   3.04457965e+01
 2.73000000e+00  -8.33333333e-03   1.00000000e+00   7.40393300e-02   9.13561699e-04  -1.25166993e+01   3.03438024e+01
 2.74000000e+00  -8.33333333e-03   1.00000000e+00   7.14781458e-02   8.84705824e-04  -1.25819304e+01   3.02392011e+01
 2.75000000e+00  -8.33333333e-03   1.00000000e+00   6.89207837e-02   8.55893579e-04  -1.26451964e+01   3.01321189e+01
 2.76000000e+00  -8.33333333e-03   1.00000000e+00   6.63714309e-02   8.27174638e-04  -1.27063730e+01   3.00228161e+01
 2.77000000e+00  -8.33333333e-03   1.00000000e+00   6.38342412e-02   7.98596093e-04  -1.27653324e+01   2.99114614e+01
 2.78000000e+00  -8.33333333e-03   1.00000000e+00   6.13133262e-02   7.70202666e-04  -1.28219694e+01   2.97982972e+01
 2.79000000e+00  -8.33333333e-03   1.00000000e+00   5.88127477e-02   7.42037828e-04  -1.28761838e+01   2.96835361e+01
 2.80000000e+00  -8.33333333e-03   1.00000000e+00   5.63365096e-02   7.14144659e-04  -1.29278846e+01   2.95673824e+01
 2.81000000e+00  -8.33333333e-03   1.00000000e+00   5.38885515e-02   6.86565135e-04  -1.29769726e+01   2.94500386e+01
 2.82000000e+00  -8.33333333e-03   1.00000000e+00   5.14727412e-02   6.59342705e-04  -1.30233622e+01   2.93316511e+01
 2.83000000e+00  -8.33333333e-03   1.00000000e+00   4.90928702e-02   6.32519473e-04  -1.30669958e+01   2.92124907e+01
 2.84000000e+00  -8.33333333e-03   1.00000000e+00   4.67526471e-02   6.06138158e-04  -1.31078014e+01   2.90927543e+01
 2.85000000e+00  -8.33333333e-03   1.00000000e+00   4.44556936e-02   5.80239889e-04  -1.31457582e+01   2.89727000e+01
 2.86000000e+00  -8.33333333e-03   1.00000000e+00   4.22055394e-02   5.54865868e-04  -1.31807929e+01   2.88524458e+01
 2.87000000e+00  -8.33333333e-03   1.00000000e+00   4.00056186e-02   5.30054368e-04  -1.32128668e+01   2.87321993e+01
 2.88000000e+00  -8.33333333e-03   1.00000000e+00   3.78592648e-02   5.05842581e-04  -1.32419490e+01   2.86121506e+01
 2.89000000e+00  -8.33333333e-03   1.00000000e+00   3.57697080e-02   4.82266125e-04  -1.32680216e+01   2.84924923e+01
 2.90000000e+00  -8.33333333e-03   1.00000000e+00   3.37400710e-02   4.59359265e-04  -1.32910727e+01   2.83734025e+01
 2.91000000e+00  -8.33333333e-03   1.00000000e+00   3.17733657e-02   4.37154827e-04  -1.33111025e+01   2.82551228e+01
 2.92000000e+00  -8.33333333e-03   1.00000000e+00   2.98724897e-02   4.15684662e-04  -1.33280993e+01   2.81377712e+01
 2.93000000e+00  -8.33333333e-03   1.00000000e+00   2.80402225e-02   3.94979676e-04  -1.33420660e+01   2.80215225e+01
 2.94000000e+00  -8.33333333e-03   1.00000000e+00   2.62792225e-02   3.75069433e-04  -1.33530270e+01   2.79065859e+01
 2.95000000e+00  -8.33333333e-03   1.00000000e+00   2.45920230e-02   3.55982106e-04  -1.33609935e+01   2.77930861e+01
 2.96000000e+00  -8.33333333e-03   1.00000000e+00   2.29810283e-02   3.37745603e-04  -1.33659920e+01   2.76812217e+01
 2.97000000e+00  -8.33333333e-03   1.00000000e+00   2.14485111e-02   3.20385563e-04  -1.33680423e+01   2.75711038e+01
 2.98000000e+00  -8.33333333e-03   1.00000000e+00   1.99966077e-02   3.03926474e-04  -1.33671935e+01   2.74629171e+01
 2.99000000e+00  -8.33333333e-03   1.00000000e+00   1.86273153e-02   2.88391602e-04  -1.33634758e+01   2.73567772e+01
 3.00000000e+00  -8.33333333e-03   1.00000000e+00   1.73424881e-02   2.73802048e-04  -1.33569320e+01   2.72528584e+01
 3.01000000e+00  -8.33333333e-03   1.00000000e+00   1.61438342e-02   2.60177655e-04  -1.33476261e+01   2.71512999e+01
 3.02000000e+00  -8.33333333e-03   1.00000000e+00   1.50329130e-02   2.47536244e-04  -1.33356040e+01   2.70521713e+01
 3.03000000e+00  -8.33333333e-03   1.00000000e+00   1.40111315e-02   2.35894643e-04  -1.33209333e+01   2.69556464e+01
 3.04000000e+00  -8.33333333e-03   1.00000000e+00   1.30797436e-02   2.25267126e-04  -1.33036649e+01   2.68618504e+01
 3.05000000e+00  -8.33333333e-03   1.00000000e+00   1.22398466e-02   2.15666628e-04  -1.32838730e+01   2.67708845e+01
 3.06000000e+00  -8.33333333e-03   1.00000000e+00   1.14923805e-02   2.07104427e-04  -1.32616273e+01   2.66828581e+01
 3.07000000e+00  -8.33333333e-03   1.00000000e+00   1.08381268e-02   1.99589810e-04  -1.32370010e+01   2.65978705e+01
 3.08000000e+00  -8.33333333e-03   1.00000000e+00   1.02777077e-02   1.93130022e-04  -1.32100685e+01   2.65159827e+01
 3.09000000e+00  -8.33333333e-03   1.00000000e+00   9.81158876e-03   1.87727623e-04  -1.31809049e+01   2.64373220e+01
 3.10000000e+00  -8.33333333e-03   1.00000000e+00   9.44007633e-03   1.83381663e-04  -1.31496041e+01   2.63619805e+01
 3.11000000e+00  -8.33333333e-03   1.00000000e+00   9.16331657e-03   1.80092436e-04  -1.31162414e+01   2.62900342e+01
 3.12000000e+00  -8.33333333e-03   1.00000000e+00   8.98129725e-03   1.77862658e-04  -1.30809161e+01   2.62215605e+01
 3.13000000e+00  -8.33333333e-03   1.00000000e+00   8.89384843e-03   1.76696022e-04  -1.30437047e+01   2.61566068e+01
 3.14000000e+00  -8.33333333e-03   1.00000000e+00   8.90077326e-03   1.76695766e-04  -1.30056698e+01   2.60953603e+01
 3.15000000e+00  -8.33333333e-03   1.00000000e+00   9.00149236e-03   1.77616514e-04  -1.29635744e+01   2.60375601e+01
 3.16000000e+00  -8.33333333e-03   1.00000000e+00   9.19533809e-03   1.79616385e-04  -1.29215613e+01   2.59830956e+01
 3.17000000e+00  -8.33333333e-03   1.00000000e+00   9.48157094e-03   1.82680145e-04  -1.28778706e+01   2.59331652e+01
 3.18000000e+00  -8.33333333e-03   1.00000000e+00   9.85927438e-03   1.86786438e-04  -1.28326381e+01   2.58867556e+01
 3.19000000e+00  -8.33333333e-03   1.00000000e+00   1.03273986e-02   1.91917533e-04  -1.27860812e+01   2.58441654e+01
 3.20000000e+00  -8.33333333e-03   1.00000000e+00   1.08847478e-02   1.98051457e-04  -1.27382636e+01   2.58054434e+01
 3.21000000e+00  -8.33333333e-03   1.00000000e+00   1.15299766e-02   2.05169086e-04  -1.26892863e+01   2.57706377e+01
 3.22000000e+00  -8.33333333e-03   1.00000000e+00   1.22615961e-02   2.13253035e-04  -1.26392636e+01   2.57397660e+01
 3.23000000e+00  -8.33333333e-03   1.00000000e+00   1.30779808e-02   2.22286624e-04  -1.25882750e+01   2.57128506e+01
 3.24000000e+00  -8.33333333e-03   1.00000000e+00   1.39773746e-02   2.32254300e-04  -1.25363935e+01   2.56899165e+01
 3.25000000e+00  -8.33333333e-03   1.00000000e+00   1.49578982e-02   2.43138641e-04  -1.24837457e+01   2.56709801e+01
 3.26000000e+00  -8.33333333e-03   1.00000000e+00   1.60175519e-02   2.54920665e-04  -1.24304016e+01   2.56560529e+01
 3.27000000e+00  -8.33333333e-03   1.00000000e+00   1.71542198e-02   2.67578113e-04  -1.23764606e+01   2.56451478e+01
 3.28000000e+00  -8.33333333e-03   1.00000000e+00   1.83656719e-02   2.81086617e-04  -1.23219986e+01   2.56382673e+01
 3.29000000e+00  -8.33333333e-03   1.00000000e+00   1.96495685e-02   2.95418813e-04  -1.22671281e+01   2.56354312e+01
 3.30000000e+00  -8.33333333e-03   1.00000000e+00   2.10034623e-02   3.10546263e-04  -1.22118966e+01   2.56366051e+01
 3.31000000e+00  -8.33333333e-03   1.00000000e+00   2.24248038e-02   3.26438849e-04  -1.21563926e+01   2.56417820e+01
 3.32000000e+00  -8.33333333e-03   1.00000000e+00   2.39109451e-02   3.43065735e-04  -1.21007255e+01   2.56509722e+01
 3.33000000e+00  -8.33333333e-03   1.00000000e+00   2.54591450e-02   3.60395884e-04  -1.20449669e+01   2.56641617e+01
 3.34000000e+00  -8.33333333e-03   1.00000000e+00   2.70665739e-02   3.78397950e-04  -1.19891577e+01   2.56812709e+01
 3.35000000e+00  -8.33333333e-03   1.00000000e+00   2.87303199e-02   3.97039720e-04  -1.19334162e+01   2.57023187e+01
 3.36000000e+00  -8.33333333e-03   1.00000000e+00   3.04473931e-02   4.16288312e-04  -1.18778008e+01   2.57272595e+01
 3.37000000e+00  -8.33333333e-03   1.00000000e+00   3.22147316e-02   4.36109598e-04  -1.18223824e+01   2.57560487e+01
 3.38000000e+00  -8.33333333e-03   1.00000000e+00   3.40292051e-02   4.56469703e-04  -1.17672331e+01   2.57886340e+01
 3.39000000e+00  -8.33333333e-03   1.00000000e+00   3.58876221e-02   4.77333444e-04  -1.17124319e+01   2.58249668e+01
 3.40000000e+00  -8.33333333e-03   1.00000000e+00   3.77867344e-02   4.98664415e-04  -1.16580054e+01   2.58649331e+01
 3.41000000e+00  -8.33333333e-03   1.00000000e+00   3.97232423e-02   5.20425039e-04  -1.16040591e+01   2.59085234e+01
 3.42000000e+00  -8.33333333e-03   1.00000000e+00   4.16938007e-02   5.42577168e-04  -1.15506565e+01   2.59556713e+01
 3.43000000e+00  -8.33333333e-03   1.00000000e+00   4.36950246e-02   5.65082203e-04  -1.14978511e+01   2.60063024e+01
 3.44000000e+00  -8.33333333e-03   1.00000000e+00   4.57234951e-02   5.87901336e-04  -1.14457081e+01   2.60603444e+01
 3.45000000e+00  -8.33333333e-03   1.00000000e+00   4.77757653e-02   6.10995407e-04  -1.13942936e+01   2.61177040e+01
 3.46000000e+00  -8.33333333e-03   1.00000000e+00   4.98483664e-02   6.34325391e-04  -1.13436376e+01   2.61782641e+01
 3.47000000e+00  -8.33333333e-03   1.00000000e+00   5.19378134e-02   6.57851800e-04  -1.12938278e+01   2.62419708e+01
 3.48000000e+00  -8.33333333e-03   1.00000000e+00   5.40406110e-02   6.81535429e-04  -1.12449224e+01   2.63087330e+01
 3.49000000e+00  -8.33333333e-03   1.00000000e+00   5.61532599e-02   7.05337026e-04  -1.11969536e+01   2.63784023e+01
 3.50000000e+00  -8.33333333e-03   1.00000000e+00   5.82722622e-02   7.29217040e-04  -1.11499990e+01   2.64509266e+01
 3.51000000e+00  -8.33333333e-03   1.00000000e+00   6.03941274e-02   7.53136149e-04  -1.11040998e+01   2.65261549e+01
 3.52000000e+00  -8.33333333e-03   1.00000000e+00   6.25153781e-02   7.77054888e-04  -1.10593302e+01   2.66040139e+01
 3.53000000e+00  -8.33333333e-03   1.00000000e+00   6.46325568e-02   8.00932883e-04  -1.10157147e+01   2.66843477e+01
 3.54000000e+00  -8.33333333e-03   1.00000000e+00   6.67422288e-02   8.24730926e-04  -1.09733137e+01   2.67670322e+01
 3.55000000e+00  -8.33333333e-03   1.00000000e+00   6.88409893e-02   8.48411209e-04  -1.09322001e+01   2.68519921e+01
 3.56000000e+00  -8.33333333e-03   1.00000000e+00   7.09254690e-02   8.71936647e-04  -1.08924001e+01   2.69390525e+01
 3.57000000e+00  -8.33333333e-03   1.00000000e+00   7.29923388e-02   8.95270399e-04  -1.08539624e+01   2.70280787e+01
 3.58000000e+00  -8.33333333e-03   1.00000000e+00   7.50383154e-02   9.18375426e-04  -1.08169385e+01   2.71189369e+01
 3.59000000e+00  -8.33333333e-03   1.00000000e+00   7.70601661e-02   9.41215163e-04  -1.07813890e+01   2.72115276e+01
 3.60000000e+00  -8.33333333e-03   1.00000000e+00   7.90547143e-02   9.63753224e-04  -1.07473493e+01   2.73056624e+01
 3.61000000e+00  -8.33333333e-03   1.00000000e+00   8.10188431e-02   9.85953698e-04  -1.07148589e+01   2.74011897e+01
 3.62000000e+00  -8.33333333e-03   1.00000000e+00   8.29495011e-02   1.00778170e-03  -1.06839586e+01   2.74979608e+01
 3.63000000e+00  -8.33333333e-03   1.00000000e+00   8.48437064e-02   1.02920300e-03  -1.06546969e+01   2.75958249e+01
 3.64000000e+00  -8.33333333e-03   1.00000000e+00   8.66985512e-02   1.05018442e-03  -1.06271132e+01   2.76946237e+01
 3.65000000e+00  -8.33333333e-03   1.00000000e+00   8.85112062e-02   1.07069412e-03  -1.06012465e+01   2.77941952e+01
 3.66000000e+00  -8.33333333e-03   1.00000000e+00   9.02789244e-02   1.09070095e-03  -1.05771349e+01   2.78943903e+01
 3.67000000e+00  -8.33333333e-03   1.00000000e+00   9.19990457e-02   1.11017496e-03  -1.05548086e+01   2.79949881e+01
 3.68000000e+00  -8.33333333e-03   1.00000000e+00   9.36690005e-02   1.12908703e-03  -1.05343114e+01   2.80958814e+01
 3.69000000e+00  -8.33333333e-03   1.00000000e+00   9.52863133e-02   1.14740926e-03  -1.05156771e+01   2.81969015e+01
 3.70000000e+00  -8.33333333e-03   1.00000000e+00   9.68486068e-02   1.16511466e-03  -1.04989426e+01   2.82978760e+01
 3.71000000e+00  -8.33333333e-03   1.00000000e+00   9.83536049e-02   1.18217730e-03  -1.04841349e+01   2.83986405e+01
 3.72000000e+00  -8.33333333e-03   1.00000000e+00   9.97991365e-02   1.19857237e-03  -1.04712640e+01   2.84989733e+01
 3.73000000e+00  -8.33333333e-03   1.00000000e+00   1.01183137e-01   1.21427624e-03  -1.04603791e+01   2.85987506e+01
 3.74000000e+00  -8.33333333e-03   1.00000000e+00   1.02503653e-01   1.22926646e-03  -1.04514971e+01   2.86978168e+01
 3.75000000e+00  -8.33333333e-03   1.00000000e+00   1.03758845e-01   1.24352193e-03  -1.04446313e+01   2.87959500e+01
 3.76000000e+00  -8.33333333e-03   1.00000000e+00   1.04946988e-01   1.25702296e-03  -1.04398157e+01   2.88930274e+01
 3.77000000e+00  -8.33333333e-03   1.00000000e+00   1.06066475e-01   1.26975133e-03  -1.04370506e+01   2.89888512e+01
 3.78000000e+00  -8.33333333e-03   1.00000000e+00   1.07115818e-01   1.28168988e-03  -1.04363601e+01   2.90832892e+01
 3.79000000e+00  -8.33333333e-03   1.00000000e+00   1.08093654e-01   1.29282293e-03  -1.04377478e+01   2.91761474e+01
 3.80000000e+00  -8.33333333e-03   1.00000000e+00   1.08998740e-01   1.30313647e-03  -1.04412204e+01   2.92672605e+01
 3.81000000e+00  -8.33333333e-03   1.00000000e+00   1.09829960e-01   1.31261766e-03  -1.04467906e+01   2.93565233e+01
 3.82000000e+00  -8.33333333e-03   1.00000000e+00   1.10586322e-01   1.32125532e-03  -1.04544523e+01   2.94437438e+01
 3.83000000e+00  -8.33333333e-03   1.00000000e+00   1.11266962e-01   1.32903949e-03  -1.04642053e+01   2.95287680e+01
 3.84000000e+00  -8.33333333e-03   1.00000000e+00   1.11871144e-01   1.33596189e-03  -1.04760490e+01   2.96114937e+01
 3.85000000e+00  -8.33333333e-03   1.00000000e+00   1.12398259e-01   1.34201563e-03  -1.04899711e+01   2.96917385e+01
 3.86000000e+00  -8.33333333e-03   1.00000000e+00   1.12847828e-01   1.34719537e-03  -1.05059552e+01   2.97693614e+01
 3.87000000e+00  -8.33333333e-03   1.00000000e+00   1.13219499e-01   1.35149687e-03  -1.05239929e+01   2.98442391e+01
 3.88000000e+00  -8.33333333e-03   1.00000000e+00   1.13513050e-01   1.35491709e-03  -1.05440520e+01   2.99162530e+01
 3.89000000e+00  -8.33333333e-03   1.00000000e+00   1.13728386e-01   1.35745444e-03  -1.05661191e+01   2.99853081e+01
 3.90000000e+00  -8.33333333e-03   1.00000000e+00   1.13865539e-01   1.35910921e-03  -1.05901604e+01   3.00512619e+01
 3.91000000e+00  -8.33333333e-03   1.00000000e+00   1.13924477e-01   1.35980376e-03  -1.06279008e+01   3.01265019e+01
 3.92000000e+00  -8.33333333e-03   1.00000000e+00   1.13905708e-01   1.35964235e-03  -1.06308489e+01   3.01636934e+01
 3.93000000e+00  -8.33333333e-03   1.00000000e+00   1.13809210e-01   1.35860962e-03  -1.06567775e+01   3.02071725e+01
 3.94000000e+00  -8.33333333e-03   1.00000000e+00   1.13635715e-01   1.35670874e-03  -1.06879263e+01   3.02606507e+01
 3.95000000e+00  -8.33333333e-03   1.00000000e+00   1.13385924e-01   1.35394486e-03  -1.07197950e+01   3.03118843e+01
 3.96000000e+00  -8.33333333e-03   1.00000000e+00   1.13060604e-01   1.35033315e-03  -1.07527938e+01   3.03595774e+01
 3.97000000e+00  -8.33333333e-03   1.00000000e+00   1.12660610e-01   1.34589070e-03  -1.07872566e+01   3.04037081e+01
 3.98000000e+00  -8.33333333e-03   1.00000000e+00   1.12186903e-01   1.34063156e-03  -1.08232896e+01   3.04441870e+01
 3.99000000e+00  -8.33333333e-03   1.00000000e+00   1.11640560e-01   1.33456582e-03  -1.08608726e+01   3.04808995e+01
 4.00000000e+00  -8.33333333e-03   1.00000000e+00   1.11024313e-01   1.32790129e-03  -1.10233246e+01   3.06407743e+01
 4.01000000e+00  -8.33333333e-03   1.00000000e+00   1.10337255e-01   1.32047206e-03  -1.09737507e+01   3.06034065e+01
 4.02000000e+00  -8.33333333e-03   1.00000000e+00   1.09581404e-01   1.31227536e-03  -1.10077370e+01   3.05745292e+01
 4.03000000e+00  -8.33333333e-03   1.00000000e+00   1.08758606e-01   1.30317210e-03  -1.10577983e+01   3.05876128e+01
 4.04000000e+00  -8.33333333e-03   1.00000000e+00   1.07870590e-01   1.29324769e-03  -1.11071825e+01   3.06011657e+01
 4.05000000e+00  -8.33333333e-03   1.00000000e+00   1.06919293e-01   1.28254262e-03  -1.11560306e+01   3.06108658e+01
 4.06000000e+00  -8.33333333e-03   1.00000000e+00   1.05906671e-01   1.27109445e-03  -1.12052956e+01   3.06167133e+01
 4.07000000e+00  -8.33333333e-03   1.00000000e+00   1.04834716e-01   1.25895561e-03  -1.12552430e+01   3.06188224e+01
 4.08000000e+00  -8.33333333e-03   1.00000000e+00   1.03705480e-01   1.24618024e-03  -1.13059039e+01   3.06171543e+01
 4.09000000e+00  -8.33333333e-03   1.00000000e+00   1.02521093e-01   1.23281400e-03  -1.13572121e+01   3.06116436e+01
 4.10000000e+00  -8.33333333e-03   1.00000000e+00   1.01283771e-01   1.21889057e-03  -1.14090544e+01   3.06022404e+01
 4.11000000e+00  -8.33333333e-03   1.00000000e+00   9.99958117e-02   1.20443263e-03  -1.14613633e+01   3.05889820e+01
 4.12000000e+00  -8.33333333e-03   1.00000000e+00   9.86595815e-02   1.18945574e-03  -1.15140232e+01   3.05718690e+01
 4.13000000e+00  -8.33333333e-03   1.00000000e+00   9.72775086e-02   1.17397292e-03  -1.15669155e+01   3.05509369e+01
 4.14000000e+00  -8.33333333e-03   1.00000000e+00   9.58520733e-02   1.15799959e-03  -1.16199902e+01   3.05262892e+01
 4.15000000e+00  -8.33333333e-03   1.00000000e+00   9.43858004e-02   1.14155579e-03  -1.16730980e+01   3.04979570e+01
 4.16000000e+00  -8.33333333e-03   1.00000000e+00   9.28812544e-02   1.12466724e-03  -1.17261583e+01   3.04660103e+01
 4.17000000e+00  -8.33333333e-03   1.00000000e+00   9.13410378e-02   1.10736460e-03  -1.17790778e+01   3.04305311e+01
 4.18000000e+00  -8.33333333e-03   1.00000000e+00   8.97677899e-02   1.08968151e-03  -1.18317573e+01   3.03916100e+01
 4.19000000e+00  -8.33333333e-03   1.00000000e+00   8.81641872e-02   1.07165297e-03  -1.18841207e+01   3.03493879e+01
 4.20000000e+00  -8.33333333e-03   1.00000000e+00   8.65329442e-02   1.05331339e-03  -1.19360530e+01   3.03039225e+01
 4.21000000e+00  -8.33333333e-03   1.00000000e+00   8.48768125e-02   1.03469555e-03  -1.19874714e+01   3.02553154e+01
 4.22000000e+00  -8.33333333e-03   1.00000000e+00   8.31985783e-02   1.01583044e-03  -1.20382818e+01   3.02036763e+01
 4.23000000e+00  -8.33333333e-03   1.00000000e+00   8.15010595e-02   9.96747609e-04  -1.20883842e+01   3.01491232e+01
 4.24000000e+00  -8.33333333e-03   1.00000000e+00   7.97871014e-02   9.77476056e-04  -1.21377164e+01   3.00918272e+01
 4.25000000e+00  -8.33333333e-03   1.00000000e+00   7.80595715e-02   9.58045241e-04  -1.21861592e+01   3.00318530e+01
 4.26000000e+00  -8.33333333e-03   1.00000000e+00   7.63213542e-02   9.38485498e-04  -1.22336230e+01   2.99693320e+01
 4.27000000e+00  -8.33333333e-03   1.00000000e+00   7.45753449e-02   9.18828320e-04  -1.22800347e+01   2.99044331e+01
 4.28000000e+00  -8.33333333e-03   1.00000000e+00   7.28244449e-02   8.99106577e-04  -1.23252931e+01   2.98372585e+01
 4.29000000e+00  -8.33333333e-03   1.00000000e+00   7.10715552e-02   8.79354132e-04  -1.23693289e+01   2.97679672e+01
 4.30000000e+00  -8.33333333e-03   1.00000000e+00   6.93195703e-02   8.59605275e-04  -1.24120395e+01   2.96966734e+01
 4.31000000e+00  -8.33333333e-03   1.00000000e+00   6.75713723e-02   8.39894265e-04  -1.24533611e+01   2.96235481e+01
 4.32000000e+00  -8.33333333e-03   1.00000000e+00   6.58298246e-02   8.20255028e-04  -1.24932086e+01   2.95486951e+01
 4.33000000e+00  -8.33333333e-03   1.00000000e+00   6.40977651e-02   8.00720516e-04  -1.25315229e+01   2.94722976e+01
 4.34000000e+00  -8.33333333e-03   1.00000000e+00   6.23780006e-02   7.81323021e-04  -1.25682369e+01   2.93945085e+01
 4.35000000e+00  -8.33333333e-03   1.00000000e+00   6.06733003e-02   7.62094122e-04  -1.26032861e+01   2.93154654e+01
 4.36000000e+00  -8.33333333e-03   1.00000000e+00   5.89863907e-02   7.43064856e-04  -1.26365916e+01   2.92352642e+01
 4.37000000e+00  -8.33333333e-03   1.00000000e+00   5.73199500e-02   7.24265452e-04  -1.26681277e+01   2.91540942e+01
 4.38000000e+00  -8.33333333e-03   1.00000000e+00   5.56766038e-02   7.05725540e-04  -1.26978400e+01   2.90721081e+01
 4.39000000e+00  -8.33333333e-03   1.00000000e+00   5.40589210e-02   6.87474105e-04  -1.27256892e+01   2.89894528e+01
 4.40000000e+00  -8.33333333e-03   1.00000000e+00   5.24694103e-02   6.69539295e-04  -1.27516371e+01   2.89062635e+01
 4.41000000e+00  -8.33333333e-03   1.00000000e+00   5.09105170e-02   6.51948591e-04  -1.27756514e+01   2.88226743e+01
 4.42000000e+00  -8.33333333e-03   1.00000000e+00   4.93846200e-02   6.34728517e-04  -1.27977089e+01   2.87388352e+01
 4.43000000e+00  -8.33333333e-03   1.00000000e+00   4.78940300e-02   6.17904729e-04  -1.28177856e+01   2.86548812e+01
 4.44000000e+00  -8.33333333e-03   1.00000000e+00   4.64409866e-02   6.01502060e-04  -1.28358695e+01   2.85709423e+01
 4.45000000e+00  -8.33333333e-03   1.00000000e+00   4.50276566e-02   5.85544353e-04  -1.28519571e+01   2.84872074e+01
 4.46000000e+00  -8.33333333e-03   1.00000000e+00   4.36561318e-02   5.70054685e-04  -1.28660249e+01   2.84037579e+01
 4.47000000e+00  -8.33333333e-03   1.00000000e+00   4.23284271e-02   5.55055149e-04  -1.28780749e+01   2.83207121e+01
 4.48000000e+00  -8.33333333e-03   1.00000000e+00   4.10464786e-02   5.40566951e-04  -1.28881031e+01   2.82382199e+01
 4.49000000e+00  -8.33333333e-03   1.00000000e+00   3.98121412e-02   5.26610484e-04  -1.28961309e+01   2.81564259e+01
 4.50000000e+00  -8.33333333e-03   1.00000000e+00   3.86271871e-02   5.13205316e-04  -1.29021492e+01   2.80754319e+01
 4.51000000e+00  -8.33333333e-03   1.00000000e+00   3.74933028e-02   5.00370115e-04  -1.29061713e+01   2.79953438e+01
 4.52000000e+00  -8.33333333e-03   1.00000000e+00   3.64120877e-02   4.88122665e-04  -1.29082202e+01   2.79163219e+01
 4.53000000e+00  -8.33333333e-03   1.00000000e+00   3.53850509e-02   4.76479953e-04  -1.29083014e+01   2.78384477e+01
 4.54000000e+00  -8.33333333e-03   1.00000000e+00   3.44136088e-02   4.65458073e-04  -1.29064554e+01   2.77618570e+01
 4.55000000e+00  -8.33333333e-03   1.00000000e+00   3.34990833e-02   4.55072373e-04  -1.29026857e+01   2.76866275e+01
 4.56000000e+00  -8.33333333e-03   1.00000000e+00   3.26426987e-02   4.45337060e-04  -1.28970300e+01   2.76129031e+01
 4.57000000e+00  -8.33333333e-03   1.00000000e+00   3.18455797e-02   4.36265379e-04  -1.28895199e+01   2.75407417e+01
 4.58000000e+00  -8.33333333e-03   1.00000000e+00   3.11087488e-02   4.27869441e-04  -1.28801802e+01   2.74702764e+01
 4.59000000e+00  -8.33333333e-03   1.00000000e+00   3.04331252e-02   4.20160318e-04  -1.28690562e+01   2.74016098e+01
 4.60000000e+00  -8.33333333e-03   1.00000000e+00   2.98195225e-02   4.13147717e-04  -1.28561804e+01   2.73347791e+01
 4.61000000e+00  -8.33333333e-03   1.00000000e+00   2.92686469e-02   4.06840131e-04  -1.28415927e+01   2.72699211e+01
 4.62000000e+00  -8.33333333e-03   1.00000000e+00   2.87810968e-02   4.01244733e-04  -1.28253487e+01   2.72071100e+01
 4.63000000e+00  -8.33333333e-03   1.00000000e+00   2.83573617e-02   3.96367351e-04  -1.28074847e+01   2.71464248e+01
 4.64000000e+00  -8.33333333e-03   1.00000000e+00   2.79978224e-02   3.92212099e-04  -1.27880534e+01   2.70879066e+01
 4.65000000e+00  -8.33333333e-03   1.00000000e+00   2.77027493e-02   3.88782178e-04  -1.27670995e+01   2.70316474e+01
 4.66000000e+00  -8.33333333e-03   1.00000000e+00   2.74723043e-02   3.86079291e-04  -1.27446832e+01   2.69777284e+01
 4.67000000e+00  -8.33333333e-03   1.00000000e+00   2.73065400e-02   3.84104119e-04  -1.27208580e+01   2.69262128e+01
 4.68000000e+00  -8.33333333e-03   1.00000000e+00   2.72055350e-02   3.82923625e-04  -1.26757602e+01   2.68600997e+01
 4.69000000e+00  -8.33333333e-03   1.00000000e+00   2.71688525e-02   3.82420772e-04  -1.26760225e+01   2.68304809e+01
 4.70000000e+00  -8.33333333e-03   1.00000000e+00   2.71967531e-02   3.82679656e-04  -1.26559890e+01   2.68031170e+01
 4.71000000e+00  -8.33333333e-03   1.00000000e+00   2.72886712e-02   3.83666756e-04  -1.26275091e+01   2.67622802e+01
 4.72000000e+00  -8.33333333e-03   1.00000000e+00   2.74436425e-02   3.85251270e-04  -1.25683796e+01   2.66976426e+01
 4.73000000e+00  -8.33333333e-03   1.00000000e+00   2.76615853e-02   3.87494114e-04  -1.25475672e+01   2.66599470e+01
 4.74000000e+00  -8.33333333e-03   1.00000000e+00   2.79417161e-02   3.90445825e-04  -1.25196500e+01   2.66349087e+01
 4.75000000e+00  -8.33333333e-03   1.00000000e+00   2.82832938e-02   3.94135892e-04  -1.24867659e+01   2.66053685e+01
 4.76000000e+00  -8.33333333e-03   1.00000000e+00   2.86854787e-02   3.98540955e-04  -1.24527506e+01   2.65776973e+01
 4.77000000e+00  -8.33333333e-03   1.00000000e+00   2.91472946e-02   4.03644137e-04  -1.24180227e+01   2.65527642e+01
 4.78000000e+00  -8.33333333e-03   1.00000000e+00   2.96676616e-02   4.09428020e-04  -1.23825917e+01   2.65306374e+01
 4.79000000e+00  -8.33333333e-03   1.00000000e+00   3.02454100e-02   4.15870901e-04  -1.23465076e+01   2.65113412e+01
 4.80000000e+00  -8.33333333e-03   1.00000000e+00   3.08792863e-02   4.22949314e-04  -1.23098035e+01   2.64948802e+01
 4.81000000e+00  -8.33333333e-03   1.00000000e+00   3.15679575e-02   4.30641034e-04  -1.22725527e+01   2.64812712e+01
 4.82000000e+00  -8.33333333e-03   1.00000000e+00   3.23100144e-02   4.38926284e-04  -1.22348155e+01   2.64705372e+01
 4.83000000e+00  -8.33333333e-03   1.00000000e+00   3.31039718e-02   4.47788238e-04  -1.21966546e+01   2.64626787e+01
 4.84000000e+00  -8.33333333e-03   1.00000000e+00   3.39482714e-02   4.57211961e-04  -1.21581314e+01   2.64576954e+01
 4.85000000e+00  -8.33333333e-03   1.00000000e+00   3.48412827e-02   4.67182874e-04  -1.21193091e+01   2.64555956e+01
 4.86000000e+00  -8.33333333e-03   1.00000000e+00   3.57813054e-02   4.77685603e-04  -1.20802488e+01   2.64563622e+01
 4.87000000e+00  -8.33333333e-03   1.00000000e+00   3.67665723e-02   4.88702955e-04  -1.20410065e+01   2.64599931e+01
 4.88000000e+00  -8.33333333e-03   1.00000000e+00   3.77952528e-02   5.00215479e-04  -1.20016733e+01   2.64664945e+01
 4.89000000e+00  -8.33333333e-03   1.00000000e+00   3.88654565e-02   5.12201651e-04  -1.19622622e+01   2.64758167e+01
 4.90000000e+00  -8.33333333e-03   1.00000000e+00   3.99752369e-02   5.24638767e-04  -1.19228676e+01   2.64879728e+01
 4.91000000e+00  -8.33333333e-03   1.00000000e+00   4.11225950e-02   5.37503040e-04  -1.18835079e+01   2.65029029e+01
 4.92000000e+00  -8.33333333e-03   1.00000000e+00   4.23054825e-02   5.50770485e-04  -1.18442741e+01   2.65206096e+01
 4.93000000e+00  -8.33333333e-03   1.00000000e+00   4.35218041e-02   5.64417061e-04  -1.18051808e+01   2.65410237e+01
 4.94000000e+00  -8.33333333e-03   1.00000000e+00   4.47694206e-02   5.78418859e-04  -1.17663166e+01   2.65641351e+01
 4.95000000e+00  -8.33333333e-03   1.00000000e+00   4.60461518e-02   5.92751940e-04  -1.17277189e+01   2.65899089e+01
 4.96000000e+00  -8.33333333e-03   1.00000000e+00   4.73497787e-02   6.07392207e-04  -1.16894161e+01   2.66182600e+01
 4.97000000e+00  -8.33333333e-03   1.00000000e+00   4.86780477e-02   6.22315155e-04  -1.16514882e+01   2.66491685e+01
 4.98000000e+00  -8.33333333e-03   1.00000000e+00   5.00286735e-02   6.37495826e-04  -1.16139726e+01   2.66825906e+01
 4.99000000e+00  -8.33333333e-03   1.00000000e+00   5.13993432e-02   6.52908396e-04  -1.15769002e+01   2.67184210e+01
 5.00000000e+00  -8.33333333e-03   1.00000000e+00   5.27877203e-02   6.68526842e-04  -1.15403403e+01   2.67566421e+01