  Time  Coordinate0  Coordinate1  Displacement0  Displacement1  Force0  Force1
 1.00000000e-02  -8.33333334e-03   1.00000000e+00   2.85974917e-06   2.12660355e-05  -1.62906906e+01   1.20197520e+01
 2.00000000e-02  -8.33333334e-03   1.00000000e+00   6.14828577e-05   4.54493115e-05  -2.30506676e+01   1.53792466e+01
 3.00000000e-02  -8.33333334e-03   1.00000000e+00   1.73233399e-04   7.00727069e-05  -2.48269513e+01   1.66614423e+01
 4.00000000e-02  -8.33333334e-03   1.00000000e+00   3.32118873e-04   9.21650906e-05  -2.50435137e+01   1.72447230e+01
 5.00000000e-02  -8.33333334e-03   1.00000000e+00   5.36518828e-04   1.08770657e-04  -2.58102826e+01   1.80982941e+01
 6.00000000e-02  -8.33333334e-03   1.00000000e+00   7.89294792e-04   1.16519914e-04  -2.71786448e+01   1.92571080e+01
 7.00000000e-02  -8.33333334e-03   1.00000000e+00   1.09865413e-03   1.13377740e-04  -2.86862599e+01   2.04786198e+01
 8.00000000e-02  -8.33333334e-03   1.00000000e+00   1.47894070e-03   1.00696344e-04  -3.00927828e+01   2.16385794e+01
 9.00000000e-02  -8.33333334e-03   1.00000000e+00   1.95101077e-03   8.37694967e-05  -3.13890153e+01   2.27339256e+01
 1.00000000e-01  -8.33333334e-03   1.00000000e+00   2.53883150e-03   7.00298019e-05  -3.26193798e+01   2.37927569e+01
 1.10000000e-01  -8.33333334e-03   1.00000000e+00   3.26369229e-03   6.60848643e-05  -3.38045951e+01   2.48296778e+01
 1.20000000e-01  -8.33333334e-03   1.00000000e+00   4.13859273e-03   7.53881561e-05  -3.49385666e+01   2.58458635e+01
 1.30000000e-01  -8.33333334e-03   1.00000000e+00   5.16640008e-03   9.76130521e-05  -3.60141862e+01   2.68381743e+01
 1.40000000e-01  -8.33333334e-03   1.00000000e+00   6.34179447e-03   1.29403486e-04  -3.70294946e+01   2.78042412e+01
 1.50000000e-01  -8.33333334e-03   1.00000000e+00   7.65536255e-03   1.65684284e-04  -3.79868972e+01   2.87435636e+01
 1.60000000e-01  -8.33333334e-03   1.00000000e+00   9.09733923e-03   2.01042764e-04  -3.88893570e+01   2.96565142e+01
 1.70000000e-01  -8.33333334e-03   1.00000000e+00   1.06595894e-02   2.31062532e-04  -3.97388459e+01   3.05437116e+01
 1.80000000e-01  -8.33333334e-03   1.00000000e+00   1.23359155e-02   2.53475337e-04  -4.05359865e+01   3.14057867e+01
 1.90000000e-01  -8.33333334e-03   1.00000000e+00   1.41215754e-02   2.68772010e-04  -4.12812289e+01   3.22434405e+01
 2.00000000e-01  -8.33333334e-03   1.00000000e+00   1.60126036e-02   2.79968996e-04  -4.19754300e+01   3.30576413e+01
 2.10000000e-01  -8.33333334e-03   1.00000000e+00   1.80050313e-02   2.91562094e-04  -4.26198705e+01   3.38498811e+01
 2.20000000e-01  -8.33333334e-03   1.00000000e+00   2.00939286e-02   3.08057043e-04  -4.32164239e+01   3.46219482e+01
 2.30000000e-01  -8.33333334e-03   1.00000000e+00   2.22723876e-02   3.32587912e-04  -4.37680347e+01   3.53750893e+01
 2.40000000e-01  -8.33333334e-03   1.00000000e+00   2.45308013e-02   3.65998535e-04  -4.42783400e+01   3.61094299e+01
 2.50000000e-01  -8.33333334e-03   1.00000000e+00   2.68569137e-02   4.06599428e-04  -4.47509131e+01   3.68238538e+01
 2.60000000e-01  -8.33333334e-03   1.00000000e+00   2.92370092e-02   4.50654008e-04  -4.51897057e+01   3.75158156e+01
 2.70000000e-01  -8.33333334e-03   1.00000000e+00   3.16580520e-02   4.93455102e-04  -4.55979677e+01   3.81818439e+01
 2.80000000e-01  -8.33333334e-03   1.00000000e+00   3.41102063e-02   5.30688030e-04  -4.59777568e+01   3.88188665e+01
 2.90000000e-01  -8.33333334e-03   1.00000000e+00   3.65889067e-02   5.59680225e-04  -4.63287820e+01   3.94247662e+01
 3.00000000e-01  -8.33333334e-03   1.00000000e+00   3.90957388e-02   5.80150788e-04  -4.66492531e+01   3.99994221e+01
 3.10000000e-01  -8.33333334e-03   1.00000000e+00   4.16377349e-02   5.94236041e-04  -4.69356425e+01   4.05442593e+01
 3.20000000e-01  -8.33333334e-03   1.00000000e+00   4.42252983e-02   6.05808168e-04  -4.71840980e+01   4.10621363e+01
 3.30000000e-01  -8.33333334e-03   1.00000000e+00   4.68694530e-02   6.19325196e-04  -4.73911783e+01   4.15563260e+01
 3.40000000e-01  -8.33333334e-03   1.00000000e+00   4.95793175e-02   6.38570632e-04  -4.75546467e+01   4.20297409e+01
 3.50000000e-01  -8.33333334e-03   1.00000000e+00   5.23605293e-02   6.65656450e-04  -4.76740238e+01   4.24843475e+01
 3.60000000e-01  -8.33333334e-03   1.00000000e+00   5.52148650e-02   7.00549731e-04  -4.77496486e+01   4.29208459e+01
 3.70000000e-01  -8.33333334e-03   1.00000000e+00   5.81409276e-02   7.41237466e-04  -4.77828607e+01   4.33390464e+01
 3.80000000e-01  -8.33333334e-03   1.00000000e+00   6.11355132e-02   7.84479320e-04  -4.77766663e+01   4.37370719e+01
 3.90000000e-01  -8.33333334e-03   1.00000000e+00   6.41945322e-02   8.26743727e-04  -4.77276575e+01   4.41156758e+01
 4.00000000e-01  -8.33333334e-03   1.00000000e+00   6.73143488e-02   8.65353451e-04  -4.76395995e+01   4.44730522e+01
 4.10000000e-01  -8.33333334e-03   1.00000000e+00   7.04918597e-02   8.99188267e-04  -4.75117514e+01   4.48087899e+01
 4.20000000e-01  -8.33333334e-03   1.00000000e+00   7.37241089e-02   9.28975195e-04  -4.73439294e+01   4.51229655e+01
 4.30000000e-01  -8.33333334e-03   1.00000000e+00   7.70073924e-02   9.56970155e-04  -4.71365599e+01   4.54161368e+01
 4.40000000e-01  -8.33333334e-03   1.00000000e+00   8.03360449e-02   9.86226798e-04  -4.68913443e+01   4.56887820e+01
 4.50000000e-01  -8.33333334e-03   1.00000000e+00   8.37013073e-02   1.01961491e-03  -4.66112221e+01   4.59410075e+01
 4.60000000e-01  -8.33333334e-03   1.00000000e+00   8.70906166e-02   1.05891873e-03  -4.63001451e+01   4.61722542e+01
 4.70000000e-01  -8.33333334e-03   1.00000000e+00   9.04877375e-02   1.10426142e-03  -4.59637670e+01   4.63807863e+01
 4.80000000e-01  -8.33333334e-03   1.00000000e+00   9.38737303e-02   1.15402788e-03  -4.56080944e+01   4.65639199e+01
 4.90000000e-01  -8.33333334e-03   1.00000000e+00   9.72286341e-02   1.20529038e-03  -4.52387681e+01   4.67186038e+01
 5.00000000e-01  -8.33333334e-03   1.00000000e+00   1.00533496e-01   1.25460406e-03  -4.48606399e+01   4.68419300e+01
 5.10000000e-01  -8.33333334e-03   1.00000000e+00   1.03772216e-01   1.29893359e-03  -4.44772823e+01   4.69317181e+01
 5.20000000e-01  -8.33333334e-03   1.00000000e+00   1.06932738e-01   1.33643767e-03  -4.40907856e+01   4.69869092e+01
 5.30000000e-01  -8.33333334e-03   1.00000000e+00   1.10007382e-01   1.36689647e-03  -4.37026052e+01   4.70076555e+01
 5.40000000e-01  -8.33333334e-03   1.00000000e+00   1.12992169e-01   1.39165865e-03  -4.33115904e+01   4.69958754e+01
 5.50000000e-01  -8.33333334e-03   1.00000000e+00   1.15885811e-01   1.41317098e-03  -4.29189369e+01   4.69536921e+01
 5.60000000e-01  -8.33333334e-03   1.00000000e+00   1.18688272e-01   1.43421410e-03  -4.25242381e+01   4.68841735e+01
 5.70000000e-01  -8.33333334e-03   1.00000000e+00   1.21399773e-01   1.45709490e-03  -4.21286048e+01   4.67898332e+01
 5.80000000e-01  -8.33333334e-03   1.00000000e+00   1.24020128e-01   1.48304051e-03  -4.17327278e+01   4.66734144e+01
 5.90000000e-01  -8.33333334e-03   1.00000000e+00   1.26548921e-01   1.51191696e-03  -4.13383855e+01   4.65367688e+01
 6.00000000e-01  -8.33333334e-03   1.00000000e+00   1.28985872e-01   1.54230140e-03  -4.09454905e+01   4.63820629e+01
 6.10000000e-01  -8.33333334e-03   1.00000000e+00   1.31331474e-01   1.57200566e-03  -4.05545418e+01   4.62111874e+01
 6.20000000e-01  -8.33333334e-03   1.00000000e+00   1.33587579e-01   1.59883839e-03  -4.01656521e+01   4.60259918e+01
 6.30000000e-01  -8.33333334e-03   1.00000000e+00   1.35757514e-01   1.62130238e-03  -3.97780253e+01   4.58287742e+01
 6.40000000e-01  -8.33333334e-03   1.00000000e+00   1.37845700e-01   1.63906214e-03  -3.93903351e+01   4.56220062e+01
 6.50000000e-01  -8.33333334e-03   1.00000000e+00   1.39856762e-01   1.65305472e-03  -3.90016539e+01   4.54086476e+01
 6.60000000e-01  -8.33333334e-03   1.00000000e+00   1.41794301e-01   1.66520553e-03  -3.86113822e+01   4.51915257e+01
 6.70000000e-01  -8.33333334e-03   1.00000000e+00   1.43659605e-01   1.67787319e-03  -3.82198733e+01   4.49731026e+01
 6.80000000e-01  -8.33333334e-03   1.00000000e+00   1.45450661e-01   1.69315915e-03  -3.78286286e+01   4.47551089e+01
 6.90000000e-01  -8.33333334e-03   1.00000000e+00   1.47161699e-01   1.71229808e-03  -3.74400147e+01   4.45383424e+01
 7.00000000e-01  -8.33333334e-03   1.00000000e+00   1.48783416e-01   1.73529878e-03  -3.70570692e+01   4.43227926e+01
 7.10000000e-01  -8.33333334e-03   1.00000000e+00   1.50303821e-01   1.76093460e-03  -3.66829052e+01   4.41074072e+01
 7.20000000e-01  -8.33333334e-03   1.00000000e+00   1.51709506e-01   1.78708074e-03  -3.63208186e+01   4.38908327e+01
 7.30000000e-01  -8.33333334e-03   1.00000000e+00   1.52986970e-01   1.81128598e-03  -3.59729616e+01   4.36713785e+01
 7.40000000e-01  -8.33333334e-03   1.00000000e+00   1.54123771e-01   1.83141000e-03  -3.56413731e+01   4.34477118e+01
 7.50000000e-01  -8.33333334e-03   1.00000000e+00   1.55109222e-01   1.84614309e-03  -3.53271044e+01   4.32187392e+01
 7.60000000e-01  -8.33333334e-03   1.00000000e+00   1.55934585e-01   1.85526452e-03  -3.50306862e+01   4.29838964e+01
 7.70000000e-01  -8.33333334e-03   1.00000000e+00   1.56592905e-01   1.85958402e-03  -3.47527882e+01   4.27429469e+01
 7.80000000e-01  -8.33333334e-03   1.00000000e+00   1.57078566e-01   1.86059614e-03  -3.44936956e+01   4.24960549e+01
 7.90000000e-01  -8.33333334e-03   1.00000000e+00   1.57386795e-01   1.86019257e-03  -3.43862257e+01   4.22904962e+01
 8.00000000e-01  -8.33333334e-03   1.00000000e+00   1.57514530e-01   1.85907176e-03  -3.39157917e+01   4.19557394e+01
 8.10000000e-01  -8.33333334e-03   1.00000000e+00   1.57457281e-01   1.85823598e-03  -3.38313656e+01   4.16792617e+01
 8.20000000e-01  -8.33333334e-03   1.00000000e+00   1.57215071e-01   1.85742502e-03  -3.36593781e+01   4.14478999e+01
 8.30000000e-01  -8.33333334e-03   1.00000000e+00   1.56788388e-01   1.85532570e-03  -3.34962559e+01   4.11751218e+01
 8.40000000e-01  -8.33333334e-03   1.00000000e+00   1.56180883e-01   1.85049954e-03  -3.33540040e+01   4.08943596e+01
 8.50000000e-01  -8.33333334e-03   1.00000000e+00   1.55398940e-01   1.84157489e-03  -3.32290036e+01   4.06094951e+01
 8.60000000e-01  -8.33333334e-03   1.00000000e+00   1.54451812e-01   1.82776602e-03  -3.31186598e+01   4.03217442e+01
 8.70000000e-01  -8.33333334e-03   1.00000000e+00   1.53350894e-01   1.80916114e-03  -3.30197063e+01   4.00328340e+01
 8.80000000e-01  -8.33333334e-03   1.00000000e+00   1.52108749e-01   1.78671959e-03  -3.29298242e+01   3.97446233e+01
 8.90000000e-01  -8.33333334e-03   1.00000000e+00   1.50737959e-01   1.76203068e-03  -3.28474536e+01   3.94591442e+01
 9.00000000e-01  -8.33333334e-03   1.00000000e+00   1.49249920e-01   1.73695436e-03  -3.27704511e+01   3.91781513e+01
 9.10000000e-01  -8.33333334e-03   1.00000000e+00   1.47654023e-01   1.71314494e-03  -3.26982385e+01   3.89031470e+01
 9.20000000e-01  -8.33333334e-03   1.00000000e+00   1.45957167e-01   1.69164701e-03  -3.26302207e+01   3.86349727e+01
 9.30000000e-01  -8.33333334e-03   1.00000000e+00   1.44163693e-01   1.67267780e-03  -3.25661557e+01   3.83742431e+01
 9.40000000e-01  -8.33333334e-03   1.00000000e+00   1.42275763e-01   1.65561587e-03  -3.25068026e+01   3.81206504e+01
 9.50000000e-01  -8.33333334e-03   1.00000000e+00   1.40293952e-01   1.63920362e-03  -3.24537548e+01   3.78732988e+01
 9.60000000e-01  -8.33333334e-03   1.00000000e+00   1.38217710e-01   1.62198429e-03  -3.24059817e+01   3.76314003e+01
 9.70000000e-01  -8.33333334e-03   1.00000000e+00   1.36045851e-01   1.60269218e-03  -3.23640340e+01   3.73941936e+01
 9.80000000e-01  -8.33333334e-03   1.00000000e+00   1.33776747e-01   1.58057540e-03  -3.23282487e+01   3.71606521e+01
 9.90000000e-01  -8.33333334e-03   1.00000000e+00   1.31408316e-01   1.55554567e-03  -3.22991439e+01   3.69297773e+01
 1.00000000e+00  -8.33333334e-03   1.00000000e+00   1.28937901e-01   1.52812386e-03  -3.22772857e+01   3.67005504e+01
 1.01000000e+00  -8.33333334e-03   1.00000000e+00   1.26362218e-01   1.49920470e-03  -3.22635305e+01   3.64718672e+01
 1.02000000e+00  -8.33333334e-03   1.00000000e+00   1.23677472e-01   1.46972376e-03  -3.22589202e+01   3.62425274e+01
 1.03000000e+00  -8.33333334e-03   1.00000000e+00   1.20879741e-01   1.44032403e-03  -3.22645741e+01   3.60112326e+01
 1.04000000e+00  -8.33333334e-03   1.00000000e+00   1.17965589e-01   1.41112443e-03  -3.22814700e+01   3.57766686e+01
 1.05000000e+00  -8.33333334e-03   1.00000000e+00   1.14932859e-01   1.38165606e-03  -3.23102388e+01   3.55376109e+01
 1.06000000e+00  -8.33333334e-03   1.00000000e+00   1.11781466e-01   1.35098509e-03  -3.23509762e+01   3.52930004e+01
 1.07000000e+00  -8.33333334e-03   1.00000000e+00   1.08514047e-01   1.31797596e-03  -3.24034585e+01   3.50420983e+01
 1.08000000e+00  -8.33333334e-03   1.00000000e+00   1.05136288e-01   1.28164752e-03  -3.24661788e+01   3.47848215e+01
 1.09000000e+00  -8.33333334e-03   1.00000000e+00   1.01656898e-01   1.24147442e-03  -3.25374077e+01   3.45216752e+01
 1.10000000e+00  -8.33333334e-03   1.00000000e+00   9.80872611e-02   1.19754930e-03  -3.26154115e+01   3.42535692e+01
 1.11000000e+00  -8.33333334e-03   1.00000000e+00   9.44407852e-02   1.15058795e-03  -3.26985227e+01   3.39816324e+01
 1.12000000e+00  -8.33333334e-03   1.00000000e+00   9.07320730e-02   1.10178367e-03  -3.27846862e+01   3.37072874e+01
 1.13000000e+00  -8.33333334e-03   1.00000000e+00   8.69761469e-02   1.05253457e-03  -3.28721531e+01   3.34320874e+01
 1.14000000e+00  -8.33333334e-03   1.00000000e+00   8.31878113e-02   1.00412740e-03  -3.29594265e+01   3.31575360e+01
 1.15000000e+00  -8.33333334e-03   1.00000000e+00   7.93812252e-02   9.57465784e-04  -3.30452446e+01   3.28850812e+01
 1.16000000e+00  -8.33333334e-03   1.00000000e+00   7.55696800e-02   9.12918239e-04  -3.31285314e+01   3.26160121e+01
 1.17000000e+00  -8.33333334e-03   1.00000000e+00   7.17655188e-02   8.70320873e-04  -3.32082981e+01   3.23514265e+01
 1.18000000e+00  -8.33333334e-03   1.00000000e+00   6.79800961e-02   8.29127909e-04  -3.32836077e+01   3.20922812e+01
 1.19000000e+00  -8.33333334e-03   1.00000000e+00   6.42236892e-02   7.88654741e-04  -3.33536405e+01   3.18393090e+01
 1.20000000e+00  -8.33333334e-03   1.00000000e+00   6.05053085e-02   7.48336536e-04  -3.34176791e+01   3.15930666e+01
 1.21000000e+00  -8.33333334e-03   1.00000000e+00   5.68324068e-02   7.07924520e-04  -3.34752606e+01   3.13539399e+01
 1.22000000e+00  -8.33333334e-03   1.00000000e+00   5.32105513e-02   6.67564924e-04  -3.35262968e+01   3.11220563e+01
 1.23000000e+00  -8.33333334e-03   1.00000000e+00   4.96431568e-02   6.27743931e-04  -3.35711336e+01   3.08972772e+01
 1.24000000e+00  -8.33333334e-03   1.00000000e+00   4.61313866e-02   5.89119903e-04  -3.36105821e+01   3.06790868e+01
 1.25000000e+00  -8.33333334e-03   1.00000000e+00   4.26742980e-02   5.52296443e-04  -3.36457780e+01   3.04666963e+01
 1.26000000e+00  -8.33333334e-03   1.00000000e+00   3.92692565e-02   5.17606508e-04  -3.36781635e+01   3.02590371e+01
 1.27000000e+00  -8.33333334e-03   1.00000000e+00   3.59125802e-02   4.84973313e-04  -3.37091565e+01   3.00548872e+01
 1.28000000e+00  -8.33333334e-03   1.00000000e+00   3.26003246e-02   4.53888879e-04  -3.37401445e+01   2.98529619e+01
 1.29000000e+00  -8.33333334e-03   1.00000000e+00   2.93290823e-02   4.23518000e-04  -3.37721409e+01   2.96520438e+01
 1.30000000e+00  -8.33333334e-03   1.00000000e+00   2.60966771e-02   3.92896397e-04  -3.38058552e+01   2.94511113e+01
 1.31000000e+00  -8.33333334e-03   1.00000000e+00   2.29026588e-02   3.61166902e-04  -3.38415177e+01   2.92494039e+01
 1.32000000e+00  -8.33333334e-03   1.00000000e+00   1.97485555e-02   3.27786594e-04  -3.38790331e+01   2.90465325e+01
 1.33000000e+00  -8.33333334e-03   1.00000000e+00   1.66378943e-02   2.92651728e-04  -3.39180722e+01   2.88424161e+01
 1.34000000e+00  -8.33333334e-03   1.00000000e+00   1.35760540e-02   2.56107148e-04  -3.39580624e+01   2.86372804e+01
 1.35000000e+00  -8.33333334e-03   1.00000000e+00   1.05700197e-02   2.18842622e-04  -3.39983473e+01   2.84316872e+01
 1.36000000e+00  -8.33333334e-03   1.00000000e+00   7.62813342e-03   1.81710365e-04  -3.40382219e+01   2.82264366e+01
 1.37000000e+00  -8.33333334e-03   1.00000000e+00   4.75987542e-03   1.45522447e-04  -3.40769337e+01   2.80225380e+01
 1.38000000e+00  -8.33333334e-03   1.00000000e+00   1.97569789e-03   1.10878783e-04  -3.41136143e+01   2.78212004e+01
 1.39000000e+00  -8.33333334e-03   1.00000000e+00  -7.13126904e-04   7.80763266e-05  -3.41473424e+01   2.76237465e+01
 1.40000000e+00  -8.33333334e-03   1.00000000e+00  -3.29468983e-03   4.71155605e-05  -3.41769710e+01   2.74315980e+01
 1.41000000e+00  -8.33333334e-03   1.00000000e+00  -5.75671773e-03   1.77976157e-05  -3.42012993e+01   2.72462728e+01
 1.42000000e+00  -8.33333334e-03   1.00000000e+00  -8.08697229e-03  -1.01229012e-05  -3.42190545e+01   2.70693003e+01
 1.43000000e+00  -8.33333334e-03   1.00000000e+00  -1.02737685e-02  -3.67816024e-05  -3.42291363e+01   2.69021225e+01
 1.44000000e+00  -8.33333334e-03   1.00000000e+00  -1.23065709e-02  -6.20934997e-05  -3.42305432e+01   2.67459899e+01
 1.45000000e+00  -8.33333334e-03   1.00000000e+00  -1.41765913e-02  -8.57208983e-05  -3.42226173e+01   2.66019487e+01
 1.46000000e+00  -8.33333334e-03   1.00000000e+00  -1.58772998e-02  -1.07131185e-04  -3.42052121e+01   2.64707098e+01
 1.47000000e+00  -8.33333334e-03   1.00000000e+00  -1.74047548e-02  -1.25715229e-04  -3.41785812e+01   2.63525920e+01
 1.48000000e+00  -8.33333334e-03   1.00000000e+00  -1.87577026e-02  -1.40950822e-04  -3.41433278e+01   2.62475262e+01
 1.49000000e+00  -8.33333334e-03   1.00000000e+00  -1.99374516e-02  -1.52551137e-04  -3.41004525e+01   2.61551552e+01
 1.50000000e+00  -8.33333334e-03   1.00000000e+00  -2.09475295e-02  -1.60560455e-04  -3.40511923e+01   2.60747538e+01
 1.51000000e+00  -8.33333334e-03   1.00000000e+00  -2.17932063e-02  -1.65363748e-04  -3.39968466e+01   2.60053883e+01
 1.52000000e+00  -8.33333334e-03   1.00000000e+00  -2.24809561e-02  -1.67614975e-04  -3.39386991e+01   2.59459590e+01
 1.53000000e+00  -8.33333334e-03   1.00000000e+00  -2.30179324e-02  -1.68100291e-04  -3.38779678e+01   2.58953050e+01
 1.54000000e+00  -8.33333334e-03   1.00000000e+00  -2.34115103e-02  -1.67577255e-04  -3.38157636e+01   2.58522474e+01
 1.55000000e+00  -8.33333334e-03   1.00000000e+00  -2.36689250e-02  -1.66629984e-04  -3.37530764e+01   2.58156577e+01
 1.56000000e+00  -8.33333334e-03   1.00000000e+00  -2.37969539e-02  -1.65576570e-04  -3.36908085e+01   2.57845205e+01
 1.57000000e+00  -8.33333334e-03   1.00000000e+00  -2.38017738e-02  -1.64401817e-04  -3.35997634e+01   2.57245425e+01
 1.58000000e+00  -8.33333334e-03   1.00000000e+00  -2.36880333e-02  -1.62966295e-04  -3.36045754e+01   2.57455999e+01
 1.59000000e+00  -8.33333334e-03   1.00000000e+00  -2.34600033e-02  -1.61233100e-04  -3.35294037e+01   2.57323941e+01
 1.60000000e+00  -8.33333334e-03   1.00000000e+00  -2.31206616e-02  -1.58445541e-04  -3.34577122e+01   2.57027440e+01
 1.61000000e+00  -8.33333334e-03   1.00000000e+00  -2.26705673e-02  -1.54593145e-04  -3.34088686e+01   2.56866430e+01
 1.62000000e+00  -8.33333334e-03   1.00000000e+00  -2.21090644e-02  -1.49625039e-04  -3.33606337e+01   2.56777241e+01
 1.63000000e+00  -8.33333334e-03   1.00000000e+00  -2.14334714e-02  -1.43663803e-04  -3.33148170e+01   2.56729759e+01
 1.64000000e+00  -8.33333334e-03   1.00000000e+00  -2.06394778e-02  -1.36905654e-04  -3.32699109e+01   2.56732284e+01
 1.65000000e+00  -8.33333334e-03   1.00000000e+00  -1.97214184e-02  -1.29484572e-04  -3.32250679e+01   2.56796492e+01
 1.66000000e+00  -8.33333334e-03   1.00000000e+00  -1.86727970e-02  -1.21399526e-04  -3.31790535e+01   2.56935148e+01
 1.67000000e+00  -8.33333334e-03   1.00000000e+00  -1.74869094e-02  -1.12469257e-04  -3.31308185e+01   2.57161369e+01
 1.68000000e+00  -8.33333334e-03   1.00000000e+00  -1.61574931e-02  -1.02326859e-04  -3.30791424e+01   2.57485764e+01
 1.69000000e+00  -8.33333334e-03   1.00000000e+00  -1.46792952e-02  -9.04572148e-05  -3.30233218e+01   2.57919778e+01
 1.70000000e+00  -8.33333334e-03   1.00000000e+00  -1.30485150e-02  -7.62829993e-05  -3.29627398e+01   2.58471934e+01
 1.71000000e+00  -8.33333334e-03   1.00000000e+00  -1.12631177e-02  -5.92832952e-05  -3.28971303e+01   2.59148595e+01
 1.72000000e+00  -8.33333334e-03   1.00000000e+00  -9.32303370e-03  -3.91095160e-05  -3.28264725e+01   2.59953813e+01
 1.73000000e+00  -8.33333334e-03   1.00000000e+00  -7.23025365e-03  -1.56602102e-05  -3.27509388e+01   2.60888880e+01
 1.74000000e+00  -8.33333334e-03   1.00000000e+00  -4.98881973e-03   1.09031966e-05  -3.26710153e+01   2.61953031e+01
 1.75000000e+00  -8.33333334e-03   1.00000000e+00  -2.60473770e-03   4.02001708e-05  -3.25871548e+01   2.63141225e+01
 1.76000000e+00  -8.33333334e-03   1.00000000e+00  -8.58320194e-05   7.17170223e-05  -3.25001388e+01   2.64446836e+01
 1.77000000e+00  -8.33333334e-03   1.00000000e+00   2.55843356e-03   1.04908039e-04  -3.24109494e+01   2.65861642e+01
 1.78000000e+00  -8.33333334e-03   1.00000000e+00   5.31717299e-03   1.39292695e-04  -3.23205581e+01   2.67374220e+01
 1.79000000e+00  -8.33333334e-03   1.00000000e+00   8.17834274e-03   1.74518504e-04  -3.22302045e+01   2.68972623e+01
 1.80000000e+00  -8.33333334e-03   1.00000000e+00   1.11290775e-02   2.10375544e-04  -3.21412034e+01   2.70643782e+01
 1.81000000e+00  -8.33333334e-03   1.00000000e+00   1.41561141e-02   2.46763242e-04  -3.20549445e+01   2.72374661e+01
 1.82000000e+00  -8.33333334e-03   1.00000000e+00   1.72462841e-02   2.83627158e-04  -3.19727637e+01   2.74152519e+01
 1.83000000e+00  -8.33333334e-03   1.00000000e+00   2.03870452e-02   3.20888427e-04  -3.18958404e+01   2.75965878e+01
 1.84000000e+00  -8.33333334e-03   1.00000000e+00   2.35670000e-02   3.58389851e-04  -3.18250702e+01   2.77804237e+01
 1.85000000e+00  -8.33333334e-03   1.00000000e+00   2.67763409e-02   3.95877901e-04  -3.17611572e+01   2.79660839e+01
 1.86000000e+00  -8.33333334e-03   1.00000000e+00   3.00071685e-02   4.33026620e-04  -3.17043300e+01   2.81529963e+01
 1.87000000e+00  -8.33333334e-03   1.00000000e+00   3.32536486e-02   4.69497270e-04  -3.16545796e+01   2.83409909e+01
 1.88000000e+00  -8.33333334e-03   1.00000000e+00   3.65119998e-02   5.05016099e-04  -3.16113757e+01   2.85300810e+01
 1.89000000e+00  -8.33333334e-03   1.00000000e+00   3.97803271e-02   5.39446966e-04  -3.15740580e+01   2.87205448e+01
 1.90000000e+00  -8.33333334e-03   1.00000000e+00   4.30583317e-02   5.72839297e-04  -3.15417544e+01   2.89128926e+01
 1.91000000e+00  -8.33333334e-03   1.00000000e+00   4.63469453e-02   6.05435379e-04  -3.15134787e+01   2.91077883e+01
 1.92000000e+00  -8.33333334e-03   1.00000000e+00   4.96479275e-02   6.37633578e-04  -3.14882498e+01   2.93060920e+01
 1.93000000e+00  -8.33333334e-03   1.00000000e+00   5.29634535e-02   6.69917371e-04  -3.14649676e+01   2.95085829e+01
 1.94000000e+00  -8.33333334e-03   1.00000000e+00   5.62957208e-02   7.02766101e-04  -3.14426437e+01   2.97161254e+01
 1.95000000e+00  -8.33333334e-03   1.00000000e+00   5.96465764e-02   7.36571303e-04  -3.14203477e+01   2.99295602e+01
 1.96000000e+00  -8.33333334e-03   1.00000000e+00   6.30171673e-02   7.71577754e-04  -3.13972577e+01   3.01496146e+01
 1.97000000e+00  -8.33333334e-03   1.00000000e+00   6.64076178e-02   8.07861267e-04  -3.13727019e+01   3.03768747e+01
 1.98000000e+00  -8.33333334e-03   1.00000000e+00   6.98167317e-02   8.45345677e-04  -3.13462030e+01   3.06117282e+01
 1.99000000e+00  -8.33333334e-03   1.00000000e+00   7.32417304e-02   8.83849692e-04  -3.13175580e+01   3.08543867e+01
 2.00000000e+00  -8.33333334e-03   1.00000000e+00   7.66780496e-02   9.23146606e-04  -3.12867668e+01   3.11046750e+01
 2.01000000e+00  -8.33333334e-03   1.00000000e+00   8.01192230e-02   9.63018618e-04  -3.12542039e+01   3.13621828e+01
 2.02000000e+00  -8.33333334e-03   1.00000000e+00   8.35568762e-02   1.00329002e-03  -3.12205514e+01   3.16262416e+01
 2.03000000e+00  -8.33333334e-03   1.00000000e+00   8.69808572e-02   1.04382982e-03  -3.11868150e+01   3.18959191e+01
 2.04000000e+00  -8.33333334e-03   1.00000000e+00   9.03795029e-02   1.08452838e-03  -3.11542486e+01   3.21700989e+01
 2.05000000e+00  -8.33333334e-03   1.00000000e+00   9.37400326e-02   1.12525708e-03  -3.11241984e+01   3.24473975e+01
 2.06000000e+00  -8.33333334e-03   1.00000000e+00   9.70490271e-02   1.16582990e-03  -3.10980468e+01   3.27263810e+01
 2.07000000e+00  -8.33333334e-03   1.00000000e+00   1.00292966e-01   1.20597701e-03  -3.10772030e+01   3.30055678e+01
 2.08000000e+00  -8.33333334e-03   1.00000000e+00   1.03458764e-01   1.24533573e-03  -3.10630276e+01   3.32834498e+01
 2.09000000e+00  -8.33333334e-03   1.00000000e+00   1.06534247e-01   1.28346915e-03  -3.10565961e+01   3.35585929e+01
 2.10000000e+00  -8.33333334e-03   1.00000000e+00   1.09508561e-01   1.31991105e-03  -3.10586969e+01   3.38297091e+01
 2.11000000e+00  -8.33333334e-03   1.00000000e+00   1.12372475e-01   1.35422967e-03  -3.10698375e+01   3.40956787e+01
 2.12000000e+00  -8.33333334e-03   1.00000000e+00   1.15118601e-01   1.38609345e-03  -3.10902324e+01   3.43555421e+01
 2.13000000e+00  -8.33333334e-03   1.00000000e+00   1.17741495e-01   1.41532511e-03  -3.11197877e+01   3.46087310e+01
 2.14000000e+00  -8.33333334e-03   1.00000000e+00   1.20237693e-01   1.44193430e-03  -3.11581160e+01   3.48549118e+01
 2.15000000e+00  -8.33333334e-03   1.00000000e+00   1.22605727e-01   1.46608502e-03  -3.12056663e+01   3.50934491e+01
 2.16000000e+00  -8.33333334e-03   1.00000000e+00   1.24845859e-01   1.48805883e-03  -3.12601441e+01   3.53248560e+01
 2.17000000e+00  -8.33333334e-03   1.00000000e+00   1.26960010e-01   1.50819006e-03  -3.13212833e+01   3.55493104e+01
 2.18000000e+00  -8.33333334e-03   1.00000000e+00   1.28951461e-01   1.52681520e-03  -3.13878402e+01   3.57673059e+01
 2.19000000e+00  -8.33333334e-03   1.00000000e+00   1.30824530e-01   1.54423303e-03  -3.14585085e+01   3.59794919e+01
 2.20000000e+00  -8.33333334e-03   1.00000000e+00   1.32584176e-01   1.56067504e-03  -3.15319264e+01   3.61866839e+01
 2.21000000e+00  -8.33333334e-03   1.00000000e+00   1.34235552e-01   1.57629786e-03  -3.16067378e+01   3.63896081e+01
 2.22000000e+00  -8.33333334e-03   1.00000000e+00   1.35783542e-01   1.59119952e-03  -3.16817104e+01   3.65889981e+01
 2.23000000e+00  -8.33333334e-03   1.00000000e+00   1.37232300e-01   1.60545079e-03  -3.17557990e+01   3.67854985e+01
 2.24000000e+00  -8.33333334e-03   1.00000000e+00   1.38584842e-01   1.61912476e-03  -3.18282458e+01   3.69795769e+01
 2.25000000e+00  -8.33333334e-03   1.00000000e+00   1.39842726e-01   1.63231209e-03  -3.18986316e+01   3.71714739e+01
 2.26000000e+00  -8.33333334e-03   1.00000000e+00   1.41005844e-01   1.64511474e-03  -3.19668895e+01   3.73611521e+01
 2.27000000e+00  -8.33333334e-03   1.00000000e+00   1.42072330e-01   1.65762474e-03  -3.20332177e+01   3.75483280e+01
 2.28000000e+00  -8.33333334e-03   1.00000000e+00   1.43038625e-01   1.66989007e-03  -3.20981896e+01   3.77324218e+01
 2.29000000e+00  -8.33333334e-03   1.00000000e+00   1.43899631e-01   1.68187998e-03  -3.21626281e+01   3.79126230e+01
 2.30000000e+00  -8.33333334e-03   1.00000000e+00   1.44648985e-01   1.69345897e-03  -3.22275605e+01   3.80878280e+01
 2.31000000e+00  -8.33333334e-03   1.00000000e+00   1.45279394e-01   1.70437734e-03  -3.22941328e+01   3.82567362e+01
 2.32000000e+00  -8.33333334e-03   1.00000000e+00   1.45783004e-01   1.71429392e-03  -3.23634684e+01   3.84180082e+01
 2.33000000e+00  -8.33333334e-03   1.00000000e+00   1.46151812e-01   1.72280114e-03  -3.24366407e+01   3.85702171e+01
 2.34000000e+00  -8.33333334e-03   1.00000000e+00   1.46377964e-01   1.72933549e-03  -3.25979236e+01   3.86981382e+01
 2.35000000e+00  -8.33333334e-03   1.00000000e+00   1.46454103e-01   1.73372365e-03  -3.25555726e+01   3.88062479e+01
 2.36000000e+00  -8.33333334e-03   1.00000000e+00   1.46374472e-01   1.73554949e-03  -3.26385227e+01   3.88950845e+01
 2.37000000e+00  -8.33333334e-03   1.00000000e+00   1.46133927e-01   1.73463878e-03  -3.27388930e+01   3.90060495e+01
 2.38000000e+00  -8.33333334e-03   1.00000000e+00   1.45729657e-01   1.73090006e-03  -3.28339123e+01   3.91060694e+01
 2.39000000e+00  -8.33333334e-03   1.00000000e+00   1.45160648e-01   1.72436177e-03  -3.29391125e+01   3.91896666e+01
 2.40000000e+00  -8.33333334e-03   1.00000000e+00   1.44427850e-01   1.71516761e-03  -3.30518612e+01   3.92571907e+01
 2.41000000e+00  -8.33333334e-03   1.00000000e+00   1.43534387e-01   1.70382373e-03  -3.35735816e+01   3.94801204e+01
 2.42000000e+00  -8.33333334e-03   1.00000000e+00   1.42486817e-01   1.69011660e-03  -3.33978669e+01   3.94436755e+01
 2.43000000e+00  -8.33333334e-03   1.00000000e+00   1.41289917e-01   1.67421297e-03  -3.35164779e+01   3.93321148e+01
 2.44000000e+00  -8.33333334e-03   1.00000000e+00   1.39952291e-01   1.65669808e-03  -3.36682358e+01   3.93148198e+01
 2.45000000e+00  -8.33333334e-03   1.00000000e+00   1.38483745e-01   1.63754703e-03  -3.38182349e+01   3.92922238e+01
 2.46000000e+00  -8.33333334e-03   1.00000000e+00   1.36894772e-01   1.61683367e-03  -3.39633189e+01   3.92561738e+01
 2.47000000e+00  -8.33333334e-03   1.00000000e+00   1.35196216e-01   1.59467052e-03  -3.41055436e+01   3.92085064e+01
 2.48000000e+00  -8.33333334e-03   1.00000000e+00   1.33398799e-01   1.57128761e-03  -3.42442643e+01   3.91511147e+01
 2.49000000e+00  -8.33333334e-03   1.00000000e+00   1.31512609e-01   1.54706413e-03  -3.43780075e+01   3.90853451e+01
 2.50000000e+00  -8.33333334e-03   1.00000000e+00   1.29546636e-01   1.52244374e-03  -3.45059784e+01   3.90122314e+01
 2.51000000e+00  -8.33333334e-03   1.00000000e+00   1.27508402e-01   1.49784141e-03  -3.46273552e+01   3.89325829e+01
 2.52000000e+00  -8.33333334e-03   1.00000000e+00   1.25403792e-01   1.47357000e-03  -3.47419021e+01   3.88469618e+01
 2.53000000e+00  -8.33333334e-03   1.00000000e+00   1.23237028e-01   1.44980756e-03  -3.48495611e+01   3.87557418e+01
 2.54000000e+00  -8.33333334e-03   1.00000000e+00   1.21010748e-01   1.42657725e-03  -3.49506393e+01   3.86590352e+01
 2.55000000e+00  -8.33333334e-03   1.00000000e+00   1.18726102e-01   1.40374502e-03  -3.50455732e+01   3.85567074e+01
 2.56000000e+00  -8.33333334e-03   1.00000000e+00   1.16382884e-01   1.38103679e-03  -3.51350746e+01   3.84483732e+01
 2.57000000e+00  -8.33333334e-03   1.00000000e+00   1.13979721e-01   1.35809062e-03  -3.52200405e+01   3.83333902e+01
 2.58000000e+00  -8.33333334e-03   1.00000000e+00   1.11514334e-01   1.33453090e-03  -3.53014993e+01   3.82110229e+01
 2.59000000e+00  -8.33333334e-03   1.00000000e+00   1.08983877e-01   1.31003415e-03  -3.53805214e+01   3.80802598e+01
 2.60000000e+00  -8.33333334e-03   1.00000000e+00   1.06385323e-01   1.28436986e-03  -3.54582096e+01   3.79401334e+01
 2.61000000e+00  -8.33333334e-03   1.00000000e+00   1.03715872e-01   1.25740763e-03  -3.55355978e+01   3.77897021e+01
 2.62000000e+00  -8.33333334e-03   1.00000000e+00   1.00973357e-01   1.22909850e-03  -3.56135750e+01   3.76281162e+01
 2.63000000e+00  -8.33333334e-03   1.00000000e+00   9.81566465e-02   1.19944230e-03  -3.56928117e+01   3.74546890e+01
 2.64000000e+00  -8.33333334e-03   1.00000000e+00   9.52660070e-02   1.16845190e-03  -3.57736962e+01   3.72689577e+01
 2.65000000e+00  -8.33333334e-03   1.00000000e+00   9.23033981e-02   1.13612746e-03  -3.58562605e+01   3.70707386e+01
 2.66000000e+00  -8.33333334e-03   1.00000000e+00   8.92726781e-02   1.10244748e-03  -3.59402256e+01   3.68601623e+01
 2.67000000e+00  -8.33333334e-03   1.00000000e+00   8.61796819e-02   1.06738428e-03  -3.60249133e+01   3.66377055e+01
 2.68000000e+00  -8.33333334e-03   1.00000000e+00   8.30321646e-02   1.03093568e-03  -3.61093738e+01   3.64041984e+01
 2.69000000e+00  -8.33333334e-03   1.00000000e+00   7.98396129e-02   9.93165671e-04  -3.61923914e+01   3.61607681e+01
 2.70000000e+00  -8.33333334e-03   1.00000000e+00   7.66129454e-02   9.54237450e-04  -3.62726043e+01   3.59088106e+01
 2.71000000e+00  -8.33333334e-03   1.00000000e+00   7.33641366e-02   9.14428795e-04  -3.63485589e+01   3.56499332e+01
 2.72000000e+00  -8.33333334e-03   1.00000000e+00   7.01057988e-02   8.74123005e-04  -3.64188180e+01   3.53858626e+01
 2.73000000e+00  -8.33333334e-03   1.00000000e+00   6.68507544e-02   8.33776214e-04  -3.64820210e+01   3.51183971e+01
 2.74000000e+00  -8.33333334e-03   1.00000000e+00   6.36116253e-02   7.93867551e-04  -3.65369837e+01   3.48493804e+01
 2.75000000e+00  -8.33333334e-03   1.00000000e+00   6.04004487e-02   7.54843066e-04  -3.65825920e+01   3.45804561e+01
 2.76000000e+00  -8.33333334e-03   1.00000000e+00   5.72283260e-02   7.17065224e-04  -3.66180580e+01   3.43132354e+01
 2.77000000e+00  -8.33333334e-03   1.00000000e+00   5.41051135e-02   6.80780131e-04  -3.66427897e+01   3.40490677e+01
 2.78000000e+00  -8.33333334e-03   1.00000000e+00   5.10391607e-02   6.46107163e-04  -3.66564705e+01   3.37890424e+01
 2.79000000e+00  -8.33333334e-03   1.00000000e+00   4.80371166e-02   6.13050628e-04  -3.66590841e+01   3.35338566e+01
 2.80000000e+00  -8.33333334e-03   1.00000000e+00   4.51037945e-02   5.81533654e-04  -3.66509429e+01   3.32841434e+01
 2.81000000e+00  -8.33333334e-03   1.00000000e+00   4.22421512e-02   5.51433158e-04  -3.66326219e+01   3.30399822e+01
 2.82000000e+00  -8.33333334e-03   1.00000000e+00   3.94533540e-02   5.22612767e-04  -3.66050013e+01   3.28011972e+01
 2.83000000e+00  -8.33333334e-03   1.00000000e+00   3.67369547e-02   4.94945212e-04  -3.65691685e+01   3.25673635e+01
 2.84000000e+00  -8.33333334e-03   1.00000000e+00   3.40911661e-02   4.68316741e-04  -3.65264073e+01   3.23378339e+01
 2.85000000e+00  -8.33333334e-03   1.00000000e+00   3.15132221e-02   4.42618781e-04  -3.64781111e+01   3.21118640e+01
 2.86000000e+00  -8.33333334e-03   1.00000000e+00   2.89998018e-02   4.17730006e-04  -3.64255952e+01   3.18885016e+01
 2.87000000e+00  -8.33333334e-03   1.00000000e+00   2.65474832e-02   3.93499801e-04  -3.63701889e+01   3.16669085e+01
 2.88000000e+00  -8.33333334e-03   1.00000000e+00   2.41531944e-02   3.69741085e-04  -3.63129635e+01   3.14462146e+01
 2.89000000e+00  -8.33333334e-03   1.00000000e+00   2.18146254e-02   3.46236981e-04  -3.62548317e+01   3.12257565e+01
 2.90000000e+00  -8.33333334e-03   1.00000000e+00   1.95305725e-02   3.22763579e-04  -3.61964935e+01   3.10051294e+01
 2.91000000e+00  -8.33333334e-03   1.00000000e+00   1.73011958e-02   2.99123254e-04  -3.61382891e+01   3.07840418e+01
 2.92000000e+00  -8.33333334e-03   1.00000000e+00   1.51281800e-02   2.75182191e-04  -3.60803631e+01   3.05625799e+01
 2.93000000e+00  -8.33333334e-03   1.00000000e+00   1.30148056e-02   2.50901565e-04  -3.60225772e+01   3.03409776e+01
 2.94000000e+00  -8.33333334e-03   1.00000000e+00   1.09659082e-02   2.26358501e-04  -3.59644574e+01   3.01198357e+01
 2.95000000e+00  -8.33333334e-03   1.00000000e+00   8.98778058e-03   2.01743101e-04  -3.59054840e+01   2.98999882e+01
 2.96000000e+00  -8.33333334e-03   1.00000000e+00   7.08799113e-03   1.77337489e-04  -3.58450376e+01   2.96825434e+01
 2.97000000e+00  -8.33333334e-03   1.00000000e+00   5.27512865e-03   1.53484577e-04  -3.57822159e+01   2.94686735e+01
 2.98000000e+00  -8.33333334e-03   1.00000000e+00   3.55849256e-03   1.30549188e-04  -3.57161657e+01   2.92597818e+01
 2.99000000e+00  -8.33333334e-03   1.00000000e+00   1.94772946e-03   1.08880779e-04  -3.56459352e+01   2.90572483e+01
 3.00000000e+00  -8.33333334e-03   1.00000000e+00   4.52432947e-04   8.87848465e-05  -3.55706454e+01   2.88625073e+01
 3.01000000e+00  -8.33333334e-03   1.00000000e+00  -9.18276980e-04   7.05082675e-05  -3.54895764e+01   2.86769823e+01
 3.02000000e+00  -8.33333334e-03   1.00000000e+00  -2.15617005e-03   5.42383352e-05  -3.54021150e+01   2.85018788e+01
 3.03000000e+00  -8.33333334e-03   1.00000000e+00  -3.25428786e-03   4.01112055e-05  -3.53078377e+01   2.83381366e+01
 3.04000000e+00  -8.33333334e-03   1.00000000e+00  -4.20726748e-03   2.82242040e-05  -3.52066426e+01   2.81865413e+01
 3.05000000e+00  -8.33333334e-03   1.00000000e+00  -5.01158558e-03   1.86477781e-05  -3.50986595e+01   2.80475573e+01
 3.06000000e+00  -8.33333334e-03   1.00000000e+00  -5.66569924e-03   1.14298498e-05  -3.49842686e+01   2.79213272e+01
 3.07000000e+00  -8.33333334e-03   1.00000000e+00  -6.17007207e-03   6.58871235e-06  -3.48641701e+01   2.78076917e+01
 3.08000000e+00  -8.33333334e-03   1.00000000e+00  -6.52709859e-03   4.10085735e-06  -3.47392040e+01   2.77062780e+01
 3.09000000e+00  -8.33333334e-03   1.00000000e+00  -6.74091137e-03   3.88138826e-06  -3.46104907e+01   2.76163875e+01
 3.10000000e+00  -8.33333334e-03   1.00000000e+00  -6.81710588e-03   5.77315239e-06  -3.44792146e+01   2.75371617e+01
 3.11000000e+00  -8.33333334e-03   1.00000000e+00  -6.76240047e-03   9.54566624e-06  -3.43466679e+01   2.74676464e+01
 3.12000000e+00  -8.33333334e-03   1.00000000e+00  -6.58425731e-03   1.49065698e-05  -3.42141412e+01   2.74067580e+01
 3.13000000e+00  -8.33333334e-03   1.00000000e+00  -6.29048614e-03   2.15251795e-05  -3.40828108e+01   2.73534159e+01
 3.14000000e+00  -8.33333334e-03   1.00000000e+00  -5.88884242e-03   2.90621637e-05  -3.39538136e+01   2.73066157e+01
 3.15000000e+00  -8.33333334e-03   1.00000000e+00  -5.38664349e-03   3.72022505e-05  -3.38281906e+01   2.72654184e+01
 3.16000000e+00  -8.33333334e-03   1.00000000e+00  -4.79042602e-03   4.56859028e-05  -3.37067270e+01   2.72290171e+01
 3.17000000e+00  -8.33333334e-03   1.00000000e+00  -4.10564302e-03   5.43308825e-05  -3.35900359e+01   2.71968161e+01
 3.18000000e+00  -8.33333334e-03   1.00000000e+00  -3.33643104e-03   6.30456231e-05  -3.34784366e+01   2.71684523e+01
 3.19000000e+00  -8.33333334e-03   1.00000000e+00  -2.48544198e-03   7.18235419e-05  -3.33721167e+01   2.71438038e+01
 3.20000000e+00  -8.33333334e-03   1.00000000e+00  -1.55377363e-03   8.07303372e-05  -3.32708616e+01   2.71229700e+01
 3.21000000e+00  -8.33333334e-03   1.00000000e+00  -5.40988351e-04   8.98838070e-05  -3.31744096e+01   2.71063486e+01
 3.22000000e+00  -8.33333334e-03   1.00000000e+00   5.54757635e-04   9.94355062e-05  -3.30821198e+01   2.70945097e+01
 3.23000000e+00  -8.33333334e-03   1.00000000e+00   1.73650246e-03   1.09555249e-04  -3.29932903e+01   2.70882164e+01
 3.24000000e+00  -8.33333334e-03   1.00000000e+00   3.00817175e-03   1.20421524e-04  -3.29070373e+01   2.70883661e+01
 3.25000000e+00  -8.33333334e-03   1.00000000e+00   4.37421378e-03   1.32218670e-04  -3.28224486e+01   2.70959336e+01
 3.26000000e+00  -8.33333334e-03   1.00000000e+00   5.83919095e-03   1.45137209e-04  -3.27386223e+01   2.71118988e+01
 3.27000000e+00  -8.33333334e-03   1.00000000e+00   7.40735735e-03   1.59373591e-04  -3.26547397e+01   2.71371945e+01
 3.28000000e+00  -8.33333334e-03   1.00000000e+00   9.08224800e-03   1.75127022e-04  -3.25701272e+01   2.71727075e+01
 3.29000000e+00  -8.33333334e-03   1.00000000e+00   1.08663138e-02   1.92584187e-04  -3.24841648e+01   2.72190642e+01
 3.30000000e+00  -8.33333334e-03   1.00000000e+00   1.27605969e-02   2.11903145e-04  -3.23963971e+01   2.72769375e+01
 3.31000000e+00  -8.33333334e-03   1.00000000e+00   1.47645265e-02   2.33192983e-04  -3.23069607e+01   2.73465408e+01
 3.32000000e+00  -8.33333334e-03   1.00000000e+00   1.68757567e-02   2.56518114e-04  -3.22158717e+01   2.74279044e+01
 3.33000000e+00  -8.33333334e-03   1.00000000e+00   1.90901277e-02   2.81873496e-04  -3.21235175e+01   2.75208425e+01
 3.34000000e+00  -8.33333334e-03   1.00000000e+00   2.14016976e-02   3.09167569e-04  -3.20304410e+01   2.76249283e+01
 3.35000000e+00  -8.33333334e-03   1.00000000e+00   2.38028694e-02   3.38216169e-04  -3.19374848e+01   2.77395756e+01
 3.36000000e+00  -8.33333334e-03   1.00000000e+00   2.62845932e-02   3.68755717e-04  -3.18454617e+01   2.78638855e+01
 3.37000000e+00  -8.33333334e-03   1.00000000e+00   2.88366458e-02   4.00466655e-04  -3.17554399e+01   2.79968648e+01
 3.38000000e+00  -8.33333334e-03   1.00000000e+00   3.14479683e-02   4.33001096e-04  -3.16685629e+01   2.81374663e+01
 3.39000000e+00  -8.33333334e-03   1.00000000e+00   3.41070499e-02   4.66008889e-04  -3.15858787e+01   2.82844803e+01
 3.40000000e+00  -8.33333334e-03   1.00000000e+00   3.68023380e-02   4.99160149e-04  -3.15084674e+01   2.84367366e+01
 3.41000000e+00  -8.33333334e-03   1.00000000e+00   3.95226497e-02   5.32163678e-04  -3.14372997e+01   2.85931255e+01
 3.42000000e+00  -8.33333334e-03   1.00000000e+00   4.22575645e-02   5.64777906e-04  -3.13731847e+01   2.87526520e+01
 3.43000000e+00  -8.33333334e-03   1.00000000e+00   4.49977729e-02   5.96814105e-04  -3.13167159e+01   2.89144772e+01
 3.44000000e+00  -8.33333334e-03   1.00000000e+00   4.77353598e-02   6.28133554e-04  -3.12682842e+01   2.90779281e+01
 3.45000000e+00  -8.33333334e-03   1.00000000e+00   5.04640029e-02   6.58644130e-04  -3.12279202e+01   2.92425103e+01
 3.46000000e+00  -8.33333334e-03   1.00000000e+00   5.31790751e-02   6.88293371e-04  -3.11955500e+01   2.94080504e+01
 3.47000000e+00  -8.33333334e-03   1.00000000e+00   5.58776458e-02   7.17072271e-04  -3.11706924e+01   2.95744961e+01
 3.48000000e+00  -8.33333334e-03   1.00000000e+00   5.85583837e-02   7.45014727e-04  -3.11527380e+01   2.97420421e+01
 3.49000000e+00  -8.33333334e-03   1.00000000e+00   6.12213649e-02   7.72202207e-04  -3.11409168e+01   2.99111428e+01
 3.50000000e+00  -8.33333334e-03   1.00000000e+00   6.38678039e-02   7.98766070e-04  -3.11342071e+01   3.00822677e+01
 3.51000000e+00  -8.33333334e-03   1.00000000e+00   6.64997292e-02   8.24883451e-04  -3.11316076e+01   3.02560493e+01
 3.52000000e+00  -8.33333334e-03   1.00000000e+00   6.91196159e-02   8.50768910e-04  -3.11320491e+01   3.04331852e+01
 3.53000000e+00  -8.33333334e-03   1.00000000e+00   7.17300034e-02   8.76658775e-04  -3.11345091e+01   3.06143844e+01
 3.54000000e+00  -8.33333334e-03   1.00000000e+00   7.43331150e-02   9.02790170e-04  -3.11380578e+01   3.08003030e+01
 3.55000000e+00  -8.33333334e-03   1.00000000e+00   7.69304959e-02   9.29376889e-04  -3.11419362e+01   3.09915672e+01
 3.56000000e+00  -8.33333334e-03   1.00000000e+00   7.95226917e-02   9.56586967e-04  -3.11454653e+01   3.11885349e+01
 3.57000000e+00  -8.33333334e-03   1.00000000e+00   8.21089822e-02   9.84523090e-04  -3.11482701e+01   3.13914405e+01
 3.58000000e+00  -8.33333334e-03   1.00000000e+00   8.46871820e-02   1.01321299e-03  -3.11501666e+01   3.16003125e+01
 3.59000000e+00  -8.33333334e-03   1.00000000e+00   8.72535285e-02   1.04260644e-03  -3.11512642e+01   3.18149539e+01
 3.60000000e+00  -8.33333334e-03   1.00000000e+00   8.98026605e-02   1.07258092e-03  -3.11519152e+01   3.20349129e+01
 3.61000000e+00  -8.33333334e-03   1.00000000e+00   9.23276899e-02   1.10295432e-03  -3.11527380e+01   3.22595724e+01
 3.62000000e+00  -8.33333334e-03   1.00000000e+00   9.48203680e-02   1.13350029e-03  -3.11544807e+01   3.24879722e+01
 3.63000000e+00  -8.33333334e-03   1.00000000e+00   9.72713401e-02   1.16396276e-03  -3.11581125e+01   3.27190151e+01
 3.64000000e+00  -8.33333334e-03   1.00000000e+00   9.96704633e-02   1.19407029e-03  -3.11646560e+01   3.29514925e+01
 3.65000000e+00  -8.33333334e-03   1.00000000e+00   1.02007185e-01   1.22354551e-03  -3.11752310e+01   3.31840835e+01
 3.66000000e+00  -8.33333334e-03   1.00000000e+00   1.04270944e-01   1.25211284e-03  -3.11909000e+01   3.34154445e+01
 3.67000000e+00  -8.33333334e-03   1.00000000e+00   1.06451581e-01   1.27950472e-03  -3.12126423e+01   3.36442350e+01
 3.68000000e+00  -8.33333334e-03   1.00000000e+00   1.08539726e-01   1.30546823e-03  -3.12412933e+01   3.38691920e+01
 3.69000000e+00  -8.33333334e-03   1.00000000e+00   1.10527144e-01   1.32977364e-03  -3.12774910e+01   3.40891624e+01
 3.70000000e+00  -8.33333334e-03   1.00000000e+00   1.12407026e-01   1.35222578e-03  -3.13215867e+01   3.43031172e+01
 3.71000000e+00  -8.33333334e-03   1.00000000e+00   1.14174200e-01   1.37267194e-03  -3.13738129e+01   3.45103052e+01
 3.72000000e+00  -8.33333334e-03   1.00000000e+00   1.15825251e-01   1.39102664e-03  -3.14338893e+01   3.47102088e+01
 3.73000000e+00  -8.33333334e-03   1.00000000e+00   1.17358577e-01   1.40726766e-03  -3.15015425e+01   3.49024226e+01
 3.74000000e+00  -8.33333334e-03   1.00000000e+00   1.18774328e-01   1.42144701e-03  -3.15760960e+01   3.50869089e+01
 3.75000000e+00  -8.33333334e-03   1.00000000e+00   1.20074270e-01   1.43368917e-03  -3.16566748e+01   3.52637501e+01
 3.76000000e+00  -8.33333334e-03   1.00000000e+00   1.21261573e-01   1.44418119e-03  -3.17422466e+01   3.54332861e+01
 3.77000000e+00  -8.33333334e-03   1.00000000e+00   1.22340521e-01   1.45315679e-03  -3.18316520e+01   3.55960392e+01
 3.78000000e+00  -8.33333334e-03   1.00000000e+00   1.23316178e-01   1.46087611e-03  -3.19236778e+01   3.57526423e+01
 3.79000000e+00  -8.33333334e-03   1.00000000e+00   1.24194010e-01   1.46760387e-03  -3.20170879e+01   3.59038049e+01
 3.80000000e+00  -8.33333334e-03   1.00000000e+00   1.24979493e-01   1.47358926e-03  -3.21107203e+01   3.60502526e+01
 3.81000000e+00  -8.33333334e-03   1.00000000e+00   1.25677736e-01   1.47904977e-03  -3.22035408e+01   3.61926518e+01
 3.82000000e+00  -8.33333334e-03   1.00000000e+00   1.26293121e-01   1.48416045e-03  -3.22946808e+01   3.63315727e+01
 3.83000000e+00  -8.33333334e-03   1.00000000e+00   1.26829002e-01   1.48904788e-03  -3.23835014e+01   3.64674241e+01
 3.84000000e+00  -8.33333334e-03   1.00000000e+00   1.27287472e-01   1.49378766e-03  -3.24696304e+01   3.66004452e+01
 3.85000000e+00  -8.33333334e-03   1.00000000e+00   1.27669211e-01   1.49840531e-03  -3.25529576e+01   3.67306245e+01
 3.86000000e+00  -8.33333334e-03   1.00000000e+00   1.27973425e-01   1.50287789e-03  -3.26336621e+01   3.68577190e+01
 3.87000000e+00  -8.33333334e-03   1.00000000e+00   1.28197882e-01   1.50713559e-03  -3.27121716e+01   3.69812625e+01
 3.88000000e+00  -8.33333334e-03   1.00000000e+00   1.28339002e-01   1.51095262e-03  -3.28397506e+01   3.70892832e+01
 3.89000000e+00  -8.33333334e-03   1.00000000e+00   1.28391862e-01   1.51435057e-03  -3.28370469e+01   3.71831730e+01
 3.90000000e+00  -8.33333334e-03   1.00000000e+00   1.28351216e-01   1.51705996e-03  -3.29089367e+01   3.72671658e+01
 3.91000000e+00  -8.33333334e-03   1.00000000e+00   1.28210783e-01   1.51886110e-03  -3.29911386e+01   3.73714580e+01
 3.92000000e+00  -8.33333334e-03   1.00000000e+00   1.27964611e-01   1.51948734e-03  -3.30665025e+01   3.74711695e+01
 3.93000000e+00  -8.33333334e-03   1.00000000e+00   1.27606981e-01   1.51866993e-03  -3.31452723e+01   3.75615946e+01
 3.94000000e+00  -8.33333334e-03   1.00000000e+00   1.27132671e-01   1.51616942e-03  -3.32269989e+01   3.76421838e+01
 3.95000000e+00  -8.33333334e-03   1.00000000e+00   1.26537542e-01   1.51201424e-03  -3.36004445e+01   3.78709181e+01
 3.96000000e+00  -8.33333334e-03   1.00000000e+00   1.25819629e-01   1.50576670e-03  -3.34673652e+01   3.78719718e+01
 3.97000000e+00  -8.33333334e-03   1.00000000e+00   1.24975972e-01   1.49730618e-03  -3.35455694e+01   3.78085861e+01
 3.98000000e+00  -8.33333334e-03   1.00000000e+00   1.24006835e-01   1.48679647e-03  -3.36608035e+01   3.78204644e+01
 3.99000000e+00  -8.33333334e-03   1.00000000e+00   1.22914305e-01   1.47414953e-03  -3.37784826e+01   3.78268357e+01
 4.00000000e+00  -8.33333334e-03   1.00000000e+00   1.21702237e-01   1.45938765e-03  -3.38969402e+01   3.78185268e+01
 4.01000000e+00  -8.33333334e-03   1.00000000e+00   1.20376211e-01   1.44258737e-03  -3.40177090e+01   3.77962296e+01
 4.02000000e+00  -8.33333334e-03   1.00000000e+00   1.18943349e-01   1.42394080e-03  -3.41401239e+01   3.77611830e+01
 4.03000000e+00  -8.33333334e-03   1.00000000e+00   1.17411990e-01   1.40374781e-03  -3.42630202e+01   3.77144423e+01
 4.04000000e+00  -8.33333334e-03   1.00000000e+00   1.15791275e-01   1.38235904e-03  -3.43850267e+01   3.76570475e+01
 4.05000000e+00  -8.33333334e-03   1.00000000e+00   1.14090745e-01   1.36012088e-03  -3.45047738e+01   3.75901136e+01
 4.06000000e+00  -8.33333334e-03   1.00000000e+00   1.12319980e-01   1.33734894e-03  -3.46210408e+01   3.75148505e+01
 4.07000000e+00  -8.33333334e-03   1.00000000e+00   1.10488288e-01   1.31432119e-03  -3.47326226e+01   3.74324328e+01
 4.08000000e+00  -8.33333334e-03   1.00000000e+00   1.08604389e-01   1.29127126e-03  -3.48385302e+01   3.73439888e+01
 4.09000000e+00  -8.33333334e-03   1.00000000e+00   1.06676119e-01   1.26837481e-03  -3.49380043e+01   3.72505232e+01
 4.10000000e+00  -8.33333334e-03   1.00000000e+00   1.04710145e-01   1.24574671e-03  -3.50304397e+01   3.71528511e+01
 4.11000000e+00  -8.33333334e-03   1.00000000e+00   1.02711771e-01   1.22344643e-03  -3.51155093e+01   3.70516040e+01
 4.12000000e+00  -8.33333334e-03   1.00000000e+00   1.00684837e-01   1.20148932e-03  -3.51932907e+01   3.69471383e+01
 4.13000000e+00  -8.33333334e-03   1.00000000e+00   9.86316973e-02   1.17986311e-03  -3.52640086e+01   3.68395773e+01
 4.14000000e+00  -8.33333334e-03   1.00000000e+00   9.65532763e-02   1.15852930e-03  -3.53282563e+01   3.67288652e+01
 4.15000000e+00  -8.33333334e-03   1.00000000e+00   9.44491892e-02   1.13741842e-03  -3.53867194e+01   3.66146015e+01
 4.16000000e+00  -8.33333334e-03   1.00000000e+00   9.23179389e-02   1.11642334e-03  -3.54403158e+01   3.64962417e+01
 4.17000000e+00  -8.33333334e-03   1.00000000e+00   9.01571900e-02   1.09539615e-03  -3.54901239e+01   3.63731459e+01
 4.18000000e+00  -8.33333334e-03   1.00000000e+00   8.79641166e-02   1.07415092e-03  -3.55371667e+01   3.62444508e+01
 4.19000000e+00  -8.33333334e-03   1.00000000e+00   8.57358026e-02   1.05247303e-03  -3.55824930e+01   3.61093037e+01
 4.20000000e+00  -8.33333334e-03   1.00000000e+00   8.34696579e-02   1.03013556e-03  -3.56270666e+01   3.59669772e+01
 4.21000000e+00  -8.33333334e-03   1.00000000e+00   8.11638105e-02   1.00692172e-03  -3.56715684e+01   3.58167240e+01
 4.22000000e+00  -8.33333334e-03   1.00000000e+00   7.88174476e-02   9.82649451e-04  -3.57165101e+01   3.56580192e+01
 4.23000000e+00  -8.33333334e-03   1.00000000e+00   7.64310726e-02   9.57194434e-04  -3.57621805e+01   3.54906415e+01
 4.24000000e+00  -8.33333334e-03   1.00000000e+00   7.40066752e-02   9.30506292e-04  -3.58085070e+01   3.53144816e+01
 4.25000000e+00  -8.33333334e-03   1.00000000e+00   7.15478125e-02   9.02615066e-04  -3.58552176e+01   3.51297551e+01
 4.26000000e+00  -8.33333334e-03   1.00000000e+00   6.90596020e-02   8.73628440e-04  -3.59017958e+01   3.49369665e+01
 4.27000000e+00  -8.33333334e-03   1.00000000e+00   6.65486417e-02   8.43720907e-04  -3.59475673e+01   3.47369312e+01
 4.28000000e+00  -8.33333334e-03   1.00000000e+00   6.40228582e-02   8.13117614e-04  -3.59915807e+01   3.45305893e+01
 4.29000000e+00  -8.33333334e-03   1.00000000e+00   6.14912926e-02   7.82075728e-04  -3.60328145e+01   3.43191224e+01
 4.30000000e+00  -8.33333334e-03   1.00000000e+00   5.89638285e-02   7.50867451e-04  -3.60701638e+01   3.41038962e+01
 4.31000000e+00  -8.33333334e-03   1.00000000e+00   5.64508747e-02   7.19765980e-04  -3.61025428e+01   3.38864349e+01
 4.32000000e+00  -8.33333334e-03   1.00000000e+00   5.39630136e-02   6.89036684e-04  -3.61288013e+01   3.36681783e+01
 4.33000000e+00  -8.33333334e-03   1.00000000e+00   5.15106335e-02   6.58931599e-04  -3.61479804e+01   3.34506586e+01
 4.34000000e+00  -8.33333334e-03   1.00000000e+00   4.91035591e-02   6.29686248e-04  -3.61592184e+01   3.32352773e+01
 4.35000000e+00  -8.33333334e-03   1.00000000e+00   4.67507035e-02   6.01516117e-04  -3.61618600e+01   3.30232670e+01
 4.36000000e+00  -8.33333334e-03   1.00000000e+00   4.44597599e-02   5.74610731e-04  -3.61554456e+01   3.28156201e+01
 4.37000000e+00  -8.33333334e-03   1.00000000e+00   4.22369535e-02   5.49124328e-04  -3.61398988e+01   3.26132076e+01
 4.38000000e+00  -8.33333334e-03   1.00000000e+00   4.00868747e-02   5.25165524e-04  -3.61154027e+01   3.24166453e+01
 4.39000000e+00  -8.33333334e-03   1.00000000e+00   3.80124086e-02   5.02785649e-04  -3.60823431e+01   3.22261053e+01
 4.40000000e+00  -8.33333334e-03   1.00000000e+00   3.60147667e-02   4.81970522e-04  -3.60413981e+01   3.20415524e+01
 4.41000000e+00  -8.33333334e-03   1.00000000e+00   3.40936183e-02   4.62638139e-04  -3.59934970e+01   3.18627742e+01
 4.42000000e+00  -8.33333334e-03   1.00000000e+00   3.22473085e-02   4.44643453e-04  -3.59396292e+01   3.16892194e+01
 4.43000000e+00  -8.33333334e-03   1.00000000e+00   3.04731465e-02   4.27789632e-04  -3.58809775e+01   3.15202842e+01
 4.44000000e+00  -8.33333334e-03   1.00000000e+00   2.87677357e-02   4.11846551e-04  -3.58186583e+01   3.13551542e+01
 4.45000000e+00  -8.33333334e-03   1.00000000e+00   2.71273296e-02   3.96571794e-04  -3.57538506e+01   3.11930797e+01
 4.46000000e+00  -8.33333334e-03   1.00000000e+00   2.55481880e-02   3.81732248e-04  -3.56875738e+01   3.10332205e+01
 4.47000000e+00  -8.33333334e-03   1.00000000e+00   2.40269204e-02   3.67123303e-04  -3.56207992e+01   3.08749139e+01
 4.48000000e+00  -8.33333334e-03   1.00000000e+00   2.25608002e-02   3.52582639e-04  -3.55542971e+01   3.07175719e+01
 4.49000000e+00  -8.33333334e-03   1.00000000e+00   2.11480379e-02   3.37998521e-04  -3.54886028e+01   3.05606969e+01
 4.50000000e+00  -8.33333334e-03   1.00000000e+00   1.97880036e-02   3.23312124e-04  -3.54241394e+01   3.04041164e+01
 4.51000000e+00  -8.33333334e-03   1.00000000e+00   1.84813744e-02   3.08517124e-04  -3.53609499e+01   3.02477911e+01
 4.52000000e+00  -8.33333334e-03   1.00000000e+00   1.72302181e-02   2.93654742e-04  -3.52989729e+01   3.00920228e+01
 4.53000000e+00  -8.33333334e-03   1.00000000e+00   1.60379928e-02   2.78809739e-04  -3.52378658e+01   2.99372344e+01
 4.54000000e+00  -8.33333334e-03   1.00000000e+00   1.49094608e-02   2.64106397e-04  -3.51771531e+01   2.97841682e+01
 4.55000000e+00  -8.33333334e-03   1.00000000e+00   1.38505175e-02   2.49705832e-04  -3.51161133e+01   2.96336624e+01
 4.56000000e+00  -8.33333334e-03   1.00000000e+00   1.28679473e-02   2.35802224e-04  -3.50540107e+01   2.94867939e+01
 4.57000000e+00  -8.33333334e-03   1.00000000e+00   1.19691096e-02   2.22618495e-04  -3.49899683e+01   2.93446564e+01
 4.58000000e+00  -8.33333334e-03   1.00000000e+00   1.11615768e-02   2.10397812e-04  -3.49231602e+01   2.92084574e+01
 4.59000000e+00  -8.33333334e-03   1.00000000e+00   1.04527545e-02   1.99394250e-04  -3.48528266e+01   2.90793196e+01
 4.60000000e+00  -8.33333334e-03   1.00000000e+00   9.84949719e-03   1.89857960e-04  -3.47783092e+01   2.89583519e+01
 4.61000000e+00  -8.33333334e-03   1.00000000e+00   9.35776048e-03   1.82017167e-04  -3.46991395e+01   2.88465099e+01
 4.62000000e+00  -8.33333334e-03   1.00000000e+00   8.98229308e-03   1.76063151e-04  -3.46149906e+01   2.87444921e+01
 4.63000000e+00  -8.33333334e-03   1.00000000e+00   8.72640311e-03   1.72133440e-04  -3.45258160e+01   2.86528669e+01
 4.64000000e+00  -8.33333334e-03   1.00000000e+00   8.59179794e-03   1.70301157e-04  -3.44317724e+01   2.85719439e+01
 4.65000000e+00  -8.33333334e-03   1.00000000e+00   8.57842665e-03   1.70663039e-04  -3.43183548e+01   2.84916054e+01
 4.66000000e+00  -8.33333334e-03   1.00000000e+00   8.68518115e-03   1.72942205e-04  -3.42454578e+01   2.84436828e+01
 4.67000000e+00  -8.33333334e-03   1.00000000e+00   8.90824096e-03   1.77150689e-04  -3.41281691e+01   2.83988432e+01
 4.68000000e+00  -8.33333334e-03   1.00000000e+00   9.24314877e-03   1.83093469e-04  -3.40164610e+01   2.83529575e+01
 4.69000000e+00  -8.33333334e-03   1.00000000e+00   9.68400367e-03   1.90562192e-04  -3.39072567e+01   2.83208175e+01
 4.70000000e+00  -8.33333334e-03   1.00000000e+00   1.02240574e-02   1.99317374e-04  -3.37982951e+01   2.82975338e+01
 4.71000000e+00  -8.33333334e-03   1.00000000e+00   1.08559642e-02   2.09116430e-04  -3.36900948e+01   2.82811814e+01
 4.72000000e+00  -8.33333334e-03   1.00000000e+00   1.15721613e-02   2.19726811e-04  -3.35838706e+01   2.82707143e+01
 4.73000000e+00  -8.33333334e-03   1.00000000e+00   1.23652125e-02   2.30933970e-04  -3.34806072e+01   2.82652917e+01
 4.74000000e+00  -8.33333334e-03   1.00000000e+00   1.32281458e-02   2.42539608e-04  -3.33811772e+01   2.82641197e+01
 4.75000000e+00  -8.33333334e-03   1.00000000e+00   1.41547518e-02   2.54361478e-04  -3.32862942e+01   2.82665254e+01
 4.76000000e+00  -8.33333334e-03   1.00000000e+00   1.51398476e-02   2.66241864e-04  -3.31964099e+01   2.82720028e+01
 4.77000000e+00  -8.33333334e-03   1.00000000e+00   1.61794960e-02   2.78061654e-04  -3.31118025e+01   2.82802160e+01
 4.78000000e+00  -8.33333334e-03   1.00000000e+00   1.72711510e-02   2.89753357e-04  -3.30324829e+01   2.82910709e+01
 4.79000000e+00  -8.33333334e-03   1.00000000e+00   1.84137058e-02   3.01308137e-04  -3.29582330e+01   2.83046758e+01
 4.80000000e+00  -8.33333334e-03   1.00000000e+00   1.96074342e-02   3.12777586e-04  -3.28886089e+01   2.83213621e+01
 4.81000000e+00  -8.33333334e-03   1.00000000e+00   2.08538319e-02   3.24271385e-04  -3.28230020e+01   2.83416328e+01
 4.82000000e+00  -8.33333334e-03   1.00000000e+00   2.21553828e-02   3.35950988e-04  -3.27606775e+01   2.83661327e+01
 4.83000000e+00  -8.33333334e-03   1.00000000e+00   2.35152701e-02   3.48017348e-04  -3.27008817e+01   2.83956674e+01
 4.84000000e+00  -8.33333334e-03   1.00000000e+00   2.49370463e-02   3.60696126e-04  -3.26426446e+01   2.84310151e+01
 4.85000000e+00  -8.33333334e-03   1.00000000e+00   2.64243120e-02   3.74212515e-04  -3.25853427e+01   2.84729375e+01
 4.86000000e+00  -8.33333334e-03   1.00000000e+00   2.79803488e-02   3.88778577e-04  -3.25281489e+01   2.85223195e+01
 4.87000000e+00  -8.33333334e-03   1.00000000e+00   2.96077961e-02   4.04573451e-04  -3.24704286e+01   2.85798389e+01
 4.88000000e+00  -8.33333334e-03   1.00000000e+00   3.13083500e-02   4.21733177e-04  -3.24116458e+01   2.86460029e+01
 4.89000000e+00  -8.33333334e-03   1.00000000e+00   3.30825090e-02   4.40345017e-04  -3.23515700e+01   2.87212775e+01
 4.90000000e+00  -8.33333334e-03   1.00000000e+00   3.49293847e-02   4.60444538e-04  -3.22900920e+01   2.88058528e+01
 4.91000000e+00  -8.33333334e-03   1.00000000e+00   3.68465844e-02   4.82014654e-04  -3.22273371e+01   2.88997160e+01
 4.92000000e+00  -8.33333334e-03   1.00000000e+00   3.88301607e-02   5.04989794e-04  -3.21635593e+01   2.90026547e+01
 4.93000000e+00  -8.33333334e-03   1.00000000e+00   4.08746534e-02   5.29259182e-04  -3.20993161e+01   2.91142334e+01
 4.94000000e+00  -8.33333334e-03   1.00000000e+00   4.29732048e-02   5.54671069e-04  -3.20353180e+01   2.92338191e+01
 4.95000000e+00  -8.33333334e-03   1.00000000e+00   4.51177501e-02   5.81034730e-04  -3.19724512e+01   2.93606761e+01
 4.96000000e+00  -8.33333334e-03   1.00000000e+00   4.72992776e-02   6.08123923e-04  -3.19115849e+01   2.94938164e+01
 4.97000000e+00  -8.33333334e-03   1.00000000e+00   4.95081450e-02   6.35683341e-04  -3.18537188e+01   2.96322144e+01
 4.98000000e+00  -8.33333334e-03   1.00000000e+00   5.17344351e-02   6.63438819e-04  -3.17998504e+01   2.97748086e+01
 4.99000000e+00  -8.33333334e-03   1.00000000e+00   5.39683260e-02   6.91111368e-04  -3.17508939e+01   2.99205450e+01
 5.00000000e+00  -8.33333334e-03   1.00000000e+00   5.62004581e-02   7.18431623e-04  -3.17076691e+01   3.00684269e+01