  Time  Coordinate0  Coordinate1  Displacement0  Displacement1  Force0  Force1
 1.00000000e-02  -8.33333334e-03   1.00000000e+00   1.96220367e-05   2.63365939e-05  -1.62803733e+01   1.20227039e+01
 2.00000000e-02  -8.33333334e-03   1.00000000e+00   1.01710766e-04   5.10991242e-05  -2.30299998e+01   1.53790484e+01
 3.00000000e-02  -8.33333334e-03   1.00000000e+00   2.45346642e-04   7.25050971e-05  -2.48068277e+01   1.66570236e+01
 4.00000000e-02  -8.33333334e-03   1.00000000e+00   4.53020983e-04   8.85229994e-05  -2.50283638e+01   1.72398706e+01
 5.00000000e-02  -8.33333334e-03   1.00000000e+00   7.33186567e-04   9.87906371e-05  -2.57898673e+01   1.80971978e+01
 6.00000000e-02  -8.33333334e-03   1.00000000e+00   1.09573488e-03   1.03771179e-04  -2.71520020e+01   1.92630591e+01
 7.00000000e-02  -8.33333334e-03   1.00000000e+00   1.54929130e-03   1.05395547e-04  -2.86442980e+01   2.04968945e+01
 8.00000000e-02  -8.33333334e-03   1.00000000e+00   2.09817722e-03   1.06120593e-04  -3.00369751e+01   2.16743457e+01
 9.00000000e-02  -8.33333334e-03   1.00000000e+00   2.74304373e-03   1.08147943e-04  -3.13157137e+01   2.27910574e+01
 1.00000000e-01  -8.33333334e-03   1.00000000e+00   3.48208774e-03   1.12889128e-04  -3.25351618e+01   2.38700492e+01
 1.10000000e-01  -8.33333334e-03   1.00000000e+00   4.31219011e-03   1.20821136e-04  -3.37171684e+01   2.49216945e+01
 1.20000000e-01  -8.33333334e-03   1.00000000e+00   5.22874155e-03   1.31659751e-04  -3.48588992e+01   2.59441319e+01
 1.30000000e-01  -8.33333334e-03   1.00000000e+00   6.22749517e-03   1.44726075e-04  -3.59534873e+01   2.69313639e+01
 1.40000000e-01  -8.33333334e-03   1.00000000e+00   7.30411543e-03   1.59205349e-04  -3.69957028e+01   2.78847971e+01
 1.50000000e-01  -8.33333334e-03   1.00000000e+00   8.45435773e-03   1.74372371e-04  -3.79868800e+01   2.88023102e+01
 1.60000000e-01  -8.33333334e-03   1.00000000e+00   9.67426545e-03   1.89744301e-04  -3.89277301e+01   2.96865377e+01
 1.70000000e-01  -8.33333334e-03   1.00000000e+00   1.09602042e-02   2.05083961e-04  -3.98198827e+01   3.05386436e+01
 1.80000000e-01  -8.33333334e-03   1.00000000e+00   1.23087235e-02   2.20385413e-04  -4.06645902e+01   3.13604398e+01
 1.90000000e-01  -8.33333334e-03   1.00000000e+00   1.37165608e-02   2.35773528e-04  -4.14632020e+01   3.21536529e+01
 2.00000000e-01  -8.33333334e-03   1.00000000e+00   1.51804191e-02   2.51433977e-04  -4.22172502e+01   3.29199365e+01
 2.10000000e-01  -8.33333334e-03   1.00000000e+00   1.66969686e-02   2.67534967e-04  -4.29280580e+01   3.36609894e+01
 2.20000000e-01  -8.33333334e-03   1.00000000e+00   1.82627623e-02   2.84192868e-04  -4.35970374e+01   3.43782198e+01
 2.30000000e-01  -8.33333334e-03   1.00000000e+00   1.98741750e-02   3.01450694e-04  -4.42252617e+01   3.50728382e+01
 2.40000000e-01  -8.33333334e-03   1.00000000e+00   2.15273739e-02   3.19288665e-04  -4.48137177e+01   3.57457162e+01
 2.50000000e-01  -8.33333334e-03   1.00000000e+00   2.32184854e-02   3.37657455e-04  -4.53630122e+01   3.63974504e+01
 2.60000000e-01  -8.33333334e-03   1.00000000e+00   2.49430428e-02   3.56450700e-04  -4.58739877e+01   3.70282635e+01
 2.70000000e-01  -8.33333334e-03   1.00000000e+00   2.66965506e-02   3.75576853e-04  -4.63471189e+01   3.76381773e+01
 2.80000000e-01  -8.33333334e-03   1.00000000e+00   2.84740962e-02   3.94948038e-04  -4.67828892e+01   3.82268007e+01
 2.90000000e-01  -8.33333334e-03   1.00000000e+00   3.02710544e-02   4.14509662e-04  -4.71813134e+01   3.87936781e+01
 3.00000000e-01  -8.33333334e-03   1.00000000e+00   3.20826101e-02   4.34212778e-04  -4.75427993e+01   3.93382412e+01
 3.10000000e-01  -8.33333334e-03   1.00000000e+00   3.39038524e-02   4.54022132e-04  -4.78673469e+01   3.98595923e+01
 3.20000000e-01  -8.33333334e-03   1.00000000e+00   3.57302341e-02   4.73928708e-04  -4.81550791e+01   4.03570670e+01
 3.30000000e-01  -8.33333334e-03   1.00000000e+00   3.75564109e-02   4.93873866e-04  -4.84063315e+01   4.08296373e+01
 3.40000000e-01  -8.33333334e-03   1.00000000e+00   3.93773118e-02   5.13817704e-04  -4.86213351e+01   4.12762065e+01
 3.50000000e-01  -8.33333334e-03   1.00000000e+00   4.11884171e-02   5.33711141e-04  -4.88003292e+01   4.16960622e+01
 3.60000000e-01  -8.33333334e-03   1.00000000e+00   4.29847110e-02   5.53510693e-04  -4.89436941e+01   4.20881013e+01
 3.70000000e-01  -8.33333334e-03   1.00000000e+00   4.47612422e-02   5.73170902e-04  -4.90518951e+01   4.24515586e+01
 3.80000000e-01  -8.33333334e-03   1.00000000e+00   4.65131027e-02   5.92631157e-04  -4.91254926e+01   4.27857283e+01
 3.90000000e-01  -8.33333334e-03   1.00000000e+00   4.82357648e-02   6.11848050e-04  -4.91652223e+01   4.30900237e+01
 4.00000000e-01  -8.33333334e-03   1.00000000e+00   4.99243608e-02   6.30751071e-04  -4.91719628e+01   4.33638812e+01
 4.10000000e-01  -8.33333334e-03   1.00000000e+00   5.15743811e-02   6.49286740e-04  -4.91467126e+01   4.36068342e+01
 4.20000000e-01  -8.33333334e-03   1.00000000e+00   5.31814322e-02   6.67397543e-04  -4.90904546e+01   4.38186473e+01
 4.30000000e-01  -8.33333334e-03   1.00000000e+00   5.47413632e-02   6.85037547e-04  -4.90043668e+01   4.39991661e+01
 4.40000000e-01  -8.33333334e-03   1.00000000e+00   5.62502109e-02   7.02163349e-04  -4.88895959e+01   4.41484361e+01
 4.50000000e-01  -8.33333334e-03   1.00000000e+00   5.77041929e-02   7.18735353e-04  -4.87474676e+01   4.42665582e+01
 4.60000000e-01  -8.33333334e-03   1.00000000e+00   5.90996968e-02   7.34715283e-04  -4.85792644e+01   4.43538174e+01
 4.70000000e-01  -8.33333334e-03   1.00000000e+00   6.04332971e-02   7.50066396e-04  -4.83864710e+01   4.44105988e+01
 4.80000000e-01  -8.33333334e-03   1.00000000e+00   6.17015498e-02   7.64748626e-04  -4.81705395e+01   4.44373367e+01
 4.90000000e-01  -8.33333334e-03   1.00000000e+00   6.29015371e-02   7.78735703e-04  -4.79328924e+01   4.44347047e+01
 5.00000000e-01  -8.33333334e-03   1.00000000e+00   6.40304737e-02   7.91994645e-04  -4.76751111e+01   4.44034392e+01
 5.10000000e-01  -8.33333334e-03   1.00000000e+00   6.50860500e-02   8.04514649e-04  -4.73985609e+01   4.43444314e+01
 5.20000000e-01  -8.33333334e-03   1.00000000e+00   6.60655825e-02   8.16246855e-04  -4.71049517e+01   4.42583865e+01
 5.30000000e-01  -8.33333334e-03   1.00000000e+00   6.69669386e-02   8.27170816e-04  -4.67958322e+01   4.41464564e+01
 5.40000000e-01  -8.33333334e-03   1.00000000e+00   6.77882464e-02   8.37268996e-04  -4.64726867e+01   4.40095725e+01
 5.50000000e-01  -8.33333334e-03   1.00000000e+00   6.85277329e-02   8.46509911e-04  -4.61370003e+01   4.38487871e+01
 5.60000000e-01  -8.33333334e-03   1.00000000e+00   6.91839845e-02   8.54873393e-04  -4.57903631e+01   4.36653586e+01
 5.70000000e-01  -8.33333334e-03   1.00000000e+00   6.97557250e-02   8.62340926e-04  -4.54341502e+01   4.34603197e+01
 5.80000000e-01  -8.33333334e-03   1.00000000e+00   7.02425495e-02   8.68916315e-04  -4.50696633e+01   4.32352340e+01
 5.90000000e-01  -8.33333334e-03   1.00000000e+00   7.06434434e-02   8.74572173e-04  -4.46983528e+01   4.29910074e+01
 6.00000000e-01  -8.33333334e-03   1.00000000e+00   7.09580919e-02   8.79314256e-04  -4.43214715e+01   4.27290743e+01
 6.10000000e-01  -8.33333334e-03   1.00000000e+00   7.11863955e-02   8.83137498e-04  -4.39401128e+01   4.24506746e+01
 6.20000000e-01  -8.33333334e-03   1.00000000e+00   7.13284931e-02   8.86036398e-04  -4.35556393e+01   4.21571324e+01
 6.30000000e-01  -8.33333334e-03   1.00000000e+00   7.13847901e-02   8.87996816e-04  -4.31689491e+01   4.18494782e+01
 6.40000000e-01  -8.33333334e-03   1.00000000e+00   7.13559733e-02   8.89017553e-04  -4.27815388e+01   4.15289810e+01
 6.50000000e-01  -8.33333334e-03   1.00000000e+00   7.12430278e-02   8.89118912e-04  -4.23937688e+01   4.11973574e+01
 6.60000000e-01  -8.33333334e-03   1.00000000e+00   7.10466701e-02   8.88308182e-04  -4.20070943e+01   4.08553751e+01
 6.70000000e-01  -8.33333334e-03   1.00000000e+00   7.07680415e-02   8.86611104e-04  -4.16220849e+01   4.05047263e+01
 6.80000000e-01  -8.33333334e-03   1.00000000e+00   7.04084946e-02   8.84019375e-04  -4.12396588e+01   4.01461703e+01
 6.90000000e-01  -8.33333334e-03   1.00000000e+00   6.99698710e-02   8.80542816e-04  -4.08604598e+01   3.97807889e+01
 7.00000000e-01  -8.33333334e-03   1.00000000e+00   6.94543428e-02   8.76199839e-04  -4.04852230e+01   3.94097125e+01
 7.10000000e-01  -8.33333334e-03   1.00000000e+00   6.88642163e-02   8.71007125e-04  -4.01145417e+01   3.90341040e+01
 7.20000000e-01  -8.33333334e-03   1.00000000e+00   6.82022207e-02   8.64996492e-04  -3.97488395e+01   3.86549490e+01
 7.30000000e-01  -8.33333334e-03   1.00000000e+00   6.74709717e-02   8.58189412e-04  -3.93887627e+01   3.82732468e+01
 7.40000000e-01  -8.33333334e-03   1.00000000e+00   6.66733001e-02   8.50618496e-04  -3.90346719e+01   3.78899973e+01
 7.50000000e-01  -8.33333334e-03   1.00000000e+00   6.58120839e-02   8.42307830e-04  -3.86869350e+01   3.75059377e+01
 7.60000000e-01  -8.33333334e-03   1.00000000e+00   6.48904708e-02   8.33293944e-04  -3.83460167e+01   3.71220732e+01
 7.70000000e-01  -8.33333334e-03   1.00000000e+00   6.39116745e-02   8.23609230e-04  -3.80121675e+01   3.67391908e+01
 7.80000000e-01  -8.33333334e-03   1.00000000e+00   6.28790136e-02   8.13285883e-04  -3.76856931e+01   3.63580224e+01
 7.90000000e-01  -8.33333334e-03   1.00000000e+00   6.17959195e-02   8.02357082e-04  -3.73668273e+01   3.59792732e+01
 8.00000000e-01  -8.33333334e-03   1.00000000e+00   6.06658945e-02   7.90855269e-04  -3.70558141e+01   3.56035789e+01
 8.10000000e-01  -8.33333334e-03   1.00000000e+00   5.94926000e-02   7.78817131e-04  -3.67528534e+01   3.52316760e+01
 8.20000000e-01  -8.33333334e-03   1.00000000e+00   5.82796455e-02   7.66267799e-04  -3.64580459e+01   3.48639295e+01
 8.30000000e-01  -8.33333334e-03   1.00000000e+00   5.70309913e-02   7.53258131e-04  -3.61714701e+01   3.45009963e+01
 8.40000000e-01  -8.33333334e-03   1.00000000e+00   5.57505340e-02   7.39829613e-04  -3.58933055e+01   3.41434078e+01
 8.50000000e-01  -8.33333334e-03   1.00000000e+00   5.44421880e-02   7.26023169e-04  -3.56234347e+01   3.37915446e+01
 8.60000000e-01  -8.33333334e-03   1.00000000e+00   5.31098928e-02   7.11879581e-04  -3.53619780e+01   3.34458363e+01
 8.70000000e-01  -8.33333334e-03   1.00000000e+00   5.17578240e-02   6.97446272e-04  -3.51089615e+01   3.31068244e+01
 8.80000000e-01  -8.33333334e-03   1.00000000e+00   5.03898387e-02   6.82759969e-04  -3.48643330e+01   3.27746605e+01
 8.90000000e-01  -8.33333334e-03   1.00000000e+00   4.90098541e-02   6.67864152e-04  -3.46281901e+01   3.24497971e+01
 9.00000000e-01  -8.33333334e-03   1.00000000e+00   4.76214627e-02   6.52783010e-04  -3.44004297e+01   3.21323220e+01
 9.10000000e-01  -8.33333334e-03   1.00000000e+00   4.62288180e-02   6.37576302e-04  -3.41810960e+01   3.18227088e+01
 9.20000000e-01  -8.33333334e-03   1.00000000e+00   4.48358256e-02   6.22286526e-04  -3.39699910e+01   3.15211808e+01
 9.30000000e-01  -8.33333334e-03   1.00000000e+00   4.34462841e-02   6.06955898e-04  -3.37670493e+01   3.12277324e+01
 9.40000000e-01  -8.33333334e-03   1.00000000e+00   4.20635689e-02   5.91623555e-04  -3.35722306e+01   3.09430400e+01
 9.50000000e-01  -8.33333334e-03   1.00000000e+00   4.06914182e-02   5.76327391e-04  -3.33855270e+01   3.06664295e+01
 9.60000000e-01  -8.33333334e-03   1.00000000e+00   3.93334852e-02   5.61097536e-04  -3.32067790e+01   3.03988066e+01
 9.70000000e-01  -8.33333334e-03   1.00000000e+00   3.79933597e-02   5.45977957e-04  -3.30359305e+01   3.01400412e+01
 9.80000000e-01  -8.33333334e-03   1.00000000e+00   3.66743113e-02   5.30998761e-04  -3.28728742e+01   2.98900795e+01
 9.90000000e-01  -8.33333334e-03   1.00000000e+00   3.53798287e-02   5.16209225e-04  -3.27174720e+01   2.96492195e+01
 1.00000000e+00  -8.33333334e-03   1.00000000e+00   3.41130944e-02   5.01649852e-04  -3.25695027e+01   2.94174098e+01
 1.01000000e+00  -8.33333334e-03   1.00000000e+00   3.28771687e-02   4.87362220e-04  -3.24289516e+01   2.91948246e+01
 1.02000000e+00  -8.33333334e-03   1.00000000e+00   3.16748974e-02   4.73382413e-04  -3.22956261e+01   2.89814206e+01
 1.03000000e+00  -8.33333334e-03   1.00000000e+00   3.05089554e-02   4.59742403e-04  -3.21694851e+01   2.87772855e+01
 1.04000000e+00  -8.33333334e-03   1.00000000e+00   2.93818555e-02   4.46472256e-04  -3.20503446e+01   2.85823642e+01
 1.05000000e+00  -8.33333334e-03   1.00000000e+00   2.82959572e-02   4.33599370e-04  -3.19381520e+01   2.83967035e+01
 1.06000000e+00  -8.33333334e-03   1.00000000e+00   2.72534624e-02   4.21149812e-04  -3.18327354e+01   2.82202318e+01
 1.07000000e+00  -8.33333334e-03   1.00000000e+00   2.62564137e-02   4.09147754e-04  -3.17340106e+01   2.80529651e+01
 1.08000000e+00  -8.33333334e-03   1.00000000e+00   2.53068446e-02   3.97620834e-04  -3.16418309e+01   2.78948220e+01
 1.09000000e+00  -8.33333334e-03   1.00000000e+00   2.44063795e-02   3.86585220e-04  -3.15559691e+01   2.77458580e+01
 1.10000000e+00  -8.33333334e-03   1.00000000e+00   2.35565360e-02   3.76062314e-04  -3.14765206e+01   2.76057684e+01
 1.11000000e+00  -8.33333334e-03   1.00000000e+00   2.27586778e-02   3.66069447e-04  -3.14032325e+01   2.74747343e+01
 1.12000000e+00  -8.33333334e-03   1.00000000e+00   2.20138070e-02   3.56611784e-04  -3.13359975e+01   2.73525171e+01
 1.13000000e+00  -8.33333334e-03   1.00000000e+00   2.13231499e-02   3.47716855e-04  -3.12747659e+01   2.72391353e+01
 1.14000000e+00  -8.33333334e-03   1.00000000e+00   2.06876158e-02   3.39398461e-04  -3.12192893e+01   2.71345272e+01
 1.15000000e+00  -8.33333334e-03   1.00000000e+00   2.01080061e-02   3.31670486e-04  -3.11694894e+01   2.70385886e+01
 1.16000000e+00  -8.33333334e-03   1.00000000e+00   1.95846535e-02   3.24531099e-04  -3.11252616e+01   2.69511520e+01
 1.17000000e+00  -8.33333334e-03   1.00000000e+00   1.91180189e-02   3.17998763e-04  -3.10865066e+01   2.68721997e+01
 1.18000000e+00  -8.33333334e-03   1.00000000e+00   1.87082988e-02   3.12078047e-04  -3.10530006e+01   2.68015988e+01
 1.19000000e+00  -8.33333334e-03   1.00000000e+00   1.83554837e-02   3.06769607e-04  -3.10247163e+01   2.67392257e+01
 1.20000000e+00  -8.33333334e-03   1.00000000e+00   1.80593172e-02   3.02078032e-04  -3.10014498e+01   2.66849672e+01
 1.21000000e+00  -8.33333334e-03   1.00000000e+00   1.78195893e-02   2.98006365e-04  -3.09831773e+01   2.66386918e+01
 1.22000000e+00  -8.33333334e-03   1.00000000e+00   1.76359045e-02   2.94551703e-04  -3.09696682e+01   2.66003415e+01
 1.23000000e+00  -8.33333334e-03   1.00000000e+00   1.75075515e-02   2.91708493e-04  -3.09609075e+01   2.65697012e+01
 1.24000000e+00  -8.33333334e-03   1.00000000e+00   1.74338053e-02   2.89509247e-04  -3.09349605e+01   2.65575602e+01
 1.25000000e+00  -8.33333334e-03   1.00000000e+00   1.74136457e-02   2.87877461e-04  -3.09694796e+01   2.65373123e+01
 1.26000000e+00  -8.33333334e-03   1.00000000e+00   1.74461640e-02   2.86870490e-04  -3.09804189e+01   2.65428138e+01
 1.27000000e+00  -8.33333334e-03   1.00000000e+00   1.75297615e-02   2.86362866e-04  -3.09445392e+01   2.65180119e+01
 1.28000000e+00  -8.33333334e-03   1.00000000e+00   1.76639614e-02   2.86492929e-04  -3.09807796e+01   2.65167154e+01
 1.29000000e+00  -8.33333334e-03   1.00000000e+00   1.78471187e-02   2.87183720e-04  -3.10014687e+01   2.65404394e+01
 1.30000000e+00  -8.33333334e-03   1.00000000e+00   1.80778429e-02   2.88433310e-04  -3.10220752e+01   2.65608582e+01
 1.31000000e+00  -8.33333334e-03   1.00000000e+00   1.83544159e-02   2.90228277e-04  -3.10455657e+01   2.65864630e+01
 1.32000000e+00  -8.33333334e-03   1.00000000e+00   1.86751019e-02   2.92551900e-04  -3.10730843e+01   2.66184360e+01
 1.33000000e+00  -8.33333334e-03   1.00000000e+00   1.90378023e-02   2.95375654e-04  -3.11041094e+01   2.66565316e+01
 1.34000000e+00  -8.33333334e-03   1.00000000e+00   1.94405891e-02   2.98680330e-04  -3.11385657e+01   2.67006250e+01
 1.35000000e+00  -8.33333334e-03   1.00000000e+00   1.98814606e-02   3.02443917e-04  -3.11762365e+01   2.67504506e+01
 1.36000000e+00  -8.33333334e-03   1.00000000e+00   2.03583877e-02   3.06648250e-04  -3.12169211e+01   2.68057296e+01
 1.37000000e+00  -8.33333334e-03   1.00000000e+00   2.08692203e-02   3.11269998e-04  -3.12605962e+01   2.68663221e+01
 1.38000000e+00  -8.33333334e-03   1.00000000e+00   2.14117936e-02   3.16288382e-04  -3.13070187e+01   2.69319387e+01
 1.39000000e+00  -8.33333334e-03   1.00000000e+00   2.19839110e-02   3.21681978e-04  -3.13561817e+01   2.70024403e+01
 1.40000000e+00  -8.33333334e-03   1.00000000e+00   2.25833370e-02   3.27429419e-04  -3.14078287e+01   2.70775302e+01
 1.41000000e+00  -8.33333334e-03   1.00000000e+00   2.32077770e-02   3.33507542e-04  -3.14618705e+01   2.71569985e+01
 1.42000000e+00  -8.33333334e-03   1.00000000e+00   2.38550625e-02   3.39900484e-04  -3.15182306e+01   2.72407205e+01
 1.43000000e+00  -8.33333334e-03   1.00000000e+00   2.45227787e-02   3.46576365e-04  -3.15766989e+01   2.73283403e+01
 1.44000000e+00  -8.33333334e-03   1.00000000e+00   2.52085696e-02   3.53509643e-04  -3.16371955e+01   2.74196518e+01
 1.45000000e+00  -8.33333334e-03   1.00000000e+00   2.59100876e-02   3.60675403e-04  -3.16996816e+01   2.75144795e+01
 1.46000000e+00  -8.33333334e-03   1.00000000e+00   2.66249896e-02   3.68048505e-04  -3.17639265e+01   2.76125197e+01
 1.47000000e+00  -8.33333334e-03   1.00000000e+00   2.73508211e-02   3.75600654e-04  -3.18298536e+01   2.77135135e+01
 1.48000000e+00  -8.33333334e-03   1.00000000e+00   2.80853176e-02   3.83309284e-04  -3.18973540e+01   2.78172480e+01
 1.49000000e+00  -8.33333334e-03   1.00000000e+00   2.88262015e-02   3.91148672e-04  -3.19662966e+01   2.79234865e+01
 1.50000000e+00  -8.33333334e-03   1.00000000e+00   2.95713886e-02   3.99103731e-04  -3.20365227e+01   2.80320490e+01
 1.51000000e+00  -8.33333334e-03   1.00000000e+00   3.03185150e-02   4.07140113e-04  -3.21079614e+01   2.81426245e+01
 1.52000000e+00  -8.33333334e-03   1.00000000e+00   3.10653676e-02   4.15232694e-04  -3.21805063e+01   2.82550314e+01
 1.53000000e+00  -8.33333334e-03   1.00000000e+00   3.18099927e-02   4.23357495e-04  -3.22540424e+01   2.83688413e+01
 1.54000000e+00  -8.33333334e-03   1.00000000e+00   3.25502700e-02   4.31492704e-04  -3.23284553e+01   2.84841758e+01
 1.55000000e+00  -8.33333334e-03   1.00000000e+00   3.32841298e-02   4.39620619e-04  -3.24035949e+01   2.86004618e+01
 1.56000000e+00  -8.33333334e-03   1.00000000e+00   3.40095583e-02   4.47715218e-04  -3.24793592e+01   2.87175158e+01
 1.57000000e+00  -8.33333334e-03   1.00000000e+00   3.47247178e-02   4.55759876e-04  -3.25556438e+01   2.88352024e+01
 1.58000000e+00  -8.33333334e-03   1.00000000e+00   3.54276631e-02   4.63726591e-04  -3.26324226e+01   2.89532323e+01
 1.59000000e+00  -8.33333334e-03   1.00000000e+00   3.61166198e-02   4.71592466e-04  -3.27095752e+01   2.90713842e+01
 1.60000000e+00  -8.33333334e-03   1.00000000e+00   3.67898898e-02   4.79333560e-04  -3.27869460e+01   2.91893390e+01
 1.61000000e+00  -8.33333334e-03   1.00000000e+00   3.74458992e-02   4.86929470e-04  -3.28645233e+01   2.93069523e+01
 1.62000000e+00  -8.33333334e-03   1.00000000e+00   3.80831759e-02   4.94361984e-04  -3.29421192e+01   2.94239365e+01
 1.63000000e+00  -8.33333334e-03   1.00000000e+00   3.87003436e-02   5.01614104e-04  -3.30197278e+01   2.95401456e+01
 1.64000000e+00  -8.33333334e-03   1.00000000e+00   3.92961173e-02   5.08670360e-04  -3.30971658e+01   2.96553082e+01
 1.65000000e+00  -8.33333334e-03   1.00000000e+00   3.98693044e-02   5.15515993e-04  -3.31744265e+01   2.97692911e+01
 1.66000000e+00  -8.33333334e-03   1.00000000e+00   4.04188046e-02   5.22137507e-04  -3.32513302e+01   2.98818281e+01
 1.67000000e+00  -8.33333334e-03   1.00000000e+00   4.09436118e-02   5.28521907e-04  -3.33278689e+01   2.99927965e+01
 1.68000000e+00  -8.33333334e-03   1.00000000e+00   4.14427321e-02   5.34655196e-04  -3.34038843e+01   3.01019279e+01
 1.69000000e+00  -8.33333334e-03   1.00000000e+00   4.19153951e-02   5.40528428e-04  -3.34793032e+01   3.02090712e+01
 1.70000000e+00  -8.33333334e-03   1.00000000e+00   4.23608925e-02   5.46131206e-04  -3.35540890e+01   3.03141211e+01
 1.71000000e+00  -8.33333334e-03   1.00000000e+00   4.27787119e-02   5.51461123e-04  -3.36280555e+01   3.04168926e+01
 1.72000000e+00  -8.33333334e-03   1.00000000e+00   4.31682184e-02   5.56502811e-04  -3.37011733e+01   3.05171713e+01
 1.73000000e+00  -8.33333334e-03   1.00000000e+00   4.35289494e-02   5.61248633e-04  -3.37733613e+01   3.06148244e+01
 1.74000000e+00  -8.33333334e-03   1.00000000e+00   4.38605551e-02   5.65692079e-04  -3.38446056e+01   3.07097798e+01
 1.75000000e+00  -8.33333334e-03   1.00000000e+00   4.41627343e-02   5.69827343e-04  -3.39147602e+01   3.08018303e+01
 1.76000000e+00  -8.33333334e-03   1.00000000e+00   4.44354272e-02   5.73655775e-04  -3.39837341e+01   3.08909022e+01
 1.77000000e+00  -8.33333334e-03   1.00000000e+00   4.46785095e-02   5.77168265e-04  -3.40514937e+01   3.09768297e+01
 1.78000000e+00  -8.33333334e-03   1.00000000e+00   4.48919955e-02   5.80362373e-04  -3.41179544e+01   3.10595360e+01
 1.79000000e+00  -8.33333334e-03   1.00000000e+00   4.50760081e-02   5.83239001e-04  -3.41830559e+01   3.11389380e+01
 1.80000000e+00  -8.33333334e-03   1.00000000e+00   4.52307519e-02   5.85704328e-04  -3.43145101e+01   3.12244098e+01
 1.81000000e+00  -8.33333334e-03   1.00000000e+00   4.53566114e-02   5.87960666e-04  -3.43119056e+01   3.12991093e+01
 1.82000000e+00  -8.33333334e-03   1.00000000e+00   4.54535474e-02   5.89860470e-04  -3.43583344e+01   3.13395394e+01
 1.83000000e+00  -8.33333334e-03   1.00000000e+00   4.55220136e-02   5.91437280e-04  -3.44218391e+01   3.14027138e+01
 1.84000000e+00  -8.33333334e-03   1.00000000e+00   4.55626602e-02   5.92716299e-04  -3.44782642e+01   3.14666669e+01
 1.85000000e+00  -8.33333334e-03   1.00000000e+00   4.55760902e-02   5.93686210e-04  -3.45336256e+01   3.15266405e+01
 1.86000000e+00  -8.33333334e-03   1.00000000e+00   4.55629317e-02   5.94353678e-04  -3.45873907e+01   3.15828798e+01
 1.87000000e+00  -8.33333334e-03   1.00000000e+00   4.55238872e-02   5.94730791e-04  -3.46391566e+01   3.16355086e+01
 1.88000000e+00  -8.33333334e-03   1.00000000e+00   4.54596612e-02   5.94830448e-04  -3.46891317e+01   3.16844774e+01
 1.89000000e+00  -8.33333334e-03   1.00000000e+00   4.53709780e-02   5.94653821e-04  -3.47372581e+01   3.17297894e+01
 1.90000000e+00  -8.33333334e-03   1.00000000e+00   4.52586947e-02   5.94201817e-04  -3.47835121e+01   3.17714289e+01
 1.91000000e+00  -8.33333334e-03   1.00000000e+00   4.51237556e-02   5.93479187e-04  -3.48278240e+01   3.18093218e+01
 1.92000000e+00  -8.33333334e-03   1.00000000e+00   4.49672602e-02   5.92494752e-04  -3.48701715e+01   3.18434718e+01
 1.93000000e+00  -8.33333334e-03   1.00000000e+00   4.47902843e-02   5.91258173e-04  -3.49105073e+01   3.18739400e+01
 1.94000000e+00  -8.33333334e-03   1.00000000e+00   4.45939394e-02   5.89782081e-04  -3.49488234e+01   3.19007656e+01
 1.95000000e+00  -8.33333334e-03   1.00000000e+00   4.43793258e-02   5.88076957e-04  -3.49850830e+01   3.19240044e+01
 1.96000000e+00  -8.33333334e-03   1.00000000e+00   4.41480948e-02   5.86308646e-04  -3.51236741e+01   3.19813793e+01
 1.97000000e+00  -8.33333334e-03   1.00000000e+00   4.39008229e-02   5.84230527e-04  -3.50741057e+01   3.19976872e+01
 1.98000000e+00  -8.33333334e-03   1.00000000e+00   4.36387933e-02   5.81913967e-04  -3.50883611e+01   3.19679132e+01
 1.99000000e+00  -8.33333334e-03   1.00000000e+00   4.33631683e-02   5.79466434e-04  -3.51160413e+01   3.19722978e+01
 2.00000000e+00  -8.33333334e-03   1.00000000e+00   4.30753018e-02   5.76827089e-04  -3.51441170e+01   3.19770877e+01
 2.01000000e+00  -8.33333334e-03   1.00000000e+00   4.27762673e-02   5.74012101e-04  -3.51681568e+01   3.19789759e+01
 2.02000000e+00  -8.33333334e-03   1.00000000e+00   4.24672949e-02   5.71042131e-04  -3.51898467e+01   3.19777961e+01
 2.03000000e+00  -8.33333334e-03   1.00000000e+00   4.21495756e-02   5.67936998e-04  -3.52092565e+01   3.19738260e+01
 2.04000000e+00  -8.33333334e-03   1.00000000e+00   4.18242978e-02   5.64716989e-04  -3.52264995e+01   3.19671603e+01
 2.05000000e+00  -8.33333334e-03   1.00000000e+00   4.14926474e-02   5.61399267e-04  -3.52415970e+01   3.19578755e+01
 2.06000000e+00  -8.33333334e-03   1.00000000e+00   4.11558591e-02   5.57999788e-04  -3.52545793e+01   3.19460842e+01
 2.07000000e+00  -8.33333334e-03   1.00000000e+00   4.08150757e-02   5.54529416e-04  -3.52654230e+01   3.19318347e+01
 2.08000000e+00  -8.33333334e-03   1.00000000e+00   4.04714414e-02   5.50999066e-04  -3.52741685e+01   3.19152431e+01
 2.09000000e+00  -8.33333334e-03   1.00000000e+00   4.01260063e-02   5.47414135e-04  -3.52808604e+01   3.18963968e+01
 2.10000000e+00  -8.33333334e-03   1.00000000e+00   3.97798624e-02   5.43789341e-04  -3.52855172e+01   3.18754225e+01
 2.11000000e+00  -8.33333334e-03   1.00000000e+00   3.94341329e-02   5.40134443e-04  -3.52881182e+01   3.18524263e+01
 2.12000000e+00  -8.33333334e-03   1.00000000e+00   3.90899024e-02   5.36458838e-04  -3.52887749e+01   3.18275649e+01
 2.13000000e+00  -8.33333334e-03   1.00000000e+00   3.87482275e-02   5.32774656e-04  -3.52874998e+01   3.18009685e+01
 2.14000000e+00  -8.33333334e-03   1.00000000e+00   3.84101286e-02   5.29094667e-04  -3.52843329e+01   3.17727616e+01
 2.15000000e+00  -8.33333334e-03   1.00000000e+00   3.80765348e-02   5.25428527e-04  -3.52793422e+01   3.17430532e+01
 2.16000000e+00  -8.33333334e-03   1.00000000e+00   3.77484230e-02   5.21790922e-04  -3.52725499e+01   3.17120019e+01
 2.17000000e+00  -8.33333334e-03   1.00000000e+00   3.74266865e-02   5.18194024e-04  -3.52640062e+01   3.16797161e+01
 2.18000000e+00  -8.33333334e-03   1.00000000e+00   3.71121809e-02   5.14649568e-04  -3.52537756e+01   3.16463333e+01
 2.19000000e+00  -8.33333334e-03   1.00000000e+00   3.68056991e-02   5.11168189e-04  -3.52418962e+01   3.16119755e+01
 2.20000000e+00  -8.33333334e-03   1.00000000e+00   3.65079831e-02   5.07759034e-04  -3.52284450e+01   3.15767627e+01
 2.21000000e+00  -8.33333334e-03   1.00000000e+00   3.62197280e-02   5.04430227e-04  -3.52134891e+01   3.15408160e+01
 2.22000000e+00  -8.33333334e-03   1.00000000e+00   3.59415821e-02   5.01189006e-04  -3.51970850e+01   3.15042465e+01
 2.23000000e+00  -8.33333334e-03   1.00000000e+00   3.56741453e-02   4.98043015e-04  -3.51792935e+01   3.14671701e+01
 2.24000000e+00  -8.33333334e-03   1.00000000e+00   3.54179717e-02   4.94998573e-04  -3.51601974e+01   3.14296954e+01
 2.25000000e+00  -8.33333334e-03   1.00000000e+00   3.51735659e-02   4.92062226e-04  -3.51398551e+01   3.13919351e+01
 2.26000000e+00  -8.33333334e-03   1.00000000e+00   3.49414222e-02   4.89241216e-04  -3.51183365e+01   3.13539991e+01
 2.27000000e+00  -8.33333334e-03   1.00000000e+00   3.47219260e-02   4.86540141e-04  -3.50957147e+01   3.13159790e+01
 2.28000000e+00  -8.33333334e-03   1.00000000e+00   3.45154288e-02   4.83964639e-04  -3.50720665e+01   3.12779725e+01
 2.29000000e+00  -8.33333334e-03   1.00000000e+00   3.43221867e-02   4.81516090e-04  -3.50474837e+01   3.12400582e+01
 2.30000000e+00  -8.33333334e-03   1.00000000e+00   3.41425075e-02   4.79202351e-04  -3.50220142e+01   3.12023528e+01
 2.31000000e+00  -8.33333334e-03   1.00000000e+00   3.39766620e-02   4.77063159e-04  -3.49217080e+01   3.11493291e+01
 2.32000000e+00  -8.33333334e-03   1.00000000e+00   3.38245102e-02   4.74968660e-04  -3.49587750e+01   3.11079217e+01
 2.33000000e+00  -8.33333334e-03   1.00000000e+00   3.36866146e-02   4.73071912e-04  -3.49470322e+01   3.11024455e+01
 2.34000000e+00  -8.33333334e-03   1.00000000e+00   3.35630289e-02   4.71345070e-04  -3.49144584e+01   3.10702576e+01
 2.35000000e+00  -8.33333334e-03   1.00000000e+00   3.34536821e-02   4.69765561e-04  -3.48864709e+01   3.10338803e+01
 2.36000000e+00  -8.33333334e-03   1.00000000e+00   3.33585605e-02   4.68344754e-04  -3.48575089e+01   3.09985027e+01
 2.37000000e+00  -8.33333334e-03   1.00000000e+00   3.32775820e-02   4.67077371e-04  -3.48280519e+01   3.09638902e+01
 2.38000000e+00  -8.33333334e-03   1.00000000e+00   3.32106459e-02   4.65958925e-04  -3.47984966e+01   3.09298902e+01
 2.39000000e+00  -8.33333334e-03   1.00000000e+00   3.31576206e-02   4.64983854e-04  -3.47686799e+01   3.08966312e+01
 2.40000000e+00  -8.33333334e-03   1.00000000e+00   3.31183582e-02   4.64150705e-04  -3.47386780e+01   3.08642223e+01
 2.41000000e+00  -8.33333334e-03   1.00000000e+00   3.30925608e-02   4.63456720e-04  -3.47086187e+01   3.08328028e+01
 2.42000000e+00  -8.33333334e-03   1.00000000e+00   3.30799539e-02   4.62902843e-04  -3.46785269e+01   3.08023523e+01
 2.43000000e+00  -8.33333334e-03   1.00000000e+00   3.30802720e-02   4.62494895e-04  -3.46485233e+01   3.07729905e+01
 2.44000000e+00  -8.33333334e-03   1.00000000e+00   3.30931423e-02   4.62229624e-04  -3.46185925e+01   3.07447408e+01
 2.45000000e+00  -8.33333334e-03   1.00000000e+00   3.31182183e-02   4.62103534e-04  -3.45888053e+01   3.07175793e+01
 2.46000000e+00  -8.33333334e-03   1.00000000e+00   3.31550479e-02   4.62111311e-04  -3.45592726e+01   3.06915984e+01
 2.47000000e+00  -8.33333334e-03   1.00000000e+00   3.32033460e-02   4.62253373e-04  -3.45300133e+01   3.06667428e+01
 2.48000000e+00  -8.33333334e-03   1.00000000e+00   3.32626446e-02   4.62527407e-04  -3.45011117e+01   3.06431268e+01
 2.49000000e+00  -8.33333334e-03   1.00000000e+00   3.33324320e-02   4.62927368e-04  -3.44725694e+01   3.06206997e+01
 2.50000000e+00  -8.33333334e-03   1.00000000e+00   3.34122053e-02   4.63448566e-04  -3.44444949e+01   3.05995127e+01
 2.51000000e+00  -8.33333334e-03   1.00000000e+00   3.35014172e-02   4.64084107e-04  -3.44168859e+01   3.05795527e+01
 2.52000000e+00  -8.33333334e-03   1.00000000e+00   3.35995160e-02   4.64827844e-04  -3.43897965e+01   3.05608099e+01
 2.53000000e+00  -8.33333334e-03   1.00000000e+00   3.37059451e-02   4.65674538e-04  -3.43633137e+01   3.05433266e+01
 2.54000000e+00  -8.33333334e-03   1.00000000e+00   3.38201245e-02   4.66617867e-04  -3.43374349e+01   3.05270643e+01
 2.55000000e+00  -8.33333334e-03   1.00000000e+00   3.39414759e-02   4.67652186e-04  -3.43122425e+01   3.05120394e+01
 2.56000000e+00  -8.33333334e-03   1.00000000e+00   3.40694128e-02   4.68772011e-04  -3.42877373e+01   3.04982196e+01
 2.57000000e+00  -8.33333334e-03   1.00000000e+00   3.42033512e-02   4.69971701e-04  -3.42639577e+01   3.04855855e+01
 2.58000000e+00  -8.33333334e-03   1.00000000e+00   3.43427285e-02   4.71247085e-04  -3.42409649e+01   3.04741536e+01
 2.59000000e+00  -8.33333334e-03   1.00000000e+00   3.44869311e-02   4.72590599e-04  -3.42187518e+01   3.04638990e+01
 2.60000000e+00  -8.33333334e-03   1.00000000e+00   3.46353600e-02   4.73995995e-04  -3.41973550e+01   3.04547824e+01
 2.61000000e+00  -8.33333334e-03   1.00000000e+00   3.47874195e-02   4.75457025e-04  -3.41768270e+01   3.04468078e+01
 2.62000000e+00  -8.33333334e-03   1.00000000e+00   3.49425164e-02   4.76967465e-04  -3.41571618e+01   3.04399452e+01
 2.63000000e+00  -8.33333334e-03   1.00000000e+00   3.51000354e-02   4.78520334e-04  -3.41383849e+01   3.04341571e+01
 2.64000000e+00  -8.33333334e-03   1.00000000e+00   3.52594044e-02   4.80109970e-04  -3.41205215e+01   3.04294212e+01
 2.65000000e+00  -8.33333334e-03   1.00000000e+00   3.54200514e-02   4.81729975e-04  -3.41035943e+01   3.04257162e+01
 2.66000000e+00  -8.33333334e-03   1.00000000e+00   3.55814886e-02   4.83376221e-04  -3.40876068e+01   3.04230202e+01
 2.67000000e+00  -8.33333334e-03   1.00000000e+00   3.57431214e-02   4.85041156e-04  -3.40725581e+01   3.04213124e+01
 2.68000000e+00  -8.33333334e-03   1.00000000e+00   3.59043915e-02   4.86719362e-04  -3.40584637e+01   3.04205288e+01
 2.69000000e+00  -8.33333334e-03   1.00000000e+00   3.60647576e-02   4.88404643e-04  -3.40453350e+01   3.04206487e+01
 2.70000000e+00  -8.33333334e-03   1.00000000e+00   3.62236982e-02   4.90090891e-04  -3.40331775e+01   3.04216198e+01
 2.71000000e+00  -8.33333334e-03   1.00000000e+00   3.63807359e-02   4.91773516e-04  -3.40219964e+01   3.04234320e+01
 2.72000000e+00  -8.33333334e-03   1.00000000e+00   3.65353712e-02   4.93445724e-04  -3.40117802e+01   3.04260374e+01
 2.73000000e+00  -8.33333334e-03   1.00000000e+00   3.66871444e-02   4.95101740e-04  -3.40025401e+01   3.04293822e+01
 2.74000000e+00  -8.33333334e-03   1.00000000e+00   3.68356145e-02   4.96735642e-04  -3.39942670e+01   3.04334372e+01
 2.75000000e+00  -8.33333334e-03   1.00000000e+00   3.69803696e-02   4.98342313e-04  -3.39869555e+01   3.04381578e+01
 2.76000000e+00  -8.33333334e-03   1.00000000e+00   3.71210233e-02   4.99917067e-04  -3.39805858e+01   3.04434763e+01
 2.77000000e+00  -8.33333334e-03   1.00000000e+00   3.72572129e-02   5.01455523e-04  -3.39751660e+01   3.04493953e+01
 2.78000000e+00  -8.33333334e-03   1.00000000e+00   3.73885995e-02   5.02953643e-04  -3.39706768e+01   3.04558546e+01
 2.79000000e+00  -8.33333334e-03   1.00000000e+00   3.75148680e-02   5.04407592e-04  -3.39670968e+01   3.04628186e+01
 2.80000000e+00  -8.33333334e-03   1.00000000e+00   3.76357278e-02   5.05813771e-04  -3.39644146e+01   3.04702422e+01
 2.81000000e+00  -8.33333334e-03   1.00000000e+00   3.77508943e-02   5.07168237e-04  -3.39626084e+01   3.04780869e+01
 2.82000000e+00  -8.33333334e-03   1.00000000e+00   3.78601371e-02   5.08468401e-04  -3.39616348e+01   3.04862700e+01
 2.83000000e+00  -8.33333334e-03   1.00000000e+00   3.79632442e-02   5.09711202e-04  -3.39615099e+01   3.04948133e+01
 2.84000000e+00  -8.33333334e-03   1.00000000e+00   3.80600516e-02   5.10895548e-04  -3.39621966e+01   3.05036614e+01
 2.85000000e+00  -8.33333334e-03   1.00000000e+00   3.81503703e-02   5.12017398e-04  -3.39636624e+01   3.05127789e+01
 2.86000000e+00  -8.33333334e-03   1.00000000e+00   3.82340501e-02   5.13074321e-04  -3.39658844e+01   3.05221165e+01
 2.87000000e+00  -8.33333334e-03   1.00000000e+00   3.83109810e-02   5.14064799e-04  -3.39688157e+01   3.05315948e+01
 2.88000000e+00  -8.33333334e-03   1.00000000e+00   3.83810756e-02   5.14987709e-04  -3.39724625e+01   3.05412417e+01
 2.89000000e+00  -8.33333334e-03   1.00000000e+00   3.84442582e-02   5.15840785e-04  -3.39767848e+01   3.05510059e+01
 2.90000000e+00  -8.33333334e-03   1.00000000e+00   3.85004861e-02   5.16622773e-04  -3.39817517e+01   3.05608448e+01
 2.91000000e+00  -8.33333334e-03   1.00000000e+00   3.85497302e-02   5.17332491e-04  -3.39873353e+01   3.05707253e+01
 2.92000000e+00  -8.33333334e-03   1.00000000e+00   3.85920171e-02   5.17970547e-04  -3.39934768e+01   3.05805710e+01
 2.93000000e+00  -8.33333334e-03   1.00000000e+00   3.86273831e-02   5.18535894e-04  -3.40001783e+01   3.05904132e+01
 2.94000000e+00  -8.33333334e-03   1.00000000e+00   3.86558664e-02   5.19028319e-04  -3.40073992e+01   3.06002141e+01
 2.95000000e+00  -8.33333334e-03   1.00000000e+00   3.86775297e-02   5.19448234e-04  -3.40151047e+01   3.06099251e+01
 2.96000000e+00  -8.33333334e-03   1.00000000e+00   3.86924770e-02   5.19796455e-04  -3.40232625e+01   3.06195300e+01
 2.97000000e+00  -8.33333334e-03   1.00000000e+00   3.87008293e-02   5.20073514e-04  -3.40318099e+01   3.06289614e+01
 2.98000000e+00  -8.33333334e-03   1.00000000e+00   3.87027101e-02   5.20278731e-04  -3.40407503e+01   3.06382458e+01
 2.99000000e+00  -8.33333334e-03   1.00000000e+00   3.86982364e-02   5.20411810e-04  -3.40500415e+01   3.06473356e+01
 3.00000000e+00  -8.33333334e-03   1.00000000e+00   3.86876271e-02   5.20474712e-04  -3.40596640e+01   3.06562187e+01
 3.01000000e+00  -8.33333334e-03   1.00000000e+00   3.86712525e-02   5.20472212e-04  -3.40695354e+01   3.06648188e+01
 3.02000000e+00  -8.33333334e-03   1.00000000e+00   3.86491872e-02   5.20409818e-04  -3.40796259e+01   3.06732156e+01
 3.03000000e+00  -8.33333334e-03   1.00000000e+00   3.86215606e-02   5.20288739e-04  -3.40899336e+01   3.06813457e+01
 3.04000000e+00  -8.33333334e-03   1.00000000e+00   3.85885036e-02   5.20104729e-04  -3.41004465e+01   3.06892209e+01
 3.05000000e+00  -8.33333334e-03   1.00000000e+00   3.85502733e-02   5.19859970e-04  -3.41111365e+01   3.06968266e+01
 3.06000000e+00  -8.33333334e-03   1.00000000e+00   3.85071295e-02   5.19555730e-04  -3.41219533e+01   3.07041226e+01
 3.07000000e+00  -8.33333334e-03   1.00000000e+00   3.84593518e-02   5.19194520e-04  -3.41328439e+01   3.07110595e+01
 3.08000000e+00  -8.33333334e-03   1.00000000e+00   3.84072245e-02   5.18778849e-04  -3.41437988e+01   3.07176718e+01
 3.09000000e+00  -8.33333334e-03   1.00000000e+00   3.83510465e-02   5.18312562e-04  -3.41547872e+01   3.07239486e+01
 3.10000000e+00  -8.33333334e-03   1.00000000e+00   3.82911129e-02   5.17799169e-04  -3.41657735e+01   3.07298839e+01
 3.11000000e+00  -8.33333334e-03   1.00000000e+00   3.82277170e-02   5.17242028e-04  -3.41767296e+01   3.07354733e+01
 3.12000000e+00  -8.33333334e-03   1.00000000e+00   3.81611552e-02   5.16644344e-04  -3.41876245e+01   3.07407158e+01
 3.13000000e+00  -8.33333334e-03   1.00000000e+00   3.80917213e-02   5.16009203e-04  -3.41984167e+01   3.07455697e+01
 3.14000000e+00  -8.33333334e-03   1.00000000e+00   3.80196975e-02   5.15338720e-04  -3.42090996e+01   3.07500865e+01
 3.15000000e+00  -8.33333334e-03   1.00000000e+00   3.79453920e-02   5.14636724e-04  -3.42196476e+01   3.07542509e+01
 3.16000000e+00  -8.33333334e-03   1.00000000e+00   3.78691050e-02   5.13906217e-04  -3.42300387e+01   3.07580683e+01
 3.17000000e+00  -8.33333334e-03   1.00000000e+00   3.77911350e-02   5.13150161e-04  -3.42402480e+01   3.07615399e+01
 3.18000000e+00  -8.33333334e-03   1.00000000e+00   3.77117924e-02   5.12371876e-04  -3.42502454e+01   3.07646281e+01
 3.19000000e+00  -8.33333334e-03   1.00000000e+00   3.76313672e-02   5.11574029e-04  -3.42600134e+01   3.07673974e+01
 3.20000000e+00  -8.33333334e-03   1.00000000e+00   3.75501508e-02   5.10759780e-04  -3.42695443e+01   3.07698366e+01
 3.21000000e+00  -8.33333334e-03   1.00000000e+00   3.74683938e-02   5.09931184e-04  -3.42788180e+01   3.07719480e+01
 3.22000000e+00  -8.33333334e-03   1.00000000e+00   3.73864017e-02   5.09092058e-04  -3.42878212e+01   3.07737270e+01
 3.23000000e+00  -8.33333334e-03   1.00000000e+00   3.73044636e-02   5.08245171e-04  -3.42965315e+01   3.07751618e+01
 3.24000000e+00  -8.33333334e-03   1.00000000e+00   3.72228608e-02   5.07393680e-04  -3.43049331e+01   3.07763142e+01
 3.25000000e+00  -8.33333334e-03   1.00000000e+00   3.71418658e-02   5.06540767e-04  -3.43130226e+01   3.07771772e+01
 3.26000000e+00  -8.33333334e-03   1.00000000e+00   3.70617414e-02   5.05689492e-04  -3.43207815e+01   3.07777626e+01
 3.27000000e+00  -8.33333334e-03   1.00000000e+00   3.69827285e-02   5.04842184e-04  -3.43282017e+01   3.07780777e+01
 3.28000000e+00  -8.33333334e-03   1.00000000e+00   3.69050784e-02   5.04002279e-04  -3.43352758e+01   3.07781046e+01
 3.29000000e+00  -8.33333334e-03   1.00000000e+00   3.68290224e-02   5.03172629e-04  -3.43419822e+01   3.07779094e+01
 3.30000000e+00  -8.33333334e-03   1.00000000e+00   3.67547821e-02   5.02356170e-04  -3.43483248e+01   3.07774863e+01
 3.31000000e+00  -8.33333334e-03   1.00000000e+00   3.66825641e-02   5.01555396e-04  -3.43542962e+01   3.07768490e+01
 3.32000000e+00  -8.33333334e-03   1.00000000e+00   3.66125621e-02   5.00772597e-04  -3.43598913e+01   3.07760089e+01
 3.33000000e+00  -8.33333334e-03   1.00000000e+00   3.65449583e-02   5.00009905e-04  -3.43651191e+01   3.07749650e+01
 3.34000000e+00  -8.33333334e-03   1.00000000e+00   3.64799228e-02   4.99269324e-04  -3.43699540e+01   3.07737562e+01
 3.35000000e+00  -8.33333334e-03   1.00000000e+00   3.64176138e-02   4.98552773e-04  -3.43744049e+01   3.07723918e+01
 3.36000000e+00  -8.33333334e-03   1.00000000e+00   3.63581771e-02   4.97862050e-04  -3.43784787e+01   3.07708785e+01
 3.37000000e+00  -8.33333334e-03   1.00000000e+00   3.63017549e-02   4.97199124e-04  -3.43821711e+01   3.07692343e+01
 3.38000000e+00  -8.33333334e-03   1.00000000e+00   3.62484623e-02   4.96565292e-04  -3.43855054e+01   3.07674673e+01
 3.39000000e+00  -8.33333334e-03   1.00000000e+00   3.61984049e-02   4.95962055e-04  -3.43884470e+01   3.07655996e+01
 3.40000000e+00  -8.33333334e-03   1.00000000e+00   3.61516639e-02   4.95389988e-04  -3.43910198e+01   3.07636413e+01
 3.41000000e+00  -8.33333334e-03   1.00000000e+00   3.61083342e-02   4.94851164e-04  -3.43932320e+01   3.07615981e+01
 3.42000000e+00  -8.33333334e-03   1.00000000e+00   3.60684834e-02   4.94346476e-04  -3.43951097e+01   3.07595017e+01
 3.43000000e+00  -8.33333334e-03   1.00000000e+00   3.60321653e-02   4.93876587e-04  -3.43966158e+01   3.07573493e+01
 3.44000000e+00  -8.33333334e-03   1.00000000e+00   3.59994274e-02   4.93442755e-04  -3.43977777e+01   3.07551547e+01
 3.45000000e+00  -8.33333334e-03   1.00000000e+00   3.59702993e-02   4.93045676e-04  -3.43986062e+01   3.07529390e+01
 3.46000000e+00  -8.33333334e-03   1.00000000e+00   3.59448038e-02   4.92686015e-04  -3.43991114e+01   3.07507078e+01
 3.47000000e+00  -8.33333334e-03   1.00000000e+00   3.59229332e-02   4.92363462e-04  -3.43993172e+01   3.07484879e+01
 3.48000000e+00  -8.33333334e-03   1.00000000e+00   3.59046784e-02   4.92078704e-04  -3.43992027e+01   3.07462666e+01
 3.49000000e+00  -8.33333334e-03   1.00000000e+00   3.58900305e-02   4.91832069e-04  -3.43987948e+01   3.07440639e+01
 3.50000000e+00  -8.33333334e-03   1.00000000e+00   3.58789547e-02   4.91622850e-04  -3.43981041e+01   3.07418957e+01
 3.51000000e+00  -8.33333334e-03   1.00000000e+00   3.58714597e-02   4.91451248e-04  -3.43971462e+01   3.07397623e+01
 3.52000000e+00  -8.33333334e-03   1.00000000e+00   3.58674884e-02   4.91320213e-04  -3.43959201e+01   3.07376844e+01
 3.53000000e+00  -8.33333334e-03   1.00000000e+00   3.58669426e-02   4.91228603e-04  -3.43944430e+01   3.07356609e+01
 3.54000000e+00  -8.33333334e-03   1.00000000e+00   3.58697549e-02   4.91175982e-04  -3.43927412e+01   3.07337333e+01
 3.55000000e+00  -8.33333334e-03   1.00000000e+00   3.58757804e-02   4.91163889e-04  -3.43908054e+01   3.07318964e+01
 3.56000000e+00  -8.33333334e-03   1.00000000e+00   3.58846660e-02   4.91178315e-04  -3.43886726e+01   3.07301809e+01
 3.57000000e+00  -8.33333334e-03   1.00000000e+00   3.58964078e-02   4.91217641e-04  -3.43864278e+01   3.07284286e+01
 3.58000000e+00  -8.33333334e-03   1.00000000e+00   3.59110863e-02   4.91285397e-04  -3.43840279e+01   3.07268055e+01
 3.59000000e+00  -8.33333334e-03   1.00000000e+00   3.59285695e-02   4.91384721e-04  -3.43814292e+01   3.07252884e+01
 3.60000000e+00  -8.33333334e-03   1.00000000e+00   3.59488548e-02   4.91513842e-04  -3.43786646e+01   3.07238252e+01
 3.61000000e+00  -8.33333334e-03   1.00000000e+00   3.59718070e-02   4.91677618e-04  -3.43757576e+01   3.07224838e+01
 3.62000000e+00  -8.33333334e-03   1.00000000e+00   3.59973599e-02   4.91872346e-04  -3.43727138e+01   3.07212282e+01
 3.63000000e+00  -8.33333334e-03   1.00000000e+00   3.60253137e-02   4.92099472e-04  -3.43695456e+01   3.07201151e+01
 3.64000000e+00  -8.33333334e-03   1.00000000e+00   3.60555102e-02   4.92356130e-04  -3.43662763e+01   3.07191078e+01
 3.65000000e+00  -8.33333334e-03   1.00000000e+00   3.60877836e-02   4.92639718e-04  -3.43629252e+01   3.07182344e+01
 3.66000000e+00  -8.33333334e-03   1.00000000e+00   3.61219714e-02   4.92947930e-04  -3.43595040e+01   3.07174822e+01
 3.67000000e+00  -8.33333334e-03   1.00000000e+00   3.61579068e-02   4.93278387e-04  -3.43560277e+01   3.07168504e+01
 3.68000000e+00  -8.33333334e-03   1.00000000e+00   3.61954285e-02   4.93629071e-04  -3.43525087e+01   3.07163392e+01
 3.69000000e+00  -8.33333334e-03   1.00000000e+00   3.62343832e-02   4.93998557e-04  -3.43489650e+01   3.07159438e+01
 3.70000000e+00  -8.33333334e-03   1.00000000e+00   3.62746053e-02   4.94384682e-04  -3.43454050e+01   3.07156697e+01
 3.71000000e+00  -8.33333334e-03   1.00000000e+00   3.63159352e-02   4.94785848e-04  -3.43418465e+01   3.07155099e+01
 3.72000000e+00  -8.33333334e-03   1.00000000e+00   3.63582162e-02   4.95200557e-04  -3.43382967e+01   3.07154608e+01
 3.73000000e+00  -8.33333334e-03   1.00000000e+00   3.64012932e-02   4.95627348e-04  -3.43347700e+01   3.07155239e+01
 3.74000000e+00  -8.33333334e-03   1.00000000e+00   3.64450051e-02   4.96064561e-04  -3.43312737e+01   3.07156957e+01
 3.75000000e+00  -8.33333334e-03   1.00000000e+00   3.64892024e-02   4.96510864e-04  -3.43278224e+01   3.07159700e+01
 3.76000000e+00  -8.33333334e-03   1.00000000e+00   3.65337348e-02   4.96964668e-04  -3.43243813e+01   3.07163041e+01
 3.77000000e+00  -8.33333334e-03   1.00000000e+00   3.65784740e-02   4.97424953e-04  -3.43210424e+01   3.07167817e+01
 3.78000000e+00  -8.33333334e-03   1.00000000e+00   3.66232606e-02   4.97889766e-04  -3.43177694e+01   3.07173621e+01
 3.79000000e+00  -8.33333334e-03   1.00000000e+00   3.66679437e-02   4.98357667e-04  -3.43145683e+01   3.07180316e+01
 3.80000000e+00  -8.33333334e-03   1.00000000e+00   3.67123763e-02   4.98827003e-04  -3.43114532e+01   3.07187882e+01
 3.81000000e+00  -8.33333334e-03   1.00000000e+00   3.67564153e-02   4.99296134e-04  -3.43084289e+01   3.07196262e+01
 3.82000000e+00  -8.33333334e-03   1.00000000e+00   3.67999223e-02   4.99763462e-04  -3.43054552e+01   3.07204841e+01
 3.83000000e+00  -8.33333334e-03   1.00000000e+00   3.68427711e-02   5.00227760e-04  -3.43026366e+01   3.07214691e+01
 3.84000000e+00  -8.33333334e-03   1.00000000e+00   3.68848303e-02   5.00687326e-04  -3.42999257e+01   3.07225240e+01
 3.85000000e+00  -8.33333334e-03   1.00000000e+00   3.69259756e-02   5.01140492e-04  -3.42973287e+01   3.07236338e+01
 3.86000000e+00  -8.33333334e-03   1.00000000e+00   3.69660906e-02   5.01585787e-04  -3.42948147e+01   3.07247447e+01
 3.87000000e+00  -8.33333334e-03   1.00000000e+00   3.70050669e-02   5.02021853e-04  -3.42924684e+01   3.07259539e+01
 3.88000000e+00  -8.33333334e-03   1.00000000e+00   3.70428023e-02   5.02447520e-04  -3.42902526e+01   3.07272095e+01
 3.89000000e+00  -8.33333334e-03   1.00000000e+00   3.70792013e-02   5.02861642e-04  -3.42881369e+01   3.07284535e+01
 3.90000000e+00  -8.33333334e-03   1.00000000e+00   3.71141752e-02   5.03263134e-04  -3.42861873e+01   3.07297690e+01
 3.91000000e+00  -8.33333334e-03   1.00000000e+00   3.71476412e-02   5.03651035e-04  -3.42843775e+01   3.07311065e+01
 3.92000000e+00  -8.33333334e-03   1.00000000e+00   3.71795181e-02   5.04024230e-04  -3.42826900e+01   3.07324427e+01
 3.93000000e+00  -8.33333334e-03   1.00000000e+00   3.72097399e-02   5.04381989e-04  -3.42811550e+01   3.07338020e+01
 3.94000000e+00  -8.33333334e-03   1.00000000e+00   3.72382450e-02   5.04723481e-04  -3.42797591e+01   3.07351711e+01
 3.95000000e+00  -8.33333334e-03   1.00000000e+00   3.72649854e-02   5.05048382e-04  -3.42785139e+01   3.07365459e+01
 3.96000000e+00  -8.33333334e-03   1.00000000e+00   3.72899060e-02   5.05355573e-04  -3.42773873e+01   3.07379021e+01
 3.97000000e+00  -8.33333334e-03   1.00000000e+00   3.73129624e-02   5.05644351e-04  -3.42764003e+01   3.07392463e+01
 3.98000000e+00  -8.33333334e-03   1.00000000e+00   3.73341214e-02   5.05914290e-04  -3.42755813e+01   3.07406006e+01
 3.99000000e+00  -8.33333334e-03   1.00000000e+00   3.73533557e-02   5.06165101e-04  -3.42748562e+01   3.07418931e+01
 4.00000000e+00  -8.33333334e-03   1.00000000e+00   3.73706415e-02   5.06396086e-04  -3.42743083e+01   3.07432014e+01
 4.01000000e+00  -8.33333334e-03   1.00000000e+00   3.73859642e-02   5.06606928e-04  -3.42738344e+01   3.07444202e+01
 4.02000000e+00  -8.33333334e-03   1.00000000e+00   3.73993128e-02   5.06797221e-04  -3.42735379e+01   3.07456416e+01
 4.03000000e+00  -8.33333334e-03   1.00000000e+00   3.74106743e-02   5.06966313e-04  -3.42733039e+01   3.07467689e+01
 4.04000000e+00  -8.33333334e-03   1.00000000e+00   3.74199978e-02   5.07114208e-04  -3.42731918e+01   3.07478550e+01
 4.05000000e+00  -8.33333334e-03   1.00000000e+00   3.74272973e-02   5.07238040e-04  -3.42732090e+01   3.07488787e+01
 4.06000000e+00  -8.33333334e-03   1.00000000e+00   3.74326312e-02   5.07339758e-04  -3.42733503e+01   3.07498579e+01
 4.07000000e+00  -8.33333334e-03   1.00000000e+00   3.74359450e-02   5.07420440e-04  -3.42735918e+01   3.07507611e+01
 4.08000000e+00  -8.33333334e-03   1.00000000e+00   3.74372864e-02   5.07474261e-04  -3.42739530e+01   3.07515844e+01
 4.09000000e+00  -8.33333334e-03   1.00000000e+00   3.74366447e-02   5.07496154e-04  -3.42744361e+01   3.07523272e+01
 4.10000000e+00  -8.33333334e-03   1.00000000e+00   3.74343965e-02   5.07503835e-04  -3.42750300e+01   3.07528777e+01
 4.11000000e+00  -8.33333334e-03   1.00000000e+00   3.74307745e-02   5.07501933e-04  -3.42757027e+01   3.07535924e+01
 4.12000000e+00  -8.33333334e-03   1.00000000e+00   3.74258546e-02   5.07492581e-04  -3.42763215e+01   3.07541914e+01
 4.13000000e+00  -8.33333334e-03   1.00000000e+00   3.74195902e-02   5.07475315e-04  -3.42769544e+01   3.07547218e+01
 4.14000000e+00  -8.33333334e-03   1.00000000e+00   3.74119581e-02   5.07448314e-04  -3.42776412e+01   3.07551916e+01
 4.15000000e+00  -8.33333334e-03   1.00000000e+00   3.74028984e-02   5.07407554e-04  -3.42783912e+01   3.07556216e+01
 4.16000000e+00  -8.33333334e-03   1.00000000e+00   3.73923646e-02   5.07350743e-04  -3.42792194e+01   3.07559753e+01
 4.17000000e+00  -8.33333334e-03   1.00000000e+00   3.73803183e-02   5.07276996e-04  -3.42801328e+01   3.07562520e+01
 4.18000000e+00  -8.33333334e-03   1.00000000e+00   3.73668731e-02   5.07182470e-04  -3.42811697e+01   3.07565518e+01
 4.19000000e+00  -8.33333334e-03   1.00000000e+00   3.73520789e-02   5.07071162e-04  -3.42822323e+01   3.07567151e+01
 4.20000000e+00  -8.33333334e-03   1.00000000e+00   3.73360133e-02   5.06940909e-04  -3.42833286e+01   3.07567761e+01
 4.21000000e+00  -8.33333334e-03   1.00000000e+00   3.73187363e-02   5.06791688e-04  -3.42844749e+01   3.07567650e+01
 4.22000000e+00  -8.33333334e-03   1.00000000e+00   3.73002769e-02   5.06625488e-04  -3.42856943e+01   3.07567307e+01
 4.23000000e+00  -8.33333334e-03   1.00000000e+00   3.72807672e-02   5.06441968e-04  -3.42869345e+01   3.07565523e+01
 4.24000000e+00  -8.33333334e-03   1.00000000e+00   3.72603225e-02   5.06245125e-04  -3.42881986e+01   3.07562936e+01
 4.25000000e+00  -8.33333334e-03   1.00000000e+00   3.72390544e-02   5.06037088e-04  -3.42894797e+01   3.07559441e+01
 4.26000000e+00  -8.33333334e-03   1.00000000e+00   3.72170771e-02   5.05819608e-04  -3.42907690e+01   3.07555206e+01
 4.27000000e+00  -8.33333334e-03   1.00000000e+00   3.71944958e-02   5.05593914e-04  -3.42920591e+01   3.07550288e+01
 4.28000000e+00  -8.33333334e-03   1.00000000e+00   3.71714135e-02   5.05361634e-04  -3.42933414e+01   3.07544689e+01
 4.29000000e+00  -8.33333334e-03   1.00000000e+00   3.71479192e-02   5.05123863e-04  -3.42946081e+01   3.07538506e+01
 4.30000000e+00  -8.33333334e-03   1.00000000e+00   3.71240957e-02   5.04881518e-04  -3.42958575e+01   3.07531767e+01
 4.31000000e+00  -8.33333334e-03   1.00000000e+00   3.71000148e-02   5.04635023e-04  -3.42970798e+01   3.07524482e+01
 4.32000000e+00  -8.33333334e-03   1.00000000e+00   3.70757544e-02   5.04385361e-04  -3.42982740e+01   3.07516679e+01
 4.33000000e+00  -8.33333334e-03   1.00000000e+00   3.70513865e-02   5.04133173e-04  -3.42994367e+01   3.07508395e+01
 4.34000000e+00  -8.33333334e-03   1.00000000e+00   3.70269810e-02   5.03879064e-04  -3.43005666e+01   3.07499652e+01
 4.35000000e+00  -8.33333334e-03   1.00000000e+00   3.70026011e-02   5.03623641e-04  -3.43016588e+01   3.07490505e+01
 4.36000000e+00  -8.33333334e-03   1.00000000e+00   3.69783182e-02   5.03367420e-04  -3.43027171e+01   3.07480901e+01
 4.37000000e+00  -8.33333334e-03   1.00000000e+00   3.69542040e-02   5.03110933e-04  -3.43037329e+01   3.07470915e+01
 4.38000000e+00  -8.33333334e-03   1.00000000e+00   3.69303308e-02   5.02854900e-04  -3.43047085e+01   3.07460573e+01
 4.39000000e+00  -8.33333334e-03   1.00000000e+00   3.69067705e-02   5.02600091e-04  -3.43056098e+01   3.07449364e+01
 4.40000000e+00  -8.33333334e-03   1.00000000e+00   3.68835902e-02   5.02347054e-04  -3.43065022e+01   3.07438508e+01
 4.41000000e+00  -8.33333334e-03   1.00000000e+00   3.68608597e-02   5.02096769e-04  -3.43073464e+01   3.07427332e+01
 4.42000000e+00  -8.33333334e-03   1.00000000e+00   3.68386459e-02   5.01850085e-04  -3.43081370e+01   3.07415932e+01
 4.43000000e+00  -8.33333334e-03   1.00000000e+00   3.68170114e-02   5.01607816e-04  -3.43088724e+01   3.07404338e+01
 4.44000000e+00  -8.33333334e-03   1.00000000e+00   3.67960145e-02   5.01370711e-04  -3.43095049e+01   3.07391821e+01
 4.45000000e+00  -8.33333334e-03   1.00000000e+00   3.67757102e-02   5.01139409e-04  -3.43101400e+01   3.07380146e+01
 4.46000000e+00  -8.33333334e-03   1.00000000e+00   3.67561490e-02   5.00914649e-04  -3.43107159e+01   3.07368339e+01
 4.47000000e+00  -8.33333334e-03   1.00000000e+00   3.67373778e-02   5.00696978e-04  -3.43112308e+01   3.07356496e+01
 4.48000000e+00  -8.33333334e-03   1.00000000e+00   3.67194395e-02   5.00486949e-04  -3.43116254e+01   3.07343815e+01
 4.49000000e+00  -8.33333334e-03   1.00000000e+00   3.67023767e-02   5.00285103e-04  -3.43120335e+01   3.07332171e+01
 4.50000000e+00  -8.33333334e-03   1.00000000e+00   3.66862227e-02   5.00091925e-04  -3.43123791e+01   3.07320573e+01
 4.51000000e+00  -8.33333334e-03   1.00000000e+00   3.66710085e-02   4.99907799e-04  -3.43126026e+01   3.07308309e+01
 4.52000000e+00  -8.33333334e-03   1.00000000e+00   3.66568119e-02   4.99732828e-04  -3.43128376e+01   3.07297107e+01
 4.53000000e+00  -8.33333334e-03   1.00000000e+00   3.66435869e-02   4.99570233e-04  -3.43129634e+01   3.07285532e+01
 4.54000000e+00  -8.33333334e-03   1.00000000e+00   3.66314120e-02   4.99416708e-04  -3.43130753e+01   3.07274583e+01
 4.55000000e+00  -8.33333334e-03   1.00000000e+00   3.66202961e-02   4.99274700e-04  -3.43131128e+01   3.07263953e+01
 4.56000000e+00  -8.33333334e-03   1.00000000e+00   3.66102967e-02   4.99144011e-04  -3.43131186e+01   3.07253858e+01
 4.57000000e+00  -8.33333334e-03   1.00000000e+00   3.66013608e-02   4.99026533e-04  -3.43130582e+01   3.07244147e+01
 4.58000000e+00  -8.33333334e-03   1.00000000e+00   3.65935424e-02   4.98918898e-04  -3.43129444e+01   3.07234607e+01
 4.59000000e+00  -8.33333334e-03   1.00000000e+00   3.65867768e-02   4.98823829e-04  -3.43127912e+01   3.07225779e+01
 4.60000000e+00  -8.33333334e-03   1.00000000e+00   3.65811270e-02   4.98740010e-04  -3.43125679e+01   3.07216954e+01
 4.61000000e+00  -8.33333334e-03   1.00000000e+00   3.65765880e-02   4.98669278e-04  -3.43123120e+01   3.07208656e+01
 4.62000000e+00  -8.33333334e-03   1.00000000e+00   3.65732110e-02   4.98612574e-04  -3.43120005e+01   3.07200842e+01
 4.63000000e+00  -8.33333334e-03   1.00000000e+00   3.65710900e-02   4.98574006e-04  -3.43116139e+01   3.07193765e+01
 4.64000000e+00  -8.33333334e-03   1.00000000e+00   3.65702551e-02   4.98553223e-04  -3.43111416e+01   3.07188108e+01
 4.65000000e+00  -8.33333334e-03   1.00000000e+00   3.65703325e-02   4.98540631e-04  -3.43105874e+01   3.07182353e+01
 4.66000000e+00  -8.33333334e-03   1.00000000e+00   3.65711722e-02   4.98533718e-04  -3.43100076e+01   3.07175860e+01
 4.67000000e+00  -8.33333334e-03   1.00000000e+00   3.65726765e-02   4.98530448e-04  -3.43094864e+01   3.07170196e+01
 4.68000000e+00  -8.33333334e-03   1.00000000e+00   3.65748021e-02   4.98530228e-04  -3.43089794e+01   3.07164638e+01
 4.69000000e+00  -8.33333334e-03   1.00000000e+00   3.65775561e-02   4.98532792e-04  -3.43085052e+01   3.07159784e+01
 4.70000000e+00  -8.33333334e-03   1.00000000e+00   3.65808945e-02   4.98538267e-04  -3.43080347e+01   3.07155259e+01
 4.71000000e+00  -8.33333334e-03   1.00000000e+00   3.65848175e-02   4.98546752e-04  -3.43075651e+01   3.07151078e+01
 4.72000000e+00  -8.33333334e-03   1.00000000e+00   3.65893382e-02   4.98559014e-04  -3.43071021e+01   3.07147320e+01
 4.73000000e+00  -8.33333334e-03   1.00000000e+00   3.65944581e-02   4.98576644e-04  -3.43066349e+01   3.07143963e+01
 4.74000000e+00  -8.33333334e-03   1.00000000e+00   3.66002685e-02   4.98600889e-04  -3.43061529e+01   3.07140933e+01
 4.75000000e+00  -8.33333334e-03   1.00000000e+00   3.66066713e-02   4.98630814e-04  -3.43056313e+01   3.07139116e+01
 4.76000000e+00  -8.33333334e-03   1.00000000e+00   3.66138056e-02   4.98672512e-04  -3.43050922e+01   3.07136469e+01
 4.77000000e+00  -8.33333334e-03   1.00000000e+00   3.66216008e-02   4.98723718e-04  -3.43045381e+01   3.07135483e+01
 4.78000000e+00  -8.33333334e-03   1.00000000e+00   3.66301374e-02   4.98788902e-04  -3.43039043e+01   3.07134251e+01
 4.79000000e+00  -8.33333334e-03   1.00000000e+00   3.66392963e-02   4.98865131e-04  -3.43032582e+01   3.07134200e+01
 4.80000000e+00  -8.33333334e-03   1.00000000e+00   3.66490688e-02   4.98951660e-04  -3.43025773e+01   3.07134066e+01
 4.81000000e+00  -8.33333334e-03   1.00000000e+00   3.66593885e-02   4.99047429e-04  -3.43018455e+01   3.07134203e+01
 4.82000000e+00  -8.33333334e-03   1.00000000e+00   3.66701306e-02   4.99152900e-04  -3.43011420e+01   3.07135271e+01
 4.83000000e+00  -8.33333334e-03   1.00000000e+00   3.66812612e-02   4.99264720e-04  -3.43004442e+01   3.07136736e+01
 4.84000000e+00  -8.33333334e-03   1.00000000e+00   3.66927035e-02   4.99381588e-04  -3.42997562e+01   3.07138917e+01
 4.85000000e+00  -8.33333334e-03   1.00000000e+00   3.67044403e-02   4.99502367e-04  -3.42990697e+01   3.07141361e+01
 4.86000000e+00  -8.33333334e-03   1.00000000e+00   3.67163424e-02   4.99627208e-04  -3.42983968e+01   3.07144303e+01
 4.87000000e+00  -8.33333334e-03   1.00000000e+00   3.67284353e-02   4.99752721e-04  -3.42977369e+01   3.07147368e+01
 4.88000000e+00  -8.33333334e-03   1.00000000e+00   3.67406393e-02   4.99880438e-04  -3.42971104e+01   3.07151147e+01
 4.89000000e+00  -8.33333334e-03   1.00000000e+00   3.67529154e-02   5.00009009e-04  -3.42964928e+01   3.07154913e+01
 4.90000000e+00  -8.33333334e-03   1.00000000e+00   3.67652260e-02   5.00137888e-04  -3.42959076e+01   3.07159092e+01
 4.91000000e+00  -8.33333334e-03   1.00000000e+00   3.67775398e-02   5.00267023e-04  -3.42953499e+01   3.07163540e+01
 4.92000000e+00  -8.33333334e-03   1.00000000e+00   3.67898282e-02   5.00396414e-04  -3.42948665e+01   3.07168822e+01
 4.93000000e+00  -8.33333334e-03   1.00000000e+00   3.68020589e-02   5.00525875e-04  -3.42943604e+01   3.07173798e+01
 4.94000000e+00  -8.33333334e-03   1.00000000e+00   3.68142003e-02   5.00655114e-04  -3.42938780e+01   3.07178934e+01
 4.95000000e+00  -8.33333334e-03   1.00000000e+00   3.68262212e-02   5.00783886e-04  -3.42934257e+01   3.07184276e+01
 4.96000000e+00  -8.33333334e-03   1.00000000e+00   3.68380901e-02   5.00911911e-04  -3.42930045e+01   3.07189834e+01
 4.97000000e+00  -8.33333334e-03   1.00000000e+00   3.68497801e-02   5.01039108e-04  -3.42926089e+01   3.07195580e+01
 4.98000000e+00  -8.33333334e-03   1.00000000e+00   3.68612105e-02   5.01164766e-04  -3.42922409e+01   3.07201527e+01
 4.99000000e+00  -8.33333334e-03   1.00000000e+00   3.68723842e-02   5.01287475e-04  -3.42919359e+01   3.07207736e+01
 5.00000000e+00  -8.33333334e-03   1.00000000e+00   3.68832727e-02   5.01408039e-04  -3.42916371e+01   3.07214058e+01