  Time  Coordinate0  Coordinate1  Displacement0  Displacement1  Force0  Force1
 1.00000000e-02   0.00000000e+00   1.00000000e+00   7.78195705e-05   3.12634158e-05  -5.00770179e-04   1.96974137e+01
 2.00000000e-02   0.00000000e+00   1.00000000e+00   1.29722890e-04   4.31706124e-05  -1.26558324e-03   2.31680961e+01
 3.00000000e-02   0.00000000e+00   1.00000000e+00   2.23760510e-04   5.62648538e-05  -2.03358497e-03   2.45662111e+01
 4.00000000e-02   0.00000000e+00   1.00000000e+00   3.63879805e-04   7.33768749e-05  -3.81042045e-03   2.53893928e+01
 5.00000000e-02   0.00000000e+00   1.00000000e+00   5.58456281e-04   8.92359670e-05  -6.71662108e-03   2.65117331e+01
 6.00000000e-02   0.00000000e+00   1.00000000e+00   8.08532057e-04   1.05284714e-04  -1.07898287e-02   2.79234109e+01
 7.00000000e-02   0.00000000e+00   1.00000000e+00   1.11882721e-03   1.13949649e-04  -1.61366204e-02   2.93987082e+01
 8.00000000e-02   0.00000000e+00   1.00000000e+00   1.50149135e-03   1.19137521e-04  -2.15731652e-02   3.08151647e+01
 9.00000000e-02   0.00000000e+00   1.00000000e+00   1.95945816e-03   1.16152460e-04  -2.63491274e-02   3.21661160e+01
 1.00000000e-01   0.00000000e+00   1.00000000e+00   2.51432458e-03   1.10805523e-04  -2.82720973e-02   3.34595662e+01
 1.10000000e-01   0.00000000e+00   1.00000000e+00   3.16901443e-03   1.01669549e-04  -2.44788809e-02   3.47059579e+01
 1.20000000e-01   0.00000000e+00   1.00000000e+00   3.94828975e-03   9.39250251e-05  -1.22932347e-02   3.58942164e+01
 1.30000000e-01   0.00000000e+00   1.00000000e+00   4.85451368e-03   8.82911512e-05   1.23161624e-02   3.70248459e+01
 1.40000000e-01   0.00000000e+00   1.00000000e+00   5.90654193e-03   8.70606345e-05   5.17961225e-02   3.80914017e+01
 1.50000000e-01   0.00000000e+00   1.00000000e+00   7.10463158e-03   9.14275530e-05   1.08827025e-01   3.90983759e+01
 1.60000000e-01   0.00000000e+00   1.00000000e+00   8.45298478e-03   9.99720652e-05   1.84597462e-01   4.00471848e+01
 1.70000000e-01   0.00000000e+00   1.00000000e+00   9.95131515e-03   1.13144541e-04   2.78951851e-01   4.09401661e+01
 1.80000000e-01   0.00000000e+00   1.00000000e+00   1.15851581e-02   1.26844039e-04   3.90888249e-01   4.17840011e+01
 1.90000000e-01   0.00000000e+00   1.00000000e+00   1.33583003e-02   1.40567625e-04   5.18392215e-01   4.25763976e+01
 2.00000000e-01   0.00000000e+00   1.00000000e+00   1.52424173e-02   1.50117034e-04   6.58586503e-01   4.33280060e+01
 2.10000000e-01   0.00000000e+00   1.00000000e+00   1.72473157e-02   1.54848905e-04   8.09779207e-01   4.40322057e+01
 2.20000000e-01   0.00000000e+00   1.00000000e+00   1.93438746e-02   1.53399565e-04   9.69201105e-01   4.47009908e+01
 2.30000000e-01   0.00000000e+00   1.00000000e+00   2.15420346e-02   1.45953067e-04   1.13624589e+00   4.53266235e+01
 2.40000000e-01   0.00000000e+00   1.00000000e+00   2.38257672e-02   1.35342752e-04   1.31056759e+00   4.59189749e+01
 2.50000000e-01   0.00000000e+00   1.00000000e+00   2.61941499e-02   1.22308040e-04   1.49120835e+00   4.64737149e+01
 2.60000000e-01   0.00000000e+00   1.00000000e+00   2.86493622e-02   1.12363261e-04   1.68028550e+00   4.69955279e+01
 2.70000000e-01   0.00000000e+00   1.00000000e+00   3.11731749e-02   1.05122305e-04   1.87498839e+00   4.74865244e+01
 2.80000000e-01   0.00000000e+00   1.00000000e+00   3.37795298e-02   1.05384999e-04   2.07717607e+00   4.79446564e+01
 2.90000000e-01   0.00000000e+00   1.00000000e+00   3.64378838e-02   1.10254932e-04   2.28295610e+00   4.83782549e+01
 3.00000000e-01   0.00000000e+00   1.00000000e+00   3.91627957e-02   1.21291164e-04   2.49109593e+00   4.87790437e+01
 3.10000000e-01   0.00000000e+00   1.00000000e+00   4.19251655e-02   1.33950691e-04   2.69931443e+00   4.91584635e+01
 3.20000000e-01   0.00000000e+00   1.00000000e+00   4.47334414e-02   1.46713362e-04   2.90341840e+00   4.95049979e+01
 3.30000000e-01   0.00000000e+00   1.00000000e+00   4.75727534e-02   1.56334014e-04   3.10475216e+00   4.98294424e+01
 3.40000000e-01   0.00000000e+00   1.00000000e+00   5.04459233e-02   1.60246734e-04   3.29918224e+00   5.01205253e+01
 3.50000000e-01   0.00000000e+00   1.00000000e+00   5.33561138e-02   1.59106060e-04   3.49119095e+00   5.03861191e+01
 3.60000000e-01   0.00000000e+00   1.00000000e+00   5.63035637e-02   1.50996311e-04   3.67945276e+00   5.06181152e+01
 3.70000000e-01   0.00000000e+00   1.00000000e+00   5.93040478e-02   1.40563775e-04   3.86912056e+00   5.08206938e+01
 3.80000000e-01   0.00000000e+00   1.00000000e+00   6.23559492e-02   1.26695448e-04   4.06177204e+00   5.09907309e+01
 3.90000000e-01   0.00000000e+00   1.00000000e+00   6.54781653e-02   1.15578925e-04   4.26081981e+00   5.11289823e+01
 4.00000000e-01   0.00000000e+00   1.00000000e+00   6.86661632e-02   1.06131184e-04   4.46892810e+00   5.12376190e+01
 4.10000000e-01   0.00000000e+00   1.00000000e+00   7.19329721e-02   1.02857022e-04   4.68650739e+00   5.13147940e+01
 4.20000000e-01   0.00000000e+00   1.00000000e+00   7.52721043e-02   1.04174088e-04   4.91610255e+00   5.13661213e+01
 4.30000000e-01   0.00000000e+00   1.00000000e+00   7.86844476e-02   1.10746865e-04   5.15478941e+00   5.13888693e+01
 4.40000000e-01   0.00000000e+00   1.00000000e+00   8.21649538e-02   1.20928594e-04   5.40503778e+00   5.13888155e+01
 4.50000000e-01   0.00000000e+00   1.00000000e+00   8.57007530e-02   1.31410494e-04   5.66119757e+00   5.13643744e+01
 4.60000000e-01   0.00000000e+00   1.00000000e+00   8.92901642e-02   1.41795670e-04   5.92539688e+00   5.13184988e+01
 4.70000000e-01   0.00000000e+00   1.00000000e+00   9.29114564e-02   1.46606087e-04   6.19157928e+00   5.12525319e+01
 4.80000000e-01   0.00000000e+00   1.00000000e+00   9.65639432e-02   1.48173220e-04   6.45988746e+00   5.11652982e+01
 4.90000000e-01   0.00000000e+00   1.00000000e+00   1.00226497e-01   1.41511410e-04   6.72757625e+00   5.10619517e+01
 5.00000000e-01   0.00000000e+00   1.00000000e+00   1.03895059e-01   1.32127955e-04   6.99100293e+00   5.09376165e+01
 5.10000000e-01   0.00000000e+00   1.00000000e+00   1.07556200e-01   1.17209475e-04   7.25328715e+00   5.08011822e+01
 5.20000000e-01   0.00000000e+00   1.00000000e+00   1.11200857e-01   1.03823976e-04   7.50709952e+00   5.06450801e+01
 5.30000000e-01   0.00000000e+00   1.00000000e+00   1.14821440e-01   9.10014194e-05   7.75975137e+00   5.04811906e+01
 5.40000000e-01   0.00000000e+00   1.00000000e+00   1.18406552e-01   8.41859948e-05   8.00261731e+00   5.03003445e+01
 5.50000000e-01   0.00000000e+00   1.00000000e+00   1.21945884e-01   8.25312992e-05   8.24195082e+00   5.01159056e+01
 5.60000000e-01   0.00000000e+00   1.00000000e+00   1.25429441e-01   8.73540696e-05   8.47080165e+00   4.99182244e+01
 5.70000000e-01   0.00000000e+00   1.00000000e+00   1.28838855e-01   9.67680965e-05   8.68984893e+00   4.97197981e+01
 5.80000000e-01   0.00000000e+00   1.00000000e+00   1.32167770e-01   1.08183083e-04   8.89597676e+00   4.95123025e+01
 5.90000000e-01   0.00000000e+00   1.00000000e+00   1.35394631e-01   1.19360695e-04   9.08433967e+00   4.93042836e+01
 6.00000000e-01   0.00000000e+00   1.00000000e+00   1.38517122e-01   1.26657568e-04   9.25662691e+00   4.90909491e+01
 6.10000000e-01   0.00000000e+00   1.00000000e+00   1.41522095e-01   1.29097058e-04   9.40650459e+00   4.88746937e+01
 6.20000000e-01   0.00000000e+00   1.00000000e+00   1.44410886e-01   1.25292552e-04   9.54008019e+00   4.86558708e+01
 6.30000000e-01   0.00000000e+00   1.00000000e+00   1.47185756e-01   1.16078310e-04   9.65354033e+00   4.84310425e+01
 6.40000000e-01   0.00000000e+00   1.00000000e+00   1.49850431e-01   1.03689962e-04   9.75518397e+00   4.82052629e+01
 6.50000000e-01   0.00000000e+00   1.00000000e+00   1.52418189e-01   8.94472081e-05   9.84474034e+00   4.79723195e+01
 6.60000000e-01   0.00000000e+00   1.00000000e+00   1.54892417e-01   7.80228286e-05   9.92880062e+00   4.77394001e+01
 6.70000000e-01   0.00000000e+00   1.00000000e+00   1.57286237e-01   6.89995490e-05   1.00096459e+01   4.75017618e+01
 6.80000000e-01   0.00000000e+00   1.00000000e+00   1.59599846e-01   6.71460873e-05   1.00883330e+01   4.72647604e+01
 6.90000000e-01   0.00000000e+00   1.00000000e+00   1.61837746e-01   6.90143329e-05   1.01690894e+01   4.70280695e+01
 7.00000000e-01   0.00000000e+00   1.00000000e+00   1.63997099e-01   7.76761815e-05   1.02464137e+01   4.67922104e+01
 7.10000000e-01   0.00000000e+00   1.00000000e+00   1.66072512e-01   8.74495581e-05   1.03265751e+01   4.65619362e+01
 7.20000000e-01   0.00000000e+00   1.00000000e+00   1.68062396e-01   9.94018839e-05   1.04003545e+01   4.63318998e+01
 7.30000000e-01   0.00000000e+00   1.00000000e+00   1.69953987e-01   1.08088933e-04   1.04750542e+01   4.61111460e+01
 7.40000000e-01   0.00000000e+00   1.00000000e+00   1.71752322e-01   1.13464019e-04   1.05426692e+01   4.58897398e+01
 7.50000000e-01   0.00000000e+00   1.00000000e+00   1.73439376e-01   1.13118932e-04   1.06086675e+01   4.56791086e+01
 7.60000000e-01   0.00000000e+00   1.00000000e+00   1.75027259e-01   1.06956532e-04   1.06699129e+01   4.54678112e+01
 7.70000000e-01   0.00000000e+00   1.00000000e+00   1.76495132e-01   9.69706145e-05   1.07273913e+01   4.52671473e+01
 7.80000000e-01   0.00000000e+00   1.00000000e+00   1.77855140e-01   8.32671585e-05   1.07828855e+01   4.50677915e+01
 7.90000000e-01   0.00000000e+00   1.00000000e+00   1.79088285e-01   7.11550736e-05   1.08329253e+01   4.48781684e+01
 8.00000000e-01   0.00000000e+00   1.00000000e+00   1.80196837e-01   6.01226147e-05   1.08810902e+01   4.46933841e+01
 8.10000000e-01   0.00000000e+00   1.00000000e+00   1.81168625e-01   5.56902294e-05   1.09220917e+01   4.45177142e+01
 8.20000000e-01   0.00000000e+00   1.00000000e+00   1.81991764e-01   5.57067786e-05   1.09579576e+01   4.43506217e+01
 8.30000000e-01   0.00000000e+00   1.00000000e+00   1.82661487e-01   6.28008688e-05   1.09840818e+01   4.41923485e+01
 8.40000000e-01   0.00000000e+00   1.00000000e+00   1.83157845e-01   7.33659950e-05   1.09997945e+01   4.40445105e+01
 8.50000000e-01   0.00000000e+00   1.00000000e+00   1.83479571e-01   8.62532702e-05   1.09882087e+01   4.39981138e+01
 8.60000000e-01   0.00000000e+00   1.00000000e+00   1.83607723e-01   9.84877942e-05   1.09681184e+01   4.36918709e+01
 8.70000000e-01   0.00000000e+00   1.00000000e+00   1.83546476e-01   1.05412069e-04   1.09579429e+01   4.36488909e+01
 8.80000000e-01   0.00000000e+00   1.00000000e+00   1.83288057e-01   1.08909090e-04   1.09109549e+01   4.35365491e+01
 8.90000000e-01   0.00000000e+00   1.00000000e+00   1.82830054e-01   1.04063938e-04   1.08460348e+01   4.34302522e+01
 9.00000000e-01   0.00000000e+00   1.00000000e+00   1.82188562e-01   9.63588837e-05   1.07637834e+01   4.33252456e+01
 9.10000000e-01   0.00000000e+00   1.00000000e+00   1.81359595e-01   8.25473969e-05   1.06679098e+01   4.32277692e+01
 9.20000000e-01   0.00000000e+00   1.00000000e+00   1.80366707e-01   7.10077327e-05   1.05586367e+01   4.31297120e+01
 9.30000000e-01   0.00000000e+00   1.00000000e+00   1.79211883e-01   5.88847249e-05   1.04421627e+01   4.30391503e+01
 9.40000000e-01   0.00000000e+00   1.00000000e+00   1.77915482e-01   5.38825295e-05   1.03171952e+01   4.29469361e+01
 9.50000000e-01   0.00000000e+00   1.00000000e+00   1.76482554e-01   5.23792803e-05   1.01904587e+01   4.28630959e+01
 9.60000000e-01   0.00000000e+00   1.00000000e+00   1.74926348e-01   5.85028615e-05   1.00589314e+01   4.27771864e+01
 9.70000000e-01   0.00000000e+00   1.00000000e+00   1.73249707e-01   6.80012413e-05   9.92760842e+00   4.27007218e+01
 9.80000000e-01   0.00000000e+00   1.00000000e+00   1.71460338e-01   8.06656243e-05   9.79237683e+00   4.26215946e+01
 9.90000000e-01   0.00000000e+00   1.00000000e+00   1.69558687e-01   9.30637181e-05   9.65690460e+00   4.25521258e+01
 1.00000000e+00   0.00000000e+00   1.00000000e+00   1.67549161e-01   1.02564487e-04   9.51650722e+00   4.24795636e+01
 1.01000000e+00   0.00000000e+00   1.00000000e+00   1.65434321e-01   1.08115477e-04   9.37536930e+00   4.24153533e+01
 1.02000000e+00   0.00000000e+00   1.00000000e+00   1.63217668e-01   1.07276373e-04   9.22929841e+00   4.23483849e+01
 1.03000000e+00   0.00000000e+00   1.00000000e+00   1.60904847e-01   1.01878806e-04   9.08286306e+00   4.22870970e+01
 1.04000000e+00   0.00000000e+00   1.00000000e+00   1.58501850e-01   9.15231383e-05   8.93452669e+00   4.22246316e+01
 1.05000000e+00   0.00000000e+00   1.00000000e+00   1.56010626e-01   7.96624126e-05   8.78595446e+00   4.21649837e+01
 1.06000000e+00   0.00000000e+00   1.00000000e+00   1.53441844e-01   6.81569462e-05   8.64023689e+00   4.21070242e+01
 1.07000000e+00   0.00000000e+00   1.00000000e+00   1.50785787e-01   5.95518589e-05   8.49251727e+00   4.20498341e+01
 1.08000000e+00   0.00000000e+00   1.00000000e+00   1.48054862e-01   5.66642634e-05   8.34991151e+00   4.19978514e+01
 1.09000000e+00   0.00000000e+00   1.00000000e+00   1.45228864e-01   5.86916305e-05   8.20150122e+00   4.19459192e+01
 1.10000000e+00   0.00000000e+00   1.00000000e+00   1.42314537e-01   6.78112674e-05   8.05464531e+00   4.19020736e+01
 1.11000000e+00   0.00000000e+00   1.00000000e+00   1.39293160e-01   7.91894149e-05   7.89777704e+00   4.18582476e+01
 1.12000000e+00   0.00000000e+00   1.00000000e+00   1.36161257e-01   9.39784112e-05   7.73419711e+00   4.18229063e+01
 1.13000000e+00   0.00000000e+00   1.00000000e+00   1.32913952e-01   1.05321936e-04   7.55829022e+00   4.17877860e+01
 1.14000000e+00   0.00000000e+00   1.00000000e+00   1.29542568e-01   1.14442600e-04   7.36783326e+00   4.17578685e+01
 1.15000000e+00   0.00000000e+00   1.00000000e+00   1.26057275e-01   1.16122409e-04   7.16606397e+00   4.17288379e+01
 1.16000000e+00   0.00000000e+00   1.00000000e+00   1.22455862e-01   1.12832549e-04   6.94710598e+00   4.16990375e+01
 1.17000000e+00   0.00000000e+00   1.00000000e+00   1.18753435e-01   1.03609567e-04   6.72085662e+00   4.16717014e+01
 1.18000000e+00   0.00000000e+00   1.00000000e+00   1.14962022e-01   9.16776434e-05   6.48035053e+00   4.16375254e+01
 1.19000000e+00   0.00000000e+00   1.00000000e+00   1.11090488e-01   8.00011665e-05   6.23754752e+00   4.16080843e+01
 1.20000000e+00   0.00000000e+00   1.00000000e+00   1.07162674e-01   7.02852104e-05   5.98563638e+00   4.15683385e+01
 1.21000000e+00   0.00000000e+00   1.00000000e+00   1.03178069e-01   6.67791448e-05   5.73488435e+00   4.15348035e+01
 1.22000000e+00   0.00000000e+00   1.00000000e+00   9.91637516e-02   6.77153214e-05   5.47934155e+00   4.14909880e+01
 1.23000000e+00   0.00000000e+00   1.00000000e+00   9.51143519e-02   7.60378816e-05   5.22562843e+00   4.14527864e+01
 1.24000000e+00   0.00000000e+00   1.00000000e+00   9.10546135e-02   8.68558187e-05   4.97055696e+00   4.14067608e+01
 1.25000000e+00   0.00000000e+00   1.00000000e+00   8.69796775e-02   1.01031377e-04   4.71604599e+00   4.13632504e+01
 1.26000000e+00   0.00000000e+00   1.00000000e+00   8.29120372e-02   1.13220690e-04   4.46419323e+00   4.13150631e+01
 1.27000000e+00   0.00000000e+00   1.00000000e+00   7.88500829e-02   1.22927363e-04   4.21195363e+00   4.12649615e+01
 1.28000000e+00   0.00000000e+00   1.00000000e+00   7.48143198e-02   1.27564832e-04   3.96698791e+00   4.12126830e+01
 1.29000000e+00   0.00000000e+00   1.00000000e+00   7.08082601e-02   1.26161919e-04   3.72288424e+00   4.11543154e+01
 1.30000000e+00   0.00000000e+00   1.00000000e+00   6.68462495e-02   1.20649109e-04   3.48958029e+00   4.10955549e+01
 1.31000000e+00   0.00000000e+00   1.00000000e+00   6.29386241e-02   1.09823616e-04   3.26066087e+00   4.10284486e+01
 1.32000000e+00   0.00000000e+00   1.00000000e+00   5.90884374e-02   9.95780914e-05   3.04365331e+00   4.09621004e+01
 1.33000000e+00   0.00000000e+00   1.00000000e+00   5.53105820e-02   8.79580897e-05   2.83488948e+00   4.08881903e+01
 1.34000000e+00   0.00000000e+00   1.00000000e+00   5.15978099e-02   8.23841898e-05   2.63698963e+00   4.08155312e+01
 1.35000000e+00   0.00000000e+00   1.00000000e+00   4.79606324e-02   7.93114217e-05   2.44879062e+00   4.07393383e+01
 1.36000000e+00   0.00000000e+00   1.00000000e+00   4.43900527e-02   8.46069076e-05   2.26883469e+00   4.06636128e+01
 1.37000000e+00   0.00000000e+00   1.00000000e+00   4.08820726e-02   9.29123650e-05   2.09617799e+00   4.05901780e+01
 1.38000000e+00   0.00000000e+00   1.00000000e+00   3.74353199e-02   1.06577068e-04   1.92743491e+00   4.05147884e+01
 1.39000000e+00   0.00000000e+00   1.00000000e+00   3.40305689e-02   1.19770056e-04   1.76112218e+00   4.04468256e+01
 1.40000000e+00   0.00000000e+00   1.00000000e+00   3.06768262e-02   1.31804852e-04   1.59302196e+00   4.03731722e+01
 1.41000000e+00   0.00000000e+00   1.00000000e+00   2.73515706e-02   1.39017938e-04   1.42362689e+00   4.03093155e+01
 1.42000000e+00   0.00000000e+00   1.00000000e+00   2.40699908e-02   1.40028437e-04   1.24780568e+00   4.02361203e+01
 1.43000000e+00   0.00000000e+00   1.00000000e+00   2.08208153e-02   1.35421697e-04   1.07095147e+00   4.01719289e+01
 1.44000000e+00   0.00000000e+00   1.00000000e+00   1.76196930e-02   1.25077603e-04   8.87276254e-01   4.00963888e+01
 1.45000000e+00   0.00000000e+00   1.00000000e+00   1.44704908e-02   1.13217332e-04   7.06174203e-01   4.00273630e+01
 1.46000000e+00   0.00000000e+00   1.00000000e+00   1.13864374e-02   1.00868089e-04   5.22570511e-01   3.99477550e+01
 1.47000000e+00   0.00000000e+00   1.00000000e+00   8.37779914e-03   9.26321728e-05   3.44848020e-01   3.98719428e+01
 1.48000000e+00   0.00000000e+00   1.00000000e+00   5.45512104e-03   8.91419424e-05   1.70316568e-01   3.97891571e+01
 1.49000000e+00   0.00000000e+00   1.00000000e+00   2.62543334e-03   9.19141928e-05   1.75682984e-03   3.97075548e+01
 1.50000000e+00   0.00000000e+00   1.00000000e+00  -1.03249780e-04   1.00380025e-04  -1.60207870e-01   3.96240651e+01
 1.51000000e+00   0.00000000e+00   1.00000000e+00  -2.72745004e-03   1.11884822e-04  -3.18520536e-01   3.95387293e+01
 1.52000000e+00   0.00000000e+00   1.00000000e+00  -5.24060415e-03   1.25624578e-04  -4.69158397e-01   3.94558757e+01
 1.53000000e+00   0.00000000e+00   1.00000000e+00  -7.63663999e-03   1.36517458e-04  -6.17389892e-01   3.93676622e+01
 1.54000000e+00   0.00000000e+00   1.00000000e+00  -9.90732326e-03   1.45207846e-04  -7.56157079e-01   3.92837707e+01
 1.55000000e+00   0.00000000e+00   1.00000000e+00  -1.20421539e-02   1.47025995e-04  -8.90237680e-01   3.91916615e+01
 1.56000000e+00   0.00000000e+00   1.00000000e+00  -1.40279573e-02   1.44820192e-04  -1.01067976e+00   3.91030152e+01
 1.57000000e+00   0.00000000e+00   1.00000000e+00  -1.58561292e-02   1.36351001e-04  -1.12144375e+00   3.90057707e+01
 1.58000000e+00   0.00000000e+00   1.00000000e+00  -1.75097668e-02   1.25720655e-04  -1.21432195e+00   3.89097947e+01
 1.59000000e+00   0.00000000e+00   1.00000000e+00  -1.89891456e-02   1.13573790e-04  -1.29265907e+00   3.88083790e+01
 1.60000000e+00   0.00000000e+00   1.00000000e+00  -2.02807956e-02   1.03108554e-04  -1.35271892e+00   3.87066463e+01
 1.61000000e+00   0.00000000e+00   1.00000000e+00  -2.13931421e-02   9.68839771e-05  -1.39577943e+00   3.86050473e+01
 1.62000000e+00   0.00000000e+00   1.00000000e+00  -2.23240648e-02   9.49171586e-05  -1.42509414e+00   3.85029643e+01
 1.63000000e+00   0.00000000e+00   1.00000000e+00  -2.30837792e-02   1.00062931e-04  -1.43811710e+00   3.84065235e+01
 1.64000000e+00   0.00000000e+00   1.00000000e+00  -2.36820292e-02   1.08211457e-04  -1.44395209e+00   3.83102383e+01
 1.65000000e+00   0.00000000e+00   1.00000000e+00  -2.41274332e-02   1.21358895e-04  -1.43711506e+00   3.82228236e+01
 1.66000000e+00   0.00000000e+00   1.00000000e+00  -2.44326957e-02   1.32661715e-04  -1.42776713e+00   3.81358284e+01
 1.67000000e+00   0.00000000e+00   1.00000000e+00  -2.46075353e-02   1.43509640e-04  -1.41120315e+00   3.80577841e+01
 1.68000000e+00   0.00000000e+00   1.00000000e+00  -2.46565417e-02   1.47745126e-04  -1.39334190e+00   3.79799612e+01
 1.69000000e+00   0.00000000e+00   1.00000000e+00  -2.45932655e-02   1.47286786e-04  -1.37339018e+00   3.79086882e+01
 1.70000000e+00   0.00000000e+00   1.00000000e+00  -2.44109282e-02   1.39924016e-04  -1.35104592e+00   3.78377646e+01
 1.71000000e+00   0.00000000e+00   1.00000000e+00  -2.41234987e-02   1.28403098e-04  -1.32901008e+00   3.77701862e+01
 1.72000000e+00   0.00000000e+00   1.00000000e+00  -2.37199184e-02   1.15160339e-04  -1.30318381e+00   3.77042429e+01
 1.73000000e+00   0.00000000e+00   1.00000000e+00  -2.32077292e-02   1.02105705e-04  -1.27675144e+00   3.76392955e+01
 1.74000000e+00   0.00000000e+00   1.00000000e+00  -2.25813805e-02   9.41185139e-05  -1.24600428e+00   3.75781839e+01
 1.75000000e+00   0.00000000e+00   1.00000000e+00  -2.18397292e-02   8.99684845e-05  -1.21244307e+00   3.75174993e+01
 1.76000000e+00   0.00000000e+00   1.00000000e+00  -2.09857318e-02   9.39128992e-05  -1.17503653e+00   3.74624382e+01
 1.77000000e+00   0.00000000e+00   1.00000000e+00  -2.00136051e-02   1.00942255e-04  -1.13377976e+00   3.74086521e+01
 1.78000000e+00   0.00000000e+00   1.00000000e+00  -1.89298026e-02   1.13271227e-04  -1.08952054e+00   3.73605806e+01
 1.79000000e+00   0.00000000e+00   1.00000000e+00  -1.77283190e-02   1.24409162e-04  -1.04166907e+00   3.73147854e+01
 1.80000000e+00   0.00000000e+00   1.00000000e+00  -1.64122495e-02   1.34999377e-04  -9.90998317e-01   3.72727297e+01
 1.81000000e+00   0.00000000e+00   1.00000000e+00  -1.49745116e-02   1.40305835e-04  -9.36118113e-01   3.72332269e+01
 1.82000000e+00   0.00000000e+00   1.00000000e+00  -1.34130130e-02   1.40756560e-04  -8.76550527e-01   3.71945430e+01
 1.83000000e+00   0.00000000e+00   1.00000000e+00  -1.17175134e-02   1.35679536e-04  -8.09819380e-01   3.71579565e+01
 1.84000000e+00   0.00000000e+00   1.00000000e+00  -9.88265169e-03   1.25654803e-04  -7.34140777e-01   3.71200110e+01
 1.85000000e+00   0.00000000e+00   1.00000000e+00  -7.89917098e-03   1.13945115e-04  -6.47294595e-01   3.70843360e+01
 1.86000000e+00   0.00000000e+00   1.00000000e+00  -5.76067978e-03   1.00796739e-04  -5.46480073e-01   3.70468912e+01
 1.87000000e+00   0.00000000e+00   1.00000000e+00  -3.46857381e-03   9.12708970e-05  -4.32425528e-01   3.70135073e+01
 1.88000000e+00   0.00000000e+00   1.00000000e+00  -1.01691055e-03   8.44544666e-05  -3.01871934e-01   3.69798362e+01
 1.89000000e+00   0.00000000e+00   1.00000000e+00   1.57684636e-03   8.43605757e-05  -1.59424705e-01   3.69530460e+01
 1.90000000e+00   0.00000000e+00   1.00000000e+00   4.31521395e-03   8.85448989e-05  -2.87813814e-03   3.69285745e+01
 1.91000000e+00   0.00000000e+00   1.00000000e+00   7.17169852e-03   9.79071963e-05   1.62102674e-01   3.69130957e+01
 1.92000000e+00   0.00000000e+00   1.00000000e+00   1.01408200e-02   1.09223112e-04   3.34580354e-01   3.69024538e+01
 1.93000000e+00   0.00000000e+00   1.00000000e+00   1.32019763e-02   1.20204921e-04   5.12375868e-01   3.69005110e+01
 1.94000000e+00   0.00000000e+00   1.00000000e+00   1.63399200e-02   1.28764722e-04   6.90753595e-01   3.69048727e+01
 1.95000000e+00   0.00000000e+00   1.00000000e+00   1.95491658e-02   1.31445675e-04   8.72837362e-01   3.69152802e+01
 1.96000000e+00   0.00000000e+00   1.00000000e+00   2.28091366e-02   1.29276351e-04   1.05224906e+00   3.69325282e+01
 1.97000000e+00   0.00000000e+00   1.00000000e+00   2.61251469e-02   1.20098352e-04   1.23449500e+00   3.69526991e+01
 1.98000000e+00   0.00000000e+00   1.00000000e+00   2.94787786e-02   1.08256829e-04   1.41515399e+00   3.69799224e+01
 1.99000000e+00   0.00000000e+00   1.00000000e+00   3.28742653e-02   9.37824381e-05   1.59710387e+00   3.70083684e+01
 2.00000000e+00   0.00000000e+00   1.00000000e+00   3.62992337e-02   8.17994745e-05   1.77991489e+00   3.70446785e+01
 2.01000000e+00   0.00000000e+00   1.00000000e+00   3.97498964e-02   7.34075853e-05   1.96137162e+00   3.70825676e+01
 2.02000000e+00   0.00000000e+00   1.00000000e+00   4.32180152e-02   7.08612761e-05   2.14407151e+00   3.71293429e+01
 2.03000000e+00   0.00000000e+00   1.00000000e+00   4.66949504e-02   7.48779399e-05   2.32259219e+00   3.71791586e+01
 2.04000000e+00   0.00000000e+00   1.00000000e+00   5.01740379e-02   8.29118903e-05   2.50022284e+00   3.72376657e+01
 2.05000000e+00   0.00000000e+00   1.00000000e+00   5.36489406e-02   9.53012411e-05   2.67221695e+00   3.73003820e+01
 2.06000000e+00   0.00000000e+00   1.00000000e+00   5.71164811e-02   1.05908291e-04   2.84122523e+00   3.73692145e+01
 2.07000000e+00   0.00000000e+00   1.00000000e+00   6.05753900e-02   1.16185712e-04   3.00568854e+00   3.74425360e+01
 2.08000000e+00   0.00000000e+00   1.00000000e+00   6.40301201e-02   1.19545456e-04   3.16758061e+00   3.75177482e+01
 2.09000000e+00   0.00000000e+00   1.00000000e+00   6.74820592e-02   1.19679255e-04   3.32870266e+00   3.75971657e+01
 2.10000000e+00   0.00000000e+00   1.00000000e+00   7.09424458e-02   1.12302397e-04   3.49008952e+00   3.76747764e+01
 2.11000000e+00   0.00000000e+00   1.00000000e+00   7.44130173e-02   1.02684133e-04   3.65598069e+00   3.77561201e+01
 2.12000000e+00   0.00000000e+00   1.00000000e+00   7.79036177e-02   8.96990930e-05   3.82539521e+00   3.78348398e+01
 2.13000000e+00   0.00000000e+00   1.00000000e+00   8.14165835e-02   7.80143753e-05   4.00383869e+00   3.79166383e+01
 2.14000000e+00   0.00000000e+00   1.00000000e+00   8.49515198e-02   6.88364447e-05   4.18794064e+00   3.79984097e+01
 2.15000000e+00   0.00000000e+00   1.00000000e+00   8.85108039e-02   6.38769710e-05   4.38247123e+00   3.80823856e+01
 2.16000000e+00   0.00000000e+00   1.00000000e+00   9.20825431e-02   6.51444006e-05   4.58351112e+00   3.81708372e+01
 2.17000000e+00   0.00000000e+00   1.00000000e+00   9.56653688e-02   7.03009353e-05   4.79217840e+00   3.82602584e+01
 2.18000000e+00   0.00000000e+00   1.00000000e+00   9.92423465e-02   8.09116915e-05   5.00714044e+00   3.83582501e+01
 2.19000000e+00   0.00000000e+00   1.00000000e+00   1.02805454e-01   9.15124527e-05   5.22404701e+00   3.84558939e+01
 2.20000000e+00   0.00000000e+00   1.00000000e+00   1.06339037e-01   1.03038553e-04   5.44568582e+00   3.85639722e+01
 2.21000000e+00   0.00000000e+00   1.00000000e+00   1.09832272e-01   1.09664805e-04   5.66386484e+00   3.86703586e+01
 2.22000000e+00   0.00000000e+00   1.00000000e+00   1.13270628e-01   1.12486630e-04   5.88379952e+00   3.87866700e+01
 2.23000000e+00   0.00000000e+00   1.00000000e+00   1.16649397e-01   1.08548791e-04   6.09792988e+00   3.89005057e+01
 2.24000000e+00   0.00000000e+00   1.00000000e+00   1.19950723e-01   9.97607865e-05   6.31051713e+00   3.90223068e+01
 2.25000000e+00   0.00000000e+00   1.00000000e+00   1.23180284e-01   8.75792606e-05   6.51803785e+00   3.91423765e+01
 2.26000000e+00   0.00000000e+00   1.00000000e+00   1.26315649e-01   7.39560167e-05   6.72159217e+00   3.92680294e+01
 2.27000000e+00   0.00000000e+00   1.00000000e+00   1.29366139e-01   6.34104483e-05   6.92118251e+00   3.93946968e+01
 2.28000000e+00   0.00000000e+00   1.00000000e+00   1.32309965e-01   5.59127620e-05   7.11505883e+00   3.95247882e+01
 2.29000000e+00   0.00000000e+00   1.00000000e+00   1.35148460e-01   5.59712643e-05   7.30360229e+00   3.96595641e+01
 2.30000000e+00   0.00000000e+00   1.00000000e+00   1.37868096e-01   6.01977084e-05   7.48386356e+00   3.97955473e+01
 2.31000000e+00   0.00000000e+00   1.00000000e+00   1.40458470e-01   7.08552868e-05   7.65502441e+00   3.99387407e+01
 2.32000000e+00   0.00000000e+00   1.00000000e+00   1.42918058e-01   8.22895845e-05   7.81424237e+00   4.00808354e+01
 2.33000000e+00   0.00000000e+00   1.00000000e+00   1.45233082e-01   9.45960635e-05   7.96128706e+00   4.02296756e+01
 2.34000000e+00   0.00000000e+00   1.00000000e+00   1.47412328e-01   1.02953851e-04   8.09393985e+00   4.03752531e+01
 2.35000000e+00   0.00000000e+00   1.00000000e+00   1.49450133e-01   1.06899767e-04   8.21512070e+00   4.05241379e+01
 2.36000000e+00   0.00000000e+00   1.00000000e+00   1.51360618e-01   1.05181678e-04   8.32366498e+00   4.06687888e+01
 2.37000000e+00   0.00000000e+00   1.00000000e+00   1.53149678e-01   9.79136855e-05   8.42526249e+00   4.08121336e+01
 2.38000000e+00   0.00000000e+00   1.00000000e+00   1.54830183e-01   8.78117215e-05   8.52011889e+00   4.09521171e+01
 2.39000000e+00   0.00000000e+00   1.00000000e+00   1.56414339e-01   7.53528456e-05   8.61329514e+00   4.10868145e+01
 2.40000000e+00   0.00000000e+00   1.00000000e+00   1.57906247e-01   6.51522697e-05   8.70598356e+00   4.12209990e+01
 2.41000000e+00   0.00000000e+00   1.00000000e+00   1.59319281e-01   5.71724465e-05   8.79962205e+00   4.13473239e+01
 2.42000000e+00   0.00000000e+00   1.00000000e+00   1.60642556e-01   5.49402926e-05   8.89544651e+00   4.14772055e+01
 2.43000000e+00   0.00000000e+00   1.00000000e+00   1.61891243e-01   5.74660279e-05   8.99126079e+00   4.15979424e+01
 2.44000000e+00   0.00000000e+00   1.00000000e+00   1.63039850e-01   6.49505987e-05   9.08798338e+00   4.17254862e+01
 2.45000000e+00   0.00000000e+00   1.00000000e+00   1.64106971e-01   7.60869536e-05   9.18157528e+00   4.18434174e+01
 2.46000000e+00   0.00000000e+00   1.00000000e+00   1.65062224e-01   8.73690148e-05   9.27391823e+00   4.19690000e+01
 2.47000000e+00   0.00000000e+00   1.00000000e+00   1.65922844e-01   9.86685524e-05   9.35988481e+00   4.20852839e+01
 2.48000000e+00   0.00000000e+00   1.00000000e+00   1.66667689e-01   1.04357527e-04   9.44404679e+00   4.22067254e+01
 2.49000000e+00   0.00000000e+00   1.00000000e+00   1.67302541e-01   1.07139538e-04   9.51970069e+00   4.23206922e+01
 2.50000000e+00   0.00000000e+00   1.00000000e+00   1.67823618e-01   1.01737826e-04   9.59375702e+00   4.24351846e+01
 2.51000000e+00   0.00000000e+00   1.00000000e+00   1.68220032e-01   9.41277466e-05   9.65858373e+00   4.25455395e+01
 2.52000000e+00   0.00000000e+00   1.00000000e+00   1.68499992e-01   8.09779931e-05   9.69690113e+00   4.27143326e+01
 2.53000000e+00   0.00000000e+00   1.00000000e+00   1.68644274e-01   6.99380468e-05   9.73622588e+00   4.27235358e+01
 2.54000000e+00   0.00000000e+00   1.00000000e+00   1.68658158e-01   5.94558098e-05   9.78582982e+00   4.28169212e+01
 2.55000000e+00   0.00000000e+00   1.00000000e+00   1.68526951e-01   5.49238619e-05   9.82906841e+00   4.29123069e+01
 2.56000000e+00   0.00000000e+00   1.00000000e+00   1.68247951e-01   5.55974455e-05   9.86373808e+00   4.30110499e+01
 2.57000000e+00   0.00000000e+00   1.00000000e+00   1.67813252e-01   6.21396719e-05   9.88497412e+00   4.31070843e+01
 2.58000000e+00   0.00000000e+00   1.00000000e+00   1.67213933e-01   7.33864110e-05   9.89626531e+00   4.32065071e+01
 2.59000000e+00   0.00000000e+00   1.00000000e+00   1.66454606e-01   8.55293248e-05   9.88914313e+00   4.33031843e+01
 2.60000000e+00   0.00000000e+00   1.00000000e+00   1.65528086e-01   9.76176822e-05   9.88311496e+00   4.37354708e+01
 2.61000000e+00   0.00000000e+00   1.00000000e+00   1.64434301e-01   1.06760062e-04   9.77438516e+00   4.35946570e+01
 2.62000000e+00   0.00000000e+00   1.00000000e+00   1.63184351e-01   1.09728699e-04   9.69339167e+00   4.36537480e+01
 2.63000000e+00   0.00000000e+00   1.00000000e+00   1.61791071e-01   1.06935585e-04   9.60128700e+00   4.37260516e+01
 2.64000000e+00   0.00000000e+00   1.00000000e+00   1.60252954e-01   1.00439038e-04   9.49733004e+00   4.38019672e+01
 2.65000000e+00   0.00000000e+00   1.00000000e+00   1.58601089e-01   8.98217278e-05   9.38145340e+00   4.38645084e+01
 2.66000000e+00   0.00000000e+00   1.00000000e+00   1.56834106e-01   7.88372358e-05   9.26001378e+00   4.39272523e+01
 2.67000000e+00   0.00000000e+00   1.00000000e+00   1.54980280e-01   6.96019513e-05   9.13226428e+00   4.39763498e+01
 2.68000000e+00   0.00000000e+00   1.00000000e+00   1.53040078e-01   6.34399318e-05   9.00510681e+00   4.40246522e+01
 2.69000000e+00   0.00000000e+00   1.00000000e+00   1.51029874e-01   6.33457118e-05   8.87495674e+00   4.40612930e+01
 2.70000000e+00   0.00000000e+00   1.00000000e+00   1.48950921e-01   6.69827243e-05   8.74758471e+00   4.40959685e+01
 2.71000000e+00   0.00000000e+00   1.00000000e+00   1.46807627e-01   7.67479662e-05   8.61729445e+00   4.41222654e+01
 2.72000000e+00   0.00000000e+00   1.00000000e+00   1.44600338e-01   8.72982608e-05   8.48774056e+00   4.41452079e+01
 2.73000000e+00   0.00000000e+00   1.00000000e+00   1.42330955e-01   1.00151319e-04   8.35447844e+00   4.41620582e+01
 2.74000000e+00   0.00000000e+00   1.00000000e+00   1.39997094e-01   1.09366652e-04   8.21885123e+00   4.41741746e+01
 2.75000000e+00   0.00000000e+00   1.00000000e+00   1.37607328e-01   1.16067356e-04   8.08049880e+00   4.41804218e+01
 2.76000000e+00   0.00000000e+00   1.00000000e+00   1.35156747e-01   1.16589654e-04   7.93918055e+00   4.41809614e+01
 2.77000000e+00   0.00000000e+00   1.00000000e+00   1.32658654e-01   1.12376337e-04   7.79761146e+00   4.41750116e+01
 2.78000000e+00   0.00000000e+00   1.00000000e+00   1.30108409e-01   1.03751942e-04   7.65507838e+00   4.41632197e+01
 2.79000000e+00   0.00000000e+00   1.00000000e+00   1.27513062e-01   9.23765698e-05   7.51342137e+00   4.41453366e+01
 2.80000000e+00   0.00000000e+00   1.00000000e+00   1.24870923e-01   8.19226657e-05   7.37206239e+00   4.41228551e+01
 2.81000000e+00   0.00000000e+00   1.00000000e+00   1.22175312e-01   7.31302639e-05   7.22937224e+00   4.40959910e+01
 2.82000000e+00   0.00000000e+00   1.00000000e+00   1.19426966e-01   7.02712807e-05   7.08441569e+00   4.40667305e+01
 2.83000000e+00   0.00000000e+00   1.00000000e+00   1.16610797e-01   7.19013967e-05   6.93365624e+00   4.40348582e+01
 2.84000000e+00   0.00000000e+00   1.00000000e+00   1.13726641e-01   8.00006139e-05   6.77491187e+00   4.40026544e+01
 2.85000000e+00   0.00000000e+00   1.00000000e+00   1.10764845e-01   9.11882783e-05   6.60639229e+00   4.39676841e+01
 2.86000000e+00   0.00000000e+00   1.00000000e+00   1.07722062e-01   1.04191835e-04   6.42496429e+00   4.39332929e+01
 2.87000000e+00   0.00000000e+00   1.00000000e+00   1.04604400e-01   1.16033320e-04   6.23221747e+00   4.38934603e+01
 2.88000000e+00   0.00000000e+00   1.00000000e+00   1.01406619e-01   1.23480206e-04   6.02612876e+00   4.38537794e+01
 2.89000000e+00   0.00000000e+00   1.00000000e+00   9.81504904e-02   1.26857898e-04   5.80984541e+00   4.38048322e+01
 2.90000000e+00   0.00000000e+00   1.00000000e+00   9.48317320e-02   1.22911750e-04   5.58474697e+00   4.37550966e+01
 2.91000000e+00   0.00000000e+00   1.00000000e+00   9.14804017e-02   1.16359605e-04   5.35257230e+00   4.36930596e+01
 2.92000000e+00   0.00000000e+00   1.00000000e+00   8.80939649e-02   1.04654974e-04   5.11837038e+00   4.36299005e+01
 2.93000000e+00   0.00000000e+00   1.00000000e+00   8.47028268e-02   9.51676688e-05   4.88122145e+00   4.35537794e+01
 2.94000000e+00   0.00000000e+00   1.00000000e+00   8.13049186e-02   8.54342675e-05   4.64766303e+00   4.34768531e+01
 2.95000000e+00   0.00000000e+00   1.00000000e+00   7.79253018e-02   8.20838401e-05   4.41499132e+00   4.33886892e+01
 2.96000000e+00   0.00000000e+00   1.00000000e+00   7.45630559e-02   8.20138797e-05   4.18872839e+00   4.32999654e+01
 2.97000000e+00   0.00000000e+00   1.00000000e+00   7.12334984e-02   8.84159767e-05   3.96579168e+00   4.32032387e+01
 2.98000000e+00   0.00000000e+00   1.00000000e+00   6.79413926e-02   9.79402425e-05   3.74987904e+00   4.31048489e+01
 2.99000000e+00   0.00000000e+00   1.00000000e+00   6.46900218e-02   1.09715459e-04   3.53857472e+00   4.30018335e+01
 3.00000000e+00   0.00000000e+00   1.00000000e+00   6.14936294e-02   1.21599941e-04   3.33421370e+00   4.28945959e+01
 3.01000000e+00   0.00000000e+00   1.00000000e+00   5.83464349e-02   1.30038588e-04   3.13616750e+00   4.27851648e+01
 3.02000000e+00   0.00000000e+00   1.00000000e+00   5.52684407e-02   1.35597119e-04   2.94519301e+00   4.26690646e+01
 3.03000000e+00   0.00000000e+00   1.00000000e+00   5.22533173e-02   1.34311949e-04   2.76370563e+00   4.25516528e+01
 3.04000000e+00   0.00000000e+00   1.00000000e+00   4.93155908e-02   1.29866991e-04   2.58951472e+00   4.24271322e+01
 3.05000000e+00   0.00000000e+00   1.00000000e+00   4.64564885e-02   1.19757146e-04   2.42815246e+00   4.23011821e+01
 3.06000000e+00   0.00000000e+00   1.00000000e+00   4.36749912e-02   1.09488604e-04   2.27398299e+00   4.21706368e+01
 3.07000000e+00   0.00000000e+00   1.00000000e+00   4.09803469e-02   9.85055814e-05   2.13312228e+00   4.20384301e+01
 3.08000000e+00   0.00000000e+00   1.00000000e+00   3.83558059e-02   9.14253362e-05   1.99865075e+00   4.19061838e+01
 3.09000000e+00   0.00000000e+00   1.00000000e+00   3.58116089e-02   8.87283272e-05   1.87320227e+00   4.17725803e+01
 3.10000000e+00   0.00000000e+00   1.00000000e+00   3.33247401e-02   9.14100339e-05   1.75236611e+00   4.16434472e+01
 3.11000000e+00   0.00000000e+00   1.00000000e+00   3.08998610e-02   9.98304454e-05   1.63294550e+00   4.15132136e+01
 3.12000000e+00   0.00000000e+00   1.00000000e+00   2.85187090e-02   1.10521408e-04   1.51543141e+00   4.13898680e+01
 3.13000000e+00   0.00000000e+00   1.00000000e+00   2.61817057e-02   1.23686096e-04   1.39256506e+00   4.12647405e+01
 3.14000000e+00   0.00000000e+00   1.00000000e+00   2.38805645e-02   1.33371980e-04   1.26901083e+00   4.11462944e+01
 3.15000000e+00   0.00000000e+00   1.00000000e+00   2.16188942e-02   1.40796005e-04   1.13805850e+00   4.10242233e+01
 3.16000000e+00   0.00000000e+00   1.00000000e+00   1.93973494e-02   1.41020428e-04   1.00579318e+00   4.09066963e+01
 3.17000000e+00   0.00000000e+00   1.00000000e+00   1.72272639e-02   1.37139123e-04   8.69568591e-01   4.07838412e+01
 3.18000000e+00   0.00000000e+00   1.00000000e+00   1.51145127e-02   1.27643172e-04   7.34243215e-01   4.06629048e+01
 3.19000000e+00   0.00000000e+00   1.00000000e+00   1.30745565e-02   1.16515100e-04   6.01112744e-01   4.05366257e+01
 3.20000000e+00   0.00000000e+00   1.00000000e+00   1.11147166e-02   1.05449641e-04   4.72302320e-01   4.04108154e+01
 3.21000000e+00   0.00000000e+00   1.00000000e+00   9.24730957e-03   9.68342099e-05   3.50633226e-01   4.02817940e+01
 3.22000000e+00   0.00000000e+00   1.00000000e+00   7.47799129e-03   9.35098158e-05   2.35017519e-01   4.01533097e+01
 3.23000000e+00   0.00000000e+00   1.00000000e+00   5.81361852e-03   9.43438193e-05   1.28360945e-01   4.00243433e+01
 3.24000000e+00   0.00000000e+00   1.00000000e+00   4.25713744e-03   1.01435219e-04   2.71214370e-02   3.98966391e+01
 3.25000000e+00   0.00000000e+00   1.00000000e+00   2.81379866e-03   1.10504675e-04  -6.53008158e-02   3.97700258e+01
 3.26000000e+00   0.00000000e+00   1.00000000e+00   1.48653842e-03   1.22383426e-04  -1.52666961e-01   3.96448527e+01
 3.27000000e+00   0.00000000e+00   1.00000000e+00   2.82254907e-04   1.32081369e-04  -2.30960623e-01   3.95204059e+01
 3.28000000e+00   0.00000000e+00   1.00000000e+00  -7.91550410e-04   1.39647446e-04  -3.01284838e-01   3.93968328e+01
 3.29000000e+00   0.00000000e+00   1.00000000e+00  -1.72939725e-03   1.42269242e-04  -3.61023381e-01   3.92727334e+01
 3.30000000e+00   0.00000000e+00   1.00000000e+00  -2.51834929e-03   1.39780085e-04  -4.07278518e-01   3.91489462e+01
 3.31000000e+00   0.00000000e+00   1.00000000e+00  -3.15983597e-03   1.33256145e-04  -4.41475374e-01   3.90240368e+01
 3.32000000e+00   0.00000000e+00   1.00000000e+00  -3.64206699e-03   1.22338841e-04  -4.58308713e-01   3.89004573e+01
 3.33000000e+00   0.00000000e+00   1.00000000e+00  -3.97317425e-03   1.11740860e-04  -4.63240812e-01   3.87765655e+01
 3.34000000e+00   0.00000000e+00   1.00000000e+00  -4.15305660e-03   1.00333487e-04  -4.52131716e-01   3.86568630e+01
 3.35000000e+00   0.00000000e+00   1.00000000e+00  -4.18889024e-03   9.43018551e-05  -4.31143542e-01   3.85385781e+01
 3.36000000e+00   0.00000000e+00   1.00000000e+00  -4.09789977e-03   9.09407399e-05  -4.00058865e-01   3.84279811e+01
 3.37000000e+00   0.00000000e+00   1.00000000e+00  -3.87905910e-03   9.49589677e-05  -3.62056094e-01   3.83207078e+01
 3.38000000e+00   0.00000000e+00   1.00000000e+00  -3.56163089e-03   1.01960202e-04  -3.20800040e-01   3.82230191e+01
 3.39000000e+00   0.00000000e+00   1.00000000e+00  -3.13751056e-03   1.13246127e-04  -2.75618962e-01   3.81297372e+01
 3.40000000e+00   0.00000000e+00   1.00000000e+00  -2.63458737e-03   1.24247403e-04  -2.31827712e-01   3.80452634e+01
 3.41000000e+00   0.00000000e+00   1.00000000e+00  -2.04565716e-03   1.33288377e-04  -1.86570583e-01   3.79655292e+01
 3.42000000e+00   0.00000000e+00   1.00000000e+00  -1.38500998e-03   1.38347934e-04  -1.44433677e-01   3.78915187e+01
 3.43000000e+00   0.00000000e+00   1.00000000e+00  -6.52342227e-04   1.36898344e-04  -1.02017791e-01   3.78220710e+01
 3.44000000e+00   0.00000000e+00   1.00000000e+00   1.54643695e-04   1.31376324e-04  -6.22379852e-02   3.77550962e+01
 3.45000000e+00   0.00000000e+00   1.00000000e+00   1.03024661e-03   1.19931223e-04  -2.15419671e-02   3.76925688e+01
 3.46000000e+00   0.00000000e+00   1.00000000e+00   1.98719969e-03   1.08650440e-04   1.85399695e-02   3.76310043e+01
 3.47000000e+00   0.00000000e+00   1.00000000e+00   3.01763265e-03   9.61659727e-05   6.12188708e-02   3.75742128e+01
 3.48000000e+00   0.00000000e+00   1.00000000e+00   4.13587704e-03   8.89039981e-05   1.06081770e-01   3.75189441e+01
 3.49000000e+00   0.00000000e+00   1.00000000e+00   5.33413955e-03   8.48582553e-05   1.54244249e-01   3.74688639e+01
 3.50000000e+00   0.00000000e+00   1.00000000e+00   6.62264208e-03   8.74908879e-05   2.06946778e-01   3.74220407e+01
 3.51000000e+00   0.00000000e+00   1.00000000e+00   7.99536525e-03   9.39991258e-05   2.61780160e-01   3.73800100e+01
 3.52000000e+00   0.00000000e+00   1.00000000e+00   9.45688679e-03   1.03809721e-04   3.22294747e-01   3.73428213e+01
 3.53000000e+00   0.00000000e+00   1.00000000e+00   1.10076167e-02   1.14673432e-04   3.83750123e-01   3.73087449e+01
 3.54000000e+00   0.00000000e+00   1.00000000e+00   1.26466732e-02   1.23274581e-04   4.51599569e-01   3.72801475e+01
 3.55000000e+00   0.00000000e+00   1.00000000e+00   1.43858429e-02   1.29605919e-04   5.22022574e-01   3.72520040e+01
 3.56000000e+00   0.00000000e+00   1.00000000e+00   1.62192275e-02   1.29838607e-04   6.00648600e-01   3.72292236e+01
 3.57000000e+00   0.00000000e+00   1.00000000e+00   1.81673443e-02   1.26756497e-04   6.86607039e-01   3.72047828e+01
 3.58000000e+00   0.00000000e+00   1.00000000e+00   2.02206706e-02   1.17804372e-04   7.83698348e-01   3.71854390e+01
 3.59000000e+00   0.00000000e+00   1.00000000e+00   2.23957692e-02   1.07557866e-04   8.92727569e-01   3.71646142e+01
 3.60000000e+00   0.00000000e+00   1.00000000e+00   2.46822635e-02   9.54770746e-05   1.01454308e+00   3.71491422e+01
 3.61000000e+00   0.00000000e+00   1.00000000e+00   2.70796129e-02   8.57433322e-05   1.14897810e+00   3.71350762e+01
 3.62000000e+00   0.00000000e+00   1.00000000e+00   2.95789582e-02   7.93095234e-05   1.29405984e+00   3.71272847e+01
 3.63000000e+00   0.00000000e+00   1.00000000e+00   3.21615549e-02   7.75692556e-05   1.44823684e+00   3.71251104e+01
 3.64000000e+00   0.00000000e+00   1.00000000e+00   3.48196817e-02   8.17601791e-05   1.60724413e+00   3.71300357e+01
 3.65000000e+00   0.00000000e+00   1.00000000e+00   3.75289551e-02   8.92550298e-05   1.77058520e+00   3.71434513e+01
 3.66000000e+00   0.00000000e+00   1.00000000e+00   4.02804888e-02   1.00705792e-04   1.93241139e+00   3.71637709e+01
 3.67000000e+00   0.00000000e+00   1.00000000e+00   4.30586531e-02   1.10613400e-04   2.09552242e+00   3.71928763e+01
 3.68000000e+00   0.00000000e+00   1.00000000e+00   4.58523592e-02   1.19640409e-04   2.25357229e+00   3.72273127e+01
 3.69000000e+00   0.00000000e+00   1.00000000e+00   4.86584114e-02   1.22486121e-04   2.41183722e+00   3.72688823e+01
 3.70000000e+00   0.00000000e+00   1.00000000e+00   5.14660877e-02   1.21068918e-04   2.56523835e+00   3.73137081e+01
 3.71000000e+00   0.00000000e+00   1.00000000e+00   5.42765423e-02   1.13317738e-04   2.71809560e+00   3.73641599e+01
 3.72000000e+00   0.00000000e+00   1.00000000e+00   5.70836706e-02   1.02327435e-04   2.86826507e+00   3.74167278e+01
 3.73000000e+00   0.00000000e+00   1.00000000e+00   5.98834427e-02   8.99541482e-05   3.01626207e+00   3.74745325e+01
 3.74000000e+00   0.00000000e+00   1.00000000e+00   6.26760472e-02   7.84323207e-05   3.16323073e+00   3.75348843e+01
 3.75000000e+00   0.00000000e+00   1.00000000e+00   6.54507293e-02   7.16106361e-05   3.30599291e+00   3.76006226e+01
 3.76000000e+00   0.00000000e+00   1.00000000e+00   6.82119227e-02   6.85336095e-05   3.44792176e+00   3.76704002e+01
 3.77000000e+00   0.00000000e+00   1.00000000e+00   7.09479022e-02   7.25955275e-05   3.58421733e+00   3.77449346e+01
 3.78000000e+00   0.00000000e+00   1.00000000e+00   7.36647170e-02   7.92926913e-05   3.71943950e+00   3.78245959e+01
 3.79000000e+00   0.00000000e+00   1.00000000e+00   7.63558496e-02   9.04832950e-05   3.84891354e+00   3.79068257e+01
 3.80000000e+00   0.00000000e+00   1.00000000e+00   7.90279825e-02   1.00326559e-04   3.97821802e+00   3.79942766e+01
 3.81000000e+00   0.00000000e+00   1.00000000e+00   8.16822158e-02   1.09523635e-04   4.10345880e+00   3.80811366e+01
 3.82000000e+00   0.00000000e+00   1.00000000e+00   8.43244739e-02   1.14065299e-04   4.23091577e+00   3.81723075e+01
 3.83000000e+00   0.00000000e+00   1.00000000e+00   8.69633771e-02   1.14123191e-04   4.35815075e+00   3.82603104e+01
 3.84000000e+00   0.00000000e+00   1.00000000e+00   8.95994587e-02   1.09633771e-04   4.49022907e+00   3.83515536e+01
 3.85000000e+00   0.00000000e+00   1.00000000e+00   9.22474366e-02   1.00341130e-04   4.62742068e+00   3.84391173e+01
 3.86000000e+00   0.00000000e+00   1.00000000e+00   9.48971308e-02   9.02024551e-05   4.77057319e+00   3.85292014e+01
 3.87000000e+00   0.00000000e+00   1.00000000e+00   9.75646148e-02   7.81066177e-05   4.92333346e+00   3.86176975e+01
 3.88000000e+00   0.00000000e+00   1.00000000e+00   1.00229694e-01   7.02402403e-05   5.08082633e+00   3.87081656e+01
 3.89000000e+00   0.00000000e+00   1.00000000e+00   1.02900647e-01   6.40162868e-05   5.24882284e+00   3.88014390e+01
 3.90000000e+00   0.00000000e+00   1.00000000e+00   1.05556774e-01   6.50747531e-05   5.41848438e+00   3.88955203e+01
 3.91000000e+00   0.00000000e+00   1.00000000e+00   1.08189711e-01   6.91466247e-05   5.59506449e+00   3.89973811e+01
 3.92000000e+00   0.00000000e+00   1.00000000e+00   1.10790250e-01   7.89772357e-05   5.76970514e+00   3.90979906e+01
 3.93000000e+00   0.00000000e+00   1.00000000e+00   1.13332935e-01   8.96114859e-05   5.94527125e+00   3.92094527e+01
 3.94000000e+00   0.00000000e+00   1.00000000e+00   1.15824044e-01   1.00496231e-04   6.11597658e+00   3.93172760e+01
 3.95000000e+00   0.00000000e+00   1.00000000e+00   1.18231566e-01   1.08277232e-04   6.28261553e+00   3.94357659e+01
 3.96000000e+00   0.00000000e+00   1.00000000e+00   1.20569385e-01   1.10820228e-04   6.44302295e+00   3.95494731e+01
 3.97000000e+00   0.00000000e+00   1.00000000e+00   1.22813144e-01   1.08605417e-04   6.59707395e+00   3.96705817e+01
 3.98000000e+00   0.00000000e+00   1.00000000e+00   1.24971344e-01   1.00029073e-04   6.74525917e+00   3.97885584e+01
 3.99000000e+00   0.00000000e+00   1.00000000e+00   1.27034303e-01   8.95288802e-05   6.88624321e+00   3.99092415e+01
 4.00000000e+00   0.00000000e+00   1.00000000e+00   1.28997627e-01   7.65792680e-05   7.02249928e+00   4.00309669e+01
 4.01000000e+00   0.00000000e+00   1.00000000e+00   1.30863196e-01   6.69252327e-05   7.14983044e+00   4.01513198e+01
 4.02000000e+00   0.00000000e+00   1.00000000e+00   1.32615730e-01   6.01015528e-05   7.27258652e+00   4.02774252e+01
 4.03000000e+00   0.00000000e+00   1.00000000e+00   1.34262418e-01   5.95535986e-05   7.38319821e+00   4.03992903e+01
 4.04000000e+00   0.00000000e+00   1.00000000e+00   1.35785132e-01   6.39837006e-05   7.48748281e+00   4.05296752e+01
 4.05000000e+00   0.00000000e+00   1.00000000e+00   1.37194053e-01   7.27013448e-05   7.57706074e+00   4.06538436e+01
 4.06000000e+00   0.00000000e+00   1.00000000e+00   1.38476567e-01   8.42224733e-05   7.65792429e+00   4.07856945e+01
 4.07000000e+00   0.00000000e+00   1.00000000e+00   1.39646517e-01   9.46321039e-05   7.72512911e+00   4.09102190e+01
 4.08000000e+00   0.00000000e+00   1.00000000e+00   1.40702207e-01   1.03921197e-04   7.78331380e+00   4.10382271e+01
 4.09000000e+00   0.00000000e+00   1.00000000e+00   1.41658362e-01   1.07440317e-04   7.83323801e+00   4.11593497e+01
 4.10000000e+00   0.00000000e+00   1.00000000e+00   1.42525592e-01   1.07687860e-04   7.87713339e+00   4.12779313e+01
 4.11000000e+00   0.00000000e+00   1.00000000e+00   1.43311426e-01   1.01453491e-04   7.92006911e+00   4.13922388e+01
 4.12000000e+00   0.00000000e+00   1.00000000e+00   1.44035071e-01   9.31304893e-05   7.96120318e+00   4.14985469e+01
 4.13000000e+00   0.00000000e+00   1.00000000e+00   1.44690793e-01   8.18261725e-05   8.00697942e+00   4.16050548e+01
 4.14000000e+00   0.00000000e+00   1.00000000e+00   1.45297747e-01   7.18227310e-05   8.05272039e+00   4.17004230e+01
 4.15000000e+00   0.00000000e+00   1.00000000e+00   1.45840343e-01   6.40903261e-05   8.10498345e+00   4.18005871e+01
 4.16000000e+00   0.00000000e+00   1.00000000e+00   1.46328583e-01   6.04671054e-05   8.15509641e+00   4.18894531e+01
 4.17000000e+00   0.00000000e+00   1.00000000e+00   1.46747583e-01   6.25865249e-05   8.21023497e+00   4.19856274e+01
 4.18000000e+00   0.00000000e+00   1.00000000e+00   1.47095093e-01   6.84795016e-05   8.25955735e+00   4.20724358e+01
 4.19000000e+00   0.00000000e+00   1.00000000e+00   1.47364389e-01   7.93860608e-05   8.31042445e+00   4.21656786e+01
 4.20000000e+00   0.00000000e+00   1.00000000e+00   1.47545695e-01   9.00255679e-05   8.33507791e+00   4.22907747e+01
 4.21000000e+00   0.00000000e+00   1.00000000e+00   1.47639439e-01   1.01539197e-04   8.36481306e+00   4.23081300e+01
 4.22000000e+00   0.00000000e+00   1.00000000e+00   1.47635948e-01   1.08008705e-04   8.40368481e+00   4.23890074e+01
 4.23000000e+00   0.00000000e+00   1.00000000e+00   1.47535272e-01   1.10776401e-04   8.43734696e+00   4.24694189e+01
 4.24000000e+00   0.00000000e+00   1.00000000e+00   1.47334429e-01   1.07126261e-04   8.46351615e+00   4.25482219e+01
 4.25000000e+00   0.00000000e+00   1.00000000e+00   1.47026080e-01   9.90297837e-05   8.48663030e+00   4.26267248e+01
 4.26000000e+00   0.00000000e+00   1.00000000e+00   1.46611304e-01   8.80778284e-05   8.49818153e+00   4.26994333e+01
 4.27000000e+00   0.00000000e+00   1.00000000e+00   1.46082624e-01   7.59421315e-05   8.50700898e+00   4.27739620e+01
 4.28000000e+00   0.00000000e+00   1.00000000e+00   1.45436257e-01   6.72725485e-05   8.50201027e+00   4.28405631e+01
 4.29000000e+00   0.00000000e+00   1.00000000e+00   1.44674706e-01   6.14041321e-05   8.51206573e+00   4.32046633e+01
 4.30000000e+00   0.00000000e+00   1.00000000e+00   1.43777366e-01   6.32703796e-05   8.43551853e+00   4.30577833e+01
 4.31000000e+00   0.00000000e+00   1.00000000e+00   1.42763254e-01   6.79957922e-05   8.38055704e+00   4.30899720e+01
 4.32000000e+00   0.00000000e+00   1.00000000e+00   1.41616720e-01   7.93033210e-05   8.31690644e+00   4.31485412e+01
 4.33000000e+00   0.00000000e+00   1.00000000e+00   1.40347851e-01   9.03953612e-05   8.24050140e+00   4.32070309e+01
 4.34000000e+00   0.00000000e+00   1.00000000e+00   1.38958491e-01   1.02818240e-04   8.14867860e+00   4.32617277e+01
 4.35000000e+00   0.00000000e+00   1.00000000e+00   1.37456482e-01   1.10784541e-04   8.04630764e+00   4.33158779e+01
 4.36000000e+00   0.00000000e+00   1.00000000e+00   1.35858470e-01   1.15069280e-04   7.93028540e+00   4.33589243e+01
 4.37000000e+00   0.00000000e+00   1.00000000e+00   1.34169650e-01   1.13653515e-04   7.80946688e+00   4.34027840e+01
 4.38000000e+00   0.00000000e+00   1.00000000e+00   1.32415549e-01   1.07278430e-04   7.67984419e+00   4.34304111e+01
 4.39000000e+00   0.00000000e+00   1.00000000e+00   1.30599649e-01   9.82191563e-05   7.55251978e+00   4.34595553e+01
 4.40000000e+00   0.00000000e+00   1.00000000e+00   1.28745362e-01   8.67769141e-05   7.42239505e+00   4.34718689e+01
 4.41000000e+00   0.00000000e+00   1.00000000e+00   1.26852670e-01   7.78921333e-05   7.29876247e+00   4.34857099e+01
 4.42000000e+00   0.00000000e+00   1.00000000e+00   1.24936548e-01   7.05516607e-05   7.17676442e+00   4.34862729e+01
 4.43000000e+00   0.00000000e+00   1.00000000e+00   1.22991068e-01   6.95599187e-05   7.05971638e+00   4.34873830e+01
 4.44000000e+00   0.00000000e+00   1.00000000e+00   1.21023435e-01   7.21938100e-05   6.94559884e+00   4.34806372e+01
 4.45000000e+00   0.00000000e+00   1.00000000e+00   1.19025332e-01   8.07623572e-05   6.83144871e+00   4.34722626e+01
 4.46000000e+00   0.00000000e+00   1.00000000e+00   1.16998273e-01   9.15577851e-05   6.71907995e+00   4.34610001e+01
 4.47000000e+00   0.00000000e+00   1.00000000e+00   1.14941053e-01   1.03698761e-04   6.60351102e+00   4.34445459e+01
 4.48000000e+00   0.00000000e+00   1.00000000e+00   1.12848753e-01   1.14350897e-04   6.48822063e+00   4.34281196e+01
 4.49000000e+00   0.00000000e+00   1.00000000e+00   1.10732987e-01   1.20686195e-04   6.37098469e+00   4.34030206e+01
 4.50000000e+00   0.00000000e+00   1.00000000e+00   1.08581855e-01   1.22827127e-04   6.25364247e+00   4.33789234e+01
 4.51000000e+00   0.00000000e+00   1.00000000e+00   1.06412437e-01   1.18099988e-04   6.13713150e+00   4.33449944e+01
 4.52000000e+00   0.00000000e+00   1.00000000e+00   1.04211177e-01   1.10328343e-04   6.02059430e+00   4.33115059e+01
 4.53000000e+00   0.00000000e+00   1.00000000e+00   1.01984455e-01   9.82447842e-05   5.90445071e+00   4.32708623e+01
 4.54000000e+00   0.00000000e+00   1.00000000e+00   9.97270369e-02   8.76878126e-05   5.78710530e+00   4.32294286e+01
 4.55000000e+00   0.00000000e+00   1.00000000e+00   9.74249580e-02   7.83388939e-05   5.66544236e+00   4.31861309e+01
 4.56000000e+00   0.00000000e+00   1.00000000e+00   9.50875934e-02   7.46979508e-05   5.53943000e+00   4.31403089e+01
 4.57000000e+00   0.00000000e+00   1.00000000e+00   9.26875797e-02   7.61404507e-05   5.40380864e+00   4.30975293e+01
 4.58000000e+00   0.00000000e+00   1.00000000e+00   9.02457123e-02   8.31388734e-05   5.26009376e+00   4.30499552e+01
 4.59000000e+00   0.00000000e+00   1.00000000e+00   8.77385040e-02   9.44680663e-05   5.10513090e+00   4.30071594e+01
 4.60000000e+00   0.00000000e+00   1.00000000e+00   8.51892172e-02   1.06544429e-04   4.94020410e+00   4.29568130e+01
 4.61000000e+00   0.00000000e+00   1.00000000e+00   8.25905552e-02   1.18798952e-04   4.76694826e+00   4.29099065e+01
 4.62000000e+00   0.00000000e+00   1.00000000e+00   7.99618562e-02   1.26081541e-04   4.58522945e+00   4.28529574e+01
 4.63000000e+00   0.00000000e+00   1.00000000e+00   7.73111910e-02   1.30022870e-04   4.40046810e+00   4.27966614e+01
 4.64000000e+00   0.00000000e+00   1.00000000e+00   7.46534425e-02   1.26843800e-04   4.21155201e+00   4.27291566e+01
 4.65000000e+00   0.00000000e+00   1.00000000e+00   7.20032470e-02   1.20434225e-04   4.02496863e+00   4.26602985e+01
 4.66000000e+00   0.00000000e+00   1.00000000e+00   6.93720106e-02   1.09830199e-04   3.83919229e+00   4.25812286e+01
 4.67000000e+00   0.00000000e+00   1.00000000e+00   6.67741080e-02   9.92472827e-05   3.66008059e+00   4.24998172e+01
 4.68000000e+00   0.00000000e+00   1.00000000e+00   6.42161470e-02   9.01172404e-05   3.48539735e+00   4.24113646e+01
 4.69000000e+00   0.00000000e+00   1.00000000e+00   6.17101275e-02   8.43044196e-05   3.31987938e+00   4.23202890e+01
 4.70000000e+00   0.00000000e+00   1.00000000e+00   5.92573315e-02   8.42847039e-05   3.16064665e+00   4.22261156e+01
 4.71000000e+00   0.00000000e+00   1.00000000e+00   5.68656946e-02   8.79416042e-05   3.01025977e+00   4.21290881e+01
 4.72000000e+00   0.00000000e+00   1.00000000e+00   5.45361082e-02   9.76930268e-05   2.86738167e+00   4.20317287e+01
 4.73000000e+00   0.00000000e+00   1.00000000e+00   5.22689356e-02   1.07895145e-04   2.73058286e+00   4.19313145e+01
 4.74000000e+00   0.00000000e+00   1.00000000e+00   5.00722876e-02   1.20628787e-04   2.60302085e+00   4.18309067e+01
 4.75000000e+00   0.00000000e+00   1.00000000e+00   4.79374816e-02   1.29114878e-04   2.47894598e+00   4.17279623e+01
 4.76000000e+00   0.00000000e+00   1.00000000e+00   4.58810783e-02   1.35528577e-04   2.36589572e+00   4.16232191e+01
 4.77000000e+00   0.00000000e+00   1.00000000e+00   4.38896136e-02   1.35070793e-04   2.25662007e+00   4.15175031e+01
 4.78000000e+00   0.00000000e+00   1.00000000e+00   4.19790252e-02   1.30426840e-04   2.15831661e+00   4.14078053e+01
 4.79000000e+00   0.00000000e+00   1.00000000e+00   4.01378686e-02   1.20881971e-04   2.06655405e+00   4.13000443e+01
 4.80000000e+00   0.00000000e+00   1.00000000e+00   3.83704643e-02   1.09096530e-04   1.98232243e+00   4.11871840e+01
 4.81000000e+00   0.00000000e+00   1.00000000e+00   3.66694282e-02   9.81763147e-05   1.90629186e+00   4.10803575e+01
 4.82000000e+00   0.00000000e+00   1.00000000e+00   3.50268651e-02   8.90920472e-05   1.83163413e+00   4.09686344e+01
 4.83000000e+00   0.00000000e+00   1.00000000e+00   3.34350857e-02   8.63150039e-05   1.76276088e+00   4.08668804e+01
 4.84000000e+00   0.00000000e+00   1.00000000e+00   3.18856480e-02   8.75655666e-05   1.68918745e+00   4.07607926e+01
 4.85000000e+00   0.00000000e+00   1.00000000e+00   3.03663842e-02   9.59790904e-05   1.61605768e+00   4.06661934e+01
 4.86000000e+00   0.00000000e+00   1.00000000e+00   2.88809473e-02   1.06305332e-04   1.53527315e+00   4.05676810e+01
 4.87000000e+00   0.00000000e+00   1.00000000e+00   2.74157007e-02   1.19409788e-04   1.45093715e+00   4.04781656e+01
 4.88000000e+00   0.00000000e+00   1.00000000e+00   2.59877785e-02   1.29749276e-04   1.36046281e+00   4.03853057e+01
 4.89000000e+00   0.00000000e+00   1.00000000e+00   2.45902159e-02   1.36973191e-04   1.26679417e+00   4.02956483e+01
 4.90000000e+00   0.00000000e+00   1.00000000e+00   2.32439947e-02   1.38553146e-04   1.17203547e+00   4.02042412e+01
 4.91000000e+00   0.00000000e+00   1.00000000e+00   2.19530163e-02   1.34318756e-04   1.07766957e+00   4.01098686e+01
 4.92000000e+00   0.00000000e+00   1.00000000e+00   2.07320982e-02   1.26207762e-04   9.88305299e-01   4.00165121e+01
 4.93000000e+00   0.00000000e+00   1.00000000e+00   1.95912786e-02   1.14367245e-04   9.02589950e-01   3.99167772e+01
 4.94000000e+00   0.00000000e+00   1.00000000e+00   1.85372984e-02   1.03786842e-04   8.26327309e-01   3.98209742e+01
 4.95000000e+00   0.00000000e+00   1.00000000e+00   1.75780522e-02   9.39046872e-05   7.54673028e-01   3.97193401e+01
 4.96000000e+00   0.00000000e+00   1.00000000e+00   1.67165815e-02   8.97130560e-05   6.93746047e-01   3.96229697e+01
 4.97000000e+00   0.00000000e+00   1.00000000e+00   1.59557083e-02   8.91876608e-05   6.37456137e-01   3.95240673e+01
 4.98000000e+00   0.00000000e+00   1.00000000e+00   1.52990689e-02   9.47854442e-05   5.90602011e-01   3.94291798e+01
 4.99000000e+00   0.00000000e+00   1.00000000e+00   1.47474482e-02   1.03505645e-04   5.49967848e-01   3.93356332e+01
 5.00000000e+00   0.00000000e+00   1.00000000e+00   1.43070330e-02   1.14514616e-04   5.17165047e-01   3.92424619e+01