  Time  Coordinate0  Coordinate1  Displacement0  Displacement1  Force0  Force1
 1.00000000e-02  -8.72097533e-14   1.00000000e+00   1.02796240e-05   1.39613253e-05   2.02822690e-01   1.97214624e+01
 2.00000000e-02  -8.72097533e-14   1.00000000e+00   5.55755743e-05   3.67406213e-05   2.35592666e-01   2.31678236e+01
 3.00000000e-02  -8.72097533e-14   1.00000000e+00   1.49397585e-04   6.04345544e-05   2.51126136e-01   2.45588994e+01
 4.00000000e-02  -8.72097533e-14   1.00000000e+00   2.89161513e-04   8.62636560e-05   2.62922524e-01   2.53820550e+01
 5.00000000e-02  -8.72097533e-14   1.00000000e+00   4.75354903e-04   1.08818119e-04   2.73807896e-01   2.65060837e+01
 6.00000000e-02  -8.72097533e-14   1.00000000e+00   7.05375512e-04   1.25091145e-04   2.81589694e-01   2.79218689e+01
 7.00000000e-02  -8.72097533e-14   1.00000000e+00   9.73383886e-04   1.25935661e-04   2.81327397e-01   2.94002218e+01
 8.00000000e-02  -8.72097533e-14   1.00000000e+00   1.28486173e-03   1.10110840e-04   2.71965045e-01   3.08229811e+01
 9.00000000e-02  -8.72097533e-14   1.00000000e+00   1.66859209e-03   8.57985672e-05   2.57186898e-01   3.21721930e+01
 1.00000000e-01  -8.72097533e-14   1.00000000e+00   2.17365606e-03   6.77901375e-05   2.51014628e-01   3.34599668e+01
 1.10000000e-01  -8.72097533e-14   1.00000000e+00   2.83465251e-03   6.30008112e-05   2.64227563e-01   3.46962536e+01
 1.20000000e-01  -8.72097533e-14   1.00000000e+00   3.65079003e-03   6.61271011e-05   2.94356421e-01   3.58772672e+01
 1.30000000e-01  -8.72097533e-14   1.00000000e+00   4.61091593e-03   7.81551868e-05   3.36866760e-01   3.70019647e+01
 1.40000000e-01  -8.72097533e-14   1.00000000e+00   5.71851246e-03   1.04525219e-04   3.94723405e-01   3.80631507e+01
 1.50000000e-01  -8.72097533e-14   1.00000000e+00   6.97433309e-03   1.37239127e-04   4.71255232e-01   3.90721746e+01
 1.60000000e-01  -8.72097533e-14   1.00000000e+00   8.36488967e-03   1.56803491e-04   5.60704201e-01   4.00273962e+01
 1.70000000e-01  -8.72097533e-14   1.00000000e+00   9.88113904e-03   1.58421066e-04   6.61121181e-01   4.09287833e+01
 1.80000000e-01  -8.72097533e-14   1.00000000e+00   1.15211676e-02   1.51310221e-04   7.74616303e-01   4.17748460e+01
 1.90000000e-01  -8.72097533e-14   1.00000000e+00   1.32787805e-02   1.35167677e-04   8.98143400e-01   4.25697469e+01
 2.00000000e-01  -8.72097533e-14   1.00000000e+00   1.51516289e-02   1.13324404e-04   1.03149537e+00   4.33165011e+01
 2.10000000e-01  -8.72097533e-14   1.00000000e+00   1.71447523e-02   9.14660513e-05   1.17808701e+00   4.40146689e+01
 2.20000000e-01  -8.72097533e-14   1.00000000e+00   1.92630684e-02   7.98992751e-05   1.33991464e+00   4.46703715e+01
 2.30000000e-01  -8.72097533e-14   1.00000000e+00   2.15126175e-02   8.63637046e-05   1.52303589e+00   4.52835683e+01
 2.40000000e-01  -8.72097533e-14   1.00000000e+00   2.38847367e-02   1.10161626e-04   1.72869261e+00   4.58654965e+01
 2.50000000e-01  -8.72097533e-14   1.00000000e+00   2.63440111e-02   1.32821429e-04   1.94476994e+00   4.64199590e+01
 2.60000000e-01  -8.72097533e-14   1.00000000e+00   2.88485797e-02   1.50704061e-04   2.15541796e+00   4.69475102e+01
 2.70000000e-01  -8.72097533e-14   1.00000000e+00   3.13752995e-02   1.68815156e-04   2.35346590e+00   4.74479806e+01
 2.80000000e-01  -8.72097533e-14   1.00000000e+00   3.39262705e-02   1.74456903e-04   2.54178115e+00   4.79222084e+01
 2.90000000e-01  -8.72097533e-14   1.00000000e+00   3.65141744e-02   1.59739703e-04   2.72886366e+00   4.83668273e+01
 3.00000000e-01  -8.72097533e-14   1.00000000e+00   3.91382016e-02   1.33690574e-04   2.91254566e+00   4.87753646e+01
 3.10000000e-01  -8.72097533e-14   1.00000000e+00   4.17956777e-02   1.09694130e-04   3.08775963e+00   4.91516160e+01
 3.20000000e-01  -8.72097533e-14   1.00000000e+00   4.45015917e-02   9.43103015e-05   3.26217184e+00   4.94943464e+01
 3.30000000e-01  -8.72097533e-14   1.00000000e+00   4.72743125e-02   9.01537251e-05   3.44395424e+00   4.98062393e+01
 3.40000000e-01  -8.72097533e-14   1.00000000e+00   5.01187678e-02   9.44699715e-05   3.63347846e+00   5.00871230e+01
 3.50000000e-01  -8.72097533e-14   1.00000000e+00   5.30342623e-02   1.11753307e-04   3.82949932e+00   5.03384828e+01
 3.60000000e-01  -8.72097533e-14   1.00000000e+00   5.60226307e-02   1.39270604e-04   4.03414110e+00   5.05635590e+01
 3.70000000e-01  -8.72097533e-14   1.00000000e+00   5.90784210e-02   1.63830282e-04   4.24752738e+00   5.07620951e+01
 3.80000000e-01  -8.72097533e-14   1.00000000e+00   6.21822103e-02   1.71624698e-04   4.45922794e+00   5.09366623e+01
 3.90000000e-01  -8.72097533e-14   1.00000000e+00   6.53208330e-02   1.62498572e-04   4.66089473e+00   5.10790064e+01
 4.00000000e-01  -8.72097533e-14   1.00000000e+00   6.85065719e-02   1.49038073e-04   4.85880955e+00   5.11920443e+01
 4.10000000e-01  -8.72097533e-14   1.00000000e+00   7.17665694e-02   1.29175758e-04   5.06487292e+00   5.12719635e+01
 4.20000000e-01  -8.72097533e-14   1.00000000e+00   7.51243185e-02   1.00505018e-04   5.28998663e+00   5.13189270e+01
 4.30000000e-01  -8.72097533e-14   1.00000000e+00   7.85863615e-02   8.11060232e-05   5.53718173e+00   5.13301789e+01
 4.40000000e-01  -8.72097533e-14   1.00000000e+00   8.21388209e-02   7.94179729e-05   5.80167037e+00   5.13157829e+01
 4.50000000e-01  -8.72097533e-14   1.00000000e+00   8.57596608e-02   9.22318669e-05   6.07423369e+00   5.12820707e+01
 4.60000000e-01  -8.72097533e-14   1.00000000e+00   8.94393763e-02   1.14115737e-04   6.35498325e+00   5.12270310e+01
 4.70000000e-01  -8.72097533e-14   1.00000000e+00   9.31692389e-02   1.33971494e-04   6.64872146e+00   5.11576899e+01
 4.80000000e-01  -8.72097533e-14   1.00000000e+00   9.69189709e-02   1.48610490e-04   6.94336100e+00   5.10687652e+01
 4.90000000e-01  -8.72097533e-14   1.00000000e+00   1.00654660e-01   1.59496678e-04   7.22680281e+00   5.09683640e+01
 5.00000000e-01  -8.72097533e-14   1.00000000e+00   1.04360554e-01   1.53606504e-04   7.49897348e+00   5.08540184e+01
 5.10000000e-01  -8.72097533e-14   1.00000000e+00   1.08025075e-01   1.28417151e-04   7.75725966e+00   5.07241944e+01
 5.20000000e-01  -8.72097533e-14   1.00000000e+00   1.11640746e-01   9.92218214e-05   8.00016665e+00   5.05748721e+01
 5.30000000e-01  -8.72097533e-14   1.00000000e+00   1.15208053e-01   8.00574990e-05   8.23117640e+00   5.04115015e+01
 5.40000000e-01  -8.72097533e-14   1.00000000e+00   1.18735725e-01   6.94875494e-05   8.45644683e+00   5.02372853e+01
 5.50000000e-01  -8.72097533e-14   1.00000000e+00   1.22229978e-01   6.60421196e-05   8.68471313e+00   5.00498199e+01
 5.60000000e-01  -8.72097533e-14   1.00000000e+00   1.25670807e-01   7.73833592e-05   8.91045134e+00   4.98547527e+01
 5.70000000e-01  -8.72097533e-14   1.00000000e+00   1.29017956e-01   1.00909044e-04   9.11664101e+00   4.96557446e+01
 5.80000000e-01  -8.72097533e-14   1.00000000e+00   1.32247978e-01   1.26839929e-04   9.29700632e+00   4.94587261e+01
 5.90000000e-01  -8.72097533e-14   1.00000000e+00   1.35360530e-01   1.41732013e-04   9.45568154e+00   4.92585189e+01
 6.00000000e-01  -8.72097533e-14   1.00000000e+00   1.38360003e-01   1.39988238e-04   9.59504421e+00   4.90518215e+01
 6.10000000e-01  -8.72097533e-14   1.00000000e+00   1.41250987e-01   1.27273911e-04   9.71732780e+00   4.88371026e+01
 6.20000000e-01  -8.72097533e-14   1.00000000e+00   1.44037147e-01   1.09104276e-04   9.82402553e+00   4.86151642e+01
 6.30000000e-01  -8.72097533e-14   1.00000000e+00   1.46724840e-01   8.55818650e-05   9.91556196e+00   4.83887056e+01
 6.40000000e-01  -8.72097533e-14   1.00000000e+00   1.49331791e-01   5.90394984e-05   9.99794360e+00   4.81524774e+01
 6.50000000e-01  -8.72097533e-14   1.00000000e+00   1.51883663e-01   4.66699511e-05   1.00829035e+01   4.79089747e+01
 6.60000000e-01  -8.72097533e-14   1.00000000e+00   1.54391744e-01   5.74563943e-05   1.01765205e+01   4.76624148e+01
 6.70000000e-01  -8.72097533e-14   1.00000000e+00   1.56849729e-01   7.53273707e-05   1.02753656e+01   4.74208208e+01
 6.80000000e-01  -8.72097533e-14   1.00000000e+00   1.59248614e-01   9.41062649e-05   1.03769122e+01   4.71787544e+01
 6.90000000e-01  -8.72097533e-14   1.00000000e+00   1.61575751e-01   1.15095226e-04   1.04800756e+01   4.69396007e+01
 7.00000000e-01  -8.72097533e-14   1.00000000e+00   1.63806469e-01   1.28364576e-04   1.05754219e+01   4.67067865e+01
 7.10000000e-01  -8.72097533e-14   1.00000000e+00   1.65923817e-01   1.30238291e-04   1.06555067e+01   4.64770583e+01
 7.20000000e-01  -8.72097533e-14   1.00000000e+00   1.67936950e-01   1.15218455e-04   1.07261526e+01   4.62525606e+01
 7.30000000e-01  -8.72097533e-14   1.00000000e+00   1.69871320e-01   8.62639597e-05   1.08002553e+01   4.60242347e+01
 7.40000000e-01  -8.72097533e-14   1.00000000e+00   1.71731168e-01   6.20477417e-05   1.08825162e+01   4.57986982e+01
 7.50000000e-01  -8.72097533e-14   1.00000000e+00   1.73498476e-01   4.90027199e-05   1.09632935e+01   4.55752855e+01
 7.60000000e-01  -8.72097533e-14   1.00000000e+00   1.75159329e-01   4.33957922e-05   1.10427914e+01   4.53636778e+01
 7.70000000e-01  -8.72097533e-14   1.00000000e+00   1.76705624e-01   4.66524276e-05   1.11198520e+01   4.51579124e+01
 7.80000000e-01  -8.72097533e-14   1.00000000e+00   1.78127234e-01   6.59535490e-05   1.11944075e+01   4.49603853e+01
 7.90000000e-01  -8.72097533e-14   1.00000000e+00   1.79406236e-01   9.51875377e-05   1.12664780e+01   4.47778674e+01
 8.00000000e-01  -8.72097533e-14   1.00000000e+00   1.80511440e-01   1.15812226e-04   1.13244559e+01   4.46080548e+01
 8.10000000e-01  -8.72097533e-14   1.00000000e+00   1.81416516e-01   1.20875460e-04   1.13603234e+01   4.44490995e+01
 8.20000000e-01  -8.72097533e-14   1.00000000e+00   1.82109720e-01   1.14903439e-04   1.13719490e+01   4.42954096e+01
 8.30000000e-01  -8.72097533e-14   1.00000000e+00   1.82588898e-01   1.00643373e-04   1.13582182e+01   4.41498625e+01
 8.40000000e-01  -8.72097533e-14   1.00000000e+00   1.82867355e-01   7.79992437e-05   1.13251714e+01   4.40095006e+01
 8.50000000e-01  -8.72097533e-14   1.00000000e+00   1.82964388e-01   5.37437536e-05   1.13046569e+01   4.39245510e+01
 8.60000000e-01  -8.72097533e-14   1.00000000e+00   1.82897887e-01   3.49861469e-05   1.12119199e+01   4.36995387e+01
 8.70000000e-01  -8.72097533e-14   1.00000000e+00   1.82678724e-01   3.42485220e-05   1.11669940e+01   4.36002994e+01
 8.80000000e-01  -8.72097533e-14   1.00000000e+00   1.82300825e-01   5.34086400e-05   1.11071827e+01   4.34881834e+01
 8.90000000e-01  -8.72097533e-14   1.00000000e+00   1.81743482e-01   7.37421972e-05   1.10318019e+01   4.33790293e+01
 9.00000000e-01  -8.72097533e-14   1.00000000e+00   1.81002660e-01   9.22230502e-05   1.09359596e+01   4.32747641e+01
 9.10000000e-01  -8.72097533e-14   1.00000000e+00   1.80101039e-01   1.12337678e-04   1.08319333e+01   4.31737897e+01
 9.20000000e-01  -8.72097533e-14   1.00000000e+00   1.79051934e-01   1.22975982e-04   1.07243418e+01   4.30811925e+01
 9.30000000e-01  -8.72097533e-14   1.00000000e+00   1.77849843e-01   1.13824959e-04   1.06038926e+01   4.29899142e+01
 9.40000000e-01  -8.72097533e-14   1.00000000e+00   1.76502522e-01   9.06442787e-05   1.04711824e+01   4.28983236e+01
 9.50000000e-01  -8.72097533e-14   1.00000000e+00   1.75033910e-01   6.57282050e-05   1.03330887e+01   4.28055508e+01
 9.60000000e-01  -8.72097533e-14   1.00000000e+00   1.73471779e-01   4.68233774e-05   1.01977031e+01   4.27115094e+01
 9.70000000e-01  -8.72097533e-14   1.00000000e+00   1.71837553e-01   3.85534261e-05   1.00727078e+01   4.26212157e+01
 9.80000000e-01  -8.72097533e-14   1.00000000e+00   1.70138732e-01   3.93386282e-05   9.95850462e+00   4.25322362e+01
 9.90000000e-01  -8.72097533e-14   1.00000000e+00   1.68370701e-01   5.09959028e-05   9.85437319e+00   4.24490956e+01
 1.00000000e+00  -8.72097533e-14   1.00000000e+00   1.66516930e-01   7.83831118e-05   9.75461159e+00   4.23693791e+01
 1.01000000e+00  -8.72097533e-14   1.00000000e+00   1.64553812e-01   1.06326662e-04   9.65210329e+00   4.23014212e+01
 1.02000000e+00  -8.72097533e-14   1.00000000e+00   1.62462279e-01   1.19389398e-04   9.53971270e+00   4.22401230e+01
 1.03000000e+00  -8.72097533e-14   1.00000000e+00   1.60237269e-01   1.17605947e-04   9.41489170e+00   4.21820349e+01
 1.04000000e+00  -8.72097533e-14   1.00000000e+00   1.57887320e-01   1.08095774e-04   9.28113010e+00   4.21254280e+01
 1.05000000e+00  -8.72097533e-14   1.00000000e+00   1.55427504e-01   9.21144481e-05   9.14525330e+00   4.20708063e+01
 1.06000000e+00  -8.72097533e-14   1.00000000e+00   1.52858398e-01   6.55804603e-05   9.00792526e+00   4.20205030e+01
 1.07000000e+00  -8.72097533e-14   1.00000000e+00   1.50167964e-01   4.30143390e-05   8.86018358e+00   4.19667737e+01
 1.08000000e+00  -8.72097533e-14   1.00000000e+00   1.47353915e-01   3.74452783e-05   8.70247770e+00   4.19178135e+01
 1.09000000e+00  -8.72097533e-14   1.00000000e+00   1.44428223e-01   4.64002334e-05   8.54060366e+00   4.18727333e+01
 1.10000000e+00  -8.72097533e-14   1.00000000e+00   1.41396354e-01   6.81100910e-05   8.37816090e+00   4.18340019e+01
 1.11000000e+00  -8.72097533e-14   1.00000000e+00   1.38242236e-01   9.04518584e-05   8.20897140e+00   4.18022122e+01
 1.12000000e+00  -8.72097533e-14   1.00000000e+00   1.34940320e-01   1.08838431e-04   8.01989855e+00   4.17735715e+01
 1.13000000e+00  -8.72097533e-14   1.00000000e+00   1.31485237e-01   1.26567296e-04   7.80859400e+00   4.17484550e+01
 1.14000000e+00  -8.72097533e-14   1.00000000e+00   1.27889393e-01   1.29889941e-04   7.57986114e+00   4.17267221e+01
 1.15000000e+00  -8.72097533e-14   1.00000000e+00   1.24167456e-01   1.10921856e-04   7.33291679e+00   4.17042280e+01
 1.16000000e+00  -8.72097533e-14   1.00000000e+00   1.20345560e-01   8.53379422e-05   7.07229791e+00   4.16725117e+01
 1.17000000e+00  -8.72097533e-14   1.00000000e+00   1.16463491e-01   6.60213688e-05   6.81062295e+00   4.16371312e+01
 1.18000000e+00  -8.72097533e-14   1.00000000e+00   1.12550382e-01   5.30590305e-05   6.55589579e+00   4.15972652e+01
 1.19000000e+00  -8.72097533e-14   1.00000000e+00   1.08612745e-01   4.83843924e-05   6.30500645e+00   4.15542585e+01
 1.20000000e+00  -8.72097533e-14   1.00000000e+00   1.04653532e-01   5.61926954e-05   6.05590354e+00   4.15081044e+01
 1.21000000e+00  -8.72097533e-14   1.00000000e+00   1.00676350e-01   7.90051235e-05   5.80894542e+00   4.14624889e+01
 1.22000000e+00  -8.72097533e-14   1.00000000e+00   9.66887234e-02   1.08017666e-04   5.56230491e+00   4.14186681e+01
 1.23000000e+00  -8.72097533e-14   1.00000000e+00   9.27066554e-02   1.29942199e-04   5.32262395e+00   4.13741123e+01
 1.24000000e+00  -8.72097533e-14   1.00000000e+00   8.87350050e-02   1.36107666e-04   5.08987890e+00   4.13296391e+01
 1.25000000e+00  -8.72097533e-14   1.00000000e+00   8.47628164e-02   1.29152769e-04   4.85403385e+00   4.12783687e+01
 1.26000000e+00  -8.72097533e-14   1.00000000e+00   8.07957662e-02   1.17303398e-04   4.61552271e+00   4.12248194e+01
 1.27000000e+00  -8.72097533e-14   1.00000000e+00   7.68596316e-02   9.65608186e-05   4.38213203e+00   4.11667547e+01
 1.28000000e+00  -8.72097533e-14   1.00000000e+00   7.29832293e-02   6.97101339e-05   4.16287440e+00   4.11019331e+01
 1.29000000e+00  -8.72097533e-14   1.00000000e+00   6.91789397e-02   5.41914156e-05   3.96174504e+00   4.10305950e+01
 1.30000000e+00  -8.72097533e-14   1.00000000e+00   6.54386568e-02   5.97266697e-05   3.77331370e+00   4.09567808e+01
 1.31000000e+00  -8.72097533e-14   1.00000000e+00   6.17500947e-02   7.68252902e-05   3.59481709e+00   4.08898090e+01
 1.32000000e+00  -8.72097533e-14   1.00000000e+00   5.80983485e-02   9.64782880e-05   3.42260666e+00   4.08238006e+01
 1.33000000e+00  -8.72097533e-14   1.00000000e+00   5.44575376e-02   1.20347054e-04   3.24728949e+00   4.07632019e+01
 1.34000000e+00  -8.72097533e-14   1.00000000e+00   5.08089552e-02   1.39526834e-04   3.06124185e+00   4.07063387e+01
 1.35000000e+00  -8.72097533e-14   1.00000000e+00   4.71572796e-02   1.48620628e-04   2.86714659e+00   4.06532032e+01
 1.36000000e+00  -8.72097533e-14   1.00000000e+00   4.35172058e-02   1.41890258e-04   2.67099698e+00   4.05987802e+01
 1.37000000e+00  -8.72097533e-14   1.00000000e+00   3.98932473e-02   1.16972296e-04   2.47256411e+00   4.05403525e+01
 1.38000000e+00  -8.72097533e-14   1.00000000e+00   3.62825627e-02   9.22441137e-05   2.26739312e+00   4.04760098e+01
 1.39000000e+00  -8.72097533e-14   1.00000000e+00   3.26949898e-02   7.79603084e-05   2.05728925e+00   4.04080726e+01
 1.40000000e+00  -8.72097533e-14   1.00000000e+00   2.91508760e-02   6.91581574e-05   1.84844533e+00   4.03415231e+01
 1.41000000e+00  -8.72097533e-14   1.00000000e+00   2.56702324e-02   6.83249865e-05   1.64630135e+00   4.02686153e+01
 1.42000000e+00  -8.72097533e-14   1.00000000e+00   2.22588431e-02   8.55200765e-05   1.45216557e+00   4.01949883e+01
 1.43000000e+00  -8.72097533e-14   1.00000000e+00   1.89065955e-02   1.14572091e-04   1.26018181e+00   4.01239465e+01
 1.44000000e+00  -8.72097533e-14   1.00000000e+00   1.55982246e-02   1.40230405e-04   1.06208444e+00   4.00585665e+01
 1.45000000e+00  -8.72097533e-14   1.00000000e+00   1.23355728e-02   1.53098180e-04   8.55548128e-01   3.99931167e+01
 1.46000000e+00  -8.72097533e-14   1.00000000e+00   9.14273819e-03   1.52552037e-04   6.48181647e-01   3.99222633e+01
 1.47000000e+00  -8.72097533e-14   1.00000000e+00   6.04515706e-03   1.43503750e-04   4.46007002e-01   3.98470345e+01
 1.48000000e+00  -8.72097533e-14   1.00000000e+00   3.06383504e-03   1.24614081e-04   2.50193490e-01   3.97641431e+01
 1.49000000e+00  -8.72097533e-14   1.00000000e+00   2.30505251e-04   9.98827457e-05   6.98112189e-02   3.96741520e+01
 1.50000000e+00  -8.72097533e-14   1.00000000e+00  -2.42923560e-03   7.77140975e-05  -8.65898050e-02   3.95737955e+01
 1.51000000e+00  -8.72097533e-14   1.00000000e+00  -4.91738781e-03   7.05503277e-05  -2.24675837e-01   3.94685453e+01
 1.52000000e+00  -8.72097533e-14   1.00000000e+00  -7.23972717e-03   8.52890156e-05  -3.48709715e-01   3.93631502e+01
 1.53000000e+00  -8.72097533e-14   1.00000000e+00  -9.39182530e-03   1.04546217e-04  -4.56471954e-01   3.92640273e+01
 1.54000000e+00  -8.72097533e-14   1.00000000e+00  -1.13700367e-02   1.23166046e-04  -5.46702021e-01   3.91649765e+01
 1.55000000e+00  -8.72097533e-14   1.00000000e+00  -1.31821720e-02   1.46941560e-04  -6.19966608e-01   3.90655187e+01
 1.56000000e+00  -8.72097533e-14   1.00000000e+00  -1.48527551e-02   1.62744701e-04  -6.86457073e-01   3.89745914e+01
 1.57000000e+00  -8.72097533e-14   1.00000000e+00  -1.64005896e-02   1.60360940e-04  -7.53840973e-01   3.88853866e+01
 1.58000000e+00  -8.72097533e-14   1.00000000e+00  -1.78175700e-02   1.42088642e-04  -8.17266240e-01   3.87969061e+01
 1.59000000e+00  -8.72097533e-14   1.00000000e+00  -1.90863602e-02   1.16417562e-04  -8.70266853e-01   3.87016852e+01
 1.60000000e+00  -8.72097533e-14   1.00000000e+00  -2.01947903e-02   9.46894876e-05  -9.08662556e-01   3.86045302e+01
 1.61000000e+00  -8.72097533e-14   1.00000000e+00  -2.11433372e-02   8.19407570e-05  -9.32092634e-01   3.85070500e+01
 1.62000000e+00  -8.72097533e-14   1.00000000e+00  -2.19442473e-02   7.72055856e-05  -9.44247693e-01   3.84129827e+01
 1.63000000e+00  -8.72097533e-14   1.00000000e+00  -2.26192491e-02   8.33552226e-05  -9.51260354e-01   3.83234946e+01
 1.64000000e+00  -8.72097533e-14   1.00000000e+00  -2.31858134e-02   1.07022397e-04  -9.57778895e-01   3.82378608e+01
 1.65000000e+00  -8.72097533e-14   1.00000000e+00  -2.36582536e-02   1.37262640e-04  -9.65852294e-01   3.81656617e+01
 1.66000000e+00  -8.72097533e-14   1.00000000e+00  -2.40507209e-02   1.54333078e-04  -9.81426632e-01   3.81011368e+01
 1.67000000e+00  -8.72097533e-14   1.00000000e+00  -2.43608661e-02   1.57893753e-04  -1.00316804e+00   3.80393362e+01
 1.68000000e+00  -8.72097533e-14   1.00000000e+00  -2.45740947e-02   1.53015209e-04  -1.02361449e+00   3.79756166e+01
 1.69000000e+00  -8.72097533e-14   1.00000000e+00  -2.46872203e-02   1.38421407e-04  -1.02177850e+00   3.79008449e+01
 1.70000000e+00  -8.72097533e-14   1.00000000e+00  -2.46996891e-02   1.13414697e-04  -1.06923713e+00   3.78582737e+01
 1.71000000e+00  -8.72097533e-14   1.00000000e+00  -2.45906396e-02   8.66558393e-05  -1.09177654e+00   3.77809894e+01
 1.72000000e+00  -8.72097533e-14   1.00000000e+00  -2.43253310e-02   7.31211964e-05  -1.10080835e+00   3.77101823e+01
 1.73000000e+00  -8.72097533e-14   1.00000000e+00  -2.38848652e-02   7.64062027e-05  -1.08974137e+00   3.76356408e+01
 1.74000000e+00  -8.72097533e-14   1.00000000e+00  -2.32821375e-02   9.29257020e-05  -1.06629102e+00   3.75668189e+01
 1.75000000e+00  -8.72097533e-14   1.00000000e+00  -2.25343568e-02   1.14224506e-04  -1.03707482e+00   3.75028514e+01
 1.76000000e+00  -8.72097533e-14   1.00000000e+00  -2.16483516e-02   1.32889782e-04  -1.00326659e+00   3.74458967e+01
 1.77000000e+00  -8.72097533e-14   1.00000000e+00  -2.06233700e-02   1.53149862e-04  -9.65518428e-01   3.73891198e+01
 1.78000000e+00  -8.72097533e-14   1.00000000e+00  -1.94503786e-02   1.62538028e-04  -9.20870996e-01   3.73388882e+01
 1.79000000e+00  -8.72097533e-14   1.00000000e+00  -1.81147473e-02   1.47255644e-04  -8.64823245e-01   3.72894219e+01
 1.80000000e+00  -8.72097533e-14   1.00000000e+00  -1.66068590e-02   1.22272649e-04  -7.94803965e-01   3.72331982e+01
 1.81000000e+00  -8.72097533e-14   1.00000000e+00  -1.49171286e-02   9.95934483e-05  -7.08049563e-01   3.71748307e+01
 1.82000000e+00  -8.72097533e-14   1.00000000e+00  -1.30438566e-02   8.08459098e-05  -6.02445049e-01   3.71159747e+01
 1.83000000e+00  -8.72097533e-14   1.00000000e+00  -1.09974257e-02   6.96029037e-05  -4.81774403e-01   3.70616339e+01
 1.84000000e+00  -8.72097533e-14   1.00000000e+00  -8.79002551e-03   7.05305881e-05  -3.48151993e-01   3.70099142e+01
 1.85000000e+00  -8.72097533e-14   1.00000000e+00  -6.43110823e-03   8.59970180e-05  -2.01020922e-01   3.69668796e+01
 1.86000000e+00  -8.72097533e-14   1.00000000e+00  -3.93746199e-03   1.13421995e-04  -4.27932215e-02   3.69313400e+01
 1.87000000e+00  -8.72097533e-14   1.00000000e+00  -1.33739085e-03   1.37946392e-04   1.21590089e-01   3.69092021e+01
 1.88000000e+00  -8.72097533e-14   1.00000000e+00   1.33086298e-03   1.46909727e-04   2.81195176e-01   3.68978182e+01
 1.89000000e+00  -8.72097533e-14   1.00000000e+00   4.04362672e-03   1.44158793e-04   4.28908850e-01   3.68909410e+01
 1.90000000e+00  -8.72097533e-14   1.00000000e+00   6.81314577e-03   1.33881394e-04   5.72859642e-01   3.68892006e+01
 1.91000000e+00  -8.72097533e-14   1.00000000e+00   9.65883047e-03   1.14109068e-04   7.22631573e-01   3.68884593e+01
 1.92000000e+00  -8.72097533e-14   1.00000000e+00   1.25783611e-02   8.43863296e-05   8.77303522e-01   3.68916271e+01
 1.93000000e+00  -8.72097533e-14   1.00000000e+00   1.55596445e-02   6.15930258e-05   1.03245681e+00   3.68922331e+01
 1.94000000e+00  -8.72097533e-14   1.00000000e+00   1.85994838e-02   5.94500664e-05   1.19080969e+00   3.68989518e+01
 1.95000000e+00  -8.72097533e-14   1.00000000e+00   2.16855336e-02   6.94001168e-05   1.35016490e+00   3.69149529e+01
 1.96000000e+00  -8.72097533e-14   1.00000000e+00   2.48008549e-02   8.68718419e-05   1.50472755e+00   3.69389663e+01
 1.97000000e+00  -8.72097533e-14   1.00000000e+00   2.79377071e-02   1.08656959e-04   1.65495206e+00   3.69722032e+01
 1.98000000e+00  -8.72097533e-14   1.00000000e+00   3.10946801e-02   1.29332510e-04   1.80069154e+00   3.70110082e+01
 1.99000000e+00  -8.72097533e-14   1.00000000e+00   3.42725228e-02   1.43314471e-04   1.94263122e+00   3.70564698e+01
 2.00000000e+00  -8.72097533e-14   1.00000000e+00   3.74753955e-02   1.41044900e-04   2.08249994e+00   3.71036095e+01
 2.01000000e+00  -8.72097533e-14   1.00000000e+00   4.07061122e-02   1.19211636e-04   2.21913509e+00   3.71527369e+01
 2.02000000e+00  -8.72097533e-14   1.00000000e+00   4.39787459e-02   9.16891555e-05   2.35556287e+00   3.71957962e+01
 2.03000000e+00  -8.72097533e-14   1.00000000e+00   4.73183128e-02   7.35072191e-05   2.50018933e+00   3.72380023e+01
 2.04000000e+00  -8.72097533e-14   1.00000000e+00   5.07501508e-02   5.85801292e-05   2.66114602e+00   3.72806364e+01
 2.05000000e+00  -8.72097533e-14   1.00000000e+00   5.42794493e-02   5.03295114e-05   2.84320585e+00   3.73234823e+01
 2.06000000e+00  -8.72097533e-14   1.00000000e+00   5.78799723e-02   6.06116862e-05   3.03616184e+00   3.73694649e+01
 2.07000000e+00  -8.72097533e-14   1.00000000e+00   6.15228670e-02   8.53625451e-05   3.23191436e+00   3.74233023e+01
 2.08000000e+00  -8.72097533e-14   1.00000000e+00   6.51981094e-02   1.11507881e-04   3.43109155e+00   3.74887055e+01
 2.09000000e+00  -8.72097533e-14   1.00000000e+00   6.89040043e-02   1.28227555e-04   3.63507592e+00   3.75575348e+01
 2.10000000e+00  -8.72097533e-14   1.00000000e+00   7.26329340e-02   1.31659683e-04   3.84407361e+00   3.76321688e+01
 2.11000000e+00  -8.72097533e-14   1.00000000e+00   7.63760983e-02   1.24466978e-04   4.05463683e+00   3.77065283e+01
 2.12000000e+00  -8.72097533e-14   1.00000000e+00   8.01312845e-02   1.09080625e-04   4.26933556e+00   3.77841229e+01
 2.13000000e+00  -8.72097533e-14   1.00000000e+00   8.38996822e-02   8.27320343e-05   4.49128223e+00   3.78636037e+01
 2.14000000e+00  -8.72097533e-14   1.00000000e+00   8.76693880e-02   5.50064919e-05   4.71822955e+00   3.79426101e+01
 2.15000000e+00  -8.72097533e-14   1.00000000e+00   9.14250026e-02   4.13027652e-05   4.94698188e+00   3.80256520e+01
 2.16000000e+00  -8.72097533e-14   1.00000000e+00   9.51580397e-02   4.74793316e-05   5.17870822e+00   3.81139903e+01
 2.17000000e+00  -8.72097533e-14   1.00000000e+00   9.88592281e-02   6.39642778e-05   5.41677065e+00   3.82151211e+01
 2.18000000e+00  -8.72097533e-14   1.00000000e+00   1.02496923e-01   8.02893890e-05   5.65279549e+00   3.83229933e+01
 2.19000000e+00  -8.72097533e-14   1.00000000e+00   1.06032758e-01   1.04500903e-04   5.87490078e+00   3.84378682e+01
 2.20000000e+00  -8.72097533e-14   1.00000000e+00   1.09444688e-01   1.25274263e-04   6.08035204e+00   3.85641164e+01
 2.21000000e+00  -8.72097533e-14   1.00000000e+00   1.12728473e-01   1.28142300e-04   6.26682864e+00   3.86956568e+01
 2.22000000e+00  -8.72097533e-14   1.00000000e+00   1.15899945e-01   1.15905512e-04   6.44019233e+00   3.88272948e+01
 2.23000000e+00  -8.72097533e-14   1.00000000e+00   1.18983736e-01   9.06612784e-05   6.61094210e+00   3.89559957e+01
 2.24000000e+00  -8.72097533e-14   1.00000000e+00   1.21982131e-01   6.63456557e-05   6.77868235e+00   3.90837257e+01
 2.25000000e+00  -8.72097533e-14   1.00000000e+00   1.24888282e-01   5.03608653e-05   6.93807433e+00   3.92098965e+01
 2.26000000e+00  -8.72097533e-14   1.00000000e+00   1.27709454e-01   3.96613856e-05   7.09470105e+00   3.93403194e+01
 2.27000000e+00  -8.72097533e-14   1.00000000e+00   1.30451100e-01   3.95493111e-05   7.25048775e+00   3.94697237e+01
 2.28000000e+00  -8.72097533e-14   1.00000000e+00   1.33108124e-01   5.89930827e-05   7.40298582e+00   3.96007295e+01
 2.29000000e+00  -8.72097533e-14   1.00000000e+00   1.35673717e-01   8.91667093e-05   7.55142749e+00   3.97389631e+01
 2.30000000e+00  -8.72097533e-14   1.00000000e+00   1.38147927e-01   1.10570361e-04   7.69428086e+00   3.98797455e+01
 2.31000000e+00  -8.72097533e-14   1.00000000e+00   1.40533852e-01   1.19299811e-04   7.83386587e+00   4.00200778e+01
 2.32000000e+00  -8.72097533e-14   1.00000000e+00   1.42830281e-01   1.19491098e-04   7.96746494e+00   4.01550358e+01
 2.33000000e+00  -8.72097533e-14   1.00000000e+00   1.45037170e-01   1.08702278e-04   8.09320073e+00   4.02899418e+01
 2.34000000e+00  -8.72097533e-14   1.00000000e+00   1.47176459e-01   8.57861811e-05   8.21770316e+00   4.04186840e+01
 2.35000000e+00  -8.72097533e-14   1.00000000e+00   1.49277163e-01   5.76680967e-05   8.35330885e+00   4.05428767e+01
 2.36000000e+00  -8.72097533e-14   1.00000000e+00   1.51348567e-01   3.71473954e-05   8.50359092e+00   4.06598615e+01
 2.37000000e+00  -8.72097533e-14   1.00000000e+00   1.53371028e-01   3.44147678e-05   8.66355784e+00   4.07777155e+01
 2.38000000e+00  -8.72097533e-14   1.00000000e+00   1.55316542e-01   4.68660779e-05   8.82426921e+00   4.08992688e+01
 2.39000000e+00  -8.72097533e-14   1.00000000e+00   1.57163288e-01   6.56885929e-05   8.98247989e+00   4.10264601e+01
 2.40000000e+00  -8.72097533e-14   1.00000000e+00   1.58897225e-01   8.56561330e-05   9.13404834e+00   4.11560891e+01
 2.41000000e+00  -8.72097533e-14   1.00000000e+00   1.60509325e-01   1.09199820e-04   9.27962816e+00   4.12860127e+01
 2.42000000e+00  -8.72097533e-14   1.00000000e+00   1.61988155e-01   1.25440408e-04   9.41770098e+00   4.14219052e+01
 2.43000000e+00  -8.72097533e-14   1.00000000e+00   1.63320166e-01   1.17652305e-04   9.54249228e+00   4.15566742e+01
 2.44000000e+00  -8.72097533e-14   1.00000000e+00   1.64500809e-01   9.61431063e-05   9.65295899e+00   4.16868012e+01
 2.45000000e+00  -8.72097533e-14   1.00000000e+00   1.65534771e-01   7.37134397e-05   9.75190649e+00   4.18116328e+01
 2.46000000e+00  -8.72097533e-14   1.00000000e+00   1.66425554e-01   5.28349886e-05   9.84357870e+00   4.19367629e+01
 2.47000000e+00  -8.72097533e-14   1.00000000e+00   1.67169219e-01   3.76716809e-05   9.92543652e+00   4.20611208e+01
 2.48000000e+00  -8.72097533e-14   1.00000000e+00   1.67763973e-01   3.41369079e-05   9.99708291e+00   4.21834018e+01
 2.49000000e+00  -8.72097533e-14   1.00000000e+00   1.68211585e-01   4.48527303e-05   1.00644140e+01   4.23081443e+01
 2.50000000e+00  -8.72097533e-14   1.00000000e+00   1.68488337e-01   7.10737039e-05   1.01186203e+01   4.24336897e+01
 2.51000000e+00  -8.72097533e-14   1.00000000e+00   1.68564166e-01   1.00850045e-04   1.01446739e+01   4.25642522e+01
 2.52000000e+00  -8.72097533e-14   1.00000000e+00   1.68440332e-01   1.14999383e-04   1.01748292e+01   4.26909527e+01
 2.53000000e+00  -8.72097533e-14   1.00000000e+00   1.68142839e-01   1.18819497e-04   1.01234787e+01   4.28189766e+01
 2.54000000e+00  -8.72097533e-14   1.00000000e+00   1.67697419e-01   1.15002308e-04   1.00908869e+01   4.29339398e+01
 2.55000000e+00  -8.72097533e-14   1.00000000e+00   1.67122906e-01   9.85900532e-05   1.00508447e+01   4.30450916e+01
 2.56000000e+00  -8.72097533e-14   1.00000000e+00   1.66430321e-01   7.11074025e-05   1.00028438e+01   4.31464600e+01
 2.57000000e+00  -8.72097533e-14   1.00000000e+00   1.65631626e-01   4.47756787e-05   9.94774728e+00   4.32348005e+01
 2.58000000e+00  -8.72097533e-14   1.00000000e+00   1.64744438e-01   3.68258445e-05   9.89293409e+00   4.33173800e+01
 2.59000000e+00  -8.72097533e-14   1.00000000e+00   1.63777877e-01   4.31661620e-05   9.84142585e+00   4.33961557e+01
 2.60000000e+00  -8.72097533e-14   1.00000000e+00   1.62731176e-01   5.84324633e-05   9.79075415e+00   4.34732481e+01
 2.61000000e+00  -8.72097533e-14   1.00000000e+00   1.61599994e-01   8.05962679e-05   9.73972049e+00   4.35464884e+01
 2.62000000e+00  -8.72097533e-14   1.00000000e+00   1.60376729e-01   1.03571831e-04   9.68423237e+00   4.36165674e+01
 2.63000000e+00  -8.72097533e-14   1.00000000e+00   1.59054999e-01   1.23501992e-04   9.62098184e+00   4.36822789e+01
 2.64000000e+00  -8.72097533e-14   1.00000000e+00   1.57635778e-01   1.29488099e-04   9.55033883e+00   4.37439822e+01
 2.65000000e+00  -8.72097533e-14   1.00000000e+00   1.56124929e-01   1.13030858e-04   9.47186170e+00   4.37995948e+01
 2.66000000e+00  -8.72097533e-14   1.00000000e+00   1.54539735e-01   8.81557689e-05   9.38971863e+00   4.38407299e+01
 2.67000000e+00  -8.72097533e-14   1.00000000e+00   1.52903436e-01   6.94686143e-05   9.31637591e+00   4.38755454e+01
 2.68000000e+00  -8.72097533e-14   1.00000000e+00   1.51217012e-01   5.23546555e-05   9.25418954e+00   4.39053587e+01
 2.69000000e+00  -8.72097533e-14   1.00000000e+00   1.49450054e-01   4.06093744e-05   9.18943773e+00   4.39331891e+01
 2.70000000e+00  -8.72097533e-14   1.00000000e+00   1.47578220e-01   4.59445946e-05   9.11240007e+00   4.39567716e+01
 2.71000000e+00  -8.72097533e-14   1.00000000e+00   1.45596987e-01   6.82646106e-05   9.02777058e+00   4.39841552e+01
 2.72000000e+00  -8.72097533e-14   1.00000000e+00   1.43501704e-01   9.61386479e-05   8.93416721e+00   4.40133038e+01
 2.73000000e+00  -8.72097533e-14   1.00000000e+00   1.41278046e-01   1.18220477e-04   8.82648143e+00   4.40423213e+01
 2.74000000e+00  -8.72097533e-14   1.00000000e+00   1.38914017e-01   1.28192001e-04   8.69814430e+00   4.40702162e+01
 2.75000000e+00  -8.72097533e-14   1.00000000e+00   1.36412167e-01   1.26337033e-04   8.54883314e+00   4.40899351e+01
 2.76000000e+00  -8.72097533e-14   1.00000000e+00   1.33784342e-01   1.17398195e-04   8.38377832e+00   4.41060469e+01
 2.77000000e+00  -8.72097533e-14   1.00000000e+00   1.31043604e-01   9.51452696e-05   8.20268705e+00   4.41132402e+01
 2.78000000e+00  -8.72097533e-14   1.00000000e+00   1.28211465e-01   6.60824216e-05   8.01333212e+00   4.41127178e+01
 2.79000000e+00  -8.72097533e-14   1.00000000e+00   1.25307027e-01   4.94313969e-05   7.82098871e+00   4.41018275e+01
 2.80000000e+00  -8.72097533e-14   1.00000000e+00   1.22337083e-01   5.09350994e-05   7.62577650e+00   4.40861899e+01
 2.81000000e+00  -8.72097533e-14   1.00000000e+00   1.19304007e-01   6.43204045e-05   7.42908337e+00   4.40700184e+01
 2.82000000e+00  -8.72097533e-14   1.00000000e+00   1.16196769e-01   8.09896974e-05   7.22380744e+00   4.40507607e+01
 2.83000000e+00  -8.72097533e-14   1.00000000e+00   1.13007306e-01   1.05303500e-04   7.00139188e+00   4.40278607e+01
 2.84000000e+00  -8.72097533e-14   1.00000000e+00   1.09750818e-01   1.30649048e-04   6.76699654e+00   4.40011132e+01
 2.85000000e+00  -8.72097533e-14   1.00000000e+00   1.06460464e-01   1.41584464e-04   6.53026145e+00   4.39689276e+01
 2.86000000e+00  -8.72097533e-14   1.00000000e+00   1.03161750e-01   1.35768498e-04   6.29827899e+00   4.39243643e+01
 2.87000000e+00  -8.72097533e-14   1.00000000e+00   9.98660922e-02   1.15842477e-04   6.07026087e+00   4.38689698e+01
 2.88000000e+00  -8.72097533e-14   1.00000000e+00   9.65811125e-02   9.17442043e-05   5.84446261e+00   4.38012985e+01
 2.89000000e+00  -8.72097533e-14   1.00000000e+00   9.33269981e-02   7.49972339e-05   5.62748698e+00   4.37242213e+01
 2.90000000e+00  -8.72097533e-14   1.00000000e+00   9.01252824e-02   6.20474904e-05   5.42748990e+00   4.36423651e+01
 2.91000000e+00  -8.72097533e-14   1.00000000e+00   8.69779557e-02   5.58164653e-05   5.24481172e+00   4.35531673e+01
 2.92000000e+00  -8.72097533e-14   1.00000000e+00   8.38684598e-02   7.16404851e-05   5.07008001e+00   4.34618648e+01
 2.93000000e+00  -8.72097533e-14   1.00000000e+00   8.07861835e-02   1.00454770e-04   4.90130964e+00   4.33721932e+01
 2.94000000e+00  -8.72097533e-14   1.00000000e+00   7.77216919e-02   1.24473624e-04   4.73782122e+00   4.32873269e+01
 2.95000000e+00  -8.72097533e-14   1.00000000e+00   7.46544407e-02   1.38964064e-04   4.56774384e+00   4.31986290e+01
 2.96000000e+00  -8.72097533e-14   1.00000000e+00   7.15817279e-02   1.43991205e-04   4.39015730e+00   4.31080103e+01
 2.97000000e+00  -8.72097533e-14   1.00000000e+00   6.85196986e-02   1.39050540e-04   4.21291326e+00   4.30144264e+01
 2.98000000e+00  -8.72097533e-14   1.00000000e+00   6.54842885e-02   1.21146956e-04   4.03967712e+00   4.29138738e+01
 2.99000000e+00  -8.72097533e-14   1.00000000e+00   6.24834665e-02   9.47326201e-05   3.87486808e+00   4.28085706e+01
 3.00000000e+00  -8.72097533e-14   1.00000000e+00   5.95113611e-02   7.10604009e-05   3.71522880e+00   4.26959639e+01
 3.01000000e+00  -8.72097533e-14   1.00000000e+00   5.65493100e-02   6.34050630e-05   3.55327731e+00   4.25848997e+01
 3.02000000e+00  -8.72097533e-14   1.00000000e+00   5.35882539e-02   7.23612155e-05   3.38518400e+00   4.24756147e+01
 3.03000000e+00  -8.72097533e-14   1.00000000e+00   5.06315163e-02   8.80326644e-05   3.21403490e+00   4.23718771e+01
 3.04000000e+00  -8.72097533e-14   1.00000000e+00   4.76821912e-02   1.07221515e-04   3.04127109e+00   4.22676373e+01
 3.05000000e+00  -8.72097533e-14   1.00000000e+00   4.47296974e-02   1.32338694e-04   2.86149954e+00   4.21643639e+01
 3.06000000e+00  -8.72097533e-14   1.00000000e+00   4.17648901e-02   1.53741196e-04   2.66751376e+00   4.20646394e+01
 3.07000000e+00  -8.72097533e-14   1.00000000e+00   3.88016547e-02   1.53329733e-04   2.46259879e+00   4.19626533e+01
 3.08000000e+00  -8.72097533e-14   1.00000000e+00   3.58698867e-02   1.37365951e-04   2.25636450e+00   4.18524906e+01
 3.09000000e+00  -8.72097533e-14   1.00000000e+00   3.29941008e-02   1.17191662e-04   2.05335007e+00   4.17316695e+01
 3.10000000e+00  -8.72097533e-14   1.00000000e+00   3.01967778e-02   9.62763013e-05   1.85775355e+00   4.16061264e+01
 3.11000000e+00  -8.72097533e-14   1.00000000e+00   2.75015782e-02   7.96669020e-05   1.67649032e+00   4.14733722e+01
 3.12000000e+00  -8.72097533e-14   1.00000000e+00   2.49205818e-02   7.12053245e-05   1.51225236e+00   4.13368010e+01
 3.13000000e+00  -8.72097533e-14   1.00000000e+00   2.24465254e-02   7.61909248e-05   1.36010643e+00   4.11985270e+01
 3.14000000e+00  -8.72097533e-14   1.00000000e+00   2.00651813e-02   9.80879010e-05   1.21190327e+00   4.10621708e+01
 3.15000000e+00  -8.72097533e-14   1.00000000e+00   1.77783174e-02   1.27660504e-04   1.06647641e+00   4.09316144e+01
 3.16000000e+00  -8.72097533e-14   1.00000000e+00   1.56039001e-02   1.45420805e-04   9.31108449e-01   4.08024526e+01
 3.17000000e+00  -8.72097533e-14   1.00000000e+00   1.35571084e-02   1.51743531e-04   8.09378614e-01   4.06684691e+01
 3.18000000e+00  -8.72097533e-14   1.00000000e+00   1.16387236e-02   1.53904148e-04   7.00044404e-01   4.05300481e+01
 3.19000000e+00  -8.72097533e-14   1.00000000e+00   9.85011171e-03   1.41619184e-04   6.00329566e-01   4.03926029e+01
 3.20000000e+00  -8.72097533e-14   1.00000000e+00   8.19872650e-03   1.16231856e-04   5.13947531e-01   4.02508393e+01
 3.21000000e+00  -8.72097533e-14   1.00000000e+00   6.69420870e-03   8.98507702e-05   4.42452307e-01   4.01041368e+01
 3.22000000e+00  -8.72097533e-14   1.00000000e+00   5.34509816e-03   7.45187219e-05   3.90713414e-01   3.99555000e+01
 3.23000000e+00  -8.72097533e-14   1.00000000e+00   4.14455065e-03   7.62628031e-05   3.59039821e-01   3.98108607e+01
 3.24000000e+00  -8.72097533e-14   1.00000000e+00   3.06013977e-03   8.68078711e-05   3.34043343e-01   3.96761956e+01
 3.25000000e+00  -8.72097533e-14   1.00000000e+00   2.06768424e-03   1.04537434e-04   3.09721572e-01   3.95470398e+01
 3.26000000e+00  -8.72097533e-14   1.00000000e+00   1.15492064e-03   1.26864163e-04   2.86237736e-01   3.94279568e+01
 3.27000000e+00  -8.72097533e-14   1.00000000e+00   3.04359853e-04   1.48141935e-04   2.56608398e-01   3.93137326e+01
 3.28000000e+00  -8.72097533e-14   1.00000000e+00  -4.89908243e-04   1.60176055e-04   2.18484339e-01   3.92085275e+01
 3.29000000e+00  -8.72097533e-14   1.00000000e+00  -1.21089313e-03   1.48950079e-04   1.79293015e-01   3.91043787e+01
 3.30000000e+00  -8.72097533e-14   1.00000000e+00  -1.83997833e-03   1.26730919e-04   1.46229489e-01   3.89947321e+01
 3.31000000e+00  -8.72097533e-14   1.00000000e+00  -2.37565580e-03   1.08391440e-04   1.19185698e-01   3.88835178e+01
 3.32000000e+00  -8.72097533e-14   1.00000000e+00  -2.82823265e-03   8.92567579e-05   9.22292622e-02   3.87757507e+01
 3.33000000e+00  -8.72097533e-14   1.00000000e+00  -3.20041974e-03   7.33296610e-05   6.41094736e-02   3.86722256e+01
 3.34000000e+00  -8.72097533e-14   1.00000000e+00  -3.48136824e-03   7.20172069e-05   3.92222561e-02   3.85676075e+01
 3.35000000e+00  -8.72097533e-14   1.00000000e+00  -3.66441414e-03   8.78630443e-05   2.09483596e-02   3.84705180e+01
 3.36000000e+00  -8.72097533e-14   1.00000000e+00  -3.75741129e-03   1.12572348e-04   4.69576749e-03   3.83787396e+01
 3.37000000e+00  -8.72097533e-14   1.00000000e+00  -3.77137506e-03   1.36170066e-04  -1.44756554e-02   3.82959274e+01
 3.38000000e+00  -8.72097533e-14   1.00000000e+00  -3.70447042e-03   1.48152977e-04  -3.72496009e-02   3.82165090e+01
 3.39000000e+00  -8.72097533e-14   1.00000000e+00  -3.54184690e-03   1.49913435e-04  -6.00521494e-02   3.81353913e+01
 3.40000000e+00  -8.72097533e-14   1.00000000e+00  -3.25720350e-03   1.45318869e-04  -7.57790469e-02   3.80528968e+01
 3.41000000e+00  -8.72097533e-14   1.00000000e+00  -2.82516920e-03   1.26347569e-04  -7.72324519e-02   3.79683766e+01
 3.42000000e+00  -8.72097533e-14   1.00000000e+00  -2.22995413e-03   9.70392863e-05  -6.12533071e-02   3.78816065e+01
 3.43000000e+00  -8.72097533e-14   1.00000000e+00  -1.46571464e-03   7.50173482e-05  -2.67826768e-02   3.77877893e+01
 3.44000000e+00  -8.72097533e-14   1.00000000e+00  -5.34413784e-04   7.07164107e-05   2.64154839e-02   3.76984010e+01
 3.45000000e+00  -8.72097533e-14   1.00000000e+00   5.47769732e-04   7.68184656e-05   9.33591392e-02   3.76160122e+01
 3.46000000e+00  -8.72097533e-14   1.00000000e+00   1.75932986e-03   8.92211424e-05   1.66908079e-01   3.75426564e+01
 3.47000000e+00  -8.72097533e-14   1.00000000e+00   3.09163611e-03   1.09830851e-04   2.45801467e-01   3.74757443e+01
 3.48000000e+00  -8.72097533e-14   1.00000000e+00   4.54852391e-03   1.33432011e-04   3.34454341e-01   3.74152528e+01
 3.49000000e+00  -8.72097533e-14   1.00000000e+00   6.12563224e-03   1.49120435e-04   4.34282222e-01   3.73633743e+01
 3.50000000e+00  -8.72097533e-14   1.00000000e+00   7.79856595e-03   1.47253581e-04   5.36224544e-01   3.73153790e+01
 3.51000000e+00  -8.72097533e-14   1.00000000e+00   9.55626855e-03   1.30586323e-04   6.36145971e-01   3.72717865e+01
 3.52000000e+00  -8.72097533e-14   1.00000000e+00   1.14131694e-02   1.07066093e-04   7.44161695e-01   3.72265890e+01
 3.53000000e+00  -8.72097533e-14   1.00000000e+00   1.33744574e-02   8.81357230e-05   8.63034015e-01   3.71850016e+01
 3.54000000e+00  -8.72097533e-14   1.00000000e+00   1.54296920e-02   7.18143004e-05   9.90179185e-01   3.71484645e+01
 3.55000000e+00  -8.72097533e-14   1.00000000e+00   1.75612193e-02   5.88550894e-05   1.12417859e+00   3.71201013e+01
 3.56000000e+00  -8.72097533e-14   1.00000000e+00   1.97407153e-02   6.69003243e-05   1.25650880e+00   3.70975846e+01
 3.57000000e+00  -8.72097533e-14   1.00000000e+00   2.19436740e-02   9.11668640e-05   1.38233325e+00   3.70880843e+01
 3.58000000e+00  -8.72097533e-14   1.00000000e+00   2.41557835e-02   1.14039876e-04   1.49966091e+00   3.70938248e+01
 3.59000000e+00  -8.72097533e-14   1.00000000e+00   2.63701651e-02   1.30155901e-04   1.60620942e+00   3.71040548e+01
 3.60000000e+00  -8.72097533e-14   1.00000000e+00   2.85923280e-02   1.38821739e-04   1.70486160e+00   3.71217512e+01
 3.61000000e+00  -8.72097533e-14   1.00000000e+00   3.08380461e-02   1.36466134e-04   1.80033090e+00   3.71389243e+01
 3.62000000e+00  -8.72097533e-14   1.00000000e+00   3.31214855e-02   1.23244461e-04   1.89780899e+00   3.71582414e+01
 3.63000000e+00  -8.72097533e-14   1.00000000e+00   3.54464547e-02   9.83448576e-05   1.99712518e+00   3.71771215e+01
 3.64000000e+00  -8.72097533e-14   1.00000000e+00   3.78139297e-02   7.04158922e-05   2.09688390e+00   3.71951569e+01
 3.65000000e+00  -8.72097533e-14   1.00000000e+00   4.02309222e-02   5.76856505e-05   2.19982327e+00   3.72143421e+01
 3.66000000e+00  -8.72097533e-14   1.00000000e+00   4.27113885e-02   5.99104832e-05   2.31033417e+00   3.72366137e+01
 3.67000000e+00  -8.72097533e-14   1.00000000e+00   4.52605247e-02   7.05818941e-05   2.43372074e+00   3.72676681e+01
 3.68000000e+00  -8.72097533e-14   1.00000000e+00   4.78574169e-02   8.58436426e-05   2.56113152e+00   3.73019570e+01
 3.69000000e+00  -8.72097533e-14   1.00000000e+00   5.04799685e-02   1.09261518e-04   2.68331194e+00   3.73429598e+01
 3.70000000e+00  -8.72097533e-14   1.00000000e+00   5.31355215e-02   1.32769709e-04   2.80571415e+00   3.73892540e+01
 3.71000000e+00  -8.72097533e-14   1.00000000e+00   5.58403430e-02   1.37444388e-04   2.93381477e+00   3.74405084e+01
 3.72000000e+00  -8.72097533e-14   1.00000000e+00   5.86043784e-02   1.25701673e-04   3.06970184e+00   3.74877028e+01
 3.73000000e+00  -8.72097533e-14   1.00000000e+00   6.14363742e-02   1.06693244e-04   3.21672197e+00   3.75326662e+01
 3.74000000e+00  -8.72097533e-14   1.00000000e+00   6.43415517e-02   8.46908282e-05   3.37773569e+00   3.75780344e+01
 3.75000000e+00  -8.72097533e-14   1.00000000e+00   6.73145127e-02   6.51574586e-05   3.55389535e+00   3.76237009e+01
 3.76000000e+00  -8.72097533e-14   1.00000000e+00   7.03329186e-02   5.15260317e-05   3.73932188e+00   3.76757070e+01
 3.77000000e+00  -8.72097533e-14   1.00000000e+00   7.33720532e-02   4.85583058e-05   3.92812521e+00   3.77318240e+01
 3.78000000e+00  -8.72097533e-14   1.00000000e+00   7.64149068e-02   6.52653483e-05   4.11952950e+00   3.77978705e+01
 3.79000000e+00  -8.72097533e-14   1.00000000e+00   7.94454344e-02   9.25946261e-05   4.31100071e+00   3.78734432e+01
 3.80000000e+00  -8.72097533e-14   1.00000000e+00   8.24481901e-02   1.12100145e-04   4.50109720e+00   3.79600071e+01
 3.81000000e+00  -8.72097533e-14   1.00000000e+00   8.54062914e-02   1.21827579e-04   4.68640078e+00   3.80496499e+01
 3.82000000e+00  -8.72097533e-14   1.00000000e+00   8.82986843e-02   1.27275454e-04   4.86085265e+00   3.81428482e+01
 3.83000000e+00  -8.72097533e-14   1.00000000e+00   9.11208912e-02   1.20611943e-04   5.02266537e+00   3.82419205e+01
 3.84000000e+00  -8.72097533e-14   1.00000000e+00   9.38918127e-02   9.71120025e-05   5.18183772e+00   3.83401881e+01
 3.85000000e+00  -8.72097533e-14   1.00000000e+00   9.66250658e-02   7.06052801e-05   5.34459273e+00   3.84378346e+01
 3.86000000e+00  -8.72097533e-14   1.00000000e+00   9.93084931e-02   5.03480394e-05   5.50721834e+00   3.85352874e+01
 3.87000000e+00  -8.72097533e-14   1.00000000e+00   1.01922220e-01   4.52133921e-05   5.66399251e+00   3.86390815e+01
 3.88000000e+00  -8.72097533e-14   1.00000000e+00   1.04451720e-01   5.31099540e-05   5.81210664e+00   3.87493345e+01
 3.89000000e+00  -8.72097533e-14   1.00000000e+00   1.06889728e-01   6.60144476e-05   5.95039294e+00   3.88665425e+01
 3.90000000e+00  -8.72097533e-14   1.00000000e+00   1.09231680e-01   8.72950962e-05   6.07745751e+00   3.89871374e+01
 3.91000000e+00  -8.72097533e-14   1.00000000e+00   1.11477342e-01   1.11472862e-04   6.19195613e+00   3.91109229e+01
 3.92000000e+00  -8.72097533e-14   1.00000000e+00   1.13640771e-01   1.28133825e-04   6.29745469e+00   3.92378041e+01
 3.93000000e+00  -8.72097533e-14   1.00000000e+00   1.15744652e-01   1.23946900e-04   6.40209647e+00   3.93613404e+01
 3.94000000e+00  -8.72097533e-14   1.00000000e+00   1.17798409e-01   1.04977626e-04   6.50648276e+00   3.94789970e+01
 3.95000000e+00  -8.72097533e-14   1.00000000e+00   1.19803046e-01   8.69243132e-05   6.60713437e+00   3.95889646e+01
 3.96000000e+00  -8.72097533e-14   1.00000000e+00   1.21775557e-01   6.69412531e-05   6.71155623e+00   3.96999839e+01
 3.97000000e+00  -8.72097533e-14   1.00000000e+00   1.23732378e-01   4.67906258e-05   6.82641019e+00   3.98077519e+01
 3.98000000e+00  -8.72097533e-14   1.00000000e+00   1.25673783e-01   3.97234646e-05   6.95026337e+00   3.99114221e+01
 3.99000000e+00  -8.72097533e-14   1.00000000e+00   1.27588561e-01   4.95028243e-05   7.08332565e+00   4.00189589e+01
 4.00000000e+00  -8.72097533e-14   1.00000000e+00   1.29451724e-01   7.14112153e-05   7.21703044e+00   4.01298220e+01
 4.01000000e+00  -8.72097533e-14   1.00000000e+00   1.31239964e-01   9.72810940e-05   7.34257620e+00   4.02466507e+01
 4.02000000e+00  -8.72097533e-14   1.00000000e+00   1.32955598e-01   1.12823320e-04   7.46290952e+00   4.03634166e+01
 4.03000000e+00  -8.72097533e-14   1.00000000e+00   1.34610814e-01   1.19144367e-04   7.58410399e+00   4.04785647e+01
 4.04000000e+00  -8.72097533e-14   1.00000000e+00   1.36208917e-01   1.20086832e-04   7.70728627e+00   4.05887510e+01
 4.05000000e+00  -8.72097533e-14   1.00000000e+00   1.37743651e-01   1.05812375e-04   7.83170167e+00   4.07007257e+01
 4.06000000e+00  -8.72097533e-14   1.00000000e+00   1.39211634e-01   7.71164907e-05   7.95563352e+00   4.08070665e+01
 4.07000000e+00  -8.72097533e-14   1.00000000e+00   1.40608030e-01   5.24731929e-05   8.08234733e+00   4.09094526e+01
 4.08000000e+00  -8.72097533e-14   1.00000000e+00   1.41913597e-01   4.24542901e-05   8.20665923e+00   4.10145637e+01
 4.09000000e+00  -8.72097533e-14   1.00000000e+00   1.43104421e-01   4.39175852e-05   8.32145116e+00   4.11237785e+01
 4.10000000e+00  -8.72097533e-14   1.00000000e+00   1.44170709e-01   5.38367499e-05   8.42708622e+00   4.12399391e+01
 4.11000000e+00  -8.72097533e-14   1.00000000e+00   1.45105460e-01   7.24469574e-05   8.52308061e+00   4.13557743e+01
 4.12000000e+00  -8.72097533e-14   1.00000000e+00   1.45890895e-01   9.80294461e-05   8.60508310e+00   4.14773031e+01
 4.13000000e+00  -8.72097533e-14   1.00000000e+00   1.46508557e-01   1.18780140e-04   8.66382449e+00   4.15993430e+01
 4.14000000e+00  -8.72097533e-14   1.00000000e+00   1.46959291e-01   1.25296840e-04   8.69941353e+00   4.17221436e+01
 4.15000000e+00  -8.72097533e-14   1.00000000e+00   1.47266633e-01   1.13538465e-04   8.71869674e+00   4.18390098e+01
 4.16000000e+00  -8.72097533e-14   1.00000000e+00   1.47457746e-01   9.28711947e-05   8.73078144e+00   4.19459733e+01
 4.17000000e+00  -8.72097533e-14   1.00000000e+00   1.47547765e-01   7.48177304e-05   8.74061452e+00   4.20482569e+01
 4.18000000e+00  -8.72097533e-14   1.00000000e+00   1.47534357e-01   5.54868680e-05   8.74542307e+00   4.21466729e+01
 4.19000000e+00  -8.72097533e-14   1.00000000e+00   1.47413223e-01   3.95110673e-05   8.74209947e+00   4.22430278e+01
 4.20000000e+00  -8.72097533e-14   1.00000000e+00   1.47182582e-01   4.08824514e-05   8.75154428e+00   4.22926924e+01
 4.21000000e+00  -8.72097533e-14   1.00000000e+00   1.46845040e-01   6.20409849e-05   8.73912670e+00   4.23830805e+01
 4.22000000e+00  -8.72097533e-14   1.00000000e+00   1.46408129e-01   8.60964220e-05   8.69524898e+00   4.25793834e+01
 4.23000000e+00  -8.72097533e-14   1.00000000e+00   1.45877684e-01   1.05686438e-04   8.64625789e+00   4.26177912e+01
 4.24000000e+00  -8.72097533e-14   1.00000000e+00   1.45261094e-01   1.20410663e-04   8.60255307e+00   4.26954510e+01
 4.25000000e+00  -8.72097533e-14   1.00000000e+00   1.44578819e-01   1.23608820e-04   8.55777069e+00   4.27667572e+01
 4.26000000e+00  -8.72097533e-14   1.00000000e+00   1.43842780e-01   1.16776000e-04   8.51641128e+00   4.28329388e+01
 4.27000000e+00  -8.72097533e-14   1.00000000e+00   1.43052648e-01   9.62095786e-05   8.47180494e+00   4.28891242e+01
 4.28000000e+00  -8.72097533e-14   1.00000000e+00   1.42225639e-01   6.69132625e-05   8.43179334e+00   4.29385953e+01
 4.29000000e+00  -8.72097533e-14   1.00000000e+00   1.41379964e-01   4.93182104e-05   8.40623641e+00   4.29779779e+01
 4.30000000e+00  -8.72097533e-14   1.00000000e+00   1.40503611e-01   4.74271693e-05   8.39111532e+00   4.30172970e+01
 4.31000000e+00  -8.72097533e-14   1.00000000e+00   1.39565545e-01   5.29416383e-05   8.37590921e+00   4.30589355e+01
 4.32000000e+00  -8.72097533e-14   1.00000000e+00   1.38538920e-01   6.65271939e-05   8.35042501e+00   4.31003566e+01
 4.33000000e+00  -8.72097533e-14   1.00000000e+00   1.37414495e-01   9.01796685e-05   8.31342205e+00   4.31427258e+01
 4.34000000e+00  -8.72097533e-14   1.00000000e+00   1.36195051e-01   1.16674006e-04   8.26799672e+00   4.31844412e+01
 4.35000000e+00  -8.72097533e-14   1.00000000e+00   1.34883318e-01   1.30210545e-04   8.21500510e+00   4.32271603e+01
 4.36000000e+00  -8.72097533e-14   1.00000000e+00   1.33480060e-01   1.25249609e-04   8.15380568e+00   4.32619117e+01
 4.37000000e+00  -8.72097533e-14   1.00000000e+00   1.31985137e-01   1.11013818e-04   8.08382130e+00   4.32911439e+01
 4.38000000e+00  -8.72097533e-14   1.00000000e+00   1.30400833e-01   9.08729952e-05   8.00630588e+00   4.33132992e+01
 4.39000000e+00  -8.72097533e-14   1.00000000e+00   1.28726069e-01   7.07236435e-05   7.92172008e+00   4.33326077e+01
 4.40000000e+00  -8.72097533e-14   1.00000000e+00   1.26958737e-01   5.42501403e-05   7.82842822e+00   4.33492813e+01
 4.41000000e+00  -8.72097533e-14   1.00000000e+00   1.25094802e-01   4.55213018e-05   7.72644913e+00   4.33645278e+01
 4.42000000e+00  -8.72097533e-14   1.00000000e+00   1.23129618e-01   5.72447965e-05   7.61193913e+00   4.33782759e+01
 4.43000000e+00  -8.72097533e-14   1.00000000e+00   1.21062046e-01   8.40294822e-05   7.48618200e+00   4.33928156e+01
 4.44000000e+00  -8.72097533e-14   1.00000000e+00   1.18887000e-01   1.06030059e-04   7.34634401e+00   4.34117109e+01
 4.45000000e+00  -8.72097533e-14   1.00000000e+00   1.16599755e-01   1.21261492e-04   7.18344941e+00   4.34216933e+01
 4.46000000e+00  -8.72097533e-14   1.00000000e+00   1.14220267e-01   1.32903323e-04   7.00351114e+00   4.34269958e+01
 4.47000000e+00  -8.72097533e-14   1.00000000e+00   1.11789197e-01   1.32398244e-04   6.81958037e+00   4.34230373e+01
 4.48000000e+00  -8.72097533e-14   1.00000000e+00   1.09341108e-01   1.15540563e-04   6.64218020e+00   4.34083248e+01
 4.49000000e+00  -8.72097533e-14   1.00000000e+00   1.06885911e-01   8.97628774e-05   6.47194619e+00   4.33826280e+01
 4.50000000e+00  -8.72097533e-14   1.00000000e+00   1.04419602e-01   6.72807790e-05   6.30088918e+00   4.33463607e+01
 4.51000000e+00  -8.72097533e-14   1.00000000e+00   1.01952546e-01   5.66526258e-05   6.13473203e+00   4.33065568e+01
 4.52000000e+00  -8.72097533e-14   1.00000000e+00   9.94932626e-02   6.05095536e-05   5.97664129e+00   4.32625366e+01
 4.53000000e+00  -8.72097533e-14   1.00000000e+00   9.70371188e-02   7.10488751e-05   5.82098854e+00   4.32190633e+01
 4.54000000e+00  -8.72097533e-14   1.00000000e+00   9.45843853e-02   8.90670411e-05   5.66779632e+00   4.31708295e+01
 4.55000000e+00  -8.72097533e-14   1.00000000e+00   9.21402670e-02   1.17079155e-04   5.51840418e+00   4.31208122e+01
 4.56000000e+00  -8.72097533e-14   1.00000000e+00   8.97043798e-02   1.38369899e-04   5.37137506e+00   4.30692263e+01
 4.57000000e+00  -8.72097533e-14   1.00000000e+00   8.72808079e-02   1.41995656e-04   5.22577321e+00   4.30119754e+01
 4.58000000e+00  -8.72097533e-14   1.00000000e+00   8.48781569e-02   1.29151048e-04   5.08502552e+00   4.29471895e+01
 4.59000000e+00  -8.72097533e-14   1.00000000e+00   8.25040625e-02   1.12784732e-04   4.95001085e+00   4.28728054e+01
 4.60000000e+00  -8.72097533e-14   1.00000000e+00   8.01682313e-02   9.36101949e-05   4.82500067e+00   4.27966460e+01
 4.61000000e+00  -8.72097533e-14   1.00000000e+00   7.78748165e-02   7.11215709e-05   4.71445379e+00   4.27149980e+01
 4.62000000e+00  -8.72097533e-14   1.00000000e+00   7.56041275e-02   5.91901403e-05   4.61124564e+00   4.26332137e+01
 4.63000000e+00  -8.72097533e-14   1.00000000e+00   7.33223318e-02   6.22703215e-05   4.50286651e+00   4.25536428e+01
 4.64000000e+00  -8.72097533e-14   1.00000000e+00   7.10091810e-02   8.16935324e-05   4.38295214e+00   4.24808110e+01
 4.65000000e+00  -8.72097533e-14   1.00000000e+00   6.86642102e-02   1.07519128e-04   4.25258010e+00   4.24122633e+01
 4.66000000e+00  -8.72097533e-14   1.00000000e+00   6.62975457e-02   1.27668102e-04   4.11687495e+00   4.23450329e+01
 4.67000000e+00  -8.72097533e-14   1.00000000e+00   6.39112203e-02   1.38405537e-04   3.97522395e+00   4.22759642e+01
 4.68000000e+00  -8.72097533e-14   1.00000000e+00   6.15026643e-02   1.45377892e-04   3.82324597e+00   4.22009206e+01
 4.69000000e+00  -8.72097533e-14   1.00000000e+00   5.90836889e-02   1.38231551e-04   3.66428454e+00   4.21269396e+01
 4.70000000e+00  -8.72097533e-14   1.00000000e+00   5.66753983e-02   1.11400742e-04   3.50626902e+00   4.20438125e+01
 4.71000000e+00  -8.72097533e-14   1.00000000e+00   5.42847336e-02   8.67612653e-05   3.34867757e+00   4.19543437e+01
 4.72000000e+00  -8.72097533e-14   1.00000000e+00   5.19163975e-02   7.13780603e-05   3.18999516e+00   4.18607701e+01
 4.73000000e+00  -8.72097533e-14   1.00000000e+00   4.95815928e-02   6.77843254e-05   3.03591960e+00   4.17690226e+01
 4.74000000e+00  -8.72097533e-14   1.00000000e+00   4.72835484e-02   7.44126911e-05   2.88504492e+00   4.16768832e+01
 4.75000000e+00  -8.72097533e-14   1.00000000e+00   4.50148706e-02   8.95798660e-05   2.73283453e+00   4.15843921e+01
 4.76000000e+00  -8.72097533e-14   1.00000000e+00   4.27725132e-02   1.14690129e-04   2.57531522e+00   4.14939747e+01
 4.77000000e+00  -8.72097533e-14   1.00000000e+00   4.05678036e-02   1.39614351e-04   2.41337151e+00   4.14018649e+01
 4.78000000e+00  -8.72097533e-14   1.00000000e+00   3.84300781e-02   1.52879215e-04   2.25620854e+00   4.13089870e+01
 4.79000000e+00  -8.72097533e-14   1.00000000e+00   3.63896324e-02   1.47000310e-04   2.11168151e+00   4.12058705e+01
 4.80000000e+00  -8.72097533e-14   1.00000000e+00   3.44673820e-02   1.30020085e-04   1.98534048e+00   4.10939514e+01
 4.81000000e+00  -8.72097533e-14   1.00000000e+00   3.26663771e-02   1.12434201e-04   1.87700076e+00   4.09753526e+01
 4.82000000e+00  -8.72097533e-14   1.00000000e+00   3.09771625e-02   9.20323802e-05   1.77915996e+00   4.08567373e+01
 4.83000000e+00  -8.72097533e-14   1.00000000e+00   2.94037038e-02   7.08711426e-05   1.69437227e+00   4.07366327e+01
 4.84000000e+00  -8.72097533e-14   1.00000000e+00   2.79507579e-02   6.60371470e-05   1.62714570e+00   4.06136974e+01
 4.85000000e+00  -8.72097533e-14   1.00000000e+00   2.66040895e-02   8.08789783e-05   1.57124743e+00   4.04974912e+01
 4.86000000e+00  -8.72097533e-14   1.00000000e+00   2.53429077e-02   1.02940795e-04   1.51960619e+00   4.03881519e+01
 4.87000000e+00  -8.72097533e-14   1.00000000e+00   2.41594496e-02   1.25001661e-04   1.47048506e+00   4.02847691e+01
 4.88000000e+00  -8.72097533e-14   1.00000000e+00   2.30501658e-02   1.41649600e-04   1.42502494e+00   4.01822209e+01
 4.89000000e+00  -8.72097533e-14   1.00000000e+00   2.20096461e-02   1.50455003e-04   1.37983090e+00   4.00818056e+01
 4.90000000e+00  -8.72097533e-14   1.00000000e+00   2.10391642e-02   1.48029864e-04   1.33577585e+00   3.99816131e+01
 4.91000000e+00  -8.72097533e-14   1.00000000e+00   2.01501088e-02   1.31668234e-04   1.29763274e+00   3.98812780e+01
 4.92000000e+00  -8.72097533e-14   1.00000000e+00   1.93511754e-02   1.02141580e-04   1.26972933e+00   3.97795606e+01
 4.93000000e+00  -8.72097533e-14   1.00000000e+00   1.86353662e-02   7.92329910e-05   1.25164819e+00   3.96734563e+01
 4.94000000e+00  -8.72097533e-14   1.00000000e+00   1.79738360e-02   7.31410502e-05   1.23258795e+00   3.95758682e+01
 4.95000000e+00  -8.72097533e-14   1.00000000e+00   1.73448559e-02   7.26758370e-05   1.20457690e+00   3.94865288e+01
 4.96000000e+00  -8.72097533e-14   1.00000000e+00   1.67476220e-02   8.21589262e-05   1.17069535e+00   3.94043291e+01
 4.97000000e+00  -8.72097533e-14   1.00000000e+00   1.61857141e-02   1.03849635e-04   1.13156006e+00   3.93248343e+01
 4.98000000e+00  -8.72097533e-14   1.00000000e+00   1.56637613e-02   1.30658349e-04   1.08775004e+00   3.92512731e+01
 4.99000000e+00  -8.72097533e-14   1.00000000e+00   1.51897681e-02   1.49526760e-04   1.04232668e+00   3.91822197e+01
 5.00000000e+00  -8.72097533e-14   1.00000000e+00   1.47674949e-02   1.51013663e-04   9.92560429e-01   3.91116034e+01