  Time  Coordinate0  Coordinate1  Displacement0  Displacement1  Force0  Force1
 1.00000000e-02  -8.33333334e-03   1.00000000e+00   2.82439545e-05   1.63817082e-06   3.27376843e+00   0.00000000e+00
 2.00000000e-02  -8.33333334e-03   1.00000000e+00   8.21300919e-05   3.20721630e-06   3.27376843e+00   0.00000000e+00
 3.00000000e-02  -8.33333334e-03   1.00000000e+00   1.68581779e-04   4.64119774e-06   3.27376843e+00   0.00000000e+00
 4.00000000e-02  -8.33333334e-03   1.00000000e+00   2.88231498e-04   6.11675333e-06   3.27376843e+00   0.00000000e+00
 5.00000000e-02  -8.33333334e-03   1.00000000e+00   4.41324847e-04   7.73385945e-06   3.27376843e+00   0.00000000e+00
 6.00000000e-02  -8.33333334e-03   1.00000000e+00   6.28241243e-04   9.45400004e-06   3.27376843e+00   0.00000000e+00
 7.00000000e-02  -8.33333334e-03   1.00000000e+00   8.49654184e-04   1.11766409e-05   3.27376843e+00   0.00000000e+00
 8.00000000e-02  -8.33333334e-03   1.00000000e+00   1.10662974e-03   1.29277410e-05   3.27376843e+00   0.00000000e+00
 9.00000000e-02  -8.33333334e-03   1.00000000e+00   1.40053847e-03   1.49486684e-05   3.27376843e+00   0.00000000e+00
 1.00000000e-01  -8.33333334e-03   1.00000000e+00   1.73275418e-03   1.75918973e-05   3.27376843e+00   0.00000000e+00
 1.10000000e-01  -8.33333334e-03   1.00000000e+00   2.10425373e-03   2.11327769e-05   3.27376843e+00   0.00000000e+00
 1.20000000e-01  -8.33333334e-03   1.00000000e+00   2.51529634e-03   2.56606411e-05   3.27376843e+00   0.00000000e+00
 1.30000000e-01  -8.33333334e-03   1.00000000e+00   2.96531574e-03   3.10981809e-05   3.27376843e+00   0.00000000e+00
 1.40000000e-01  -8.33333334e-03   1.00000000e+00   3.45303862e-03   3.72782910e-05   3.27376843e+00   0.00000000e+00
 1.50000000e-01  -8.33333334e-03   1.00000000e+00   3.97673657e-03   4.40014025e-05   3.27376843e+00   0.00000000e+00
 1.60000000e-01  -8.33333334e-03   1.00000000e+00   4.53448873e-03   5.10646703e-05   3.27376843e+00   0.00000000e+00
 1.70000000e-01  -8.33333334e-03   1.00000000e+00   5.12437498e-03   5.82943965e-05   3.27376843e+00   0.00000000e+00
 1.80000000e-01  -8.33333334e-03   1.00000000e+00   5.74457786e-03   6.55908065e-05   3.27376843e+00   0.00000000e+00
 1.90000000e-01  -8.33333334e-03   1.00000000e+00   6.39340296e-03   7.29582972e-05   3.27376843e+00   0.00000000e+00
 2.00000000e-01  -8.33333334e-03   1.00000000e+00   7.06923323e-03   8.04938951e-05   3.27376843e+00   0.00000000e+00
 2.10000000e-01  -8.33333334e-03   1.00000000e+00   7.77043428e-03   8.83367614e-05   3.27376843e+00   0.00000000e+00
 2.20000000e-01  -8.33333334e-03   1.00000000e+00   8.49524121e-03   9.66059959e-05   3.27376843e+00   0.00000000e+00
 2.30000000e-01  -8.33333334e-03   1.00000000e+00   9.24167093e-03   1.05353209e-04   3.27376843e+00   0.00000000e+00
 2.40000000e-01  -8.33333334e-03   1.00000000e+00   1.00075050e-02   1.14541148e-04   3.27376843e+00   0.00000000e+00
 2.50000000e-01  -8.33333334e-03   1.00000000e+00   1.07903663e-02   1.24048006e-04   3.27376843e+00   0.00000000e+00
 2.60000000e-01  -8.33333334e-03   1.00000000e+00   1.15878804e-02   1.33693867e-04   3.27376843e+00   0.00000000e+00
 2.70000000e-01  -8.33333334e-03   1.00000000e+00   1.23978812e-02   1.43284256e-04   3.27376843e+00   0.00000000e+00
 2.80000000e-01  -8.33333334e-03   1.00000000e+00   1.32186030e-02   1.52660769e-04   3.27376843e+00   0.00000000e+00
 2.90000000e-01  -8.33333334e-03   1.00000000e+00   1.40488043e-02   1.61743831e-04   3.27376843e+00   0.00000000e+00
 3.00000000e-01  -8.33333334e-03   1.00000000e+00   1.48877834e-02   1.70553099e-04   3.27376843e+00   0.00000000e+00
 3.10000000e-01  -8.33333334e-03   1.00000000e+00   1.57352793e-02   1.79198796e-04   3.27376843e+00   0.00000000e+00
 3.20000000e-01  -8.33333334e-03   1.00000000e+00   1.65912824e-02   1.87847738e-04   3.27376843e+00   0.00000000e+00
 3.30000000e-01  -8.33333334e-03   1.00000000e+00   1.74558074e-02   1.96675655e-04   3.27376843e+00   0.00000000e+00
 3.40000000e-01  -8.33333334e-03   1.00000000e+00   1.83286888e-02   2.05820292e-04   3.27376843e+00   0.00000000e+00
 3.50000000e-01  -8.33333334e-03   1.00000000e+00   1.92094487e-02   2.15348049e-04   3.27376843e+00   0.00000000e+00
 3.60000000e-01  -8.33333334e-03   1.00000000e+00   2.00972577e-02   2.25242261e-04   3.27376843e+00   0.00000000e+00
 3.70000000e-01  -8.33333334e-03   1.00000000e+00   2.09909814e-02   2.35415077e-04   3.27376843e+00   0.00000000e+00
 3.80000000e-01  -8.33333334e-03   1.00000000e+00   2.18892788e-02   2.45738211e-04   3.27376843e+00   0.00000000e+00
 3.90000000e-01  -8.33333334e-03   1.00000000e+00   2.27907080e-02   2.56082551e-04   3.27376843e+00   0.00000000e+00
 4.00000000e-01  -8.33333334e-03   1.00000000e+00   2.36938015e-02   2.66354605e-04   3.27376843e+00   0.00000000e+00
 4.10000000e-01  -8.33333334e-03   1.00000000e+00   2.45970863e-02   2.76518969e-04   3.27376843e+00   0.00000000e+00
 4.20000000e-01  -8.33333334e-03   1.00000000e+00   2.54990442e-02   2.86600910e-04   3.27376843e+00   0.00000000e+00
 4.30000000e-01  -8.33333334e-03   1.00000000e+00   2.63980279e-02   2.96668998e-04   3.27376843e+00   0.00000000e+00
 4.40000000e-01  -8.33333334e-03   1.00000000e+00   2.72921630e-02   3.06803789e-04   3.27376843e+00   0.00000000e+00
 4.50000000e-01  -8.33333334e-03   1.00000000e+00   2.81792735e-02   3.17062265e-04   3.27376843e+00   0.00000000e+00
 4.60000000e-01  -8.33333334e-03   1.00000000e+00   2.90568618e-02   3.27448756e-04   3.27376843e+00   0.00000000e+00
 4.70000000e-01  -8.33333334e-03   1.00000000e+00   2.99221631e-02   3.37901216e-04   3.27376843e+00   0.00000000e+00
 4.80000000e-01  -8.33333334e-03   1.00000000e+00   3.07722716e-02   3.48296872e-04   3.27376843e+00   0.00000000e+00
 4.90000000e-01  -8.33333334e-03   1.00000000e+00   3.16043141e-02   3.58475567e-04   3.27376843e+00   0.00000000e+00
 5.00000000e-01  -8.33333334e-03   1.00000000e+00   3.24156336e-02   3.68273952e-04   3.27376843e+00   0.00000000e+00
 5.10000000e-01  -8.33333334e-03   1.00000000e+00   3.32039416e-02   3.77560649e-04   3.27376843e+00   0.00000000e+00
 5.20000000e-01  -8.33333334e-03   1.00000000e+00   3.39674052e-02   3.86262457e-04   3.27376843e+00   0.00000000e+00
 5.30000000e-01  -8.33333334e-03   1.00000000e+00   3.47046576e-02   3.94374759e-04   3.27376843e+00   0.00000000e+00
 5.40000000e-01  -8.33333334e-03   1.00000000e+00   3.54147367e-02   4.01953760e-04   3.27376843e+00   0.00000000e+00
 5.50000000e-01  -8.33333334e-03   1.00000000e+00   3.60969798e-02   4.09093879e-04   3.27376843e+00   0.00000000e+00
 5.60000000e-01  -8.33333334e-03   1.00000000e+00   3.67509061e-02   4.15897233e-04   3.27376843e+00   0.00000000e+00
 5.70000000e-01  -8.33333334e-03   1.00000000e+00   3.73761234e-02   4.22444459e-04   3.27376843e+00   0.00000000e+00
 5.80000000e-01  -8.33333334e-03   1.00000000e+00   3.79722749e-02   4.28774810e-04   3.27376843e+00   0.00000000e+00
 5.90000000e-01  -8.33333334e-03   1.00000000e+00   3.85390353e-02   4.34880781e-04   3.27376843e+00   0.00000000e+00
 6.00000000e-01  -8.33333334e-03   1.00000000e+00   3.90761384e-02   4.40717599e-04   3.27376843e+00   0.00000000e+00
 6.10000000e-01  -8.33333334e-03   1.00000000e+00   3.95834182e-02   4.46223984e-04   3.27376843e+00   0.00000000e+00
 6.20000000e-01  -8.33333334e-03   1.00000000e+00   4.00608314e-02   4.51346991e-04   3.27376843e+00   0.00000000e+00
 6.30000000e-01  -8.33333334e-03   1.00000000e+00   4.05084455e-02   4.56063282e-04   3.27376843e+00   0.00000000e+00
 6.40000000e-01  -8.33333334e-03   1.00000000e+00   4.09263808e-02   4.60390057e-04   3.27376843e+00   0.00000000e+00
 6.50000000e-01  -8.33333334e-03   1.00000000e+00   4.13147152e-02   4.64382624e-04   3.27376843e+00   0.00000000e+00
 6.60000000e-01  -8.33333334e-03   1.00000000e+00   4.16733701e-02   4.68119221e-04   3.27376843e+00   0.00000000e+00
 6.70000000e-01  -8.33333334e-03   1.00000000e+00   4.20020070e-02   4.71677791e-04   3.27376843e+00   0.00000000e+00
 6.80000000e-01  -8.33333334e-03   1.00000000e+00   4.22999604e-02   4.75111601e-04   3.27376843e+00   0.00000000e+00
 6.90000000e-01  -8.33333334e-03   1.00000000e+00   4.25662267e-02   4.78430791e-04   3.27376843e+00   0.00000000e+00
 7.00000000e-01  -8.33333334e-03   1.00000000e+00   4.27995152e-02   4.81595236e-04   3.27376843e+00   0.00000000e+00
 7.10000000e-01  -8.33333334e-03   1.00000000e+00   4.29983476e-02   4.84520412e-04   3.27376843e+00   0.00000000e+00
 7.20000000e-01  -8.33333334e-03   1.00000000e+00   4.31611880e-02   4.87094696e-04   3.27376843e+00   0.00000000e+00
 7.30000000e-01  -8.33333334e-03   1.00000000e+00   4.32865720e-02   4.89202925e-04   3.27376843e+00   0.00000000e+00
 7.40000000e-01  -8.33333334e-03   1.00000000e+00   4.33732118e-02   4.90749651e-04   3.27376843e+00   0.00000000e+00
 7.50000000e-01  -8.33333334e-03   1.00000000e+00   4.34200614e-02   4.91675953e-04   3.27376843e+00   0.00000000e+00
 7.60000000e-01  -8.33333334e-03   1.00000000e+00   4.34263378e-02   4.91965688e-04   3.27376843e+00   0.00000000e+00
 7.70000000e-01  -8.33333334e-03   1.00000000e+00   4.33915210e-02   4.91641360e-04   3.27376843e+00   0.00000000e+00
 7.80000000e-01  -8.33333334e-03   1.00000000e+00   4.33152948e-02   4.90746906e-04   3.27376843e+00   0.00000000e+00
 7.90000000e-01  -8.33333334e-03   1.00000000e+00   4.31975384e-02   4.89331014e-04   3.27376843e+00   0.00000000e+00
 8.00000000e-01  -8.33333334e-03   1.00000000e+00   4.30383247e-02   4.87430894e-04   3.27376843e+00   0.00000000e+00
 8.10000000e-01  -8.33333334e-03   1.00000000e+00   4.28379368e-02   4.85061503e-04   3.27376843e+00   0.00000000e+00
 8.20000000e-01  -8.33333334e-03   1.00000000e+00   4.25969027e-02   4.82214549e-04   3.27376843e+00   0.00000000e+00
 8.30000000e-01  -8.33333334e-03   1.00000000e+00   4.23160352e-02   4.78866729e-04   3.27376843e+00   0.00000000e+00
 8.40000000e-01  -8.33333334e-03   1.00000000e+00   4.19964573e-02   4.74994133e-04   3.27376843e+00   0.00000000e+00
 8.50000000e-01  -8.33333334e-03   1.00000000e+00   4.16395983e-02   4.70588195e-04   3.27376843e+00   0.00000000e+00
 8.60000000e-01  -8.33333334e-03   1.00000000e+00   4.12471487e-02   4.65668008e-04   3.27376843e+00   0.00000000e+00
 8.70000000e-01  -8.33333334e-03   1.00000000e+00   4.08209775e-02   4.60284981e-04   3.27376843e+00   0.00000000e+00
 8.80000000e-01  -8.33333334e-03   1.00000000e+00   4.03630205e-02   4.54518396e-04   3.27376843e+00   0.00000000e+00
 8.90000000e-01  -8.33333334e-03   1.00000000e+00   3.98751612e-02   4.48462833e-04   3.27376843e+00   0.00000000e+00
 9.00000000e-01  -8.33333334e-03   1.00000000e+00   3.93591248e-02   4.42210950e-04   3.27376843e+00   0.00000000e+00
 9.10000000e-01  -8.33333334e-03   1.00000000e+00   3.88164038e-02   4.35836311e-04   3.27376843e+00   0.00000000e+00
 9.20000000e-01  -8.33333334e-03   1.00000000e+00   3.82482254e-02   4.29380836e-04   3.27376843e+00   0.00000000e+00
 9.30000000e-01  -8.33333334e-03   1.00000000e+00   3.76555605e-02   4.22850057e-04   3.27376843e+00   0.00000000e+00
 9.40000000e-01  -8.33333334e-03   1.00000000e+00   3.70391652e-02   4.16217113e-04   3.27376843e+00   0.00000000e+00
 9.50000000e-01  -8.33333334e-03   1.00000000e+00   3.63996381e-02   4.09433832e-04   3.27376843e+00   0.00000000e+00
 9.60000000e-01  -8.33333334e-03   1.00000000e+00   3.57374777e-02   4.02445617e-04   3.27376843e+00   0.00000000e+00
 9.70000000e-01  -8.33333334e-03   1.00000000e+00   3.50531272e-02   3.95205762e-04   3.27376843e+00   0.00000000e+00
 9.80000000e-01  -8.33333334e-03   1.00000000e+00   3.43470016e-02   3.87685388e-04   3.27376843e+00   0.00000000e+00
 9.90000000e-01  -8.33333334e-03   1.00000000e+00   3.36194998e-02   3.79876728e-04   3.27376843e+00   0.00000000e+00
 1.00000000e+00  -8.33333334e-03   1.00000000e+00   3.28710121e-02   3.71789537e-04   3.27376843e+00   0.00000000e+00
 1.01000000e+00  -8.33333334e-03   1.00000000e+00   3.21019339e-02   3.63442447e-04   3.27376843e+00   0.00000000e+00
 1.02000000e+00  -8.33333334e-03   1.00000000e+00   3.13126956e-02   3.54852468e-04   3.27376843e+00   0.00000000e+00
 1.03000000e+00  -8.33333334e-03   1.00000000e+00   3.05038116e-02   3.46026227e-04   3.27376843e+00   0.00000000e+00
 1.04000000e+00  -8.33333334e-03   1.00000000e+00   2.96759470e-02   3.36955942e-04   3.27376843e+00   0.00000000e+00
 1.05000000e+00  -8.33333334e-03   1.00000000e+00   2.88299894e-02   3.27621400e-04   3.27376843e+00   0.00000000e+00
 1.06000000e+00  -8.33333334e-03   1.00000000e+00   2.79671130e-02   3.17997495e-04   3.27376843e+00   0.00000000e+00
 1.07000000e+00  -8.33333334e-03   1.00000000e+00   2.70888209e-02   3.08065216e-04   3.27376843e+00   0.00000000e+00
 1.08000000e+00  -8.33333334e-03   1.00000000e+00   2.61969552e-02   2.97822680e-04   3.27376843e+00   0.00000000e+00
 1.09000000e+00  -8.33333334e-03   1.00000000e+00   2.52936688e-02   2.87293044e-04   3.27376843e+00   0.00000000e+00
 1.10000000e+00  -8.33333334e-03   1.00000000e+00   2.43813655e-02   2.76526912e-04   3.27376843e+00   0.00000000e+00
 1.11000000e+00  -8.33333334e-03   1.00000000e+00   2.34626174e-02   2.65598450e-04   3.27376843e+00   0.00000000e+00
 1.12000000e+00  -8.33333334e-03   1.00000000e+00   2.25400737e-02   2.54596171e-04   3.27376843e+00   0.00000000e+00
 1.13000000e+00  -8.33333334e-03   1.00000000e+00   2.16163762e-02   2.43610797e-04   3.27376843e+00   0.00000000e+00
 1.14000000e+00  -8.33333334e-03   1.00000000e+00   2.06940910e-02   2.32723324e-04   3.27376843e+00   0.00000000e+00
 1.15000000e+00  -8.33333334e-03   1.00000000e+00   1.97756617e-02   2.21996172e-04   3.27376843e+00   0.00000000e+00
 1.16000000e+00  -8.33333334e-03   1.00000000e+00   1.88633820e-02   2.11469378e-04   3.27376843e+00   0.00000000e+00
 1.17000000e+00  -8.33333334e-03   1.00000000e+00   1.79593811e-02   2.01162169e-04   3.27376843e+00   0.00000000e+00
 1.18000000e+00  -8.33333334e-03   1.00000000e+00   1.70656140e-02   1.91078955e-04   3.27376843e+00   0.00000000e+00
 1.19000000e+00  -8.33333334e-03   1.00000000e+00   1.61838505e-02   1.81217393e-04   3.27376843e+00   0.00000000e+00
 1.20000000e+00  -8.33333334e-03   1.00000000e+00   1.53156573e-02   1.71575983e-04   3.27376843e+00   0.00000000e+00
 1.21000000e+00  -8.33333334e-03   1.00000000e+00   1.44623791e-02   1.62158881e-04   3.27376843e+00   0.00000000e+00
 1.22000000e+00  -8.33333334e-03   1.00000000e+00   1.36251210e-02   1.52976653e-04   3.27376843e+00   0.00000000e+00
 1.23000000e+00  -8.33333334e-03   1.00000000e+00   1.28047431e-02   1.44043122e-04   3.27376843e+00   0.00000000e+00
 1.24000000e+00  -8.33333334e-03   1.00000000e+00   1.20018744e-02   1.35369560e-04   3.27376843e+00   0.00000000e+00
 1.25000000e+00  -8.33333334e-03   1.00000000e+00   1.12169507e-02   1.26958418e-04   3.27376843e+00   0.00000000e+00
 1.26000000e+00  -8.33333334e-03   1.00000000e+00   1.04502754e-02   1.18798825e-04   3.27376843e+00   0.00000000e+00
 1.27000000e+00  -8.33333334e-03   1.00000000e+00   9.70209712e-03   1.10865591e-04   3.27376843e+00   0.00000000e+00
 1.28000000e+00  -8.33333334e-03   1.00000000e+00   8.97269367e-03   1.03122371e-04   3.27376843e+00   0.00000000e+00
 1.29000000e+00  -8.33333334e-03   1.00000000e+00   8.26245109e-03   9.55284327e-05   3.27376843e+00   0.00000000e+00
 1.30000000e+00  -8.33333334e-03   1.00000000e+00   7.57192558e-03   8.80473936e-05   3.27376843e+00   0.00000000e+00
 1.31000000e+00  -8.33333334e-03   1.00000000e+00   6.90188210e-03   8.06557579e-05   3.27376843e+00   0.00000000e+00
 1.32000000e+00  -8.33333334e-03   1.00000000e+00   6.25330674e-03   7.33490809e-05   3.27376843e+00   0.00000000e+00
 1.33000000e+00  -8.33333334e-03   1.00000000e+00   5.62739607e-03   6.61443283e-05   3.27376843e+00   0.00000000e+00
 1.34000000e+00  -8.33333334e-03   1.00000000e+00   5.02552978e-03   5.90779797e-05   3.27376843e+00   0.00000000e+00
 1.35000000e+00  -8.33333334e-03   1.00000000e+00   4.44923466e-03   5.22005699e-05   3.27376843e+00   0.00000000e+00
 1.36000000e+00  -8.33333334e-03   1.00000000e+00   3.90014661e-03   4.55692426e-05   3.27376843e+00   0.00000000e+00
 1.37000000e+00  -8.33333334e-03   1.00000000e+00   3.37997502e-03   3.92402851e-05   3.27376843e+00   0.00000000e+00
 1.38000000e+00  -8.33333334e-03   1.00000000e+00   2.89046980e-03   3.32634432e-05   3.27376843e+00   0.00000000e+00
 1.39000000e+00  -8.33333334e-03   1.00000000e+00   2.43338877e-03   2.76791517e-05   3.27376843e+00   0.00000000e+00
 1.40000000e+00  -8.33333334e-03   1.00000000e+00   2.01046124e-03   2.25188771e-05   3.27376843e+00   0.00000000e+00
 1.41000000e+00  -8.33333334e-03   1.00000000e+00   1.62334433e-03   1.78078357e-05   3.27376843e+00   0.00000000e+00
 1.42000000e+00  -8.33333334e-03   1.00000000e+00   1.27357109e-03   1.35687007e-05   3.27376843e+00   0.00000000e+00
 1.43000000e+00  -8.33333334e-03   1.00000000e+00   9.62492347e-04   9.82469995e-06   3.27376843e+00   0.00000000e+00
 1.44000000e+00  -8.33333334e-03   1.00000000e+00   6.91218372e-04   6.60081765e-06   3.27376843e+00   0.00000000e+00
 1.45000000e+00  -8.33333334e-03   1.00000000e+00   4.60567782e-04   3.92247942e-06   3.27376843e+00   0.00000000e+00
 1.46000000e+00  -8.33333334e-03   1.00000000e+00   2.71032050e-04   1.81195549e-06   3.27376843e+00   0.00000000e+00
 1.47000000e+00  -8.33333334e-03   1.00000000e+00   1.22761830e-04   2.83477317e-07   3.27376843e+00   0.00000000e+00
 1.48000000e+00  -8.33333334e-03   1.00000000e+00   1.55780031e-05  -6.61484312e-07   3.27376843e+00   0.00000000e+00
 1.49000000e+00  -8.33333334e-03   1.00000000e+00  -5.09937528e-05  -1.03730735e-06   3.27376843e+00   0.00000000e+00
 1.50000000e+00  -8.33333334e-03   1.00000000e+00  -7.76700300e-05  -8.74625630e-07   3.27376843e+00   0.00000000e+00
 1.51000000e+00  -8.33333334e-03   1.00000000e+00  -6.53457006e-05  -2.17687702e-07   3.27376843e+00   0.00000000e+00
 1.52000000e+00  -8.33333334e-03   1.00000000e+00  -1.50276132e-05   8.80824800e-07   3.27376843e+00   0.00000000e+00
 1.53000000e+00  -8.33333334e-03   1.00000000e+00   7.22272991e-05   2.36642869e-06   3.27376843e+00   0.00000000e+00
 1.54000000e+00  -8.33333334e-03   1.00000000e+00   1.95364897e-04   4.18945373e-06   3.27376843e+00   0.00000000e+00
 1.55000000e+00  -8.33333334e-03   1.00000000e+00   3.53376196e-04   6.31023942e-06   3.27376843e+00   0.00000000e+00
 1.56000000e+00  -8.33333334e-03   1.00000000e+00   5.45330242e-04   8.70195505e-06   3.27376843e+00   0.00000000e+00
 1.57000000e+00  -8.33333334e-03   1.00000000e+00   7.70399927e-04   1.13507508e-05   3.27376843e+00   0.00000000e+00
 1.58000000e+00  -8.33333334e-03   1.00000000e+00   1.02788314e-03   1.42536539e-05   3.27376843e+00   0.00000000e+00
 1.59000000e+00  -8.33333334e-03   1.00000000e+00   1.31722040e-03   1.74151603e-05   3.27376843e+00   0.00000000e+00
 1.60000000e+00  -8.33333334e-03   1.00000000e+00   1.63800792e-03   2.08437009e-05   3.27376843e+00   0.00000000e+00
 1.61000000e+00  -8.33333334e-03   1.00000000e+00   1.99000347e-03   2.45490254e-05   3.27376843e+00   0.00000000e+00
 1.62000000e+00  -8.33333334e-03   1.00000000e+00   2.37312107e-03   2.85411340e-05   3.27376843e+00   0.00000000e+00
 1.63000000e+00  -8.33333334e-03   1.00000000e+00   2.78741117e-03   3.28307917e-05   3.27376843e+00   0.00000000e+00
 1.64000000e+00  -8.33333334e-03   1.00000000e+00   3.23302442e-03   3.74311143e-05   3.27376843e+00   0.00000000e+00
 1.65000000e+00  -8.33333334e-03   1.00000000e+00   3.71016002e-03   4.23593249e-05   3.27376843e+00   0.00000000e+00
 1.66000000e+00  -8.33333334e-03   1.00000000e+00   4.21900244e-03   4.76377320e-05   3.27376843e+00   0.00000000e+00
 1.67000000e+00  -8.33333334e-03   1.00000000e+00   4.75965265e-03   5.32931701e-05   3.27376843e+00   0.00000000e+00
 1.68000000e+00  -8.33333334e-03   1.00000000e+00   5.33206124e-03   5.93546414e-05   3.27376843e+00   0.00000000e+00
 1.69000000e+00  -8.33333334e-03   1.00000000e+00   5.93597064e-03   6.58494128e-05   3.27376843e+00   0.00000000e+00
 1.70000000e+00  -8.33333334e-03   1.00000000e+00   6.57087193e-03   7.27983467e-05   3.27376843e+00   0.00000000e+00
 1.71000000e+00  -8.33333334e-03   1.00000000e+00   7.23597926e-03   8.02114644e-05   3.27376843e+00   0.00000000e+00
 1.72000000e+00  -8.33333334e-03   1.00000000e+00   7.93022186e-03   8.80847561e-05   3.27376843e+00   0.00000000e+00
 1.73000000e+00  -8.33333334e-03   1.00000000e+00   8.65225149e-03   9.63989295e-05   3.27376843e+00   0.00000000e+00
 1.74000000e+00  -8.33333334e-03   1.00000000e+00   9.40046200e-03   1.05120381e-04   3.27376843e+00   0.00000000e+00
 1.75000000e+00  -8.33333334e-03   1.00000000e+00   1.01730174e-02   1.14204090e-04   3.27376843e+00   0.00000000e+00
 1.76000000e+00  -8.33333334e-03   1.00000000e+00   1.09678851e-02   1.23597697e-04   3.27376843e+00   0.00000000e+00
 1.77000000e+00  -8.33333334e-03   1.00000000e+00   1.17828735e-02   1.33245909e-04   3.27376843e+00   0.00000000e+00
 1.78000000e+00  -8.33333334e-03   1.00000000e+00   1.26156734e-02   1.43094291e-04   3.27376843e+00   0.00000000e+00
 1.79000000e+00  -8.33333334e-03   1.00000000e+00   1.34639033e-02   1.53091858e-04   3.27376843e+00   0.00000000e+00
 1.80000000e+00  -8.33333334e-03   1.00000000e+00   1.43251601e-02   1.63192247e-04   3.27376843e+00   0.00000000e+00
 1.81000000e+00  -8.33333334e-03   1.00000000e+00   1.51970727e-02   1.73353698e-04   3.27376843e+00   0.00000000e+00
 1.82000000e+00  -8.33333334e-03   1.00000000e+00   1.60773579e-02   1.83538391e-04   3.27376843e+00   0.00000000e+00
 1.83000000e+00  -8.33333334e-03   1.00000000e+00   1.69638739e-02   1.93711785e-04   3.27376843e+00   0.00000000e+00
 1.84000000e+00  -8.33333334e-03   1.00000000e+00   1.78546661e-02   2.03842525e-04   3.27376843e+00   0.00000000e+00
 1.85000000e+00  -8.33333334e-03   1.00000000e+00   1.87480020e-02   2.13903261e-04   3.27376843e+00   0.00000000e+00
 1.86000000e+00  -8.33333334e-03   1.00000000e+00   1.96423883e-02   2.23872203e-04   3.27376843e+00   0.00000000e+00
 1.87000000e+00  -8.33333334e-03   1.00000000e+00   2.05365711e-02   2.33735079e-04   3.27376843e+00   0.00000000e+00
 1.88000000e+00  -8.33333334e-03   1.00000000e+00   2.14295164e-02   2.43486851e-04   3.27376843e+00   0.00000000e+00
 1.89000000e+00  -8.33333334e-03   1.00000000e+00   2.23203759e-02   2.53132544e-04   3.27376843e+00   0.00000000e+00
 1.90000000e+00  -8.33333334e-03   1.00000000e+00   2.32084406e-02   2.62686724e-04   3.27376843e+00   0.00000000e+00
 1.91000000e+00  -8.33333334e-03   1.00000000e+00   2.40930883e-02   2.72171460e-04   3.27376843e+00   0.00000000e+00
 1.92000000e+00  -8.33333334e-03   1.00000000e+00   2.49737290e-02   2.81613004e-04   3.27376843e+00   0.00000000e+00
 1.93000000e+00  -8.33333334e-03   1.00000000e+00   2.58497531e-02   2.91037718e-04   3.27376843e+00   0.00000000e+00
 1.94000000e+00  -8.33333334e-03   1.00000000e+00   2.67204853e-02   3.00467985e-04   3.27376843e+00   0.00000000e+00
 1.95000000e+00  -8.33333334e-03   1.00000000e+00   2.75851432e-02   3.09918725e-04   3.27376843e+00   0.00000000e+00
 1.96000000e+00  -8.33333334e-03   1.00000000e+00   2.84428049e-02   3.19395199e-04   3.27376843e+00   0.00000000e+00
 1.97000000e+00  -8.33333334e-03   1.00000000e+00   2.92923813e-02   3.28892162e-04   3.27376843e+00   0.00000000e+00
 1.98000000e+00  -8.33333334e-03   1.00000000e+00   3.01325978e-02   3.38394392e-04   3.27376843e+00   0.00000000e+00
 1.99000000e+00  -8.33333334e-03   1.00000000e+00   3.09619827e-02   3.47878164e-04   3.27376843e+00   0.00000000e+00
 2.00000000e+00  -8.33333334e-03   1.00000000e+00   3.17788655e-02   3.57313064e-04   3.27376843e+00   0.00000000e+00
 2.01000000e+00  -8.33333334e-03   1.00000000e+00   3.25813875e-02   3.66663815e-04   3.27376843e+00   0.00000000e+00
 2.02000000e+00  -8.33333334e-03   1.00000000e+00   3.33675241e-02   3.75891577e-04   3.27376843e+00   0.00000000e+00
 2.03000000e+00  -8.33333334e-03   1.00000000e+00   3.41351217e-02   3.84954771e-04   3.27376843e+00   0.00000000e+00
 2.04000000e+00  -8.33333334e-03   1.00000000e+00   3.48819463e-02   3.93809491e-04   3.27376843e+00   0.00000000e+00
 2.05000000e+00  -8.33333334e-03   1.00000000e+00   3.56057415e-02   4.02409824e-04   3.27376843e+00   0.00000000e+00
 2.06000000e+00  -8.33333334e-03   1.00000000e+00   3.63042918e-02   4.10708485e-04   3.27376843e+00   0.00000000e+00
 2.07000000e+00  -8.33333334e-03   1.00000000e+00   3.69754862e-02   4.18658050e-04   3.27376843e+00   0.00000000e+00
 2.08000000e+00  -8.33333334e-03   1.00000000e+00   3.76173761e-02   4.26212880e-04   3.27376843e+00   0.00000000e+00
 2.09000000e+00  -8.33333334e-03   1.00000000e+00   3.82282254e-02   4.33331706e-04   3.27376843e+00   0.00000000e+00
 2.10000000e+00  -8.33333334e-03   1.00000000e+00   3.88065465e-02   4.39980319e-04   3.27376843e+00   0.00000000e+00
 2.11000000e+00  -8.33333334e-03   1.00000000e+00   3.93511229e-02   4.46134078e-04   3.27376843e+00   0.00000000e+00
 2.12000000e+00  -8.33333334e-03   1.00000000e+00   3.98610189e-02   4.51779660e-04   3.27376843e+00   0.00000000e+00
 2.13000000e+00  -8.33333334e-03   1.00000000e+00   4.03355750e-02   4.56915672e-04   3.27376843e+00   0.00000000e+00
 2.14000000e+00  -8.33333334e-03   1.00000000e+00   4.07743929e-02   4.61552010e-04   3.27376843e+00   0.00000000e+00
 2.15000000e+00  -8.33333334e-03   1.00000000e+00   4.11773112e-02   4.65708024e-04   3.27376843e+00   0.00000000e+00
 2.16000000e+00  -8.33333334e-03   1.00000000e+00   4.15443739e-02   4.69409958e-04   3.27376843e+00   0.00000000e+00
 2.17000000e+00  -8.33333334e-03   1.00000000e+00   4.18757908e-02   4.72687879e-04   3.27376843e+00   0.00000000e+00
 2.18000000e+00  -8.33333334e-03   1.00000000e+00   4.21718943e-02   4.75572802e-04   3.27376843e+00   0.00000000e+00
 2.19000000e+00  -8.33333334e-03   1.00000000e+00   4.24330902e-02   4.78094289e-04   3.27376843e+00   0.00000000e+00
 2.20000000e+00  -8.33333334e-03   1.00000000e+00   4.26598072e-02   4.80278706e-04   3.27376843e+00   0.00000000e+00
 2.21000000e+00  -8.33333334e-03   1.00000000e+00   4.28524453e-02   4.82148143e-04   3.27376843e+00   0.00000000e+00
 2.22000000e+00  -8.33333334e-03   1.00000000e+00   4.30113280e-02   4.83719914e-04   3.27376843e+00   0.00000000e+00
 2.23000000e+00  -8.33333334e-03   1.00000000e+00   4.31366601e-02   4.85006228e-04   3.27376843e+00   0.00000000e+00
 2.24000000e+00  -8.33333334e-03   1.00000000e+00   4.32284972e-02   4.86013940e-04   3.27376843e+00   0.00000000e+00
 2.25000000e+00  -8.33333334e-03   1.00000000e+00   4.32867272e-02   4.86744194e-04   3.27376843e+00   0.00000000e+00
 2.26000000e+00  -8.33333334e-03   1.00000000e+00   4.33110676e-02   4.87191882e-04   3.27376843e+00   0.00000000e+00
 2.27000000e+00  -8.33333334e-03   1.00000000e+00   4.33010776e-02   4.87345138e-04   3.27376843e+00   0.00000000e+00
 2.28000000e+00  -8.33333334e-03   1.00000000e+00   4.32561984e-02   4.87186346e-04   3.27376843e+00   0.00000000e+00
 2.29000000e+00  -8.33333334e-03   1.00000000e+00   4.31757595e-02   4.86689428e-04   3.27376843e+00   0.00000000e+00
 2.30000000e+00  -8.33333334e-03   1.00000000e+00   4.30590429e-02   4.85822748e-04   3.27376843e+00   0.00000000e+00
 2.31000000e+00  -8.33333334e-03   1.00000000e+00   4.29053379e-02   4.84551490e-04   3.27376843e+00   0.00000000e+00
 2.32000000e+00  -8.33333334e-03   1.00000000e+00   4.27139952e-02   4.82839854e-04   3.27376843e+00   0.00000000e+00
 2.33000000e+00  -8.33333334e-03   1.00000000e+00   4.24844751e-02   4.80653847e-04   3.27376843e+00   0.00000000e+00
 2.34000000e+00  -8.33333334e-03   1.00000000e+00   4.22163944e-02   4.77964127e-04   3.27376843e+00   0.00000000e+00
 2.35000000e+00  -8.33333334e-03   1.00000000e+00   4.19095679e-02   4.74748665e-04   3.27376843e+00   0.00000000e+00
 2.36000000e+00  -8.33333334e-03   1.00000000e+00   4.15640434e-02   4.70994616e-04   3.27376843e+00   0.00000000e+00
 2.37000000e+00  -8.33333334e-03   1.00000000e+00   4.11801275e-02   4.66699221e-04   3.27376843e+00   0.00000000e+00
 2.38000000e+00  -8.33333334e-03   1.00000000e+00   4.07584023e-02   4.61869853e-04   3.27376843e+00   0.00000000e+00
 2.39000000e+00  -8.33333334e-03   1.00000000e+00   4.02997311e-02   4.56523334e-04   3.27376843e+00   0.00000000e+00
 2.40000000e+00  -8.33333334e-03   1.00000000e+00   3.98052517e-02   4.50684675e-04   3.27376843e+00   0.00000000e+00
 2.41000000e+00  -8.33333334e-03   1.00000000e+00   3.92763573e-02   4.44385605e-04   3.27376843e+00   0.00000000e+00
 2.42000000e+00  -8.33333334e-03   1.00000000e+00   3.87146658e-02   4.37663126e-04   3.27376843e+00   0.00000000e+00
 2.43000000e+00  -8.33333334e-03   1.00000000e+00   3.81219765e-02   4.30558093e-04   3.27376843e+00   0.00000000e+00
 2.44000000e+00  -8.33333334e-03   1.00000000e+00   3.75002203e-02   4.23114065e-04   3.27376843e+00   0.00000000e+00
 2.45000000e+00  -8.33333334e-03   1.00000000e+00   3.68514038e-02   4.15376128e-04   3.27376843e+00   0.00000000e+00
 2.46000000e+00  -8.33333334e-03   1.00000000e+00   3.61775509e-02   4.07389633e-04   3.27376843e+00   0.00000000e+00
 2.47000000e+00  -8.33333334e-03   1.00000000e+00   3.54806465e-02   3.99198730e-04   3.27376843e+00   0.00000000e+00
 2.48000000e+00  -8.33333334e-03   1.00000000e+00   3.47625858e-02   3.90844626e-04   3.27376843e+00   0.00000000e+00
 2.49000000e+00  -8.33333334e-03   1.00000000e+00   3.40251316e-02   3.82363682e-04   3.27376843e+00   0.00000000e+00
 2.50000000e+00  -8.33333334e-03   1.00000000e+00   3.32698834e-02   3.73785585e-04   3.27376843e+00   0.00000000e+00
 2.51000000e+00  -8.33333334e-03   1.00000000e+00   3.24982583e-02   3.65131799e-04   3.27376843e+00   0.00000000e+00
 2.52000000e+00  -8.33333334e-03   1.00000000e+00   3.17114859e-02   3.56414709e-04   3.27376843e+00   0.00000000e+00
 2.53000000e+00  -8.33333334e-03   1.00000000e+00   3.09106153e-02   3.47637547e-04   3.27376843e+00   0.00000000e+00
 2.54000000e+00  -8.33333334e-03   1.00000000e+00   3.00965328e-02   3.38795064e-04   3.27376843e+00   0.00000000e+00
 2.55000000e+00  -8.33333334e-03   1.00000000e+00   2.92699886e-02   3.29875053e-04   3.27376843e+00   0.00000000e+00
 2.56000000e+00  -8.33333334e-03   1.00000000e+00   2.84316325e-02   3.20860435e-04   3.27376843e+00   0.00000000e+00
 2.57000000e+00  -8.33333334e-03   1.00000000e+00   2.75820551e-02   3.11731668e-04   3.27376843e+00   0.00000000e+00
 2.58000000e+00  -8.33333334e-03   1.00000000e+00   2.67218339e-02   3.02469153e-04   3.27376843e+00   0.00000000e+00
 2.59000000e+00  -8.33333334e-03   1.00000000e+00   2.58515816e-02   2.93055494e-04   3.27376843e+00   0.00000000e+00
 2.60000000e+00  -8.33333334e-03   1.00000000e+00   2.49719958e-02   2.83477361e-04   3.27376843e+00   0.00000000e+00
 2.61000000e+00  -8.33333334e-03   1.00000000e+00   2.40839039e-02   2.73726835e-04   3.27376843e+00   0.00000000e+00
 2.62000000e+00  -8.33333334e-03   1.00000000e+00   2.31883034e-02   2.63802376e-04   3.27376843e+00   0.00000000e+00
 2.63000000e+00  -8.33333334e-03   1.00000000e+00   2.22863927e-02   2.53709355e-04   3.27376843e+00   0.00000000e+00
 2.64000000e+00  -8.33333334e-03   1.00000000e+00   2.13795900e-02   2.43460363e-04   3.27376843e+00   0.00000000e+00
 2.65000000e+00  -8.33333334e-03   1.00000000e+00   2.04695406e-02   2.33075351e-04   3.27376843e+00   0.00000000e+00
 2.66000000e+00  -8.33333334e-03   1.00000000e+00   1.95581096e-02   2.22581617e-04   3.27376843e+00   0.00000000e+00
 2.67000000e+00  -8.33333334e-03   1.00000000e+00   1.86473614e-02   2.12013577e-04   3.27376843e+00   0.00000000e+00
 2.68000000e+00  -8.33333334e-03   1.00000000e+00   1.77395272e-02   2.01412212e-04   3.27376843e+00   0.00000000e+00
 2.69000000e+00  -8.33333334e-03   1.00000000e+00   1.68369630e-02   1.90824144e-04   3.27376843e+00   0.00000000e+00
 2.70000000e+00  -8.33333334e-03   1.00000000e+00   1.59420994e-02   1.80300183e-04   3.27376843e+00   0.00000000e+00
 2.71000000e+00  -8.33333334e-03   1.00000000e+00   1.50573884e-02   1.69893432e-04   3.27376843e+00   0.00000000e+00
 2.72000000e+00  -8.33333334e-03   1.00000000e+00   1.41852479e-02   1.59657015e-04   3.27376843e+00   0.00000000e+00
 2.73000000e+00  -8.33333334e-03   1.00000000e+00   1.33280092e-02   1.49641670e-04   3.27376843e+00   0.00000000e+00
 2.74000000e+00  -8.33333334e-03   1.00000000e+00   1.24878688e-02   1.39893409e-04   3.27376843e+00   0.00000000e+00
 2.75000000e+00  -8.33333334e-03   1.00000000e+00   1.16668458e-02   1.30451482e-04   3.27376843e+00   0.00000000e+00
 2.76000000e+00  -8.33333334e-03   1.00000000e+00   1.08667482e-02   1.21346877e-04   3.27376843e+00   0.00000000e+00
 2.77000000e+00  -8.33333334e-03   1.00000000e+00   1.00891486e-02   1.12601450e-04   3.27376843e+00   0.00000000e+00
 2.78000000e+00  -8.33333334e-03   1.00000000e+00   9.33537076e-03   1.04227772e-04   3.27376843e+00   0.00000000e+00
 2.79000000e+00  -8.33333334e-03   1.00000000e+00   8.60648813e-03   9.62296129e-05   3.27376843e+00   0.00000000e+00
 2.80000000e+00  -8.33333334e-03   1.00000000e+00   7.90333424e-03   8.86028967e-05   3.27376843e+00   0.00000000e+00
 2.81000000e+00  -8.33333334e-03   1.00000000e+00   7.22652513e-03   8.13370310e-05   3.27376843e+00   0.00000000e+00
 2.82000000e+00  -8.33333334e-03   1.00000000e+00   6.57649238e-03   7.44164186e-05   3.27376843e+00   0.00000000e+00
 2.83000000e+00  -8.33333334e-03   1.00000000e+00   5.95352502e-03   6.78220309e-05   3.27376843e+00   0.00000000e+00
 2.84000000e+00  -8.33333334e-03   1.00000000e+00   5.35781766e-03   6.15329810e-05   3.27376843e+00   0.00000000e+00
 2.85000000e+00  -8.33333334e-03   1.00000000e+00   4.78952173e-03   5.55280758e-05   3.27376843e+00   0.00000000e+00
 2.86000000e+00  -8.33333334e-03   1.00000000e+00   4.24879648e-03   4.97873508e-05   3.27376843e+00   0.00000000e+00
 2.87000000e+00  -8.33333334e-03   1.00000000e+00   3.73585651e-03   4.42936037e-05   3.27376843e+00   0.00000000e+00
 2.88000000e+00  -8.33333334e-03   1.00000000e+00   3.25101268e-03   3.90338879e-05   3.27376843e+00   0.00000000e+00
 2.89000000e+00  -8.33333334e-03   1.00000000e+00   2.79470389e-03   3.40008997e-05   3.27376843e+00   0.00000000e+00
 2.90000000e+00  -8.33333334e-03   1.00000000e+00   2.36751812e-03   2.91941465e-05   3.27376843e+00   0.00000000e+00
 2.91000000e+00  -8.33333334e-03   1.00000000e+00   1.97020161e-03   2.46207560e-05   3.27376843e+00   0.00000000e+00
 2.92000000e+00  -8.33333334e-03   1.00000000e+00   1.60365606e-03   2.02957961e-05   3.27376843e+00   0.00000000e+00
 2.93000000e+00  -8.33333334e-03   1.00000000e+00   1.26892421e-03   1.62420041e-05   3.27376843e+00   0.00000000e+00
 2.94000000e+00  -8.33333334e-03   1.00000000e+00   9.67164739e-04   1.24889002e-05   3.27376843e+00   0.00000000e+00
 2.95000000e+00  -8.33333334e-03   1.00000000e+00   6.99617884e-04   9.07133033e-06   3.27376843e+00   0.00000000e+00
 2.96000000e+00  -8.33333334e-03   1.00000000e+00   4.67563464e-04   6.02756056e-06   3.27376843e+00   0.00000000e+00
 2.97000000e+00  -8.33333334e-03   1.00000000e+00   2.72273375e-04   3.39710380e-06   3.27376843e+00   0.00000000e+00
 2.98000000e+00  -8.33333334e-03   1.00000000e+00   1.14960897e-04   1.21847826e-06   3.27376843e+00   0.00000000e+00
 2.99000000e+00  -8.33333334e-03   1.00000000e+00  -3.27063044e-06  -4.72912876e-07   3.27376843e+00   0.00000000e+00
 3.00000000e+00  -8.33333334e-03   1.00000000e+00  -8.14768978e-05  -1.64662277e-06   3.27376843e+00   0.00000000e+00
 3.01000000e+00  -8.33333334e-03   1.00000000e+00  -1.18916656e-04  -2.27862598e-06   3.27376843e+00   0.00000000e+00
 3.02000000e+00  -8.33333334e-03   1.00000000e+00  -1.15087985e-04  -2.35237030e-06   3.27376843e+00   0.00000000e+00
 3.03000000e+00  -8.33333334e-03   1.00000000e+00  -6.97546036e-05  -1.85943399e-06   3.27376843e+00   0.00000000e+00
 3.04000000e+00  -8.33333334e-03   1.00000000e+00   1.70399043e-05  -7.99786505e-07   3.27376843e+00   0.00000000e+00
 3.05000000e+00  -8.33333334e-03   1.00000000e+00   1.44970253e-04   8.18246909e-07   3.27376843e+00   0.00000000e+00
 3.06000000e+00  -8.33333334e-03   1.00000000e+00   3.13440539e-04   2.97833292e-06   3.27376843e+00   0.00000000e+00
 3.07000000e+00  -8.33333334e-03   1.00000000e+00   5.21607422e-04   5.65678402e-06   3.27376843e+00   0.00000000e+00
 3.08000000e+00  -8.33333334e-03   1.00000000e+00   7.68413900e-04   8.82352589e-06   3.27376843e+00   0.00000000e+00
 3.09000000e+00  -8.33333334e-03   1.00000000e+00   1.05263144e-03   1.24433815e-05   3.27376843e+00   0.00000000e+00
 3.10000000e+00  -8.33333334e-03   1.00000000e+00   1.37290792e-03   1.64776637e-05   3.27376843e+00   0.00000000e+00
 3.11000000e+00  -8.33333334e-03   1.00000000e+00   1.72781858e-03   2.08860315e-05   3.27376843e+00   0.00000000e+00
 3.12000000e+00  -8.33333334e-03   1.00000000e+00   2.11591722e-03   2.56285156e-05   3.27376843e+00   0.00000000e+00
 3.13000000e+00  -8.33333334e-03   1.00000000e+00   2.53578491e-03   3.06675772e-05   3.27376843e+00   0.00000000e+00
 3.14000000e+00  -8.33333334e-03   1.00000000e+00   2.98607380e-03   3.59700291e-05   3.27376843e+00   0.00000000e+00
 3.15000000e+00  -8.33333334e-03   1.00000000e+00   3.46554364e-03   4.15086582e-05   3.27376843e+00   0.00000000e+00
 3.16000000e+00  -8.33333334e-03   1.00000000e+00   3.97308948e-03   4.72634024e-05   3.27376843e+00   0.00000000e+00
 3.17000000e+00  -8.33333334e-03   1.00000000e+00   4.50775889e-03   5.32219844e-05   3.27376843e+00   0.00000000e+00
 3.18000000e+00  -8.33333334e-03   1.00000000e+00   5.06875772e-03   5.93799651e-05   3.27376843e+00   0.00000000e+00
 3.19000000e+00  -8.33333334e-03   1.00000000e+00   5.65544420e-03   6.57402438e-05   3.27376843e+00   0.00000000e+00
 3.20000000e+00  -8.33333334e-03   1.00000000e+00   6.26731139e-03   7.23120857e-05   3.27376843e+00   0.00000000e+00
 3.21000000e+00  -8.33333334e-03   1.00000000e+00   6.90395906e-03   7.91097784e-05   3.27376843e+00   0.00000000e+00
 3.22000000e+00  -8.33333334e-03   1.00000000e+00   7.56505641e-03   8.61510475e-05   3.27376843e+00   0.00000000e+00
 3.23000000e+00  -8.33333334e-03   1.00000000e+00   8.25029832e-03   9.34553666e-05   3.27376843e+00   0.00000000e+00
 3.24000000e+00  -8.33333334e-03   1.00000000e+00   8.95935727e-03   1.01042214e-04   3.27376843e+00   0.00000000e+00
 3.25000000e+00  -8.33333334e-03   1.00000000e+00   9.69183440e-03   1.08929378e-04   3.27376843e+00   0.00000000e+00
 3.26000000e+00  -8.33333334e-03   1.00000000e+00   1.04472123e-02   1.17131322e-04   3.27376843e+00   0.00000000e+00
 3.27000000e+00  -8.33333334e-03   1.00000000e+00   1.12248130e-02   1.25657716e-04   3.27376843e+00   0.00000000e+00
 3.28000000e+00  -8.33333334e-03   1.00000000e+00   1.20237636e-02   1.34512133e-04   3.27376843e+00   0.00000000e+00
 3.29000000e+00  -8.33333334e-03   1.00000000e+00   1.28429709e-02   1.43690962e-04   3.27376843e+00   0.00000000e+00
 3.30000000e+00  -8.33333334e-03   1.00000000e+00   1.36811076e-02   1.53182666e-04   3.27376843e+00   0.00000000e+00
 3.31000000e+00  -8.33333334e-03   1.00000000e+00   1.45366097e-02   1.62967395e-04   3.27376843e+00   0.00000000e+00
 3.32000000e+00  -8.33333334e-03   1.00000000e+00   1.54076860e-02   1.73017083e-04   3.27376843e+00   0.00000000e+00
 3.33000000e+00  -8.33333334e-03   1.00000000e+00   1.62923386e-02   1.83296037e-04   3.27376843e+00   0.00000000e+00
 3.34000000e+00  -8.33333334e-03   1.00000000e+00   1.71883940e-02   1.93761985e-04   3.27376843e+00   0.00000000e+00
 3.35000000e+00  -8.33333334e-03   1.00000000e+00   1.80935426e-02   2.04367598e-04   3.27376843e+00   0.00000000e+00
 3.36000000e+00  -8.33333334e-03   1.00000000e+00   1.90053847e-02   2.15062347e-04   3.27376843e+00   0.00000000e+00
 3.37000000e+00  -8.33333334e-03   1.00000000e+00   1.99214816e-02   2.25794553e-04   3.27376843e+00   0.00000000e+00
 3.38000000e+00  -8.33333334e-03   1.00000000e+00   2.08394076e-02   2.36513480e-04   3.27376843e+00   0.00000000e+00
 3.39000000e+00  -8.33333334e-03   1.00000000e+00   2.17568016e-02   2.47171321e-04   3.27376843e+00   0.00000000e+00
 3.40000000e+00  -8.33333334e-03   1.00000000e+00   2.26714145e-02   2.57724944e-04   3.27376843e+00   0.00000000e+00
 3.41000000e+00  -8.33333334e-03   1.00000000e+00   2.35811505e-02   2.68137288e-04   3.27376843e+00   0.00000000e+00
 3.42000000e+00  -8.33333334e-03   1.00000000e+00   2.44840995e-02   2.78378373e-04   3.27376843e+00   0.00000000e+00
 3.43000000e+00  -8.33333334e-03   1.00000000e+00   2.53785592e-02   2.88425877e-04   3.27376843e+00   0.00000000e+00
 3.44000000e+00  -8.33333334e-03   1.00000000e+00   2.62630452e-02   2.98265311e-04   3.27376843e+00   0.00000000e+00
 3.45000000e+00  -8.33333334e-03   1.00000000e+00   2.71362888e-02   3.07889802e-04   3.27376843e+00   0.00000000e+00
 3.46000000e+00  -8.33333334e-03   1.00000000e+00   2.79972241e-02   3.17299524e-04   3.27376843e+00   0.00000000e+00
 3.47000000e+00  -8.33333334e-03   1.00000000e+00   2.88449625e-02   3.26500796e-04   3.27376843e+00   0.00000000e+00
 3.48000000e+00  -8.33333334e-03   1.00000000e+00   2.96787601e-02   3.35504889e-04   3.27376843e+00   0.00000000e+00
 3.49000000e+00  -8.33333334e-03   1.00000000e+00   3.04979765e-02   3.44326571e-04   3.27376843e+00   0.00000000e+00
 3.50000000e+00  -8.33333334e-03   1.00000000e+00   3.13020301e-02   3.52982444e-04   3.27376843e+00   0.00000000e+00
 3.51000000e+00  -8.33333334e-03   1.00000000e+00   3.20903515e-02   3.61489145e-04   3.27376843e+00   0.00000000e+00
 3.52000000e+00  -8.33333334e-03   1.00000000e+00   3.28623380e-02   3.69861493e-04   3.27376843e+00   0.00000000e+00
 3.53000000e+00  -8.33333334e-03   1.00000000e+00   3.36173111e-02   3.78110718e-04   3.27376843e+00   0.00000000e+00
 3.54000000e+00  -8.33333334e-03   1.00000000e+00   3.43544812e-02   3.86242895e-04   3.27376843e+00   0.00000000e+00
 3.55000000e+00  -8.33333334e-03   1.00000000e+00   3.50729188e-02   3.94257632e-04   3.27376843e+00   0.00000000e+00
 3.56000000e+00  -8.33333334e-03   1.00000000e+00   3.57715366e-02   4.02147252e-04   3.27376843e+00   0.00000000e+00
 3.57000000e+00  -8.33333334e-03   1.00000000e+00   3.64490826e-02   4.09896460e-04   3.27376843e+00   0.00000000e+00
 3.58000000e+00  -8.33333334e-03   1.00000000e+00   3.71041444e-02   4.17482517e-04   3.27376843e+00   0.00000000e+00
 3.59000000e+00  -8.33333334e-03   1.00000000e+00   3.77351643e-02   4.24875837e-04   3.27376843e+00   0.00000000e+00
 3.60000000e+00  -8.33333334e-03   1.00000000e+00   3.83404660e-02   4.32041112e-04   3.27376843e+00   0.00000000e+00
 3.61000000e+00  -8.33333334e-03   1.00000000e+00   3.89182910e-02   4.38938759e-04   3.27376843e+00   0.00000000e+00
 3.62000000e+00  -8.33333334e-03   1.00000000e+00   3.94668412e-02   4.45526578e-04   3.27376843e+00   0.00000000e+00
 3.63000000e+00  -8.33333334e-03   1.00000000e+00   3.99843279e-02   4.51761519e-04   3.27376843e+00   0.00000000e+00
 3.64000000e+00  -8.33333334e-03   1.00000000e+00   4.04690225e-02   4.57601572e-04   3.27376843e+00   0.00000000e+00
 3.65000000e+00  -8.33333334e-03   1.00000000e+00   4.09193065e-02   4.63007457e-04   3.27376843e+00   0.00000000e+00
 3.66000000e+00  -8.33333334e-03   1.00000000e+00   4.13337183e-02   4.67944274e-04   3.27376843e+00   0.00000000e+00
 3.67000000e+00  -8.33333334e-03   1.00000000e+00   4.17109939e-02   4.72382914e-04   3.27376843e+00   0.00000000e+00
 3.68000000e+00  -8.33333334e-03   1.00000000e+00   4.20501004e-02   4.76301279e-04   3.27376843e+00   0.00000000e+00
 3.69000000e+00  -8.33333334e-03   1.00000000e+00   4.23502575e-02   4.79685064e-04   3.27376843e+00   0.00000000e+00
 3.70000000e+00  -8.33333334e-03   1.00000000e+00   4.26109494e-02   4.82528253e-04   3.27376843e+00   0.00000000e+00
 3.71000000e+00  -8.33333334e-03   1.00000000e+00   4.28319250e-02   4.84833228e-04   3.27376843e+00   0.00000000e+00
 3.72000000e+00  -8.33333334e-03   1.00000000e+00   4.30131867e-02   4.86610445e-04   3.27376843e+00   0.00000000e+00
 3.73000000e+00  -8.33333334e-03   1.00000000e+00   4.31549684e-02   4.87877628e-04   3.27376843e+00   0.00000000e+00
 3.74000000e+00  -8.33333334e-03   1.00000000e+00   4.32577034e-02   4.88658561e-04   3.27376843e+00   0.00000000e+00
 3.75000000e+00  -8.33333334e-03   1.00000000e+00   4.33219853e-02   4.88981554e-04   3.27376843e+00   0.00000000e+00
 3.76000000e+00  -8.33333334e-03   1.00000000e+00   4.33485364e-02   4.88878791e-04   3.27376843e+00   0.00000000e+00
 3.77000000e+00  -8.33333334e-03   1.00000000e+00   4.33381289e-02   4.88381470e-04   3.27376843e+00   0.00000000e+00
 3.78000000e+00  -8.33333334e-03   1.00000000e+00   4.32915543e-02   4.87519696e-04   3.27376843e+00   0.00000000e+00
 3.79000000e+00  -8.33333334e-03   1.00000000e+00   4.32095808e-02   4.86321158e-04   3.27376843e+00   0.00000000e+00
 3.80000000e+00  -8.33333334e-03   1.00000000e+00   4.30929131e-02   4.84809227e-04   3.27376843e+00   0.00000000e+00
 3.81000000e+00  -8.33333334e-03   1.00000000e+00   4.29421579e-02   4.83001672e-04   3.27376843e+00   0.00000000e+00
 3.82000000e+00  -8.33333334e-03   1.00000000e+00   4.27577984e-02   4.80909745e-04   3.27376843e+00   0.00000000e+00
 3.83000000e+00  -8.33333334e-03   1.00000000e+00   4.25401815e-02   4.78537836e-04   3.27376843e+00   0.00000000e+00
 3.84000000e+00  -8.33333334e-03   1.00000000e+00   4.22895161e-02   4.75883516e-04   3.27376843e+00   0.00000000e+00
 3.85000000e+00  -8.33333334e-03   1.00000000e+00   4.20058828e-02   4.72938000e-04   3.27376843e+00   0.00000000e+00
 3.86000000e+00  -8.33333334e-03   1.00000000e+00   4.16892548e-02   4.69686862e-04   3.27376843e+00   0.00000000e+00
 3.87000000e+00  -8.33333334e-03   1.00000000e+00   4.13395272e-02   4.66111110e-04   3.27376843e+00   0.00000000e+00
 3.88000000e+00  -8.33333334e-03   1.00000000e+00   4.09565545e-02   4.62188561e-04   3.27376843e+00   0.00000000e+00
 3.89000000e+00  -8.33333334e-03   1.00000000e+00   4.05401939e-02   4.57895410e-04   3.27376843e+00   0.00000000e+00
 3.90000000e+00  -8.33333334e-03   1.00000000e+00   4.00903507e-02   4.53207953e-04   3.27376843e+00   0.00000000e+00
 3.91000000e+00  -8.33333334e-03   1.00000000e+00   3.96070253e-02   4.48104389e-04   3.27376843e+00   0.00000000e+00
 3.92000000e+00  -8.33333334e-03   1.00000000e+00   3.90903574e-02   4.42566602e-04   3.27376843e+00   0.00000000e+00
 3.93000000e+00  -8.33333334e-03   1.00000000e+00   3.85406665e-02   4.36581828e-04   3.27376843e+00   0.00000000e+00
 3.94000000e+00  -8.33333334e-03   1.00000000e+00   3.79584838e-02   4.30144048e-04   3.27376843e+00   0.00000000e+00
 3.95000000e+00  -8.33333334e-03   1.00000000e+00   3.73445762e-02   4.23254993e-04   3.27376843e+00   0.00000000e+00
 3.96000000e+00  -8.33333334e-03   1.00000000e+00   3.66999575e-02   4.15924685e-04   3.27376843e+00   0.00000000e+00
 3.97000000e+00  -8.33333334e-03   1.00000000e+00   3.60258887e-02   4.08171396e-04   3.27376843e+00   0.00000000e+00
 3.98000000e+00  -8.33333334e-03   1.00000000e+00   3.53238669e-02   4.00021258e-04   3.27376843e+00   0.00000000e+00
 3.99000000e+00  -8.33333334e-03   1.00000000e+00   3.45956038e-02   3.91507363e-04   3.27376843e+00   0.00000000e+00
 4.00000000e+00  -8.33333334e-03   1.00000000e+00   3.38429952e-02   3.82668643e-04   3.27376843e+00   0.00000000e+00
 4.01000000e+00  -8.33333334e-03   1.00000000e+00   3.30680825e-02   3.73548393e-04   3.27376843e+00   0.00000000e+00
 4.02000000e+00  -8.33333334e-03   1.00000000e+00   3.22730076e-02   3.64192621e-04   3.27376843e+00   0.00000000e+00
 4.03000000e+00  -8.33333334e-03   1.00000000e+00   3.14599643e-02   3.54648300e-04   3.27376843e+00   0.00000000e+00
 4.04000000e+00  -8.33333334e-03   1.00000000e+00   3.06311491e-02   3.44961581e-04   3.27376843e+00   0.00000000e+00
 4.05000000e+00  -8.33333334e-03   1.00000000e+00   2.97887125e-02   3.35176104e-04   3.27376843e+00   0.00000000e+00
 4.06000000e+00  -8.33333334e-03   1.00000000e+00   2.89347148e-02   3.25331400e-04   3.27376843e+00   0.00000000e+00
 4.07000000e+00  -8.33333334e-03   1.00000000e+00   2.80710891e-02   3.15461613e-04   3.27376843e+00   0.00000000e+00
 4.08000000e+00  -8.33333334e-03   1.00000000e+00   2.71996132e-02   3.05594513e-04   3.27376843e+00   0.00000000e+00
 4.09000000e+00  -8.33333334e-03   1.00000000e+00   2.63218902e-02   2.95750774e-04   3.27376843e+00   0.00000000e+00
 4.10000000e+00  -8.33333334e-03   1.00000000e+00   2.54393412e-02   2.85943719e-04   3.27376843e+00   0.00000000e+00
 4.11000000e+00  -8.33333334e-03   1.00000000e+00   2.45532093e-02   2.76179488e-04   3.27376843e+00   0.00000000e+00
 4.12000000e+00  -8.33333334e-03   1.00000000e+00   2.36645741e-02   2.66457562e-04   3.27376843e+00   0.00000000e+00
 4.13000000e+00  -8.33333334e-03   1.00000000e+00   2.27743760e-02   2.56771779e-04   3.27376843e+00   0.00000000e+00
 4.14000000e+00  -8.33333334e-03   1.00000000e+00   2.18834501e-02   2.47111703e-04   3.27376843e+00   0.00000000e+00
 4.15000000e+00  -8.33333334e-03   1.00000000e+00   2.09925653e-02   2.37464197e-04   3.27376843e+00   0.00000000e+00
 4.16000000e+00  -8.33333334e-03   1.00000000e+00   2.01024672e-02   2.27815228e-04   3.27376843e+00   0.00000000e+00
 4.17000000e+00  -8.33333334e-03   1.00000000e+00   1.92139229e-02   2.18151686e-04   3.27376843e+00   0.00000000e+00
 4.18000000e+00  -8.33333334e-03   1.00000000e+00   1.83277633e-02   2.08463115e-04   3.27376843e+00   0.00000000e+00
 4.19000000e+00  -8.33333334e-03   1.00000000e+00   1.74449218e-02   1.98743265e-04   3.27376843e+00   0.00000000e+00
 4.20000000e+00  -8.33333334e-03   1.00000000e+00   1.65664669e-02   1.88991383e-04   3.27376843e+00   0.00000000e+00
 4.21000000e+00  -8.33333334e-03   1.00000000e+00   1.56936261e-02   1.79213164e-04   3.27376843e+00   0.00000000e+00
 4.22000000e+00  -8.33333334e-03   1.00000000e+00   1.48278007e-02   1.69421324e-04   3.27376843e+00   0.00000000e+00
 4.23000000e+00  -8.33333334e-03   1.00000000e+00   1.39705704e-02   1.59635804e-04   3.27376843e+00   0.00000000e+00
 4.24000000e+00  -8.33333334e-03   1.00000000e+00   1.31236854e-02   1.49883531e-04   3.27376843e+00   0.00000000e+00
 4.25000000e+00  -8.33333334e-03   1.00000000e+00   1.22890492e-02   1.40197796e-04   3.27376843e+00   0.00000000e+00
 4.26000000e+00  -8.33333334e-03   1.00000000e+00   1.14686906e-02   1.30617284e-04   3.27376843e+00   0.00000000e+00
 4.27000000e+00  -8.33333334e-03   1.00000000e+00   1.06647272e-02   1.21184796e-04   3.27376843e+00   0.00000000e+00
 4.28000000e+00  -8.33333334e-03   1.00000000e+00   9.87932248e-03   1.11945736e-04   3.27376843e+00   0.00000000e+00
 4.29000000e+00  -8.33333334e-03   1.00000000e+00   9.11463853e-03   1.02946403e-04   3.27376843e+00   0.00000000e+00
 4.30000000e+00  -8.33333334e-03   1.00000000e+00   8.37278690e-03   9.42322089e-05   3.27376843e+00   0.00000000e+00
 4.31000000e+00  -8.33333334e-03   1.00000000e+00   7.65578048e-03   8.58459031e-05   3.27376843e+00   0.00000000e+00
 4.32000000e+00  -8.33333334e-03   1.00000000e+00   6.96548908e-03   7.78259163e-05   3.27376843e+00   0.00000000e+00
 4.33000000e+00  -8.33333334e-03   1.00000000e+00   6.30360093e-03   7.02049121e-05   3.27376843e+00   0.00000000e+00
 4.34000000e+00  -8.33333334e-03   1.00000000e+00   5.67159244e-03   6.30086434e-05   3.27376843e+00   0.00000000e+00
 4.35000000e+00  -8.33333334e-03   1.00000000e+00   5.07070749e-03   5.62551881e-05   3.27376843e+00   0.00000000e+00
 4.36000000e+00  -8.33333334e-03   1.00000000e+00   4.50194761e-03   4.99546091e-05   3.27376843e+00   0.00000000e+00
 4.37000000e+00  -8.33333334e-03   1.00000000e+00   3.96607311e-03   4.41090587e-05   3.27376843e+00   0.00000000e+00
 4.38000000e+00  -8.33333334e-03   1.00000000e+00   3.46361515e-03   3.87133107e-05   3.27376843e+00   0.00000000e+00
 4.39000000e+00  -8.33333334e-03   1.00000000e+00   2.99489778e-03   3.37556828e-05   3.27376843e+00   0.00000000e+00
 4.40000000e+00  -8.33333334e-03   1.00000000e+00   2.56006868e-03   2.92192844e-05   3.27376843e+00   0.00000000e+00
 4.41000000e+00  -8.33333334e-03   1.00000000e+00   2.15913673e-03   2.50835103e-05   3.27376843e+00   0.00000000e+00
 4.42000000e+00  -8.33333334e-03   1.00000000e+00   1.79201433e-03   2.13256974e-05   3.27376843e+00   0.00000000e+00
 4.43000000e+00  -8.33333334e-03   1.00000000e+00   1.45856197e-03   1.79228429e-05   3.27376843e+00   0.00000000e+00
 4.44000000e+00  -8.33333334e-03   1.00000000e+00   1.15863254e-03   1.48532924e-05   3.27376843e+00   0.00000000e+00
 4.45000000e+00  -8.33333334e-03   1.00000000e+00   8.92112702e-04   1.20983117e-05   3.27376843e+00   0.00000000e+00
 4.46000000e+00  -8.33333334e-03   1.00000000e+00   6.58959067e-04   9.64345701e-06   3.27376843e+00   0.00000000e+00
 4.47000000e+00  -8.33333334e-03   1.00000000e+00   4.59226918e-04   7.47967308e-06   3.27376843e+00   0.00000000e+00
 4.48000000e+00  -8.33333334e-03   1.00000000e+00   2.93089839e-04   5.60405764e-06   3.27376843e+00   0.00000000e+00
 4.49000000e+00  -8.33333334e-03   1.00000000e+00   1.60849090e-04   4.02025159e-06   3.27376843e+00   0.00000000e+00
 4.50000000e+00  -8.33333334e-03   1.00000000e+00   6.29321067e-05   2.73842262e-06   3.27376843e+00   0.00000000e+00
 4.51000000e+00  -8.33333334e-03   1.00000000e+00  -1.19773992e-07   1.77483931e-06   3.27376843e+00   0.00000000e+00
 4.52000000e+00  -8.33333334e-03   1.00000000e+00  -2.76736353e-05   1.15105561e-06   3.27376843e+00   0.00000000e+00
 4.53000000e+00  -8.33333334e-03   1.00000000e+00  -1.90361029e-05   8.92742139e-07   3.27376843e+00   0.00000000e+00
 4.54000000e+00  -8.33333334e-03   1.00000000e+00   2.65085268e-05   1.02822956e-06   3.27376843e+00   0.00000000e+00
 4.55000000e+00  -8.33333334e-03   1.00000000e+00   1.09655560e-04   1.58686877e-06   3.27376843e+00   0.00000000e+00
 4.56000000e+00  -8.33333334e-03   1.00000000e+00   2.31034689e-04   2.59727321e-06   3.27376843e+00   0.00000000e+00
 4.57000000e+00  -8.33333334e-03   1.00000000e+00   3.91165066e-04   4.08557043e-06   3.27376843e+00   0.00000000e+00
 4.58000000e+00  -8.33333334e-03   1.00000000e+00   5.90413209e-04   6.07376994e-06   3.27376843e+00   0.00000000e+00
 4.59000000e+00  -8.33333334e-03   1.00000000e+00   8.28956061e-04   8.57833509e-06   3.27376843e+00   0.00000000e+00
 4.60000000e+00  -8.33333334e-03   1.00000000e+00   1.10675126e-03   1.16090396e-05   3.27376843e+00   0.00000000e+00
 4.61000000e+00  -8.33333334e-03   1.00000000e+00   1.42351636e-03   1.51681752e-05   3.27376843e+00   0.00000000e+00
 4.62000000e+00  -8.33333334e-03   1.00000000e+00   1.77871818e-03   1.92501490e-05   3.27376843e+00   0.00000000e+00
 4.63000000e+00  -8.33333334e-03   1.00000000e+00   2.17157288e-03   2.38414829e-05   3.27376843e+00   0.00000000e+00
 4.64000000e+00  -8.33333334e-03   1.00000000e+00   2.60105692e-03   2.89212189e-05   3.27376843e+00   0.00000000e+00
 4.65000000e+00  -8.33333334e-03   1.00000000e+00   3.06592832e-03   3.44617031e-05   3.27376843e+00   0.00000000e+00
 4.66000000e+00  -8.33333334e-03   1.00000000e+00   3.56475699e-03   4.04296937e-05   3.27376843e+00   0.00000000e+00
 4.67000000e+00  -8.33333334e-03   1.00000000e+00   4.09596270e-03   4.67877538e-05   3.27376843e+00   0.00000000e+00
 4.68000000e+00  -8.33333334e-03   1.00000000e+00   4.65785827e-03   5.34958327e-05   3.27376843e+00   0.00000000e+00
 4.69000000e+00  -8.33333334e-03   1.00000000e+00   5.24869607e-03   6.05129752e-05   3.27376843e+00   0.00000000e+00
 4.70000000e+00  -8.33333334e-03   1.00000000e+00   5.86671464e-03   6.77990396e-05   3.27376843e+00   0.00000000e+00
 4.71000000e+00  -8.33333334e-03   1.00000000e+00   6.51018349e-03   7.53163592e-05   3.27376843e+00   0.00000000e+00
 4.72000000e+00  -8.33333334e-03   1.00000000e+00   7.17744302e-03   8.30312205e-05   3.27376843e+00   0.00000000e+00
 4.73000000e+00  -8.33333334e-03   1.00000000e+00   7.86693795e-03   9.09151092e-05   3.27376843e+00   0.00000000e+00
 4.74000000e+00  -8.33333334e-03   1.00000000e+00   8.57724206e-03   9.89456152e-05   3.27376843e+00   0.00000000e+00
 4.75000000e+00  -8.33333334e-03   1.00000000e+00   9.30707309e-03   1.07106957e-04   3.27376843e+00   0.00000000e+00
 4.76000000e+00  -8.33333334e-03   1.00000000e+00   1.00552974e-02   1.15390123e-04   3.27376843e+00   0.00000000e+00
 4.77000000e+00  -8.33333334e-03   1.00000000e+00   1.08209240e-02   1.23792565e-04   3.27376843e+00   0.00000000e+00
 4.78000000e+00  -8.33333334e-03   1.00000000e+00   1.16030880e-02   1.32317513e-04   3.27376843e+00   0.00000000e+00
 4.79000000e+00  -8.33333334e-03   1.00000000e+00   1.24010259e-02   1.40972936e-04   3.27376843e+00   0.00000000e+00
 4.80000000e+00  -8.33333334e-03   1.00000000e+00   1.32140427e-02   1.49770214e-04   3.27376843e+00   0.00000000e+00
 4.81000000e+00  -8.33333334e-03   1.00000000e+00   1.40414739e-02   1.58722614e-04   3.27376843e+00   0.00000000e+00
 4.82000000e+00  -8.33333334e-03   1.00000000e+00   1.48826439e-02   1.67843637e-04   3.27376843e+00   0.00000000e+00
 4.83000000e+00  -8.33333334e-03   1.00000000e+00   1.57368242e-02   1.77145353e-04   3.27376843e+00   0.00000000e+00
 4.84000000e+00  -8.33333334e-03   1.00000000e+00   1.66031932e-02   1.86636824e-04   3.27376843e+00   0.00000000e+00
 4.85000000e+00  -8.33333334e-03   1.00000000e+00   1.74807994e-02   1.96322642e-04   3.27376843e+00   0.00000000e+00
 4.86000000e+00  -8.33333334e-03   1.00000000e+00   1.83685323e-02   2.06201759e-04   3.27376843e+00   0.00000000e+00
 4.87000000e+00  -8.33333334e-03   1.00000000e+00   1.92651007e-02   2.16266627e-04   3.27376843e+00   0.00000000e+00
 4.88000000e+00  -8.33333334e-03   1.00000000e+00   2.01690207e-02   2.26502634e-04   3.27376843e+00   0.00000000e+00
 4.89000000e+00  -8.33333334e-03   1.00000000e+00   2.10786146e-02   2.36888006e-04   3.27376843e+00   0.00000000e+00
 4.90000000e+00  -8.33333334e-03   1.00000000e+00   2.19920195e-02   2.47394039e-04   3.27376843e+00   0.00000000e+00
 4.91000000e+00  -8.33333334e-03   1.00000000e+00   2.29072073e-02   2.57985767e-04   3.27376843e+00   0.00000000e+00
 4.92000000e+00  -8.33333334e-03   1.00000000e+00   2.38220132e-02   2.68622994e-04   3.27376843e+00   0.00000000e+00
 4.93000000e+00  -8.33333334e-03   1.00000000e+00   2.47341721e-02   2.79261555e-04   3.27376843e+00   0.00000000e+00
 4.94000000e+00  -8.33333334e-03   1.00000000e+00   2.56413612e-02   2.89854876e-04   3.27376843e+00   0.00000000e+00
 4.95000000e+00  -8.33333334e-03   1.00000000e+00   2.65412455e-02   3.00355663e-04   3.27376843e+00   0.00000000e+00
 4.96000000e+00  -8.33333334e-03   1.00000000e+00   2.74315249e-02   3.10717627e-04   3.27376843e+00   0.00000000e+00
 4.97000000e+00  -8.33333334e-03   1.00000000e+00   2.83099798e-02   3.20897158e-04   3.27376843e+00   0.00000000e+00
 4.98000000e+00  -8.33333334e-03   1.00000000e+00   2.91745131e-02   3.30854852e-04   3.27376843e+00   0.00000000e+00
 4.99000000e+00  -8.33333334e-03   1.00000000e+00   3.00231852e-02   3.40556805e-04   3.27376843e+00   0.00000000e+00
 5.00000000e+00  -8.33333334e-03   1.00000000e+00   3.08542426e-02   3.49975603e-04   3.27376843e+00   0.00000000e+00