  Time  Coordinate0  Coordinate1  Displacement0  Displacement1  Force0  Force1
 1.00000000e-02   0.00000000e+00   1.00000000e+00   9.92036873e-06   7.23549992e-07  -2.44594545e-02   0.00000000e+00
 2.00000000e-02   0.00000000e+00   1.00000000e+00   4.61888151e-05   1.88090591e-06  -2.44594545e-02   0.00000000e+00
 3.00000000e-02   0.00000000e+00   1.00000000e+00   1.15924642e-04   2.48295464e-06  -2.44594545e-02   0.00000000e+00
 4.00000000e-02   0.00000000e+00   1.00000000e+00   2.19322173e-04   2.84670480e-06  -2.44594545e-02   0.00000000e+00
 5.00000000e-02   0.00000000e+00   1.00000000e+00   3.56139205e-04   3.27682530e-06  -2.44594545e-02   0.00000000e+00
 6.00000000e-02   0.00000000e+00   1.00000000e+00   5.26179183e-04   3.75571003e-06  -2.44594545e-02   0.00000000e+00
 7.00000000e-02   0.00000000e+00   1.00000000e+00   7.29537774e-04   3.78118969e-06  -2.44594545e-02   0.00000000e+00
 8.00000000e-02   0.00000000e+00   1.00000000e+00   9.67027946e-04   2.94568965e-06  -2.44594545e-02   0.00000000e+00
 9.00000000e-02   0.00000000e+00   1.00000000e+00   1.24064975e-03   1.81709799e-06  -2.44594545e-02   0.00000000e+00
 1.00000000e-01   0.00000000e+00   1.00000000e+00   1.55302102e-03   1.24493456e-06  -2.44594545e-02   0.00000000e+00
 1.10000000e-01   0.00000000e+00   1.00000000e+00   1.90604638e-03   1.33633450e-06  -2.44594545e-02   0.00000000e+00
 1.20000000e-01   0.00000000e+00   1.00000000e+00   2.30004088e-03   1.44909724e-06  -2.44594545e-02   0.00000000e+00
 1.30000000e-01   0.00000000e+00   1.00000000e+00   2.73430741e-03   1.51675663e-06  -2.44594545e-02   0.00000000e+00
 1.40000000e-01   0.00000000e+00   1.00000000e+00   3.20795844e-03   2.15470143e-06  -2.44594545e-02   0.00000000e+00
 1.50000000e-01   0.00000000e+00   1.00000000e+00   3.71971314e-03   3.31265283e-06  -2.44594545e-02   0.00000000e+00
 1.60000000e-01   0.00000000e+00   1.00000000e+00   4.26744225e-03   3.99506640e-06  -2.44594545e-02   0.00000000e+00
 1.70000000e-01   0.00000000e+00   1.00000000e+00   4.84874134e-03   3.72250874e-06  -2.44594545e-02   0.00000000e+00
 1.80000000e-01   0.00000000e+00   1.00000000e+00   5.46199556e-03   3.14082348e-06  -2.44594545e-02   0.00000000e+00
 1.90000000e-01   0.00000000e+00   1.00000000e+00   6.10656178e-03   2.73667784e-06  -2.44594545e-02   0.00000000e+00
 2.00000000e-01   0.00000000e+00   1.00000000e+00   6.78200512e-03   2.24224014e-06  -2.44594545e-02   0.00000000e+00
 2.10000000e-01   0.00000000e+00   1.00000000e+00   7.48729489e-03   1.50009660e-06  -2.44594545e-02   0.00000000e+00
 2.20000000e-01   0.00000000e+00   1.00000000e+00   8.22081795e-03   9.56055595e-07  -2.44594545e-02   0.00000000e+00
 2.30000000e-01   0.00000000e+00   1.00000000e+00   8.98089474e-03   1.15391649e-06  -2.44594545e-02   0.00000000e+00
 2.40000000e-01   0.00000000e+00   1.00000000e+00   9.76553173e-03   2.04343170e-06  -2.44594545e-02   0.00000000e+00
 2.50000000e-01   0.00000000e+00   1.00000000e+00   1.05715523e-02   2.91222549e-06  -2.44594545e-02   0.00000000e+00
 2.60000000e-01   0.00000000e+00   1.00000000e+00   1.13949495e-02   3.29833369e-06  -2.44594545e-02   0.00000000e+00
 2.70000000e-01   0.00000000e+00   1.00000000e+00   1.22325308e-02   3.54296598e-06  -2.44594545e-02   0.00000000e+00
 2.80000000e-01   0.00000000e+00   1.00000000e+00   1.30826769e-02   3.83592906e-06  -2.44594545e-02   0.00000000e+00
 2.90000000e-01   0.00000000e+00   1.00000000e+00   1.39446261e-02   3.63629984e-06  -2.44594545e-02   0.00000000e+00
 3.00000000e-01   0.00000000e+00   1.00000000e+00   1.48179022e-02   2.70970744e-06  -2.44594545e-02   0.00000000e+00
 3.10000000e-01   0.00000000e+00   1.00000000e+00   1.57025077e-02   1.72125231e-06  -2.44594545e-02   0.00000000e+00
 3.20000000e-01   0.00000000e+00   1.00000000e+00   1.65989817e-02   1.32334617e-06  -2.44594545e-02   0.00000000e+00
 3.30000000e-01   0.00000000e+00   1.00000000e+00   1.75079066e-02   1.43408319e-06  -2.44594545e-02   0.00000000e+00
 3.40000000e-01   0.00000000e+00   1.00000000e+00   1.84292195e-02   1.67727489e-06  -2.44594545e-02   0.00000000e+00
 3.50000000e-01   0.00000000e+00   1.00000000e+00   1.93618217e-02   2.04515691e-06  -2.44594545e-02   0.00000000e+00
 3.60000000e-01   0.00000000e+00   1.00000000e+00   2.03039746e-02   2.77495193e-06  -2.44594545e-02   0.00000000e+00
 3.70000000e-01   0.00000000e+00   1.00000000e+00   2.12541639e-02   3.69322559e-06  -2.44594545e-02   0.00000000e+00
 3.80000000e-01   0.00000000e+00   1.00000000e+00   2.22113288e-02   4.16075802e-06  -2.44594545e-02   0.00000000e+00
 3.90000000e-01   0.00000000e+00   1.00000000e+00   2.31744702e-02   3.85312713e-06  -2.44594545e-02   0.00000000e+00
 4.00000000e-01   0.00000000e+00   1.00000000e+00   2.41427967e-02   3.17751012e-06  -2.44594545e-02   0.00000000e+00
 4.10000000e-01   0.00000000e+00   1.00000000e+00   2.51163062e-02   2.62511672e-06  -2.44594545e-02   0.00000000e+00
 4.20000000e-01   0.00000000e+00   1.00000000e+00   2.60955518e-02   2.13588159e-06  -2.44594545e-02   0.00000000e+00
 4.30000000e-01   0.00000000e+00   1.00000000e+00   2.70805203e-02   1.55191407e-06  -2.44594545e-02   0.00000000e+00
 4.40000000e-01   0.00000000e+00   1.00000000e+00   2.80698194e-02   1.24688560e-06  -2.44594545e-02   0.00000000e+00
 4.50000000e-01   0.00000000e+00   1.00000000e+00   2.90608874e-02   1.66486344e-06  -2.44594545e-02   0.00000000e+00
 4.60000000e-01   0.00000000e+00   1.00000000e+00   3.00507247e-02   2.57650201e-06  -2.44594545e-02   0.00000000e+00
 4.70000000e-01   0.00000000e+00   1.00000000e+00   3.10361617e-02   3.36095118e-06  -2.44594545e-02   0.00000000e+00
 4.80000000e-01   0.00000000e+00   1.00000000e+00   3.20136244e-02   3.75799593e-06  -2.44594545e-02   0.00000000e+00
 4.90000000e-01   0.00000000e+00   1.00000000e+00   3.29793821e-02   3.92620290e-06  -2.44594545e-02   0.00000000e+00
 5.00000000e-01   0.00000000e+00   1.00000000e+00   3.39304667e-02   3.92101805e-06  -2.44594545e-02   0.00000000e+00
 5.10000000e-01   0.00000000e+00   1.00000000e+00   3.48651491e-02   3.50613553e-06  -2.44594545e-02   0.00000000e+00
 5.20000000e-01   0.00000000e+00   1.00000000e+00   3.57824283e-02   2.62531232e-06  -2.44594545e-02   0.00000000e+00
 5.30000000e-01   0.00000000e+00   1.00000000e+00   3.66813300e-02   1.76214040e-06  -2.44594545e-02   0.00000000e+00
 5.40000000e-01   0.00000000e+00   1.00000000e+00   3.75607088e-02   1.46043326e-06  -2.44594545e-02   0.00000000e+00
 5.50000000e-01   0.00000000e+00   1.00000000e+00   3.84193015e-02   1.69039255e-06  -2.44594545e-02   0.00000000e+00
 5.60000000e-01   0.00000000e+00   1.00000000e+00   3.92555799e-02   2.09310367e-06  -2.44594545e-02   0.00000000e+00
 5.70000000e-01   0.00000000e+00   1.00000000e+00   4.00675006e-02   2.60390372e-06  -2.44594545e-02   0.00000000e+00
 5.80000000e-01   0.00000000e+00   1.00000000e+00   4.08526465e-02   3.34394778e-06  -2.44594545e-02   0.00000000e+00
 5.90000000e-01   0.00000000e+00   1.00000000e+00   4.16089699e-02   4.07910582e-06  -2.44594545e-02   0.00000000e+00
 6.00000000e-01   0.00000000e+00   1.00000000e+00   4.23355909e-02   4.30732921e-06  -2.44594545e-02   0.00000000e+00
 6.10000000e-01   0.00000000e+00   1.00000000e+00   4.30328336e-02   3.87989832e-06  -2.44594545e-02   0.00000000e+00
 6.20000000e-01   0.00000000e+00   1.00000000e+00   4.37015610e-02   3.16319716e-06  -2.44594545e-02   0.00000000e+00
 6.30000000e-01   0.00000000e+00   1.00000000e+00   4.43427397e-02   2.53688253e-06  -2.44594545e-02   0.00000000e+00
 6.40000000e-01   0.00000000e+00   1.00000000e+00   4.49575378e-02   2.04181606e-06  -2.44594545e-02   0.00000000e+00
 6.50000000e-01   0.00000000e+00   1.00000000e+00   4.55471848e-02   1.65340666e-06  -2.44594545e-02   0.00000000e+00
 6.60000000e-01   0.00000000e+00   1.00000000e+00   4.61122325e-02   1.61013894e-06  -2.44594545e-02   0.00000000e+00
 6.70000000e-01   0.00000000e+00   1.00000000e+00   4.66520052e-02   2.15177463e-06  -2.44594545e-02   0.00000000e+00
 6.80000000e-01   0.00000000e+00   1.00000000e+00   4.71649075e-02   3.05585667e-06  -2.44594545e-02   0.00000000e+00
 6.90000000e-01   0.00000000e+00   1.00000000e+00   4.76491694e-02   3.79071825e-06  -2.44594545e-02   0.00000000e+00
 7.00000000e-01   0.00000000e+00   1.00000000e+00   4.81032588e-02   4.10309776e-06  -2.44594545e-02   0.00000000e+00
 7.10000000e-01   0.00000000e+00   1.00000000e+00   4.85258851e-02   4.11860261e-06  -2.44594545e-02   0.00000000e+00
 7.20000000e-01   0.00000000e+00   1.00000000e+00   4.89160729e-02   3.90025137e-06  -2.44594545e-02   0.00000000e+00
 7.30000000e-01   0.00000000e+00   1.00000000e+00   4.92734185e-02   3.32337078e-06  -2.44594545e-02   0.00000000e+00
 7.40000000e-01   0.00000000e+00   1.00000000e+00   4.95980237e-02   2.46600869e-06  -2.44594545e-02   0.00000000e+00
 7.50000000e-01   0.00000000e+00   1.00000000e+00   4.98898330e-02   1.76507024e-06  -2.44594545e-02   0.00000000e+00
 7.60000000e-01   0.00000000e+00   1.00000000e+00   5.01479342e-02   1.60223400e-06  -2.44594545e-02   0.00000000e+00
 7.70000000e-01   0.00000000e+00   1.00000000e+00   5.03705115e-02   1.93025882e-06  -2.44594545e-02   0.00000000e+00
 7.80000000e-01   0.00000000e+00   1.00000000e+00   5.05553390e-02   2.46457432e-06  -2.44594545e-02   0.00000000e+00
 7.90000000e-01   0.00000000e+00   1.00000000e+00   5.07001898e-02   3.07435292e-06  -2.44594545e-02   0.00000000e+00
 8.00000000e-01   0.00000000e+00   1.00000000e+00   5.08029351e-02   3.74674819e-06  -2.44594545e-02   0.00000000e+00
 8.10000000e-01   0.00000000e+00   1.00000000e+00   5.08617042e-02   4.26844964e-06  -2.44594545e-02   0.00000000e+00
 8.20000000e-01   0.00000000e+00   1.00000000e+00   5.08753951e-02   4.28346042e-06  -2.44594545e-02   0.00000000e+00
 8.30000000e-01   0.00000000e+00   1.00000000e+00   5.08441835e-02   3.73081236e-06  -2.44594545e-02   0.00000000e+00
 8.40000000e-01   0.00000000e+00   1.00000000e+00   5.07694109e-02   2.95812139e-06  -2.44594545e-02   0.00000000e+00
 8.50000000e-01   0.00000000e+00   1.00000000e+00   5.06528722e-02   2.31620220e-06  -2.44594545e-02   0.00000000e+00
 8.60000000e-01   0.00000000e+00   1.00000000e+00   5.04962093e-02   1.88248595e-06  -2.44594545e-02   0.00000000e+00
 8.70000000e-01   0.00000000e+00   1.00000000e+00   5.03007910e-02   1.67311951e-06  -2.44594545e-02   0.00000000e+00
 8.80000000e-01   0.00000000e+00   1.00000000e+00   5.00676963e-02   1.84989639e-06  -2.44594545e-02   0.00000000e+00
 8.90000000e-01   0.00000000e+00   1.00000000e+00   4.97975218e-02   2.49980337e-06  -2.44594545e-02   0.00000000e+00
 9.00000000e-01   0.00000000e+00   1.00000000e+00   4.94903874e-02   3.36074004e-06  -2.44594545e-02   0.00000000e+00
 9.10000000e-01   0.00000000e+00   1.00000000e+00   4.91464724e-02   3.99497549e-06  -2.44594545e-02   0.00000000e+00
 9.20000000e-01   0.00000000e+00   1.00000000e+00   4.87666695e-02   4.19398895e-06  -2.44594545e-02   0.00000000e+00
 9.30000000e-01   0.00000000e+00   1.00000000e+00   4.83527214e-02   4.04172798e-06  -2.44594545e-02   0.00000000e+00
 9.40000000e-01   0.00000000e+00   1.00000000e+00   4.79068281e-02   3.62972964e-06  -2.44594545e-02   0.00000000e+00
 9.50000000e-01   0.00000000e+00   1.00000000e+00   4.74312417e-02   2.95674054e-06  -2.44594545e-02   0.00000000e+00
 9.60000000e-01   0.00000000e+00   1.00000000e+00   4.69281238e-02   2.16464009e-06  -2.44594545e-02   0.00000000e+00
 9.70000000e-01   0.00000000e+00   1.00000000e+00   4.63993891e-02   1.62484041e-06  -2.44594545e-02   0.00000000e+00
 9.80000000e-01   0.00000000e+00   1.00000000e+00   4.58462713e-02   1.61864137e-06  -2.44594545e-02   0.00000000e+00
 9.90000000e-01   0.00000000e+00   1.00000000e+00   4.52688887e-02   2.06467357e-06  -2.44594545e-02   0.00000000e+00
 1.00000000e+00   0.00000000e+00   1.00000000e+00   4.46663295e-02   2.69073728e-06  -2.44594545e-02   0.00000000e+00
 1.01000000e+00   0.00000000e+00   1.00000000e+00   4.40372826e-02   3.33251883e-06  -2.44594545e-02   0.00000000e+00
 1.02000000e+00   0.00000000e+00   1.00000000e+00   4.33806915e-02   3.90483908e-06  -2.44594545e-02   0.00000000e+00
 1.03000000e+00   0.00000000e+00   1.00000000e+00   4.26960335e-02   4.20930367e-06  -2.44594545e-02   0.00000000e+00
 1.04000000e+00   0.00000000e+00   1.00000000e+00   4.19833679e-02   4.01674631e-06  -2.44594545e-02   0.00000000e+00
 1.05000000e+00   0.00000000e+00   1.00000000e+00   4.12434081e-02   3.35826891e-06  -2.44594545e-02   0.00000000e+00
 1.06000000e+00   0.00000000e+00   1.00000000e+00   4.04774942e-02   2.56144422e-06  -2.44594545e-02   0.00000000e+00
 1.07000000e+00   0.00000000e+00   1.00000000e+00   3.96871973e-02   1.94645648e-06  -2.44594545e-02   0.00000000e+00
 1.08000000e+00   0.00000000e+00   1.00000000e+00   3.88737220e-02   1.61845413e-06  -2.44594545e-02   0.00000000e+00
 1.09000000e+00   0.00000000e+00   1.00000000e+00   3.80376433e-02   1.59646087e-06  -2.44594545e-02   0.00000000e+00
 1.10000000e+00   0.00000000e+00   1.00000000e+00   3.71791712e-02   1.95282243e-06  -2.44594545e-02   0.00000000e+00
 1.11000000e+00   0.00000000e+00   1.00000000e+00   3.62985467e-02   2.66845368e-06  -2.44594545e-02   0.00000000e+00
 1.12000000e+00   0.00000000e+00   1.00000000e+00   3.53962149e-02   3.46499937e-06  -2.44594545e-02   0.00000000e+00
 1.13000000e+00   0.00000000e+00   1.00000000e+00   3.44729513e-02   3.96829299e-06  -2.44594545e-02   0.00000000e+00
 1.14000000e+00   0.00000000e+00   1.00000000e+00   3.35302225e-02   4.01841212e-06  -2.44594545e-02   0.00000000e+00
 1.15000000e+00   0.00000000e+00   1.00000000e+00   3.25705675e-02   3.70284803e-06  -2.44594545e-02   0.00000000e+00
 1.16000000e+00   0.00000000e+00   1.00000000e+00   3.15975271e-02   3.14370731e-06  -2.44594545e-02   0.00000000e+00
 1.17000000e+00   0.00000000e+00   1.00000000e+00   3.06150531e-02   2.42567306e-06  -2.44594545e-02   0.00000000e+00
 1.18000000e+00   0.00000000e+00   1.00000000e+00   2.96268339e-02   1.73522149e-06  -2.44594545e-02   0.00000000e+00
 1.19000000e+00   0.00000000e+00   1.00000000e+00   2.86359284e-02   1.37703063e-06  -2.44594545e-02   0.00000000e+00
 1.20000000e+00   0.00000000e+00   1.00000000e+00   2.76446810e-02   1.53436996e-06  -2.44594545e-02   0.00000000e+00
 1.21000000e+00   0.00000000e+00   1.00000000e+00   2.66547061e-02   2.09327175e-06  -2.44594545e-02   0.00000000e+00
 1.22000000e+00   0.00000000e+00   1.00000000e+00   2.56669627e-02   2.78312789e-06  -2.44594545e-02   0.00000000e+00
 1.23000000e+00   0.00000000e+00   1.00000000e+00   2.46820977e-02   3.40761648e-06  -2.44594545e-02   0.00000000e+00
 1.24000000e+00   0.00000000e+00   1.00000000e+00   2.37009782e-02   3.84774243e-06  -2.44594545e-02   0.00000000e+00
 1.25000000e+00   0.00000000e+00   1.00000000e+00   2.27250157e-02   3.94605323e-06  -2.44594545e-02   0.00000000e+00
 1.26000000e+00   0.00000000e+00   1.00000000e+00   2.17560480e-02   3.57688830e-06  -2.44594545e-02   0.00000000e+00
 1.27000000e+00   0.00000000e+00   1.00000000e+00   2.07960051e-02   2.84266708e-06  -2.44594545e-02   0.00000000e+00
 1.28000000e+00   0.00000000e+00   1.00000000e+00   1.98466842e-02   2.06372390e-06  -2.44594545e-02   0.00000000e+00
 1.29000000e+00   0.00000000e+00   1.00000000e+00   1.89096048e-02   1.53016525e-06  -2.44594545e-02   0.00000000e+00
 1.30000000e+00   0.00000000e+00   1.00000000e+00   1.79857257e-02   1.34482995e-06  -2.44594545e-02   0.00000000e+00
 1.31000000e+00   0.00000000e+00   1.00000000e+00   1.70751155e-02   1.50940557e-06  -2.44594545e-02   0.00000000e+00
 1.32000000e+00   0.00000000e+00   1.00000000e+00   1.61769762e-02   2.01653913e-06  -2.44594545e-02   0.00000000e+00
 1.33000000e+00   0.00000000e+00   1.00000000e+00   1.52901726e-02   2.76271976e-06  -2.44594545e-02   0.00000000e+00
 1.34000000e+00   0.00000000e+00   1.00000000e+00   1.44139152e-02   3.46760256e-06  -2.44594545e-02   0.00000000e+00
 1.35000000e+00   0.00000000e+00   1.00000000e+00   1.35481670e-02   3.82107337e-06  -2.44594545e-02   0.00000000e+00
 1.36000000e+00   0.00000000e+00   1.00000000e+00   1.26937257e-02   3.71245416e-06  -2.44594545e-02   0.00000000e+00
 1.37000000e+00   0.00000000e+00   1.00000000e+00   1.18521871e-02   3.24898440e-06  -2.44594545e-02   0.00000000e+00
 1.38000000e+00   0.00000000e+00   1.00000000e+00   1.10258250e-02   2.59189999e-06  -2.44594545e-02   0.00000000e+00
 1.39000000e+00   0.00000000e+00   1.00000000e+00   1.02172520e-02   1.88571727e-06  -2.44594545e-02   0.00000000e+00
 1.40000000e+00   0.00000000e+00   1.00000000e+00   9.42890897e-03   1.33045449e-06  -2.44594545e-02   0.00000000e+00
 1.41000000e+00   0.00000000e+00   1.00000000e+00   8.66269446e-03   1.16505066e-06  -2.44594545e-02   0.00000000e+00
 1.42000000e+00   0.00000000e+00   1.00000000e+00   7.91996275e-03   1.48637021e-06  -2.44594545e-02   0.00000000e+00
 1.43000000e+00   0.00000000e+00   1.00000000e+00   7.20177328e-03   2.14201818e-06  -2.44594545e-02   0.00000000e+00
 1.44000000e+00   0.00000000e+00   1.00000000e+00   6.50913093e-03   2.85839359e-06  -2.44594545e-02   0.00000000e+00
 1.45000000e+00   0.00000000e+00   1.00000000e+00   5.84316595e-03   3.42481434e-06  -2.44594545e-02   0.00000000e+00
 1.46000000e+00   0.00000000e+00   1.00000000e+00   5.20538260e-03   3.71404310e-06  -2.44594545e-02   0.00000000e+00
 1.47000000e+00   0.00000000e+00   1.00000000e+00   4.59793326e-03   3.61978644e-06  -2.44594545e-02   0.00000000e+00
 1.48000000e+00   0.00000000e+00   1.00000000e+00   4.02361716e-03   3.10977683e-06  -2.44594545e-02   0.00000000e+00
 1.49000000e+00   0.00000000e+00   1.00000000e+00   3.48542739e-03   2.34258916e-06  -2.44594545e-02   0.00000000e+00
 1.50000000e+00   0.00000000e+00   1.00000000e+00   2.98589608e-03   1.62723081e-06  -2.44594545e-02   0.00000000e+00
 1.51000000e+00   0.00000000e+00   1.00000000e+00   2.52665608e-03   1.22137209e-06  -2.44594545e-02   0.00000000e+00
 1.52000000e+00   0.00000000e+00   1.00000000e+00   2.10835012e-03   1.20748763e-06  -2.44594545e-02   0.00000000e+00
 1.53000000e+00   0.00000000e+00   1.00000000e+00   1.73072105e-03   1.55196077e-06  -2.44594545e-02   0.00000000e+00
 1.54000000e+00   0.00000000e+00   1.00000000e+00   1.39277891e-03   2.17737950e-06  -2.44594545e-02   0.00000000e+00
 1.55000000e+00   0.00000000e+00   1.00000000e+00   1.09312876e-03   2.92138822e-06  -2.44594545e-02   0.00000000e+00
 1.56000000e+00   0.00000000e+00   1.00000000e+00   8.30461316e-04   3.51306277e-06  -2.44594545e-02   0.00000000e+00
 1.57000000e+00   0.00000000e+00   1.00000000e+00   6.03963453e-04   3.70545494e-06  -2.44594545e-02   0.00000000e+00
 1.58000000e+00   0.00000000e+00   1.00000000e+00   4.13405277e-04   3.44322425e-06  -2.44594545e-02   0.00000000e+00
 1.59000000e+00   0.00000000e+00   1.00000000e+00   2.58946279e-04   2.86294786e-06  -2.44594545e-02   0.00000000e+00
 1.60000000e+00   0.00000000e+00   1.00000000e+00   1.40882012e-04   2.15988763e-06  -2.44594545e-02   0.00000000e+00
 1.61000000e+00   0.00000000e+00   1.00000000e+00   5.94219266e-05   1.51648633e-06  -2.44594545e-02   0.00000000e+00
 1.62000000e+00   0.00000000e+00   1.00000000e+00   1.44303600e-05   1.12564183e-06  -2.44594545e-02   0.00000000e+00
 1.63000000e+00   0.00000000e+00   1.00000000e+00   5.16888776e-06   1.15719460e-06  -2.44594545e-02   0.00000000e+00
 1.64000000e+00   0.00000000e+00   1.00000000e+00   3.02770538e-05   1.62946138e-06  -2.44594545e-02   0.00000000e+00
 1.65000000e+00   0.00000000e+00   1.00000000e+00   8.81492670e-05   2.35420502e-06  -2.44594545e-02   0.00000000e+00
 1.66000000e+00   0.00000000e+00   1.00000000e+00   1.77525729e-04   3.05560111e-06  -2.44594545e-02   0.00000000e+00
 1.67000000e+00   0.00000000e+00   1.00000000e+00   2.97928120e-04   3.52420511e-06  -2.44594545e-02   0.00000000e+00
 1.68000000e+00   0.00000000e+00   1.00000000e+00   4.49760243e-04   3.64812513e-06  -2.44594545e-02   0.00000000e+00
 1.69000000e+00   0.00000000e+00   1.00000000e+00   6.34181869e-04   3.37860031e-06  -2.44594545e-02   0.00000000e+00
 1.70000000e+00   0.00000000e+00   1.00000000e+00   8.52891446e-04   2.76307774e-06  -2.44594545e-02   0.00000000e+00
 1.71000000e+00   0.00000000e+00   1.00000000e+00   1.10779576e-03   2.00294460e-06  -2.44594545e-02   0.00000000e+00
 1.72000000e+00   0.00000000e+00   1.00000000e+00   1.40054442e-03   1.39078783e-06  -2.44594545e-02   0.00000000e+00
 1.73000000e+00   0.00000000e+00   1.00000000e+00   1.73210128e-03   1.14404353e-06  -2.44594545e-02   0.00000000e+00
 1.74000000e+00   0.00000000e+00   1.00000000e+00   2.10259078e-03   1.31048127e-06  -2.44594545e-02   0.00000000e+00
 1.75000000e+00   0.00000000e+00   1.00000000e+00   2.51144842e-03   1.81374832e-06  -2.44594545e-02   0.00000000e+00
 1.76000000e+00   0.00000000e+00   1.00000000e+00   2.95769814e-03   2.51757868e-06  -2.44594545e-02   0.00000000e+00
 1.77000000e+00   0.00000000e+00   1.00000000e+00   3.44022738e-03   3.22211403e-06  -2.44594545e-02   0.00000000e+00
 1.78000000e+00   0.00000000e+00   1.00000000e+00   3.95807205e-03   3.67857424e-06  -2.44594545e-02   0.00000000e+00
 1.79000000e+00   0.00000000e+00   1.00000000e+00   4.51067852e-03   3.70426904e-06  -2.44594545e-02   0.00000000e+00
 1.80000000e+00   0.00000000e+00   1.00000000e+00   5.09795349e-03   3.30141681e-06  -2.44594545e-02   0.00000000e+00
 1.81000000e+00   0.00000000e+00   1.00000000e+00   5.71995686e-03   2.64042156e-06  -2.44594545e-02   0.00000000e+00
 1.82000000e+00   0.00000000e+00   1.00000000e+00   6.37637616e-03   1.94257406e-06  -2.44594545e-02   0.00000000e+00
 1.83000000e+00   0.00000000e+00   1.00000000e+00   7.06611157e-03   1.40581596e-06  -2.44594545e-02   0.00000000e+00
 1.84000000e+00   0.00000000e+00   1.00000000e+00   7.78716888e-03   1.19821915e-06  -2.44594545e-02   0.00000000e+00
 1.85000000e+00   0.00000000e+00   1.00000000e+00   8.53679628e-03   1.41998839e-06  -2.44594545e-02   0.00000000e+00
 1.86000000e+00   0.00000000e+00   1.00000000e+00   9.31173035e-03   2.01855324e-06  -2.44594545e-02   0.00000000e+00
 1.87000000e+00   0.00000000e+00   1.00000000e+00   1.01085318e-02   2.77489881e-06  -2.44594545e-02   0.00000000e+00
 1.88000000e+00   0.00000000e+00   1.00000000e+00   1.09240259e-02   3.41748137e-06  -2.44594545e-02   0.00000000e+00
 1.89000000e+00   0.00000000e+00   1.00000000e+00   1.17557233e-02   3.75329828e-06  -2.44594545e-02   0.00000000e+00
 1.90000000e+00   0.00000000e+00   1.00000000e+00   1.26020119e-02   3.70259826e-06  -2.44594545e-02   0.00000000e+00
 1.91000000e+00   0.00000000e+00   1.00000000e+00   1.34620395e-02   3.27695915e-06  -2.44594545e-02   0.00000000e+00
 1.92000000e+00   0.00000000e+00   1.00000000e+00   1.43354120e-02   2.59020417e-06  -2.44594545e-02   0.00000000e+00
 1.93000000e+00   0.00000000e+00   1.00000000e+00   1.52218577e-02   1.87160037e-06  -2.44594545e-02   0.00000000e+00
 1.94000000e+00   0.00000000e+00   1.00000000e+00   1.61209044e-02   1.38989388e-06  -2.44594545e-02   0.00000000e+00
 1.95000000e+00   0.00000000e+00   1.00000000e+00   1.70316091e-02   1.31548778e-06  -2.44594545e-02   0.00000000e+00
 1.96000000e+00   0.00000000e+00   1.00000000e+00   1.79524835e-02   1.65114747e-06  -2.44594545e-02   0.00000000e+00
 1.97000000e+00   0.00000000e+00   1.00000000e+00   1.88817418e-02   2.27512784e-06  -2.44594545e-02   0.00000000e+00
 1.98000000e+00   0.00000000e+00   1.00000000e+00   1.98177704e-02   3.00610408e-06  -2.44594545e-02   0.00000000e+00
 1.99000000e+00   0.00000000e+00   1.00000000e+00   2.07595300e-02   3.62718018e-06  -2.44594545e-02   0.00000000e+00
 2.00000000e+00   0.00000000e+00   1.00000000e+00   2.17066825e-02   3.92353586e-06  -2.44594545e-02   0.00000000e+00
 2.01000000e+00   0.00000000e+00   1.00000000e+00   2.26594683e-02   3.77843876e-06  -2.44594545e-02   0.00000000e+00
 2.02000000e+00   0.00000000e+00   1.00000000e+00   2.36184630e-02   3.25132250e-06  -2.44594545e-02   0.00000000e+00
 2.03000000e+00   0.00000000e+00   1.00000000e+00   2.45842569e-02   2.54461054e-06  -2.44594545e-02   0.00000000e+00
 2.04000000e+00   0.00000000e+00   1.00000000e+00   2.55570513e-02   1.89480756e-06  -2.44594545e-02   0.00000000e+00
 2.05000000e+00   0.00000000e+00   1.00000000e+00   2.65362648e-02   1.49600427e-06  -2.44594545e-02   0.00000000e+00
 2.06000000e+00   0.00000000e+00   1.00000000e+00   2.75203394e-02   1.47711270e-06  -2.44594545e-02   0.00000000e+00
 2.07000000e+00   0.00000000e+00   1.00000000e+00   2.85068474e-02   1.86927236e-06  -2.44594545e-02   0.00000000e+00
 2.08000000e+00   0.00000000e+00   1.00000000e+00   2.94928222e-02   2.55841221e-06  -2.44594545e-02   0.00000000e+00
 2.09000000e+00   0.00000000e+00   1.00000000e+00   3.04751577e-02   3.30308904e-06  -2.44594545e-02   0.00000000e+00
 2.10000000e+00   0.00000000e+00   1.00000000e+00   3.14509829e-02   3.84466449e-06  -2.44594545e-02   0.00000000e+00
 2.11000000e+00   0.00000000e+00   1.00000000e+00   3.24179517e-02   4.02013738e-06  -2.44594545e-02   0.00000000e+00
 2.12000000e+00   0.00000000e+00   1.00000000e+00   3.33743378e-02   3.79390256e-06  -2.44594545e-02   0.00000000e+00
 2.13000000e+00   0.00000000e+00   1.00000000e+00   3.43188370e-02   3.23677089e-06  -2.44594545e-02   0.00000000e+00
 2.14000000e+00   0.00000000e+00   1.00000000e+00   3.52501499e-02   2.51485147e-06  -2.44594545e-02   0.00000000e+00
 2.15000000e+00   0.00000000e+00   1.00000000e+00   3.61665916e-02   1.86980236e-06  -2.44594545e-02   0.00000000e+00
 2.16000000e+00   0.00000000e+00   1.00000000e+00   3.70659387e-02   1.53700537e-06  -2.44594545e-02   0.00000000e+00
 2.17000000e+00   0.00000000e+00   1.00000000e+00   3.79455224e-02   1.63353965e-06  -2.44594545e-02   0.00000000e+00
 2.18000000e+00   0.00000000e+00   1.00000000e+00   3.88024568e-02   2.11225242e-06  -2.44594545e-02   0.00000000e+00
 2.19000000e+00   0.00000000e+00   1.00000000e+00   3.96339379e-02   2.80868111e-06  -2.44594545e-02   0.00000000e+00
 2.20000000e+00   0.00000000e+00   1.00000000e+00   4.04376117e-02   3.51106590e-06  -2.44594545e-02   0.00000000e+00
 2.21000000e+00   0.00000000e+00   1.00000000e+00   4.12119393e-02   4.00416867e-06  -2.44594545e-02   0.00000000e+00
 2.22000000e+00   0.00000000e+00   1.00000000e+00   4.19563883e-02   4.11779695e-06  -2.44594545e-02   0.00000000e+00
 2.23000000e+00   0.00000000e+00   1.00000000e+00   4.26713334e-02   3.80186377e-06  -2.44594545e-02   0.00000000e+00
 2.24000000e+00   0.00000000e+00   1.00000000e+00   4.33577089e-02   3.16976795e-06  -2.44594545e-02   0.00000000e+00
 2.25000000e+00   0.00000000e+00   1.00000000e+00   4.40165683e-02   2.45000527e-06  -2.44594545e-02   0.00000000e+00
 2.26000000e+00   0.00000000e+00   1.00000000e+00   4.46486737e-02   1.88174392e-06  -2.44594545e-02   0.00000000e+00
 2.27000000e+00   0.00000000e+00   1.00000000e+00   4.52541989e-02   1.63852265e-06  -2.44594545e-02   0.00000000e+00
 2.28000000e+00   0.00000000e+00   1.00000000e+00   4.58326337e-02   1.79981729e-06  -2.44594545e-02   0.00000000e+00
 2.29000000e+00   0.00000000e+00   1.00000000e+00   4.63829622e-02   2.33027916e-06  -2.44594545e-02   0.00000000e+00
 2.30000000e+00   0.00000000e+00   1.00000000e+00   4.69040547e-02   3.06504630e-06  -2.44594545e-02   0.00000000e+00
 2.31000000e+00   0.00000000e+00   1.00000000e+00   4.73950633e-02   3.75156946e-06  -2.44594545e-02   0.00000000e+00
 2.32000000e+00   0.00000000e+00   1.00000000e+00   4.78556215e-02   4.15488607e-06  -2.44594545e-02   0.00000000e+00
 2.33000000e+00   0.00000000e+00   1.00000000e+00   4.82858057e-02   4.15322268e-06  -2.44594545e-02   0.00000000e+00
 2.34000000e+00   0.00000000e+00   1.00000000e+00   4.86859485e-02   3.76178619e-06  -2.44594545e-02   0.00000000e+00
 2.35000000e+00   0.00000000e+00   1.00000000e+00   4.90563741e-02   3.10565258e-06  -2.44594545e-02   0.00000000e+00
 2.36000000e+00   0.00000000e+00   1.00000000e+00   4.93970723e-02   2.38823551e-06  -2.44594545e-02   0.00000000e+00
 2.37000000e+00   0.00000000e+00   1.00000000e+00   4.97073719e-02   1.84824740e-06  -2.44594545e-02   0.00000000e+00
 2.38000000e+00   0.00000000e+00   1.00000000e+00   4.99857601e-02   1.67822871e-06  -2.44594545e-02   0.00000000e+00
 2.39000000e+00   0.00000000e+00   1.00000000e+00   5.02299813e-02   1.93710750e-06  -2.44594545e-02   0.00000000e+00
 2.40000000e+00   0.00000000e+00   1.00000000e+00   5.04373932e-02   2.52690791e-06  -2.44594545e-02   0.00000000e+00
 2.41000000e+00   0.00000000e+00   1.00000000e+00   5.06054383e-02   3.24722769e-06  -2.44594545e-02   0.00000000e+00
 2.42000000e+00   0.00000000e+00   1.00000000e+00   5.07320767e-02   3.87123345e-06  -2.44594545e-02   0.00000000e+00
 2.43000000e+00   0.00000000e+00   1.00000000e+00   5.08160851e-02   4.20181844e-06  -2.44594545e-02   0.00000000e+00
 2.44000000e+00   0.00000000e+00   1.00000000e+00   5.08571441e-02   4.12192450e-06  -2.44594545e-02   0.00000000e+00
 2.45000000e+00   0.00000000e+00   1.00000000e+00   5.08556645e-02   3.64713978e-06  -2.44594545e-02   0.00000000e+00
 2.46000000e+00   0.00000000e+00   1.00000000e+00   5.08124063e-02   2.93858730e-06  -2.44594545e-02   0.00000000e+00
 2.47000000e+00   0.00000000e+00   1.00000000e+00   5.07280706e-02   2.24120203e-06  -2.44594545e-02   0.00000000e+00
 2.48000000e+00   0.00000000e+00   1.00000000e+00   5.06030530e-02   1.78317095e-06  -2.44594545e-02   0.00000000e+00
 2.49000000e+00   0.00000000e+00   1.00000000e+00   5.04374207e-02   1.70358261e-06  -2.44594545e-02   0.00000000e+00
 2.50000000e+00   0.00000000e+00   1.00000000e+00   5.02310529e-02   2.02652684e-06  -2.44594545e-02   0.00000000e+00
 2.51000000e+00   0.00000000e+00   1.00000000e+00   4.99838728e-02   2.65585759e-06  -2.44594545e-02   0.00000000e+00
 2.52000000e+00   0.00000000e+00   1.00000000e+00   4.96961435e-02   3.38834062e-06  -2.44594545e-02   0.00000000e+00
 2.53000000e+00   0.00000000e+00   1.00000000e+00   4.93687695e-02   3.97293951e-06  -2.44594545e-02   0.00000000e+00
 2.54000000e+00   0.00000000e+00   1.00000000e+00   4.90034715e-02   4.20937815e-06  -2.44594545e-02   0.00000000e+00
 2.55000000e+00   0.00000000e+00   1.00000000e+00   4.86027017e-02   4.02594190e-06  -2.44594545e-02   0.00000000e+00
 2.56000000e+00   0.00000000e+00   1.00000000e+00   4.81692964e-02   3.49103009e-06  -2.44594545e-02   0.00000000e+00
 2.57000000e+00   0.00000000e+00   1.00000000e+00   4.77060007e-02   2.77582998e-06  -2.44594545e-02   0.00000000e+00
 2.58000000e+00   0.00000000e+00   1.00000000e+00   4.72150313e-02   2.10542819e-06  -2.44594545e-02   0.00000000e+00
 2.59000000e+00   0.00000000e+00   1.00000000e+00   4.66977913e-02   1.70088570e-06  -2.44594545e-02   0.00000000e+00
 2.60000000e+00   0.00000000e+00   1.00000000e+00   4.61548048e-02   1.70347007e-06  -2.44594545e-02   0.00000000e+00
 2.61000000e+00   0.00000000e+00   1.00000000e+00   4.55859009e-02   2.11152161e-06  -2.44594545e-02   0.00000000e+00
 2.62000000e+00   0.00000000e+00   1.00000000e+00   4.49905972e-02   2.77926602e-06  -2.44594545e-02   0.00000000e+00
 2.63000000e+00   0.00000000e+00   1.00000000e+00   4.43685258e-02   3.48045507e-06  -2.44594545e-02   0.00000000e+00
 2.64000000e+00   0.00000000e+00   1.00000000e+00   4.37197269e-02   3.98895472e-06  -2.44594545e-02   0.00000000e+00
 2.65000000e+00   0.00000000e+00   1.00000000e+00   4.30447297e-02   4.13991359e-06  -2.44594545e-02   0.00000000e+00
 2.66000000e+00   0.00000000e+00   1.00000000e+00   4.23444569e-02   3.87467524e-06  -2.44594545e-02   0.00000000e+00
 2.67000000e+00   0.00000000e+00   1.00000000e+00   4.16200163e-02   3.27050860e-06  -2.44594545e-02   0.00000000e+00
 2.68000000e+00   0.00000000e+00   1.00000000e+00   4.08724198e-02   2.52714744e-06  -2.44594545e-02   0.00000000e+00
 2.69000000e+00   0.00000000e+00   1.00000000e+00   4.01022879e-02   1.89421432e-06  -2.44594545e-02   0.00000000e+00
 2.70000000e+00   0.00000000e+00   1.00000000e+00   3.93096658e-02   1.57547881e-06  -2.44594545e-02   0.00000000e+00
 2.71000000e+00   0.00000000e+00   1.00000000e+00   3.84940809e-02   1.66452208e-06  -2.44594545e-02   0.00000000e+00
 2.72000000e+00   0.00000000e+00   1.00000000e+00   3.76548593e-02   2.12771611e-06  -2.44594545e-02   0.00000000e+00
 2.73000000e+00   0.00000000e+00   1.00000000e+00   3.67915806e-02   2.81641857e-06  -2.44594545e-02   0.00000000e+00
 2.74000000e+00   0.00000000e+00   1.00000000e+00   3.59044986e-02   3.50297705e-06  -2.44594545e-02   0.00000000e+00
 2.75000000e+00   0.00000000e+00   1.00000000e+00   3.49947998e-02   3.95121866e-06  -2.44594545e-02   0.00000000e+00
 2.76000000e+00   0.00000000e+00   1.00000000e+00   3.40646378e-02   4.00569564e-06  -2.44594545e-02   0.00000000e+00
 2.77000000e+00   0.00000000e+00   1.00000000e+00   3.31169264e-02   3.65049334e-06  -2.44594545e-02   0.00000000e+00
 2.78000000e+00   0.00000000e+00   1.00000000e+00   3.21549463e-02   3.00551745e-06  -2.44594545e-02   0.00000000e+00
 2.79000000e+00   0.00000000e+00   1.00000000e+00   3.11818984e-02   2.27714260e-06  -2.44594545e-02   0.00000000e+00
 2.80000000e+00   0.00000000e+00   1.00000000e+00   3.02005684e-02   1.69609189e-06  -2.44594545e-02   0.00000000e+00
 2.81000000e+00   0.00000000e+00   1.00000000e+00   2.92131916e-02   1.45244306e-06  -2.44594545e-02   0.00000000e+00
 2.82000000e+00   0.00000000e+00   1.00000000e+00   2.82215099e-02   1.63022286e-06  -2.44594545e-02   0.00000000e+00
 2.83000000e+00   0.00000000e+00   1.00000000e+00   2.72269640e-02   2.16818881e-06  -2.44594545e-02   0.00000000e+00
 2.84000000e+00   0.00000000e+00   1.00000000e+00   2.62309724e-02   2.87947346e-06  -2.44594545e-02   0.00000000e+00
 2.85000000e+00   0.00000000e+00   1.00000000e+00   2.52352324e-02   3.52417451e-06  -2.44594545e-02   0.00000000e+00
 2.86000000e+00   0.00000000e+00   1.00000000e+00   2.42419223e-02   3.89200037e-06  -2.44594545e-02   0.00000000e+00
 2.87000000e+00   0.00000000e+00   1.00000000e+00   2.32536767e-02   3.86195855e-06  -2.44594545e-02   0.00000000e+00
 2.88000000e+00   0.00000000e+00   1.00000000e+00   2.22733083e-02   3.43615795e-06  -2.44594545e-02   0.00000000e+00
 2.89000000e+00   0.00000000e+00   1.00000000e+00   2.13033815e-02   2.74675628e-06  -2.44594545e-02   0.00000000e+00
 2.90000000e+00   0.00000000e+00   1.00000000e+00   2.03458136e-02   2.02034967e-06  -2.44594545e-02   0.00000000e+00
 2.91000000e+00   0.00000000e+00   1.00000000e+00   1.94016374e-02   1.49802195e-06  -2.44594545e-02   0.00000000e+00
 2.92000000e+00   0.00000000e+00   1.00000000e+00   1.84709890e-02   1.34669618e-06  -2.44594545e-02   0.00000000e+00
 2.93000000e+00   0.00000000e+00   1.00000000e+00   1.75533254e-02   1.60667095e-06  -2.44594545e-02   0.00000000e+00
 2.94000000e+00   0.00000000e+00   1.00000000e+00   1.66478170e-02   2.18796133e-06  -2.44594545e-02   0.00000000e+00
 2.95000000e+00   0.00000000e+00   1.00000000e+00   1.57537959e-02   2.90020241e-06  -2.44594545e-02   0.00000000e+00
 2.96000000e+00   0.00000000e+00   1.00000000e+00   1.48711108e-02   3.50624494e-06  -2.44594545e-02   0.00000000e+00
 2.97000000e+00   0.00000000e+00   1.00000000e+00   1.40002904e-02   3.79768015e-06  -2.44594545e-02   0.00000000e+00
 2.98000000e+00   0.00000000e+00   1.00000000e+00   1.31425025e-02   3.67177695e-06  -2.44594545e-02   0.00000000e+00
 2.99000000e+00   0.00000000e+00   1.00000000e+00   1.22993541e-02   3.17026808e-06  -2.44594545e-02   0.00000000e+00
 3.00000000e+00   0.00000000e+00   1.00000000e+00   1.14725889e-02   2.45903427e-06  -2.44594545e-02   0.00000000e+00
 3.01000000e+00   0.00000000e+00   1.00000000e+00   1.06637569e-02   1.76686949e-06  -2.44594545e-02   0.00000000e+00
 3.02000000e+00   0.00000000e+00   1.00000000e+00   9.87397506e-03   1.31458174e-06  -2.44594545e-02   0.00000000e+00
 3.03000000e+00   0.00000000e+00   1.00000000e+00   9.10390254e-03   1.24975072e-06  -2.44594545e-02   0.00000000e+00
 3.04000000e+00   0.00000000e+00   1.00000000e+00   8.35396780e-03   1.59574541e-06  -2.44594545e-02   0.00000000e+00
 3.05000000e+00   0.00000000e+00   1.00000000e+00   7.62475096e-03   2.23606349e-06  -2.44594545e-02   0.00000000e+00
 3.06000000e+00   0.00000000e+00   1.00000000e+00   6.91735211e-03   2.95281871e-06  -2.44594545e-02   0.00000000e+00
 3.07000000e+00   0.00000000e+00   1.00000000e+00   6.23360455e-03   3.50632241e-06  -2.44594545e-02   0.00000000e+00
 3.08000000e+00   0.00000000e+00   1.00000000e+00   5.57606845e-03   3.71618324e-06  -2.44594545e-02   0.00000000e+00
 3.09000000e+00   0.00000000e+00   1.00000000e+00   4.94780693e-03   3.51385130e-06  -2.44594545e-02   0.00000000e+00
 3.10000000e+00   0.00000000e+00   1.00000000e+00   4.35199905e-03   2.96126577e-06  -2.44594545e-02   0.00000000e+00
 3.11000000e+00   0.00000000e+00   1.00000000e+00   3.79149692e-03   2.23599133e-06  -2.44594545e-02   0.00000000e+00
 3.12000000e+00   0.00000000e+00   1.00000000e+00   3.26846241e-03   1.57795936e-06  -2.44594545e-02   0.00000000e+00
 3.13000000e+00   0.00000000e+00   1.00000000e+00   2.78418782e-03   1.20636441e-06  -2.44594545e-02   0.00000000e+00
 3.14000000e+00   0.00000000e+00   1.00000000e+00   2.33912936e-03   1.24110755e-06  -2.44594545e-02   0.00000000e+00
 3.15000000e+00   0.00000000e+00   1.00000000e+00   1.93312015e-03   1.66534099e-06  -2.44594545e-02   0.00000000e+00
 3.16000000e+00   0.00000000e+00   1.00000000e+00   1.56570102e-03   2.33764966e-06  -2.44594545e-02   0.00000000e+00
 3.17000000e+00   0.00000000e+00   1.00000000e+00   1.23648351e-03   3.03850644e-06  -2.44594545e-02   0.00000000e+00
 3.18000000e+00   0.00000000e+00   1.00000000e+00   9.45424542e-04   3.53624478e-06  -2.44594545e-02   0.00000000e+00
 3.19000000e+00   0.00000000e+00   1.00000000e+00   6.92892107e-04   3.66190975e-06  -2.44594545e-02   0.00000000e+00
 3.20000000e+00   0.00000000e+00   1.00000000e+00   4.79481313e-04   3.37080419e-06  -2.44594545e-02   0.00000000e+00
 3.21000000e+00   0.00000000e+00   1.00000000e+00   3.05665643e-04   2.76035982e-06  -2.44594545e-02   0.00000000e+00
 3.22000000e+00   0.00000000e+00   1.00000000e+00   1.71446564e-04   2.03324780e-06  -2.44594545e-02   0.00000000e+00
 3.23000000e+00   0.00000000e+00   1.00000000e+00   7.61455446e-05   1.42621667e-06  -2.44594545e-02   0.00000000e+00
 3.24000000e+00   0.00000000e+00   1.00000000e+00   1.84059039e-05   1.13544989e-06  -2.44594545e-02   0.00000000e+00
 3.25000000e+00   0.00000000e+00   1.00000000e+00  -3.59924381e-06   1.25703371e-06  -2.44594545e-02   0.00000000e+00
 3.26000000e+00   0.00000000e+00   1.00000000e+00   8.19378575e-06   1.75342441e-06  -2.44594545e-02   0.00000000e+00
 3.27000000e+00   0.00000000e+00   1.00000000e+00   5.21564152e-05   2.46038532e-06  -2.44594545e-02   0.00000000e+00
 3.28000000e+00   0.00000000e+00   1.00000000e+00   1.27317288e-04   3.14149273e-06  -2.44594545e-02   0.00000000e+00
 3.29000000e+00   0.00000000e+00   1.00000000e+00   2.33537850e-04   3.57151546e-06  -2.44594545e-02   0.00000000e+00
 3.30000000e+00   0.00000000e+00   1.00000000e+00   3.71470327e-04   3.61189239e-06  -2.44594545e-02   0.00000000e+00
 3.31000000e+00   0.00000000e+00   1.00000000e+00   5.42321033e-04   3.25155286e-06  -2.44594545e-02   0.00000000e+00
 3.32000000e+00   0.00000000e+00   1.00000000e+00   7.47484530e-04   2.60806656e-06  -2.44594545e-02   0.00000000e+00
 3.33000000e+00   0.00000000e+00   1.00000000e+00   9.88144418e-04   1.89286261e-06  -2.44594545e-02   0.00000000e+00
 3.34000000e+00   0.00000000e+00   1.00000000e+00   1.26496448e-03   1.34495620e-06  -2.44594545e-02   0.00000000e+00
 3.35000000e+00   0.00000000e+00   1.00000000e+00   1.57798799e-03   1.14913831e-06  -2.44594545e-02   0.00000000e+00
 3.36000000e+00   0.00000000e+00   1.00000000e+00   1.92678760e-03   1.37080411e-06  -2.44594545e-02   0.00000000e+00
 3.37000000e+00   0.00000000e+00   1.00000000e+00   2.31078977e-03   1.93605908e-06  -2.44594545e-02   0.00000000e+00
 3.38000000e+00   0.00000000e+00   1.00000000e+00   2.72961846e-03   2.66060599e-06  -2.44594545e-02   0.00000000e+00
 3.39000000e+00   0.00000000e+00   1.00000000e+00   3.18331310e-03   3.31012839e-06  -2.44594545e-02   0.00000000e+00
 3.40000000e+00   0.00000000e+00   1.00000000e+00   3.67234910e-03   3.67307108e-06  -2.44594545e-02   0.00000000e+00
 3.41000000e+00   0.00000000e+00   1.00000000e+00   4.19746226e-03   3.62953242e-06  -2.44594545e-02   0.00000000e+00
 3.42000000e+00   0.00000000e+00   1.00000000e+00   4.75932744e-03   3.19488044e-06  -2.44594545e-02   0.00000000e+00
 3.43000000e+00   0.00000000e+00   1.00000000e+00   5.35817844e-03   2.51661476e-06  -2.44594545e-02   0.00000000e+00
 3.44000000e+00   0.00000000e+00   1.00000000e+00   5.99348326e-03   1.82227603e-06  -2.44594545e-02   0.00000000e+00
 3.45000000e+00   0.00000000e+00   1.00000000e+00   6.66378135e-03   1.34155572e-06  -2.44594545e-02   0.00000000e+00
 3.46000000e+00   0.00000000e+00   1.00000000e+00   7.36673832e-03   1.23306475e-06  -2.44594545e-02   0.00000000e+00
 3.47000000e+00   0.00000000e+00   1.00000000e+00   8.09940512e-03   1.53545503e-06  -2.44594545e-02   0.00000000e+00
 3.48000000e+00   0.00000000e+00   1.00000000e+00   8.85861388e-03   2.15318869e-06  -2.44594545e-02   0.00000000e+00
 3.49000000e+00   0.00000000e+00   1.00000000e+00   9.64140602e-03   2.88436709e-06  -2.44594545e-02   0.00000000e+00
 3.50000000e+00   0.00000000e+00   1.00000000e+00   1.04453650e-02   3.48781595e-06  -2.44594545e-02   0.00000000e+00
 3.51000000e+00   0.00000000e+00   1.00000000e+00   1.12687387e-02   3.76640541e-06  -2.44594545e-02   0.00000000e+00
 3.52000000e+00   0.00000000e+00   1.00000000e+00   1.21103099e-02   3.63269363e-06  -2.44594545e-02   0.00000000e+00
 3.53000000e+00   0.00000000e+00   1.00000000e+00   1.29690830e-02   3.13433217e-06  -2.44594545e-02   0.00000000e+00
 3.54000000e+00   0.00000000e+00   1.00000000e+00   1.38439346e-02   2.43682186e-06  -2.44594545e-02   0.00000000e+00
 3.55000000e+00   0.00000000e+00   1.00000000e+00   1.47333737e-02   1.77183299e-06  -2.44594545e-02   0.00000000e+00
 3.56000000e+00   0.00000000e+00   1.00000000e+00   1.56354857e-02   1.36306424e-06  -2.44594545e-02   0.00000000e+00
 3.57000000e+00   0.00000000e+00   1.00000000e+00   1.65480670e-02   1.35026513e-06  -2.44594545e-02   0.00000000e+00
 3.58000000e+00   0.00000000e+00   1.00000000e+00   1.74689031e-02   1.74033808e-06  -2.44594545e-02   0.00000000e+00
 3.59000000e+00   0.00000000e+00   1.00000000e+00   1.83961116e-02   2.40641046e-06  -2.44594545e-02   0.00000000e+00
 3.60000000e+00   0.00000000e+00   1.00000000e+00   1.93284449e-02   3.13275880e-06  -2.44594545e-02   0.00000000e+00
 3.61000000e+00   0.00000000e+00   1.00000000e+00   2.02654453e-02   3.68549507e-06  -2.44594545e-02   0.00000000e+00
 3.62000000e+00   0.00000000e+00   1.00000000e+00   2.12073876e-02   3.88659585e-06  -2.44594545e-02   0.00000000e+00
 3.63000000e+00   0.00000000e+00   1.00000000e+00   2.21550138e-02   3.67219613e-06  -2.44594545e-02   0.00000000e+00
 3.64000000e+00   0.00000000e+00   1.00000000e+00   2.31091264e-02   3.11650864e-06  -2.44594545e-02   0.00000000e+00
 3.65000000e+00   0.00000000e+00   1.00000000e+00   2.40701532e-02   2.40846847e-06  -2.44594545e-02   0.00000000e+00
 3.66000000e+00   0.00000000e+00   1.00000000e+00   2.50378129e-02   1.78686764e-06  -2.44594545e-02   0.00000000e+00
 3.67000000e+00   0.00000000e+00   1.00000000e+00   2.60109950e-02   1.45970812e-06  -2.44594545e-02   0.00000000e+00
 3.68000000e+00   0.00000000e+00   1.00000000e+00   2.69878925e-02   1.53745988e-06  -2.44594545e-02   0.00000000e+00
 3.69000000e+00   0.00000000e+00   1.00000000e+00   2.79663254e-02   1.99890423e-06  -2.44594545e-02   0.00000000e+00
 3.70000000e+00   0.00000000e+00   1.00000000e+00   2.89441139e-02   2.69692902e-06  -2.44594545e-02   0.00000000e+00
 3.71000000e+00   0.00000000e+00   1.00000000e+00   2.99193589e-02   3.40451318e-06  -2.44594545e-02   0.00000000e+00
 3.72000000e+00   0.00000000e+00   1.00000000e+00   3.08905475e-02   3.89008942e-06  -2.44594545e-02   0.00000000e+00
 3.73000000e+00   0.00000000e+00   1.00000000e+00   3.18564724e-02   3.99653674e-06  -2.44594545e-02   0.00000000e+00
 3.74000000e+00   0.00000000e+00   1.00000000e+00   3.28160038e-02   3.69328093e-06  -2.44594545e-02   0.00000000e+00
 3.75000000e+00   0.00000000e+00   1.00000000e+00   3.37677849e-02   3.08394795e-06  -2.44594545e-02   0.00000000e+00
 3.76000000e+00   0.00000000e+00   1.00000000e+00   3.47099531e-02   2.37126336e-06  -2.44594545e-02   0.00000000e+00
 3.77000000e+00   0.00000000e+00   1.00000000e+00   3.56399905e-02   1.79229080e-06  -2.44594545e-02   0.00000000e+00
 3.78000000e+00   0.00000000e+00   1.00000000e+00   3.65547795e-02   1.54170854e-06  -2.44594545e-02   0.00000000e+00
 3.79000000e+00   0.00000000e+00   1.00000000e+00   3.74508660e-02   1.70596693e-06  -2.44594545e-02   0.00000000e+00
 3.80000000e+00   0.00000000e+00   1.00000000e+00   3.83248663e-02   2.23292526e-06  -2.44594545e-02   0.00000000e+00
 3.81000000e+00   0.00000000e+00   1.00000000e+00   3.91738994e-02   2.95016735e-06  -2.44594545e-02   0.00000000e+00
 3.82000000e+00   0.00000000e+00   1.00000000e+00   3.99959138e-02   3.62403747e-06  -2.44594545e-02   0.00000000e+00
 3.83000000e+00   0.00000000e+00   1.00000000e+00   4.07897986e-02   4.03629680e-06  -2.44594545e-02   0.00000000e+00
 3.84000000e+00   0.00000000e+00   1.00000000e+00   4.15552423e-02   4.05395388e-06  -2.44594545e-02   0.00000000e+00
 3.85000000e+00   0.00000000e+00   1.00000000e+00   4.22923979e-02   3.67296293e-06  -2.44594545e-02   0.00000000e+00
 3.86000000e+00   0.00000000e+00   1.00000000e+00   4.30014884e-02   3.02158797e-06  -2.44594545e-02   0.00000000e+00
 3.87000000e+00   0.00000000e+00   1.00000000e+00   4.36824919e-02   2.31877802e-06  -2.44594545e-02   0.00000000e+00
 3.88000000e+00   0.00000000e+00   1.00000000e+00   4.43349942e-02   1.80011115e-06  -2.44594545e-02   0.00000000e+00
 3.89000000e+00   0.00000000e+00   1.00000000e+00   4.49582287e-02   1.63885201e-06  -2.44594545e-02   0.00000000e+00
 3.90000000e+00   0.00000000e+00   1.00000000e+00   4.55512716e-02   1.89016491e-06  -2.44594545e-02   0.00000000e+00
 3.91000000e+00   0.00000000e+00   1.00000000e+00   4.61133272e-02   2.47442759e-06  -2.44594545e-02   0.00000000e+00
 3.92000000e+00   0.00000000e+00   1.00000000e+00   4.66440057e-02   3.20254386e-06  -2.44594545e-02   0.00000000e+00
 3.93000000e+00   0.00000000e+00   1.00000000e+00   4.71434878e-02   3.83656813e-06  -2.44594545e-02   0.00000000e+00
 3.94000000e+00   0.00000000e+00   1.00000000e+00   4.76124951e-02   4.16862094e-06  -2.44594545e-02   0.00000000e+00
 3.95000000e+00   0.00000000e+00   1.00000000e+00   4.80520530e-02   4.09126253e-06  -2.44594545e-02   0.00000000e+00
 3.96000000e+00   0.00000000e+00   1.00000000e+00   4.84631092e-02   3.63299537e-06  -2.44594545e-02   0.00000000e+00
 3.97000000e+00   0.00000000e+00   1.00000000e+00   4.88461263e-02   2.94709281e-06  -2.44594545e-02   0.00000000e+00
 3.98000000e+00   0.00000000e+00   1.00000000e+00   4.92007814e-02   2.26043220e-06  -2.44594545e-02   0.00000000e+00
 3.99000000e+00   0.00000000e+00   1.00000000e+00   4.95258803e-02   1.80013962e-06  -2.44594545e-02   0.00000000e+00
 4.00000000e+00   0.00000000e+00   1.00000000e+00   4.98195185e-02   1.71962194e-06  -2.44594545e-02   0.00000000e+00
 4.01000000e+00   0.00000000e+00   1.00000000e+00   5.00794346e-02   2.04677724e-06  -2.44594545e-02   0.00000000e+00
 4.02000000e+00   0.00000000e+00   1.00000000e+00   5.03034295e-02   2.67356400e-06  -2.44594545e-02   0.00000000e+00
 4.03000000e+00   0.00000000e+00   1.00000000e+00   5.04897142e-02   3.39249934e-06  -2.44594545e-02   0.00000000e+00
 4.04000000e+00   0.00000000e+00   1.00000000e+00   5.06370961e-02   3.96659731e-06  -2.44594545e-02   0.00000000e+00
 4.05000000e+00   0.00000000e+00   1.00000000e+00   5.07449723e-02   4.20720730e-06  -2.44594545e-02   0.00000000e+00
 4.06000000e+00   0.00000000e+00   1.00000000e+00   5.08131576e-02   4.03478598e-06  -2.44594545e-02   0.00000000e+00
 4.07000000e+00   0.00000000e+00   1.00000000e+00   5.08416067e-02   3.50512685e-06  -2.44594545e-02   0.00000000e+00
 4.08000000e+00   0.00000000e+00   1.00000000e+00   5.08301253e-02   2.79240587e-06  -2.44594545e-02   0.00000000e+00
 4.09000000e+00   0.00000000e+00   1.00000000e+00   5.07781800e-02   2.13214755e-06  -2.44594545e-02   0.00000000e+00
 4.10000000e+00   0.00000000e+00   1.00000000e+00   5.06848923e-02   1.74223507e-06  -2.44594545e-02   0.00000000e+00
 4.11000000e+00   0.00000000e+00   1.00000000e+00   5.05492394e-02   1.75025198e-06  -2.44594545e-02   0.00000000e+00
 4.12000000e+00   0.00000000e+00   1.00000000e+00   5.03704024e-02   2.15242362e-06  -2.44594545e-02   0.00000000e+00
 4.13000000e+00   0.00000000e+00   1.00000000e+00   5.01481436e-02   2.81591395e-06  -2.44594545e-02   0.00000000e+00
 4.14000000e+00   0.00000000e+00   1.00000000e+00   4.98830789e-02   3.52196946e-06  -2.44594545e-02   0.00000000e+00
 4.15000000e+00   0.00000000e+00   1.00000000e+00   4.95767434e-02   4.03691179e-06  -2.44594545e-02   0.00000000e+00
 4.16000000e+00   0.00000000e+00   1.00000000e+00   4.92314160e-02   4.18957582e-06  -2.44594545e-02   0.00000000e+00
 4.17000000e+00   0.00000000e+00   1.00000000e+00   4.88497584e-02   3.92899680e-06  -2.44594545e-02   0.00000000e+00
 4.18000000e+00   0.00000000e+00   1.00000000e+00   4.84343854e-02   3.34118428e-06  -2.44594545e-02   0.00000000e+00
 4.19000000e+00   0.00000000e+00   1.00000000e+00   4.79874988e-02   2.61949493e-06  -2.44594545e-02   0.00000000e+00
 4.20000000e+00   0.00000000e+00   1.00000000e+00   4.75106818e-02   2.00045893e-06  -2.44594545e-02   0.00000000e+00
 4.21000000e+00   0.00000000e+00   1.00000000e+00   4.70048885e-02   1.68676874e-06  -2.44594545e-02   0.00000000e+00
 4.22000000e+00   0.00000000e+00   1.00000000e+00   4.64706121e-02   1.78098504e-06  -2.44594545e-02   0.00000000e+00
 4.23000000e+00   0.00000000e+00   1.00000000e+00   4.59081728e-02   2.25081522e-06  -2.44594545e-02   0.00000000e+00
 4.24000000e+00   0.00000000e+00   1.00000000e+00   4.53180320e-02   2.93894139e-06  -2.44594545e-02   0.00000000e+00
 4.25000000e+00   0.00000000e+00   1.00000000e+00   4.47010205e-02   3.61555977e-06  -2.44594545e-02   0.00000000e+00
 4.26000000e+00   0.00000000e+00   1.00000000e+00   4.40583874e-02   4.05520576e-06  -2.44594545e-02   0.00000000e+00
 4.27000000e+00   0.00000000e+00   1.00000000e+00   4.33916421e-02   4.11084543e-06  -2.44594545e-02   0.00000000e+00
 4.28000000e+00   0.00000000e+00   1.00000000e+00   4.27022426e-02   3.76136836e-06  -2.44594545e-02   0.00000000e+00
 4.29000000e+00   0.00000000e+00   1.00000000e+00   4.19912472e-02   3.11857851e-06  -2.44594545e-02   0.00000000e+00
 4.30000000e+00   0.00000000e+00   1.00000000e+00   4.12590629e-02   2.39130332e-06  -2.44594545e-02   0.00000000e+00
 4.31000000e+00   0.00000000e+00   1.00000000e+00   4.05053904e-02   1.81674565e-06  -2.44594545e-02   0.00000000e+00
 4.32000000e+00   0.00000000e+00   1.00000000e+00   3.97293984e-02   1.58134138e-06  -2.44594545e-02   0.00000000e+00
 4.33000000e+00   0.00000000e+00   1.00000000e+00   3.89300761e-02   1.75879661e-06  -2.44594545e-02   0.00000000e+00
 4.34000000e+00   0.00000000e+00   1.00000000e+00   3.81066548e-02   2.28655300e-06  -2.44594545e-02   0.00000000e+00
 4.35000000e+00   0.00000000e+00   1.00000000e+00   3.72589704e-02   2.98715219e-06  -2.44594545e-02   0.00000000e+00
 4.36000000e+00   0.00000000e+00   1.00000000e+00   3.63876697e-02   3.62631061e-06  -2.44594545e-02   0.00000000e+00
 4.37000000e+00   0.00000000e+00   1.00000000e+00   3.54942169e-02   3.98947313e-06  -2.44594545e-02   0.00000000e+00
 4.38000000e+00   0.00000000e+00   1.00000000e+00   3.45807121e-02   3.95293262e-06  -2.44594545e-02   0.00000000e+00
 4.39000000e+00   0.00000000e+00   1.00000000e+00   3.36495768e-02   3.52550729e-06  -2.44594545e-02   0.00000000e+00
 4.40000000e+00   0.00000000e+00   1.00000000e+00   3.27032020e-02   2.84556409e-06  -2.44594545e-02   0.00000000e+00
 4.41000000e+00   0.00000000e+00   1.00000000e+00   3.17436741e-02   2.13449216e-06  -2.44594545e-02   0.00000000e+00
 4.42000000e+00   0.00000000e+00   1.00000000e+00   3.07726777e-02   1.62343267e-06  -2.44594545e-02   0.00000000e+00
 4.43000000e+00   0.00000000e+00   1.00000000e+00   2.97916085e-02   1.47773855e-06  -2.44594545e-02   0.00000000e+00
 4.44000000e+00   0.00000000e+00   1.00000000e+00   2.88018486e-02   1.74278178e-06  -2.44594545e-02   0.00000000e+00
 4.45000000e+00   0.00000000e+00   1.00000000e+00   2.78050891e-02   2.32835361e-06  -2.44594545e-02   0.00000000e+00
 4.46000000e+00   0.00000000e+00   1.00000000e+00   2.68035678e-02   3.03789468e-06  -2.44594545e-02   0.00000000e+00
 4.47000000e+00   0.00000000e+00   1.00000000e+00   2.58001228e-02   3.63381474e-06  -2.44594545e-02   0.00000000e+00
 4.48000000e+00   0.00000000e+00   1.00000000e+00   2.47980303e-02   3.91653042e-06  -2.44594545e-02   0.00000000e+00
 4.49000000e+00   0.00000000e+00   1.00000000e+00   2.38006714e-02   3.79003356e-06  -2.44594545e-02   0.00000000e+00
 4.50000000e+00   0.00000000e+00   1.00000000e+00   2.28111289e-02   3.29284033e-06  -2.44594545e-02   0.00000000e+00
 4.51000000e+00   0.00000000e+00   1.00000000e+00   2.18318377e-02   2.58531679e-06  -2.44594545e-02   0.00000000e+00
 4.52000000e+00   0.00000000e+00   1.00000000e+00   2.08643854e-02   1.89742970e-06  -2.44594545e-02   0.00000000e+00
 4.53000000e+00   0.00000000e+00   1.00000000e+00   1.99095130e-02   1.45296608e-06  -2.44594545e-02   0.00000000e+00
 4.54000000e+00   0.00000000e+00   1.00000000e+00   1.89673111e-02   1.39503850e-06  -2.44594545e-02   0.00000000e+00
 4.55000000e+00   0.00000000e+00   1.00000000e+00   1.80375567e-02   1.73857741e-06  -2.44594545e-02   0.00000000e+00
 4.56000000e+00   0.00000000e+00   1.00000000e+00   1.71200954e-02   2.36598580e-06  -2.44594545e-02   0.00000000e+00
 4.57000000e+00   0.00000000e+00   1.00000000e+00   1.62151475e-02   3.06644377e-06  -2.44594545e-02   0.00000000e+00
 4.58000000e+00   0.00000000e+00   1.00000000e+00   1.53234387e-02   3.60513949e-06  -2.44594545e-02   0.00000000e+00
 4.59000000e+00   0.00000000e+00   1.00000000e+00   1.44461127e-02   3.80027194e-06  -2.44594545e-02   0.00000000e+00
 4.60000000e+00   0.00000000e+00   1.00000000e+00   1.35844722e-02   3.58331580e-06  -2.44594545e-02   0.00000000e+00
 4.61000000e+00   0.00000000e+00   1.00000000e+00   1.27396599e-02   3.02222976e-06  -2.44594545e-02   0.00000000e+00
 4.62000000e+00   0.00000000e+00   1.00000000e+00   1.19124101e-02   2.29895955e-06  -2.44594545e-02   0.00000000e+00
 4.63000000e+00   0.00000000e+00   1.00000000e+00   1.11029712e-02   1.64881490e-06  -2.44594545e-02   0.00000000e+00
 4.64000000e+00   0.00000000e+00   1.00000000e+00   1.03112311e-02   1.28273850e-06  -2.44594545e-02   0.00000000e+00
 4.65000000e+00   0.00000000e+00   1.00000000e+00   9.53700891e-03   1.31825467e-06  -2.44594545e-02   0.00000000e+00
 4.66000000e+00   0.00000000e+00   1.00000000e+00   8.78041789e-03   1.74094488e-06  -2.44594545e-02   0.00000000e+00
 4.67000000e+00   0.00000000e+00   1.00000000e+00   8.04218515e-03   2.40877200e-06  -2.44594545e-02   0.00000000e+00
 4.68000000e+00   0.00000000e+00   1.00000000e+00   7.32382922e-03   3.09862433e-06  -2.44594545e-02   0.00000000e+00
 4.69000000e+00   0.00000000e+00   1.00000000e+00   6.62764099e-03   3.58031121e-06  -2.44594545e-02   0.00000000e+00
 4.70000000e+00   0.00000000e+00   1.00000000e+00   5.95646690e-03   3.69297060e-06  -2.44594545e-02   0.00000000e+00
 4.71000000e+00   0.00000000e+00   1.00000000e+00   5.31334683e-03   3.39791806e-06  -2.44594545e-02   0.00000000e+00
 4.72000000e+00   0.00000000e+00   1.00000000e+00   4.70110485e-03   2.79088135e-06  -2.44594545e-02   0.00000000e+00
 4.73000000e+00   0.00000000e+00   1.00000000e+00   4.12201459e-03   2.07042188e-06  -2.44594545e-02   0.00000000e+00
 4.74000000e+00   0.00000000e+00   1.00000000e+00   3.57764471e-03   1.47283535e-06  -2.44594545e-02   0.00000000e+00
 4.75000000e+00   0.00000000e+00   1.00000000e+00   3.06892814e-03   1.19418774e-06  -2.44594545e-02   0.00000000e+00
 4.76000000e+00   0.00000000e+00   1.00000000e+00   2.59641363e-03   1.32513207e-06  -2.44594545e-02   0.00000000e+00
 4.77000000e+00   0.00000000e+00   1.00000000e+00   2.16059009e-03   1.82080615e-06  -2.44594545e-02   0.00000000e+00
 4.78000000e+00   0.00000000e+00   1.00000000e+00   1.76215363e-03   2.51604388e-06  -2.44594545e-02   0.00000000e+00
 4.79000000e+00   0.00000000e+00   1.00000000e+00   1.40211751e-03   3.18018942e-06  -2.44594545e-02   0.00000000e+00
 4.80000000e+00   0.00000000e+00   1.00000000e+00   1.08172746e-03   3.59293315e-06  -2.44594545e-02   0.00000000e+00
 4.81000000e+00   0.00000000e+00   1.00000000e+00   8.02214170e-04   3.61666476e-06  -2.44594545e-02   0.00000000e+00
 4.82000000e+00   0.00000000e+00   1.00000000e+00   5.64468145e-04   3.24207879e-06  -2.44594545e-02   0.00000000e+00
 4.83000000e+00   0.00000000e+00   1.00000000e+00   3.68745720e-04   2.59164281e-06  -2.44594545e-02   0.00000000e+00
 4.84000000e+00   0.00000000e+00   1.00000000e+00   2.14504762e-04   1.87909810e-06  -2.44594545e-02   0.00000000e+00
 4.85000000e+00   0.00000000e+00   1.00000000e+00   1.00430087e-04   1.33850415e-06  -2.44594545e-02   0.00000000e+00
 4.86000000e+00   0.00000000e+00   1.00000000e+00   2.46553183e-05   1.14695848e-06  -2.44594545e-02   0.00000000e+00
 4.87000000e+00   0.00000000e+00   1.00000000e+00  -1.48688443e-05   1.36656564e-06  -2.44594545e-02   0.00000000e+00
 4.88000000e+00   0.00000000e+00   1.00000000e+00  -1.99587440e-05   1.92414337e-06  -2.44594545e-02   0.00000000e+00
 4.89000000e+00   0.00000000e+00   1.00000000e+00   8.14200454e-06   2.63511182e-06  -2.44594545e-02   0.00000000e+00
 4.90000000e+00   0.00000000e+00   1.00000000e+00   6.89189809e-05   3.26424050e-06  -2.44594545e-02   0.00000000e+00
 4.91000000e+00   0.00000000e+00   1.00000000e+00   1.62514415e-04   3.60358157e-06  -2.44594545e-02   0.00000000e+00
 4.92000000e+00   0.00000000e+00   1.00000000e+00   2.89464307e-04   3.54141212e-06  -2.44594545e-02   0.00000000e+00
 4.93000000e+00   0.00000000e+00   1.00000000e+00   4.50352314e-04   3.09893033e-06  -2.44594545e-02   0.00000000e+00
 4.94000000e+00   0.00000000e+00   1.00000000e+00   6.45509711e-04   2.42289827e-06  -2.44594545e-02   0.00000000e+00
 4.95000000e+00   0.00000000e+00   1.00000000e+00   8.74862698e-04   1.73723802e-06  -2.44594545e-02   0.00000000e+00
 4.96000000e+00   0.00000000e+00   1.00000000e+00   1.13796878e-03   1.26943552e-06  -2.44594545e-02   0.00000000e+00
 4.97000000e+00   0.00000000e+00   1.00000000e+00   1.43421785e-03   1.17546193e-06  -2.44594545e-02   0.00000000e+00
 4.98000000e+00   0.00000000e+00   1.00000000e+00   1.76312119e-03   1.48795809e-06  -2.44594545e-02   0.00000000e+00
 4.99000000e+00   0.00000000e+00   1.00000000e+00   2.12458490e-03   2.10534041e-06  -2.44594545e-02   0.00000000e+00
 5.00000000e+00   0.00000000e+00   1.00000000e+00   2.51906924e-03   2.82561001e-06  -2.44594545e-02   0.00000000e+00