  Time  Coordinate0  Coordinate1  Displacement0  Displacement1  Force0  Force1
 1.00000000e-02   0.00000000e+00   1.00000000e+00   6.44247967e-05   1.38872155e-06   2.78068000e-08   0.00000000e+00
 2.00000000e-02   0.00000000e+00   1.00000000e+00   1.02920922e-04   1.63463130e-06   2.78068000e-08   0.00000000e+00
 3.00000000e-02   0.00000000e+00   1.00000000e+00   1.65306315e-04   1.97916021e-06   2.78068000e-08   0.00000000e+00
 4.00000000e-02   0.00000000e+00   1.00000000e+00   2.76060785e-04   2.50019405e-06   2.78068000e-08   0.00000000e+00
 5.00000000e-02   0.00000000e+00   1.00000000e+00   4.07897630e-04   2.81840904e-06   2.78068000e-08   0.00000000e+00
 6.00000000e-02   0.00000000e+00   1.00000000e+00   5.82996908e-04   3.19766155e-06   2.78068000e-08   0.00000000e+00
 7.00000000e-02   0.00000000e+00   1.00000000e+00   7.90055829e-04   3.13862518e-06   2.78068000e-08   0.00000000e+00
 8.00000000e-02   0.00000000e+00   1.00000000e+00   1.02909927e-03   3.17401642e-06   2.78068000e-08   0.00000000e+00
 9.00000000e-02   0.00000000e+00   1.00000000e+00   1.31030131e-03   2.72620068e-06   2.78068000e-08   0.00000000e+00
 1.00000000e-01   0.00000000e+00   1.00000000e+00   1.62168162e-03   2.56161664e-06   2.78068000e-08   0.00000000e+00
 1.10000000e-01   0.00000000e+00   1.00000000e+00   1.97347373e-03   1.99170586e-06   2.78068000e-08   0.00000000e+00
 1.20000000e-01   0.00000000e+00   1.00000000e+00   2.36471536e-03   1.90620449e-06   2.78068000e-08   0.00000000e+00
 1.30000000e-01   0.00000000e+00   1.00000000e+00   2.78864178e-03   1.49372730e-06   2.78068000e-08   0.00000000e+00
 1.40000000e-01   0.00000000e+00   1.00000000e+00   3.25812718e-03   1.66286192e-06   2.78068000e-08   0.00000000e+00
 1.50000000e-01   0.00000000e+00   1.00000000e+00   3.76008609e-03   1.53993589e-06   2.78068000e-08   0.00000000e+00
 1.60000000e-01   0.00000000e+00   1.00000000e+00   4.29991291e-03   1.96389626e-06   2.78068000e-08   0.00000000e+00
 1.70000000e-01   0.00000000e+00   1.00000000e+00   4.88076735e-03   2.09740788e-06   2.78068000e-08   0.00000000e+00
 1.80000000e-01   0.00000000e+00   1.00000000e+00   5.48552301e-03   2.61490857e-06   2.78068000e-08   0.00000000e+00
 1.90000000e-01   0.00000000e+00   1.00000000e+00   6.13508503e-03   2.82062820e-06   2.78068000e-08   0.00000000e+00
 2.00000000e-01   0.00000000e+00   1.00000000e+00   6.80417037e-03   3.15129386e-06   2.78068000e-08   0.00000000e+00
 2.10000000e-01   0.00000000e+00   1.00000000e+00   7.50717385e-03   3.17489683e-06   2.78068000e-08   0.00000000e+00
 2.20000000e-01   0.00000000e+00   1.00000000e+00   8.23802562e-03   3.08042581e-06   2.78068000e-08   0.00000000e+00
 2.30000000e-01   0.00000000e+00   1.00000000e+00   8.98539812e-03   2.81487182e-06   2.78068000e-08   0.00000000e+00
 2.40000000e-01   0.00000000e+00   1.00000000e+00   9.76780992e-03   2.33915672e-06   2.78068000e-08   0.00000000e+00
 2.50000000e-01   0.00000000e+00   1.00000000e+00   1.05594195e-02   1.99869230e-06   2.78068000e-08   0.00000000e+00
 2.60000000e-01   0.00000000e+00   1.00000000e+00   1.13796281e-02   1.50328183e-06   2.78068000e-08   0.00000000e+00
 2.70000000e-01   0.00000000e+00   1.00000000e+00   1.22154807e-02   1.47577082e-06   2.78068000e-08   0.00000000e+00
 2.80000000e-01   0.00000000e+00   1.00000000e+00   1.30651322e-02   1.32351084e-06   2.78068000e-08   0.00000000e+00
 2.90000000e-01   0.00000000e+00   1.00000000e+00   1.39368642e-02   1.77541064e-06   2.78068000e-08   0.00000000e+00
 3.00000000e-01   0.00000000e+00   1.00000000e+00   1.48150884e-02   1.96514021e-06   2.78068000e-08   0.00000000e+00
 3.10000000e-01   0.00000000e+00   1.00000000e+00   1.57090637e-02   2.63903070e-06   2.78068000e-08   0.00000000e+00
 3.20000000e-01   0.00000000e+00   1.00000000e+00   1.66151445e-02   2.81877784e-06   2.78068000e-08   0.00000000e+00
 3.30000000e-01   0.00000000e+00   1.00000000e+00   1.75232121e-02   3.27709872e-06   2.78068000e-08   0.00000000e+00
 3.40000000e-01   0.00000000e+00   1.00000000e+00   1.84501699e-02   3.12413348e-06   2.78068000e-08   0.00000000e+00
 3.50000000e-01   0.00000000e+00   1.00000000e+00   1.93742065e-02   3.16048975e-06   2.78068000e-08   0.00000000e+00
 3.60000000e-01   0.00000000e+00   1.00000000e+00   2.03124406e-02   2.68894478e-06   2.78068000e-08   0.00000000e+00
 3.70000000e-01   0.00000000e+00   1.00000000e+00   2.12570703e-02   2.46089656e-06   2.78068000e-08   0.00000000e+00
 3.80000000e-01   0.00000000e+00   1.00000000e+00   2.22033538e-02   1.95782780e-06   2.78068000e-08   0.00000000e+00
 3.90000000e-01   0.00000000e+00   1.00000000e+00   2.31664922e-02   1.77335068e-06   2.78068000e-08   0.00000000e+00
 4.00000000e-01   0.00000000e+00   1.00000000e+00   2.41256902e-02   1.52068208e-06   2.78068000e-08   0.00000000e+00
 4.10000000e-01   0.00000000e+00   1.00000000e+00   2.50986336e-02   1.57505099e-06   2.78068000e-08   0.00000000e+00
 4.20000000e-01   0.00000000e+00   1.00000000e+00   2.60745542e-02   1.66729075e-06   2.78068000e-08   0.00000000e+00
 4.30000000e-01   0.00000000e+00   1.00000000e+00   2.70500182e-02   1.95034060e-06   2.78068000e-08   0.00000000e+00
 4.40000000e-01   0.00000000e+00   1.00000000e+00   2.80361914e-02   2.28566379e-06   2.78068000e-08   0.00000000e+00
 4.50000000e-01   0.00000000e+00   1.00000000e+00   2.90122958e-02   2.61876344e-06   2.78068000e-08   0.00000000e+00
 4.60000000e-01   0.00000000e+00   1.00000000e+00   2.99941357e-02   2.96626904e-06   2.78068000e-08   0.00000000e+00
 4.70000000e-01   0.00000000e+00   1.00000000e+00   3.09686930e-02   3.09067766e-06   2.78068000e-08   0.00000000e+00
 4.80000000e-01   0.00000000e+00   1.00000000e+00   3.19342096e-02   3.21008461e-06   2.78068000e-08   0.00000000e+00
 4.90000000e-01   0.00000000e+00   1.00000000e+00   3.28976632e-02   2.94777932e-06   2.78068000e-08   0.00000000e+00
 5.00000000e-01   0.00000000e+00   1.00000000e+00   3.38431647e-02   2.77582045e-06   2.78068000e-08   0.00000000e+00
 5.10000000e-01   0.00000000e+00   1.00000000e+00   3.47807295e-02   2.21192451e-06   2.78068000e-08   0.00000000e+00
 5.20000000e-01   0.00000000e+00   1.00000000e+00   3.57047720e-02   1.97458008e-06   2.78068000e-08   0.00000000e+00
 5.30000000e-01   0.00000000e+00   1.00000000e+00   3.66056763e-02   1.45381354e-06   2.78068000e-08   0.00000000e+00
 5.40000000e-01   0.00000000e+00   1.00000000e+00   3.74999227e-02   1.50885740e-06   2.78068000e-08   0.00000000e+00
 5.50000000e-01   0.00000000e+00   1.00000000e+00   3.83615687e-02   1.35096302e-06   2.78068000e-08   0.00000000e+00
 5.60000000e-01   0.00000000e+00   1.00000000e+00   3.92110768e-02   1.83815232e-06   2.78068000e-08   0.00000000e+00
 5.70000000e-01   0.00000000e+00   1.00000000e+00   4.00325254e-02   2.02446797e-06   2.78068000e-08   0.00000000e+00
 5.80000000e-01   0.00000000e+00   1.00000000e+00   4.08254592e-02   2.68820275e-06   2.78068000e-08   0.00000000e+00
 5.90000000e-01   0.00000000e+00   1.00000000e+00   4.15992507e-02   2.87685556e-06   2.78068000e-08   0.00000000e+00
 6.00000000e-01   0.00000000e+00   1.00000000e+00   4.23337467e-02   3.28616018e-06   2.78068000e-08   0.00000000e+00
 6.10000000e-01   0.00000000e+00   1.00000000e+00   4.30477792e-02   3.16297597e-06   2.78068000e-08   0.00000000e+00
 6.20000000e-01   0.00000000e+00   1.00000000e+00   4.37276962e-02   3.10625480e-06   2.78068000e-08   0.00000000e+00
 6.30000000e-01   0.00000000e+00   1.00000000e+00   4.43755521e-02   2.69287906e-06   2.78068000e-08   0.00000000e+00
 6.40000000e-01   0.00000000e+00   1.00000000e+00   4.50013894e-02   2.33413893e-06   2.78068000e-08   0.00000000e+00
 6.50000000e-01   0.00000000e+00   1.00000000e+00   4.55877309e-02   1.94328146e-06   2.78068000e-08   0.00000000e+00
 6.60000000e-01   0.00000000e+00   1.00000000e+00   4.61546475e-02   1.62053737e-06   2.78068000e-08   0.00000000e+00
 6.70000000e-01   0.00000000e+00   1.00000000e+00   4.66880273e-02   1.55644117e-06   2.78068000e-08   0.00000000e+00
 6.80000000e-01   0.00000000e+00   1.00000000e+00   4.71924835e-02   1.48113154e-06   2.78068000e-08   0.00000000e+00
 6.90000000e-01   0.00000000e+00   1.00000000e+00   4.76739776e-02   1.80847779e-06   2.78068000e-08   0.00000000e+00
 7.00000000e-01   0.00000000e+00   1.00000000e+00   4.81185486e-02   1.94406243e-06   2.78068000e-08   0.00000000e+00
 7.10000000e-01   0.00000000e+00   1.00000000e+00   4.85399955e-02   2.48519815e-06   2.78068000e-08   0.00000000e+00
 7.20000000e-01   0.00000000e+00   1.00000000e+00   4.89287002e-02   2.62689650e-06   2.78068000e-08   0.00000000e+00
 7.30000000e-01   0.00000000e+00   1.00000000e+00   4.92819567e-02   3.10147375e-06   2.78068000e-08   0.00000000e+00
 7.40000000e-01   0.00000000e+00   1.00000000e+00   4.96120357e-02   3.02700510e-06   2.78068000e-08   0.00000000e+00
 7.50000000e-01   0.00000000e+00   1.00000000e+00   4.98967536e-02   3.21307344e-06   2.78068000e-08   0.00000000e+00
 7.60000000e-01   0.00000000e+00   1.00000000e+00   5.01583894e-02   2.82707497e-06   2.78068000e-08   0.00000000e+00
 7.70000000e-01   0.00000000e+00   1.00000000e+00   5.03784129e-02   2.69859760e-06   2.78068000e-08   0.00000000e+00
 7.80000000e-01   0.00000000e+00   1.00000000e+00   5.05634638e-02   2.13285912e-06   2.78068000e-08   0.00000000e+00
 7.90000000e-01   0.00000000e+00   1.00000000e+00   5.07172400e-02   1.90820141e-06   2.78068000e-08   0.00000000e+00
 8.00000000e-01   0.00000000e+00   1.00000000e+00   5.08256394e-02   1.48145160e-06   2.78068000e-08   0.00000000e+00
 8.10000000e-01   0.00000000e+00   1.00000000e+00   5.09037330e-02   1.48032601e-06   2.78068000e-08   0.00000000e+00
 8.20000000e-01   0.00000000e+00   1.00000000e+00   5.09389514e-02   1.46218732e-06   2.78068000e-08   0.00000000e+00
 8.30000000e-01   0.00000000e+00   1.00000000e+00   5.09320465e-02   1.81613435e-06   2.78068000e-08   0.00000000e+00
 8.40000000e-01   0.00000000e+00   1.00000000e+00   5.08917467e-02   2.16336181e-06   2.78068000e-08   0.00000000e+00
 8.50000000e-01   0.00000000e+00   1.00000000e+00   5.07987300e-02   2.64915889e-06   2.78068000e-08   0.00000000e+00
 8.60000000e-01   0.00000000e+00   1.00000000e+00   5.06737494e-02   3.00760454e-06   2.78068000e-08   0.00000000e+00
 8.70000000e-01   0.00000000e+00   1.00000000e+00   5.04998786e-02   3.22565417e-06   2.78068000e-08   0.00000000e+00
 8.80000000e-01   0.00000000e+00   1.00000000e+00   5.02840692e-02   3.25547926e-06   2.78068000e-08   0.00000000e+00
 8.90000000e-01   0.00000000e+00   1.00000000e+00   5.00327999e-02   3.00996050e-06   2.78068000e-08   0.00000000e+00
 9.00000000e-01   0.00000000e+00   1.00000000e+00   4.97317080e-02   2.71561210e-06   2.78068000e-08   0.00000000e+00
 9.10000000e-01   0.00000000e+00   1.00000000e+00   4.94019254e-02   2.19859835e-06   2.78068000e-08   0.00000000e+00
 9.20000000e-01   0.00000000e+00   1.00000000e+00   4.90291265e-02   1.91195789e-06   2.78068000e-08   0.00000000e+00
 9.30000000e-01   0.00000000e+00   1.00000000e+00   4.86214513e-02   1.50117140e-06   2.78068000e-08   0.00000000e+00
 9.40000000e-01   0.00000000e+00   1.00000000e+00   4.81868290e-02   1.55090458e-06   2.78068000e-08   0.00000000e+00
 9.50000000e-01   0.00000000e+00   1.00000000e+00   4.77096355e-02   1.45934386e-06   2.78068000e-08   0.00000000e+00
 9.60000000e-01   0.00000000e+00   1.00000000e+00   4.72138941e-02   1.88805834e-06   2.78068000e-08   0.00000000e+00
 9.70000000e-01   0.00000000e+00   1.00000000e+00   4.66796599e-02   2.02442745e-06   2.78068000e-08   0.00000000e+00
 9.80000000e-01   0.00000000e+00   1.00000000e+00   4.61209323e-02   2.60186857e-06   2.78068000e-08   0.00000000e+00
 9.90000000e-01   0.00000000e+00   1.00000000e+00   4.55367345e-02   2.71199432e-06   2.78068000e-08   0.00000000e+00
 1.00000000e+00   0.00000000e+00   1.00000000e+00   4.49195530e-02   3.14522810e-06   2.78068000e-08   0.00000000e+00
 1.01000000e+00   0.00000000e+00   1.00000000e+00   4.42839805e-02   3.02640403e-06   2.78068000e-08   0.00000000e+00
 1.02000000e+00   0.00000000e+00   1.00000000e+00   4.36185362e-02   3.14111063e-06   2.78068000e-08   0.00000000e+00
 1.03000000e+00   0.00000000e+00   1.00000000e+00   4.29291834e-02   2.76124605e-06   2.78068000e-08   0.00000000e+00
 1.04000000e+00   0.00000000e+00   1.00000000e+00   4.22222803e-02   2.57639898e-06   2.78068000e-08   0.00000000e+00
 1.05000000e+00   0.00000000e+00   1.00000000e+00   4.14838690e-02   2.09743585e-06   2.78068000e-08   0.00000000e+00
 1.06000000e+00   0.00000000e+00   1.00000000e+00   4.07339921e-02   1.81933544e-06   2.78068000e-08   0.00000000e+00
 1.07000000e+00   0.00000000e+00   1.00000000e+00   3.99560707e-02   1.53456161e-06   2.78068000e-08   0.00000000e+00
 1.08000000e+00   0.00000000e+00   1.00000000e+00   3.91590701e-02   1.44042138e-06   2.78068000e-08   0.00000000e+00
 1.09000000e+00   0.00000000e+00   1.00000000e+00   3.83460932e-02   1.58460801e-06   2.78068000e-08   0.00000000e+00
 1.10000000e+00   0.00000000e+00   1.00000000e+00   3.75036218e-02   1.79048305e-06   2.78068000e-08   0.00000000e+00
 1.11000000e+00   0.00000000e+00   1.00000000e+00   3.66508073e-02   2.30843392e-06   2.78068000e-08   0.00000000e+00
 1.12000000e+00   0.00000000e+00   1.00000000e+00   3.57703733e-02   2.61024555e-06   2.78068000e-08   0.00000000e+00
 1.13000000e+00   0.00000000e+00   1.00000000e+00   3.48717548e-02   3.13888277e-06   2.78068000e-08   0.00000000e+00
 1.14000000e+00   0.00000000e+00   1.00000000e+00   3.39591999e-02   3.16116269e-06   2.78068000e-08   0.00000000e+00
 1.15000000e+00   0.00000000e+00   1.00000000e+00   3.30185295e-02   3.33682431e-06   2.78068000e-08   0.00000000e+00
 1.16000000e+00   0.00000000e+00   1.00000000e+00   3.20742942e-02   2.90867493e-06   2.78068000e-08   0.00000000e+00
 1.17000000e+00   0.00000000e+00   1.00000000e+00   3.11055001e-02   2.71911817e-06   2.78068000e-08   0.00000000e+00
 1.18000000e+00   0.00000000e+00   1.00000000e+00   3.01306600e-02   2.07586083e-06   2.78068000e-08   0.00000000e+00
 1.19000000e+00   0.00000000e+00   1.00000000e+00   2.91476834e-02   1.86073674e-06   2.78068000e-08   0.00000000e+00
 1.20000000e+00   0.00000000e+00   1.00000000e+00   2.81517767e-02   1.42509487e-06   2.78068000e-08   0.00000000e+00
 1.21000000e+00   0.00000000e+00   1.00000000e+00   2.71607496e-02   1.51689856e-06   2.78068000e-08   0.00000000e+00
 1.22000000e+00   0.00000000e+00   1.00000000e+00   2.61601382e-02   1.50141148e-06   2.78068000e-08   0.00000000e+00
 1.23000000e+00   0.00000000e+00   1.00000000e+00   2.51630632e-02   1.91233301e-06   2.78068000e-08   0.00000000e+00
 1.24000000e+00   0.00000000e+00   1.00000000e+00   2.41708621e-02   2.17242781e-06   2.78068000e-08   0.00000000e+00
 1.25000000e+00   0.00000000e+00   1.00000000e+00   2.31746235e-02   2.63514602e-06   2.78068000e-08   0.00000000e+00
 1.26000000e+00   0.00000000e+00   1.00000000e+00   2.21947141e-02   2.86583906e-06   2.78068000e-08   0.00000000e+00
 1.27000000e+00   0.00000000e+00   1.00000000e+00   2.12127058e-02   3.10045387e-06   2.78068000e-08   0.00000000e+00
 1.28000000e+00   0.00000000e+00   1.00000000e+00   2.02453336e-02   3.09826391e-06   2.78068000e-08   0.00000000e+00
 1.29000000e+00   0.00000000e+00   1.00000000e+00   1.92894787e-02   2.99845080e-06   2.78068000e-08   0.00000000e+00
 1.30000000e+00   0.00000000e+00   1.00000000e+00   1.83407345e-02   2.75914001e-06   2.78068000e-08   0.00000000e+00
 1.31000000e+00   0.00000000e+00   1.00000000e+00   1.74146922e-02   2.40819862e-06   2.78068000e-08   0.00000000e+00
 1.32000000e+00   0.00000000e+00   1.00000000e+00   1.64969601e-02   2.09612465e-06   2.78068000e-08   0.00000000e+00
 1.33000000e+00   0.00000000e+00   1.00000000e+00   1.55993935e-02   1.71269199e-06   2.78068000e-08   0.00000000e+00
 1.34000000e+00   0.00000000e+00   1.00000000e+00   1.47217559e-02   1.58601817e-06   2.78068000e-08   0.00000000e+00
 1.35000000e+00   0.00000000e+00   1.00000000e+00   1.38546555e-02   1.42091739e-06   2.78068000e-08   0.00000000e+00
 1.36000000e+00   0.00000000e+00   1.00000000e+00   1.30157096e-02   1.67796130e-06   2.78068000e-08   0.00000000e+00
 1.37000000e+00   0.00000000e+00   1.00000000e+00   1.21860655e-02   1.82351830e-06   2.78068000e-08   0.00000000e+00
 1.38000000e+00   0.00000000e+00   1.00000000e+00   1.13788499e-02   2.39976882e-06   2.78068000e-08   0.00000000e+00
 1.39000000e+00   0.00000000e+00   1.00000000e+00   1.05916031e-02   2.64657528e-06   2.78068000e-08   0.00000000e+00
 1.40000000e+00   0.00000000e+00   1.00000000e+00   9.81489079e-03   3.18908004e-06   2.78068000e-08   0.00000000e+00
 1.41000000e+00   0.00000000e+00   1.00000000e+00   9.06774474e-03   3.16548142e-06   2.78068000e-08   0.00000000e+00
 1.42000000e+00   0.00000000e+00   1.00000000e+00   8.32997284e-03   3.32379371e-06   2.78068000e-08   0.00000000e+00
 1.43000000e+00   0.00000000e+00   1.00000000e+00   7.61864532e-03   2.86918121e-06   2.78068000e-08   0.00000000e+00
 1.44000000e+00   0.00000000e+00   1.00000000e+00   6.93044607e-03   2.64625876e-06   2.78068000e-08   0.00000000e+00
 1.45000000e+00   0.00000000e+00   1.00000000e+00   6.25857308e-03   2.01729318e-06   2.78068000e-08   0.00000000e+00
 1.46000000e+00   0.00000000e+00   1.00000000e+00   5.62431034e-03   1.76819013e-06   2.78068000e-08   0.00000000e+00
 1.47000000e+00   0.00000000e+00   1.00000000e+00   5.00499340e-03   1.40761267e-06   2.78068000e-08   0.00000000e+00
 1.48000000e+00   0.00000000e+00   1.00000000e+00   4.42411777e-03   1.46263187e-06   2.78068000e-08   0.00000000e+00
 1.49000000e+00   0.00000000e+00   1.00000000e+00   3.87037060e-03   1.57650380e-06   2.78068000e-08   0.00000000e+00
 1.50000000e+00   0.00000000e+00   1.00000000e+00   3.34583411e-03   1.91724602e-06   2.78068000e-08   0.00000000e+00
 1.51000000e+00   0.00000000e+00   1.00000000e+00   2.86168186e-03   2.32574427e-06   2.78068000e-08   0.00000000e+00
 1.52000000e+00   0.00000000e+00   1.00000000e+00   2.40341996e-03   2.65040265e-06   2.78068000e-08   0.00000000e+00
 1.53000000e+00   0.00000000e+00   1.00000000e+00   1.98670755e-03   3.01695346e-06   2.78068000e-08   0.00000000e+00
 1.54000000e+00   0.00000000e+00   1.00000000e+00   1.60530599e-03   3.04938814e-06   2.78068000e-08   0.00000000e+00
 1.55000000e+00   0.00000000e+00   1.00000000e+00   1.25795223e-03   3.17219893e-06   2.78068000e-08   0.00000000e+00
 1.56000000e+00   0.00000000e+00   1.00000000e+00   9.57033081e-04   2.85863405e-06   2.78068000e-08   0.00000000e+00
 1.57000000e+00   0.00000000e+00   1.00000000e+00   6.88682753e-04   2.75602683e-06   2.78068000e-08   0.00000000e+00
 1.58000000e+00   0.00000000e+00   1.00000000e+00   4.66037923e-04   2.24328496e-06   2.78068000e-08   0.00000000e+00
 1.59000000e+00   0.00000000e+00   1.00000000e+00   2.85813763e-04   2.08183156e-06   2.78068000e-08   0.00000000e+00
 1.60000000e+00   0.00000000e+00   1.00000000e+00   1.41061648e-04   1.61676728e-06   2.78068000e-08   0.00000000e+00
 1.61000000e+00   0.00000000e+00   1.00000000e+00   4.78751567e-05   1.61688099e-06   2.78068000e-08   0.00000000e+00
 1.62000000e+00   0.00000000e+00   1.00000000e+00  -1.46770914e-05   1.43612497e-06   2.78068000e-08   0.00000000e+00
 1.63000000e+00   0.00000000e+00   1.00000000e+00  -3.07891492e-05   1.74446916e-06   2.78068000e-08   0.00000000e+00
 1.64000000e+00   0.00000000e+00   1.00000000e+00  -8.69018107e-06   1.91493340e-06   2.78068000e-08   0.00000000e+00
 1.65000000e+00   0.00000000e+00   1.00000000e+00   4.40454556e-05   2.44322308e-06   2.78068000e-08   0.00000000e+00
 1.66000000e+00   0.00000000e+00   1.00000000e+00   1.44373312e-04   2.74660145e-06   2.78068000e-08   0.00000000e+00
 1.67000000e+00   0.00000000e+00   1.00000000e+00   2.66008016e-04   3.16006075e-06   2.78068000e-08   0.00000000e+00
 1.68000000e+00   0.00000000e+00   1.00000000e+00   4.32419816e-04   3.22950337e-06   2.78068000e-08   0.00000000e+00
 1.69000000e+00   0.00000000e+00   1.00000000e+00   6.26421438e-04   3.21856021e-06   2.78068000e-08   0.00000000e+00
 1.70000000e+00   0.00000000e+00   1.00000000e+00   8.51873444e-04   2.89388263e-06   2.78068000e-08   0.00000000e+00
 1.71000000e+00   0.00000000e+00   1.00000000e+00   1.11663692e-03   2.50117968e-06   2.78068000e-08   0.00000000e+00
 1.72000000e+00   0.00000000e+00   1.00000000e+00   1.40449452e-03   2.02836615e-06   2.78068000e-08   0.00000000e+00
 1.73000000e+00   0.00000000e+00   1.00000000e+00   1.73306302e-03   1.63745436e-06   2.78068000e-08   0.00000000e+00
 1.74000000e+00   0.00000000e+00   1.00000000e+00   2.09015249e-03   1.44219679e-06   2.78068000e-08   0.00000000e+00
 1.75000000e+00   0.00000000e+00   1.00000000e+00   2.47815885e-03   1.39559181e-06   2.78068000e-08   0.00000000e+00
 1.76000000e+00   0.00000000e+00   1.00000000e+00   2.90446645e-03   1.66089492e-06   2.78068000e-08   0.00000000e+00
 1.77000000e+00   0.00000000e+00   1.00000000e+00   3.35499169e-03   1.92921548e-06   2.78068000e-08   0.00000000e+00
 1.78000000e+00   0.00000000e+00   1.00000000e+00   3.84320117e-03   2.44548421e-06   2.78068000e-08   0.00000000e+00
 1.79000000e+00   0.00000000e+00   1.00000000e+00   4.36164860e-03   2.69976639e-06   2.78068000e-08   0.00000000e+00
 1.80000000e+00   0.00000000e+00   1.00000000e+00   4.90674884e-03   3.11002590e-06   2.78068000e-08   0.00000000e+00
 1.81000000e+00   0.00000000e+00   1.00000000e+00   5.49261649e-03   3.06038607e-06   2.78068000e-08   0.00000000e+00
 1.82000000e+00   0.00000000e+00   1.00000000e+00   6.09852320e-03   3.17672629e-06   2.78068000e-08   0.00000000e+00
 1.83000000e+00   0.00000000e+00   1.00000000e+00   6.74518525e-03   2.79213439e-06   2.78068000e-08   0.00000000e+00
 1.84000000e+00   0.00000000e+00   1.00000000e+00   7.41919501e-03   2.67760357e-06   2.78068000e-08   0.00000000e+00
 1.85000000e+00   0.00000000e+00   1.00000000e+00   8.12169121e-03   2.14528094e-06   2.78068000e-08   0.00000000e+00
 1.86000000e+00   0.00000000e+00   1.00000000e+00   8.86348108e-03   1.99863565e-06   2.78068000e-08   0.00000000e+00
 1.87000000e+00   0.00000000e+00   1.00000000e+00   9.62303810e-03   1.57838758e-06   2.78068000e-08   0.00000000e+00
 1.88000000e+00   0.00000000e+00   1.00000000e+00   1.04218928e-02   1.60186279e-06   2.78068000e-08   0.00000000e+00
 1.89000000e+00   0.00000000e+00   1.00000000e+00   1.12400401e-02   1.50106707e-06   2.78068000e-08   0.00000000e+00
 1.90000000e+00   0.00000000e+00   1.00000000e+00   1.20830986e-02   1.78943245e-06   2.78068000e-08   0.00000000e+00
 1.91000000e+00   0.00000000e+00   1.00000000e+00   1.29525676e-02   2.03986294e-06   2.78068000e-08   0.00000000e+00
 1.92000000e+00   0.00000000e+00   1.00000000e+00   1.38328684e-02   2.47283389e-06   2.78068000e-08   0.00000000e+00
 1.93000000e+00   0.00000000e+00   1.00000000e+00   1.47376767e-02   2.85491563e-06   2.78068000e-08   0.00000000e+00
 1.94000000e+00   0.00000000e+00   1.00000000e+00   1.56521004e-02   3.11273764e-06   2.78068000e-08   0.00000000e+00
 1.95000000e+00   0.00000000e+00   1.00000000e+00   1.65778107e-02   3.28517989e-06   2.78068000e-08   0.00000000e+00
 1.96000000e+00   0.00000000e+00   1.00000000e+00   1.75192709e-02   3.09734733e-06   2.78068000e-08   0.00000000e+00
 1.97000000e+00   0.00000000e+00   1.00000000e+00   1.84610853e-02   2.91424243e-06   2.78068000e-08   0.00000000e+00
 1.98000000e+00   0.00000000e+00   1.00000000e+00   1.94169341e-02   2.35447198e-06   2.78068000e-08   0.00000000e+00
 1.99000000e+00   0.00000000e+00   1.00000000e+00   2.03757502e-02   2.04730726e-06   2.78068000e-08   0.00000000e+00
 2.00000000e+00   0.00000000e+00   1.00000000e+00   2.13352730e-02   1.51856717e-06   2.78068000e-08   0.00000000e+00
 2.01000000e+00   0.00000000e+00   1.00000000e+00   2.23072287e-02   1.48379116e-06   2.78068000e-08   0.00000000e+00
 2.02000000e+00   0.00000000e+00   1.00000000e+00   2.32680957e-02   1.34486171e-06   2.78068000e-08   0.00000000e+00
 2.03000000e+00   0.00000000e+00   1.00000000e+00   2.42414377e-02   1.73399853e-06   2.78068000e-08   0.00000000e+00
 2.04000000e+00   0.00000000e+00   1.00000000e+00   2.52060470e-02   1.96159979e-06   2.78068000e-08   0.00000000e+00
 2.05000000e+00   0.00000000e+00   1.00000000e+00   2.61694863e-02   2.53040600e-06   2.78068000e-08   0.00000000e+00
 2.06000000e+00   0.00000000e+00   1.00000000e+00   2.71358602e-02   2.78357054e-06   2.78068000e-08   0.00000000e+00
 2.07000000e+00   0.00000000e+00   1.00000000e+00   2.80875425e-02   3.14904969e-06   2.78068000e-08   0.00000000e+00
 2.08000000e+00   0.00000000e+00   1.00000000e+00   2.90470084e-02   3.12604845e-06   2.78068000e-08   0.00000000e+00
 2.09000000e+00   0.00000000e+00   1.00000000e+00   2.99924531e-02   3.11259071e-06   2.78068000e-08   0.00000000e+00
 2.10000000e+00   0.00000000e+00   1.00000000e+00   3.09371821e-02   2.79530729e-06   2.78068000e-08   0.00000000e+00
 2.11000000e+00   0.00000000e+00   1.00000000e+00   3.18788152e-02   2.52204967e-06   2.78068000e-08   0.00000000e+00
 2.12000000e+00   0.00000000e+00   1.00000000e+00   3.28086498e-02   2.12147637e-06   2.78068000e-08   0.00000000e+00
 2.13000000e+00   0.00000000e+00   1.00000000e+00   3.37400111e-02   1.84311980e-06   2.78068000e-08   0.00000000e+00
 2.14000000e+00   0.00000000e+00   1.00000000e+00   3.46584994e-02   1.60889788e-06   2.78068000e-08   0.00000000e+00
 2.15000000e+00   0.00000000e+00   1.00000000e+00   3.55693745e-02   1.53543924e-06   2.78068000e-08   0.00000000e+00
 2.16000000e+00   0.00000000e+00   1.00000000e+00   3.64733105e-02   1.61766550e-06   2.78068000e-08   0.00000000e+00
 2.17000000e+00   0.00000000e+00   1.00000000e+00   3.73575402e-02   1.81195473e-06   2.78068000e-08   0.00000000e+00
 2.18000000e+00   0.00000000e+00   1.00000000e+00   3.82334909e-02   2.18388968e-06   2.78068000e-08   0.00000000e+00
 2.19000000e+00   0.00000000e+00   1.00000000e+00   3.90885034e-02   2.50660779e-06   2.78068000e-08   0.00000000e+00
 2.20000000e+00   0.00000000e+00   1.00000000e+00   3.99212690e-02   2.94015874e-06   2.78068000e-08   0.00000000e+00
 2.21000000e+00   0.00000000e+00   1.00000000e+00   4.07406459e-02   3.09200585e-06   2.78068000e-08   0.00000000e+00
 2.22000000e+00   0.00000000e+00   1.00000000e+00   4.15232962e-02   3.28244300e-06   2.78068000e-08   0.00000000e+00
 2.23000000e+00   0.00000000e+00   1.00000000e+00   4.22938001e-02   3.02510748e-06   2.78068000e-08   0.00000000e+00
 2.24000000e+00   0.00000000e+00   1.00000000e+00   4.30269354e-02   2.86173654e-06   2.78068000e-08   0.00000000e+00
 2.25000000e+00   0.00000000e+00   1.00000000e+00   4.37354318e-02   2.27750528e-06   2.78068000e-08   0.00000000e+00
 2.26000000e+00   0.00000000e+00   1.00000000e+00   4.44173039e-02   1.99896361e-06   2.78068000e-08   0.00000000e+00
 2.27000000e+00   0.00000000e+00   1.00000000e+00   4.50591063e-02   1.47817207e-06   2.78068000e-08   0.00000000e+00
 2.28000000e+00   0.00000000e+00   1.00000000e+00   4.56799118e-02   1.47115672e-06   2.78068000e-08   0.00000000e+00
 2.29000000e+00   0.00000000e+00   1.00000000e+00   4.62575046e-02   1.36108788e-06   2.78068000e-08   0.00000000e+00
 2.30000000e+00   0.00000000e+00   1.00000000e+00   4.68054109e-02   1.76360116e-06   2.78068000e-08   0.00000000e+00
 2.31000000e+00   0.00000000e+00   1.00000000e+00   4.73192014e-02   2.03441666e-06   2.78068000e-08   0.00000000e+00
 2.32000000e+00   0.00000000e+00   1.00000000e+00   4.77902897e-02   2.58112062e-06   2.78068000e-08   0.00000000e+00
 2.33000000e+00   0.00000000e+00   1.00000000e+00   4.82339461e-02   2.88202930e-06   2.78068000e-08   0.00000000e+00
 2.34000000e+00   0.00000000e+00   1.00000000e+00   4.86334302e-02   3.16649035e-06   2.78068000e-08   0.00000000e+00
 2.35000000e+00   0.00000000e+00   1.00000000e+00   4.90003895e-02   3.19291704e-06   2.78068000e-08   0.00000000e+00
 2.36000000e+00   0.00000000e+00   1.00000000e+00   4.93341012e-02   3.04115161e-06   2.78068000e-08   0.00000000e+00
 2.37000000e+00   0.00000000e+00   1.00000000e+00   4.96265807e-02   2.79752586e-06   2.78068000e-08   0.00000000e+00
 2.38000000e+00   0.00000000e+00   1.00000000e+00   4.98940539e-02   2.36824039e-06   2.78068000e-08   0.00000000e+00
 2.39000000e+00   0.00000000e+00   1.00000000e+00   5.01218695e-02   2.09855333e-06   2.78068000e-08   0.00000000e+00
 2.40000000e+00   0.00000000e+00   1.00000000e+00   5.03192699e-02   1.69123636e-06   2.78068000e-08   0.00000000e+00
 2.41000000e+00   0.00000000e+00   1.00000000e+00   5.04888089e-02   1.64215221e-06   2.78068000e-08   0.00000000e+00
 2.42000000e+00   0.00000000e+00   1.00000000e+00   5.06162183e-02   1.47328401e-06   2.78068000e-08   0.00000000e+00
 2.43000000e+00   0.00000000e+00   1.00000000e+00   5.07230140e-02   1.73719650e-06   2.78068000e-08   0.00000000e+00
 2.44000000e+00   0.00000000e+00   1.00000000e+00   5.07849734e-02   1.84306160e-06   2.78068000e-08   0.00000000e+00
 2.45000000e+00   0.00000000e+00   1.00000000e+00   5.08190375e-02   2.32402211e-06   2.78068000e-08   0.00000000e+00
 2.46000000e+00   0.00000000e+00   1.00000000e+00   5.08171657e-02   2.55542150e-06   2.78068000e-08   0.00000000e+00
 2.47000000e+00   0.00000000e+00   1.00000000e+00   5.07740057e-02   3.00280308e-06   2.78068000e-08   0.00000000e+00
 2.48000000e+00   0.00000000e+00   1.00000000e+00   5.07021059e-02   3.09398154e-06   2.78068000e-08   0.00000000e+00
 2.49000000e+00   0.00000000e+00   1.00000000e+00   5.05854470e-02   3.23257590e-06   2.78068000e-08   0.00000000e+00
 2.50000000e+00   0.00000000e+00   1.00000000e+00   5.04346934e-02   2.98989268e-06   2.78068000e-08   0.00000000e+00
 2.51000000e+00   0.00000000e+00   1.00000000e+00   5.02482265e-02   2.74623445e-06   2.78068000e-08   0.00000000e+00
 2.52000000e+00   0.00000000e+00   1.00000000e+00   5.00163412e-02   2.26072046e-06   2.78068000e-08   0.00000000e+00
 2.53000000e+00   0.00000000e+00   1.00000000e+00   4.97562175e-02   1.88682666e-06   2.78068000e-08   0.00000000e+00
 2.54000000e+00   0.00000000e+00   1.00000000e+00   4.94486521e-02   1.51738039e-06   2.78068000e-08   0.00000000e+00
 2.55000000e+00   0.00000000e+00   1.00000000e+00   4.91070273e-02   1.40078799e-06   2.78068000e-08   0.00000000e+00
 2.56000000e+00   0.00000000e+00   1.00000000e+00   4.87285191e-02   1.45418965e-06   2.78068000e-08   0.00000000e+00
 2.57000000e+00   0.00000000e+00   1.00000000e+00   4.83035581e-02   1.74064275e-06   2.78068000e-08   0.00000000e+00
 2.58000000e+00   0.00000000e+00   1.00000000e+00   4.78515229e-02   2.15642412e-06   2.78068000e-08   0.00000000e+00
 2.59000000e+00   0.00000000e+00   1.00000000e+00   4.73509142e-02   2.58999385e-06   2.78068000e-08   0.00000000e+00
 2.60000000e+00   0.00000000e+00   1.00000000e+00   4.68202040e-02   2.99327314e-06   2.78068000e-08   0.00000000e+00
 2.61000000e+00   0.00000000e+00   1.00000000e+00   4.62541990e-02   3.16864127e-06   2.78068000e-08   0.00000000e+00
 2.62000000e+00   0.00000000e+00   1.00000000e+00   4.56477892e-02   3.24279875e-06   2.78068000e-08   0.00000000e+00
 2.63000000e+00   0.00000000e+00   1.00000000e+00   4.50215729e-02   2.99212550e-06   2.78068000e-08   0.00000000e+00
 2.64000000e+00   0.00000000e+00   1.00000000e+00   4.43533623e-02   2.76047642e-06   2.78068000e-08   0.00000000e+00
 2.65000000e+00   0.00000000e+00   1.00000000e+00   4.36686462e-02   2.26850916e-06   2.78068000e-08   0.00000000e+00
 2.66000000e+00   0.00000000e+00   1.00000000e+00   4.29541503e-02   2.01815617e-06   2.78068000e-08   0.00000000e+00
 2.67000000e+00   0.00000000e+00   1.00000000e+00   4.22166389e-02   1.60883026e-06   2.78068000e-08   0.00000000e+00
 2.68000000e+00   0.00000000e+00   1.00000000e+00   4.14626855e-02   1.60865523e-06   2.78068000e-08   0.00000000e+00
 2.69000000e+00   0.00000000e+00   1.00000000e+00   4.06838680e-02   1.48263658e-06   2.78068000e-08   0.00000000e+00
 2.70000000e+00   0.00000000e+00   1.00000000e+00   3.98894811e-02   1.79539310e-06   2.78068000e-08   0.00000000e+00
 2.71000000e+00   0.00000000e+00   1.00000000e+00   3.90792469e-02   1.93763150e-06   2.78068000e-08   0.00000000e+00
 2.72000000e+00   0.00000000e+00   1.00000000e+00   3.82453765e-02   2.41712965e-06   2.78068000e-08   0.00000000e+00
 2.73000000e+00   0.00000000e+00   1.00000000e+00   3.74051310e-02   2.64770981e-06   2.78068000e-08   0.00000000e+00
 2.74000000e+00   0.00000000e+00   1.00000000e+00   3.65398619e-02   3.03089465e-06   2.78068000e-08   0.00000000e+00
 2.75000000e+00   0.00000000e+00   1.00000000e+00   3.56658879e-02   3.11208660e-06   2.78068000e-08   0.00000000e+00
 2.76000000e+00   0.00000000e+00   1.00000000e+00   3.47785137e-02   3.15859798e-06   2.78068000e-08   0.00000000e+00
 2.77000000e+00   0.00000000e+00   1.00000000e+00   3.38717824e-02   2.95180836e-06   2.78068000e-08   0.00000000e+00
 2.78000000e+00   0.00000000e+00   1.00000000e+00   3.29643040e-02   2.62224317e-06   2.78068000e-08   0.00000000e+00
 2.79000000e+00   0.00000000e+00   1.00000000e+00   3.20339471e-02   2.24054198e-06   2.78068000e-08   0.00000000e+00
 2.80000000e+00   0.00000000e+00   1.00000000e+00   3.11018655e-02   1.78432609e-06   2.78068000e-08   0.00000000e+00
 2.81000000e+00   0.00000000e+00   1.00000000e+00   3.01575339e-02   1.56166613e-06   2.78068000e-08   0.00000000e+00
 2.82000000e+00   0.00000000e+00   1.00000000e+00   2.91991602e-02   1.34720796e-06   2.78068000e-08   0.00000000e+00
 2.83000000e+00   0.00000000e+00   1.00000000e+00   2.82422877e-02   1.55305983e-06   2.78068000e-08   0.00000000e+00
 2.84000000e+00   0.00000000e+00   1.00000000e+00   2.72644788e-02   1.72607023e-06   2.78068000e-08   0.00000000e+00
 2.85000000e+00   0.00000000e+00   1.00000000e+00   2.62904043e-02   2.27422858e-06   2.78068000e-08   0.00000000e+00
 2.86000000e+00   0.00000000e+00   1.00000000e+00   2.53038074e-02   2.59699341e-06   2.78068000e-08   0.00000000e+00
 2.87000000e+00   0.00000000e+00   1.00000000e+00   2.43128523e-02   3.08968453e-06   2.78068000e-08   0.00000000e+00
 2.88000000e+00   0.00000000e+00   1.00000000e+00   2.33240380e-02   3.17240035e-06   2.78068000e-08   0.00000000e+00
 2.89000000e+00   0.00000000e+00   1.00000000e+00   2.23278942e-02   3.27129129e-06   2.78068000e-08   0.00000000e+00
 2.90000000e+00   0.00000000e+00   1.00000000e+00   2.13395780e-02   2.96193090e-06   2.78068000e-08   0.00000000e+00
 2.91000000e+00   0.00000000e+00   1.00000000e+00   2.03550935e-02   2.69385079e-06   2.78068000e-08   0.00000000e+00
 2.92000000e+00   0.00000000e+00   1.00000000e+00   1.93738868e-02   2.20794323e-06   2.78068000e-08   0.00000000e+00
 2.93000000e+00   0.00000000e+00   1.00000000e+00   1.84121401e-02   1.89521382e-06   2.78068000e-08   0.00000000e+00
 2.94000000e+00   0.00000000e+00   1.00000000e+00   1.74522496e-02   1.58209254e-06   2.78068000e-08   0.00000000e+00
 2.95000000e+00   0.00000000e+00   1.00000000e+00   1.65162155e-02   1.52116245e-06   2.78068000e-08   0.00000000e+00
 2.96000000e+00   0.00000000e+00   1.00000000e+00   1.55926103e-02   1.55785200e-06   2.78068000e-08   0.00000000e+00
 2.97000000e+00   0.00000000e+00   1.00000000e+00   1.46850342e-02   1.79621469e-06   2.78068000e-08   0.00000000e+00
 2.98000000e+00   0.00000000e+00   1.00000000e+00   1.38041213e-02   2.09657395e-06   2.78068000e-08   0.00000000e+00
 2.99000000e+00   0.00000000e+00   1.00000000e+00   1.29340623e-02   2.45732699e-06   2.78068000e-08   0.00000000e+00
 3.00000000e+00   0.00000000e+00   1.00000000e+00   1.20940025e-02   2.78613042e-06   2.78068000e-08   0.00000000e+00
 3.01000000e+00   0.00000000e+00   1.00000000e+00   1.12730363e-02   3.01771755e-06   2.78068000e-08   0.00000000e+00
 3.02000000e+00   0.00000000e+00   1.00000000e+00   1.04734723e-02   3.14642137e-06   2.78068000e-08   0.00000000e+00
 3.03000000e+00   0.00000000e+00   1.00000000e+00   9.70687126e-03   3.06608907e-06   2.78068000e-08   0.00000000e+00
 3.04000000e+00   0.00000000e+00   1.00000000e+00   8.95531155e-03   2.90135636e-06   2.78068000e-08   0.00000000e+00
 3.05000000e+00   0.00000000e+00   1.00000000e+00   8.24026346e-03   2.51395806e-06   2.78068000e-08   0.00000000e+00
 3.06000000e+00   0.00000000e+00   1.00000000e+00   7.54659233e-03   2.18821355e-06   2.78068000e-08   0.00000000e+00
 3.07000000e+00   0.00000000e+00   1.00000000e+00   6.87984318e-03   1.73214044e-06   2.78068000e-08   0.00000000e+00
 3.08000000e+00   0.00000000e+00   1.00000000e+00   6.24612738e-03   1.56020906e-06   2.78068000e-08   0.00000000e+00
 3.09000000e+00   0.00000000e+00   1.00000000e+00   5.63070714e-03   1.36352040e-06   2.78068000e-08   0.00000000e+00
 3.10000000e+00   0.00000000e+00   1.00000000e+00   5.04996645e-03   1.59534609e-06   2.78068000e-08   0.00000000e+00
 3.11000000e+00   0.00000000e+00   1.00000000e+00   4.49222321e-03   1.78007640e-06   2.78068000e-08   0.00000000e+00
 3.12000000e+00   0.00000000e+00   1.00000000e+00   3.95844109e-03   2.33044148e-06   2.78068000e-08   0.00000000e+00
 3.13000000e+00   0.00000000e+00   1.00000000e+00   3.46023412e-03   2.65677904e-06   2.78068000e-08   0.00000000e+00
 3.14000000e+00   0.00000000e+00   1.00000000e+00   2.97745031e-03   3.13047407e-06   2.78068000e-08   0.00000000e+00
 3.15000000e+00   0.00000000e+00   1.00000000e+00   2.53525955e-03   3.20906978e-06   2.78068000e-08   0.00000000e+00
 3.16000000e+00   0.00000000e+00   1.00000000e+00   2.11487007e-03   3.26115549e-06   2.78068000e-08   0.00000000e+00
 3.17000000e+00   0.00000000e+00   1.00000000e+00   1.72803912e-03   2.94823960e-06   2.78068000e-08   0.00000000e+00
 3.18000000e+00   0.00000000e+00   1.00000000e+00   1.37849279e-03   2.61102945e-06   2.78068000e-08   0.00000000e+00
 3.19000000e+00   0.00000000e+00   1.00000000e+00   1.05567041e-03   2.15421041e-06   2.78068000e-08   0.00000000e+00
 3.20000000e+00   0.00000000e+00   1.00000000e+00   7.77821879e-04   1.77596465e-06   2.78068000e-08   0.00000000e+00
 3.21000000e+00   0.00000000e+00   1.00000000e+00   5.32113920e-04   1.55804646e-06   2.78068000e-08   0.00000000e+00
 3.22000000e+00   0.00000000e+00   1.00000000e+00   3.25147858e-04   1.44731287e-06   2.78068000e-08   0.00000000e+00
 3.23000000e+00   0.00000000e+00   1.00000000e+00   1.63208876e-04   1.63290746e-06   2.78068000e-08   0.00000000e+00
 3.24000000e+00   0.00000000e+00   1.00000000e+00   3.19022310e-05   1.80820576e-06   2.78068000e-08   0.00000000e+00
 3.25000000e+00   0.00000000e+00   1.00000000e+00  -4.94117275e-05   2.25126487e-06   2.78068000e-08   0.00000000e+00
 3.26000000e+00   0.00000000e+00   1.00000000e+00  -9.65082178e-05   2.49971884e-06   2.78068000e-08   0.00000000e+00
 3.27000000e+00   0.00000000e+00   1.00000000e+00  -1.01870353e-04   2.91647991e-06   2.78068000e-08   0.00000000e+00
 3.28000000e+00   0.00000000e+00   1.00000000e+00  -6.09593075e-05   3.00165180e-06   2.78068000e-08   0.00000000e+00
 3.29000000e+00   0.00000000e+00   1.00000000e+00   1.21730175e-05   3.17031719e-06   2.78068000e-08   0.00000000e+00
 3.30000000e+00   0.00000000e+00   1.00000000e+00   1.36452795e-04   2.97548495e-06   2.78068000e-08   0.00000000e+00
 3.31000000e+00   0.00000000e+00   1.00000000e+00   2.95261085e-04   2.83667166e-06   2.78068000e-08   0.00000000e+00
 3.32000000e+00   0.00000000e+00   1.00000000e+00   4.95816267e-04   2.42101912e-06   2.78068000e-08   0.00000000e+00
 3.33000000e+00   0.00000000e+00   1.00000000e+00   7.41374237e-04   2.11347591e-06   2.78068000e-08   0.00000000e+00
 3.34000000e+00   0.00000000e+00   1.00000000e+00   1.01587944e-03   1.71349029e-06   2.78068000e-08   0.00000000e+00
 3.35000000e+00   0.00000000e+00   1.00000000e+00   1.33828568e-03   1.52537535e-06   2.78068000e-08   0.00000000e+00
 3.36000000e+00   0.00000000e+00   1.00000000e+00   1.68765618e-03   1.43142444e-06   2.78068000e-08   0.00000000e+00
 3.37000000e+00   0.00000000e+00   1.00000000e+00   2.07359422e-03   1.59356861e-06   2.78068000e-08   0.00000000e+00
 3.38000000e+00   0.00000000e+00   1.00000000e+00   2.49407116e-03   1.89531020e-06   2.78068000e-08   0.00000000e+00
 3.39000000e+00   0.00000000e+00   1.00000000e+00   2.93740843e-03   2.33319534e-06   2.78068000e-08   0.00000000e+00
 3.40000000e+00   0.00000000e+00   1.00000000e+00   3.41801336e-03   2.77146442e-06   2.78068000e-08   0.00000000e+00
 3.41000000e+00   0.00000000e+00   1.00000000e+00   3.92059269e-03   3.11358628e-06   2.78068000e-08   0.00000000e+00
 3.42000000e+00   0.00000000e+00   1.00000000e+00   4.45095131e-03   3.28129354e-06   2.78068000e-08   0.00000000e+00
 3.43000000e+00   0.00000000e+00   1.00000000e+00   5.01389426e-03   3.20445506e-06   2.78068000e-08   0.00000000e+00
 3.44000000e+00   0.00000000e+00   1.00000000e+00   5.59316201e-03   2.94958592e-06   2.78068000e-08   0.00000000e+00
 3.45000000e+00   0.00000000e+00   1.00000000e+00   6.21104209e-03   2.51343332e-06   2.78068000e-08   0.00000000e+00
 3.46000000e+00   0.00000000e+00   1.00000000e+00   6.84617201e-03   2.09924646e-06   2.78068000e-08   0.00000000e+00
 3.47000000e+00   0.00000000e+00   1.00000000e+00   7.51161907e-03   1.68222971e-06   2.78068000e-08   0.00000000e+00
 3.48000000e+00   0.00000000e+00   1.00000000e+00   8.20648713e-03   1.51382289e-06   2.78068000e-08   0.00000000e+00
 3.49000000e+00   0.00000000e+00   1.00000000e+00   8.91820891e-03   1.42671950e-06   2.78068000e-08   0.00000000e+00
 3.50000000e+00   0.00000000e+00   1.00000000e+00   9.66698095e-03   1.66220081e-06   2.78068000e-08   0.00000000e+00
 3.51000000e+00   0.00000000e+00   1.00000000e+00   1.04296581e-02   1.88090482e-06   2.78068000e-08   0.00000000e+00
 3.52000000e+00   0.00000000e+00   1.00000000e+00   1.12224308e-02   2.33962758e-06   2.78068000e-08   0.00000000e+00
 3.53000000e+00   0.00000000e+00   1.00000000e+00   1.20382577e-02   2.59945228e-06   2.78068000e-08   0.00000000e+00
 3.54000000e+00   0.00000000e+00   1.00000000e+00   1.28711616e-02   2.97954144e-06   2.78068000e-08   0.00000000e+00
 3.55000000e+00   0.00000000e+00   1.00000000e+00   1.37342626e-02   3.03661453e-06   2.78068000e-08   0.00000000e+00
 3.56000000e+00   0.00000000e+00   1.00000000e+00   1.46105656e-02   3.14362347e-06   2.78068000e-08   0.00000000e+00
 3.57000000e+00   0.00000000e+00   1.00000000e+00   1.55114652e-02   2.92313520e-06   2.78068000e-08   0.00000000e+00
 3.58000000e+00   0.00000000e+00   1.00000000e+00   1.64321411e-02   2.74194643e-06   2.78068000e-08   0.00000000e+00
 3.59000000e+00   0.00000000e+00   1.00000000e+00   1.73655482e-02   2.34605109e-06   2.78068000e-08   0.00000000e+00
 3.60000000e+00   0.00000000e+00   1.00000000e+00   1.83215471e-02   2.02703781e-06   2.78068000e-08   0.00000000e+00
 3.61000000e+00   0.00000000e+00   1.00000000e+00   1.92860934e-02   1.69621539e-06   2.78068000e-08   0.00000000e+00
 3.62000000e+00   0.00000000e+00   1.00000000e+00   2.02621655e-02   1.49754898e-06   2.78068000e-08   0.00000000e+00
 3.63000000e+00   0.00000000e+00   1.00000000e+00   2.12519799e-02   1.49638348e-06   2.78068000e-08   0.00000000e+00
 3.64000000e+00   0.00000000e+00   1.00000000e+00   2.22367957e-02   1.61262374e-06   2.78068000e-08   0.00000000e+00
 3.65000000e+00   0.00000000e+00   1.00000000e+00   2.32367394e-02   2.00733458e-06   2.78068000e-08   0.00000000e+00
 3.66000000e+00   0.00000000e+00   1.00000000e+00   2.42263175e-02   2.35336283e-06   2.78068000e-08   0.00000000e+00
 3.67000000e+00   0.00000000e+00   1.00000000e+00   2.52187933e-02   2.87576586e-06   2.78068000e-08   0.00000000e+00
 3.68000000e+00   0.00000000e+00   1.00000000e+00   2.62098073e-02   3.09605118e-06   2.78068000e-08   0.00000000e+00
 3.69000000e+00   0.00000000e+00   1.00000000e+00   2.71859145e-02   3.33557745e-06   2.78068000e-08   0.00000000e+00
 3.70000000e+00   0.00000000e+00   1.00000000e+00   2.81690771e-02   3.13666503e-06   2.78068000e-08   0.00000000e+00
 3.71000000e+00   0.00000000e+00   1.00000000e+00   2.91305334e-02   2.93863444e-06   2.78068000e-08   0.00000000e+00
 3.72000000e+00   0.00000000e+00   1.00000000e+00   3.00936501e-02   2.41627728e-06   2.78068000e-08   0.00000000e+00
 3.73000000e+00   0.00000000e+00   1.00000000e+00   3.10431718e-02   2.04490109e-06   2.78068000e-08   0.00000000e+00
 3.74000000e+00   0.00000000e+00   1.00000000e+00   3.19798023e-02   1.60965125e-06   2.78068000e-08   0.00000000e+00
 3.75000000e+00   0.00000000e+00   1.00000000e+00   3.29121108e-02   1.46824769e-06   2.78068000e-08   0.00000000e+00
 3.76000000e+00   0.00000000e+00   1.00000000e+00   3.38238630e-02   1.43770104e-06   2.78068000e-08   0.00000000e+00
 3.77000000e+00   0.00000000e+00   1.00000000e+00   3.47283248e-02   1.66694847e-06   2.78068000e-08   0.00000000e+00
 3.78000000e+00   0.00000000e+00   1.00000000e+00   3.56174248e-02   1.98688505e-06   2.78068000e-08   0.00000000e+00
 3.79000000e+00   0.00000000e+00   1.00000000e+00   3.64881138e-02   2.37912067e-06   2.78068000e-08   0.00000000e+00
 3.80000000e+00   0.00000000e+00   1.00000000e+00   3.73502048e-02   2.73914552e-06   2.78068000e-08   0.00000000e+00
 3.81000000e+00   0.00000000e+00   1.00000000e+00   3.81897777e-02   2.98704233e-06   2.78068000e-08   0.00000000e+00
 3.82000000e+00   0.00000000e+00   1.00000000e+00   3.90165870e-02   3.12087423e-06   2.78068000e-08   0.00000000e+00
 3.83000000e+00   0.00000000e+00   1.00000000e+00   3.98288229e-02   3.06851317e-06   2.78068000e-08   0.00000000e+00
 3.84000000e+00   0.00000000e+00   1.00000000e+00   4.06166320e-02   2.91533414e-06   2.78068000e-08   0.00000000e+00
 3.85000000e+00   0.00000000e+00   1.00000000e+00   4.13973396e-02   2.60993292e-06   2.78068000e-08   0.00000000e+00
 3.86000000e+00   0.00000000e+00   1.00000000e+00   4.21488046e-02   2.29347500e-06   2.78068000e-08   0.00000000e+00
 3.87000000e+00   0.00000000e+00   1.00000000e+00   4.28865427e-02   1.92309650e-06   2.78068000e-08   0.00000000e+00
 3.88000000e+00   0.00000000e+00   1.00000000e+00   4.36021568e-02   1.67726647e-06   2.78068000e-08   0.00000000e+00
 3.89000000e+00   0.00000000e+00   1.00000000e+00   4.42870386e-02   1.48667201e-06   2.78068000e-08   0.00000000e+00
 3.90000000e+00   0.00000000e+00   1.00000000e+00   4.49569923e-02   1.54209146e-06   2.78068000e-08   0.00000000e+00
 3.91000000e+00   0.00000000e+00   1.00000000e+00   4.55855836e-02   1.68307527e-06   2.78068000e-08   0.00000000e+00
 3.92000000e+00   0.00000000e+00   1.00000000e+00   4.61933223e-02   2.07960626e-06   2.78068000e-08   0.00000000e+00
 3.93000000e+00   0.00000000e+00   1.00000000e+00   4.67637364e-02   2.43686281e-06   2.78068000e-08   0.00000000e+00
 3.94000000e+00   0.00000000e+00   1.00000000e+00   4.72977908e-02   2.91408452e-06   2.78068000e-08   0.00000000e+00
 3.95000000e+00   0.00000000e+00   1.00000000e+00   4.78028210e-02   3.13208802e-06   2.78068000e-08   0.00000000e+00
 3.96000000e+00   0.00000000e+00   1.00000000e+00   4.82626962e-02   3.31164857e-06   2.78068000e-08   0.00000000e+00
 3.97000000e+00   0.00000000e+00   1.00000000e+00   4.86914518e-02   3.11268939e-06   2.78068000e-08   0.00000000e+00
 3.98000000e+00   0.00000000e+00   1.00000000e+00   4.90808670e-02   2.86849526e-06   2.78068000e-08   0.00000000e+00
 3.99000000e+00   0.00000000e+00   1.00000000e+00   4.94274220e-02   2.36156716e-06   2.78068000e-08   0.00000000e+00
 4.00000000e+00   0.00000000e+00   1.00000000e+00   4.97443031e-02   1.96808079e-06   2.78068000e-08   0.00000000e+00
 4.01000000e+00   0.00000000e+00   1.00000000e+00   5.00117750e-02   1.57094789e-06   2.78068000e-08   0.00000000e+00
 4.02000000e+00   0.00000000e+00   1.00000000e+00   5.02480952e-02   1.42558181e-06   2.78068000e-08   0.00000000e+00
 4.03000000e+00   0.00000000e+00   1.00000000e+00   5.04423303e-02   1.45695327e-06   2.78068000e-08   0.00000000e+00
 4.04000000e+00   0.00000000e+00   1.00000000e+00   5.05935950e-02   1.68068939e-06   2.78068000e-08   0.00000000e+00
 4.05000000e+00   0.00000000e+00   1.00000000e+00   5.07146822e-02   2.07468786e-06   2.78068000e-08   0.00000000e+00
 4.06000000e+00   0.00000000e+00   1.00000000e+00   5.07862638e-02   2.42944915e-06   2.78068000e-08   0.00000000e+00
 4.07000000e+00   0.00000000e+00   1.00000000e+00   5.08293126e-02   2.85320178e-06   2.78068000e-08   0.00000000e+00
 4.08000000e+00   0.00000000e+00   1.00000000e+00   5.08313143e-02   3.01073602e-06   2.78068000e-08   0.00000000e+00
 4.09000000e+00   0.00000000e+00   1.00000000e+00   5.07955178e-02   3.18709767e-06   2.78068000e-08   0.00000000e+00
 4.10000000e+00   0.00000000e+00   1.00000000e+00   5.07329347e-02   3.00892457e-06   2.78068000e-08   0.00000000e+00
 4.11000000e+00   0.00000000e+00   1.00000000e+00   5.06263538e-02   2.89543444e-06   2.78068000e-08   0.00000000e+00
 4.12000000e+00   0.00000000e+00   1.00000000e+00   5.04968674e-02   2.48340166e-06   2.78068000e-08   0.00000000e+00
 4.13000000e+00   0.00000000e+00   1.00000000e+00   5.03294821e-02   2.23050678e-06   2.78068000e-08   0.00000000e+00
 4.14000000e+00   0.00000000e+00   1.00000000e+00   5.01304136e-02   1.81994416e-06   2.78068000e-08   0.00000000e+00
 4.15000000e+00   0.00000000e+00   1.00000000e+00   4.99035291e-02   1.65366074e-06   2.78068000e-08   0.00000000e+00
 4.16000000e+00   0.00000000e+00   1.00000000e+00   4.96373498e-02   1.48749593e-06   2.78068000e-08   0.00000000e+00
 4.17000000e+00   0.00000000e+00   1.00000000e+00   4.93428405e-02   1.58813840e-06   2.78068000e-08   0.00000000e+00
 4.18000000e+00   0.00000000e+00   1.00000000e+00   4.90134727e-02   1.77968450e-06   2.78068000e-08   0.00000000e+00
 4.19000000e+00   0.00000000e+00   1.00000000e+00   4.86440698e-02   2.14064763e-06   2.78068000e-08   0.00000000e+00
 4.20000000e+00   0.00000000e+00   1.00000000e+00   4.82496649e-02   2.54911045e-06   2.78068000e-08   0.00000000e+00
 4.21000000e+00   0.00000000e+00   1.00000000e+00   4.78074191e-02   2.91422810e-06   2.78068000e-08   0.00000000e+00
 4.22000000e+00   0.00000000e+00   1.00000000e+00   4.73406961e-02   3.19340197e-06   2.78068000e-08   0.00000000e+00
 4.23000000e+00   0.00000000e+00   1.00000000e+00   4.68333548e-02   3.23155351e-06   2.78068000e-08   0.00000000e+00
 4.24000000e+00   0.00000000e+00   1.00000000e+00   4.62903871e-02   3.11980021e-06   2.78068000e-08   0.00000000e+00
 4.25000000e+00   0.00000000e+00   1.00000000e+00   4.57212678e-02   2.75048811e-06   2.78068000e-08   0.00000000e+00
 4.26000000e+00   0.00000000e+00   1.00000000e+00   4.51076737e-02   2.34896162e-06   2.78068000e-08   0.00000000e+00
 4.27000000e+00   0.00000000e+00   1.00000000e+00   4.44728152e-02   1.86733616e-06   2.78068000e-08   0.00000000e+00
 4.28000000e+00   0.00000000e+00   1.00000000e+00   4.37991052e-02   1.56931621e-06   2.78068000e-08   0.00000000e+00
 4.29000000e+00   0.00000000e+00   1.00000000e+00   4.30954661e-02   1.37914180e-06   2.78068000e-08   0.00000000e+00
 4.30000000e+00   0.00000000e+00   1.00000000e+00   4.23675165e-02   1.48455751e-06   2.78068000e-08   0.00000000e+00
 4.31000000e+00   0.00000000e+00   1.00000000e+00   4.16013457e-02   1.70544307e-06   2.78068000e-08   0.00000000e+00
 4.32000000e+00   0.00000000e+00   1.00000000e+00   4.08186493e-02   2.13551092e-06   2.78068000e-08   0.00000000e+00
 4.33000000e+00   0.00000000e+00   1.00000000e+00   4.00032724e-02   2.51000917e-06   2.78068000e-08   0.00000000e+00
 4.34000000e+00   0.00000000e+00   1.00000000e+00   3.91674700e-02   2.91672959e-06   2.78068000e-08   0.00000000e+00
 4.35000000e+00   0.00000000e+00   1.00000000e+00   3.83139555e-02   3.08596199e-06   2.78068000e-08   0.00000000e+00
 4.36000000e+00   0.00000000e+00   1.00000000e+00   3.74362944e-02   3.19202645e-06   2.78068000e-08   0.00000000e+00
 4.37000000e+00   0.00000000e+00   1.00000000e+00   3.65494089e-02   3.01030683e-06   2.78068000e-08   0.00000000e+00
 4.38000000e+00   0.00000000e+00   1.00000000e+00   3.56466282e-02   2.81136182e-06   2.78068000e-08   0.00000000e+00
 4.39000000e+00   0.00000000e+00   1.00000000e+00   3.47304308e-02   2.41124352e-06   2.78068000e-08   0.00000000e+00
 4.40000000e+00   0.00000000e+00   1.00000000e+00   3.38133996e-02   2.11260407e-06   2.78068000e-08   0.00000000e+00
 4.41000000e+00   0.00000000e+00   1.00000000e+00   3.28772554e-02   1.75855492e-06   2.78068000e-08   0.00000000e+00
 4.42000000e+00   0.00000000e+00   1.00000000e+00   3.19462217e-02   1.60024607e-06   2.78068000e-08   0.00000000e+00
 4.43000000e+00   0.00000000e+00   1.00000000e+00   3.10016732e-02   1.51722476e-06   2.78068000e-08   0.00000000e+00
 4.44000000e+00   0.00000000e+00   1.00000000e+00   3.00536703e-02   1.63346282e-06   2.78068000e-08   0.00000000e+00
 4.45000000e+00   0.00000000e+00   1.00000000e+00   2.91058201e-02   1.88606538e-06   2.78068000e-08   0.00000000e+00
 4.46000000e+00   0.00000000e+00   1.00000000e+00   2.81444026e-02   2.21613889e-06   2.78068000e-08   0.00000000e+00
 4.47000000e+00   0.00000000e+00   1.00000000e+00   2.71898807e-02   2.64464478e-06   2.78068000e-08   0.00000000e+00
 4.48000000e+00   0.00000000e+00   1.00000000e+00   2.62249191e-02   2.92859186e-06   2.78068000e-08   0.00000000e+00
 4.49000000e+00   0.00000000e+00   1.00000000e+00   2.52602252e-02   3.21893781e-06   2.78068000e-08   0.00000000e+00
 4.50000000e+00   0.00000000e+00   1.00000000e+00   2.42989267e-02   3.16447299e-06   2.78068000e-08   0.00000000e+00
 4.51000000e+00   0.00000000e+00   1.00000000e+00   2.33289053e-02   3.09361196e-06   2.78068000e-08   0.00000000e+00
 4.52000000e+00   0.00000000e+00   1.00000000e+00   2.23706453e-02   2.65112810e-06   2.78068000e-08   0.00000000e+00
 4.53000000e+00   0.00000000e+00   1.00000000e+00   2.14062051e-02   2.32076538e-06   2.78068000e-08   0.00000000e+00
 4.54000000e+00   0.00000000e+00   1.00000000e+00   2.04482404e-02   1.78957176e-06   2.78068000e-08   0.00000000e+00
 4.55000000e+00   0.00000000e+00   1.00000000e+00   1.94964857e-02   1.56559163e-06   2.78068000e-08   0.00000000e+00
 4.56000000e+00   0.00000000e+00   1.00000000e+00   1.85429152e-02   1.35077285e-06   2.78068000e-08   0.00000000e+00
 4.57000000e+00   0.00000000e+00   1.00000000e+00   1.76030625e-02   1.50960051e-06   2.78068000e-08   0.00000000e+00
 4.58000000e+00   0.00000000e+00   1.00000000e+00   1.66652874e-02   1.74017732e-06   2.78068000e-08   0.00000000e+00
 4.59000000e+00   0.00000000e+00   1.00000000e+00   1.57363124e-02   2.18497245e-06   2.78068000e-08   0.00000000e+00
 4.60000000e+00   0.00000000e+00   1.00000000e+00   1.48249722e-02   2.60020683e-06   2.78068000e-08   0.00000000e+00
 4.61000000e+00   0.00000000e+00   1.00000000e+00   1.39154050e-02   2.95898917e-06   2.78068000e-08   0.00000000e+00
 4.62000000e+00   0.00000000e+00   1.00000000e+00   1.30351630e-02   3.17913051e-06   2.78068000e-08   0.00000000e+00
 4.63000000e+00   0.00000000e+00   1.00000000e+00   1.21622061e-02   3.16579226e-06   2.78068000e-08   0.00000000e+00
 4.64000000e+00   0.00000000e+00   1.00000000e+00   1.13163299e-02   3.03935004e-06   2.78068000e-08   0.00000000e+00
 4.65000000e+00   0.00000000e+00   1.00000000e+00   1.04948765e-02   2.68839991e-06   2.78068000e-08   0.00000000e+00
 4.66000000e+00   0.00000000e+00   1.00000000e+00   9.69252505e-03   2.37342827e-06   2.78068000e-08   0.00000000e+00
 4.67000000e+00   0.00000000e+00   1.00000000e+00   8.92728886e-03   1.95727265e-06   2.78068000e-08   0.00000000e+00
 4.68000000e+00   0.00000000e+00   1.00000000e+00   8.18224320e-03   1.73384928e-06   2.78068000e-08   0.00000000e+00
 4.69000000e+00   0.00000000e+00   1.00000000e+00   7.47181986e-03   1.52314679e-06   2.78068000e-08   0.00000000e+00
 4.70000000e+00   0.00000000e+00   1.00000000e+00   6.79308536e-03   1.57659081e-06   2.78068000e-08   0.00000000e+00
 4.71000000e+00   0.00000000e+00   1.00000000e+00   6.13942569e-03   1.67445767e-06   2.78068000e-08   0.00000000e+00
 4.72000000e+00   0.00000000e+00   1.00000000e+00   5.52583763e-03   1.99985753e-06   2.78068000e-08   0.00000000e+00
 4.73000000e+00   0.00000000e+00   1.00000000e+00   4.93641786e-03   2.30429059e-06   2.78068000e-08   0.00000000e+00
 4.74000000e+00   0.00000000e+00   1.00000000e+00   4.38277998e-03   2.71469347e-06   2.78068000e-08   0.00000000e+00
 4.75000000e+00   0.00000000e+00   1.00000000e+00   3.86331394e-03   2.97043981e-06   2.78068000e-08   0.00000000e+00
 4.76000000e+00   0.00000000e+00   1.00000000e+00   3.37038831e-03   3.19072864e-06   2.78068000e-08   0.00000000e+00
 4.77000000e+00   0.00000000e+00   1.00000000e+00   2.91873157e-03   3.14128999e-06   2.78068000e-08   0.00000000e+00
 4.78000000e+00   0.00000000e+00   1.00000000e+00   2.49400742e-03   3.00260599e-06   2.78068000e-08   0.00000000e+00
 4.79000000e+00   0.00000000e+00   1.00000000e+00   2.10396323e-03   2.61049221e-06   2.78068000e-08   0.00000000e+00
 4.80000000e+00   0.00000000e+00   1.00000000e+00   1.75221088e-03   2.23380848e-06   2.78068000e-08   0.00000000e+00
 4.81000000e+00   0.00000000e+00   1.00000000e+00   1.42231039e-03   1.77428668e-06   2.78068000e-08   0.00000000e+00
 4.82000000e+00   0.00000000e+00   1.00000000e+00   1.13867917e-03   1.51841018e-06   2.78068000e-08   0.00000000e+00
 4.83000000e+00   0.00000000e+00   1.00000000e+00   8.74294611e-04   1.37213806e-06   2.78068000e-08   0.00000000e+00
 4.84000000e+00   0.00000000e+00   1.00000000e+00   6.49762327e-04   1.50924864e-06   2.78068000e-08   0.00000000e+00
 4.85000000e+00   0.00000000e+00   1.00000000e+00   4.56131635e-04   1.79932392e-06   2.78068000e-08   0.00000000e+00
 4.86000000e+00   0.00000000e+00   1.00000000e+00   2.89092048e-04   2.22667869e-06   2.78068000e-08   0.00000000e+00
 4.87000000e+00   0.00000000e+00   1.00000000e+00   1.65319987e-04   2.68615971e-06   2.78068000e-08   0.00000000e+00
 4.88000000e+00   0.00000000e+00   1.00000000e+00   6.49818147e-05   3.00853324e-06   2.78068000e-08   0.00000000e+00
 4.89000000e+00   0.00000000e+00   1.00000000e+00   7.69656379e-06   3.24552719e-06   2.78068000e-08   0.00000000e+00
 4.90000000e+00   0.00000000e+00   1.00000000e+00  -1.46693585e-05   3.15828015e-06   2.78068000e-08   0.00000000e+00
 4.91000000e+00   0.00000000e+00   1.00000000e+00  -2.87413034e-06   3.03237609e-06   2.78068000e-08   0.00000000e+00
 4.92000000e+00   0.00000000e+00   1.00000000e+00   5.63414203e-05   2.59236030e-06   2.78068000e-08   0.00000000e+00
 4.93000000e+00   0.00000000e+00   1.00000000e+00   1.46893388e-04   2.30493301e-06   2.78068000e-08   0.00000000e+00
 4.94000000e+00   0.00000000e+00   1.00000000e+00   2.84417063e-04   1.83271826e-06   2.78068000e-08   0.00000000e+00
 4.95000000e+00   0.00000000e+00   1.00000000e+00   4.61510672e-04   1.69125311e-06   2.78068000e-08   0.00000000e+00
 4.96000000e+00   0.00000000e+00   1.00000000e+00   6.75650348e-04   1.47332924e-06   2.78068000e-08   0.00000000e+00
 4.97000000e+00   0.00000000e+00   1.00000000e+00   9.37084589e-04   1.62760631e-06   2.78068000e-08   0.00000000e+00
 4.98000000e+00   0.00000000e+00   1.00000000e+00   1.23144072e-03   1.73239175e-06   2.78068000e-08   0.00000000e+00
 4.99000000e+00   0.00000000e+00   1.00000000e+00   1.56827384e-03   2.10636199e-06   2.78068000e-08   0.00000000e+00
 5.00000000e+00   0.00000000e+00   1.00000000e+00   1.94565807e-03   2.39935426e-06   2.78068000e-08   0.00000000e+00