  Time  Coordinate0  Coordinate1  Displacement0  Displacement1  Force0  Force1
 1.00000000e-02   0.00000000e+00   1.00000000e+00   2.18340418e-03  -2.83026487e-04   3.62562101e+01  -2.95441406e+02
 2.00000000e-02   0.00000000e+00   1.00000000e+00   1.62173554e-03   1.64186816e-04   1.69192413e+01   1.31568869e+02
 3.00000000e-02   0.00000000e+00   1.00000000e+00   2.69791153e-03   2.77762533e-05   8.51826752e+00   2.23684997e+01
 4.00000000e-02   0.00000000e+00   1.00000000e+00   4.22927487e-03   6.17570802e-05   1.25432897e+01   1.52952128e+01
 5.00000000e-02   0.00000000e+00   1.00000000e+00   5.82158028e-03   1.06475699e-04   9.31117270e+00   1.70799163e+01
 6.00000000e-02   0.00000000e+00   1.00000000e+00   7.43866631e-03   1.83638410e-04   1.05481057e+01   1.62832237e+01
 7.00000000e-02   0.00000000e+00   1.00000000e+00   9.48802860e-03   2.11814460e-04   8.54956599e+00   1.54343265e+01
 8.00000000e-02   0.00000000e+00   1.00000000e+00   1.15092262e-02   2.71869684e-04   9.67547786e+00   1.53473932e+01
 9.00000000e-02   0.00000000e+00   1.00000000e+00   1.39152084e-02   2.39310926e-04   8.19665016e+00   1.45820632e+01
 1.00000000e-01   0.00000000e+00   1.00000000e+00   1.66548784e-02   2.55801192e-04   9.04799587e+00   1.46531060e+01
 1.10000000e-01   0.00000000e+00   1.00000000e+00   1.94391729e-02   1.58636343e-04   8.02622912e+00   1.39819486e+01
 1.20000000e-01   0.00000000e+00   1.00000000e+00   2.29910643e-02   1.51019306e-04   8.62946552e+00   1.40636048e+01
 1.30000000e-01   0.00000000e+00   1.00000000e+00   2.62610296e-02   3.01336095e-05   7.92441418e+00   1.35758502e+01
 1.40000000e-01   0.00000000e+00   1.00000000e+00   3.03152666e-02   4.02511603e-05   8.44169704e+00   1.35964008e+01
 1.50000000e-01   0.00000000e+00   1.00000000e+00   3.41156339e-02  -5.31619183e-05   7.82424471e+00   1.32894846e+01
 1.60000000e-01   0.00000000e+00   1.00000000e+00   3.81707252e-02   4.14099696e-06   8.45197750e+00   1.32775355e+01
 1.70000000e-01   0.00000000e+00   1.00000000e+00   4.23259765e-02  -3.35377874e-05   7.73581323e+00   1.30614244e+01
 1.80000000e-01   0.00000000e+00   1.00000000e+00   4.60566874e-02   6.36692707e-05   8.52779649e+00   1.30953411e+01
 1.90000000e-01   0.00000000e+00   1.00000000e+00   5.02195229e-02   7.28637132e-05   7.71051535e+00   1.28585618e+01
 2.00000000e-01   0.00000000e+00   1.00000000e+00   5.36475542e-02   1.66847876e-04   8.52621921e+00   1.29866948e+01
 2.10000000e-01   0.00000000e+00   1.00000000e+00   5.75517313e-02   1.86525439e-04   7.76536404e+00   1.26758177e+01
 2.20000000e-01   0.00000000e+00   1.00000000e+00   6.09142522e-02   2.24101761e-04   8.40624670e+00   1.28776421e+01
 2.30000000e-01   0.00000000e+00   1.00000000e+00   6.45602054e-02   2.19974664e-04   7.85966192e+00   1.25129103e+01
 2.40000000e-01   0.00000000e+00   1.00000000e+00   6.80640593e-02   1.74739733e-04   8.23702156e+00   1.27274996e+01
 2.50000000e-01   0.00000000e+00   1.00000000e+00   7.16245072e-02   1.46724254e-04   7.94436788e+00   1.23654823e+01
 2.60000000e-01   0.00000000e+00   1.00000000e+00   7.53204527e-02   4.29965509e-05   8.10548488e+00   1.25385458e+01
 2.70000000e-01   0.00000000e+00   1.00000000e+00   7.88784894e-02   3.08726336e-05   8.01596521e+00   1.22308194e+01
 2.80000000e-01   0.00000000e+00   1.00000000e+00   8.26974970e-02  -7.21522098e-05   8.03069037e+00   1.23400588e+01
 2.90000000e-01   0.00000000e+00   1.00000000e+00   8.61505344e-02  -2.28971410e-05   8.09431361e+00   1.21122581e+01
 3.00000000e-01   0.00000000e+00   1.00000000e+00   8.99841288e-02  -7.97099775e-05   7.98481886e+00   1.21644541e+01
 3.10000000e-01   0.00000000e+00   1.00000000e+00   9.32360852e-02   3.64186497e-05   8.15684802e+00   1.20077463e+01
 3.20000000e-01   0.00000000e+00   1.00000000e+00   9.69874875e-02   2.08132612e-05   7.95642565e+00   1.20306367e+01
 3.30000000e-01   0.00000000e+00   1.00000000e+00   1.00182948e-01   1.58483147e-04   8.13807802e+00   1.18974819e+01
 3.40000000e-01   0.00000000e+00   1.00000000e+00   1.03806355e-01   1.38682230e-04   7.96954558e+00   1.19413769e+01
 3.50000000e-01   0.00000000e+00   1.00000000e+00   1.07284188e-01   2.37418795e-04   8.00797877e+00   1.17624169e+01
 3.60000000e-01   0.00000000e+00   1.00000000e+00   1.10841460e-01   1.74270643e-04   8.03109497e+00   1.18773869e+01
 3.70000000e-01   0.00000000e+00   1.00000000e+00   1.14829878e-01   2.06887957e-04   7.83394381e+00   1.16141679e+01
 3.80000000e-01   0.00000000e+00   1.00000000e+00   1.18498885e-01   1.03336360e-04   8.09430193e+00   1.17993060e+01
 3.90000000e-01   0.00000000e+00   1.00000000e+00   1.22887287e-01   9.30462223e-05   7.74107294e+00   1.14971276e+01
 4.00000000e-01   0.00000000e+00   1.00000000e+00   1.26844097e-01  -1.13211762e-05   8.09989362e+00   1.16782506e+01
 4.10000000e-01   0.00000000e+00   1.00000000e+00   1.31276065e-01  -1.55113077e-05   7.79810105e+00   1.14504737e+01
 4.20000000e-01   0.00000000e+00   1.00000000e+00   1.35505657e-01  -7.64876739e-05   8.04756886e+00   1.15245862e+01
 4.30000000e-01   0.00000000e+00   1.00000000e+00   1.39660927e-01  -3.95791697e-05   7.95507411e+00   1.14660589e+01
 4.40000000e-01   0.00000000e+00   1.00000000e+00   1.43887666e-01  -4.12313662e-05   8.00123077e+00   1.13928555e+01
 4.50000000e-01   0.00000000e+00   1.00000000e+00   1.47645867e-01   3.27943310e-05   8.09719498e+00   1.14821198e+01
 4.60000000e-01   0.00000000e+00   1.00000000e+00   1.51503370e-01   6.93793913e-05   8.01301033e+00   1.13371475e+01
 4.70000000e-01   0.00000000e+00   1.00000000e+00   1.54883030e-01   1.39935073e-04   8.15355719e+00   1.14392126e+01
 4.80000000e-01   0.00000000e+00   1.00000000e+00   1.58191091e-01   1.72756039e-04   8.05980956e+00   1.13569942e+01
 4.90000000e-01   0.00000000e+00   1.00000000e+00   1.61225185e-01   1.92148283e-04   8.14642354e+00   1.13336295e+01
 5.00000000e-01   0.00000000e+00   1.00000000e+00   1.64090603e-01   1.89376591e-04   8.07958506e+00   1.14005472e+01
 5.10000000e-01   0.00000000e+00   1.00000000e+00   1.66795457e-01   1.37166285e-04   8.13940641e+00   1.12092542e+01
 5.20000000e-01   0.00000000e+00   1.00000000e+00   1.69424107e-01   1.06106391e-04   8.05909082e+00   1.14184288e+01
 5.30000000e-01   0.00000000e+00   1.00000000e+00   1.71823882e-01   9.12178228e-06   8.16005871e+00   1.11117245e+01
 5.40000000e-01   0.00000000e+00   1.00000000e+00   1.74248727e-01  -6.08193419e-06   8.05592651e+00   1.14068694e+01
 5.50000000e-01   0.00000000e+00   1.00000000e+00   1.76347524e-01  -9.25866684e-05   8.18350198e+00   1.10597872e+01
 5.60000000e-01   0.00000000e+00   1.00000000e+00   1.78389510e-01  -4.79082427e-05   8.11804098e+00   1.13918432e+01
 5.70000000e-01   0.00000000e+00   1.00000000e+00   1.80121684e-01  -8.58050801e-05   8.18293571e+00   1.10532190e+01
 5.80000000e-01   0.00000000e+00   1.00000000e+00   1.81625603e-01   2.09003140e-05   8.20929542e+00   1.13816288e+01
 5.90000000e-01   0.00000000e+00   1.00000000e+00   1.82910807e-01   2.29395904e-05   8.16448229e+00   1.10904725e+01
 6.00000000e-01   0.00000000e+00   1.00000000e+00   1.83973870e-01   1.41935173e-04   8.24396978e+00   1.13576397e+01
 6.10000000e-01   0.00000000e+00   1.00000000e+00   1.84873771e-01   1.42008287e-04   8.14783139e+00   1.11563979e+01
 6.20000000e-01   0.00000000e+00   1.00000000e+00   1.85791458e-01   2.09901666e-04   8.19614153e+00   1.13145467e+01
 6.30000000e-01   0.00000000e+00   1.00000000e+00   1.86572713e-01   1.74758379e-04   8.13070612e+00   1.12112279e+01
 6.40000000e-01   0.00000000e+00   1.00000000e+00   1.87569877e-01   1.63982764e-04   8.13498397e+00   1.12800707e+01
 6.50000000e-01   0.00000000e+00   1.00000000e+00   1.88529867e-01   1.03796688e-04   8.10092827e+00   1.12149558e+01
 6.60000000e-01   0.00000000e+00   1.00000000e+00   1.89589223e-01   3.72329530e-05   8.13975929e+00   1.12853838e+01
 6.70000000e-01   0.00000000e+00   1.00000000e+00   1.90779480e-01  -2.26797411e-06   8.07774972e+00   1.11728517e+01
 6.80000000e-01   0.00000000e+00   1.00000000e+00   1.91730515e-01  -7.41887162e-05   8.20412920e+00   1.13227628e+01
 6.90000000e-01   0.00000000e+00   1.00000000e+00   1.92868222e-01  -4.97547760e-05   8.11021598e+00   1.11432808e+01
 7.00000000e-01   0.00000000e+00   1.00000000e+00   1.93585896e-01  -9.10044309e-05   8.24610226e+00   1.13488908e+01
 7.10000000e-01   0.00000000e+00   1.00000000e+00   1.94268796e-01   4.23246439e-06   8.22721699e+00   1.11834397e+01
 7.20000000e-01   0.00000000e+00   1.00000000e+00   1.94731633e-01  -9.08156438e-06   8.21033027e+00   1.13339745e+01
 7.30000000e-01   0.00000000e+00   1.00000000e+00   1.94755934e-01   1.21167817e-04   8.38222025e+00   1.12862199e+01
 7.40000000e-01   0.00000000e+00   1.00000000e+00   1.94942510e-01   1.01805383e-04   8.13899876e+00   1.12986062e+01
 7.50000000e-01   0.00000000e+00   1.00000000e+00   1.94415883e-01   2.12597313e-04   8.48449235e+00   1.13842221e+01
 7.60000000e-01   0.00000000e+00   1.00000000e+00   1.94230760e-01   1.51822191e-04   8.11907311e+00   1.12922575e+01
 7.70000000e-01   0.00000000e+00   1.00000000e+00   1.93396185e-01   2.07166965e-04   8.48182357e+00   1.14118350e+01
 7.80000000e-01   0.00000000e+00   1.00000000e+00   1.92732901e-01   9.91990752e-05   8.18638407e+00   1.13396725e+01
 7.90000000e-01   0.00000000e+00   1.00000000e+00   1.91704974e-01   1.06558059e-04   8.41588793e+00   1.13693402e+01
 8.00000000e-01   0.00000000e+00   1.00000000e+00   1.90535403e-01  -1.49630164e-05   8.29298951e+00   1.14182279e+01
 8.10000000e-01   0.00000000e+00   1.00000000e+00   1.89211566e-01  -1.10154461e-05   8.37503535e+00   1.13182905e+01
 8.20000000e-01   0.00000000e+00   1.00000000e+00   1.87560394e-01  -9.58131916e-05   8.37612502e+00   1.14919892e+01
 8.30000000e-01   0.00000000e+00   1.00000000e+00   1.85754846e-01  -5.02073785e-05   8.39755839e+00   1.13163683e+01
 8.40000000e-01   0.00000000e+00   1.00000000e+00   1.83621575e-01  -7.13218605e-05   8.41800292e+00   1.15492934e+01
 8.50000000e-01   0.00000000e+00   1.00000000e+00   1.81261099e-01   2.21637113e-05   8.44123655e+00   1.13686686e+01
 8.60000000e-01   0.00000000e+00   1.00000000e+00   1.78647999e-01   4.41367054e-05   8.43305937e+00   1.15978889e+01
 8.70000000e-01   0.00000000e+00   1.00000000e+00   1.75846959e-01   1.44804300e-04   8.44679296e+00   1.14428268e+01
 8.80000000e-01   0.00000000e+00   1.00000000e+00   1.72893492e-01   1.58323480e-04   8.42147301e+00   1.16335654e+01
 8.90000000e-01   0.00000000e+00   1.00000000e+00   1.69875334e-01   2.12001704e-04   8.41116981e+00   1.15130208e+01
 9.00000000e-01   0.00000000e+00   1.00000000e+00   1.66893361e-01   1.79699355e-04   8.36648567e+00   1.16402782e+01
 9.10000000e-01   0.00000000e+00   1.00000000e+00   1.63863057e-01   1.64431836e-04   8.38444284e+00   1.15689733e+01
 9.20000000e-01   0.00000000e+00   1.00000000e+00   1.61142658e-01   9.71953059e-05   8.28166444e+00   1.16287789e+01
 9.30000000e-01   0.00000000e+00   1.00000000e+00   1.58215753e-01   3.95577669e-05   8.39585931e+00   1.15982961e+01
 9.40000000e-01   0.00000000e+00   1.00000000e+00   1.55766065e-01  -1.17328816e-05   8.23144000e+00   1.16441678e+01
 9.50000000e-01   0.00000000e+00   1.00000000e+00   1.52960923e-01  -6.24359956e-05   8.41841597e+00   1.15904929e+01
 9.60000000e-01   0.00000000e+00   1.00000000e+00   1.50491935e-01  -5.05264684e-05   8.26980067e+00   1.17240240e+01
 9.70000000e-01   0.00000000e+00   1.00000000e+00   1.47742232e-01  -6.44222983e-05   8.40810574e+00   1.15499517e+01
 9.80000000e-01   0.00000000e+00   1.00000000e+00   1.44945746e-01   1.61165280e-05   8.37490016e+00   1.18540367e+01
 9.90000000e-01   0.00000000e+00   1.00000000e+00   1.42122285e-01   2.76420788e-05   8.36688588e+00   1.15070286e+01
 1.00000000e+00   0.00000000e+00   1.00000000e+00   1.38964953e-01   1.37401318e-04   8.45142529e+00   1.19666318e+01
 1.01000000e+00   0.00000000e+00   1.00000000e+00   1.35935710e-01   1.36401135e-04   8.34584298e+00   1.15038872e+01
 1.02000000e+00   0.00000000e+00   1.00000000e+00   1.32653443e-01   2.19595216e-04   8.43007534e+00   1.19991138e+01
 1.03000000e+00   0.00000000e+00   1.00000000e+00   1.29364531e-01   1.76796878e-04   8.37475177e+00   1.15572220e+01
 1.04000000e+00   0.00000000e+00   1.00000000e+00   1.26178955e-01   1.99165304e-04   8.34385949e+00   1.19471254e+01
 1.05000000e+00   0.00000000e+00   1.00000000e+00   1.22675004e-01   1.20287471e-04   8.42569422e+00   1.16406203e+01
 1.06000000e+00   0.00000000e+00   1.00000000e+00   1.19547369e-01   8.91658983e-05   8.28685445e+00   1.18592389e+01
 1.07000000e+00   0.00000000e+00   1.00000000e+00   1.15888749e-01   1.59846656e-05   8.45244999e+00   1.17120423e+01
 1.08000000e+00   0.00000000e+00   1.00000000e+00   1.12556658e-01  -2.91397518e-05   8.31509978e+00   1.17946163e+01
 1.09000000e+00   0.00000000e+00   1.00000000e+00   1.08718216e-01  -4.54434172e-05   8.44156927e+00   1.17456727e+01
 1.10000000e+00   0.00000000e+00   1.00000000e+00   1.04945353e-01  -6.59103107e-05   8.39297841e+00   1.17791781e+01
 1.11000000e+00   0.00000000e+00   1.00000000e+00   1.00838011e-01  -2.42515148e-06   8.41467144e+00   1.17476403e+01
 1.12000000e+00   0.00000000e+00   1.00000000e+00   9.66159697e-02   5.97986792e-06   8.43786941e+00   1.17968988e+01
 1.13000000e+00   0.00000000e+00   1.00000000e+00   9.22408706e-02   1.22695576e-04   8.38777424e+00   1.17341362e+01
 1.14000000e+00   0.00000000e+00   1.00000000e+00   8.77830688e-02   1.24463851e-04   8.40616166e+00   1.18202228e+01
 1.15000000e+00   0.00000000e+00   1.00000000e+00   8.33425403e-02   2.34924718e-04   8.34466011e+00   1.17094598e+01
 1.16000000e+00   0.00000000e+00   1.00000000e+00   7.89408970e-02   1.86293047e-04   8.32519577e+00   1.18261070e+01
 1.17000000e+00   0.00000000e+00   1.00000000e+00   7.47389935e-02   2.44584099e-04   8.27326565e+00   1.16773563e+01
 1.18000000e+00   0.00000000e+00   1.00000000e+00   7.06374597e-02   1.36567834e-04   8.24064209e+00   1.17957452e+01
 1.19000000e+00   0.00000000e+00   1.00000000e+00   6.68404257e-02   1.46995819e-04   8.20563366e+00   1.16538110e+01
 1.20000000e+00   0.00000000e+00   1.00000000e+00   6.31844332e-02   1.85856238e-05   8.16496194e+00   1.17269315e+01
 1.21000000e+00   0.00000000e+00   1.00000000e+00   5.97021892e-02   2.73329883e-05   8.19295814e+00   1.16552488e+01
 1.22000000e+00   0.00000000e+00   1.00000000e+00   5.65209410e-02  -6.53037623e-05   8.08694396e+00   1.16445528e+01
 1.23000000e+00   0.00000000e+00   1.00000000e+00   5.31503006e-02  -1.42560476e-05   8.23800214e+00   1.16792802e+01
 1.24000000e+00   0.00000000e+00   1.00000000e+00   5.03485695e-02  -4.37434556e-05   8.01268809e+00   1.15835491e+01
 1.25000000e+00   0.00000000e+00   1.00000000e+00   4.70240731e-02   5.25009834e-05   8.27560984e+00   1.17010963e+01
 1.26000000e+00   0.00000000e+00   1.00000000e+00   4.44216273e-02   6.46260513e-05   7.97623904e+00   1.15633350e+01
 1.27000000e+00   0.00000000e+00   1.00000000e+00   4.12964431e-02   1.68349712e-04   8.23361241e+00   1.16903303e+01
 1.28000000e+00   0.00000000e+00   1.00000000e+00   3.87424093e-02   1.73684964e-04   7.99692140e+00   1.15769480e+01
 1.29000000e+00   0.00000000e+00   1.00000000e+00   3.60222761e-02   2.39013233e-04   8.11246397e+00   1.16342088e+01
 1.30000000e+00   0.00000000e+00   1.00000000e+00   3.35038305e-02   2.02755216e-04   8.04464138e+00   1.16000304e+01
 1.31000000e+00   0.00000000e+00   1.00000000e+00   3.12287279e-02   2.09021251e-04   7.98900064e+00   1.15470081e+01
 1.32000000e+00   0.00000000e+00   1.00000000e+00   2.88504212e-02   1.34629578e-04   8.06619196e+00   1.16084948e+01
 1.33000000e+00   0.00000000e+00   1.00000000e+00   2.68475875e-02   9.93237000e-05   7.94044749e+00   1.14597102e+01
 1.34000000e+00   0.00000000e+00   1.00000000e+00   2.46772552e-02   2.66845444e-05   8.04494367e+00   1.15900502e+01
 1.35000000e+00   0.00000000e+00   1.00000000e+00   2.26912256e-02  -9.31017979e-06   7.97514600e+00   1.14006070e+01
 1.36000000e+00   0.00000000e+00   1.00000000e+00   2.06398848e-02  -3.14222638e-05   8.01200814e+00   1.15483345e+01
 1.37000000e+00   0.00000000e+00   1.00000000e+00   1.84892729e-02  -3.47733485e-05   8.03815797e+00   1.13744566e+01
 1.38000000e+00   0.00000000e+00   1.00000000e+00   1.63857465e-02   1.60991679e-05   7.99406699e+00   1.14967637e+01
 1.39000000e+00   0.00000000e+00   1.00000000e+00   1.40391776e-02   4.24220886e-05   8.07123868e+00   1.13628636e+01
 1.40000000e+00   0.00000000e+00   1.00000000e+00   1.18480937e-02   1.42138867e-04   7.97166855e+00   1.14447955e+01
 1.41000000e+00   0.00000000e+00   1.00000000e+00   9.43144941e-03   1.57590978e-04   8.05745940e+00   1.13403115e+01
 1.42000000e+00   0.00000000e+00   1.00000000e+00   7.36428975e-03   2.49780516e-04   7.90422912e+00   1.13991307e+01
 1.43000000e+00   0.00000000e+00   1.00000000e+00   5.13027437e-03   2.09931910e-04   8.01133159e+00   1.12863469e+01
 1.44000000e+00   0.00000000e+00   1.00000000e+00   3.49377023e-03   2.50929326e-04   7.79692488e+00   1.13661726e+01
 1.45000000e+00   0.00000000e+00   1.00000000e+00   1.73017406e-03   1.50953980e-04   7.94693965e+00   1.11971101e+01
 1.46000000e+00   0.00000000e+00   1.00000000e+00   6.55596789e-04   1.44824805e-04   7.71436637e+00   1.13465454e+01
 1.47000000e+00   0.00000000e+00   1.00000000e+00  -4.61506536e-04   3.12883219e-05   7.86694551e+00   1.10965594e+01
 1.48000000e+00   0.00000000e+00   1.00000000e+00  -1.10324202e-03   2.11492220e-05   7.71262718e+00   1.13314300e+01
 1.49000000e+00   0.00000000e+00   1.00000000e+00  -1.61151588e-03  -4.31307814e-05   7.78175288e+00   1.10210952e+01
 1.50000000e+00   0.00000000e+00   1.00000000e+00  -2.00876269e-03  -2.00369626e-05   7.76533454e+00   1.13122839e+01
 1.51000000e+00   0.00000000e+00   1.00000000e+00  -2.09703514e-03  -6.09014353e-06   7.71618299e+00   1.09903868e+01
 1.52000000e+00   0.00000000e+00   1.00000000e+00  -2.25242618e-03   4.53545043e-05   7.78790696e+00   1.12828248e+01
 1.53000000e+00   0.00000000e+00   1.00000000e+00  -2.07448984e-03   1.13615346e-04   7.68579607e+00   1.10008761e+01
 1.54000000e+00   0.00000000e+00   1.00000000e+00  -1.79709028e-03   1.52119391e-04   7.73144919e+00   1.12372402e+01
 1.55000000e+00   0.00000000e+00   1.00000000e+00  -1.34016793e-03   2.23065465e-04   7.67891473e+00   1.10346761e+01
 1.56000000e+00   0.00000000e+00   1.00000000e+00  -4.75167049e-04   2.07498404e-04   7.63556721e+00   1.11739500e+01
 1.57000000e+00   0.00000000e+00   1.00000000e+00   3.80689652e-04   2.42936250e-04   7.66866820e+00   1.10694133e+01
 1.58000000e+00   0.00000000e+00   1.00000000e+00   1.76429047e-03   1.65279228e-04   7.57880951e+00   1.11022677e+01
 1.59000000e+00   0.00000000e+00   1.00000000e+00   3.06393443e-03   1.64464095e-04   7.64826351e+00   1.10852118e+01
 1.60000000e+00   0.00000000e+00   1.00000000e+00   4.72119171e-03   5.56763217e-05   7.59254459e+00   1.10422270e+01
 1.61000000e+00   0.00000000e+00   1.00000000e+00   6.31952460e-03   5.06169753e-05   7.64249420e+00   1.10740197e+01
 1.62000000e+00   0.00000000e+00   1.00000000e+00   8.01962414e-03  -3.96880411e-05   7.63844425e+00   1.10116050e+01
 1.63000000e+00   0.00000000e+00   1.00000000e+00   9.65586920e-03  -1.00598641e-05   7.67597517e+00   1.10450805e+01
 1.64000000e+00   0.00000000e+00   1.00000000e+00   1.12917521e-02  -4.63294780e-05   7.66605741e+00   1.10098600e+01
 1.65000000e+00   0.00000000e+00   1.00000000e+00   1.27824062e-02   3.23698381e-05   7.73262290e+00   1.10157171e+01
 1.66000000e+00   0.00000000e+00   1.00000000e+00   1.43454692e-02   4.51309804e-05   7.66563735e+00   1.10197708e+01
 1.67000000e+00   0.00000000e+00   1.00000000e+00   1.57182999e-02   1.46793028e-04   7.76179764e+00   1.09954947e+01
 1.68000000e+00   0.00000000e+00   1.00000000e+00   1.72612952e-02   1.63955191e-04   7.65689499e+00   1.10184875e+01
 1.69000000e+00   0.00000000e+00   1.00000000e+00   1.87176560e-02   2.38317173e-04   7.72850662e+00   1.09844856e+01
 1.70000000e+00   0.00000000e+00   1.00000000e+00   2.03731656e-02   2.10749278e-04   7.64822649e+00   1.09882990e+01
 1.71000000e+00   0.00000000e+00   1.00000000e+00   2.21237780e-02   2.25120871e-04   7.65667326e+00   1.09776595e+01
 1.72000000e+00   0.00000000e+00   1.00000000e+00   2.40842555e-02   1.43354539e-04   7.62782241e+00   1.09336104e+01
 1.73000000e+00   0.00000000e+00   1.00000000e+00   2.62102614e-02   1.13330387e-04   7.60623192e+00   1.09693456e+01
 1.74000000e+00   0.00000000e+00   1.00000000e+00   2.85988121e-02   1.94262829e-05   7.59537687e+00   1.08807231e+01
 1.75000000e+00   0.00000000e+00   1.00000000e+00   3.10477148e-02  -4.82314355e-06   7.60702346e+00   1.09593762e+01
 1.76000000e+00   0.00000000e+00   1.00000000e+00   3.37963857e-02  -5.27818339e-05   7.57807883e+00   1.08578844e+01
 1.77000000e+00   0.00000000e+00   1.00000000e+00   3.64914796e-02  -3.37968525e-05   7.62806577e+00   1.09505797e+01
 1.78000000e+00   0.00000000e+00   1.00000000e+00   3.94067247e-02  -1.07039903e-05   7.59738441e+00   1.08762611e+01
 1.79000000e+00   0.00000000e+00   1.00000000e+00   4.23459334e-02   4.11816194e-05   7.61907938e+00   1.09389484e+01
 1.80000000e+00   0.00000000e+00   1.00000000e+00   4.53341451e-02   1.10479306e-04   7.63093340e+00   1.09242661e+01
 1.81000000e+00   0.00000000e+00   1.00000000e+00   4.85828805e-02   1.47267583e-04   7.57584301e+00   1.09188614e+01
 1.82000000e+00   0.00000000e+00   1.00000000e+00   5.17806005e-02   2.14115353e-04   7.63211209e+00   1.09747208e+01
 1.83000000e+00   0.00000000e+00   1.00000000e+00   5.53783075e-02   1.91789348e-04   7.54504077e+00   1.08960911e+01
 1.84000000e+00   0.00000000e+00   1.00000000e+00   5.90081418e-02   2.23970379e-04   7.58865270e+00   1.10004909e+01
 1.85000000e+00   0.00000000e+00   1.00000000e+00   6.28877329e-02   1.36811999e-04   7.57191499e+00   1.08862749e+01
 1.86000000e+00   0.00000000e+00   1.00000000e+00   6.69741240e-02   1.39319715e-04   7.54513162e+00   1.09945904e+01
 1.87000000e+00   0.00000000e+00   1.00000000e+00   7.09653842e-02   2.26091177e-05   7.65052168e+00   1.08985309e+01
 1.88000000e+00   0.00000000e+00   1.00000000e+00   7.52228158e-02   2.75916784e-05   7.56205078e+00   1.09749757e+01
 1.89000000e+00   0.00000000e+00   1.00000000e+00   7.91219925e-02  -6.56301001e-05   7.73243143e+00   1.09249560e+01
 1.90000000e+00   0.00000000e+00   1.00000000e+00   8.31467972e-02  -2.62659566e-05   7.65078405e+00   1.09681537e+01
 1.91000000e+00   0.00000000e+00   1.00000000e+00   8.67980955e-02  -5.87991745e-05   7.77676253e+00   1.09478105e+01
 1.92000000e+00   0.00000000e+00   1.00000000e+00   9.03672297e-02   1.87324686e-05   7.76015611e+00   1.09820703e+01
 1.93000000e+00   0.00000000e+00   1.00000000e+00   9.37216236e-02   4.33036375e-05   7.78248489e+00   1.09614231e+01
 1.94000000e+00   0.00000000e+00   1.00000000e+00   9.69054052e-02   1.25058538e-04   7.82776769e+00   1.10040254e+01
 1.95000000e+00   0.00000000e+00   1.00000000e+00   1.00040352e-01   1.65109537e-04   7.77062903e+00   1.09694005e+01
 1.96000000e+00   0.00000000e+00   1.00000000e+00   1.03053682e-01   2.00333836e-04   7.84251473e+00   1.10182714e+01
 1.97000000e+00   0.00000000e+00   1.00000000e+00   1.06127122e-01   2.09133463e-04   7.75145656e+00   1.09719118e+01
 1.98000000e+00   0.00000000e+00   1.00000000e+00   1.09115186e-01   1.72242972e-04   7.84417735e+00   1.10161651e+01
 1.99000000e+00   0.00000000e+00   1.00000000e+00   1.12249328e-01   1.39112590e-04   7.73177601e+00   1.09698217e+01
 2.00000000e+00   0.00000000e+00   1.00000000e+00   1.15218995e-01   5.54217433e-05   7.86534314e+00   1.09982647e+01
 2.01000000e+00   0.00000000e+00   1.00000000e+00   1.18394130e-01   1.64098509e-05   7.73304909e+00   1.09730071e+01
 2.02000000e+00   0.00000000e+00   1.00000000e+00   1.21304147e-01  -5.55013250e-05   7.89159318e+00   1.09746584e+01
 2.03000000e+00   0.00000000e+00   1.00000000e+00   1.24376432e-01  -5.24869738e-05   7.77963062e+00   1.09971472e+01
 2.04000000e+00   0.00000000e+00   1.00000000e+00   1.27239298e-01  -6.83962965e-05   7.88391576e+00   1.09542580e+01
 2.05000000e+00   0.00000000e+00   1.00000000e+00   1.30097814e-01  -1.01387749e-05   7.86351399e+00   1.10482690e+01
 2.06000000e+00   0.00000000e+00   1.00000000e+00   1.32981138e-01   2.34081799e-05   7.83211554e+00   1.09449556e+01
 2.07000000e+00   0.00000000e+00   1.00000000e+00   1.35697126e-01   1.03586255e-04   7.93680337e+00   1.11023507e+01
 2.08000000e+00   0.00000000e+00   1.00000000e+00   1.38657977e-01   1.39262185e-04   7.77640544e+00   1.09563002e+01
 2.09000000e+00   0.00000000e+00   1.00000000e+00   1.41453682e-01   1.91696682e-04   7.95299905e+00   1.11224780e+01
 2.10000000e+00   0.00000000e+00   1.00000000e+00   1.44496117e-01   1.85129862e-04   7.76860721e+00   1.09874121e+01
 2.11000000e+00   0.00000000e+00   1.00000000e+00   1.47536502e-01   1.84419327e-04   7.91981925e+00   1.10995130e+01
 2.12000000e+00   0.00000000e+00   1.00000000e+00   1.50613784e-01   1.27670748e-04   7.82162118e+00   1.10220730e+01
 2.13000000e+00   0.00000000e+00   1.00000000e+00   1.53820836e-01   9.10816210e-05   7.89618996e+00   1.10648580e+01
 2.14000000e+00   0.00000000e+00   1.00000000e+00   1.56833471e-01   1.49350163e-05   7.90561780e+00   1.10397586e+01
 2.15000000e+00   0.00000000e+00   1.00000000e+00   1.59910901e-01  -1.52989419e-05   7.92997226e+00   1.10639118e+01
 2.16000000e+00   0.00000000e+00   1.00000000e+00   1.62690515e-01  -6.54664286e-05   7.98839595e+00   1.10316339e+01
 2.17000000e+00   0.00000000e+00   1.00000000e+00   1.65331789e-01  -5.46820776e-05   8.00642721e+00   1.11102622e+01
 2.18000000e+00   0.00000000e+00   1.00000000e+00   1.67670661e-01  -5.09218884e-05   8.06213683e+00   1.10139895e+01
 2.19000000e+00   0.00000000e+00   1.00000000e+00   1.69751487e-01   2.50537526e-06   8.06671571e+00   1.11714720e+01
 2.20000000e+00   0.00000000e+00   1.00000000e+00   1.71510944e-01   5.12701291e-05   8.13148644e+00   1.10164254e+01
 2.21000000e+00   0.00000000e+00   1.00000000e+00   1.73109811e-01   1.09942940e-04   8.07142948e+00   1.12048965e+01
 2.22000000e+00   0.00000000e+00   1.00000000e+00   1.74326646e-01   1.64674840e-04   8.18654802e+00   1.10515062e+01
 2.23000000e+00   0.00000000e+00   1.00000000e+00   1.75595307e-01   1.76538286e-04   8.04432783e+00   1.11954915e+01
 2.24000000e+00   0.00000000e+00   1.00000000e+00   1.76453536e-01   1.99472288e-04   8.20653818e+00   1.11070545e+01
 2.25000000e+00   0.00000000e+00   1.00000000e+00   1.77482762e-01   1.38342401e-04   8.03897664e+00   1.11568332e+01
 2.26000000e+00   0.00000000e+00   1.00000000e+00   1.78144009e-01   1.28384137e-04   8.19515233e+00   1.11641298e+01
 2.27000000e+00   0.00000000e+00   1.00000000e+00   1.78918549e-01   1.82070500e-05   8.08120089e+00   1.11167210e+01
 2.28000000e+00   0.00000000e+00   1.00000000e+00   1.79381170e-01   1.37459309e-05   8.18294530e+00   1.12153332e+01
 2.29000000e+00   0.00000000e+00   1.00000000e+00   1.79827361e-01  -8.72466769e-05   8.14811586e+00   1.10978776e+01
 2.30000000e+00   0.00000000e+00   1.00000000e+00   1.79976489e-01  -4.24543005e-05   8.19248775e+00   1.12636238e+01
 2.31000000e+00   0.00000000e+00   1.00000000e+00   1.80045437e-01  -8.99756464e-05   8.20067736e+00   1.11153484e+01
 2.32000000e+00   0.00000000e+00   1.00000000e+00   1.79855014e-01   9.03423261e-06   8.20307269e+00   1.12992626e+01
 2.33000000e+00   0.00000000e+00   1.00000000e+00   1.79593275e-01   1.09604144e-05   8.22263823e+00   1.11763125e+01
 2.34000000e+00   0.00000000e+00   1.00000000e+00   1.79241164e-01   1.21435751e-04   8.18030431e+00   1.13050199e+01
 2.35000000e+00   0.00000000e+00   1.00000000e+00   1.78808955e-01   1.30999701e-04   8.22309276e+00   1.12687687e+01
 2.36000000e+00   0.00000000e+00   1.00000000e+00   1.78547309e-01   1.96633509e-04   8.13249102e+00   1.12805329e+01
 2.37000000e+00   0.00000000e+00   1.00000000e+00   1.78152627e-01   1.75837525e-04   8.21011955e+00   1.13562404e+01
 2.38000000e+00   0.00000000e+00   1.00000000e+00   1.78051350e-01   1.71229594e-04   8.12114528e+00   1.12572092e+01
 2.39000000e+00   0.00000000e+00   1.00000000e+00   1.77818442e-01   1.18229741e-04   8.18096768e+00   1.13991665e+01
 2.40000000e+00   0.00000000e+00   1.00000000e+00   1.77663139e-01   6.53096657e-05   8.20145550e+00   1.12752497e+01
 2.41000000e+00   0.00000000e+00   1.00000000e+00   1.77526832e-01   1.23850212e-05   8.13733399e+00   1.13897943e+01
 2.42000000e+00   0.00000000e+00   1.00000000e+00   1.76988590e-01  -3.97572589e-05   8.35463790e+00   1.13429533e+01
 2.43000000e+00   0.00000000e+00   1.00000000e+00   1.76712787e-01  -5.44866371e-05   8.10385085e+00   1.13643207e+01
 2.44000000e+00   0.00000000e+00   1.00000000e+00   1.75616177e-01  -6.57359989e-05   8.49131924e+00   1.14242281e+01
 2.45000000e+00   0.00000000e+00   1.00000000e+00   1.74936068e-01  -2.82691330e-05   8.11876939e+00   1.13747560e+01
 2.46000000e+00   0.00000000e+00   1.00000000e+00   1.73356608e-01   5.94070941e-06   8.52923242e+00   1.14696886e+01
 2.47000000e+00   0.00000000e+00   1.00000000e+00   1.72131168e-01   7.33915382e-05   8.19682613e+00   1.14468792e+01
 2.48000000e+00   0.00000000e+00   1.00000000e+00   1.70263562e-01   1.20254663e-04   8.46244011e+00   1.14594094e+01
 2.49000000e+00   0.00000000e+00   1.00000000e+00   1.68516186e-01   1.72593619e-04   8.31077411e+00   1.15598953e+01
 2.50000000e+00   0.00000000e+00   1.00000000e+00   1.66489266e-01   1.86541989e-04   8.35311428e+00   1.14138314e+01
 2.51000000e+00   0.00000000e+00   1.00000000e+00   1.64325967e-01   1.88741227e-04   8.41608353e+00   1.16657509e+01
 2.52000000e+00   0.00000000e+00   1.00000000e+00   1.62142654e-01   1.48294039e-04   8.26690327e+00   1.13717481e+01
 2.53000000e+00   0.00000000e+00   1.00000000e+00   1.59644399e-01   1.05594110e-04   8.48893902e+00   1.17286622e+01
 2.54000000e+00   0.00000000e+00   1.00000000e+00   1.57236244e-01   3.36623567e-05   8.23161765e+00   1.13651464e+01
 2.55000000e+00   0.00000000e+00   1.00000000e+00   1.54429688e-01  -8.53374496e-06   8.52672048e+00   1.17441621e+01
 2.56000000e+00   0.00000000e+00   1.00000000e+00   1.51717783e-01  -6.18820135e-05   8.24548107e+00   1.14092062e+01
 2.57000000e+00   0.00000000e+00   1.00000000e+00   1.48637078e-01  -5.50438917e-05   8.52298859e+00   1.17278818e+01
 2.58000000e+00   0.00000000e+00   1.00000000e+00   1.45564331e-01  -5.59584290e-05   8.29883300e+00   1.14984427e+01
 2.59000000e+00   0.00000000e+00   1.00000000e+00   1.42330409e-01   7.93191964e-06   8.45785971e+00   1.16972640e+01
 2.60000000e+00   0.00000000e+00   1.00000000e+00   1.38921900e-01   4.74909714e-05   8.37256872e+00   1.16030395e+01
 2.61000000e+00   0.00000000e+00   1.00000000e+00   1.35743391e-01   1.27118826e-04   8.33021955e+00   1.16704836e+01
 2.62000000e+00   0.00000000e+00   1.00000000e+00   1.32181052e-01   1.62110252e-04   8.43177105e+00   1.16754731e+01
 2.63000000e+00   0.00000000e+00   1.00000000e+00   1.29249528e-01   2.01167864e-04   8.18787825e+00   1.16715985e+01
 2.64000000e+00   0.00000000e+00   1.00000000e+00   1.25837485e-01   1.96598131e-04   8.44066910e+00   1.16781022e+01
 2.65000000e+00   0.00000000e+00   1.00000000e+00   1.23193560e-01   1.68829145e-04   8.10821604e+00   1.17183411e+01
 2.66000000e+00   0.00000000e+00   1.00000000e+00   1.20163015e-01   1.31317959e-04   8.39621284e+00   1.16150492e+01
 2.67000000e+00   0.00000000e+00   1.00000000e+00   1.17655367e-01   5.72592912e-05   8.13413818e+00   1.18032195e+01
 2.68000000e+00   0.00000000e+00   1.00000000e+00   1.14964546e-01   2.81640897e-05   8.33481502e+00   1.15330191e+01
 2.69000000e+00   0.00000000e+00   1.00000000e+00   1.12360657e-01  -4.56330112e-05   8.23081724e+00   1.18888153e+01
 2.70000000e+00   0.00000000e+00   1.00000000e+00   1.09718264e-01  -2.49140616e-05   8.30018809e+00   1.14907741e+01
 2.71000000e+00   0.00000000e+00   1.00000000e+00   1.06879426e-01  -6.31265358e-05   8.31471997e+00   1.19262982e+01
 2.72000000e+00   0.00000000e+00   1.00000000e+00   1.04001223e-01   1.71158169e-05   8.30081843e+00   1.15206377e+01
 2.73000000e+00   0.00000000e+00   1.00000000e+00   1.00966744e-01   1.46501893e-05   8.33152031e+00   1.18901563e+01
 2.74000000e+00   0.00000000e+00   1.00000000e+00   9.78047495e-02   1.24442329e-04   8.30771449e+00   1.16107734e+01
 2.75000000e+00   0.00000000e+00   1.00000000e+00   9.47144218e-02   1.26720445e-04   8.29743064e+00   1.17973993e+01
 2.76000000e+00   0.00000000e+00   1.00000000e+00   9.14293584e-02   2.14757299e-04   8.29301938e+00   1.17188749e+01
 2.77000000e+00   0.00000000e+00   1.00000000e+00   8.83715498e-02   1.85891263e-04   8.26374422e+00   1.16891059e+01
 2.78000000e+00   0.00000000e+00   1.00000000e+00   8.51074493e-02   2.14661334e-04   8.26348442e+00   1.17981614e+01
 2.79000000e+00   0.00000000e+00   1.00000000e+00   8.20420933e-02   1.45128576e-04   8.25759458e+00   1.16049582e+01
 2.80000000e+00   0.00000000e+00   1.00000000e+00   7.87741035e-02   1.19793816e-04   8.24654164e+00   1.18170744e+01
 2.81000000e+00   0.00000000e+00   1.00000000e+00   7.55850127e-02   3.80740930e-05   8.26489048e+00   1.15684191e+01
 2.82000000e+00   0.00000000e+00   1.00000000e+00   7.21934717e-02   3.67562138e-06   8.25342859e+00   1.17727405e+01
 2.83000000e+00   0.00000000e+00   1.00000000e+00   6.88009638e-02  -4.22691038e-05   8.25933267e+00   1.15811940e+01
 2.84000000e+00   0.00000000e+00   1.00000000e+00   6.52537557e-02  -3.81229822e-05   8.26303905e+00   1.16867775e+01
 2.85000000e+00   0.00000000e+00   1.00000000e+00   6.16986137e-02  -2.18717927e-05   8.22855482e+00   1.16283246e+01
 2.86000000e+00   0.00000000e+00   1.00000000e+00   5.81270181e-02   3.06425941e-05   8.24705666e+00   1.15888578e+01
 2.87000000e+00   0.00000000e+00   1.00000000e+00   5.45925658e-02   8.67570994e-05   8.16894531e+00   1.16822686e+01
 2.88000000e+00   0.00000000e+00   1.00000000e+00   5.12035687e-02   1.52543674e-04   8.20352871e+00   1.15036299e+01
 2.89000000e+00   0.00000000e+00   1.00000000e+00   4.79679579e-02   1.93975606e-04   8.07740266e+00   1.17102027e+01
 2.90000000e+00   0.00000000e+00   1.00000000e+00   4.49134594e-02   2.24265021e-04   8.15837751e+00   1.14440288e+01
 2.91000000e+00   0.00000000e+00   1.00000000e+00   4.22269354e-02   2.11534131e-04   7.96295168e+00   1.16933210e+01
 2.92000000e+00   0.00000000e+00   1.00000000e+00   3.95557736e-02   1.87691908e-04   8.13376399e+00   1.14084464e+01
 2.93000000e+00   0.00000000e+00   1.00000000e+00   3.74858694e-02   1.28788387e-04   7.86588038e+00   1.16424089e+01
 2.94000000e+00   0.00000000e+00   1.00000000e+00   3.51779297e-02   7.62453073e-05   8.11891106e+00   1.13905873e+01
 2.95000000e+00   0.00000000e+00   1.00000000e+00   3.35470206e-02   1.82344598e-05   7.83745397e+00   1.15833981e+01
 2.96000000e+00   0.00000000e+00   1.00000000e+00   3.15614289e-02  -1.78150825e-05   8.08166647e+00   1.13861300e+01
 2.97000000e+00   0.00000000e+00   1.00000000e+00   3.00684476e-02  -2.86741079e-05   7.89226461e+00   1.15367517e+01
 2.98000000e+00   0.00000000e+00   1.00000000e+00   2.83654467e-02  -2.14621405e-05   8.00341840e+00   1.13878897e+01
 2.99000000e+00   0.00000000e+00   1.00000000e+00   2.68182792e-02   2.53468729e-05   7.98339158e+00   1.15044844e+01
 3.00000000e+00   0.00000000e+00   1.00000000e+00   2.53643165e-02   6.35845668e-05   7.90441544e+00   1.13884516e+01
 3.01000000e+00   0.00000000e+00   1.00000000e+00   2.38102222e-02   1.38580062e-04   8.03884375e+00   1.14732508e+01
 3.02000000e+00   0.00000000e+00   1.00000000e+00   2.25796652e-02   1.68719593e-04   7.82772651e+00   1.13845919e+01
 3.03000000e+00   0.00000000e+00   1.00000000e+00   2.12073399e-02   2.23234727e-04   8.02444361e+00   1.14308767e+01
 3.04000000e+00   0.00000000e+00   1.00000000e+00   2.01690090e-02   2.11693211e-04   7.80322980e+00   1.13740337e+01
 3.05000000e+00   0.00000000e+00   1.00000000e+00   1.90937696e-02   2.13099083e-04   7.96550124e+00   1.13762210e+01
 3.06000000e+00   0.00000000e+00   1.00000000e+00   1.81805630e-02   1.57415586e-04   7.82918903e+00   1.13561044e+01
 3.07000000e+00   0.00000000e+00   1.00000000e+00   1.73324712e-02   1.12210067e-04   7.90911675e+00   1.13194000e+01
 3.08000000e+00   0.00000000e+00   1.00000000e+00   1.64308411e-02   4.88789778e-05   7.88389941e+00   1.13261341e+01
 3.09000000e+00   0.00000000e+00   1.00000000e+00   1.56416085e-02  -3.06433248e-06   7.87285824e+00   1.12770270e+01
 3.10000000e+00   0.00000000e+00   1.00000000e+00   1.46441992e-02  -2.24886851e-05   7.94258579e+00   1.12778204e+01
 3.11000000e+00   0.00000000e+00   1.00000000e+00   1.38199476e-02  -4.08328001e-05   7.83855362e+00   1.12586834e+01
 3.12000000e+00   0.00000000e+00   1.00000000e+00   1.27304219e-02   9.56822446e-06   7.98067269e+00   1.12119531e+01
 3.13000000e+00   0.00000000e+00   1.00000000e+00   1.19435194e-02   2.98833365e-05   7.78512233e+00   1.12615154e+01
 3.14000000e+00   0.00000000e+00   1.00000000e+00   1.09504103e-02   1.25712256e-04   7.97081533e+00   1.11377222e+01
 3.15000000e+00   0.00000000e+00   1.00000000e+00   1.03912392e-02   1.48260077e-04   7.72101302e+00   1.12710764e+01
 3.16000000e+00   0.00000000e+00   1.00000000e+00   9.80115543e-03   2.31701897e-04   7.89851582e+00   1.10715302e+01
 3.17000000e+00   0.00000000e+00   1.00000000e+00   9.66332698e-03   2.11774733e-04   7.67314339e+00   1.12640267e+01
 3.18000000e+00   0.00000000e+00   1.00000000e+00   9.70963135e-03   2.38674940e-04   7.78733954e+00   1.10296481e+01
 3.19000000e+00   0.00000000e+00   1.00000000e+00   1.00881659e-02   1.66437596e-04   7.65892186e+00   1.12233639e+01
 3.20000000e+00   0.00000000e+00   1.00000000e+00   1.07621378e-02   1.41613454e-04   7.69284627e+00   1.10204674e+01
 3.21000000e+00   0.00000000e+00   1.00000000e+00   1.16227310e-02   5.35578047e-05   7.66996774e+00   1.11553620e+01
 3.22000000e+00   0.00000000e+00   1.00000000e+00   1.27022926e-02   2.17791023e-05   7.65558328e+00   1.10399954e+01
 3.23000000e+00   0.00000000e+00   1.00000000e+00   1.39241914e-02  -3.00847322e-05   7.68427229e+00   1.10827720e+01
 3.24000000e+00   0.00000000e+00   1.00000000e+00   1.51923900e-02  -2.53894644e-05   7.66196836e+00   1.10758794e+01
 3.25000000e+00   0.00000000e+00   1.00000000e+00   1.66554029e-02  -1.68737886e-05   7.68825123e+00   1.10283604e+01
 3.26000000e+00   0.00000000e+00   1.00000000e+00   1.80926123e-02   3.13690267e-05   7.66091939e+00   1.11069033e+01
 3.27000000e+00   0.00000000e+00   1.00000000e+00   1.97469195e-02   7.95370387e-05   7.68615730e+00   1.10077093e+01
 3.28000000e+00   0.00000000e+00   1.00000000e+00   2.14945746e-02   1.41032814e-04   7.62610948e+00   1.11092682e+01
 3.29000000e+00   0.00000000e+00   1.00000000e+00   2.33566656e-02   1.81518305e-04   7.68537360e+00   1.10245236e+01
 3.30000000e+00   0.00000000e+00   1.00000000e+00   2.54987859e-02   2.15615555e-04   7.58796423e+00   1.10708752e+01
 3.31000000e+00   0.00000000e+00   1.00000000e+00   2.75825079e-02   2.09696676e-04   7.68367007e+00   1.10678671e+01
 3.32000000e+00   0.00000000e+00   1.00000000e+00   2.99892879e-02   1.96365224e-04   7.59900734e+00   1.10013242e+01
 3.33000000e+00   0.00000000e+00   1.00000000e+00   3.22419286e-02   1.40955378e-04   7.67324961e+00   1.11166548e+01
 3.34000000e+00   0.00000000e+00   1.00000000e+00   3.46380335e-02   9.58398795e-05   7.67406015e+00   1.09281176e+01
 3.35000000e+00   0.00000000e+00   1.00000000e+00   3.69438957e-02   2.63635966e-05   7.65469408e+00   1.11503133e+01
 3.36000000e+00   0.00000000e+00   1.00000000e+00   3.91133965e-02  -9.60957382e-06   7.77321753e+00   1.08761632e+01
 3.37000000e+00   0.00000000e+00   1.00000000e+00   4.13593148e-02  -4.30914080e-05   7.64118696e+00   1.11620299e+01
 3.38000000e+00   0.00000000e+00   1.00000000e+00   4.32790323e-02  -3.53984037e-05   7.83826099e+00   1.08542006e+01
 3.39000000e+00   0.00000000e+00   1.00000000e+00   4.54316877e-02  -6.61990102e-06   7.64271832e+00   1.11567631e+01
 3.40000000e+00   0.00000000e+00   1.00000000e+00   4.72477352e-02   4.13849944e-05   7.83965881e+00   1.08555775e+01
 3.41000000e+00   0.00000000e+00   1.00000000e+00   4.93864537e-02   1.11541914e-04   7.65373195e+00   1.11426877e+01
 3.42000000e+00   0.00000000e+00   1.00000000e+00   5.13173894e-02   1.55903865e-04   7.78563157e+00   1.08656343e+01
 3.43000000e+00   0.00000000e+00   1.00000000e+00   5.35904289e-02   2.14783829e-04   7.66350825e+00   1.11250274e+01
 3.44000000e+00   0.00000000e+00   1.00000000e+00   5.58450746e-02   2.06639219e-04   7.70170616e+00   1.08693197e+01
 3.45000000e+00   0.00000000e+00   1.00000000e+00   5.83673967e-02   2.15430034e-04   7.68017920e+00   1.11066213e+01
 3.46000000e+00   0.00000000e+00   1.00000000e+00   6.10719519e-02   1.46562022e-04   7.61527469e+00   1.08645669e+01
 3.47000000e+00   0.00000000e+00   1.00000000e+00   6.38425209e-02   1.13575600e-04   7.72086493e+00   1.10894416e+01
 3.48000000e+00   0.00000000e+00   1.00000000e+00   6.69640475e-02   2.65373476e-05   7.55733245e+00   1.08633474e+01
 3.49000000e+00   0.00000000e+00   1.00000000e+00   6.98852507e-02  -4.16900651e-06   7.77975904e+00   1.10765231e+01
 3.50000000e+00   0.00000000e+00   1.00000000e+00   7.32293309e-02  -5.12789881e-05   7.55268910e+00   1.08815330e+01
 3.51000000e+00   0.00000000e+00   1.00000000e+00   7.62284340e-02  -4.32741077e-05   7.81508856e+00   1.10640667e+01
 3.52000000e+00   0.00000000e+00   1.00000000e+00   7.95689711e-02  -2.37638084e-05   7.60467726e+00   1.09245791e+01
 3.53000000e+00   0.00000000e+00   1.00000000e+00   8.26972938e-02   1.92206835e-05   7.78456979e+00   1.10450610e+01
 3.54000000e+00   0.00000000e+00   1.00000000e+00   8.59511143e-02   8.41387526e-05   7.68840555e+00   1.09818736e+01
 3.55000000e+00   0.00000000e+00   1.00000000e+00   8.93337870e-02   1.23959798e-04   7.69963402e+00   1.10213225e+01
 3.56000000e+00   0.00000000e+00   1.00000000e+00   9.25955714e-02   1.87058727e-04   7.76834467e+00   1.10294512e+01
 3.57000000e+00   0.00000000e+00   1.00000000e+00   9.62583616e-02   1.84248601e-04   7.62896300e+00   1.10098785e+01
 3.58000000e+00   0.00000000e+00   1.00000000e+00   9.96396477e-02   2.07936853e-04   7.82459342e+00   1.10432779e+01
 3.59000000e+00   0.00000000e+00   1.00000000e+00   1.03392561e-01   1.51544179e-04   7.63863054e+00   1.10285818e+01
 3.60000000e+00   0.00000000e+00   1.00000000e+00   1.06834970e-01   1.31898354e-04   7.86104187e+00   1.10177453e+01
 3.61000000e+00   0.00000000e+00   1.00000000e+00   1.10353447e-01   4.82812289e-05   7.73123280e+00   1.10766188e+01
 3.62000000e+00   0.00000000e+00   1.00000000e+00   1.13625640e-01   1.54258527e-05   7.88931013e+00   1.09732236e+01
 3.63000000e+00   0.00000000e+00   1.00000000e+00   1.16663883e-01  -4.73956042e-05   7.84831659e+00   1.11267130e+01
 3.64000000e+00   0.00000000e+00   1.00000000e+00   1.19548549e-01  -5.20007045e-05   7.91317204e+00   1.09468324e+01
 3.65000000e+00   0.00000000e+00   1.00000000e+00   1.22088113e-01  -5.72454702e-05   7.92741188e+00   1.11465304e+01
 3.66000000e+00   0.00000000e+00   1.00000000e+00   1.24560177e-01  -1.45392197e-05   7.92498143e+00   1.09661420e+01
 3.67000000e+00   0.00000000e+00   1.00000000e+00   1.26775071e-01   3.27863178e-05   7.95344198e+00   1.11253507e+01
 3.68000000e+00   0.00000000e+00   1.00000000e+00   1.28994023e-01   9.96424748e-05   7.91784656e+00   1.10303786e+01
 3.69000000e+00   0.00000000e+00   1.00000000e+00   1.31101333e-01   1.51780304e-04   7.94956923e+00   1.10744350e+01
 3.70000000e+00   0.00000000e+00   1.00000000e+00   1.33251673e-01   1.94106304e-04   7.90139450e+00   1.11132599e+01
 3.71000000e+00   0.00000000e+00   1.00000000e+00   1.35385894e-01   1.98418727e-04   7.94025752e+00   1.10142466e+01
 3.72000000e+00   0.00000000e+00   1.00000000e+00   1.37542983e-01   1.85980403e-04   7.89690314e+00   1.11797786e+01
 3.73000000e+00   0.00000000e+00   1.00000000e+00   1.39718370e-01   1.30251551e-04   7.93705183e+00   1.09709382e+01
 3.74000000e+00   0.00000000e+00   1.00000000e+00   1.41851808e-01   8.17722878e-05   7.91559855e+00   1.12048546e+01
 3.75000000e+00   0.00000000e+00   1.00000000e+00   1.43992613e-01   5.25072608e-06   7.94579848e+00   1.09712006e+01
 3.76000000e+00   0.00000000e+00   1.00000000e+00   1.46057200e-01  -2.82791792e-05   7.94567988e+00   1.11852825e+01
 3.77000000e+00   0.00000000e+00   1.00000000e+00   1.48063758e-01  -7.06940223e-05   7.97048789e+00   1.10279278e+01
 3.78000000e+00   0.00000000e+00   1.00000000e+00   1.50062739e-01  -5.32316681e-05   7.96451432e+00   1.11359590e+01
 3.79000000e+00   0.00000000e+00   1.00000000e+00   1.51896293e-01  -3.79359518e-05   8.00293516e+00   1.11268804e+01
 3.80000000e+00   0.00000000e+00   1.00000000e+00   1.53864551e-01   2.08025361e-05   7.96627858e+00   1.10812302e+01
 3.81000000e+00   0.00000000e+00   1.00000000e+00   1.55603409e-01   7.26258173e-05   8.01919469e+00   1.12241487e+01
 3.82000000e+00   0.00000000e+00   1.00000000e+00   1.57548938e-01   1.27027036e-04   7.97513204e+00   1.10520749e+01
 3.83000000e+00   0.00000000e+00   1.00000000e+00   1.59338804e-01   1.72604316e-04   8.00216590e+00   1.12696867e+01
 3.84000000e+00   0.00000000e+00   1.00000000e+00   1.61204441e-01   1.78497208e-04   8.01992614e+00   1.10708845e+01
 3.85000000e+00   0.00000000e+00   1.00000000e+00   1.63104211e-01   1.88823068e-04   7.97157830e+00   1.12458188e+01
 3.86000000e+00   0.00000000e+00   1.00000000e+00   1.64770285e-01   1.34275566e-04   8.10082870e+00   1.11357762e+01
 3.87000000e+00   0.00000000e+00   1.00000000e+00   1.66623539e-01   1.12859921e-04   7.97428577e+00   1.11839342e+01
 3.88000000e+00   0.00000000e+00   1.00000000e+00   1.67945530e-01   2.54879219e-05   8.18269580e+00   1.12154238e+01
 3.89000000e+00   0.00000000e+00   1.00000000e+00   1.69423191e-01   4.14135952e-06   8.04345485e+00   1.11395508e+01
 3.90000000e+00   0.00000000e+00   1.00000000e+00   1.70292052e-01  -6.66111861e-05   8.21894006e+00   1.12695718e+01
 3.91000000e+00   0.00000000e+00   1.00000000e+00   1.71105763e-01  -5.18480307e-05   8.16434765e+00   1.11492100e+01
 3.92000000e+00   0.00000000e+00   1.00000000e+00   1.71506232e-01  -6.74766527e-05   8.19276635e+00   1.12807942e+01
 3.93000000e+00   0.00000000e+00   1.00000000e+00   1.71609686e-01  -7.49403743e-06   8.28142993e+00   1.12078814e+01
 3.94000000e+00   0.00000000e+00   1.00000000e+00   1.71637058e-01   3.02647657e-05   8.13157152e+00   1.12636935e+01
 3.95000000e+00   0.00000000e+00   1.00000000e+00   1.71233338e-01   1.03280217e-04   8.34458222e+00   1.12842907e+01
 3.96000000e+00   0.00000000e+00   1.00000000e+00   1.71035883e-01   1.51881905e-04   8.08204482e+00   1.12460030e+01
 3.97000000e+00   0.00000000e+00   1.00000000e+00   1.70398531e-01   1.85474382e-04   8.34757538e+00   1.13457117e+01
 3.98000000e+00   0.00000000e+00   1.00000000e+00   1.70068440e-01   1.97541898e-04   8.07768239e+00   1.12497269e+01
 3.99000000e+00   0.00000000e+00   1.00000000e+00   1.69355831e-01   1.63602378e-04   8.31491446e+00   1.13712487e+01
 4.00000000e+00   0.00000000e+00   1.00000000e+00   1.68855166e-01   1.29922129e-04   8.12886191e+00   1.12849409e+01
 4.01000000e+00   0.00000000e+00   1.00000000e+00   1.68074159e-01   5.27248539e-05   8.26857584e+00   1.13600621e+01
 4.02000000e+00   0.00000000e+00   1.00000000e+00   1.67277582e-01   9.87630067e-06   8.22042190e+00   1.13500476e+01
 4.03000000e+00   0.00000000e+00   1.00000000e+00   1.66383366e-01  -5.28805100e-05   8.21296810e+00   1.13292408e+01
 4.04000000e+00   0.00000000e+00   1.00000000e+00   1.65221672e-01  -5.84726137e-05   8.31730973e+00   1.14329810e+01
 4.05000000e+00   0.00000000e+00   1.00000000e+00   1.64219959e-01  -6.49625521e-05   8.15151054e+00   1.13055082e+01
 4.06000000e+00   0.00000000e+00   1.00000000e+00   1.62800493e-01  -2.02785384e-05   8.37482978e+00   1.15091032e+01
 4.07000000e+00   0.00000000e+00   1.00000000e+00   1.61753146e-01   2.31034251e-05   8.10809669e+00   1.13157893e+01
 4.08000000e+00   0.00000000e+00   1.00000000e+00   1.60330102e-01   8.80846413e-05   8.36306005e+00   1.15488302e+01
 4.09000000e+00   0.00000000e+00   1.00000000e+00   1.59283893e-01   1.37075704e-04   8.11512564e+00   1.13706413e+01
 4.10000000e+00   0.00000000e+00   1.00000000e+00   1.58075683e-01   1.77381329e-04   8.29380338e+00   1.15390006e+01
 4.11000000e+00   0.00000000e+00   1.00000000e+00   1.56998350e-01   1.87628104e-04   8.18371129e+00   1.14542378e+01
 4.12000000e+00   0.00000000e+00   1.00000000e+00   1.56000911e-01   1.79737363e-04   8.21830850e+00   1.15002636e+01
 4.13000000e+00   0.00000000e+00   1.00000000e+00   1.54779638e-01   1.38198509e-04   8.28624111e+00   1.15324979e+01
 4.14000000e+00   0.00000000e+00   1.00000000e+00   1.53746318e-01   9.65848556e-05   8.19085083e+00   1.14758641e+01
 4.15000000e+00   0.00000000e+00   1.00000000e+00   1.52241581e-01   2.74225279e-05   8.37528914e+00   1.15758193e+01
 4.16000000e+00   0.00000000e+00   1.00000000e+00   1.50854945e-01  -6.01467472e-06   8.22535948e+00   1.14972601e+01
 4.17000000e+00   0.00000000e+00   1.00000000e+00   1.48971522e-01  -6.01110797e-05   8.41697782e+00   1.15775132e+01
 4.18000000e+00   0.00000000e+00   1.00000000e+00   1.47058450e-01  -4.56010732e-05   8.28943626e+00   1.15615362e+01
 4.19000000e+00   0.00000000e+00   1.00000000e+00   1.44792767e-01  -5.46722290e-05   8.41149920e+00   1.15551276e+01
 4.20000000e+00   0.00000000e+00   1.00000000e+00   1.42402095e-01   1.43105885e-05   8.33925682e+00   1.16402985e+01
 4.21000000e+00   0.00000000e+00   1.00000000e+00   1.39841594e-01   4.35457106e-05   8.37874581e+00   1.15333219e+01
 4.22000000e+00   0.00000000e+00   1.00000000e+00   1.37146934e-01   1.30240850e-04   8.35849047e+00   1.17033703e+01
 4.23000000e+00   0.00000000e+00   1.00000000e+00   1.34416149e-01   1.58090271e-04   8.33881033e+00   1.15274419e+01
 4.24000000e+00   0.00000000e+00   1.00000000e+00   1.31566081e-01   2.06552736e-04   8.35997898e+00   1.17339228e+01
 4.25000000e+00   0.00000000e+00   1.00000000e+00   1.28751064e-01   1.95231648e-04   8.30399560e+00   1.15387842e+01
 4.26000000e+00   0.00000000e+00   1.00000000e+00   1.25802463e-01   1.75100970e-04   8.36019764e+00   1.17322117e+01
 4.27000000e+00   0.00000000e+00   1.00000000e+00   1.22907085e-01   1.25674465e-04   8.28476166e+00   1.15626329e+01
 4.28000000e+00   0.00000000e+00   1.00000000e+00   1.19861806e-01   5.82182513e-05   8.35611917e+00   1.17098692e+01
 4.29000000e+00   0.00000000e+00   1.00000000e+00   1.16838090e-01   1.30566552e-05   8.28809095e+00   1.15933407e+01
 4.30000000e+00   0.00000000e+00   1.00000000e+00   1.13710154e-01  -4.74433815e-05   8.33345419e+00   1.16844403e+01
 4.31000000e+00   0.00000000e+00   1.00000000e+00   1.10548644e-01  -4.20678912e-05   8.30374262e+00   1.16231196e+01
 4.32000000e+00   0.00000000e+00   1.00000000e+00   1.07401855e-01  -5.53105983e-05   8.28657186e+00   1.16705766e+01
 4.33000000e+00   0.00000000e+00   1.00000000e+00   1.04208174e-01   8.51372040e-06   8.30599418e+00   1.16415411e+01
 4.34000000e+00   0.00000000e+00   1.00000000e+00   1.01159274e-01   3.74626190e-05   8.22559229e+00   1.16757064e+01
 4.35000000e+00   0.00000000e+00   1.00000000e+00   9.81345874e-02   1.21440081e-04   8.27533902e+00   1.16398670e+01
 4.36000000e+00   0.00000000e+00   1.00000000e+00   9.53228460e-02   1.52997967e-04   8.16858583e+00   1.16941516e+01
 4.37000000e+00   0.00000000e+00   1.00000000e+00   9.26333808e-02   2.03788019e-04   8.22502370e+00   1.16228557e+01
 4.38000000e+00   0.00000000e+00   1.00000000e+00   9.01461788e-02   2.00840340e-04   8.12916393e+00   1.17109367e+01
 4.39000000e+00   0.00000000e+00   1.00000000e+00   8.77807043e-02   1.91065198e-04   8.19321551e+00   1.16048805e+01
 4.40000000e+00   0.00000000e+00   1.00000000e+00   8.55624388e-02   1.49326275e-04   8.11723870e+00   1.17157862e+01
 4.41000000e+00   0.00000000e+00   1.00000000e+00   8.33173146e-02   9.51493681e-05   8.20185213e+00   1.15970449e+01
 4.42000000e+00   0.00000000e+00   1.00000000e+00   8.11604896e-02   4.34808560e-05   8.13450501e+00   1.17089475e+01
 4.43000000e+00   0.00000000e+00   1.00000000e+00   7.87903800e-02  -9.27423471e-06   8.23086876e+00   1.15958769e+01
 4.44000000e+00   0.00000000e+00   1.00000000e+00   7.64618479e-02  -3.10007540e-05   8.16874710e+00   1.16967236e+01
 4.45000000e+00   0.00000000e+00   1.00000000e+00   7.38745745e-02  -4.08211046e-05   8.23472213e+00   1.15894159e+01
 4.46000000e+00   0.00000000e+00   1.00000000e+00   7.12896709e-02  -1.36917743e-05   8.19827479e+00   1.16858181e+01
 4.47000000e+00   0.00000000e+00   1.00000000e+00   6.85942514e-02   2.75454715e-05   8.19400039e+00   1.15704297e+01
 4.48000000e+00   0.00000000e+00   1.00000000e+00   6.58686484e-02   8.46948363e-05   8.20404057e+00   1.16792866e+01
 4.49000000e+00   0.00000000e+00   1.00000000e+00   6.32354011e-02   1.44857384e-04   8.13539210e+00   1.15424850e+01
 4.50000000e+00   0.00000000e+00   1.00000000e+00   6.05552437e-02   1.86461055e-04   8.18232233e+00   1.16729428e+01
 4.51000000e+00   0.00000000e+00   1.00000000e+00   5.80399026e-02   2.17564237e-04   8.10281252e+00   1.15116540e+01
 4.52000000e+00   0.00000000e+00   1.00000000e+00   5.54894265e-02   2.07195741e-04   8.14496806e+00   1.16574923e+01
 4.53000000e+00   0.00000000e+00   1.00000000e+00   5.30050950e-02   1.84658513e-04   8.11049872e+00   1.14809150e+01
 4.54000000e+00   0.00000000e+00   1.00000000e+00   5.05340341e-02   1.27678910e-04   8.10570129e+00   1.16256278e+01
 4.55000000e+00   0.00000000e+00   1.00000000e+00   4.79818277e-02   7.19419559e-05   8.13230286e+00   1.14502923e+01
 4.56000000e+00   0.00000000e+00   1.00000000e+00   4.55295669e-02   1.54279871e-05   8.06868946e+00   1.15798923e+01
 4.57000000e+00   0.00000000e+00   1.00000000e+00   4.29341877e-02  -2.62237179e-05   8.13209802e+00   1.14220668e+01
 4.58000000e+00   0.00000000e+00   1.00000000e+00   4.05577477e-02  -3.15425605e-05   8.02638662e+00   1.15300352e+01
 4.59000000e+00   0.00000000e+00   1.00000000e+00   3.80793161e-02  -2.78946693e-05   8.09761668e+00   1.14006745e+01
 4.60000000e+00   0.00000000e+00   1.00000000e+00   3.59483660e-02   2.93139603e-05   7.97241020e+00   1.14864053e+01
 4.61000000e+00   0.00000000e+00   1.00000000e+00   3.37936399e-02   6.54260579e-05   8.03849637e+00   1.13858471e+01
 4.62000000e+00   0.00000000e+00   1.00000000e+00   3.20759672e-02   1.47906173e-04   7.91279677e+00   1.14524410e+01
 4.63000000e+00   0.00000000e+00   1.00000000e+00   3.04065488e-02   1.72944076e-04   7.96838583e+00   1.13695117e+01
 4.64000000e+00   0.00000000e+00   1.00000000e+00   2.91635969e-02   2.26840765e-04   7.86688627e+00   1.14254066e+01
 4.65000000e+00   0.00000000e+00   1.00000000e+00   2.80405406e-02   2.06434538e-04   7.89900876e+00   1.13455968e+01
 4.66000000e+00   0.00000000e+00   1.00000000e+00   2.72091367e-02   2.03863986e-04   7.85083971e+00   1.14013496e+01
 4.67000000e+00   0.00000000e+00   1.00000000e+00   2.65588546e-02   1.43078376e-04   7.84799934e+00   1.13187826e+01
 4.68000000e+00   0.00000000e+00   1.00000000e+00   2.60032122e-02   9.95305104e-05   7.86110850e+00   1.13776550e+01
 4.69000000e+00   0.00000000e+00   1.00000000e+00   2.56259231e-02   3.89854507e-05   7.83496455e+00   1.12986459e+01
 4.70000000e+00   0.00000000e+00   1.00000000e+00   2.52130866e-02  -4.42502520e-06   7.87302630e+00   1.13527382e+01
 4.71000000e+00   0.00000000e+00   1.00000000e+00   2.48794182e-02  -2.02411111e-05   7.86065149e+00   1.12873427e+01
 4.72000000e+00   0.00000000e+00   1.00000000e+00   2.45450592e-02  -2.97405432e-05   7.86048619e+00   1.13243047e+01
 4.73000000e+00   0.00000000e+00   1.00000000e+00   2.41467535e-02   1.41761837e-05   7.89704251e+00   1.12797808e+01
 4.74000000e+00   0.00000000e+00   1.00000000e+00   2.39171752e-02   4.03150869e-05   7.82027026e+00   1.12909188e+01
 4.75000000e+00   0.00000000e+00   1.00000000e+00   2.35335118e-02   1.18462242e-04   7.91055676e+00   1.12696647e+01
 4.76000000e+00   0.00000000e+00   1.00000000e+00   2.34759528e-02   1.49483105e-04   7.77509390e+00   1.12581927e+01
 4.77000000e+00   0.00000000e+00   1.00000000e+00   2.32644262e-02   2.12106705e-04   7.89399947e+00   1.12508934e+01
 4.78000000e+00   0.00000000e+00   1.00000000e+00   2.33958526e-02   2.09980888e-04   7.75285292e+00   1.12340724e+01
 4.79000000e+00   0.00000000e+00   1.00000000e+00   2.34108418e-02   2.18387705e-04   7.87040747e+00   1.12210008e+01
 4.80000000e+00   0.00000000e+00   1.00000000e+00   2.36493331e-02   1.70552266e-04   7.76217024e+00   1.12181441e+01
 4.81000000e+00   0.00000000e+00   1.00000000e+00   2.37855695e-02   1.27313495e-04   7.86136205e+00   1.11822359e+01
 4.82000000e+00   0.00000000e+00   1.00000000e+00   2.40124193e-02   6.16381292e-05   7.78508468e+00   1.12011354e+01
 4.83000000e+00   0.00000000e+00   1.00000000e+00   2.41398011e-02   1.00149330e-05   7.86146779e+00   1.11407087e+01
 4.84000000e+00   0.00000000e+00   1.00000000e+00   2.43285514e-02  -2.49404148e-05   7.79424928e+00   1.11752219e+01
 4.85000000e+00   0.00000000e+00   1.00000000e+00   2.44680598e-02  -3.63959944e-05   7.84454617e+00   1.11056488e+01
 4.86000000e+00   0.00000000e+00   1.00000000e+00   2.47580050e-02  -1.34133603e-05   7.77515210e+00   1.11415287e+01
 4.87000000e+00   0.00000000e+00   1.00000000e+00   2.51047996e-02   2.74526021e-05   7.79506347e+00   1.10867251e+01
 4.88000000e+00   0.00000000e+00   1.00000000e+00   2.57376803e-02   8.74706236e-05   7.73272311e+00   1.11075335e+01
 4.89000000e+00   0.00000000e+00   1.00000000e+00   2.65138834e-02   1.46818144e-04   7.72921287e+00   1.10855829e+01
 4.90000000e+00   0.00000000e+00   1.00000000e+00   2.76823770e-02   1.91059248e-04   7.68191914e+00   1.10791719e+01
 4.91000000e+00   0.00000000e+00   1.00000000e+00   2.89715232e-02   2.20702755e-04   7.68095036e+00   1.10895463e+01
 4.92000000e+00   0.00000000e+00   1.00000000e+00   3.06936829e-02   2.09672082e-04   7.64234248e+00   1.10619694e+01
 4.93000000e+00   0.00000000e+00   1.00000000e+00   3.24101455e-02   1.89716451e-04   7.66971971e+00   1.10822229e+01
 4.94000000e+00   0.00000000e+00   1.00000000e+00   3.45216523e-02   1.29866623e-04   7.63082317e+00   1.10618134e+01
 4.95000000e+00   0.00000000e+00   1.00000000e+00   3.65074104e-02   8.27576835e-05   7.68471983e+00   1.10556806e+01
 4.96000000e+00   0.00000000e+00   1.00000000e+00   3.87769032e-02   1.91227915e-05   7.64943451e+00   1.10829755e+01
 4.97000000e+00   0.00000000e+00   1.00000000e+00   4.09125359e-02  -1.36142950e-05   7.70096783e+00   1.10135072e+01
 4.98000000e+00   0.00000000e+00   1.00000000e+00   4.31907913e-02  -3.39323003e-05   7.68131490e+00   1.11221606e+01
 4.99000000e+00   0.00000000e+00   1.00000000e+00   4.54310437e-02  -2.73832241e-05   7.70619729e+00   1.09684591e+01
 5.00000000e+00   0.00000000e+00   1.00000000e+00   4.77254822e-02   1.11005505e-05   7.69913909e+00   1.11650765e+01