  Time  Coordinate0  Coordinate1  Displacement0  Displacement1  Force0  Force1
 1.00000000e-02  -8.72097533e-14   1.00000000e+00   3.80919651e-04  -1.09903802e-04   3.30931093e+01  -1.58927102e+02
 2.00000000e-02  -8.72097533e-14   1.00000000e+00   1.41455229e-03  -1.07799036e-04   9.92030453e+00   7.35963719e+01
 3.00000000e-02  -8.72097533e-14   1.00000000e+00   2.70311680e-03   2.74294954e-07   8.13704344e+00   1.15694010e+01
 4.00000000e-02  -8.72097533e-14   1.00000000e+00   4.07541453e-03   7.30763711e-05   9.27114415e+00   1.02185049e+01
 5.00000000e-02  -8.72097533e-14   1.00000000e+00   5.53957737e-03   1.53940837e-04   7.53814254e+00   1.03716179e+01
 6.00000000e-02  -8.72097533e-14   1.00000000e+00   6.99980575e-03   2.65910406e-04   7.96698389e+00   9.82210044e+00
 7.00000000e-02  -8.72097533e-14   1.00000000e+00   8.45622106e-03   3.71111337e-04   7.01228488e+00   9.48570630e+00
 8.00000000e-02  -8.72097533e-14   1.00000000e+00   1.01208700e-02   3.97935227e-04   7.27855053e+00   9.37748610e+00
 9.00000000e-02  -8.72097533e-14   1.00000000e+00   1.25063033e-02   3.01400901e-04   6.52026834e+00   8.96664086e+00
 1.00000000e-01  -8.72097533e-14   1.00000000e+00   1.58829109e-02   9.98414645e-05   6.68858069e+00   8.93639164e+00
 1.10000000e-01  -8.72097533e-14   1.00000000e+00   1.97878774e-02  -3.41206352e-05   6.26933129e+00   8.51797661e+00
 1.20000000e-01  -8.72097533e-14   1.00000000e+00   2.35587044e-02  -7.03716957e-05   6.61433969e+00   8.49206464e+00
 1.30000000e-01  -8.72097533e-14   1.00000000e+00   2.72545738e-02  -7.88915957e-05   6.26830665e+00   8.29973020e+00
 1.40000000e-01  -8.72097533e-14   1.00000000e+00   3.12504234e-02  -1.43175745e-04   6.40978931e+00   8.22255807e+00
 1.50000000e-01  -8.72097533e-14   1.00000000e+00   3.52962247e-02  -1.78636626e-05   6.19529946e+00   8.10433572e+00
 1.60000000e-01  -8.72097533e-14   1.00000000e+00   3.89860694e-02   2.16782059e-04   6.45734028e+00   7.94795590e+00
 1.70000000e-01  -8.72097533e-14   1.00000000e+00   4.25109658e-02   3.26613425e-04   6.22804719e+00   8.11789323e+00
 1.80000000e-01  -8.72097533e-14   1.00000000e+00   4.60043139e-02   2.98561026e-04   6.32562977e+00   7.85634841e+00
 1.90000000e-01  -8.72097533e-14   1.00000000e+00   4.94845588e-02   2.84589096e-04   6.15687448e+00   7.95480182e+00
 2.00000000e-01  -8.72097533e-14   1.00000000e+00   5.31665687e-02   2.30697034e-04   6.22813939e+00   7.69760499e+00
 2.10000000e-01  -8.72097533e-14   1.00000000e+00   5.70865838e-02   9.71336891e-05   6.09445509e+00   7.81705020e+00
 2.20000000e-01  -8.72097533e-14   1.00000000e+00   6.11268229e-02  -3.70953504e-05   6.18578138e+00   7.62374887e+00
 2.30000000e-01  -8.72097533e-14   1.00000000e+00   6.54181065e-02  -1.90805723e-04   6.06212526e+00   7.63976935e+00
 2.40000000e-01  -8.72097533e-14   1.00000000e+00   6.96618077e-02  -1.84607124e-04   6.19808121e+00   7.55111091e+00
 2.50000000e-01  -8.72097533e-14   1.00000000e+00   7.32070412e-02  -2.45598269e-05   6.27310299e+00   7.44179063e+00
 2.60000000e-01  -8.72097533e-14   1.00000000e+00   7.61303445e-02   8.94851368e-05   6.36033543e+00   7.61287421e+00
 2.70000000e-01  -8.72097533e-14   1.00000000e+00   7.89383106e-02   1.10096602e-04   6.21886210e+00   7.37822754e+00
 2.80000000e-01  -8.72097533e-14   1.00000000e+00   8.19714554e-02   2.65152255e-04   6.21927271e+00   7.51220816e+00
 2.90000000e-01  -8.72097533e-14   1.00000000e+00   8.51799932e-02   3.92256880e-04   6.15714391e+00   7.26134274e+00
 3.00000000e-01  -8.72097533e-14   1.00000000e+00   8.83174903e-02   2.85784104e-04   6.21949465e+00   7.55110115e+00
 3.10000000e-01  -8.72097533e-14   1.00000000e+00   9.15312934e-02   1.45494071e-04   6.12022224e+00   7.18232460e+00
 3.20000000e-01  -8.72097533e-14   1.00000000e+00   9.52376991e-02  -6.92464483e-06   6.06953272e+00   7.33760210e+00
 3.30000000e-01  -8.72097533e-14   1.00000000e+00   9.94192559e-02  -8.37290686e-05   6.01374142e+00   7.10244790e+00
 3.40000000e-01  -8.72097533e-14   1.00000000e+00   1.03741461e-01  -1.26265717e-04   6.09670285e+00   7.17149101e+00
 3.50000000e-01  -8.72097533e-14   1.00000000e+00   1.07934589e-01  -1.48448951e-04   6.12560639e+00   7.12548111e+00
 3.60000000e-01  -8.72097533e-14   1.00000000e+00   1.12122354e-01  -1.13324310e-04   6.11698344e+00   7.05937892e+00
 3.70000000e-01  -8.72097533e-14   1.00000000e+00   1.16217768e-01   6.19609073e-05   6.13956999e+00   7.11654527e+00
 3.80000000e-01  -8.72097533e-14   1.00000000e+00   1.19877326e-01   2.62333718e-04   6.21361652e+00   6.97253530e+00
 3.90000000e-01  -8.72097533e-14   1.00000000e+00   1.23355607e-01   3.19881975e-04   6.19536193e+00   7.17623198e+00
 4.00000000e-01  -8.72097533e-14   1.00000000e+00   1.27156963e-01   2.38611296e-04   6.06972593e+00   6.93930887e+00
 4.10000000e-01  -8.72097533e-14   1.00000000e+00   1.31376054e-01   2.22311502e-04   6.05060581e+00   7.05680031e+00
 4.20000000e-01  -8.72097533e-14   1.00000000e+00   1.35970009e-01   2.03932878e-04   6.00953238e+00   6.86776342e+00
 4.30000000e-01  -8.72097533e-14   1.00000000e+00   1.40623960e-01  -3.59420589e-05   6.08291285e+00   7.03121334e+00
 4.40000000e-01  -8.72097533e-14   1.00000000e+00   1.44877280e-01  -1.57766986e-04   6.14167979e+00   6.84426629e+00
 4.50000000e-01  -8.72097533e-14   1.00000000e+00   1.48880095e-01  -1.96036012e-04   6.15878189e+00   6.84605871e+00
 4.60000000e-01  -8.72097533e-14   1.00000000e+00   1.52938160e-01  -1.30025327e-04   6.12871498e+00   6.86357403e+00
 4.70000000e-01  -8.72097533e-14   1.00000000e+00   1.56725173e-01  -4.39315987e-06   6.21771408e+00   6.76520519e+00
 4.80000000e-01  -8.72097533e-14   1.00000000e+00   1.59739154e-01   1.00725093e-04   6.34304344e+00   6.98058238e+00
 4.90000000e-01  -8.72097533e-14   1.00000000e+00   1.62176471e-01   1.59010472e-04   6.30754063e+00   6.77016806e+00
 5.00000000e-01  -8.72097533e-14   1.00000000e+00   1.64438430e-01   3.00591497e-04   6.27625045e+00   6.93896688e+00
 5.10000000e-01  -8.72097533e-14   1.00000000e+00   1.66607196e-01   3.63722511e-04   6.24796396e+00   6.74457691e+00
 5.20000000e-01  -8.72097533e-14   1.00000000e+00   1.68716020e-01   1.92111537e-04   6.25516645e+00   6.97841917e+00
 5.30000000e-01  -8.72097533e-14   1.00000000e+00   1.70925775e-01   1.76367493e-05   6.20053718e+00   6.71842687e+00
 5.40000000e-01  -8.72097533e-14   1.00000000e+00   1.73325072e-01  -5.77923570e-05   6.18344728e+00   6.81146911e+00
 5.50000000e-01  -8.72097533e-14   1.00000000e+00   1.75780822e-01  -9.16012926e-05   6.21509441e+00   6.76145937e+00
 5.60000000e-01  -8.72097533e-14   1.00000000e+00   1.77873126e-01  -1.93916806e-04   6.28303633e+00   6.79743859e+00
 5.70000000e-01  -8.72097533e-14   1.00000000e+00   1.79262721e-01  -1.54516097e-04   6.40715581e+00   6.80214967e+00
 5.80000000e-01  -8.72097533e-14   1.00000000e+00   1.80275651e-01  -2.50294019e-05   6.33698215e+00   6.70647672e+00
 5.90000000e-01  -8.72097533e-14   1.00000000e+00   1.81406249e-01   1.52652214e-04   6.32116086e+00   6.88306636e+00
 6.00000000e-01  -8.72097533e-14   1.00000000e+00   1.82537057e-01   2.82091786e-04   6.28059547e+00   6.72391014e+00
 6.10000000e-01  -8.72097533e-14   1.00000000e+00   1.83517651e-01   2.76652493e-04   6.36521994e+00   6.96766615e+00
 6.20000000e-01  -8.72097533e-14   1.00000000e+00   1.84485862e-01   2.22503569e-04   6.25649707e+00   6.73717515e+00
 6.30000000e-01  -8.72097533e-14   1.00000000e+00   1.85549335e-01   1.84719207e-04   6.28651543e+00   6.89337559e+00
 6.40000000e-01  -8.72097533e-14   1.00000000e+00   1.87015142e-01   1.07133510e-04   6.16695079e+00   6.73690621e+00
 6.50000000e-01  -8.72097533e-14   1.00000000e+00   1.88933773e-01  -1.15158532e-04   6.19591531e+00   6.83601741e+00
 6.60000000e-01  -8.72097533e-14   1.00000000e+00   1.90765820e-01  -2.42087618e-04   6.25674662e+00   6.77555991e+00
 6.70000000e-01  -8.72097533e-14   1.00000000e+00   1.92232230e-01  -1.42805854e-04   6.33865969e+00   6.71246597e+00
 6.80000000e-01  -8.72097533e-14   1.00000000e+00   1.93453252e-01  -4.60235285e-05   6.34578465e+00   6.89005380e+00
 6.90000000e-01  -8.72097533e-14   1.00000000e+00   1.94337610e-01  -9.91667180e-06   6.37446621e+00   6.74237495e+00
 7.00000000e-01  -8.72097533e-14   1.00000000e+00   1.94626003e-01   1.51305320e-04   6.47389819e+00   6.91967049e+00
 7.10000000e-01  -8.72097533e-14   1.00000000e+00   1.94495171e-01   2.41684140e-04   6.43002274e+00   6.75377483e+00
 7.20000000e-01  -8.72097533e-14   1.00000000e+00   1.94579462e-01   3.19257746e-04   6.35389406e+00   6.95097415e+00
 7.30000000e-01  -8.72097533e-14   1.00000000e+00   1.94932642e-01   2.95518938e-04   6.30394866e+00   6.76703736e+00
 7.40000000e-01  -8.72097533e-14   1.00000000e+00   1.95076751e-01   9.27629603e-05   6.39965673e+00   6.98424800e+00
 7.50000000e-01  -8.72097533e-14   1.00000000e+00   1.94888445e-01  -4.02471252e-05   6.40678691e+00   6.77560552e+00
 7.60000000e-01  -8.72097533e-14   1.00000000e+00   1.94451651e-01  -8.43358369e-05   6.41610382e+00   6.83286931e+00
 7.70000000e-01  -8.72097533e-14   1.00000000e+00   1.93850182e-01  -1.20819827e-04   6.44013589e+00   6.86548309e+00
 7.80000000e-01  -8.72097533e-14   1.00000000e+00   1.93124101e-01  -2.08661774e-04   6.41850327e+00   6.81986030e+00
 7.90000000e-01  -8.72097533e-14   1.00000000e+00   1.91863002e-01  -1.13026077e-04   6.57114466e+00   6.91580455e+00
 8.00000000e-01  -8.72097533e-14   1.00000000e+00   1.89797602e-01   9.12318260e-05   6.58888128e+00   6.80915207e+00
 8.10000000e-01  -8.72097533e-14   1.00000000e+00   1.87269083e-01   2.41952787e-04   6.61386491e+00   7.06612253e+00
 8.20000000e-01  -8.72097533e-14   1.00000000e+00   1.84624287e-01   2.49758327e-04   6.48793026e+00   6.86261481e+00
 8.30000000e-01  -8.72097533e-14   1.00000000e+00   1.81961640e-01   2.63429266e-04   6.53726260e+00   7.04289814e+00
 8.40000000e-01  -8.72097533e-14   1.00000000e+00   1.79461947e-01   2.31625907e-04   6.43133575e+00   6.87578827e+00
 8.50000000e-01  -8.72097533e-14   1.00000000e+00   1.77203286e-01   1.25553377e-04   6.44904315e+00   7.04618657e+00
 8.60000000e-01  -8.72097533e-14   1.00000000e+00   1.75137746e-01   8.97465694e-06   6.38927390e+00   6.93084615e+00
 8.70000000e-01  -8.72097533e-14   1.00000000e+00   1.73201339e-01  -1.78921608e-04   6.42501694e+00   6.98612141e+00
 8.80000000e-01  -8.72097533e-14   1.00000000e+00   1.70981912e-01  -2.20221963e-04   6.48675300e+00   6.98016810e+00
 8.90000000e-01  -8.72097533e-14   1.00000000e+00   1.68274689e-01  -7.87974864e-05   6.55678547e+00   6.89794791e+00
 9.00000000e-01  -8.72097533e-14   1.00000000e+00   1.65493051e-01   1.12687338e-05   6.50812213e+00   7.12320355e+00
 9.10000000e-01  -8.72097533e-14   1.00000000e+00   1.62975596e-01   4.15016919e-05   6.43280304e+00   6.93542987e+00
 9.20000000e-01  -8.72097533e-14   1.00000000e+00   1.60359539e-01   1.99098779e-04   6.50766676e+00   7.15106776e+00
 9.30000000e-01  -8.72097533e-14   1.00000000e+00   1.57342636e-01   3.43756753e-04   6.54018760e+00   6.97021567e+00
 9.40000000e-01  -8.72097533e-14   1.00000000e+00   1.54366815e-01   3.10927063e-04   6.47157359e+00   7.23178461e+00
 9.50000000e-01  -8.72097533e-14   1.00000000e+00   1.51849220e-01   1.82050727e-04   6.35831100e+00   6.99346207e+00
 9.60000000e-01  -8.72097533e-14   1.00000000e+00   1.49640212e-01   5.70850727e-05   6.37243936e+00   7.12075462e+00
 9.70000000e-01  -8.72097533e-14   1.00000000e+00   1.47607057e-01  -6.00809068e-05   6.38471784e+00   7.02867242e+00
 9.80000000e-01  -8.72097533e-14   1.00000000e+00   1.45483938e-01  -1.04887061e-04   6.42586909e+00   7.05442379e+00
 9.90000000e-01  -8.72097533e-14   1.00000000e+00   1.42947733e-01  -1.41265077e-04   6.51197280e+00   7.13364539e+00
 1.00000000e+00  -8.72097533e-14   1.00000000e+00   1.40044451e-01  -1.71983465e-04   6.49251065e+00   7.04329042e+00
 1.01000000e+00  -8.72097533e-14   1.00000000e+00   1.36710595e-01  -7.77013909e-06   6.57692056e+00   7.14494050e+00
 1.02000000e+00  -8.72097533e-14   1.00000000e+00   1.32867978e-01   2.05152726e-04   6.58383687e+00   7.02620422e+00
 1.03000000e+00  -8.72097533e-14   1.00000000e+00   1.28815086e-01   2.74414738e-04   6.58084699e+00   7.29383719e+00
 1.04000000e+00  -8.72097533e-14   1.00000000e+00   1.24911330e-01   2.54969768e-04   6.45479733e+00   7.07583384e+00
 1.05000000e+00  -8.72097533e-14   1.00000000e+00   1.21149082e-01   2.47314863e-04   6.47917278e+00   7.22644902e+00
 1.06000000e+00  -8.72097533e-14   1.00000000e+00   1.17240265e-01   2.46387439e-04   6.48713952e+00   7.09220033e+00
 1.07000000e+00  -8.72097533e-14   1.00000000e+00   1.13118998e-01   6.16389505e-05   6.51610443e+00   7.23608830e+00
 1.08000000e+00  -8.72097533e-14   1.00000000e+00   1.09107538e-01  -1.05786753e-04   6.43565101e+00   7.12122612e+00
 1.09000000e+00  -8.72097533e-14   1.00000000e+00   1.05330093e-01  -1.57722103e-04   6.42657009e+00   7.08439123e+00
 1.10000000e+00  -8.72097533e-14   1.00000000e+00   1.01519366e-01  -1.48984836e-04   6.46535768e+00   7.19585391e+00
 1.11000000e+00  -8.72097533e-14   1.00000000e+00   9.72207786e-02  -3.11644876e-05   6.56057310e+00   7.07561224e+00
 1.12000000e+00  -8.72097533e-14   1.00000000e+00   9.23868604e-02   7.47933496e-05   6.58901672e+00   7.29140432e+00
 1.13000000e+00  -8.72097533e-14   1.00000000e+00   8.75563317e-02   1.15561919e-04   6.49732277e+00   7.11114277e+00
 1.14000000e+00  -8.72097533e-14   1.00000000e+00   8.30186748e-02   2.80861050e-04   6.43803980e+00   7.25855801e+00
 1.15000000e+00  -8.72097533e-14   1.00000000e+00   7.86400181e-02   3.96397175e-04   6.44601379e+00   7.11463289e+00
 1.16000000e+00  -8.72097533e-14   1.00000000e+00   7.46258706e-02   2.56235222e-04   6.37001275e+00   7.33211786e+00
 1.17000000e+00  -8.72097533e-14   1.00000000e+00   7.12579049e-02   1.09463377e-04   6.26917397e+00   7.13490866e+00
 1.18000000e+00  -8.72097533e-14   1.00000000e+00   6.82034478e-02   2.51769598e-05   6.28433721e+00   7.17573617e+00
 1.19000000e+00  -8.72097533e-14   1.00000000e+00   6.52027693e-02  -3.89984343e-05   6.32505995e+00   7.17244693e+00
 1.20000000e+00  -8.72097533e-14   1.00000000e+00   6.22434005e-02  -1.34610170e-04   6.32156769e+00   7.11944495e+00
 1.21000000e+00  -8.72097533e-14   1.00000000e+00   5.91837642e-02  -1.47634480e-04   6.35804272e+00   7.21872597e+00
 1.22000000e+00  -8.72097533e-14   1.00000000e+00   5.61793521e-02  -5.57729318e-05   6.32280468e+00   7.05635733e+00
 1.23000000e+00  -8.72097533e-14   1.00000000e+00   5.33636407e-02   1.14081565e-04   6.30827539e+00   7.26949988e+00
 1.24000000e+00  -8.72097533e-14   1.00000000e+00   5.03345767e-02   2.68548338e-04   6.36258693e+00   7.07517229e+00
 1.25000000e+00  -8.72097533e-14   1.00000000e+00   4.69796449e-02   3.01854997e-04   6.39361599e+00   7.32654990e+00
 1.26000000e+00  -8.72097533e-14   1.00000000e+00   4.38039117e-02   2.58548746e-04   6.28374288e+00   7.10055384e+00
 1.27000000e+00  -8.72097533e-14   1.00000000e+00   4.12152102e-02   2.58810151e-04   6.19825824e+00   7.20898968e+00
 1.28000000e+00  -8.72097533e-14   1.00000000e+00   3.90542213e-02   2.09790794e-04   6.18506944e+00   7.10450947e+00
 1.29000000e+00  -8.72097533e-14   1.00000000e+00   3.68785274e-02  -2.50862252e-05   6.24159610e+00   7.19611590e+00
 1.30000000e+00  -8.72097533e-14   1.00000000e+00   3.45510061e-02  -1.52142485e-04   6.25124023e+00   7.10727781e+00
 1.31000000e+00  -8.72097533e-14   1.00000000e+00   3.20667525e-02  -1.29995180e-04   6.28290823e+00   7.03896232e+00
 1.32000000e+00  -8.72097533e-14   1.00000000e+00   2.93294517e-02  -4.43195868e-05   6.30950316e+00   7.16893737e+00
 1.33000000e+00  -8.72097533e-14   1.00000000e+00   2.62832845e-02  -6.70709161e-06   6.35327369e+00   7.04263892e+00
 1.34000000e+00  -8.72097533e-14   1.00000000e+00   2.29626070e-02   1.17964684e-04   6.35860490e+00   7.18322421e+00
 1.35000000e+00  -8.72097533e-14   1.00000000e+00   1.97451543e-02   2.47269854e-04   6.30878424e+00   7.02900201e+00
 1.36000000e+00  -8.72097533e-14   1.00000000e+00   1.69015091e-02   3.25227270e-04   6.21206088e+00   7.21740356e+00
 1.37000000e+00  -8.72097533e-14   1.00000000e+00   1.41562132e-02   3.80084173e-04   6.25465384e+00   7.02480647e+00
 1.38000000e+00  -8.72097533e-14   1.00000000e+00   1.14576425e-02   1.95443522e-04   6.23391617e+00   7.17957083e+00
 1.39000000e+00  -8.72097533e-14   1.00000000e+00   9.16702719e-03   5.13481457e-05   6.15839297e+00   7.03055317e+00
 1.40000000e+00  -8.72097533e-14   1.00000000e+00   7.39774922e-03   1.29416902e-05   6.10367601e+00   7.00169494e+00
 1.41000000e+00  -8.72097533e-14   1.00000000e+00   6.00500434e-03  -4.85384611e-05   6.10550530e+00   7.07814405e+00
 1.42000000e+00  -8.72097533e-14   1.00000000e+00   4.68899005e-03  -1.70022138e-04   6.13677381e+00   6.97316723e+00
 1.43000000e+00  -8.72097533e-14   1.00000000e+00   3.11690329e-03  -1.05521272e-04   6.20226533e+00   7.05735134e+00
 1.44000000e+00  -8.72097533e-14   1.00000000e+00   1.32966701e-03   6.29647910e-05   6.22184279e+00   6.90830316e+00
 1.45000000e+00  -8.72097533e-14   1.00000000e+00  -1.75898527e-04   2.14027705e-04   6.12937631e+00   7.12829239e+00
 1.46000000e+00  -8.72097533e-14   1.00000000e+00  -1.15241554e-03   2.85947727e-04   6.06608695e+00   6.93450699e+00
 1.47000000e+00  -8.72097533e-14   1.00000000e+00  -1.83364467e-03   2.89115609e-04   6.06476045e+00   7.09296701e+00
 1.48000000e+00  -8.72097533e-14   1.00000000e+00  -2.17825183e-03   2.98667139e-04   6.02504408e+00   6.93527538e+00
 1.49000000e+00  -8.72097533e-14   1.00000000e+00  -1.88304452e-03   2.22121573e-04   5.92709401e+00   7.02792665e+00
 1.50000000e+00  -8.72097533e-14   1.00000000e+00  -1.15806139e-03   1.15040751e-04   5.91732958e+00   6.95308179e+00
 1.51000000e+00  -8.72097533e-14   1.00000000e+00  -4.90365935e-04  -8.15801021e-05   5.99900650e+00   6.91617578e+00
 1.52000000e+00  -8.72097533e-14   1.00000000e+00   1.90071506e-04  -1.76740742e-04   5.98580977e+00   6.95267869e+00
 1.53000000e+00  -8.72097533e-14   1.00000000e+00   1.02033216e-03  -7.05276314e-05   5.98573454e+00   6.78458495e+00
 1.54000000e+00  -8.72097533e-14   1.00000000e+00   1.84031847e-03   1.06733079e-05   5.99638170e+00   7.03543531e+00
 1.55000000e+00  -8.72097533e-14   1.00000000e+00   2.49425536e-03   1.21987673e-05   6.03769995e+00   6.82809387e+00
 1.56000000e+00  -8.72097533e-14   1.00000000e+00   2.77539220e-03   1.83247902e-04   6.08731553e+00   6.97252429e+00
 1.57000000e+00  -8.72097533e-14   1.00000000e+00   2.84578331e-03   3.30929572e-04   6.09867889e+00   6.81591338e+00
 1.58000000e+00  -8.72097533e-14   1.00000000e+00   3.33446988e-03   3.45796692e-04   5.95793589e+00   7.01981197e+00
 1.59000000e+00  -8.72097533e-14   1.00000000e+00   4.35372172e-03   2.75636604e-04   5.91185802e+00   6.83310574e+00
 1.60000000e+00  -8.72097533e-14   1.00000000e+00   5.58160920e-03   1.31449100e-04   5.93683125e+00   6.89769642e+00
 1.61000000e+00  -8.72097533e-14   1.00000000e+00   6.87111545e-03   2.59971367e-05   5.95308897e+00   6.83508748e+00
 1.62000000e+00  -8.72097533e-14   1.00000000e+00   8.07340410e-03  -4.34427845e-05   5.97561071e+00   6.80005455e+00
 1.63000000e+00  -8.72097533e-14   1.00000000e+00   9.18031952e-03  -9.27246011e-05   5.99110883e+00   6.87055147e+00
 1.64000000e+00  -8.72097533e-14   1.00000000e+00   1.02540563e-02  -1.69493968e-04   6.00164307e+00   6.74503018e+00
 1.65000000e+00  -8.72097533e-14   1.00000000e+00   1.11915418e-02  -5.10376614e-05   6.03451692e+00   6.85111653e+00
 1.66000000e+00  -8.72097533e-14   1.00000000e+00   1.20300512e-02   1.70886172e-04   6.05069645e+00   6.70358237e+00
 1.67000000e+00  -8.72097533e-14   1.00000000e+00   1.30688015e-02   2.54541323e-04   5.98166286e+00   6.95497528e+00
 1.68000000e+00  -8.72097533e-14   1.00000000e+00   1.45113508e-02   2.59016583e-04   5.91773600e+00   6.74870156e+00
 1.69000000e+00  -8.72097533e-14   1.00000000e+00   1.61587917e-02   2.95673247e-04   5.93272019e+00   6.83961420e+00
 1.70000000e+00  -8.72097533e-14   1.00000000e+00   1.79401559e-02   2.81668326e-04   5.93341943e+00   6.75659958e+00
 1.71000000e+00  -8.72097533e-14   1.00000000e+00   2.03757504e-02   1.57033640e-04   5.81606114e+00   6.80342025e+00
 1.72000000e+00  -8.72097533e-14   1.00000000e+00   2.35821106e-02  -2.10442104e-05   5.73730217e+00   6.78248649e+00
 1.73000000e+00  -8.72097533e-14   1.00000000e+00   2.69441027e-02  -1.31448395e-04   5.82795425e+00   6.67060719e+00
 1.74000000e+00  -8.72097533e-14   1.00000000e+00   3.00738817e-02  -1.36637377e-04   5.89832643e+00   6.78544974e+00
 1.75000000e+00  -8.72097533e-14   1.00000000e+00   3.30329465e-02  -6.78950147e-05   5.92044371e+00   6.63926184e+00
 1.76000000e+00  -8.72097533e-14   1.00000000e+00   3.59369601e-02   4.04347761e-05   5.90912300e+00   6.83301300e+00
 1.77000000e+00  -8.72097533e-14   1.00000000e+00   3.89895092e-02   6.28883638e-05   5.88016697e+00   6.67021118e+00
 1.78000000e+00  -8.72097533e-14   1.00000000e+00   4.22980725e-02   2.30981575e-04   5.85531134e+00   6.78212692e+00
 1.79000000e+00  -8.72097533e-14   1.00000000e+00   4.57152203e-02   3.87355577e-04   5.87937721e+00   6.66935883e+00
 1.80000000e+00  -8.72097533e-14   1.00000000e+00   4.92925827e-02   2.94490772e-04   5.83795735e+00   6.85414696e+00
 1.81000000e+00  -8.72097533e-14   1.00000000e+00   5.31910633e-02   1.55627703e-04   5.78912893e+00   6.69635482e+00
 1.82000000e+00  -8.72097533e-14   1.00000000e+00   5.72134981e-02   8.37759180e-05   5.82232654e+00   6.66480760e+00
 1.83000000e+00  -8.72097533e-14   1.00000000e+00   6.11200937e-02  -1.07849351e-05   5.88432239e+00   6.72737713e+00
 1.84000000e+00  -8.72097533e-14   1.00000000e+00   6.49208589e-02  -1.17912294e-04   5.88744802e+00   6.63599377e+00
 1.85000000e+00  -8.72097533e-14   1.00000000e+00   6.86336957e-02  -1.43843260e-04   5.91155093e+00   6.74435548e+00
 1.86000000e+00  -8.72097533e-14   1.00000000e+00   7.21215319e-02  -1.36167271e-04   5.94576078e+00   6.60068423e+00
 1.87000000e+00  -8.72097533e-14   1.00000000e+00   7.51216410e-02   4.72793957e-05   6.04032975e+00   6.75215460e+00
 1.88000000e+00  -8.72097533e-14   1.00000000e+00   7.76281359e-02   2.03989341e-04   6.06121879e+00   6.62912917e+00
 1.89000000e+00  -8.72097533e-14   1.00000000e+00   8.00332633e-02   2.61922706e-04   6.02485895e+00   6.80617012e+00
 1.90000000e+00  -8.72097533e-14   1.00000000e+00   8.28969784e-02   2.48159828e-04   5.90165091e+00   6.64666787e+00
 1.91000000e+00  -8.72097533e-14   1.00000000e+00   8.62282343e-02   2.63361586e-04   5.88621548e+00   6.70806723e+00
 1.92000000e+00  -8.72097533e-14   1.00000000e+00   8.94716594e-02   2.49033535e-04   5.96365675e+00   6.68209864e+00
 1.93000000e+00  -8.72097533e-14   1.00000000e+00   9.26452179e-02   2.68905834e-05   5.96122897e+00   6.71142649e+00
 1.94000000e+00  -8.72097533e-14   1.00000000e+00   9.60146665e-02  -1.27057420e-04   5.91129823e+00   6.68809184e+00
 1.95000000e+00  -8.72097533e-14   1.00000000e+00   9.93039571e-02  -1.42080010e-04   5.97105172e+00   6.56303289e+00
 1.96000000e+00  -8.72097533e-14   1.00000000e+00   1.02418034e-01  -1.01508990e-04   6.02415165e+00   6.73884760e+00
 1.97000000e+00  -8.72097533e-14   1.00000000e+00   1.05491071e-01  -6.37853847e-05   6.00549313e+00   6.58973049e+00
 1.98000000e+00  -8.72097533e-14   1.00000000e+00   1.08482635e-01   4.59970394e-05   6.03051724e+00   6.76869559e+00
 1.99000000e+00  -8.72097533e-14   1.00000000e+00   1.11514540e-01   1.48621156e-04   5.99355583e+00   6.62333388e+00
 2.00000000e+00  -8.72097533e-14   1.00000000e+00   1.14687748e-01   2.82956222e-04   5.98783305e+00   6.74577525e+00
 2.01000000e+00  -8.72097533e-14   1.00000000e+00   1.17980630e-01   3.52831542e-04   5.97903264e+00   6.65908758e+00
 2.02000000e+00  -8.72097533e-14   1.00000000e+00   1.21504481e-01   2.25700497e-04   5.95047576e+00   6.74373350e+00
 2.03000000e+00  -8.72097533e-14   1.00000000e+00   1.25500894e-01   6.93960637e-05   5.88223920e+00   6.68536521e+00
 2.04000000e+00  -8.72097533e-14   1.00000000e+00   1.29909684e-01   2.39974806e-05   5.87799708e+00   6.58206261e+00
 2.05000000e+00  -8.72097533e-14   1.00000000e+00   1.34146403e-01  -3.83951039e-05   6.00837686e+00   6.73814212e+00
 2.06000000e+00  -8.72097533e-14   1.00000000e+00   1.37783543e-01  -2.00234945e-04   6.08233711e+00   6.63296267e+00
 2.07000000e+00  -8.72097533e-14   1.00000000e+00   1.41040734e-01  -1.63813720e-04   6.10715393e+00   6.71237160e+00
 2.08000000e+00  -8.72097533e-14   1.00000000e+00   1.44195896e-01  -3.75048897e-05   6.06926514e+00   6.56593130e+00
 2.09000000e+00  -8.72097533e-14   1.00000000e+00   1.47215741e-01   1.09321016e-04   6.12991709e+00   6.77477786e+00
 2.10000000e+00  -8.72097533e-14   1.00000000e+00   1.50017187e-01   2.17918076e-04   6.12468731e+00   6.63948665e+00
 2.11000000e+00  -8.72097533e-14   1.00000000e+00   1.52587007e-01   2.45555134e-04   6.15995974e+00   6.78073322e+00
 2.12000000e+00  -8.72097533e-14   1.00000000e+00   1.55117892e-01   2.53120187e-04   6.10592759e+00   6.67392591e+00
 2.13000000e+00  -8.72097533e-14   1.00000000e+00   1.57774960e-01   2.35775291e-04   6.08989504e+00   6.69234356e+00
 2.14000000e+00  -8.72097533e-14   1.00000000e+00   1.60295592e-01   1.41938343e-04   6.14602045e+00   6.72371723e+00
 2.15000000e+00  -8.72097533e-14   1.00000000e+00   1.62524869e-01  -7.47884067e-05   6.18017249e+00   6.66682300e+00
 2.16000000e+00  -8.72097533e-14   1.00000000e+00   1.64712581e-01  -1.71945443e-04   6.16528779e+00   6.71836172e+00
 2.17000000e+00  -8.72097533e-14   1.00000000e+00   1.66669537e-01  -1.44891006e-04   6.20063093e+00   6.59221703e+00
 2.18000000e+00  -8.72097533e-14   1.00000000e+00   1.68025783e-01  -4.85087967e-05   6.32711783e+00   6.80296678e+00
 2.19000000e+00  -8.72097533e-14   1.00000000e+00   1.68853535e-01  -7.26592348e-05   6.31257035e+00   6.67261453e+00
 2.20000000e+00  -8.72097533e-14   1.00000000e+00   1.69383758e-01   7.92605801e-05   6.32359609e+00   6.77382763e+00
 2.21000000e+00  -8.72097533e-14   1.00000000e+00   1.69945924e-01   2.58609115e-04   6.24832197e+00   6.67870155e+00
 2.22000000e+00  -8.72097533e-14   1.00000000e+00   1.70896646e-01   2.84337874e-04   6.19487254e+00   6.82041760e+00
 2.23000000e+00  -8.72097533e-14   1.00000000e+00   1.72136076e-01   2.90607850e-04   6.18134406e+00   6.73212389e+00
 2.24000000e+00  -8.72097533e-14   1.00000000e+00   1.73268065e-01   1.42721504e-04   6.23530697e+00   6.78752558e+00
 2.25000000e+00  -8.72097533e-14   1.00000000e+00   1.74294628e-01   3.49531346e-05   6.23933730e+00   6.78643686e+00
 2.26000000e+00  -8.72097533e-14   1.00000000e+00   1.75539275e-01  -3.27065523e-05   6.16861163e+00   6.66153122e+00
 2.27000000e+00  -8.72097533e-14   1.00000000e+00   1.76852129e-01  -9.86689555e-05   6.24386692e+00   6.83237676e+00
 2.28000000e+00  -8.72097533e-14   1.00000000e+00   1.77812435e-01  -2.23669816e-04   6.29244315e+00   6.70718278e+00
 2.29000000e+00  -8.72097533e-14   1.00000000e+00   1.78520677e-01  -1.28179052e-04   6.33062778e+00   6.82386846e+00
 2.30000000e+00  -8.72097533e-14   1.00000000e+00   1.79128653e-01   5.81356816e-05   6.28648444e+00   6.70392361e+00
 2.31000000e+00  -8.72097533e-14   1.00000000e+00   1.79569434e-01   1.74522266e-04   6.34455896e+00   6.90909688e+00
 2.32000000e+00  -8.72097533e-14   1.00000000e+00   1.79891959e-01   2.00036934e-04   6.30482511e+00   6.79553612e+00
 2.33000000e+00  -8.72097533e-14   1.00000000e+00   1.80192505e-01   2.55199129e-04   6.31132023e+00   6.82901766e+00
 2.34000000e+00  -8.72097533e-14   1.00000000e+00   1.80696622e-01   2.79280978e-04   6.25858115e+00   6.82423765e+00
 2.35000000e+00  -8.72097533e-14   1.00000000e+00   1.81534105e-01   1.64363196e-04   6.22240495e+00   6.81968597e+00
 2.36000000e+00  -8.72097533e-14   1.00000000e+00   1.82294553e-01   3.80166042e-05   6.30167235e+00   6.87236949e+00
 2.37000000e+00  -8.72097533e-14   1.00000000e+00   1.82487796e-01  -1.41696904e-04   6.38957141e+00   6.78206869e+00
 2.38000000e+00  -8.72097533e-14   1.00000000e+00   1.82116860e-01  -1.59859193e-04   6.44790526e+00   6.88508770e+00
 2.39000000e+00  -8.72097533e-14   1.00000000e+00   1.81386727e-01  -1.18198297e-04   6.41466929e+00   6.75321345e+00
 2.40000000e+00  -8.72097533e-14   1.00000000e+00   1.80387821e-01  -3.86851776e-05   6.46522793e+00   6.94628579e+00
 2.41000000e+00  -8.72097533e-14   1.00000000e+00   1.79086075e-01  -1.43191892e-05   6.45580107e+00   6.82444614e+00
 2.42000000e+00  -8.72097533e-14   1.00000000e+00   1.77431998e-01   1.42421915e-04   6.50291264e+00   6.94036350e+00
 2.43000000e+00  -8.72097533e-14   1.00000000e+00   1.75491971e-01   3.30997267e-04   6.47549395e+00   6.88009552e+00
 2.44000000e+00  -8.72097533e-14   1.00000000e+00   1.73531224e-01   2.89251569e-04   6.43880065e+00   6.99200150e+00
 2.45000000e+00  -8.72097533e-14   1.00000000e+00   1.71750696e-01   1.85597974e-04   6.38750414e+00   6.93230630e+00
 2.46000000e+00  -8.72097533e-14   1.00000000e+00   1.69989178e-01   1.08505265e-04   6.40856623e+00   6.87050724e+00
 2.47000000e+00  -8.72097533e-14   1.00000000e+00   1.68038246e-01   2.64451681e-05   6.46164254e+00   7.00487473e+00
 2.48000000e+00  -8.72097533e-14   1.00000000e+00   1.66067665e-01  -1.06375744e-04   6.40880725e+00   6.87744940e+00
 2.49000000e+00  -8.72097533e-14   1.00000000e+00   1.64054274e-01  -1.41354024e-04   6.45034889e+00   7.01973986e+00
 2.50000000e+00  -8.72097533e-14   1.00000000e+00   1.61460900e-01  -1.84193030e-04   6.53198432e+00   6.91239287e+00
 2.51000000e+00  -8.72097533e-14   1.00000000e+00   1.58387147e-01  -4.80396657e-05   6.56488515e+00   7.03921916e+00
 2.52000000e+00  -8.72097533e-14   1.00000000e+00   1.55464033e-01   1.52654139e-04   6.44463087e+00   6.92075029e+00
 2.53000000e+00  -8.72097533e-14   1.00000000e+00   1.52825754e-01   1.97811563e-04   6.42720405e+00   7.11698237e+00
 2.54000000e+00  -8.72097533e-14   1.00000000e+00   1.50457632e-01   2.23641092e-04   6.38113277e+00   7.00853615e+00
 2.55000000e+00  -8.72097533e-14   1.00000000e+00   1.48248396e-01   2.75159392e-04   6.39101992e+00   7.02630058e+00
 2.56000000e+00  -8.72097533e-14   1.00000000e+00   1.46020251e-01   2.68745316e-04   6.40893427e+00   7.08218986e+00
 2.57000000e+00  -8.72097533e-14   1.00000000e+00   1.43939343e-01   1.01646357e-04   6.35786071e+00   7.03141628e+00
 2.58000000e+00  -8.72097533e-14   1.00000000e+00   1.42092881e-01  -7.45968673e-05   6.34428684e+00   7.09004143e+00
 2.59000000e+00  -8.72097533e-14   1.00000000e+00   1.40192001e-01  -1.31069638e-04   6.38878241e+00   6.93891648e+00
 2.60000000e+00  -8.72097533e-14   1.00000000e+00   1.37991732e-01  -1.11190799e-04   6.46791144e+00   7.12548233e+00
 2.61000000e+00  -8.72097533e-14   1.00000000e+00   1.35455754e-01  -1.04032747e-04   6.46639887e+00   7.02656878e+00
 2.62000000e+00  -8.72097533e-14   1.00000000e+00   1.32678572e-01  -8.80322903e-07   6.47603940e+00   7.12995867e+00
 2.63000000e+00  -8.72097533e-14   1.00000000e+00   1.29708617e-01   7.95863831e-05   6.47291542e+00   7.06486645e+00
 2.64000000e+00  -8.72097533e-14   1.00000000e+00   1.26605615e-01   2.29890046e-04   6.47338738e+00   7.10716896e+00
 2.65000000e+00  -8.72097533e-14   1.00000000e+00   1.23563784e-01   3.59668171e-04   6.43525297e+00   7.11693517e+00
 2.66000000e+00  -8.72097533e-14   1.00000000e+00   1.20713079e-01   2.52473456e-04   6.38612707e+00   7.14111179e+00
 2.67000000e+00  -8.72097533e-14   1.00000000e+00   1.18108627e-01   1.33044284e-04   6.36236007e+00   7.14558605e+00
 2.68000000e+00  -8.72097533e-14   1.00000000e+00   1.15361705e-01   7.88050292e-05   6.41157759e+00   7.02248861e+00
 2.69000000e+00  -8.72097533e-14   1.00000000e+00   1.12030555e-01   1.59709553e-05   6.52711517e+00   7.20348375e+00
 2.70000000e+00  -8.72097533e-14   1.00000000e+00   1.08357808e-01  -1.55358789e-04   6.48312917e+00   7.05564336e+00
 2.71000000e+00  -8.72097533e-14   1.00000000e+00   1.04741955e-01  -1.63949637e-04   6.44763629e+00   7.16286458e+00
 2.72000000e+00  -8.72097533e-14   1.00000000e+00   1.00960412e-01  -7.50175722e-05   6.47846339e+00   7.03768744e+00
 2.73000000e+00  -8.72097533e-14   1.00000000e+00   9.68075637e-02   6.08623278e-05   6.54152542e+00   7.20885311e+00
 2.74000000e+00  -8.72097533e-14   1.00000000e+00   9.25262982e-02   1.89141147e-04   6.48679034e+00   7.12039146e+00
 2.75000000e+00  -8.72097533e-14   1.00000000e+00   8.83658405e-02   2.43621891e-04   6.43810432e+00   7.19383313e+00
 2.76000000e+00  -8.72097533e-14   1.00000000e+00   8.44447489e-02   2.60338210e-04   6.38972911e+00   7.16846911e+00
 2.77000000e+00  -8.72097533e-14   1.00000000e+00   8.09027781e-02   2.82533534e-04   6.34486137e+00   7.09560447e+00
 2.78000000e+00  -8.72097533e-14   1.00000000e+00   7.76835874e-02   2.33943360e-04   6.33402659e+00   7.20937939e+00
 2.79000000e+00  -8.72097533e-14   1.00000000e+00   7.46266375e-02   1.13463841e-06   6.32140098e+00   7.11551125e+00
 2.80000000e+00  -8.72097533e-14   1.00000000e+00   7.16828062e-02  -1.02921892e-04   6.31843457e+00   7.18803532e+00
 2.81000000e+00  -8.72097533e-14   1.00000000e+00   6.87199151e-02  -1.10606083e-04   6.33963180e+00   7.02522981e+00
 2.82000000e+00  -8.72097533e-14   1.00000000e+00   6.55211311e-02  -5.94905598e-05   6.40101811e+00   7.21495815e+00
 2.83000000e+00  -8.72097533e-14   1.00000000e+00   6.21405299e-02  -6.31591994e-05   6.38893311e+00   7.09736936e+00
 2.84000000e+00  -8.72097533e-14   1.00000000e+00   5.90760832e-02   4.02244126e-05   6.30053058e+00   7.17799270e+00
 2.85000000e+00  -8.72097533e-14   1.00000000e+00   5.64613954e-02   2.24594439e-04   6.25130526e+00   7.09831599e+00
 2.86000000e+00  -8.72097533e-14   1.00000000e+00   5.40162523e-02   3.01599836e-04   6.27246940e+00   7.18301897e+00
 2.87000000e+00  -8.72097533e-14   1.00000000e+00   5.16476719e-02   3.21709139e-04   6.26059940e+00   7.16972391e+00
 2.88000000e+00  -8.72097533e-14   1.00000000e+00   4.94293933e-02   2.32960531e-04   6.23353053e+00   7.11068555e+00
 2.89000000e+00  -8.72097533e-14   1.00000000e+00   4.75056880e-02   1.01094225e-04   6.18863842e+00   7.17875588e+00
 2.90000000e+00  -8.72097533e-14   1.00000000e+00   4.59222855e-02   4.88779584e-05   6.16695620e+00   7.00460337e+00
 2.91000000e+00  -8.72097533e-14   1.00000000e+00   4.41574058e-02  -1.61209236e-05   6.25704307e+00   7.18729965e+00
 2.92000000e+00  -8.72097533e-14   1.00000000e+00   4.19655582e-02  -1.93215334e-04   6.30770732e+00   7.06224900e+00
 2.93000000e+00  -8.72097533e-14   1.00000000e+00   3.96414760e-02  -1.21455448e-04   6.27822332e+00   7.11225187e+00
 2.94000000e+00  -8.72097533e-14   1.00000000e+00   3.71317430e-02   3.23970205e-05   6.30102566e+00   7.04069146e+00
 2.95000000e+00  -8.72097533e-14   1.00000000e+00   3.43838092e-02   1.46975036e-04   6.32986570e+00   7.14164256e+00
 2.96000000e+00  -8.72097533e-14   1.00000000e+00   3.17111758e-02   2.07540156e-04   6.27281381e+00   7.10047604e+00
 2.97000000e+00  -8.72097533e-14   1.00000000e+00   2.93636106e-02   2.70340778e-04   6.21168555e+00   7.06609260e+00
 2.98000000e+00  -8.72097533e-14   1.00000000e+00   2.73123491e-02   3.14523004e-04   6.18008809e+00   7.12919897e+00
 2.99000000e+00  -8.72097533e-14   1.00000000e+00   2.54484462e-02   2.53227319e-04   6.18195366e+00   7.01471680e+00
 3.00000000e+00  -8.72097533e-14   1.00000000e+00   2.35747811e-02   1.37747875e-04   6.19898163e+00   7.14108192e+00
 3.01000000e+00  -8.72097533e-14   1.00000000e+00   2.15530891e-02  -4.76921235e-05   6.23254317e+00   6.95871674e+00
 3.02000000e+00  -8.72097533e-14   1.00000000e+00   1.95412242e-02  -1.08019196e-04   6.20592691e+00   7.10009788e+00
 3.03000000e+00  -8.72097533e-14   1.00000000e+00   1.77944487e-02  -8.30446729e-05   6.16874042e+00   6.91600335e+00
 3.04000000e+00  -8.72097533e-14   1.00000000e+00   1.61105227e-02  -2.53051099e-05   6.19103598e+00   7.10104888e+00
 3.05000000e+00  -8.72097533e-14   1.00000000e+00   1.41875211e-02  -3.21964098e-05   6.24452141e+00   6.98841593e+00
 3.06000000e+00  -8.72097533e-14   1.00000000e+00   1.23031894e-02   1.29589925e-04   6.19578624e+00   7.01337308e+00
 3.07000000e+00  -8.72097533e-14   1.00000000e+00   1.09364061e-02   3.14057240e-04   6.10079029e+00   7.00472879e+00
 3.08000000e+00  -8.72097533e-14   1.00000000e+00   1.00989821e-02   3.28754998e-04   6.05789758e+00   7.01270454e+00
 3.09000000e+00  -8.72097533e-14   1.00000000e+00   9.70059055e-03   2.57379381e-04   6.02630267e+00   7.04560277e+00
 3.10000000e+00  -8.72097533e-14   1.00000000e+00   9.72382538e-03   1.87895286e-04   6.00068639e+00   6.89342809e+00
 3.11000000e+00  -8.72097533e-14   1.00000000e+00   1.00293039e-02   1.05910076e-04   5.99130026e+00   7.04737803e+00
 3.12000000e+00  -8.72097533e-14   1.00000000e+00   1.05139624e-02  -1.62171905e-05   5.99310233e+00   6.86703963e+00
 3.13000000e+00  -8.72097533e-14   1.00000000e+00   1.09119745e-02  -8.27945152e-05   6.03808993e+00   7.01304872e+00
 3.14000000e+00  -8.72097533e-14   1.00000000e+00   1.10719974e-02  -1.61181867e-04   6.09010761e+00   6.85527696e+00
 3.15000000e+00  -8.72097533e-14   1.00000000e+00   1.13164904e-02  -6.57229187e-05   6.04250295e+00   6.96040431e+00
 3.16000000e+00  -8.72097533e-14   1.00000000e+00   1.18709358e-02   1.21590141e-04   5.99463715e+00   6.87567078e+00
 3.17000000e+00  -8.72097533e-14   1.00000000e+00   1.25629761e-02   2.03434540e-04   6.00528472e+00   6.96983548e+00
 3.18000000e+00  -8.72097533e-14   1.00000000e+00   1.32535873e-02   2.05629200e-04   6.01543462e+00   6.94433570e+00
 3.19000000e+00  -8.72097533e-14   1.00000000e+00   1.40245619e-02   3.13376534e-04   6.00333761e+00   6.83038351e+00
 3.20000000e+00  -8.72097533e-14   1.00000000e+00   1.50483374e-02   3.17543603e-04   5.95544645e+00   6.98133134e+00
 3.21000000e+00  -8.72097533e-14   1.00000000e+00   1.63516271e-02   1.72605791e-04   5.93527632e+00   6.82496138e+00
 3.22000000e+00  -8.72097533e-14   1.00000000e+00   1.78316135e-02   3.46856770e-05   5.93900526e+00   6.93851951e+00
 3.23000000e+00  -8.72097533e-14   1.00000000e+00   1.91354780e-02  -9.79561584e-05   6.00498020e+00   6.76591619e+00
 3.24000000e+00  -8.72097533e-14   1.00000000e+00   1.99542729e-02  -7.89563101e-05   6.08354666e+00   6.90661345e+00
 3.25000000e+00  -8.72097533e-14   1.00000000e+00   2.06121417e-02  -9.11921214e-05   6.05364451e+00   6.79492453e+00
 3.26000000e+00  -8.72097533e-14   1.00000000e+00   2.13293338e-02  -2.53766104e-05   6.02900023e+00   6.87569109e+00
 3.27000000e+00  -8.72097533e-14   1.00000000e+00   2.18795652e-02   5.40159051e-05   6.07742742e+00   6.81422770e+00
 3.28000000e+00  -8.72097533e-14   1.00000000e+00   2.25414798e-02   1.92361980e-04   6.03450175e+00   6.81770661e+00
 3.29000000e+00  -8.72097533e-14   1.00000000e+00   2.37255432e-02   3.62061410e-04   5.93699917e+00   6.85873405e+00
 3.30000000e+00  -8.72097533e-14   1.00000000e+00   2.52789875e-02   2.96622272e-04   5.92454572e+00   6.81797009e+00
 3.31000000e+00  -8.72097533e-14   1.00000000e+00   2.69617558e-02   1.84000467e-04   5.93923893e+00   6.88517019e+00
 3.32000000e+00  -8.72097533e-14   1.00000000e+00   2.87191227e-02   1.46302812e-04   5.95245923e+00   6.67037399e+00
 3.33000000e+00  -8.72097533e-14   1.00000000e+00   3.06389927e-02   7.40868462e-05   5.93619270e+00   6.89140517e+00
 3.34000000e+00  -8.72097533e-14   1.00000000e+00   3.28400149e-02  -1.05078659e-04   5.89932859e+00   6.71326941e+00
 3.35000000e+00  -8.72097533e-14   1.00000000e+00   3.52032650e-02  -1.40627685e-04   5.91053572e+00   6.82149883e+00
 3.36000000e+00  -8.72097533e-14   1.00000000e+00   3.74319236e-02  -1.10860749e-04   5.97146823e+00   6.69954667e+00
 3.37000000e+00  -8.72097533e-14   1.00000000e+00   3.95129502e-02   1.23892256e-05   5.98947818e+00   6.80067176e+00
 3.38000000e+00  -8.72097533e-14   1.00000000e+00   4.17472771e-02   1.51982629e-04   5.93304492e+00   6.76699373e+00
 3.39000000e+00  -8.72097533e-14   1.00000000e+00   4.44144830e-02   2.15532124e-04   5.86838132e+00   6.76985639e+00
 3.40000000e+00  -8.72097533e-14   1.00000000e+00   4.75254121e-02   2.45860147e-04   5.84263094e+00   6.79890624e+00
 3.41000000e+00  -8.72097533e-14   1.00000000e+00   5.09425488e-02   3.00939999e-04   5.84379179e+00   6.67240847e+00
 3.42000000e+00  -8.72097533e-14   1.00000000e+00   5.45518960e-02   2.80185647e-04   5.84436589e+00   6.84617628e+00
 3.43000000e+00  -8.72097533e-14   1.00000000e+00   5.82407889e-02   6.94505377e-05   5.84776051e+00   6.68960933e+00
 3.44000000e+00  -8.72097533e-14   1.00000000e+00   6.18516481e-02  -6.99482705e-05   5.88994798e+00   6.79241255e+00
 3.45000000e+00  -8.72097533e-14   1.00000000e+00   6.52483520e-02  -9.16367123e-05   5.93453004e+00   6.60779967e+00
 3.46000000e+00  -8.72097533e-14   1.00000000e+00   6.83023804e-02  -8.81124813e-05   5.99678898e+00   6.80120900e+00
 3.47000000e+00  -8.72097533e-14   1.00000000e+00   7.12106496e-02  -9.95775985e-05   5.97318925e+00   6.68940450e+00
 3.48000000e+00  -8.72097533e-14   1.00000000e+00   7.42879247e-02  -1.05915801e-05   5.92991637e+00   6.72919120e+00
 3.49000000e+00  -8.72097533e-14   1.00000000e+00   7.71831033e-02   1.34367057e-04   5.99648513e+00   6.72959577e+00
 3.50000000e+00  -8.72097533e-14   1.00000000e+00   7.97268755e-02   2.66288986e-04   6.04034941e+00   6.70238902e+00
 3.51000000e+00  -8.72097533e-14   1.00000000e+00   8.24140347e-02   3.15373576e-04   5.96505182e+00   6.79559118e+00
 3.52000000e+00  -8.72097533e-14   1.00000000e+00   8.54489919e-02   2.46322765e-04   5.90782388e+00   6.65664694e+00
 3.53000000e+00  -8.72097533e-14   1.00000000e+00   8.86056982e-02   1.41502745e-04   5.94719157e+00   6.79758778e+00
 3.54000000e+00  -8.72097533e-14   1.00000000e+00   9.16793944e-02   7.47167490e-05   5.97428571e+00   6.59366817e+00
 3.55000000e+00  -8.72097533e-14   1.00000000e+00   9.44736323e-02   1.51812752e-05   6.04450739e+00   6.79662362e+00
 3.56000000e+00  -8.72097533e-14   1.00000000e+00   9.69472407e-02  -1.79349449e-04   6.04854033e+00   6.67467608e+00
 3.57000000e+00  -8.72097533e-14   1.00000000e+00   9.92280188e-02  -1.75187471e-04   6.06361617e+00   6.71576803e+00
 3.58000000e+00  -8.72097533e-14   1.00000000e+00   1.01496603e-01  -2.19574755e-05   6.04804471e+00   6.63888225e+00
 3.59000000e+00  -8.72097533e-14   1.00000000e+00   1.03760058e-01   6.32683747e-05   6.06361710e+00   6.74830859e+00
 3.60000000e+00  -8.72097533e-14   1.00000000e+00   1.06128472e-01   1.51728303e-04   6.02887251e+00   6.74376813e+00
 3.61000000e+00  -8.72097533e-14   1.00000000e+00   1.08876534e-01   2.34405367e-04   5.95820869e+00   6.67190742e+00
 3.62000000e+00  -8.72097533e-14   1.00000000e+00   1.11898897e-01   2.73827565e-04   5.97032534e+00   6.78802564e+00
 3.63000000e+00  -8.72097533e-14   1.00000000e+00   1.14966800e-01   2.69840724e-04   5.98937647e+00   6.62762115e+00
 3.64000000e+00  -8.72097533e-14   1.00000000e+00   1.18120188e-01   1.77031673e-04   5.99777494e+00   6.81348086e+00
 3.65000000e+00  -8.72097533e-14   1.00000000e+00   1.21438457e-01  -2.88677659e-05   5.95951505e+00   6.63348533e+00
 3.66000000e+00  -8.72097533e-14   1.00000000e+00   1.24871945e-01  -1.05485533e-04   5.99509251e+00   6.74436497e+00
 3.67000000e+00  -8.72097533e-14   1.00000000e+00   1.28211347e-01  -1.11421960e-04   6.02579533e+00   6.62716382e+00
 3.68000000e+00  -8.72097533e-14   1.00000000e+00   1.31071931e-01  -8.04899351e-05   6.13427627e+00   6.77126197e+00
 3.69000000e+00  -8.72097533e-14   1.00000000e+00   1.33570432e-01  -9.57676943e-05   6.12484460e+00   6.71861384e+00
 3.70000000e+00  -8.72097533e-14   1.00000000e+00   1.36228573e-01   3.41044918e-05   6.05260503e+00   6.67352199e+00
 3.71000000e+00  -8.72097533e-14   1.00000000e+00   1.39119839e-01   2.35488882e-04   6.04720972e+00   6.73508654e+00
 3.72000000e+00  -8.72097533e-14   1.00000000e+00   1.41984101e-01   2.80847277e-04   6.08168774e+00   6.70750432e+00
 3.73000000e+00  -8.72097533e-14   1.00000000e+00   1.44862968e-01   2.51134533e-04   6.08503387e+00   6.80911095e+00
 3.74000000e+00  -8.72097533e-14   1.00000000e+00   1.47746851e-01   1.93558165e-04   6.06108512e+00   6.63126245e+00
 3.75000000e+00  -8.72097533e-14   1.00000000e+00   1.50432008e-01   1.09894553e-04   6.14053068e+00   6.81880032e+00
 3.76000000e+00  -8.72097533e-14   1.00000000e+00   1.52761194e-01  -9.79106052e-08   6.16008344e+00   6.62620405e+00
 3.77000000e+00  -8.72097533e-14   1.00000000e+00   1.54714013e-01  -7.78096318e-05   6.23006015e+00   6.79139295e+00
 3.78000000e+00  -8.72097533e-14   1.00000000e+00   1.56352217e-01  -2.07157956e-04   6.21601901e+00   6.68920834e+00
 3.79000000e+00  -8.72097533e-14   1.00000000e+00   1.57675138e-01  -1.34315709e-04   6.25741065e+00   6.73170840e+00
 3.80000000e+00  -8.72097533e-14   1.00000000e+00   1.58792532e-01   2.89994972e-05   6.24911047e+00   6.72855123e+00
 3.81000000e+00  -8.72097533e-14   1.00000000e+00   1.59677642e-01   1.23128441e-04   6.27273428e+00   6.75513677e+00
 3.82000000e+00  -8.72097533e-14   1.00000000e+00   1.60258353e-01   1.49903666e-04   6.29782133e+00   6.84190712e+00
 3.83000000e+00  -8.72097533e-14   1.00000000e+00   1.60970024e-01   2.52400850e-04   6.19702903e+00   6.65574683e+00
 3.84000000e+00  -8.72097533e-14   1.00000000e+00   1.62145941e-01   3.16673639e-04   6.16694773e+00   6.84830809e+00
 3.85000000e+00  -8.72097533e-14   1.00000000e+00   1.63356455e-01   1.78908255e-04   6.19512815e+00   6.71660424e+00
 3.86000000e+00  -8.72097533e-14   1.00000000e+00   1.64317123e-01   7.20883084e-05   6.27697034e+00   6.86120101e+00
 3.87000000e+00  -8.72097533e-14   1.00000000e+00   1.65018881e-01  -8.11407464e-05   6.25626619e+00   6.70599183e+00
 3.88000000e+00  -8.72097533e-14   1.00000000e+00   1.65504718e-01  -1.21936147e-04   6.30072862e+00   6.82973790e+00
 3.89000000e+00  -8.72097533e-14   1.00000000e+00   1.65930378e-01  -1.07875407e-04   6.26767847e+00   6.73246622e+00
 3.90000000e+00  -8.72097533e-14   1.00000000e+00   1.66257322e-01  -9.83507832e-05   6.30240151e+00   6.83396731e+00
 3.91000000e+00  -8.72097533e-14   1.00000000e+00   1.66466712e-01  -3.67710955e-05   6.30492645e+00   6.82245246e+00
 3.92000000e+00  -8.72097533e-14   1.00000000e+00   1.66825368e-01   1.16818261e-04   6.24648902e+00   6.76428649e+00
 3.93000000e+00  -8.72097533e-14   1.00000000e+00   1.67427245e-01   2.83195431e-04   6.24049120e+00   6.89774497e+00
 3.94000000e+00  -8.72097533e-14   1.00000000e+00   1.68042760e-01   2.84388301e-04   6.24268690e+00   6.78594105e+00
 3.95000000e+00  -8.72097533e-14   1.00000000e+00   1.68613835e-01   1.85787216e-04   6.28562934e+00   6.95181921e+00
 3.96000000e+00  -8.72097533e-14   1.00000000e+00   1.69316979e-01   1.54590302e-04   6.21263917e+00   6.69144728e+00
 3.97000000e+00  -8.72097533e-14   1.00000000e+00   1.70078702e-01   9.67055175e-05   6.27824731e+00   6.95444063e+00
 3.98000000e+00  -8.72097533e-14   1.00000000e+00   1.70597927e-01  -8.86781112e-05   6.29533594e+00   6.78390369e+00
 3.99000000e+00  -8.72097533e-14   1.00000000e+00   1.70685074e-01  -1.50041634e-04   6.39051822e+00   6.90467822e+00
 4.00000000e+00  -8.72097533e-14   1.00000000e+00   1.70228171e-01  -1.59947310e-04   6.40891384e+00   6.82227232e+00
 4.01000000e+00  -8.72097533e-14   1.00000000e+00   1.69359990e-01  -7.38388583e-05   6.43267982e+00   6.88784822e+00
 4.02000000e+00  -8.72097533e-14   1.00000000e+00   1.68492129e-01   8.27206940e-05   6.36848906e+00   6.87713543e+00
 4.03000000e+00  -8.72097533e-14   1.00000000e+00   1.67763625e-01   1.54262952e-04   6.34459270e+00   6.87196532e+00
 4.04000000e+00  -8.72097533e-14   1.00000000e+00   1.66838333e-01   1.86363226e-04   6.41468587e+00   6.99264753e+00
 4.05000000e+00  -8.72097533e-14   1.00000000e+00   1.65685040e-01   2.84761098e-04   6.38839813e+00   6.80710308e+00
 4.06000000e+00  -8.72097533e-14   1.00000000e+00   1.64563036e-01   2.92835341e-04   6.38373285e+00   7.03169585e+00
 4.07000000e+00  -8.72097533e-14   1.00000000e+00   1.63313847e-01   1.05359707e-04   6.37741367e+00   6.86135612e+00
 4.08000000e+00  -8.72097533e-14   1.00000000e+00   1.61681474e-01  -2.55829420e-05   6.46967934e+00   7.00242046e+00
 4.09000000e+00  -8.72097533e-14   1.00000000e+00   1.59762908e-01  -9.36558639e-05   6.43952051e+00   6.84881895e+00
 4.10000000e+00  -8.72097533e-14   1.00000000e+00   1.57641179e-01  -9.74967536e-05   6.47219764e+00   6.99357150e+00
 4.11000000e+00  -8.72097533e-14   1.00000000e+00   1.55338817e-01  -1.32951609e-04   6.45578324e+00   6.96759081e+00
 4.12000000e+00  -8.72097533e-14   1.00000000e+00   1.52780966e-01  -6.57694926e-05   6.48086673e+00   6.95362879e+00
 4.13000000e+00  -8.72097533e-14   1.00000000e+00   1.50011677e-01   6.22950198e-05   6.48761429e+00   7.02682352e+00
 4.14000000e+00  -8.72097533e-14   1.00000000e+00   1.47356668e-01   1.96730686e-04   6.41664251e+00   6.92864333e+00
 4.15000000e+00  -8.72097533e-14   1.00000000e+00   1.45099265e-01   3.11443148e-04   6.36606119e+00   7.09669327e+00
 4.16000000e+00  -8.72097533e-14   1.00000000e+00   1.43239378e-01   2.45760776e-04   6.31119944e+00   6.94619343e+00
 4.17000000e+00  -8.72097533e-14   1.00000000e+00   1.41439809e-01   1.73280962e-04   6.38108571e+00   7.11641672e+00
 4.18000000e+00  -8.72097533e-14   1.00000000e+00   1.39449268e-01   1.17888585e-04   6.39129638e+00   6.91719145e+00
 4.19000000e+00  -8.72097533e-14   1.00000000e+00   1.37373835e-01   5.00548136e-05   6.40555989e+00   7.12532309e+00
 4.20000000e+00  -8.72097533e-14   1.00000000e+00   1.35233311e-01  -1.42651296e-04   6.38390180e+00   6.99870534e+00
 4.21000000e+00  -8.72097533e-14   1.00000000e+00   1.33006952e-01  -1.82835496e-04   6.41219675e+00   7.04213962e+00
 4.22000000e+00  -8.72097533e-14   1.00000000e+00   1.30770242e-01  -7.53424252e-05   6.40167365e+00   7.01599826e+00
 4.23000000e+00  -8.72097533e-14   1.00000000e+00   1.28367112e-01   2.20663339e-05   6.43002663e+00   7.06501947e+00
 4.24000000e+00  -8.72097533e-14   1.00000000e+00   1.25965516e-01   9.95955987e-05   6.39729614e+00   7.14037007e+00
 4.25000000e+00  -8.72097533e-14   1.00000000e+00   1.23825324e-01   2.08502427e-04   6.33006574e+00   6.97398919e+00
 4.26000000e+00  -8.72097533e-14   1.00000000e+00   1.21680665e-01   2.61377442e-04   6.38874346e+00   7.19922607e+00
 4.27000000e+00  -8.72097533e-14   1.00000000e+00   1.19415932e-01   2.79545467e-04   6.37897852e+00   6.96072399e+00
 4.28000000e+00  -8.72097533e-14   1.00000000e+00   1.17362028e-01   2.51374144e-04   6.34569539e+00   7.20113777e+00
 4.29000000e+00  -8.72097533e-14   1.00000000e+00   1.15369051e-01   2.16828958e-05   6.33072927e+00   7.01616309e+00
 4.30000000e+00  -8.72097533e-14   1.00000000e+00   1.12954659e-01  -6.50169973e-05   6.44820666e+00   7.14977360e+00
 4.31000000e+00  -8.72097533e-14   1.00000000e+00   1.09978599e-01  -8.11141337e-05   6.48050298e+00   7.01209540e+00
 4.32000000e+00  -8.72097533e-14   1.00000000e+00   1.06646173e-01  -9.37920985e-05   6.48810051e+00   7.15140793e+00
 4.33000000e+00  -8.72097533e-14   1.00000000e+00   1.03209354e-01  -1.10112810e-04   6.44362451e+00   7.10395223e+00
 4.34000000e+00  -8.72097533e-14   1.00000000e+00   9.98302677e-02  -5.21636416e-06   6.41717389e+00   7.05634135e+00
 4.35000000e+00  -8.72097533e-14   1.00000000e+00   9.65102509e-02   1.81011148e-04   6.41847906e+00   7.15267662e+00
 4.36000000e+00  -8.72097533e-14   1.00000000e+00   9.31706293e-02   2.77562103e-04   6.41157162e+00   7.06727128e+00
 4.37000000e+00  -8.72097533e-14   1.00000000e+00   8.98642312e-02   2.77436204e-04   6.39443410e+00   7.23451594e+00
 4.38000000e+00  -8.72097533e-14   1.00000000e+00   8.67220626e-02   2.38303454e-04   6.34117238e+00   7.01637804e+00
 4.39000000e+00  -8.72097533e-14   1.00000000e+00   8.37248062e-02   1.72837182e-04   6.35440670e+00   7.20043850e+00
 4.40000000e+00  -8.72097533e-14   1.00000000e+00   8.06534085e-02   6.66948646e-05   6.37566832e+00   7.03286189e+00
 4.41000000e+00  -8.72097533e-14   1.00000000e+00   7.75346463e-02  -8.80579969e-06   6.37743879e+00   7.17491242e+00
 4.42000000e+00  -8.72097533e-14   1.00000000e+00   7.44309517e-02  -1.71271536e-04   6.34980143e+00   7.11291644e+00
 4.43000000e+00  -8.72097533e-14   1.00000000e+00   7.12648893e-02  -1.48709647e-04   6.37129627e+00   7.07931243e+00
 4.44000000e+00  -8.72097533e-14   1.00000000e+00   6.80727930e-02   1.57258543e-05   6.36807144e+00   7.11868726e+00
 4.45000000e+00  -8.72097533e-14   1.00000000e+00   6.49487698e-02   8.88221098e-05   6.34652496e+00   7.10004741e+00
 4.46000000e+00  -8.72097533e-14   1.00000000e+00   6.21460588e-02   1.43488609e-04   6.27969775e+00   7.20041393e+00
 4.47000000e+00  -8.72097533e-14   1.00000000e+00   6.00056579e-02   2.57176213e-04   6.18534294e+00   6.99431232e+00
 4.48000000e+00  -8.72097533e-14   1.00000000e+00   5.82634001e-02   3.31821910e-04   6.19519041e+00   7.22491506e+00
 4.49000000e+00  -8.72097533e-14   1.00000000e+00   5.64443474e-02   2.63243267e-04   6.25178724e+00   7.02490552e+00
 4.50000000e+00  -8.72097533e-14   1.00000000e+00   5.45854130e-02   1.44785588e-04   6.24546037e+00   7.20628476e+00
 4.51000000e+00  -8.72097533e-14   1.00000000e+00   5.28619887e-02   5.90859450e-06   6.20557200e+00   7.01209372e+00
 4.52000000e+00  -8.72097533e-14   1.00000000e+00   5.11659336e-02  -8.20231139e-05   6.23045210e+00   7.13372712e+00
 4.53000000e+00  -8.72097533e-14   1.00000000e+00   4.92919202e-02  -7.73815400e-05   6.27027284e+00   7.04164298e+00
 4.54000000e+00  -8.72097533e-14   1.00000000e+00   4.73242616e-02  -7.66098170e-05   6.26869532e+00   7.09093059e+00
 4.55000000e+00  -8.72097533e-14   1.00000000e+00   4.53446081e-02  -7.32208656e-05   6.24239344e+00   7.14164326e+00
 4.56000000e+00  -8.72097533e-14   1.00000000e+00   4.33150669e-02   1.01154672e-04   6.25352611e+00   6.96881624e+00
 4.57000000e+00  -8.72097533e-14   1.00000000e+00   4.14381515e-02   2.65638847e-04   6.21642926e+00   7.17189951e+00
 4.58000000e+00  -8.72097533e-14   1.00000000e+00   3.97478718e-02   3.03593582e-04   6.19964416e+00   6.98348229e+00
 4.59000000e+00  -8.72097533e-14   1.00000000e+00   3.81197810e-02   2.45454880e-04   6.19909355e+00   7.19096110e+00
 4.60000000e+00  -8.72097533e-14   1.00000000e+00   3.66778423e-02   2.17456965e-04   6.16506554e+00   6.92720002e+00
 4.61000000e+00  -8.72097533e-14   1.00000000e+00   3.53324326e-02   1.61863099e-04   6.17323575e+00   7.14412555e+00
 4.62000000e+00  -8.72097533e-14   1.00000000e+00   3.36408413e-02   7.82553864e-06   6.25324837e+00   6.98669726e+00
 4.63000000e+00  -8.72097533e-14   1.00000000e+00   3.15587569e-02  -1.00395072e-04   6.28410254e+00   7.06840139e+00
 4.64000000e+00  -8.72097533e-14   1.00000000e+00   2.94426262e-02  -1.31535240e-04   6.23729625e+00   7.00414050e+00
 4.65000000e+00  -8.72097533e-14   1.00000000e+00   2.75001644e-02  -8.09879145e-05   6.20705597e+00   6.98675647e+00
 4.66000000e+00  -8.72097533e-14   1.00000000e+00   2.57944138e-02   6.57933791e-05   6.17985418e+00   7.05043018e+00
 4.67000000e+00  -8.72097533e-14   1.00000000e+00   2.42277520e-02   1.59251521e-04   6.18227883e+00   6.95485470e+00
 4.68000000e+00  -8.72097533e-14   1.00000000e+00   2.27583454e-02   1.78013612e-04   6.16172311e+00   7.12195791e+00
 4.69000000e+00  -8.72097533e-14   1.00000000e+00   2.16908279e-02   3.10412120e-04   6.10381284e+00   6.84791873e+00
 4.70000000e+00  -8.72097533e-14   1.00000000e+00   2.11012548e-02   3.48637734e-04   6.04972172e+00   7.11369809e+00
 4.71000000e+00  -8.72097533e-14   1.00000000e+00   2.07008858e-02   1.88835049e-04   6.07961117e+00   6.91320466e+00
 4.72000000e+00  -8.72097533e-14   1.00000000e+00   2.04258533e-02   5.39741732e-05   6.07311140e+00   7.02810052e+00
 4.73000000e+00  -8.72097533e-14   1.00000000e+00   2.03039782e-02  -1.62246822e-05   6.06205829e+00   6.89591280e+00
 4.74000000e+00  -8.72097533e-14   1.00000000e+00   2.02487208e-02  -8.06780334e-05   6.06450739e+00   6.98570898e+00
 4.75000000e+00  -8.72097533e-14   1.00000000e+00   2.01200406e-02  -8.60318594e-05   6.09340524e+00   6.94588010e+00
 4.76000000e+00  -8.72097533e-14   1.00000000e+00   1.99905344e-02  -7.89925362e-05   6.09200985e+00   6.89832202e+00
 4.77000000e+00  -8.72097533e-14   1.00000000e+00   2.01704517e-02   3.26844427e-05   6.02222111e+00   6.99113975e+00
 4.78000000e+00  -8.72097533e-14   1.00000000e+00   2.07458109e-02   1.85483298e-04   5.99355611e+00   6.82497907e+00
 4.79000000e+00  -8.72097533e-14   1.00000000e+00   2.17095724e-02   3.03486692e-04   5.95512312e+00   7.03889701e+00
 4.80000000e+00  -8.72097533e-14   1.00000000e+00   2.29713352e-02   3.01872894e-04   5.95189023e+00   6.81521905e+00
 4.81000000e+00  -8.72097533e-14   1.00000000e+00   2.41188160e-02   2.04932749e-04   6.00514482e+00   7.03219920e+00
 4.82000000e+00  -8.72097533e-14   1.00000000e+00   2.51516704e-02   1.99159784e-04   6.01897898e+00   6.75939191e+00
 4.83000000e+00  -8.72097533e-14   1.00000000e+00   2.63913027e-02   1.09670490e-04   5.96777701e+00   6.98508788e+00
 4.84000000e+00  -8.72097533e-14   1.00000000e+00   2.76124207e-02  -7.52144749e-05   6.00072781e+00   6.84889283e+00
 4.85000000e+00  -8.72097533e-14   1.00000000e+00   2.85079975e-02  -1.51152846e-04   6.07168770e+00   6.86325605e+00
 4.86000000e+00  -8.72097533e-14   1.00000000e+00   2.91856605e-02  -8.97606854e-05   6.07057357e+00   6.86843877e+00
 4.87000000e+00  -8.72097533e-14   1.00000000e+00   2.98473176e-02  -5.17238501e-06   6.05219104e+00   6.81791697e+00
 4.88000000e+00  -8.72097533e-14   1.00000000e+00   3.05787053e-02   8.24107054e-05   6.03059064e+00   6.94047177e+00
 4.89000000e+00  -8.72097533e-14   1.00000000e+00   3.14194983e-02   1.85769190e-04   6.02647115e+00   6.74140667e+00
 4.90000000e+00  -8.72097533e-14   1.00000000e+00   3.24597410e-02   2.51949316e-04   5.99807761e+00   6.96008669e+00
 4.91000000e+00  -8.72097533e-14   1.00000000e+00   3.37724533e-02   3.10636238e-04   5.97307762e+00   6.71512728e+00
 4.92000000e+00  -8.72097533e-14   1.00000000e+00   3.53083448e-02   2.95920166e-04   5.95731685e+00   6.94990613e+00
 4.93000000e+00  -8.72097533e-14   1.00000000e+00   3.68346130e-02   1.14006799e-04   5.98646207e+00   6.76803614e+00
 4.94000000e+00  -8.72097533e-14   1.00000000e+00   3.80900482e-02  -3.46520781e-05   6.04599539e+00   6.86202951e+00
 4.95000000e+00  -8.72097533e-14   1.00000000e+00   3.92372736e-02  -2.70848013e-05   6.04153841e+00   6.73532988e+00
 4.96000000e+00  -8.72097533e-14   1.00000000e+00   4.05818507e-02  -8.90399403e-05   5.98898918e+00   6.83990644e+00
 4.97000000e+00  -8.72097533e-14   1.00000000e+00   4.21264605e-02  -1.23396879e-04   5.97229446e+00   6.83176059e+00
 4.98000000e+00  -8.72097533e-14   1.00000000e+00   4.37989417e-02  -2.97744238e-05   5.98601629e+00   6.70233620e+00
 4.99000000e+00  -8.72097533e-14   1.00000000e+00   4.56661116e-02   1.17007185e-04   5.95928635e+00   6.88183986e+00
 5.00000000e+00  -8.72097533e-14   1.00000000e+00   4.77278439e-02   2.52124387e-04   5.94684965e+00   6.68974598e+00