  Time  Coordinate0  Coordinate1  Displacement0  Displacement1  Force0  Force1
 1.00000000e-02  -8.33333333e-03   1.00000000e+00   1.25623248e-03  -1.74005166e-04  -4.99363358e+01  -1.07922079e+02
 2.00000000e-02  -8.33333333e-03   1.00000000e+00   2.47779516e-03   3.22943638e-06   2.33426330e+01   4.08643033e+01
 3.00000000e-02  -8.33333333e-03   1.00000000e+00   3.81908707e-03   8.70812007e-05   1.64460930e+00   2.89428687e+00
 4.00000000e-02  -8.33333333e-03   1.00000000e+00   5.30599681e-03   1.67550092e-04   2.68562778e+00   2.74509655e+00
 5.00000000e-02  -8.33333333e-03   1.00000000e+00   7.02999503e-03   2.35994218e-04   1.42852220e+00   2.59212499e+00
 6.00000000e-02  -8.33333333e-03   1.00000000e+00   9.05149985e-03   2.79885269e-04   2.21043936e+00   2.76518809e+00
 7.00000000e-02  -8.33333333e-03   1.00000000e+00   1.14243924e-02   3.01821795e-04   1.29896775e+00   2.46856622e+00
 8.00000000e-02  -8.33333333e-03   1.00000000e+00   1.41226907e-02   3.07251107e-04   1.90799157e+00   2.65378834e+00
 9.00000000e-02  -8.33333333e-03   1.00000000e+00   1.71075519e-02   3.09376981e-04   1.25887305e+00   2.39264107e+00
 1.00000000e-01  -8.33333333e-03   1.00000000e+00   2.02995220e-02   3.17495920e-04   1.72192191e+00   2.55779666e+00
 1.10000000e-01  -8.33333333e-03   1.00000000e+00   2.36407506e-02   3.39587435e-04   1.25587572e+00   2.33402135e+00
 1.20000000e-01  -8.33333333e-03   1.00000000e+00   2.70669511e-02   3.76899840e-04   1.59953797e+00   2.48205717e+00
 1.30000000e-01  -8.33333333e-03   1.00000000e+00   3.05457182e-02   4.27849914e-04   1.26591767e+00   2.29066206e+00
 1.40000000e-01  -8.33333333e-03   1.00000000e+00   3.40437760e-02   4.86822224e-04   1.51216035e+00   2.42425276e+00
 1.50000000e-01  -8.33333333e-03   1.00000000e+00   3.75517471e-02   5.48103570e-04   1.27712703e+00   2.25933826e+00
 1.60000000e-01  -8.33333333e-03   1.00000000e+00   4.10538289e-02   6.06050916e-04   1.44453508e+00   2.37897325e+00
 1.70000000e-01  -8.33333333e-03   1.00000000e+00   4.45482352e-02   6.57318792e-04   1.28461874e+00   2.23506079e+00
 1.80000000e-01  -8.33333333e-03   1.00000000e+00   4.80232964e-02   7.00399480e-04   1.38842957e+00   2.34030903e+00
 1.90000000e-01  -8.33333333e-03   1.00000000e+00   5.14778202e-02   7.35983497e-04   1.28659076e+00   2.21281763e+00
 2.00000000e-01  -8.33333333e-03   1.00000000e+00   5.49034209e-02   7.65883863e-04   1.33886214e+00   2.30370451e+00
 2.10000000e-01  -8.33333333e-03   1.00000000e+00   5.83031126e-02   7.92561665e-04   1.28207071e+00   2.18955399e+00
 2.20000000e-01  -8.33333333e-03   1.00000000e+00   6.16762438e-02   8.18241604e-04   1.29237226e+00   2.26695079e+00
 2.30000000e-01  -8.33333333e-03   1.00000000e+00   6.50335786e-02   8.44596889e-04   1.27067775e+00   2.16447356e+00
 2.40000000e-01  -8.33333333e-03   1.00000000e+00   6.83825681e-02   8.72572970e-04   1.24686218e+00   2.22998575e+00
 2.50000000e-01  -8.33333333e-03   1.00000000e+00   7.17389121e-02   9.02402130e-04   1.25289899e+00   2.13839798e+00
 2.60000000e-01  -8.33333333e-03   1.00000000e+00   7.51125234e-02   9.33978630e-04   1.20164112e+00   2.19382984e+00
 2.70000000e-01  -8.33333333e-03   1.00000000e+00   7.85172744e-02   9.66910061e-04   1.23001318e+00   2.11262480e+00
 2.80000000e-01  -8.33333333e-03   1.00000000e+00   8.19588307e-02   1.00105451e-03   1.15688244e+00   2.15960599e+00
 2.90000000e-01  -8.33333333e-03   1.00000000e+00   8.54439635e-02   1.03625143e-03   1.20348003e+00   2.08822534e+00
 3.00000000e-01  -8.33333333e-03   1.00000000e+00   8.89705511e-02   1.07267875e-03   1.11303027e+00   2.12805500e+00
 3.10000000e-01  -8.33333333e-03   1.00000000e+00   9.25367972e-02   1.11048332e-03   1.17447090e+00   2.06582943e+00
 3.20000000e-01  -8.33333333e-03   1.00000000e+00   9.61329069e-02   1.14997119e-03   1.07038748e+00   2.09941151e+00
 3.30000000e-01  -8.33333333e-03   1.00000000e+00   9.97498635e-02   1.19115364e-03   1.14382274e+00   2.04554703e+00
 3.40000000e-01  -8.33333333e-03   1.00000000e+00   1.03372153e-01   1.23403277e-03   1.02909692e+00   2.07342627e+00
 3.50000000e-01  -8.33333333e-03   1.00000000e+00   1.06985907e-01   1.27819785e-03   1.11207762e+00   2.02702081e+00
 3.60000000e-01  -8.33333333e-03   1.00000000e+00   1.10572355e-01   1.32325578e-03   9.89212826e-01   2.04948492e+00
 3.70000000e-01  -8.33333333e-03   1.00000000e+00   1.14115373e-01   1.36847017e-03   1.07970192e+00   2.00961129e+00
 3.80000000e-01  -8.33333333e-03   1.00000000e+00   1.17595534e-01   1.41328581e-03   9.50804781e-01   2.02687882e+00
 3.90000000e-01  -8.33333333e-03   1.00000000e+00   1.20997164e-01   1.45692795e-03   1.04717628e+00   1.99270597e+00
 4.00000000e-01  -8.33333333e-03   1.00000000e+00   1.24302802e-01   1.49896299e-03   9.14063315e-01   2.00508410e+00
 4.10000000e-01  -8.33333333e-03   1.00000000e+00   1.27499757e-01   1.53880490e-03   1.01505114e+00   1.97600449e+00
 4.20000000e-01  -8.33333333e-03   1.00000000e+00   1.30574763e-01   1.57627683e-03   8.79293903e-01   1.98398368e+00
 4.30000000e-01  -8.33333333e-03   1.00000000e+00   1.33519927e-01   1.61105369e-03   9.83935705e-01   1.95961735e+00
 4.40000000e-01  -8.33333333e-03   1.00000000e+00   1.36327397e-01   1.64321569e-03   8.46880481e-01   1.96385069e+00
 4.50000000e-01  -8.33333333e-03   1.00000000e+00   1.38994642e-01   1.67264477e-03   9.54439170e-01   1.94398683e+00
 4.60000000e-01  -8.33333333e-03   1.00000000e+00   1.41519123e-01   1.69960250e-03   8.17201917e-01   1.94519843e+00
 4.70000000e-01  -8.33333333e-03   1.00000000e+00   1.43902979e-01   1.72414767e-03   9.27095683e-01   1.92969381e+00
 4.80000000e-01  -8.33333333e-03   1.00000000e+00   1.46147747e-01   1.74651656e-03   7.90545797e-01   1.92858554e+00
 4.90000000e-01  -8.33333333e-03   1.00000000e+00   1.48258623e-01   1.76647626e-03   9.02264202e-01   1.91733966e+00
 5.00000000e-01  -8.33333333e-03   1.00000000e+00   1.50239225e-01   1.78479524e-03   7.67007305e-01   1.91436341e+00
 5.10000000e-01  -8.33333333e-03   1.00000000e+00   1.52095765e-01   1.80148508e-03   8.80058084e-01   1.90705767e+00
 5.20000000e-01  -8.33333333e-03   1.00000000e+00   1.53831992e-01   1.81724163e-03   7.46579691e-01   1.90274631e+00
 5.30000000e-01  -8.33333333e-03   1.00000000e+00   1.55453194e-01   1.83206072e-03   8.60494788e-01   1.89904111e+00
 5.40000000e-01  -8.33333333e-03   1.00000000e+00   1.56961566e-01   1.84642233e-03   7.29068651e-01   1.89364201e+00
 5.50000000e-01  -8.33333333e-03   1.00000000e+00   1.58360087e-01   1.86030005e-03   8.43403853e-01   1.89311434e+00
 5.60000000e-01  -8.33333333e-03   1.00000000e+00   1.59648383e-01   1.87381118e-03   7.14260694e-01   1.88676123e+00
 5.70000000e-01  -8.33333333e-03   1.00000000e+00   1.60826519e-01   1.88669126e-03   8.28630687e-01   1.88896810e+00
 5.80000000e-01  -8.33333333e-03   1.00000000e+00   1.61891244e-01   1.89907386e-03   7.01910586e-01   1.88163397e+00
 5.90000000e-01  -8.33333333e-03   1.00000000e+00   1.62839887e-01   1.91055336e-03   8.16042379e-01   1.88610585e+00
 6.00000000e-01  -8.33333333e-03   1.00000000e+00   1.63666868e-01   1.92128573e-03   6.91932030e-01   1.87783477e+00
 6.10000000e-01  -8.33333333e-03   1.00000000e+00   1.64367625e-01   1.93092559e-03   8.05641512e-01   1.88411131e+00
 6.20000000e-01  -8.33333333e-03   1.00000000e+00   1.64935373e-01   1.93963453e-03   6.84347999e-01   1.87498869e+00
 6.30000000e-01  -8.33333333e-03   1.00000000e+00   1.65364955e-01   1.94699592e-03   7.97556324e-01   1.88275428e+00
 6.40000000e-01  -8.33333333e-03   1.00000000e+00   1.65649779e-01   1.95286068e-03   6.79258710e-01   1.87295289e+00
 6.50000000e-01  -8.33333333e-03   1.00000000e+00   1.65785446e-01   1.95685454e-03   7.91951004e-01   1.88193058e+00
 6.60000000e-01  -8.33333333e-03   1.00000000e+00   1.65766830e-01   1.95886718e-03   6.76821242e-01   1.87158861e+00
 6.70000000e-01  -8.33333333e-03   1.00000000e+00   1.65591444e-01   1.95869566e-03   7.89032932e-01   1.88159504e+00
 6.80000000e-01  -8.33333333e-03   1.00000000e+00   1.65256561e-01   1.95631059e-03   6.77194185e-01   1.87091819e+00
 6.90000000e-01  -8.33333333e-03   1.00000000e+00   1.64762299e-01   1.95158744e-03   7.88925548e-01   1.88184034e+00
 7.00000000e-01  -8.33333333e-03   1.00000000e+00   1.64108732e-01   1.94460567e-03   6.80458495e-01   1.87101281e+00
 7.10000000e-01  -8.33333333e-03   1.00000000e+00   1.63298706e-01   1.93532655e-03   7.91681586e-01   1.88273438e+00
 7.20000000e-01  -8.33333333e-03   1.00000000e+00   1.62334947e-01   1.92390994e-03   6.86562127e-01   1.87192342e+00
 7.30000000e-01  -8.33333333e-03   1.00000000e+00   1.61222626e-01   1.91040520e-03   7.97169104e-01   1.88431130e+00
 7.40000000e-01  -8.33333333e-03   1.00000000e+00   1.59966504e-01   1.89502978e-03   6.95299135e-01   1.87361005e+00
 7.50000000e-01  -8.33333333e-03   1.00000000e+00   1.58573294e-01   1.87788279e-03   8.05131812e-01   1.88651838e+00
 7.60000000e-01  -8.33333333e-03   1.00000000e+00   1.57048897e-01   1.85920963e-03   7.06373171e-01   1.87596568e+00
 7.70000000e-01  -8.33333333e-03   1.00000000e+00   1.55400624e-01   1.83912561e-03   8.15221178e-01   1.88921618e+00
 7.80000000e-01  -8.33333333e-03   1.00000000e+00   1.53634571e-01   1.81786633e-03   7.19393798e-01   1.87878630e+00
 7.90000000e-01  -8.33333333e-03   1.00000000e+00   1.51757755e-01   1.79551792e-03   8.27010001e-01   1.89218129e+00
 8.00000000e-01  -8.33333333e-03   1.00000000e+00   1.49775675e-01   1.77227427e-03   7.33938297e-01   1.88180196e+00
 8.10000000e-01  -8.33333333e-03   1.00000000e+00   1.47694410e-01   1.74818996e-03   8.40098585e-01   1.89512292e+00
 8.20000000e-01  -8.33333333e-03   1.00000000e+00   1.45518389e-01   1.72340755e-03   7.49625240e-01   1.88467820e+00
 8.30000000e-01  -8.33333333e-03   1.00000000e+00   1.43252460e-01   1.69793686e-03   8.54108436e-01   1.89769398e+00
 8.40000000e-01  -8.33333333e-03   1.00000000e+00   1.40899882e-01   1.67185836e-03   7.66085915e-01   1.88705213e+00
 8.50000000e-01  -8.33333333e-03   1.00000000e+00   1.38464351e-01   1.64513732e-03   8.68709271e-01   1.89953437e+00
 8.60000000e-01  -8.33333333e-03   1.00000000e+00   1.35948201e-01   1.61779619e-03   7.83006129e-01   1.88855057e+00
 8.70000000e-01  -8.33333333e-03   1.00000000e+00   1.33354367e-01   1.58976699e-03   8.83634385e-01   1.90028823e+00
 8.80000000e-01  -8.33333333e-03   1.00000000e+00   1.30684751e-01   1.56103796e-03   8.00155195e-01   1.88882248e+00
 8.90000000e-01  -8.33333333e-03   1.00000000e+00   1.27942089e-01   1.53154173e-03   8.98622810e-01   1.89962285e+00
 9.00000000e-01  -8.33333333e-03   1.00000000e+00   1.25128446e-01   1.50124986e-03   8.17264372e-01   1.88756090e+00
 9.10000000e-01  -8.33333333e-03   1.00000000e+00   1.22246948e-01   1.47011657e-03   9.13496647e-01   1.89727675e+00
 9.20000000e-01  -8.33333333e-03   1.00000000e+00   1.19300366e-01   1.43812465e-03   8.34162220e-01   1.88453487e+00
 9.30000000e-01  -8.33333333e-03   1.00000000e+00   1.16292688e-01   1.40527155e-03   9.28065095e-01   1.89306731e+00
 9.40000000e-01  -8.33333333e-03   1.00000000e+00   1.13227761e-01   1.37156557e-03   8.50663683e-01   1.87960807e+00
 9.50000000e-01  -8.33333333e-03   1.00000000e+00   1.10110690e-01   1.33705720e-03   9.42138630e-01   1.88691797e+00
 9.60000000e-01  -8.33333333e-03   1.00000000e+00   1.06946526e-01   1.30178268e-03   8.66584492e-01   1.87274625e+00
 9.70000000e-01  -8.33333333e-03   1.00000000e+00   1.03741489e-01   1.26584530e-03   9.55567690e-01   1.87884371e+00
 9.80000000e-01  -8.33333333e-03   1.00000000e+00   1.00501706e-01   1.22930426e-03   8.81781731e-01   1.86402299e+00
 9.90000000e-01  -8.33333333e-03   1.00000000e+00   9.72342757e-02   1.19230712e-03   9.68212383e-01   1.86896607e+00
 1.00000000e+00  -8.33333333e-03   1.00000000e+00   9.39460680e-02   1.15492895e-03   8.96116553e-01   1.85357823e+00
 1.01000000e+00  -8.33333333e-03   1.00000000e+00   9.06446647e-02   1.11734478e-03   9.79946811e-01   1.85746315e+00
 1.02000000e+00  -8.33333333e-03   1.00000000e+00   8.73372273e-02   1.07963306e-03   9.09487075e-01   1.84162548e+00
 1.03000000e+00  -8.33333333e-03   1.00000000e+00   8.40313564e-02   1.04197752e-03   9.90675735e-01   1.84455312e+00
 1.04000000e+00  -8.33333333e-03   1.00000000e+00   8.07340457e-02   1.00444946e-03   9.21798356e-01   1.82839269e+00
 1.05000000e+00  -8.33333333e-03   1.00000000e+00   7.74524898e-02   9.67219710e-04   1.00034287e+00   1.83047490e+00
 1.06000000e+00  -8.33333333e-03   1.00000000e+00   7.41931368e-02   9.30343040e-04   9.33023468e-01   1.81410278e+00
 1.07000000e+00  -8.33333333e-03   1.00000000e+00   7.09624706e-02   8.93958303e-04   1.00890676e+00   1.81543650e+00
 1.08000000e+00  -8.33333333e-03   1.00000000e+00   6.77661661e-02   8.58094960e-04   9.43110223e-01   1.79895739e+00
 1.09000000e+00  -8.33333333e-03   1.00000000e+00   6.46098567e-02   8.22851718e-04   1.01636499e+00   1.79961774e+00
 1.10000000e+00  -8.33333333e-03   1.00000000e+00   6.14983903e-02   7.88234317e-04   9.52091501e-01   1.78312046e+00
 1.11000000e+00  -8.33333333e-03   1.00000000e+00   5.84365814e-02   7.54310060e-04   1.02274103e+00   1.78316826e+00
 1.12000000e+00  -8.33333333e-03   1.00000000e+00   5.54285558e-02   7.21066870e-04   9.59966124e-01   1.76672918e+00
 1.13000000e+00  -8.33333333e-03   1.00000000e+00   5.24784776e-02   6.88555126e-04   1.02806743e+00   1.76621418e+00
 1.14000000e+00  -8.33333333e-03   1.00000000e+00   4.95899641e-02   6.56758148e-04   9.66789139e-01   1.74990532e+00
 1.15000000e+00  -8.33333333e-03   1.00000000e+00   4.67667743e-02   6.25717540e-04   1.03237817e+00   1.74888639e+00
 1.16000000e+00  -8.33333333e-03   1.00000000e+00   4.40122729e-02   5.95415499e-04   9.72605522e-01   1.73278095e+00
 1.17000000e+00  -8.33333333e-03   1.00000000e+00   4.13300655e-02   5.65894655e-04   1.03576247e+00   1.73133731e+00
 1.18000000e+00  -8.33333333e-03   1.00000000e+00   3.87234925e-02   5.37142045e-04   9.77487491e-01   1.71553400e+00
 1.19000000e+00  -8.33333333e-03   1.00000000e+00   3.61962012e-02   5.09205603e-04   1.03827767e+00   1.71375544e+00
 1.20000000e+00  -8.33333333e-03   1.00000000e+00   3.37516544e-02   4.82083779e-04   9.81497701e-01   1.69836720e+00
 1.21000000e+00  -8.33333333e-03   1.00000000e+00   3.13936368e-02   4.55836140e-04   1.04000070e+00   1.69637316e+00
 1.22000000e+00  -8.33333333e-03   1.00000000e+00   2.91257698e-02   4.30474851e-04   9.84719705e-01   1.68153699e+00
 1.23000000e+00  -8.33333333e-03   1.00000000e+00   2.69519556e-02   4.06072633e-04   1.04099708e+00   1.67946164e+00
 1.24000000e+00  -8.33333333e-03   1.00000000e+00   2.48758989e-02   3.82655386e-04   9.87210895e-01   1.66532402e+00
 1.25000000e+00  -8.33333333e-03   1.00000000e+00   2.29014980e-02   3.60307177e-04   1.04135399e+00   1.66331628e+00
 1.26000000e+00  -8.33333333e-03   1.00000000e+00   2.10323776e-02   3.39061575e-04   9.89060235e-01   1.65002140e+00
 1.27000000e+00  -8.33333333e-03   1.00000000e+00   1.92722423e-02   3.19007852e-04   1.04114046e+00   1.64823248e+00
 1.28000000e+00  -8.33333333e-03   1.00000000e+00   1.76244287e-02   3.00178710e-04   9.90327032e-01   1.63591376e+00
 1.29000000e+00  -8.33333333e-03   1.00000000e+00   1.60922365e-02   2.82660497e-04   1.04042490e+00   1.63446984e+00
 1.30000000e+00  -8.33333333e-03   1.00000000e+00   1.46785081e-02   2.66477494e-04   9.91092771e-01   1.62324357e+00
 1.31000000e+00  -8.33333333e-03   1.00000000e+00   1.33859511e-02   2.51704779e-04   1.03927419e+00   1.62225220e+00
 1.32000000e+00  -8.33333333e-03   1.00000000e+00   1.22167526e-02   2.38351425e-04   9.91415849e-01   1.61220455e+00
 1.33000000e+00  -8.33333333e-03   1.00000000e+00   1.11729016e-02   2.26475759e-04   1.03773914e+00   1.61175241e+00
 1.34000000e+00  -8.33333333e-03   1.00000000e+00   1.02558417e-02   2.16070830e-04   9.91341504e-01   1.60292702e+00
 1.35000000e+00  -8.33333333e-03   1.00000000e+00   9.46679702e-03   2.07174859e-04   1.03588623e+00   1.60305385e+00
 1.36000000e+00  -8.33333333e-03   1.00000000e+00   8.80646138e-03   1.99766625e-04   9.90929302e-01   1.59546691e+00
 1.37000000e+00  -8.33333333e-03   1.00000000e+00   8.27532551e-03   1.93856414e-04   1.03375267e+00   1.59620416e+00
 1.38000000e+00  -8.33333333e-03   1.00000000e+00   7.87340046e-03   1.89414423e-04   9.90211894e-01   1.58985097e+00
 1.39000000e+00  -8.33333333e-03   1.00000000e+00   7.60054460e-03   1.86444638e-04   1.03137662e+00   1.59119536e+00
 1.40000000e+00  -8.33333333e-03   1.00000000e+00   7.45620155e-03   1.84913359e-04   9.89228515e-01   1.58605338e+00
 1.41000000e+00  -8.33333333e-03   1.00000000e+00   7.43972634e-03   1.84825030e-04   1.02878553e+00   1.58800510e+00
 1.42000000e+00  -8.33333333e-03   1.00000000e+00   7.55013198e-03   1.86135941e-04   9.88003258e-01   1.58403547e+00
 1.43000000e+00  -8.33333333e-03   1.00000000e+00   7.78640136e-03   1.88849125e-04   1.02601215e+00   1.58658667e+00
 1.44000000e+00  -8.33333333e-03   1.00000000e+00   8.14723624e-03   1.92923015e-04   9.86554362e-01   1.58375360e+00
 1.45000000e+00  -8.33333333e-03   1.00000000e+00   8.63135385e-03   1.98355295e-04   1.02305894e+00   1.58689805e+00
 1.46000000e+00  -8.33333333e-03   1.00000000e+00   9.23722939e-03   2.05093269e-04   9.84884616e-01   1.58516219e+00
 1.47000000e+00  -8.33333333e-03   1.00000000e+00   9.96337478e-03   2.13135501e-04   1.01993279e+00   1.58889314e+00
 1.48000000e+00  -8.33333333e-03   1.00000000e+00   1.08080740e-02   2.22424687e-04   9.83009206e-01   1.58821665e+00
 1.49000000e+00  -8.33333333e-03   1.00000000e+00   1.17696406e-02   2.32993286e-04   1.01664882e+00   1.59252664e+00
 1.50000000e+00  -8.33333333e-03   1.00000000e+00   1.28461499e-02   2.44812174e-04   9.80920906e-01   1.59285827e+00
 1.51000000e+00  -8.33333333e-03   1.00000000e+00   1.40356907e-02   2.57882509e-04   1.01318531e+00   1.59774837e+00
 1.52000000e+00  -8.33333333e-03   1.00000000e+00   1.53360795e-02   2.72158545e-04   9.78610289e-01   1.59904728e+00
 1.53000000e+00  -8.33333333e-03   1.00000000e+00   1.67451137e-02   2.87649303e-04   1.00953590e+00   1.60449349e+00
 1.54000000e+00  -8.33333333e-03   1.00000000e+00   1.82602845e-02   3.04305080e-04   9.76071458e-01   1.60669199e+00
 1.55000000e+00  -8.33333333e-03   1.00000000e+00   1.98790293e-02   3.22137694e-04   1.00569115e+00   1.61266370e+00
 1.56000000e+00  -8.33333333e-03   1.00000000e+00   2.15984496e-02   3.41090928e-04   9.73265428e-01   1.61568959e+00
 1.57000000e+00  -8.33333333e-03   1.00000000e+00   2.34155698e-02   3.61174828e-04   1.00163454e+00   1.62214578e+00
 1.58000000e+00  -8.33333333e-03   1.00000000e+00   2.53270611e-02   3.82322867e-04   9.70200740e-01   1.62590582e+00
 1.59000000e+00  -8.33333333e-03   1.00000000e+00   2.73295106e-02   4.04538382e-04   9.97319833e-01   1.63277876e+00
 1.60000000e+00  -8.33333333e-03   1.00000000e+00   2.94191534e-02   4.27741840e-04   9.66812750e-01   1.63716750e+00
 1.61000000e+00  -8.33333333e-03   1.00000000e+00   3.15921527e-02   4.51930266e-04   9.92726436e-01   1.64439041e+00
 1.62000000e+00  -8.33333333e-03   1.00000000e+00   3.38443397e-02   4.77011680e-04   9.63102746e-01   1.64929787e+00
 1.63000000e+00  -8.33333333e-03   1.00000000e+00   3.61715028e-02   5.02979531e-04   9.87824605e-01   1.65677566e+00
 1.64000000e+00  -8.33333333e-03   1.00000000e+00   3.85691343e-02   5.29730628e-04   9.59010397e-01   1.66207964e+00
 1.65000000e+00  -8.33333333e-03   1.00000000e+00   4.10327243e-02   5.57257011e-04   9.82558730e-01   1.66973109e+00
 1.66000000e+00  -8.33333333e-03   1.00000000e+00   4.35575120e-02   5.85447592e-04   9.54499207e-01   1.67530935e+00
 1.67000000e+00  -8.33333333e-03   1.00000000e+00   4.61387799e-02   6.14297041e-04   9.76904390e-01   1.68304938e+00
 1.68000000e+00  -8.33333333e-03   1.00000000e+00   4.87716066e-02   6.43688077e-04   9.49537854e-01   1.68878746e+00
 1.69000000e+00  -8.33333333e-03   1.00000000e+00   5.14511562e-02   6.73620466e-04   9.70824100e-01   1.69652841e+00
 1.70000000e+00  -8.33333333e-03   1.00000000e+00   5.41724313e-02   7.03976320e-04   9.44090925e-01   1.70231268e+00
 1.71000000e+00  -8.33333333e-03   1.00000000e+00   5.69305536e-02   7.34760230e-04   9.64281633e-01   1.70998581e+00
 1.72000000e+00  -8.33333333e-03   1.00000000e+00   5.97205162e-02   7.65856248e-04   9.38122848e-01   1.71572445e+00
 1.73000000e+00  -8.33333333e-03   1.00000000e+00   6.25374519e-02   7.97271011e-04   9.57253073e-01   1.72325992e+00
 1.74000000e+00  -8.33333333e-03   1.00000000e+00   6.53763863e-02   8.28893881e-04   9.31627462e-01   1.72886523e+00
 1.75000000e+00  -8.33333333e-03   1.00000000e+00   6.82324937e-02   8.60730033e-04   9.49730414e-01   1.73620254e+00
 1.76000000e+00  -8.33333333e-03   1.00000000e+00   7.11008516e-02   8.92678672e-04   9.24584814e-01   1.74159995e+00
 1.77000000e+00  -8.33333333e-03   1.00000000e+00   7.39766850e-02   9.24734125e-04   9.41684064e-01   1.74868915e+00
 1.78000000e+00  -8.33333333e-03   1.00000000e+00   7.68551249e-02   9.56811204e-04   9.16996409e-01   1.75380953e+00
 1.79000000e+00  -8.33333333e-03   1.00000000e+00   7.97314442e-02   9.88890825e-04   9.33138916e-01   1.76060365e+00
 1.80000000e+00  -8.33333333e-03   1.00000000e+00   8.26008204e-02   1.02090188e-03   9.08878928e-01   1.76539324e+00
 1.81000000e+00  -8.33333333e-03   1.00000000e+00   8.54585677e-02   1.05280881e-03   9.24121868e-01   1.77185748e+00
 1.82000000e+00  -8.33333333e-03   1.00000000e+00   8.82999044e-02   1.08454892e-03   9.00261517e-01   1.77626596e+00
 1.83000000e+00  -8.33333333e-03   1.00000000e+00   9.11201855e-02   1.11607652e-03   9.14643145e-01   1.78235806e+00
 1.84000000e+00  -8.33333333e-03   1.00000000e+00   9.39146739e-02   1.14733690e-03   8.91181171e-01   1.78634767e+00
 1.85000000e+00  -8.33333333e-03   1.00000000e+00   9.66787766e-02   1.17827799e-03   9.04768253e-01   1.79204421e+00
 1.86000000e+00  -8.33333333e-03   1.00000000e+00   9.94078200e-02   1.20884748e-03   8.81695804e-01   1.79558514e+00
 1.87000000e+00  -8.33333333e-03   1.00000000e+00   1.02097290e-01   1.23899021e-03   8.94564229e-01   1.80086537e+00
 1.88000000e+00  -8.33333333e-03   1.00000000e+00   1.04742611e-01   1.26865686e-03   8.71889944e-01   1.80394073e+00
 1.89000000e+00  -8.33333333e-03   1.00000000e+00   1.07339389e-01   1.29779261e-03   8.84099527e-01   1.80879393e+00
 1.90000000e+00  -8.33333333e-03   1.00000000e+00   1.09883192e-01   1.32634959e-03   8.61839528e-01   1.81139646e+00
 1.91000000e+00  -8.33333333e-03   1.00000000e+00   1.12369797e-01   1.35427425e-03   8.73484998e-01   1.81582241e+00
 1.92000000e+00  -8.33333333e-03   1.00000000e+00   1.14794970e-01   1.38152072e-03   8.51674995e-01   1.81796037e+00
 1.93000000e+00  -8.33333333e-03   1.00000000e+00   1.17154714e-01   1.40803651e-03   8.62838227e-01   1.82197416e+00
 1.94000000e+00  -8.33333333e-03   1.00000000e+00   1.19445046e-01   1.43377846e-03   8.41518458e-01   1.82367123e+00
 1.95000000e+00  -8.33333333e-03   1.00000000e+00   1.21662245e-01   1.45869782e-03   8.52289607e-01   1.82730148e+00
 1.96000000e+00  -8.33333333e-03   1.00000000e+00   1.23802627e-01   1.48275561e-03   8.31500539e-01   1.82859133e+00
 1.97000000e+00  -8.33333333e-03   1.00000000e+00   1.25862791e-01   1.50590783e-03   8.41997597e-01   1.83187229e+00
 1.98000000e+00  -8.33333333e-03   1.00000000e+00   1.27839384e-01   1.52812072e-03   8.21784847e-01   1.83280048e+00
 1.99000000e+00  -8.33333333e-03   1.00000000e+00   1.29729354e-01   1.54935514e-03   8.32114022e-01   1.83578430e+00
 2.00000000e+00  -8.33333333e-03   1.00000000e+00   1.31529707e-01   1.56958244e-03   8.12537520e-01   1.83640155e+00
 2.01000000e+00  -8.33333333e-03   1.00000000e+00   1.33237752e-01   1.58876874e-03   8.22798547e-01   1.83913533e+00
 2.02000000e+00  -8.33333333e-03   1.00000000e+00   1.34850864e-01   1.60688919e-03   8.03925295e-01   1.83950866e+00
 2.03000000e+00  -8.33333333e-03   1.00000000e+00   1.36366720e-01   1.62391477e-03   8.14221516e-01   1.84205001e+00
 2.04000000e+00  -8.33333333e-03   1.00000000e+00   1.37783061e-01   1.63982563e-03   7.96110553e-01   1.84223476e+00
 2.05000000e+00  -8.33333333e-03   1.00000000e+00   1.39097931e-01   1.65459767e-03   8.06548442e-01   1.84463730e+00
 2.06000000e+00  -8.33333333e-03   1.00000000e+00   1.40309432e-01   1.66821451e-03   7.89241653e-01   1.84469534e+00
 2.07000000e+00  -8.33333333e-03   1.00000000e+00   1.41415966e-01   1.68065659e-03   7.99907473e-01   1.84701235e+00
 2.08000000e+00  -8.33333333e-03   1.00000000e+00   1.42415992e-01   1.69191074e-03   7.83479021e-01   1.84699357e+00
 2.09000000e+00  -8.33333333e-03   1.00000000e+00   1.43308264e-01   1.70196148e-03   7.94467857e-01   1.84927655e+00
 2.10000000e+00  -8.33333333e-03   1.00000000e+00   1.44091590e-01   1.71079866e-03   7.78937122e-01   1.84922719e+00
 2.11000000e+00  -8.33333333e-03   1.00000000e+00   1.44765077e-01   1.71841100e-03   7.90313757e-01   1.85150750e+00
 2.12000000e+00  -8.33333333e-03   1.00000000e+00   1.45327884e-01   1.72479103e-03   7.75726034e-01   1.85146701e+00
 2.13000000e+00  -8.33333333e-03   1.00000000e+00   1.45779470e-01   1.72993040e-03   7.87549567e-01   1.85377166e+00
 2.14000000e+00  -8.33333333e-03   1.00000000e+00   1.46119353e-01   1.73382419e-03   7.73925537e-01   1.85376716e+00
 2.15000000e+00  -8.33333333e-03   1.00000000e+00   1.46347351e-01   1.73646837e-03   7.86249956e-01   1.85611312e+00
 2.16000000e+00  -8.33333333e-03   1.00000000e+00   1.46463349e-01   1.73786218e-03   7.73597226e-01   1.85615439e+00
 2.17000000e+00  -8.33333333e-03   1.00000000e+00   1.46467243e-01   1.73796708e-03   7.86596387e-01   1.85833330e+00
 2.18000000e+00  -8.33333333e-03   1.00000000e+00   1.46359606e-01   1.73689092e-03   7.74654672e-01   1.85928078e+00
 2.19000000e+00  -8.33333333e-03   1.00000000e+00   1.46141065e-01   1.73454651e-03   7.87966500e-01   1.86038054e+00
 2.20000000e+00  -8.33333333e-03   1.00000000e+00   1.45812181e-01   1.73096646e-03   7.77704257e-01   1.86157759e+00
 2.21000000e+00  -8.33333333e-03   1.00000000e+00   1.45373905e-01   1.72614943e-03   7.91146931e-01   1.86349089e+00
 2.22000000e+00  -8.33333333e-03   1.00000000e+00   1.44827252e-01   1.72009408e-03   7.81638818e-01   1.86390672e+00
 2.23000000e+00  -8.33333333e-03   1.00000000e+00   1.44173556e-01   1.71283481e-03   7.95857598e-01   1.86614238e+00
 2.24000000e+00  -8.33333333e-03   1.00000000e+00   1.43414221e-01   1.70438537e-03   7.87079706e-01   1.86642673e+00
 2.25000000e+00  -8.33333333e-03   1.00000000e+00   1.42550963e-01   1.69477624e-03   8.01849457e-01   1.86866326e+00
 2.26000000e+00  -8.33333333e-03   1.00000000e+00   1.41585565e-01   1.68402358e-03   7.93832562e-01   1.86883906e+00
 2.27000000e+00  -8.33333333e-03   1.00000000e+00   1.40520102e-01   1.67215510e-03   8.09075765e-01   1.87100690e+00
 2.28000000e+00  -8.33333333e-03   1.00000000e+00   1.39356704e-01   1.65918765e-03   8.01770636e-01   1.87103589e+00
 2.29000000e+00  -8.33333333e-03   1.00000000e+00   1.38097779e-01   1.64515224e-03   8.17413048e-01   1.87306201e+00
 2.30000000e+00  -8.33333333e-03   1.00000000e+00   1.36745783e-01   1.63006983e-03   8.10742343e-01   1.87289358e+00
 2.31000000e+00  -8.33333333e-03   1.00000000e+00   1.35303431e-01   1.61397531e-03   8.26697055e-01   1.87470675e+00
 2.32000000e+00  -8.33333333e-03   1.00000000e+00   1.33773476e-01   1.59689579e-03   8.20585471e-01   1.87428594e+00
 2.33000000e+00  -8.33333333e-03   1.00000000e+00   1.32158918e-01   1.57887165e-03   8.36771478e-01   1.87582589e+00
 2.34000000e+00  -8.33333333e-03   1.00000000e+00   1.30462782e-01   1.55993278e-03   8.31156385e-01   1.87509277e+00
 2.35000000e+00  -8.33333333e-03   1.00000000e+00   1.28688323e-01   1.54012348e-03   8.47481171e-01   1.87628954e+00
 2.36000000e+00  -8.33333333e-03   1.00000000e+00   1.26838812e-01   1.51947592e-03   8.42263657e-01   1.87518697e+00
 2.37000000e+00  -8.33333333e-03   1.00000000e+00   1.24917732e-01   1.49803565e-03   8.58637476e-01   1.87598510e+00
 2.38000000e+00  -8.33333333e-03   1.00000000e+00   1.22928569e-01   1.47583442e-03   8.53742466e-01   1.87446171e+00
 2.39000000e+00  -8.33333333e-03   1.00000000e+00   1.20875010e-01   1.45291845e-03   8.70091674e-01   1.87480250e+00
 2.40000000e+00  -8.33333333e-03   1.00000000e+00   1.18760730e-01   1.42932470e-03   8.65425865e-01   1.87281194e+00
 2.41000000e+00  -8.33333333e-03   1.00000000e+00   1.16589595e-01   1.40510193e-03   8.81650315e-01   1.87265325e+00
 2.42000000e+00  -8.33333333e-03   1.00000000e+00   1.14365451e-01   1.38028429e-03   8.77142034e-01   1.87015988e+00
 2.43000000e+00  -8.33333333e-03   1.00000000e+00   1.12092318e-01   1.35492043e-03   8.93174057e-01   1.86946356e+00
 2.44000000e+00  -8.33333333e-03   1.00000000e+00   1.09774190e-01   1.32904996e-03   8.88751280e-01   1.86644115e+00
 2.45000000e+00  -8.33333333e-03   1.00000000e+00   1.07415221e-01   1.30272569e-03   9.04513049e-01   1.86518725e+00
 2.46000000e+00  -8.33333333e-03   1.00000000e+00   1.05019530e-01   1.27598768e-03   9.00116912e-01   1.86162057e+00
 2.47000000e+00  -8.33333333e-03   1.00000000e+00   1.02591402e-01   1.24877539e-03   9.15539505e-01   1.85981640e+00
 2.48000000e+00  -8.33333333e-03   1.00000000e+00   1.00135016e-01   1.22128107e-03   9.11116673e-01   1.85567982e+00
 2.49000000e+00  -8.33333333e-03   1.00000000e+00   9.76547354e-02   1.19354987e-03   9.26136562e-01   1.85329409e+00
 2.50000000e+00  -8.33333333e-03   1.00000000e+00   9.51548436e-02   1.16566288e-03   9.21654510e-01   1.84864761e+00
 2.51000000e+00  -8.33333333e-03   1.00000000e+00   9.26397709e-02   1.13753305e-03   9.36221622e-01   1.84572366e+00
 2.52000000e+00  -8.33333333e-03   1.00000000e+00   9.01138063e-02   1.10933408e-03   9.31621554e-01   1.84055250e+00
 2.53000000e+00  -8.33333333e-03   1.00000000e+00   8.75813932e-02   1.08107929e-03   9.45705262e-01   1.83709166e+00
 2.54000000e+00  -8.33333333e-03   1.00000000e+00   8.50468485e-02   1.05284784e-03   9.40972502e-01   1.83146198e+00
 2.55000000e+00  -8.33333333e-03   1.00000000e+00   8.25146387e-02   1.02451136e-03   9.54532631e-01   1.82753854e+00
 2.56000000e+00  -8.33333333e-03   1.00000000e+00   7.99890285e-02   9.96280030e-04   9.49633064e-01   1.82146255e+00
 2.57000000e+00  -8.33333333e-03   1.00000000e+00   7.74744126e-02   9.68173129e-04   9.62657690e-01   1.81707954e+00
 2.58000000e+00  -8.33333333e-03   1.00000000e+00   7.49750264e-02   9.40295986e-04   9.57589243e-01   1.81065908e+00
 2.59000000e+00  -8.33333333e-03   1.00000000e+00   7.24952128e-02   9.12511609e-04   9.70062477e-01   1.80592121e+00
 2.60000000e+00  -8.33333333e-03   1.00000000e+00   7.00390904e-02   8.85041386e-04   9.64804986e-01   1.79917733e+00
 2.61000000e+00  -8.33333333e-03   1.00000000e+00   6.76108669e-02   8.57904635e-04   9.76709654e-01   1.79410550e+00
 2.62000000e+00  -8.33333333e-03   1.00000000e+00   6.52145717e-02   8.31205707e-04   9.71280663e-01   1.78715598e+00
 2.63000000e+00  -8.33333333e-03   1.00000000e+00   6.28542976e-02   8.04776914e-04   9.82621169e-01   1.78186836e+00
 2.64000000e+00  -8.33333333e-03   1.00000000e+00   6.05338988e-02   7.78838560e-04   9.77013723e-01   1.77474663e+00
 2.65000000e+00  -8.33333333e-03   1.00000000e+00   5.82572784e-02   7.53400823e-04   9.87798441e-01   1.76926606e+00
 2.66000000e+00  -8.33333333e-03   1.00000000e+00   5.60281469e-02   7.28572002e-04   9.82040336e-01   1.76209965e+00
 2.67000000e+00  -8.33333333e-03   1.00000000e+00   5.38502377e-02   7.04170705e-04   9.92266576e-01   1.75655875e+00
 2.68000000e+00  -8.33333333e-03   1.00000000e+00   5.17270401e-02   6.80419214e-04   9.86354841e-01   1.74938353e+00
 2.69000000e+00  -8.33333333e-03   1.00000000e+00   4.96620542e-02   6.57326241e-04   9.96047181e-01   1.74381313e+00
 2.70000000e+00  -8.33333333e-03   1.00000000e+00   4.76585798e-02   6.35002463e-04   9.90006265e-01   1.73675516e+00
 2.71000000e+00  -8.33333333e-03   1.00000000e+00   4.57199022e-02   6.13263370e-04   9.99188631e-01   1.73128464e+00
 2.72000000e+00  -8.33333333e-03   1.00000000e+00   4.38490641e-02   5.92318071e-04   9.93019974e-01   1.72438414e+00
 2.73000000e+00  -8.33333333e-03   1.00000000e+00   4.20490829e-02   5.72171179e-04   1.00170489e+00   1.71904184e+00
 2.74000000e+00  -8.33333333e-03   1.00000000e+00   4.03227785e-02   5.52887814e-04   9.95448802e-01   1.71242910e+00
 2.75000000e+00  -8.33333333e-03   1.00000000e+00   3.86729016e-02   5.34348186e-04   1.00366529e+00   1.70733499e+00
 2.76000000e+00  -8.33333333e-03   1.00000000e+00   3.71019813e-02   5.16742635e-04   9.97328608e-01   1.70102643e+00
 2.77000000e+00  -8.33333333e-03   1.00000000e+00   3.56124839e-02   5.00062781e-04   1.00508510e+00   1.69622248e+00
 2.78000000e+00  -8.33333333e-03   1.00000000e+00   3.42066718e-02   4.84360534e-04   9.98692222e-01   1.69034284e+00
 2.79000000e+00  -8.33333333e-03   1.00000000e+00   3.28867063e-02   4.69608918e-04   1.00602232e+00   1.68590951e+00
 2.80000000e+00  -8.33333333e-03   1.00000000e+00   3.16545471e-02   4.55840772e-04   9.99598280e-01   1.68049294e+00
 2.81000000e+00  -8.33333333e-03   1.00000000e+00   3.05120439e-02   4.43042147e-04   1.00651624e+00   1.67649103e+00
 2.82000000e+00  -8.33333333e-03   1.00000000e+00   2.94608394e-02   4.31249989e-04   1.00006936e+00   1.67160041e+00
 2.83000000e+00  -8.33333333e-03   1.00000000e+00   2.85024601e-02   4.20465243e-04   1.00660004e+00   1.66807845e+00
 2.84000000e+00  -8.33333333e-03   1.00000000e+00   2.76382208e-02   4.10724676e-04   1.00014629e+00   1.66375924e+00
 2.85000000e+00  -8.33333333e-03   1.00000000e+00   2.68693151e-02   4.02035533e-04   1.00631417e+00   1.66076782e+00
 2.86000000e+00  -8.33333333e-03   1.00000000e+00   2.61967225e-02   3.94430636e-04   9.99873186e-01   1.65706172e+00
 2.87000000e+00  -8.33333333e-03   1.00000000e+00   2.56212969e-02   3.87910027e-04   1.00569879e+00   1.65463320e+00
 2.88000000e+00  -8.33333333e-03   1.00000000e+00   2.51436767e-02   3.82495431e-04   9.99283359e-01   1.65157169e+00
 2.89000000e+00  -8.33333333e-03   1.00000000e+00   2.47643724e-02   3.78179389e-04   1.00477749e+00   1.64973981e+00
 2.90000000e+00  -8.33333333e-03   1.00000000e+00   2.44836783e-02   3.74973737e-04   9.98397023e-01   1.64734773e+00
 2.91000000e+00  -8.33333333e-03   1.00000000e+00   2.43017599e-02   3.72859402e-04   1.00357419e+00   1.64612316e+00
 2.92000000e+00  -8.33333333e-03   1.00000000e+00   2.42185678e-02   3.71846535e-04   9.97233006e-01   1.64440675e+00
 2.93000000e+00  -8.33333333e-03   1.00000000e+00   2.42341300e-02   3.71925797e-04   1.00272028e+00   1.64237922e+00
 2.94000000e+00  -8.33333333e-03   1.00000000e+00   2.43482102e-02   3.73085639e-04   9.99721660e-01   1.63626824e+00
 2.95000000e+00  -8.33333333e-03   1.00000000e+00   2.45573909e-02   3.75251185e-04   9.95519902e-01   1.66895386e+00
 2.96000000e+00  -8.33333333e-03   1.00000000e+00   2.48654790e-02   3.78442852e-04   9.90415915e-01   1.61525475e+00
 2.97000000e+00  -8.33333333e-03   1.00000000e+00   2.52691991e-02   3.82798476e-04   1.00525855e+00   1.65285592e+00
 2.98000000e+00  -8.33333333e-03   1.00000000e+00   2.57679357e-02   3.88471773e-04   9.88088652e-01   1.64188653e+00
 2.99000000e+00  -8.33333333e-03   1.00000000e+00   2.63604760e-02   3.95241836e-04   9.99280705e-01   1.64514616e+00
 3.00000000e+00  -8.33333333e-03   1.00000000e+00   2.70454541e-02   4.02848234e-04   9.87834204e-01   1.64491295e+00
 3.01000000e+00  -8.33333333e-03   1.00000000e+00   2.78213375e-02   4.11330882e-04   9.95978559e-01   1.64793436e+00
 3.02000000e+00  -8.33333333e-03   1.00000000e+00   2.86865381e-02   4.20728483e-04   9.86178660e-01   1.64834139e+00
 3.03000000e+00  -8.33333333e-03   1.00000000e+00   2.96392594e-02   4.31107895e-04   9.92831507e-01   1.65168997e+00
 3.04000000e+00  -8.33333333e-03   1.00000000e+00   3.06776178e-02   4.42496838e-04   9.84072539e-01   1.65288385e+00
 3.05000000e+00  -8.33333333e-03   1.00000000e+00   3.17995346e-02   4.54876940e-04   9.89646106e-01   1.65654849e+00
 3.06000000e+00  -8.33333333e-03   1.00000000e+00   3.30028295e-02   4.68136638e-04   9.81630353e-01   1.65845875e+00
 3.07000000e+00  -8.33333333e-03   1.00000000e+00   3.42851495e-02   4.82353315e-04   9.86324367e-01   1.66242179e+00
 3.08000000e+00  -8.33333333e-03   1.00000000e+00   3.56440416e-02   4.97505595e-04   9.78849235e-01   1.66492883e+00
 3.09000000e+00  -8.33333333e-03   1.00000000e+00   3.70768850e-02   5.13491282e-04   9.82833153e-01   1.66921438e+00
 3.10000000e+00  -8.33333333e-03   1.00000000e+00   3.85810118e-02   5.30276201e-04   9.75776916e-01   1.67224999e+00
 3.11000000e+00  -8.33333333e-03   1.00000000e+00   4.01535434e-02   5.47769760e-04   9.79130774e-01   1.67680202e+00
 3.12000000e+00  -8.33333333e-03   1.00000000e+00   4.17916008e-02   5.66016228e-04   9.72398902e-01   1.68027936e+00
 3.13000000e+00  -8.33333333e-03   1.00000000e+00   4.34920896e-02   5.84892375e-04   9.75201096e-01   1.68506619e+00
 3.14000000e+00  -8.33333333e-03   1.00000000e+00   4.52519228e-02   6.04474164e-04   9.68701791e-01   1.68891245e+00
 3.15000000e+00  -8.33333333e-03   1.00000000e+00   4.70678246e-02   6.24623844e-04   9.71011630e-01   1.69388947e+00
 3.16000000e+00  -8.33333333e-03   1.00000000e+00   4.89365268e-02   6.45436533e-04   9.64700232e-01   1.69803082e+00
 3.17000000e+00  -8.33333333e-03   1.00000000e+00   5.08545817e-02   6.66743277e-04   9.66545819e-01   1.70314687e+00
 3.18000000e+00  -8.33333333e-03   1.00000000e+00   5.28185656e-02   6.88639409e-04   9.60368566e-01   1.70751952e+00
 3.19000000e+00  -8.33333333e-03   1.00000000e+00   5.48248907e-02   7.10952079e-04   9.61789910e-01   1.71272192e+00
 3.20000000e+00  -8.33333333e-03   1.00000000e+00   5.68700113e-02   7.33796543e-04   9.55702137e-01   1.71724014e+00
 3.21000000e+00  -8.33333333e-03   1.00000000e+00   5.89502204e-02   7.56962598e-04   9.56734637e-01   1.72248521e+00
 3.22000000e+00  -8.33333333e-03   1.00000000e+00   6.10618754e-02   7.80570864e-04   9.50696227e-01   1.72709693e+00
 3.23000000e+00  -8.33333333e-03   1.00000000e+00   6.32011822e-02   8.04398955e-04   9.51355826e-01   1.73231803e+00
 3.24000000e+00  -8.33333333e-03   1.00000000e+00   6.53644327e-02   8.28599841e-04   9.45341731e-01   1.73695582e+00
 3.25000000e+00  -8.33333333e-03   1.00000000e+00   6.75478050e-02   8.53052059e-04   9.45652085e-01   1.74210083e+00
 3.26000000e+00  -8.33333333e-03   1.00000000e+00   6.97475375e-02   8.77874538e-04   9.39654369e-01   1.74671376e+00
 3.27000000e+00  -8.33333333e-03   1.00000000e+00   7.19597532e-02   9.02773672e-04   9.39634921e-01   1.75176805e+00
 3.28000000e+00  -8.33333333e-03   1.00000000e+00   7.41806402e-02   9.27725756e-04   9.33636614e-01   1.75630732e+00
 3.29000000e+00  -8.33333333e-03   1.00000000e+00   7.64062822e-02   9.52401114e-04   9.33301635e-01   1.76120917e+00
 3.30000000e+00  -8.33333333e-03   1.00000000e+00   7.86329340e-02   9.77118716e-04   9.27277781e-01   1.76557725e+00
 3.31000000e+00  -8.33333333e-03   1.00000000e+00   8.08567412e-02   1.00181623e-03   9.26669672e-01   1.77024871e+00
 3.32000000e+00  -8.33333333e-03   1.00000000e+00   8.30739648e-02   1.02672944e-03   9.20635928e-01   1.77446451e+00
 3.33000000e+00  -8.33333333e-03   1.00000000e+00   8.52807784e-02   1.05153862e-03   9.19789754e-01   1.77894598e+00
 3.34000000e+00  -8.33333333e-03   1.00000000e+00   8.74734644e-02   1.07624232e-03   9.13749336e-01   1.78297948e+00
 3.35000000e+00  -8.33333333e-03   1.00000000e+00   8.96482744e-02   1.10064192e-03   9.12673184e-01   1.78718682e+00
 3.36000000e+00  -8.33333333e-03   1.00000000e+00   9.18016403e-02   1.12502542e-03   9.06626691e-01   1.79095613e+00
 3.37000000e+00  -8.33333333e-03   1.00000000e+00   9.39298607e-02   1.14901887e-03   9.05369696e-01   1.79491777e+00
 3.38000000e+00  -8.33333333e-03   1.00000000e+00   9.60293379e-02   1.17239599e-03   8.99351366e-01   1.79849658e+00
 3.39000000e+00  -8.33333333e-03   1.00000000e+00   9.80966496e-02   1.19543103e-03   8.97926465e-01   1.80209626e+00
 3.40000000e+00  -8.33333333e-03   1.00000000e+00   1.00128315e-01   1.21804594e-03   8.91933514e-01   1.80538424e+00
 3.41000000e+00  -8.33333333e-03   1.00000000e+00   1.02121005e-01   1.24032620e-03   8.90441130e-01   1.80873373e+00
 3.42000000e+00  -8.33333333e-03   1.00000000e+00   1.04071363e-01   1.26202417e-03   8.84519158e-01   1.81176486e+00
 3.43000000e+00  -8.33333333e-03   1.00000000e+00   1.05976239e-01   1.28325326e-03   8.82960262e-01   1.81482256e+00
 3.44000000e+00  -8.33333333e-03   1.00000000e+00   1.07832480e-01   1.30391914e-03   8.77125752e-01   1.81756478e+00
 3.45000000e+00  -8.33333333e-03   1.00000000e+00   1.09637112e-01   1.32410584e-03   8.75570746e-01   1.82035003e+00
 3.46000000e+00  -8.33333333e-03   1.00000000e+00   1.11387161e-01   1.34372395e-03   8.69888090e-01   1.82283452e+00
 3.47000000e+00  -8.33333333e-03   1.00000000e+00   1.13079875e-01   1.36278301e-03   8.68382709e-01   1.82536362e+00
 3.48000000e+00  -8.33333333e-03   1.00000000e+00   1.14712478e-01   1.38116129e-03   8.62867954e-01   1.82760603e+00
 3.49000000e+00  -8.33333333e-03   1.00000000e+00   1.16282448e-01   1.39886711e-03   8.61455847e-01   1.82988777e+00
 3.50000000e+00  -8.33333333e-03   1.00000000e+00   1.17787237e-01   1.41578514e-03   8.56178300e-01   1.83190200e+00
 3.51000000e+00  -8.33333333e-03   1.00000000e+00   1.19224559e-01   1.43195196e-03   8.54914439e-01   1.83395675e+00
 3.52000000e+00  -8.33333333e-03   1.00000000e+00   1.20592114e-01   1.44727932e-03   8.49894747e-01   1.83576298e+00
 3.53000000e+00  -8.33333333e-03   1.00000000e+00   1.21887864e-01   1.46182572e-03   8.48844741e-01   1.83761759e+00
 3.54000000e+00  -8.33333333e-03   1.00000000e+00   1.23109771e-01   1.47551659e-03   8.44146939e-01   1.83923956e+00
 3.55000000e+00  -8.33333333e-03   1.00000000e+00   1.24256057e-01   1.48841447e-03   8.43354488e-01   1.84091809e+00
 3.56000000e+00  -8.33333333e-03   1.00000000e+00   1.25324962e-01   1.50043801e-03   8.39017287e-01   1.84238758e+00
 3.57000000e+00  -8.33333333e-03   1.00000000e+00   1.26314968e-01   1.51164031e-03   8.38526916e-01   1.84391826e+00
 3.58000000e+00  -8.33333333e-03   1.00000000e+00   1.27224582e-01   1.52198391e-03   8.34603046e-01   1.84524889e+00
 3.59000000e+00  -8.33333333e-03   1.00000000e+00   1.28052594e-01   1.53145244e-03   8.34467413e-01   1.84666824e+00
 3.60000000e+00  -8.33333333e-03   1.00000000e+00   1.28797777e-01   1.53996446e-03   8.30974572e-01   1.84789409e+00
 3.61000000e+00  -8.33333333e-03   1.00000000e+00   1.29459226e-01   1.54753552e-03   8.31225160e-01   1.84920672e+00
 3.62000000e+00  -8.33333333e-03   1.00000000e+00   1.30035998e-01   1.55408814e-03   8.28201832e-01   1.85034279e+00
 3.63000000e+00  -8.33333333e-03   1.00000000e+00   1.30527429e-01   1.55961286e-03   8.28874491e-01   1.85157095e+00
 3.64000000e+00  -8.33333333e-03   1.00000000e+00   1.30932932e-01   1.56412960e-03   8.26344638e-01   1.85262010e+00
 3.65000000e+00  -8.33333333e-03   1.00000000e+00   1.31252119e-01   1.56766755e-03   8.27471405e-01   1.85376778e+00
 3.66000000e+00  -8.33333333e-03   1.00000000e+00   1.31484722e-01   1.57026304e-03   8.25451973e-01   1.85475339e+00
 3.67000000e+00  -8.33333333e-03   1.00000000e+00   1.31630651e-01   1.57191650e-03   8.27037191e-01   1.85584186e+00
 3.68000000e+00  -8.33333333e-03   1.00000000e+00   1.31689928e-01   1.57260629e-03   8.25549014e-01   1.85676696e+00
 3.69000000e+00  -8.33333333e-03   1.00000000e+00   1.31662555e-01   1.57230805e-03   8.26714095e-01   1.85958715e+00
 3.70000000e+00  -8.33333333e-03   1.00000000e+00   1.31548620e-01   1.57106109e-03   8.23285837e-01   1.86026259e+00
 3.71000000e+00  -8.33333333e-03   1.00000000e+00   1.31351439e-01   1.56900327e-03   8.32578782e-01   1.84156930e+00
 3.72000000e+00  -8.33333333e-03   1.00000000e+00   1.31067324e-01   1.56609625e-03   8.34427289e-01   1.88394857e+00
 3.73000000e+00  -8.33333333e-03   1.00000000e+00   1.30699446e-01   1.56224902e-03   8.23270237e-01   1.84950074e+00
 3.74000000e+00  -8.33333333e-03   1.00000000e+00   1.30248227e-01   1.55734960e-03   8.36736009e-01   1.86613531e+00
 3.75000000e+00  -8.33333333e-03   1.00000000e+00   1.29714819e-01   1.55140738e-03   8.31825267e-01   1.86020640e+00
 3.76000000e+00  -8.33333333e-03   1.00000000e+00   1.29100341e-01   1.54444380e-03   8.38218752e-01   1.86537698e+00
 3.77000000e+00  -8.33333333e-03   1.00000000e+00   1.28406210e-01   1.53651717e-03   8.37317665e-01   1.86215404e+00
 3.78000000e+00  -8.33333333e-03   1.00000000e+00   1.27633778e-01   1.52773390e-03   8.42205625e-01   1.86585627e+00
 3.79000000e+00  -8.33333333e-03   1.00000000e+00   1.26784694e-01   1.51814707e-03   8.43070741e-01   1.86351228e+00
 3.80000000e+00  -8.33333333e-03   1.00000000e+00   1.25860579e-01   1.50779874e-03   8.47287478e-01   1.86625042e+00
 3.81000000e+00  -8.33333333e-03   1.00000000e+00   1.24863329e-01   1.49670440e-03   8.49350097e-01   1.86438599e+00
 3.82000000e+00  -8.33333333e-03   1.00000000e+00   1.23794828e-01   1.48486626e-03   8.53210376e-01   1.86638244e+00
 3.83000000e+00  -8.33333333e-03   1.00000000e+00   1.22657207e-01   1.47228062e-03   8.56167211e-01   1.86477132e+00
 3.84000000e+00  -8.33333333e-03   1.00000000e+00   1.21452599e-01   1.45886398e-03   8.59807665e-01   1.86615749e+00
 3.85000000e+00  -8.33333333e-03   1.00000000e+00   1.20183340e-01   1.44472770e-03   8.63440749e-01   1.86462223e+00
 3.86000000e+00  -8.33333333e-03   1.00000000e+00   1.18851784e-01   1.42989935e-03   8.66951253e-01   1.86544006e+00
 3.87000000e+00  -8.33333333e-03   1.00000000e+00   1.17460477e-01   1.41433012e-03   8.71114020e-01   1.86391813e+00
 3.88000000e+00  -8.33333333e-03   1.00000000e+00   1.16011951e-01   1.39814927e-03   8.74520367e-01   1.86419220e+00
 3.89000000e+00  -8.33333333e-03   1.00000000e+00   1.14508937e-01   1.38131099e-03   8.79085491e-01   1.86257512e+00
 3.90000000e+00  -8.33333333e-03   1.00000000e+00   1.12954145e-01   1.36394999e-03   8.82403465e-01   1.86234817e+00
 3.91000000e+00  -8.33333333e-03   1.00000000e+00   1.11350469e-01   1.34600133e-03   8.87247154e-01   1.86057019e+00
 3.92000000e+00  -8.33333333e-03   1.00000000e+00   1.09700777e-01   1.32760417e-03   8.90480146e-01   1.85986139e+00
 3.93000000e+00  -8.33333333e-03   1.00000000e+00   1.08008106e-01   1.30867775e-03   8.95512857e-01   1.85787281e+00
 3.94000000e+00  -8.33333333e-03   1.00000000e+00   1.06275462e-01   1.28936728e-03   8.98637349e-01   1.85668897e+00
 3.95000000e+00  -8.33333333e-03   1.00000000e+00   1.04506001e-01   1.26958326e-03   9.03792162e-01   1.85445232e+00
 3.96000000e+00  -8.33333333e-03   1.00000000e+00   1.02702844e-01   1.24948179e-03   9.06789458e-01   1.85280419e+00
 3.97000000e+00  -8.33333333e-03   1.00000000e+00   1.00869241e-01   1.22897092e-03   9.11980167e-01   1.85029824e+00
 3.98000000e+00  -8.33333333e-03   1.00000000e+00   9.90084053e-02   1.20822008e-03   9.14825882e-01   1.84820171e+00
 3.99000000e+00  -8.33333333e-03   1.00000000e+00   9.71236604e-02   1.18712998e-03   9.19998838e-01   1.84540475e+00
 4.00000000e+00  -8.33333333e-03   1.00000000e+00   9.52182848e-02   1.16588039e-03   9.22683153e-01   1.84288133e+00
 4.01000000e+00  -8.33333333e-03   1.00000000e+00   9.32956542e-02   1.14436442e-03   9.27775450e-01   1.83978814e+00
 4.02000000e+00  -8.33333333e-03   1.00000000e+00   9.13590911e-02   1.12276715e-03   9.30267224e-01   1.83686046e+00
 4.03000000e+00  -8.33333333e-03   1.00000000e+00   8.94119991e-02   1.10097725e-03   9.35240612e-01   1.83348091e+00
 4.04000000e+00  -8.33333333e-03   1.00000000e+00   8.74577224e-02   1.07918450e-03   9.37519893e-01   1.83017526e+00
 4.05000000e+00  -8.33333333e-03   1.00000000e+00   8.54996699e-02   1.05727205e-03   9.42342885e-01   1.82652452e+00
 4.06000000e+00  -8.33333333e-03   1.00000000e+00   8.35411845e-02   1.03543391e-03   9.44402075e-01   1.82287372e+00
 4.07000000e+00  -8.33333333e-03   1.00000000e+00   8.15856573e-02   1.01354773e-03   9.49025010e-01   1.81896959e+00
 4.08000000e+00  -8.33333333e-03   1.00000000e+00   7.96364073e-02   9.91811657e-04   9.50849809e-01   1.81501629e+00
 4.09000000e+00  -8.33333333e-03   1.00000000e+00   7.76967844e-02   9.70206722e-04   9.55258022e-01   1.81087375e+00
 4.10000000e+00  -8.33333333e-03   1.00000000e+00   7.57700735e-02   9.48923678e-04   9.56841749e-01   1.80666544e+00
 4.11000000e+00  -8.33333333e-03   1.00000000e+00   7.38595565e-02   9.27760127e-04   9.61023040e-01   1.80236263e+00
 4.12000000e+00  -8.33333333e-03   1.00000000e+00   7.19684408e-02   9.06744153e-04   9.62356498e-01   1.79795979e+00
 4.13000000e+00  -8.33333333e-03   1.00000000e+00   7.00999396e-02   8.85743034e-04   9.66285236e-01   1.79349745e+00
 4.14000000e+00  -8.33333333e-03   1.00000000e+00   6.82571405e-02   8.64994504e-04   9.67360408e-01   1.78891068e+00
 4.15000000e+00  -8.33333333e-03   1.00000000e+00   6.64431433e-02   8.44435239e-04   9.71034401e-01   1.78433997e+00
 4.16000000e+00  -8.33333333e-03   1.00000000e+00   6.46609503e-02   8.24351854e-04   9.71874695e-01   1.77964423e+00
 4.17000000e+00  -8.33333333e-03   1.00000000e+00   6.29135357e-02   8.04760451e-04   9.75290907e-01   1.77501182e+00
 4.18000000e+00  -8.33333333e-03   1.00000000e+00   6.12037847e-02   7.85849017e-04   9.75889277e-01   1.77028411e+00
 4.19000000e+00  -8.33333333e-03   1.00000000e+00   5.95345155e-02   7.67401372e-04   9.79051014e-01   1.76568269e+00
 4.20000000e+00  -8.33333333e-03   1.00000000e+00   5.79084497e-02   7.49405425e-04   9.79416304e-01   1.76098774e+00
 4.21000000e+00  -8.33333333e-03   1.00000000e+00   5.63282470e-02   7.31661579e-04   9.82309268e-01   1.75643014e+00
 4.22000000e+00  -8.33333333e-03   1.00000000e+00   5.47964485e-02   7.14422225e-04   9.82444646e-01   1.75176734e+00
 4.23000000e+00  -8.33333333e-03   1.00000000e+00   5.33155374e-02   6.97725730e-04   9.85089268e-01   1.74728746e+00
 4.24000000e+00  -8.33333333e-03   1.00000000e+00   5.18878896e-02   6.81806219e-04   9.85011490e-01   1.74275662e+00
 4.25000000e+00  -8.33333333e-03   1.00000000e+00   5.05157780e-02   6.66508296e-04   9.87418800e-01   1.73846386e+00
 4.26000000e+00  -8.33333333e-03   1.00000000e+00   4.92013635e-02   6.51847479e-04   9.87140342e-01   1.73412849e+00
 4.27000000e+00  -8.33333333e-03   1.00000000e+00   4.79467065e-02   6.37647262e-04   9.89306647e-01   1.73003914e+00
 4.28000000e+00  -8.33333333e-03   1.00000000e+00   4.67537578e-02   6.24161221e-04   9.88824095e-01   1.72590041e+00
 4.29000000e+00  -8.33333333e-03   1.00000000e+00   4.56243686e-02   6.11430776e-04   9.90760562e-01   1.72204267e+00
 4.30000000e+00  -8.33333333e-03   1.00000000e+00   4.45602676e-02   5.99617817e-04   9.90124974e-01   1.71819759e+00
 4.31000000e+00  -8.33333333e-03   1.00000000e+00   4.35630582e-02   5.88551672e-04   9.91849737e-01   1.71466004e+00
 4.32000000e+00  -8.33333333e-03   1.00000000e+00   4.26342186e-02   5.78222449e-04   9.91040538e-01   1.71115297e+00
 4.33000000e+00  -8.33333333e-03   1.00000000e+00   4.17751038e-02   5.68480278e-04   9.92562448e-01   1.70794755e+00
 4.34000000e+00  -8.33333333e-03   1.00000000e+00   4.09869578e-02   5.59524240e-04   9.91591246e-01   1.70477100e+00
 4.35000000e+00  -8.33333333e-03   1.00000000e+00   4.02709000e-02   5.51395552e-04   9.92922512e-01   1.70191499e+00
 4.36000000e+00  -8.33333333e-03   1.00000000e+00   3.96279203e-02   5.44240986e-04   9.91820954e-01   1.69913458e+00
 4.37000000e+00  -8.33333333e-03   1.00000000e+00   3.90588693e-02   5.37901397e-04   9.92962617e-01   1.69670958e+00
 4.38000000e+00  -8.33333333e-03   1.00000000e+00   3.85644660e-02   5.32365238e-04   9.91737058e-01   1.69436803e+00
 4.39000000e+00  -8.33333333e-03   1.00000000e+00   3.81453051e-02   5.27569210e-04   9.92700267e-01   1.69234913e+00
 4.40000000e+00  -8.33333333e-03   1.00000000e+00   3.78018517e-02   5.23616837e-04   9.91345095e-01   1.69043252e+00
 4.41000000e+00  -8.33333333e-03   1.00000000e+00   3.75344438e-02   5.20523688e-04   9.92149774e-01   1.68884792e+00
 4.42000000e+00  -8.33333333e-03   1.00000000e+00   3.73432757e-02   5.18306894e-04   9.90691118e-01   1.68739914e+00
 4.43000000e+00  -8.33333333e-03   1.00000000e+00   3.72284227e-02   5.16965270e-04   9.91335587e-01   1.68627029e+00
 4.44000000e+00  -8.33333333e-03   1.00000000e+00   3.71899927e-02   5.16493807e-04   9.88266011e-01   1.68874533e+00
 4.45000000e+00  -8.33333333e-03   1.00000000e+00   3.72284447e-02   5.16732952e-04   9.91570482e-01   1.67477914e+00
 4.46000000e+00  -8.33333333e-03   1.00000000e+00   3.73435085e-02   5.17873300e-04   9.94764990e-01   1.68344535e+00
 4.47000000e+00  -8.33333333e-03   1.00000000e+00   3.75310445e-02   5.19925242e-04   9.82383760e-01   1.70985970e+00
 4.48000000e+00  -8.33333333e-03   1.00000000e+00   3.77953548e-02   5.22906291e-04   9.83559026e-01   1.65595054e+00
 4.49000000e+00  -8.33333333e-03   1.00000000e+00   3.81333108e-02   5.26930588e-04   9.94037128e-01   1.69407027e+00
 4.50000000e+00  -8.33333333e-03   1.00000000e+00   3.85445113e-02   5.31477871e-04   9.81653390e-01   1.68298379e+00
 4.51000000e+00  -8.33333333e-03   1.00000000e+00   3.90280208e-02   5.36674073e-04   9.88272244e-01   1.68579612e+00
 4.52000000e+00  -8.33333333e-03   1.00000000e+00   3.95827689e-02   5.42618521e-04   9.81612637e-01   1.68537604e+00
 4.53000000e+00  -8.33333333e-03   1.00000000e+00   4.02074945e-02   5.49376351e-04   9.85413144e-01   1.68774601e+00
 4.54000000e+00  -8.33333333e-03   1.00000000e+00   4.09008932e-02   5.56960080e-04   9.80167744e-01   1.68789607e+00
 4.55000000e+00  -8.33333333e-03   1.00000000e+00   4.16614769e-02   5.65361208e-04   9.82730196e-01   1.69042277e+00
 4.56000000e+00  -8.33333333e-03   1.00000000e+00   4.24877192e-02   5.74549935e-04   9.78281224e-01   1.69120314e+00
 4.57000000e+00  -8.33333333e-03   1.00000000e+00   4.33779367e-02   5.84519869e-04   9.79983891e-01   1.69390082e+00
 4.58000000e+00  -8.33333333e-03   1.00000000e+00   4.43303882e-02   5.95166335e-04   9.76061707e-01   1.69523300e+00
 4.59000000e+00  -8.33333333e-03   1.00000000e+00   4.53431978e-02   6.06469421e-04   9.77112640e-01   1.69812328e+00
 4.60000000e+00  -8.33333333e-03   1.00000000e+00   4.64144300e-02   6.18381083e-04   9.73555649e-01   1.69991870e+00
 4.61000000e+00  -8.33333333e-03   1.00000000e+00   4.75420337e-02   6.30944673e-04   9.74082281e-01   1.70298896e+00
 4.62000000e+00  -8.33333333e-03   1.00000000e+00   4.87238758e-02   6.44072994e-04   9.70767869e-01   1.70519223e+00
 4.63000000e+00  -8.33333333e-03   1.00000000e+00   4.99577386e-02   6.57811037e-04   9.70869513e-01   1.70845130e+00
 4.64000000e+00  -8.33333333e-03   1.00000000e+00   5.12413205e-02   6.72069806e-04   9.67729874e-01   1.71099180e+00
 4.65000000e+00  -8.33333333e-03   1.00000000e+00   5.25722557e-02   6.86897070e-04   9.67462229e-01   1.71441233e+00
 4.66000000e+00  -8.33333333e-03   1.00000000e+00   5.39480949e-02   7.02196341e-04   9.64447256e-01   1.71724314e+00
 4.67000000e+00  -8.33333333e-03   1.00000000e+00   5.53663410e-02   7.18014705e-04   9.63843981e-01   1.72080151e+00
 4.68000000e+00  -8.33333333e-03   1.00000000e+00   5.68244137e-02   7.34246946e-04   9.60909456e-01   1.72386548e+00
 4.69000000e+00  -8.33333333e-03   1.00000000e+00   5.83196990e-02   7.50940028e-04   9.60020015e-01   1.72753849e+00
 4.70000000e+00  -8.33333333e-03   1.00000000e+00   5.98495005e-02   7.67982942e-04   9.57120451e-01   1.73078578e+00
 4.71000000e+00  -8.33333333e-03   1.00000000e+00   6.14111012e-02   7.85424991e-04   9.55984922e-01   1.73453218e+00
 4.72000000e+00  -8.33333333e-03   1.00000000e+00   6.30017045e-02   8.03151852e-04   9.53092537e-01   1.73791269e+00
 4.73000000e+00  -8.33333333e-03   1.00000000e+00   6.46185068e-02   8.21216325e-04   9.51726027e-01   1.74170011e+00
 4.74000000e+00  -8.33333333e-03   1.00000000e+00   6.62586297e-02   8.39501598e-04   9.48837804e-01   1.74517591e+00
 4.75000000e+00  -8.33333333e-03   1.00000000e+00   6.79192011e-02   8.58063259e-04   9.47251032e-01   1.74897346e+00
 4.76000000e+00  -8.33333333e-03   1.00000000e+00   6.95972816e-02   8.76780686e-04   9.44338328e-01   1.75249134e+00
 4.77000000e+00  -8.33333333e-03   1.00000000e+00   7.12899510e-02   8.95711860e-04   9.42572514e-01   1.75626236e+00
 4.78000000e+00  -8.33333333e-03   1.00000000e+00   7.29942300e-02   9.14732405e-04   9.39636721e-01   1.75978625e+00
 4.79000000e+00  -8.33333333e-03   1.00000000e+00   7.47071712e-02   9.33901874e-04   9.37699331e-01   1.76350470e+00
 4.80000000e+00  -8.33333333e-03   1.00000000e+00   7.64257774e-02   9.53092392e-04   9.34728692e-01   1.76699518e+00
 4.81000000e+00  -8.33333333e-03   1.00000000e+00   7.81470958e-02   9.72365419e-04   9.32645046e-01   1.77062786e+00
 4.82000000e+00  -8.33333333e-03   1.00000000e+00   7.98681336e-02   9.91590384e-04   9.29636611e-01   1.77405721e+00
 4.83000000e+00  -8.33333333e-03   1.00000000e+00   8.15859543e-02   1.01083172e-03   9.27426147e-01   1.77757205e+00
 4.84000000e+00  -8.33333333e-03   1.00000000e+00   8.32975918e-02   1.02995717e-03   9.24397487e-01   1.78091173e+00
 4.85000000e+00  -8.33333333e-03   1.00000000e+00   8.50001477e-02   1.04903366e-03   9.22080618e-01   1.78429205e+00
 4.86000000e+00  -8.33333333e-03   1.00000000e+00   8.66907043e-02   1.06792780e-03   9.19030425e-01   1.78751163e+00
 4.87000000e+00  -8.33333333e-03   1.00000000e+00   8.83664220e-02   1.08670982e-03   9.16630224e-01   1.79074076e+00
 4.88000000e+00  -8.33333333e-03   1.00000000e+00   9.00244522e-02   1.10524491e-03   9.13576886e-01   1.79382028e+00
 4.89000000e+00  -8.33333333e-03   1.00000000e+00   9.16620334e-02   1.12360532e-03   9.11117140e-01   1.79687914e+00
 4.90000000e+00  -8.33333333e-03   1.00000000e+00   9.32764054e-02   1.14165679e-03   9.08072228e-01   1.79980763e+00
 4.91000000e+00  -8.33333333e-03   1.00000000e+00   9.48648932e-02   1.15941576e-03   9.05586203e-01   1.80269709e+00
 4.92000000e+00  -8.33333333e-03   1.00000000e+00   9.64248529e-02   1.17683019e-03   9.02578869e-01   1.80545146e+00
 4.93000000e+00  -8.33333333e-03   1.00000000e+00   9.79537319e-02   1.19398556e-03   9.00082842e-01   1.80814476e+00
 4.94000000e+00  -8.33333333e-03   1.00000000e+00   9.94489974e-02   1.21073873e-03   8.97130903e-01   1.81074137e+00
 4.95000000e+00  -8.33333333e-03   1.00000000e+00   1.00908217e-01   1.22709795e-03   8.94671051e-01   1.81325584e+00
 4.96000000e+00  -8.33333333e-03   1.00000000e+00   1.02329004e-01   1.24299869e-03   8.91796158e-01   1.81566673e+00
 4.97000000e+00  -8.33333333e-03   1.00000000e+00   1.03709078e-01   1.25852073e-03   8.89397950e-01   1.81798906e+00
 4.98000000e+00  -8.33333333e-03   1.00000000e+00   1.05046194e-01   1.27352184e-03   8.86629013e-01   1.82024027e+00
 4.99000000e+00  -8.33333333e-03   1.00000000e+00   1.06338221e-01   1.28801569e-03   8.84331123e-01   1.82238709e+00
 5.00000000e+00  -8.33333333e-03   1.00000000e+00   1.07583086e-01   1.30194565e-03   8.81693174e-01   1.82445473e+00