  Time  Coordinate0  Coordinate1  Displacement0  Displacement1  Force0  Force1
 1.00000000e-02   0.00000000e+00   1.00000000e+00   2.18340322e-03  -2.83026512e-04   3.62562047e+01  -2.95441422e+02
 2.00000000e-02   0.00000000e+00   1.00000000e+00   1.62173506e-03   1.64186978e-04   1.69192146e+01   1.31568868e+02
 3.00000000e-02   0.00000000e+00   1.00000000e+00   2.69792671e-03   2.77767796e-05   8.51833196e+00   2.23684817e+01
 4.00000000e-02   0.00000000e+00   1.00000000e+00   4.22922493e-03   6.17503893e-05   1.25432370e+01   1.52952657e+01
 5.00000000e-02   0.00000000e+00   1.00000000e+00   5.82149139e-03   1.06468020e-04   9.31128195e+00   1.70799919e+01
 6.00000000e-02   0.00000000e+00   1.00000000e+00   7.43869910e-03   1.83630566e-04   1.05479735e+01   1.62831147e+01
 7.00000000e-02   0.00000000e+00   1.00000000e+00   9.48799136e-03   2.11808480e-04   8.54968446e+00   1.54342986e+01
 8.00000000e-02   0.00000000e+00   1.00000000e+00   1.15091804e-02   2.71862388e-04   9.67545234e+00   1.53474763e+01
 9.00000000e-02   0.00000000e+00   1.00000000e+00   1.39152075e-02   2.39301449e-04   8.19658924e+00   1.45820445e+01
 1.00000000e-01   0.00000000e+00   1.00000000e+00   1.66548313e-02   2.55800233e-04   9.04807322e+00   1.46530687e+01
 1.10000000e-01   0.00000000e+00   1.00000000e+00   1.94392098e-02   1.58644792e-04   8.02617801e+00   1.39819960e+01
 1.20000000e-01   0.00000000e+00   1.00000000e+00   2.29906153e-02   1.51047994e-04   8.62960905e+00   1.40635057e+01
 1.30000000e-01   0.00000000e+00   1.00000000e+00   2.62608468e-02   3.01508011e-05   7.92420658e+00   1.35760585e+01
 1.40000000e-01   0.00000000e+00   1.00000000e+00   3.03148777e-02   4.03615633e-05   8.44184974e+00   1.35961325e+01
 1.50000000e-01   0.00000000e+00   1.00000000e+00   3.41148732e-02  -5.31263432e-05   7.82426575e+00   1.32898011e+01
 1.60000000e-01   0.00000000e+00   1.00000000e+00   3.81706675e-02   4.18938008e-06   8.45172708e+00   1.32773870e+01
 1.70000000e-01   0.00000000e+00   1.00000000e+00   4.23252918e-02  -3.35103526e-05   7.73613432e+00   1.30614365e+01
 1.80000000e-01   0.00000000e+00   1.00000000e+00   4.60561569e-02   6.36794395e-05   8.52758644e+00   1.30954561e+01
 1.90000000e-01   0.00000000e+00   1.00000000e+00   5.02194288e-02   7.28454459e-05   7.71045590e+00   1.28584799e+01
 2.00000000e-01   0.00000000e+00   1.00000000e+00   5.36467948e-02   1.66839856e-04   8.52651081e+00   1.29868336e+01
 2.10000000e-01   0.00000000e+00   1.00000000e+00   5.75516998e-02   1.86460587e-04   7.76505344e+00   1.26757572e+01
 2.20000000e-01   0.00000000e+00   1.00000000e+00   6.09136129e-02   2.24078332e-04   8.40649950e+00   1.28776548e+01
 2.30000000e-01   0.00000000e+00   1.00000000e+00   6.45595252e-02   2.19971769e-04   7.85960411e+00   1.25129099e+01
 2.40000000e-01   0.00000000e+00   1.00000000e+00   6.80634064e-02   1.74740242e-04   8.23704688e+00   1.27276024e+01
 2.50000000e-01   0.00000000e+00   1.00000000e+00   7.16227526e-02   1.46737910e-04   7.94462035e+00   1.23655007e+01
 2.60000000e-01   0.00000000e+00   1.00000000e+00   7.53192980e-02   4.30397755e-05   8.10516893e+00   1.25384519e+01
 2.70000000e-01   0.00000000e+00   1.00000000e+00   7.88761731e-02   3.09738495e-05   8.01634821e+00   1.22310140e+01
 2.80000000e-01   0.00000000e+00   1.00000000e+00   8.26951728e-02  -7.20643007e-05   8.03047326e+00   1.23399789e+01
 2.90000000e-01   0.00000000e+00   1.00000000e+00   8.61480149e-02  -2.28502228e-05   8.09434530e+00   1.21122880e+01
 3.00000000e-01   0.00000000e+00   1.00000000e+00   8.99807630e-02  -7.96538277e-05   7.98502433e+00   1.21645536e+01
 3.10000000e-01   0.00000000e+00   1.00000000e+00   9.32334255e-02   3.64387066e-05   8.15640383e+00   1.20075967e+01
 3.20000000e-01   0.00000000e+00   1.00000000e+00   9.69837884e-02   2.07940315e-05   7.95685439e+00   1.20308333e+01
 3.30000000e-01   0.00000000e+00   1.00000000e+00   1.00179624e-01   1.58448377e-04   8.13782474e+00   1.18973394e+01
 3.40000000e-01   0.00000000e+00   1.00000000e+00   1.03802889e-01   1.38619352e-04   7.96952460e+00   1.19414906e+01
 3.50000000e-01   0.00000000e+00   1.00000000e+00   1.07280284e-01   2.37334207e-04   8.00807788e+00   1.17623521e+01
 3.60000000e-01   0.00000000e+00   1.00000000e+00   1.10838114e-01   1.74227657e-04   8.03091406e+00   1.18773256e+01
 3.70000000e-01   0.00000000e+00   1.00000000e+00   1.14825709e-01   2.06915289e-04   7.83421652e+00   1.16142810e+01
 3.80000000e-01   0.00000000e+00   1.00000000e+00   1.18495049e-01   1.03655367e-04   8.09406232e+00   1.17991349e+01
 3.90000000e-01   0.00000000e+00   1.00000000e+00   1.22883211e-01   9.30999025e-05   7.74114344e+00   1.14974979e+01
 4.00000000e-01   0.00000000e+00   1.00000000e+00   1.26839646e-01  -1.05590569e-05   8.10004567e+00   1.16776895e+01
 4.10000000e-01   0.00000000e+00   1.00000000e+00   1.31272053e-01  -1.47510590e-05   7.79776530e+00   1.14508562e+01
 4.20000000e-01   0.00000000e+00   1.00000000e+00   1.35501154e-01  -7.54834777e-05   8.04785444e+00   1.15245761e+01
 4.30000000e-01   0.00000000e+00   1.00000000e+00   1.39656703e-01  -3.84338991e-05   7.95490887e+00   1.14660264e+01
 4.40000000e-01   0.00000000e+00   1.00000000e+00   1.43883738e-01  -4.05019203e-05   8.00118328e+00   1.13931178e+01
 4.50000000e-01   0.00000000e+00   1.00000000e+00   1.47641964e-01   3.33401396e-05   8.09715542e+00   1.14820068e+01
 4.60000000e-01   0.00000000e+00   1.00000000e+00   1.51500345e-01   6.96542027e-05   8.01277316e+00   1.13370644e+01
 4.70000000e-01   0.00000000e+00   1.00000000e+00   1.54879864e-01   1.39763200e-04   8.15375142e+00   1.14394443e+01
 4.80000000e-01   0.00000000e+00   1.00000000e+00   1.58188721e-01   1.72014976e-04   8.05945957e+00   1.13568039e+01
 4.90000000e-01   0.00000000e+00   1.00000000e+00   1.61222943e-01   1.90920825e-04   8.14658921e+00   1.13336289e+01
 5.00000000e-01   0.00000000e+00   1.00000000e+00   1.64088423e-01   1.87951896e-04   8.07931087e+00   1.14004773e+01
 5.10000000e-01   0.00000000e+00   1.00000000e+00   1.66794231e-01   1.35585173e-04   8.13934221e+00   1.12089665e+01
 5.20000000e-01   0.00000000e+00   1.00000000e+00   1.69422028e-01   1.04780910e-04   8.05954842e+00   1.14184904e+01
 5.30000000e-01   0.00000000e+00   1.00000000e+00   1.71822542e-01   8.42582513e-06   8.15952128e+00   1.11114091e+01
 5.40000000e-01   0.00000000e+00   1.00000000e+00   1.74247223e-01  -5.99707889e-06   8.05628478e+00   1.14069176e+01
 5.50000000e-01   0.00000000e+00   1.00000000e+00   1.76345827e-01  -9.18219493e-05   8.18353102e+00   1.10597761e+01
 5.60000000e-01   0.00000000e+00   1.00000000e+00   1.78388897e-01  -4.68617020e-05   8.11789354e+00   1.13919885e+01
 5.70000000e-01   0.00000000e+00   1.00000000e+00   1.80120273e-01  -8.41997118e-05   8.18325151e+00   1.10532205e+01
 5.80000000e-01   0.00000000e+00   1.00000000e+00   1.81625369e-01   2.22182563e-05   8.20888295e+00   1.13818043e+01
 5.90000000e-01   0.00000000e+00   1.00000000e+00   1.82910366e-01   2.46347656e-05   8.16477817e+00   1.10902756e+01
 6.00000000e-01   0.00000000e+00   1.00000000e+00   1.83973525e-01   1.42435075e-04   8.24386930e+00   1.13583414e+01
 6.10000000e-01   0.00000000e+00   1.00000000e+00   1.84874568e-01   1.41720075e-04   8.14752251e+00   1.11559196e+01
 6.20000000e-01   0.00000000e+00   1.00000000e+00   1.85791177e-01   2.09067909e-04   8.19654168e+00   1.13146182e+01
 6.30000000e-01   0.00000000e+00   1.00000000e+00   1.86573238e-01   1.73273167e-04   8.13022602e+00   1.12110319e+01
 6.40000000e-01   0.00000000e+00   1.00000000e+00   1.87570283e-01   1.62119354e-04   8.13503551e+00   1.12801239e+01
 6.50000000e-01   0.00000000e+00   1.00000000e+00   1.88529788e-01   1.02002231e-04   8.10118606e+00   1.12145544e+01
 6.60000000e-01   0.00000000e+00   1.00000000e+00   1.89589945e-01   3.59216948e-05   8.13927287e+00   1.12851364e+01
 6.70000000e-01   0.00000000e+00   1.00000000e+00   1.90779350e-01  -2.88605303e-06   8.07819271e+00   1.11729246e+01
 6.80000000e-01   0.00000000e+00   1.00000000e+00   1.91731160e-01  -7.37849247e-05   8.20384166e+00   1.13223798e+01
 6.90000000e-01   0.00000000e+00   1.00000000e+00   1.92868865e-01  -4.85711624e-05   8.11050791e+00   1.11436228e+01
 7.00000000e-01   0.00000000e+00   1.00000000e+00   1.93586549e-01  -8.92465784e-05   8.24610041e+00   1.13490370e+01
 7.10000000e-01   0.00000000e+00   1.00000000e+00   1.94270515e-01   6.25577901e-06   8.22693776e+00   1.11831677e+01
 7.20000000e-01   0.00000000e+00   1.00000000e+00   1.94732890e-01  -7.28794979e-06   8.21065780e+00   1.13346503e+01
 7.30000000e-01   0.00000000e+00   1.00000000e+00   1.94758164e-01   1.22391278e-04   8.38198199e+00   1.12859382e+01
 7.40000000e-01   0.00000000e+00   1.00000000e+00   1.94944908e-01   1.02237211e-04   8.13897560e+00   1.12988730e+01
 7.50000000e-01   0.00000000e+00   1.00000000e+00   1.94418418e-01   2.12088471e-04   8.48434942e+00   1.13840504e+01
 7.60000000e-01   0.00000000e+00   1.00000000e+00   1.94234241e-01   1.50510350e-04   8.11906645e+00   1.12923345e+01
 7.70000000e-01   0.00000000e+00   1.00000000e+00   1.93398962e-01   2.05301222e-04   8.48187878e+00   1.14116174e+01
 7.80000000e-01   0.00000000e+00   1.00000000e+00   1.92736731e-01   9.72208776e-05   8.18599756e+00   1.13392975e+01
 7.90000000e-01   0.00000000e+00   1.00000000e+00   1.91708774e-01   1.04892367e-04   8.41610084e+00   1.13692304e+01
 8.00000000e-01   0.00000000e+00   1.00000000e+00   1.90539027e-01  -1.59623268e-05   8.29308021e+00   1.14181008e+01
 8.10000000e-01   0.00000000e+00   1.00000000e+00   1.89216094e-01  -1.11481981e-05   8.37474636e+00   1.13180324e+01
 8.20000000e-01   0.00000000e+00   1.00000000e+00   1.87564210e-01  -9.50160031e-05   8.37668723e+00   1.14921500e+01
 8.30000000e-01   0.00000000e+00   1.00000000e+00   1.85759873e-01  -4.86644943e-05   8.39708368e+00   1.13162794e+01
 8.40000000e-01   0.00000000e+00   1.00000000e+00   1.83626307e-01  -6.93892199e-05   8.41837487e+00   1.15494731e+01
 8.50000000e-01   0.00000000e+00   1.00000000e+00   1.81266078e-01   2.40959178e-05   8.44123336e+00   1.13688350e+01
 8.60000000e-01   0.00000000e+00   1.00000000e+00   1.78654009e-01   4.55978036e-05   8.43272111e+00   1.15978420e+01
 8.70000000e-01   0.00000000e+00   1.00000000e+00   1.75852441e-01   1.45544567e-04   8.44715196e+00   1.14431307e+01
 8.80000000e-01   0.00000000e+00   1.00000000e+00   1.72900032e-01   1.58158318e-04   8.42110994e+00   1.16333080e+01
 8.90000000e-01   0.00000000e+00   1.00000000e+00   1.69881485e-01   2.10919929e-04   8.41132611e+00   1.15132491e+01
 9.00000000e-01   0.00000000e+00   1.00000000e+00   1.66899672e-01   1.78014463e-04   8.36626891e+00   1.16397701e+01
 9.10000000e-01   0.00000000e+00   1.00000000e+00   1.63869799e-01   1.62450442e-04   8.38431369e+00   1.15690387e+01
 9.20000000e-01   0.00000000e+00   1.00000000e+00   1.61148482e-01   9.53361498e-05   8.28208986e+00   1.16283970e+01
 9.30000000e-01   0.00000000e+00   1.00000000e+00   1.58222257e-01   3.82958294e-05   8.39547450e+00   1.15981013e+01
 9.40000000e-01   0.00000000e+00   1.00000000e+00   1.55771827e-01  -1.22670635e-05   8.23170900e+00   1.16441627e+01
 9.50000000e-01   0.00000000e+00   1.00000000e+00   1.52966931e-01  -6.20363431e-05   8.41834461e+00   1.15901677e+01
 9.60000000e-01   0.00000000e+00   1.00000000e+00   1.50498296e-01  -4.93637247e-05   8.26983422e+00   1.17242721e+01
 9.70000000e-01   0.00000000e+00   1.00000000e+00   1.47748212e-01  -6.26668034e-05   8.40842536e+00   1.15501028e+01
 9.80000000e-01   0.00000000e+00   1.00000000e+00   1.44952746e-01   1.80099272e-05   8.37454198e+00   1.18539592e+01
 9.90000000e-01   0.00000000e+00   1.00000000e+00   1.42129127e-01   2.93076679e-05   8.36709134e+00   1.15073865e+01
 1.00000000e+00   0.00000000e+00   1.00000000e+00   1.38972332e-01   1.38439686e-04   8.45127558e+00   1.19666009e+01
 1.01000000e+00   0.00000000e+00   1.00000000e+00   1.35943679e-01   1.36654315e-04   8.34578396e+00   1.15040267e+01
 1.02000000e+00   0.00000000e+00   1.00000000e+00   1.32660983e-01   2.18958077e-04   8.43027204e+00   1.19991876e+01
 1.03000000e+00   0.00000000e+00   1.00000000e+00   1.29372867e-01   1.75435526e-04   8.37427574e+00   1.15569154e+01
 1.04000000e+00   0.00000000e+00   1.00000000e+00   1.26186864e-01   1.97376616e-04   8.34413474e+00   1.19470596e+01
 1.05000000e+00   0.00000000e+00   1.00000000e+00   1.22683066e-01   1.18402187e-04   8.42560434e+00   1.16404977e+01
 1.06000000e+00   0.00000000e+00   1.00000000e+00   1.19555767e-01   8.77127467e-05   8.28679211e+00   1.18588628e+01
 1.07000000e+00   0.00000000e+00   1.00000000e+00   1.15896556e-01   1.50559307e-05   8.45270266e+00   1.17122167e+01
 1.08000000e+00   0.00000000e+00   1.00000000e+00   1.12565349e-01  -2.90584103e-05   8.31481339e+00   1.17941545e+01
 1.09000000e+00   0.00000000e+00   1.00000000e+00   1.08726483e-01  -4.47254190e-05   8.44193694e+00   1.17460230e+01
 1.10000000e+00   0.00000000e+00   1.00000000e+00   1.04953986e-01  -6.43716787e-05   8.39301344e+00   1.17790680e+01
 1.11000000e+00   0.00000000e+00   1.00000000e+00   1.00847073e-01  -6.85771386e-07   8.41449316e+00   1.17478621e+01
 1.12000000e+00   0.00000000e+00   1.00000000e+00   9.66244160e-02   7.76862537e-06   8.43829759e+00   1.17971150e+01
 1.13000000e+00   0.00000000e+00   1.00000000e+00   9.22501900e-02   1.24127809e-04   8.38740250e+00   1.17341701e+01
 1.14000000e+00   0.00000000e+00   1.00000000e+00   8.77913653e-02   1.25043563e-04   8.40668827e+00   1.18206779e+01
 1.15000000e+00   0.00000000e+00   1.00000000e+00   8.33512568e-02   2.34888152e-04   8.34426969e+00   1.17093277e+01
 1.16000000e+00   0.00000000e+00   1.00000000e+00   7.89491722e-02   1.85398935e-04   8.32533775e+00   1.18262226e+01
 1.17000000e+00   0.00000000e+00   1.00000000e+00   7.47464251e-02   2.43215942e-04   8.27344038e+00   1.16772826e+01
 1.18000000e+00   0.00000000e+00   1.00000000e+00   7.06453463e-02   1.34974911e-04   8.24022162e+00   1.17955969e+01
 1.19000000e+00   0.00000000e+00   1.00000000e+00   6.68468959e-02   1.45591696e-04   8.20626266e+00   1.16537516e+01
 1.20000000e+00   0.00000000e+00   1.00000000e+00   6.31910887e-02   1.76900106e-05   8.16462828e+00   1.17267821e+01
 1.21000000e+00   0.00000000e+00   1.00000000e+00   5.97081603e-02   2.71336443e-05   8.19323610e+00   1.16553065e+01
 1.22000000e+00   0.00000000e+00   1.00000000e+00   5.65260504e-02  -6.47698272e-05   8.08711946e+00   1.16445374e+01
 1.23000000e+00   0.00000000e+00   1.00000000e+00   5.31556258e-02  -1.34827953e-05   8.23787431e+00   1.16794645e+01
 1.24000000e+00   0.00000000e+00   1.00000000e+00   5.03525556e-02  -4.23597515e-05   8.01308081e+00   1.15835388e+01
 1.25000000e+00   0.00000000e+00   1.00000000e+00   4.70281337e-02   5.39091367e-05   8.27542372e+00   1.17013550e+01
 1.26000000e+00   0.00000000e+00   1.00000000e+00   4.44249610e-02   6.52298755e-05   7.97632996e+00   1.15637387e+01
 1.27000000e+00   0.00000000e+00   1.00000000e+00   4.12993264e-02   1.68869849e-04   8.23367887e+00   1.16901418e+01
 1.28000000e+00   0.00000000e+00   1.00000000e+00   3.87453709e-02   1.73302361e-04   7.99677548e+00   1.15771632e+01
 1.29000000e+00   0.00000000e+00   1.00000000e+00   3.60240511e-02   2.38072767e-04   8.11279011e+00   1.16343405e+01
 1.30000000e+00   0.00000000e+00   1.00000000e+00   3.35057915e-02   2.01423936e-04   8.04430938e+00   1.15999499e+01
 1.31000000e+00   0.00000000e+00   1.00000000e+00   3.12302462e-02   2.07561036e-04   7.98912608e+00   1.15468605e+01
 1.32000000e+00   0.00000000e+00   1.00000000e+00   2.88510157e-02   1.33466542e-04   8.06629707e+00   1.16084633e+01
 1.33000000e+00   0.00000000e+00   1.00000000e+00   2.68485457e-02   9.86670413e-05   7.94022876e+00   1.14596107e+01
 1.34000000e+00   0.00000000e+00   1.00000000e+00   2.46770626e-02   2.66971453e-05   8.04536499e+00   1.15899866e+01
 1.35000000e+00   0.00000000e+00   1.00000000e+00   2.26912378e-02  -8.56674121e-06   7.97495820e+00   1.14006844e+01
 1.36000000e+00   0.00000000e+00   1.00000000e+00   2.06395221e-02  -3.01658202e-05   8.01217878e+00   1.15483951e+01
 1.37000000e+00   0.00000000e+00   1.00000000e+00   1.84882290e-02  -3.35224618e-05   8.03811763e+00   1.13748685e+01
 1.38000000e+00   0.00000000e+00   1.00000000e+00   1.63853378e-02   1.76186281e-05   7.99403053e+00   1.14966177e+01
 1.39000000e+00   0.00000000e+00   1.00000000e+00   1.40375482e-02   4.33442002e-05   8.07169775e+00   1.13633148e+01
 1.40000000e+00   0.00000000e+00   1.00000000e+00   1.18469995e-02   1.42525030e-04   7.97124564e+00   1.14450132e+01
 1.41000000e+00   0.00000000e+00   1.00000000e+00   9.42962313e-03   1.57214033e-04   8.05766264e+00   1.13403918e+01
 1.42000000e+00   0.00000000e+00   1.00000000e+00   7.36160690e-03   2.48836212e-04   7.90421672e+00   1.13992166e+01
 1.43000000e+00   0.00000000e+00   1.00000000e+00   5.12757612e-03   2.08603342e-04   8.01130504e+00   1.12861822e+01
 1.44000000e+00   0.00000000e+00   1.00000000e+00   3.48936229e-03   2.49458705e-04   7.79715994e+00   1.13662809e+01
 1.45000000e+00   0.00000000e+00   1.00000000e+00   1.72603520e-03   1.49775428e-04   7.94664665e+00   1.11968984e+01
 1.46000000e+00   0.00000000e+00   1.00000000e+00   6.49966189e-04   1.44124581e-04   7.71488007e+00   1.13464372e+01
 1.47000000e+00   0.00000000e+00   1.00000000e+00  -4.67859257e-04   3.12949943e-05   7.86684668e+00   1.10966755e+01
 1.48000000e+00   0.00000000e+00   1.00000000e+00  -1.10964881e-03   2.17822120e-05   7.71247475e+00   1.13313335e+01
 1.49000000e+00   0.00000000e+00   1.00000000e+00  -1.61947692e-03  -4.19371154e-05   7.78224908e+00   1.10212205e+01
 1.50000000e+00   0.00000000e+00   1.00000000e+00  -2.01635985e-03  -1.86097982e-05   7.76497652e+00   1.13124177e+01
 1.51000000e+00   0.00000000e+00   1.00000000e+00  -2.10576452e-03  -4.68282628e-06   7.71661731e+00   1.09906383e+01
 1.52000000e+00   0.00000000e+00   1.00000000e+00  -2.26171792e-03   4.63862134e-05   7.78776617e+00   1.12828932e+01
 1.53000000e+00   0.00000000e+00   1.00000000e+00  -2.08394138e-03   1.14086888e-04   7.68564484e+00   1.10011459e+01
 1.54000000e+00   0.00000000e+00   1.00000000e+00  -1.80796697e-03   1.51913368e-04   7.73171474e+00   1.12371862e+01
 1.55000000e+00   0.00000000e+00   1.00000000e+00  -1.35121405e-03   2.22224667e-04   7.67877208e+00   1.10346531e+01
 1.56000000e+00   0.00000000e+00   1.00000000e+00  -4.87152155e-04   2.06236948e-04   7.63552039e+00   1.11741382e+01
 1.57000000e+00   0.00000000e+00   1.00000000e+00   3.67990248e-04   2.41480333e-04   7.66877062e+00   1.10690675e+01
 1.58000000e+00   0.00000000e+00   1.00000000e+00   1.75152947e-03   1.63984980e-04   7.57857897e+00   1.11023060e+01
 1.59000000e+00   0.00000000e+00   1.00000000e+00   3.04994531e-03   1.63542566e-04   7.64858530e+00   1.10849556e+01
 1.60000000e+00   0.00000000e+00   1.00000000e+00   4.70753880e-03   5.53919454e-05   7.59221476e+00   1.10423155e+01
 1.61000000e+00   0.00000000e+00   1.00000000e+00   6.30512540e-03   5.09661137e-05   7.64272268e+00   1.10738971e+01
 1.62000000e+00   0.00000000e+00   1.00000000e+00   8.00496677e-03  -3.87114007e-05   7.63847155e+00   1.10117135e+01
 1.63000000e+00   0.00000000e+00   1.00000000e+00   9.64139161e-03  -8.72577333e-06   7.67584362e+00   1.10451545e+01
 1.64000000e+00   0.00000000e+00   1.00000000e+00   1.12762387e-02  -4.48588726e-05   7.66637863e+00   1.10101042e+01
 1.65000000e+00   0.00000000e+00   1.00000000e+00   1.27674215e-02   3.36070865e-05   7.73224542e+00   1.10157616e+01
 1.66000000e+00   0.00000000e+00   1.00000000e+00   1.43295888e-02   4.59073390e-05   7.66594348e+00   1.10200393e+01
 1.67000000e+00   0.00000000e+00   1.00000000e+00   1.57021672e-02   1.46909370e-04   7.76155197e+00   1.09955250e+01
 1.68000000e+00   0.00000000e+00   1.00000000e+00   1.72452091e-02   1.63416072e-04   7.65679834e+00   1.10185105e+01
 1.69000000e+00   0.00000000e+00   1.00000000e+00   1.87003971e-02   2.37209971e-04   7.72877524e+00   1.09844640e+01
 1.70000000e+00   0.00000000e+00   1.00000000e+00   2.03563355e-02   2.09321908e-04   7.64775356e+00   1.09882229e+01
 1.71000000e+00   0.00000000e+00   1.00000000e+00   2.21058716e-02   2.23689355e-04   7.65694828e+00   1.09774255e+01
 1.72000000e+00   0.00000000e+00   1.00000000e+00   2.40661980e-02   1.42245400e-04   7.62773092e+00   1.09335108e+01
 1.73000000e+00   0.00000000e+00   1.00000000e+00   2.61920243e-02   1.12773655e-04   7.60618191e+00   1.09691778e+01
 1.74000000e+00   0.00000000e+00   1.00000000e+00   2.85795460e-02   1.95621216e-05   7.59557248e+00   1.08806332e+01
 1.75000000e+00   0.00000000e+00   1.00000000e+00   3.10290058e-02  -4.04748635e-06   7.60673079e+00   1.09593823e+01
 1.76000000e+00   0.00000000e+00   1.00000000e+00   3.37767321e-02  -5.15094950e-05   7.57847259e+00   1.08578346e+01
 1.77000000e+00   0.00000000e+00   1.00000000e+00   3.64719223e-02  -3.23654583e-05   7.62775822e+00   1.09507451e+01
 1.78000000e+00   0.00000000e+00   1.00000000e+00   3.93872616e-02  -9.34801245e-06   7.59736273e+00   1.08763191e+01
 1.79000000e+00   0.00000000e+00   1.00000000e+00   4.23257889e-02   4.20580898e-05   7.61931804e+00   1.09390682e+01
 1.80000000e+00   0.00000000e+00   1.00000000e+00   4.53146099e-02   1.10784197e-04   7.63047504e+00   1.09243094e+01
 1.81000000e+00   0.00000000e+00   1.00000000e+00   4.85626230e-02   1.46893388e-04   7.57601087e+00   1.09188923e+01
 1.82000000e+00   0.00000000e+00   1.00000000e+00   5.17606294e-02   2.13150308e-04   7.63185836e+00   1.09745822e+01
 1.83000000e+00   0.00000000e+00   1.00000000e+00   5.53583737e-02   1.90471436e-04   7.54490460e+00   1.08958949e+01
 1.84000000e+00   0.00000000e+00   1.00000000e+00   5.89876876e-02   2.22535947e-04   7.58874219e+00   1.10003956e+01
 1.85000000e+00   0.00000000e+00   1.00000000e+00   6.28680672e-02   1.35632091e-04   7.57157804e+00   1.08860466e+01
 1.86000000e+00   0.00000000e+00   1.00000000e+00   6.69540034e-02   1.38592725e-04   7.54537459e+00   1.09943722e+01
 1.87000000e+00   0.00000000e+00   1.00000000e+00   7.09459115e-02   2.25399147e-05   7.65015429e+00   1.08984708e+01
 1.88000000e+00   0.00000000e+00   1.00000000e+00   7.52039283e-02   2.81500328e-05   7.56201163e+00   1.09748265e+01
 1.89000000e+00   0.00000000e+00   1.00000000e+00   7.91032009e-02  -6.45252073e-05   7.73259209e+00   1.09249999e+01
 1.90000000e+00   0.00000000e+00   1.00000000e+00   8.31293211e-02  -2.48846563e-05   7.65041468e+00   1.09681521e+01
 1.91000000e+00   0.00000000e+00   1.00000000e+00   8.67806414e-02  -5.73921126e-05   7.77698324e+00   1.09480146e+01
 1.92000000e+00   0.00000000e+00   1.00000000e+00   9.03507065e-02   1.97466599e-05   7.75987428e+00   1.09820769e+01
 1.93000000e+00   0.00000000e+00   1.00000000e+00   9.37057321e-02   4.38266608e-05   7.78241809e+00   1.09614908e+01
 1.94000000e+00   0.00000000e+00   1.00000000e+00   9.68894330e-02   1.24772373e-04   7.82785901e+00   1.10041732e+01
 1.95000000e+00   0.00000000e+00   1.00000000e+00   1.00025467e-01   1.64232909e-04   7.77019890e+00   1.09690960e+01
 1.96000000e+00   0.00000000e+00   1.00000000e+00   1.03038570e-01   1.99096382e-04   7.84257829e+00   1.10182968e+01
 1.97000000e+00   0.00000000e+00   1.00000000e+00   1.06112627e-01   2.07559462e-04   7.75136540e+00   1.09716213e+01
 1.98000000e+00   0.00000000e+00   1.00000000e+00   1.09101253e-01   1.71321559e-04   7.84404663e+00   1.10157009e+01
 1.99000000e+00   0.00000000e+00   1.00000000e+00   1.12235391e-01   1.38692140e-04   7.73197995e+00   1.09701191e+01
 2.00000000e+00   0.00000000e+00   1.00000000e+00   1.15206236e-01   5.55330134e-05   7.86485489e+00   1.09980283e+01
 2.01000000e+00   0.00000000e+00   1.00000000e+00   1.18381534e-01   1.80876378e-05   7.73341903e+00   1.09724331e+01
 2.02000000e+00   0.00000000e+00   1.00000000e+00   1.21292548e-01  -5.34135369e-05   7.89152955e+00   1.09753575e+01
 2.03000000e+00   0.00000000e+00   1.00000000e+00   1.24365455e-01  -4.99269660e-05   7.77936092e+00   1.09968544e+01
 2.04000000e+00   0.00000000e+00   1.00000000e+00   1.27228778e-01  -6.58303568e-05   7.88419762e+00   1.09544972e+01
 2.05000000e+00   0.00000000e+00   1.00000000e+00   1.30088348e-01  -8.23331184e-06   7.86321810e+00   1.10484360e+01
 2.06000000e+00   0.00000000e+00   1.00000000e+00   1.32971777e-01   2.45892180e-05   7.83216956e+00   1.09450401e+01
 2.07000000e+00   0.00000000e+00   1.00000000e+00   1.35688794e-01   1.03536955e-04   7.93647987e+00   1.11022910e+01
 2.08000000e+00   0.00000000e+00   1.00000000e+00   1.38650064e-01   1.38169936e-04   7.77640709e+00   1.09562456e+01
 2.09000000e+00   0.00000000e+00   1.00000000e+00   1.41446543e-01   1.89675028e-04   7.95253267e+00   1.11221972e+01
 2.10000000e+00   0.00000000e+00   1.00000000e+00   1.44489960e-01   1.82579767e-04   7.76875312e+00   1.09871914e+01
 2.11000000e+00   0.00000000e+00   1.00000000e+00   1.47530549e-01   1.81896882e-04   7.91979769e+00   1.10991765e+01
 2.12000000e+00   0.00000000e+00   1.00000000e+00   1.50609100e-01   1.26110907e-04   7.82112253e+00   1.10214753e+01
 2.13000000e+00   0.00000000e+00   1.00000000e+00   1.53816762e-01   9.05681171e-05   7.89647302e+00   1.10647917e+01
 2.14000000e+00   0.00000000e+00   1.00000000e+00   1.56830244e-01   1.55650159e-05   7.90552891e+00   1.10395607e+01
 2.15000000e+00   0.00000000e+00   1.00000000e+00   1.59908957e-01  -1.38781483e-05   7.92988095e+00   1.10640456e+01
 2.16000000e+00   0.00000000e+00   1.00000000e+00   1.62688874e-01  -6.29967691e-05   7.98863089e+00   1.10314522e+01
 2.17000000e+00   0.00000000e+00   1.00000000e+00   1.65331889e-01  -5.19998189e-05   8.00603733e+00   1.11104754e+01
 2.18000000e+00   0.00000000e+00   1.00000000e+00   1.67671431e-01  -4.85182283e-05   8.06232234e+00   1.10141000e+01
 2.19000000e+00   0.00000000e+00   1.00000000e+00   1.69753504e-01   3.99515918e-06   8.06641616e+00   1.11716484e+01
 2.20000000e+00   0.00000000e+00   1.00000000e+00   1.71514618e-01   5.16249186e-05   8.13117946e+00   1.10163358e+01
 2.21000000e+00   0.00000000e+00   1.00000000e+00   1.73113904e-01   1.08984732e-04   8.07169634e+00   1.12048698e+01
 2.22000000e+00   0.00000000e+00   1.00000000e+00   1.74332599e-01   1.62517832e-04   8.18585897e+00   1.10512587e+01
 2.23000000e+00   0.00000000e+00   1.00000000e+00   1.75602007e-01   1.73966681e-04   8.04448135e+00   1.11949974e+01
 2.24000000e+00   0.00000000e+00   1.00000000e+00   1.76461164e-01   1.97023472e-04   8.20638297e+00   1.11068249e+01
 2.25000000e+00   0.00000000e+00   1.00000000e+00   1.77491556e-01   1.36699096e-04   8.03892721e+00   1.11562637e+01
 2.26000000e+00   0.00000000e+00   1.00000000e+00   1.78153206e-01   1.27701823e-04   8.19519920e+00   1.11639780e+01
 2.27000000e+00   0.00000000e+00   1.00000000e+00   1.78929351e-01   1.90063819e-05   8.08105739e+00   1.11163108e+01
 2.28000000e+00   0.00000000e+00   1.00000000e+00   1.79392376e-01   1.58378371e-05   8.18321097e+00   1.12155700e+01
 2.29000000e+00   0.00000000e+00   1.00000000e+00   1.79839571e-01  -8.41828742e-05   8.14814980e+00   1.10979261e+01
 2.30000000e+00   0.00000000e+00   1.00000000e+00   1.79989941e-01  -3.91501767e-05   8.19244400e+00   1.12635743e+01
 2.31000000e+00   0.00000000e+00   1.00000000e+00   1.80059066e-01  -8.70541129e-05   8.20079685e+00   1.11157746e+01
 2.32000000e+00   0.00000000e+00   1.00000000e+00   1.79870246e-01   1.08387611e-05   8.20269131e+00   1.12991773e+01
 2.33000000e+00   0.00000000e+00   1.00000000e+00   1.79608521e-01   1.13199019e-05   8.22276578e+00   1.11765080e+01
 2.34000000e+00   0.00000000e+00   1.00000000e+00   1.79257213e-01   1.20202452e-04   8.18012364e+00   1.13047273e+01
 2.35000000e+00   0.00000000e+00   1.00000000e+00   1.78825783e-01   1.28525257e-04   8.22284502e+00   1.12685856e+01
 2.36000000e+00   0.00000000e+00   1.00000000e+00   1.78563859e-01   1.93374284e-04   8.13269484e+00   1.12801153e+01
 2.37000000e+00   0.00000000e+00   1.00000000e+00   1.78170460e-01   1.72575408e-04   8.20967111e+00   1.13556408e+01
 2.38000000e+00   0.00000000e+00   1.00000000e+00   1.78069032e-01   1.68602701e-04   8.12130422e+00   1.12569225e+01
 2.39000000e+00   0.00000000e+00   1.00000000e+00   1.77836936e-01   1.16841062e-04   8.18086301e+00   1.13987190e+01
 2.40000000e+00   0.00000000e+00   1.00000000e+00   1.77682281e-01   6.54484955e-05   8.20162835e+00   1.12750240e+01
 2.41000000e+00   0.00000000e+00   1.00000000e+00   1.77546058e-01   1.40065718e-05   8.13746307e+00   1.13898182e+01
 2.42000000e+00   0.00000000e+00   1.00000000e+00   1.77009062e-01  -3.70011018e-05   8.35458470e+00   1.13429214e+01
 2.43000000e+00   0.00000000e+00   1.00000000e+00   1.76733158e-01  -5.11866213e-05   8.10417976e+00   1.13645956e+01
 2.44000000e+00   0.00000000e+00   1.00000000e+00   1.75637414e-01  -6.25987654e-05   8.49117830e+00   1.14244056e+01
 2.45000000e+00   0.00000000e+00   1.00000000e+00   1.74957750e-01  -2.59683334e-05   8.11883184e+00   1.13749769e+01
 2.46000000e+00   0.00000000e+00   1.00000000e+00   1.73378409e-01   6.92575716e-06   8.52920182e+00   1.14697711e+01
 2.47000000e+00   0.00000000e+00   1.00000000e+00   1.72153885e-01   7.28247484e-05   8.19650507e+00   1.14467635e+01
 2.48000000e+00   0.00000000e+00   1.00000000e+00   1.70286219e-01   1.18272952e-04   8.46249119e+00   1.14593203e+01
 2.49000000e+00   0.00000000e+00   1.00000000e+00   1.68539455e-01   1.69613937e-04   8.31059127e+00   1.15594183e+01
 2.50000000e+00   0.00000000e+00   1.00000000e+00   1.66512991e-01   1.83209986e-04   8.35303949e+00   1.14135667e+01
 2.51000000e+00   0.00000000e+00   1.00000000e+00   1.64349484e-01   1.85744139e-04   8.41623683e+00   1.16653648e+01
 2.52000000e+00   0.00000000e+00   1.00000000e+00   1.62166999e-01   1.46301533e-04   8.26673823e+00   1.13713338e+01
 2.53000000e+00   0.00000000e+00   1.00000000e+00   1.59668249e-01   1.05034383e-04   8.48929612e+00   1.17285241e+01
 2.54000000e+00   0.00000000e+00   1.00000000e+00   1.57260474e-01   3.46636824e-05   8.23161622e+00   1.13650103e+01
 2.55000000e+00   0.00000000e+00   1.00000000e+00   1.54453921e-01  -6.19577951e-06   8.52698363e+00   1.17442356e+01
 2.56000000e+00   0.00000000e+00   1.00000000e+00   1.51741438e-01  -5.86856738e-05   8.24581216e+00   1.14095532e+01
 2.57000000e+00   0.00000000e+00   1.00000000e+00   1.48661309e-01  -5.17280576e-05   8.52277628e+00   1.17279677e+01
 2.58000000e+00   0.00000000e+00   1.00000000e+00   1.45587655e-01  -5.31808423e-05   8.29928040e+00   1.14989718e+01
 2.59000000e+00   0.00000000e+00   1.00000000e+00   1.42354095e-01   9.45728340e-06   8.45756319e+00   1.16973104e+01
 2.60000000e+00   0.00000000e+00   1.00000000e+00   1.38945201e-01   4.75669651e-05   8.37266844e+00   1.16032312e+01
 2.61000000e+00   0.00000000e+00   1.00000000e+00   1.35766144e-01   1.25596161e-04   8.33017026e+00   1.16704875e+01
 2.62000000e+00   0.00000000e+00   1.00000000e+00   1.32204017e-01   1.59395896e-04   8.43158217e+00   1.16752357e+01
 2.63000000e+00   0.00000000e+00   1.00000000e+00   1.29271370e-01   1.97820005e-04   8.18815326e+00   1.16713605e+01
 2.64000000e+00   0.00000000e+00   1.00000000e+00   1.25859410e-01   1.93326753e-04   8.44041088e+00   1.16777595e+01
 2.65000000e+00   0.00000000e+00   1.00000000e+00   1.23214599e-01   1.66372710e-04   8.10855673e+00   1.17180863e+01
 2.66000000e+00   0.00000000e+00   1.00000000e+00   1.20183397e-01   1.30159086e-04   8.39628899e+00   1.16148191e+01
 2.67000000e+00   0.00000000e+00   1.00000000e+00   1.17675572e-01   5.76071300e-05   8.13420753e+00   1.18031915e+01
 2.68000000e+00   0.00000000e+00   1.00000000e+00   1.14983655e-01   3.00380389e-05   8.33527437e+00   1.15331060e+01
 2.69000000e+00   0.00000000e+00   1.00000000e+00   1.12379719e-01  -4.27535218e-05   8.23080088e+00   1.18891195e+01
 2.70000000e+00   0.00000000e+00   1.00000000e+00   1.09736792e-01  -2.16221303e-05   8.30037766e+00   1.14910660e+01
 2.71000000e+00   0.00000000e+00   1.00000000e+00   1.06897353e-01  -6.01252416e-05   8.31493172e+00   1.19267390e+01
 2.72000000e+00   0.00000000e+00   1.00000000e+00   1.04019253e-01   1.91243535e-05   8.30060352e+00   1.15209778e+01
 2.73000000e+00   0.00000000e+00   1.00000000e+00   1.00983734e-01   1.53401078e-05   8.33189454e+00   1.18905299e+01
 2.74000000e+00   0.00000000e+00   1.00000000e+00   9.78217260e-02   1.23541273e-04   8.30733249e+00   1.16106808e+01
 2.75000000e+00   0.00000000e+00   1.00000000e+00   9.47307228e-02   1.24513180e-04   8.29752032e+00   1.17975174e+01
 2.76000000e+00   0.00000000e+00   1.00000000e+00   9.14447608e-02   2.11588693e-04   8.29308798e+00   1.17187068e+01
 2.77000000e+00   0.00000000e+00   1.00000000e+00   8.83868429e-02   1.82523506e-04   8.26355386e+00   1.16888121e+01
 2.78000000e+00   0.00000000e+00   1.00000000e+00   8.51213675e-02   2.11931048e-04   8.26389604e+00   1.17978793e+01
 2.79000000e+00   0.00000000e+00   1.00000000e+00   8.20559193e-02   1.43170079e-04   8.25739305e+00   1.16050139e+01
 2.80000000e+00   0.00000000e+00   1.00000000e+00   7.87868966e-02   1.19524309e-04   8.24704674e+00   1.18167003e+01
 2.81000000e+00   0.00000000e+00   1.00000000e+00   7.55969705e-02   3.94406515e-05   8.26495850e+00   1.15687086e+01
 2.82000000e+00   0.00000000e+00   1.00000000e+00   7.22053266e-02   6.00165059e-06   8.25342053e+00   1.17729791e+01
 2.83000000e+00   0.00000000e+00   1.00000000e+00   6.88112864e-02  -3.85673547e-05   8.26000908e+00   1.15812797e+01
 2.84000000e+00   0.00000000e+00   1.00000000e+00   6.52638481e-02  -3.49653564e-05   8.26286601e+00   1.16877249e+01
 2.85000000e+00   0.00000000e+00   1.00000000e+00   6.17076180e-02  -1.89058441e-05   8.22870560e+00   1.16283476e+01
 2.86000000e+00   0.00000000e+00   1.00000000e+00   5.81349202e-02   3.22392561e-05   8.24726375e+00   1.15894412e+01
 2.87000000e+00   0.00000000e+00   1.00000000e+00   5.46000747e-02   8.67850264e-05   8.16870496e+00   1.16824863e+01
 2.88000000e+00   0.00000000e+00   1.00000000e+00   5.12093484e-02   1.51129217e-04   8.20382690e+00   1.15037449e+01
 2.89000000e+00   0.00000000e+00   1.00000000e+00   4.79734036e-02   1.91342596e-04   8.07695440e+00   1.17100779e+01
 2.90000000e+00   0.00000000e+00   1.00000000e+00   4.49176565e-02   2.21023191e-04   8.15872070e+00   1.14439190e+01
 2.91000000e+00   0.00000000e+00   1.00000000e+00   4.22298691e-02   2.08426545e-04   7.96298265e+00   1.16930752e+01
 2.92000000e+00   0.00000000e+00   1.00000000e+00   3.95584152e-02   1.85333873e-04   8.13356734e+00   1.14082414e+01
 2.93000000e+00   0.00000000e+00   1.00000000e+00   3.74866733e-02   1.27785417e-04   7.86653403e+00   1.16421301e+01
 2.94000000e+00   0.00000000e+00   1.00000000e+00   3.51783917e-02   7.68421539e-05   8.11860923e+00   1.13907184e+01
 2.95000000e+00   0.00000000e+00   1.00000000e+00   3.35460954e-02   2.03051591e-05   7.83802018e+00   1.15833568e+01
 2.96000000e+00   0.00000000e+00   1.00000000e+00   3.15595585e-02  -1.44566142e-05   8.08170204e+00   1.13865346e+01
 2.97000000e+00   0.00000000e+00   1.00000000e+00   3.00662262e-02  -2.46073496e-05   7.89227506e+00   1.15369725e+01
 2.98000000e+00   0.00000000e+00   1.00000000e+00   2.83617165e-02  -1.76194523e-05   8.00383801e+00   1.13885501e+01
 2.99000000e+00   0.00000000e+00   1.00000000e+00   2.68146746e-02   2.86249928e-05   7.98302892e+00   1.15046248e+01
 3.00000000e+00   0.00000000e+00   1.00000000e+00   2.53598763e-02   6.54635987e-05   7.90461725e+00   1.13890720e+01
 3.01000000e+00   0.00000000e+00   1.00000000e+00   2.38050075e-02   1.38778380e-04   8.03873096e+00   1.14734055e+01
 3.02000000e+00   0.00000000e+00   1.00000000e+00   2.25745952e-02   1.67768468e-04   7.82751229e+00   1.13845618e+01
 3.03000000e+00   0.00000000e+00   1.00000000e+00   2.12009184e-02   2.20804133e-04   8.02449560e+00   1.14309623e+01
 3.04000000e+00   0.00000000e+00   1.00000000e+00   2.01625309e-02   2.08718842e-04   7.80307887e+00   1.13737520e+01
 3.05000000e+00   0.00000000e+00   1.00000000e+00   1.90863307e-02   2.10114032e-04   7.96554961e+00   1.13759705e+01
 3.06000000e+00   0.00000000e+00   1.00000000e+00   1.81720089e-02   1.55158175e-04   7.82941174e+00   1.13558482e+01
 3.07000000e+00   0.00000000e+00   1.00000000e+00   1.73236660e-02   1.11037196e-04   7.90897293e+00   1.13192812e+01
 3.08000000e+00   0.00000000e+00   1.00000000e+00   1.64205268e-02   4.92122894e-05   7.88424953e+00   1.13259349e+01
 3.09000000e+00   0.00000000e+00   1.00000000e+00   1.56312575e-02  -1.59053553e-06   7.87275971e+00   1.12771851e+01
 3.10000000e+00   0.00000000e+00   1.00000000e+00   1.46327113e-02  -1.99016862e-05   7.94288750e+00   1.12779217e+01
 3.11000000e+00   0.00000000e+00   1.00000000e+00   1.38078582e-02  -3.79051109e-05   7.83857336e+00   1.12590345e+01
 3.12000000e+00   0.00000000e+00   1.00000000e+00   1.27185547e-02   1.21668591e-05   7.98050049e+00   1.12123267e+01
 3.13000000e+00   0.00000000e+00   1.00000000e+00   1.19301076e-02   3.16715670e-05   7.78555860e+00   1.12618088e+01
 3.14000000e+00   0.00000000e+00   1.00000000e+00   1.09372230e-02   1.26134945e-04   7.97029601e+00   1.11379339e+01
 3.15000000e+00   0.00000000e+00   1.00000000e+00   1.03769424e-02   1.47349177e-04   7.72124483e+00   1.12711547e+01
 3.16000000e+00   0.00000000e+00   1.00000000e+00   9.78618256e-03   2.29485580e-04   7.89831426e+00   1.10714631e+01
 3.17000000e+00   0.00000000e+00   1.00000000e+00   9.64801079e-03   2.08939218e-04   7.67298252e+00   1.12637604e+01
 3.18000000e+00   0.00000000e+00   1.00000000e+00   9.69284616e-03   2.35649765e-04   7.78758126e+00   1.10294697e+01
 3.19000000e+00   0.00000000e+00   1.00000000e+00   1.00713654e-02   1.64054759e-04   7.65869389e+00   1.12229617e+01
 3.20000000e+00   0.00000000e+00   1.00000000e+00   1.07442982e-02   1.40161543e-04   7.69316218e+00   1.10201227e+01
 3.21000000e+00   0.00000000e+00   1.00000000e+00   1.16044119e-02   5.35728222e-05   7.66973181e+00   1.11553063e+01
 3.22000000e+00   0.00000000e+00   1.00000000e+00   1.26841412e-02   2.30716557e-05   7.65574419e+00   1.10398321e+01
 3.23000000e+00   0.00000000e+00   1.00000000e+00   1.39051155e-02  -2.76748125e-05   7.68442008e+00   1.10828944e+01
 3.24000000e+00   0.00000000e+00   1.00000000e+00   1.51739157e-02  -2.25193894e-05   7.66173897e+00   1.10760105e+01
 3.25000000e+00   0.00000000e+00   1.00000000e+00   1.66365422e-02  -1.40205540e-05   7.68838680e+00   1.10287652e+01
 3.26000000e+00   0.00000000e+00   1.00000000e+00   1.80737427e-02   3.34889947e-05   7.66083228e+00   1.11070299e+01
 3.27000000e+00   0.00000000e+00   1.00000000e+00   1.97285424e-02   8.05510180e-05   7.68588591e+00   1.10079581e+01
 3.28000000e+00   0.00000000e+00   1.00000000e+00   2.14755502e-02   1.40673501e-04   7.62624411e+00   1.11092743e+01
 3.29000000e+00   0.00000000e+00   1.00000000e+00   2.33384231e-02   1.79901849e-04   7.68487572e+00   1.10245637e+01
 3.30000000e+00   0.00000000e+00   1.00000000e+00   2.54801074e-02   2.13070195e-04   7.58805011e+00   1.10705776e+01
 3.31000000e+00   0.00000000e+00   1.00000000e+00   2.75639354e-02   2.06771064e-04   7.68351171e+00   1.10676448e+01
 3.32000000e+00   0.00000000e+00   1.00000000e+00   2.99710549e-02   1.93677627e-04   7.59880697e+00   1.10009832e+01
 3.33000000e+00   0.00000000e+00   1.00000000e+00   3.22231407e-02   1.39096473e-04   7.67338192e+00   1.11163535e+01
 3.34000000e+00   0.00000000e+00   1.00000000e+00   3.46199235e-02   9.51210899e-05   7.67389175e+00   1.09278627e+01
 3.35000000e+00   0.00000000e+00   1.00000000e+00   3.69251497e-02   2.70963869e-05   7.65513536e+00   1.11501756e+01
 3.36000000e+00   0.00000000e+00   1.00000000e+00   3.90949420e-02  -7.67868633e-06   7.77292582e+00   1.08763403e+01
 3.37000000e+00   0.00000000e+00   1.00000000e+00   4.13410580e-02  -4.03835580e-05   7.64128790e+00   1.11618913e+01
 3.38000000e+00   0.00000000e+00   1.00000000e+00   4.32603690e-02  -3.24278290e-05   7.83832352e+00   1.08546432e+01
 3.39000000e+00   0.00000000e+00   1.00000000e+00   4.54138646e-02  -4.12595513e-06   7.64250363e+00   1.11568789e+01
 3.40000000e+00   0.00000000e+00   1.00000000e+00   4.72294414e-02   4.29563570e-05   7.83987264e+00   1.08558911e+01
 3.41000000e+00   0.00000000e+00   1.00000000e+00   4.93685119e-02   1.11750628e-04   7.65344187e+00   1.11427279e+01
 3.42000000e+00   0.00000000e+00   1.00000000e+00   5.12998047e-02   1.54815519e-04   7.78529690e+00   1.08657036e+01
 3.43000000e+00   0.00000000e+00   1.00000000e+00   5.35721561e-02   2.12513013e-04   7.66373063e+00   1.11247380e+01
 3.44000000e+00   0.00000000e+00   1.00000000e+00   5.58275517e-02   2.03817051e-04   7.70128319e+00   1.08691429e+01
 3.45000000e+00   0.00000000e+00   1.00000000e+00   5.83491159e-02   2.12525212e-04   7.68031286e+00   1.11061968e+01
 3.46000000e+00   0.00000000e+00   1.00000000e+00   6.10538187e-02   1.44355530e-04   7.61511647e+00   1.08642266e+01
 3.47000000e+00   0.00000000e+00   1.00000000e+00   6.38243650e-02   1.12414328e-04   7.72097727e+00   1.10891134e+01
 3.48000000e+00   0.00000000e+00   1.00000000e+00   6.69453646e-02   2.67312369e-05   7.55737967e+00   1.08632850e+01
 3.49000000e+00   0.00000000e+00   1.00000000e+00   6.98676379e-02  -2.66266133e-06   7.77943776e+00   1.10762880e+01
 3.50000000e+00   0.00000000e+00   1.00000000e+00   7.32113209e-02  -4.88918698e-05   7.55311806e+00   1.08818090e+01
 3.51000000e+00   0.00000000e+00   1.00000000e+00   7.62114357e-02  -4.03689633e-05   7.81473462e+00   1.10640415e+01
 3.52000000e+00   0.00000000e+00   1.00000000e+00   7.95526251e-02  -2.11768651e-05   7.60464452e+00   1.09249650e+01
 3.53000000e+00   0.00000000e+00   1.00000000e+00   8.26812617e-02   2.10753441e-05   7.78455984e+00   1.10451399e+01
 3.54000000e+00   0.00000000e+00   1.00000000e+00   8.59365414e-02   8.48475151e-05   7.68799328e+00   1.09820033e+01
 3.55000000e+00   0.00000000e+00   1.00000000e+00   8.93191349e-02   1.23370993e-04   7.69981403e+00   1.10214566e+01
 3.56000000e+00   0.00000000e+00   1.00000000e+00   9.25819489e-02   1.85241011e-04   7.76782409e+00   1.10291129e+01
 3.57000000e+00   0.00000000e+00   1.00000000e+00   9.62452893e-02   1.81689439e-04   7.62891646e+00   1.10097104e+01
 3.58000000e+00   0.00000000e+00   1.00000000e+00   9.96267164e-02   2.05100874e-04   7.82454914e+00   1.10429718e+01
 3.59000000e+00   0.00000000e+00   1.00000000e+00   1.03380831e-01   1.49083794e-04   7.63835004e+00   1.10282016e+01
 3.60000000e+00   0.00000000e+00   1.00000000e+00   1.06823276e-01   1.30357125e-04   7.86117355e+00   1.10174658e+01
 3.61000000e+00   0.00000000e+00   1.00000000e+00   1.10342695e-01   4.80664134e-05   7.73118404e+00   1.10764360e+01
 3.62000000e+00   0.00000000e+00   1.00000000e+00   1.13615766e-01   1.62056917e-05   7.88922943e+00   1.09732624e+01
 3.63000000e+00   0.00000000e+00   1.00000000e+00   1.16654336e-01  -4.51851267e-05   7.84849247e+00   1.11264623e+01
 3.64000000e+00   0.00000000e+00   1.00000000e+00   1.19540577e-01  -4.94801153e-05   7.91278999e+00   1.09472636e+01
 3.65000000e+00   0.00000000e+00   1.00000000e+00   1.22080039e-01  -5.40563326e-05   7.92805594e+00   1.11465222e+01
 3.66000000e+00   0.00000000e+00   1.00000000e+00   1.24553363e-01  -1.25336077e-05   7.92432314e+00   1.09666749e+01
 3.67000000e+00   0.00000000e+00   1.00000000e+00   1.26768965e-01   3.48045984e-05   7.95358901e+00   1.11248372e+01
 3.68000000e+00   0.00000000e+00   1.00000000e+00   1.28987846e-01   9.94206623e-05   7.91803212e+00   1.10315533e+01
 3.69000000e+00   0.00000000e+00   1.00000000e+00   1.31096640e-01   1.51053863e-04   7.94878897e+00   1.10731179e+01
 3.70000000e+00   0.00000000e+00   1.00000000e+00   1.33246525e-01   1.91912008e-04   7.90182410e+00   1.11139968e+01
 3.71000000e+00   0.00000000e+00   1.00000000e+00   1.35381573e-01   1.95359167e-04   7.93988964e+00   1.10137554e+01
 3.72000000e+00   0.00000000e+00   1.00000000e+00   1.37539119e-01   1.83546863e-04   7.89678527e+00   1.11788445e+01
 3.73000000e+00   0.00000000e+00   1.00000000e+00   1.39714240e-01   1.27451267e-04   7.93732581e+00   1.09716821e+01
 3.74000000e+00   0.00000000e+00   1.00000000e+00   1.41848839e-01   8.04487488e-05   7.91506154e+00   1.12036403e+01
 3.75000000e+00   0.00000000e+00   1.00000000e+00   1.43989253e-01   4.88369412e-06   7.94619572e+00   1.09713837e+01
 3.76000000e+00   0.00000000e+00   1.00000000e+00   1.46054701e-01  -2.74649847e-05   7.94563746e+00   1.11853143e+01
 3.77000000e+00   0.00000000e+00   1.00000000e+00   1.48061643e-01  -6.89410126e-05   7.97042270e+00   1.10277631e+01
 3.78000000e+00   0.00000000e+00   1.00000000e+00   1.50060929e-01  -5.07640249e-05   7.96476318e+00   1.11361803e+01
 3.79000000e+00   0.00000000e+00   1.00000000e+00   1.51895625e-01  -3.51814514e-05   8.00265492e+00   1.11268723e+01
 3.80000000e+00   0.00000000e+00   1.00000000e+00   1.53864096e-01   2.31339129e-05   7.96635588e+00   1.10816439e+01
 3.81000000e+00   0.00000000e+00   1.00000000e+00   1.55604036e-01   7.41308913e-05   8.01907991e+00   1.12240770e+01
 3.82000000e+00   0.00000000e+00   1.00000000e+00   1.57550283e-01   1.27529013e-04   7.97486228e+00   1.10523294e+01
 3.83000000e+00   0.00000000e+00   1.00000000e+00   1.59340829e-01   1.72038329e-04   8.00217403e+00   1.12693049e+01
 3.84000000e+00   0.00000000e+00   1.00000000e+00   1.61207501e-01   1.77064021e-04   8.01969910e+00   1.10710625e+01
 3.85000000e+00   0.00000000e+00   1.00000000e+00   1.63107588e-01   1.86718428e-04   7.97152183e+00   1.12455396e+01
 3.86000000e+00   0.00000000e+00   1.00000000e+00   1.64774708e-01   1.32143515e-04   8.10063897e+00   1.11353579e+01
 3.87000000e+00   0.00000000e+00   1.00000000e+00   1.66628179e-01   1.10969359e-04   7.97445498e+00   1.11839235e+01
 3.88000000e+00   0.00000000e+00   1.00000000e+00   1.67950909e-01   2.43844524e-05   8.18253896e+00   1.12150044e+01
 3.89000000e+00   0.00000000e+00   1.00000000e+00   1.69429414e-01   4.01077901e-06   8.04343591e+00   1.11394557e+01
 3.90000000e+00   0.00000000e+00   1.00000000e+00   1.70298421e-01  -6.57243136e-05   8.21922829e+00   1.12697181e+01
 3.91000000e+00   0.00000000e+00   1.00000000e+00   1.71113393e-01  -5.01343180e-05   8.16411987e+00   1.11490065e+01
 3.92000000e+00   0.00000000e+00   1.00000000e+00   1.71513985e-01  -6.52878104e-05   8.19315460e+00   1.12811808e+01
 3.93000000e+00   0.00000000e+00   1.00000000e+00   1.71618048e-01  -5.28544093e-06   8.28119380e+00   1.12078308e+01
 3.94000000e+00   0.00000000e+00   1.00000000e+00   1.71646164e-01   3.19719881e-05   8.13159039e+00   1.12638527e+01
 3.95000000e+00   0.00000000e+00   1.00000000e+00   1.71242112e-01   1.04184961e-04   8.34488030e+00   1.12845807e+01
 3.96000000e+00   0.00000000e+00   1.00000000e+00   1.71045405e-01   1.51742085e-04   8.08176834e+00   1.12458868e+01
 3.97000000e+00   0.00000000e+00   1.00000000e+00   1.70407507e-01   1.84336190e-04   8.34762383e+00   1.13457462e+01
 3.98000000e+00   0.00000000e+00   1.00000000e+00   1.70077377e-01   1.95688122e-04   8.07760358e+00   1.12494258e+01
 3.99000000e+00   0.00000000e+00   1.00000000e+00   1.69364837e-01   1.61417440e-04   8.31492208e+00   1.13710724e+01
 4.00000000e+00   0.00000000e+00   1.00000000e+00   1.68863351e-01   1.27928768e-04   8.12890025e+00   1.12846411e+01
 4.01000000e+00   0.00000000e+00   1.00000000e+00   1.68082915e-01   5.13532297e-05   8.26840296e+00   1.13598450e+01
 4.02000000e+00   0.00000000e+00   1.00000000e+00   1.67285663e-01   9.40717968e-06   8.22070789e+00   1.13498674e+01
 4.03000000e+00   0.00000000e+00   1.00000000e+00   1.66391787e-01  -5.23171704e-05   8.21285511e+00   1.13291655e+01
 4.04000000e+00   0.00000000e+00   1.00000000e+00   1.65230267e-01  -5.70403985e-05   8.31742530e+00   1.14330028e+01
 4.05000000e+00   0.00000000e+00   1.00000000e+00   1.64228258e-01  -6.29371614e-05   8.15170983e+00   1.13057508e+01
 4.06000000e+00   0.00000000e+00   1.00000000e+00   1.62809533e-01  -1.81433495e-05   8.37457490e+00   1.15090652e+01
 4.07000000e+00   0.00000000e+00   1.00000000e+00   1.61761743e-01   2.49376208e-05   8.10842750e+00   1.13162556e+01
 4.08000000e+00   0.00000000e+00   1.00000000e+00   1.60339149e-01   8.91809829e-05   8.36277467e+00   1.15486252e+01
 4.09000000e+00   0.00000000e+00   1.00000000e+00   1.59293131e-01   1.37251132e-04   8.11511425e+00   1.13709148e+01
 4.10000000e+00   0.00000000e+00   1.00000000e+00   1.58084723e-01   1.76556378e-04   8.29386652e+00   1.15388828e+01
 4.11000000e+00   0.00000000e+00   1.00000000e+00   1.57008174e-01   1.86028251e-04   8.18332024e+00   1.14541220e+01
 4.12000000e+00   0.00000000e+00   1.00000000e+00   1.56010544e-01   1.77660940e-04   8.21848108e+00   1.15000245e+01
 4.13000000e+00   0.00000000e+00   1.00000000e+00   1.54789864e-01   1.36118846e-04   8.28610129e+00   1.15323635e+01
 4.14000000e+00   0.00000000e+00   1.00000000e+00   1.53756914e-01   9.49369315e-05   8.19078927e+00   1.14755409e+01
 4.15000000e+00   0.00000000e+00   1.00000000e+00   1.52252177e-01   2.65394205e-05   8.37544324e+00   1.15757631e+01
 4.16000000e+00   0.00000000e+00   1.00000000e+00   1.50866369e-01  -5.90564106e-06   8.22525890e+00   1.14969939e+01
 4.17000000e+00   0.00000000e+00   1.00000000e+00   1.48982705e-01  -5.90808402e-05   8.41731093e+00   1.15777848e+01
 4.18000000e+00   0.00000000e+00   1.00000000e+00   1.47070123e-01  -4.37937906e-05   8.28931259e+00   1.15614808e+01
 4.19000000e+00   0.00000000e+00   1.00000000e+00   1.44804743e-01  -5.25782556e-05   8.41164230e+00   1.15552946e+01
 4.20000000e+00   0.00000000e+00   1.00000000e+00   1.42413726e-01   1.63910924e-05   8.33949411e+00   1.16405396e+01
 4.21000000e+00   0.00000000e+00   1.00000000e+00   1.39854028e-01   4.49527715e-05   8.37848256e+00   1.15335364e+01
 4.22000000e+00   0.00000000e+00   1.00000000e+00   1.37158654e-01   1.30888356e-04   8.35888926e+00   1.17035000e+01
 4.23000000e+00   0.00000000e+00   1.00000000e+00   1.34428149e-01   1.57611882e-04   8.33837504e+00   1.15274404e+01
 4.24000000e+00   0.00000000e+00   1.00000000e+00   1.31577815e-01   2.05262310e-04   8.36022808e+00   1.17339310e+01
 4.25000000e+00   0.00000000e+00   1.00000000e+00   1.28762040e-01   1.93169594e-04   8.30406099e+00   1.15386524e+01
 4.26000000e+00   0.00000000e+00   1.00000000e+00   1.25813494e-01   1.72971648e-04   8.35991569e+00   1.17319455e+01
 4.27000000e+00   0.00000000e+00   1.00000000e+00   1.22916894e-01   1.23676238e-04   8.28523277e+00   1.15625599e+01
 4.28000000e+00   0.00000000e+00   1.00000000e+00   1.19871427e-01   5.70472390e-05   8.35592575e+00   1.17095689e+01
 4.29000000e+00   0.00000000e+00   1.00000000e+00   1.16847009e-01   1.27259084e-05   8.28826242e+00   1.15933498e+01
 4.30000000e+00   0.00000000e+00   1.00000000e+00   1.13718375e-01  -4.66578817e-05   8.33366916e+00   1.16843306e+01
 4.31000000e+00   0.00000000e+00   1.00000000e+00   1.10556929e-01  -4.05136255e-05   8.30372904e+00   1.16232794e+01
 4.32000000e+00   0.00000000e+00   1.00000000e+00   1.07409265e-01  -5.32131267e-05   8.28675697e+00   1.16708440e+01
 4.33000000e+00   0.00000000e+00   1.00000000e+00   1.04215724e-01   1.06550467e-05   8.30595950e+00   1.16415893e+01
 4.34000000e+00   0.00000000e+00   1.00000000e+00   1.01166333e-01   3.92621739e-05   8.22572110e+00   1.16761337e+01
 4.35000000e+00   0.00000000e+00   1.00000000e+00   9.81412197e-02   1.22208166e-04   8.27535127e+00   1.16400403e+01
 4.36000000e+00   0.00000000e+00   1.00000000e+00   9.53295051e-02   1.52936466e-04   8.16845778e+00   1.16941425e+01
 4.37000000e+00   0.00000000e+00   1.00000000e+00   9.26393487e-02   2.02317862e-04   8.22493833e+00   1.16231009e+01
 4.38000000e+00   0.00000000e+00   1.00000000e+00   9.01519454e-02   1.99113420e-04   8.12929661e+00   1.17104445e+01
 4.39000000e+00   0.00000000e+00   1.00000000e+00   8.77862242e-02   1.88504575e-04   8.19289001e+00   1.16052014e+01
 4.40000000e+00   0.00000000e+00   1.00000000e+00   8.55676694e-02   1.46943759e-04   8.11737262e+00   1.17151931e+01
 4.41000000e+00   0.00000000e+00   1.00000000e+00   8.33226765e-02   9.35324833e-05   8.20197204e+00   1.15969431e+01
 4.42000000e+00   0.00000000e+00   1.00000000e+00   8.11654760e-02   4.26107273e-05   8.13439793e+00   1.17089757e+01
 4.43000000e+00   0.00000000e+00   1.00000000e+00   7.87959616e-02  -8.74111572e-06   8.23097732e+00   1.15955572e+01
 4.44000000e+00   0.00000000e+00   1.00000000e+00   7.64671913e-02  -2.95690735e-05   8.16873063e+00   1.16969832e+01
 4.45000000e+00   0.00000000e+00   1.00000000e+00   7.38800375e-02  -3.84890047e-05   8.23492490e+00   1.15895693e+01
 4.46000000e+00   0.00000000e+00   1.00000000e+00   7.12953938e-02  -1.10519539e-05   8.19842994e+00   1.16860194e+01
 4.47000000e+00   0.00000000e+00   1.00000000e+00   6.85993392e-02   2.99566853e-05   8.19408064e+00   1.15709889e+01
 4.48000000e+00   0.00000000e+00   1.00000000e+00   6.58741445e-02   8.63532280e-05   8.20391239e+00   1.16792714e+01
 4.49000000e+00   0.00000000e+00   1.00000000e+00   6.32402036e-02   1.45364654e-04   8.13556477e+00   1.15430468e+01
 4.50000000e+00   0.00000000e+00   1.00000000e+00   6.05597527e-02   1.85718489e-04   8.18221299e+00   1.16727648e+01
 4.51000000e+00   0.00000000e+00   1.00000000e+00   5.80442396e-02   2.15747181e-04   8.10278697e+00   1.15118291e+01
 4.52000000e+00   0.00000000e+00   1.00000000e+00   5.54927906e-02   2.04539105e-04   8.14497719e+00   1.16573120e+01
 4.53000000e+00   0.00000000e+00   1.00000000e+00   5.30085194e-02   1.81935977e-04   8.11031689e+00   1.14806302e+01
 4.54000000e+00   0.00000000e+00   1.00000000e+00   5.05364320e-02   1.25275482e-04   8.10601112e+00   1.16254125e+01
 4.55000000e+00   0.00000000e+00   1.00000000e+00   4.79837565e-02   7.05012161e-05   8.13234911e+00   1.14501944e+01
 4.56000000e+00   0.00000000e+00   1.00000000e+00   4.55309531e-02   1.51345623e-05   8.06866415e+00   1.15796302e+01
 4.57000000e+00   0.00000000e+00   1.00000000e+00   4.29346683e-02  -2.52692101e-05   8.13239406e+00   1.14222581e+01
 4.58000000e+00   0.00000000e+00   1.00000000e+00   4.05579449e-02  -2.95507043e-05   8.02650811e+00   1.15299859e+01
 4.59000000e+00   0.00000000e+00   1.00000000e+00   3.80785859e-02  -2.53945635e-05   8.09773011e+00   1.14010718e+01
 4.60000000e+00   0.00000000e+00   1.00000000e+00   3.59472310e-02   3.18735863e-05   7.97254349e+00   1.14865442e+01
 4.61000000e+00   0.00000000e+00   1.00000000e+00   3.37920652e-02   6.73841798e-05   8.03840167e+00   1.13862735e+01
 4.62000000e+00   0.00000000e+00   1.00000000e+00   3.20736733e-02   1.48920064e-04   7.91285419e+00   1.14525790e+01
 4.63000000e+00   0.00000000e+00   1.00000000e+00   3.04042715e-02   1.72782554e-04   7.96821454e+00   1.13696647e+01
 4.64000000e+00   0.00000000e+00   1.00000000e+00   2.91604766e-02   2.25488658e-04   7.86688509e+00   1.14254904e+01
 4.65000000e+00   0.00000000e+00   1.00000000e+00   2.80373235e-02   2.04245948e-04   7.89894870e+00   1.13453960e+01
 4.66000000e+00   0.00000000e+00   1.00000000e+00   2.72055196e-02   2.01289174e-04   7.85066598e+00   1.14012521e+01
 4.67000000e+00   0.00000000e+00   1.00000000e+00   2.65546558e-02   1.40519313e-04   7.84818138e+00   1.13184889e+01
 4.68000000e+00   0.00000000e+00   1.00000000e+00   2.59990971e-02   9.77908152e-05   7.86095796e+00   1.13774259e+01
 4.69000000e+00   0.00000000e+00   1.00000000e+00   2.56212786e-02   3.82291158e-05   7.83511531e+00   1.12984772e+01
 4.70000000e+00   0.00000000e+00   1.00000000e+00   2.52085778e-02  -3.92851885e-06   7.87302259e+00   1.13527860e+01
 4.71000000e+00   0.00000000e+00   1.00000000e+00   2.48748253e-02  -1.87026594e-05   7.86070573e+00   1.12872337e+01
 4.72000000e+00   0.00000000e+00   1.00000000e+00   2.45404736e-02  -2.72527281e-05   7.86076530e+00   1.13245603e+01
 4.73000000e+00   0.00000000e+00   1.00000000e+00   2.41426199e-02   1.68692158e-05   7.89673751e+00   1.12802294e+01
 4.74000000e+00   0.00000000e+00   1.00000000e+00   2.39127826e-02   4.28584759e-05   7.82051040e+00   1.12909596e+01
 4.75000000e+00   0.00000000e+00   1.00000000e+00   2.35292829e-02   1.20112653e-04   7.91050405e+00   1.12701188e+01
 4.76000000e+00   0.00000000e+00   1.00000000e+00   2.34715622e-02   1.50107746e-04   7.77491581e+00   1.12584000e+01
 4.77000000e+00   0.00000000e+00   1.00000000e+00   2.32597041e-02   2.11346281e-04   7.89403085e+00   1.12509898e+01
 4.78000000e+00   0.00000000e+00   1.00000000e+00   2.33908157e-02   2.08198417e-04   7.75293419e+00   1.12341002e+01
 4.79000000e+00   0.00000000e+00   1.00000000e+00   2.34051043e-02   2.15769654e-04   7.87029044e+00   1.12208951e+01
 4.80000000e+00   0.00000000e+00   1.00000000e+00   2.36430656e-02   1.67857280e-04   7.76215685e+00   1.12178229e+01
 4.81000000e+00   0.00000000e+00   1.00000000e+00   2.37787144e-02   1.24947032e-04   7.86142618e+00   1.11820612e+01
 4.82000000e+00   0.00000000e+00   1.00000000e+00   2.40047410e-02   6.02845507e-05   7.78517272e+00   1.12008090e+01
 4.83000000e+00   0.00000000e+00   1.00000000e+00   2.41318590e-02   9.82063406e-06   7.86145655e+00   1.11406289e+01
 4.84000000e+00   0.00000000e+00   1.00000000e+00   2.43197725e-02  -2.38011664e-05   7.79453760e+00   1.11751268e+01
 4.85000000e+00   0.00000000e+00   1.00000000e+00   2.44589681e-02  -3.42980212e-05   7.84448275e+00   1.11058064e+01
 4.86000000e+00   0.00000000e+00   1.00000000e+00   2.47480392e-02  -1.07050394e-05   7.77544086e+00   1.11416586e+01
 4.87000000e+00   0.00000000e+00   1.00000000e+00   2.50942891e-02   3.00750464e-05   7.79509345e+00   1.10871562e+01
 4.88000000e+00   0.00000000e+00   1.00000000e+00   2.57268690e-02   8.95237280e-05   7.73258512e+00   1.11075986e+01
 4.89000000e+00   0.00000000e+00   1.00000000e+00   2.65020384e-02   1.47803131e-04   7.72935466e+00   1.10859472e+01
 4.90000000e+00   0.00000000e+00   1.00000000e+00   2.76703569e-02   1.90805892e-04   7.68165344e+00   1.10791177e+01
 4.91000000e+00   0.00000000e+00   1.00000000e+00   2.89589484e-02   2.19261050e-04   7.68095449e+00   1.10896620e+01
 4.92000000e+00   0.00000000e+00   1.00000000e+00   3.06807154e-02   2.07352141e-04   7.64216987e+00   1.10615787e+01
 4.93000000e+00   0.00000000e+00   1.00000000e+00   3.23973149e-02   1.87039694e-04   7.66957455e+00   1.10822160e+01
 4.94000000e+00   0.00000000e+00   1.00000000e+00   3.45084425e-02   1.27373581e-04   7.63077294e+00   1.10612881e+01
 4.95000000e+00   0.00000000e+00   1.00000000e+00   3.64947441e-02   8.10127731e-05   7.68456742e+00   1.10555969e+01
 4.96000000e+00   0.00000000e+00   1.00000000e+00   3.87641502e-02   1.84642960e-05   7.64953304e+00   1.10825951e+01
 4.97000000e+00   0.00000000e+00   1.00000000e+00   4.09000550e-02  -1.30126225e-05   7.70094127e+00   1.10135385e+01
 4.98000000e+00   0.00000000e+00   1.00000000e+00   4.31789665e-02  -3.22354624e-05   7.68122233e+00   1.11220042e+01
 4.99000000e+00   0.00000000e+00   1.00000000e+00   4.54191769e-02  -2.49219392e-05   7.70646793e+00   1.09688265e+01
 5.00000000e+00   0.00000000e+00   1.00000000e+00   4.77144246e-02   1.37907968e-05   7.69882465e+00   1.11651380e+01