  Time  Coordinate0  Coordinate1  Displacement0  Displacement1  Force0  Force1
 1.00000000e-02  -8.33333334e-03   1.00000000e+00   9.88039778e-04  -1.44811909e-04   9.92806702e+01  -9.18023917e+01
 2.00000000e-02  -8.33333334e-03   1.00000000e+00   2.16303632e-03  -7.90276731e-05  -2.04802208e+01   5.02877550e+01
 3.00000000e-02  -8.33333334e-03   1.00000000e+00   3.81725925e-03  -1.73790394e-05   4.94573978e+00   1.18363062e+01
 4.00000000e-02  -8.33333334e-03   1.00000000e+00   5.58534644e-03   6.59410680e-05   6.46990124e+00   9.02237224e+00
 5.00000000e-02  -8.33333334e-03   1.00000000e+00   7.46502734e-03   1.58348700e-04   5.19913489e+00   9.96630574e+00
 6.00000000e-02  -8.33333334e-03   1.00000000e+00   9.48731462e-03   2.51584996e-04   5.67374206e+00   8.52158726e+00
 7.00000000e-02  -8.33333334e-03   1.00000000e+00   1.17601639e-02   3.31020304e-04   5.03397014e+00   8.95355686e+00
 8.00000000e-02  -8.33333334e-03   1.00000000e+00   1.44524782e-02   3.73193526e-04   5.27509157e+00   8.06391145e+00
 9.00000000e-02  -8.33333334e-03   1.00000000e+00   1.77383062e-02   3.70073733e-04   4.87867314e+00   8.30255322e+00
 1.00000000e-01  -8.33333334e-03   1.00000000e+00   2.16966691e-02   3.33734230e-04   5.02734861e+00   7.67841092e+00
 1.10000000e-01  -8.33333334e-03   1.00000000e+00   2.62624921e-02   2.96610825e-04   4.83328307e+00   7.81409752e+00
 1.20000000e-01  -8.33333334e-03   1.00000000e+00   3.12348313e-02   2.88288044e-04   4.96974450e+00   7.39190412e+00
 1.30000000e-01  -8.33333334e-03   1.00000000e+00   3.63644308e-02   3.25971053e-04   4.92200000e+00   7.50209336e+00
 1.40000000e-01  -8.33333334e-03   1.00000000e+00   4.14375512e-02   4.11220422e-04   5.02897085e+00   7.23837113e+00
 1.50000000e-01  -8.33333334e-03   1.00000000e+00   4.63318171e-02   5.37518756e-04   5.03887414e+00   7.33171410e+00
 1.60000000e-01  -8.33333334e-03   1.00000000e+00   5.10054408e-02   6.90387669e-04   5.08684077e+00   7.15721969e+00
 1.70000000e-01  -8.33333334e-03   1.00000000e+00   5.54755910e-02   8.48825713e-04   5.11768389e+00   7.22491727e+00
 1.80000000e-01  -8.33333334e-03   1.00000000e+00   5.97811530e-02   9.86094629e-04   5.11597516e+00   7.09733044e+00
 1.90000000e-01  -8.33333334e-03   1.00000000e+00   6.39745947e-02   1.07947299e-03   5.16786820e+00   7.13905166e+00
 2.00000000e-01  -8.33333334e-03   1.00000000e+00   6.81022826e-02   1.11785339e-03   5.13668263e+00   7.03253858e+00
 2.10000000e-01  -8.33333334e-03   1.00000000e+00   7.21979707e-02   1.10699960e-03   5.21820867e+00   7.05024812e+00
 2.20000000e-01  -8.33333334e-03   1.00000000e+00   7.62585099e-02   1.06541084e-03   5.17935663e+00   6.95962520e+00
 2.30000000e-01  -8.33333334e-03   1.00000000e+00   8.02437846e-02   1.01790261e-03   5.29918320e+00   6.97219894e+00
 2.40000000e-01  -8.33333334e-03   1.00000000e+00   8.40775624e-02   9.86787657e-04   5.26168584e+00   6.90918940e+00
 2.50000000e-01  -8.33333334e-03   1.00000000e+00   8.76811242e-02   9.86892938e-04   5.40643156e+00   6.93270456e+00
 2.60000000e-01  -8.33333334e-03   1.00000000e+00   9.09995176e-02   1.02175142e-03   5.35166312e+00   6.89378487e+00
 2.70000000e-01  -8.33333334e-03   1.00000000e+00   9.40382679e-02   1.08447936e-03   5.48915802e+00   6.91988702e+00
 2.80000000e-01  -8.33333334e-03   1.00000000e+00   9.68675816e-02   1.15989427e-03   5.39315955e+00   6.88283536e+00
 2.90000000e-01  -8.33333334e-03   1.00000000e+00   9.96189694e-02   1.23026604e-03   5.50644538e+00   6.89349853e+00
 3.00000000e-01  -8.33333334e-03   1.00000000e+00   1.02446748e-01   1.28020410e-03   5.37404562e+00   6.84171294e+00
 3.10000000e-01  -8.33333334e-03   1.00000000e+00   1.05495088e-01   1.30196663e-03   5.48230366e+00   6.83256330e+00
 3.20000000e-01  -8.33333334e-03   1.00000000e+00   1.08854744e-01   1.29687298e-03   5.34833981e+00   6.77029507e+00
 3.30000000e-01  -8.33333334e-03   1.00000000e+00   1.12550877e-01   1.27543697e-03   5.48455588e+00   6.75572400e+00
 3.40000000e-01  -8.33333334e-03   1.00000000e+00   1.16537627e-01   1.25364498e-03   5.37748157e+00   6.70142724e+00
 3.50000000e-01  -8.33333334e-03   1.00000000e+00   1.20725465e-01   1.24917937e-03   5.55062234e+00   6.69990786e+00
 3.60000000e-01  -8.33333334e-03   1.00000000e+00   1.25003245e-01   1.27587317e-03   5.46687509e+00   6.66551127e+00
 3.70000000e-01  -8.33333334e-03   1.00000000e+00   1.29273390e-01   1.34041413e-03   5.65763292e+00   6.68115356e+00
 3.80000000e-01  -8.33333334e-03   1.00000000e+00   1.33463882e-01   1.43966743e-03   5.57563913e+00   6.66080259e+00
 3.90000000e-01  -8.33333334e-03   1.00000000e+00   1.37542065e-01   1.56201782e-03   5.76179151e+00   6.68275863e+00
 4.00000000e-01  -8.33333334e-03   1.00000000e+00   1.41502724e-01   1.68990302e-03   5.66837108e+00   6.66198890e+00
 4.10000000e-01  -8.33333334e-03   1.00000000e+00   1.45361284e-01   1.80522442e-03   5.84484725e+00   6.67855175e+00
 4.20000000e-01  -8.33333334e-03   1.00000000e+00   1.49128709e-01   1.89357703e-03   5.74579364e+00   6.64950848e+00
 4.30000000e-01  -8.33333334e-03   1.00000000e+00   1.52800580e-01   1.94844621e-03   5.92414393e+00   6.66058200e+00
 4.40000000e-01  -8.33333334e-03   1.00000000e+00   1.56338436e-01   1.97169421e-03   5.83445619e+00   6.62942227e+00
 4.50000000e-01  -8.33333334e-03   1.00000000e+00   1.59674555e-01   1.97279287e-03   6.02554723e+00   6.64687980e+00
 4.60000000e-01  -8.33333334e-03   1.00000000e+00   1.62715173e-01   1.96473910e-03   5.94927499e+00   6.62628557e+00
 4.70000000e-01  -8.33333334e-03   1.00000000e+00   1.65366652e-01   1.96055512e-03   6.14608990e+00   6.65996574e+00
 4.80000000e-01  -8.33333334e-03   1.00000000e+00   1.67552888e-01   1.96884967e-03   6.06700914e+00   6.65246373e+00
 4.90000000e-01  -8.33333334e-03   1.00000000e+00   1.69242503e-01   1.99216999e-03   6.24716123e+00   6.69705346e+00
 5.00000000e-01  -8.33333334e-03   1.00000000e+00   1.70453154e-01   2.02601625e-03   6.14265291e+00   6.69069535e+00
 5.10000000e-01  -8.33333334e-03   1.00000000e+00   1.71255018e-01   2.06122636e-03   6.29027094e+00   6.73192393e+00
 5.20000000e-01  -8.33333334e-03   1.00000000e+00   1.71749174e-01   2.08638241e-03   6.15477937e+00   6.71401439e+00
 5.30000000e-01  -8.33333334e-03   1.00000000e+00   1.72050962e-01   2.09215886e-03   6.27706124e+00   6.74421384e+00
 5.40000000e-01  -8.33333334e-03   1.00000000e+00   1.72260402e-01   2.07358682e-03   6.12749825e+00   6.71363530e+00
 5.50000000e-01  -8.33333334e-03   1.00000000e+00   1.72451062e-01   2.03237872e-03   6.24619241e+00   6.73769994e+00
 5.60000000e-01  -8.33333334e-03   1.00000000e+00   1.72656755e-01   1.97609656e-03   6.10345872e+00   6.70391344e+00
 5.70000000e-01  -8.33333334e-03   1.00000000e+00   1.72881420e-01   1.91698873e-03   6.23275872e+00   6.73242072e+00
 5.80000000e-01  -8.33333334e-03   1.00000000e+00   1.73105220e-01   1.86801669e-03   6.10273022e+00   6.70459105e+00
 5.90000000e-01  -8.33333334e-03   1.00000000e+00   1.73305997e-01   1.84016232e-03   6.23932730e+00   6.74219447e+00
 6.00000000e-01  -8.33333334e-03   1.00000000e+00   1.73467348e-01   1.83893856e-03   6.11356322e+00   6.72001825e+00
 6.10000000e-01  -8.33333334e-03   1.00000000e+00   1.73592348e-01   1.86381178e-03   6.24698158e+00   6.76138989e+00
 6.20000000e-01  -8.33333334e-03   1.00000000e+00   1.73697858e-01   1.90794473e-03   6.11790315e+00   6.73710641e+00
 6.30000000e-01  -8.33333334e-03   1.00000000e+00   1.73812242e-01   1.96100865e-03   6.24588207e+00   6.77422040e+00
 6.40000000e-01  -8.33333334e-03   1.00000000e+00   1.73956658e-01   2.01145154e-03   6.11822299e+00   6.74256494e+00
 6.50000000e-01  -8.33333334e-03   1.00000000e+00   1.74136603e-01   2.05020651e-03   6.25076731e+00   6.77437481e+00
 6.60000000e-01  -8.33333334e-03   1.00000000e+00   1.74325953e-01   2.07212215e-03   6.13722046e+00   6.73913598e+00
 6.70000000e-01  -8.33333334e-03   1.00000000e+00   1.74469159e-01   2.07752615e-03   6.28487431e+00   6.77306987e+00
 6.80000000e-01  -8.33333334e-03   1.00000000e+00   1.74481380e-01   2.07074825e-03   6.19089052e+00   6.74340147e+00
 6.90000000e-01  -8.33333334e-03   1.00000000e+00   1.74266937e-01   2.05895365e-03   6.35099517e+00   6.78724734e+00
 7.00000000e-01  -8.33333334e-03   1.00000000e+00   1.73731427e-01   2.04887762e-03   6.26611766e+00   6.76732009e+00
 7.10000000e-01  -8.33333334e-03   1.00000000e+00   1.72803786e-01   2.04524264e-03   6.42239375e+00   6.82004341e+00
 7.20000000e-01  -8.33333334e-03   1.00000000e+00   1.71443094e-01   2.04852369e-03   6.32798128e+00   6.80429577e+00
 7.30000000e-01  -8.33333334e-03   1.00000000e+00   1.69647529e-01   2.05544591e-03   6.46417912e+00   6.85723535e+00
 7.40000000e-01  -8.33333334e-03   1.00000000e+00   1.67445036e-01   2.05920797e-03   6.34920444e+00   6.83688551e+00
 7.50000000e-01  -8.33333334e-03   1.00000000e+00   1.64887489e-01   2.05210899e-03   6.46213413e+00   6.88301042e+00
 7.60000000e-01  -8.33333334e-03   1.00000000e+00   1.62032245e-01   2.02708183e-03   6.33026346e+00   6.85476667e+00
 7.70000000e-01  -8.33333334e-03   1.00000000e+00   1.58934777e-01   1.98048343e-03   6.42883346e+00   6.89437886e+00
 7.80000000e-01  -8.33333334e-03   1.00000000e+00   1.55636385e-01   1.91260773e-03   6.29052498e+00   6.86197858e+00
 7.90000000e-01  -8.33333334e-03   1.00000000e+00   1.52167690e-01   1.82848857e-03   6.38349838e+00   6.90013051e+00
 8.00000000e-01  -8.33333334e-03   1.00000000e+00   1.48548548e-01   1.73611203e-03   6.24357169e+00   6.86881184e+00
 8.10000000e-01  -8.33333334e-03   1.00000000e+00   1.44800788e-01   1.64515746e-03   6.33095109e+00   6.90845988e+00
 8.20000000e-01  -8.33333334e-03   1.00000000e+00   1.40952069e-01   1.56405038e-03   6.18592037e+00   6.87882577e+00
 8.30000000e-01  -8.33333334e-03   1.00000000e+00   1.37045797e-01   1.49873741e-03   6.26280179e+00   6.91729145e+00
 8.40000000e-01  -8.33333334e-03   1.00000000e+00   1.33136997e-01   1.45090461e-03   6.10938232e+00   6.88521355e+00
 8.50000000e-01  -8.33333334e-03   1.00000000e+00   1.29291193e-01   1.41864078e-03   6.17617020e+00   6.91758858e+00
 8.60000000e-01  -8.33333334e-03   1.00000000e+00   1.25570211e-01   1.39676613e-03   6.01991766e+00   6.87969709e+00
 8.70000000e-01  -8.33333334e-03   1.00000000e+00   1.22024640e-01   1.37920167e-03   6.08653312e+00   6.90472196e+00
 8.80000000e-01  -8.33333334e-03   1.00000000e+00   1.18679424e-01   1.36020844e-03   5.94027436e+00   6.86282685e+00
 8.90000000e-01  -8.33333334e-03   1.00000000e+00   1.15532038e-01   1.33657344e-03   6.01912766e+00   6.88481215e+00
 9.00000000e-01  -8.33333334e-03   1.00000000e+00   1.12548629e-01   1.30772533e-03   5.89239830e+00   6.84480750e+00
 9.10000000e-01  -8.33333334e-03   1.00000000e+00   1.09674145e-01   1.27617128e-03   5.98755669e+00   6.86976750e+00
 9.20000000e-01  -8.33333334e-03   1.00000000e+00   1.06838970e-01   1.24582181e-03   5.87855971e+00   6.83618726e+00
 9.30000000e-01  -8.33333334e-03   1.00000000e+00   1.03974826e-01   1.22104515e-03   5.98277262e+00   6.86611956e+00
 9.40000000e-01  -8.33333334e-03   1.00000000e+00   1.01021434e-01   1.20448379e-03   5.88100551e+00   6.83814207e+00
 9.50000000e-01  -8.33333334e-03   1.00000000e+00   9.79368377e-02   1.19652703e-03   5.98295409e+00   6.86979795e+00
 9.60000000e-01  -8.33333334e-03   1.00000000e+00   9.46951925e-02   1.19428071e-03   5.87871397e+00   6.84307107e+00
 9.70000000e-01  -8.33333334e-03   1.00000000e+00   9.12873709e-02   1.19264878e-03   5.97206163e+00   6.87211289e+00
 9.80000000e-01  -8.33333334e-03   1.00000000e+00   8.77114824e-02   1.18493407e-03   5.86277634e+00   6.84375562e+00
 9.90000000e-01  -8.33333334e-03   1.00000000e+00   8.39702242e-02   1.16504214e-03   5.94810099e+00   6.86896617e+00
 1.00000000e+00  -8.33333334e-03   1.00000000e+00   8.00631247e-02   1.12845288e-03   5.83583916e+00   6.83975861e+00
 1.01000000e+00  -8.33333334e-03   1.00000000e+00   7.59892657e-02   1.07389090e-03   5.91486859e+00   6.86290222e+00
 1.02000000e+00  -8.33333334e-03   1.00000000e+00   7.17467592e-02   1.00313505e-03   5.79943961e+00   6.83501293e+00
 1.03000000e+00  -8.33333334e-03   1.00000000e+00   6.73417871e-02   9.21075072e-04   5.86947836e+00   6.85725623e+00
 1.04000000e+00  -8.33333334e-03   1.00000000e+00   6.27915156e-02   8.33968221e-04   5.74607767e+00   6.83063460e+00
 1.05000000e+00  -8.33333334e-03   1.00000000e+00   5.81321513e-02   7.48461478e-04   5.80158243e+00   6.85010637e+00
 1.06000000e+00  -8.33333334e-03   1.00000000e+00   5.34169504e-02   6.69338700e-04   5.66567233e+00   6.82189858e+00
 1.07000000e+00  -8.33333334e-03   1.00000000e+00   4.87164319e-02   5.99347794e-04   5.70500592e+00   6.83521937e+00
 1.08000000e+00  -8.33333334e-03   1.00000000e+00   4.41083402e-02   5.38577219e-04   5.55893331e+00   6.80261389e+00
 1.09000000e+00  -8.33333334e-03   1.00000000e+00   3.96714314e-02   4.85403906e-04   5.58859933e+00   6.80827918e+00
 1.10000000e+00  -8.33333334e-03   1.00000000e+00   3.54727572e-02   4.36875681e-04   5.44209634e+00   6.77163736e+00
 1.11000000e+00  -8.33333334e-03   1.00000000e+00   3.15631178e-02   3.90406965e-04   5.47339245e+00   6.77195522e+00
 1.12000000e+00  -8.33333334e-03   1.00000000e+00   2.79700720e-02   3.44385099e-04   5.33730671e+00   6.73460881e+00
 1.13000000e+00  -8.33333334e-03   1.00000000e+00   2.47010149e-02   2.99269829e-04   5.37864765e+00   6.73365110e+00
 1.14000000e+00  -8.33333334e-03   1.00000000e+00   2.17440284e-02   2.57117823e-04   5.25797862e+00   6.69902023e+00
 1.15000000e+00  -8.33333334e-03   1.00000000e+00   1.90767025e-02   2.21455670e-04   5.31072883e+00   6.69949999e+00
 1.16000000e+00  -8.33333334e-03   1.00000000e+00   1.66695559e-02   1.95777464e-04   5.20392611e+00   6.66859306e+00
 1.17000000e+00  -8.33333334e-03   1.00000000e+00   1.44936980e-02   1.82837913e-04   5.26486861e+00   6.67050197e+00
 1.18000000e+00  -8.33333334e-03   1.00000000e+00   1.25204056e-02   1.83205203e-04   5.16843136e+00   6.64219404e+00
 1.19000000e+00  -8.33333334e-03   1.00000000e+00   1.07235655e-02   1.95261935e-04   5.23489937e+00   6.64439856e+00
 1.20000000e+00  -8.33333334e-03   1.00000000e+00   9.07472948e-03   2.14644048e-04   5.14744128e+00   6.61774791e+00
 1.21000000e+00  -8.33333334e-03   1.00000000e+00   7.54308086e-03   2.35688759e-04   5.21918339e+00   6.62020677e+00
 1.22000000e+00  -8.33333334e-03   1.00000000e+00   6.09114975e-03   2.52215023e-04   5.14071374e+00   6.59569859e+00
 1.23000000e+00  -8.33333334e-03   1.00000000e+00   4.67787905e-03   2.59327054e-04   5.21701508e+00   6.59948660e+00
 1.24000000e+00  -8.33333334e-03   1.00000000e+00   3.25925481e-03   2.54029423e-04   5.14507654e+00   6.57812511e+00
 1.25000000e+00  -8.33333334e-03   1.00000000e+00   1.79612210e-03   2.36180653e-04   5.22137540e+00   6.58375567e+00
 1.26000000e+00  -8.33333334e-03   1.00000000e+00   2.58086007e-04   2.08125110e-04   5.14938152e+00   6.56504169e+00
 1.27000000e+00  -8.33333334e-03   1.00000000e+00  -1.36837558e-03   1.73810250e-04   5.21806050e+00   6.57099335e+00
 1.28000000e+00  -8.33333334e-03   1.00000000e+00  -3.07864194e-03   1.37279266e-04   5.13841054e+00   6.55268686e+00
 1.29000000e+00  -8.33333334e-03   1.00000000e+00  -4.84698981e-03   1.01959183e-04   5.19352043e+00   6.55622019e+00
 1.30000000e+00  -8.33333334e-03   1.00000000e+00  -6.63159826e-03   6.94673950e-05   5.10280386e+00   6.53563410e+00
 1.31000000e+00  -8.33333334e-03   1.00000000e+00  -8.37754675e-03   3.98437204e-05   5.14419409e+00   6.53479165e+00
 1.32000000e+00  -8.33333334e-03   1.00000000e+00  -1.00257618e-02   1.16160902e-05   5.04531872e+00   6.51097270e+00
 1.33000000e+00  -8.33333334e-03   1.00000000e+00  -1.15172902e-02  -1.69530005e-05   5.07838023e+00   6.50594541e+00
 1.34000000e+00  -8.33333334e-03   1.00000000e+00  -1.28005849e-02  -4.73539416e-05   4.97787943e+00   6.47999821e+00
 1.35000000e+00  -8.33333334e-03   1.00000000e+00  -1.38321840e-02  -7.95618793e-05   5.00926626e+00   6.47262681e+00
 1.36000000e+00  -8.33333334e-03   1.00000000e+00  -1.45793822e-02  -1.12002009e-04   4.91283037e+00   6.44639646e+00
 1.37000000e+00  -8.33333334e-03   1.00000000e+00  -1.50169517e-02  -1.41333040e-04   4.94685784e+00   6.43839894e+00
 1.38000000e+00  -8.33333334e-03   1.00000000e+00  -1.51273657e-02  -1.63569713e-04   4.85743437e+00   6.41300292e+00
 1.39000000e+00  -8.33333334e-03   1.00000000e+00  -1.48972857e-02  -1.74698850e-04   4.89621750e+00   6.40515977e+00
 1.40000000e+00  -8.33333334e-03   1.00000000e+00  -1.43193126e-02  -1.71869279e-04   4.81568714e+00   6.38081465e+00
 1.41000000e+00  -8.33333334e-03   1.00000000e+00  -1.33911526e-02  -1.53702517e-04   4.86151615e+00   6.37334226e+00
 1.42000000e+00  -8.33333334e-03   1.00000000e+00  -1.21198989e-02  -1.21208851e-04   4.79273910e+00   6.35038062e+00
 1.43000000e+00  -8.33333334e-03   1.00000000e+00  -1.05226716e-02  -7.71936977e-05   4.84890482e+00   6.34428338e+00
 1.44000000e+00  -8.33333334e-03   1.00000000e+00  -8.63035077e-03  -2.59721480e-05   4.79503055e+00   6.32398376e+00
 1.45000000e+00  -8.33333334e-03   1.00000000e+00  -6.48582011e-03   2.78440360e-05   4.86372520e+00   6.32093668e+00
 1.46000000e+00  -8.33333334e-03   1.00000000e+00  -4.14380419e-03   8.00176205e-05   4.82514038e+00   6.30487278e+00
 1.47000000e+00  -8.33333334e-03   1.00000000e+00  -1.66487215e-03   1.27817208e-04   4.90452399e+00   6.30612941e+00
 1.48000000e+00  -8.33333334e-03   1.00000000e+00   8.88324409e-04   1.69964420e-04   4.87698020e+00   6.29476146e+00
 1.49000000e+00  -8.33333334e-03   1.00000000e+00   3.45885368e-03   2.06846224e-04   4.96087889e+00   6.29997519e+00
 1.50000000e+00  -8.33333334e-03   1.00000000e+00   5.99898576e-03   2.39683852e-04   4.93698157e+00   6.29203853e+00
 1.51000000e+00  -8.33333334e-03   1.00000000e+00   8.47551867e-03   2.70100033e-04   5.01792513e+00   6.29931210e+00
 1.52000000e+00  -8.33333334e-03   1.00000000e+00   1.08694509e-02   2.99071012e-04   4.99091204e+00   6.29263946e+00
 1.53000000e+00  -8.33333334e-03   1.00000000e+00   1.31769716e-02   3.26773758e-04   5.06379654e+00   6.29993512e+00
 1.54000000e+00  -8.33333334e-03   1.00000000e+00   1.54054836e-02   3.52186138e-04   5.03036848e+00   6.29289648e+00
 1.55000000e+00  -8.33333334e-03   1.00000000e+00   1.75722516e-02   3.73716799e-04   5.09384043e+00   6.29916487e+00
 1.56000000e+00  -8.33333334e-03   1.00000000e+00   1.96998753e-02   3.89531629e-04   5.05399122e+00   6.29127678e+00
 1.57000000e+00  -8.33333334e-03   1.00000000e+00   2.18158050e-02   3.98569195e-04   5.10901475e+00   6.29644357e+00
 1.58000000e+00  -8.33333334e-03   1.00000000e+00   2.39496362e-02   4.00849990e-04   5.06396943e+00   6.28779297e+00
 1.59000000e+00  -8.33333334e-03   1.00000000e+00   2.61343967e-02   3.98050221e-04   5.11189348e+00   6.29190592e+00
 1.60000000e+00  -8.33333334e-03   1.00000000e+00   2.84049730e-02   3.93099698e-04   5.06293983e+00   6.28234554e+00
 1.61000000e+00  -8.33333334e-03   1.00000000e+00   3.07992558e-02   3.89966322e-04   5.10535819e+00   6.28510647e+00
 1.62000000e+00  -8.33333334e-03   1.00000000e+00   3.33553301e-02   3.92619983e-04   5.05465100e+00   6.27425781e+00
 1.63000000e+00  -8.33333334e-03   1.00000000e+00   3.61105358e-02   4.04518648e-04   5.09478653e+00   6.27548583e+00
 1.64000000e+00  -8.33333334e-03   1.00000000e+00   3.90965407e-02   4.27695402e-04   5.04666000e+00   6.26349656e+00
 1.65000000e+00  -8.33333334e-03   1.00000000e+00   4.23369446e-02   4.62712274e-04   5.08992421e+00   6.26393871e+00
 1.66000000e+00  -8.33333334e-03   1.00000000e+00   4.58423052e-02   5.08453600e-04   5.05032235e+00   6.25207203e+00
 1.67000000e+00  -8.33333334e-03   1.00000000e+00   4.96091530e-02   5.62795937e-04   5.10254702e+00   6.25350531e+00
 1.68000000e+00  -8.33333334e-03   1.00000000e+00   5.36178436e-02   6.22961669e-04   5.07632682e+00   6.24371590e+00
 1.69000000e+00  -8.33333334e-03   1.00000000e+00   5.78350821e-02   6.86435284e-04   5.14076979e+00   6.24810464e+00
 1.70000000e+00  -8.33333334e-03   1.00000000e+00   6.22153705e-02   7.51236192e-04   5.12908190e+00   6.24194858e+00
 1.71000000e+00  -8.33333334e-03   1.00000000e+00   6.67063378e-02   8.16530203e-04   5.20480077e+00   6.25031462e+00
 1.72000000e+00  -8.33333334e-03   1.00000000e+00   7.12515573e-02   8.82060183e-04   5.20478709e+00   6.24813679e+00
 1.73000000e+00  -8.33333334e-03   1.00000000e+00   7.57958257e-02   9.48008287e-04   5.28763815e+00   6.26035003e+00
 1.74000000e+00  -8.33333334e-03   1.00000000e+00   8.02868598e-02   1.01435706e-03   5.29437777e+00   6.26154053e+00
 1.75000000e+00  -8.33333334e-03   1.00000000e+00   8.46784987e-02   1.08067195e-03   5.37940549e+00   6.27670907e+00
 1.76000000e+00  -8.33333334e-03   1.00000000e+00   8.89304153e-02   1.14570696e-03   5.38812996e+00   6.28035239e+00
 1.77000000e+00  -8.33333334e-03   1.00000000e+00   9.30096710e-02   1.20748396e-03   5.47115692e+00   6.29768938e+00
 1.78000000e+00  -8.33333334e-03   1.00000000e+00   9.68897046e-02   1.26336871e-03   5.47805722e+00   6.30317585e+00
 1.79000000e+00  -8.33333334e-03   1.00000000e+00   1.00551947e-01   1.31088513e-03   5.55567703e+00   6.32209174e+00
 1.80000000e+00  -8.33333334e-03   1.00000000e+00   1.03985428e-01   1.34808677e-03   5.55742688e+00   6.32870736e+00
 1.81000000e+00  -8.33333334e-03   1.00000000e+00   1.07189078e-01   1.37434029e-03   5.62646524e+00   6.34828301e+00
 1.82000000e+00  -8.33333334e-03   1.00000000e+00   1.10171580e-01   1.39032139e-03   5.61999200e+00   6.35487386e+00
 1.83000000e+00  -8.33333334e-03   1.00000000e+00   1.12953024e-01   1.39814701e-03   5.67795663e+00   6.37373294e+00
 1.84000000e+00  -8.33333334e-03   1.00000000e+00   1.15563263e-01   1.40074387e-03   5.66157369e+00   6.37886700e+00
 1.85000000e+00  -8.33333334e-03   1.00000000e+00   1.18041343e-01   1.40150837e-03   5.70818016e+00   6.39567104e+00
 1.86000000e+00  -8.33333334e-03   1.00000000e+00   1.20431473e-01   1.40347600e-03   5.68314186e+00   6.39834136e+00
 1.87000000e+00  -8.33333334e-03   1.00000000e+00   1.22780335e-01   1.40905610e-03   5.72140643e+00   6.41255905e+00
 1.88000000e+00  -8.33333334e-03   1.00000000e+00   1.25131812e-01   1.41951232e-03   5.69217745e+00   6.41282764e+00
 1.89000000e+00  -8.33333334e-03   1.00000000e+00   1.27524173e-01   1.43527942e-03   5.72767114e+00   6.42507572e+00
 1.90000000e+00  -8.33333334e-03   1.00000000e+00   1.29985885e-01   1.45600411e-03   5.70020185e+00   6.42395610e+00
 1.91000000e+00  -8.33333334e-03   1.00000000e+00   1.32534761e-01   1.48108946e-03   5.73868958e+00   6.43552741e+00
 1.92000000e+00  -8.33333334e-03   1.00000000e+00   1.35176253e-01   1.50986268e-03   5.71796860e+00   6.43441763e+00
 1.93000000e+00  -8.33333334e-03   1.00000000e+00   1.37904943e-01   1.54207711e-03   5.76331486e+00   6.44658446e+00
 1.94000000e+00  -8.33333334e-03   1.00000000e+00   1.40704727e-01   1.57779740e-03   5.75183810e+00   6.44649985e+00
 1.95000000e+00  -8.33333334e-03   1.00000000e+00   1.43551401e-01   1.61748815e-03   5.80533923e+00   6.46005693e+00
 1.96000000e+00  -8.33333334e-03   1.00000000e+00   1.46413229e-01   1.66147683e-03   5.80332113e+00   6.46160764e+00
 1.97000000e+00  -8.33333334e-03   1.00000000e+00   1.49253341e-01   1.70977220e-03   5.86439383e+00   6.47708461e+00
 1.98000000e+00  -8.33333334e-03   1.00000000e+00   1.52029960e-01   1.76154070e-03   5.87055096e+00   6.48077330e+00
 1.99000000e+00  -8.33333334e-03   1.00000000e+00   1.54698566e-01   1.81516856e-03   5.93738457e+00   6.49866565e+00
 2.00000000e+00  -8.33333334e-03   1.00000000e+00   1.57212325e-01   1.86812394e-03   5.94925002e+00   6.50495428e+00
 2.01000000e+00  -8.33333334e-03   1.00000000e+00   1.59524902e-01   1.91753394e-03   6.01874562e+00   6.52555518e+00
 2.02000000e+00  -8.33333334e-03   1.00000000e+00   1.61591807e-01   1.96045455e-03   6.03242518e+00   6.53446700e+00
 2.03000000e+00  -8.33333334e-03   1.00000000e+00   1.63374064e-01   1.99456139e-03   6.10000707e+00   6.55741220e+00
 2.04000000e+00  -8.33333334e-03   1.00000000e+00   1.64840095e-01   2.01827972e-03   6.11031197e+00   6.56815062e+00
 2.05000000e+00  -8.33333334e-03   1.00000000e+00   1.65969185e-01   2.03116253e-03   6.17060778e+00   6.59220949e+00
 2.06000000e+00  -8.33333334e-03   1.00000000e+00   1.66752403e-01   2.03368395e-03   6.17232432e+00   6.60324101e+00
 2.07000000e+00  -8.33333334e-03   1.00000000e+00   1.67194360e-01   2.02722849e-03   6.22088511e+00   6.62667322e+00
 2.08000000e+00  -8.33333334e-03   1.00000000e+00   1.67311805e-01   2.01352989e-03   6.21066955e+00   6.63634779e+00
 2.09000000e+00  -8.33333334e-03   1.00000000e+00   1.67133038e-01   1.99448180e-03   6.24568173e+00   6.65774018e+00
 2.10000000e+00  -8.33333334e-03   1.00000000e+00   1.66694636e-01   1.97164010e-03   6.22327831e+00   6.66499812e+00
 2.11000000e+00  -8.33333334e-03   1.00000000e+00   1.66039393e-01   1.94628710e-03   6.24604798e+00   6.68366855e+00
 2.12000000e+00  -8.33333334e-03   1.00000000e+00   1.65212440e-01   1.91928485e-03   6.21401677e+00   6.68820844e+00
 2.13000000e+00  -8.33333334e-03   1.00000000e+00   1.64259315e-01   1.89138339e-03   6.22806431e+00   6.70413462e+00
 2.14000000e+00  -8.33333334e-03   1.00000000e+00   1.63222772e-01   1.86321349e-03   6.19047038e+00   6.70617214e+00
 2.15000000e+00  -8.33333334e-03   1.00000000e+00   1.62141784e-01   1.83564333e-03   6.20011958e+00   6.71965853e+00
 2.16000000e+00  -8.33333334e-03   1.00000000e+00   1.61049295e-01   1.80972800e-03   6.16125167e+00   6.71952315e+00
 2.17000000e+00  -8.33333334e-03   1.00000000e+00   1.59971909e-01   1.78687848e-03   6.17069124e+00   6.73093931e+00
 2.18000000e+00  -8.33333334e-03   1.00000000e+00   1.58928087e-01   1.76851905e-03   6.13452888e+00   6.72910176e+00
 2.19000000e+00  -8.33333334e-03   1.00000000e+00   1.57928045e-01   1.75598425e-03   6.14749935e+00   6.73907930e+00
 2.20000000e+00  -8.33333334e-03   1.00000000e+00   1.56972190e-01   1.75003878e-03   6.11743058e+00   6.73639910e+00
 2.21000000e+00  -8.33333334e-03   1.00000000e+00   1.56051384e-01   1.75081107e-03   6.13683824e+00   6.74603188e+00
 2.22000000e+00  -8.33333334e-03   1.00000000e+00   1.55146319e-01   1.75741686e-03   6.11502987e+00   6.74376329e+00
 2.23000000e+00  -8.33333334e-03   1.00000000e+00   1.54228932e-01   1.76815481e-03   6.14206937e+00   6.75436598e+00
 2.24000000e+00  -8.33333334e-03   1.00000000e+00   1.53263141e-01   1.78066752e-03   6.12852886e+00   6.75372960e+00
 2.25000000e+00  -8.33333334e-03   1.00000000e+00   1.52207927e-01   1.79250404e-03   6.16189135e+00   6.76618137e+00
 2.26000000e+00  -8.33333334e-03   1.00000000e+00   1.51019497e-01   1.80132534e-03   6.15393921e+00   6.76766053e+00
 2.27000000e+00  -8.33333334e-03   1.00000000e+00   1.49655250e-01   1.80525758e-03   6.18979312e+00   6.78202150e+00
 2.28000000e+00  -8.33333334e-03   1.00000000e+00   1.48076214e-01   1.80290560e-03   6.18269161e+00   6.78522836e+00
 2.29000000e+00  -8.33333334e-03   1.00000000e+00   1.46250596e-01   1.79356350e-03   6.21585688e+00   6.80067205e+00
 2.30000000e+00  -8.33333334e-03   1.00000000e+00   1.44155070e-01   1.77696606e-03   6.20438795e+00   6.80453006e+00
 2.31000000e+00  -8.33333334e-03   1.00000000e+00   1.41776876e-01   1.75328073e-03   6.23006293e+00   6.81985026e+00
 2.32000000e+00  -8.33333334e-03   1.00000000e+00   1.39113643e-01   1.72274613e-03   6.21007996e+00   6.82316060e+00
 2.33000000e+00  -8.33333334e-03   1.00000000e+00   1.36173916e-01   1.68567173e-03   6.22504416e+00   6.83723161e+00
 2.34000000e+00  -8.33333334e-03   1.00000000e+00   1.32975726e-01   1.64223817e-03   6.19431071e+00   6.83903901e+00
 2.35000000e+00  -8.33333334e-03   1.00000000e+00   1.29546295e-01   1.59278296e-03   6.19734946e+00   6.85096824e+00
 2.36000000e+00  -8.33333334e-03   1.00000000e+00   1.25920080e-01   1.53772047e-03   6.15554649e+00   6.85047450e+00
 2.37000000e+00  -8.33333334e-03   1.00000000e+00   1.22138002e-01   1.47786635e-03   6.14724835e+00   6.85955290e+00
 2.38000000e+00  -8.33333334e-03   1.00000000e+00   1.18245200e-01   1.41442018e-03   6.09579125e+00   6.85612954e+00
 2.39000000e+00  -8.33333334e-03   1.00000000e+00   1.14289879e-01   1.34913076e-03   6.07838390e+00   6.86177343e+00
 2.40000000e+00  -8.33333334e-03   1.00000000e+00   1.10320611e-01   1.28401598e-03   6.02027576e+00   6.85503208e+00
 2.41000000e+00  -8.33333334e-03   1.00000000e+00   1.06384653e-01   1.22131882e-03   5.99754913e+00   6.85710253e+00
 2.42000000e+00  -8.33333334e-03   1.00000000e+00   1.02524893e-01   1.16307517e-03   5.93721607e+00   6.84723015e+00
 2.43000000e+00  -8.33333334e-03   1.00000000e+00   9.87780424e-02   1.11100639e-03   5.91406348e+00   6.84626215e+00
 2.44000000e+00  -8.33333334e-03   1.00000000e+00   9.51718655e-02   1.06618995e-03   5.85658886e+00   6.83417121e+00
 2.45000000e+00  -8.33333334e-03   1.00000000e+00   9.17241769e-02   1.02906307e-03   5.83794664e+00   6.83137571e+00
 2.46000000e+00  -8.33333334e-03   1.00000000e+00   8.84413422e-02   9.99259487e-04   5.78771052e+00   6.81848269e+00
 2.47000000e+00  -8.33333334e-03   1.00000000e+00   8.53188311e-02   9.75871401e-04   5.77707354e+00   6.81533546e+00
 2.48000000e+00  -8.33333334e-03   1.00000000e+00   8.23414269e-02   9.57534647e-04   5.73642755e+00   6.80300393e+00
 2.49000000e+00  -8.33333334e-03   1.00000000e+00   7.94853561e-02   9.42798761e-04   5.73483694e+00   6.80064659e+00
 2.50000000e+00  -8.33333334e-03   1.00000000e+00   7.67198149e-02   9.30296450e-04   5.70351349e+00   6.78970053e+00
 2.51000000e+00  -8.33333334e-03   1.00000000e+00   7.40099007e-02   9.18992697e-04   5.70952347e+00   6.78864249e+00
 2.52000000e+00  -8.33333334e-03   1.00000000e+00   7.13185364e-02   9.07847314e-04   5.68504925e+00   6.77934547e+00
 2.53000000e+00  -8.33333334e-03   1.00000000e+00   6.86093884e-02   8.95909189e-04   5.69543790e+00   6.77965724e+00
 2.54000000e+00  -8.33333334e-03   1.00000000e+00   6.58485223e-02   8.82015345e-04   5.67404716e+00   6.77180710e+00
 2.55000000e+00  -8.33333334e-03   1.00000000e+00   6.30068154e-02   8.64963250e-04   5.68476886e+00   6.77306111e+00
 2.56000000e+00  -8.33333334e-03   1.00000000e+00   6.00610652e-02   8.43636305e-04   5.66234863e+00   6.76607999e+00
 2.57000000e+00  -8.33333334e-03   1.00000000e+00   5.69959176e-02   8.17169054e-04   5.66933837e+00   6.76744510e+00
 2.58000000e+00  -8.33333334e-03   1.00000000e+00   5.38044249e-02   7.84790175e-04   5.64202314e+00   6.76045525e+00
 2.59000000e+00  -8.33333334e-03   1.00000000e+00   5.04893504e-02   7.46052856e-04   5.64185757e+00   6.76104327e+00
 2.60000000e+00  -8.33333334e-03   1.00000000e+00   4.70630282e-02   7.00877023e-04   5.60673605e+00   6.75298010e+00
 2.61000000e+00  -8.33333334e-03   1.00000000e+00   4.35477609e-02   6.49790319e-04   5.59723750e+00   6.75161637e+00
 2.62000000e+00  -8.33333334e-03   1.00000000e+00   3.99746000e-02   5.93856132e-04   5.55302316e+00   6.74134792e+00
 2.63000000e+00  -8.33333334e-03   1.00000000e+00   3.63825096e-02   5.34702532e-04   5.53398096e+00   6.73703496e+00
 2.64000000e+00  -8.33333334e-03   1.00000000e+00   3.28159245e-02   4.74235282e-04   5.48160195e+00   6.72382472e+00
 2.65000000e+00  -8.33333334e-03   1.00000000e+00   2.93228276e-02   4.14529437e-04   5.45513144e+00   6.71616092e+00
 2.66000000e+00  -8.33333334e-03   1.00000000e+00   2.59515564e-02   3.57515432e-04   5.39774963e+00   6.69998923e+00
 2.67000000e+00  -8.33333334e-03   1.00000000e+00   2.27485585e-02   3.04977416e-04   5.36789090e+00   6.68934481e+00
 2.68000000e+00  -8.33333334e-03   1.00000000e+00   1.97553000e-02   2.58261197e-04   5.31011486e+00   6.67090603e+00
 2.69000000e+00  -8.33333334e-03   1.00000000e+00   1.70065997e-02   2.18358288e-04   5.28174583e+00   6.65827127e+00
 2.70000000e+00  -8.33333334e-03   1.00000000e+00   1.45284021e-02   1.85696714e-04   5.22845149e+00   6.63877343e+00
 2.71000000e+00  -8.33333334e-03   1.00000000e+00   1.23372626e-02   1.60394647e-04   5.20607775e+00   6.62544681e+00
 2.72000000e+00  -8.33333334e-03   1.00000000e+00   1.04394164e-02   1.42313195e-04   5.16113310e+00   6.60610137e+00
 2.73000000e+00  -8.33333334e-03   1.00000000e+00   8.83131524e-03   1.31192320e-04   5.14788198e+00   6.59322105e+00
 2.74000000e+00  -8.33333334e-03   1.00000000e+00   7.49974486e-03   1.26592410e-04   5.11353116e+00   6.57508560e+00
 2.75000000e+00  -8.33333334e-03   1.00000000e+00   6.42322272e-03   1.27977276e-04   5.11071668e+00   6.56361165e+00
 2.76000000e+00  -8.33333334e-03   1.00000000e+00   5.57286779e-03   1.34578405e-04   5.08732077e+00   6.54748987e+00
 2.77000000e+00  -8.33333334e-03   1.00000000e+00   4.91442321e-03   1.45424855e-04   5.09434098e+00   6.53811592e+00
 2.78000000e+00  -8.33333334e-03   1.00000000e+00   4.40969405e-03   1.59221235e-04   5.08037999e+00   6.52452217e+00
 2.79000000e+00  -8.33333334e-03   1.00000000e+00   4.01906244e-03   1.74457213e-04   5.09486662e+00   6.51756083e+00
 2.80000000e+00  -8.33333334e-03   1.00000000e+00   3.70333446e-03   1.89412488e-04   5.08718893e+00   6.50653790e+00
 2.81000000e+00  -8.33333334e-03   1.00000000e+00   3.42647808e-03   2.02391882e-04   5.10536459e+00   6.50174752e+00
 2.82000000e+00  -8.33333334e-03   1.00000000e+00   3.15746157e-03   2.11817587e-04   5.09973648e+00   6.49271996e+00
 2.83000000e+00  -8.33333334e-03   1.00000000e+00   2.87265324e-03   2.16501183e-04   5.11719619e+00   6.48924691e+00
 2.84000000e+00  -8.33333334e-03   1.00000000e+00   2.55699776e-03   2.15698925e-04   5.10927611e+00   6.48113614e+00
 2.85000000e+00  -8.33333334e-03   1.00000000e+00   2.20540573e-03   2.09259896e-04   5.12202747e+00   6.47775616e+00
 2.86000000e+00  -8.33333334e-03   1.00000000e+00   1.82270596e-03   1.97541568e-04   5.10846426e+00   6.46931853e+00
 2.87000000e+00  -8.33333334e-03   1.00000000e+00   1.42367388e-03   1.81412472e-04   5.11403931e+00   6.46489327e+00
 2.88000000e+00  -8.33333334e-03   1.00000000e+00   1.03165614e-03   1.62046799e-04   5.09334733e+00   6.45516520e+00
 2.89000000e+00  -8.33333334e-03   1.00000000e+00   6.77403703e-04   1.40850549e-04   5.09136820e+00   6.44899116e+00
 2.90000000e+00  -8.33333334e-03   1.00000000e+00   3.96763900e-04   1.19247514e-04   5.06422858e+00   6.43754746e+00
 2.91000000e+00  -8.33333334e-03   1.00000000e+00   2.28867638e-04   9.86542691e-05   5.05638253e+00   6.42948247e+00
 2.92000000e+00  -8.33333334e-03   1.00000000e+00   2.13500784e-04   8.03541673e-05   5.02533148e+00   6.41642335e+00
 2.93000000e+00  -8.33333334e-03   1.00000000e+00   3.89227610e-04   6.55556582e-05   5.01485824e+00   6.40678871e+00
 2.94000000e+00  -8.33333334e-03   1.00000000e+00   7.90934984e-04   5.53275346e-05   4.98363361e+00   6.39260278e+00
 2.95000000e+00  -8.33333334e-03   1.00000000e+00   1.44828100e-03   5.06762842e-05   4.97458241e+00   6.38205009e+00
 2.96000000e+00  -8.33333334e-03   1.00000000e+00   2.38370858e-03   5.24617671e-05   4.94735046e+00   6.36751219e+00
 2.97000000e+00  -8.33333334e-03   1.00000000e+00   3.61146887e-03   6.14210784e-05   4.94382031e+00   6.35694751e+00
 2.98000000e+00  -8.33333334e-03   1.00000000e+00   5.13633819e-03   7.80255184e-05   4.92439419e+00   6.34305706e+00
 2.99000000e+00  -8.33333334e-03   1.00000000e+00   6.95345230e-03   1.02459045e-04   4.92972503e+00   6.33357530e+00
 3.00000000e+00  -8.33333334e-03   1.00000000e+00   9.04798387e-03   1.34472594e-04   4.92076516e+00   6.32144914e+00
 3.01000000e+00  -8.33333334e-03   1.00000000e+00   1.13960255e-02   1.73404623e-04   4.93677094e+00   6.31415923e+00
 3.02000000e+00  -8.33333334e-03   1.00000000e+00   1.39653808e-02   2.18124234e-04   4.93910367e+00   6.30479418e+00
 3.03000000e+00  -8.33333334e-03   1.00000000e+00   1.67175128e-02   2.67163494e-04   4.96555242e+00   6.30051982e+00
 3.04000000e+00  -8.33333334e-03   1.00000000e+00   1.96092877e-02   3.18774495e-04   4.97787054e+00   6.29447061e+00
 3.05000000e+00  -8.33333334e-03   1.00000000e+00   2.25956398e-02   3.71158632e-04   5.01245412e+00   6.29346796e+00
 3.06000000e+00  -8.33333334e-03   1.00000000e+00   2.56317048e-02   4.22523654e-04   5.03158174e+00   6.29066103e+00
 3.07000000e+00  -8.33333334e-03   1.00000000e+00   2.86755647e-02   4.71323371e-04   5.07047076e+00   6.29256145e+00
 3.08000000e+00  -8.33333334e-03   1.00000000e+00   3.16901177e-02   5.16297225e-04   5.09215876e+00   6.29233858e+00
 3.09000000e+00  -8.33333334e-03   1.00000000e+00   3.46452080e-02   5.56596678e-04   5.13097343e+00   6.29628117e+00
 3.10000000e+00  -8.33333334e-03   1.00000000e+00   3.75186846e-02   5.91706481e-04   5.15093839e+00   6.29766448e+00
 3.11000000e+00  -8.33333334e-03   1.00000000e+00   4.02975550e-02   6.21492483e-04   5.18576690e+00   6.30262593e+00
 3.12000000e+00  -8.33333334e-03   1.00000000e+00   4.29780217e-02   6.46066380e-04   5.20062672e+00   6.30458753e+00
 3.13000000e+00  -8.33333334e-03   1.00000000e+00   4.55656089e-02   6.65828487e-04   5.22880038e+00   6.30959361e+00
 3.14000000e+00  -8.33333334e-03   1.00000000e+00   4.80742800e-02   6.81501054e-04   5.23668552e+00   6.31120514e+00
 3.15000000e+00  -8.33333334e-03   1.00000000e+00   5.05255890e-02   6.94000659e-04   5.25723853e+00   6.31544358e+00
 3.16000000e+00  -8.33333334e-03   1.00000000e+00   5.29469760e-02   7.04263151e-04   5.25809434e+00   6.31609292e+00
 3.17000000e+00  -8.33333334e-03   1.00000000e+00   5.53702879e-02   7.13319451e-04   5.27192789e+00   6.31910520e+00
 3.18000000e+00  -8.33333334e-03   1.00000000e+00   5.78294773e-02   7.22276443e-04   5.26754782e+00   6.31846331e+00
 3.19000000e+00  -8.33333334e-03   1.00000000e+00   6.03587468e-02   7.32451202e-04   5.27718987e+00   6.32004084e+00
 3.20000000e+00  -8.33333334e-03   1.00000000e+00   6.29900008e-02   7.45200710e-04   5.27084207e+00   6.31814925e+00
 3.21000000e+00  -8.33333334e-03   1.00000000e+00   6.57509625e-02   7.61867749e-04   5.28014956e+00   6.31868611e+00
 3.22000000e+00  -8.33333334e-03   1.00000000e+00   6.86629807e-02   7.83656304e-04   5.27585958e+00   6.31610956e+00
 3.23000000e+00  -8.33333334e-03   1.00000000e+00   7.17397175e-02   8.11667871e-04   5.28898515e+00   6.31638608e+00
 3.24000000e+00  -8.33333334e-03   1.00000000e+00   7.49856994e-02   8.46567884e-04   5.29070315e+00   6.31411003e+00
 3.25000000e+00  -8.33333334e-03   1.00000000e+00   7.83960069e-02   8.88448109e-04   5.31107902e+00   6.31528344e+00
 3.26000000e+00  -8.33333334e-03   1.00000000e+00   8.19560057e-02   9.36752109e-04   5.32159192e+00   6.31454364e+00
 3.27000000e+00  -8.33333334e-03   1.00000000e+00   8.56422611e-02   9.90453020e-04   5.35104624e+00   6.31763156e+00
 3.28000000e+00  -8.33333334e-03   1.00000000e+00   8.94233462e-02   1.04813370e-03   5.37118811e+00   6.31929254e+00
 3.29000000e+00  -8.33333334e-03   1.00000000e+00   9.32617077e-02   1.10822798e-03   5.40958921e+00   6.32502534e+00
 3.30000000e+00  -8.33333334e-03   1.00000000e+00   9.71152641e-02   1.16910549e-03   5.43812324e+00   6.32950533e+00
 3.31000000e+00  -8.33333334e-03   1.00000000e+00   1.00939767e-01   1.22924795e-03   5.48337244e+00   6.33816241e+00
 3.32000000e+00  -8.33333334e-03   1.00000000e+00   1.04690733e-01   1.28733430e-03   5.51737808e+00   6.34545847e+00
 3.33000000e+00  -8.33333334e-03   1.00000000e+00   1.08325837e-01   1.34220484e-03   5.56594420e+00   6.35682516e+00
 3.34000000e+00  -8.33333334e-03   1.00000000e+00   1.11806671e-01   1.39289240e-03   5.60148966e+00   6.36659825e+00
 3.35000000e+00  -8.33333334e-03   1.00000000e+00   1.15100807e-01   1.43863378e-03   5.64916165e+00   6.38007619e+00
 3.36000000e+00  -8.33333334e-03   1.00000000e+00   1.18183054e-01   1.47873907e-03   5.68203553e+00   6.39157369e+00
 3.37000000e+00  -8.33333334e-03   1.00000000e+00   1.21036853e-01   1.51266607e-03   5.72477756e+00   6.40626472e+00
 3.38000000e+00  -8.33333334e-03   1.00000000e+00   1.23654679e-01   1.53999836e-03   5.75133857e+00   6.41849752e+00
 3.39000000e+00  -8.33333334e-03   1.00000000e+00   1.26038527e-01   1.56054048e-03   5.78610422e+00   6.43329659e+00
 3.40000000e+00  -8.33333334e-03   1.00000000e+00   1.28199335e-01   1.57441425e-03   5.80398448e+00   6.44505272e+00
 3.41000000e+00  -8.33333334e-03   1.00000000e+00   1.30156387e-01   1.58233632e-03   5.82937929e+00   6.45886468e+00
 3.42000000e+00  -8.33333334e-03   1.00000000e+00   1.31935772e-01   1.58529914e-03   5.83820424e+00   6.46921139e+00
 3.43000000e+00  -8.33333334e-03   1.00000000e+00   1.33568857e-01   1.58466248e-03   5.85476876e+00   6.48130353e+00
 3.44000000e+00  -8.33333334e-03   1.00000000e+00   1.35089967e-01   1.58209185e-03   5.85604282e+00   6.48970658e+00
 3.45000000e+00  -8.33333334e-03   1.00000000e+00   1.36534408e-01   1.57937213e-03   5.86629814e+00   6.49982503e+00
 3.46000000e+00  -8.33333334e-03   1.00000000e+00   1.37936019e-01   1.57816543e-03   5.86320150e+00   6.50636288e+00
 3.47000000e+00  -8.33333334e-03   1.00000000e+00   1.39325215e-01   1.57991251e-03   5.87079246e+00   6.51479057e+00
 3.48000000e+00  -8.33333334e-03   1.00000000e+00   1.40726972e-01   1.58564910e-03   5.86728950e+00   6.51994806e+00
 3.49000000e+00  -8.33333334e-03   1.00000000e+00   1.42159435e-01   1.59599796e-03   5.87622686e+00   6.52735014e+00
 3.50000000e+00  -8.33333334e-03   1.00000000e+00   1.43632581e-01   1.61122451e-03   5.87612275e+00   6.53189530e+00
 3.51000000e+00  -8.33333334e-03   1.00000000e+00   1.45147799e-01   1.63123241e-03   5.88977460e+00   6.53908930e+00
 3.52000000e+00  -8.33333334e-03   1.00000000e+00   1.46697532e-01   1.65548173e-03   5.89581991e+00   6.54392948e+00
 3.53000000e+00  -8.33333334e-03   1.00000000e+00   1.48265872e-01   1.68328845e-03   5.91617093e+00   6.55179366e+00
 3.54000000e+00  -8.33333334e-03   1.00000000e+00   1.49829083e-01   1.71375824e-03   5.92950354e+00   6.55774347e+00
 3.55000000e+00  -8.33333334e-03   1.00000000e+00   1.51357047e-01   1.74590378e-03   5.95676489e+00   6.56708297e+00
 3.56000000e+00  -8.33333334e-03   1.00000000e+00   1.52814658e-01   1.77861939e-03   5.97657089e+00   6.57475500e+00
 3.57000000e+00  -8.33333334e-03   1.00000000e+00   1.54163869e-01   1.81075188e-03   6.00907944e+00   6.58604883e+00
 3.58000000e+00  -8.33333334e-03   1.00000000e+00   1.55365581e-01   1.84107538e-03   6.03286972e+00   6.59575011e+00
 3.59000000e+00  -8.33333334e-03   1.00000000e+00   1.56381965e-01   1.86834761e-03   6.06738190e+00   6.60900883e+00
 3.60000000e+00  -8.33333334e-03   1.00000000e+00   1.57178407e-01   1.89130152e-03   6.09140419e+00   6.62050904e+00
 3.61000000e+00  -8.33333334e-03   1.00000000e+00   1.57725636e-01   1.90874731e-03   6.12385059e+00   6.63523345e+00
 3.62000000e+00  -8.33333334e-03   1.00000000e+00   1.58001230e-01   1.91962993e-03   6.14391493e+00   6.64778486e+00
 3.63000000e+00  -8.33333334e-03   1.00000000e+00   1.57991062e-01   1.92318085e-03   6.17026526e+00   6.66301939e+00
 3.64000000e+00  -8.33333334e-03   1.00000000e+00   1.57689988e-01   1.91898612e-03   6.18272060e+00   6.67552874e+00
 3.65000000e+00  -8.33333334e-03   1.00000000e+00   1.57102181e-01   1.90708145e-03   6.19992152e+00   6.69015119e+00
 3.66000000e+00  -8.33333334e-03   1.00000000e+00   1.56240783e-01   1.88793722e-03   6.20248427e+00   6.70154686e+00
 3.67000000e+00  -8.33333334e-03   1.00000000e+00   1.55127321e-01   1.86246071e-03   6.20913138e+00   6.71454748e+00
 3.68000000e+00  -8.33333334e-03   1.00000000e+00   1.53790340e-01   1.83187382e-03   6.20133657e+00   6.72396481e+00
 3.69000000e+00  -8.33333334e-03   1.00000000e+00   1.52263972e-01   1.79763392e-03   6.19794863e+00   6.73467177e+00
 3.70000000e+00  -8.33333334e-03   1.00000000e+00   1.50585915e-01   1.76126696e-03   6.18122717e+00   6.74162211e+00
 3.71000000e+00  -8.33333334e-03   1.00000000e+00   1.48795555e-01   1.72428259e-03   6.17007202e+00   6.74973937e+00
 3.72000000e+00  -8.33333334e-03   1.00000000e+00   1.46931723e-01   1.68804150e-03   6.14740041e+00   6.75413437e+00
 3.73000000e+00  -8.33333334e-03   1.00000000e+00   1.45030806e-01   1.65372874e-03   6.13199152e+00   6.75975223e+00
 3.74000000e+00  -8.33333334e-03   1.00000000e+00   1.43124705e-01   1.62230522e-03   6.10722214e+00   6.76186926e+00
 3.75000000e+00  -8.33333334e-03   1.00000000e+00   1.41239371e-01   1.59451600e-03   6.09155552e+00   6.76543323e+00
 3.76000000e+00  -8.33333334e-03   1.00000000e+00   1.39393321e-01   1.57083199e-03   6.06862229e+00   6.76591657e+00
 3.77000000e+00  -8.33333334e-03   1.00000000e+00   1.37596959e-01   1.55151921e-03   6.05633270e+00   6.76820956e+00
 3.78000000e+00  -8.33333334e-03   1.00000000e+00   1.35851947e-01   1.53656817e-03   6.03836298e+00   6.76793748e+00
 3.79000000e+00  -8.33333334e-03   1.00000000e+00   1.34151492e-01   1.52577346e-03   6.03190503e+00   6.76992452e+00
 3.80000000e+00  -8.33333334e-03   1.00000000e+00   1.32480712e-01   1.51863390e-03   6.02052147e+00   6.76985674e+00
 3.81000000e+00  -8.33333334e-03   1.00000000e+00   1.30817892e-01   1.51441681e-03   6.02060631e+00   6.77245595e+00
 3.82000000e+00  -8.33333334e-03   1.00000000e+00   1.29135757e-01   1.51208968e-03   6.01553272e+00   6.77337570e+00
 3.83000000e+00  -8.33333334e-03   1.00000000e+00   1.27403447e-01   1.51042140e-03   6.02094989e+00   6.77718238e+00
 3.84000000e+00  -8.33333334e-03   1.00000000e+00   1.25588348e-01   1.50798996e-03   6.02011233e+00   6.77943946e+00
 3.85000000e+00  -8.33333334e-03   1.00000000e+00   1.23658379e-01   1.50336868e-03   6.02805688e+00   6.78453032e+00
 3.86000000e+00  -8.33333334e-03   1.00000000e+00   1.21583889e-01   1.49514627e-03   6.02808075e+00   6.78793498e+00
 3.87000000e+00  -8.33333334e-03   1.00000000e+00   1.19339709e-01   1.48209547e-03   6.03482622e+00   6.79387035e+00
 3.88000000e+00  -8.33333334e-03   1.00000000e+00   1.16906685e-01   1.46326683e-03   6.03187839e+00   6.79776787e+00
 3.89000000e+00  -8.33333334e-03   1.00000000e+00   1.14273123e-01   1.43810124e-03   6.03368280e+00   6.80372021e+00
 3.90000000e+00  -8.33333334e-03   1.00000000e+00   1.11435525e-01   1.40643383e-03   6.02432206e+00   6.80719767e+00
 3.91000000e+00  -8.33333334e-03   1.00000000e+00   1.08399191e-01   1.36850078e-03   6.01823768e+00   6.81219067e+00
 3.92000000e+00  -8.33333334e-03   1.00000000e+00   1.05177981e-01   1.32483877e-03   6.00018362e+00   6.81430916e+00
 3.93000000e+00  -8.33333334e-03   1.00000000e+00   1.01793988e-01   1.27629352e-03   5.98472168e+00   6.81744226e+00
 3.94000000e+00  -8.33333334e-03   1.00000000e+00   9.82763694e-02   1.22384060e-03   5.95733576e+00   6.81737764e+00
 3.95000000e+00  -8.33333334e-03   1.00000000e+00   9.46601851e-02   1.16862483e-03   5.93277056e+00   6.81796609e+00
 3.96000000e+00  -8.33333334e-03   1.00000000e+00   9.09845183e-02   1.11181627e-03   5.89722824e+00   6.81517637e+00
 3.97000000e+00  -8.33333334e-03   1.00000000e+00   8.72907357e-02   1.05468391e-03   5.86559140e+00   6.81286548e+00
 3.98000000e+00  -8.33333334e-03   1.00000000e+00   8.36203067e-02   9.98462437e-04   5.82464428e+00   6.80717901e+00
 3.99000000e+00  -8.33333334e-03   1.00000000e+00   8.00128632e-02   9.44387933e-04   5.78933032e+00   6.80205979e+00
 4.00000000e+00  -8.33333334e-03   1.00000000e+00   7.65041315e-02   8.93632311e-04   5.74682396e+00   6.79381554e+00
 4.01000000e+00  -8.33333334e-03   1.00000000e+00   7.31243044e-02   8.47253313e-04   5.71187499e+00   6.78642936e+00
 4.02000000e+00  -8.33333334e-03   1.00000000e+00   6.98965010e-02   8.06058453e-04   5.67184933e+00   6.77641557e+00
 4.03000000e+00  -8.33333334e-03   1.00000000e+00   6.68359776e-02   7.70800200e-04   5.64107576e+00   6.76766196e+00
 4.04000000e+00  -8.33333334e-03   1.00000000e+00   6.39493498e-02   7.41830863e-04   5.60691642e+00   6.75688796e+00
 4.05000000e+00  -8.33333334e-03   1.00000000e+00   6.12346439e-02   7.19011504e-04   5.58307943e+00   6.74794402e+00
 4.06000000e+00  -8.33333334e-03   1.00000000e+00   5.86816374e-02   7.01747796e-04   5.55675225e+00   6.73753320e+00
 4.07000000e+00  -8.33333334e-03   1.00000000e+00   5.62729143e-02   6.89084787e-04   5.54092187e+00   6.72929422e+00
 4.08000000e+00  -8.33333334e-03   1.00000000e+00   5.39850054e-02   6.79765575e-04   5.52259310e+00   6.72001162e+00
 4.09000000e+00  -8.33333334e-03   1.00000000e+00   5.17901442e-02   6.72411051e-04   5.51403209e+00   6.71307930e+00
 4.10000000e+00  -8.33333334e-03   1.00000000e+00   4.96579731e-02   6.65613605e-04   5.50209112e+00   6.70525388e+00
 4.11000000e+00  -8.33333334e-03   1.00000000e+00   4.75576544e-02   6.58085311e-04   5.49846229e+00   6.69973161e+00
 4.12000000e+00  -8.33333334e-03   1.00000000e+00   4.54597187e-02   6.48699808e-04   5.48998116e+00   6.69325570e+00
 4.13000000e+00  -8.33333334e-03   1.00000000e+00   4.33381075e-02   6.36548558e-04   5.48793763e+00   6.68882681e+00
 4.14000000e+00  -8.33333334e-03   1.00000000e+00   4.11717534e-02   6.20908884e-04   5.47932952e+00   6.68318950e+00
 4.15000000e+00  -8.33333334e-03   1.00000000e+00   3.89461088e-02   6.01285377e-04   5.47527640e+00   6.67920029e+00
 4.16000000e+00  -8.33333334e-03   1.00000000e+00   3.66540806e-02   5.77403554e-04   5.46313042e+00   6.67360698e+00
 4.17000000e+00  -8.33333334e-03   1.00000000e+00   3.42967695e-02   5.49212666e-04   5.45402374e+00   6.66915444e+00
 4.18000000e+00  -8.33333334e-03   1.00000000e+00   3.18834767e-02   5.16927202e-04   5.43585921e+00   6.66270420e+00
 4.19000000e+00  -8.33333334e-03   1.00000000e+00   2.94315283e-02   4.81017522e-04   5.41991335e+00   6.65688954e+00
 4.20000000e+00  -8.33333334e-03   1.00000000e+00   2.69653595e-02   4.42088309e-04   5.39473384e+00   6.64876666e+00
 4.21000000e+00  -8.33333334e-03   1.00000000e+00   2.45153975e-02   4.00953287e-04   5.37184935e+00   6.64097224e+00
 4.22000000e+00  -8.33333334e-03   1.00000000e+00   2.21164218e-02   3.58654387e-04   5.34044810e+00   6.63068228e+00
 4.23000000e+00  -8.33333334e-03   1.00000000e+00   1.98058301e-02   3.16456890e-04   5.31224125e+00   6.62059268e+00
 4.24000000e+00  -8.33333334e-03   1.00000000e+00   1.76215944e-02   2.75775356e-04   5.27700011e+00   6.60810266e+00
 4.25000000e+00  -8.33333334e-03   1.00000000e+00   1.56003259e-02   2.38081060e-04   5.24650142e+00   6.59594628e+00
 4.26000000e+00  -8.33333334e-03   1.00000000e+00   1.37752724e-02   2.04756530e-04   5.21091975e+00   6.58174005e+00
 4.27000000e+00  -8.33333334e-03   1.00000000e+00   1.21746777e-02   1.77020912e-04   5.18189970e+00   6.56822067e+00
 4.28000000e+00  -8.33333334e-03   1.00000000e+00   1.08202296e-02   1.55784624e-04   5.14980393e+00   6.55316321e+00
 4.29000000e+00  -8.33333334e-03   1.00000000e+00   9.72605245e-03   1.41581687e-04   5.12594009e+00   6.53928208e+00
 4.30000000e+00  -8.33333334e-03   1.00000000e+00   8.89795034e-03   1.34499397e-04   5.10066234e+00   6.52444046e+00
 4.31000000e+00  -8.33333334e-03   1.00000000e+00   8.33327757e-03   1.34233251e-04   5.08475180e+00   6.51124393e+00
 4.32000000e+00  -8.33333334e-03   1.00000000e+00   8.02111520e-03   1.40128156e-04   5.06840170e+00   6.49759367e+00
 4.33000000e+00  -8.33333334e-03   1.00000000e+00   7.94302343e-03   1.51292098e-04   5.06176207e+00   6.48595802e+00
 4.34000000e+00  -8.33333334e-03   1.00000000e+00   8.07408026e-03   1.66705012e-04   5.05479812e+00   6.47422414e+00
 4.35000000e+00  -8.33333334e-03   1.00000000e+00   8.38440665e-03   1.85265188e-04   5.05701532e+00   6.46470027e+00
 4.36000000e+00  -8.33333334e-03   1.00000000e+00   8.84081169e-03   2.05824746e-04   5.05817401e+00   6.45527134e+00
 4.37000000e+00  -8.33333334e-03   1.00000000e+00   9.40876835e-03   2.27252434e-04   5.06722358e+00   6.44804824e+00
 4.38000000e+00  -8.33333334e-03   1.00000000e+00   1.00542910e-02   2.48449850e-04   5.07383223e+00   6.44088196e+00
 4.39000000e+00  -8.33333334e-03   1.00000000e+00   1.07459214e-02   2.68354338e-04   5.08654216e+00   6.43571903e+00
 4.40000000e+00  -8.33333334e-03   1.00000000e+00   1.14564177e-02   2.85992288e-04   5.09511653e+00   6.43037262e+00
 4.41000000e+00  -8.33333334e-03   1.00000000e+00   1.21643304e-02   3.00548253e-04   5.10788850e+00   6.42663042e+00
 4.42000000e+00  -8.33333334e-03   1.00000000e+00   1.28550876e-02   3.11406913e-04   5.11491808e+00   6.42231429e+00
 4.43000000e+00  -8.33333334e-03   1.00000000e+00   1.35218274e-02   3.18222551e-04   5.12452640e+00   6.41911432e+00
 4.44000000e+00  -8.33333334e-03   1.00000000e+00   1.41656294e-02   3.20946511e-04   5.12724868e+00   6.41491129e+00
 4.45000000e+00  -8.33333334e-03   1.00000000e+00   1.47954184e-02   3.19868168e-04   5.13156459e+00   6.41136333e+00
 4.46000000e+00  -8.33333334e-03   1.00000000e+00   1.54272520e-02   3.15560587e-04   5.12858680e+00   6.40647708e+00
 4.47000000e+00  -8.33333334e-03   1.00000000e+00   1.60833659e-02   3.08878949e-04   5.12702570e+00   6.40192125e+00
 4.48000000e+00  -8.33333334e-03   1.00000000e+00   1.67907256e-02   3.00946721e-04   5.11861194e+00   6.39584324e+00
 4.49000000e+00  -8.33333334e-03   1.00000000e+00   1.75794321e-02   2.93068936e-04   5.11226507e+00   6.38996745e+00
 4.50000000e+00  -8.33333334e-03   1.00000000e+00   1.84808087e-02   2.86683382e-04   5.10025659e+00   6.38260711e+00
 4.51000000e+00  -8.33333334e-03   1.00000000e+00   1.95255653e-02   2.83179544e-04   5.09162713e+00   6.37554674e+00
 4.52000000e+00  -8.33333334e-03   1.00000000e+00   2.07418394e-02   2.83751303e-04   5.07903410e+00   6.36726925e+00
 4.53000000e+00  -8.33333334e-03   1.00000000e+00   2.21535405e-02   2.89336124e-04   5.07148153e+00   6.35958095e+00
 4.54000000e+00  -8.33333334e-03   1.00000000e+00   2.37787661e-02   3.00576581e-04   5.06181814e+00   6.35105709e+00
 4.55000000e+00  -8.33333334e-03   1.00000000e+00   2.56286811e-02   3.17831063e-04   5.05879505e+00   6.34350645e+00
 4.56000000e+00  -8.33333334e-03   1.00000000e+00   2.77066357e-02   3.41170231e-04   5.05527226e+00   6.33558206e+00
 4.57000000e+00  -8.33333334e-03   1.00000000e+00   3.00078602e-02   3.70421155e-04   5.05956398e+00   6.32905246e+00
 4.58000000e+00  -8.33333334e-03   1.00000000e+00   3.25194847e-02   4.05196741e-04   5.06437155e+00   6.32259348e+00
 4.59000000e+00  -8.33333334e-03   1.00000000e+00   3.52211197e-02   4.44916254e-04   5.07745164e+00   6.31791355e+00
 4.60000000e+00  -8.33333334e-03   1.00000000e+00   3.80857656e-02   4.88826756e-04   5.09125352e+00   6.31367135e+00
 4.61000000e+00  -8.33333334e-03   1.00000000e+00   4.10811506e-02   5.35982050e-04   5.11293611e+00   6.31147505e+00
 4.62000000e+00  -8.33333334e-03   1.00000000e+00   4.41713288e-02   5.85289369e-04   5.13470445e+00   6.30992092e+00
 4.63000000e+00  -8.33333334e-03   1.00000000e+00   4.73185783e-02   6.35607321e-04   5.16317103e+00   6.31045399e+00
 4.64000000e+00  -8.33333334e-03   1.00000000e+00   5.04850334e-02   6.85564407e-04   5.19041468e+00   6.31164832e+00
 4.65000000e+00  -8.33333334e-03   1.00000000e+00   5.36348867e-02   7.33845212e-04   5.22263568e+00   6.31477597e+00
 4.66000000e+00  -8.33333334e-03   1.00000000e+00   5.67359248e-02   7.79181242e-04   5.25193586e+00   6.31827868e+00
 4.67000000e+00  -8.33333334e-03   1.00000000e+00   5.97612579e-02   8.20571243e-04   5.28431293e+00   6.32335443e+00
 4.68000000e+00  -8.33333334e-03   1.00000000e+00   6.26903893e-02   8.57215830e-04   5.31209522e+00   6.32840754e+00
 4.69000000e+00  -8.33333334e-03   1.00000000e+00   6.55102354e-02   8.88756422e-04   5.34127310e+00   6.33456066e+00
 4.70000000e+00  -8.33333334e-03   1.00000000e+00   6.82154473e-02   9.15156903e-04   5.36456306e+00   6.34022961e+00
 4.71000000e+00  -8.33333334e-03   1.00000000e+00   7.08085117e-02   9.36683980e-04   5.38812927e+00   6.34657062e+00
 4.72000000e+00  -8.33333334e-03   1.00000000e+00   7.32992527e-02   9.53943683e-04   5.40519021e+00   6.35202713e+00
 4.73000000e+00  -8.33333334e-03   1.00000000e+00   7.57040518e-02   9.67798532e-04   5.42217366e+00   6.35777433e+00
 4.74000000e+00  -8.33333334e-03   1.00000000e+00   7.80445657e-02   9.79271799e-04   5.43283571e+00   6.36238993e+00
 4.75000000e+00  -8.33333334e-03   1.00000000e+00   8.03462809e-02   9.89519912e-04   5.44389114e+00   6.36708953e+00
 4.76000000e+00  -8.33333334e-03   1.00000000e+00   8.26367371e-02   9.99725655e-04   5.44958986e+00   6.37056155e+00
 4.77000000e+00  -8.33333334e-03   1.00000000e+00   8.49437709e-02   1.01106771e-03   5.45682584e+00   6.37410380e+00
 4.78000000e+00  -8.33333334e-03   1.00000000e+00   8.72935040e-02   1.02442998e-03   5.46023641e+00   6.37654760e+00
 4.79000000e+00  -8.33333334e-03   1.00000000e+00   8.97088134e-02   1.04064240e-03   5.46673709e+00   6.37921198e+00
 4.80000000e+00  -8.33333334e-03   1.00000000e+00   9.22076151e-02   1.06036594e-03   5.47116460e+00   6.38100450e+00
 4.81000000e+00  -8.33333334e-03   1.00000000e+00   9.48017032e-02   1.08421403e-03   5.48026640e+00   6.38332905e+00
 4.82000000e+00  -8.33333334e-03   1.00000000e+00   9.74957364e-02   1.11257331e-03   5.48887501e+00   6.38516394e+00
 4.83000000e+00  -8.33333334e-03   1.00000000e+00   1.00286793e-01   1.14557852e-03   5.50339036e+00   6.38796898e+00
 4.84000000e+00  -8.33333334e-03   1.00000000e+00   1.03164249e-01   1.18305430e-03   5.51845861e+00   6.39071895e+00
 4.85000000e+00  -8.33333334e-03   1.00000000e+00   1.06110190e-01   1.22453538e-03   5.53998887e+00   6.39484092e+00
 4.86000000e+00  -8.33333334e-03   1.00000000e+00   1.09100166e-01   1.26927748e-03   5.56233921e+00   6.39927583e+00
 4.87000000e+00  -8.33333334e-03   1.00000000e+00   1.12104382e-01   1.31628116e-03   5.59088311e+00   6.40537212e+00
 4.88000000e+00  -8.33333334e-03   1.00000000e+00   1.15089110e-01   1.36435409e-03   5.61967945e+00   6.41200190e+00
 4.89000000e+00  -8.33333334e-03   1.00000000e+00   1.18018452e-01   1.41226017e-03   5.65361424e+00   6.42037596e+00
 4.90000000e+00  -8.33333334e-03   1.00000000e+00   1.20856033e-01   1.45863910e-03   5.68653448e+00   6.42928916e+00
 4.91000000e+00  -8.33333334e-03   1.00000000e+00   1.23566949e-01   1.50228894e-03   5.72297005e+00   6.43983901e+00
 4.92000000e+00  -8.33333334e-03   1.00000000e+00   1.26119427e-01   1.54198999e-03   5.75672058e+00   6.45070463e+00
 4.93000000e+00  -8.33333334e-03   1.00000000e+00   1.28486451e-01   1.57667287e-03   5.79212642e+00   6.46292919e+00
 4.94000000e+00  -8.33333334e-03   1.00000000e+00   1.30647065e-01   1.60561933e-03   5.82314886e+00   6.47504719e+00
 4.95000000e+00  -8.33333334e-03   1.00000000e+00   1.32587384e-01   1.62844259e-03   5.85412622e+00   6.48806802e+00
 4.96000000e+00  -8.33333334e-03   1.00000000e+00   1.34301131e-01   1.64509307e-03   5.87934220e+00   6.50055541e+00
 4.97000000e+00  -8.33333334e-03   1.00000000e+00   1.35789864e-01   1.65582218e-03   5.90333560e+00   6.51348030e+00
 4.98000000e+00  -8.33333334e-03   1.00000000e+00   1.37062644e-01   1.66117860e-03   5.92083024e+00   6.52545145e+00
 4.99000000e+00  -8.33333334e-03   1.00000000e+00   1.38135431e-01   1.66189221e-03   5.93665242e+00   6.53745978e+00
 5.00000000e+00  -8.33333334e-03   1.00000000e+00   1.39029977e-01   1.65885498e-03   5.94603734e+00   6.54820842e+00