  Time  Coordinate0  Coordinate1  Displacement0  Displacement1  Force0  Force1
 1.00000000e-02   0.00000000e+00   1.00000000e+00   1.40209082e-03   2.53740150e-06   2.03655856e+01  -1.52020001e+01
 2.00000000e-02   0.00000000e+00   1.00000000e+00   1.45349259e-03   9.20233008e-05   1.39714999e+01   3.19717624e+01
 3.00000000e-02   0.00000000e+00   1.00000000e+00   2.24703291e-03   1.04481990e-04   1.06942430e+01   2.48601963e+01
 4.00000000e-02   0.00000000e+00   1.00000000e+00   3.46697879e-03   1.34304672e-04   9.60776463e+00   2.14353495e+01
 5.00000000e-02   0.00000000e+00   1.00000000e+00   4.90511487e-03   1.69089190e-04   8.99905223e+00   1.97315696e+01
 6.00000000e-02   0.00000000e+00   1.00000000e+00   6.47430465e-03   2.01750367e-04   8.56190155e+00   1.87627022e+01
 7.00000000e-02   0.00000000e+00   1.00000000e+00   8.33255610e-03   2.16300325e-04   8.27741454e+00   1.79543494e+01
 8.00000000e-02   0.00000000e+00   1.00000000e+00   1.02949915e-02   2.16135334e-04   8.02360451e+00   1.74675203e+01
 9.00000000e-02   0.00000000e+00   1.00000000e+00   1.25460392e-02   1.91383647e-04   7.86153065e+00   1.69478366e+01
 1.00000000e-01   0.00000000e+00   1.00000000e+00   1.51073158e-02   1.56720242e-04   7.68829079e+00   1.66323687e+01
 1.10000000e-01   0.00000000e+00   1.00000000e+00   1.78077723e-02   1.08204405e-04   7.60667462e+00   1.62718170e+01
 1.20000000e-01   0.00000000e+00   1.00000000e+00   2.10634217e-02   6.69462183e-05   7.49081243e+00   1.60247645e+01
 1.30000000e-01   0.00000000e+00   1.00000000e+00   2.43091915e-02   2.88464530e-05   7.46998049e+00   1.57821860e+01
 1.40000000e-01   0.00000000e+00   1.00000000e+00   2.80941343e-02   1.33893378e-05   7.41485573e+00   1.55751625e+01
 1.50000000e-01   0.00000000e+00   1.00000000e+00   3.18826349e-02   1.06992934e-05   7.42458609e+00   1.54187883e+01
 1.60000000e-01   0.00000000e+00   1.00000000e+00   3.58588976e-02   3.28268787e-05   7.43763135e+00   1.52547212e+01
 1.70000000e-01   0.00000000e+00   1.00000000e+00   3.99856533e-02   6.30690554e-05   7.44875105e+00   1.51470670e+01
 1.80000000e-01   0.00000000e+00   1.00000000e+00   4.38689730e-02   1.05433593e-04   7.51241901e+00   1.50319956e+01
 1.90000000e-01   0.00000000e+00   1.00000000e+00   4.80031145e-02   1.41274469e-04   7.51006050e+00   1.49368219e+01
 2.00000000e-01   0.00000000e+00   1.00000000e+00   5.17107186e-02   1.70189730e-04   7.58471137e+00   1.48620474e+01
 2.10000000e-01   0.00000000e+00   1.00000000e+00   5.56177880e-02   1.80050630e-04   7.57427062e+00   1.47617214e+01
 2.20000000e-01   0.00000000e+00   1.00000000e+00   5.92371741e-02   1.71131852e-04   7.62463873e+00   1.47050053e+01
 2.30000000e-01   0.00000000e+00   1.00000000e+00   6.29265968e-02   1.44215067e-04   7.62089453e+00   1.46008211e+01
 2.40000000e-01   0.00000000e+00   1.00000000e+00   6.65812501e-02   1.02232194e-04   7.63982300e+00   1.45422113e+01
 2.50000000e-01   0.00000000e+00   1.00000000e+00   7.02157145e-02   5.89262599e-05   7.65480662e+00   1.44451093e+01
 2.60000000e-01   0.00000000e+00   1.00000000e+00   7.39609760e-02   1.57458370e-05   7.65888407e+00   1.43787351e+01
 2.70000000e-01   0.00000000e+00   1.00000000e+00   7.76282430e-02  -7.53524862e-06   7.69707767e+00   1.43000221e+01
 2.80000000e-01   0.00000000e+00   1.00000000e+00   8.14337236e-02  -1.85702889e-05   7.69933955e+00   1.42304733e+01
 2.90000000e-01   0.00000000e+00   1.00000000e+00   8.50513580e-02  -3.25291972e-07   7.75824499e+00   1.41754522e+01
 3.00000000e-01   0.00000000e+00   1.00000000e+00   8.88360839e-02   2.65849405e-05   7.75466969e+00   1.41100906e+01
 3.10000000e-01   0.00000000e+00   1.00000000e+00   9.22983318e-02   7.34354496e-05   7.82250864e+00   1.40740867e+01
 3.20000000e-01   0.00000000e+00   1.00000000e+00   9.59870885e-02   1.11135863e-04   7.80593022e+00   1.40180646e+01
 3.30000000e-01   0.00000000e+00   1.00000000e+00   9.93635691e-02   1.49851737e-04   7.86284848e+00   1.39851455e+01
 3.40000000e-01   0.00000000e+00   1.00000000e+00   1.02948564e-01   1.62171561e-04   7.84342929e+00   1.39455491e+01
 3.50000000e-01   0.00000000e+00   1.00000000e+00   1.06481113e-01   1.63752790e-04   7.87195601e+00   1.38954271e+01
 3.60000000e-01   0.00000000e+00   1.00000000e+00   1.10062837e-01   1.36691372e-04   7.87519525e+00   1.38800781e+01
 3.70000000e-01   0.00000000e+00   1.00000000e+00   1.13951293e-01   1.03584697e-04   7.87557017e+00   1.38052121e+01
 3.80000000e-01   0.00000000e+00   1.00000000e+00   1.17705677e-01   5.60583571e-05   7.91840095e+00   1.38119895e+01
 3.90000000e-01   0.00000000e+00   1.00000000e+00   1.21924367e-01   1.82714079e-05   7.91372955e+00   1.37297545e+01
 4.00000000e-01   0.00000000e+00   1.00000000e+00   1.25979251e-01  -1.49302207e-05   7.98798170e+00   1.37424777e+01
 4.10000000e-01   0.00000000e+00   1.00000000e+00   1.30312279e-01  -2.54048613e-05   8.00924485e+00   1.36857455e+01
 4.20000000e-01   0.00000000e+00   1.00000000e+00   1.34611607e-01  -2.16357762e-05   8.09148484e+00   1.36849263e+01
 4.30000000e-01   0.00000000e+00   1.00000000e+00   1.38829611e-01   4.29917475e-06   8.15222385e+00   1.36768912e+01
 4.40000000e-01   0.00000000e+00   1.00000000e+00   1.43117235e-01   3.89501366e-05   8.22507902e+00   1.36566716e+01
 4.50000000e-01   0.00000000e+00   1.00000000e+00   1.47087184e-01   8.13802439e-05   8.31069981e+00   1.36885471e+01
 4.60000000e-01   0.00000000e+00   1.00000000e+00   1.51057784e-01   1.17579590e-04   8.37011721e+00   1.36619058e+01
 4.70000000e-01   0.00000000e+00   1.00000000e+00   1.54715656e-01   1.42991151e-04   8.45296101e+00   1.36987657e+01
 4.80000000e-01   0.00000000e+00   1.00000000e+00   1.58215964e-01   1.50522268e-04   8.49834602e+00   1.36832908e+01
 4.90000000e-01   0.00000000e+00   1.00000000e+00   1.61515371e-01   1.37571687e-04   8.56424470e+00   1.36943175e+01
 5.00000000e-01   0.00000000e+00   1.00000000e+00   1.64606706e-01   1.09052891e-04   8.59110526e+00   1.36954468e+01
 5.10000000e-01   0.00000000e+00   1.00000000e+00   1.67533571e-01   6.61354076e-05   8.64950140e+00   1.36765810e+01
 5.20000000e-01   0.00000000e+00   1.00000000e+00   1.70353772e-01   2.41789212e-05   8.65758040e+00   1.36891375e+01
 5.30000000e-01   0.00000000e+00   1.00000000e+00   1.72946180e-01  -1.56180485e-05   8.72425360e+00   1.36575477e+01
 5.40000000e-01   0.00000000e+00   1.00000000e+00   1.75518300e-01  -3.54811404e-05   8.72596150e+00   1.36787174e+01
 5.50000000e-01   0.00000000e+00   1.00000000e+00   1.77807018e-01  -4.09498857e-05   8.80002207e+00   1.36511274e+01
 5.60000000e-01   0.00000000e+00   1.00000000e+00   1.80002513e-01  -1.99901986e-05   8.81138144e+00   1.36846282e+01
 5.70000000e-01   0.00000000e+00   1.00000000e+00   1.81933635e-01   1.15644855e-05   8.87253124e+00   1.36652153e+01
 5.80000000e-01   0.00000000e+00   1.00000000e+00   1.83628576e-01   5.81613846e-05   8.89373180e+00   1.37084670e+01
 5.90000000e-01   0.00000000e+00   1.00000000e+00   1.85108466e-01   9.79501812e-05   8.92296885e+00   1.36950329e+01
 6.00000000e-01   0.00000000e+00   1.00000000e+00   1.86353396e-01   1.33043712e-04   8.93648988e+00   1.37318206e+01
 6.10000000e-01   0.00000000e+00   1.00000000e+00   1.87411299e-01   1.45645214e-04   8.93542197e+00   1.37247867e+01
 6.20000000e-01   0.00000000e+00   1.00000000e+00   1.88424495e-01   1.41661842e-04   8.92929216e+00   1.37400612e+01
 6.30000000e-01   0.00000000e+00   1.00000000e+00   1.89294713e-01   1.15536897e-04   8.91697840e+00   1.37388263e+01
 6.40000000e-01   0.00000000e+00   1.00000000e+00   1.90290769e-01   7.73340323e-05   8.90485719e+00   1.37393926e+01
 6.50000000e-01   0.00000000e+00   1.00000000e+00   1.91264054e-01   3.38410714e-05   8.89962201e+00   1.37357624e+01
 6.60000000e-01   0.00000000e+00   1.00000000e+00   1.92305337e-01  -6.66186021e-06   8.90956941e+00   1.37469754e+01
 6.70000000e-01   0.00000000e+00   1.00000000e+00   1.93466557e-01  -3.17978432e-05   8.91931983e+00   1.37328453e+01
 6.80000000e-01   0.00000000e+00   1.00000000e+00   1.94471863e-01  -4.29305515e-05   8.96175912e+00   1.37707806e+01
 6.90000000e-01   0.00000000e+00   1.00000000e+00   1.95602885e-01  -2.88612840e-05   8.98943950e+00   1.37536945e+01
 7.00000000e-01   0.00000000e+00   1.00000000e+00   1.96453778e-01  -4.31310973e-06   9.04127431e+00   1.38054821e+01
 7.10000000e-01   0.00000000e+00   1.00000000e+00   1.97219111e-01   3.91386137e-05   9.08933945e+00   1.38074873e+01
 7.20000000e-01   0.00000000e+00   1.00000000e+00   1.97823686e-01   7.65840019e-05   9.11462915e+00   1.38418881e+01
 7.30000000e-01   0.00000000e+00   1.00000000e+00   1.98047645e-01   1.17616690e-04   9.17969637e+00   1.38778249e+01
 7.40000000e-01   0.00000000e+00   1.00000000e+00   1.98325871e-01   1.34739024e-04   9.16556602e+00   1.38776822e+01
 7.50000000e-01   0.00000000e+00   1.00000000e+00   1.98081416e-01   1.44204596e-04   9.23207524e+00   1.39348771e+01
 7.60000000e-01   0.00000000e+00   1.00000000e+00   1.97953034e-01   1.23361932e-04   9.19976129e+00   1.39158179e+01
 7.70000000e-01   0.00000000e+00   1.00000000e+00   1.97403436e-01   9.72209155e-05   9.24669150e+00   1.39605913e+01
 7.80000000e-01   0.00000000e+00   1.00000000e+00   1.96822189e-01   5.06243131e-05   9.22704564e+00   1.39544351e+01
 7.90000000e-01   0.00000000e+00   1.00000000e+00   1.96014997e-01   1.36068451e-05   9.24570758e+00   1.39632358e+01
 8.00000000e-01   0.00000000e+00   1.00000000e+00   1.94986803e-01  -2.51855144e-05   9.24911074e+00   1.39880535e+01
 8.10000000e-01   0.00000000e+00   1.00000000e+00   1.93811851e-01  -3.86473831e-05   9.24897976e+00   1.39674824e+01
 8.20000000e-01   0.00000000e+00   1.00000000e+00   1.92343501e-01  -4.11255486e-05   9.26052783e+00   1.40167951e+01
 8.30000000e-01   0.00000000e+00   1.00000000e+00   1.90659711e-01  -1.52469364e-05   9.25398840e+00   1.39915521e+01
 8.40000000e-01   0.00000000e+00   1.00000000e+00   1.88709112e-01   1.80790601e-05   9.25212663e+00   1.40467728e+01
 8.50000000e-01   0.00000000e+00   1.00000000e+00   1.86481370e-01   6.61688314e-05   9.23737387e+00   1.40326665e+01
 8.60000000e-01   0.00000000e+00   1.00000000e+00   1.84016966e-01   1.05125110e-04   9.21126377e+00   1.40782222e+01
 8.70000000e-01   0.00000000e+00   1.00000000e+00   1.81344071e-01   1.38748299e-04   9.17665410e+00   1.40731280e+01
 8.80000000e-01   0.00000000e+00   1.00000000e+00   1.78476434e-01   1.48600680e-04   9.12708490e+00   1.40978151e+01
 8.90000000e-01   0.00000000e+00   1.00000000e+00   1.75532121e-01   1.42511381e-04   9.07360399e+00   1.40975394e+01
 9.00000000e-01   0.00000000e+00   1.00000000e+00   1.72539783e-01   1.13634673e-04   9.00599922e+00   1.40923440e+01
 9.10000000e-01   0.00000000e+00   1.00000000e+00   1.69508393e-01   7.55418889e-05   8.95602749e+00   1.41021381e+01
 9.20000000e-01   0.00000000e+00   1.00000000e+00   1.66666339e-01   3.15547490e-05   8.87909148e+00   1.40692950e+01
 9.30000000e-01   0.00000000e+00   1.00000000e+00   1.63699359e-01  -5.02769799e-06   8.85708361e+00   1.40934897e+01
 9.40000000e-01   0.00000000e+00   1.00000000e+00   1.61061455e-01  -2.77711239e-05   8.78548045e+00   1.40562518e+01
 9.50000000e-01   0.00000000e+00   1.00000000e+00   1.58229282e-01  -3.22782844e-05   8.79260363e+00   1.40827496e+01
 9.60000000e-01   0.00000000e+00   1.00000000e+00   1.55604768e-01  -1.50926448e-05   8.74176166e+00   1.40749282e+01
 9.70000000e-01   0.00000000e+00   1.00000000e+00   1.52852915e-01   1.53458326e-05   8.75461759e+00   1.40808051e+01
 9.80000000e-01   0.00000000e+00   1.00000000e+00   1.50015733e-01   5.90996034e-05   8.72642057e+00   1.41196546e+01
 9.90000000e-01   0.00000000e+00   1.00000000e+00   1.47186912e-01   9.87810898e-05   8.72233141e+00   1.40915961e+01
 1.00000000e+00   0.00000000e+00   1.00000000e+00   1.44094453e-01   1.35680447e-04   8.69931047e+00   1.41601282e+01
 1.01000000e+00   0.00000000e+00   1.00000000e+00   1.41040577e-01   1.51934662e-04   8.67886216e+00   1.41105651e+01
 1.02000000e+00   0.00000000e+00   1.00000000e+00   1.37833288e-01   1.55005222e-04   8.63955071e+00   1.41697863e+01
 1.03000000e+00   0.00000000e+00   1.00000000e+00   1.34531424e-01   1.33934056e-04   8.62047920e+00   1.41274515e+01
 1.04000000e+00   0.00000000e+00   1.00000000e+00   1.31338256e-01   1.02954149e-04   8.56165576e+00   1.41483975e+01
 1.05000000e+00   0.00000000e+00   1.00000000e+00   1.27882904e-01   6.02181759e-05   8.55522428e+00   1.41324378e+01
 1.06000000e+00   0.00000000e+00   1.00000000e+00   1.24660603e-01   2.15894388e-05   8.49585998e+00   1.41174921e+01
 1.07000000e+00   0.00000000e+00   1.00000000e+00   1.21123281e-01  -9.24775499e-06   8.49377440e+00   1.41242618e+01
 1.08000000e+00   0.00000000e+00   1.00000000e+00   1.17688841e-01  -2.28961109e-05   8.45377841e+00   1.40980534e+01
 1.09000000e+00   0.00000000e+00   1.00000000e+00   1.13999218e-01  -1.61903340e-05   8.43915191e+00   1.41102833e+01
 1.10000000e+00   0.00000000e+00   1.00000000e+00   1.10192462e-01   7.74573666e-06   8.41541991e+00   1.40936072e+01
 1.11000000e+00   0.00000000e+00   1.00000000e+00   1.06197304e-01   4.86005059e-05   8.37922876e+00   1.40970549e+01
 1.12000000e+00   0.00000000e+00   1.00000000e+00   1.02005405e-01   9.11463214e-05   8.34773019e+00   1.40924177e+01
 1.13000000e+00   0.00000000e+00   1.00000000e+00   9.76654522e-02   1.35039509e-04   8.29275479e+00   1.40801658e+01
 1.14000000e+00   0.00000000e+00   1.00000000e+00   9.32283534e-02   1.60124841e-04   8.23365286e+00   1.40786920e+01
 1.15000000e+00   0.00000000e+00   1.00000000e+00   8.87351189e-02   1.73283854e-04   8.16756590e+00   1.40474716e+01
 1.16000000e+00   0.00000000e+00   1.00000000e+00   8.42776048e-02   1.58111285e-04   8.08549785e+00   1.40431940e+01
 1.17000000e+00   0.00000000e+00   1.00000000e+00   7.99397457e-02   1.32929281e-04   8.01657244e+00   1.39941345e+01
 1.18000000e+00   0.00000000e+00   1.00000000e+00   7.56964733e-02   8.81089463e-05   7.93281160e+00   1.39850083e+01
 1.19000000e+00   0.00000000e+00   1.00000000e+00   7.17030689e-02   4.98632783e-05   7.87304100e+00   1.39309269e+01
 1.20000000e+00   0.00000000e+00   1.00000000e+00   6.78481344e-02   1.06026240e-05   7.80075540e+00   1.39136866e+01
 1.21000000e+00   0.00000000e+00   1.00000000e+00   6.41640274e-02  -4.63134936e-06   7.76492277e+00   1.38752917e+01
 1.22000000e+00   0.00000000e+00   1.00000000e+00   6.07447962e-02  -8.65307241e-06   7.69901563e+00   1.38471950e+01
 1.23000000e+00   0.00000000e+00   1.00000000e+00   5.72396012e-02   1.51095374e-05   7.69226894e+00   1.38366050e+01
 1.24000000e+00   0.00000000e+00   1.00000000e+00   5.41594792e-02   4.60855731e-05   7.62348001e+00   1.38012570e+01
 1.25000000e+00   0.00000000e+00   1.00000000e+00   5.08032867e-02   9.23698301e-05   7.63099789e+00   1.38093792e+01
 1.26000000e+00   0.00000000e+00   1.00000000e+00   4.78994181e-02   1.30046865e-04   7.56350595e+00   1.37772393e+01
 1.27000000e+00   0.00000000e+00   1.00000000e+00   4.47997370e-02   1.64817147e-04   7.55916628e+00   1.37791306e+01
 1.28000000e+00   0.00000000e+00   1.00000000e+00   4.19781985e-02   1.76927604e-04   7.50813464e+00   1.37612749e+01
 1.29000000e+00   0.00000000e+00   1.00000000e+00   3.92419380e-02   1.76125262e-04   7.47777087e+00   1.37355704e+01
 1.30000000e+00   0.00000000e+00   1.00000000e+00   3.65495796e-02   1.51648818e-04   7.45100750e+00   1.37347179e+01
 1.31000000e+00   0.00000000e+00   1.00000000e+00   3.41538178e-02   1.18977151e-04   7.40585206e+00   1.36804410e+01
 1.32000000e+00   0.00000000e+00   1.00000000e+00   3.17032557e-02   7.58091754e-05   7.39445103e+00   1.36888506e+01
 1.33000000e+00   0.00000000e+00   1.00000000e+00   2.95108875e-02   3.92277273e-05   7.35976678e+00   1.36246212e+01
 1.34000000e+00   0.00000000e+00   1.00000000e+00   2.73223501e-02   1.03896030e-05   7.34877116e+00   1.36308119e+01
 1.35000000e+00   0.00000000e+00   1.00000000e+00   2.51828826e-02   7.95977189e-07   7.33872962e+00   1.35794054e+01
 1.36000000e+00   0.00000000e+00   1.00000000e+00   2.31129979e-02   9.14238802e-06   7.32113111e+00   1.35753826e+01
 1.37000000e+00   0.00000000e+00   1.00000000e+00   2.09212738e-02   3.61290227e-05   7.32682727e+00   1.35475203e+01
 1.38000000e+00   0.00000000e+00   1.00000000e+00   1.87765746e-02   7.59163559e-05   7.30153573e+00   1.35303494e+01
 1.39000000e+00   0.00000000e+00   1.00000000e+00   1.64807132e-02   1.18743166e-04   7.30321221e+00   1.35191609e+01
 1.40000000e+00   0.00000000e+00   1.00000000e+00   1.42168355e-02   1.58513136e-04   7.26429768e+00   1.34878871e+01
 1.41000000e+00   0.00000000e+00   1.00000000e+00   1.18532579e-02   1.81612384e-04   7.25272888e+00   1.34778851e+01
 1.42000000e+00   0.00000000e+00   1.00000000e+00   9.65241700e-03   1.89319563e-04   7.19073234e+00   1.34340781e+01
 1.43000000e+00   0.00000000e+00   1.00000000e+00   7.40003709e-03   1.72170758e-04   7.17374015e+00   1.34119436e+01
 1.44000000e+00   0.00000000e+00   1.00000000e+00   5.53435781e-03   1.42464398e-04   7.09115824e+00   1.33650713e+01
 1.45000000e+00   0.00000000e+00   1.00000000e+00   3.67438855e-03   9.81330561e-05   7.07977700e+00   1.33247822e+01
 1.46000000e+00   0.00000000e+00   1.00000000e+00   2.29398087e-03   5.79509691e-05   6.99979536e+00   1.32904341e+01
 1.47000000e+00   0.00000000e+00   1.00000000e+00   1.03488047e-03   2.24907637e-05   6.99386690e+00   1.32354175e+01
 1.48000000e+00   0.00000000e+00   1.00000000e+00   9.87370165e-05   7.37762411e-06   6.94427569e+00   1.32239820e+01
 1.49000000e+00   0.00000000e+00   1.00000000e+00  -5.77132748e-04   9.06073740e-06   6.93468418e+00   1.31652525e+01
 1.50000000e+00   0.00000000e+00   1.00000000e+00  -1.17110506e-03   3.22383377e-05   6.92076312e+00   1.31734543e+01
 1.51000000e+00   0.00000000e+00   1.00000000e+00  -1.45532692e-03   6.79129708e-05   6.90246535e+00   1.31226489e+01
 1.52000000e+00   0.00000000e+00   1.00000000e+00  -1.71135831e-03   1.09965469e-04   6.90206736e+00   1.31349961e+01
 1.53000000e+00   0.00000000e+00   1.00000000e+00  -1.74521917e-03   1.49429585e-04   6.88034610e+00   1.30997740e+01
 1.54000000e+00   0.00000000e+00   1.00000000e+00  -1.56314534e-03   1.75845843e-04   6.86971314e+00   1.30992143e+01
 1.55000000e+00   0.00000000e+00   1.00000000e+00  -1.28578924e-03   1.87843137e-04   6.85301592e+00   1.30822316e+01
 1.56000000e+00   0.00000000e+00   1.00000000e+00  -5.92727572e-04   1.77230262e-04   6.83271666e+00   1.30608819e+01
 1.57000000e+00   0.00000000e+00   1.00000000e+00   1.64513286e-04   1.53806061e-04   6.82432033e+00   1.30590346e+01
 1.58000000e+00   0.00000000e+00   1.00000000e+00   1.31390677e-03   1.13642736e-04   6.81486846e+00   1.30223712e+01
 1.59000000e+00   0.00000000e+00   1.00000000e+00   2.59541364e-03   7.48775201e-05   6.81475108e+00   1.30277742e+01
 1.60000000e+00   0.00000000e+00   1.00000000e+00   4.05193437e-03   3.48031006e-05   6.82900020e+00   1.29901773e+01
 1.61000000e+00   0.00000000e+00   1.00000000e+00   5.66860469e-03   1.28018470e-05   6.84072174e+00   1.29948125e+01
 1.62000000e+00   0.00000000e+00   1.00000000e+00   7.27836940e-03   2.15729320e-06   6.86731715e+00   1.29703562e+01
 1.63000000e+00   0.00000000e+00   1.00000000e+00   8.93827217e-03   1.65458557e-05   6.89554693e+00   1.29701078e+01
 1.64000000e+00   0.00000000e+00   1.00000000e+00   1.05840559e-02   4.19240137e-05   6.91202829e+00   1.29630362e+01
 1.65000000e+00   0.00000000e+00   1.00000000e+00   1.21133973e-02   8.38929251e-05   6.95214588e+00   1.29574299e+01
 1.66000000e+00   0.00000000e+00   1.00000000e+00   1.37159635e-02   1.22914122e-04   6.94792176e+00   1.29614796e+01
 1.67000000e+00   0.00000000e+00   1.00000000e+00   1.51549157e-02   1.60479881e-04   6.98263614e+00   1.29491601e+01
 1.68000000e+00   0.00000000e+00   1.00000000e+00   1.67076820e-02   1.78483770e-04   6.96600239e+00   1.29536439e+01
 1.69000000e+00   0.00000000e+00   1.00000000e+00   1.82237954e-02   1.81750685e-04   6.97870700e+00   1.29329070e+01
 1.70000000e+00   0.00000000e+00   1.00000000e+00   1.98447108e-02   1.60602983e-04   6.96356052e+00   1.29283346e+01
 1.71000000e+00   0.00000000e+00   1.00000000e+00   2.15894240e-02   1.27565786e-04   6.95628464e+00   1.29031346e+01
 1.72000000e+00   0.00000000e+00   1.00000000e+00   2.34788818e-02   8.23173368e-05   6.94834006e+00   1.28862375e+01
 1.73000000e+00   0.00000000e+00   1.00000000e+00   2.55219482e-02   4.17526908e-05   6.94124185e+00   1.28662541e+01
 1.74000000e+00   0.00000000e+00   1.00000000e+00   2.78066341e-02   8.64430798e-06   6.93966096e+00   1.28433964e+01
 1.75000000e+00   0.00000000e+00   1.00000000e+00   3.01598799e-02  -4.47785263e-06   6.94910258e+00   1.28368120e+01
 1.76000000e+00   0.00000000e+00   1.00000000e+00   3.27792242e-02   6.24299511e-07   6.95537667e+00   1.28197676e+01
 1.77000000e+00   0.00000000e+00   1.00000000e+00   3.54360261e-02   2.57008243e-05   6.97632761e+00   1.28250318e+01
 1.78000000e+00   0.00000000e+00   1.00000000e+00   3.82273441e-02   6.29000788e-05   6.99431481e+00   1.28231341e+01
 1.79000000e+00   0.00000000e+00   1.00000000e+00   4.11747125e-02   1.04233013e-04   7.00886878e+00   1.28283490e+01
 1.80000000e+00   0.00000000e+00   1.00000000e+00   4.40848778e-02   1.41758546e-04   7.03622406e+00   1.28430472e+01
 1.81000000e+00   0.00000000e+00   1.00000000e+00   4.73072778e-02   1.64462716e-04   7.03851556e+00   1.28367759e+01
 1.82000000e+00   0.00000000e+00   1.00000000e+00   5.04836407e-02   1.72262046e-04   7.06512027e+00   1.28611425e+01
 1.83000000e+00   0.00000000e+00   1.00000000e+00   5.39753708e-02   1.57318446e-04   7.07233236e+00   1.28443715e+01
 1.84000000e+00   0.00000000e+00   1.00000000e+00   5.76070489e-02   1.30594354e-04   7.09139425e+00   1.28678073e+01
 1.85000000e+00   0.00000000e+00   1.00000000e+00   6.13661279e-02   8.86143418e-05   7.12722875e+00   1.28536098e+01
 1.86000000e+00   0.00000000e+00   1.00000000e+00   6.54388888e-02   4.99279548e-05   7.14611161e+00   1.28703030e+01
 1.87000000e+00   0.00000000e+00   1.00000000e+00   6.94151350e-02   1.17511172e-05   7.21605849e+00   1.28710441e+01
 1.88000000e+00   0.00000000e+00   1.00000000e+00   7.36515005e-02  -7.34413979e-06   7.25042198e+00   1.28841794e+01
 1.89000000e+00   0.00000000e+00   1.00000000e+00   7.76924289e-02  -1.42850544e-05   7.33579369e+00   1.29009669e+01
 1.90000000e+00   0.00000000e+00   1.00000000e+00   8.17433912e-02   2.67844553e-06   7.39018384e+00   1.29176777e+01
 1.91000000e+00   0.00000000e+00   1.00000000e+00   8.56262650e-02   3.04109685e-05   7.46572451e+00   1.29409918e+01
 1.92000000e+00   0.00000000e+00   1.00000000e+00   8.93097981e-02   7.15515089e-05   7.52547715e+00   1.29623074e+01
 1.93000000e+00   0.00000000e+00   1.00000000e+00   9.28753526e-02   1.10057061e-04   7.57833652e+00   1.29838208e+01
 1.94000000e+00   0.00000000e+00   1.00000000e+00   9.62357330e-02   1.42994092e-04   7.62426722e+00   1.30015452e+01
 1.95000000e+00   0.00000000e+00   1.00000000e+00   9.95094193e-02   1.59031139e-04   7.65643699e+00   1.30192337e+01
 1.96000000e+00   0.00000000e+00   1.00000000e+00   1.02690112e-01   1.56191936e-04   7.68641239e+00   1.30266118e+01
 1.97000000e+00   0.00000000e+00   1.00000000e+00   1.05850408e-01   1.34510958e-04   7.70398765e+00   1.30395575e+01
 1.98000000e+00   0.00000000e+00   1.00000000e+00   1.08952082e-01   9.69218342e-05   7.73628715e+00   1.30401098e+01
 1.99000000e+00   0.00000000e+00   1.00000000e+00   1.12151771e-01   5.44628743e-05   7.74329541e+00   1.30474485e+01
 2.00000000e+00   0.00000000e+00   1.00000000e+00   1.15203380e-01   1.23840852e-05   7.79515520e+00   1.30501923e+01
 2.01000000e+00   0.00000000e+00   1.00000000e+00   1.18421546e-01  -1.51125416e-05   7.79846416e+00   1.30561619e+01
 2.02000000e+00   0.00000000e+00   1.00000000e+00   1.21429135e-01  -2.75754399e-05   7.86448014e+00   1.30646964e+01
 2.03000000e+00   0.00000000e+00   1.00000000e+00   1.24518333e-01  -1.65092010e-05   7.87523275e+00   1.30798522e+01
 2.04000000e+00   0.00000000e+00   1.00000000e+00   1.27494980e-01   9.11546844e-06   7.93126812e+00   1.30890300e+01
 2.05000000e+00   0.00000000e+00   1.00000000e+00   1.30376452e-01   4.97326161e-05   7.95721698e+00   1.31201991e+01
 2.06000000e+00   0.00000000e+00   1.00000000e+00   1.33334591e-01   8.96092035e-05   7.98582240e+00   1.31243284e+01
 2.07000000e+00   0.00000000e+00   1.00000000e+00   1.36122158e-01   1.26525199e-04   8.02353256e+00   1.31639247e+01
 2.08000000e+00   0.00000000e+00   1.00000000e+00   1.39076389e-01   1.45893628e-04   8.03284423e+00   1.31671544e+01
 2.09000000e+00   0.00000000e+00   1.00000000e+00   1.41984207e-01   1.50142171e-04   8.07260218e+00   1.31969381e+01
 2.10000000e+00   0.00000000e+00   1.00000000e+00   1.44973378e-01   1.32347143e-04   8.08761861e+00   1.32095851e+01
 2.11000000e+00   0.00000000e+00   1.00000000e+00   1.48103845e-01   1.02246271e-04   8.12745342e+00   1.32195350e+01
 2.12000000e+00   0.00000000e+00   1.00000000e+00   1.51172483e-01   6.08234513e-05   8.16614050e+00   1.32448105e+01
 2.13000000e+00   0.00000000e+00   1.00000000e+00   1.54407226e-01   2.16208230e-05   8.21590517e+00   1.32465975e+01
 2.14000000e+00   0.00000000e+00   1.00000000e+00   1.57520032e-01  -1.18299978e-05   8.27692189e+00   1.32754864e+01
 2.15000000e+00   0.00000000e+00   1.00000000e+00   1.60609676e-01  -2.87036464e-05   8.34449184e+00   1.32936764e+01
 2.16000000e+00   0.00000000e+00   1.00000000e+00   1.63583512e-01  -2.91886736e-05   8.41582524e+00   1.33138804e+01
 2.17000000e+00   0.00000000e+00   1.00000000e+00   1.66317319e-01  -1.01172229e-05   8.49025212e+00   1.33594635e+01
 2.18000000e+00   0.00000000e+00   1.00000000e+00   1.68883563e-01   2.20623526e-05   8.56347181e+00   1.33700681e+01
 2.19000000e+00   0.00000000e+00   1.00000000e+00   1.71173549e-01   6.22241906e-05   8.61731427e+00   1.34271337e+01
 2.20000000e+00   0.00000000e+00   1.00000000e+00   1.73154691e-01   1.01288036e-04   8.68950560e+00   1.34379302e+01
 2.21000000e+00   0.00000000e+00   1.00000000e+00   1.75003998e-01   1.29978321e-04   8.70394240e+00   1.34799641e+01
 2.22000000e+00   0.00000000e+00   1.00000000e+00   1.76439343e-01   1.44121930e-04   8.77010899e+00   1.34995908e+01
 2.23000000e+00   0.00000000e+00   1.00000000e+00   1.77888279e-01   1.36335183e-04   8.75413950e+00   1.35134670e+01
 2.24000000e+00   0.00000000e+00   1.00000000e+00   1.78968054e-01   1.13685744e-04   8.80621088e+00   1.35414623e+01
 2.25000000e+00   0.00000000e+00   1.00000000e+00   1.80073231e-01   7.34471865e-05   8.78853652e+00   1.35344518e+01
 2.26000000e+00   0.00000000e+00   1.00000000e+00   1.80940190e-01   3.34491783e-05   8.82345827e+00   1.35677335e+01
 2.27000000e+00   0.00000000e+00   1.00000000e+00   1.81753273e-01  -8.09818587e-06   8.82499693e+00   1.35539261e+01
 2.28000000e+00   0.00000000e+00   1.00000000e+00   1.82381816e-01  -2.99506814e-05   8.84848669e+00   1.35947196e+01
 2.29000000e+00   0.00000000e+00   1.00000000e+00   1.82905041e-01  -4.02621325e-05   8.86579491e+00   1.35824954e+01
 2.30000000e+00   0.00000000e+00   1.00000000e+00   1.83186426e-01  -2.28045917e-05   8.88215523e+00   1.36316573e+01
 2.31000000e+00   0.00000000e+00   1.00000000e+00   1.83367015e-01   4.14010067e-06   8.89816594e+00   1.36260512e+01
 2.32000000e+00   0.00000000e+00   1.00000000e+00   1.83296323e-01   4.87123973e-05   8.89990289e+00   1.36702850e+01
 2.33000000e+00   0.00000000e+00   1.00000000e+00   1.83116356e-01   8.73085913e-05   8.90576946e+00   1.36807776e+01
 2.34000000e+00   0.00000000e+00   1.00000000e+00   1.82861465e-01   1.24026485e-04   8.88736147e+00   1.37001760e+01
 2.35000000e+00   0.00000000e+00   1.00000000e+00   1.82447895e-01   1.40318222e-04   8.90198009e+00   1.37666868e+01
 2.36000000e+00   0.00000000e+00   1.00000000e+00   1.82214238e-01   1.41442196e-04   8.84479542e+00   1.36743663e+01
 2.37000000e+00   0.00000000e+00   1.00000000e+00   1.81816384e-01   1.20748579e-04   8.85337058e+00   1.37702495e+01
 2.38000000e+00   0.00000000e+00   1.00000000e+00   1.81657099e-01   8.83554700e-05   8.82803448e+00   1.37313110e+01
 2.39000000e+00   0.00000000e+00   1.00000000e+00   1.81455525e-01   4.73550594e-05   8.83423069e+00   1.37801265e+01
 2.40000000e+00   0.00000000e+00   1.00000000e+00   1.81227960e-01   8.92518363e-06   8.86044905e+00   1.37675427e+01
 2.41000000e+00   0.00000000e+00   1.00000000e+00   1.81150829e-01  -1.98628242e-05   8.85218593e+00   1.37877680e+01
 2.42000000e+00   0.00000000e+00   1.00000000e+00   1.80652020e-01  -3.33759084e-05   8.93186911e+00   1.38230189e+01
 2.43000000e+00   0.00000000e+00   1.00000000e+00   1.80401137e-01  -2.74698656e-05   8.90192158e+00   1.38118208e+01
 2.44000000e+00   0.00000000e+00   1.00000000e+00   1.79520924e-01  -5.61339499e-06   9.00109312e+00   1.38812694e+01
 2.45000000e+00   0.00000000e+00   1.00000000e+00   1.78801452e-01   3.06105978e-05   8.95707714e+00   1.38603559e+01
 2.46000000e+00   0.00000000e+00   1.00000000e+00   1.77548630e-01   7.03638314e-05   9.03271724e+00   1.39263174e+01
 2.47000000e+00   0.00000000e+00   1.00000000e+00   1.76272525e-01   1.09034728e-04   8.98935938e+00   1.39210318e+01
 2.48000000e+00   0.00000000e+00   1.00000000e+00   1.74697105e-01   1.34603441e-04   9.02145176e+00   1.39541422e+01
 2.49000000e+00   0.00000000e+00   1.00000000e+00   1.72970731e-01   1.45424823e-04   8.98774649e+00   1.39727331e+01
 2.50000000e+00   0.00000000e+00   1.00000000e+00   1.71103897e-01   1.35127875e-04   8.98361315e+00   1.39685402e+01
 2.51000000e+00   0.00000000e+00   1.00000000e+00   1.69053710e-01   1.09511508e-04   8.96146583e+00   1.40030928e+01
 2.52000000e+00   0.00000000e+00   1.00000000e+00   1.66910966e-01   7.04257018e-05   8.93603841e+00   1.39744472e+01
 2.53000000e+00   0.00000000e+00   1.00000000e+00   1.64560076e-01   2.98204119e-05   8.92581814e+00   1.40150611e+01
 2.54000000e+00   0.00000000e+00   1.00000000e+00   1.62147595e-01  -6.42382004e-06   8.88572809e+00   1.39782791e+01
 2.55000000e+00   0.00000000e+00   1.00000000e+00   1.59459170e-01  -2.70961046e-05   8.88550763e+00   1.40186812e+01
 2.56000000e+00   0.00000000e+00   1.00000000e+00   1.56748198e-01  -3.01014596e-05   8.83337457e+00   1.39903787e+01
 2.57000000e+00   0.00000000e+00   1.00000000e+00   1.53745410e-01  -1.20318171e-05   8.82997443e+00   1.40205787e+01
 2.58000000e+00   0.00000000e+00   1.00000000e+00   1.50680767e-01   2.11152105e-05   8.77516903e+00   1.40168827e+01
 2.59000000e+00   0.00000000e+00   1.00000000e+00   1.47490793e-01   6.38191934e-05   8.74424860e+00   1.40200412e+01
 2.60000000e+00   0.00000000e+00   1.00000000e+00   1.44091146e-01   1.05627837e-04   8.70081860e+00   1.40467032e+01
 2.61000000e+00   0.00000000e+00   1.00000000e+00   1.40880967e-01   1.37876063e-04   8.62651212e+00   1.40149362e+01
 2.62000000e+00   0.00000000e+00   1.00000000e+00   1.37341546e-01   1.54249552e-04   8.60129839e+00   1.40561988e+01
 2.63000000e+00   0.00000000e+00   1.00000000e+00   1.34234718e-01   1.50043598e-04   8.49661840e+00   1.40073417e+01
 2.64000000e+00   0.00000000e+00   1.00000000e+00   1.30869055e-01   1.29237983e-04   8.48499379e+00   1.40316263e+01
 2.65000000e+00   0.00000000e+00   1.00000000e+00   1.27915582e-01   9.29691341e-05   8.38656794e+00   1.40026967e+01
 2.66000000e+00   0.00000000e+00   1.00000000e+00   1.24926956e-01   5.44020972e-05   8.38061264e+00   1.39874869e+01
 2.67000000e+00   0.00000000e+00   1.00000000e+00   1.22111002e-01   1.56545234e-05   8.31870501e+00   1.40048023e+01
 2.68000000e+00   0.00000000e+00   1.00000000e+00   1.19411106e-01  -7.31523090e-06   8.31652503e+00   1.39550126e+01
 2.69000000e+00   0.00000000e+00   1.00000000e+00   1.16658609e-01  -1.87568692e-05   8.28954013e+00   1.40119329e+01
 2.70000000e+00   0.00000000e+00   1.00000000e+00   1.13946465e-01  -5.74235859e-06   8.29218011e+00   1.39540244e+01
 2.71000000e+00   0.00000000e+00   1.00000000e+00   1.11145146e-01   1.70687569e-05   8.27278609e+00   1.40161977e+01
 2.72000000e+00   0.00000000e+00   1.00000000e+00   1.08184868e-01   5.81766135e-05   8.27518562e+00   1.39769209e+01
 2.73000000e+00   0.00000000e+00   1.00000000e+00   1.05242117e-01   9.50102349e-05   8.24084325e+00   1.40094596e+01
 2.74000000e+00   0.00000000e+00   1.00000000e+00   1.02049559e-01   1.34734205e-04   8.23152202e+00   1.39985723e+01
 2.75000000e+00   0.00000000e+00   1.00000000e+00   9.89560959e-02   1.54085394e-04   8.18491879e+00   1.39897527e+01
 2.76000000e+00   0.00000000e+00   1.00000000e+00   9.57083688e-02   1.63881269e-04   8.15749326e+00   1.40001582e+01
 2.77000000e+00   0.00000000e+00   1.00000000e+00   9.25332850e-02   1.47613241e-04   8.11559398e+00   1.39612440e+01
 2.78000000e+00   0.00000000e+00   1.00000000e+00   8.93333254e-02   1.22117681e-04   8.07747168e+00   1.39795898e+01
 2.79000000e+00   0.00000000e+00   1.00000000e+00   8.61351572e-02   8.06044189e-05   8.04763254e+00   1.39297752e+01
 2.80000000e+00   0.00000000e+00   1.00000000e+00   8.29095134e-02   4.29040107e-05   8.01345775e+00   1.39437083e+01
 2.81000000e+00   0.00000000e+00   1.00000000e+00   7.96524179e-02   8.20652471e-06   7.98633659e+00   1.39009983e+01
 2.82000000e+00   0.00000000e+00   1.00000000e+00   7.62712466e-02  -7.96819994e-06   7.96161359e+00   1.38998149e+01
 2.83000000e+00   0.00000000e+00   1.00000000e+00   7.28543966e-02  -7.68220780e-06   7.92424133e+00   1.38778313e+01
 2.84000000e+00   0.00000000e+00   1.00000000e+00   6.92997310e-02   1.38619658e-05   7.89931692e+00   1.38518017e+01
 2.85000000e+00   0.00000000e+00   1.00000000e+00   6.56960740e-02   4.91643221e-05   7.84691052e+00   1.38570631e+01
 2.86000000e+00   0.00000000e+00   1.00000000e+00   6.20901280e-02   9.23792015e-05   7.81028704e+00   1.38023755e+01
 2.87000000e+00   0.00000000e+00   1.00000000e+00   5.84594705e-02   1.33503451e-04   7.74343224e+00   1.38279281e+01
 2.88000000e+00   0.00000000e+00   1.00000000e+00   5.49687852e-02   1.63332541e-04   7.69929697e+00   1.37539951e+01
 2.89000000e+00   0.00000000e+00   1.00000000e+00   5.16109045e-02   1.76415053e-04   7.61673097e+00   1.37797004e+01
 2.90000000e+00   0.00000000e+00   1.00000000e+00   4.83716037e-02   1.68916817e-04   7.58523638e+00   1.37048782e+01
 2.91000000e+00   0.00000000e+00   1.00000000e+00   4.55326955e-02   1.44258704e-04   7.48838389e+00   1.37127696e+01
 2.92000000e+00   0.00000000e+00   1.00000000e+00   4.26528311e-02   1.06727892e-04   7.48559575e+00   1.36522734e+01
 2.93000000e+00   0.00000000e+00   1.00000000e+00   4.03546102e-02   6.62747855e-05   7.38864421e+00   1.36417860e+01
 2.94000000e+00   0.00000000e+00   1.00000000e+00   3.79141509e-02   3.00791660e-05   7.40847369e+00   1.35992479e+01
 2.95000000e+00   0.00000000e+00   1.00000000e+00   3.59663598e-02   7.92298955e-06   7.33534681e+00   1.35852581e+01
 2.96000000e+00   0.00000000e+00   1.00000000e+00   3.39655264e-02   1.98125815e-06   7.35298424e+00   1.35542316e+01
 2.97000000e+00   0.00000000e+00   1.00000000e+00   3.21506566e-02   1.63695518e-05   7.31832863e+00   1.35516056e+01
 2.98000000e+00   0.00000000e+00   1.00000000e+00   3.04784739e-02   4.43384639e-05   7.31290813e+00   1.35220977e+01
 2.99000000e+00   0.00000000e+00   1.00000000e+00   2.87286497e-02   8.41232546e-05   7.30792117e+00   1.35317984e+01
 3.00000000e+00   0.00000000e+00   1.00000000e+00   2.72360811e-02   1.22856957e-04   7.27908858e+00   1.34988569e+01
 3.01000000e+00   0.00000000e+00   1.00000000e+00   2.56405598e-02   1.57320976e-04   7.28101592e+00   1.35084282e+01
 3.02000000e+00   0.00000000e+00   1.00000000e+00   2.42616094e-02   1.75567916e-04   7.24430367e+00   1.34749412e+01
 3.03000000e+00   0.00000000e+00   1.00000000e+00   2.29269590e-02   1.78321080e-04   7.23881425e+00   1.34703544e+01
 3.04000000e+00   0.00000000e+00   1.00000000e+00   2.17026406e-02   1.60827707e-04   7.20895704e+00   1.34426611e+01
 3.05000000e+00   0.00000000e+00   1.00000000e+00   2.06277292e-02   1.30020371e-04   7.19974110e+00   1.34197635e+01
 3.06000000e+00   0.00000000e+00   1.00000000e+00   1.95939540e-02   8.97917071e-05   7.18182813e+00   1.34016868e+01
 3.07000000e+00   0.00000000e+00   1.00000000e+00   1.86750197e-02   5.01186706e-05   7.17697282e+00   1.33678273e+01
 3.08000000e+00   0.00000000e+00   1.00000000e+00   1.77516447e-02   1.94612839e-05   7.17116935e+00   1.33569593e+01
 3.09000000e+00   0.00000000e+00   1.00000000e+00   1.68751092e-02   3.37399100e-06   7.16536688e+00   1.33243736e+01
 3.10000000e+00   0.00000000e+00   1.00000000e+00   1.59107265e-02   8.48636086e-06   7.17176032e+00   1.33126957e+01
 3.11000000e+00   0.00000000e+00   1.00000000e+00   1.50263340e-02   2.95820683e-05   7.14793291e+00   1.32907618e+01
 3.12000000e+00   0.00000000e+00   1.00000000e+00   1.39722693e-02   6.81426987e-05   7.16256528e+00   1.32672279e+01
 3.13000000e+00   0.00000000e+00   1.00000000e+00   1.31133046e-02   1.08474716e-04   7.11118930e+00   1.32602375e+01
 3.14000000e+00   0.00000000e+00   1.00000000e+00   1.21365500e-02   1.50295865e-04   7.12207212e+00   1.32152675e+01
 3.15000000e+00   0.00000000e+00   1.00000000e+00   1.14223284e-02   1.74613182e-04   7.05485814e+00   1.32234025e+01
 3.16000000e+00   0.00000000e+00   1.00000000e+00   1.08150418e-02   1.86542504e-04   7.04948157e+00   1.31567866e+01
 3.17000000e+00   0.00000000e+00   1.00000000e+00   1.04383640e-02   1.72491088e-04   6.99029757e+00   1.31741354e+01
 3.18000000e+00   0.00000000e+00   1.00000000e+00   1.03989223e-02   1.46931091e-04   6.97111380e+00   1.30994127e+01
 3.19000000e+00   0.00000000e+00   1.00000000e+00   1.05470545e-02   1.04448923e-04   6.93495104e+00   1.31153908e+01
 3.20000000e+00   0.00000000e+00   1.00000000e+00   1.10487357e-02   6.53625862e-05   6.92078833e+00   1.30536765e+01
 3.21000000e+00   0.00000000e+00   1.00000000e+00   1.17739331e-02   2.77802317e-05   6.90521449e+00   1.30592002e+01
 3.22000000e+00   0.00000000e+00   1.00000000e+00   1.26459991e-02   9.41679509e-06   6.91147181e+00   1.30262751e+01
 3.23000000e+00   0.00000000e+00   1.00000000e+00   1.38114119e-02   4.93611626e-06   6.90627911e+00   1.30181589e+01
 3.24000000e+00   0.00000000e+00   1.00000000e+00   1.49338561e-02   2.30903170e-05   6.92604791e+00   1.30149381e+01
 3.25000000e+00   0.00000000e+00   1.00000000e+00   1.63284995e-02   5.22991649e-05   6.92700022e+00   1.29973160e+01
 3.26000000e+00   0.00000000e+00   1.00000000e+00   1.77294864e-02   9.26377478e-05   6.93850513e+00   1.30093207e+01
 3.27000000e+00   0.00000000e+00   1.00000000e+00   1.92579110e-02   1.29713305e-04   6.94870426e+00   1.29928079e+01
 3.28000000e+00   0.00000000e+00   1.00000000e+00   2.10244386e-02   1.60730234e-04   6.94194496e+00   1.29998227e+01
 3.29000000e+00   0.00000000e+00   1.00000000e+00   2.27646230e-02   1.74714962e-04   6.96247315e+00   1.29949835e+01
 3.30000000e+00   0.00000000e+00   1.00000000e+00   2.48854387e-02   1.72604369e-04   6.95373829e+00   1.29844508e+01
 3.31000000e+00   0.00000000e+00   1.00000000e+00   2.69448903e-02   1.51146017e-04   6.97738653e+00   1.29945923e+01
 3.32000000e+00   0.00000000e+00   1.00000000e+00   2.92655420e-02   1.17750010e-04   6.99296924e+00   1.29680870e+01
 3.33000000e+00   0.00000000e+00   1.00000000e+00   3.16004663e-02   7.62844011e-05   7.00974759e+00   1.29876001e+01
 3.34000000e+00   0.00000000e+00   1.00000000e+00   3.39225841e-02   3.79634362e-05   7.05817266e+00   1.29571143e+01
 3.35000000e+00   0.00000000e+00   1.00000000e+00   3.63297544e-02   8.44056605e-06   7.06438369e+00   1.29777288e+01
 3.36000000e+00   0.00000000e+00   1.00000000e+00   3.85292973e-02  -3.74991360e-06   7.12860249e+00   1.29540934e+01
 3.37000000e+00   0.00000000e+00   1.00000000e+00   4.08148248e-02   2.40716959e-06   7.12709199e+00   1.29715040e+01
 3.38000000e+00   0.00000000e+00   1.00000000e+00   4.28727601e-02   2.70574835e-05   7.18253016e+00   1.29568699e+01
 3.39000000e+00   0.00000000e+00   1.00000000e+00   4.50078231e-02   6.42846615e-05   7.17554964e+00   1.29702570e+01
 3.40000000e+00   0.00000000e+00   1.00000000e+00   4.69841190e-02   1.05783507e-04   7.21045043e+00   1.29599233e+01
 3.41000000e+00   0.00000000e+00   1.00000000e+00   4.90959571e-02   1.43210832e-04   7.19739157e+00   1.29689522e+01
 3.42000000e+00   0.00000000e+00   1.00000000e+00   5.11226257e-02   1.66302585e-04   7.21429753e+00   1.29557573e+01
 3.43000000e+00   0.00000000e+00   1.00000000e+00   5.33650610e-02   1.72198241e-04   7.19982778e+00   1.29623464e+01
 3.44000000e+00   0.00000000e+00   1.00000000e+00   5.56355891e-02   1.56279932e-04   7.20373201e+00   1.29403041e+01
 3.45000000e+00   0.00000000e+00   1.00000000e+00   5.80886778e-02   1.25664637e-04   7.20391318e+00   1.29504064e+01
 3.46000000e+00   0.00000000e+00   1.00000000e+00   6.07657177e-02   8.31121918e-05   7.19701905e+00   1.29200120e+01
 3.47000000e+00   0.00000000e+00   1.00000000e+00   6.34376420e-02   4.21525452e-05   7.22887759e+00   1.29395596e+01
 3.48000000e+00   0.00000000e+00   1.00000000e+00   6.65120635e-02   7.61828727e-06   7.21693177e+00   1.29109922e+01
 3.49000000e+00   0.00000000e+00   1.00000000e+00   6.93914353e-02  -9.50250280e-06   7.27834254e+00   1.29375363e+01
 3.50000000e+00   0.00000000e+00   1.00000000e+00   7.26591678e-02  -9.02956189e-06   7.27508207e+00   1.29268263e+01
 3.51000000e+00   0.00000000e+00   1.00000000e+00   7.57432117e-02   1.07282401e-05   7.33970547e+00   1.29463387e+01
 3.52000000e+00   0.00000000e+00   1.00000000e+00   7.89820013e-02   4.38497559e-05   7.35810013e+00   1.29653991e+01
 3.53000000e+00   0.00000000e+00   1.00000000e+00   8.22688928e-02   8.29050656e-05   7.39729863e+00   1.29620499e+01
 3.54000000e+00   0.00000000e+00   1.00000000e+00   8.54513357e-02   1.20751762e-04   7.43904735e+00   1.30087279e+01
 3.55000000e+00   0.00000000e+00   1.00000000e+00   8.89226612e-02   1.46706369e-04   7.44993651e+00   1.29829934e+01
 3.56000000e+00   0.00000000e+00   1.00000000e+00   9.22167162e-02   1.59217719e-04   7.50624016e+00   1.30380129e+01
 3.57000000e+00   0.00000000e+00   1.00000000e+00   9.58213921e-02   1.50689563e-04   7.51450665e+00   1.30127408e+01
 3.58000000e+00   0.00000000e+00   1.00000000e+00   9.93548425e-02   1.28477320e-04   7.57665875e+00   1.30501069e+01
 3.59000000e+00   0.00000000e+00   1.00000000e+00   1.02990408e-01   9.08230213e-05   7.60979082e+00   1.30543973e+01
 3.60000000e+00   0.00000000e+00   1.00000000e+00   1.06641555e-01   5.15856835e-05   7.67543668e+00   1.30581645e+01
 3.61000000e+00   0.00000000e+00   1.00000000e+00   1.10147851e-01   1.26476090e-05   7.73575413e+00   1.31034712e+01
 3.62000000e+00   0.00000000e+00   1.00000000e+00   1.13605095e-01  -1.21607132e-05   7.80294837e+00   1.30785252e+01
 3.63000000e+00   0.00000000e+00   1.00000000e+00   1.16804739e-01  -2.27962147e-05   7.86850652e+00   1.31502044e+01
 3.64000000e+00   0.00000000e+00   1.00000000e+00   1.19826980e-01  -1.20584705e-05   7.92807258e+00   1.31156884e+01
 3.65000000e+00   0.00000000e+00   1.00000000e+00   1.22614453e-01   1.36376399e-05   7.97798932e+00   1.31865597e+01
 3.66000000e+00   0.00000000e+00   1.00000000e+00   1.25205924e-01   5.27228209e-05   8.01682606e+00   1.31612534e+01
 3.67000000e+00   0.00000000e+00   1.00000000e+00   1.27623926e-01   9.30913430e-05   8.04870729e+00   1.32103229e+01
 3.68000000e+00   0.00000000e+00   1.00000000e+00   1.29962420e-01   1.29088546e-04   8.06253220e+00   1.32053344e+01
 3.69000000e+00   0.00000000e+00   1.00000000e+00   1.32184686e-01   1.49200535e-04   8.08657185e+00   1.32231210e+01
 3.70000000e+00   0.00000000e+00   1.00000000e+00   1.34430233e-01   1.52029709e-04   8.08750899e+00   1.32424922e+01
 3.71000000e+00   0.00000000e+00   1.00000000e+00   1.36638527e-01   1.33281299e-04   8.11087797e+00   1.32291886e+01
 3.72000000e+00   0.00000000e+00   1.00000000e+00   1.38842475e-01   1.00750066e-04   8.11871669e+00   1.32698553e+01
 3.73000000e+00   0.00000000e+00   1.00000000e+00   1.41090369e-01   5.76510713e-05   8.14256951e+00   1.32383839e+01
 3.74000000e+00   0.00000000e+00   1.00000000e+00   1.43250151e-01   1.77912470e-05   8.16621871e+00   1.32870688e+01
 3.75000000e+00   0.00000000e+00   1.00000000e+00   1.45440994e-01  -1.44554709e-05   8.19344490e+00   1.32636511e+01
 3.76000000e+00   0.00000000e+00   1.00000000e+00   1.47568111e-01  -2.78249931e-05   8.22324591e+00   1.32990669e+01
 3.77000000e+00   0.00000000e+00   1.00000000e+00   1.49579313e-01  -2.39418029e-05   8.25925223e+00   1.33107964e+01
 3.78000000e+00   0.00000000e+00   1.00000000e+00   1.51684157e-01  -2.63552559e-07   8.28019239e+00   1.33159622e+01
 3.79000000e+00   0.00000000e+00   1.00000000e+00   1.53520134e-01   3.44473877e-05   8.32317482e+00   1.33689040e+01
 3.80000000e+00   0.00000000e+00   1.00000000e+00   1.55570077e-01   7.49594458e-05   8.33542723e+00   1.33476313e+01
 3.81000000e+00   0.00000000e+00   1.00000000e+00   1.57382945e-01   1.10831743e-04   8.37199432e+00   1.34170631e+01
 3.82000000e+00   0.00000000e+00   1.00000000e+00   1.59323215e-01   1.35508732e-04   8.39451308e+00   1.33953218e+01
 3.83000000e+00   0.00000000e+00   1.00000000e+00   1.61263543e-01   1.43657297e-04   8.41250071e+00   1.34427047e+01
 3.84000000e+00   0.00000000e+00   1.00000000e+00   1.63074776e-01   1.33324514e-04   8.46437729e+00   1.34506711e+01
 3.85000000e+00   0.00000000e+00   1.00000000e+00   1.65113604e-01   1.07670725e-04   8.46974364e+00   1.34555875e+01
 3.86000000e+00   0.00000000e+00   1.00000000e+00   1.66802389e-01   7.04608964e-05   8.54844161e+00   1.35025243e+01
 3.87000000e+00   0.00000000e+00   1.00000000e+00   1.68701474e-01   3.13834555e-05   8.56366377e+00   1.34790388e+01
 3.88000000e+00   0.00000000e+00   1.00000000e+00   1.70214568e-01  -4.12995794e-06   8.64322629e+00   1.35461553e+01
 3.89000000e+00   0.00000000e+00   1.00000000e+00   1.71674193e-01  -2.55914477e-05   8.68564272e+00   1.35274347e+01
 3.90000000e+00   0.00000000e+00   1.00000000e+00   1.72858213e-01  -3.16811724e-05   8.73574548e+00   1.35851524e+01
 3.91000000e+00   0.00000000e+00   1.00000000e+00   1.73703003e-01  -1.74647601e-05   8.79896038e+00   1.35929899e+01
 3.92000000e+00   0.00000000e+00   1.00000000e+00   1.74401172e-01   1.10014174e-05   8.80547087e+00   1.36232161e+01
 3.93000000e+00   0.00000000e+00   1.00000000e+00   1.74651158e-01   5.07734470e-05   8.86659694e+00   1.36549845e+01
 3.94000000e+00   0.00000000e+00   1.00000000e+00   1.74850129e-01   9.08197411e-05   8.83604696e+00   1.36581905e+01
 3.95000000e+00   0.00000000e+00   1.00000000e+00   1.74657068e-01   1.24162101e-04   8.87904557e+00   1.36986261e+01
 3.96000000e+00   0.00000000e+00   1.00000000e+00   1.74506388e-01   1.42194060e-04   8.82942924e+00   1.36854616e+01
 3.97000000e+00   0.00000000e+00   1.00000000e+00   1.74045870e-01   1.41052044e-04   8.85673198e+00   1.37220989e+01
 3.98000000e+00   0.00000000e+00   1.00000000e+00   1.73705101e-01   1.21333607e-04   8.80813044e+00   1.37079643e+01
 3.99000000e+00   0.00000000e+00   1.00000000e+00   1.73105424e-01   8.61316007e-05   8.82704657e+00   1.37307780e+01
 4.00000000e+00   0.00000000e+00   1.00000000e+00   1.72585861e-01   4.53233805e-05   8.79822088e+00   1.37352404e+01
 4.01000000e+00   0.00000000e+00   1.00000000e+00   1.71899581e-01   5.57362054e-06   8.80405306e+00   1.37331712e+01
 4.02000000e+00   0.00000000e+00   1.00000000e+00   1.71088766e-01  -2.13382804e-05   8.80606228e+00   1.37727780e+01
 4.03000000e+00   0.00000000e+00   1.00000000e+00   1.70293579e-01  -3.25851881e-05   8.78508261e+00   1.37401347e+01
 4.04000000e+00   0.00000000e+00   1.00000000e+00   1.69142080e-01  -2.27663685e-05   8.81149719e+00   1.38130811e+01
 4.05000000e+00   0.00000000e+00   1.00000000e+00   1.68181198e-01   2.82866927e-06   8.76160913e+00   1.37613583e+01
 4.06000000e+00   0.00000000e+00   1.00000000e+00   1.66834882e-01   4.10168799e-05   8.78914373e+00   1.38402630e+01
 4.07000000e+00   0.00000000e+00   1.00000000e+00   1.65694050e-01   8.12995705e-05   8.73185655e+00   1.37992565e+01
 4.08000000e+00   0.00000000e+00   1.00000000e+00   1.64409712e-01   1.16713308e-04   8.73710323e+00   1.38469943e+01
 4.09000000e+00   0.00000000e+00   1.00000000e+00   1.63164921e-01   1.38860847e-04   8.70362998e+00   1.38444682e+01
 4.10000000e+00   0.00000000e+00   1.00000000e+00   1.62087694e-01   1.43944656e-04   8.68310444e+00   1.38433621e+01
 4.11000000e+00   0.00000000e+00   1.00000000e+00   1.60850152e-01   1.30919440e-04   8.68923305e+00   1.38819217e+01
 4.12000000e+00   0.00000000e+00   1.00000000e+00   1.59882529e-01   1.02917481e-04   8.66081391e+00   1.38484078e+01
 4.13000000e+00   0.00000000e+00   1.00000000e+00   1.58668036e-01   6.55799970e-05   8.69668985e+00   1.39039368e+01
 4.14000000e+00   0.00000000e+00   1.00000000e+00   1.57553868e-01   2.74270573e-05   8.67947349e+00   1.38735643e+01
 4.15000000e+00   0.00000000e+00   1.00000000e+00   1.56214237e-01  -4.83583746e-06   8.72167578e+00   1.39167456e+01
 4.16000000e+00   0.00000000e+00   1.00000000e+00   1.54733823e-01  -2.23071030e-05   8.71505514e+00   1.39145292e+01
 4.17000000e+00   0.00000000e+00   1.00000000e+00   1.53049994e-01  -2.40218381e-05   8.74512015e+00   1.39315412e+01
 4.18000000e+00   0.00000000e+00   1.00000000e+00   1.51135771e-01  -5.60334185e-06   8.73198543e+00   1.39563416e+01
 4.19000000e+00   0.00000000e+00   1.00000000e+00   1.48997341e-01   2.50074135e-05   8.74310413e+00   1.39513414e+01
 4.20000000e+00   0.00000000e+00   1.00000000e+00   1.46702528e-01   6.63641005e-05   8.71154609e+00   1.39867515e+01
 4.21000000e+00   0.00000000e+00   1.00000000e+00   1.44190131e-01   1.04734536e-04   8.70236313e+00   1.39685348e+01
 4.22000000e+00   0.00000000e+00   1.00000000e+00   1.41601300e-01   1.36838239e-04   8.65974213e+00   1.40015154e+01
 4.23000000e+00   0.00000000e+00   1.00000000e+00   1.38887315e-01   1.50936663e-04   8.62930226e+00   1.39746088e+01
 4.24000000e+00   0.00000000e+00   1.00000000e+00   1.36083926e-01   1.48009249e-04   8.59220602e+00   1.40002852e+01
 4.25000000e+00   0.00000000e+00   1.00000000e+00   1.33267749e-01   1.25108893e-04   8.54482827e+00   1.39696588e+01
 4.26000000e+00   0.00000000e+00   1.00000000e+00   1.30324143e-01   9.01480510e-05   8.51909098e+00   1.39851683e+01
 4.27000000e+00   0.00000000e+00   1.00000000e+00   1.27381070e-01   4.91300477e-05   8.46746664e+00   1.39604908e+01
 4.28000000e+00   0.00000000e+00   1.00000000e+00   1.24352203e-01   1.22725106e-05   8.44264524e+00   1.39635024e+01
 4.29000000e+00   0.00000000e+00   1.00000000e+00   1.21234398e-01  -1.19953446e-05   8.39949019e+00   1.39521995e+01
 4.30000000e+00   0.00000000e+00   1.00000000e+00   1.18130262e-01  -1.91233535e-05   8.36182540e+00   1.39466182e+01
 4.31000000e+00   0.00000000e+00   1.00000000e+00   1.14886618e-01  -5.79381259e-06   8.32776202e+00   1.39427488e+01
 4.32000000e+00   0.00000000e+00   1.00000000e+00   1.11704191e-01   2.27600752e-05   8.27438846e+00   1.39389814e+01
 4.33000000e+00   0.00000000e+00   1.00000000e+00   1.08486830e-01   6.28683569e-05   8.23959038e+00   1.39268294e+01
 4.34000000e+00   0.00000000e+00   1.00000000e+00   1.05302077e-01   1.03153703e-04   8.17762320e+00   1.39335075e+01
 4.35000000e+00   0.00000000e+00   1.00000000e+00   1.02268755e-01   1.37613921e-04   8.13838832e+00   1.39036340e+01
 4.36000000e+00   0.00000000e+00   1.00000000e+00   9.92716643e-02   1.56983597e-04   8.07465465e+00   1.39180366e+01
 4.37000000e+00   0.00000000e+00   1.00000000e+00   9.64932873e-02   1.59094042e-04   8.04403732e+00   1.38790447e+01
 4.38000000e+00   0.00000000e+00   1.00000000e+00   9.38664185e-02   1.43032557e-04   7.98150917e+00   1.38893583e+01
 4.39000000e+00   0.00000000e+00   1.00000000e+00   9.13092372e-02   1.12664001e-04   7.97789278e+00   1.38597434e+01
 4.40000000e+00   0.00000000e+00   1.00000000e+00   8.90368986e-02   7.51259405e-05   7.92104872e+00   1.38590222e+01
 4.41000000e+00   0.00000000e+00   1.00000000e+00   8.66000239e-02   3.74439911e-05   7.94497344e+00   1.38478908e+01
 4.42000000e+00   0.00000000e+00   1.00000000e+00   8.44262908e-02   8.84827119e-06   7.90163123e+00   1.38412038e+01
 4.43000000e+00   0.00000000e+00   1.00000000e+00   8.19921387e-02  -5.97087275e-06   7.92834281e+00   1.38386189e+01
 4.44000000e+00   0.00000000e+00   1.00000000e+00   7.96174364e-02  -2.33492907e-06   7.90248149e+00   1.38375372e+01
 4.45000000e+00   0.00000000e+00   1.00000000e+00   7.71000752e-02   1.78407678e-05   7.90239259e+00   1.38245813e+01
 4.46000000e+00   0.00000000e+00   1.00000000e+00   7.44355393e-02   5.18322787e-05   7.88687794e+00   1.38350021e+01
 4.47000000e+00   0.00000000e+00   1.00000000e+00   7.18207754e-02   9.15657945e-05   7.85329471e+00   1.38021363e+01
 4.48000000e+00   0.00000000e+00   1.00000000e+00   6.90313921e-02   1.29606813e-04   7.83454608e+00   1.38188768e+01
 4.49000000e+00   0.00000000e+00   1.00000000e+00   6.63771624e-02   1.57263883e-04   7.78717998e+00   1.37728512e+01
 4.50000000e+00   0.00000000e+00   1.00000000e+00   6.36767365e-02   1.68727205e-04   7.75760388e+00   1.37856641e+01
 4.51000000e+00   0.00000000e+00   1.00000000e+00   6.10549253e-02   1.61550742e-04   7.71976197e+00   1.37392253e+01
 4.52000000e+00   0.00000000e+00   1.00000000e+00   5.84948865e-02   1.36692258e-04   7.68334874e+00   1.37414517e+01
 4.53000000e+00   0.00000000e+00   1.00000000e+00   5.59187000e-02   1.00365364e-04   7.66076498e+00   1.37020085e+01
 4.54000000e+00   0.00000000e+00   1.00000000e+00   5.34003711e-02   5.97688841e-05   7.62431978e+00   1.36924985e+01
 4.55000000e+00   0.00000000e+00   1.00000000e+00   5.08179206e-02   2.49011275e-05   7.60736668e+00   1.36611769e+01
 4.56000000e+00   0.00000000e+00   1.00000000e+00   4.82780825e-02   3.04355503e-06   7.56853639e+00   1.36418474e+01
 4.57000000e+00   0.00000000e+00   1.00000000e+00   4.56577529e-02  -4.68209432e-07   7.54920986e+00   1.36174973e+01
 4.58000000e+00   0.00000000e+00   1.00000000e+00   4.31864784e-02   1.54095645e-05   7.49786466e+00   1.35914660e+01
 4.59000000e+00   0.00000000e+00   1.00000000e+00   4.06195552e-02   4.65357333e-05   7.47759123e+00   1.35716713e+01
 4.60000000e+00   0.00000000e+00   1.00000000e+00   3.83899777e-02   8.73559981e-05   7.41008259e+00   1.35445932e+01
 4.61000000e+00   0.00000000e+00   1.00000000e+00   3.60991674e-02   1.27028133e-04   7.39152889e+00   1.35228364e+01
 4.62000000e+00   0.00000000e+00   1.00000000e+00   3.42304098e-02   1.59475686e-04   7.32100927e+00   1.35026366e+01
 4.63000000e+00   0.00000000e+00   1.00000000e+00   3.24499205e-02   1.74909560e-04   7.30082853e+00   1.34704166e+01
 4.64000000e+00   0.00000000e+00   1.00000000e+00   3.09700912e-02   1.73533713e-04   7.24899714e+00   1.34626598e+01
 4.65000000e+00   0.00000000e+00   1.00000000e+00   2.97840371e-02   1.52662160e-04   7.22470030e+00   1.34179305e+01
 4.66000000e+00   0.00000000e+00   1.00000000e+00   2.86860214e-02   1.20203943e-04   7.20244373e+00   1.34218194e+01
 4.67000000e+00   0.00000000e+00   1.00000000e+00   2.79632061e-02   8.04144288e-05   7.18207818e+00   1.33740734e+01
 4.68000000e+00   0.00000000e+00   1.00000000e+00   2.72284583e-02   4.40839840e-05   7.17950856e+00   1.33825209e+01
 4.69000000e+00   0.00000000e+00   1.00000000e+00   2.67185997e-02   1.72206486e-05   7.17664715e+00   1.33466698e+01
 4.70000000e+00   0.00000000e+00   1.00000000e+00   2.62743355e-02   6.15018903e-06   7.17370118e+00   1.33498251e+01
 4.71000000e+00   0.00000000e+00   1.00000000e+00   2.57898004e-02   1.32602545e-05   7.19069680e+00   1.33332591e+01
 4.72000000e+00   0.00000000e+00   1.00000000e+00   2.55019675e-02   3.59640419e-05   7.17539140e+00   1.33252457e+01
 4.73000000e+00   0.00000000e+00   1.00000000e+00   2.50289060e-02   7.15258408e-05   7.19753107e+00   1.33207288e+01
 4.74000000e+00   0.00000000e+00   1.00000000e+00   2.47932565e-02   1.09755514e-04   7.17278200e+00   1.33047003e+01
 4.75000000e+00   0.00000000e+00   1.00000000e+00   2.44426187e-02   1.45945712e-04   7.18400646e+00   1.32962611e+01
 4.76000000e+00   0.00000000e+00   1.00000000e+00   2.42724537e-02   1.68666080e-04   7.15891884e+00   1.32826613e+01
 4.77000000e+00   0.00000000e+00   1.00000000e+00   2.41329115e-02   1.76658588e-04   7.16043637e+00   1.32580287e+01
 4.78000000e+00   0.00000000e+00   1.00000000e+00   2.41135413e-02   1.64301647e-04   7.13858782e+00   1.32567594e+01
 4.79000000e+00   0.00000000e+00   1.00000000e+00   2.41564089e-02   1.37338586e-04   7.14659227e+00   1.32146697e+01
 4.80000000e+00   0.00000000e+00   1.00000000e+00   2.43044286e-02   9.84873545e-05   7.12439277e+00   1.32277634e+01
 4.81000000e+00   0.00000000e+00   1.00000000e+00   2.44225945e-02   5.85301855e-05   7.14883981e+00   1.31756143e+01
 4.82000000e+00   0.00000000e+00   1.00000000e+00   2.46333482e-02   2.43838556e-05   7.12255976e+00   1.31962636e+01
 4.83000000e+00   0.00000000e+00   1.00000000e+00   2.47564741e-02   4.99964240e-06   7.15261793e+00   1.31436598e+01
 4.84000000e+00   0.00000000e+00   1.00000000e+00   2.49340257e-02   3.93283995e-06   7.12262842e+00   1.31607800e+01
 4.85000000e+00   0.00000000e+00   1.00000000e+00   2.51009139e-02   2.19606897e-05   7.13832426e+00   1.31159662e+01
 4.86000000e+00   0.00000000e+00   1.00000000e+00   2.53280512e-02   5.49042274e-05   7.10616075e+00   1.31198311e+01
 4.87000000e+00   0.00000000e+00   1.00000000e+00   2.56709636e-02   9.54599027e-05   7.10105389e+00   1.30904069e+01
 4.88000000e+00   0.00000000e+00   1.00000000e+00   2.62049876e-02   1.34488743e-04   7.06683550e+00   1.30759918e+01
 4.89000000e+00   0.00000000e+00   1.00000000e+00   2.68843956e-02   1.63574258e-04   7.05460191e+00   1.30666685e+01
 4.90000000e+00   0.00000000e+00   1.00000000e+00   2.79549560e-02   1.75845565e-04   7.02144006e+00   1.30366757e+01
 4.91000000e+00   0.00000000e+00   1.00000000e+00   2.90937787e-02   1.69616997e-04   7.01973247e+00   1.30433922e+01
 4.92000000e+00   0.00000000e+00   1.00000000e+00   3.07068102e-02   1.45190510e-04   6.99915832e+00   1.30097769e+01
 4.93000000e+00   0.00000000e+00   1.00000000e+00   3.23369503e-02   1.09543426e-04   7.01152373e+00   1.30200448e+01
 4.94000000e+00   0.00000000e+00   1.00000000e+00   3.42893094e-02   6.86849568e-05   7.01689650e+00   1.29996266e+01
 4.95000000e+00   0.00000000e+00   1.00000000e+00   3.63214242e-02   3.29964162e-05   7.03356199e+00   1.29994010e+01
 4.96000000e+00   0.00000000e+00   1.00000000e+00   3.83992760e-02   8.24046164e-06   7.06486484e+00   1.30046539e+01
 4.97000000e+00   0.00000000e+00   1.00000000e+00   4.06541691e-02   5.95090004e-07   7.07900435e+00   1.29871582e+01
 4.98000000e+00   0.00000000e+00   1.00000000e+00   4.28007780e-02   1.05583720e-05   7.11721537e+00   1.30172381e+01
 4.99000000e+00   0.00000000e+00   1.00000000e+00   4.51131807e-02   3.59785127e-05   7.13489174e+00   1.29879293e+01
 5.00000000e+00   0.00000000e+00   1.00000000e+00   4.74080199e-02   7.18246368e-05   7.15671092e+00   1.30274986e+01