  Time  Coordinate0  Coordinate1  Displacement0  Displacement1  Force0  Force1
 1.00000000e-02  -2.50000000e-03   1.00000000e+00   7.49164483e-04   2.65879179e-06   5.62779875e+00  -4.84964322e+00
 2.00000000e-02  -2.50000000e-03   1.00000000e+00   1.77514896e-03   6.09359884e-05   4.40258925e+00   1.00418185e+01
 3.00000000e-02  -2.50000000e-03   1.00000000e+00   2.99657256e-03   1.17776161e-04   3.24441913e+00   7.38305399e+00
 4.00000000e-02  -2.50000000e-03   1.00000000e+00   4.39651512e-03   1.69014186e-04   2.90228372e+00   6.46444991e+00
 5.00000000e-02  -2.50000000e-03   1.00000000e+00   5.97700379e-03   1.95686954e-04   2.67194282e+00   5.98086662e+00
 6.00000000e-02  -2.50000000e-03   1.00000000e+00   7.74294078e-03   2.05017581e-04   2.55271412e+00   5.67137589e+00
 7.00000000e-02  -2.50000000e-03   1.00000000e+00   9.69402153e-03   2.06629815e-04   2.46831597e+00   5.44588652e+00
 8.00000000e-02  -2.50000000e-03   1.00000000e+00   1.18186357e-02   2.05998326e-04   2.39352361e+00   5.25153190e+00
 9.00000000e-02  -2.50000000e-03   1.00000000e+00   1.40964127e-02   2.05897427e-04   2.34904467e+00   5.13428954e+00
 1.00000000e-01  -2.50000000e-03   1.00000000e+00   1.65030070e-02   2.07514198e-04   2.28965227e+00   5.00553849e+00
 1.10000000e-01  -2.50000000e-03   1.00000000e+00   1.90139519e-02   2.10971849e-04   2.26649804e+00   4.92795448e+00
 1.20000000e-01  -2.50000000e-03   1.00000000e+00   2.16077325e-02   2.16009129e-04   2.24413026e+00   4.83843854e+00
 1.30000000e-01  -2.50000000e-03   1.00000000e+00   2.42670109e-02   2.22182423e-04   2.22461073e+00   4.78515637e+00
 1.40000000e-01  -2.50000000e-03   1.00000000e+00   2.69785205e-02   2.29074705e-04   2.21814514e+00   4.70996604e+00
 1.50000000e-01  -2.50000000e-03   1.00000000e+00   2.97325304e-02   2.36401639e-04   2.20229939e+00   4.66736873e+00
 1.60000000e-01  -2.50000000e-03   1.00000000e+00   3.25219303e-02   2.43976593e-04   2.22186589e+00   4.61872551e+00
 1.70000000e-01  -2.50000000e-03   1.00000000e+00   3.53417454e-02   2.51718147e-04   2.21684873e+00   4.58276360e+00
 1.80000000e-01  -2.50000000e-03   1.00000000e+00   3.81880356e-02   2.59579560e-04   2.20620018e+00   4.53448360e+00
 1.90000000e-01  -2.50000000e-03   1.00000000e+00   4.10572748e-02   2.67562022e-04   2.21151713e+00   4.50626950e+00
 2.00000000e-01  -2.50000000e-03   1.00000000e+00   4.39461526e-02   2.75679798e-04   2.19860537e+00   4.47265517e+00
 2.10000000e-01  -2.50000000e-03   1.00000000e+00   4.68511869e-02   2.83938975e-04   2.20950041e+00   4.45221013e+00
 2.20000000e-01  -2.50000000e-03   1.00000000e+00   4.97690698e-02   2.92341125e-04   2.20878266e+00   4.42586371e+00
 2.30000000e-01  -2.50000000e-03   1.00000000e+00   5.26955964e-02   3.00871974e-04   2.22181385e+00   4.40324182e+00
 2.40000000e-01  -2.50000000e-03   1.00000000e+00   5.56263940e-02   3.09512346e-04   2.22016274e+00   4.37842719e+00
 2.50000000e-01  -2.50000000e-03   1.00000000e+00   5.85570582e-02   3.18222627e-04   2.23855863e+00   4.35595114e+00
 2.60000000e-01  -2.50000000e-03   1.00000000e+00   6.14829662e-02   3.26993785e-04   2.25828758e+00   4.34106621e+00
 2.70000000e-01  -2.50000000e-03   1.00000000e+00   6.43994121e-02   3.35790946e-04   2.23603425e+00   4.31747652e+00
 2.80000000e-01  -2.50000000e-03   1.00000000e+00   6.73015848e-02   3.44574600e-04   2.25013228e+00   4.31001942e+00
 2.90000000e-01  -2.50000000e-03   1.00000000e+00   7.01848660e-02   3.53306240e-04   2.25214127e+00   4.27895342e+00
 3.00000000e-01  -2.50000000e-03   1.00000000e+00   7.30446112e-02   3.61957171e-04   2.24877532e+00   4.26780519e+00
 3.10000000e-01  -2.50000000e-03   1.00000000e+00   7.58763480e-02   3.70513959e-04   2.27275980e+00   4.25196430e+00
 3.20000000e-01  -2.50000000e-03   1.00000000e+00   7.86757879e-02   3.78952165e-04   2.27280570e+00   4.24389369e+00
 3.30000000e-01  -2.50000000e-03   1.00000000e+00   8.14387220e-02   3.87254227e-04   2.30327992e+00   4.22050001e+00
 3.40000000e-01  -2.50000000e-03   1.00000000e+00   8.41612274e-02   3.95401472e-04   2.30103746e+00   4.21641463e+00
 3.50000000e-01  -2.50000000e-03   1.00000000e+00   8.68393667e-02   4.03381480e-04   2.31545290e+00   4.20926103e+00
 3.60000000e-01  -2.50000000e-03   1.00000000e+00   8.94698348e-02   4.11186808e-04   2.33182331e+00   4.19917999e+00
 3.70000000e-01  -2.50000000e-03   1.00000000e+00   9.20492300e-02   4.18799524e-04   2.33114715e+00   4.18370333e+00
 3.80000000e-01  -2.50000000e-03   1.00000000e+00   9.45743338e-02   4.26206889e-04   2.34179769e+00   4.17262297e+00
 3.90000000e-01  -2.50000000e-03   1.00000000e+00   9.70423887e-02   4.33410512e-04   2.34902903e+00   4.17311548e+00
 4.00000000e-01  -2.50000000e-03   1.00000000e+00   9.94499675e-02   4.40393201e-04   2.34620464e+00   4.17120664e+00
 4.10000000e-01  -2.50000000e-03   1.00000000e+00   1.01794352e-01   4.47139720e-04   2.34978838e+00   4.16320975e+00
 4.20000000e-01  -2.50000000e-03   1.00000000e+00   1.04073161e-01   4.53648269e-04   2.37223288e+00   4.13971618e+00
 4.30000000e-01  -2.50000000e-03   1.00000000e+00   1.06284257e-01   4.59909556e-04   2.36605783e+00   4.14461820e+00
 4.40000000e-01  -2.50000000e-03   1.00000000e+00   1.08425646e-01   4.65926192e-04   2.38980868e+00   4.14133008e+00
 4.50000000e-01  -2.50000000e-03   1.00000000e+00   1.10495552e-01   4.71701685e-04   2.37353467e+00   4.13520737e+00
 4.60000000e-01  -2.50000000e-03   1.00000000e+00   1.12492269e-01   4.77223957e-04   2.41986484e+00   4.13373136e+00
 4.70000000e-01  -2.50000000e-03   1.00000000e+00   1.14414360e-01   4.82510314e-04   2.39708866e+00   4.12805301e+00
 4.80000000e-01  -2.50000000e-03   1.00000000e+00   1.16260387e-01   4.87546970e-04   2.41863820e+00   4.12325629e+00
 4.90000000e-01  -2.50000000e-03   1.00000000e+00   1.18029179e-01   4.92321010e-04   2.41303659e+00   4.12340726e+00
 5.00000000e-01  -2.50000000e-03   1.00000000e+00   1.19719609e-01   4.96834479e-04   2.43508684e+00   4.11766150e+00
 5.10000000e-01  -2.50000000e-03   1.00000000e+00   1.21330788e-01   5.01080866e-04   2.43863733e+00   4.11085199e+00
 5.20000000e-01  -2.50000000e-03   1.00000000e+00   1.22861818e-01   5.05062202e-04   2.45301929e+00   4.11206223e+00
 5.30000000e-01  -2.50000000e-03   1.00000000e+00   1.24312213e-01   5.08786610e-04   2.47185526e+00   4.11339402e+00
 5.40000000e-01  -2.50000000e-03   1.00000000e+00   1.25681678e-01   5.12246950e-04   2.45372776e+00   4.11577673e+00
 5.50000000e-01  -2.50000000e-03   1.00000000e+00   1.26969500e-01   5.15436073e-04   2.46669172e+00   4.10269534e+00
 5.60000000e-01  -2.50000000e-03   1.00000000e+00   1.28175469e-01   5.18341914e-04   2.47894852e+00   4.11352540e+00
 5.70000000e-01  -2.50000000e-03   1.00000000e+00   1.29299551e-01   5.20986585e-04   2.48850613e+00   4.11458896e+00
 5.80000000e-01  -2.50000000e-03   1.00000000e+00   1.30341884e-01   5.23358253e-04   2.46613005e+00   4.11122970e+00
 5.90000000e-01  -2.50000000e-03   1.00000000e+00   1.31302731e-01   5.25467172e-04   2.48991433e+00   4.12025797e+00
 6.00000000e-01  -2.50000000e-03   1.00000000e+00   1.32182631e-01   5.27333494e-04   2.48998667e+00   4.10405897e+00
 6.10000000e-01  -2.50000000e-03   1.00000000e+00   1.32981925e-01   5.28934964e-04   2.47999733e+00   4.11103267e+00
 6.20000000e-01  -2.50000000e-03   1.00000000e+00   1.33701230e-01   5.30285984e-04   2.48989305e+00   4.11946031e+00
 6.30000000e-01  -2.50000000e-03   1.00000000e+00   1.34342031e-01   5.31391462e-04   2.51754150e+00   4.10182124e+00
 6.40000000e-01  -2.50000000e-03   1.00000000e+00   1.34905273e-01   5.32249938e-04   2.52936089e+00   4.10175313e+00
 6.50000000e-01  -2.50000000e-03   1.00000000e+00   1.35391724e-01   5.32888948e-04   2.51454639e+00   4.10859824e+00
 6.60000000e-01  -2.50000000e-03   1.00000000e+00   1.35802083e-01   5.33315325e-04   2.51677609e+00   4.11418706e+00
 6.70000000e-01  -2.50000000e-03   1.00000000e+00   1.36137216e-01   5.33519618e-04   2.53072695e+00   4.11242498e+00
 6.80000000e-01  -2.50000000e-03   1.00000000e+00   1.36398209e-01   5.33502645e-04   2.54432509e+00   4.11310818e+00
 6.90000000e-01  -2.50000000e-03   1.00000000e+00   1.36586411e-01   5.33254196e-04   2.51732322e+00   4.10887897e+00
 7.00000000e-01  -2.50000000e-03   1.00000000e+00   1.36704517e-01   5.32769193e-04   2.55178307e+00   4.11036100e+00
 7.10000000e-01  -2.50000000e-03   1.00000000e+00   1.36753641e-01   5.32075973e-04   2.53479663e+00   4.11537928e+00
 7.20000000e-01  -2.50000000e-03   1.00000000e+00   1.36735553e-01   5.31074846e-04   2.54236239e+00   4.10803737e+00
 7.30000000e-01  -2.50000000e-03   1.00000000e+00   1.36651177e-01   5.30090018e-04   2.54979543e+00   4.10994670e+00
 7.40000000e-01  -2.50000000e-03   1.00000000e+00   1.36502025e-01   5.28860762e-04   2.56426259e+00   4.11415589e+00
 7.50000000e-01  -2.50000000e-03   1.00000000e+00   1.36290150e-01   5.27453115e-04   2.56906647e+00   4.11623237e+00
 7.60000000e-01  -2.50000000e-03   1.00000000e+00   1.36016804e-01   5.25860842e-04   2.55160040e+00   4.12300692e+00
 7.70000000e-01  -2.50000000e-03   1.00000000e+00   1.35683608e-01   5.24097973e-04   2.53782961e+00   4.10564739e+00
 7.80000000e-01  -2.50000000e-03   1.00000000e+00   1.35291923e-01   5.22157099e-04   2.54070668e+00   4.11166848e+00
 7.90000000e-01  -2.50000000e-03   1.00000000e+00   1.34842499e-01   5.20030091e-04   2.55155953e+00   4.10584616e+00
 8.00000000e-01  -2.50000000e-03   1.00000000e+00   1.34337735e-01   5.17716606e-04   2.54379701e+00   4.11419184e+00
 8.10000000e-01  -2.50000000e-03   1.00000000e+00   1.33779643e-01   5.15239468e-04   2.55771859e+00   4.10707193e+00
 8.20000000e-01  -2.50000000e-03   1.00000000e+00   1.33170879e-01   5.12604947e-04   2.53809014e+00   4.11955906e+00
 8.30000000e-01  -2.50000000e-03   1.00000000e+00   1.32513743e-01   5.09840096e-04   2.52479180e+00   4.11244785e+00
 8.40000000e-01  -2.50000000e-03   1.00000000e+00   1.31810759e-01   5.06951292e-04   2.55725200e+00   4.11611515e+00
 8.50000000e-01  -2.50000000e-03   1.00000000e+00   1.31064449e-01   5.03958675e-04   2.54198458e+00   4.12323871e+00
 8.60000000e-01  -2.50000000e-03   1.00000000e+00   1.30276865e-01   5.00871476e-04   2.52841786e+00   4.11920693e+00
 8.70000000e-01  -2.50000000e-03   1.00000000e+00   1.29450518e-01   4.97692514e-04   2.56157690e+00   4.12257824e+00
 8.80000000e-01  -2.50000000e-03   1.00000000e+00   1.28587674e-01   4.94430531e-04   2.55070178e+00   4.11806364e+00
 8.90000000e-01  -2.50000000e-03   1.00000000e+00   1.27690399e-01   4.91092172e-04   2.52614410e+00   4.12065656e+00
 9.00000000e-01  -2.50000000e-03   1.00000000e+00   1.26760932e-01   4.87681350e-04   2.54451483e+00   4.11246775e+00
 9.10000000e-01  -2.50000000e-03   1.00000000e+00   1.25801573e-01   4.84199109e-04   2.52278630e+00   4.11513150e+00
 9.20000000e-01  -2.50000000e-03   1.00000000e+00   1.24814760e-01   4.80658008e-04   2.52358072e+00   4.11603861e+00
 9.30000000e-01  -2.50000000e-03   1.00000000e+00   1.23802788e-01   4.77065884e-04   2.51873974e+00   4.11996439e+00
 9.40000000e-01  -2.50000000e-03   1.00000000e+00   1.22767813e-01   4.73427314e-04   2.52237006e+00   4.11052144e+00
 9.50000000e-01  -2.50000000e-03   1.00000000e+00   1.21712042e-01   4.69746439e-04   2.50565577e+00   4.11572774e+00
 9.60000000e-01  -2.50000000e-03   1.00000000e+00   1.20637598e-01   4.66035099e-04   2.50347163e+00   4.11170258e+00
 9.70000000e-01  -2.50000000e-03   1.00000000e+00   1.19546508e-01   4.62293764e-04   2.50411336e+00   4.11494535e+00
 9.80000000e-01  -2.50000000e-03   1.00000000e+00   1.18440869e-01   4.58528419e-04   2.51381186e+00   4.11443304e+00
 9.90000000e-01  -2.50000000e-03   1.00000000e+00   1.17322775e-01   4.54744631e-04   2.48925876e+00   4.11587541e+00
 1.00000000e+00  -2.50000000e-03   1.00000000e+00   1.16194323e-01   4.50950698e-04   2.49267112e+00   4.11058019e+00
 1.01000000e+00  -2.50000000e-03   1.00000000e+00   1.15057562e-01   4.47148935e-04   2.48567139e+00   4.10230469e+00
 1.02000000e+00  -2.50000000e-03   1.00000000e+00   1.13914796e-01   4.43353013e-04   2.49030129e+00   4.10915439e+00
 1.03000000e+00  -2.50000000e-03   1.00000000e+00   1.12768047e-01   4.39575949e-04   2.48964544e+00   4.09400659e+00
 1.04000000e+00  -2.50000000e-03   1.00000000e+00   1.11619231e-01   4.35811408e-04   2.48265849e+00   4.10551368e+00
 1.05000000e+00  -2.50000000e-03   1.00000000e+00   1.10470254e-01   4.32076688e-04   2.47358107e+00   4.10265666e+00
 1.06000000e+00  -2.50000000e-03   1.00000000e+00   1.09322965e-01   4.28369517e-04   2.47423959e+00   4.10725877e+00
 1.07000000e+00  -2.50000000e-03   1.00000000e+00   1.08179152e-01   4.24695823e-04   2.47472925e+00   4.10243368e+00
 1.08000000e+00  -2.50000000e-03   1.00000000e+00   1.07040549e-01   4.21058322e-04   2.46492057e+00   4.10468517e+00
 1.09000000e+00  -2.50000000e-03   1.00000000e+00   1.05908839e-01   4.17466315e-04   2.44603109e+00   4.09628858e+00
 1.10000000e+00  -2.50000000e-03   1.00000000e+00   1.04785655e-01   4.13919743e-04   2.44874793e+00   4.09920256e+00
 1.11000000e+00  -2.50000000e-03   1.00000000e+00   1.03672619e-01   4.10423615e-04   2.44974978e+00   4.09630160e+00
 1.12000000e+00  -2.50000000e-03   1.00000000e+00   1.02571263e-01   4.06985719e-04   2.43993327e+00   4.09185328e+00
 1.13000000e+00  -2.50000000e-03   1.00000000e+00   1.01483080e-01   4.03609103e-04   2.43538242e+00   4.09271857e+00
 1.14000000e+00  -2.50000000e-03   1.00000000e+00   1.00409524e-01   4.00298760e-04   2.44062059e+00   4.08542852e+00
 1.15000000e+00  -2.50000000e-03   1.00000000e+00   9.93520261e-02   3.97055338e-04   2.43040247e+00   4.08425182e+00
 1.16000000e+00  -2.50000000e-03   1.00000000e+00   9.83117969e-02   3.93883667e-04   2.41640301e+00   4.08467043e+00
 1.17000000e+00  -2.50000000e-03   1.00000000e+00   9.72901093e-02   3.90786298e-04   2.40327459e+00   4.08306252e+00
 1.18000000e+00  -2.50000000e-03   1.00000000e+00   9.62881866e-02   3.87768200e-04   2.42285336e+00   4.08582136e+00
 1.19000000e+00  -2.50000000e-03   1.00000000e+00   9.53070966e-02   3.84827339e-04   2.40243772e+00   4.07952468e+00
 1.20000000e+00  -2.50000000e-03   1.00000000e+00   9.43481328e-02   3.81968749e-04   2.42495863e+00   4.06962741e+00
 1.21000000e+00  -2.50000000e-03   1.00000000e+00   9.34124120e-02   3.79205115e-04   2.38438232e+00   4.07505929e+00
 1.22000000e+00  -2.50000000e-03   1.00000000e+00   9.25007935e-02   3.76535971e-04   2.38837948e+00   4.07418202e+00
 1.23000000e+00  -2.50000000e-03   1.00000000e+00   9.16142252e-02   3.73958399e-04   2.37182490e+00   4.06380824e+00
 1.24000000e+00  -2.50000000e-03   1.00000000e+00   9.07534575e-02   3.71473843e-04   2.38451688e+00   4.07205833e+00
 1.25000000e+00  -2.50000000e-03   1.00000000e+00   8.99192586e-02   3.69088996e-04   2.38010052e+00   4.06810167e+00
 1.26000000e+00  -2.50000000e-03   1.00000000e+00   8.91122775e-02   3.66793566e-04   2.37041454e+00   4.07222096e+00
 1.27000000e+00  -2.50000000e-03   1.00000000e+00   8.83331537e-02   3.64598351e-04   2.35620474e+00   4.06038683e+00
 1.28000000e+00  -2.50000000e-03   1.00000000e+00   8.75824663e-02   3.62501169e-04   2.36721077e+00   4.05741320e+00
 1.29000000e+00  -2.50000000e-03   1.00000000e+00   8.68607570e-02   3.60505790e-04   2.36882336e+00   4.05450359e+00
 1.30000000e+00  -2.50000000e-03   1.00000000e+00   8.61684676e-02   3.58609631e-04   2.36020211e+00   4.05169528e+00
 1.31000000e+00  -2.50000000e-03   1.00000000e+00   8.55060162e-02   3.56814480e-04   2.35660972e+00   4.05261716e+00
 1.32000000e+00  -2.50000000e-03   1.00000000e+00   8.48737707e-02   3.55121370e-04   2.33772758e+00   4.05800764e+00
 1.33000000e+00  -2.50000000e-03   1.00000000e+00   8.42720457e-02   3.53532621e-04   2.35665504e+00   4.05416557e+00
 1.34000000e+00  -2.50000000e-03   1.00000000e+00   8.37010697e-02   3.52046571e-04   2.32230148e+00   4.04548320e+00
 1.35000000e+00  -2.50000000e-03   1.00000000e+00   8.31608894e-02   3.50657757e-04   2.34170299e+00   4.05112416e+00
 1.36000000e+00  -2.50000000e-03   1.00000000e+00   8.26518510e-02   3.49376913e-04   2.34723534e+00   4.05004311e+00
 1.37000000e+00  -2.50000000e-03   1.00000000e+00   8.21740057e-02   3.48194344e-04   2.35686714e+00   4.04370017e+00
 1.38000000e+00  -2.50000000e-03   1.00000000e+00   8.17273688e-02   3.47111965e-04   2.33337346e+00   4.03608781e+00
 1.39000000e+00  -2.50000000e-03   1.00000000e+00   8.13119039e-02   3.46130343e-04   2.35079597e+00   4.04216169e+00
 1.40000000e+00  -2.50000000e-03   1.00000000e+00   8.09274974e-02   3.45252911e-04   2.34579995e+00   4.04095597e+00
 1.41000000e+00  -2.50000000e-03   1.00000000e+00   8.05740329e-02   3.44474475e-04   2.33357224e+00   4.03414337e+00
 1.42000000e+00  -2.50000000e-03   1.00000000e+00   8.02512283e-02   3.43789155e-04   2.32079901e+00   4.02806880e+00
 1.43000000e+00  -2.50000000e-03   1.00000000e+00   7.99589209e-02   3.43199343e-04   2.32298232e+00   4.02703310e+00
 1.44000000e+00  -2.50000000e-03   1.00000000e+00   7.96968740e-02   3.42703670e-04   2.30823338e+00   4.02726831e+00
 1.45000000e+00  -2.50000000e-03   1.00000000e+00   7.94644032e-02   3.42303309e-04   2.32698272e+00   4.02472027e+00
 1.46000000e+00  -2.50000000e-03   1.00000000e+00   7.92613037e-02   3.41994792e-04   2.31770810e+00   4.02649424e+00
 1.47000000e+00  -2.50000000e-03   1.00000000e+00   7.90871703e-02   3.41765928e-04   2.31509720e+00   4.02633632e+00
 1.48000000e+00  -2.50000000e-03   1.00000000e+00   7.89421960e-02   3.41612497e-04   2.32202991e+00   4.03399473e+00
 1.49000000e+00  -2.50000000e-03   1.00000000e+00   7.88252881e-02   3.41576311e-04   2.31466429e+00   4.02543879e+00
 1.50000000e+00  -2.50000000e-03   1.00000000e+00   7.87360633e-02   3.41626511e-04   2.30465792e+00   4.02101185e+00
 1.51000000e+00  -2.50000000e-03   1.00000000e+00   7.86736132e-02   3.41726916e-04   2.31647108e+00   4.02536173e+00
 1.52000000e+00  -2.50000000e-03   1.00000000e+00   7.86376419e-02   3.41904894e-04   2.30881900e+00   4.02241286e+00
 1.53000000e+00  -2.50000000e-03   1.00000000e+00   7.86275491e-02   3.42166186e-04   2.31875485e+00   4.03077021e+00
 1.54000000e+00  -2.50000000e-03   1.00000000e+00   7.86428888e-02   3.42509848e-04   2.30324369e+00   4.02238378e+00
 1.55000000e+00  -2.50000000e-03   1.00000000e+00   7.86834933e-02   3.42937627e-04   2.31202092e+00   4.01426465e+00
 1.56000000e+00  -2.50000000e-03   1.00000000e+00   7.87481688e-02   3.43443684e-04   2.29096910e+00   4.02011759e+00
 1.57000000e+00  -2.50000000e-03   1.00000000e+00   7.88362304e-02   3.44014217e-04   2.30661034e+00   4.02133259e+00
 1.58000000e+00  -2.50000000e-03   1.00000000e+00   7.89466277e-02   3.44644754e-04   2.29985558e+00   4.01676353e+00
 1.59000000e+00  -2.50000000e-03   1.00000000e+00   7.90788314e-02   3.45326260e-04   2.30761850e+00   4.01161958e+00
 1.60000000e+00  -2.50000000e-03   1.00000000e+00   7.92327130e-02   3.46064983e-04   2.31657282e+00   4.01829879e+00
 1.61000000e+00  -2.50000000e-03   1.00000000e+00   7.94073625e-02   3.46870768e-04   2.29959705e+00   4.01955019e+00
 1.62000000e+00  -2.50000000e-03   1.00000000e+00   7.96018306e-02   3.47742831e-04   2.31029836e+00   4.01766002e+00
 1.63000000e+00  -2.50000000e-03   1.00000000e+00   7.98162492e-02   3.48672057e-04   2.32320126e+00   4.00847362e+00
 1.64000000e+00  -2.50000000e-03   1.00000000e+00   8.00497880e-02   3.49662285e-04   2.28884638e+00   4.01602668e+00
 1.65000000e+00  -2.50000000e-03   1.00000000e+00   8.03013361e-02   3.50712310e-04   2.29320235e+00   4.01968190e+00
 1.66000000e+00  -2.50000000e-03   1.00000000e+00   8.05700326e-02   3.51809820e-04   2.28955218e+00   4.00976704e+00
 1.67000000e+00  -2.50000000e-03   1.00000000e+00   8.08549087e-02   3.52947265e-04   2.30673903e+00   4.01624294e+00
 1.68000000e+00  -2.50000000e-03   1.00000000e+00   8.11551499e-02   3.54125582e-04   2.30481963e+00   4.01100493e+00
 1.69000000e+00  -2.50000000e-03   1.00000000e+00   8.14697574e-02   3.55335622e-04   2.29085256e+00   4.01201029e+00
 1.70000000e+00  -2.50000000e-03   1.00000000e+00   8.17978493e-02   3.56577769e-04   2.30513830e+00   4.01214334e+00
 1.71000000e+00  -2.50000000e-03   1.00000000e+00   8.21386185e-02   3.57845970e-04   2.31722183e+00   4.00231659e+00
 1.72000000e+00  -2.50000000e-03   1.00000000e+00   8.24911853e-02   3.59137369e-04   2.31479266e+00   4.01053234e+00
 1.73000000e+00  -2.50000000e-03   1.00000000e+00   8.28546640e-02   3.60456906e-04   2.32817243e+00   4.00533744e+00
 1.74000000e+00  -2.50000000e-03   1.00000000e+00   8.32281233e-02   3.61794046e-04   2.32663903e+00   4.01116811e+00
 1.75000000e+00  -2.50000000e-03   1.00000000e+00   8.36106986e-02   3.63150349e-04   2.31875470e+00   4.01547489e+00
 1.76000000e+00  -2.50000000e-03   1.00000000e+00   8.40015645e-02   3.64520852e-04   2.33195143e+00   4.01354346e+00
 1.77000000e+00  -2.50000000e-03   1.00000000e+00   8.43999222e-02   3.65902938e-04   2.29320402e+00   4.00587588e+00
 1.78000000e+00  -2.50000000e-03   1.00000000e+00   8.48049758e-02   3.67295659e-04   2.30852753e+00   4.00528816e+00
 1.79000000e+00  -2.50000000e-03   1.00000000e+00   8.52159690e-02   3.68699401e-04   2.32185094e+00   4.00774478e+00
 1.80000000e+00  -2.50000000e-03   1.00000000e+00   8.56320990e-02   3.70111252e-04   2.33273196e+00   4.01108879e+00
 1.81000000e+00  -2.50000000e-03   1.00000000e+00   8.60525703e-02   3.71528667e-04   2.32657236e+00   4.01691826e+00
 1.82000000e+00  -2.50000000e-03   1.00000000e+00   8.64765911e-02   3.72949287e-04   2.29261379e+00   4.00703503e+00
 1.83000000e+00  -2.50000000e-03   1.00000000e+00   8.69034089e-02   3.74368357e-04   2.31346113e+00   4.00600653e+00
 1.84000000e+00  -2.50000000e-03   1.00000000e+00   8.73322112e-02   3.75786283e-04   2.31366320e+00   4.00173162e+00
 1.85000000e+00  -2.50000000e-03   1.00000000e+00   8.77622011e-02   3.77196977e-04   2.33005916e+00   4.01692643e+00
 1.86000000e+00  -2.50000000e-03   1.00000000e+00   8.81926833e-02   3.78603677e-04   2.30070308e+00   4.01817355e+00
 1.87000000e+00  -2.50000000e-03   1.00000000e+00   8.86229087e-02   3.79997606e-04   2.33780249e+00   4.01510636e+00
 1.88000000e+00  -2.50000000e-03   1.00000000e+00   8.90522698e-02   3.81378996e-04   2.34678861e+00   4.00616694e+00
 1.89000000e+00  -2.50000000e-03   1.00000000e+00   8.94800358e-02   3.82745437e-04   2.32929191e+00   4.01043784e+00
 1.90000000e+00  -2.50000000e-03   1.00000000e+00   8.99055634e-02   3.84099545e-04   2.32702464e+00   4.01344445e+00
 1.91000000e+00  -2.50000000e-03   1.00000000e+00   9.03282551e-02   3.85436408e-04   2.33307544e+00   4.01380967e+00
 1.92000000e+00  -2.50000000e-03   1.00000000e+00   9.07474967e-02   3.86754329e-04   2.34132442e+00   4.01726195e+00
 1.93000000e+00  -2.50000000e-03   1.00000000e+00   9.11626915e-02   3.88052833e-04   2.35650951e+00   4.01347365e+00
 1.94000000e+00  -2.50000000e-03   1.00000000e+00   9.15732684e-02   3.89327999e-04   2.33353052e+00   4.02114968e+00
 1.95000000e+00  -2.50000000e-03   1.00000000e+00   9.19786408e-02   3.90582254e-04   2.34059984e+00   4.00931510e+00
 1.96000000e+00  -2.50000000e-03   1.00000000e+00   9.23783212e-02   3.91807434e-04   2.34590570e+00   4.02032380e+00
 1.97000000e+00  -2.50000000e-03   1.00000000e+00   9.27717607e-02   3.93010567e-04   2.33341575e+00   4.02595745e+00
 1.98000000e+00  -2.50000000e-03   1.00000000e+00   9.31584944e-02   3.94185104e-04   2.36296551e+00   4.01445367e+00
 1.99000000e+00  -2.50000000e-03   1.00000000e+00   9.35380956e-02   3.95327563e-04   2.33541740e+00   4.02286008e+00
 2.00000000e+00  -2.50000000e-03   1.00000000e+00   9.39100475e-02   3.96444170e-04   2.35756673e+00   4.02210553e+00
 2.01000000e+00  -2.50000000e-03   1.00000000e+00   9.42740379e-02   3.97529530e-04   2.33299228e+00   4.01556311e+00
 2.02000000e+00  -2.50000000e-03   1.00000000e+00   9.46295080e-02   3.98580604e-04   2.35907449e+00   4.02351377e+00
 2.03000000e+00  -2.50000000e-03   1.00000000e+00   9.49761371e-02   3.99599871e-04   2.35757868e+00   4.01769642e+00
 2.04000000e+00  -2.50000000e-03   1.00000000e+00   9.53135266e-02   4.00580746e-04   2.35928390e+00   4.02236853e+00
 2.05000000e+00  -2.50000000e-03   1.00000000e+00   9.56413847e-02   4.01528199e-04   2.36010978e+00   4.02726756e+00
 2.06000000e+00  -2.50000000e-03   1.00000000e+00   9.59594190e-02   4.02439867e-04   2.37509202e+00   4.02977839e+00
 2.07000000e+00  -2.50000000e-03   1.00000000e+00   9.62673731e-02   4.03314685e-04   2.35170551e+00   4.01894793e+00
 2.08000000e+00  -2.50000000e-03   1.00000000e+00   9.65649647e-02   4.04150507e-04   2.36222821e+00   4.02461241e+00
 2.09000000e+00  -2.50000000e-03   1.00000000e+00   9.68520189e-02   4.04952778e-04   2.34798443e+00   4.01553338e+00
 2.10000000e+00  -2.50000000e-03   1.00000000e+00   9.71282881e-02   4.05714861e-04   2.36943359e+00   4.02751714e+00
 2.11000000e+00  -2.50000000e-03   1.00000000e+00   9.73936291e-02   4.06443773e-04   2.36415092e+00   4.03396726e+00
 2.12000000e+00  -2.50000000e-03   1.00000000e+00   9.76478323e-02   4.07133725e-04   2.36860670e+00   4.03036425e+00
 2.13000000e+00  -2.50000000e-03   1.00000000e+00   9.78907787e-02   4.07783413e-04   2.34522021e+00   4.03271070e+00
 2.14000000e+00  -2.50000000e-03   1.00000000e+00   9.81223186e-02   4.08395802e-04   2.36768125e+00   4.03569210e+00
 2.15000000e+00  -2.50000000e-03   1.00000000e+00   9.83423905e-02   4.08969641e-04   2.38439314e+00   4.02099177e+00
 2.16000000e+00  -2.50000000e-03   1.00000000e+00   9.85509225e-02   4.09502709e-04   2.35516778e+00   4.02602748e+00
 2.17000000e+00  -2.50000000e-03   1.00000000e+00   9.87477787e-02   4.10001093e-04   2.37905630e+00   4.03735633e+00
 2.18000000e+00  -2.50000000e-03   1.00000000e+00   9.89329789e-02   4.10461734e-04   2.38629345e+00   4.03921587e+00
 2.19000000e+00  -2.50000000e-03   1.00000000e+00   9.91064596e-02   4.10881351e-04   2.36797880e+00   4.02933296e+00
 2.20000000e+00  -2.50000000e-03   1.00000000e+00   9.92682223e-02   4.11260346e-04   2.37551335e+00   4.02822957e+00
 2.21000000e+00  -2.50000000e-03   1.00000000e+00   9.94183310e-02   4.11603082e-04   2.36242139e+00   4.02863190e+00
 2.22000000e+00  -2.50000000e-03   1.00000000e+00   9.95567999e-02   4.11909018e-04   2.38304032e+00   4.03532541e+00
 2.23000000e+00  -2.50000000e-03   1.00000000e+00   9.96837423e-02   4.12180114e-04   2.36365241e+00   4.03719592e+00
 2.24000000e+00  -2.50000000e-03   1.00000000e+00   9.97985794e-02   4.12407062e-04   2.40160517e+00   4.03614176e+00
 2.25000000e+00  -2.50000000e-03   1.00000000e+00   9.99008458e-02   4.12575568e-04   2.38055156e+00   4.04339771e+00
 2.26000000e+00  -2.50000000e-03   1.00000000e+00   9.99905136e-02   4.12665937e-04   2.37606053e+00   4.03825727e+00
 2.27000000e+00  -2.50000000e-03   1.00000000e+00   1.00068120e-01   4.12693299e-04   2.38104760e+00   4.03908314e+00
 2.28000000e+00  -2.50000000e-03   1.00000000e+00   1.00133648e-01   4.12697979e-04   2.38672934e+00   4.03591187e+00
 2.29000000e+00  -2.50000000e-03   1.00000000e+00   1.00187210e-01   4.12680221e-04   2.38488501e+00   4.03949112e+00
 2.30000000e+00  -2.50000000e-03   1.00000000e+00   1.00229425e-01   4.12627020e-04   2.37003401e+00   4.04263494e+00
 2.31000000e+00  -2.50000000e-03   1.00000000e+00   1.00260127e-01   4.12532966e-04   2.39329855e+00   4.03990010e+00
 2.32000000e+00  -2.50000000e-03   1.00000000e+00   1.00280272e-01   4.12394064e-04   2.39456368e+00   4.04062733e+00
 2.33000000e+00  -2.50000000e-03   1.00000000e+00   1.00291292e-01   4.12266715e-04   2.39328959e+00   4.04581726e+00
 2.34000000e+00  -2.50000000e-03   1.00000000e+00   1.00292937e-01   4.12131480e-04   2.39424908e+00   4.04570956e+00
 2.35000000e+00  -2.50000000e-03   1.00000000e+00   1.00285664e-01   4.11973666e-04   2.39467988e+00   4.03693171e+00
 2.36000000e+00  -2.50000000e-03   1.00000000e+00   1.00271295e-01   4.11821263e-04   2.36626532e+00   4.04979412e+00
 2.37000000e+00  -2.50000000e-03   1.00000000e+00   1.00249477e-01   4.11677415e-04   2.38134797e+00   4.04725093e+00
 2.38000000e+00  -2.50000000e-03   1.00000000e+00   1.00220556e-01   4.11540837e-04   2.38018694e+00   4.04035420e+00
 2.39000000e+00  -2.50000000e-03   1.00000000e+00   1.00184718e-01   4.11392045e-04   2.38877660e+00   4.04170471e+00
 2.40000000e+00  -2.50000000e-03   1.00000000e+00   1.00142145e-01   4.11234709e-04   2.37615140e+00   4.05183529e+00
 2.41000000e+00  -2.50000000e-03   1.00000000e+00   1.00092841e-01   4.11068164e-04   2.39678767e+00   4.04826360e+00
 2.42000000e+00  -2.50000000e-03   1.00000000e+00   1.00037038e-01   4.10884197e-04   2.37891207e+00   4.04360059e+00
 2.43000000e+00  -2.50000000e-03   1.00000000e+00   9.99746231e-02   4.10680419e-04   2.39759367e+00   4.04119480e+00
 2.44000000e+00  -2.50000000e-03   1.00000000e+00   9.99054407e-02   4.10453753e-04   2.38957877e+00   4.04046476e+00
 2.45000000e+00  -2.50000000e-03   1.00000000e+00   9.98295899e-02   4.10201539e-04   2.38318554e+00   4.03779147e+00
 2.46000000e+00  -2.50000000e-03   1.00000000e+00   9.97477546e-02   4.09913996e-04   2.39600648e+00   4.04298627e+00
 2.47000000e+00  -2.50000000e-03   1.00000000e+00   9.96597552e-02   4.09607317e-04   2.38744529e+00   4.04433962e+00
 2.48000000e+00  -2.50000000e-03   1.00000000e+00   9.95661964e-02   4.09277489e-04   2.37461849e+00   4.03258686e+00
 2.49000000e+00  -2.50000000e-03   1.00000000e+00   9.94665004e-02   4.08924732e-04   2.40023208e+00   4.05183516e+00
 2.50000000e+00  -2.50000000e-03   1.00000000e+00   9.93618381e-02   4.08547481e-04   2.38069380e+00   4.04159825e+00
 2.51000000e+00  -2.50000000e-03   1.00000000e+00   9.92517356e-02   4.08152626e-04   2.38485270e+00   4.05462839e+00
 2.52000000e+00  -2.50000000e-03   1.00000000e+00   9.91372656e-02   4.07731425e-04   2.38232323e+00   4.05150839e+00
 2.53000000e+00  -2.50000000e-03   1.00000000e+00   9.90178175e-02   4.07298079e-04   2.38841759e+00   4.05449833e+00
 2.54000000e+00  -2.50000000e-03   1.00000000e+00   9.88941911e-02   4.06850899e-04   2.40199723e+00   4.05311117e+00
 2.55000000e+00  -2.50000000e-03   1.00000000e+00   9.87663723e-02   4.06392047e-04   2.37372574e+00   4.05369074e+00
 2.56000000e+00  -2.50000000e-03   1.00000000e+00   9.86355138e-02   4.05915002e-04   2.38413353e+00   4.04534080e+00
 2.57000000e+00  -2.50000000e-03   1.00000000e+00   9.85016578e-02   4.05438633e-04   2.38237084e+00   4.03401385e+00
 2.58000000e+00  -2.50000000e-03   1.00000000e+00   9.83649322e-02   4.04954579e-04   2.37522476e+00   4.04425731e+00
 2.59000000e+00  -2.50000000e-03   1.00000000e+00   9.82252214e-02   4.04472634e-04   2.39291706e+00   4.04357631e+00
 2.60000000e+00  -2.50000000e-03   1.00000000e+00   9.80835882e-02   4.03964120e-04   2.38740321e+00   4.05092020e+00
 2.61000000e+00  -2.50000000e-03   1.00000000e+00   9.79393695e-02   4.03463557e-04   2.38512009e+00   4.04228002e+00
 2.62000000e+00  -2.50000000e-03   1.00000000e+00   9.77938109e-02   4.02945004e-04   2.38822828e+00   4.04748416e+00
 2.63000000e+00  -2.50000000e-03   1.00000000e+00   9.76460891e-02   4.02433989e-04   2.37928124e+00   4.03724307e+00
 2.64000000e+00  -2.50000000e-03   1.00000000e+00   9.74974455e-02   4.01904111e-04   2.38170023e+00   4.04864327e+00
 2.65000000e+00  -2.50000000e-03   1.00000000e+00   9.73471491e-02   4.01385464e-04   2.38216044e+00   4.04571305e+00
 2.66000000e+00  -2.50000000e-03   1.00000000e+00   9.71963616e-02   4.00851773e-04   2.37508940e+00   4.04697322e+00
 2.67000000e+00  -2.50000000e-03   1.00000000e+00   9.70450765e-02   4.00329129e-04   2.38281364e+00   4.04232931e+00
 2.68000000e+00  -2.50000000e-03   1.00000000e+00   9.68929766e-02   3.99812240e-04   2.37627469e+00   4.04729812e+00
 2.69000000e+00  -2.50000000e-03   1.00000000e+00   9.67409005e-02   3.99293252e-04   2.39283212e+00   4.04406097e+00
 2.70000000e+00  -2.50000000e-03   1.00000000e+00   9.65890959e-02   3.98778183e-04   2.37776136e+00   4.04176294e+00
 2.71000000e+00  -2.50000000e-03   1.00000000e+00   9.64378048e-02   3.98271934e-04   2.39968503e+00   4.04191376e+00
 2.72000000e+00  -2.50000000e-03   1.00000000e+00   9.62873406e-02   3.97776114e-04   2.38257874e+00   4.05262810e+00
 2.73000000e+00  -2.50000000e-03   1.00000000e+00   9.61378964e-02   3.97293016e-04   2.37522852e+00   4.04046321e+00
 2.74000000e+00  -2.50000000e-03   1.00000000e+00   9.59897326e-02   3.96816218e-04   2.35886047e+00   4.04003653e+00
 2.75000000e+00  -2.50000000e-03   1.00000000e+00   9.58430390e-02   3.96352612e-04   2.37894174e+00   4.04126965e+00
 2.76000000e+00  -2.50000000e-03   1.00000000e+00   9.56980208e-02   3.95900182e-04   2.38364046e+00   4.04465802e+00
 2.77000000e+00  -2.50000000e-03   1.00000000e+00   9.55555037e-02   3.95459267e-04   2.38805939e+00   4.03854312e+00
 2.78000000e+00  -2.50000000e-03   1.00000000e+00   9.54150961e-02   3.95038686e-04   2.36291967e+00   4.03647889e+00
 2.79000000e+00  -2.50000000e-03   1.00000000e+00   9.52767898e-02   3.94637987e-04   2.37699133e+00   4.04878837e+00
 2.80000000e+00  -2.50000000e-03   1.00000000e+00   9.51410644e-02   3.94244768e-04   2.35147278e+00   4.03976921e+00
 2.81000000e+00  -2.50000000e-03   1.00000000e+00   9.50085783e-02   3.93858697e-04   2.37680761e+00   4.04168787e+00
 2.82000000e+00  -2.50000000e-03   1.00000000e+00   9.48786466e-02   3.93502708e-04   2.37460300e+00   4.03454921e+00
 2.83000000e+00  -2.50000000e-03   1.00000000e+00   9.47523240e-02   3.93149809e-04   2.36292841e+00   4.03423483e+00
 2.84000000e+00  -2.50000000e-03   1.00000000e+00   9.46287413e-02   3.92822315e-04   2.36782115e+00   4.04356793e+00
 2.85000000e+00  -2.50000000e-03   1.00000000e+00   9.45090383e-02   3.92498324e-04   2.36044337e+00   4.04086362e+00
 2.86000000e+00  -2.50000000e-03   1.00000000e+00   9.43923143e-02   3.92193955e-04   2.37061363e+00   4.04273839e+00
 2.87000000e+00  -2.50000000e-03   1.00000000e+00   9.42797103e-02   3.91891357e-04   2.36931548e+00   4.04499501e+00
 2.88000000e+00  -2.50000000e-03   1.00000000e+00   9.41709130e-02   3.91611999e-04   2.34863153e+00   4.03732142e+00
 2.89000000e+00  -2.50000000e-03   1.00000000e+00   9.40660372e-02   3.91346170e-04   2.35905575e+00   4.04714927e+00
 2.90000000e+00  -2.50000000e-03   1.00000000e+00   9.39646397e-02   3.91096999e-04   2.36527871e+00   4.04341795e+00
 2.91000000e+00  -2.50000000e-03   1.00000000e+00   9.38676299e-02   3.90842852e-04   2.37840362e+00   4.03661460e+00
 2.92000000e+00  -2.50000000e-03   1.00000000e+00   9.37740536e-02   3.90606645e-04   2.35421576e+00   4.03637533e+00
 2.93000000e+00  -2.50000000e-03   1.00000000e+00   9.36843045e-02   3.90371317e-04   2.36363770e+00   4.04064605e+00
 2.94000000e+00  -2.50000000e-03   1.00000000e+00   9.35989560e-02   3.90142784e-04   2.36951274e+00   4.04686490e+00
 2.95000000e+00  -2.50000000e-03   1.00000000e+00   9.35171674e-02   3.89935502e-04   2.36637055e+00   4.02940811e+00
 2.96000000e+00  -2.50000000e-03   1.00000000e+00   9.34393140e-02   3.89725771e-04   2.35321286e+00   4.03950927e+00
 2.97000000e+00  -2.50000000e-03   1.00000000e+00   9.33658532e-02   3.89528964e-04   2.35801652e+00   4.03454404e+00
 2.98000000e+00  -2.50000000e-03   1.00000000e+00   9.32960994e-02   3.89350689e-04   2.36170021e+00   4.03379288e+00
 2.99000000e+00  -2.50000000e-03   1.00000000e+00   9.32304042e-02   3.89178256e-04   2.35954160e+00   4.04317720e+00
 3.00000000e+00  -2.50000000e-03   1.00000000e+00   9.31691091e-02   3.89024917e-04   2.33947580e+00   4.04372909e+00
 3.01000000e+00  -2.50000000e-03   1.00000000e+00   9.31126483e-02   3.88886587e-04   2.36437712e+00   4.02843702e+00
 3.02000000e+00  -2.50000000e-03   1.00000000e+00   9.30606953e-02   3.88776369e-04   2.36087883e+00   4.03704836e+00
 3.03000000e+00  -2.50000000e-03   1.00000000e+00   9.30132790e-02   3.88692170e-04   2.37127849e+00   4.03330318e+00
 3.04000000e+00  -2.50000000e-03   1.00000000e+00   9.29700595e-02   3.88629896e-04   2.34506146e+00   4.03488764e+00
 3.05000000e+00  -2.50000000e-03   1.00000000e+00   9.29320572e-02   3.88571885e-04   2.36870148e+00   4.03583195e+00
 3.06000000e+00  -2.50000000e-03   1.00000000e+00   9.28980047e-02   3.88541479e-04   2.35619098e+00   4.03411044e+00
 3.07000000e+00  -2.50000000e-03   1.00000000e+00   9.28687201e-02   3.88510500e-04   2.36308148e+00   4.03382827e+00
 3.08000000e+00  -2.50000000e-03   1.00000000e+00   9.28441637e-02   3.88500617e-04   2.34720600e+00   4.05013003e+00
 3.09000000e+00  -2.50000000e-03   1.00000000e+00   9.28241415e-02   3.88514107e-04   2.35331242e+00   4.03547191e+00
 3.10000000e+00  -2.50000000e-03   1.00000000e+00   9.28087805e-02   3.88538855e-04   2.36648662e+00   4.03868961e+00
 3.11000000e+00  -2.50000000e-03   1.00000000e+00   9.27977274e-02   3.88586123e-04   2.35352418e+00   4.02862844e+00
 3.12000000e+00  -2.50000000e-03   1.00000000e+00   9.27914517e-02   3.88655377e-04   2.34562456e+00   4.03949087e+00
 3.13000000e+00  -2.50000000e-03   1.00000000e+00   9.27875582e-02   3.88701320e-04   2.33481188e+00   4.02976630e+00
 3.14000000e+00  -2.50000000e-03   1.00000000e+00   9.27868268e-02   3.88750955e-04   2.34986034e+00   4.02747159e+00
 3.15000000e+00  -2.50000000e-03   1.00000000e+00   9.27879001e-02   3.88784536e-04   2.36654289e+00   4.03157063e+00
 3.16000000e+00  -2.50000000e-03   1.00000000e+00   9.27912632e-02   3.88814934e-04   2.36752349e+00   4.03317662e+00
 3.17000000e+00  -2.50000000e-03   1.00000000e+00   9.27959900e-02   3.88839446e-04   2.35240632e+00   4.03371295e+00
 3.18000000e+00  -2.50000000e-03   1.00000000e+00   9.28018035e-02   3.88855805e-04   2.34898774e+00   4.03680970e+00
 3.19000000e+00  -2.50000000e-03   1.00000000e+00   9.28089435e-02   3.88867837e-04   2.35537216e+00   4.03469292e+00
 3.20000000e+00  -2.50000000e-03   1.00000000e+00   9.28181772e-02   3.88885698e-04   2.35213151e+00   4.03175869e+00
 3.21000000e+00  -2.50000000e-03   1.00000000e+00   9.28290737e-02   3.88903896e-04   2.35709380e+00   4.03509910e+00
 3.22000000e+00  -2.50000000e-03   1.00000000e+00   9.28412337e-02   3.88926943e-04   2.35375605e+00   4.03716359e+00
 3.23000000e+00  -2.50000000e-03   1.00000000e+00   9.28546644e-02   3.88947992e-04   2.36674232e+00   4.03182255e+00
 3.24000000e+00  -2.50000000e-03   1.00000000e+00   9.28694255e-02   3.88971457e-04   2.36068381e+00   4.02232207e+00
 3.25000000e+00  -2.50000000e-03   1.00000000e+00   9.28853813e-02   3.88998352e-04   2.37952683e+00   4.03355480e+00
 3.26000000e+00  -2.50000000e-03   1.00000000e+00   9.29026458e-02   3.89035126e-04   2.35723231e+00   4.03549037e+00
 3.27000000e+00  -2.50000000e-03   1.00000000e+00   9.29210898e-02   3.89072055e-04   2.37483518e+00   4.03297968e+00
 3.28000000e+00  -2.50000000e-03   1.00000000e+00   9.29406790e-02   3.89111175e-04   2.36079779e+00   4.03495640e+00
 3.29000000e+00  -2.50000000e-03   1.00000000e+00   9.29612992e-02   3.89153787e-04   2.37678714e+00   4.02879904e+00
 3.30000000e+00  -2.50000000e-03   1.00000000e+00   9.29829288e-02   3.89196770e-04   2.36983152e+00   4.04093753e+00
 3.31000000e+00  -2.50000000e-03   1.00000000e+00   9.30052943e-02   3.89246283e-04   2.36231505e+00   4.03383713e+00
 3.32000000e+00  -2.50000000e-03   1.00000000e+00   9.30283177e-02   3.89295563e-04   2.34936744e+00   4.03680917e+00
 3.33000000e+00  -2.50000000e-03   1.00000000e+00   9.30518829e-02   3.89347338e-04   2.36109325e+00   4.03456350e+00
 3.34000000e+00  -2.50000000e-03   1.00000000e+00   9.30759043e-02   3.89397295e-04   2.36654478e+00   4.03427300e+00
 3.35000000e+00  -2.50000000e-03   1.00000000e+00   9.31002496e-02   3.89448136e-04   2.37256125e+00   4.04259769e+00
 3.36000000e+00  -2.50000000e-03   1.00000000e+00   9.31248213e-02   3.89501953e-04   2.35070473e+00   4.04433540e+00
 3.37000000e+00  -2.50000000e-03   1.00000000e+00   9.31503346e-02   3.89555783e-04   2.36004056e+00   4.03265906e+00
 3.38000000e+00  -2.50000000e-03   1.00000000e+00   9.31763020e-02   3.89623226e-04   2.34697616e+00   4.03325406e+00
 3.39000000e+00  -2.50000000e-03   1.00000000e+00   9.32027014e-02   3.89695390e-04   2.35435878e+00   4.02998542e+00
 3.40000000e+00  -2.50000000e-03   1.00000000e+00   9.32294098e-02   3.89768487e-04   2.36912105e+00   4.02989055e+00
 3.41000000e+00  -2.50000000e-03   1.00000000e+00   9.32562883e-02   3.89846476e-04   2.36676855e+00   4.03048287e+00
 3.42000000e+00  -2.50000000e-03   1.00000000e+00   9.32832549e-02   3.89923991e-04   2.35916466e+00   4.03620514e+00
 3.43000000e+00  -2.50000000e-03   1.00000000e+00   9.33102175e-02   3.90001575e-04   2.34550141e+00   4.03721979e+00
 3.44000000e+00  -2.50000000e-03   1.00000000e+00   9.33370997e-02   3.90076894e-04   2.36336847e+00   4.03369444e+00
 3.45000000e+00  -2.50000000e-03   1.00000000e+00   9.33638634e-02   3.90149900e-04   2.37562085e+00   4.03614724e+00
 3.46000000e+00  -2.50000000e-03   1.00000000e+00   9.33904263e-02   3.90223146e-04   2.37203168e+00   4.03676409e+00
 3.47000000e+00  -2.50000000e-03   1.00000000e+00   9.34167142e-02   3.90297489e-04   2.38596417e+00   4.03451058e+00
 3.48000000e+00  -2.50000000e-03   1.00000000e+00   9.34427417e-02   3.90369565e-04   2.35829633e+00   4.03050170e+00
 3.49000000e+00  -2.50000000e-03   1.00000000e+00   9.34684131e-02   3.90440091e-04   2.36101955e+00   4.02931555e+00
 3.50000000e+00  -2.50000000e-03   1.00000000e+00   9.34938698e-02   3.90502174e-04   2.34906749e+00   4.03150278e+00
 3.51000000e+00  -2.50000000e-03   1.00000000e+00   9.35187467e-02   3.90576600e-04   2.36010802e+00   4.03131352e+00
 3.52000000e+00  -2.50000000e-03   1.00000000e+00   9.35434041e-02   3.90638705e-04   2.34424716e+00   4.04349661e+00
 3.53000000e+00  -2.50000000e-03   1.00000000e+00   9.35674986e-02   3.90713902e-04   2.35404159e+00   4.04160281e+00
 3.54000000e+00  -2.50000000e-03   1.00000000e+00   9.35912567e-02   3.90775592e-04   2.37043397e+00   4.03388511e+00
 3.55000000e+00  -2.50000000e-03   1.00000000e+00   9.36137489e-02   3.90837859e-04   2.37057152e+00   4.03874893e+00
 3.56000000e+00  -2.50000000e-03   1.00000000e+00   9.36358829e-02   3.90891290e-04   2.35539641e+00   4.03583370e+00
 3.57000000e+00  -2.50000000e-03   1.00000000e+00   9.36573005e-02   3.90944793e-04   2.37934367e+00   4.02419528e+00
 3.58000000e+00  -2.50000000e-03   1.00000000e+00   9.36781302e-02   3.90996634e-04   2.37297946e+00   4.03918873e+00
 3.59000000e+00  -2.50000000e-03   1.00000000e+00   9.36983485e-02   3.91053643e-04   2.33503419e+00   4.03931407e+00
 3.60000000e+00  -2.50000000e-03   1.00000000e+00   9.37179662e-02   3.91107294e-04   2.35152076e+00   4.02839025e+00
 3.61000000e+00  -2.50000000e-03   1.00000000e+00   9.37362493e-02   3.91152412e-04   2.36370868e+00   4.02644804e+00
 3.62000000e+00  -2.50000000e-03   1.00000000e+00   9.37539504e-02   3.91189508e-04   2.38116096e+00   4.03705451e+00
 3.63000000e+00  -2.50000000e-03   1.00000000e+00   9.37710029e-02   3.91225379e-04   2.36678722e+00   4.04765047e+00
 3.64000000e+00  -2.50000000e-03   1.00000000e+00   9.37873633e-02   3.91265339e-04   2.35752846e+00   4.04263407e+00
 3.65000000e+00  -2.50000000e-03   1.00000000e+00   9.38022959e-02   3.91302320e-04   2.34514484e+00   4.03316370e+00
 3.66000000e+00  -2.50000000e-03   1.00000000e+00   9.38166371e-02   3.91323838e-04   2.34285461e+00   4.02787715e+00
 3.67000000e+00  -2.50000000e-03   1.00000000e+00   9.38293096e-02   3.91344458e-04   2.36212501e+00   4.03908729e+00
 3.68000000e+00  -2.50000000e-03   1.00000000e+00   9.38401440e-02   3.91353972e-04   2.36085081e+00   4.03965567e+00
 3.69000000e+00  -2.50000000e-03   1.00000000e+00   9.38499813e-02   3.91355994e-04   2.36171936e+00   4.02476509e+00
 3.70000000e+00  -2.50000000e-03   1.00000000e+00   9.38577155e-02   3.91349913e-04   2.37969124e+00   4.03641742e+00
 3.71000000e+00  -2.50000000e-03   1.00000000e+00   9.38641115e-02   3.91349640e-04   2.36257388e+00   4.02975716e+00
 3.72000000e+00  -2.50000000e-03   1.00000000e+00   9.38678562e-02   3.91340117e-04   2.35909419e+00   4.03642632e+00
 3.73000000e+00  -2.50000000e-03   1.00000000e+00   9.38678563e-02   3.91339101e-04   2.36825877e+00   4.03390365e+00
 3.74000000e+00  -2.50000000e-03   1.00000000e+00   9.38685826e-02   3.91347216e-04   2.35979979e+00   4.04605999e+00
 3.75000000e+00  -2.50000000e-03   1.00000000e+00   9.38685826e-02   3.91349285e-04   2.38090188e+00   4.03179064e+00
 3.76000000e+00  -2.50000000e-03   1.00000000e+00   9.38685867e-02   3.91346635e-04   2.34144430e+00   4.04080209e+00
 3.77000000e+00  -2.50000000e-03   1.00000000e+00   9.38685823e-02   3.91348308e-04   2.34369401e+00   4.03232543e+00
 3.78000000e+00  -2.50000000e-03   1.00000000e+00   9.38685796e-02   3.91346734e-04   2.37042378e+00   4.03094148e+00
 3.79000000e+00  -2.50000000e-03   1.00000000e+00   9.38685827e-02   3.91346477e-04   2.36473165e+00   4.04218566e+00
 3.80000000e+00  -2.50000000e-03   1.00000000e+00   9.38685838e-02   3.91348565e-04   2.36339198e+00   4.03110642e+00
 3.81000000e+00  -2.50000000e-03   1.00000000e+00   9.38685843e-02   3.91346508e-04   2.35147045e+00   4.03718835e+00
 3.82000000e+00  -2.50000000e-03   1.00000000e+00   9.38685825e-02   3.91347637e-04   2.34841000e+00   4.03121639e+00
 3.83000000e+00  -2.50000000e-03   1.00000000e+00   9.38685806e-02   3.91346528e-04   2.38121395e+00   4.03433642e+00
 3.84000000e+00  -2.50000000e-03   1.00000000e+00   9.38685853e-02   3.91347108e-04   2.36422583e+00   4.03735004e+00
 3.85000000e+00  -2.50000000e-03   1.00000000e+00   9.38685856e-02   3.91347667e-04   2.35279603e+00   4.03335644e+00
 3.86000000e+00  -2.50000000e-03   1.00000000e+00   9.38685836e-02   3.91346926e-04   2.35998558e+00   4.04991015e+00
 3.87000000e+00  -2.50000000e-03   1.00000000e+00   9.38685836e-02   3.91350000e-04   2.35935595e+00   4.03597695e+00
 3.88000000e+00  -2.50000000e-03   1.00000000e+00   9.38685834e-02   3.91347412e-04   2.35552681e+00   4.03722564e+00
 3.89000000e+00  -2.50000000e-03   1.00000000e+00   9.38685826e-02   3.91347644e-04   2.36728848e+00   4.03084099e+00
 3.90000000e+00  -2.50000000e-03   1.00000000e+00   9.38685842e-02   3.91346458e-04   2.34917391e+00   4.03246006e+00
 3.91000000e+00  -2.50000000e-03   1.00000000e+00   9.38685820e-02   3.91346759e-04   2.35915241e+00   4.02834221e+00
 3.92000000e+00  -2.50000000e-03   1.00000000e+00   9.38685827e-02   3.91344140e-04   2.37282483e+00   4.03063652e+00
 3.93000000e+00  -2.50000000e-03   1.00000000e+00   9.38685856e-02   3.91344566e-04   2.36521171e+00   4.03180984e+00
 3.94000000e+00  -2.50000000e-03   1.00000000e+00   9.38685862e-02   3.91344784e-04   2.35856227e+00   4.03710302e+00
 3.95000000e+00  -2.50000000e-03   1.00000000e+00   9.38685855e-02   3.91345767e-04   2.36359416e+00   4.03722401e+00
 3.96000000e+00  -2.50000000e-03   1.00000000e+00   9.38685859e-02   3.91345789e-04   2.38486969e+00   4.04587574e+00
 3.97000000e+00  -2.50000000e-03   1.00000000e+00   9.38685901e-02   3.91347396e-04   2.36569069e+00   4.03439831e+00
 3.98000000e+00  -2.50000000e-03   1.00000000e+00   9.38685895e-02   3.91345265e-04   2.36978243e+00   4.02700792e+00
 3.99000000e+00  -2.50000000e-03   1.00000000e+00   9.38685899e-02   3.91343892e-04   2.36383812e+00   4.02868890e+00
 4.00000000e+00  -2.50000000e-03   1.00000000e+00   9.38685891e-02   3.91344204e-04   2.38567076e+00   4.03751523e+00
 4.01000000e+00  -2.50000000e-03   1.00000000e+00   9.38685925e-02   3.91345844e-04   2.36327242e+00   4.03157671e+00
 4.02000000e+00  -2.50000000e-03   1.00000000e+00   9.38685908e-02   3.91344741e-04   2.36678243e+00   4.02983558e+00
 4.03000000e+00  -2.50000000e-03   1.00000000e+00   9.38685903e-02   3.91344417e-04   2.36552556e+00   4.03234445e+00
 4.04000000e+00  -2.50000000e-03   1.00000000e+00   9.38685896e-02   3.91344883e-04   2.36014552e+00   4.03931310e+00
 4.05000000e+00  -2.50000000e-03   1.00000000e+00   9.38685882e-02   3.91346177e-04   2.37511894e+00   4.04102540e+00
 4.06000000e+00  -2.50000000e-03   1.00000000e+00   9.38685899e-02   3.91346495e-04   2.37977539e+00   4.04127891e+00
 4.07000000e+00  -2.50000000e-03   1.00000000e+00   9.38685921e-02   3.91346543e-04   2.35417632e+00   4.02918307e+00
 4.08000000e+00  -2.50000000e-03   1.00000000e+00   9.38685888e-02   3.91344296e-04   2.35352820e+00   4.03523519e+00
 4.09000000e+00  -2.50000000e-03   1.00000000e+00   9.38685864e-02   3.91345420e-04   2.36802313e+00   4.03942216e+00
 4.10000000e+00  -2.50000000e-03   1.00000000e+00   9.38685873e-02   3.91346198e-04   2.35149622e+00   4.03533866e+00
 4.11000000e+00  -2.50000000e-03   1.00000000e+00   9.38685849e-02   3.91345439e-04   2.38104209e+00   4.03374351e+00
 4.12000000e+00  -2.50000000e-03   1.00000000e+00   9.38685887e-02   3.91345143e-04   2.38163425e+00   4.02134427e+00
 4.13000000e+00  -2.50000000e-03   1.00000000e+00   9.38685915e-02   3.91342840e-04   2.36503042e+00   4.03344787e+00
 4.14000000e+00  -2.50000000e-03   1.00000000e+00   9.38685904e-02   3.91345088e-04   2.35127612e+00   4.03417666e+00
 4.15000000e+00  -2.50000000e-03   1.00000000e+00   9.38685871e-02   3.91345224e-04   2.38261228e+00   4.03714290e+00
 4.16000000e+00  -2.50000000e-03   1.00000000e+00   9.38685906e-02   3.91345774e-04   2.35493313e+00   4.04459201e+00
 4.17000000e+00  -2.50000000e-03   1.00000000e+00   9.38685879e-02   3.91347158e-04   2.35112607e+00   4.03361353e+00
 4.18000000e+00  -2.50000000e-03   1.00000000e+00   9.38685853e-02   3.91345119e-04   2.35356616e+00   4.03522940e+00
 4.19000000e+00  -2.50000000e-03   1.00000000e+00   9.38685838e-02   3.91345419e-04   2.37798537e+00   4.04330374e+00
 4.20000000e+00  -2.50000000e-03   1.00000000e+00   9.38685874e-02   3.91346919e-04   2.35958293e+00   4.03863068e+00
 4.21000000e+00  -2.50000000e-03   1.00000000e+00   9.38685865e-02   3.91346051e-04   2.36158685e+00   4.03746691e+00
 4.22000000e+00  -2.50000000e-03   1.00000000e+00   9.38685862e-02   3.91345835e-04   2.36358025e+00   4.03727607e+00
 4.23000000e+00  -2.50000000e-03   1.00000000e+00   9.38685864e-02   3.91345799e-04   2.35589947e+00   4.03426365e+00
 4.24000000e+00  -2.50000000e-03   1.00000000e+00   9.38685851e-02   3.91345240e-04   2.36916227e+00   4.03004024e+00
 4.25000000e+00  -2.50000000e-03   1.00000000e+00   9.38685866e-02   3.91344455e-04   2.36663420e+00   4.04428635e+00
 4.26000000e+00  -2.50000000e-03   1.00000000e+00   9.38685872e-02   3.91347101e-04   2.35260288e+00   4.02879767e+00
 4.27000000e+00  -2.50000000e-03   1.00000000e+00   9.38685851e-02   3.91344225e-04   2.35098383e+00   4.02528808e+00
 4.28000000e+00  -2.50000000e-03   1.00000000e+00   9.38685832e-02   3.91343573e-04   2.36760204e+00   4.03761224e+00
 4.29000000e+00  -2.50000000e-03   1.00000000e+00   9.38685850e-02   3.91345862e-04   2.35940796e+00   4.04100529e+00
 4.30000000e+00  -2.50000000e-03   1.00000000e+00   9.38685847e-02   3.91346492e-04   2.35121464e+00   4.03005323e+00
 4.31000000e+00  -2.50000000e-03   1.00000000e+00   9.38685830e-02   3.91344458e-04   2.38911285e+00   4.04095947e+00
 4.32000000e+00  -2.50000000e-03   1.00000000e+00   9.38685889e-02   3.91346483e-04   2.36982024e+00   4.03496721e+00
 4.33000000e+00  -2.50000000e-03   1.00000000e+00   9.38685894e-02   3.91345370e-04   2.35147591e+00   4.04102149e+00
 4.34000000e+00  -2.50000000e-03   1.00000000e+00   9.38685864e-02   3.91346495e-04   2.37255295e+00   4.03567712e+00
 4.35000000e+00  -2.50000000e-03   1.00000000e+00   9.38685882e-02   3.91345502e-04   2.36963124e+00   4.04003322e+00
 4.36000000e+00  -2.50000000e-03   1.00000000e+00   9.38685889e-02   3.91346311e-04   2.34832843e+00   4.04238963e+00
 4.37000000e+00  -2.50000000e-03   1.00000000e+00   9.38685855e-02   3.91346749e-04   2.37065997e+00   4.03074725e+00
 4.38000000e+00  -2.50000000e-03   1.00000000e+00   9.38685872e-02   3.91344587e-04   2.35319773e+00   4.03077088e+00
 4.39000000e+00  -2.50000000e-03   1.00000000e+00   9.38685851e-02   3.91344591e-04   2.35140793e+00   4.03202277e+00
 4.40000000e+00  -2.50000000e-03   1.00000000e+00   9.38685834e-02   3.91344824e-04   2.36684059e+00   4.03304430e+00
 4.41000000e+00  -2.50000000e-03   1.00000000e+00   9.38685850e-02   3.91345013e-04   2.34931684e+00   4.03903647e+00
 4.42000000e+00  -2.50000000e-03   1.00000000e+00   9.38685828e-02   3.91346126e-04   2.35527798e+00   4.03070994e+00
 4.43000000e+00  -2.50000000e-03   1.00000000e+00   9.38685824e-02   3.91344580e-04   2.36760313e+00   4.03910343e+00
 4.44000000e+00  -2.50000000e-03   1.00000000e+00   9.38685844e-02   3.91346138e-04   2.36336648e+00   4.03492472e+00
 4.45000000e+00  -2.50000000e-03   1.00000000e+00   9.38685851e-02   3.91345362e-04   2.36221595e+00   4.04109825e+00
 4.46000000e+00  -2.50000000e-03   1.00000000e+00   9.38685853e-02   3.91346509e-04   2.34365453e+00   4.03829118e+00
 4.47000000e+00  -2.50000000e-03   1.00000000e+00   9.38685820e-02   3.91345988e-04   2.35049778e+00   4.03855379e+00
 4.48000000e+00  -2.50000000e-03   1.00000000e+00   9.38685810e-02   3.91346036e-04   2.34172458e+00   4.03720502e+00
 4.49000000e+00  -2.50000000e-03   1.00000000e+00   9.38685786e-02   3.91345786e-04   2.37331819e+00   4.02517653e+00
 4.50000000e+00  -2.50000000e-03   1.00000000e+00   9.38685827e-02   3.91343552e-04   2.36325931e+00   4.03323818e+00
 4.51000000e+00  -2.50000000e-03   1.00000000e+00   9.38685838e-02   3.91345049e-04   2.36231608e+00   4.03369758e+00
 4.52000000e+00  -2.50000000e-03   1.00000000e+00   9.38685845e-02   3.91345135e-04   2.36169795e+00   4.03170232e+00
 4.53000000e+00  -2.50000000e-03   1.00000000e+00   9.38685848e-02   3.91344764e-04   2.37691055e+00   4.04078424e+00
 4.54000000e+00  -2.50000000e-03   1.00000000e+00   9.38685878e-02   3.91346451e-04   2.36668891e+00   4.03621369e+00
 4.55000000e+00  -2.50000000e-03   1.00000000e+00   9.38685881e-02   3.91345602e-04   2.35053831e+00   4.04392022e+00
 4.56000000e+00  -2.50000000e-03   1.00000000e+00   9.38685853e-02   3.91347033e-04   2.36059230e+00   4.03926788e+00
 4.57000000e+00  -2.50000000e-03   1.00000000e+00   9.38685852e-02   3.91346169e-04   2.35581001e+00   4.03329690e+00
 4.58000000e+00  -2.50000000e-03   1.00000000e+00   9.38685842e-02   3.91345060e-04   2.35843590e+00   4.03220070e+00
 4.59000000e+00  -2.50000000e-03   1.00000000e+00   9.38685840e-02   3.91344857e-04   2.36842646e+00   4.03707428e+00
 4.60000000e+00  -2.50000000e-03   1.00000000e+00   9.38685857e-02   3.91345762e-04   2.38018949e+00   4.04425114e+00
 4.61000000e+00  -2.50000000e-03   1.00000000e+00   9.38685891e-02   3.91347094e-04   2.34903694e+00   4.04056624e+00
 4.62000000e+00  -2.50000000e-03   1.00000000e+00   9.38685857e-02   3.91346410e-04   2.36610718e+00   4.03563501e+00
 4.63000000e+00  -2.50000000e-03   1.00000000e+00   9.38685865e-02   3.91345494e-04   2.35708231e+00   4.03068148e+00
 4.64000000e+00  -2.50000000e-03   1.00000000e+00   9.38685854e-02   3.91344574e-04   2.35964039e+00   4.02962849e+00
 4.65000000e+00  -2.50000000e-03   1.00000000e+00   9.38685851e-02   3.91344379e-04   2.38908588e+00   4.04267437e+00
 4.66000000e+00  -2.50000000e-03   1.00000000e+00   9.38685903e-02   3.91346802e-04   2.37482097e+00   4.04477574e+00
 4.67000000e+00  -2.50000000e-03   1.00000000e+00   9.38685914e-02   3.91347192e-04   2.34517269e+00   4.03962790e+00
 4.68000000e+00  -2.50000000e-03   1.00000000e+00   9.38685867e-02   3.91346236e-04   2.38190174e+00   4.03685040e+00
 4.69000000e+00  -2.50000000e-03   1.00000000e+00   9.38685901e-02   3.91345720e-04   2.36121142e+00   4.03915656e+00
 4.70000000e+00  -2.50000000e-03   1.00000000e+00   9.38685887e-02   3.91346148e-04   2.36367154e+00   4.03943606e+00
 4.71000000e+00  -2.50000000e-03   1.00000000e+00   9.38685882e-02   3.91346200e-04   2.36745281e+00   4.02862860e+00
 4.72000000e+00  -2.50000000e-03   1.00000000e+00   9.38685885e-02   3.91344193e-04   2.36713974e+00   4.03526097e+00
 4.73000000e+00  -2.50000000e-03   1.00000000e+00   9.38685887e-02   3.91345425e-04   2.37432805e+00   4.03349873e+00
 4.74000000e+00  -2.50000000e-03   1.00000000e+00   9.38685901e-02   3.91345098e-04   2.37675565e+00   4.03111408e+00
 4.75000000e+00  -2.50000000e-03   1.00000000e+00   9.38685916e-02   3.91344655e-04   2.35826881e+00   4.04255355e+00
 4.76000000e+00  -2.50000000e-03   1.00000000e+00   9.38685893e-02   3.91346779e-04   2.36329633e+00   4.02748978e+00
 4.77000000e+00  -2.50000000e-03   1.00000000e+00   9.38685885e-02   3.91343982e-04   2.35297503e+00   4.03528913e+00
 4.78000000e+00  -2.50000000e-03   1.00000000e+00   9.38685861e-02   3.91345430e-04   2.35177040e+00   4.04047202e+00
 4.79000000e+00  -2.50000000e-03   1.00000000e+00   9.38685841e-02   3.91346393e-04   2.36211886e+00   4.03404282e+00
 4.80000000e+00  -2.50000000e-03   1.00000000e+00   9.38685846e-02   3.91345199e-04   2.36345982e+00   4.03740757e+00
 4.81000000e+00  -2.50000000e-03   1.00000000e+00   9.38685852e-02   3.91345824e-04   2.37526723e+00   4.03616692e+00
 4.82000000e+00  -2.50000000e-03   1.00000000e+00   9.38685878e-02   3.91345593e-04   2.35613533e+00   4.03602279e+00
 4.83000000e+00  -2.50000000e-03   1.00000000e+00   9.38685862e-02   3.91345566e-04   2.37381531e+00   4.04283490e+00
 4.84000000e+00  -2.50000000e-03   1.00000000e+00   9.38685882e-02   3.91346831e-04   2.36040936e+00   4.03005240e+00
 4.85000000e+00  -2.50000000e-03   1.00000000e+00   9.38685872e-02   3.91344458e-04   2.36612911e+00   4.03206853e+00
 4.86000000e+00  -2.50000000e-03   1.00000000e+00   9.38685876e-02   3.91344832e-04   2.35927995e+00   4.03320739e+00
 4.87000000e+00  -2.50000000e-03   1.00000000e+00   9.38685866e-02   3.91345044e-04   2.37565335e+00   4.04895610e+00
 4.88000000e+00  -2.50000000e-03   1.00000000e+00   9.38685889e-02   3.91347968e-04   2.36411671e+00   4.03711906e+00
 4.89000000e+00  -2.50000000e-03   1.00000000e+00   9.38685884e-02   3.91345770e-04   2.36161263e+00   4.02726705e+00
 4.90000000e+00  -2.50000000e-03   1.00000000e+00   9.38685876e-02   3.91343940e-04   2.36561853e+00   4.03810267e+00
 4.91000000e+00  -2.50000000e-03   1.00000000e+00   9.38685877e-02   3.91345953e-04   2.38685879e+00   4.03986458e+00
 4.92000000e+00  -2.50000000e-03   1.00000000e+00   9.38685918e-02   3.91346280e-04   2.37951918e+00   4.03542940e+00
 4.93000000e+00  -2.50000000e-03   1.00000000e+00   9.38685933e-02   3.91345456e-04   2.38019619e+00   4.03387665e+00
 4.94000000e+00  -2.50000000e-03   1.00000000e+00   9.38685946e-02   3.91345168e-04   2.35750214e+00   4.03344171e+00
 4.95000000e+00  -2.50000000e-03   1.00000000e+00   9.38685912e-02   3.91345087e-04   2.36466097e+00   4.03278930e+00
 4.96000000e+00  -2.50000000e-03   1.00000000e+00   9.38685902e-02   3.91344966e-04   2.38201132e+00   4.02935482e+00
 4.97000000e+00  -2.50000000e-03   1.00000000e+00   9.38685926e-02   3.91344328e-04   2.37701876e+00   4.03384522e+00
 4.98000000e+00  -2.50000000e-03   1.00000000e+00   9.38685935e-02   3.91345162e-04   2.37560419e+00   4.02901176e+00
 4.99000000e+00  -2.50000000e-03   1.00000000e+00   9.38685938e-02   3.91344264e-04   2.36882036e+00   4.03092880e+00
 5.00000000e+00  -2.50000000e-03   1.00000000e+00   9.38685928e-02   3.91344620e-04   2.35238314e+00   4.03439889e+00