  Time  Coordinate0  Coordinate1  Displacement0  Displacement1  Force0  Force1
 1.00000000e-02  -2.50000000e-03   1.00000000e+00   7.44974655e-04   2.40499379e-06   5.45575874e+00  -4.85307969e+00
 2.00000000e-02  -2.50000000e-03   1.00000000e+00   1.76777850e-03   7.16905749e-05   4.39147741e+00   1.00411795e+01
 3.00000000e-02  -2.50000000e-03   1.00000000e+00   2.98415749e-03   1.33472938e-04   3.21509446e+00   7.38966882e+00
 4.00000000e-02  -2.50000000e-03   1.00000000e+00   4.37816447e-03   1.82398761e-04   2.87982842e+00   6.47523200e+00
 5.00000000e-02  -2.50000000e-03   1.00000000e+00   5.95048998e-03   2.04031992e-04   2.66590270e+00   5.97910768e+00
 6.00000000e-02  -2.50000000e-03   1.00000000e+00   7.70504685e-03   2.07215612e-04   2.53225741e+00   5.66700210e+00
 7.00000000e-02  -2.50000000e-03   1.00000000e+00   9.64036827e-03   2.01525452e-04   2.45134552e+00   5.43395090e+00
 8.00000000e-02  -2.50000000e-03   1.00000000e+00   1.17453832e-02   1.93054450e-04   2.38493171e+00   5.25480709e+00
 9.00000000e-02  -2.50000000e-03   1.00000000e+00   1.40007981e-02   1.85657520e-04   2.34800657e+00   5.12961105e+00
 1.00000000e-01  -2.50000000e-03   1.00000000e+00   1.63833690e-02   1.81199079e-04   2.29802894e+00   5.01292909e+00
 1.10000000e-01  -2.50000000e-03   1.00000000e+00   1.88693662e-02   1.80059922e-04   2.26957831e+00   4.92189771e+00
 1.20000000e-01  -2.50000000e-03   1.00000000e+00   2.14376824e-02   1.81815567e-04   2.25822553e+00   4.83010703e+00
 1.30000000e-01  -2.50000000e-03   1.00000000e+00   2.40711670e-02   1.85752613e-04   2.23552264e+00   4.77988598e+00
 1.40000000e-01  -2.50000000e-03   1.00000000e+00   2.67565449e-02   1.91200834e-04   2.22277839e+00   4.71107696e+00
 1.50000000e-01  -2.50000000e-03   1.00000000e+00   2.94837678e-02   1.97606538e-04   2.20461619e+00   4.65810504e+00
 1.60000000e-01  -2.50000000e-03   1.00000000e+00   3.22457988e-02   2.04591014e-04   2.19703943e+00   4.62349890e+00
 1.70000000e-01  -2.50000000e-03   1.00000000e+00   3.50370411e-02   2.11913019e-04   2.17878848e+00   4.56665951e+00
 1.80000000e-01  -2.50000000e-03   1.00000000e+00   3.78531264e-02   2.19440428e-04   2.21145502e+00   4.53619626e+00
 1.90000000e-01  -2.50000000e-03   1.00000000e+00   4.06904259e-02   2.27104403e-04   2.18641505e+00   4.49505373e+00
 2.00000000e-01  -2.50000000e-03   1.00000000e+00   4.35455150e-02   2.34885587e-04   2.18669550e+00   4.47033287e+00
 2.10000000e-01  -2.50000000e-03   1.00000000e+00   4.64149758e-02   2.42774294e-04   2.19791458e+00   4.45349093e+00
 2.20000000e-01  -2.50000000e-03   1.00000000e+00   4.92951673e-02   2.50771828e-04   2.21399519e+00   4.43279184e+00
 2.30000000e-01  -2.50000000e-03   1.00000000e+00   5.21822732e-02   2.58884569e-04   2.21495841e+00   4.39441618e+00
 2.40000000e-01  -2.50000000e-03   1.00000000e+00   5.50721791e-02   2.67112065e-04   2.23210702e+00   4.37888803e+00
 2.50000000e-01  -2.50000000e-03   1.00000000e+00   5.79605963e-02   2.75438319e-04   2.22201546e+00   4.35287246e+00
 2.60000000e-01  -2.50000000e-03   1.00000000e+00   6.08430559e-02   2.83839219e-04   2.22089267e+00   4.34603482e+00
 2.70000000e-01  -2.50000000e-03   1.00000000e+00   6.37149918e-02   2.92301315e-04   2.24922060e+00   4.31783094e+00
 2.80000000e-01  -2.50000000e-03   1.00000000e+00   6.65718362e-02   3.00798803e-04   2.23929590e+00   4.30599423e+00
 2.90000000e-01  -2.50000000e-03   1.00000000e+00   6.94089899e-02   3.09309468e-04   2.24299945e+00   4.28293119e+00
 3.00000000e-01  -2.50000000e-03   1.00000000e+00   7.22220052e-02   3.17804829e-04   2.24913756e+00   4.28402657e+00
 3.10000000e-01  -2.50000000e-03   1.00000000e+00   7.50065099e-02   3.26273133e-04   2.25345151e+00   4.25157458e+00
 3.20000000e-01  -2.50000000e-03   1.00000000e+00   7.77583852e-02   3.34688822e-04   2.27262330e+00   4.24850081e+00
 3.30000000e-01  -2.50000000e-03   1.00000000e+00   8.04737916e-02   3.43047431e-04   2.28600021e+00   4.22628942e+00
 3.40000000e-01  -2.50000000e-03   1.00000000e+00   8.31485829e-02   3.51320939e-04   2.27906634e+00   4.22875703e+00
 3.50000000e-01  -2.50000000e-03   1.00000000e+00   8.57789617e-02   3.59494148e-04   2.28205794e+00   4.20867641e+00
 3.60000000e-01  -2.50000000e-03   1.00000000e+00   8.83614826e-02   3.67546715e-04   2.29672492e+00   4.20191692e+00
 3.70000000e-01  -2.50000000e-03   1.00000000e+00   9.08929543e-02   3.75469929e-04   2.32387903e+00   4.19745247e+00
 3.80000000e-01  -2.50000000e-03   1.00000000e+00   9.33703969e-02   3.83250061e-04   2.33333201e+00   4.18427482e+00
 3.90000000e-01  -2.50000000e-03   1.00000000e+00   9.57910418e-02   3.90877644e-04   2.34480094e+00   4.17194115e+00
 4.00000000e-01  -2.50000000e-03   1.00000000e+00   9.81522906e-02   3.98340277e-04   2.32076364e+00   4.16331485e+00
 4.10000000e-01  -2.50000000e-03   1.00000000e+00   1.00451736e-01   4.05634040e-04   2.33657069e+00   4.16152499e+00
 4.20000000e-01  -2.50000000e-03   1.00000000e+00   1.02687160e-01   4.12748208e-04   2.35231704e+00   4.14839145e+00
 4.30000000e-01  -2.50000000e-03   1.00000000e+00   1.04856474e-01   4.19669489e-04   2.35514444e+00   4.14239305e+00
 4.40000000e-01  -2.50000000e-03   1.00000000e+00   1.06957992e-01   4.26400212e-04   2.36142292e+00   4.14565239e+00
 4.50000000e-01  -2.50000000e-03   1.00000000e+00   1.08989757e-01   4.32928342e-04   2.38007375e+00   4.13367137e+00
 4.60000000e-01  -2.50000000e-03   1.00000000e+00   1.10950117e-01   4.39248292e-04   2.37952004e+00   4.13020182e+00
 4.70000000e-01  -2.50000000e-03   1.00000000e+00   1.12837650e-01   4.45347439e-04   2.38823793e+00   4.13063487e+00
 4.80000000e-01  -2.50000000e-03   1.00000000e+00   1.14651116e-01   4.51221724e-04   2.40947316e+00   4.13176248e+00
 4.90000000e-01  -2.50000000e-03   1.00000000e+00   1.16389460e-01   4.56870121e-04   2.41243028e+00   4.12004117e+00
 5.00000000e-01  -2.50000000e-03   1.00000000e+00   1.18051763e-01   4.62290555e-04   2.42117298e+00   4.13101400e+00
 5.10000000e-01  -2.50000000e-03   1.00000000e+00   1.19637270e-01   4.67479698e-04   2.43345767e+00   4.11595918e+00
 5.20000000e-01  -2.50000000e-03   1.00000000e+00   1.21145376e-01   4.72431266e-04   2.41896958e+00   4.11933197e+00
 5.30000000e-01  -2.50000000e-03   1.00000000e+00   1.22575734e-01   4.77147820e-04   2.43428049e+00   4.10210478e+00
 5.40000000e-01  -2.50000000e-03   1.00000000e+00   1.23927873e-01   4.81622752e-04   2.44931387e+00   4.10778175e+00
 5.50000000e-01  -2.50000000e-03   1.00000000e+00   1.25201502e-01   4.85858781e-04   2.45433207e+00   4.11109848e+00
 5.60000000e-01  -2.50000000e-03   1.00000000e+00   1.26396535e-01   4.89849426e-04   2.46174810e+00   4.11387150e+00
 5.70000000e-01  -2.50000000e-03   1.00000000e+00   1.27513064e-01   4.93599716e-04   2.47999877e+00   4.11441001e+00
 5.80000000e-01  -2.50000000e-03   1.00000000e+00   1.28551406e-01   4.97106917e-04   2.46891424e+00   4.10150274e+00
 5.90000000e-01  -2.50000000e-03   1.00000000e+00   1.29511777e-01   5.00370029e-04   2.48189440e+00   4.11015623e+00
 6.00000000e-01  -2.50000000e-03   1.00000000e+00   1.30394574e-01   5.03390373e-04   2.48198693e+00   4.10396096e+00
 6.10000000e-01  -2.50000000e-03   1.00000000e+00   1.31200862e-01   5.06175642e-04   2.49328881e+00   4.10066344e+00
 6.20000000e-01  -2.50000000e-03   1.00000000e+00   1.31931801e-01   5.08724892e-04   2.49475990e+00   4.11069107e+00
 6.30000000e-01  -2.50000000e-03   1.00000000e+00   1.32587882e-01   5.11041630e-04   2.51273340e+00   4.10495914e+00
 6.40000000e-01  -2.50000000e-03   1.00000000e+00   1.33169665e-01   5.13128020e-04   2.51193316e+00   4.10648470e+00
 6.50000000e-01  -2.50000000e-03   1.00000000e+00   1.33677992e-01   5.14990771e-04   2.50501052e+00   4.10609447e+00
 6.60000000e-01  -2.50000000e-03   1.00000000e+00   1.34113641e-01   5.16626436e-04   2.52480119e+00   4.10483242e+00
 6.70000000e-01  -2.50000000e-03   1.00000000e+00   1.34477647e-01   5.18035045e-04   2.50358700e+00   4.10422375e+00
 6.80000000e-01  -2.50000000e-03   1.00000000e+00   1.34771232e-01   5.19217212e-04   2.50758858e+00   4.11888089e+00
 6.90000000e-01  -2.50000000e-03   1.00000000e+00   1.34995675e-01   5.20177463e-04   2.53575404e+00   4.11034673e+00
 7.00000000e-01  -2.50000000e-03   1.00000000e+00   1.35152608e-01   5.20922188e-04   2.52475919e+00   4.09178833e+00
 7.10000000e-01  -2.50000000e-03   1.00000000e+00   1.35243308e-01   5.21450513e-04   2.52546450e+00   4.11540637e+00
 7.20000000e-01  -2.50000000e-03   1.00000000e+00   1.35269868e-01   5.21775809e-04   2.53163540e+00   4.10234349e+00
 7.30000000e-01  -2.50000000e-03   1.00000000e+00   1.35234086e-01   5.21865168e-04   2.52932869e+00   4.11423258e+00
 7.40000000e-01  -2.50000000e-03   1.00000000e+00   1.35136633e-01   5.21753023e-04   2.53558287e+00   4.10548710e+00
 7.50000000e-01  -2.50000000e-03   1.00000000e+00   1.34980375e-01   5.21411513e-04   2.52260410e+00   4.11244836e+00
 7.60000000e-01  -2.50000000e-03   1.00000000e+00   1.34768037e-01   5.20899758e-04   2.53230034e+00   4.10537983e+00
 7.70000000e-01  -2.50000000e-03   1.00000000e+00   1.34500624e-01   5.20227890e-04   2.52450558e+00   4.10654039e+00
 7.80000000e-01  -2.50000000e-03   1.00000000e+00   1.34179835e-01   5.19400880e-04   2.53313615e+00   4.10941378e+00
 7.90000000e-01  -2.50000000e-03   1.00000000e+00   1.33807121e-01   5.18413749e-04   2.52947934e+00   4.11212328e+00
 8.00000000e-01  -2.50000000e-03   1.00000000e+00   1.33384380e-01   5.17264977e-04   2.53535659e+00   4.10286735e+00
 8.10000000e-01  -2.50000000e-03   1.00000000e+00   1.32914181e-01   5.15944953e-04   2.52802790e+00   4.11492813e+00
 8.20000000e-01  -2.50000000e-03   1.00000000e+00   1.32396464e-01   5.14472222e-04   2.53482208e+00   4.10678521e+00
 8.30000000e-01  -2.50000000e-03   1.00000000e+00   1.31832502e-01   5.12848029e-04   2.53922819e+00   4.10138967e+00
 8.40000000e-01  -2.50000000e-03   1.00000000e+00   1.31228151e-01   5.11057674e-04   2.56431068e+00   4.13343500e+00
 8.50000000e-01  -2.50000000e-03   1.00000000e+00   1.30581534e-01   5.09302051e-04   2.53025161e+00   4.12966604e+00
 8.60000000e-01  -2.50000000e-03   1.00000000e+00   1.29896085e-01   5.07343424e-04   2.52518288e+00   4.10423422e+00
 8.70000000e-01  -2.50000000e-03   1.00000000e+00   1.29174130e-01   5.05250701e-04   2.53014721e+00   4.10644340e+00
 8.80000000e-01  -2.50000000e-03   1.00000000e+00   1.28417994e-01   5.03017310e-04   2.51587629e+00   4.10517288e+00
 8.90000000e-01  -2.50000000e-03   1.00000000e+00   1.27629833e-01   5.00651639e-04   2.52570562e+00   4.11870542e+00
 9.00000000e-01  -2.50000000e-03   1.00000000e+00   1.26811900e-01   4.98176666e-04   2.51493067e+00   4.11179200e+00
 9.10000000e-01  -2.50000000e-03   1.00000000e+00   1.25966297e-01   4.95604723e-04   2.50781076e+00   4.11406241e+00
 9.20000000e-01  -2.50000000e-03   1.00000000e+00   1.25095122e-01   4.92948650e-04   2.52552905e+00   4.10658181e+00
 9.30000000e-01  -2.50000000e-03   1.00000000e+00   1.24200415e-01   4.90215082e-04   2.50896289e+00   4.11235031e+00
 9.40000000e-01  -2.50000000e-03   1.00000000e+00   1.23284119e-01   4.87409530e-04   2.49445944e+00   4.11584191e+00
 9.50000000e-01  -2.50000000e-03   1.00000000e+00   1.22348309e-01   4.84539717e-04   2.51078822e+00   4.10663291e+00
 9.60000000e-01  -2.50000000e-03   1.00000000e+00   1.21395012e-01   4.81615089e-04   2.50504854e+00   4.10911024e+00
 9.70000000e-01  -2.50000000e-03   1.00000000e+00   1.20426162e-01   4.78639980e-04   2.49301370e+00   4.10767204e+00
 9.80000000e-01  -2.50000000e-03   1.00000000e+00   1.19443700e-01   4.75618607e-04   2.50036470e+00   4.10408189e+00
 9.90000000e-01  -2.50000000e-03   1.00000000e+00   1.18449547e-01   4.72555381e-04   2.50321914e+00   4.10933510e+00
 1.00000000e+00  -2.50000000e-03   1.00000000e+00   1.17445578e-01   4.69452443e-04   2.49193709e+00   4.10172447e+00
 1.01000000e+00  -2.50000000e-03   1.00000000e+00   1.16433544e-01   4.66317354e-04   2.48206963e+00   4.10708686e+00
 1.02000000e+00  -2.50000000e-03   1.00000000e+00   1.15415359e-01   4.63157317e-04   2.49758702e+00   4.09930585e+00
 1.03000000e+00  -2.50000000e-03   1.00000000e+00   1.14392864e-01   4.59976430e-04   2.48676745e+00   4.09324624e+00
 1.04000000e+00  -2.50000000e-03   1.00000000e+00   1.13367799e-01   4.56782961e-04   2.46706678e+00   4.10431287e+00
 1.05000000e+00  -2.50000000e-03   1.00000000e+00   1.12341880e-01   4.53575274e-04   2.46318774e+00   4.09829271e+00
 1.06000000e+00  -2.50000000e-03   1.00000000e+00   1.11316776e-01   4.50363568e-04   2.47510985e+00   4.09676723e+00
 1.07000000e+00  -2.50000000e-03   1.00000000e+00   1.10294121e-01   4.47153436e-04   2.45256808e+00   4.08797203e+00
 1.08000000e+00  -2.50000000e-03   1.00000000e+00   1.09275469e-01   4.43954155e-04   2.46798335e+00   4.09669096e+00
 1.09000000e+00  -2.50000000e-03   1.00000000e+00   1.08262390e-01   4.40768458e-04   2.44410799e+00   4.09376411e+00
 1.10000000e+00  -2.50000000e-03   1.00000000e+00   1.07256325e-01   4.37596823e-04   2.44043406e+00   4.08625689e+00
 1.11000000e+00  -2.50000000e-03   1.00000000e+00   1.06258750e-01   4.34446517e-04   2.44537269e+00   4.08611990e+00
 1.12000000e+00  -2.50000000e-03   1.00000000e+00   1.05271015e-01   4.31322632e-04   2.43020867e+00   4.08958515e+00
 1.13000000e+00  -2.50000000e-03   1.00000000e+00   1.04294368e-01   4.28227436e-04   2.43120783e+00   4.07948775e+00
 1.14000000e+00  -2.50000000e-03   1.00000000e+00   1.03330231e-01   4.25160588e-04   2.43609070e+00   4.08355656e+00
 1.15000000e+00  -2.50000000e-03   1.00000000e+00   1.02379881e-01   4.22133297e-04   2.42540945e+00   4.08771703e+00
 1.16000000e+00  -2.50000000e-03   1.00000000e+00   1.01444500e-01   4.19153712e-04   2.41983081e+00   4.07312978e+00
 1.17000000e+00  -2.50000000e-03   1.00000000e+00   1.00525214e-01   4.16219172e-04   2.43021413e+00   4.08303570e+00
 1.18000000e+00  -2.50000000e-03   1.00000000e+00   9.96230720e-02   4.13338975e-04   2.41498432e+00   4.07861484e+00
 1.19000000e+00  -2.50000000e-03   1.00000000e+00   9.87390519e-02   4.10508662e-04   2.41005403e+00   4.07667952e+00
 1.20000000e+00  -2.50000000e-03   1.00000000e+00   9.78741159e-02   4.07734798e-04   2.41139788e+00   4.07188584e+00
 1.21000000e+00  -2.50000000e-03   1.00000000e+00   9.70291385e-02   4.05014749e-04   2.39829730e+00   4.07145262e+00
 1.22000000e+00  -2.50000000e-03   1.00000000e+00   9.62049696e-02   4.02358719e-04   2.41284331e+00   4.07697222e+00
 1.23000000e+00  -2.50000000e-03   1.00000000e+00   9.54024004e-02   3.99766349e-04   2.40865996e+00   4.06560801e+00
 1.24000000e+00  -2.50000000e-03   1.00000000e+00   9.46221587e-02   3.97245231e-04   2.36922897e+00   4.06578593e+00
 1.25000000e+00  -2.50000000e-03   1.00000000e+00   9.38649075e-02   3.94794369e-04   2.38752657e+00   4.06761456e+00
 1.26000000e+00  -2.50000000e-03   1.00000000e+00   9.31312411e-02   3.92414908e-04   2.39929008e+00   4.06273598e+00
 1.27000000e+00  -2.50000000e-03   1.00000000e+00   9.24217742e-02   3.90107124e-04   2.38701560e+00   4.06794079e+00
 1.28000000e+00  -2.50000000e-03   1.00000000e+00   9.17370328e-02   3.87871630e-04   2.37495241e+00   4.06497541e+00
 1.29000000e+00  -2.50000000e-03   1.00000000e+00   9.10775137e-02   3.85714119e-04   2.37976329e+00   4.05864179e+00
 1.30000000e+00  -2.50000000e-03   1.00000000e+00   9.04436091e-02   3.83633583e-04   2.36154910e+00   4.05932018e+00
 1.31000000e+00  -2.50000000e-03   1.00000000e+00   8.98356517e-02   3.81638838e-04   2.36625419e+00   4.05111498e+00
 1.32000000e+00  -2.50000000e-03   1.00000000e+00   8.92539593e-02   3.79723501e-04   2.39023816e+00   4.05950082e+00
 1.33000000e+00  -2.50000000e-03   1.00000000e+00   8.86987664e-02   3.77892200e-04   2.36902489e+00   4.04294797e+00
 1.34000000e+00  -2.50000000e-03   1.00000000e+00   8.81702423e-02   3.76140080e-04   2.36092810e+00   4.05719267e+00
 1.35000000e+00  -2.50000000e-03   1.00000000e+00   8.76685134e-02   3.74472135e-04   2.35454535e+00   4.04680194e+00
 1.36000000e+00  -2.50000000e-03   1.00000000e+00   8.71937303e-02   3.72883458e-04   2.33066295e+00   4.04035184e+00
 1.37000000e+00  -2.50000000e-03   1.00000000e+00   8.67459593e-02   3.71379218e-04   2.36638562e+00   4.05342583e+00
 1.38000000e+00  -2.50000000e-03   1.00000000e+00   8.63252640e-02   3.69963253e-04   2.32684624e+00   4.03339994e+00
 1.39000000e+00  -2.50000000e-03   1.00000000e+00   8.59315556e-02   3.68626783e-04   2.34642828e+00   4.05357053e+00
 1.40000000e+00  -2.50000000e-03   1.00000000e+00   8.55647568e-02   3.67380413e-04   2.35322980e+00   4.04091416e+00
 1.41000000e+00  -2.50000000e-03   1.00000000e+00   8.52247606e-02   3.66212572e-04   2.33063297e+00   4.03972598e+00
 1.42000000e+00  -2.50000000e-03   1.00000000e+00   8.49114184e-02   3.65130234e-04   2.33696271e+00   4.04166101e+00
 1.43000000e+00  -2.50000000e-03   1.00000000e+00   8.46243876e-02   3.64130515e-04   2.33334163e+00   4.03967400e+00
 1.44000000e+00  -2.50000000e-03   1.00000000e+00   8.43634784e-02   3.63216308e-04   2.34064960e+00   4.03693826e+00
 1.45000000e+00  -2.50000000e-03   1.00000000e+00   8.41282562e-02   3.62379907e-04   2.32555041e+00   4.03186599e+00
 1.46000000e+00  -2.50000000e-03   1.00000000e+00   8.39184760e-02   3.61623000e-04   2.33449196e+00   4.03536574e+00
 1.47000000e+00  -2.50000000e-03   1.00000000e+00   8.37339459e-02   3.60941540e-04   2.31880367e+00   4.03553148e+00
 1.48000000e+00  -2.50000000e-03   1.00000000e+00   8.35747821e-02   3.60319147e-04   2.33054914e+00   4.02449642e+00
 1.49000000e+00  -2.50000000e-03   1.00000000e+00   8.34399780e-02   3.59817801e-04   2.32956422e+00   4.03630832e+00
 1.50000000e+00  -2.50000000e-03   1.00000000e+00   8.33292170e-02   3.59401509e-04   2.32116408e+00   4.03372284e+00
 1.51000000e+00  -2.50000000e-03   1.00000000e+00   8.32418505e-02   3.59023487e-04   2.32377959e+00   4.02559776e+00
 1.52000000e+00  -2.50000000e-03   1.00000000e+00   8.31787354e-02   3.58723163e-04   2.31580079e+00   4.02570854e+00
 1.53000000e+00  -2.50000000e-03   1.00000000e+00   8.31390739e-02   3.58526935e-04   2.32130363e+00   4.02719337e+00
 1.54000000e+00  -2.50000000e-03   1.00000000e+00   8.31221566e-02   3.58419139e-04   2.32776131e+00   4.02726658e+00
 1.55000000e+00  -2.50000000e-03   1.00000000e+00   8.31272483e-02   3.58384600e-04   2.31606417e+00   4.02656400e+00
 1.56000000e+00  -2.50000000e-03   1.00000000e+00   8.31528477e-02   3.58421210e-04   2.32545216e+00   4.03166510e+00
 1.57000000e+00  -2.50000000e-03   1.00000000e+00   8.31975874e-02   3.58520024e-04   2.32426452e+00   4.01847501e+00
 1.58000000e+00  -2.50000000e-03   1.00000000e+00   8.32608489e-02   3.58662013e-04   2.31866313e+00   4.01732917e+00
 1.59000000e+00  -2.50000000e-03   1.00000000e+00   8.33416714e-02   3.58852147e-04   2.32407460e+00   4.02348642e+00
 1.60000000e+00  -2.50000000e-03   1.00000000e+00   8.34396495e-02   3.59082990e-04   2.31766856e+00   4.02028819e+00
 1.61000000e+00  -2.50000000e-03   1.00000000e+00   8.35542440e-02   3.59353260e-04   2.30999464e+00   4.01614341e+00
 1.62000000e+00  -2.50000000e-03   1.00000000e+00   8.36848815e-02   3.59668935e-04   2.30223641e+00   4.01107616e+00
 1.63000000e+00  -2.50000000e-03   1.00000000e+00   8.38313072e-02   3.60028485e-04   2.32376609e+00   4.02107886e+00
 1.64000000e+00  -2.50000000e-03   1.00000000e+00   8.39929977e-02   3.60440324e-04   2.31790432e+00   4.01283034e+00
 1.65000000e+00  -2.50000000e-03   1.00000000e+00   8.41694991e-02   3.60899208e-04   2.33401217e+00   4.01684359e+00
 1.66000000e+00  -2.50000000e-03   1.00000000e+00   8.43604965e-02   3.61405014e-04   2.31106134e+00   4.01774628e+00
 1.67000000e+00  -2.50000000e-03   1.00000000e+00   8.45643834e-02   3.61963180e-04   2.31451662e+00   4.01764408e+00
 1.68000000e+00  -2.50000000e-03   1.00000000e+00   8.47810849e-02   3.62562140e-04   2.31463762e+00   4.01145120e+00
 1.69000000e+00  -2.50000000e-03   1.00000000e+00   8.50103546e-02   3.63211844e-04   2.29980664e+00   4.01263369e+00
 1.70000000e+00  -2.50000000e-03   1.00000000e+00   8.52525569e-02   3.63911269e-04   2.32425606e+00   4.01018067e+00
 1.71000000e+00  -2.50000000e-03   1.00000000e+00   8.55065663e-02   3.64667233e-04   2.33404710e+00   4.01796686e+00
 1.72000000e+00  -2.50000000e-03   1.00000000e+00   8.57723072e-02   3.65471516e-04   2.33110940e+00   4.01182404e+00
 1.73000000e+00  -2.50000000e-03   1.00000000e+00   8.60485598e-02   3.66318905e-04   2.32366599e+00   4.01017021e+00
 1.74000000e+00  -2.50000000e-03   1.00000000e+00   8.63345309e-02   3.67204484e-04   2.29957026e+00   4.02005625e+00
 1.75000000e+00  -2.50000000e-03   1.00000000e+00   8.66293740e-02   3.68124089e-04   2.32171721e+00   4.02195435e+00
 1.76000000e+00  -2.50000000e-03   1.00000000e+00   8.69322814e-02   3.69069791e-04   2.31352294e+00   4.01587629e+00
 1.77000000e+00  -2.50000000e-03   1.00000000e+00   8.72424125e-02   3.70038004e-04   2.32132639e+00   4.01679266e+00
 1.78000000e+00  -2.50000000e-03   1.00000000e+00   8.75589638e-02   3.71027047e-04   2.34231336e+00   4.01710054e+00
 1.79000000e+00  -2.50000000e-03   1.00000000e+00   8.78811508e-02   3.72032043e-04   2.32084479e+00   4.01562931e+00
 1.80000000e+00  -2.50000000e-03   1.00000000e+00   8.82082062e-02   3.73050463e-04   2.33072024e+00   4.01858126e+00
 1.81000000e+00  -2.50000000e-03   1.00000000e+00   8.85394664e-02   3.74081161e-04   2.32602253e+00   4.00833479e+00
 1.82000000e+00  -2.50000000e-03   1.00000000e+00   8.88742436e-02   3.75119615e-04   2.31055261e+00   4.02074603e+00
 1.83000000e+00  -2.50000000e-03   1.00000000e+00   8.92119327e-02   3.76170684e-04   2.31105337e+00   4.01706986e+00
 1.84000000e+00  -2.50000000e-03   1.00000000e+00   8.95519111e-02   3.77226429e-04   2.32790471e+00   4.02288983e+00
 1.85000000e+00  -2.50000000e-03   1.00000000e+00   8.98935813e-02   3.78289163e-04   2.33667562e+00   4.00666755e+00
 1.86000000e+00  -2.50000000e-03   1.00000000e+00   9.02363626e-02   3.79352421e-04   2.32634403e+00   4.02086364e+00
 1.87000000e+00  -2.50000000e-03   1.00000000e+00   9.05797023e-02   3.80423301e-04   2.32273584e+00   4.00361352e+00
 1.88000000e+00  -2.50000000e-03   1.00000000e+00   9.09230799e-02   3.81490840e-04   2.33600344e+00   4.02253755e+00
 1.89000000e+00  -2.50000000e-03   1.00000000e+00   9.12659808e-02   3.82564019e-04   2.31792596e+00   4.02527796e+00
 1.90000000e+00  -2.50000000e-03   1.00000000e+00   9.16078713e-02   3.83633402e-04   2.33654699e+00   4.01275379e+00
 1.91000000e+00  -2.50000000e-03   1.00000000e+00   9.19482856e-02   3.84697608e-04   2.32420695e+00   4.01688111e+00
 1.92000000e+00  -2.50000000e-03   1.00000000e+00   9.22867007e-02   3.85760169e-04   2.35705586e+00   4.02283710e+00
 1.93000000e+00  -2.50000000e-03   1.00000000e+00   9.26226761e-02   3.86817257e-04   2.34266116e+00   4.01334414e+00
 1.94000000e+00  -2.50000000e-03   1.00000000e+00   9.29556985e-02   3.87864734e-04   2.33956602e+00   4.02379453e+00
 1.95000000e+00  -2.50000000e-03   1.00000000e+00   9.32853534e-02   3.88906589e-04   2.34407265e+00   4.01502631e+00
 1.96000000e+00  -2.50000000e-03   1.00000000e+00   9.36112214e-02   3.89936338e-04   2.35453427e+00   4.02421359e+00
 1.97000000e+00  -2.50000000e-03   1.00000000e+00   9.39328406e-02   3.90957420e-04   2.35123044e+00   4.02355305e+00
 1.98000000e+00  -2.50000000e-03   1.00000000e+00   9.42497743e-02   3.91963723e-04   2.33630889e+00   4.02227814e+00
 1.99000000e+00  -2.50000000e-03   1.00000000e+00   9.45616275e-02   3.92955397e-04   2.35725473e+00   4.02050019e+00
 2.00000000e+00  -2.50000000e-03   1.00000000e+00   9.48680518e-02   3.93930964e-04   2.33406632e+00   4.02338068e+00
 2.01000000e+00  -2.50000000e-03   1.00000000e+00   9.51686575e-02   3.94890272e-04   2.34676955e+00   4.01852512e+00
 2.02000000e+00  -2.50000000e-03   1.00000000e+00   9.54631512e-02   3.95830355e-04   2.35096019e+00   4.02558384e+00
 2.03000000e+00  -2.50000000e-03   1.00000000e+00   9.57511965e-02   3.96753184e-04   2.34190027e+00   4.02174291e+00
 2.04000000e+00  -2.50000000e-03   1.00000000e+00   9.60324935e-02   3.97654280e-04   2.36507980e+00   4.01899532e+00
 2.05000000e+00  -2.50000000e-03   1.00000000e+00   9.63067848e-02   3.98534615e-04   2.35345909e+00   4.03008253e+00
 2.06000000e+00  -2.50000000e-03   1.00000000e+00   9.65737759e-02   3.99395033e-04   2.35236763e+00   4.02640487e+00
 2.07000000e+00  -2.50000000e-03   1.00000000e+00   9.68332460e-02   4.00230720e-04   2.35722482e+00   4.02954717e+00
 2.08000000e+00  -2.50000000e-03   1.00000000e+00   9.70849683e-02   4.01043774e-04   2.34683489e+00   4.02172651e+00
 2.09000000e+00  -2.50000000e-03   1.00000000e+00   9.73287499e-02   4.01831604e-04   2.35290170e+00   4.03771473e+00
 2.10000000e+00  -2.50000000e-03   1.00000000e+00   9.75643953e-02   4.02598541e-04   2.36921911e+00   4.02226004e+00
 2.11000000e+00  -2.50000000e-03   1.00000000e+00   9.77917218e-02   4.03335000e-04   2.36144312e+00   4.02696446e+00
 2.12000000e+00  -2.50000000e-03   1.00000000e+00   9.80105606e-02   4.04048429e-04   2.35636831e+00   4.01817574e+00
 2.13000000e+00  -2.50000000e-03   1.00000000e+00   9.82207942e-02   4.04733142e-04   2.36152593e+00   4.02511307e+00
 2.14000000e+00  -2.50000000e-03   1.00000000e+00   9.84223147e-02   4.05393428e-04   2.37617584e+00   4.03050240e+00
 2.15000000e+00  -2.50000000e-03   1.00000000e+00   9.86141749e-02   4.06020609e-04   2.38541097e+00   4.04005204e+00
 2.16000000e+00  -2.50000000e-03   1.00000000e+00   9.87960468e-02   4.06609911e-04   2.35630730e+00   4.03503225e+00
 2.17000000e+00  -2.50000000e-03   1.00000000e+00   9.89678628e-02   4.07150073e-04   2.34712802e+00   4.02965193e+00
 2.18000000e+00  -2.50000000e-03   1.00000000e+00   9.91300259e-02   4.07639782e-04   2.37823226e+00   4.03505100e+00
 2.19000000e+00  -2.50000000e-03   1.00000000e+00   9.92810032e-02   4.08100628e-04   2.36339847e+00   4.04242274e+00
 2.20000000e+00  -2.50000000e-03   1.00000000e+00   9.94222905e-02   4.08511241e-04   2.36050398e+00   4.03239875e+00
 2.21000000e+00  -2.50000000e-03   1.00000000e+00   9.95534217e-02   4.08896669e-04   2.37951332e+00   4.03367499e+00
 2.22000000e+00  -2.50000000e-03   1.00000000e+00   9.96747034e-02   4.09257360e-04   2.36893924e+00   4.03232448e+00
 2.23000000e+00  -2.50000000e-03   1.00000000e+00   9.97863049e-02   4.09592070e-04   2.37003400e+00   4.03833034e+00
 2.24000000e+00  -2.50000000e-03   1.00000000e+00   9.98883917e-02   4.09903068e-04   2.37400050e+00   4.03311206e+00
 2.25000000e+00  -2.50000000e-03   1.00000000e+00   9.99806506e-02   4.10192742e-04   2.37184615e+00   4.04298593e+00
 2.26000000e+00  -2.50000000e-03   1.00000000e+00   1.00063462e-01   4.10450810e-04   2.36474071e+00   4.03623950e+00
 2.27000000e+00  -2.50000000e-03   1.00000000e+00   1.00136533e-01   4.10667602e-04   2.37449247e+00   4.03689827e+00
 2.28000000e+00  -2.50000000e-03   1.00000000e+00   1.00200471e-01   4.10852345e-04   2.39491823e+00   4.03639399e+00
 2.29000000e+00  -2.50000000e-03   1.00000000e+00   1.00254798e-01   4.11023745e-04   2.37645810e+00   4.04783499e+00
 2.30000000e+00  -2.50000000e-03   1.00000000e+00   1.00299971e-01   4.11158553e-04   2.36890099e+00   4.04264617e+00
 2.31000000e+00  -2.50000000e-03   1.00000000e+00   1.00336089e-01   4.11269035e-04   2.39024010e+00   4.04136020e+00
 2.32000000e+00  -2.50000000e-03   1.00000000e+00   1.00362284e-01   4.11357898e-04   2.39659294e+00   4.03512304e+00
 2.33000000e+00  -2.50000000e-03   1.00000000e+00   1.00379339e-01   4.11398008e-04   2.37784101e+00   4.04066689e+00
 2.34000000e+00  -2.50000000e-03   1.00000000e+00   1.00389930e-01   4.11432689e-04   2.37331307e+00   4.04069991e+00
 2.35000000e+00  -2.50000000e-03   1.00000000e+00   1.00393943e-01   4.11460904e-04   2.38064405e+00   4.03940803e+00
 2.36000000e+00  -2.50000000e-03   1.00000000e+00   1.00391461e-01   4.11480055e-04   2.39424615e+00   4.03959680e+00
 2.37000000e+00  -2.50000000e-03   1.00000000e+00   1.00383785e-01   4.11489421e-04   2.38435618e+00   4.03568558e+00
 2.38000000e+00  -2.50000000e-03   1.00000000e+00   1.00371659e-01   4.11502227e-04   2.40848095e+00   4.04580488e+00
 2.39000000e+00  -2.50000000e-03   1.00000000e+00   1.00353857e-01   4.11505204e-04   2.39133255e+00   4.04032445e+00
 2.40000000e+00  -2.50000000e-03   1.00000000e+00   1.00331888e-01   4.11497479e-04   2.37835683e+00   4.04859363e+00
 2.41000000e+00  -2.50000000e-03   1.00000000e+00   1.00305368e-01   4.11494806e-04   2.37615799e+00   4.04947903e+00
 2.42000000e+00  -2.50000000e-03   1.00000000e+00   1.00273792e-01   4.11473645e-04   2.38702847e+00   4.04412515e+00
 2.43000000e+00  -2.50000000e-03   1.00000000e+00   1.00238190e-01   4.11440228e-04   2.39449931e+00   4.04217880e+00
 2.44000000e+00  -2.50000000e-03   1.00000000e+00   1.00198047e-01   4.11397389e-04   2.36637583e+00   4.04600267e+00
 2.45000000e+00  -2.50000000e-03   1.00000000e+00   1.00153999e-01   4.11343595e-04   2.38422638e+00   4.04130758e+00
 2.46000000e+00  -2.50000000e-03   1.00000000e+00   1.00105681e-01   4.11277026e-04   2.38861328e+00   4.04144451e+00
 2.47000000e+00  -2.50000000e-03   1.00000000e+00   1.00053649e-01   4.11198080e-04   2.37488692e+00   4.04436526e+00
 2.48000000e+00  -2.50000000e-03   1.00000000e+00   9.99980550e-02   4.11106639e-04   2.36792205e+00   4.03993040e+00
 2.49000000e+00  -2.50000000e-03   1.00000000e+00   9.99386341e-02   4.11000673e-04   2.38324613e+00   4.03898669e+00
 2.50000000e+00  -2.50000000e-03   1.00000000e+00   9.98759683e-02   4.10878790e-04   2.38541995e+00   4.04793096e+00
 2.51000000e+00  -2.50000000e-03   1.00000000e+00   9.98103789e-02   4.10748736e-04   2.37961985e+00   4.04445874e+00
 2.52000000e+00  -2.50000000e-03   1.00000000e+00   9.97421872e-02   4.10607410e-04   2.38438699e+00   4.04760628e+00
 2.53000000e+00  -2.50000000e-03   1.00000000e+00   9.96704862e-02   4.10459098e-04   2.38848536e+00   4.04195578e+00
 2.54000000e+00  -2.50000000e-03   1.00000000e+00   9.95962497e-02   4.10285834e-04   2.37811001e+00   4.04326816e+00
 2.55000000e+00  -2.50000000e-03   1.00000000e+00   9.95198911e-02   4.10097475e-04   2.38568124e+00   4.03487953e+00
 2.56000000e+00  -2.50000000e-03   1.00000000e+00   9.94414768e-02   4.09902763e-04   2.38252666e+00   4.04080552e+00
 2.57000000e+00  -2.50000000e-03   1.00000000e+00   9.93613771e-02   4.09703631e-04   2.38828107e+00   4.03819689e+00
 2.58000000e+00  -2.50000000e-03   1.00000000e+00   9.92788111e-02   4.09496601e-04   2.36458955e+00   4.04293208e+00
 2.59000000e+00  -2.50000000e-03   1.00000000e+00   9.91956909e-02   4.09267786e-04   2.39948501e+00   4.04164049e+00
 2.60000000e+00  -2.50000000e-03   1.00000000e+00   9.91102870e-02   4.09042396e-04   2.38276584e+00   4.04421628e+00
 2.61000000e+00  -2.50000000e-03   1.00000000e+00   9.90240495e-02   4.08795893e-04   2.37327733e+00   4.04103255e+00
 2.62000000e+00  -2.50000000e-03   1.00000000e+00   9.89370502e-02   4.08542294e-04   2.39570222e+00   4.04955530e+00
 2.63000000e+00  -2.50000000e-03   1.00000000e+00   9.88494366e-02   4.08290401e-04   2.39287335e+00   4.04443643e+00
 2.64000000e+00  -2.50000000e-03   1.00000000e+00   9.87615432e-02   4.08031745e-04   2.39633852e+00   4.04547493e+00
 2.65000000e+00  -2.50000000e-03   1.00000000e+00   9.86724888e-02   4.07774904e-04   2.38301859e+00   4.04235732e+00
 2.66000000e+00  -2.50000000e-03   1.00000000e+00   9.85833847e-02   4.07498771e-04   2.38698026e+00   4.04831420e+00
 2.67000000e+00  -2.50000000e-03   1.00000000e+00   9.84942021e-02   4.07224651e-04   2.39920714e+00   4.04548983e+00
 2.68000000e+00  -2.50000000e-03   1.00000000e+00   9.84051956e-02   4.06948677e-04   2.37596342e+00   4.03906284e+00
 2.69000000e+00  -2.50000000e-03   1.00000000e+00   9.83168208e-02   4.06669290e-04   2.36245645e+00   4.03535786e+00
 2.70000000e+00  -2.50000000e-03   1.00000000e+00   9.82290171e-02   4.06395874e-04   2.38664023e+00   4.04261337e+00
 2.71000000e+00  -2.50000000e-03   1.00000000e+00   9.81420254e-02   4.06126973e-04   2.37570722e+00   4.04505114e+00
 2.72000000e+00  -2.50000000e-03   1.00000000e+00   9.80559534e-02   4.05860006e-04   2.38279235e+00   4.03142395e+00
 2.73000000e+00  -2.50000000e-03   1.00000000e+00   9.79706734e-02   4.05596067e-04   2.39045290e+00   4.04552204e+00
 2.74000000e+00  -2.50000000e-03   1.00000000e+00   9.78868206e-02   4.05331835e-04   2.37879247e+00   4.04641004e+00
 2.75000000e+00  -2.50000000e-03   1.00000000e+00   9.78038783e-02   4.05073865e-04   2.36834714e+00   4.04281291e+00
 2.76000000e+00  -2.50000000e-03   1.00000000e+00   9.77223338e-02   4.04814336e-04   2.37911211e+00   4.04613541e+00
 2.77000000e+00  -2.50000000e-03   1.00000000e+00   9.76418530e-02   4.04561487e-04   2.36865039e+00   4.03717683e+00
 2.78000000e+00  -2.50000000e-03   1.00000000e+00   9.75628140e-02   4.04304189e-04   2.38383545e+00   4.04615418e+00
 2.79000000e+00  -2.50000000e-03   1.00000000e+00   9.74852483e-02   4.04051824e-04   2.39022702e+00   4.03720003e+00
 2.80000000e+00  -2.50000000e-03   1.00000000e+00   9.74101714e-02   4.03801127e-04   2.37756552e+00   4.04340238e+00
 2.81000000e+00  -2.50000000e-03   1.00000000e+00   9.73368665e-02   4.03567954e-04   2.37908278e+00   4.03762219e+00
 2.82000000e+00  -2.50000000e-03   1.00000000e+00   9.72654228e-02   4.03343855e-04   2.36439271e+00   4.04280766e+00
 2.83000000e+00  -2.50000000e-03   1.00000000e+00   9.71957091e-02   4.03128061e-04   2.37656973e+00   4.04749063e+00
 2.84000000e+00  -2.50000000e-03   1.00000000e+00   9.71280236e-02   4.02911207e-04   2.36561069e+00   4.03857181e+00
 2.85000000e+00  -2.50000000e-03   1.00000000e+00   9.70634681e-02   4.02697542e-04   2.38159825e+00   4.03592479e+00
 2.86000000e+00  -2.50000000e-03   1.00000000e+00   9.70003879e-02   4.02508836e-04   2.37979159e+00   4.04739919e+00
 2.87000000e+00  -2.50000000e-03   1.00000000e+00   9.69395422e-02   4.02318001e-04   2.36170451e+00   4.04900646e+00
 2.88000000e+00  -2.50000000e-03   1.00000000e+00   9.68818514e-02   4.02129221e-04   2.37352637e+00   4.04321751e+00
 2.89000000e+00  -2.50000000e-03   1.00000000e+00   9.68259995e-02   4.01958301e-04   2.35333224e+00   4.04101011e+00
 2.90000000e+00  -2.50000000e-03   1.00000000e+00   9.67724431e-02   4.01794397e-04   2.37832237e+00   4.03223400e+00
 2.91000000e+00  -2.50000000e-03   1.00000000e+00   9.67223109e-02   4.01629014e-04   2.38229100e+00   4.04191347e+00
 2.92000000e+00  -2.50000000e-03   1.00000000e+00   9.66740231e-02   4.01486966e-04   2.37646884e+00   4.04451287e+00
 2.93000000e+00  -2.50000000e-03   1.00000000e+00   9.66290485e-02   4.01345782e-04   2.35795142e+00   4.04151041e+00
 2.94000000e+00  -2.50000000e-03   1.00000000e+00   9.65860176e-02   4.01219156e-04   2.37487437e+00   4.03262150e+00
 2.95000000e+00  -2.50000000e-03   1.00000000e+00   9.65453615e-02   4.01095345e-04   2.36401936e+00   4.03636497e+00
 2.96000000e+00  -2.50000000e-03   1.00000000e+00   9.65074379e-02   4.00974178e-04   2.37626156e+00   4.04197210e+00
 2.97000000e+00  -2.50000000e-03   1.00000000e+00   9.64722288e-02   4.00874485e-04   2.37599663e+00   4.04026285e+00
 2.98000000e+00  -2.50000000e-03   1.00000000e+00   9.64404393e-02   4.00774482e-04   2.35909888e+00   4.03753098e+00
 2.99000000e+00  -2.50000000e-03   1.00000000e+00   9.64110958e-02   4.00685315e-04   2.36631800e+00   4.04095886e+00
 3.00000000e+00  -2.50000000e-03   1.00000000e+00   9.63852127e-02   4.00610395e-04   2.37120174e+00   4.03457447e+00
 3.01000000e+00  -2.50000000e-03   1.00000000e+00   9.63628934e-02   4.00554818e-04   2.36391143e+00   4.03000269e+00
 3.02000000e+00  -2.50000000e-03   1.00000000e+00   9.63431615e-02   4.00511893e-04   2.37204569e+00   4.03547216e+00
 3.03000000e+00  -2.50000000e-03   1.00000000e+00   9.63271751e-02   4.00474128e-04   2.37247056e+00   4.03520192e+00
 3.04000000e+00  -2.50000000e-03   1.00000000e+00   9.63151144e-02   4.00458799e-04   2.38107626e+00   4.04459592e+00
 3.05000000e+00  -2.50000000e-03   1.00000000e+00   9.63096096e-02   4.00476127e-04   2.36553724e+00   4.03500974e+00
 3.06000000e+00  -2.50000000e-03   1.00000000e+00   9.63096072e-02   4.00474940e-04   2.37719181e+00   4.03034376e+00
 3.07000000e+00  -2.50000000e-03   1.00000000e+00   9.63086782e-02   4.00462448e-04   2.35085868e+00   4.03978822e+00
 3.08000000e+00  -2.50000000e-03   1.00000000e+00   9.63086703e-02   4.00464428e-04   2.36570710e+00   4.03292459e+00
 3.09000000e+00  -2.50000000e-03   1.00000000e+00   9.63086697e-02   4.00463578e-04   2.37504309e+00   4.04344167e+00
 3.10000000e+00  -2.50000000e-03   1.00000000e+00   9.63086704e-02   4.00464880e-04   2.37126459e+00   4.03141739e+00
 3.11000000e+00  -2.50000000e-03   1.00000000e+00   9.63086704e-02   4.00463391e-04   2.36718654e+00   4.04202067e+00
 3.12000000e+00  -2.50000000e-03   1.00000000e+00   9.63086699e-02   4.00464704e-04   2.35530390e+00   4.04093636e+00
 3.13000000e+00  -2.50000000e-03   1.00000000e+00   9.63086681e-02   4.00464570e-04   2.35706142e+00   4.04210150e+00
 3.14000000e+00  -2.50000000e-03   1.00000000e+00   9.63086670e-02   4.00464714e-04   2.35579941e+00   4.03547571e+00
 3.15000000e+00  -2.50000000e-03   1.00000000e+00   9.63086661e-02   4.00463894e-04   2.36013309e+00   4.03036411e+00
 3.16000000e+00  -2.50000000e-03   1.00000000e+00   9.63086660e-02   4.00463261e-04   2.37190511e+00   4.03341138e+00
 3.17000000e+00  -2.50000000e-03   1.00000000e+00   9.63086674e-02   4.00463638e-04   2.36750747e+00   4.03628759e+00
 3.18000000e+00  -2.50000000e-03   1.00000000e+00   9.63086678e-02   4.00463994e-04   2.37091532e+00   4.04009498e+00
 3.19000000e+00  -2.50000000e-03   1.00000000e+00   9.63086685e-02   4.00464465e-04   2.37490726e+00   4.04638034e+00
 3.20000000e+00  -2.50000000e-03   1.00000000e+00   9.63086695e-02   4.00465244e-04   2.36702140e+00   4.03498781e+00
 3.21000000e+00  -2.50000000e-03   1.00000000e+00   9.63086693e-02   4.00463833e-04   2.36555064e+00   4.04745923e+00
 3.22000000e+00  -2.50000000e-03   1.00000000e+00   9.63086689e-02   4.00465377e-04   2.35819331e+00   4.03802673e+00
 3.23000000e+00  -2.50000000e-03   1.00000000e+00   9.63086678e-02   4.00464209e-04   2.37054638e+00   4.03444075e+00
 3.24000000e+00  -2.50000000e-03   1.00000000e+00   9.63086684e-02   4.00463765e-04   2.36657646e+00   4.03985163e+00
 3.25000000e+00  -2.50000000e-03   1.00000000e+00   9.63086684e-02   4.00464435e-04   2.34914287e+00   4.03655193e+00
 3.26000000e+00  -2.50000000e-03   1.00000000e+00   9.63086663e-02   4.00464027e-04   2.37267064e+00   4.03140481e+00
 3.27000000e+00  -2.50000000e-03   1.00000000e+00   9.63086677e-02   4.00463390e-04   2.36794204e+00   4.03282372e+00
 3.28000000e+00  -2.50000000e-03   1.00000000e+00   9.63086681e-02   4.00463565e-04   2.35566540e+00   4.03383979e+00
 3.29000000e+00  -2.50000000e-03   1.00000000e+00   9.63086668e-02   4.00463691e-04   2.37530648e+00   4.04199294e+00
 3.30000000e+00  -2.50000000e-03   1.00000000e+00   9.63086684e-02   4.00464700e-04   2.37861878e+00   4.02705823e+00
 3.31000000e+00  -2.50000000e-03   1.00000000e+00   9.63086706e-02   4.00463124e-04   2.37723151e+00   4.03011860e+00
 3.32000000e+00  -2.50000000e-03   1.00000000e+00   9.63086710e-02   4.00463503e-04   2.38313735e+00   4.04375343e+00
 3.33000000e+00  -2.50000000e-03   1.00000000e+00   9.63086720e-02   4.00465191e-04   2.35547014e+00   4.03191929e+00
 3.34000000e+00  -2.50000000e-03   1.00000000e+00   9.63086693e-02   4.00463726e-04   2.36369561e+00   4.03367633e+00
 3.35000000e+00  -2.50000000e-03   1.00000000e+00   9.63086683e-02   4.00463943e-04   2.38165163e+00   4.03474249e+00
 3.36000000e+00  -2.50000000e-03   1.00000000e+00   9.63086699e-02   4.00464075e-04   2.37150551e+00   4.03417356e+00
 3.37000000e+00  -2.50000000e-03   1.00000000e+00   9.63086698e-02   4.00464005e-04   2.36466717e+00   4.04149380e+00
 3.38000000e+00  -2.50000000e-03   1.00000000e+00   9.63086688e-02   4.00464911e-04   2.36620518e+00   4.04149378e+00
 3.39000000e+00  -2.50000000e-03   1.00000000e+00   9.63086683e-02   4.00464911e-04   2.36007916e+00   4.03486933e+00
 3.40000000e+00  -2.50000000e-03   1.00000000e+00   9.63086672e-02   4.00464091e-04   2.35891024e+00   4.04228413e+00
 3.41000000e+00  -2.50000000e-03   1.00000000e+00   9.63086663e-02   4.00465009e-04   2.38197710e+00   4.03509710e+00
 3.42000000e+00  -2.50000000e-03   1.00000000e+00   9.63086685e-02   4.00464119e-04   2.36850048e+00   4.04432834e+00
 3.43000000e+00  -2.50000000e-03   1.00000000e+00   9.63086684e-02   4.00465262e-04   2.38403485e+00   4.02863455e+00
 3.44000000e+00  -2.50000000e-03   1.00000000e+00   9.63086702e-02   4.00463319e-04   2.36464780e+00   4.04257234e+00
 3.45000000e+00  -2.50000000e-03   1.00000000e+00   9.63086691e-02   4.00465045e-04   2.37378772e+00   4.03786745e+00
 3.46000000e+00  -2.50000000e-03   1.00000000e+00   9.63086695e-02   4.00464462e-04   2.36547139e+00   4.03611008e+00
 3.47000000e+00  -2.50000000e-03   1.00000000e+00   9.63086687e-02   4.00464245e-04   2.37670630e+00   4.03565308e+00
 3.48000000e+00  -2.50000000e-03   1.00000000e+00   9.63086696e-02   4.00464188e-04   2.35186611e+00   4.03458825e+00
 3.49000000e+00  -2.50000000e-03   1.00000000e+00   9.63086671e-02   4.00464056e-04   2.36251946e+00   4.04602406e+00
 3.50000000e+00  -2.50000000e-03   1.00000000e+00   9.63086666e-02   4.00465472e-04   2.36507159e+00   4.03692070e+00
 3.51000000e+00  -2.50000000e-03   1.00000000e+00   9.63086666e-02   4.00464345e-04   2.36823177e+00   4.02871321e+00
 3.52000000e+00  -2.50000000e-03   1.00000000e+00   9.63086670e-02   4.00463329e-04   2.35623844e+00   4.03169135e+00
 3.53000000e+00  -2.50000000e-03   1.00000000e+00   9.63086658e-02   4.00463698e-04   2.36872088e+00   4.04387762e+00
 3.54000000e+00  -2.50000000e-03   1.00000000e+00   9.63086665e-02   4.00465206e-04   2.35557272e+00   4.03788994e+00
 3.55000000e+00  -2.50000000e-03   1.00000000e+00   9.63086654e-02   4.00464465e-04   2.36362271e+00   4.03914081e+00
 3.56000000e+00  -2.50000000e-03   1.00000000e+00   9.63086655e-02   4.00464620e-04   2.36543341e+00   4.04064834e+00
 3.57000000e+00  -2.50000000e-03   1.00000000e+00   9.63086659e-02   4.00464806e-04   2.35398465e+00   4.04153531e+00
 3.58000000e+00  -2.50000000e-03   1.00000000e+00   9.63086647e-02   4.00464916e-04   2.36347995e+00   4.03321339e+00
 3.59000000e+00  -2.50000000e-03   1.00000000e+00   9.63086651e-02   4.00463886e-04   2.37942163e+00   4.03678424e+00
 3.60000000e+00  -2.50000000e-03   1.00000000e+00   9.63086673e-02   4.00464328e-04   2.37641113e+00   4.03515538e+00
 3.61000000e+00  -2.50000000e-03   1.00000000e+00   9.63086685e-02   4.00464126e-04   2.35949407e+00   4.03396673e+00
 3.62000000e+00  -2.50000000e-03   1.00000000e+00   9.63086673e-02   4.00463979e-04   2.36162568e+00   4.03808641e+00
 3.63000000e+00  -2.50000000e-03   1.00000000e+00   9.63086667e-02   4.00464489e-04   2.35973800e+00   4.03959498e+00
 3.64000000e+00  -2.50000000e-03   1.00000000e+00   9.63086660e-02   4.00464676e-04   2.37375621e+00   4.03437135e+00
 3.65000000e+00  -2.50000000e-03   1.00000000e+00   9.63086673e-02   4.00464029e-04   2.38527323e+00   4.04080803e+00
 3.66000000e+00  -2.50000000e-03   1.00000000e+00   9.63086696e-02   4.00464826e-04   2.36223155e+00   4.03770921e+00
 3.67000000e+00  -2.50000000e-03   1.00000000e+00   9.63086684e-02   4.00464443e-04   2.36655056e+00   4.03735983e+00
 3.68000000e+00  -2.50000000e-03   1.00000000e+00   9.63086681e-02   4.00464399e-04   2.38341976e+00   4.03106466e+00
 3.69000000e+00  -2.50000000e-03   1.00000000e+00   9.63086699e-02   4.00463620e-04   2.35091883e+00   4.03229686e+00
 3.70000000e+00  -2.50000000e-03   1.00000000e+00   9.63086672e-02   4.00463772e-04   2.37544653e+00   4.04270214e+00
 3.71000000e+00  -2.50000000e-03   1.00000000e+00   9.63086683e-02   4.00465061e-04   2.36940516e+00   4.03762338e+00
 3.72000000e+00  -2.50000000e-03   1.00000000e+00   9.63086684e-02   4.00464432e-04   2.35531268e+00   4.04918611e+00
 3.73000000e+00  -2.50000000e-03   1.00000000e+00   9.63086667e-02   4.00465864e-04   2.36890677e+00   4.04192995e+00
 3.74000000e+00  -2.50000000e-03   1.00000000e+00   9.63086671e-02   4.00464965e-04   2.37767061e+00   4.02291819e+00
 3.75000000e+00  -2.50000000e-03   1.00000000e+00   9.63086686e-02   4.00462611e-04   2.37119238e+00   4.03505958e+00
 3.76000000e+00  -2.50000000e-03   1.00000000e+00   9.63086688e-02   4.00464115e-04   2.35280084e+00   4.03766053e+00
 3.77000000e+00  -2.50000000e-03   1.00000000e+00   9.63086666e-02   4.00464437e-04   2.37118704e+00   4.04020219e+00
 3.78000000e+00  -2.50000000e-03   1.00000000e+00   9.63086674e-02   4.00464751e-04   2.36063966e+00   4.03385038e+00
 3.79000000e+00  -2.50000000e-03   1.00000000e+00   9.63086666e-02   4.00463965e-04   2.36351904e+00   4.04271840e+00
 3.80000000e+00  -2.50000000e-03   1.00000000e+00   9.63086664e-02   4.00465063e-04   2.36438771e+00   4.03850955e+00
 3.81000000e+00  -2.50000000e-03   1.00000000e+00   9.63086664e-02   4.00464542e-04   2.38300590e+00   4.03414074e+00
 3.82000000e+00  -2.50000000e-03   1.00000000e+00   9.63086687e-02   4.00464001e-04   2.35919710e+00   4.03535440e+00
 3.83000000e+00  -2.50000000e-03   1.00000000e+00   9.63086674e-02   4.00464151e-04   2.34733532e+00   4.03764770e+00
 3.84000000e+00  -2.50000000e-03   1.00000000e+00   9.63086650e-02   4.00464435e-04   2.36217630e+00   4.03646635e+00
 3.85000000e+00  -2.50000000e-03   1.00000000e+00   9.63086651e-02   4.00464289e-04   2.38235064e+00   4.03531932e+00
 3.86000000e+00  -2.50000000e-03   1.00000000e+00   9.63086677e-02   4.00464147e-04   2.37597373e+00   4.03770697e+00
 3.87000000e+00  -2.50000000e-03   1.00000000e+00   9.63086687e-02   4.00464442e-04   2.37377902e+00   4.04188498e+00
 3.88000000e+00  -2.50000000e-03   1.00000000e+00   9.63086692e-02   4.00464960e-04   2.36924639e+00   4.04681707e+00
 3.89000000e+00  -2.50000000e-03   1.00000000e+00   9.63086690e-02   4.00465570e-04   2.35968111e+00   4.03385490e+00
 3.90000000e+00  -2.50000000e-03   1.00000000e+00   9.63086676e-02   4.00463965e-04   2.37970803e+00   4.03616634e+00
 3.91000000e+00  -2.50000000e-03   1.00000000e+00   9.63086692e-02   4.00464252e-04   2.36346339e+00   4.03611346e+00
 3.92000000e+00  -2.50000000e-03   1.00000000e+00   9.63086682e-02   4.00464245e-04   2.36545790e+00   4.04899468e+00
 3.93000000e+00  -2.50000000e-03   1.00000000e+00   9.63086678e-02   4.00465840e-04   2.35674917e+00   4.04469366e+00
 3.94000000e+00  -2.50000000e-03   1.00000000e+00   9.63086665e-02   4.00465307e-04   2.37542551e+00   4.04039379e+00
 3.95000000e+00  -2.50000000e-03   1.00000000e+00   9.63086678e-02   4.00464775e-04   2.36642941e+00   4.03100448e+00
 3.96000000e+00  -2.50000000e-03   1.00000000e+00   9.63086676e-02   4.00463612e-04   2.36741574e+00   4.03897753e+00
 3.97000000e+00  -2.50000000e-03   1.00000000e+00   9.63086676e-02   4.00464600e-04   2.35865658e+00   4.04384705e+00
 3.98000000e+00  -2.50000000e-03   1.00000000e+00   9.63086665e-02   4.00465203e-04   2.36936029e+00   4.03589343e+00
 3.99000000e+00  -2.50000000e-03   1.00000000e+00   9.63086671e-02   4.00464218e-04   2.37676870e+00   4.04613683e+00
 4.00000000e+00  -2.50000000e-03   1.00000000e+00   9.63086684e-02   4.00465486e-04   2.36738385e+00   4.03250758e+00
 4.01000000e+00  -2.50000000e-03   1.00000000e+00   9.63086682e-02   4.00463799e-04   2.36753258e+00   4.02879864e+00
 4.02000000e+00  -2.50000000e-03   1.00000000e+00   9.63086680e-02   4.00463339e-04   2.36719598e+00   4.03310396e+00
 4.03000000e+00  -2.50000000e-03   1.00000000e+00   9.63086679e-02   4.00463872e-04   2.36482986e+00   4.04656820e+00
 4.04000000e+00  -2.50000000e-03   1.00000000e+00   9.63086675e-02   4.00465539e-04   2.35868676e+00   4.03893902e+00
 4.05000000e+00  -2.50000000e-03   1.00000000e+00   9.63086665e-02   4.00464595e-04   2.37559285e+00   4.04158663e+00
 4.06000000e+00  -2.50000000e-03   1.00000000e+00   9.63086678e-02   4.00464923e-04   2.37820859e+00   4.04148759e+00
 4.07000000e+00  -2.50000000e-03   1.00000000e+00   9.63086691e-02   4.00464910e-04   2.36854994e+00   4.04274068e+00
 4.08000000e+00  -2.50000000e-03   1.00000000e+00   9.63086688e-02   4.00465066e-04   2.37168761e+00   4.03518451e+00
 4.09000000e+00  -2.50000000e-03   1.00000000e+00   9.63086690e-02   4.00464130e-04   2.37308255e+00   4.03857136e+00
 4.10000000e+00  -2.50000000e-03   1.00000000e+00   9.63086693e-02   4.00464549e-04   2.34767139e+00   4.04320674e+00
 4.11000000e+00  -2.50000000e-03   1.00000000e+00   9.63086664e-02   4.00465123e-04   2.36994053e+00   4.03475399e+00
 4.12000000e+00  -2.50000000e-03   1.00000000e+00   9.63086671e-02   4.00464077e-04   2.35242892e+00   4.04079999e+00
 4.13000000e+00  -2.50000000e-03   1.00000000e+00   9.63086654e-02   4.00464825e-04   2.36209522e+00   4.03672605e+00
 4.14000000e+00  -2.50000000e-03   1.00000000e+00   9.63086654e-02   4.00464321e-04   2.36328922e+00   4.03957446e+00
 4.15000000e+00  -2.50000000e-03   1.00000000e+00   9.63086655e-02   4.00464674e-04   2.37459578e+00   4.03460623e+00
 4.16000000e+00  -2.50000000e-03   1.00000000e+00   9.63086670e-02   4.00464058e-04   2.37050244e+00   4.04096187e+00
 4.17000000e+00  -2.50000000e-03   1.00000000e+00   9.63086676e-02   4.00464845e-04   2.38210650e+00   4.03375150e+00
 4.18000000e+00  -2.50000000e-03   1.00000000e+00   9.63086694e-02   4.00463953e-04   2.36484298e+00   4.04310108e+00
 4.19000000e+00  -2.50000000e-03   1.00000000e+00   9.63086686e-02   4.00465110e-04   2.37383789e+00   4.03661820e+00
 4.20000000e+00  -2.50000000e-03   1.00000000e+00   9.63086691e-02   4.00464308e-04   2.37203059e+00   4.03403199e+00
 4.21000000e+00  -2.50000000e-03   1.00000000e+00   9.63086693e-02   4.00463987e-04   2.36046973e+00   4.03586991e+00
 4.22000000e+00  -2.50000000e-03   1.00000000e+00   9.63086679e-02   4.00464215e-04   2.37482300e+00   4.03416153e+00
 4.23000000e+00  -2.50000000e-03   1.00000000e+00   9.63086688e-02   4.00464003e-04   2.37555507e+00   4.02688072e+00
 4.24000000e+00  -2.50000000e-03   1.00000000e+00   9.63086695e-02   4.00463102e-04   2.36179291e+00   4.04204176e+00
 4.25000000e+00  -2.50000000e-03   1.00000000e+00   9.63086682e-02   4.00464979e-04   2.37361730e+00   4.03504347e+00
 4.26000000e+00  -2.50000000e-03   1.00000000e+00   9.63086688e-02   4.00464113e-04   2.36596567e+00   4.04649305e+00
 4.27000000e+00  -2.50000000e-03   1.00000000e+00   9.63086683e-02   4.00465530e-04   2.37615828e+00   4.03511515e+00
 4.28000000e+00  -2.50000000e-03   1.00000000e+00   9.63086692e-02   4.00464121e-04   2.38042585e+00   4.02932552e+00
 4.29000000e+00  -2.50000000e-03   1.00000000e+00   9.63086704e-02   4.00463405e-04   2.38201671e+00   4.03111062e+00
 4.30000000e+00  -2.50000000e-03   1.00000000e+00   9.63086714e-02   4.00463626e-04   2.37228176e+00   4.04475636e+00
 4.31000000e+00  -2.50000000e-03   1.00000000e+00   9.63086709e-02   4.00465315e-04   2.36633611e+00   4.03222450e+00
 4.32000000e+00  -2.50000000e-03   1.00000000e+00   9.63086699e-02   4.00463764e-04   2.37206307e+00   4.03988614e+00
 4.33000000e+00  -2.50000000e-03   1.00000000e+00   9.63086698e-02   4.00464712e-04   2.36313232e+00   4.04378930e+00
 4.34000000e+00  -2.50000000e-03   1.00000000e+00   9.63086687e-02   4.00465195e-04   2.36085211e+00   4.04059376e+00
 4.35000000e+00  -2.50000000e-03   1.00000000e+00   9.63086676e-02   4.00464800e-04   2.36976464e+00   4.03661172e+00
 4.36000000e+00  -2.50000000e-03   1.00000000e+00   9.63086679e-02   4.00464307e-04   2.35463806e+00   4.03778958e+00
 4.37000000e+00  -2.50000000e-03   1.00000000e+00   9.63086662e-02   4.00464453e-04   2.36451734e+00   4.04061141e+00
 4.38000000e+00  -2.50000000e-03   1.00000000e+00   9.63086663e-02   4.00464802e-04   2.36715003e+00   4.03623044e+00
 4.39000000e+00  -2.50000000e-03   1.00000000e+00   9.63086666e-02   4.00464259e-04   2.37489794e+00   4.04293445e+00
 4.40000000e+00  -2.50000000e-03   1.00000000e+00   9.63086678e-02   4.00465090e-04   2.36655125e+00   4.03661270e+00
 4.41000000e+00  -2.50000000e-03   1.00000000e+00   9.63086677e-02   4.00464307e-04   2.37071013e+00   4.04335170e+00
 4.42000000e+00  -2.50000000e-03   1.00000000e+00   9.63086681e-02   4.00465141e-04   2.36578155e+00   4.03569649e+00
 4.43000000e+00  -2.50000000e-03   1.00000000e+00   9.63086678e-02   4.00464193e-04   2.38529560e+00   4.03401075e+00
 4.44000000e+00  -2.50000000e-03   1.00000000e+00   9.63086699e-02   4.00463985e-04   2.37098625e+00   4.02769112e+00
 4.45000000e+00  -2.50000000e-03   1.00000000e+00   9.63086697e-02   4.00463202e-04   2.39116298e+00   4.03573265e+00
 4.46000000e+00  -2.50000000e-03   1.00000000e+00   9.63086721e-02   4.00464198e-04   2.37462349e+00   4.03089711e+00
 4.47000000e+00  -2.50000000e-03   1.00000000e+00   9.63086717e-02   4.00463599e-04   2.36033766e+00   4.03826395e+00
 4.48000000e+00  -2.50000000e-03   1.00000000e+00   9.63086697e-02   4.00464511e-04   2.37096270e+00   4.04499675e+00
 4.49000000e+00  -2.50000000e-03   1.00000000e+00   9.63086695e-02   4.00465345e-04   2.38547688e+00   4.03388317e+00
 4.50000000e+00  -2.50000000e-03   1.00000000e+00   9.63086712e-02   4.00463969e-04   2.36328266e+00   4.04049420e+00
 4.51000000e+00  -2.50000000e-03   1.00000000e+00   9.63086697e-02   4.00464787e-04   2.36231320e+00   4.03629766e+00
 4.52000000e+00  -2.50000000e-03   1.00000000e+00   9.63086685e-02   4.00464268e-04   2.35520040e+00   4.03746193e+00
 4.53000000e+00  -2.50000000e-03   1.00000000e+00   9.63086667e-02   4.00464412e-04   2.37456141e+00   4.04552775e+00
 4.54000000e+00  -2.50000000e-03   1.00000000e+00   9.63086679e-02   4.00465411e-04   2.37983340e+00   4.03307234e+00
 4.55000000e+00  -2.50000000e-03   1.00000000e+00   9.63086693e-02   4.00463868e-04   2.38276359e+00   4.03699500e+00
 4.56000000e+00  -2.50000000e-03   1.00000000e+00   9.63086708e-02   4.00464354e-04   2.37803579e+00   4.03330341e+00
 4.57000000e+00  -2.50000000e-03   1.00000000e+00   9.63086712e-02   4.00463897e-04   2.37276848e+00   4.03384547e+00
 4.58000000e+00  -2.50000000e-03   1.00000000e+00   9.63086708e-02   4.00463964e-04   2.36789716e+00   4.03651673e+00
 4.59000000e+00  -2.50000000e-03   1.00000000e+00   9.63086700e-02   4.00464295e-04   2.36226314e+00   4.03873328e+00
 4.60000000e+00  -2.50000000e-03   1.00000000e+00   9.63086687e-02   4.00464569e-04   2.35395059e+00   4.03323174e+00
 4.61000000e+00  -2.50000000e-03   1.00000000e+00   9.63086667e-02   4.00463888e-04   2.36928369e+00   4.04312600e+00
 4.62000000e+00  -2.50000000e-03   1.00000000e+00   9.63086672e-02   4.00465113e-04   2.36562371e+00   4.03799529e+00
 4.63000000e+00  -2.50000000e-03   1.00000000e+00   9.63086671e-02   4.00464478e-04   2.35900718e+00   4.03941506e+00
 4.64000000e+00  -2.50000000e-03   1.00000000e+00   9.63086662e-02   4.00464654e-04   2.35615719e+00   4.03940456e+00
 4.65000000e+00  -2.50000000e-03   1.00000000e+00   9.63086652e-02   4.00464652e-04   2.37616346e+00   4.03965887e+00
 4.66000000e+00  -2.50000000e-03   1.00000000e+00   9.63086670e-02   4.00464684e-04   2.38013216e+00   4.02931320e+00
 4.67000000e+00  -2.50000000e-03   1.00000000e+00   9.63086688e-02   4.00463403e-04   2.36813387e+00   4.02742563e+00
 4.68000000e+00  -2.50000000e-03   1.00000000e+00   9.63086685e-02   4.00463169e-04   2.36388210e+00   4.04158499e+00
 4.69000000e+00  -2.50000000e-03   1.00000000e+00   9.63086678e-02   4.00464922e-04   2.36522975e+00   4.03641527e+00
 4.70000000e+00  -2.50000000e-03   1.00000000e+00   9.63086675e-02   4.00464282e-04   2.35220691e+00   4.03120553e+00
 4.71000000e+00  -2.50000000e-03   1.00000000e+00   9.63086657e-02   4.00463637e-04   2.37610514e+00   4.03397611e+00
 4.72000000e+00  -2.50000000e-03   1.00000000e+00   9.63086673e-02   4.00463980e-04   2.37041890e+00   4.03560858e+00
 4.73000000e+00  -2.50000000e-03   1.00000000e+00   9.63086678e-02   4.00464183e-04   2.36044725e+00   4.03037204e+00
 4.74000000e+00  -2.50000000e-03   1.00000000e+00   9.63086669e-02   4.00463534e-04   2.35830099e+00   4.04071551e+00
 4.75000000e+00  -2.50000000e-03   1.00000000e+00   9.63086660e-02   4.00464815e-04   2.35839183e+00   4.03045116e+00
 4.76000000e+00  -2.50000000e-03   1.00000000e+00   9.63086653e-02   4.00463544e-04   2.35496273e+00   4.03413211e+00
 4.77000000e+00  -2.50000000e-03   1.00000000e+00   9.63086644e-02   4.00464000e-04   2.37252978e+00   4.02848857e+00
 4.78000000e+00  -2.50000000e-03   1.00000000e+00   9.63086660e-02   4.00463301e-04   2.36276302e+00   4.04088810e+00
 4.79000000e+00  -2.50000000e-03   1.00000000e+00   9.63086659e-02   4.00464836e-04   2.37537410e+00   4.03927647e+00
 4.80000000e+00  -2.50000000e-03   1.00000000e+00   9.63086674e-02   4.00464637e-04   2.37343011e+00   4.03596951e+00
 4.81000000e+00  -2.50000000e-03   1.00000000e+00   9.63086682e-02   4.00464227e-04   2.37389748e+00   4.03878251e+00
 4.82000000e+00  -2.50000000e-03   1.00000000e+00   9.63086688e-02   4.00464575e-04   2.35958528e+00   4.03907049e+00
 4.83000000e+00  -2.50000000e-03   1.00000000e+00   9.63086675e-02   4.00464611e-04   2.35928013e+00   4.04511016e+00
 4.84000000e+00  -2.50000000e-03   1.00000000e+00   9.63086666e-02   4.00465359e-04   2.37357213e+00   4.02939653e+00
 4.85000000e+00  -2.50000000e-03   1.00000000e+00   9.63086676e-02   4.00463413e-04   2.37693513e+00   4.04236616e+00
 4.86000000e+00  -2.50000000e-03   1.00000000e+00   9.63086688e-02   4.00465019e-04   2.37548174e+00   4.03911609e+00
 4.87000000e+00  -2.50000000e-03   1.00000000e+00   9.63086695e-02   4.00464617e-04   2.36158510e+00   4.03104602e+00
 4.88000000e+00  -2.50000000e-03   1.00000000e+00   9.63086682e-02   4.00463618e-04   2.38195019e+00   4.03807609e+00
 4.89000000e+00  -2.50000000e-03   1.00000000e+00   9.63086699e-02   4.00464488e-04   2.35517119e+00   4.03881375e+00
 4.90000000e+00  -2.50000000e-03   1.00000000e+00   9.63086677e-02   4.00464579e-04   2.35704666e+00   4.04310918e+00
 4.91000000e+00  -2.50000000e-03   1.00000000e+00   9.63086664e-02   4.00465111e-04   2.35797293e+00   4.03822400e+00
 4.92000000e+00  -2.50000000e-03   1.00000000e+00   9.63086656e-02   4.00464506e-04   2.37683310e+00   4.04243592e+00
 4.93000000e+00  -2.50000000e-03   1.00000000e+00   9.63086673e-02   4.00465028e-04   2.36171747e+00   4.03999963e+00
 4.94000000e+00  -2.50000000e-03   1.00000000e+00   9.63086667e-02   4.00464726e-04   2.36427830e+00   4.03416835e+00
 4.95000000e+00  -2.50000000e-03   1.00000000e+00   9.63086666e-02   4.00464004e-04   2.37677956e+00   4.04057731e+00
 4.96000000e+00  -2.50000000e-03   1.00000000e+00   9.63086681e-02   4.00464798e-04   2.37745686e+00   4.04233326e+00
 4.97000000e+00  -2.50000000e-03   1.00000000e+00   9.63086692e-02   4.00465015e-04   2.35233677e+00   4.03471898e+00
 4.98000000e+00  -2.50000000e-03   1.00000000e+00   9.63086669e-02   4.00464072e-04   2.37825571e+00   4.03973507e+00
 4.99000000e+00  -2.50000000e-03   1.00000000e+00   9.63086684e-02   4.00464693e-04   2.37698304e+00   4.03255946e+00
 5.00000000e+00  -2.50000000e-03   1.00000000e+00   9.63086694e-02   4.00463805e-04   2.38047450e+00   4.04243069e+00