  Time  Coordinate0  Coordinate1  Displacement0  Displacement1  Force0  Force1
 1.00000000e-02   0.00000000e+00   1.00000000e+00   2.38595207e-04   3.49008844e-07   1.16505298e-01  -2.79266285e+00
 2.00000000e-02   0.00000000e+00   1.00000000e+00   9.49873985e-04   3.21176746e-05   2.10586091e+00   5.27224570e+00
 3.00000000e-02   0.00000000e+00   1.00000000e+00   2.01484313e-03   9.69146437e-05   1.14184818e+00   3.27949989e+00
 4.00000000e-02   0.00000000e+00   1.00000000e+00   3.27240207e-03   1.67558886e-04   9.61121126e-01   2.83436716e+00
 5.00000000e-02   0.00000000e+00   1.00000000e+00   4.65419810e-03   2.27772148e-04   8.81463081e-01   2.59735299e+00
 6.00000000e-02   0.00000000e+00   1.00000000e+00   6.09471685e-03   2.66875883e-04   8.36581854e-01   2.45658016e+00
 7.00000000e-02   0.00000000e+00   1.00000000e+00   7.57014514e-03   2.67819212e-04   8.02591988e-01   2.35628362e+00
 8.00000000e-02   0.00000000e+00   1.00000000e+00   9.19783622e-03   2.20019780e-04   7.74796917e-01   2.28063447e+00
 9.00000000e-02   0.00000000e+00   1.00000000e+00   1.12851308e-02   1.31376002e-04   7.51312868e-01   2.21601461e+00
 1.00000000e-01   0.00000000e+00   1.00000000e+00   1.41072413e-02   3.62505682e-05   7.35654074e-01   2.15839232e+00
 1.10000000e-01   0.00000000e+00   1.00000000e+00   1.75748767e-02  -2.44387572e-05   7.31697759e-01   2.10585977e+00
 1.20000000e-01   0.00000000e+00   1.00000000e+00   2.12950211e-02  -3.60091456e-05   7.37589449e-01   2.06053167e+00
 1.30000000e-01   0.00000000e+00   1.00000000e+00   2.50253381e-02  -8.51538154e-06   7.46152665e-01   2.02302658e+00
 1.40000000e-01   0.00000000e+00   1.00000000e+00   2.88345980e-02   4.77909330e-05   7.53530015e-01   1.99158143e+00
 1.50000000e-01   0.00000000e+00   1.00000000e+00   3.27534695e-02   1.28840927e-04   7.62123970e-01   1.96520349e+00
 1.60000000e-01   0.00000000e+00   1.00000000e+00   3.66134524e-02   2.09199691e-04   7.72886456e-01   1.94355199e+00
 1.70000000e-01   0.00000000e+00   1.00000000e+00   4.03190787e-02   2.45878273e-04   7.82416024e-01   1.92626854e+00
 1.80000000e-01   0.00000000e+00   1.00000000e+00   4.39509124e-02   2.22602566e-04   7.88856081e-01   1.91046497e+00
 1.90000000e-01   0.00000000e+00   1.00000000e+00   4.75927120e-02   1.60215756e-04   7.93480616e-01   1.89347210e+00
 2.00000000e-01   0.00000000e+00   1.00000000e+00   5.13024658e-02   8.33712287e-05   7.97415149e-01   1.87500892e+00
 2.10000000e-01   0.00000000e+00   1.00000000e+00   5.51583777e-02   6.29400874e-06   8.01914651e-01   1.85647877e+00
 2.20000000e-01   0.00000000e+00   1.00000000e+00   5.91950602e-02  -5.16967719e-05   8.09029314e-01   1.83913962e+00
 2.30000000e-01   0.00000000e+00   1.00000000e+00   6.33736354e-02  -6.63390410e-05   8.19533980e-01   1.82309824e+00
 2.40000000e-01   0.00000000e+00   1.00000000e+00   6.75633567e-02  -2.60715688e-05   8.33009176e-01   1.80865902e+00
 2.50000000e-01   0.00000000e+00   1.00000000e+00   7.15036985e-02   5.43999198e-05   8.47838623e-01   1.79663238e+00
 2.60000000e-01   0.00000000e+00   1.00000000e+00   7.49758678e-02   1.38626843e-04   8.59612607e-01   1.78771248e+00
 2.70000000e-01   0.00000000e+00   1.00000000e+00   7.80567133e-02   1.95883921e-04   8.64062929e-01   1.78078276e+00
 2.80000000e-01   0.00000000e+00   1.00000000e+00   8.10498583e-02   2.18042373e-04   8.62233708e-01   1.77388015e+00
 2.90000000e-01   0.00000000e+00   1.00000000e+00   8.41809297e-02   2.02220165e-04   8.59230287e-01   1.76627659e+00
 3.00000000e-01   0.00000000e+00   1.00000000e+00   8.74620156e-02   1.42163213e-04   8.58563455e-01   1.75801955e+00
 3.10000000e-01   0.00000000e+00   1.00000000e+00   9.08392812e-02   5.18316082e-05   8.59613160e-01   1.74838181e+00
 3.20000000e-01   0.00000000e+00   1.00000000e+00   9.43783847e-02  -2.97645845e-05   8.60711167e-01   1.73674915e+00
 3.30000000e-01   0.00000000e+00   1.00000000e+00   9.82123938e-02  -6.99727025e-05   8.63190387e-01   1.72426239e+00
 3.40000000e-01   0.00000000e+00   1.00000000e+00   1.02337420e-01  -6.23854268e-05   8.70275723e-01   1.71298478e+00
 3.50000000e-01   0.00000000e+00   1.00000000e+00   1.06584448e-01  -1.66358843e-05   8.82570767e-01   1.70416269e+00
 3.60000000e-01   0.00000000e+00   1.00000000e+00   1.10792878e-01   5.49289202e-05   8.97198578e-01   1.69768711e+00
 3.70000000e-01   0.00000000e+00   1.00000000e+00   1.14899075e-01   1.35767054e-04   9.11196958e-01   1.69287063e+00
 3.80000000e-01   0.00000000e+00   1.00000000e+00   1.18865617e-01   1.98887505e-04   9.23211763e-01   1.68866572e+00
 3.90000000e-01   0.00000000e+00   1.00000000e+00   1.22678091e-01   2.15478703e-04   9.32421318e-01   1.68437592e+00
 4.00000000e-01   0.00000000e+00   1.00000000e+00   1.26459308e-01   1.77080892e-04   9.38390038e-01   1.67940850e+00
 4.10000000e-01   0.00000000e+00   1.00000000e+00   1.30448092e-01   1.03516368e-04   9.43468269e-01   1.67328961e+00
 4.20000000e-01   0.00000000e+00   1.00000000e+00   1.34780864e-01   2.36677776e-05   9.52166950e-01   1.66589707e+00
 4.30000000e-01   0.00000000e+00   1.00000000e+00   1.39353234e-01  -4.32117809e-05   9.67313276e-01   1.65782927e+00
 4.40000000e-01   0.00000000e+00   1.00000000e+00   1.43914889e-01  -8.19267365e-05   9.87632054e-01   1.64999661e+00
 4.50000000e-01   0.00000000e+00   1.00000000e+00   1.48258423e-01  -7.45875803e-05   1.00925288e+00   1.64323126e+00
 4.60000000e-01   0.00000000e+00   1.00000000e+00   1.52324095e-01  -1.68711431e-05   1.02894906e+00   1.63821671e+00
 4.70000000e-01   0.00000000e+00   1.00000000e+00   1.56137000e-01   6.81340494e-05   1.04637323e+00   1.63557558e+00
 4.80000000e-01   0.00000000e+00   1.00000000e+00   1.59655075e-01   1.45103003e-04   1.06272223e+00   1.63517422e+00
 4.90000000e-01   0.00000000e+00   1.00000000e+00   1.62755200e-01   1.89821007e-04   1.07705156e+00   1.63598517e+00
 5.00000000e-01   0.00000000e+00   1.00000000e+00   1.65406496e-01   1.93875897e-04   1.08585093e+00   1.63642010e+00
 5.10000000e-01   0.00000000e+00   1.00000000e+00   1.67764560e-01   1.56897029e-04   1.08779017e+00   1.63539409e+00
 5.20000000e-01   0.00000000e+00   1.00000000e+00   1.70037060e-01   8.50649203e-05   1.08623491e+00   1.63300362e+00
 5.30000000e-01   0.00000000e+00   1.00000000e+00   1.72332317e-01  -1.40978515e-06   1.08573600e+00   1.62991305e+00
 5.40000000e-01   0.00000000e+00   1.00000000e+00   1.74666683e-01  -6.89838534e-05   1.08845180e+00   1.62664848e+00
 5.50000000e-01   0.00000000e+00   1.00000000e+00   1.77009144e-01  -9.04227426e-05   1.09462488e+00   1.62383349e+00
 5.60000000e-01   0.00000000e+00   1.00000000e+00   1.79249057e-01  -6.29046140e-05   1.10379011e+00   1.62228549e+00
 5.70000000e-01   0.00000000e+00   1.00000000e+00   1.81197665e-01  -1.81580271e-06   1.11385649e+00   1.62242505e+00
 5.80000000e-01   0.00000000e+00   1.00000000e+00   1.82723109e-01   7.52164600e-05   1.12086741e+00   1.62401155e+00
 5.90000000e-01   0.00000000e+00   1.00000000e+00   1.83892015e-01   1.49121681e-04   1.12194145e+00   1.62649937e+00
 6.00000000e-01   0.00000000e+00   1.00000000e+00   1.84925576e-01   1.94358734e-04   1.11832926e+00   1.62943822e+00
 6.10000000e-01   0.00000000e+00   1.00000000e+00   1.86002885e-01   1.89824378e-04   1.11402426e+00   1.63206218e+00
 6.20000000e-01   0.00000000e+00   1.00000000e+00   1.87152788e-01   1.36414795e-04   1.11170473e+00   1.63337613e+00
 6.30000000e-01   0.00000000e+00   1.00000000e+00   1.88348931e-01   5.71824712e-05   1.11110718e+00   1.63280545e+00
 6.40000000e-01   0.00000000e+00   1.00000000e+00   1.89636897e-01  -1.95617642e-05   1.11141008e+00   1.63054975e+00
 6.50000000e-01   0.00000000e+00   1.00000000e+00   1.91105530e-01  -7.30529570e-05   1.11395171e+00   1.62753442e+00
 6.60000000e-01   0.00000000e+00   1.00000000e+00   1.92753802e-01  -8.94192219e-05   1.12148869e+00   1.62503582e+00
 6.70000000e-01   0.00000000e+00   1.00000000e+00   1.94428105e-01  -6.01483956e-05   1.13502534e+00   1.62412470e+00
 6.80000000e-01   0.00000000e+00   1.00000000e+00   1.95900870e-01   9.65747129e-06   1.15187032e+00   1.62518109e+00
 6.90000000e-01   0.00000000e+00   1.00000000e+00   1.97008769e-01   9.48379733e-05   1.16708415e+00   1.62775055e+00
 7.00000000e-01   0.00000000e+00   1.00000000e+00   1.97720183e-01   1.61871887e-04   1.17704914e+00   1.63091725e+00
 7.10000000e-01   0.00000000e+00   1.00000000e+00   1.98100275e-01   1.89285791e-04   1.18139875e+00   1.63389491e+00
 7.20000000e-01   0.00000000e+00   1.00000000e+00   1.98262522e-01   1.73451733e-04   1.18181300e+00   1.63624123e+00
 7.30000000e-01   0.00000000e+00   1.00000000e+00   1.98348334e-01   1.20243426e-04   1.18055945e+00   1.63762733e+00
 7.40000000e-01   0.00000000e+00   1.00000000e+00   1.98462734e-01   4.22722969e-05   1.18039562e+00   1.63784574e+00
 7.50000000e-01   0.00000000e+00   1.00000000e+00   1.98570170e-01  -3.66007222e-05   1.18365248e+00   1.63714613e+00
 7.60000000e-01   0.00000000e+00   1.00000000e+00   1.98498834e-01  -8.63225641e-05   1.18996414e+00   1.63631851e+00
 7.70000000e-01   0.00000000e+00   1.00000000e+00   1.98093401e-01  -8.76294248e-05   1.19617749e+00   1.63632847e+00
 7.80000000e-01   0.00000000e+00   1.00000000e+00   1.97326565e-01  -4.30316133e-05   1.19970318e+00   1.63797858e+00
 7.90000000e-01   0.00000000e+00   1.00000000e+00   1.96229087e-01   2.90986451e-05   1.20072211e+00   1.64165300e+00
 8.00000000e-01   0.00000000e+00   1.00000000e+00   1.94767548e-01   1.06758011e-04   1.20003681e+00   1.64716301e+00
 8.10000000e-01   0.00000000e+00   1.00000000e+00   1.92863037e-01   1.68636213e-04   1.19620134e+00   1.65374890e+00
 8.20000000e-01   0.00000000e+00   1.00000000e+00   1.90526361e-01   1.93993896e-04   1.18646165e+00   1.66023962e+00
 8.30000000e-01   0.00000000e+00   1.00000000e+00   1.87926674e-01   1.70388573e-04   1.17033149e+00   1.66539498e+00
 8.40000000e-01   0.00000000e+00   1.00000000e+00   1.85306487e-01   1.05248179e-04   1.15109035e+00   1.66854024e+00
 8.50000000e-01   0.00000000e+00   1.00000000e+00   1.82838360e-01   2.43943897e-05   1.13358085e+00   1.66996267e+00
 8.60000000e-01   0.00000000e+00   1.00000000e+00   1.80557132e-01  -4.36494680e-05   1.12103385e+00   1.67064150e+00
 8.70000000e-01   0.00000000e+00   1.00000000e+00   1.78388926e-01  -7.97486719e-05   1.11375780e+00   1.67145666e+00
 8.80000000e-01   0.00000000e+00   1.00000000e+00   1.76207834e-01  -7.43012052e-05   1.10999328e+00   1.67289117e+00
 8.90000000e-01   0.00000000e+00   1.00000000e+00   1.73882620e-01  -2.63409269e-05   1.10728940e+00   1.67533572e+00
 9.00000000e-01   0.00000000e+00   1.00000000e+00   1.71332152e-01   5.15059299e-05   1.10329684e+00   1.67919771e+00
 9.10000000e-01   0.00000000e+00   1.00000000e+00   1.68579280e-01   1.32167743e-04   1.09653415e+00   1.68445483e+00
 9.20000000e-01   0.00000000e+00   1.00000000e+00   1.65740375e-01   1.85926791e-04   1.08714269e+00   1.69017980e+00
 9.30000000e-01   0.00000000e+00   1.00000000e+00   1.62932927e-01   1.95821844e-04   1.07686195e+00   1.69506240e+00
 9.40000000e-01   0.00000000e+00   1.00000000e+00   1.60193714e-01   1.62222513e-04   1.06742016e+00   1.69827968e+00
 9.50000000e-01   0.00000000e+00   1.00000000e+00   1.57507703e-01   9.69021824e-05   1.05912630e+00   1.69965322e+00
 9.60000000e-01   0.00000000e+00   1.00000000e+00   1.54900798e-01   1.83955720e-05   1.05143681e+00   1.69918886e+00
 9.70000000e-01   0.00000000e+00   1.00000000e+00   1.52443624e-01  -4.85546983e-05   1.04538148e+00   1.69753856e+00
 9.80000000e-01   0.00000000e+00   1.00000000e+00   1.50132626e-01  -7.89137825e-05   1.04322144e+00   1.69589774e+00
 9.90000000e-01   0.00000000e+00   1.00000000e+00   1.47806017e-01  -6.05410213e-05   1.04578612e+00   1.69580446e+00
 1.00000000e+00   0.00000000e+00   1.00000000e+00   1.45222066e-01  -1.59763720e-06   1.05038165e+00   1.69814576e+00
 1.01000000e+00   0.00000000e+00   1.00000000e+00   1.42216623e-01   7.60973871e-05   1.05229405e+00   1.70256338e+00
 1.02000000e+00   0.00000000e+00   1.00000000e+00   1.38777570e-01   1.48537557e-04   1.04837343e+00   1.70802182e+00
 1.03000000e+00   0.00000000e+00   1.00000000e+00   1.35005777e-01   1.94852920e-04   1.03854056e+00   1.71360471e+00
 1.04000000e+00   0.00000000e+00   1.00000000e+00   1.31045933e-01   1.99498265e-04   1.02469397e+00   1.71877410e+00
 1.05000000e+00   0.00000000e+00   1.00000000e+00   1.27036791e-01   1.58494083e-04   1.00922986e+00   1.72276036e+00
 1.06000000e+00   0.00000000e+00   1.00000000e+00   1.23068023e-01   8.54591687e-05   9.94180090e-01   1.72503528e+00
 1.07000000e+00   0.00000000e+00   1.00000000e+00   1.19146430e-01   7.41404788e-06   9.80775141e-01   1.72556735e+00
 1.08000000e+00   0.00000000e+00   1.00000000e+00   1.15208903e-01  -4.86144276e-05   9.69154205e-01   1.72526469e+00
 1.09000000e+00   0.00000000e+00   1.00000000e+00   1.11187172e-01  -6.61104402e-05   9.58517188e-01   1.72550180e+00
 1.10000000e+00   0.00000000e+00   1.00000000e+00   1.07061072e-01  -4.05621172e-05   9.47907741e-01   1.72720770e+00
 1.11000000e+00   0.00000000e+00   1.00000000e+00   1.02838589e-01   2.17238194e-05   9.37032450e-01   1.73065984e+00
 1.12000000e+00   0.00000000e+00   1.00000000e+00   9.84972308e-02   1.02545203e-04   9.25834237e-01   1.73572100e+00
 1.13000000e+00   0.00000000e+00   1.00000000e+00   9.39887365e-02   1.74394497e-04   9.13518207e-01   1.74190204e+00
 1.14000000e+00   0.00000000e+00   1.00000000e+00   8.93326443e-02   2.11738171e-04   8.98562811e-01   1.74801122e+00
 1.15000000e+00   0.00000000e+00   1.00000000e+00   8.46883110e-02   2.03290288e-04   8.80417095e-01   1.75243706e+00
 1.16000000e+00   0.00000000e+00   1.00000000e+00   8.02946344e-02   1.54587344e-04   8.60897670e-01   1.75413039e+00
 1.17000000e+00   0.00000000e+00   1.00000000e+00   7.63208451e-02   8.21529589e-05   8.43378534e-01   1.75319364e+00
 1.18000000e+00   0.00000000e+00   1.00000000e+00   7.27763596e-02   8.01986384e-06   8.30526119e-01   1.75057925e+00
 1.19000000e+00   0.00000000e+00   1.00000000e+00   6.95471827e-02  -4.37753501e-05   8.22718697e-01   1.74732742e+00
 1.20000000e+00   0.00000000e+00   1.00000000e+00   6.64861050e-02  -5.40435329e-05   8.18475992e-01   1.74434605e+00
 1.21000000e+00   0.00000000e+00   1.00000000e+00   6.34691797e-02  -1.80491948e-05   8.15891380e-01   1.74250593e+00
 1.22000000e+00   0.00000000e+00   1.00000000e+00   6.04171746e-02   5.09934729e-05   8.13438362e-01   1.74254664e+00
 1.23000000e+00   0.00000000e+00   1.00000000e+00   5.73117290e-02   1.28954631e-04   8.10012249e-01   1.74445123e+00
 1.24000000e+00   0.00000000e+00   1.00000000e+00   5.41914383e-02   1.91399743e-04   8.05095990e-01   1.74733227e+00
 1.25000000e+00   0.00000000e+00   1.00000000e+00   5.11100319e-02   2.19756207e-04   7.98897427e-01   1.74978877e+00
 1.26000000e+00   0.00000000e+00   1.00000000e+00   4.80979856e-02   2.04323920e-04   7.92009567e-01   1.75076051e+00
 1.27000000e+00   0.00000000e+00   1.00000000e+00   4.51767958e-02   1.48492211e-04   7.84819033e-01   1.74972426e+00
 1.28000000e+00   0.00000000e+00   1.00000000e+00   4.23962170e-02   7.09164978e-05   7.77614072e-01   1.74672779e+00
 1.29000000e+00   0.00000000e+00   1.00000000e+00   3.98168947e-02  -7.75506808e-07   7.71201685e-01   1.74235036e+00
 1.30000000e+00   0.00000000e+00   1.00000000e+00   3.74288576e-02  -4.23351440e-05   7.66955923e-01   1.73773585e+00
 1.31000000e+00   0.00000000e+00   1.00000000e+00   3.50964989e-02  -4.16129647e-05   7.65656030e-01   1.73431035e+00
 1.32000000e+00   0.00000000e+00   1.00000000e+00   3.26147107e-02   3.56495435e-07   7.66156351e-01   1.73312778e+00
 1.33000000e+00   0.00000000e+00   1.00000000e+00   2.98429091e-02   7.12246410e-05   7.65619048e-01   1.73432359e+00
 1.34000000e+00   0.00000000e+00   1.00000000e+00   2.67940978e-02   1.49063707e-04   7.61504450e-01   1.73710522e+00
 1.35000000e+00   0.00000000e+00   1.00000000e+00   2.36061859e-02   2.07506908e-04   7.53299588e-01   1.74032119e+00
 1.36000000e+00   0.00000000e+00   1.00000000e+00   2.04472698e-02   2.26126631e-04   7.42363775e-01   1.74291969e+00
 1.37000000e+00   0.00000000e+00   1.00000000e+00   1.74495440e-02   1.99641117e-04   7.30521863e-01   1.74399173e+00
 1.38000000e+00   0.00000000e+00   1.00000000e+00   1.46967600e-02   1.38650601e-04   7.19078382e-01   1.74284192e+00
 1.39000000e+00   0.00000000e+00   1.00000000e+00   1.22280403e-02   6.34112735e-05   7.08845415e-01   1.73935404e+00
 1.40000000e+00   0.00000000e+00   1.00000000e+00   1.00403871e-02  -2.61823048e-06   7.00391618e-01   1.73423286e+00
 1.41000000e+00   0.00000000e+00   1.00000000e+00   8.10444713e-03  -3.78007069e-05   6.93941308e-01   1.72881242e+00
 1.42000000e+00   0.00000000e+00   1.00000000e+00   6.38621987e-03  -2.89573503e-05   6.89244155e-01   1.72443163e+00
 1.43000000e+00   0.00000000e+00   1.00000000e+00   4.84503911e-03   2.17944634e-05   6.85874281e-01   1.72185294e+00
 1.44000000e+00   0.00000000e+00   1.00000000e+00   3.41770966e-03   9.65945471e-05   6.83414706e-01   1.72108946e+00
 1.45000000e+00   0.00000000e+00   1.00000000e+00   2.04142382e-03   1.69851427e-04   6.81109629e-01   1.72152365e+00
 1.46000000e+00   0.00000000e+00   1.00000000e+00   7.25211788e-04   2.18402414e-04   6.77683355e-01   1.72210843e+00
 1.47000000e+00   0.00000000e+00   1.00000000e+00  -4.05287247e-04   2.27582176e-04   6.72142589e-01   1.72163114e+00
 1.48000000e+00   0.00000000e+00   1.00000000e+00  -1.16358197e-03   1.93927657e-04   6.64991894e-01   1.71910931e+00
 1.49000000e+00   0.00000000e+00   1.00000000e+00  -1.42660869e-03   1.27205730e-04   6.58452846e-01   1.71417285e+00
 1.50000000e+00   0.00000000e+00   1.00000000e+00  -1.21588959e-03   4.94869042e-05   6.55068441e-01   1.70729724e+00
 1.51000000e+00   0.00000000e+00   1.00000000e+00  -6.70258338e-04  -1.23661992e-05   6.55848287e-01   1.69957811e+00
 1.52000000e+00   0.00000000e+00   1.00000000e+00   4.49857756e-05  -3.78621176e-05   6.59859654e-01   1.69231342e+00
 1.53000000e+00   0.00000000e+00   1.00000000e+00   8.04771979e-04  -2.00239255e-05   6.65342315e-01   1.68652808e+00
 1.54000000e+00   0.00000000e+00   1.00000000e+00   1.53411832e-03   3.44871734e-05   6.70931130e-01   1.68284598e+00
 1.55000000e+00   0.00000000e+00   1.00000000e+00   2.19378663e-03   1.08575595e-04   6.75825843e-01   1.68134556e+00
 1.56000000e+00   0.00000000e+00   1.00000000e+00   2.77526368e-03   1.78540212e-04   6.79411317e-01   1.68140940e+00
 1.57000000e+00   0.00000000e+00   1.00000000e+00   3.30201743e-03   2.20437368e-04   6.81201976e-01   1.68181364e+00
 1.58000000e+00   0.00000000e+00   1.00000000e+00   3.82499207e-03   2.19321051e-04   6.81112584e-01   1.68122872e+00
 1.59000000e+00   0.00000000e+00   1.00000000e+00   4.41735241e-03   1.75944412e-04   6.79533132e-01   1.67883261e+00
 1.60000000e+00   0.00000000e+00   1.00000000e+00   5.16760038e-03   1.05685856e-04   6.77203401e-01   1.67458965e+00
 1.61000000e+00   0.00000000e+00   1.00000000e+00   6.14811339e-03   3.15093409e-05   6.75218772e-01   1.66905673e+00
 1.62000000e+00   0.00000000e+00   1.00000000e+00   7.35619248e-03  -2.33527524e-05   6.74956025e-01   1.66315560e+00
 1.63000000e+00   0.00000000e+00   1.00000000e+00   8.68164764e-03  -4.11264767e-05   6.77296539e-01   1.65790384e+00
 1.64000000e+00   0.00000000e+00   1.00000000e+00   9.95936994e-03  -1.50554021e-05   6.81577720e-01   1.65424283e+00
 1.65000000e+00   0.00000000e+00   1.00000000e+00   1.10823262e-02   4.66097022e-05   6.85600012e-01   1.65260451e+00
 1.66000000e+00   0.00000000e+00   1.00000000e+00   1.20765846e-02   1.22572022e-04   6.87157953e-01   1.65267060e+00
 1.67000000e+00   0.00000000e+00   1.00000000e+00   1.30752670e-02   1.87032575e-04   6.85590046e-01   1.65350885e+00
 1.68000000e+00   0.00000000e+00   1.00000000e+00   1.42312628e-02   2.19346365e-04   6.81928449e-01   1.65402833e+00
 1.69000000e+00   0.00000000e+00   1.00000000e+00   1.56542530e-02   2.09662647e-04   6.77790364e-01   1.65328116e+00
 1.70000000e+00   0.00000000e+00   1.00000000e+00   1.74057750e-02   1.60705893e-04   6.74372713e-01   1.65062663e+00
 1.71000000e+00   0.00000000e+00   1.00000000e+00   1.95182513e-02   8.75611996e-05   6.72356964e-01   1.64588740e+00
 1.72000000e+00   0.00000000e+00   1.00000000e+00   2.19986690e-02   1.42985983e-05   6.72340907e-01   1.63952801e+00
 1.73000000e+00   0.00000000e+00   1.00000000e+00   2.48168495e-02  -3.41904049e-05   6.74966186e-01   1.63274091e+00
 1.74000000e+00   0.00000000e+00   1.00000000e+00   2.78991648e-02  -4.20208901e-05   6.80555269e-01   1.62690059e+00
 1.75000000e+00   0.00000000e+00   1.00000000e+00   3.11373595e-02  -7.79097811e-06   6.88762452e-01   1.62285950e+00
 1.76000000e+00   0.00000000e+00   1.00000000e+00   3.44126510e-02   5.64790636e-05   6.98516189e-01   1.62066185e+00
 1.77000000e+00   0.00000000e+00   1.00000000e+00   3.76377264e-02   1.29990532e-04   7.08226317e-01   1.61976428e+00
 1.78000000e+00   0.00000000e+00   1.00000000e+00   4.08065426e-02   1.88765559e-04   7.16316867e-01   1.61939783e+00
 1.79000000e+00   0.00000000e+00   1.00000000e+00   4.40121936e-02   2.12592667e-04   7.22107279e-01   1.61873924e+00
 1.80000000e+00   0.00000000e+00   1.00000000e+00   4.73951100e-02   1.92646779e-04   7.26500760e-01   1.61701743e+00
 1.81000000e+00   0.00000000e+00   1.00000000e+00   5.10436658e-02   1.35563446e-04   7.31649192e-01   1.61372305e+00
 1.82000000e+00   0.00000000e+00   1.00000000e+00   5.49273589e-02   6.06242413e-05   7.39612080e-01   1.60900053e+00
 1.83000000e+00   0.00000000e+00   1.00000000e+00   5.89192678e-02  -7.91500119e-06   7.50875272e-01   1.60364119e+00
 1.84000000e+00   0.00000000e+00   1.00000000e+00   6.28765851e-02  -4.85805189e-05   7.64216532e-01   1.59862791e+00
 1.85000000e+00   0.00000000e+00   1.00000000e+00   6.66994562e-02  -4.84044837e-05   7.77928371e-01   1.59490763e+00
 1.86000000e+00   0.00000000e+00   1.00000000e+00   7.03320612e-02  -7.04194949e-06   7.90865083e-01   1.59309479e+00
 1.87000000e+00   0.00000000e+00   1.00000000e+00   7.37401987e-02   6.18542957e-05   8.02352850e-01   1.59327471e+00
 1.88000000e+00   0.00000000e+00   1.00000000e+00   7.69100943e-02   1.34662941e-04   8.11673662e-01   1.59490707e+00
 1.89000000e+00   0.00000000e+00   1.00000000e+00   7.98692015e-02   1.86691701e-04   8.18084534e-01   1.59696928e+00
 1.90000000e+00   0.00000000e+00   1.00000000e+00   8.26993034e-02   2.01083007e-04   8.21366999e-01   1.59835520e+00
 1.91000000e+00   0.00000000e+00   1.00000000e+00   8.55231987e-02   1.73512932e-04   8.22274384e-01   1.59833814e+00
 1.92000000e+00   0.00000000e+00   1.00000000e+00   8.84677976e-02   1.12641716e-04   8.22509926e-01   1.59684895e+00
 1.93000000e+00   0.00000000e+00   1.00000000e+00   9.16147915e-02   3.77784902e-05   8.24136491e-01   1.59429927e+00
 1.94000000e+00   0.00000000e+00   1.00000000e+00   9.49575459e-02  -2.64541492e-05   8.28768002e-01   1.59133823e+00
 1.95000000e+00   0.00000000e+00   1.00000000e+00   9.83953675e-02  -5.84712315e-05   8.36769831e-01   1.58873434e+00
 1.96000000e+00   0.00000000e+00   1.00000000e+00   1.01786830e-01  -4.78992477e-05   8.46865280e-01   1.58714866e+00
 1.97000000e+00   0.00000000e+00   1.00000000e+00   1.05037616e-01   9.52951215e-07   8.56773030e-01   1.58696233e+00
 1.98000000e+00   0.00000000e+00   1.00000000e+00   1.08157216e-01   7.15467712e-05   8.64656510e-01   1.58806266e+00
 1.99000000e+00   0.00000000e+00   1.00000000e+00   1.11239232e-01   1.40903535e-04   8.70307207e-01   1.58995451e+00
 2.00000000e+00   0.00000000e+00   1.00000000e+00   1.14391114e-01   1.86286119e-04   8.74924546e-01   1.59184015e+00
 2.01000000e+00   0.00000000e+00   1.00000000e+00   1.17682005e-01   1.92123184e-04   8.79894067e-01   1.59295529e+00
 2.02000000e+00   0.00000000e+00   1.00000000e+00   1.21143157e-01   1.55845022e-04   8.86083509e-01   1.59257706e+00
 2.03000000e+00   0.00000000e+00   1.00000000e+00   1.24790712e-01   8.94744802e-05   8.94010485e-01   1.59052980e+00
 2.04000000e+00   0.00000000e+00   1.00000000e+00   1.28624954e-01   1.51677582e-05   9.04322816e-01   1.58729170e+00
 2.05000000e+00   0.00000000e+00   1.00000000e+00   1.32603008e-01  -4.29684336e-05   9.17969961e-01   1.58394533e+00
 2.06000000e+00   0.00000000e+00   1.00000000e+00   1.36620445e-01  -6.65965304e-05   9.35164051e-01   1.58148231e+00
 2.07000000e+00   0.00000000e+00   1.00000000e+00   1.40528684e-01  -4.82791845e-05   9.54837192e-01   1.58052967e+00
 2.08000000e+00   0.00000000e+00   1.00000000e+00   1.44182514e-01   6.10725143e-06   9.74692488e-01   1.58114006e+00
 2.09000000e+00   0.00000000e+00   1.00000000e+00   1.47494334e-01   7.84690809e-05   9.92064391e-01   1.58292747e+00
 2.10000000e+00   0.00000000e+00   1.00000000e+00   1.50470455e-01   1.44245102e-04   1.00517304e+00   1.58531431e+00
 2.11000000e+00   0.00000000e+00   1.00000000e+00   1.53206633e-01   1.81286556e-04   1.01396497e+00   1.58766048e+00
 2.12000000e+00   0.00000000e+00   1.00000000e+00   1.55833749e-01   1.77574891e-04   1.02011562e+00   1.58936883e+00
 2.13000000e+00   0.00000000e+00   1.00000000e+00   1.58439730e-01   1.34530761e-04   1.02606578e+00   1.59012048e+00
 2.14000000e+00   0.00000000e+00   1.00000000e+00   1.61022049e-01   6.59429338e-05   1.03352090e+00   1.58990563e+00
 2.15000000e+00   0.00000000e+00   1.00000000e+00   1.63505508e-01  -6.12704545e-06   1.04266184e+00   1.58908591e+00
 2.16000000e+00   0.00000000e+00   1.00000000e+00   1.65801851e-01  -5.79064614e-05   1.05245001e+00   1.58834543e+00
 2.17000000e+00   0.00000000e+00   1.00000000e+00   1.67853228e-01  -7.20129020e-05   1.06170865e+00   1.58848741e+00
 2.18000000e+00   0.00000000e+00   1.00000000e+00   1.69630533e-01  -4.39440736e-05   1.06973038e+00   1.59008852e+00
 2.19000000e+00   0.00000000e+00   1.00000000e+00   1.71113468e-01   1.64855562e-05   1.07603192e+00   1.59329881e+00
 2.20000000e+00   0.00000000e+00   1.00000000e+00   1.72294529e-01   8.91430192e-05   1.07979708e+00   1.59766625e+00
 2.21000000e+00   0.00000000e+00   1.00000000e+00   1.73210181e-01   1.50400825e-04   1.08008857e+00   1.60230758e+00
 2.22000000e+00   0.00000000e+00   1.00000000e+00   1.73962212e-01   1.80257239e-04   1.07682040e+00   1.60629383e+00
 2.23000000e+00   0.00000000e+00   1.00000000e+00   1.74697731e-01   1.68573349e-04   1.07141891e+00   1.60901738e+00
 2.24000000e+00   0.00000000e+00   1.00000000e+00   1.75554131e-01   1.18949694e-04   1.06646095e+00   1.61033899e+00
 2.25000000e+00   0.00000000e+00   1.00000000e+00   1.76601347e-01   4.79998697e-05   1.06454143e+00   1.61053861e+00
 2.26000000e+00   0.00000000e+00   1.00000000e+00   1.77811942e-01  -2.05556417e-05   1.06712276e+00   1.61015822e+00
 2.27000000e+00   0.00000000e+00   1.00000000e+00   1.79074924e-01  -6.42997541e-05   1.07392065e+00   1.60987017e+00
 2.28000000e+00   0.00000000e+00   1.00000000e+00   1.80250645e-01  -6.92581658e-05   1.08311824e+00   1.61030950e+00
 2.29000000e+00   0.00000000e+00   1.00000000e+00   1.81239641e-01  -3.38528774e-05   1.09229141e+00   1.61188111e+00
 2.30000000e+00   0.00000000e+00   1.00000000e+00   1.82022018e-01   3.05248831e-05   1.09966868e+00   1.61460939e+00
 2.31000000e+00   0.00000000e+00   1.00000000e+00   1.82642061e-01   1.02638918e-04   1.10485743e+00   1.61814930e+00
 2.32000000e+00   0.00000000e+00   1.00000000e+00   1.83159062e-01   1.58306580e-04   1.10853192e+00   1.62184954e+00
 2.33000000e+00   0.00000000e+00   1.00000000e+00   1.83612505e-01   1.78964370e-04   1.11149670e+00   1.62493602e+00
 2.34000000e+00   0.00000000e+00   1.00000000e+00   1.84024768e-01   1.58067519e-04   1.11423321e+00   1.62680492e+00
 2.35000000e+00   0.00000000e+00   1.00000000e+00   1.84416716e-01   1.02755997e-04   1.11721787e+00   1.62729705e+00
 2.36000000e+00   0.00000000e+00   1.00000000e+00   1.84799015e-01   3.10779279e-05   1.12134765e+00   1.62681956e+00
 2.37000000e+00   0.00000000e+00   1.00000000e+00   1.85138139e-01  -3.36240945e-05   1.12766726e+00   1.62622151e+00
 2.38000000e+00   0.00000000e+00   1.00000000e+00   1.85334350e-01  -6.99260436e-05   1.13635304e+00   1.62642126e+00
 2.39000000e+00   0.00000000e+00   1.00000000e+00   1.85243938e-01  -6.55870323e-05   1.14596347e+00   1.62805645e+00
 2.40000000e+00   0.00000000e+00   1.00000000e+00   1.84738547e-01  -2.21069989e-05   1.15378105e+00   1.63130747e+00
 2.41000000e+00   0.00000000e+00   1.00000000e+00   1.83764270e-01   4.58569581e-05   1.15709717e+00   1.63589147e+00
 2.42000000e+00   0.00000000e+00   1.00000000e+00   1.82366149e-01   1.15888425e-04   1.15462191e+00   1.64120868e+00
 2.43000000e+00   0.00000000e+00   1.00000000e+00   1.80666757e-01   1.65289052e-04   1.14704556e+00   1.64657780e+00
 2.44000000e+00   0.00000000e+00   1.00000000e+00   1.78810851e-01   1.78056755e-04   1.13648724e+00   1.65134650e+00
 2.45000000e+00   0.00000000e+00   1.00000000e+00   1.76904958e-01   1.49928688e-04   1.12535943e+00   1.65502585e+00
 2.46000000e+00   0.00000000e+00   1.00000000e+00   1.74985661e-01   9.01873588e-05   1.11534466e+00   1.65748759e+00
 2.47000000e+00   0.00000000e+00   1.00000000e+00   1.73032572e-01   1.89190599e-05   1.10694505e+00   1.65902303e+00
 2.48000000e+00   0.00000000e+00   1.00000000e+00   1.71007149e-01  -3.99273074e-05   1.09983768e+00   1.66029848e+00
 2.49000000e+00   0.00000000e+00   1.00000000e+00   1.68879341e-01  -6.68611283e-05   1.09353342e+00   1.66212830e+00
 2.50000000e+00   0.00000000e+00   1.00000000e+00   1.66624876e-01  -5.30969212e-05   1.08759929e+00   1.66510885e+00
 2.51000000e+00   0.00000000e+00   1.00000000e+00   1.64215130e-01  -2.99231389e-06   1.08149427e+00   1.66946378e+00
 2.52000000e+00   0.00000000e+00   1.00000000e+00   1.61630988e-01   6.73516043e-05   1.07422536e+00   1.67486579e+00
 2.53000000e+00   0.00000000e+00   1.00000000e+00   1.58899027e-01   1.34974535e-04   1.06473795e+00   1.68050439e+00
 2.54000000e+00   0.00000000e+00   1.00000000e+00   1.56113104e-01   1.77566772e-04   1.05292776e+00   1.68549661e+00
 2.55000000e+00   0.00000000e+00   1.00000000e+00   1.53409986e-01   1.81223414e-04   1.03996380e+00   1.68896758e+00
 2.56000000e+00   0.00000000e+00   1.00000000e+00   1.50907841e-01   1.45187676e-04   1.02825517e+00   1.69075315e+00
 2.57000000e+00   0.00000000e+00   1.00000000e+00   1.48647814e-01   8.17381892e-05   1.01993536e+00   1.69104445e+00
 2.58000000e+00   0.00000000e+00   1.00000000e+00   1.46574458e-01   1.18536570e-05   1.01594038e+00   1.69043022e+00
 2.59000000e+00   0.00000000e+00   1.00000000e+00   1.44562610e-01  -4.14608587e-05   1.01564597e+00   1.68973282e+00
 2.60000000e+00   0.00000000e+00   1.00000000e+00   1.42472228e-01  -6.04164242e-05   1.01725536e+00   1.68978083e+00
 2.61000000e+00   0.00000000e+00   1.00000000e+00   1.40201336e-01  -3.84366449e-05   1.01864789e+00   1.69114176e+00
 2.62000000e+00   0.00000000e+00   1.00000000e+00   1.37710926e-01   1.73205899e-05   1.01828400e+00   1.69399010e+00
 2.63000000e+00   0.00000000e+00   1.00000000e+00   1.35014007e-01   8.83794410e-05   1.01554169e+00   1.69800896e+00
 2.64000000e+00   0.00000000e+00   1.00000000e+00   1.32146297e-01   1.51420886e-04   1.01046377e+00   1.70253271e+00
 2.65000000e+00   0.00000000e+00   1.00000000e+00   1.29147178e-01   1.86041160e-04   1.00337872e+00   1.70655018e+00
 2.66000000e+00   0.00000000e+00   1.00000000e+00   1.26061595e-01   1.81142056e-04   9.94725788e-01   1.70945779e+00
 2.67000000e+00   0.00000000e+00   1.00000000e+00   1.22943674e-01   1.38437775e-04   9.85193594e-01   1.71093979e+00
 2.68000000e+00   0.00000000e+00   1.00000000e+00   1.19837363e-01   7.21607777e-05   9.75930075e-01   1.71122424e+00
 2.69000000e+00   0.00000000e+00   1.00000000e+00   1.16738875e-01   4.55058469e-06   9.68112491e-01   1.71104416e+00
 2.70000000e+00   0.00000000e+00   1.00000000e+00   1.13576443e-01  -4.17136577e-05   9.62093834e-01   1.71134701e+00
 2.71000000e+00   0.00000000e+00   1.00000000e+00   1.10236431e-01  -5.12295791e-05   9.56863332e-01   1.71289866e+00
 2.72000000e+00   0.00000000e+00   1.00000000e+00   1.06625425e-01  -2.07825554e-05   9.50478293e-01   1.71603553e+00
 2.73000000e+00   0.00000000e+00   1.00000000e+00   1.02726691e-01   3.98878161e-05   9.41139910e-01   1.72055797e+00
 2.74000000e+00   0.00000000e+00   1.00000000e+00   9.86153013e-02   1.11246619e-04   9.28192670e-01   1.72579894e+00
 2.75000000e+00   0.00000000e+00   1.00000000e+00   9.44277047e-02   1.70121946e-04   9.12412295e-01   1.73095849e+00
 2.76000000e+00   0.00000000e+00   1.00000000e+00   9.03086178e-02   1.97316511e-04   8.95395993e-01   1.73519044e+00
 2.77000000e+00   0.00000000e+00   1.00000000e+00   8.63650465e-02   1.84191865e-04   8.78832295e-01   1.73779945e+00
 2.78000000e+00   0.00000000e+00   1.00000000e+00   8.26471780e-02   1.35583666e-04   8.63963809e-01   1.73849808e+00
 2.79000000e+00   0.00000000e+00   1.00000000e+00   7.91574291e-02   6.79501874e-05   8.51393215e-01   1.73754242e+00
 2.80000000e+00   0.00000000e+00   1.00000000e+00   7.58713803e-02   3.80643265e-06   8.41247958e-01   1.73572744e+00
 2.81000000e+00   0.00000000e+00   1.00000000e+00   7.27502208e-02  -3.55040541e-05   8.33358664e-01   1.73401246e+00
 2.82000000e+00   0.00000000e+00   1.00000000e+00   6.97401412e-02  -3.66823029e-05   8.27362085e-01   1.73324285e+00
 2.83000000e+00   0.00000000e+00   1.00000000e+00   6.67756211e-02   9.91973757e-07   8.22540983e-01   1.73378906e+00
 2.84000000e+00   0.00000000e+00   1.00000000e+00   6.38043793e-02   6.52242922e-05   8.17789372e-01   1.73550834e+00
 2.85000000e+00   0.00000000e+00   1.00000000e+00   6.08256058e-02   1.34878943e-04   8.11953179e-01   1.73773884e+00
 2.86000000e+00   0.00000000e+00   1.00000000e+00   5.79078993e-02   1.87179794e-04   8.04513952e-01   1.73953724e+00
 2.87000000e+00   0.00000000e+00   1.00000000e+00   5.51614878e-02   2.05198265e-04   7.96069391e-01   1.74010862e+00
 2.88000000e+00   0.00000000e+00   1.00000000e+00   5.26767702e-02   1.83223633e-04   7.88093569e-01   1.73900803e+00
 2.89000000e+00   0.00000000e+00   1.00000000e+00   5.04705936e-02   1.28580176e-04   7.82151534e-01   1.73631921e+00
 2.90000000e+00   0.00000000e+00   1.00000000e+00   4.84747590e-02   5.93746881e-05   7.79035032e-01   1.73260446e+00
 2.91000000e+00   0.00000000e+00   1.00000000e+00   4.65682213e-02  -1.38159374e-06   7.78397870e-01   1.72870272e+00
 2.92000000e+00   0.00000000e+00   1.00000000e+00   4.46272580e-02  -3.34979212e-05   7.79046249e-01   1.72554668e+00
 2.93000000e+00   0.00000000e+00   1.00000000e+00   4.25647373e-02  -2.63655193e-05   7.79559604e-01   1.72386715e+00
 2.94000000e+00   0.00000000e+00   1.00000000e+00   4.03442892e-02   1.76737132e-05   7.78807536e-01   1.72393501e+00
 2.95000000e+00   0.00000000e+00   1.00000000e+00   3.79731365e-02   8.42469756e-05   7.76148808e-01   1.72545246e+00
 2.96000000e+00   0.00000000e+00   1.00000000e+00   3.54883904e-02   1.51625235e-04   7.71373688e-01   1.72765541e+00
 2.97000000e+00   0.00000000e+00   1.00000000e+00   3.29500116e-02   1.97743058e-04   7.64584030e-01   1.72957049e+00
 2.98000000e+00   0.00000000e+00   1.00000000e+00   3.04396874e-02   2.07499439e-04   7.56180030e-01   1.73036363e+00
 2.99000000e+00   0.00000000e+00   1.00000000e+00   2.80507780e-02   1.77888607e-04   7.46930225e-01   1.72954095e+00
 3.00000000e+00   0.00000000e+00   1.00000000e+00   2.58581470e-02   1.18995469e-04   7.37967055e-01   1.72713241e+00
 3.01000000e+00   0.00000000e+00   1.00000000e+00   2.38799441e-02   5.04937568e-05   7.30470824e-01   1.72371802e+00
 3.02000000e+00   0.00000000e+00   1.00000000e+00   2.20626611e-02  -4.91831062e-06   7.25102912e-01   1.72017714e+00
 3.03000000e+00   0.00000000e+00   1.00000000e+00   2.03105865e-02  -2.88669746e-05   7.21531532e-01   1.71737940e+00
 3.04000000e+00   0.00000000e+00   1.00000000e+00   1.85458180e-02  -1.32587180e-05   7.18537033e-01   1.71583849e+00
 3.05000000e+00   0.00000000e+00   1.00000000e+00   1.67586728e-02   3.69544872e-05   7.14715033e-01   1.71557005e+00
 3.06000000e+00   0.00000000e+00   1.00000000e+00   1.50164314e-02   1.05298118e-04   7.09261086e-01   1.71611623e+00
 3.07000000e+00   0.00000000e+00   1.00000000e+00   1.34311669e-02   1.69282859e-04   7.02295591e-01   1.71673187e+00
 3.08000000e+00   0.00000000e+00   1.00000000e+00   1.21135092e-02   2.07944076e-04   6.94641598e-01   1.71655567e+00
 3.09000000e+00   0.00000000e+00   1.00000000e+00   1.11396469e-02   2.08711359e-04   6.87375894e-01   1.71486408e+00
 3.10000000e+00   0.00000000e+00   1.00000000e+00   1.05411852e-02   1.71411973e-04   6.81434548e-01   1.71131580e+00
 3.11000000e+00   0.00000000e+00   1.00000000e+00   1.03103242e-02   1.08306019e-04   6.77467462e-01   1.70611218e+00
 3.12000000e+00   0.00000000e+00   1.00000000e+00   1.04072254e-02   4.01630578e-05   6.75839946e-01   1.69999833e+00
 3.13000000e+00   0.00000000e+00   1.00000000e+00   1.07626296e-02  -1.05401346e-05   6.76638573e-01   1.69398175e+00
 3.14000000e+00   0.00000000e+00   1.00000000e+00   1.12809540e-02  -2.71439244e-05   6.79600782e-01   1.68896979e+00
 3.15000000e+00   0.00000000e+00   1.00000000e+00   1.18565732e-02  -4.37320679e-06   6.83963325e-01   1.68546731e+00
 3.16000000e+00   0.00000000e+00   1.00000000e+00   1.24083515e-02   5.00370278e-05   6.88480978e-01   1.68345756e+00
 3.17000000e+00   0.00000000e+00   1.00000000e+00   1.29170595e-02   1.18020863e-04   6.91823844e-01   1.68244607e+00
 3.18000000e+00   0.00000000e+00   1.00000000e+00   1.34367725e-02   1.77087919e-04   6.93223665e-01   1.68165597e+00
 3.19000000e+00   0.00000000e+00   1.00000000e+00   1.40636743e-02   2.07629271e-04   6.92940875e-01   1.68029008e+00
 3.20000000e+00   0.00000000e+00   1.00000000e+00   1.48778974e-02   1.99406062e-04   6.92151851e-01   1.67779884e+00
 3.21000000e+00   0.00000000e+00   1.00000000e+00   1.58966201e-02   1.55027976e-04   6.92255593e-01   1.67402406e+00
 3.22000000e+00   0.00000000e+00   1.00000000e+00   1.70672502e-02   8.90895784e-05   6.94091416e-01   1.66926097e+00
 3.23000000e+00   0.00000000e+00   1.00000000e+00   1.82981349e-02   2.32394479e-05   6.97571437e-01   1.66420287e+00
 3.24000000e+00   0.00000000e+00   1.00000000e+00   1.95000351e-02  -2.09850304e-05   7.01905442e-01   1.65968313e+00
 3.25000000e+00   0.00000000e+00   1.00000000e+00   2.06133191e-02  -2.91649758e-05   7.06110334e-01   1.65641361e+00
 3.26000000e+00   0.00000000e+00   1.00000000e+00   2.16150770e-02   1.31898426e-06   7.09369410e-01   1.65473240e+00
 3.27000000e+00   0.00000000e+00   1.00000000e+00   2.25161735e-02   6.03609302e-05   7.11122111e-01   1.65445680e+00
 3.28000000e+00   0.00000000e+00   1.00000000e+00   2.33594952e-02   1.28360435e-04   7.11042795e-01   1.65495807e+00
 3.29000000e+00   0.00000000e+00   1.00000000e+00   2.42209703e-02   1.82743671e-04   7.09086109e-01   1.65536402e+00
 3.30000000e+00   0.00000000e+00   1.00000000e+00   2.52045183e-02   2.05539069e-04   7.05627104e-01   1.65485108e+00
 3.31000000e+00   0.00000000e+00   1.00000000e+00   2.64203619e-02   1.89271618e-04   7.01574326e-01   1.65292923e+00
 3.32000000e+00   0.00000000e+00   1.00000000e+00   2.79471788e-02   1.39275886e-04   6.98259311e-01   1.64955487e+00
 3.33000000e+00   0.00000000e+00   1.00000000e+00   2.97962806e-02   7.19069772e-05   6.97026800e-01   1.64512596e+00
 3.34000000e+00   0.00000000e+00   1.00000000e+00   3.19041376e-02   9.24882338e-06   6.98613558e-01   1.64033799e+00
 3.35000000e+00   0.00000000e+00   1.00000000e+00   3.41652498e-02  -2.81443930e-05   7.02711890e-01   1.63596138e+00
 3.36000000e+00   0.00000000e+00   1.00000000e+00   3.64881911e-02  -2.81100805e-05   7.08119595e-01   1.63258908e+00
 3.37000000e+00   0.00000000e+00   1.00000000e+00   3.88390727e-02   9.07673224e-06   7.13446296e-01   1.63045205e+00
 3.38000000e+00   0.00000000e+00   1.00000000e+00   4.12470268e-02   7.08716461e-05   7.17864311e-01   1.62933801e+00
 3.39000000e+00   0.00000000e+00   1.00000000e+00   4.37760317e-02   1.36675264e-04   7.21410285e-01   1.62872502e+00
 3.40000000e+00   0.00000000e+00   1.00000000e+00   4.64887541e-02   1.84593300e-04   7.24716971e-01   1.62788814e+00
 3.41000000e+00   0.00000000e+00   1.00000000e+00   4.94245011e-02   1.98571286e-04   7.28583735e-01   1.62614185e+00
 3.42000000e+00   0.00000000e+00   1.00000000e+00   5.25939934e-02   1.73698434e-04   7.33683964e-01   1.62308671e+00
 3.43000000e+00   0.00000000e+00   1.00000000e+00   5.59796629e-02   1.17919465e-04   7.40574783e-01   1.61883291e+00
 3.44000000e+00   0.00000000e+00   1.00000000e+00   5.95323564e-02   4.94174988e-05   7.49680465e-01   1.61398674e+00
 3.45000000e+00   0.00000000e+00   1.00000000e+00   6.31673570e-02  -9.48240279e-06   7.61099279e-01   1.60939607e+00
 3.46000000e+00   0.00000000e+00   1.00000000e+00   6.67711969e-02  -3.97157207e-05   7.74320757e-01   1.60579382e+00
 3.47000000e+00   0.00000000e+00   1.00000000e+00   7.02277076e-02  -3.16752735e-05   7.88089806e-01   1.60361570e+00
 3.48000000e+00   0.00000000e+00   1.00000000e+00   7.34580472e-02   1.16888905e-05   8.00712406e-01   1.60285392e+00
 3.49000000e+00   0.00000000e+00   1.00000000e+00   7.64542749e-02   7.58038077e-05   8.10709802e-01   1.60313866e+00
 3.50000000e+00   0.00000000e+00   1.00000000e+00   7.92828048e-02   1.39239241e-04   8.17565108e-01   1.60390671e+00
 3.51000000e+00   0.00000000e+00   1.00000000e+00   8.20500740e-02   1.80813785e-04   8.21948381e-01   1.60452578e+00
 3.52000000e+00   0.00000000e+00   1.00000000e+00   8.48489096e-02   1.86638216e-04   8.25306833e-01   1.60444939e+00
 3.53000000e+00   0.00000000e+00   1.00000000e+00   8.77185329e-02   1.54670716e-04   8.29105423e-01   1.60340780e+00
 3.54000000e+00   0.00000000e+00   1.00000000e+00   9.06398546e-02   9.53076129e-05   8.34150862e-01   1.60149717e+00
 3.55000000e+00   0.00000000e+00   1.00000000e+00   9.35604762e-02   2.79390124e-05   8.40431397e-01   1.59917990e+00
 3.56000000e+00   0.00000000e+00   1.00000000e+00   9.64254833e-02  -2.53860717e-05   8.47423148e-01   1.59710199e+00
 3.57000000e+00   0.00000000e+00   1.00000000e+00   9.91951684e-02  -4.72132488e-05   8.54490324e-01   1.59590898e+00
 3.58000000e+00   0.00000000e+00   1.00000000e+00   1.01849562e-01  -3.05051181e-05   8.61012735e-01   1.59589476e+00
 3.59000000e+00   0.00000000e+00   1.00000000e+00   1.04391353e-01   1.89991073e-05   8.66445447e-01   1.59697887e+00
 3.60000000e+00   0.00000000e+00   1.00000000e+00   1.06853832e-01   8.47438997e-05   8.70364535e-01   1.59871000e+00
 3.61000000e+00   0.00000000e+00   1.00000000e+00   1.09307317e-01   1.44886338e-04   8.72714166e-01   1.60040225e+00
 3.62000000e+00   0.00000000e+00   1.00000000e+00   1.11850906e-01   1.79471132e-04   8.74110073e-01   1.60142723e+00
 3.63000000e+00   0.00000000e+00   1.00000000e+00   1.14583175e-01   1.76949032e-04   8.75849255e-01   1.60135297e+00
 3.64000000e+00   0.00000000e+00   1.00000000e+00   1.17561065e-01   1.37987888e-04   8.79601932e-01   1.60014071e+00
 3.65000000e+00   0.00000000e+00   1.00000000e+00   1.20769006e-01   7.52874796e-05   8.86712514e-01   1.59802543e+00
 3.66000000e+00   0.00000000e+00   1.00000000e+00   1.24119368e-01   9.36879343e-06   8.97476272e-01   1.59565290e+00
 3.67000000e+00   0.00000000e+00   1.00000000e+00   1.27487877e-01  -3.82467133e-05   9.10940971e-01   1.59352968e+00
 3.68000000e+00   0.00000000e+00   1.00000000e+00   1.30764567e-01  -5.21385660e-05   9.25541003e-01   1.59226458e+00
 3.69000000e+00   0.00000000e+00   1.00000000e+00   1.33890329e-01  -2.80173278e-05   9.39618751e-01   1.59208127e+00
 3.70000000e+00   0.00000000e+00   1.00000000e+00   1.36861123e-01   2.59016474e-05   9.52240318e-01   1.59293963e+00
 3.71000000e+00   0.00000000e+00   1.00000000e+00   1.39706466e-01   9.15859227e-05   9.63264139e-01   1.59445705e+00
 3.72000000e+00   0.00000000e+00   1.00000000e+00   1.42463782e-01   1.47113023e-04   9.73034497e-01   1.59604546e+00
 3.73000000e+00   0.00000000e+00   1.00000000e+00   1.45164082e-01   1.73937063e-04   9.82048319e-01   1.59712997e+00
 3.74000000e+00   0.00000000e+00   1.00000000e+00   1.47827085e-01   1.63049854e-04   9.90865177e-01   1.59735121e+00
 3.75000000e+00   0.00000000e+00   1.00000000e+00   1.50454675e-01   1.17928118e-04   1.00011786e+00   1.59673875e+00
 3.76000000e+00   0.00000000e+00   1.00000000e+00   1.53018659e-01   5.33181777e-05   1.01041649e+00   1.59574913e+00
 3.77000000e+00   0.00000000e+00   1.00000000e+00   1.55452350e-01  -9.63550599e-06   1.02190463e+00   1.59498379e+00
 3.78000000e+00   0.00000000e+00   1.00000000e+00   1.57660047e-01  -5.03184851e-05   1.03390971e+00   1.59501932e+00
 3.79000000e+00   0.00000000e+00   1.00000000e+00   1.59548665e-01  -5.54471593e-05   1.04489910e+00   1.59615510e+00
 3.80000000e+00   0.00000000e+00   1.00000000e+00   1.61069047e-01  -2.34831403e-05   1.05307922e+00   1.59842263e+00
 3.81000000e+00   0.00000000e+00   1.00000000e+00   1.62243931e-01   3.48788290e-05   1.05725211e+00   1.60156743e+00
 3.82000000e+00   0.00000000e+00   1.00000000e+00   1.63164112e-01   1.00287923e-04   1.05745383e+00   1.60513106e+00
 3.83000000e+00   0.00000000e+00   1.00000000e+00   1.63952597e-01   1.51134254e-04   1.05494080e+00   1.60857233e+00
 3.84000000e+00   0.00000000e+00   1.00000000e+00   1.64716755e-01   1.70646474e-04   1.05156317e+00   1.61140043e+00
 3.85000000e+00   0.00000000e+00   1.00000000e+00   1.65515346e-01   1.52398855e-04   1.04894372e+00   1.61329383e+00
 3.86000000e+00   0.00000000e+00   1.00000000e+00   1.66354661e-01   1.02432770e-04   1.04798117e+00   1.61423726e+00
 3.87000000e+00   0.00000000e+00   1.00000000e+00   1.67206524e-01   3.72713067e-05   1.04885340e+00   1.61456353e+00
 3.88000000e+00   0.00000000e+00   1.00000000e+00   1.68029277e-01  -2.15550544e-05   1.05129304e+00   1.61484717e+00
 3.89000000e+00   0.00000000e+00   1.00000000e+00   1.68779680e-01  -5.46546669e-05   1.05482196e+00   1.61568069e+00
 3.90000000e+00   0.00000000e+00   1.00000000e+00   1.69419116e-01  -5.11762590e-05   1.05876729e+00   1.61742920e+00
 3.91000000e+00   0.00000000e+00   1.00000000e+00   1.69924090e-01  -1.23462589e-05   1.06225955e+00   1.62006498e+00
 3.92000000e+00   0.00000000e+00   1.00000000e+00   1.70302376e-01   4.89670210e-05   1.06448758e+00   1.62323641e+00
 3.93000000e+00   0.00000000e+00   1.00000000e+00   1.70602975e-01   1.12487286e-04   1.06515314e+00   1.62637937e+00
 3.94000000e+00   0.00000000e+00   1.00000000e+00   1.70905516e-01   1.57219631e-04   1.06481950e+00   1.62893232e+00
 3.95000000e+00   0.00000000e+00   1.00000000e+00   1.71287051e-01   1.68406066e-04   1.06486834e+00   1.63055741e+00
 3.96000000e+00   0.00000000e+00   1.00000000e+00   1.71781198e-01   1.42391976e-04   1.06687835e+00   1.63119684e+00
 3.97000000e+00   0.00000000e+00   1.00000000e+00   1.72353005e-01   8.77820407e-05   1.07184288e+00   1.63109676e+00
 3.98000000e+00   0.00000000e+00   1.00000000e+00   1.72905527e-01   2.25743995e-05   1.07961636e+00   1.63072513e+00
 3.99000000e+00   0.00000000e+00   1.00000000e+00   1.73315340e-01  -3.17574036e-05   1.08894373e+00   1.63066821e+00
 4.00000000e+00   0.00000000e+00   1.00000000e+00   1.73476828e-01  -5.73260181e-05   1.09802407e+00   1.63146356e+00
 4.01000000e+00   0.00000000e+00   1.00000000e+00   1.73331550e-01  -4.57355055e-05   1.10521916e+00   1.63340071e+00
 4.02000000e+00   0.00000000e+00   1.00000000e+00   1.72871782e-01  -8.65914805e-07   1.10957724e+00   1.63647293e+00
 4.03000000e+00   0.00000000e+00   1.00000000e+00   1.72125812e-01   6.24340768e-05   1.11084410e+00   1.64032606e+00
 4.04000000e+00   0.00000000e+00   1.00000000e+00   1.71141083e-01   1.23287576e-04   1.10925121e+00   1.64439743e+00
 4.05000000e+00   0.00000000e+00   1.00000000e+00   1.69973909e-01   1.61695792e-04   1.10534439e+00   1.64808834e+00
 4.06000000e+00   0.00000000e+00   1.00000000e+00   1.68681240e-01   1.65121043e-04   1.09997021e+00   1.65099606e+00
 4.07000000e+00   0.00000000e+00   1.00000000e+00   1.67306157e-01   1.32594323e-04   1.09421786e+00   1.65306153e+00
 4.08000000e+00   0.00000000e+00   1.00000000e+00   1.65858402e-01   7.50223005e-05   1.08910711e+00   1.65458303e+00
 4.09000000e+00   0.00000000e+00   1.00000000e+00   1.64303466e-01   1.15755236e-05   1.08510300e+00   1.65610389e+00
 4.10000000e+00   0.00000000e+00   1.00000000e+00   1.62574224e-01  -3.66546460e-05   1.08174172e+00   1.65817487e+00
 4.11000000e+00   0.00000000e+00   1.00000000e+00   1.60605260e-01  -5.36184735e-05   1.07774499e+00   1.66115170e+00
 4.12000000e+00   0.00000000e+00   1.00000000e+00   1.58372919e-01  -3.35896951e-05   1.07165599e+00   1.66506428e+00
 4.13000000e+00   0.00000000e+00   1.00000000e+00   1.55917854e-01   1.69701644e-05   1.06272528e+00   1.66968576e+00
 4.14000000e+00   0.00000000e+00   1.00000000e+00   1.53336585e-01   8.15591786e-05   1.05126491e+00   1.67457809e+00
 4.15000000e+00   0.00000000e+00   1.00000000e+00   1.50747187e-01   1.39071687e-04   1.03854209e+00   1.67919960e+00
 4.16000000e+00   0.00000000e+00   1.00000000e+00   1.48248963e-01   1.70751643e-04   1.02599811e+00   1.68288376e+00
 4.17000000e+00   0.00000000e+00   1.00000000e+00   1.45896692e-01   1.66387976e-04   1.01502464e+00   1.68536307e+00
 4.18000000e+00   0.00000000e+00   1.00000000e+00   1.43697355e-01   1.27685035e-04   1.00637839e+00   1.68658348e+00
 4.19000000e+00   0.00000000e+00   1.00000000e+00   1.41621718e-01   6.76677353e-05   1.00025226e+00   1.68688270e+00
 4.20000000e+00   0.00000000e+00   1.00000000e+00   1.39617602e-01   6.34817458e-06   9.96467574e-01   1.68690759e+00
 4.21000000e+00   0.00000000e+00   1.00000000e+00   1.37619211e-01  -3.58804676e-05   9.94470076e-01   1.68737602e+00
 4.22000000e+00   0.00000000e+00   1.00000000e+00   1.35557713e-01  -4.49572454e-05   9.93385125e-01   1.68862418e+00
 4.23000000e+00   0.00000000e+00   1.00000000e+00   1.33379542e-01  -1.77717556e-05   9.92079187e-01   1.69084058e+00
 4.24000000e+00   0.00000000e+00   1.00000000e+00   1.31068517e-01   3.68270586e-05   9.89433610e-01   1.69375984e+00
 4.25000000e+00   0.00000000e+00   1.00000000e+00   1.28657011e-01   1.00990934e-04   9.84913466e-01   1.69684690e+00
 4.26000000e+00   0.00000000e+00   1.00000000e+00   1.26213171e-01   1.53695054e-04   9.78882636e-01   1.69955812e+00
 4.27000000e+00   0.00000000e+00   1.00000000e+00   1.23805680e-01   1.77687988e-04   9.72433091e-01   1.70146081e+00
 4.28000000e+00   0.00000000e+00   1.00000000e+00   1.21464690e-01   1.65182039e-04   9.66821987e-01   1.70241756e+00
 4.29000000e+00   0.00000000e+00   1.00000000e+00   1.19161476e-01   1.20444474e-04   9.62799076e-01   1.70257836e+00
 4.30000000e+00   0.00000000e+00   1.00000000e+00   1.16817766e-01   5.84220672e-05   9.60269475e-01   1.70242065e+00
 4.31000000e+00   0.00000000e+00   1.00000000e+00   1.14338026e-01  -2.01233904e-07   9.58336891e-01   1.70256755e+00
 4.32000000e+00   0.00000000e+00   1.00000000e+00   1.11645564e-01  -3.58681155e-05   9.55710597e-01   1.70354069e+00
 4.33000000e+00   0.00000000e+00   1.00000000e+00   1.08704781e-01  -3.66610405e-05   9.51300190e-01   1.70566458e+00
 4.34000000e+00   0.00000000e+00   1.00000000e+00   1.05524295e-01  -2.16845385e-06   9.44497953e-01   1.70893106e+00
 4.35000000e+00   0.00000000e+00   1.00000000e+00   1.02148336e-01   5.64585704e-05   9.35169245e-01   1.71296327e+00
 4.36000000e+00   0.00000000e+00   1.00000000e+00   9.86466529e-02   1.20150834e-04   9.23574709e-01   1.71713178e+00
 4.37000000e+00   0.00000000e+00   1.00000000e+00   9.51056812e-02   1.68173879e-04   9.10342433e-01   1.72075282e+00
 4.38000000e+00   0.00000000e+00   1.00000000e+00   9.16155225e-02   1.84977266e-04   8.96408063e-01   1.72330543e+00
 4.39000000e+00   0.00000000e+00   1.00000000e+00   8.82482941e-02   1.65330807e-04   8.82926404e-01   1.72459672e+00
 4.40000000e+00   0.00000000e+00   1.00000000e+00   8.50341720e-02   1.16051207e-04   8.70962101e-01   1.72482875e+00
 4.41000000e+00   0.00000000e+00   1.00000000e+00   8.19505948e-02   5.37534049e-05   8.61084616e-01   1.72450808e+00
 4.42000000e+00   0.00000000e+00   1.00000000e+00   7.89365894e-02  -6.91580902e-07   8.53080853e-01   1.72424104e+00
 4.43000000e+00   0.00000000e+00   1.00000000e+00   7.59285001e-02  -2.90841491e-05   8.46065553e-01   1.72451632e+00
 4.44000000e+00   0.00000000e+00   1.00000000e+00   7.28979811e-02  -2.18536525e-05   8.38931199e-01   1.72553678e+00
 4.45000000e+00   0.00000000e+00   1.00000000e+00   6.98707512e-02   1.88272428e-05   8.30926311e-01   1.72718209e+00
 4.46000000e+00   0.00000000e+00   1.00000000e+00   6.69170214e-02   7.97432087e-05   8.21971522e-01   1.72902543e+00
 4.47000000e+00   0.00000000e+00   1.00000000e+00   6.41218296e-02   1.40979072e-04   8.12620142e-01   1.73050885e+00
 4.48000000e+00   0.00000000e+00   1.00000000e+00   6.15532732e-02   1.82520712e-04   8.03739586e-01   1.73110783e+00
 4.49000000e+00   0.00000000e+00   1.00000000e+00   5.92434100e-02   1.90871632e-04   7.96145857e-01   1.73043740e+00
 4.50000000e+00   0.00000000e+00   1.00000000e+00   5.71849192e-02   1.63475434e-04   7.90405748e-01   1.72847197e+00
 4.51000000e+00   0.00000000e+00   1.00000000e+00   5.53367648e-02   1.09527788e-04   7.86768093e-01   1.72559840e+00
 4.52000000e+00   0.00000000e+00   1.00000000e+00   5.36314154e-02   4.69471318e-05   7.85150484e-01   1.72244519e+00
 4.53000000e+00   0.00000000e+00   1.00000000e+00   5.19832649e-02  -3.51943915e-06   7.85122307e-01   1.71972033e+00
 4.54000000e+00   0.00000000e+00   1.00000000e+00   5.03038427e-02  -2.51407948e-05   7.85862817e-01   1.71795332e+00
 4.55000000e+00   0.00000000e+00   1.00000000e+00   4.85260969e-02  -1.07296774e-05   7.86260178e-01   1.71733179e+00
 4.56000000e+00   0.00000000e+00   1.00000000e+00   4.66292901e-02   3.49894202e-05   7.85238649e-01   1.71766505e+00
 4.57000000e+00   0.00000000e+00   1.00000000e+00   4.46487258e-02   9.69805841e-05   7.82195586e-01   1.71846434e+00
 4.58000000e+00   0.00000000e+00   1.00000000e+00   4.26598294e-02   1.54891243e-04   7.77284415e-01   1.71915594e+00
 4.59000000e+00   0.00000000e+00   1.00000000e+00   4.07419949e-02   1.89744541e-04   7.71323586e-01   1.71921502e+00
 4.60000000e+00   0.00000000e+00   1.00000000e+00   3.89416566e-02   1.90178402e-04   7.65386416e-01   1.71834549e+00
 4.61000000e+00   0.00000000e+00   1.00000000e+00   3.72547819e-02   1.56209285e-04   7.60308870e-01   1.71657421e+00
 4.62000000e+00   0.00000000e+00   1.00000000e+00   3.56359614e-02   9.92317081e-05   7.56345981e-01   1.71422909e+00
 4.63000000e+00   0.00000000e+00   1.00000000e+00   3.40250750e-02   3.82179077e-05   7.53184998e-01   1.71185439e+00
 4.64000000e+00   0.00000000e+00   1.00000000e+00   3.23748852e-02  -6.56971469e-06   7.50187691e-01   1.70999674e+00
 4.65000000e+00   0.00000000e+00   1.00000000e+00   3.06674993e-02  -2.02388785e-05   7.46700626e-01   1.70901044e+00
 4.66000000e+00   0.00000000e+00   1.00000000e+00   2.89183176e-02   1.84005152e-06   7.42245559e-01   1.70893262e+00
 4.67000000e+00   0.00000000e+00   1.00000000e+00   2.71733828e-02   5.25042694e-05   7.36585533e-01   1.70947178e+00
 4.68000000e+00   0.00000000e+00   1.00000000e+00   2.55049272e-02   1.15160229e-04   7.29744354e-01   1.71007581e+00
 4.69000000e+00   0.00000000e+00   1.00000000e+00   2.40033105e-02   1.69261639e-04   7.22038750e-01   1.71011003e+00
 4.70000000e+00   0.00000000e+00   1.00000000e+00   2.27600046e-02   1.97088045e-04   7.14133077e-01   1.70907374e+00
 4.71000000e+00   0.00000000e+00   1.00000000e+00   2.18414322e-02   1.89591356e-04   7.06980467e-01   1.70672833e+00
 4.72000000e+00   0.00000000e+00   1.00000000e+00   2.12638973e-02   1.49359970e-04   7.01574753e-01   1.70323270e+00
 4.73000000e+00   0.00000000e+00   1.00000000e+00   2.09853844e-02   8.97281814e-05   6.98569334e-01   1.69904061e+00
 4.74000000e+00   0.00000000e+00   1.00000000e+00   2.09231179e-02   3.03795373e-05   6.97941918e-01   1.69474991e+00
 4.75000000e+00   0.00000000e+00   1.00000000e+00   2.09899058e-02  -9.12616301e-06   6.98979286e-01   1.69091508e+00
 4.76000000e+00   0.00000000e+00   1.00000000e+00   2.11298289e-02  -1.58214734e-05   7.00622685e-01   1.68787477e+00
 4.77000000e+00   0.00000000e+00   1.00000000e+00   2.13347101e-02   1.23838684e-05   7.01965681e-01   1.68566748e+00
 4.78000000e+00   0.00000000e+00   1.00000000e+00   2.16359164e-02   6.60507946e-05   7.02600456e-01   1.68404369e+00
 4.79000000e+00   0.00000000e+00   1.00000000e+00   2.20808039e-02   1.27356736e-04   7.02661840e-01   1.68254801e+00
 4.80000000e+00   0.00000000e+00   1.00000000e+00   2.27088504e-02   1.75967342e-04   7.02628281e-01   1.68066057e+00
 4.81000000e+00   0.00000000e+00   1.00000000e+00   2.35371350e-02   1.95726768e-04   7.03079106e-01   1.67799517e+00
 4.82000000e+00   0.00000000e+00   1.00000000e+00   2.45552562e-02   1.79995364e-04   7.04512173e-01   1.67443450e+00
 4.83000000e+00   0.00000000e+00   1.00000000e+00   2.57247796e-02   1.33856410e-04   7.07262986e-01   1.67023932e+00
 4.84000000e+00   0.00000000e+00   1.00000000e+00   2.69809747e-02   7.24388683e-05   7.11397791e-01   1.66589450e+00
 4.85000000e+00   0.00000000e+00   1.00000000e+00   2.82404435e-02   1.59012325e-05   7.16619212e-01   1.66198036e+00
 4.86000000e+00   0.00000000e+00   1.00000000e+00   2.94195052e-02  -1.72471356e-05   7.22191029e-01   1.65895795e+00
 4.87000000e+00   0.00000000e+00   1.00000000e+00   3.04615315e-02  -1.62352843e-05   7.27064367e-01   1.65702384e+00
 4.88000000e+00   0.00000000e+00   1.00000000e+00   3.13615076e-02   1.84538729e-05   7.30235454e-01   1.65606550e+00
 4.89000000e+00   0.00000000e+00   1.00000000e+00   3.21724253e-02   7.52476614e-05   7.31179170e-01   1.65571490e+00
 4.90000000e+00   0.00000000e+00   1.00000000e+00   3.29863053e-02   1.35295845e-04   7.30101342e-01   1.65546290e+00
 4.91000000e+00   0.00000000e+00   1.00000000e+00   3.38980410e-02   1.78709473e-04   7.27849083e-01   1.65480391e+00
 4.92000000e+00   0.00000000e+00   1.00000000e+00   3.49711351e-02   1.91134580e-04   7.25533534e-01   1.65337612e+00
 4.93000000e+00   0.00000000e+00   1.00000000e+00   3.62222142e-02   1.68456064e-04   7.24080875e-01   1.65107071e+00
 4.94000000e+00   0.00000000e+00   1.00000000e+00   3.76282063e-02   1.18117398e-04   7.23939876e-01   1.64807550e+00
 4.95000000e+00   0.00000000e+00   1.00000000e+00   3.91468999e-02   5.66608550e-05   7.25058650e-01   1.64481347e+00
 4.96000000e+00   0.00000000e+00   1.00000000e+00   4.07376260e-02   4.28497536e-06   7.27057531e-01   1.64178847e+00
 4.97000000e+00   0.00000000e+00   1.00000000e+00   4.23746249e-02  -2.18251447e-05   7.29437870e-01   1.63940442e+00
 4.98000000e+00   0.00000000e+00   1.00000000e+00   4.40538261e-02  -1.31905676e-05   7.31712363e-01   1.63778118e+00
 4.99000000e+00   0.00000000e+00   1.00000000e+00   4.57966991e-02   2.71606981e-05   7.33517800e-01   1.63677972e+00
 5.00000000e+00   0.00000000e+00   1.00000000e+00   4.76511312e-02   8.57138867e-05   7.34708077e-01   1.63601021e+00