  Time  Coordinate0  Coordinate1  Displacement0  Displacement1  Force0  Force1
 1.00000000e-02   8.33333334e-03   1.00000000e+00   7.40658606e-04  -5.84809622e-06   4.36185726e+00  -3.71031114e+00
 2.00000000e-02   8.33333334e-03   1.00000000e+00   1.76189095e-03   5.31282683e-05   3.86484400e+00   9.09670868e+00
 3.00000000e-02   8.33333334e-03   1.00000000e+00   2.97151352e-03   1.04907142e-04   2.61870504e+00   6.96232264e+00
 4.00000000e-02   8.33333334e-03   1.00000000e+00   4.35439301e-03   1.41058563e-04   2.34144145e+00   6.09797113e+00
 5.00000000e-02   8.33333334e-03   1.00000000e+00   5.91279531e-03   1.53299174e-04   2.18320312e+00   5.60185584e+00
 6.00000000e-02   8.33333334e-03   1.00000000e+00   7.64921274e-03   1.45116234e-04   2.08312641e+00   5.27707463e+00
 7.00000000e-02   8.33333334e-03   1.00000000e+00   9.56458769e-03   1.23098494e-04   2.01167134e+00   5.04234645e+00
 8.00000000e-02   8.33333334e-03   1.00000000e+00   1.16533018e-02   9.29109616e-05   1.95855025e+00   4.86570469e+00
 9.00000000e-02   8.33333334e-03   1.00000000e+00   1.39022066e-02   5.90089635e-05   1.91899877e+00   4.72590240e+00
 1.00000000e-01   8.33333334e-03   1.00000000e+00   1.62931193e-02   2.43149577e-05   1.88971025e+00   4.61308725e+00
 1.10000000e-01   8.33333334e-03   1.00000000e+00   1.88052957e-02  -9.69792655e-06   1.86865381e+00   4.52033080e+00
 1.20000000e-01   8.33333334e-03   1.00000000e+00   2.14148885e-02  -4.24684290e-05   1.85414545e+00   4.44328687e+00
 1.30000000e-01   8.33333334e-03   1.00000000e+00   2.41033751e-02  -7.40933024e-05   1.84466335e+00   4.37859019e+00
 1.40000000e-01   8.33333334e-03   1.00000000e+00   2.68555915e-02  -1.04960485e-04   1.83912200e+00   4.32395380e+00
 1.50000000e-01   8.33333334e-03   1.00000000e+00   2.96593548e-02  -1.35337705e-04   1.83664526e+00   4.27739105e+00
 1.60000000e-01   8.33333334e-03   1.00000000e+00   3.25077156e-02  -1.65639875e-04   1.83657241e+00   4.23738814e+00
 1.70000000e-01   8.33333334e-03   1.00000000e+00   3.53937710e-02  -1.96176376e-04   1.83846282e+00   4.20284479e+00
 1.80000000e-01   8.33333334e-03   1.00000000e+00   3.83130184e-02  -2.27075628e-04   1.84189805e+00   4.17274188e+00
 1.90000000e-01   8.33333334e-03   1.00000000e+00   4.12622171e-02  -2.58412099e-04   1.84657885e+00   4.14633809e+00
 2.00000000e-01   8.33333334e-03   1.00000000e+00   4.42385247e-02  -2.90200808e-04   1.85230112e+00   4.12297047e+00
 2.10000000e-01   8.33333334e-03   1.00000000e+00   4.72392241e-02  -3.22421580e-04   1.85891155e+00   4.10212589e+00
 2.20000000e-01   8.33333334e-03   1.00000000e+00   5.02615382e-02  -3.55040226e-04   1.86627979e+00   4.08342456e+00
 2.30000000e-01   8.33333334e-03   1.00000000e+00   5.33031839e-02  -3.88063673e-04   1.87430183e+00   4.06650405e+00
 2.40000000e-01   8.33333334e-03   1.00000000e+00   5.63604559e-02  -4.21431122e-04   1.88291664e+00   4.05115839e+00
 2.50000000e-01   8.33333334e-03   1.00000000e+00   5.94296318e-02  -4.55104757e-04   1.89206640e+00   4.03714905e+00
 2.60000000e-01   8.33333334e-03   1.00000000e+00   6.25068381e-02  -4.89053212e-04   1.90169362e+00   4.02436852e+00
 2.70000000e-01   8.33333334e-03   1.00000000e+00   6.55886572e-02  -5.23291579e-04   1.91174181e+00   4.01264064e+00
 2.80000000e-01   8.33333334e-03   1.00000000e+00   6.86723428e-02  -5.57762315e-04   1.92214175e+00   4.00185848e+00
 2.90000000e-01   8.33333334e-03   1.00000000e+00   7.17561348e-02  -5.92646134e-04   1.93288351e+00   3.99196500e+00
 3.00000000e-01   8.33333334e-03   1.00000000e+00   7.48329657e-02  -6.27790333e-04   1.94408060e+00   3.98300662e+00
 3.10000000e-01   8.33333334e-03   1.00000000e+00   7.78964659e-02  -6.63054988e-04   1.95558302e+00   3.97481618e+00
 3.20000000e-01   8.33333334e-03   1.00000000e+00   8.09417736e-02  -6.98338161e-04   1.96743243e+00   3.96749080e+00
 3.30000000e-01   8.33333334e-03   1.00000000e+00   8.39644244e-02  -7.33561389e-04   1.97943495e+00   3.96082498e+00
 3.40000000e-01   8.33333334e-03   1.00000000e+00   8.69602503e-02  -7.68667197e-04   1.99161389e+00   3.95488828e+00
 3.50000000e-01   8.33333334e-03   1.00000000e+00   8.99252918e-02  -8.03604363e-04   2.00394499e+00   3.94961018e+00
 3.60000000e-01   8.33333334e-03   1.00000000e+00   9.28557661e-02  -8.38324324e-04   2.01639801e+00   3.94496318e+00
 3.70000000e-01   8.33333334e-03   1.00000000e+00   9.57480619e-02  -8.72780402e-04   2.02894518e+00   3.94090919e+00
 3.80000000e-01   8.33333334e-03   1.00000000e+00   9.85987387e-02  -9.06926351e-04   2.04155453e+00   3.93744326e+00
 3.90000000e-01   8.33333334e-03   1.00000000e+00   1.01404534e-01  -9.40717051e-04   2.05422327e+00   3.93454747e+00
 4.00000000e-01   8.33333334e-03   1.00000000e+00   1.04162861e-01  -9.74117416e-04   2.06689587e+00   3.93212566e+00
 4.10000000e-01   8.33333334e-03   1.00000000e+00   1.06870653e-01  -1.00708364e-03   2.07957476e+00   3.93020829e+00
 4.20000000e-01   8.33333334e-03   1.00000000e+00   1.09525133e-01  -1.03957815e-03   2.09225167e+00   3.92876850e+00
 4.30000000e-01   8.33333334e-03   1.00000000e+00   1.12124103e-01  -1.07156556e-03   2.10486981e+00   3.92775649e+00
 4.40000000e-01   8.33333334e-03   1.00000000e+00   1.14665054e-01  -1.10301342e-03   2.11744283e+00   3.92714227e+00
 4.50000000e-01   8.33333334e-03   1.00000000e+00   1.17145668e-01  -1.13388444e-03   2.12993788e+00   3.92691057e+00
 4.60000000e-01   8.33333334e-03   1.00000000e+00   1.19563854e-01  -1.16414267e-03   2.14234337e+00   3.92703029e+00
 4.70000000e-01   8.33333334e-03   1.00000000e+00   1.21915744e-01  -1.19370827e-03   2.15468278e+00   3.92752735e+00
 4.80000000e-01   8.33333334e-03   1.00000000e+00   1.24200709e-01  -1.22255117e-03   2.16687894e+00   3.92833470e+00
 4.90000000e-01   8.33333334e-03   1.00000000e+00   1.26418824e-01  -1.25075513e-03   2.17886431e+00   3.92944112e+00
 5.00000000e-01   8.33333334e-03   1.00000000e+00   1.28568116e-01  -1.27828576e-03   2.19069649e+00   3.93076680e+00
 5.10000000e-01   8.33333334e-03   1.00000000e+00   1.30647341e-01  -1.30514934e-03   2.20236518e+00   3.93231029e+00
 5.20000000e-01   8.33333334e-03   1.00000000e+00   1.32654647e-01  -1.33129160e-03   2.21386056e+00   3.93405024e+00
 5.30000000e-01   8.33333334e-03   1.00000000e+00   1.34588859e-01  -1.35668185e-03   2.22515921e+00   3.93596778e+00
 5.40000000e-01   8.33333334e-03   1.00000000e+00   1.36449317e-01  -1.38132706e-03   2.23621305e+00   3.93801611e+00
 5.50000000e-01   8.33333334e-03   1.00000000e+00   1.38234601e-01  -1.40517510e-03   2.24707297e+00   3.94026180e+00
 5.60000000e-01   8.33333334e-03   1.00000000e+00   1.39943781e-01  -1.42819335e-03   2.25766977e+00   3.94259223e+00
 5.70000000e-01   8.33333334e-03   1.00000000e+00   1.41576263e-01  -1.45035982e-03   2.26800582e+00   3.94502414e+00
 5.80000000e-01   8.33333334e-03   1.00000000e+00   1.43132136e-01  -1.47169135e-03   2.27804585e+00   3.94751704e+00
 5.90000000e-01   8.33333334e-03   1.00000000e+00   1.44611252e-01  -1.49218726e-03   2.28779977e+00   3.95007042e+00
 6.00000000e-01   8.33333334e-03   1.00000000e+00   1.46013067e-01  -1.51181639e-03   2.29725205e+00   3.95266849e+00
 6.10000000e-01   8.33333334e-03   1.00000000e+00   1.47337427e-01  -1.53056496e-03   2.30638850e+00   3.95527569e+00
 6.20000000e-01   8.33333334e-03   1.00000000e+00   1.48584566e-01  -1.54842836e-03   2.31520014e+00   3.95789391e+00
 6.30000000e-01   8.33333334e-03   1.00000000e+00   1.49754682e-01  -1.56540215e-03   2.32367500e+00   3.96051471e+00
 6.40000000e-01   8.33333334e-03   1.00000000e+00   1.50848102e-01  -1.58148947e-03   2.33180663e+00   3.96311879e+00
 6.50000000e-01   8.33333334e-03   1.00000000e+00   1.51865251e-01  -1.59669230e-03   2.33959075e+00   3.96569462e+00
 6.60000000e-01   8.33333334e-03   1.00000000e+00   1.52806651e-01  -1.61101342e-03   2.34701683e+00   3.96822280e+00
 6.70000000e-01   8.33333334e-03   1.00000000e+00   1.53672918e-01  -1.62445505e-03   2.35408893e+00   3.97071384e+00
 6.80000000e-01   8.33333334e-03   1.00000000e+00   1.54464903e-01  -1.63702394e-03   2.36079529e+00   3.97314037e+00
 6.90000000e-01   8.33333334e-03   1.00000000e+00   1.55183375e-01  -1.64872127e-03   2.36713812e+00   3.97549039e+00
 7.00000000e-01   8.33333334e-03   1.00000000e+00   1.55829333e-01  -1.65958150e-03   2.37313396e+00   3.97779342e+00
 7.10000000e-01   8.33333334e-03   1.00000000e+00   1.56404003e-01  -1.66961593e-03   2.37876712e+00   3.98005257e+00
 7.20000000e-01   8.33333334e-03   1.00000000e+00   1.56907840e-01  -1.67880704e-03   2.38404955e+00   3.98223550e+00
 7.30000000e-01   8.33333334e-03   1.00000000e+00   1.57342615e-01  -1.68719433e-03   2.38895006e+00   3.98430999e+00
 7.40000000e-01   8.33333334e-03   1.00000000e+00   1.57708849e-01  -1.69474925e-03   2.39350927e+00   3.98632671e+00
 7.50000000e-01   8.33333334e-03   1.00000000e+00   1.58007347e-01  -1.70147722e-03   2.40546408e+00   3.99744485e+00
 7.60000000e-01   8.33333334e-03   1.00000000e+00   1.58238865e-01  -1.70742778e-03   2.39034989e+00   3.98183870e+00
 7.70000000e-01   8.33333334e-03   1.00000000e+00   1.58405342e-01  -1.71249164e-03   2.40402350e+00   3.99024056e+00
 7.80000000e-01   8.33333334e-03   1.00000000e+00   1.58509464e-01  -1.71679298e-03   2.40947278e+00   3.99537384e+00
 7.90000000e-01   8.33333334e-03   1.00000000e+00   1.58552312e-01  -1.72027713e-03   2.40616232e+00   3.98887769e+00
 8.00000000e-01   8.33333334e-03   1.00000000e+00   1.58536190e-01  -1.72303331e-03   2.40924962e+00   3.99237526e+00
 8.10000000e-01   8.33333334e-03   1.00000000e+00   1.58464444e-01  -1.72509812e-03   2.41177608e+00   3.99337491e+00
 8.20000000e-01   8.33333334e-03   1.00000000e+00   1.58338787e-01  -1.72649794e-03   2.41382941e+00   3.99451601e+00
 8.30000000e-01   8.33333334e-03   1.00000000e+00   1.58160428e-01  -1.72725866e-03   2.41551661e+00   3.99561165e+00
 8.40000000e-01   8.33333334e-03   1.00000000e+00   1.57930711e-01  -1.72742206e-03   2.41688370e+00   3.99663567e+00
 8.50000000e-01   8.33333334e-03   1.00000000e+00   1.57650031e-01  -1.72696736e-03   2.41795916e+00   3.99760058e+00
 8.60000000e-01   8.33333334e-03   1.00000000e+00   1.57320127e-01  -1.72588541e-03   2.41876470e+00   3.99850149e+00
 8.70000000e-01   8.33333334e-03   1.00000000e+00   1.56942046e-01  -1.72419193e-03   2.41925869e+00   3.99930030e+00
 8.80000000e-01   8.33333334e-03   1.00000000e+00   1.56516222e-01  -1.72186931e-03   2.41946580e+00   4.00000400e+00
 8.90000000e-01   8.33333334e-03   1.00000000e+00   1.56043575e-01  -1.71893507e-03   2.41940258e+00   4.00064389e+00
 9.00000000e-01   8.33333334e-03   1.00000000e+00   1.55526134e-01  -1.71537759e-03   2.41906542e+00   4.00118071e+00
 9.10000000e-01   8.33333334e-03   1.00000000e+00   1.54965676e-01  -1.71123261e-03   2.41841019e+00   4.00160403e+00
 9.20000000e-01   8.33333334e-03   1.00000000e+00   1.54364460e-01  -1.70654050e-03   2.41745637e+00   4.00190473e+00
 9.30000000e-01   8.33333334e-03   1.00000000e+00   1.53724414e-01  -1.70131824e-03   2.41621470e+00   4.00208972e+00
 9.40000000e-01   8.33333334e-03   1.00000000e+00   1.53047829e-01  -1.69558301e-03   2.41469219e+00   4.00217548e+00
 9.50000000e-01   8.33333334e-03   1.00000000e+00   1.52339752e-01  -1.68928854e-03   2.44113024e+00   4.02763780e+00
 9.60000000e-01   8.33333334e-03   1.00000000e+00   1.51597736e-01  -1.68237577e-03   2.41015802e+00   4.02554604e+00
 9.70000000e-01   8.33333334e-03   1.00000000e+00   1.50824813e-01  -1.67516779e-03   2.40117737e+00   4.00097908e+00
 9.80000000e-01   8.33333334e-03   1.00000000e+00   1.50023142e-01  -1.66761292e-03   2.40219041e+00   4.00103722e+00
 9.90000000e-01   8.33333334e-03   1.00000000e+00   1.49194486e-01  -1.65972416e-03   2.39978588e+00   4.00056981e+00
 1.00000000e+00   8.33333334e-03   1.00000000e+00   1.48340701e-01  -1.65150288e-03   2.39688650e+00   3.99980303e+00
 1.01000000e+00   8.33333334e-03   1.00000000e+00   1.47463467e-01  -1.64294232e-03   2.39365763e+00   3.99893337e+00
 1.02000000e+00   8.33333334e-03   1.00000000e+00   1.46564632e-01  -1.63405033e-03   2.39018213e+00   3.99795743e+00
 1.03000000e+00   8.33333334e-03   1.00000000e+00   1.45645968e-01  -1.62484199e-03   2.38650095e+00   3.99688416e+00
 1.04000000e+00   8.33333334e-03   1.00000000e+00   1.44709202e-01  -1.61533299e-03   2.38264603e+00   3.99571482e+00
 1.05000000e+00   8.33333334e-03   1.00000000e+00   1.43756039e-01  -1.60554361e-03   2.37863100e+00   3.99445287e+00
 1.06000000e+00   8.33333334e-03   1.00000000e+00   1.42788163e-01  -1.59549673e-03   2.37445943e+00   3.99310648e+00
 1.07000000e+00   8.33333334e-03   1.00000000e+00   1.41807251e-01  -1.58521473e-03   2.37014918e+00   3.99165893e+00
 1.08000000e+00   8.33333334e-03   1.00000000e+00   1.40814818e-01  -1.57470600e-03   2.36573902e+00   3.99015672e+00
 1.09000000e+00   8.33333334e-03   1.00000000e+00   1.39812633e-01  -1.56400251e-03   2.36116672e+00   3.98851091e+00
 1.10000000e+00   8.33333334e-03   1.00000000e+00   1.38802377e-01  -1.55312389e-03   2.35649194e+00   3.98681268e+00
 1.11000000e+00   8.33333334e-03   1.00000000e+00   1.37785450e-01  -1.54207860e-03   2.35171483e+00   3.98504034e+00
 1.12000000e+00   8.33333334e-03   1.00000000e+00   1.36763585e-01  -1.53089487e-03   2.34684034e+00   3.98318571e+00
 1.13000000e+00   8.33333334e-03   1.00000000e+00   1.35738391e-01  -1.51959644e-03   2.34188686e+00   3.98126285e+00
 1.14000000e+00   8.33333334e-03   1.00000000e+00   1.34711403e-01  -1.50820217e-03   2.33685635e+00   3.97927145e+00
 1.15000000e+00   8.33333334e-03   1.00000000e+00   1.33683178e-01  -1.49667484e-03   2.33177231e+00   3.97723280e+00
 1.16000000e+00   8.33333334e-03   1.00000000e+00   1.32655904e-01  -1.48506516e-03   2.32660409e+00   3.97511686e+00
 1.17000000e+00   8.33333334e-03   1.00000000e+00   1.31631321e-01  -1.47341358e-03   2.32138105e+00   3.97292196e+00
 1.18000000e+00   8.33333334e-03   1.00000000e+00   1.30610887e-01  -1.46175250e-03   2.31612298e+00   3.97069572e+00
 1.19000000e+00   8.33333334e-03   1.00000000e+00   1.29595901e-01  -1.45010003e-03   2.31083646e+00   3.96842030e+00
 1.20000000e+00   8.33333334e-03   1.00000000e+00   1.28587572e-01  -1.43846972e-03   2.30554034e+00   3.96610516e+00
 1.21000000e+00   8.33333334e-03   1.00000000e+00   1.27587060e-01  -1.42687463e-03   2.30024614e+00   3.96375345e+00
 1.22000000e+00   8.33333334e-03   1.00000000e+00   1.26595495e-01  -1.41532625e-03   2.29494911e+00   3.96136928e+00
 1.23000000e+00   8.33333334e-03   1.00000000e+00   1.25613984e-01  -1.40383820e-03   2.28965821e+00   3.95895505e+00
 1.24000000e+00   8.33333334e-03   1.00000000e+00   1.24643612e-01  -1.39241760e-03   2.28434632e+00   3.95653149e+00
 1.25000000e+00   8.33333334e-03   1.00000000e+00   1.23685444e-01  -1.38107608e-03   2.27907994e+00   3.95405917e+00
 1.26000000e+00   8.33333334e-03   1.00000000e+00   1.22740509e-01  -1.36983300e-03   2.27385802e+00   3.95157304e+00
 1.27000000e+00   8.33333334e-03   1.00000000e+00   1.21809802e-01  -1.35869828e-03   2.26865905e+00   3.94907555e+00
 1.28000000e+00   8.33333334e-03   1.00000000e+00   1.20894278e-01  -1.34768566e-03   2.26350234e+00   3.94656306e+00
 1.29000000e+00   8.33333334e-03   1.00000000e+00   1.19994845e-01  -1.33680954e-03   2.25838484e+00   3.94404109e+00
 1.30000000e+00   8.33333334e-03   1.00000000e+00   1.19112360e-01  -1.32608155e-03   2.25332037e+00   3.94151323e+00
 1.31000000e+00   8.33333334e-03   1.00000000e+00   1.18247632e-01  -1.31551170e-03   2.24830819e+00   3.93898290e+00
 1.32000000e+00   8.33333334e-03   1.00000000e+00   1.17401298e-01  -1.30511019e-03   2.24336269e+00   3.93646055e+00
 1.33000000e+00   8.33333334e-03   1.00000000e+00   1.16574104e-01  -1.29488627e-03   2.23848506e+00   3.93393869e+00
 1.34000000e+00   8.33333334e-03   1.00000000e+00   1.15766753e-01  -1.28484893e-03   2.23367361e+00   3.93140769e+00
 1.35000000e+00   8.33333334e-03   1.00000000e+00   1.14979878e-01  -1.27501413e-03   2.22893878e+00   3.92890264e+00
 1.36000000e+00   8.33333334e-03   1.00000000e+00   1.14214697e-01  -1.26540477e-03   2.22426261e+00   3.92640061e+00
 1.37000000e+00   8.33333334e-03   1.00000000e+00   1.13471386e-01  -1.25603114e-03   2.21969605e+00   3.92390502e+00
 1.38000000e+00   8.33333334e-03   1.00000000e+00   1.12749890e-01  -1.24686700e-03   2.21522791e+00   3.92144110e+00
 1.39000000e+00   8.33333334e-03   1.00000000e+00   1.12050827e-01  -1.23791999e-03   2.21084857e+00   3.91899372e+00
 1.40000000e+00   8.33333334e-03   1.00000000e+00   1.11374579e-01  -1.22918638e-03   2.20655515e+00   3.91657189e+00
 1.41000000e+00   8.33333334e-03   1.00000000e+00   1.10721731e-01  -1.22068372e-03   2.20235553e+00   3.91417033e+00
 1.42000000e+00   8.33333334e-03   1.00000000e+00   1.10092587e-01  -1.21242578e-03   2.19825562e+00   3.91180371e+00
 1.43000000e+00   8.33333334e-03   1.00000000e+00   1.09487426e-01  -1.20441428e-03   2.19425690e+00   3.90947132e+00
 1.44000000e+00   8.33333334e-03   1.00000000e+00   1.08906679e-01  -1.19666249e-03   2.19035806e+00   3.90716285e+00
 1.45000000e+00   8.33333334e-03   1.00000000e+00   1.08350630e-01  -1.18917910e-03   2.18657134e+00   3.90489626e+00
 1.46000000e+00   8.33333334e-03   1.00000000e+00   1.07819455e-01  -1.18197252e-03   2.18289858e+00   3.90266699e+00
 1.47000000e+00   8.33333334e-03   1.00000000e+00   1.07313107e-01  -1.17503650e-03   2.17934648e+00   3.90049256e+00
 1.48000000e+00   8.33333334e-03   1.00000000e+00   1.06831620e-01  -1.16837192e-03   2.17591107e+00   3.89835944e+00
 1.49000000e+00   8.33333334e-03   1.00000000e+00   1.06375154e-01  -1.16198732e-03   2.17259372e+00   3.89626712e+00
 1.50000000e+00   8.33333334e-03   1.00000000e+00   1.05943750e-01  -1.15588426e-03   2.16939767e+00   3.89423048e+00
 1.51000000e+00   8.33333334e-03   1.00000000e+00   1.05537315e-01  -1.15007146e-03   2.16632592e+00   3.89224513e+00
 1.52000000e+00   8.33333334e-03   1.00000000e+00   1.05155774e-01  -1.14454252e-03   2.16338447e+00   3.89032185e+00
 1.53000000e+00   8.33333334e-03   1.00000000e+00   1.04799009e-01  -1.13930105e-03   2.16056340e+00   3.88845070e+00
 1.54000000e+00   8.33333334e-03   1.00000000e+00   1.04466871e-01  -1.13434579e-03   2.15787181e+00   3.88663966e+00
 1.55000000e+00   8.33333334e-03   1.00000000e+00   1.04159182e-01  -1.12967577e-03   2.15530293e+00   3.88488664e+00
 1.56000000e+00   8.33333334e-03   1.00000000e+00   1.03875733e-01  -1.12529099e-03   2.15286467e+00   3.88319649e+00
 1.57000000e+00   8.33333334e-03   1.00000000e+00   1.03616240e-01  -1.12119037e-03   2.15054974e+00   3.88156185e+00
 1.58000000e+00   8.33333334e-03   1.00000000e+00   1.03380448e-01  -1.11737138e-03   2.14836235e+00   3.87999309e+00
 1.59000000e+00   8.33333334e-03   1.00000000e+00   1.03168024e-01  -1.11382231e-03   2.14629624e+00   3.87848548e+00
 1.60000000e+00   8.33333334e-03   1.00000000e+00   1.02978598e-01  -1.11054782e-03   2.13890456e+00   3.87160464e+00
 1.61000000e+00   8.33333334e-03   1.00000000e+00   1.02812793e-01  -1.10758222e-03   2.14918187e+00   3.87754129e+00
 1.62000000e+00   8.33333334e-03   1.00000000e+00   1.02669277e-01  -1.10484035e-03   2.14178288e+00   3.87806992e+00
 1.63000000e+00   8.33333334e-03   1.00000000e+00   1.02547572e-01  -1.10233948e-03   2.13538981e+00   3.86977117e+00
 1.64000000e+00   8.33333334e-03   1.00000000e+00   1.02447215e-01  -1.10012723e-03   2.13941614e+00   3.87105389e+00
 1.65000000e+00   8.33333334e-03   1.00000000e+00   1.02368292e-01  -1.09819021e-03   2.13857431e+00   3.87219835e+00
 1.66000000e+00   8.33333334e-03   1.00000000e+00   1.02310427e-01  -1.09650847e-03   2.13676276e+00   3.87122120e+00
 1.67000000e+00   8.33333334e-03   1.00000000e+00   1.02272922e-01  -1.09508638e-03   2.13543779e+00   3.87012411e+00
 1.68000000e+00   8.33333334e-03   1.00000000e+00   1.02254888e-01  -1.09390633e-03   2.13428950e+00   3.86911171e+00
 1.69000000e+00   8.33333334e-03   1.00000000e+00   1.02255673e-01  -1.09296348e-03   2.13329593e+00   3.86817725e+00
 1.70000000e+00   8.33333334e-03   1.00000000e+00   1.02274843e-01  -1.09226135e-03   2.13242139e+00   3.86730946e+00
 1.71000000e+00   8.33333334e-03   1.00000000e+00   1.02311824e-01  -1.09180285e-03   2.13166634e+00   3.86650137e+00
 1.72000000e+00   8.33333334e-03   1.00000000e+00   1.02366108e-01  -1.09157505e-03   2.13102563e+00   3.86576470e+00
 1.73000000e+00   8.33333334e-03   1.00000000e+00   1.02436495e-01  -1.09156053e-03   2.13049703e+00   3.86509849e+00
 1.74000000e+00   8.33333334e-03   1.00000000e+00   1.02522026e-01  -1.09172556e-03   2.13009479e+00   3.86450280e+00
 1.75000000e+00   8.33333334e-03   1.00000000e+00   1.02621602e-01  -1.09204064e-03   2.12978868e+00   3.86397527e+00
 1.76000000e+00   8.33333334e-03   1.00000000e+00   1.02735083e-01  -1.09249952e-03   2.12958198e+00   3.86351471e+00
 1.77000000e+00   8.33333334e-03   1.00000000e+00   1.02862373e-01  -1.09311324e-03   2.12944060e+00   3.86310259e+00
 1.78000000e+00   8.33333334e-03   1.00000000e+00   1.03003192e-01  -1.09389575e-03   2.12936532e+00   3.86271587e+00
 1.79000000e+00   8.33333334e-03   1.00000000e+00   1.03157892e-01  -1.09485255e-03   2.12935750e+00   3.86237343e+00
 1.80000000e+00   8.33333334e-03   1.00000000e+00   1.03326002e-01  -1.09599876e-03   2.12940535e+00   3.86205354e+00
 1.81000000e+00   8.33333334e-03   1.00000000e+00   1.03507119e-01  -1.09733284e-03   2.12954498e+00   3.86176735e+00
 1.82000000e+00   8.33333334e-03   1.00000000e+00   1.03700875e-01  -1.09885317e-03   2.12976300e+00   3.86152480e+00
 1.83000000e+00   8.33333334e-03   1.00000000e+00   1.03906880e-01  -1.10054501e-03   2.13007259e+00   3.86132758e+00
 1.84000000e+00   8.33333334e-03   1.00000000e+00   1.04124900e-01  -1.10240603e-03   2.13045763e+00   3.86117778e+00
 1.85000000e+00   8.33333334e-03   1.00000000e+00   1.04353871e-01  -1.10444644e-03   2.13092370e+00   3.86106289e+00
 1.86000000e+00   8.33333334e-03   1.00000000e+00   1.04593160e-01  -1.10663787e-03   2.13148252e+00   3.86101196e+00
 1.87000000e+00   8.33333334e-03   1.00000000e+00   1.04842110e-01  -1.10897124e-03   2.13212802e+00   3.86100931e+00
 1.88000000e+00   8.33333334e-03   1.00000000e+00   1.05100026e-01  -1.11143582e-03   2.13284259e+00   3.86105916e+00
 1.89000000e+00   8.33333334e-03   1.00000000e+00   1.05366197e-01  -1.11401841e-03   2.13364167e+00   3.86115673e+00
 1.90000000e+00   8.33333334e-03   1.00000000e+00   1.05640057e-01  -1.11671481e-03   2.13450054e+00   3.86130234e+00
 1.91000000e+00   8.33333334e-03   1.00000000e+00   1.05921031e-01  -1.11951703e-03   2.13542862e+00   3.86149150e+00
 1.92000000e+00   8.33333334e-03   1.00000000e+00   1.06208511e-01  -1.12241734e-03   2.13641335e+00   3.86172100e+00
 1.93000000e+00   8.33333334e-03   1.00000000e+00   1.06501922e-01  -1.12540884e-03   2.13745676e+00   3.86199353e+00
 1.94000000e+00   8.33333334e-03   1.00000000e+00   1.06800708e-01  -1.12848485e-03   2.13855232e+00   3.86230343e+00
 1.95000000e+00   8.33333334e-03   1.00000000e+00   1.07104328e-01  -1.13163911e-03   2.13969966e+00   3.86265028e+00
 1.96000000e+00   8.33333334e-03   1.00000000e+00   1.07412253e-01  -1.13486560e-03   2.14089095e+00   3.86303167e+00
 1.97000000e+00   8.33333334e-03   1.00000000e+00   1.07724012e-01  -1.13816199e-03   2.14212962e+00   3.86344324e+00
 1.98000000e+00   8.33333334e-03   1.00000000e+00   1.08039054e-01  -1.14152034e-03   2.14340368e+00   3.86388909e+00
 1.99000000e+00   8.33333334e-03   1.00000000e+00   1.08356861e-01  -1.14493387e-03   2.14472807e+00   3.86436715e+00
 2.00000000e+00   8.33333334e-03   1.00000000e+00   1.08676933e-01  -1.14839646e-03   2.14608435e+00   3.86487299e+00
 2.01000000e+00   8.33333334e-03   1.00000000e+00   1.08998852e-01  -1.15190688e-03   2.14746928e+00   3.86540820e+00
 2.02000000e+00   8.33333334e-03   1.00000000e+00   1.09322091e-01  -1.15545679e-03   2.14888910e+00   3.86597016e+00
 2.03000000e+00   8.33333334e-03   1.00000000e+00   1.09646158e-01  -1.15903960e-03   2.15034467e+00   3.86655685e+00
 2.04000000e+00   8.33333334e-03   1.00000000e+00   1.09970875e-01  -1.16266774e-03   2.15181725e+00   3.86716852e+00
 2.05000000e+00   8.33333334e-03   1.00000000e+00   1.10295551e-01  -1.16632421e-03   2.15332077e+00   3.86779577e+00
 2.06000000e+00   8.33333334e-03   1.00000000e+00   1.10619636e-01  -1.16999664e-03   2.15484568e+00   3.86845332e+00
 2.07000000e+00   8.33333334e-03   1.00000000e+00   1.10942666e-01  -1.17367574e-03   2.15639914e+00   3.86914125e+00
 2.08000000e+00   8.33333334e-03   1.00000000e+00   1.11264226e-01  -1.17735522e-03   2.15796517e+00   3.86983456e+00
 2.09000000e+00   8.33333334e-03   1.00000000e+00   1.11583927e-01  -1.18103067e-03   2.15953915e+00   3.87054048e+00
 2.10000000e+00   8.33333334e-03   1.00000000e+00   1.11901397e-01  -1.18469837e-03   2.16112850e+00   3.87126227e+00
 2.11000000e+00   8.33333334e-03   1.00000000e+00   1.12216269e-01  -1.18835470e-03   2.16272495e+00   3.87200053e+00
 2.12000000e+00   8.33333334e-03   1.00000000e+00   1.12528183e-01  -1.19199587e-03   2.16433061e+00   3.87275000e+00
 2.13000000e+00   8.33333334e-03   1.00000000e+00   1.12836786e-01  -1.19561794e-03   2.16593268e+00   3.87350965e+00
 2.14000000e+00   8.33333334e-03   1.00000000e+00   1.13141731e-01  -1.19921674e-03   2.16753869e+00   3.87427910e+00
 2.15000000e+00   8.33333334e-03   1.00000000e+00   1.13442684e-01  -1.20278799e-03   2.16914861e+00   3.87505711e+00
 2.16000000e+00   8.33333334e-03   1.00000000e+00   1.13739317e-01  -1.20632734e-03   2.17075235e+00   3.87583917e+00
 2.17000000e+00   8.33333334e-03   1.00000000e+00   1.14031321e-01  -1.20983044e-03   2.17234922e+00   3.87662501e+00
 2.18000000e+00   8.33333334e-03   1.00000000e+00   1.14318399e-01  -1.21329309e-03   2.17394064e+00   3.87741930e+00
 2.19000000e+00   8.33333334e-03   1.00000000e+00   1.14600269e-01  -1.21671121e-03   2.17552452e+00   3.87821624e+00
 2.20000000e+00   8.33333334e-03   1.00000000e+00   1.14876666e-01  -1.22008095e-03   2.17709714e+00   3.87901437e+00
 2.21000000e+00   8.33333334e-03   1.00000000e+00   1.15147384e-01  -1.22339934e-03   2.17865586e+00   3.87981407e+00
 2.22000000e+00   8.33333334e-03   1.00000000e+00   1.15412174e-01  -1.22666330e-03   2.18020207e+00   3.88061448e+00
 2.23000000e+00   8.33333334e-03   1.00000000e+00   1.15670808e-01  -1.22986930e-03   2.18172634e+00   3.88141091e+00
 2.24000000e+00   8.33333334e-03   1.00000000e+00   1.15923078e-01  -1.23301377e-03   2.18323947e+00   3.88220462e+00
 2.25000000e+00   8.33333334e-03   1.00000000e+00   1.16168794e-01  -1.23609362e-03   2.18473873e+00   3.88301528e+00
 2.26000000e+00   8.33333334e-03   1.00000000e+00   1.16407582e-01  -1.23910123e-03   2.18620477e+00   3.88380202e+00
 2.27000000e+00   8.33333334e-03   1.00000000e+00   1.16639394e-01  -1.24203399e-03   2.18765819e+00   3.88458366e+00
 2.28000000e+00   8.33333334e-03   1.00000000e+00   1.16864251e-01  -1.24490071e-03   2.18907956e+00   3.88536553e+00
 2.29000000e+00   8.33333334e-03   1.00000000e+00   1.17082009e-01  -1.24770131e-03   2.19046757e+00   3.88613426e+00
 2.30000000e+00   8.33333334e-03   1.00000000e+00   1.17292465e-01  -1.25043073e-03   2.19183956e+00   3.88689547e+00
 2.31000000e+00   8.33333334e-03   1.00000000e+00   1.17495487e-01  -1.25308547e-03   2.19318100e+00   3.88765187e+00
 2.32000000e+00   8.33333334e-03   1.00000000e+00   1.17690999e-01  -1.25566584e-03   2.19449373e+00   3.88839921e+00
 2.33000000e+00   8.33333334e-03   1.00000000e+00   1.17878844e-01  -1.25816591e-03   2.19578158e+00   3.88913507e+00
 2.34000000e+00   8.33333334e-03   1.00000000e+00   1.18058919e-01  -1.26058200e-03   2.19703654e+00   3.88986107e+00
 2.35000000e+00   8.33333334e-03   1.00000000e+00   1.18231156e-01  -1.26291155e-03   2.19825851e+00   3.89057537e+00
 2.36000000e+00   8.33333334e-03   1.00000000e+00   1.18395562e-01  -1.26515614e-03   2.19944794e+00   3.89127683e+00
 2.37000000e+00   8.33333334e-03   1.00000000e+00   1.18552075e-01  -1.26731271e-03   2.20060470e+00   3.89196434e+00
 2.38000000e+00   8.33333334e-03   1.00000000e+00   1.18700710e-01  -1.26938268e-03   2.20172433e+00   3.89263708e+00
 2.39000000e+00   8.33333334e-03   1.00000000e+00   1.18841430e-01  -1.27136332e-03   2.20280715e+00   3.89329315e+00
 2.40000000e+00   8.33333334e-03   1.00000000e+00   1.18974232e-01  -1.27325354e-03   2.20384491e+00   3.89393601e+00
 2.41000000e+00   8.33333334e-03   1.00000000e+00   1.19099150e-01  -1.27505303e-03   2.20485879e+00   3.89456250e+00
 2.42000000e+00   8.33333334e-03   1.00000000e+00   1.19215581e-01  -1.27676152e-03   2.20582163e+00   3.89517033e+00
 2.43000000e+00   8.33333334e-03   1.00000000e+00   1.19324190e-01  -1.27833674e-03   2.20676875e+00   3.89577647e+00
 2.44000000e+00   8.33333334e-03   1.00000000e+00   1.19424311e-01  -1.27981676e-03   2.20764656e+00   3.89634901e+00
 2.45000000e+00   8.33333334e-03   1.00000000e+00   1.19515973e-01  -1.28117847e-03   2.20849888e+00   3.89691173e+00
 2.46000000e+00   8.33333334e-03   1.00000000e+00   1.19599155e-01  -1.28242125e-03   2.20930349e+00   3.89745891e+00
 2.47000000e+00   8.33333334e-03   1.00000000e+00   1.19673952e-01  -1.28355240e-03   2.21006001e+00   3.89798995e+00
 2.48000000e+00   8.33333334e-03   1.00000000e+00   1.19739918e-01  -1.28456812e-03   2.21076555e+00   3.89849682e+00
 2.49000000e+00   8.33333334e-03   1.00000000e+00   1.19797174e-01  -1.28544751e-03   2.21144108e+00   3.89899867e+00
 2.50000000e+00   8.33333334e-03   1.00000000e+00   1.19845849e-01  -1.28620083e-03   2.21205071e+00   3.89947019e+00
 2.51000000e+00   8.33333334e-03   1.00000000e+00   1.19885909e-01  -1.28684055e-03   2.21260377e+00   3.89992724e+00
 2.52000000e+00   8.33333334e-03   1.00000000e+00   1.19916774e-01  -1.28735767e-03   2.21311646e+00   3.90036582e+00
 2.53000000e+00   8.33333334e-03   1.00000000e+00   1.19937816e-01  -1.28771019e-03   2.21358723e+00   3.90080660e+00
 2.54000000e+00   8.33333334e-03   1.00000000e+00   1.19948940e-01  -1.28791594e-03   2.21401310e+00   3.90123920e+00
 2.55000000e+00   8.33333334e-03   1.00000000e+00   1.19952013e-01  -1.28801843e-03   2.21437541e+00   3.90165229e+00
 2.56000000e+00   8.33333334e-03   1.00000000e+00   1.19951151e-01  -1.28809666e-03   2.21461373e+00   3.90199425e+00
 2.57000000e+00   8.33333334e-03   1.00000000e+00   1.19947332e-01  -1.28817921e-03   2.21469055e+00   3.90215920e+00
 2.58000000e+00   8.33333334e-03   1.00000000e+00   1.19940588e-01  -1.28825450e-03   2.21475431e+00   3.90226247e+00
 2.59000000e+00   8.33333334e-03   1.00000000e+00   1.19931212e-01  -1.28833685e-03   2.21483451e+00   3.90236031e+00
 2.60000000e+00   8.33333334e-03   1.00000000e+00   1.19919239e-01  -1.28841962e-03   2.21491415e+00   3.90245527e+00
 2.61000000e+00   8.33333334e-03   1.00000000e+00   1.19904426e-01  -1.28848893e-03   2.21500231e+00   3.90254162e+00
 2.62000000e+00   8.33333334e-03   1.00000000e+00   1.19886485e-01  -1.28853908e-03   2.21508067e+00   3.90262932e+00
 2.63000000e+00   8.33333334e-03   1.00000000e+00   1.19865838e-01  -1.28857854e-03   2.21517516e+00   3.90271640e+00
 2.64000000e+00   8.33333334e-03   1.00000000e+00   1.19842561e-01  -1.28860131e-03   2.21524797e+00   3.90279358e+00
 2.65000000e+00   8.33333334e-03   1.00000000e+00   1.19816833e-01  -1.28860660e-03   2.21531289e+00   3.90286782e+00
 2.66000000e+00   8.33333334e-03   1.00000000e+00   1.19788824e-01  -1.28859362e-03   2.21535430e+00   3.90291734e+00
 2.67000000e+00   8.33333334e-03   1.00000000e+00   1.19758064e-01  -1.28855830e-03   2.21538822e+00   3.90295531e+00
 2.68000000e+00   8.33333334e-03   1.00000000e+00   1.19724831e-01  -1.28849865e-03   2.21544032e+00   3.90299989e+00
 2.69000000e+00   8.33333334e-03   1.00000000e+00   1.19689927e-01  -1.28842141e-03   2.21547147e+00   3.90305851e+00
 2.70000000e+00   8.33333334e-03   1.00000000e+00   1.19653122e-01  -1.28832948e-03   2.21546185e+00   3.90307772e+00
 2.71000000e+00   8.33333334e-03   1.00000000e+00   1.19614499e-01  -1.28822394e-03   2.21545381e+00   3.90307632e+00
 2.72000000e+00   8.33333334e-03   1.00000000e+00   1.19574314e-01  -1.28810101e-03   2.21543965e+00   3.90307143e+00
 2.73000000e+00   8.33333334e-03   1.00000000e+00   1.19532236e-01  -1.28795283e-03   2.21541052e+00   3.90306591e+00
 2.74000000e+00   8.33333334e-03   1.00000000e+00   1.19488455e-01  -1.28778432e-03   2.21538251e+00   3.90306282e+00
 2.75000000e+00   8.33333334e-03   1.00000000e+00   1.19443128e-01  -1.28759477e-03   2.21534253e+00   3.90304929e+00
 2.76000000e+00   8.33333334e-03   1.00000000e+00   1.19396370e-01  -1.28738346e-03   2.21528754e+00   3.90303234e+00
 2.77000000e+00   8.33333334e-03   1.00000000e+00   1.19348350e-01  -1.28714889e-03   2.21522282e+00   3.90300796e+00
 2.78000000e+00   8.33333334e-03   1.00000000e+00   1.19298607e-01  -1.28688151e-03   2.21513922e+00   3.90297551e+00
 2.79000000e+00   8.33333334e-03   1.00000000e+00   1.19247679e-01  -1.28659556e-03   2.21505998e+00   3.90295107e+00
 2.80000000e+00   8.33333334e-03   1.00000000e+00   1.19195706e-01  -1.28628509e-03   2.21495560e+00   3.90290173e+00
 2.81000000e+00   8.33333334e-03   1.00000000e+00   1.19142125e-01  -1.28593918e-03   2.21484362e+00   3.90285350e+00
 2.82000000e+00   8.33333334e-03   1.00000000e+00   1.19087429e-01  -1.28556805e-03   2.21472468e+00   3.90281497e+00
 2.83000000e+00   8.33333334e-03   1.00000000e+00   1.19031786e-01  -1.28517616e-03   2.21458792e+00   3.90275729e+00
 2.84000000e+00   8.33333334e-03   1.00000000e+00   1.18974770e-01  -1.28475087e-03   2.21443747e+00   3.90270041e+00
 2.85000000e+00   8.33333334e-03   1.00000000e+00   1.18916877e-01  -1.28430613e-03   2.21428701e+00   3.90264796e+00
 2.86000000e+00   8.33333334e-03   1.00000000e+00   1.18857456e-01  -1.28382024e-03   2.21411115e+00   3.90256818e+00
 2.87000000e+00   8.33333334e-03   1.00000000e+00   1.18796515e-01  -1.28329785e-03   2.21393927e+00   3.90251751e+00
 2.88000000e+00   8.33333334e-03   1.00000000e+00   1.18734576e-01  -1.28274038e-03   2.21375619e+00   3.90245453e+00
 2.89000000e+00   8.33333334e-03   1.00000000e+00   1.18671080e-01  -1.28216744e-03   2.21353965e+00   3.90237929e+00
 2.90000000e+00   8.33333334e-03   1.00000000e+00   1.18606650e-01  -1.28154725e-03   2.21333411e+00   3.90231707e+00
 2.91000000e+00   8.33333334e-03   1.00000000e+00   1.18541594e-01  -1.28088275e-03   2.21309467e+00   3.90223937e+00
 2.92000000e+00   8.33333334e-03   1.00000000e+00   1.18475445e-01  -1.28020194e-03   2.21283263e+00   3.90214034e+00
 2.93000000e+00   8.33333334e-03   1.00000000e+00   1.18408138e-01  -1.27949277e-03   2.21257241e+00   3.90205199e+00
 2.94000000e+00   8.33333334e-03   1.00000000e+00   1.18340334e-01  -1.27875257e-03   2.21230703e+00   3.90196529e+00
 2.95000000e+00   8.33333334e-03   1.00000000e+00   1.18272356e-01  -1.27798488e-03   2.21201477e+00   3.90185758e+00
 2.96000000e+00   8.33333334e-03   1.00000000e+00   1.18204249e-01  -1.27721880e-03   2.21169673e+00   3.90173625e+00
 2.97000000e+00   8.33333334e-03   1.00000000e+00   1.18135885e-01  -1.27647564e-03   2.21137774e+00   3.90161177e+00
 2.98000000e+00   8.33333334e-03   1.00000000e+00   1.18067671e-01  -1.27570074e-03   2.21107064e+00   3.90148931e+00
 2.99000000e+00   8.33333334e-03   1.00000000e+00   1.17999560e-01  -1.27492694e-03   2.21073327e+00   3.90135630e+00
 3.00000000e+00   8.33333334e-03   1.00000000e+00   1.17931700e-01  -1.27415153e-03   2.21040472e+00   3.90121394e+00
 3.01000000e+00   8.33333334e-03   1.00000000e+00   1.17864199e-01  -1.27337525e-03   2.21006624e+00   3.90107217e+00
 3.02000000e+00   8.33333334e-03   1.00000000e+00   1.17797139e-01  -1.27259918e-03   2.20972865e+00   3.90092371e+00
 3.03000000e+00   8.33333334e-03   1.00000000e+00   1.17730613e-01  -1.27182473e-03   2.20938666e+00   3.90077518e+00
 3.04000000e+00   8.33333334e-03   1.00000000e+00   1.17664702e-01  -1.27105335e-03   2.20904333e+00   3.90062072e+00
 3.05000000e+00   8.33333334e-03   1.00000000e+00   1.17599470e-01  -1.27028617e-03   2.20870281e+00   3.90046616e+00
 3.06000000e+00   8.33333334e-03   1.00000000e+00   1.17534977e-01  -1.26952404e-03   2.20836057e+00   3.90030833e+00
 3.07000000e+00   8.33333334e-03   1.00000000e+00   1.17471248e-01  -1.26877796e-03   2.20801825e+00   3.90014627e+00
 3.08000000e+00   8.33333334e-03   1.00000000e+00   1.17409033e-01  -1.26802859e-03   2.20767976e+00   3.89998991e+00
 3.09000000e+00   8.33333334e-03   1.00000000e+00   1.17347752e-01  -1.26731807e-03   2.20731886e+00   3.89981096e+00
 3.10000000e+00   8.33333334e-03   1.00000000e+00   1.17287630e-01  -1.26660791e-03   2.20698929e+00   3.89964807e+00
 3.11000000e+00   8.33333334e-03   1.00000000e+00   1.17228625e-01  -1.26590545e-03   2.20665637e+00   3.89948125e+00
 3.12000000e+00   8.33333334e-03   1.00000000e+00   1.17170679e-01  -1.26522233e-03   2.20632644e+00   3.89931533e+00
 3.13000000e+00   8.33333334e-03   1.00000000e+00   1.17114528e-01  -1.26454171e-03   2.20600726e+00   3.89915206e+00
 3.14000000e+00   8.33333334e-03   1.00000000e+00   1.17059601e-01  -1.26389129e-03   2.20566868e+00   3.89897056e+00
 3.15000000e+00   8.33333334e-03   1.00000000e+00   1.17006050e-01  -1.26324500e-03   2.20536185e+00   3.89880384e+00
 3.16000000e+00   8.33333334e-03   1.00000000e+00   1.16954459e-01  -1.26261793e-03   2.20504298e+00   3.89862088e+00
 3.17000000e+00   8.33333334e-03   1.00000000e+00   1.16904313e-01  -1.26202777e-03   2.20472372e+00   3.89843517e+00
 3.18000000e+00   8.33333334e-03   1.00000000e+00   1.16855678e-01  -1.26144769e-03   2.20443447e+00   3.89826995e+00
 3.19000000e+00   8.33333334e-03   1.00000000e+00   1.16809175e-01  -1.26086430e-03   2.20414878e+00   3.89810986e+00
 3.20000000e+00   8.33333334e-03   1.00000000e+00   1.16764209e-01  -1.26032701e-03   2.20384178e+00   3.89792831e+00
 3.21000000e+00   8.33333334e-03   1.00000000e+00   1.16720840e-01  -1.25979903e-03   2.20356851e+00   3.89776314e+00
 3.22000000e+00   8.33333334e-03   1.00000000e+00   1.16679684e-01  -1.25927447e-03   2.20330275e+00   3.89760410e+00
 3.23000000e+00   8.33333334e-03   1.00000000e+00   1.16640989e-01  -1.25879757e-03   2.20302053e+00   3.89742640e+00
 3.24000000e+00   8.33333334e-03   1.00000000e+00   1.16604867e-01  -1.25836165e-03   2.20275081e+00   3.89724544e+00
 3.25000000e+00   8.33333334e-03   1.00000000e+00   1.16571540e-01  -1.25797317e-03   2.20249832e+00   3.89706933e+00
 3.26000000e+00   8.33333334e-03   1.00000000e+00   1.16541022e-01  -1.25761343e-03   2.20225551e+00   3.89688983e+00
 3.27000000e+00   8.33333334e-03   1.00000000e+00   1.16513515e-01  -1.25729928e-03   2.20202341e+00   3.89671065e+00
 3.28000000e+00   8.33333334e-03   1.00000000e+00   1.16488879e-01  -1.25702584e-03   2.20180597e+00   3.89652824e+00
 3.29000000e+00   8.33333334e-03   1.00000000e+00   1.16467110e-01  -1.25678900e-03   2.20160943e+00   3.89635132e+00
 3.30000000e+00   8.33333334e-03   1.00000000e+00   1.16448433e-01  -1.25658574e-03   2.20142271e+00   3.89618090e+00
 3.31000000e+00   8.33333334e-03   1.00000000e+00   1.16432839e-01  -1.25641159e-03   2.20125117e+00   3.89599214e+00
 3.32000000e+00   8.33333334e-03   1.00000000e+00   1.16420319e-01  -1.25627401e-03   2.20108544e+00   3.89581006e+00
 3.33000000e+00   8.33333334e-03   1.00000000e+00   1.16410745e-01  -1.25617742e-03   2.20094381e+00   3.89563146e+00
 3.34000000e+00   8.33333334e-03   1.00000000e+00   1.16405619e-01  -1.25613662e-03   2.20081647e+00   3.89546527e+00
 3.35000000e+00   8.33333334e-03   1.00000000e+00   1.16405617e-01  -1.25613663e-03   2.20066258e+00   3.89527081e+00
 3.36000000e+00   8.33333334e-03   1.00000000e+00   1.16404550e-01  -1.25610187e-03   2.20048970e+00   3.89502881e+00
 3.37000000e+00   8.33333334e-03   1.00000000e+00   1.16402940e-01  -1.25603169e-03   2.20054686e+00   3.89491828e+00
 3.38000000e+00   8.33333334e-03   1.00000000e+00   1.16401287e-01  -1.25596388e-03   2.20057940e+00   3.89491957e+00
 3.39000000e+00   8.33333334e-03   1.00000000e+00   1.16399618e-01  -1.25589420e-03   2.20057828e+00   3.89493828e+00
 3.40000000e+00   8.33333334e-03   1.00000000e+00   1.16397964e-01  -1.25582663e-03   2.20056978e+00   3.89496840e+00
 3.41000000e+00   8.33333334e-03   1.00000000e+00   1.16396332e-01  -1.25575947e-03   2.20055152e+00   3.89499966e+00
 3.42000000e+00   8.33333334e-03   1.00000000e+00   1.16394704e-01  -1.25569153e-03   2.20053648e+00   3.89503279e+00
 3.43000000e+00   8.33333334e-03   1.00000000e+00   1.16393591e-01  -1.25564622e-03   2.20051784e+00   3.89506348e+00
 3.44000000e+00   8.33333334e-03   1.00000000e+00   1.16393038e-01  -1.25562277e-03   2.20049616e+00   3.89507766e+00
 3.45000000e+00   8.33333334e-03   1.00000000e+00   1.16392504e-01  -1.25560004e-03   2.20048648e+00   3.89510834e+00
 3.46000000e+00   8.33333334e-03   1.00000000e+00   1.16392501e-01  -1.25560003e-03   2.20048087e+00   3.89515539e+00
 3.47000000e+00   8.33333334e-03   1.00000000e+00   1.16392498e-01  -1.25559753e-03   2.20047994e+00   3.89517444e+00
 3.48000000e+00   8.33333334e-03   1.00000000e+00   1.16392496e-01  -1.25559753e-03   2.20048559e+00   3.89521744e+00
 3.49000000e+00   8.33333334e-03   1.00000000e+00   1.16392495e-01  -1.25559753e-03   2.20049072e+00   3.89523532e+00
 3.50000000e+00   8.33333334e-03   1.00000000e+00   1.16392495e-01  -1.25559753e-03   2.20049760e+00   3.89526178e+00
 3.51000000e+00   8.33333334e-03   1.00000000e+00   1.16392494e-01  -1.25559753e-03   2.20050304e+00   3.89528899e+00
 3.52000000e+00   8.33333334e-03   1.00000000e+00   1.16392494e-01  -1.25559753e-03   2.20051232e+00   3.89531527e+00
 3.53000000e+00   8.33333334e-03   1.00000000e+00   1.16392494e-01  -1.25559753e-03   2.20051810e+00   3.89533917e+00
 3.54000000e+00   8.33333334e-03   1.00000000e+00   1.16392494e-01  -1.25559752e-03   2.20052417e+00   3.89536417e+00
 3.55000000e+00   8.33333334e-03   1.00000000e+00   1.16392493e-01  -1.25559752e-03   2.20052890e+00   3.89538949e+00
 3.56000000e+00   8.33333334e-03   1.00000000e+00   1.16392493e-01  -1.25559752e-03   2.20053948e+00   3.89541342e+00
 3.57000000e+00   8.33333334e-03   1.00000000e+00   1.16392493e-01  -1.25559752e-03   2.20054440e+00   3.89543590e+00
 3.58000000e+00   8.33333334e-03   1.00000000e+00   1.16392493e-01  -1.25559752e-03   2.20054935e+00   3.89545710e+00
 3.59000000e+00   8.33333334e-03   1.00000000e+00   1.16392493e-01  -1.25559752e-03   2.20055536e+00   3.89547866e+00
 3.60000000e+00   8.33333334e-03   1.00000000e+00   1.16392493e-01  -1.25559752e-03   2.20055961e+00   3.89549816e+00
 3.61000000e+00   8.33333334e-03   1.00000000e+00   1.16392493e-01  -1.25559752e-03   2.20056811e+00   3.89551555e+00
 3.62000000e+00   8.33333334e-03   1.00000000e+00   1.16392493e-01  -1.25559751e-03   2.20057230e+00   3.89553496e+00
 3.63000000e+00   8.33333334e-03   1.00000000e+00   1.16392493e-01  -1.25559751e-03   2.20057497e+00   3.89555228e+00
 3.64000000e+00   8.33333334e-03   1.00000000e+00   1.16392493e-01  -1.25559751e-03   2.20058076e+00   3.89556771e+00
 3.65000000e+00   8.33333334e-03   1.00000000e+00   1.16392493e-01  -1.25559751e-03   2.20058529e+00   3.89558557e+00
 3.66000000e+00   8.33333334e-03   1.00000000e+00   1.16392493e-01  -1.25559751e-03   2.20058892e+00   3.89559884e+00
 3.67000000e+00   8.33333334e-03   1.00000000e+00   1.16392493e-01  -1.25559751e-03   2.20059187e+00   3.89561358e+00
 3.68000000e+00   8.33333334e-03   1.00000000e+00   1.16392493e-01  -1.25559751e-03   2.20059906e+00   3.89562730e+00
 3.69000000e+00   8.33333334e-03   1.00000000e+00   1.16392493e-01  -1.25559751e-03   2.20060291e+00   3.89564072e+00
 3.70000000e+00   8.33333334e-03   1.00000000e+00   1.16392493e-01  -1.25559751e-03   2.20060410e+00   3.89565281e+00
 3.71000000e+00   8.33333334e-03   1.00000000e+00   1.16392493e-01  -1.25559751e-03   2.20061092e+00   3.89566415e+00
 3.72000000e+00   8.33333334e-03   1.00000000e+00   1.16392493e-01  -1.25559751e-03   2.20061749e+00   3.89567631e+00
 3.73000000e+00   8.33333334e-03   1.00000000e+00   1.16392493e-01  -1.25559751e-03   2.20061993e+00   3.89568802e+00
 3.74000000e+00   8.33333334e-03   1.00000000e+00   1.16392493e-01  -1.25559751e-03   2.20061715e+00   3.89569798e+00
 3.75000000e+00   8.33333334e-03   1.00000000e+00   1.16392493e-01  -1.25559750e-03   2.20062422e+00   3.89570693e+00
 3.76000000e+00   8.33333334e-03   1.00000000e+00   1.16392493e-01  -1.25559750e-03   2.20063047e+00   3.89571798e+00
 3.77000000e+00   8.33333334e-03   1.00000000e+00   1.16392493e-01  -1.25559750e-03   2.20063048e+00   3.89572437e+00
 3.78000000e+00   8.33333334e-03   1.00000000e+00   1.16392493e-01  -1.25559750e-03   2.20063200e+00   3.89573278e+00
 3.79000000e+00   8.33333334e-03   1.00000000e+00   1.16392493e-01  -1.25559750e-03   2.20063612e+00   3.89573979e+00
 3.80000000e+00   8.33333334e-03   1.00000000e+00   1.16392493e-01  -1.25559750e-03   2.20063900e+00   3.89575035e+00
 3.81000000e+00   8.33333334e-03   1.00000000e+00   1.16392493e-01  -1.25559750e-03   2.20064021e+00   3.89575594e+00
 3.82000000e+00   8.33333334e-03   1.00000000e+00   1.16392493e-01  -1.25559750e-03   2.20064360e+00   3.89576128e+00
 3.83000000e+00   8.33333334e-03   1.00000000e+00   1.16392493e-01  -1.25559750e-03   2.20064596e+00   3.89576765e+00
 3.84000000e+00   8.33333334e-03   1.00000000e+00   1.16392493e-01  -1.25559750e-03   2.20064827e+00   3.89577658e+00
 3.85000000e+00   8.33333334e-03   1.00000000e+00   1.16392493e-01  -1.25559750e-03   2.20065121e+00   3.89578173e+00
 3.86000000e+00   8.33333334e-03   1.00000000e+00   1.16392493e-01  -1.25559750e-03   2.20065102e+00   3.89578646e+00
 3.87000000e+00   8.33333334e-03   1.00000000e+00   1.16392493e-01  -1.25559750e-03   2.20065538e+00   3.89579433e+00
 3.88000000e+00   8.33333334e-03   1.00000000e+00   1.16392493e-01  -1.25559750e-03   2.20065724e+00   3.89579834e+00
 3.89000000e+00   8.33333334e-03   1.00000000e+00   1.16392493e-01  -1.25559750e-03   2.20065699e+00   3.89580235e+00
 3.90000000e+00   8.33333334e-03   1.00000000e+00   1.16392493e-01  -1.25559750e-03   2.20066175e+00   3.89580534e+00
 3.91000000e+00   8.33333334e-03   1.00000000e+00   1.16392493e-01  -1.25559750e-03   2.20066155e+00   3.89581085e+00
 3.92000000e+00   8.33333334e-03   1.00000000e+00   1.16392493e-01  -1.25559750e-03   2.20066566e+00   3.89581778e+00
 3.93000000e+00   8.33333334e-03   1.00000000e+00   1.16392493e-01  -1.25559750e-03   2.20066393e+00   3.89581813e+00
 3.94000000e+00   8.33333334e-03   1.00000000e+00   1.16392493e-01  -1.25559750e-03   2.20066744e+00   3.89582428e+00
 3.95000000e+00   8.33333334e-03   1.00000000e+00   1.16392493e-01  -1.25559750e-03   2.20066807e+00   3.89582764e+00
 3.96000000e+00   8.33333334e-03   1.00000000e+00   1.16392493e-01  -1.25559750e-03   2.20066976e+00   3.89582888e+00
 3.97000000e+00   8.33333334e-03   1.00000000e+00   1.16392493e-01  -1.25559750e-03   2.20066903e+00   3.89583461e+00
 3.98000000e+00   8.33333334e-03   1.00000000e+00   1.16392493e-01  -1.25559750e-03   2.20067340e+00   3.89583734e+00
 3.99000000e+00   8.33333334e-03   1.00000000e+00   1.16392493e-01  -1.25559750e-03   2.20067551e+00   3.89583948e+00
 4.00000000e+00   8.33333334e-03   1.00000000e+00   1.16392493e-01  -1.25559750e-03   2.20067205e+00   3.89584353e+00
 4.01000000e+00   8.33333334e-03   1.00000000e+00   1.16392493e-01  -1.25559750e-03   2.20067313e+00   3.89584437e+00
 4.02000000e+00   8.33333334e-03   1.00000000e+00   1.16392493e-01  -1.25559750e-03   2.20067902e+00   3.89584800e+00
 4.03000000e+00   8.33333334e-03   1.00000000e+00   1.16392493e-01  -1.25559750e-03   2.20067681e+00   3.89585046e+00
 4.04000000e+00   8.33333334e-03   1.00000000e+00   1.16392493e-01  -1.25559750e-03   2.20067704e+00   3.89585450e+00
 4.05000000e+00   8.33333334e-03   1.00000000e+00   1.16392493e-01  -1.25559750e-03   2.20068085e+00   3.89585646e+00
 4.06000000e+00   8.33333334e-03   1.00000000e+00   1.16392493e-01  -1.25559750e-03   2.20068393e+00   3.89585790e+00
 4.07000000e+00   8.33333334e-03   1.00000000e+00   1.16392493e-01  -1.25559750e-03   2.20068247e+00   3.89586022e+00
 4.08000000e+00   8.33333334e-03   1.00000000e+00   1.16392493e-01  -1.25559750e-03   2.20068157e+00   3.89586267e+00
 4.09000000e+00   8.33333334e-03   1.00000000e+00   1.16392493e-01  -1.25559750e-03   2.20068557e+00   3.89586532e+00
 4.10000000e+00   8.33333334e-03   1.00000000e+00   1.16392493e-01  -1.25559750e-03   2.20068846e+00   3.89586683e+00
 4.11000000e+00   8.33333334e-03   1.00000000e+00   1.16392493e-01  -1.25559750e-03   2.20068379e+00   3.89586897e+00
 4.12000000e+00   8.33333334e-03   1.00000000e+00   1.16392493e-01  -1.25559749e-03   2.20068417e+00   3.89587085e+00
 4.13000000e+00   8.33333334e-03   1.00000000e+00   1.16392493e-01  -1.25559749e-03   2.20068693e+00   3.89587222e+00
 4.14000000e+00   8.33333334e-03   1.00000000e+00   1.16392493e-01  -1.25559749e-03   2.20068675e+00   3.89587527e+00
 4.15000000e+00   8.33333334e-03   1.00000000e+00   1.16392493e-01  -1.25559749e-03   2.20069108e+00   3.89587517e+00
 4.16000000e+00   8.33333334e-03   1.00000000e+00   1.16392493e-01  -1.25559749e-03   2.20069084e+00   3.89587612e+00
 4.17000000e+00   8.33333334e-03   1.00000000e+00   1.16392493e-01  -1.25559749e-03   2.20068813e+00   3.89587862e+00
 4.18000000e+00   8.33333334e-03   1.00000000e+00   1.16392493e-01  -1.25559749e-03   2.20068935e+00   3.89587818e+00
 4.19000000e+00   8.33333334e-03   1.00000000e+00   1.16392493e-01  -1.25559749e-03   2.20068997e+00   3.89587998e+00
 4.20000000e+00   8.33333334e-03   1.00000000e+00   1.16392493e-01  -1.25559749e-03   2.20069097e+00   3.89588059e+00
 4.21000000e+00   8.33333334e-03   1.00000000e+00   1.16392493e-01  -1.25559749e-03   2.20069212e+00   3.89588131e+00
 4.22000000e+00   8.33333334e-03   1.00000000e+00   1.16392493e-01  -1.25559749e-03   2.20069299e+00   3.89588448e+00
 4.23000000e+00   8.33333334e-03   1.00000000e+00   1.16392493e-01  -1.25559749e-03   2.20069223e+00   3.89588575e+00
 4.24000000e+00   8.33333334e-03   1.00000000e+00   1.16392493e-01  -1.25559749e-03   2.20069236e+00   3.89588561e+00
 4.25000000e+00   8.33333334e-03   1.00000000e+00   1.16392493e-01  -1.25559749e-03   2.20069111e+00   3.89588777e+00
 4.26000000e+00   8.33333334e-03   1.00000000e+00   1.16392493e-01  -1.25559749e-03   2.20069649e+00   3.89588758e+00
 4.27000000e+00   8.33333334e-03   1.00000000e+00   1.16392493e-01  -1.25559749e-03   2.20069612e+00   3.89588993e+00
 4.28000000e+00   8.33333334e-03   1.00000000e+00   1.16392493e-01  -1.25559749e-03   2.20069344e+00   3.89588988e+00
 4.29000000e+00   8.33333334e-03   1.00000000e+00   1.16392493e-01  -1.25559749e-03   2.20069388e+00   3.89589198e+00
 4.30000000e+00   8.33333334e-03   1.00000000e+00   1.16392493e-01  -1.25559749e-03   2.20070198e+00   3.89589249e+00
 4.31000000e+00   8.33333334e-03   1.00000000e+00   1.16392493e-01  -1.25559749e-03   2.20069769e+00   3.89589361e+00
 4.32000000e+00   8.33333334e-03   1.00000000e+00   1.16392493e-01  -1.25559749e-03   2.20069770e+00   3.89589496e+00
 4.33000000e+00   8.33333334e-03   1.00000000e+00   1.16392493e-01  -1.25559749e-03   2.20069467e+00   3.89589389e+00
 4.34000000e+00   8.33333334e-03   1.00000000e+00   1.16392493e-01  -1.25559749e-03   2.20069877e+00   3.89589599e+00
 4.35000000e+00   8.33333334e-03   1.00000000e+00   1.16392493e-01  -1.25559749e-03   2.20069547e+00   3.89589465e+00
 4.36000000e+00   8.33333334e-03   1.00000000e+00   1.16392493e-01  -1.25559749e-03   2.20069848e+00   3.89589566e+00
 4.37000000e+00   8.33333334e-03   1.00000000e+00   1.16392493e-01  -1.25559749e-03   2.20069886e+00   3.89589529e+00
 4.38000000e+00   8.33333334e-03   1.00000000e+00   1.16392493e-01  -1.25559749e-03   2.20069895e+00   3.89589786e+00
 4.39000000e+00   8.33333334e-03   1.00000000e+00   1.16392493e-01  -1.25559749e-03   2.20069976e+00   3.89589915e+00
 4.40000000e+00   8.33333334e-03   1.00000000e+00   1.16392493e-01  -1.25559749e-03   2.20069828e+00   3.89590006e+00
 4.41000000e+00   8.33333334e-03   1.00000000e+00   1.16392493e-01  -1.25559749e-03   2.20070203e+00   3.89589964e+00
 4.42000000e+00   8.33333334e-03   1.00000000e+00   1.16392493e-01  -1.25559749e-03   2.20070031e+00   3.89589859e+00
 4.43000000e+00   8.33333334e-03   1.00000000e+00   1.16392493e-01  -1.25559749e-03   2.20069843e+00   3.89590097e+00
 4.44000000e+00   8.33333334e-03   1.00000000e+00   1.16392493e-01  -1.25559749e-03   2.20070228e+00   3.89590080e+00
 4.45000000e+00   8.33333334e-03   1.00000000e+00   1.16392493e-01  -1.25559749e-03   2.20070459e+00   3.89590195e+00
 4.46000000e+00   8.33333334e-03   1.00000000e+00   1.16392493e-01  -1.25559749e-03   2.20070175e+00   3.89590136e+00
 4.47000000e+00   8.33333334e-03   1.00000000e+00   1.16392493e-01  -1.25559749e-03   2.20070482e+00   3.89590207e+00
 4.48000000e+00   8.33333334e-03   1.00000000e+00   1.16392493e-01  -1.25559749e-03   2.20069902e+00   3.89590321e+00
 4.49000000e+00   8.33333334e-03   1.00000000e+00   1.16392493e-01  -1.25559749e-03   2.20070410e+00   3.89590341e+00
 4.50000000e+00   8.33333334e-03   1.00000000e+00   1.16392493e-01  -1.25559749e-03   2.20070297e+00   3.89590386e+00
 4.51000000e+00   8.33333334e-03   1.00000000e+00   1.16392493e-01  -1.25559749e-03   2.20070015e+00   3.89590504e+00
 4.52000000e+00   8.33333334e-03   1.00000000e+00   1.16392493e-01  -1.25559749e-03   2.20070159e+00   3.89590508e+00
 4.53000000e+00   8.33333334e-03   1.00000000e+00   1.16392493e-01  -1.25559749e-03   2.20070336e+00   3.89590372e+00
 4.54000000e+00   8.33333334e-03   1.00000000e+00   1.16392493e-01  -1.25559749e-03   2.20070443e+00   3.89590655e+00
 4.55000000e+00   8.33333334e-03   1.00000000e+00   1.16392493e-01  -1.25559749e-03   2.20070443e+00   3.89590541e+00
 4.56000000e+00   8.33333334e-03   1.00000000e+00   1.16392493e-01  -1.25559749e-03   2.20070216e+00   3.89590601e+00
 4.57000000e+00   8.33333334e-03   1.00000000e+00   1.16392493e-01  -1.25559749e-03   2.20070027e+00   3.89590544e+00
 4.58000000e+00   8.33333334e-03   1.00000000e+00   1.16392493e-01  -1.25559749e-03   2.20070352e+00   3.89590778e+00
 4.59000000e+00   8.33333334e-03   1.00000000e+00   1.16392493e-01  -1.25559749e-03   2.20070296e+00   3.89590636e+00
 4.60000000e+00   8.33333334e-03   1.00000000e+00   1.16392493e-01  -1.25559749e-03   2.20070224e+00   3.89590497e+00
 4.61000000e+00   8.33333334e-03   1.00000000e+00   1.16392493e-01  -1.25559749e-03   2.20070491e+00   3.89590834e+00
 4.62000000e+00   8.33333334e-03   1.00000000e+00   1.16392493e-01  -1.25559749e-03   2.20070495e+00   3.89590753e+00
 4.63000000e+00   8.33333334e-03   1.00000000e+00   1.16392493e-01  -1.25559749e-03   2.20070557e+00   3.89590864e+00
 4.64000000e+00   8.33333334e-03   1.00000000e+00   1.16392493e-01  -1.25559749e-03   2.20070230e+00   3.89590923e+00
 4.65000000e+00   8.33333334e-03   1.00000000e+00   1.16392493e-01  -1.25559749e-03   2.20070229e+00   3.89590737e+00
 4.66000000e+00   8.33333334e-03   1.00000000e+00   1.16392493e-01  -1.25559749e-03   2.20070382e+00   3.89590942e+00
 4.67000000e+00   8.33333334e-03   1.00000000e+00   1.16392493e-01  -1.25559749e-03   2.20070385e+00   3.89590855e+00
 4.68000000e+00   8.33333334e-03   1.00000000e+00   1.16392493e-01  -1.25559749e-03   2.20070329e+00   3.89591080e+00
 4.69000000e+00   8.33333334e-03   1.00000000e+00   1.16392493e-01  -1.25559749e-03   2.20070443e+00   3.89591003e+00
 4.70000000e+00   8.33333334e-03   1.00000000e+00   1.16392493e-01  -1.25559749e-03   2.20070571e+00   3.89590919e+00
 4.71000000e+00   8.33333334e-03   1.00000000e+00   1.16392493e-01  -1.25559749e-03   2.20070278e+00   3.89591148e+00
 4.72000000e+00   8.33333334e-03   1.00000000e+00   1.16392493e-01  -1.25559749e-03   2.20070698e+00   3.89591059e+00
 4.73000000e+00   8.33333334e-03   1.00000000e+00   1.16392493e-01  -1.25559749e-03   2.20070419e+00   3.89591080e+00
 4.74000000e+00   8.33333334e-03   1.00000000e+00   1.16392493e-01  -1.25559749e-03   2.20070674e+00   3.89591020e+00
 4.75000000e+00   8.33333334e-03   1.00000000e+00   1.16392493e-01  -1.25559749e-03   2.20070810e+00   3.89590974e+00
 4.76000000e+00   8.33333334e-03   1.00000000e+00   1.16392493e-01  -1.25559749e-03   2.20070573e+00   3.89590948e+00
 4.77000000e+00   8.33333334e-03   1.00000000e+00   1.16392493e-01  -1.25559749e-03   2.20070657e+00   3.89591227e+00
 4.78000000e+00   8.33333334e-03   1.00000000e+00   1.16392493e-01  -1.25559749e-03   2.20070336e+00   3.89591242e+00
 4.79000000e+00   8.33333334e-03   1.00000000e+00   1.16392493e-01  -1.25559749e-03   2.20070125e+00   3.89591099e+00
 4.80000000e+00   8.33333334e-03   1.00000000e+00   1.16392493e-01  -1.25559749e-03   2.20070672e+00   3.89591184e+00
 4.81000000e+00   8.33333334e-03   1.00000000e+00   1.16392493e-01  -1.25559749e-03   2.20070446e+00   3.89591248e+00
 4.82000000e+00   8.33333334e-03   1.00000000e+00   1.16392493e-01  -1.25559749e-03   2.20070448e+00   3.89591141e+00
 4.83000000e+00   8.33333334e-03   1.00000000e+00   1.16392493e-01  -1.25559749e-03   2.20070481e+00   3.89591037e+00
 4.84000000e+00   8.33333334e-03   1.00000000e+00   1.16392493e-01  -1.25559749e-03   2.20070490e+00   3.89591046e+00
 4.85000000e+00   8.33333334e-03   1.00000000e+00   1.16392493e-01  -1.25559749e-03   2.20070405e+00   3.89591197e+00
 4.86000000e+00   8.33333334e-03   1.00000000e+00   1.16392493e-01  -1.25559749e-03   2.20070550e+00   3.89591207e+00
 4.87000000e+00   8.33333334e-03   1.00000000e+00   1.16392493e-01  -1.25559749e-03   2.20070237e+00   3.89591398e+00
 4.88000000e+00   8.33333334e-03   1.00000000e+00   1.16392493e-01  -1.25559749e-03   2.20070694e+00   3.89591287e+00
 4.89000000e+00   8.33333334e-03   1.00000000e+00   1.16392493e-01  -1.25559749e-03   2.20070409e+00   3.89591032e+00
 4.90000000e+00   8.33333334e-03   1.00000000e+00   1.16392493e-01  -1.25559749e-03   2.20070506e+00   3.89591225e+00
 4.91000000e+00   8.33333334e-03   1.00000000e+00   1.16392493e-01  -1.25559749e-03   2.20070441e+00   3.89591367e+00
 4.92000000e+00   8.33333334e-03   1.00000000e+00   1.16392493e-01  -1.25559749e-03   2.20070347e+00   3.89591219e+00
 4.93000000e+00   8.33333334e-03   1.00000000e+00   1.16392493e-01  -1.25559749e-03   2.20070633e+00   3.89591223e+00
 4.94000000e+00   8.33333334e-03   1.00000000e+00   1.16392493e-01  -1.25559749e-03   2.20070360e+00   3.89591120e+00
 4.95000000e+00   8.33333334e-03   1.00000000e+00   1.16392493e-01  -1.25559749e-03   2.20070158e+00   3.89591292e+00
 4.96000000e+00   8.33333334e-03   1.00000000e+00   1.16392493e-01  -1.25559749e-03   2.20070575e+00   3.89591433e+00
 4.97000000e+00   8.33333334e-03   1.00000000e+00   1.16392493e-01  -1.25559749e-03   2.20070707e+00   3.89591319e+00
 4.98000000e+00   8.33333334e-03   1.00000000e+00   1.16392493e-01  -1.25559749e-03   2.20070616e+00   3.89591238e+00
 4.99000000e+00   8.33333334e-03   1.00000000e+00   1.16392493e-01  -1.25559749e-03   2.20070700e+00   3.89591219e+00
 5.00000000e+00   8.33333334e-03   1.00000000e+00   1.16392493e-01  -1.25559749e-03   2.20070498e+00   3.89591048e+00