  Time  Coordinate0  Coordinate1  Displacement0  Displacement1  Force0  Force1
 1.00000000e-02  -8.72097533e-14   1.00000000e+00   2.23113560e-04  -1.99790954e-07   8.82492998e+00  -7.73339876e+00
 2.00000000e-02  -8.72097533e-14   1.00000000e+00   9.37012575e-04   3.22008526e-05   6.96347721e+00   1.60501944e+01
 3.00000000e-02  -8.72097533e-14   1.00000000e+00   2.01164920e-03   9.84038857e-05   5.10772344e+00   1.17097695e+01
 4.00000000e-02  -8.72097533e-14   1.00000000e+00   3.27002332e-03   1.68846779e-04   4.56347827e+00   1.02358996e+01
 5.00000000e-02  -8.72097533e-14   1.00000000e+00   4.65736803e-03   2.29403947e-04   4.25162854e+00   9.45928141e+00
 6.00000000e-02  -8.72097533e-14   1.00000000e+00   6.09639556e-03   2.69201243e-04   4.04992886e+00   8.97417013e+00
 7.00000000e-02  -8.72097533e-14   1.00000000e+00   7.55340710e-03   2.70118405e-04   3.89945756e+00   8.61833584e+00
 8.00000000e-02  -8.72097533e-14   1.00000000e+00   9.14355541e-03   2.20368922e-04   3.77285276e+00   8.35147891e+00
 9.00000000e-02  -8.72097533e-14   1.00000000e+00   1.12275551e-02   1.27440963e-04   3.66119969e+00   8.12143038e+00
 1.00000000e-01  -8.72097533e-14   1.00000000e+00   1.41177882e-02   3.05142880e-05   3.57467458e+00   7.93463584e+00
 1.10000000e-01  -8.72097533e-14   1.00000000e+00   1.76470507e-02  -2.55170748e-05   3.53188377e+00   7.76695937e+00
 1.20000000e-01  -8.72097533e-14   1.00000000e+00   2.13272088e-02  -3.40382337e-05   3.52414582e+00   7.63160189e+00
 1.30000000e-01  -8.72097533e-14   1.00000000e+00   2.50025411e-02  -7.33267968e-06   3.52362869e+00   7.51501832e+00
 1.40000000e-01  -8.72097533e-14   1.00000000e+00   2.88611526e-02   4.71043407e-05   3.52262791e+00   7.42081613e+00
 1.50000000e-01  -8.72097533e-14   1.00000000e+00   3.28251804e-02   1.37706329e-04   3.53464347e+00   7.34329164e+00
 1.60000000e-01  -8.72097533e-14   1.00000000e+00   3.66279977e-02   2.20260505e-04   3.55458673e+00   7.28005555e+00
 1.70000000e-01  -8.72097533e-14   1.00000000e+00   4.03070836e-02   2.46995393e-04   3.56606175e+00   7.23451666e+00
 1.80000000e-01  -8.72097533e-14   1.00000000e+00   4.39593803e-02   2.14852047e-04   3.57009539e+00   7.18497973e+00
 1.90000000e-01  -8.72097533e-14   1.00000000e+00   4.75774396e-02   1.56266000e-04   3.57142136e+00   7.13256841e+00
 2.00000000e-01  -8.72097533e-14   1.00000000e+00   5.12844445e-02   8.02290691e-05   3.56939934e+00   7.06977492e+00
 2.10000000e-01  -8.72097533e-14   1.00000000e+00   5.51699332e-02  -1.74753774e-06   3.57271335e+00   7.01427873e+00
 2.20000000e-01  -8.72097533e-14   1.00000000e+00   5.92052660e-02  -5.89214496e-05   3.58300294e+00   6.96067284e+00
 2.30000000e-01  -8.72097533e-14   1.00000000e+00   6.34469432e-02  -6.98514022e-05   3.59992503e+00   6.91478641e+00
 2.40000000e-01  -8.72097533e-14   1.00000000e+00   6.77240716e-02  -1.67259216e-05   3.63422323e+00   6.87720069e+00
 2.50000000e-01  -8.72097533e-14   1.00000000e+00   7.15795042e-02   7.13327248e-05   3.67966442e+00   6.84529068e+00
 2.60000000e-01  -8.72097533e-14   1.00000000e+00   7.48922256e-02   1.46071970e-04   3.71052744e+00   6.82627658e+00
 2.70000000e-01  -8.72097533e-14   1.00000000e+00   7.79215258e-02   1.94236973e-04   3.71517236e+00   6.79710537e+00
 2.80000000e-01  -8.72097533e-14   1.00000000e+00   8.09882710e-02   2.25202266e-04   3.70573401e+00   6.77034862e+00
 2.90000000e-01  -8.72097533e-14   1.00000000e+00   8.42145550e-02   2.05585426e-04   3.69758197e+00   6.74182326e+00
 3.00000000e-01  -8.72097533e-14   1.00000000e+00   8.74562790e-02   1.25746326e-04   3.69545357e+00   6.72062623e+00
 3.10000000e-01  -8.72097533e-14   1.00000000e+00   9.07328376e-02   3.15733512e-05   3.68844536e+00   6.68123790e+00
 3.20000000e-01  -8.72097533e-14   1.00000000e+00   9.43146119e-02  -4.06535525e-05   3.67794198e+00   6.64062242e+00
 3.30000000e-01  -8.72097533e-14   1.00000000e+00   9.82774937e-02  -6.87902309e-05   3.67919764e+00   6.60046967e+00
 3.40000000e-01  -8.72097533e-14   1.00000000e+00   1.02443159e-01  -5.83841286e-05   3.69969294e+00   6.57112878e+00
 3.50000000e-01  -8.72097533e-14   1.00000000e+00   1.06622265e-01  -1.34005830e-05   3.73089491e+00   6.55350977e+00
 3.60000000e-01  -8.72097533e-14   1.00000000e+00   1.10826025e-01   6.40561939e-05   3.76100244e+00   6.54089405e+00
 3.70000000e-01  -8.72097533e-14   1.00000000e+00   1.14988749e-01   1.55089960e-04   3.79490208e+00   6.54003283e+00
 3.80000000e-01  -8.72097533e-14   1.00000000e+00   1.18856799e-01   2.12899325e-04   3.82814701e+00   6.53171700e+00
 3.90000000e-01  -8.72097533e-14   1.00000000e+00   1.22509056e-01   2.08070447e-04   3.84512098e+00   6.52730721e+00
 4.00000000e-01  -8.72097533e-14   1.00000000e+00   1.26306635e-01   1.56309879e-04   3.84644374e+00   6.50913163e+00
 4.10000000e-01  -8.72097533e-14   1.00000000e+00   1.30434322e-01   9.20310873e-05   3.85006932e+00   6.49485349e+00
 4.20000000e-01  -8.72097533e-14   1.00000000e+00   1.34917664e-01   1.80011923e-05   3.86648204e+00   6.47494915e+00
 4.30000000e-01  -8.72097533e-14   1.00000000e+00   1.39561039e-01  -6.29671060e-05   3.90489975e+00   6.46434592e+00
 4.40000000e-01  -8.72097533e-14   1.00000000e+00   1.44017556e-01  -9.37087836e-05   3.95717815e+00   6.45031681e+00
 4.50000000e-01  -8.72097533e-14   1.00000000e+00   1.48219852e-01  -6.43372728e-05   4.00494962e+00   6.43925768e+00
 4.60000000e-01  -8.72097533e-14   1.00000000e+00   1.52344089e-01   5.91208325e-06   4.04636683e+00   6.43323578e+00
 4.70000000e-01  -8.72097533e-14   1.00000000e+00   1.56299670e-01   8.83033312e-05   4.09756684e+00   6.43648947e+00
 4.80000000e-01  -8.72097533e-14   1.00000000e+00   1.59734692e-01   1.51960864e-04   4.15311393e+00   6.45650875e+00
 4.90000000e-01  -8.72097533e-14   1.00000000e+00   1.62626986e-01   1.88739281e-04   4.18610706e+00   6.46387846e+00
 5.00000000e-01  -8.72097533e-14   1.00000000e+00   1.65220857e-01   1.95818332e-04   4.19875502e+00   6.46762141e+00
 5.10000000e-01  -8.72097533e-14   1.00000000e+00   1.67635455e-01   1.47276409e-04   4.20063766e+00   6.46015989e+00
 5.20000000e-01  -8.72097533e-14   1.00000000e+00   1.69927693e-01   5.19632963e-05   4.20083721e+00   6.45472486e+00
 5.30000000e-01  -8.72097533e-14   1.00000000e+00   1.72228300e-01  -3.24494522e-05   4.19886079e+00   6.43746088e+00
 5.40000000e-01  -8.72097533e-14   1.00000000e+00   1.74649663e-01  -7.44785278e-05   4.20315596e+00   6.42641769e+00
 5.50000000e-01  -8.72097533e-14   1.00000000e+00   1.77151972e-01  -8.06284885e-05   4.22193851e+00   6.42256673e+00
 5.60000000e-01  -8.72097533e-14   1.00000000e+00   1.79417945e-01  -5.68689684e-05   4.25699526e+00   6.42828685e+00
 5.70000000e-01  -8.72097533e-14   1.00000000e+00   1.81130566e-01   1.03371051e-05   4.29242743e+00   6.43596066e+00
 5.80000000e-01  -8.72097533e-14   1.00000000e+00   1.82412875e-01   1.00606881e-04   4.30390129e+00   6.43931714e+00
 5.90000000e-01  -8.72097533e-14   1.00000000e+00   1.83625930e-01   1.74770447e-04   4.29909368e+00   6.44967105e+00
 6.00000000e-01  -8.72097533e-14   1.00000000e+00   1.84812693e-01   1.98776204e-04   4.29436887e+00   6.45769019e+00
 6.10000000e-01  -8.72097533e-14   1.00000000e+00   1.85918648e-01   1.67982176e-04   4.29139589e+00   6.46919461e+00
 6.20000000e-01  -8.72097533e-14   1.00000000e+00   1.86998664e-01   1.08612305e-04   4.28472303e+00   6.46882114e+00
 6.30000000e-01  -8.72097533e-14   1.00000000e+00   1.88108095e-01   3.81152450e-05   4.27512129e+00   6.46658304e+00
 6.40000000e-01  -8.72097533e-14   1.00000000e+00   1.89451483e-01  -3.61065554e-05   4.26321630e+00   6.45158872e+00
 6.50000000e-01  -8.72097533e-14   1.00000000e+00   1.91150456e-01  -9.61074393e-05   4.26862731e+00   6.44358866e+00
 6.60000000e-01  -8.72097533e-14   1.00000000e+00   1.92931462e-01  -9.61310974e-05   4.30016004e+00   6.44525001e+00
 6.70000000e-01  -8.72097533e-14   1.00000000e+00   1.94517453e-01  -3.15411052e-05   4.34276470e+00   6.45595815e+00
 6.80000000e-01  -8.72097533e-14   1.00000000e+00   1.95882016e-01   4.47217476e-05   4.38065119e+00   6.47543440e+00
 6.90000000e-01  -8.72097533e-14   1.00000000e+00   1.96955595e-01   1.12230553e-04   4.41531601e+00   6.49039759e+00
 7.00000000e-01  -8.72097533e-14   1.00000000e+00   1.97553556e-01   1.70720850e-04   4.44715576e+00   6.51172943e+00
 7.10000000e-01  -8.72097533e-14   1.00000000e+00   1.97723471e-01   1.91572755e-04   4.45542006e+00   6.52137094e+00
 7.20000000e-01  -8.72097533e-14   1.00000000e+00   1.97890187e-01   1.66412018e-04   4.44441597e+00   6.52765009e+00
 7.30000000e-01  -8.72097533e-14   1.00000000e+00   1.98256557e-01   9.33374443e-05   4.43761484e+00   6.52785734e+00
 7.40000000e-01  -8.72097533e-14   1.00000000e+00   1.98556719e-01  -2.14553424e-06   4.45191387e+00   6.53563583e+00
 7.50000000e-01  -8.72097533e-14   1.00000000e+00   1.98578703e-01  -6.46654150e-05   4.47002302e+00   6.53446852e+00
 7.60000000e-01  -8.72097533e-14   1.00000000e+00   1.98335949e-01  -8.43623222e-05   4.48453081e+00   6.53172721e+00
 7.70000000e-01  -8.72097533e-14   1.00000000e+00   1.97882477e-01  -7.33405346e-05   4.49584059e+00   6.53599508e+00
 7.80000000e-01  -8.72097533e-14   1.00000000e+00   1.97251344e-01  -3.03273349e-05   4.50891979e+00   6.54228861e+00
 7.90000000e-01  -8.72097533e-14   1.00000000e+00   1.96226669e-01   5.45269847e-05   4.53270677e+00   6.56258059e+00
 8.00000000e-01  -8.72097533e-14   1.00000000e+00   1.94576630e-01   1.44912808e-04   4.54661842e+00   6.58464813e+00
 8.10000000e-01  -8.72097533e-14   1.00000000e+00   1.92410668e-01   1.91326324e-04   4.53594704e+00   6.60983324e+00
 8.20000000e-01  -8.72097533e-14   1.00000000e+00   1.89972158e-01   1.81551308e-04   4.50191193e+00   6.61353656e+00
 8.30000000e-01  -8.72097533e-14   1.00000000e+00   1.87406694e-01   1.39176149e-04   4.46166603e+00   6.61490598e+00
 8.40000000e-01  -8.72097533e-14   1.00000000e+00   1.84904372e-01   7.52883741e-05   4.41839359e+00   6.60670266e+00
 8.50000000e-01  -8.72097533e-14   1.00000000e+00   1.82575696e-01  -2.85368619e-06   4.38203937e+00   6.60685568e+00
 8.60000000e-01  -8.72097533e-14   1.00000000e+00   1.80413139e-01  -6.79478020e-05   4.35516520e+00   6.60152963e+00
 8.70000000e-01  -8.72097533e-14   1.00000000e+00   1.78369871e-01  -9.71591246e-05   4.34230141e+00   6.59902015e+00
 8.80000000e-01  -8.72097533e-14   1.00000000e+00   1.76170026e-01  -6.25714412e-05   4.34651229e+00   6.60442988e+00
 8.90000000e-01  -8.72097533e-14   1.00000000e+00   1.73578637e-01   1.69307516e-05   4.34795139e+00   6.61320147e+00
 9.00000000e-01  -8.72097533e-14   1.00000000e+00   1.70804145e-01   9.09279570e-05   4.33056496e+00   6.62684841e+00
 9.10000000e-01  -8.72097533e-14   1.00000000e+00   1.68163678e-01   1.47878600e-04   4.30442825e+00   6.63270220e+00
 9.20000000e-01  -8.72097533e-14   1.00000000e+00   1.65533215e-01   1.94340085e-04   4.29174793e+00   6.65181529e+00
 9.30000000e-01  -8.72097533e-14   1.00000000e+00   1.62646360e-01   1.95986366e-04   4.27849864e+00   6.66307548e+00
 9.40000000e-01  -8.72097533e-14   1.00000000e+00   1.59702941e-01   1.37126728e-04   4.24793427e+00   6.66872489e+00
 9.50000000e-01  -8.72097533e-14   1.00000000e+00   1.57024756e-01   5.02189063e-05   4.21101471e+00   6.65667281e+00
 9.60000000e-01  -8.72097533e-14   1.00000000e+00   1.54622012e-01  -2.53337524e-05   4.18778681e+00   6.64602942e+00
 9.70000000e-01  -8.72097533e-14   1.00000000e+00   1.52418807e-01  -6.67160347e-05   4.18126667e+00   6.63817801e+00
 9.80000000e-01  -8.72097533e-14   1.00000000e+00   1.50226537e-01  -7.03183426e-05   4.19156159e+00   6.64087887e+00
 9.90000000e-01  -8.72097533e-14   1.00000000e+00   1.47797925e-01  -3.96593830e-05   4.20881200e+00   6.65368863e+00
 1.00000000e+00  -8.72097533e-14   1.00000000e+00   1.45033030e-01   2.31311773e-05   4.22068366e+00   6.66374493e+00
 1.01000000e+00  -8.72097533e-14   1.00000000e+00   1.41857885e-01   1.17220803e-04   4.22678127e+00   6.67608881e+00
 1.02000000e+00  -8.72097533e-14   1.00000000e+00   1.38230846e-01   1.88588326e-04   4.21934002e+00   6.68612020e+00
 1.03000000e+00  -8.72097533e-14   1.00000000e+00   1.34346586e-01   2.02896379e-04   4.19369774e+00   6.70108835e+00
 1.04000000e+00  -8.72097533e-14   1.00000000e+00   1.30466214e-01   1.72113139e-04   4.15367666e+00   6.70098371e+00
 1.05000000e+00  -8.72097533e-14   1.00000000e+00   1.26689085e-01   1.19704920e-04   4.11779753e+00   6.69696160e+00
 1.06000000e+00  -8.72097533e-14   1.00000000e+00   1.22846013e-01   5.30908079e-05   4.09310907e+00   6.69093539e+00
 1.07000000e+00  -8.72097533e-14   1.00000000e+00   1.18805635e-01  -2.81789735e-05   4.06799565e+00   6.68438824e+00
 1.08000000e+00  -8.72097533e-14   1.00000000e+00   1.14736744e-01  -7.49484645e-05   4.03613160e+00   6.66879266e+00
 1.09000000e+00  -8.72097533e-14   1.00000000e+00   1.10803072e-01  -6.27305281e-05   4.00601782e+00   6.65353139e+00
 1.10000000e+00  -8.72097533e-14   1.00000000e+00   1.06894369e-01  -5.66097705e-06   3.99037438e+00   6.65599250e+00
 1.11000000e+00  -8.72097533e-14   1.00000000e+00   1.02679380e-01   7.32954758e-05   3.98388068e+00   6.66422576e+00
 1.12000000e+00  -8.72097533e-14   1.00000000e+00   9.80158101e-02   1.43197766e-04   3.96647346e+00   6.67800447e+00
 1.13000000e+00  -8.72097533e-14   1.00000000e+00   9.32036438e-02   1.90098166e-04   3.92489688e+00   6.67544670e+00
 1.14000000e+00  -8.72097533e-14   1.00000000e+00   8.85305058e-02   2.17153741e-04   3.87406245e+00   6.67110696e+00
 1.15000000e+00  -8.72097533e-14   1.00000000e+00   8.39985320e-02   1.90826911e-04   3.82623289e+00   6.66071848e+00
 1.16000000e+00  -8.72097533e-14   1.00000000e+00   7.97597923e-02   1.06883111e-04   3.77554803e+00   6.65085835e+00
 1.17000000e+00  -8.72097533e-14   1.00000000e+00   7.60495475e-02   2.40894859e-05   3.72808431e+00   6.63325591e+00
 1.18000000e+00  -8.72097533e-14   1.00000000e+00   7.27203103e-02  -2.84593194e-05   3.69966935e+00   6.61634443e+00
 1.19000000e+00  -8.72097533e-14   1.00000000e+00   6.95088285e-02  -4.93426513e-05   3.68669282e+00   6.60202444e+00
 1.20000000e+00  -8.72097533e-14   1.00000000e+00   6.63515331e-02  -3.93792742e-05   3.67925855e+00   6.58864288e+00
 1.21000000e+00  -8.72097533e-14   1.00000000e+00   6.31662811e-02   1.25515497e-05   3.67405809e+00   6.58728013e+00
 1.22000000e+00  -8.72097533e-14   1.00000000e+00   6.00154209e-02   9.74183988e-05   3.66249776e+00   6.58403427e+00
 1.23000000e+00  -8.72097533e-14   1.00000000e+00   5.70227860e-02   1.80239389e-04   3.64816070e+00   6.59224489e+00
 1.24000000e+00  -8.72097533e-14   1.00000000e+00   5.39768938e-02   2.22986310e-04   3.64139542e+00   6.59490995e+00
 1.25000000e+00  -8.72097533e-14   1.00000000e+00   5.07115475e-02   2.10884119e-04   3.63107228e+00   6.60111333e+00
 1.26000000e+00  -8.72097533e-14   1.00000000e+00   4.74840963e-02   1.65339012e-04   3.60294421e+00   6.58695941e+00
 1.27000000e+00  -8.72097533e-14   1.00000000e+00   4.46443241e-02   1.04993057e-04   3.56633084e+00   6.56852894e+00
 1.28000000e+00  -8.72097533e-14   1.00000000e+00   4.22203195e-02   3.07226568e-05   3.54218122e+00   6.54870079e+00
 1.29000000e+00  -8.72097533e-14   1.00000000e+00   3.99334269e-02  -4.14406665e-05   3.53735784e+00   6.53651372e+00
 1.30000000e+00  -8.72097533e-14   1.00000000e+00   3.75729837e-02  -5.92680834e-05   3.54093436e+00   6.52467794e+00
 1.31000000e+00  -8.72097533e-14   1.00000000e+00   3.50851392e-02  -1.54248645e-05   3.54465727e+00   6.51294364e+00
 1.32000000e+00  -8.72097533e-14   1.00000000e+00   3.23916253e-02   5.41817271e-05   3.54697118e+00   6.51106609e+00
 1.33000000e+00  -8.72097533e-14   1.00000000e+00   2.94064749e-02   1.22197268e-04   3.54603600e+00   6.50742569e+00
 1.34000000e+00  -8.72097533e-14   1.00000000e+00   2.61580094e-02   1.87610348e-04   3.53491450e+00   6.50655809e+00
 1.35000000e+00  -8.72097533e-14   1.00000000e+00   2.29303327e-02   2.26511616e-04   3.50619058e+00   6.49986003e+00
 1.36000000e+00  -8.72097533e-14   1.00000000e+00   1.99674957e-02   2.20986904e-04   3.46851737e+00   6.49720370e+00
 1.37000000e+00  -8.72097533e-14   1.00000000e+00   1.71404102e-02   1.67632857e-04   3.44016131e+00   6.47997238e+00
 1.38000000e+00  -8.72097533e-14   1.00000000e+00   1.43701576e-02   7.68843318e-05   3.41502267e+00   6.45875194e+00
 1.39000000e+00  -8.72097533e-14   1.00000000e+00   1.18671253e-02   6.41775491e-06   3.38437924e+00   6.43025090e+00
 1.40000000e+00  -8.72097533e-14   1.00000000e+00   9.78212137e-03  -2.46464288e-05   3.35461164e+00   6.40390573e+00
 1.41000000e+00  -8.72097533e-14   1.00000000e+00   8.07538020e-03  -3.12316943e-05   3.33495799e+00   6.38613980e+00
 1.42000000e+00  -8.72097533e-14   1.00000000e+00   6.54169622e-03  -5.89471192e-06   3.33021629e+00   6.37277034e+00
 1.43000000e+00  -8.72097533e-14   1.00000000e+00   4.91384034e-03   6.84025258e-05   3.33489830e+00   6.36845817e+00
 1.44000000e+00  -8.72097533e-14   1.00000000e+00   3.11714028e-03   1.58215908e-04   3.33386511e+00   6.36275723e+00
 1.45000000e+00  -8.72097533e-14   1.00000000e+00   1.44543551e-03   2.18264164e-04   3.31277069e+00   6.36024841e+00
 1.46000000e+00  -8.72097533e-14   1.00000000e+00   1.79833453e-04   2.29124855e-04   3.28286999e+00   6.34920083e+00
 1.47000000e+00  -8.72097533e-14   1.00000000e+00  -7.20234413e-04   2.00175082e-04   3.25986393e+00   6.34091422e+00
 1.48000000e+00  -8.72097533e-14   1.00000000e+00  -1.27745053e-03   1.48251947e-04   3.23944674e+00   6.32617180e+00
 1.49000000e+00  -8.72097533e-14   1.00000000e+00  -1.29724632e-03   7.52684944e-05   3.21553763e+00   6.31133579e+00
 1.50000000e+00  -8.72097533e-14   1.00000000e+00  -8.53846752e-04   9.75499336e-07   3.20529223e+00   6.29270130e+00
 1.51000000e+00  -8.72097533e-14   1.00000000e+00  -3.23344099e-04  -4.54399327e-05   3.21694781e+00   6.27140956e+00
 1.52000000e+00  -8.72097533e-14   1.00000000e+00   2.26699367e-04  -3.45235124e-05   3.23041747e+00   6.25781856e+00
 1.53000000e+00  -8.72097533e-14   1.00000000e+00   9.07564530e-04   3.03553269e-05   3.23966506e+00   6.24913058e+00
 1.54000000e+00  -8.72097533e-14   1.00000000e+00   1.66169168e-03   9.84891965e-05   3.25014501e+00   6.25741623e+00
 1.55000000e+00  -8.72097533e-14   1.00000000e+00   2.34287799e-03   1.56848911e-04   3.26422045e+00   6.25932906e+00
 1.56000000e+00  -8.72097533e-14   1.00000000e+00   2.76154672e-03   2.14683872e-04   3.28051451e+00   6.26306548e+00
 1.57000000e+00  -8.72097533e-14   1.00000000e+00   2.96870099e-03   2.33754017e-04   3.28323736e+00   6.25597299e+00
 1.58000000e+00  -8.72097533e-14   1.00000000e+00   3.39776541e-03   1.94003511e-04   3.26358204e+00   6.25226778e+00
 1.59000000e+00  -8.72097533e-14   1.00000000e+00   4.23773198e-03   1.18066510e-04   3.24295594e+00   6.23609284e+00
 1.60000000e+00  -8.72097533e-14   1.00000000e+00   5.35110665e-03   3.76024545e-05   3.23718624e+00   6.21704194e+00
 1.61000000e+00  -8.72097533e-14   1.00000000e+00   6.59609301e-03  -1.51096835e-05   3.24259970e+00   6.20309624e+00
 1.62000000e+00  -8.72097533e-14   1.00000000e+00   7.81193668e-03  -3.46821478e-05   3.25417657e+00   6.19029932e+00
 1.63000000e+00  -8.72097533e-14   1.00000000e+00   8.92642856e-03  -2.28999930e-05   3.26562966e+00   6.18180013e+00
 1.64000000e+00  -8.72097533e-14   1.00000000e+00   9.97489505e-03   2.37888100e-05   3.27470090e+00   6.16894948e+00
 1.65000000e+00  -8.72097533e-14   1.00000000e+00   1.09290454e-02   1.10568764e-04   3.28252887e+00   6.16819622e+00
 1.66000000e+00  -8.72097533e-14   1.00000000e+00   1.18017766e-02   1.91786884e-04   3.28354201e+00   6.16768972e+00
 1.67000000e+00  -8.72097533e-14   1.00000000e+00   1.28031813e-02   2.20873187e-04   3.26961371e+00   6.17378083e+00
 1.68000000e+00  -8.72097533e-14   1.00000000e+00   1.41318995e-02   2.07318780e-04   3.24983737e+00   6.16699671e+00
 1.69000000e+00  -8.72097533e-14   1.00000000e+00   1.56871532e-02   1.69131200e-04   3.23897124e+00   6.15709415e+00
 1.70000000e+00  -8.72097533e-14   1.00000000e+00   1.73894334e-02   1.06597698e-04   3.23162600e+00   6.13888930e+00
 1.71000000e+00  -8.72097533e-14   1.00000000e+00   1.95573116e-02   2.59340964e-05   3.21366948e+00   6.12323464e+00
 1.72000000e+00  -8.72097533e-14   1.00000000e+00   2.23926704e-02  -3.77942344e-05   3.20040078e+00   6.11063107e+00
 1.73000000e+00  -8.72097533e-14   1.00000000e+00   2.55613352e-02  -5.04071099e-05   3.21453416e+00   6.09906370e+00
 1.74000000e+00  -8.72097533e-14   1.00000000e+00   2.86609532e-02  -1.10372198e-05   3.24621994e+00   6.09953881e+00
 1.75000000e+00  -8.72097533e-14   1.00000000e+00   3.16268569e-02   5.47790414e-05   3.27402031e+00   6.10060026e+00
 1.76000000e+00  -8.72097533e-14   1.00000000e+00   3.45461885e-02   1.23705954e-04   3.29193209e+00   6.11031013e+00
 1.77000000e+00  -8.72097533e-14   1.00000000e+00   3.75565117e-02   1.76221656e-04   3.30035327e+00   6.11242411e+00
 1.78000000e+00  -8.72097533e-14   1.00000000e+00   4.07767658e-02   2.17197143e-04   3.30645242e+00   6.11745152e+00
 1.79000000e+00  -8.72097533e-14   1.00000000e+00   4.41857232e-02   2.11621035e-04   3.31597014e+00   6.12041680e+00
 1.80000000e+00  -8.72097533e-14   1.00000000e+00   4.77763227e-02   1.40566159e-04   3.32480958e+00   6.12674572e+00
 1.81000000e+00  -8.72097533e-14   1.00000000e+00   5.16211329e-02   5.84801288e-05   3.33560922e+00   6.11997990e+00
 1.82000000e+00  -8.72097533e-14   1.00000000e+00   5.56128689e-02  -3.46521749e-06   3.35830328e+00   6.10730712e+00
 1.83000000e+00  -8.72097533e-14   1.00000000e+00   5.95621418e-02  -4.17079435e-05   3.39278798e+00   6.10285269e+00
 1.84000000e+00  -8.72097533e-14   1.00000000e+00   6.34235095e-02  -5.07689120e-05   3.42726349e+00   6.10239123e+00
 1.85000000e+00  -8.72097533e-14   1.00000000e+00   6.72109624e-02  -1.71890330e-05   3.46090280e+00   6.11107139e+00
 1.86000000e+00  -8.72097533e-14   1.00000000e+00   7.08379272e-02   5.18002744e-05   3.49647999e+00   6.11825668e+00
 1.87000000e+00  -8.72097533e-14   1.00000000e+00   7.41040450e-02   1.38452075e-04   3.53390688e+00   6.13400980e+00
 1.88000000e+00  -8.72097533e-14   1.00000000e+00   7.69186249e-02   1.94721498e-04   3.55945987e+00   6.14421405e+00
 1.89000000e+00  -8.72097533e-14   1.00000000e+00   7.95218966e-02   1.99083707e-04   3.56189644e+00   6.14942028e+00
 1.90000000e+00  -8.72097533e-14   1.00000000e+00   8.23805526e-02   1.70601985e-04   3.54722893e+00   6.14309725e+00
 1.91000000e+00  -8.72097533e-14   1.00000000e+00   8.56401397e-02   1.20293063e-04   3.54117297e+00   6.14034735e+00
 1.92000000e+00  -8.72097533e-14   1.00000000e+00   8.89513943e-02   5.05082522e-05   3.55673329e+00   6.13970338e+00
 1.93000000e+00  -8.72097533e-14   1.00000000e+00   9.22047885e-02  -3.13702056e-05   3.57322245e+00   6.13498999e+00
 1.94000000e+00  -8.72097533e-14   1.00000000e+00   9.55587571e-02  -6.92125743e-05   3.58800528e+00   6.13211979e+00
 1.95000000e+00  -8.72097533e-14   1.00000000e+00   9.88710026e-02  -4.78635360e-05   3.61123625e+00   6.12667889e+00
 1.96000000e+00  -8.72097533e-14   1.00000000e+00   1.02034266e-01   6.21638433e-06   3.63674240e+00   6.13419264e+00
 1.97000000e+00  -8.72097533e-14   1.00000000e+00   1.05136590e-01   6.95082460e-05   3.65599139e+00   6.14243265e+00
 1.98000000e+00  -8.72097533e-14   1.00000000e+00   1.08205950e-01   1.35646933e-04   3.67120981e+00   6.15984627e+00
 1.99000000e+00  -8.72097533e-14   1.00000000e+00   1.11304211e-01   1.85078427e-04   3.67977744e+00   6.16950785e+00
 2.00000000e+00  -8.72097533e-14   1.00000000e+00   1.14503384e-01   1.99190704e-04   3.68656945e+00   6.17772639e+00
 2.01000000e+00  -8.72097533e-14   1.00000000e+00   1.17801944e-01   1.63105738e-04   3.69401143e+00   6.17814238e+00
 2.02000000e+00  -8.72097533e-14   1.00000000e+00   1.21300378e-01   8.05618260e-05   3.70100701e+00   6.17755467e+00
 2.03000000e+00  -8.72097533e-14   1.00000000e+00   1.25168523e-01   5.15898995e-06   3.71049293e+00   6.17368038e+00
 2.04000000e+00  -8.72097533e-14   1.00000000e+00   1.29423121e-01  -3.87596325e-05   3.73649078e+00   6.17034773e+00
 2.05000000e+00  -8.72097533e-14   1.00000000e+00   1.33693961e-01  -6.07298006e-05   3.79021285e+00   6.18283925e+00
 2.06000000e+00  -8.72097533e-14   1.00000000e+00   1.37551876e-01  -5.64618612e-05   3.85219178e+00   6.19668081e+00
 2.07000000e+00  -8.72097533e-14   1.00000000e+00   1.41006063e-01   2.84731299e-06   3.89987849e+00   6.21038326e+00
 2.08000000e+00  -8.72097533e-14   1.00000000e+00   1.44291240e-01   8.70688374e-05   3.93099791e+00   6.21814017e+00
 2.09000000e+00  -8.72097533e-14   1.00000000e+00   1.47465875e-01   1.54953628e-04   3.96058183e+00   6.23738972e+00
 2.10000000e+00  -8.72097533e-14   1.00000000e+00   1.50468082e-01   1.83979196e-04   3.98893456e+00   6.25432193e+00
 2.11000000e+00  -8.72097533e-14   1.00000000e+00   1.53274378e-01   1.69712627e-04   4.01186022e+00   6.26913138e+00
 2.12000000e+00  -8.72097533e-14   1.00000000e+00   1.56004290e-01   1.30143251e-04   4.02600186e+00   6.27241016e+00
 2.13000000e+00  -8.72097533e-14   1.00000000e+00   1.58774200e-01   6.69060899e-05   4.04042447e+00   6.27311670e+00
 2.14000000e+00  -8.72097533e-14   1.00000000e+00   1.61429430e-01  -1.01739953e-05   4.06693363e+00   6.27490712e+00
 2.15000000e+00  -8.72097533e-14   1.00000000e+00   1.63835357e-01  -7.30091033e-05   4.09585280e+00   6.27533987e+00
 2.16000000e+00  -8.72097533e-14   1.00000000e+00   1.66129259e-01  -7.88278488e-05   4.12131739e+00   6.28134112e+00
 2.17000000e+00  -8.72097533e-14   1.00000000e+00   1.68248936e-01  -3.43929062e-05   4.15304386e+00   6.29304170e+00
 2.18000000e+00  -8.72097533e-14   1.00000000e+00   1.69891401e-01   2.95880059e-05   4.18832642e+00   6.31621646e+00
 2.19000000e+00  -8.72097533e-14   1.00000000e+00   1.71010786e-01   8.69056135e-05   4.20785007e+00   6.33123371e+00
 2.20000000e+00  -8.72097533e-14   1.00000000e+00   1.71782931e-01   1.52526871e-04   4.20729384e+00   6.34308672e+00
 2.21000000e+00  -8.72097533e-14   1.00000000e+00   1.72480747e-01   1.90943489e-04   4.18850506e+00   6.34808619e+00
 2.22000000e+00  -8.72097533e-14   1.00000000e+00   1.73411790e-01   1.69302487e-04   4.16511525e+00   6.35233765e+00
 2.23000000e+00  -8.72097533e-14   1.00000000e+00   1.74621187e-01   1.09977482e-04   4.15591482e+00   6.35506941e+00
 2.24000000e+00  -8.72097533e-14   1.00000000e+00   1.75827948e-01   2.91634646e-05   4.16524594e+00   6.36138204e+00
 2.25000000e+00  -8.72097533e-14   1.00000000e+00   1.76922720e-01  -3.16265562e-05   4.17459896e+00   6.36370382e+00
 2.26000000e+00  -8.72097533e-14   1.00000000e+00   1.78107262e-01  -6.34530962e-05   4.17900194e+00   6.35766651e+00
 2.27000000e+00  -8.72097533e-14   1.00000000e+00   1.79358347e-01  -6.91665140e-05   4.19784160e+00   6.36628322e+00
 2.28000000e+00  -8.72097533e-14   1.00000000e+00   1.80394937e-01  -4.02040205e-05   4.22637458e+00   6.37833042e+00
 2.29000000e+00  -8.72097533e-14   1.00000000e+00   1.81201092e-01   3.87460710e-05   4.24992711e+00   6.39801171e+00
 2.30000000e+00  -8.72097533e-14   1.00000000e+00   1.81888695e-01   1.23287169e-04   4.26218384e+00   6.41375462e+00
 2.31000000e+00  -8.72097533e-14   1.00000000e+00   1.82458803e-01   1.68067856e-04   4.27200312e+00   6.43333407e+00
 2.32000000e+00  -8.72097533e-14   1.00000000e+00   1.82899215e-01   1.71283160e-04   4.27712466e+00   6.44375485e+00
 2.33000000e+00  -8.72097533e-14   1.00000000e+00   1.83269295e-01   1.48775483e-04   4.27707678e+00   6.44692268e+00
 2.34000000e+00  -8.72097533e-14   1.00000000e+00   1.83778404e-01   9.76253393e-05   4.27292871e+00   6.44615373e+00
 2.35000000e+00  -8.72097533e-14   1.00000000e+00   1.84565995e-01   2.01012271e-05   4.27855849e+00   6.44800498e+00
 2.36000000e+00  -8.72097533e-14   1.00000000e+00   1.85360653e-01  -5.03565289e-05   4.30937426e+00   6.45748621e+00
 2.37000000e+00  -8.72097533e-14   1.00000000e+00   1.85747289e-01  -8.42956975e-05   4.35224629e+00   6.46618801e+00
 2.38000000e+00  -8.72097533e-14   1.00000000e+00   1.85612761e-01  -6.04908258e-05   4.38723894e+00   6.48072492e+00
 2.39000000e+00  -8.72097533e-14   1.00000000e+00   1.85074545e-01  -5.44869414e-06   4.40340976e+00   6.49124904e+00
 2.40000000e+00  -8.72097533e-14   1.00000000e+00   1.84238381e-01   5.95877688e-05   4.41047689e+00   6.50801793e+00
 2.41000000e+00  -8.72097533e-14   1.00000000e+00   1.83125176e-01   1.18348795e-04   4.41213096e+00   6.52136252e+00
 2.42000000e+00  -8.72097533e-14   1.00000000e+00   1.81705959e-01   1.73116873e-04   4.40966580e+00   6.54032971e+00
 2.43000000e+00  -8.72097533e-14   1.00000000e+00   1.79996687e-01   1.88703134e-04   4.39485482e+00   6.55252738e+00
 2.44000000e+00  -8.72097533e-14   1.00000000e+00   1.78174860e-01   1.37783193e-04   4.36700961e+00   6.55568745e+00
 2.45000000e+00  -8.72097533e-14   1.00000000e+00   1.76410514e-01   6.35734474e-05   4.33934534e+00   6.54937949e+00
 2.46000000e+00  -8.72097533e-14   1.00000000e+00   1.74660792e-01  -6.48464022e-07   4.32391383e+00   6.54356230e+00
 2.47000000e+00  -8.72097533e-14   1.00000000e+00   1.72767169e-01  -4.68171816e-05   4.31758401e+00   6.55007128e+00
 2.48000000e+00  -8.72097533e-14   1.00000000e+00   1.70795172e-01  -7.10304754e-05   4.30655562e+00   6.55158947e+00
 2.49000000e+00  -8.72097533e-14   1.00000000e+00   1.68773479e-01  -5.17862161e-05   4.30275959e+00   6.56249756e+00
 2.50000000e+00  -8.72097533e-14   1.00000000e+00   1.66335032e-01   2.65932029e-06   4.30692400e+00   6.57631585e+00
 2.51000000e+00  -8.72097533e-14   1.00000000e+00   1.63409763e-01   8.89418283e-05   4.29320074e+00   6.58974597e+00
 2.52000000e+00  -8.72097533e-14   1.00000000e+00   1.60458321e-01   1.58792754e-04   4.25377928e+00   6.59271626e+00
 2.53000000e+00  -8.72097533e-14   1.00000000e+00   1.57740729e-01   1.78344661e-04   4.21155199e+00   6.59925026e+00
 2.54000000e+00  -8.72097533e-14   1.00000000e+00   1.55276731e-01   1.66957076e-04   4.17803481e+00   6.60214600e+00
 2.55000000e+00  -8.72097533e-14   1.00000000e+00   1.52980274e-01   1.32914033e-04   4.15720966e+00   6.60209225e+00
 2.56000000e+00  -8.72097533e-14   1.00000000e+00   1.50710821e-01   6.92982174e-05   4.14309278e+00   6.60352893e+00
 2.57000000e+00  -8.72097533e-14   1.00000000e+00   1.48534531e-01  -1.21368152e-05   4.12753341e+00   6.59760111e+00
 2.58000000e+00  -8.72097533e-14   1.00000000e+00   1.46522506e-01  -6.45958404e-05   4.11902880e+00   6.59309197e+00
 2.59000000e+00  -8.72097533e-14   1.00000000e+00   1.44517770e-01  -6.23264155e-05   4.12438114e+00   6.58995787e+00
 2.60000000e+00  -8.72097533e-14   1.00000000e+00   1.42318705e-01  -1.95642866e-05   4.13840875e+00   6.60445881e+00
 2.61000000e+00  -8.72097533e-14   1.00000000e+00   1.39855340e-01   3.63626507e-05   4.14474615e+00   6.62021194e+00
 2.62000000e+00  -8.72097533e-14   1.00000000e+00   1.37153418e-01   1.04364380e-04   4.14130294e+00   6.63409053e+00
 2.63000000e+00  -8.72097533e-14   1.00000000e+00   1.34256099e-01   1.62161891e-04   4.12884005e+00   6.63873723e+00
 2.64000000e+00  -8.72097533e-14   1.00000000e+00   1.31224214e-01   1.95418380e-04   4.10964534e+00   6.64190049e+00
 2.65000000e+00  -8.72097533e-14   1.00000000e+00   1.28192760e-01   1.80725787e-04   4.08382630e+00   6.64403701e+00
 2.66000000e+00  -8.72097533e-14   1.00000000e+00   1.25300920e-01   1.10316546e-04   4.05497365e+00   6.63904218e+00
 2.67000000e+00  -8.72097533e-14   1.00000000e+00   1.22622433e-01   3.76924069e-05   4.03601377e+00   6.63263164e+00
 2.68000000e+00  -8.72097533e-14   1.00000000e+00   1.19885159e-01  -1.23960747e-05   4.03613617e+00   6.62750157e+00
 2.69000000e+00  -8.72097533e-14   1.00000000e+00   1.16684607e-01  -4.56859268e-05   4.04429601e+00   6.63388831e+00
 2.70000000e+00  -8.72097533e-14   1.00000000e+00   1.13095240e-01  -5.60981085e-05   4.03361553e+00   6.62882347e+00
 2.71000000e+00  -8.72097533e-14   1.00000000e+00   1.09439479e-01  -1.21923506e-05   4.01060984e+00   6.62857359e+00
 2.72000000e+00  -8.72097533e-14   1.00000000e+00   1.05673352e-01   6.63870213e-05   3.99095328e+00   6.63002529e+00
 2.73000000e+00  -8.72097533e-14   1.00000000e+00   1.01622431e-01   1.42121029e-04   3.97164471e+00   6.64139651e+00
 2.74000000e+00  -8.72097533e-14   1.00000000e+00   9.73950191e-02   1.87530087e-04   3.93762995e+00   6.64485765e+00
 2.75000000e+00  -8.72097533e-14   1.00000000e+00   9.32137610e-02   1.91723899e-04   3.89188918e+00   6.64051972e+00
 2.76000000e+00  -8.72097533e-14   1.00000000e+00   8.92119388e-02   1.66626036e-04   3.84448799e+00   6.62833446e+00
 2.77000000e+00  -8.72097533e-14   1.00000000e+00   8.54801900e-02   1.17564613e-04   3.80103376e+00   6.60945850e+00
 2.78000000e+00  -8.72097533e-14   1.00000000e+00   8.20464893e-02   4.42168914e-05   3.76743021e+00   6.59814631e+00
 2.79000000e+00  -8.72097533e-14   1.00000000e+00   7.88212760e-02  -3.02365037e-05   3.74380470e+00   6.58711958e+00
 2.80000000e+00  -8.72097533e-14   1.00000000e+00   7.57075114e-02  -5.15701030e-05   3.72851780e+00   6.58130097e+00
 2.81000000e+00  -8.72097533e-14   1.00000000e+00   7.26006278e-02  -2.44448503e-05   3.71877016e+00   6.57155679e+00
 2.82000000e+00  -8.72097533e-14   1.00000000e+00   6.93317426e-02   2.87717057e-05   3.71344066e+00   6.57311343e+00
 2.83000000e+00  -8.72097533e-14   1.00000000e+00   6.59005283e-02   8.59504121e-05   3.69755783e+00   6.57259507e+00
 2.84000000e+00  -8.72097533e-14   1.00000000e+00   6.26620124e-02   1.53795193e-04   3.66439345e+00   6.56929900e+00
 2.85000000e+00  -8.72097533e-14   1.00000000e+00   5.98340249e-02   2.07676139e-04   3.63037413e+00   6.56433665e+00
 2.86000000e+00  -8.72097533e-14   1.00000000e+00   5.72638689e-02   2.08698810e-04   3.60865427e+00   6.56155062e+00
 2.87000000e+00  -8.72097533e-14   1.00000000e+00   5.48005739e-02   1.64430723e-04   3.59381677e+00   6.55669477e+00
 2.88000000e+00  -8.72097533e-14   1.00000000e+00   5.24553840e-02   9.28076327e-05   3.57823373e+00   6.54113799e+00
 2.89000000e+00  -8.72097533e-14   1.00000000e+00   5.03518904e-02   2.62614687e-05   3.56151117e+00   6.52422851e+00
 2.90000000e+00  -8.72097533e-14   1.00000000e+00   4.85481655e-02  -1.42266215e-05   3.55336609e+00   6.50840303e+00
 2.91000000e+00  -8.72097533e-14   1.00000000e+00   4.67039626e-02  -3.46063269e-05   3.56381091e+00   6.50742267e+00
 2.92000000e+00  -8.72097533e-14   1.00000000e+00   4.45487925e-02  -2.58389304e-05   3.57727229e+00   6.50532632e+00
 2.93000000e+00  -8.72097533e-14   1.00000000e+00   4.22273997e-02   4.19079656e-05   3.57728203e+00   6.50561327e+00
 2.94000000e+00  -8.72097533e-14   1.00000000e+00   3.97580552e-02   1.25981193e-04   3.57177242e+00   6.50481801e+00
 2.95000000e+00  -8.72097533e-14   1.00000000e+00   3.70701787e-02   1.81629088e-04   3.56096645e+00   6.50187965e+00
 2.96000000e+00  -8.72097533e-14   1.00000000e+00   3.43807420e-02   2.03000648e-04   3.53699327e+00   6.49374423e+00
 2.97000000e+00  -8.72097533e-14   1.00000000e+00   3.19491998e-02   1.95715183e-04   3.50483538e+00   6.48203284e+00
 2.98000000e+00  -8.72097533e-14   1.00000000e+00   2.98043275e-02   1.58905673e-04   3.47677326e+00   6.47159578e+00
 2.99000000e+00  -8.72097533e-14   1.00000000e+00   2.78458156e-02   9.10531298e-05   3.45895120e+00   6.45325536e+00
 3.00000000e+00  -8.72097533e-14   1.00000000e+00   2.59007084e-02   1.62152610e-05   3.45124150e+00   6.43917860e+00
 3.01000000e+00  -8.72097533e-14   1.00000000e+00   2.38316830e-02  -3.29289607e-05   3.44780159e+00   6.41927782e+00
 3.02000000e+00  -8.72097533e-14   1.00000000e+00   2.17313550e-02  -2.79611940e-05   3.43671995e+00   6.40654599e+00
 3.03000000e+00  -8.72097533e-14   1.00000000e+00   1.98109681e-02   1.47647323e-05   3.41837371e+00   6.39358155e+00
 3.04000000e+00  -8.72097533e-14   1.00000000e+00   1.80079698e-02   7.11982203e-05   3.40600198e+00   6.39174712e+00
 3.05000000e+00  -8.72097533e-14   1.00000000e+00   1.60921843e-02   1.30124780e-04   3.39937281e+00   6.38767755e+00
 3.06000000e+00  -8.72097533e-14   1.00000000e+00   1.41601671e-02   1.94531151e-04   3.38053517e+00   6.38053743e+00
 3.07000000e+00  -8.72097533e-14   1.00000000e+00   1.25957716e-02   2.27284668e-04   3.34490372e+00   6.36754678e+00
 3.08000000e+00  -8.72097533e-14   1.00000000e+00   1.15344039e-02   1.96760421e-04   3.31141749e+00   6.35165704e+00
 3.09000000e+00  -8.72097533e-14   1.00000000e+00   1.09042847e-02   1.32698694e-04   3.28862490e+00   6.33635818e+00
 3.10000000e+00  -8.72097533e-14   1.00000000e+00   1.06729436e-02   6.83149080e-05   3.27430276e+00   6.31678297e+00
 3.11000000e+00  -8.72097533e-14   1.00000000e+00   1.07703840e-02   1.36052797e-05   3.26859626e+00   6.30630914e+00
 3.12000000e+00  -8.72097533e-14   1.00000000e+00   1.10773833e-02  -2.29787261e-05   3.27158692e+00   6.29374492e+00
 3.13000000e+00  -8.72097533e-14   1.00000000e+00   1.13599798e-02  -2.42594404e-05   3.28598624e+00   6.28840825e+00
 3.14000000e+00  -8.72097533e-14   1.00000000e+00   1.14732969e-02   1.36776493e-05   3.30117800e+00   6.27760657e+00
 3.15000000e+00  -8.72097533e-14   1.00000000e+00   1.16324608e-02   9.13201935e-05   3.30192993e+00   6.27722607e+00
 3.16000000e+00  -8.72097533e-14   1.00000000e+00   1.20684368e-02   1.67044293e-04   3.29237267e+00   6.27907187e+00
 3.17000000e+00  -8.72097533e-14   1.00000000e+00   1.27078379e-02   2.00673364e-04   3.28812155e+00   6.28008376e+00
 3.18000000e+00  -8.72097533e-14   1.00000000e+00   1.34002446e-02   2.01061042e-04   3.29062170e+00   6.27534501e+00
 3.19000000e+00  -8.72097533e-14   1.00000000e+00   1.41572317e-02   1.84533230e-04   3.29070425e+00   6.26296613e+00
 3.20000000e+00  -8.72097533e-14   1.00000000e+00   1.51153330e-02   1.28802560e-04   3.28531248e+00   6.25514417e+00
 3.21000000e+00  -8.72097533e-14   1.00000000e+00   1.63127315e-02   4.74574984e-05   3.28334355e+00   6.23869143e+00
 3.22000000e+00  -8.72097533e-14   1.00000000e+00   1.76944720e-02  -1.52203568e-05   3.29101258e+00   6.22862303e+00
 3.23000000e+00  -8.72097533e-14   1.00000000e+00   1.90072873e-02  -3.64247758e-05   3.31289786e+00   6.22150917e+00
 3.24000000e+00  -8.72097533e-14   1.00000000e+00   1.99508737e-02  -8.68426093e-06   3.33892716e+00   6.22221450e+00
 3.25000000e+00  -8.72097533e-14   1.00000000e+00   2.06739636e-02   3.66770930e-05   3.34732699e+00   6.21864502e+00
 3.26000000e+00  -8.72097533e-14   1.00000000e+00   2.14005852e-02   9.82288560e-05   3.34541751e+00   6.21649983e+00
 3.27000000e+00  -8.72097533e-14   1.00000000e+00   2.20271168e-02   1.62187985e-04   3.34442660e+00   6.21066122e+00
 3.28000000e+00  -8.72097533e-14   1.00000000e+00   2.27077317e-02   2.09010613e-04   3.33251387e+00   6.20495728e+00
 3.29000000e+00  -8.72097533e-14   1.00000000e+00   2.37884105e-02   2.14260960e-04   3.30813480e+00   6.20152069e+00
 3.30000000e+00  -8.72097533e-14   1.00000000e+00   2.52586594e-02   1.58614103e-04   3.29213887e+00   6.19207040e+00
 3.31000000e+00  -8.72097533e-14   1.00000000e+00   2.68953607e-02   8.84480001e-05   3.29142890e+00   6.18091430e+00
 3.32000000e+00  -8.72097533e-14   1.00000000e+00   2.85778403e-02   3.39193211e-05   3.29693469e+00   6.16159102e+00
 3.33000000e+00  -8.72097533e-14   1.00000000e+00   3.03842791e-02  -1.19650974e-05   3.29942474e+00   6.15375078e+00
 3.34000000e+00  -8.72097533e-14   1.00000000e+00   3.24431783e-02  -4.04431479e-05   3.29941241e+00   6.14569499e+00
 3.35000000e+00  -8.72097533e-14   1.00000000e+00   3.46935895e-02  -1.58895328e-05   3.30758574e+00   6.14603712e+00
 3.36000000e+00  -8.72097533e-14   1.00000000e+00   3.69015631e-02   4.76205361e-05   3.32490096e+00   6.14570360e+00
 3.37000000e+00  -8.72097533e-14   1.00000000e+00   3.90126497e-02   1.23704828e-04   3.33779628e+00   6.14980054e+00
 3.38000000e+00  -8.72097533e-14   1.00000000e+00   4.12287319e-02   1.79089835e-04   3.33606034e+00   6.15401058e+00
 3.39000000e+00  -8.72097533e-14   1.00000000e+00   4.37893212e-02   1.96463100e-04   3.32592607e+00   6.14959614e+00
 3.40000000e+00  -8.72097533e-14   1.00000000e+00   4.67746480e-02   1.85174380e-04   3.32209041e+00   6.14502639e+00
 3.41000000e+00  -8.72097533e-14   1.00000000e+00   5.01022389e-02   1.49043513e-04   3.33015764e+00   6.13877638e+00
 3.42000000e+00  -8.72097533e-14   1.00000000e+00   5.36488871e-02   8.00664545e-05   3.34783968e+00   6.14374994e+00
 3.43000000e+00  -8.72097533e-14   1.00000000e+00   5.73017764e-02  -2.83132772e-06   3.37324716e+00   6.13866065e+00
 3.44000000e+00  -8.72097533e-14   1.00000000e+00   6.09203199e-02  -4.34073669e-05   3.40748057e+00   6.13709559e+00
 3.45000000e+00  -8.72097533e-14   1.00000000e+00   6.43609569e-02  -3.50580642e-05   3.44636336e+00   6.13558745e+00
 3.46000000e+00  -8.72097533e-14   1.00000000e+00   6.75221321e-02   1.14443958e-06   3.48220461e+00   6.14538317e+00
 3.47000000e+00  -8.72097533e-14   1.00000000e+00   7.05391411e-02   5.11651267e-05   3.50366119e+00   6.15241372e+00
 3.48000000e+00  -8.72097533e-14   1.00000000e+00   7.36625697e-02   1.17581662e-04   3.51614548e+00   6.16077229e+00
 3.49000000e+00  -8.72097533e-14   1.00000000e+00   7.67208091e-02   1.78678148e-04   3.53798598e+00   6.17021941e+00
 3.50000000e+00  -8.72097533e-14   1.00000000e+00   7.94856909e-02   2.00422579e-04   3.55856113e+00   6.17334060e+00
 3.51000000e+00  -8.72097533e-14   1.00000000e+00   8.22494043e-02   1.71887135e-04   3.56145169e+00   6.17382245e+00
 3.52000000e+00  -8.72097533e-14   1.00000000e+00   8.52859073e-02   1.07922283e-04   3.56037205e+00   6.16480297e+00
 3.53000000e+00  -8.72097533e-14   1.00000000e+00   8.84782921e-02   4.16839761e-05   3.57478323e+00   6.16446587e+00
 3.54000000e+00  -8.72097533e-14   1.00000000e+00   9.16040699e-02  -8.48227757e-06   3.60163828e+00   6.16096028e+00
 3.55000000e+00  -8.72097533e-14   1.00000000e+00   9.45089010e-02  -4.17305062e-05   3.63276327e+00   6.16945006e+00
 3.56000000e+00  -8.72097533e-14   1.00000000e+00   9.71214293e-02  -5.21881752e-05   3.65762534e+00   6.17415088e+00
 3.57000000e+00  -8.72097533e-14   1.00000000e+00   9.95132265e-02  -2.11281422e-06   3.67249982e+00   6.17651324e+00
 3.58000000e+00  -8.72097533e-14   1.00000000e+00   1.01841035e-01   7.84354590e-05   3.67807907e+00   6.17817705e+00
 3.59000000e+00  -8.72097533e-14   1.00000000e+00   1.04168899e-01   1.38443372e-04   3.68061383e+00   6.18602723e+00
 3.60000000e+00  -8.72097533e-14   1.00000000e+00   1.06601429e-01   1.73087550e-04   3.67725872e+00   6.19450925e+00
 3.61000000e+00  -8.72097533e-14   1.00000000e+00   1.09330665e-01   1.79899397e-04   3.67034148e+00   6.19560430e+00
 3.62000000e+00  -8.72097533e-14   1.00000000e+00   1.12329498e-01   1.54684170e-04   3.67472798e+00   6.19758627e+00
 3.63000000e+00  -8.72097533e-14   1.00000000e+00   1.15407958e-01   9.75714143e-05   3.69075816e+00   6.19334536e+00
 3.64000000e+00  -8.72097533e-14   1.00000000e+00   1.18536065e-01   2.10341433e-05   3.71036312e+00   6.19684227e+00
 3.65000000e+00  -8.72097533e-14   1.00000000e+00   1.21788994e-01  -4.45605222e-05   3.72953551e+00   6.19402547e+00
 3.66000000e+00  -8.72097533e-14   1.00000000e+00   1.25177301e-01  -5.67832328e-05   3.75711829e+00   6.19836117e+00
 3.67000000e+00  -8.72097533e-14   1.00000000e+00   1.28542556e-01  -3.05245949e-05   3.79639320e+00   6.21052977e+00
 3.68000000e+00  -8.72097533e-14   1.00000000e+00   1.31553016e-01   1.48955562e-05   3.84154026e+00   6.23038684e+00
 3.69000000e+00  -8.72097533e-14   1.00000000e+00   1.34211038e-01   7.09172514e-05   3.86910635e+00   6.24144087e+00
 3.70000000e+00  -8.72097533e-14   1.00000000e+00   1.36929599e-01   1.39198364e-04   3.87656306e+00   6.24449323e+00
 3.71000000e+00  -8.72097533e-14   1.00000000e+00   1.39855556e-01   1.87370336e-04   3.88763428e+00   6.25344035e+00
 3.72000000e+00  -8.72097533e-14   1.00000000e+00   1.42823595e-01   1.75253389e-04   3.90933274e+00   6.26109634e+00
 3.73000000e+00  -8.72097533e-14   1.00000000e+00   1.45795235e-01   1.23385610e-04   3.93541050e+00   6.27126112e+00
 3.74000000e+00  -8.72097533e-14   1.00000000e+00   1.48766782e-01   6.10804556e-05   3.96424244e+00   6.27253861e+00
 3.75000000e+00  -8.72097533e-14   1.00000000e+00   1.51584030e-01   5.62425187e-07   4.00196235e+00   6.28124832e+00
 3.76000000e+00  -8.72097533e-14   1.00000000e+00   1.54065627e-01  -4.58929276e-05   4.04232414e+00   6.28437483e+00
 3.77000000e+00  -8.72097533e-14   1.00000000e+00   1.56170464e-01  -6.43448079e-05   4.07774563e+00   6.29511040e+00
 3.78000000e+00  -8.72097533e-14   1.00000000e+00   1.57975899e-01  -4.46126653e-05   4.10339442e+00   6.30535640e+00
 3.79000000e+00  -8.72097533e-14   1.00000000e+00   1.59505502e-01   2.44745935e-05   4.12258046e+00   6.31932886e+00
 3.80000000e+00  -8.72097533e-14   1.00000000e+00   1.60809016e-01   1.02791902e-04   4.13306900e+00   6.33319637e+00
 3.81000000e+00  -8.72097533e-14   1.00000000e+00   1.61891122e-01   1.48381105e-04   4.13995596e+00   6.34450842e+00
 3.82000000e+00  -8.72097533e-14   1.00000000e+00   1.62694316e-01   1.63816430e-04   4.14013318e+00   6.35528876e+00
 3.83000000e+00  -8.72097533e-14   1.00000000e+00   1.63496515e-01   1.61692519e-04   4.12270799e+00   6.34883821e+00
 3.84000000e+00  -8.72097533e-14   1.00000000e+00   1.64632622e-01   1.21139662e-04   4.10872856e+00   6.34969517e+00
 3.85000000e+00  -8.72097533e-14   1.00000000e+00   1.65886187e-01   4.30865257e-05   4.11701749e+00   6.35216801e+00
 3.86000000e+00  -8.72097533e-14   1.00000000e+00   1.66936906e-01  -2.55918720e-05   4.14018600e+00   6.36467405e+00
 3.87000000e+00  -8.72097533e-14   1.00000000e+00   1.67708869e-01  -6.32542158e-05   4.15755325e+00   6.36951130e+00
 3.88000000e+00  -8.72097533e-14   1.00000000e+00   1.68263259e-01  -5.43415550e-05   4.16672435e+00   6.37568591e+00
 3.89000000e+00  -8.72097533e-14   1.00000000e+00   1.68722061e-01  -1.64946651e-05   4.16963024e+00   6.38272047e+00
 3.90000000e+00  -8.72097533e-14   1.00000000e+00   1.69090798e-01   3.51500805e-05   4.17250816e+00   6.39493196e+00
 3.91000000e+00  -8.72097533e-14   1.00000000e+00   1.69371393e-01   1.00746692e-04   4.17181174e+00   6.40673117e+00
 3.92000000e+00  -8.72097533e-14   1.00000000e+00   1.69757085e-01   1.61563014e-04   4.16271544e+00   6.41368833e+00
 3.93000000e+00  -8.72097533e-14   1.00000000e+00   1.70361742e-01   1.82480095e-04   4.15809209e+00   6.42447334e+00
 3.94000000e+00  -8.72097533e-14   1.00000000e+00   1.71011520e-01   1.46496163e-04   4.16454525e+00   6.42839802e+00
 3.95000000e+00  -8.72097533e-14   1.00000000e+00   1.71598499e-01   8.28338671e-05   4.17613781e+00   6.43237889e+00
 3.96000000e+00  -8.72097533e-14   1.00000000e+00   1.72264321e-01   2.78361101e-05   4.18545044e+00   6.42731884e+00
 3.97000000e+00  -8.72097533e-14   1.00000000e+00   1.73004228e-01  -2.41319344e-05   4.20615644e+00   6.43913438e+00
 3.98000000e+00  -8.72097533e-14   1.00000000e+00   1.73574079e-01  -6.67031806e-05   4.23756443e+00   6.44885850e+00
 3.99000000e+00  -8.72097533e-14   1.00000000e+00   1.73778392e-01  -5.95487646e-05   4.27316317e+00   6.46509412e+00
 4.00000000e+00  -8.72097533e-14   1.00000000e+00   1.73493364e-01  -1.00413611e-05   4.29930460e+00   6.48030945e+00
 4.01000000e+00  -8.72097533e-14   1.00000000e+00   1.72801330e-01   6.33317199e-05   4.30495907e+00   6.49256917e+00
 4.02000000e+00  -8.72097533e-14   1.00000000e+00   1.72032247e-01   1.28081779e-04   4.29255241e+00   6.49841699e+00
 4.03000000e+00  -8.72097533e-14   1.00000000e+00   1.71361940e-01   1.59022788e-04   4.28194216e+00   6.50377310e+00
 4.04000000e+00  -8.72097533e-14   1.00000000e+00   1.70582496e-01   1.62056747e-04   4.28523419e+00   6.51733481e+00
 4.05000000e+00  -8.72097533e-14   1.00000000e+00   1.69582088e-01   1.43869729e-04   4.28493576e+00   6.52114159e+00
 4.06000000e+00  -8.72097533e-14   1.00000000e+00   1.68510730e-01   8.49572655e-05   4.27867605e+00   6.52649675e+00
 4.07000000e+00  -8.72097533e-14   1.00000000e+00   1.67324744e-01   1.46247589e-06   4.27832554e+00   6.52468705e+00
 4.08000000e+00  -8.72097533e-14   1.00000000e+00   1.65801792e-01  -4.96523397e-05   4.28568598e+00   6.53088350e+00
 4.09000000e+00  -8.72097533e-14   1.00000000e+00   1.63946344e-01  -5.77492077e-05   4.28403487e+00   6.53569508e+00
 4.10000000e+00  -8.72097533e-14   1.00000000e+00   1.61887793e-01  -3.33830791e-05   4.27347472e+00   6.54482215e+00
 4.11000000e+00  -8.72097533e-14   1.00000000e+00   1.59672635e-01   8.68802830e-06   4.25875928e+00   6.55738945e+00
 4.12000000e+00  -8.72097533e-14   1.00000000e+00   1.57220206e-01   7.29593220e-05   4.24255985e+00   6.56638356e+00
 4.13000000e+00  -8.72097533e-14   1.00000000e+00   1.54533777e-01   1.41244862e-04   4.21663789e+00   6.57267843e+00
 4.14000000e+00  -8.72097533e-14   1.00000000e+00   1.51886654e-01   1.80879187e-04   4.17667475e+00   6.56889736e+00
 4.15000000e+00  -8.72097533e-14   1.00000000e+00   1.49552026e-01   1.73244498e-04   4.13550534e+00   6.57055144e+00
 4.16000000e+00  -8.72097533e-14   1.00000000e+00   1.47574751e-01   1.20443134e-04   4.10634591e+00   6.56489489e+00
 4.17000000e+00  -8.72097533e-14   1.00000000e+00   1.45703480e-01   5.94373999e-05   4.10080224e+00   6.56850435e+00
 4.18000000e+00  -8.72097533e-14   1.00000000e+00   1.43685518e-01   6.85027501e-06   4.10163662e+00   6.56884245e+00
 4.19000000e+00  -8.72097533e-14   1.00000000e+00   1.41544223e-01  -3.74434520e-05   4.09772527e+00   6.57548722e+00
 4.20000000e+00  -8.72097533e-14   1.00000000e+00   1.39332917e-01  -6.24283730e-05   4.08959212e+00   6.57516153e+00
 4.21000000e+00  -8.72097533e-14   1.00000000e+00   1.37052661e-01  -2.94494433e-05   4.08161202e+00   6.57597934e+00
 4.22000000e+00  -8.72097533e-14   1.00000000e+00   1.34761848e-01   4.32970258e-05   4.07357918e+00   6.58440301e+00
 4.23000000e+00  -8.72097533e-14   1.00000000e+00   1.32383444e-01   1.09561663e-04   4.06399577e+00   6.59609777e+00
 4.24000000e+00  -8.72097533e-14   1.00000000e+00   1.29990517e-01   1.54250433e-04   4.04597395e+00   6.60427352e+00
 4.25000000e+00  -8.72097533e-14   1.00000000e+00   1.27789678e-01   1.77493658e-04   4.02444246e+00   6.59724641e+00
 4.26000000e+00  -8.72097533e-14   1.00000000e+00   1.25634290e-01   1.67793328e-04   4.01666968e+00   6.60148611e+00
 4.27000000e+00  -8.72097533e-14   1.00000000e+00   1.23371646e-01   1.24488754e-04   4.00990648e+00   6.59479095e+00
 4.28000000e+00  -8.72097533e-14   1.00000000e+00   1.21219607e-01   5.52421789e-05   3.99867628e+00   6.59604783e+00
 4.29000000e+00  -8.72097533e-14   1.00000000e+00   1.19166532e-01  -2.08183417e-05   3.99719086e+00   6.59250855e+00
 4.30000000e+00  -8.72097533e-14   1.00000000e+00   1.16808554e-01  -4.70829022e-05   4.01277055e+00   6.60040450e+00
 4.31000000e+00  -8.72097533e-14   1.00000000e+00   1.13925622e-01  -3.38336273e-05   4.02199028e+00   6.60502395e+00
 4.32000000e+00  -8.72097533e-14   1.00000000e+00   1.10655600e-01  -1.39793277e-06   4.01103821e+00   6.60987170e+00
 4.33000000e+00  -8.72097533e-14   1.00000000e+00   1.07257117e-01   5.08593094e-05   3.98374483e+00   6.60953919e+00
 4.34000000e+00  -8.72097533e-14   1.00000000e+00   1.03898680e-01   1.22023468e-04   3.95142748e+00   6.60546752e+00
 4.35000000e+00  -8.72097533e-14   1.00000000e+00   1.00585119e-01   1.83037951e-04   3.92291323e+00   6.60739031e+00
 4.36000000e+00  -8.72097533e-14   1.00000000e+00   9.72675104e-02   1.93781729e-04   3.89554669e+00   6.60466071e+00
 4.37000000e+00  -8.72097533e-14   1.00000000e+00   9.39609757e-02   1.58762902e-04   3.86706010e+00   6.60378103e+00
 4.38000000e+00  -8.72097533e-14   1.00000000e+00   9.07486346e-02   1.04530895e-04   3.83637252e+00   6.58833389e+00
 4.39000000e+00  -8.72097533e-14   1.00000000e+00   8.76334622e-02   4.65324780e-05   3.81328089e+00   6.57755712e+00
 4.40000000e+00  -8.72097533e-14   1.00000000e+00   8.44792278e-02  -6.68451554e-06   3.79818056e+00   6.56864561e+00
 4.41000000e+00  -8.72097533e-14   1.00000000e+00   8.12734017e-02  -3.78610430e-05   3.78137505e+00   6.56860990e+00
 4.42000000e+00  -8.72097533e-14   1.00000000e+00   7.80657309e-02  -3.66093525e-05   3.76122602e+00   6.56690306e+00
 4.43000000e+00  -8.72097533e-14   1.00000000e+00   7.48417146e-02   1.91075175e-05   3.74077141e+00   6.55965690e+00
 4.44000000e+00  -8.72097533e-14   1.00000000e+00   7.15900334e-02   9.81655171e-05   3.71890871e+00   6.55872755e+00
 4.45000000e+00  -8.72097533e-14   1.00000000e+00   6.83798190e-02   1.50038914e-04   3.68944790e+00   6.55328948e+00
 4.46000000e+00  -8.72097533e-14   1.00000000e+00   6.54496932e-02   1.80686709e-04   3.65100406e+00   6.54532209e+00
 4.47000000e+00  -8.72097533e-14   1.00000000e+00   6.30928840e-02   1.93390479e-04   3.61205285e+00   6.53016524e+00
 4.48000000e+00  -8.72097533e-14   1.00000000e+00   6.11681990e-02   1.68664385e-04   3.59298395e+00   6.52696254e+00
 4.49000000e+00  -8.72097533e-14   1.00000000e+00   5.92628331e-02   1.02291793e-04   3.59361989e+00   6.51884799e+00
 4.50000000e+00  -8.72097533e-14   1.00000000e+00   5.72818892e-02   2.91021725e-05   3.59338533e+00   6.51314365e+00
 4.51000000e+00  -8.72097533e-14   1.00000000e+00   5.53949433e-02  -1.97289352e-05   3.58622984e+00   6.50087725e+00
 4.52000000e+00  -8.72097533e-14   1.00000000e+00   5.35811641e-02  -2.93225854e-05   3.58409449e+00   6.49513978e+00
 4.53000000e+00  -8.72097533e-14   1.00000000e+00   5.16501721e-02  -2.49910220e-06   3.58765085e+00   6.49362724e+00
 4.54000000e+00  -8.72097533e-14   1.00000000e+00   4.96367088e-02   3.88548861e-05   3.58429279e+00   6.49332600e+00
 4.55000000e+00  -8.72097533e-14   1.00000000e+00   4.76379323e-02   9.98421534e-05   3.57424029e+00   6.49604213e+00
 4.56000000e+00  -8.72097533e-14   1.00000000e+00   4.56300000e-02   1.70965522e-04   3.56179045e+00   6.48654781e+00
 4.57000000e+00  -8.72097533e-14   1.00000000e+00   4.37130705e-02   2.08145100e-04   3.54436908e+00   6.48163446e+00
 4.58000000e+00  -8.72097533e-14   1.00000000e+00   4.19576355e-02   1.90498407e-04   3.52800982e+00   6.46757018e+00
 4.59000000e+00  -8.72097533e-14   1.00000000e+00   4.02912334e-02   1.39590444e-04   3.51663877e+00   6.46217549e+00
 4.60000000e+00  -8.72097533e-14   1.00000000e+00   3.87687375e-02   8.69322657e-05   3.50507443e+00   6.44690362e+00
 4.61000000e+00  -8.72097533e-14   1.00000000e+00   3.73354663e-02   3.10291918e-05   3.50131978e+00   6.44187227e+00
 4.62000000e+00  -8.72097533e-14   1.00000000e+00   3.56568996e-02  -1.96520266e-05   3.50968872e+00   6.43311699e+00
 4.63000000e+00  -8.72097533e-14   1.00000000e+00   3.35996735e-02  -3.29955927e-05   3.51327393e+00   6.42657585e+00
 4.64000000e+00  -8.72097533e-14   1.00000000e+00   3.14358570e-02   2.64620243e-06   3.49778788e+00   6.41634643e+00
 4.65000000e+00  -8.72097533e-14   1.00000000e+00   2.94284769e-02   6.83369962e-05   3.47165574e+00   6.40413558e+00
 4.66000000e+00  -8.72097533e-14   1.00000000e+00   2.76634613e-02   1.38183650e-04   3.44616673e+00   6.39925426e+00
 4.67000000e+00  -8.72097533e-14   1.00000000e+00   2.60537273e-02   1.80606082e-04   3.42603898e+00   6.39105721e+00
 4.68000000e+00  -8.72097533e-14   1.00000000e+00   2.45381612e-02   1.96212498e-04   3.40663413e+00   6.38325422e+00
 4.69000000e+00  -8.72097533e-14   1.00000000e+00   2.33394465e-02   1.94719016e-04   3.37970119e+00   6.36162183e+00
 4.70000000e+00  -8.72097533e-14   1.00000000e+00   2.25671948e-02   1.48448335e-04   3.35602831e+00   6.35234627e+00
 4.71000000e+00  -8.72097533e-14   1.00000000e+00   2.20130723e-02   6.63078937e-05   3.34747722e+00   6.33528658e+00
 4.72000000e+00  -8.72097533e-14   1.00000000e+00   2.15759877e-02   4.81904636e-06   3.34547954e+00   6.32440604e+00
 4.73000000e+00  -8.72097533e-14   1.00000000e+00   2.13009996e-02  -1.83900038e-05   3.34271720e+00   6.31640759e+00
 4.74000000e+00  -8.72097533e-14   1.00000000e+00   2.11276777e-02  -1.24726097e-05   3.34180027e+00   6.31339304e+00
 4.75000000e+00  -8.72097533e-14   1.00000000e+00   2.09310768e-02   2.14255586e-05   3.34485122e+00   6.30767408e+00
 4.76000000e+00  -8.72097533e-14   1.00000000e+00   2.07355423e-02   7.57476932e-05   3.34248891e+00   6.29782004e+00
 4.77000000e+00  -8.72097533e-14   1.00000000e+00   2.07978993e-02   1.46262369e-04   3.32815488e+00   6.29378945e+00
 4.78000000e+00  -8.72097533e-14   1.00000000e+00   2.12716305e-02   2.00613926e-04   3.31185635e+00   6.28592161e+00
 4.79000000e+00  -8.72097533e-14   1.00000000e+00   2.21391008e-02   2.08700896e-04   3.30162144e+00   6.28404782e+00
 4.80000000e+00  -8.72097533e-14   1.00000000e+00   2.32902559e-02   1.70840722e-04   3.30390520e+00   6.27496766e+00
 4.81000000e+00  -8.72097533e-14   1.00000000e+00   2.44159028e-02   1.12400470e-04   3.32095307e+00   6.27078325e+00
 4.82000000e+00  -8.72097533e-14   1.00000000e+00   2.54201606e-02   6.01023780e-05   3.33620516e+00   6.25890570e+00
 4.83000000e+00  -8.72097533e-14   1.00000000e+00   2.65438125e-02   4.87757505e-06   3.34136411e+00   6.25487053e+00
 4.84000000e+00  -8.72097533e-14   1.00000000e+00   2.77227392e-02  -3.58565790e-05   3.35370112e+00   6.25006261e+00
 4.85000000e+00  -8.72097533e-14   1.00000000e+00   2.86787464e-02  -2.20901462e-05   3.37528448e+00   6.24826237e+00
 4.86000000e+00  -8.72097533e-14   1.00000000e+00   2.94101081e-02   3.71501627e-05   3.38730475e+00   6.24984044e+00
 4.87000000e+00  -8.72097533e-14   1.00000000e+00   3.01178328e-02   1.03434978e-04   3.38526476e+00   6.24557590e+00
 4.88000000e+00  -8.72097533e-14   1.00000000e+00   3.09053872e-02   1.55959847e-04   3.37850714e+00   6.24398556e+00
 4.89000000e+00  -8.72097533e-14   1.00000000e+00   3.17775125e-02   1.90430385e-04   3.37211489e+00   6.23150027e+00
 4.90000000e+00  -8.72097533e-14   1.00000000e+00   3.28085828e-02   1.95447718e-04   3.36443493e+00   6.22655135e+00
 4.91000000e+00  -8.72097533e-14   1.00000000e+00   3.40870797e-02   1.67385438e-04   3.35677002e+00   6.21577494e+00
 4.92000000e+00  -8.72097533e-14   1.00000000e+00   3.55826692e-02   1.03345448e-04   3.35533416e+00   6.21473914e+00
 4.93000000e+00  -8.72097533e-14   1.00000000e+00   3.70858969e-02   2.36239647e-05   3.36566284e+00   6.20693244e+00
 4.94000000e+00  -8.72097533e-14   1.00000000e+00   3.83530931e-02  -2.13748770e-05   3.38298342e+00   6.19805281e+00
 4.95000000e+00  -8.72097533e-14   1.00000000e+00   3.94769896e-02  -2.07703311e-05   3.38913345e+00   6.19035559e+00
 4.96000000e+00  -8.72097533e-14   1.00000000e+00   4.07607898e-02  -4.83609988e-06   3.38076022e+00   6.18832217e+00
 4.97000000e+00  -8.72097533e-14   1.00000000e+00   4.22640206e-02   3.71163827e-05   3.37347547e+00   6.18770804e+00
 4.98000000e+00  -8.72097533e-14   1.00000000e+00   4.39280780e-02   1.07405652e-04   3.37131001e+00   6.17987929e+00
 4.99000000e+00  -8.72097533e-14   1.00000000e+00   4.57722268e-02   1.73240548e-04   3.36894277e+00   6.18405332e+00
 5.00000000e+00  -8.72097533e-14   1.00000000e+00   4.78100066e-02   2.02573046e-04   3.36528754e+00   6.17833861e+00