  Time  Coordinate0  Coordinate1  Displacement0  Displacement1  Force0  Force1
 1.00000000e-02   8.33333334e-03   1.00000000e+00   7.39962295e-04  -5.24596074e-06   3.14968172e+00  -3.89034677e+00
 2.00000000e-02   8.33333334e-03   1.00000000e+00   1.76175468e-03   5.51046422e-05   5.13115835e+00   8.25459383e+00
 3.00000000e-02   8.33333334e-03   1.00000000e+00   2.97349580e-03   1.10167891e-04   3.15427335e+00   6.55528349e+00
 4.00000000e-02   8.33333334e-03   1.00000000e+00   4.36155621e-03   1.50011134e-04   2.65255391e+00   5.76352335e+00
 5.00000000e-02   8.33333334e-03   1.00000000e+00   5.92816697e-03   1.67669163e-04   2.39464276e+00   5.28552257e+00
 6.00000000e-02   8.33333334e-03   1.00000000e+00   7.67912776e-03   1.61747407e-04   2.23947200e+00   4.96670871e+00
 7.00000000e-02   8.33333334e-03   1.00000000e+00   9.61408781e-03   1.37634449e-04   2.13270330e+00   4.73722995e+00
 8.00000000e-02   8.33333334e-03   1.00000000e+00   1.17240055e-02   1.02112682e-04   2.05605444e+00   4.56444581e+00
 9.00000000e-02   8.33333334e-03   1.00000000e+00   1.39925869e-02   6.22639803e-05   1.99994074e+00   4.42951065e+00
 1.00000000e-01   8.33333334e-03   1.00000000e+00   1.63987601e-02   2.34429989e-05   1.95877728e+00   4.32155814e+00
 1.10000000e-01   8.33333334e-03   1.00000000e+00   1.89200137e-02  -1.17066330e-05   1.92905554e+00   4.23380324e+00
 1.20000000e-01   8.33333334e-03   1.00000000e+00   2.15353073e-02  -4.28167143e-05   1.90805662e+00   4.16181911e+00
 1.30000000e-01   8.33333334e-03   1.00000000e+00   2.42241214e-02  -7.07663937e-05   1.89378084e+00   4.10235591e+00
 1.40000000e-01   8.33333334e-03   1.00000000e+00   2.69724317e-02  -9.71295693e-05   1.88450965e+00   4.05269328e+00
 1.50000000e-01   8.33333334e-03   1.00000000e+00   2.97705961e-02  -1.23426255e-04   1.87904623e+00   4.01099589e+00
 1.60000000e-01   8.33333334e-03   1.00000000e+00   3.26089152e-02  -1.50624337e-04   1.87650992e+00   3.97584353e+00
 1.70000000e-01   8.33333334e-03   1.00000000e+00   3.54817304e-02  -1.79313013e-04   1.87612796e+00   3.94593263e+00
 1.80000000e-01   8.33333334e-03   1.00000000e+00   3.83848274e-02  -2.09570516e-04   1.87743794e+00   3.92035224e+00
 1.90000000e-01   8.33333334e-03   1.00000000e+00   4.13149384e-02  -2.41167061e-04   1.88006915e+00   3.89835878e+00
 2.00000000e-01   8.33333334e-03   1.00000000e+00   4.42692282e-02  -2.73720218e-04   1.88375193e+00   3.87933188e+00
 2.10000000e-01   8.33333334e-03   1.00000000e+00   4.72449441e-02  -3.06836879e-04   1.88830001e+00   3.86278030e+00
 2.20000000e-01   8.33333334e-03   1.00000000e+00   5.02391901e-02  -3.40205474e-04   1.89356701e+00   3.84834896e+00
 2.30000000e-01   8.33333334e-03   1.00000000e+00   5.32487925e-02  -3.73634784e-04   1.89944936e+00   3.83570498e+00
 2.40000000e-01   8.33333334e-03   1.00000000e+00   5.62717744e-02  -4.07103630e-04   1.90585074e+00   3.82458617e+00
 2.50000000e-01   8.33333334e-03   1.00000000e+00   5.93040532e-02  -4.40584295e-04   1.91275038e+00   3.81487184e+00
 2.60000000e-01   8.33333334e-03   1.00000000e+00   6.23413021e-02  -4.74151635e-04   1.92011470e+00   3.80637449e+00
 2.70000000e-01   8.33333334e-03   1.00000000e+00   6.53788644e-02  -5.07875895e-04   1.92789469e+00   3.79893482e+00
 2.80000000e-01   8.33333334e-03   1.00000000e+00   6.84118827e-02  -5.41802581e-04   1.93606915e+00   3.79247160e+00
 2.90000000e-01   8.33333334e-03   1.00000000e+00   7.14355885e-02  -5.75947767e-04   1.94460055e+00   3.78689018e+00
 3.00000000e-01   8.33333334e-03   1.00000000e+00   7.44449883e-02  -6.10280074e-04   1.95349309e+00   3.78215597e+00
 3.10000000e-01   8.33333334e-03   1.00000000e+00   7.74352092e-02  -6.44743410e-04   1.96268517e+00   3.77815125e+00
 3.20000000e-01   8.33333334e-03   1.00000000e+00   8.04015371e-02  -6.79261420e-04   1.97217238e+00   3.77485397e+00
 3.30000000e-01   8.33333334e-03   1.00000000e+00   8.33393299e-02  -7.13767336e-04   1.98191890e+00   3.77221412e+00
 3.40000000e-01   8.33333334e-03   1.00000000e+00   8.62439725e-02  -7.48161601e-04   1.99191201e+00   3.77020227e+00
 3.50000000e-01   8.33333334e-03   1.00000000e+00   8.91113180e-02  -7.82352271e-04   2.00211983e+00   3.76876887e+00
 3.60000000e-01   8.33333334e-03   1.00000000e+00   9.19375953e-02  -8.16267617e-04   2.01250506e+00   3.76787503e+00
 3.70000000e-01   8.33333334e-03   1.00000000e+00   9.47193216e-02  -8.49849403e-04   2.02302353e+00   3.76748055e+00
 3.80000000e-01   8.33333334e-03   1.00000000e+00   9.74532566e-02  -8.83049099e-04   2.03368226e+00   3.76755522e+00
 3.90000000e-01   8.33333334e-03   1.00000000e+00   1.00136375e-01  -9.15825496e-04   2.04444992e+00   3.76808562e+00
 4.00000000e-01   8.33333334e-03   1.00000000e+00   1.02765846e-01  -9.48142144e-04   2.05529185e+00   3.76899379e+00
 4.10000000e-01   8.33333334e-03   1.00000000e+00   1.05339018e-01  -9.79965425e-04   2.06618584e+00   3.77027537e+00
 4.20000000e-01   8.33333334e-03   1.00000000e+00   1.07853406e-01  -1.01126302e-03   2.07712104e+00   3.77191215e+00
 4.30000000e-01   8.33333334e-03   1.00000000e+00   1.10306683e-01  -1.04200347e-03   2.08807977e+00   3.77386922e+00
 4.40000000e-01   8.33333334e-03   1.00000000e+00   1.12696675e-01  -1.07215605e-03   2.09902375e+00   3.77611785e+00
 4.50000000e-01   8.33333334e-03   1.00000000e+00   1.15021359e-01  -1.10169090e-03   2.10995140e+00   3.77862737e+00
 4.60000000e-01   8.33333334e-03   1.00000000e+00   1.17279177e-01  -1.13059389e-03   2.12081318e+00   3.78137101e+00
 4.70000000e-01   8.33333334e-03   1.00000000e+00   1.19469026e-01  -1.15886952e-03   2.13161427e+00   3.78431354e+00
 4.80000000e-01   8.33333334e-03   1.00000000e+00   1.21588762e-01  -1.18646005e-03   2.14235277e+00   3.78747417e+00
 4.90000000e-01   8.33333334e-03   1.00000000e+00   1.23636637e-01  -1.21333331e-03   2.15304675e+00   3.79083235e+00
 5.00000000e-01   8.33333334e-03   1.00000000e+00   1.25611180e-01  -1.23945925e-03   2.16355653e+00   3.79433179e+00
 5.10000000e-01   8.33333334e-03   1.00000000e+00   1.27511077e-01  -1.26482692e-03   2.17390066e+00   3.79794759e+00
 5.20000000e-01   8.33333334e-03   1.00000000e+00   1.29335030e-01  -1.28940410e-03   2.18408238e+00   3.80167246e+00
 5.30000000e-01   8.33333334e-03   1.00000000e+00   1.31082074e-01  -1.31316406e-03   2.19404921e+00   3.80545912e+00
 5.40000000e-01   8.33333334e-03   1.00000000e+00   1.32751480e-01  -1.33608946e-03   2.20378584e+00   3.80929347e+00
 5.50000000e-01   8.33333334e-03   1.00000000e+00   1.34342689e-01  -1.35816714e-03   2.21328662e+00   3.81316169e+00
 5.60000000e-01   8.33333334e-03   1.00000000e+00   1.35855284e-01  -1.37938624e-03   2.22252385e+00   3.81704741e+00
 5.70000000e-01   8.33333334e-03   1.00000000e+00   1.37288980e-01  -1.39973733e-03   2.23143714e+00   3.82088298e+00
 5.80000000e-01   8.33333334e-03   1.00000000e+00   1.38643615e-01  -1.41921246e-03   2.24009890e+00   3.82475147e+00
 5.90000000e-01   8.33333334e-03   1.00000000e+00   1.39919153e-01  -1.43780486e-03   2.24843353e+00   3.82856160e+00
 6.00000000e-01   8.33333334e-03   1.00000000e+00   1.41115679e-01  -1.45550940e-03   2.25646026e+00   3.83232788e+00
 6.10000000e-01   8.33333334e-03   1.00000000e+00   1.42233399e-01  -1.47232213e-03   2.26415818e+00   3.83603905e+00
 6.20000000e-01   8.33333334e-03   1.00000000e+00   1.43272837e-01  -1.48824998e-03   2.27150027e+00   3.83966758e+00
 6.30000000e-01   8.33333334e-03   1.00000000e+00   1.44234242e-01  -1.50329494e-03   2.27849616e+00   3.84321315e+00
 6.40000000e-01   8.33333334e-03   1.00000000e+00   1.45118030e-01  -1.51744434e-03   2.28517183e+00   3.84668200e+00
 6.50000000e-01   8.33333334e-03   1.00000000e+00   1.45924981e-01  -1.53069150e-03   2.29144538e+00   3.85005363e+00
 6.60000000e-01   8.33333334e-03   1.00000000e+00   1.46655947e-01  -1.54304839e-03   2.29735317e+00   3.85329952e+00
 6.70000000e-01   8.33333334e-03   1.00000000e+00   1.47311802e-01  -1.55453247e-03   2.30288855e+00   3.85642843e+00
 6.80000000e-01   8.33333334e-03   1.00000000e+00   1.47893576e-01  -1.56515664e-03   2.30804792e+00   3.85943421e+00
 6.90000000e-01   8.33333334e-03   1.00000000e+00   1.48402288e-01  -1.57492501e-03   2.31283457e+00   3.86231791e+00
 7.00000000e-01   8.33333334e-03   1.00000000e+00   1.48838834e-01  -1.58383848e-03   2.31724833e+00   3.86507361e+00
 7.10000000e-01   8.33333334e-03   1.00000000e+00   1.49204033e-01  -1.59189214e-03   2.32128658e+00   3.86769906e+00
 7.20000000e-01   8.33333334e-03   1.00000000e+00   1.49499239e-01  -1.59910042e-03   2.32493107e+00   3.87016565e+00
 7.30000000e-01   8.33333334e-03   1.00000000e+00   1.49725677e-01  -1.60546059e-03   2.33377588e+00   3.87889646e+00
 7.40000000e-01   8.33333334e-03   1.00000000e+00   1.49885391e-01  -1.61098166e-03   2.32454351e+00   3.87142955e+00
 7.50000000e-01   8.33333334e-03   1.00000000e+00   1.49979866e-01  -1.61566309e-03   2.32731714e+00   3.87219658e+00
 7.60000000e-01   8.33333334e-03   1.00000000e+00   1.50010779e-01  -1.61954411e-03   2.33085153e+00   3.87380537e+00
 7.70000000e-01   8.33333334e-03   1.00000000e+00   1.49980909e-01  -1.62267877e-03   2.33331353e+00   3.87567997e+00
 7.80000000e-01   8.33333334e-03   1.00000000e+00   1.49891615e-01  -1.62506345e-03   2.33519542e+00   3.87735384e+00
 7.90000000e-01   8.33333334e-03   1.00000000e+00   1.49745888e-01  -1.62676259e-03   2.33667289e+00   3.87891525e+00
 8.00000000e-01   8.33333334e-03   1.00000000e+00   1.49544712e-01  -1.62777518e-03   2.33771544e+00   3.88029622e+00
 8.10000000e-01   8.33333334e-03   1.00000000e+00   1.49288718e-01  -1.62809867e-03   2.33842669e+00   3.88154027e+00
 8.20000000e-01   8.33333334e-03   1.00000000e+00   1.48978587e-01  -1.62773903e-03   2.33883863e+00   3.88266359e+00
 8.30000000e-01   8.33333334e-03   1.00000000e+00   1.48614968e-01  -1.62668462e-03   2.33893624e+00   3.88366607e+00
 8.40000000e-01   8.33333334e-03   1.00000000e+00   1.48199043e-01  -1.62492775e-03   2.33871736e+00   3.88455100e+00
 8.50000000e-01   8.33333334e-03   1.00000000e+00   1.47732404e-01  -1.62247546e-03   2.33815557e+00   3.88529247e+00
 8.60000000e-01   8.33333334e-03   1.00000000e+00   1.47216949e-01  -1.61934138e-03   2.33724650e+00   3.88586588e+00
 8.70000000e-01   8.33333334e-03   1.00000000e+00   1.46654968e-01  -1.61555306e-03   2.33598259e+00   3.88626367e+00
 8.80000000e-01   8.33333334e-03   1.00000000e+00   1.46050136e-01  -1.61118579e-03   2.33437705e+00   3.88649686e+00
 8.90000000e-01   8.33333334e-03   1.00000000e+00   1.45404530e-01  -1.60623616e-03   2.33240916e+00   3.88650171e+00
 9.00000000e-01   8.33333334e-03   1.00000000e+00   1.44722939e-01  -1.60059055e-03   2.35919420e+00   3.90862716e+00
 9.10000000e-01   8.33333334e-03   1.00000000e+00   1.44003574e-01  -1.59424364e-03   2.32910764e+00   3.90848885e+00
 9.20000000e-01   8.33333334e-03   1.00000000e+00   1.43249542e-01  -1.58757740e-03   2.31636233e+00   3.88535256e+00
 9.30000000e-01   8.33333334e-03   1.00000000e+00   1.42462992e-01  -1.58061619e-03   2.31731782e+00   3.88457241e+00
 9.40000000e-01   8.33333334e-03   1.00000000e+00   1.41645828e-01  -1.57330271e-03   2.31449052e+00   3.88385320e+00
 9.50000000e-01   8.33333334e-03   1.00000000e+00   1.40799891e-01  -1.56561643e-03   2.31105507e+00   3.88280352e+00
 9.60000000e-01   8.33333334e-03   1.00000000e+00   1.39927083e-01  -1.55753438e-03   2.30720022e+00   3.88156846e+00
 9.70000000e-01   8.33333334e-03   1.00000000e+00   1.39029320e-01  -1.54904917e-03   2.30308014e+00   3.88021631e+00
 9.80000000e-01   8.33333334e-03   1.00000000e+00   1.38108471e-01  -1.54017091e-03   2.29871893e+00   3.87872884e+00
 9.90000000e-01   8.33333334e-03   1.00000000e+00   1.37166388e-01  -1.53091928e-03   2.29415416e+00   3.87710768e+00
 1.00000000e+00   8.33333334e-03   1.00000000e+00   1.36204919e-01  -1.52132150e-03   2.28940023e+00   3.87535468e+00
 1.01000000e+00   8.33333334e-03   1.00000000e+00   1.35225916e-01  -1.51140817e-03   2.28447035e+00   3.87348291e+00
 1.02000000e+00   8.33333334e-03   1.00000000e+00   1.34231233e-01  -1.50121000e-03   2.27937906e+00   3.87148996e+00
 1.03000000e+00   8.33333334e-03   1.00000000e+00   1.33222715e-01  -1.49075504e-03   2.27414208e+00   3.86937833e+00
 1.04000000e+00   8.33333334e-03   1.00000000e+00   1.32202200e-01  -1.48006851e-03   2.26877187e+00   3.86715612e+00
 1.05000000e+00   8.33333334e-03   1.00000000e+00   1.31171041e-01  -1.46914816e-03   2.26327114e+00   3.86484216e+00
 1.06000000e+00   8.33333334e-03   1.00000000e+00   1.30131215e-01  -1.45803306e-03   2.25763716e+00   3.86239704e+00
 1.07000000e+00   8.33333334e-03   1.00000000e+00   1.29084581e-01  -1.44674188e-03   2.25190390e+00   3.85986072e+00
 1.08000000e+00   8.33333334e-03   1.00000000e+00   1.28032955e-01  -1.43529354e-03   2.24607963e+00   3.85722858e+00
 1.09000000e+00   8.33333334e-03   1.00000000e+00   1.26978113e-01  -1.42370889e-03   2.24016703e+00   3.85450908e+00
 1.10000000e+00   8.33333334e-03   1.00000000e+00   1.25921787e-01  -1.41200942e-03   2.23418000e+00   3.85170547e+00
 1.11000000e+00   8.33333334e-03   1.00000000e+00   1.24865656e-01  -1.40021739e-03   2.22808944e+00   3.84882696e+00
 1.12000000e+00   8.33333334e-03   1.00000000e+00   1.23811345e-01  -1.38835424e-03   2.22199595e+00   3.84587282e+00
 1.13000000e+00   8.33333334e-03   1.00000000e+00   1.22760423e-01  -1.37644214e-03   2.21588580e+00   3.84285604e+00
 1.14000000e+00   8.33333334e-03   1.00000000e+00   1.21714397e-01  -1.36450226e-03   2.20974112e+00   3.83977130e+00
 1.15000000e+00   8.33333334e-03   1.00000000e+00   1.20674764e-01  -1.35254811e-03   2.20357938e+00   3.83665309e+00
 1.16000000e+00   8.33333334e-03   1.00000000e+00   1.19643030e-01  -1.34060420e-03   2.19740035e+00   3.83347208e+00
 1.17000000e+00   8.33333334e-03   1.00000000e+00   1.18620515e-01  -1.32869143e-03   2.19125349e+00   3.83025512e+00
 1.18000000e+00   8.33333334e-03   1.00000000e+00   1.17608512e-01  -1.31682873e-03   2.18510687e+00   3.82701182e+00
 1.19000000e+00   8.33333334e-03   1.00000000e+00   1.16608233e-01  -1.30503313e-03   2.17898970e+00   3.82372841e+00
 1.20000000e+00   8.33333334e-03   1.00000000e+00   1.15620836e-01  -1.29331895e-03   2.17290685e+00   3.82042204e+00
 1.21000000e+00   8.33333334e-03   1.00000000e+00   1.14647427e-01  -1.28170072e-03   2.16685565e+00   3.81709492e+00
 1.22000000e+00   8.33333334e-03   1.00000000e+00   1.13689065e-01  -1.27019232e-03   2.16086717e+00   3.81375983e+00
 1.23000000e+00   8.33333334e-03   1.00000000e+00   1.12746765e-01  -1.25880662e-03   2.15492029e+00   3.81041389e+00
 1.24000000e+00   8.33333334e-03   1.00000000e+00   1.11821498e-01  -1.24755691e-03   2.14905313e+00   3.80706176e+00
 1.25000000e+00   8.33333334e-03   1.00000000e+00   1.10914192e-01  -1.23645535e-03   2.14324579e+00   3.80370660e+00
 1.26000000e+00   8.33333334e-03   1.00000000e+00   1.10025729e-01  -1.22551409e-03   2.13752087e+00   3.80035980e+00
 1.27000000e+00   8.33333334e-03   1.00000000e+00   1.09156945e-01  -1.21474598e-03   2.13186345e+00   3.79701999e+00
 1.28000000e+00   8.33333334e-03   1.00000000e+00   1.08308631e-01  -1.20416154e-03   2.12631097e+00   3.79369272e+00
 1.29000000e+00   8.33333334e-03   1.00000000e+00   1.07481526e-01  -1.19377205e-03   2.12082927e+00   3.79037014e+00
 1.30000000e+00   8.33333334e-03   1.00000000e+00   1.06676321e-01  -1.18358806e-03   2.11546539e+00   3.78708916e+00
 1.31000000e+00   8.33333334e-03   1.00000000e+00   1.05893658e-01  -1.17361911e-03   2.11019444e+00   3.78383103e+00
 1.32000000e+00   8.33333334e-03   1.00000000e+00   1.05134020e-01  -1.16386947e-03   2.10504413e+00   3.78060785e+00
 1.33000000e+00   8.33333334e-03   1.00000000e+00   1.04397738e-01  -1.15433680e-03   2.10000336e+00   3.77742118e+00
 1.34000000e+00   8.33333334e-03   1.00000000e+00   1.03685491e-01  -1.14504211e-03   2.09506497e+00   3.77425900e+00
 1.35000000e+00   8.33333334e-03   1.00000000e+00   1.02997822e-01  -1.13599543e-03   2.09025159e+00   3.77113817e+00
 1.36000000e+00   8.33333334e-03   1.00000000e+00   1.02335209e-01  -1.12720133e-03   2.08556005e+00   3.76805863e+00
 1.37000000e+00   8.33333334e-03   1.00000000e+00   1.01698110e-01  -1.11867192e-03   2.08098182e+00   3.76502538e+00
 1.38000000e+00   8.33333334e-03   1.00000000e+00   1.01086861e-01  -1.11041636e-03   2.07655800e+00   3.76204536e+00
 1.39000000e+00   8.33333334e-03   1.00000000e+00   1.00501716e-01  -1.10244174e-03   2.07225576e+00   3.75912577e+00
 1.40000000e+00   8.33333334e-03   1.00000000e+00   9.99428660e-02  -1.09475128e-03   2.06810341e+00   3.75626680e+00
 1.41000000e+00   8.33333334e-03   1.00000000e+00   9.94104592e-02  -1.08734890e-03   2.06409306e+00   3.75347388e+00
 1.42000000e+00   8.33333334e-03   1.00000000e+00   9.89046007e-02  -1.08023756e-03   2.06023144e+00   3.75074385e+00
 1.43000000e+00   8.33333334e-03   1.00000000e+00   9.84253558e-02  -1.07342042e-03   2.05651595e+00   3.74808688e+00
 1.44000000e+00   8.33333334e-03   1.00000000e+00   9.79727500e-02  -1.06689994e-03   2.05294361e+00   3.74550276e+00
 1.45000000e+00   8.33333334e-03   1.00000000e+00   9.75467693e-02  -1.06067814e-03   2.04951428e+00   3.74298968e+00
 1.46000000e+00   8.33333334e-03   1.00000000e+00   9.71473604e-02  -1.05475663e-03   2.04623877e+00   3.74055313e+00
 1.47000000e+00   8.33333334e-03   1.00000000e+00   9.67744305e-02  -1.04913639e-03   2.04311914e+00   3.73819341e+00
 1.48000000e+00   8.33333334e-03   1.00000000e+00   9.64277819e-02  -1.04381437e-03   2.04014915e+00   3.73591493e+00
 1.49000000e+00   8.33333334e-03   1.00000000e+00   9.61072835e-02  -1.03879142e-03   2.03732344e+00   3.73371999e+00
 1.50000000e+00   8.33333334e-03   1.00000000e+00   9.58127277e-02  -1.03407123e-03   2.03464868e+00   3.73159673e+00
 1.51000000e+00   8.33333334e-03   1.00000000e+00   9.55438674e-02  -1.02965050e-03   2.03213405e+00   3.72955874e+00
 1.52000000e+00   8.33333334e-03   1.00000000e+00   9.53004398e-02  -1.02552670e-03   2.02975841e+00   3.72760446e+00
 1.53000000e+00   8.33333334e-03   1.00000000e+00   9.50821581e-02  -1.02169531e-03   2.02753294e+00   3.72573808e+00
 1.54000000e+00   8.33333334e-03   1.00000000e+00   9.48887087e-02  -1.01816281e-03   2.01993068e+00   3.71882665e+00
 1.55000000e+00   8.33333334e-03   1.00000000e+00   9.47204426e-02  -1.01483045e-03   2.03045036e+00   3.72420186e+00
 1.56000000e+00   8.33333334e-03   1.00000000e+00   9.45760982e-02  -1.01179012e-03   2.02319764e+00   3.72425457e+00
 1.57000000e+00   8.33333334e-03   1.00000000e+00   9.44554496e-02  -1.00908416e-03   2.01620167e+00   3.71620496e+00
 1.58000000e+00   8.33333334e-03   1.00000000e+00   9.43578047e-02  -1.00672979e-03   2.02042225e+00   3.71724834e+00
 1.59000000e+00   8.33333334e-03   1.00000000e+00   9.42833287e-02  -1.00470290e-03   2.01969278e+00   3.71795691e+00
 1.60000000e+00   8.33333334e-03   1.00000000e+00   9.42313275e-02  -1.00294341e-03   2.01779989e+00   3.71680760e+00
 1.61000000e+00   8.33333334e-03   1.00000000e+00   9.42008822e-02  -1.00143540e-03   2.01643522e+00   3.71551335e+00
 1.62000000e+00   8.33333334e-03   1.00000000e+00   9.41914960e-02  -1.00017525e-03   2.01529502e+00   3.71433421e+00
 1.63000000e+00   8.33333334e-03   1.00000000e+00   9.42024250e-02  -9.99153692e-04   2.01433651e+00   3.71323814e+00
 1.64000000e+00   8.33333334e-03   1.00000000e+00   9.42330224e-02  -9.98368944e-04   2.01352385e+00   3.71223518e+00
 1.65000000e+00   8.33333334e-03   1.00000000e+00   9.42823089e-02  -9.97807333e-04   2.01285488e+00   3.71132238e+00
 1.66000000e+00   8.33333334e-03   1.00000000e+00   9.43501107e-02  -9.97477967e-04   2.01231528e+00   3.71049559e+00
 1.67000000e+00   8.33333334e-03   1.00000000e+00   9.44360284e-02  -9.97388158e-04   2.01189192e+00   3.70973607e+00
 1.68000000e+00   8.33333334e-03   1.00000000e+00   9.45395054e-02  -9.97527221e-04   2.01158117e+00   3.70905907e+00
 1.69000000e+00   8.33333334e-03   1.00000000e+00   9.46599429e-02  -9.97887414e-04   2.01138913e+00   3.70845617e+00
 1.70000000e+00   8.33333334e-03   1.00000000e+00   9.47971296e-02  -9.98466657e-04   2.01130789e+00   3.70792312e+00
 1.71000000e+00   8.33333334e-03   1.00000000e+00   9.49508044e-02  -9.99270708e-04   2.01132919e+00   3.70745543e+00
 1.72000000e+00   8.33333334e-03   1.00000000e+00   9.51205127e-02  -1.00029712e-03   2.01145432e+00   3.70705569e+00
 1.73000000e+00   8.33333334e-03   1.00000000e+00   9.53058645e-02  -1.00153459e-03   2.01169225e+00   3.70672407e+00
 1.74000000e+00   8.33333334e-03   1.00000000e+00   9.55054857e-02  -1.00297229e-03   2.01203703e+00   3.70646003e+00
 1.75000000e+00   8.33333334e-03   1.00000000e+00   9.57187606e-02  -1.00460352e-03   2.01250582e+00   3.70628502e+00
 1.76000000e+00   8.33333334e-03   1.00000000e+00   9.59449700e-02  -1.00641769e-03   2.01307796e+00   3.70616754e+00
 1.77000000e+00   8.33333334e-03   1.00000000e+00   9.61833926e-02  -1.00840512e-03   2.01374439e+00   3.70612421e+00
 1.78000000e+00   8.33333334e-03   1.00000000e+00   9.64333115e-02  -1.01055692e-03   2.01450954e+00   3.70615650e+00
 1.79000000e+00   8.33333334e-03   1.00000000e+00   9.66940258e-02  -1.01286384e-03   2.01536093e+00   3.70625249e+00
 1.80000000e+00   8.33333334e-03   1.00000000e+00   9.69648688e-02  -1.01531679e-03   2.01630300e+00   3.70641329e+00
 1.81000000e+00   8.33333334e-03   1.00000000e+00   9.72451973e-02  -1.01790802e-03   2.01732318e+00   3.70663746e+00
 1.82000000e+00   8.33333334e-03   1.00000000e+00   9.75343657e-02  -1.02063174e-03   2.01842638e+00   3.70692636e+00
 1.83000000e+00   8.33333334e-03   1.00000000e+00   9.78317249e-02  -1.02348018e-03   2.01959314e+00   3.70726337e+00
 1.84000000e+00   8.33333334e-03   1.00000000e+00   9.81366480e-02  -1.02644566e-03   2.02083526e+00   3.70765547e+00
 1.85000000e+00   8.33333334e-03   1.00000000e+00   9.84485199e-02  -1.02952153e-03   2.02214625e+00   3.70810347e+00
 1.86000000e+00   8.33333334e-03   1.00000000e+00   9.87667296e-02  -1.03270138e-03   2.02351302e+00   3.70859835e+00
 1.87000000e+00   8.33333334e-03   1.00000000e+00   9.90906677e-02  -1.03597881e-03   2.02494793e+00   3.70914642e+00
 1.88000000e+00   8.33333334e-03   1.00000000e+00   9.94197260e-02  -1.03934733e-03   2.02643614e+00   3.70973601e+00
 1.89000000e+00   8.33333334e-03   1.00000000e+00   9.97532986e-02  -1.04280032e-03   2.02797508e+00   3.71037272e+00
 1.90000000e+00   8.33333334e-03   1.00000000e+00   1.00090783e-01  -1.04633107e-03   2.02957092e+00   3.71105382e+00
 1.91000000e+00   8.33333334e-03   1.00000000e+00   1.00431734e-01  -1.04994051e-03   2.03120401e+00   3.71177424e+00
 1.92000000e+00   8.33333334e-03   1.00000000e+00   1.00775501e-01  -1.05361593e-03   2.03288859e+00   3.71252938e+00
 1.93000000e+00   8.33333334e-03   1.00000000e+00   1.01121472e-01  -1.05735063e-03   2.03461934e+00   3.71332858e+00
 1.94000000e+00   8.33333334e-03   1.00000000e+00   1.01469046e-01  -1.06113756e-03   2.03638326e+00   3.71416474e+00
 1.95000000e+00   8.33333334e-03   1.00000000e+00   1.01817636e-01  -1.06496930e-03   2.03818404e+00   3.71503408e+00
 1.96000000e+00   8.33333334e-03   1.00000000e+00   1.02166670e-01  -1.06883833e-03   2.04001571e+00   3.71593287e+00
 1.97000000e+00   8.33333334e-03   1.00000000e+00   1.02515590e-01  -1.07273715e-03   2.04188096e+00   3.71685988e+00
 1.98000000e+00   8.33333334e-03   1.00000000e+00   1.02863858e-01  -1.07665846e-03   2.04376170e+00   3.71781440e+00
 1.99000000e+00   8.33333334e-03   1.00000000e+00   1.03210955e-01  -1.08059520e-03   2.04566357e+00   3.71879419e+00
 2.00000000e+00   8.33333334e-03   1.00000000e+00   1.03556380e-01  -1.08454057e-03   2.04758383e+00   3.71979276e+00
 2.01000000e+00   8.33333334e-03   1.00000000e+00   1.03899638e-01  -1.08849024e-03   2.04951843e+00   3.72081299e+00
 2.02000000e+00   8.33333334e-03   1.00000000e+00   1.04240229e-01  -1.09243621e-03   2.05146337e+00   3.72186437e+00
 2.03000000e+00   8.33333334e-03   1.00000000e+00   1.04577716e-01  -1.09637157e-03   2.05341261e+00   3.72291679e+00
 2.04000000e+00   8.33333334e-03   1.00000000e+00   1.04911672e-01  -1.10028989e-03   2.05536903e+00   3.72398064e+00
 2.05000000e+00   8.33333334e-03   1.00000000e+00   1.05241694e-01  -1.10418585e-03   2.05732219e+00   3.72506064e+00
 2.06000000e+00   8.33333334e-03   1.00000000e+00   1.05567401e-01  -1.10805441e-03   2.05926798e+00   3.72614927e+00
 2.07000000e+00   8.33333334e-03   1.00000000e+00   1.05888428e-01  -1.11189078e-03   2.06120618e+00   3.72724440e+00
 2.08000000e+00   8.33333334e-03   1.00000000e+00   1.06204424e-01  -1.11569039e-03   2.06314622e+00   3.72834171e+00
 2.09000000e+00   8.33333334e-03   1.00000000e+00   1.06515055e-01  -1.11944883e-03   2.06506302e+00   3.72944687e+00
 2.10000000e+00   8.33333334e-03   1.00000000e+00   1.06820002e-01  -1.12316184e-03   2.06697271e+00   3.73055119e+00
 2.11000000e+00   8.33333334e-03   1.00000000e+00   1.07118959e-01  -1.12682526e-03   2.06886619e+00   3.73165777e+00
 2.12000000e+00   8.33333334e-03   1.00000000e+00   1.07411636e-01  -1.13043508e-03   2.07073648e+00   3.73276207e+00
 2.13000000e+00   8.33333334e-03   1.00000000e+00   1.07697757e-01  -1.13398740e-03   2.07258677e+00   3.73386281e+00
 2.14000000e+00   8.33333334e-03   1.00000000e+00   1.07977065e-01  -1.13747842e-03   2.07441944e+00   3.73495974e+00
 2.15000000e+00   8.33333334e-03   1.00000000e+00   1.08249315e-01  -1.14090455e-03   2.07622159e+00   3.73604835e+00
 2.16000000e+00   8.33333334e-03   1.00000000e+00   1.08514281e-01  -1.14426234e-03   2.07799022e+00   3.73713270e+00
 2.17000000e+00   8.33333334e-03   1.00000000e+00   1.08771791e-01  -1.14755021e-03   2.07974318e+00   3.73820567e+00
 2.18000000e+00   8.33333334e-03   1.00000000e+00   1.09021625e-01  -1.15076414e-03   2.08145405e+00   3.73927003e+00
 2.19000000e+00   8.33333334e-03   1.00000000e+00   1.09263687e-01  -1.15390509e-03   2.08314535e+00   3.74032279e+00
 2.20000000e+00   8.33333334e-03   1.00000000e+00   1.09497762e-01  -1.15696678e-03   2.08478929e+00   3.74135933e+00
 2.21000000e+00   8.33333334e-03   1.00000000e+00   1.09723678e-01  -1.15994605e-03   2.08641981e+00   3.74240152e+00
 2.22000000e+00   8.33333334e-03   1.00000000e+00   1.09941284e-01  -1.16284152e-03   2.08799839e+00   3.74341581e+00
 2.23000000e+00   8.33333334e-03   1.00000000e+00   1.10150432e-01  -1.16564934e-03   2.08954887e+00   3.74441375e+00
 2.24000000e+00   8.33333334e-03   1.00000000e+00   1.10351013e-01  -1.16836636e-03   2.09104983e+00   3.74539627e+00
 2.25000000e+00   8.33333334e-03   1.00000000e+00   1.10542945e-01  -1.17099055e-03   2.09251104e+00   3.74636051e+00
 2.26000000e+00   8.33333334e-03   1.00000000e+00   1.10726166e-01  -1.17352041e-03   2.09392295e+00   3.74730756e+00
 2.27000000e+00   8.33333334e-03   1.00000000e+00   1.10900630e-01  -1.17595473e-03   2.09530081e+00   3.74822938e+00
 2.28000000e+00   8.33333334e-03   1.00000000e+00   1.11066303e-01  -1.17829247e-03   2.09662125e+00   3.74913347e+00
 2.29000000e+00   8.33333334e-03   1.00000000e+00   1.11223167e-01  -1.18053271e-03   2.09790383e+00   3.75000893e+00
 2.30000000e+00   8.33333334e-03   1.00000000e+00   1.11371215e-01  -1.18267472e-03   2.09913878e+00   3.75086628e+00
 2.31000000e+00   8.33333334e-03   1.00000000e+00   1.11510456e-01  -1.18471785e-03   2.10031892e+00   3.75170095e+00
 2.32000000e+00   8.33333334e-03   1.00000000e+00   1.11640909e-01  -1.18666161e-03   2.10145767e+00   3.75250967e+00
 2.33000000e+00   8.33333334e-03   1.00000000e+00   1.11762609e-01  -1.18850569e-03   2.10254404e+00   3.75329334e+00
 2.34000000e+00   8.33333334e-03   1.00000000e+00   1.11875624e-01  -1.19025100e-03   2.10358092e+00   3.75405364e+00
 2.35000000e+00   8.33333334e-03   1.00000000e+00   1.11980000e-01  -1.19189744e-03   2.10457521e+00   3.75478366e+00
 2.36000000e+00   8.33333334e-03   1.00000000e+00   1.12075809e-01  -1.19344396e-03   2.10551117e+00   3.75549188e+00
 2.37000000e+00   8.33333334e-03   1.00000000e+00   1.12163134e-01  -1.19489139e-03   2.10639317e+00   3.75616328e+00
 2.38000000e+00   8.33333334e-03   1.00000000e+00   1.12242067e-01  -1.19624054e-03   2.10723416e+00   3.75681279e+00
 2.39000000e+00   8.33333334e-03   1.00000000e+00   1.12312735e-01  -1.19749448e-03   2.10802270e+00   3.75743832e+00
 2.40000000e+00   8.33333334e-03   1.00000000e+00   1.12374748e-01  -1.19865173e-03   2.10876663e+00   3.75803483e+00
 2.41000000e+00   8.33333334e-03   1.00000000e+00   1.12428348e-01  -1.19968619e-03   2.10946434e+00   3.75861659e+00
 2.42000000e+00   8.33333334e-03   1.00000000e+00   1.12473564e-01  -1.20060266e-03   2.11010012e+00   3.75916546e+00
 2.43000000e+00   8.33333334e-03   1.00000000e+00   1.12510103e-01  -1.20140568e-03   2.11069298e+00   3.75968532e+00
 2.44000000e+00   8.33333334e-03   1.00000000e+00   1.12537782e-01  -1.20208545e-03   2.11123530e+00   3.76018494e+00
 2.45000000e+00   8.33333334e-03   1.00000000e+00   1.12556664e-01  -1.20263265e-03   2.11172470e+00   3.76065627e+00
 2.46000000e+00   8.33333334e-03   1.00000000e+00   1.12567809e-01  -1.20305463e-03   2.11214586e+00   3.76110058e+00
 2.47000000e+00   8.33333334e-03   1.00000000e+00   1.12571514e-01  -1.20339995e-03   2.11247957e+00   3.76148678e+00
 2.48000000e+00   8.33333334e-03   1.00000000e+00   1.12568722e-01  -1.20364272e-03   2.11275860e+00   3.76183032e+00
 2.49000000e+00   8.33333334e-03   1.00000000e+00   1.12559780e-01  -1.20378794e-03   2.11296562e+00   3.76211692e+00
 2.50000000e+00   8.33333334e-03   1.00000000e+00   1.12545683e-01  -1.20388305e-03   2.11311599e+00   3.76236192e+00
 2.51000000e+00   8.33333334e-03   1.00000000e+00   1.12527287e-01  -1.20394828e-03   2.11321846e+00   3.76255476e+00
 2.52000000e+00   8.33333334e-03   1.00000000e+00   1.12504757e-01  -1.20398354e-03   2.11327739e+00   3.76272005e+00
 2.53000000e+00   8.33333334e-03   1.00000000e+00   1.12478264e-01  -1.20399105e-03   2.11332688e+00   3.76286390e+00
 2.54000000e+00   8.33333334e-03   1.00000000e+00   1.12448057e-01  -1.20396809e-03   2.11336248e+00   3.76298997e+00
 2.55000000e+00   8.33333334e-03   1.00000000e+00   1.12414364e-01  -1.20391730e-03   2.11337212e+00   3.76309990e+00
 2.56000000e+00   8.33333334e-03   1.00000000e+00   1.12376919e-01  -1.20383436e-03   2.11337238e+00   3.76319065e+00
 2.57000000e+00   8.33333334e-03   1.00000000e+00   1.12335697e-01  -1.20371584e-03   2.11336387e+00   3.76327822e+00
 2.58000000e+00   8.33333334e-03   1.00000000e+00   1.12290890e-01  -1.20356514e-03   2.11334972e+00   3.76336102e+00
 2.59000000e+00   8.33333334e-03   1.00000000e+00   1.12242286e-01  -1.20336983e-03   2.11331107e+00   3.76343686e+00
 2.60000000e+00   8.33333334e-03   1.00000000e+00   1.12189880e-01  -1.20312530e-03   2.11326270e+00   3.76351214e+00
 2.61000000e+00   8.33333334e-03   1.00000000e+00   1.12133764e-01  -1.20283152e-03   2.11319562e+00   3.76357105e+00
 2.62000000e+00   8.33333334e-03   1.00000000e+00   1.12073775e-01  -1.20248924e-03   2.11310192e+00   3.76362601e+00
 2.63000000e+00   8.33333334e-03   1.00000000e+00   1.12009966e-01  -1.20209647e-03   2.11299145e+00   3.76366948e+00
 2.64000000e+00   8.33333334e-03   1.00000000e+00   1.11942717e-01  -1.20164676e-03   2.11285590e+00   3.76370944e+00
 2.65000000e+00   8.33333334e-03   1.00000000e+00   1.11871858e-01  -1.20115039e-03   2.11268951e+00   3.76372342e+00
 2.66000000e+00   8.33333334e-03   1.00000000e+00   1.11797424e-01  -1.20059732e-03   2.11249840e+00   3.76373009e+00
 2.67000000e+00   8.33333334e-03   1.00000000e+00   1.11719566e-01  -1.19998073e-03   2.11228923e+00   3.76372200e+00
 2.68000000e+00   8.33333334e-03   1.00000000e+00   1.11638329e-01  -1.19930530e-03   2.11204017e+00   3.76369291e+00
 2.69000000e+00   8.33333334e-03   1.00000000e+00   1.11553797e-01  -1.19857544e-03   2.11176886e+00   3.76364992e+00
 2.70000000e+00   8.33333334e-03   1.00000000e+00   1.11466234e-01  -1.19777926e-03   2.11146485e+00   3.76358725e+00
 2.71000000e+00   8.33333334e-03   1.00000000e+00   1.11375702e-01  -1.19692553e-03   2.11112740e+00   3.76350594e+00
 2.72000000e+00   8.33333334e-03   1.00000000e+00   1.11282775e-01  -1.19601904e-03   2.11076950e+00   3.76340690e+00
 2.73000000e+00   8.33333334e-03   1.00000000e+00   1.11187268e-01  -1.19507331e-03   2.11036469e+00   3.76327898e+00
 2.74000000e+00   8.33333334e-03   1.00000000e+00   1.11089221e-01  -1.19408032e-03   2.10994854e+00   3.76314639e+00
 2.75000000e+00   8.33333334e-03   1.00000000e+00   1.10989388e-01  -1.19303075e-03   2.10951512e+00   3.76300061e+00
 2.76000000e+00   8.33333334e-03   1.00000000e+00   1.10887821e-01  -1.19195652e-03   2.10903421e+00   3.76282185e+00
 2.77000000e+00   8.33333334e-03   1.00000000e+00   1.10784414e-01  -1.19085316e-03   2.10854462e+00   3.76263188e+00
 2.78000000e+00   8.33333334e-03   1.00000000e+00   1.10679834e-01  -1.18970241e-03   2.10803536e+00   3.76243538e+00
 2.79000000e+00   8.33333334e-03   1.00000000e+00   1.10574161e-01  -1.18853731e-03   2.10750238e+00   3.76221194e+00
 2.80000000e+00   8.33333334e-03   1.00000000e+00   1.10467228e-01  -1.18735457e-03   2.10694867e+00   3.76197873e+00
 2.81000000e+00   8.33333334e-03   1.00000000e+00   1.10359582e-01  -1.18613939e-03   2.10639843e+00   3.76174590e+00
 2.82000000e+00   8.33333334e-03   1.00000000e+00   1.10251416e-01  -1.18490981e-03   2.10583078e+00   3.76149248e+00
 2.83000000e+00   8.33333334e-03   1.00000000e+00   1.10142935e-01  -1.18367039e-03   2.10524186e+00   3.76122630e+00
 2.84000000e+00   8.33333334e-03   1.00000000e+00   1.10034334e-01  -1.18242391e-03   2.10464226e+00   3.76094998e+00
 2.85000000e+00   8.33333334e-03   1.00000000e+00   1.09925787e-01  -1.18117310e-03   2.10403862e+00   3.76066973e+00
 2.86000000e+00   8.33333334e-03   1.00000000e+00   1.09817457e-01  -1.17992041e-03   2.10343596e+00   3.76037734e+00
 2.87000000e+00   8.33333334e-03   1.00000000e+00   1.09709501e-01  -1.17866732e-03   2.10282373e+00   3.76007725e+00
 2.88000000e+00   8.33333334e-03   1.00000000e+00   1.09602075e-01  -1.17741648e-03   2.10221929e+00   3.75977891e+00
 2.89000000e+00   8.33333334e-03   1.00000000e+00   1.09495311e-01  -1.17616986e-03   2.10159622e+00   3.75946808e+00
 2.90000000e+00   8.33333334e-03   1.00000000e+00   1.09389330e-01  -1.17492903e-03   2.10098194e+00   3.75915454e+00
 2.91000000e+00   8.33333334e-03   1.00000000e+00   1.09284243e-01  -1.17369521e-03   2.10036735e+00   3.75883653e+00
 2.92000000e+00   8.33333334e-03   1.00000000e+00   1.09180157e-01  -1.17246943e-03   2.09974851e+00   3.75851593e+00
 2.93000000e+00   8.33333334e-03   1.00000000e+00   1.09077174e-01  -1.17125257e-03   2.09913146e+00   3.75818259e+00
 2.94000000e+00   8.33333334e-03   1.00000000e+00   1.08975389e-01  -1.17004534e-03   2.09852339e+00   3.75785893e+00
 2.95000000e+00   8.33333334e-03   1.00000000e+00   1.08874901e-01  -1.16884864e-03   2.09792608e+00   3.75753510e+00
 2.96000000e+00   8.33333334e-03   1.00000000e+00   1.08775806e-01  -1.16766327e-03   2.09731988e+00   3.75720971e+00
 2.97000000e+00   8.33333334e-03   1.00000000e+00   1.08678201e-01  -1.16649009e-03   2.09672474e+00   3.75688140e+00
 2.98000000e+00   8.33333334e-03   1.00000000e+00   1.08582177e-01  -1.16533000e-03   2.09613909e+00   3.75655021e+00
 2.99000000e+00   8.33333334e-03   1.00000000e+00   1.08488264e-01  -1.16418394e-03   2.09554962e+00   3.75622177e+00
 3.00000000e+00   8.33333334e-03   1.00000000e+00   1.08396154e-01  -1.16307533e-03   2.09494885e+00   3.75587824e+00
 3.01000000e+00   8.33333334e-03   1.00000000e+00   1.08306038e-01  -1.16197899e-03   2.09438613e+00   3.75554822e+00
 3.02000000e+00   8.33333334e-03   1.00000000e+00   1.08217903e-01  -1.16090236e-03   2.09381746e+00   3.75521511e+00
 3.03000000e+00   8.33333334e-03   1.00000000e+00   1.08131860e-01  -1.15984176e-03   2.09326104e+00   3.75488753e+00
 3.04000000e+00   8.33333334e-03   1.00000000e+00   1.08048366e-01  -1.15880193e-03   2.09271239e+00   3.75455927e+00
 3.05000000e+00   8.33333334e-03   1.00000000e+00   1.07967084e-01  -1.15780321e-03   2.09216728e+00   3.75422472e+00
 3.06000000e+00   8.33333334e-03   1.00000000e+00   1.07888177e-01  -1.15681932e-03   2.09164107e+00   3.75390222e+00
 3.07000000e+00   8.33333334e-03   1.00000000e+00   1.07811597e-01  -1.15585862e-03   2.09112729e+00   3.75358024e+00
 3.08000000e+00   8.33333334e-03   1.00000000e+00   1.07737838e-01  -1.15491849e-03   2.09062135e+00   3.75326452e+00
 3.09000000e+00   8.33333334e-03   1.00000000e+00   1.07666549e-01  -1.15402066e-03   2.09011549e+00   3.75293779e+00
 3.10000000e+00   8.33333334e-03   1.00000000e+00   1.07598249e-01  -1.15314355e-03   2.08963503e+00   3.75262728e+00
 3.11000000e+00   8.33333334e-03   1.00000000e+00   1.07532532e-01  -1.15231002e-03   2.08915464e+00   3.75231162e+00
 3.12000000e+00   8.33333334e-03   1.00000000e+00   1.07469891e-01  -1.15149753e-03   2.08871291e+00   3.75201015e+00
 3.13000000e+00   8.33333334e-03   1.00000000e+00   1.07410283e-01  -1.15073142e-03   2.08826301e+00   3.75170496e+00
 3.14000000e+00   8.33333334e-03   1.00000000e+00   1.07353453e-01  -1.15000109e-03   2.08783726e+00   3.75140727e+00
 3.15000000e+00   8.33333334e-03   1.00000000e+00   1.07299790e-01  -1.14929054e-03   2.08742659e+00   3.75112215e+00
 3.16000000e+00   8.33333334e-03   1.00000000e+00   1.07249248e-01  -1.14862607e-03   2.08703089e+00   3.75083327e+00
 3.17000000e+00   8.33333334e-03   1.00000000e+00   1.07202023e-01  -1.14799538e-03   2.08664698e+00   3.75055192e+00
 3.18000000e+00   8.33333334e-03   1.00000000e+00   1.07158108e-01  -1.14740927e-03   2.08627689e+00   3.75027420e+00
 3.19000000e+00   8.33333334e-03   1.00000000e+00   1.07117491e-01  -1.14686391e-03   2.08592778e+00   3.75000522e+00
 3.20000000e+00   8.33333334e-03   1.00000000e+00   1.07080208e-01  -1.14635736e-03   2.08560337e+00   3.74974384e+00
 3.21000000e+00   8.33333334e-03   1.00000000e+00   1.07046257e-01  -1.14588949e-03   2.08528942e+00   3.74948817e+00
 3.22000000e+00   8.33333334e-03   1.00000000e+00   1.07015645e-01  -1.14545899e-03   2.08499762e+00   3.74924325e+00
 3.23000000e+00   8.33333334e-03   1.00000000e+00   1.06988349e-01  -1.14506758e-03   2.08472698e+00   3.74900470e+00
 3.24000000e+00   8.33333334e-03   1.00000000e+00   1.06964772e-01  -1.14472331e-03   2.08446988e+00   3.74877430e+00
 3.25000000e+00   8.33333334e-03   1.00000000e+00   1.06945077e-01  -1.14443965e-03   2.08422433e+00   3.74854266e+00
 3.26000000e+00   8.33333334e-03   1.00000000e+00   1.06930115e-01  -1.14423401e-03   2.08401027e+00   3.74831790e+00
 3.27000000e+00   8.33333334e-03   1.00000000e+00   1.06919550e-01  -1.14408430e-03   2.08378997e+00   3.74808607e+00
 3.28000000e+00   8.33333334e-03   1.00000000e+00   1.06914004e-01  -1.14401048e-03   2.08362161e+00   3.74787170e+00
 3.29000000e+00   8.33333334e-03   1.00000000e+00   1.06913994e-01  -1.14400672e-03   2.08346327e+00   3.74764792e+00
 3.30000000e+00   8.33333334e-03   1.00000000e+00   1.06913977e-01  -1.14396815e-03   2.08330868e+00   3.74742336e+00
 3.31000000e+00   8.33333334e-03   1.00000000e+00   1.06914666e-01  -1.14390471e-03   2.08334215e+00   3.74730444e+00
 3.32000000e+00   8.33333334e-03   1.00000000e+00   1.06915961e-01  -1.14382839e-03   2.08335836e+00   3.74724848e+00
 3.33000000e+00   8.33333334e-03   1.00000000e+00   1.06918073e-01  -1.14374166e-03   2.08334418e+00   3.74721557e+00
 3.34000000e+00   8.33333334e-03   1.00000000e+00   1.06921164e-01  -1.14366397e-03   2.08332317e+00   3.74718288e+00
 3.35000000e+00   8.33333334e-03   1.00000000e+00   1.06924919e-01  -1.14357666e-03   2.08329126e+00   3.74714199e+00
 3.36000000e+00   8.33333334e-03   1.00000000e+00   1.06929368e-01  -1.14348577e-03   2.08327080e+00   3.74711668e+00
 3.37000000e+00   8.33333334e-03   1.00000000e+00   1.06934618e-01  -1.14340070e-03   2.08323628e+00   3.74708828e+00
 3.38000000e+00   8.33333334e-03   1.00000000e+00   1.06940631e-01  -1.14332218e-03   2.08320480e+00   3.74705889e+00
 3.39000000e+00   8.33333334e-03   1.00000000e+00   1.06947342e-01  -1.14325029e-03   2.08317138e+00   3.74703183e+00
 3.40000000e+00   8.33333334e-03   1.00000000e+00   1.06955136e-01  -1.14319478e-03   2.08314431e+00   3.74700893e+00
 3.41000000e+00   8.33333334e-03   1.00000000e+00   1.06963673e-01  -1.14314955e-03   2.08311961e+00   3.74698474e+00
 3.42000000e+00   8.33333334e-03   1.00000000e+00   1.06972842e-01  -1.14311089e-03   2.08309678e+00   3.74696514e+00
 3.43000000e+00   8.33333334e-03   1.00000000e+00   1.06982438e-01  -1.14307949e-03   2.08308684e+00   3.74695468e+00
 3.44000000e+00   8.33333334e-03   1.00000000e+00   1.06992368e-01  -1.14305439e-03   2.08309244e+00   3.74695449e+00
 3.45000000e+00   8.33333334e-03   1.00000000e+00   1.07002680e-01  -1.14303797e-03   2.08309842e+00   3.74696361e+00
 3.46000000e+00   8.33333334e-03   1.00000000e+00   1.07013171e-01  -1.14302887e-03   2.08312001e+00   3.74697866e+00
 3.47000000e+00   8.33333334e-03   1.00000000e+00   1.07023775e-01  -1.14302489e-03   2.08313307e+00   3.74700031e+00
 3.48000000e+00   8.33333334e-03   1.00000000e+00   1.07034448e-01  -1.14302701e-03   2.08315270e+00   3.74702661e+00
 3.49000000e+00   8.33333334e-03   1.00000000e+00   1.07045058e-01  -1.14303406e-03   2.08317870e+00   3.74705902e+00
 3.50000000e+00   8.33333334e-03   1.00000000e+00   1.07055546e-01  -1.14304454e-03   2.08320456e+00   3.74709306e+00
 3.51000000e+00   8.33333334e-03   1.00000000e+00   1.07065869e-01  -1.14305812e-03   2.08323594e+00   3.74713165e+00
 3.52000000e+00   8.33333334e-03   1.00000000e+00   1.07075999e-01  -1.14307450e-03   2.08327242e+00   3.74717800e+00
 3.53000000e+00   8.33333334e-03   1.00000000e+00   1.07085875e-01  -1.14309411e-03   2.08330615e+00   3.74722235e+00
 3.54000000e+00   8.33333334e-03   1.00000000e+00   1.07095519e-01  -1.14311545e-03   2.08334326e+00   3.74726991e+00
 3.55000000e+00   8.33333334e-03   1.00000000e+00   1.07104916e-01  -1.14313861e-03   2.08337259e+00   3.74731609e+00
 3.56000000e+00   8.33333334e-03   1.00000000e+00   1.07114076e-01  -1.14316322e-03   2.08341553e+00   3.74736167e+00
 3.57000000e+00   8.33333334e-03   1.00000000e+00   1.07123053e-01  -1.14319073e-03   2.08344348e+00   3.74740240e+00
 3.58000000e+00   8.33333334e-03   1.00000000e+00   1.07131514e-01  -1.14321608e-03   2.08347211e+00   3.74744163e+00
 3.59000000e+00   8.33333334e-03   1.00000000e+00   1.07139536e-01  -1.14324114e-03   2.08351606e+00   3.74748831e+00
 3.60000000e+00   8.33333334e-03   1.00000000e+00   1.07146936e-01  -1.14326834e-03   2.08355124e+00   3.74753321e+00
 3.61000000e+00   8.33333334e-03   1.00000000e+00   1.07153921e-01  -1.14329685e-03   2.08359428e+00   3.74758857e+00
 3.62000000e+00   8.33333334e-03   1.00000000e+00   1.07160460e-01  -1.14332514e-03   2.08364073e+00   3.74764664e+00
 3.63000000e+00   8.33333334e-03   1.00000000e+00   1.07166261e-01  -1.14334641e-03   2.08368191e+00   3.74769964e+00
 3.64000000e+00   8.33333334e-03   1.00000000e+00   1.07171526e-01  -1.14336804e-03   2.08371841e+00   3.74775580e+00
 3.65000000e+00   8.33333334e-03   1.00000000e+00   1.07176370e-01  -1.14338918e-03   2.08375699e+00   3.74780417e+00
 3.66000000e+00   8.33333334e-03   1.00000000e+00   1.07180694e-01  -1.14341226e-03   2.08378276e+00   3.74785122e+00
 3.67000000e+00   8.33333334e-03   1.00000000e+00   1.07184165e-01  -1.14342686e-03   2.08381580e+00   3.74790018e+00
 3.68000000e+00   8.33333334e-03   1.00000000e+00   1.07187135e-01  -1.14344200e-03   2.08385998e+00   3.74796128e+00
 3.69000000e+00   8.33333334e-03   1.00000000e+00   1.07188873e-01  -1.14345113e-03   2.08389272e+00   3.74800755e+00
 3.70000000e+00   8.33333334e-03   1.00000000e+00   1.07190075e-01  -1.14345717e-03   2.08395086e+00   3.74808069e+00
 3.71000000e+00   8.33333334e-03   1.00000000e+00   1.07190078e-01  -1.14345815e-03   2.08397084e+00   3.74813874e+00
 3.72000000e+00   8.33333334e-03   1.00000000e+00   1.07190078e-01  -1.14345814e-03   2.08401911e+00   3.74820863e+00
 3.73000000e+00   8.33333334e-03   1.00000000e+00   1.07190079e-01  -1.14345814e-03   2.08400903e+00   3.74825560e+00
 3.74000000e+00   8.33333334e-03   1.00000000e+00   1.07190079e-01  -1.14345813e-03   2.08400344e+00   3.74826579e+00
 3.75000000e+00   8.33333334e-03   1.00000000e+00   1.07190079e-01  -1.14345813e-03   2.08399479e+00   3.74826869e+00
 3.76000000e+00   8.33333334e-03   1.00000000e+00   1.07190080e-01  -1.14345864e-03   2.08399034e+00   3.74827042e+00
 3.77000000e+00   8.33333334e-03   1.00000000e+00   1.07190080e-01  -1.14345864e-03   2.08398584e+00   3.74826912e+00
 3.78000000e+00   8.33333334e-03   1.00000000e+00   1.07190081e-01  -1.14345864e-03   2.08399014e+00   3.74826830e+00
 3.79000000e+00   8.33333334e-03   1.00000000e+00   1.07190081e-01  -1.14345864e-03   2.08399044e+00   3.74827072e+00
 3.80000000e+00   8.33333334e-03   1.00000000e+00   1.07190081e-01  -1.14345864e-03   2.08398761e+00   3.74827005e+00
 3.81000000e+00   8.33333334e-03   1.00000000e+00   1.07190081e-01  -1.14345864e-03   2.08399003e+00   3.74826913e+00
 3.82000000e+00   8.33333334e-03   1.00000000e+00   1.07190081e-01  -1.14345864e-03   2.08399358e+00   3.74826718e+00
 3.83000000e+00   8.33333334e-03   1.00000000e+00   1.07190081e-01  -1.14345864e-03   2.08399424e+00   3.74826980e+00
 3.84000000e+00   8.33333334e-03   1.00000000e+00   1.07190081e-01  -1.14345864e-03   2.08399140e+00   3.74827060e+00
 3.85000000e+00   8.33333334e-03   1.00000000e+00   1.07190081e-01  -1.14345864e-03   2.08399083e+00   3.74826973e+00
 3.86000000e+00   8.33333334e-03   1.00000000e+00   1.07190081e-01  -1.14345864e-03   2.08398918e+00   3.74826959e+00
 3.87000000e+00   8.33333334e-03   1.00000000e+00   1.07190081e-01  -1.14345864e-03   2.08399168e+00   3.74826989e+00
 3.88000000e+00   8.33333334e-03   1.00000000e+00   1.07190081e-01  -1.14345864e-03   2.08398866e+00   3.74827054e+00
 3.89000000e+00   8.33333334e-03   1.00000000e+00   1.07190081e-01  -1.14345864e-03   2.08398956e+00   3.74826961e+00
 3.90000000e+00   8.33333334e-03   1.00000000e+00   1.07190081e-01  -1.14345864e-03   2.08399308e+00   3.74826931e+00
 3.91000000e+00   8.33333334e-03   1.00000000e+00   1.07190081e-01  -1.14345864e-03   2.08398957e+00   3.74826898e+00
 3.92000000e+00   8.33333334e-03   1.00000000e+00   1.07190081e-01  -1.14345864e-03   2.08399429e+00   3.74826973e+00
 3.93000000e+00   8.33333334e-03   1.00000000e+00   1.07190081e-01  -1.14345864e-03   2.08399044e+00   3.74826849e+00
 3.94000000e+00   8.33333334e-03   1.00000000e+00   1.07190081e-01  -1.14345864e-03   2.08399211e+00   3.74827053e+00
 3.95000000e+00   8.33333334e-03   1.00000000e+00   1.07190081e-01  -1.14345864e-03   2.08398723e+00   3.74827127e+00
 3.96000000e+00   8.33333334e-03   1.00000000e+00   1.07190081e-01  -1.14345864e-03   2.08398923e+00   3.74826939e+00
 3.97000000e+00   8.33333334e-03   1.00000000e+00   1.07190081e-01  -1.14345864e-03   2.08399308e+00   3.74827011e+00
 3.98000000e+00   8.33333334e-03   1.00000000e+00   1.07190081e-01  -1.14345864e-03   2.08399350e+00   3.74827029e+00
 3.99000000e+00   8.33333334e-03   1.00000000e+00   1.07190081e-01  -1.14345864e-03   2.08399288e+00   3.74826949e+00
 4.00000000e+00   8.33333334e-03   1.00000000e+00   1.07190081e-01  -1.14345864e-03   2.08399242e+00   3.74826836e+00
 4.01000000e+00   8.33333334e-03   1.00000000e+00   1.07190081e-01  -1.14345864e-03   2.08399527e+00   3.74826993e+00
 4.02000000e+00   8.33333334e-03   1.00000000e+00   1.07190081e-01  -1.14345864e-03   2.08399001e+00   3.74826915e+00
 4.03000000e+00   8.33333334e-03   1.00000000e+00   1.07190081e-01  -1.14345864e-03   2.08398858e+00   3.74826928e+00
 4.04000000e+00   8.33333334e-03   1.00000000e+00   1.07190081e-01  -1.14345864e-03   2.08399667e+00   3.74826993e+00
 4.05000000e+00   8.33333334e-03   1.00000000e+00   1.07190081e-01  -1.14345864e-03   2.08399443e+00   3.74826862e+00
 4.06000000e+00   8.33333334e-03   1.00000000e+00   1.07190081e-01  -1.14345864e-03   2.08398949e+00   3.74826851e+00
 4.07000000e+00   8.33333334e-03   1.00000000e+00   1.07190081e-01  -1.14345864e-03   2.08399306e+00   3.74826941e+00
 4.08000000e+00   8.33333334e-03   1.00000000e+00   1.07190081e-01  -1.14345864e-03   2.08399397e+00   3.74826852e+00
 4.09000000e+00   8.33333334e-03   1.00000000e+00   1.07190081e-01  -1.14345864e-03   2.08399110e+00   3.74826969e+00
 4.10000000e+00   8.33333334e-03   1.00000000e+00   1.07190081e-01  -1.14345864e-03   2.08399098e+00   3.74826828e+00
 4.11000000e+00   8.33333334e-03   1.00000000e+00   1.07190081e-01  -1.14345864e-03   2.08398728e+00   3.74826996e+00
 4.12000000e+00   8.33333334e-03   1.00000000e+00   1.07190081e-01  -1.14345864e-03   2.08399110e+00   3.74827034e+00
 4.13000000e+00   8.33333334e-03   1.00000000e+00   1.07190081e-01  -1.14345864e-03   2.08399484e+00   3.74826651e+00
 4.14000000e+00   8.33333334e-03   1.00000000e+00   1.07190081e-01  -1.14345864e-03   2.08398688e+00   3.74826812e+00
 4.15000000e+00   8.33333334e-03   1.00000000e+00   1.07190081e-01  -1.14345864e-03   2.08399374e+00   3.74826926e+00
 4.16000000e+00   8.33333334e-03   1.00000000e+00   1.07190081e-01  -1.14345864e-03   2.08399132e+00   3.74826709e+00
 4.17000000e+00   8.33333334e-03   1.00000000e+00   1.07190081e-01  -1.14345864e-03   2.08399486e+00   3.74827031e+00
 4.18000000e+00   8.33333334e-03   1.00000000e+00   1.07190081e-01  -1.14345864e-03   2.08399636e+00   3.74826810e+00
 4.19000000e+00   8.33333334e-03   1.00000000e+00   1.07190081e-01  -1.14345864e-03   2.08399664e+00   3.74826673e+00
 4.20000000e+00   8.33333334e-03   1.00000000e+00   1.07190081e-01  -1.14345864e-03   2.08399544e+00   3.74826733e+00
 4.21000000e+00   8.33333334e-03   1.00000000e+00   1.07190081e-01  -1.14345864e-03   2.08399013e+00   3.74826752e+00
 4.22000000e+00   8.33333334e-03   1.00000000e+00   1.07190081e-01  -1.14345864e-03   2.08399639e+00   3.74827037e+00
 4.23000000e+00   8.33333334e-03   1.00000000e+00   1.07190081e-01  -1.14345864e-03   2.08399374e+00   3.74826860e+00
 4.24000000e+00   8.33333334e-03   1.00000000e+00   1.07190081e-01  -1.14345864e-03   2.08399887e+00   3.74826858e+00
 4.25000000e+00   8.33333334e-03   1.00000000e+00   1.07190081e-01  -1.14345864e-03   2.08398601e+00   3.74826817e+00
 4.26000000e+00   8.33333334e-03   1.00000000e+00   1.07190081e-01  -1.14345864e-03   2.08399786e+00   3.74826898e+00
 4.27000000e+00   8.33333334e-03   1.00000000e+00   1.07190081e-01  -1.14345864e-03   2.08399597e+00   3.74826922e+00
 4.28000000e+00   8.33333334e-03   1.00000000e+00   1.07190081e-01  -1.14345864e-03   2.08399143e+00   3.74826865e+00
 4.29000000e+00   8.33333334e-03   1.00000000e+00   1.07190081e-01  -1.14345864e-03   2.08399284e+00   3.74826932e+00
 4.30000000e+00   8.33333334e-03   1.00000000e+00   1.07190081e-01  -1.14345864e-03   2.08399370e+00   3.74826860e+00
 4.31000000e+00   8.33333334e-03   1.00000000e+00   1.07190081e-01  -1.14345864e-03   2.08399327e+00   3.74826955e+00
 4.32000000e+00   8.33333334e-03   1.00000000e+00   1.07190081e-01  -1.14345864e-03   2.08399186e+00   3.74827073e+00
 4.33000000e+00   8.33333334e-03   1.00000000e+00   1.07190081e-01  -1.14345864e-03   2.08398892e+00   3.74827288e+00
 4.34000000e+00   8.33333334e-03   1.00000000e+00   1.07190081e-01  -1.14345864e-03   2.08398535e+00   3.74826975e+00
 4.35000000e+00   8.33333334e-03   1.00000000e+00   1.07190081e-01  -1.14345864e-03   2.08399403e+00   3.74826777e+00
 4.36000000e+00   8.33333334e-03   1.00000000e+00   1.07190081e-01  -1.14345864e-03   2.08399371e+00   3.74827119e+00
 4.37000000e+00   8.33333334e-03   1.00000000e+00   1.07190081e-01  -1.14345864e-03   2.08399464e+00   3.74827010e+00
 4.38000000e+00   8.33333334e-03   1.00000000e+00   1.07190081e-01  -1.14345864e-03   2.08399410e+00   3.74827000e+00
 4.39000000e+00   8.33333334e-03   1.00000000e+00   1.07190081e-01  -1.14345864e-03   2.08399388e+00   3.74826959e+00
 4.40000000e+00   8.33333334e-03   1.00000000e+00   1.07190081e-01  -1.14345864e-03   2.08399203e+00   3.74826991e+00
 4.41000000e+00   8.33333334e-03   1.00000000e+00   1.07190081e-01  -1.14345864e-03   2.08399439e+00   3.74827162e+00
 4.42000000e+00   8.33333334e-03   1.00000000e+00   1.07190081e-01  -1.14345864e-03   2.08399525e+00   3.74826866e+00
 4.43000000e+00   8.33333334e-03   1.00000000e+00   1.07190081e-01  -1.14345864e-03   2.08399689e+00   3.74826915e+00
 4.44000000e+00   8.33333334e-03   1.00000000e+00   1.07190081e-01  -1.14345864e-03   2.08399217e+00   3.74827079e+00
 4.45000000e+00   8.33333334e-03   1.00000000e+00   1.07190081e-01  -1.14345864e-03   2.08398844e+00   3.74826987e+00
 4.46000000e+00   8.33333334e-03   1.00000000e+00   1.07190081e-01  -1.14345864e-03   2.08398932e+00   3.74827137e+00
 4.47000000e+00   8.33333334e-03   1.00000000e+00   1.07190081e-01  -1.14345864e-03   2.08398858e+00   3.74827111e+00
 4.48000000e+00   8.33333334e-03   1.00000000e+00   1.07190081e-01  -1.14345864e-03   2.08399558e+00   3.74827100e+00
 4.49000000e+00   8.33333334e-03   1.00000000e+00   1.07190081e-01  -1.14345864e-03   2.08399080e+00   3.74827216e+00
 4.50000000e+00   8.33333334e-03   1.00000000e+00   1.07190081e-01  -1.14345864e-03   2.08399307e+00   3.74827340e+00
 4.51000000e+00   8.33333334e-03   1.00000000e+00   1.07190081e-01  -1.14345864e-03   2.08399136e+00   3.74827059e+00
 4.52000000e+00   8.33333334e-03   1.00000000e+00   1.07190081e-01  -1.14345864e-03   2.08399499e+00   3.74827100e+00
 4.53000000e+00   8.33333334e-03   1.00000000e+00   1.07190081e-01  -1.14345864e-03   2.08399124e+00   3.74827084e+00
 4.54000000e+00   8.33333334e-03   1.00000000e+00   1.07190081e-01  -1.14345864e-03   2.08399044e+00   3.74827104e+00
 4.55000000e+00   8.33333334e-03   1.00000000e+00   1.07190081e-01  -1.14345864e-03   2.08399120e+00   3.74827171e+00
 4.56000000e+00   8.33333334e-03   1.00000000e+00   1.07190081e-01  -1.14345864e-03   2.08399269e+00   3.74827248e+00
 4.57000000e+00   8.33333334e-03   1.00000000e+00   1.07190081e-01  -1.14345864e-03   2.08399056e+00   3.74827267e+00
 4.58000000e+00   8.33333334e-03   1.00000000e+00   1.07190081e-01  -1.14345864e-03   2.08399211e+00   3.74827256e+00
 4.59000000e+00   8.33333334e-03   1.00000000e+00   1.07190081e-01  -1.14345864e-03   2.08399434e+00   3.74827053e+00
 4.60000000e+00   8.33333334e-03   1.00000000e+00   1.07190081e-01  -1.14345864e-03   2.08399085e+00   3.74827289e+00
 4.61000000e+00   8.33333334e-03   1.00000000e+00   1.07190081e-01  -1.14345864e-03   2.08399187e+00   3.74827256e+00
 4.62000000e+00   8.33333334e-03   1.00000000e+00   1.07190081e-01  -1.14345864e-03   2.08399490e+00   3.74827082e+00
 4.63000000e+00   8.33333334e-03   1.00000000e+00   1.07190081e-01  -1.14345864e-03   2.08399148e+00   3.74827156e+00
 4.64000000e+00   8.33333334e-03   1.00000000e+00   1.07190081e-01  -1.14345864e-03   2.08399308e+00   3.74827157e+00
 4.65000000e+00   8.33333334e-03   1.00000000e+00   1.07190081e-01  -1.14345864e-03   2.08399349e+00   3.74827190e+00
 4.66000000e+00   8.33333334e-03   1.00000000e+00   1.07190081e-01  -1.14345864e-03   2.08399751e+00   3.74827383e+00
 4.67000000e+00   8.33333334e-03   1.00000000e+00   1.07190081e-01  -1.14345864e-03   2.08398888e+00   3.74827396e+00
 4.68000000e+00   8.33333334e-03   1.00000000e+00   1.07190081e-01  -1.14345864e-03   2.08399058e+00   3.74827172e+00
 4.69000000e+00   8.33333334e-03   1.00000000e+00   1.07190081e-01  -1.14345864e-03   2.08398844e+00   3.74827238e+00
 4.70000000e+00   8.33333334e-03   1.00000000e+00   1.07190081e-01  -1.14345864e-03   2.08399581e+00   3.74827205e+00
 4.71000000e+00   8.33333334e-03   1.00000000e+00   1.07190081e-01  -1.14345864e-03   2.08399216e+00   3.74827442e+00
 4.72000000e+00   8.33333334e-03   1.00000000e+00   1.07190081e-01  -1.14345864e-03   2.08399500e+00   3.74827372e+00
 4.73000000e+00   8.33333334e-03   1.00000000e+00   1.07190081e-01  -1.14345864e-03   2.08398901e+00   3.74827132e+00
 4.74000000e+00   8.33333334e-03   1.00000000e+00   1.07190081e-01  -1.14345864e-03   2.08399502e+00   3.74827323e+00
 4.75000000e+00   8.33333334e-03   1.00000000e+00   1.07190081e-01  -1.14345864e-03   2.08399712e+00   3.74827235e+00
 4.76000000e+00   8.33333334e-03   1.00000000e+00   1.07190081e-01  -1.14345864e-03   2.08399286e+00   3.74827327e+00
 4.77000000e+00   8.33333334e-03   1.00000000e+00   1.07190081e-01  -1.14345864e-03   2.08398555e+00   3.74827238e+00
 4.78000000e+00   8.33333334e-03   1.00000000e+00   1.07190081e-01  -1.14345864e-03   2.08399128e+00   3.74827326e+00
 4.79000000e+00   8.33333334e-03   1.00000000e+00   1.07190081e-01  -1.14345864e-03   2.08399551e+00   3.74827459e+00
 4.80000000e+00   8.33333334e-03   1.00000000e+00   1.07190081e-01  -1.14345863e-03   2.08399363e+00   3.74827151e+00
 4.81000000e+00   8.33333334e-03   1.00000000e+00   1.07190081e-01  -1.14345864e-03   2.08399771e+00   3.74827283e+00
 4.82000000e+00   8.33333334e-03   1.00000000e+00   1.07190081e-01  -1.14345864e-03   2.08399050e+00   3.74827233e+00
 4.83000000e+00   8.33333334e-03   1.00000000e+00   1.07190081e-01  -1.14345864e-03   2.08399170e+00   3.74827259e+00
 4.84000000e+00   8.33333334e-03   1.00000000e+00   1.07190081e-01  -1.14345864e-03   2.08399452e+00   3.74827454e+00
 4.85000000e+00   8.33333334e-03   1.00000000e+00   1.07190081e-01  -1.14345863e-03   2.08399297e+00   3.74827413e+00
 4.86000000e+00   8.33333334e-03   1.00000000e+00   1.07190081e-01  -1.14345864e-03   2.08399247e+00   3.74827268e+00
 4.87000000e+00   8.33333334e-03   1.00000000e+00   1.07190081e-01  -1.14345864e-03   2.08399318e+00   3.74827276e+00
 4.88000000e+00   8.33333334e-03   1.00000000e+00   1.07190081e-01  -1.14345864e-03   2.08399050e+00   3.74827464e+00
 4.89000000e+00   8.33333334e-03   1.00000000e+00   1.07190081e-01  -1.14345863e-03   2.08399497e+00   3.74827422e+00
 4.90000000e+00   8.33333334e-03   1.00000000e+00   1.07190081e-01  -1.14345864e-03   2.08399184e+00   3.74827409e+00
 4.91000000e+00   8.33333334e-03   1.00000000e+00   1.07190081e-01  -1.14345864e-03   2.08398976e+00   3.74827170e+00
 4.92000000e+00   8.33333334e-03   1.00000000e+00   1.07190081e-01  -1.14345864e-03   2.08399059e+00   3.74827202e+00
 4.93000000e+00   8.33333334e-03   1.00000000e+00   1.07190081e-01  -1.14345864e-03   2.08399375e+00   3.74827263e+00
 4.94000000e+00   8.33333334e-03   1.00000000e+00   1.07190081e-01  -1.14345864e-03   2.08399574e+00   3.74827312e+00
 4.95000000e+00   8.33333334e-03   1.00000000e+00   1.07190081e-01  -1.14345864e-03   2.08398899e+00   3.74827365e+00
 4.96000000e+00   8.33333334e-03   1.00000000e+00   1.07190081e-01  -1.14345864e-03   2.08399395e+00   3.74827431e+00
 4.97000000e+00   8.33333334e-03   1.00000000e+00   1.07190081e-01  -1.14345864e-03   2.08399043e+00   3.74827262e+00
 4.98000000e+00   8.33333334e-03   1.00000000e+00   1.07190081e-01  -1.14345864e-03   2.08399498e+00   3.74827327e+00
 4.99000000e+00   8.33333334e-03   1.00000000e+00   1.07190081e-01  -1.14345864e-03   2.08399227e+00   3.74827407e+00
 5.00000000e+00   8.33333334e-03   1.00000000e+00   1.07190081e-01  -1.14345864e-03   2.08398851e+00   3.74827300e+00