  Time  Coordinate0  Coordinate1  Displacement0  Displacement1  Force0  Force1
 1.00000000e-02  -8.33333334e-03   1.00000000e+00   2.85975092e-06   2.12660355e-05  -1.62906913e+01   1.20197530e+01
 2.00000000e-02  -8.33333334e-03   1.00000000e+00   6.14828562e-05   4.54493042e-05  -2.30506665e+01   1.53792455e+01
 3.00000000e-02  -8.33333334e-03   1.00000000e+00   1.73233440e-04   7.00726828e-05  -2.48269520e+01   1.66614420e+01
 4.00000000e-02  -8.33333334e-03   1.00000000e+00   3.32118888e-04   9.21650866e-05  -2.50435142e+01   1.72447212e+01
 5.00000000e-02  -8.33333334e-03   1.00000000e+00   5.36518826e-04   1.08770657e-04  -2.58102826e+01   1.80982961e+01
 6.00000000e-02  -8.33333334e-03   1.00000000e+00   7.89294806e-04   1.16519914e-04  -2.71786454e+01   1.92571087e+01
 7.00000000e-02  -8.33333334e-03   1.00000000e+00   1.09865410e-03   1.13377741e-04  -2.86862591e+01   2.04786186e+01
 8.00000000e-02  -8.33333334e-03   1.00000000e+00   1.47894072e-03   1.00696348e-04  -3.00927846e+01   2.16385788e+01
 9.00000000e-02  -8.33333334e-03   1.00000000e+00   1.95101069e-03   8.37695016e-05  -3.13890131e+01   2.27339270e+01
 1.00000000e-01  -8.33333334e-03   1.00000000e+00   2.53883155e-03   7.00298040e-05  -3.26193840e+01   2.37927566e+01
 1.10000000e-01  -8.33333334e-03   1.00000000e+00   3.26369227e-03   6.60848614e-05  -3.38045926e+01   2.48296786e+01
 1.20000000e-01  -8.33333334e-03   1.00000000e+00   4.13859273e-03   7.53881487e-05  -3.49385667e+01   2.58458649e+01
 1.30000000e-01  -8.33333334e-03   1.00000000e+00   5.16640007e-03   9.76130350e-05  -3.60141870e+01   2.68381749e+01
 1.40000000e-01  -8.33333334e-03   1.00000000e+00   6.34179446e-03   1.29403471e-04  -3.70294948e+01   2.78042412e+01
 1.50000000e-01  -8.33333334e-03   1.00000000e+00   7.65536255e-03   1.65684273e-04  -3.79868982e+01   2.87435644e+01
 1.60000000e-01  -8.33333334e-03   1.00000000e+00   9.09733922e-03   2.01042755e-04  -3.88893571e+01   2.96565151e+01
 1.70000000e-01  -8.33333334e-03   1.00000000e+00   1.06595894e-02   2.31062535e-04  -3.97388461e+01   3.05437095e+01
 1.80000000e-01  -8.33333334e-03   1.00000000e+00   1.23359155e-02   2.53475350e-04  -4.05359854e+01   3.14057847e+01
 1.90000000e-01  -8.33333334e-03   1.00000000e+00   1.41215754e-02   2.68772034e-04  -4.12812279e+01   3.22434390e+01
 2.00000000e-01  -8.33333334e-03   1.00000000e+00   1.60126036e-02   2.79969036e-04  -4.19754301e+01   3.30576419e+01
 2.10000000e-01  -8.33333334e-03   1.00000000e+00   1.80050313e-02   2.91562147e-04  -4.26198719e+01   3.38498835e+01
 2.20000000e-01  -8.33333334e-03   1.00000000e+00   2.00939286e-02   3.08057092e-04  -4.32164226e+01   3.46219470e+01
 2.30000000e-01  -8.33333334e-03   1.00000000e+00   2.22723876e-02   3.32587956e-04  -4.37680376e+01   3.53750882e+01
 2.40000000e-01  -8.33333334e-03   1.00000000e+00   2.45308013e-02   3.65998559e-04  -4.42783383e+01   3.61094298e+01
 2.50000000e-01  -8.33333334e-03   1.00000000e+00   2.68569138e-02   4.06599437e-04  -4.47509148e+01   3.68238540e+01
 2.60000000e-01  -8.33333334e-03   1.00000000e+00   2.92370093e-02   4.50654006e-04  -4.51897061e+01   3.75158184e+01
 2.70000000e-01  -8.33333334e-03   1.00000000e+00   3.16580522e-02   4.93455091e-04  -4.55979650e+01   3.81818410e+01
 2.80000000e-01  -8.33333334e-03   1.00000000e+00   3.41102066e-02   5.30688009e-04  -4.59777567e+01   3.88188631e+01
 2.90000000e-01  -8.33333334e-03   1.00000000e+00   3.65889069e-02   5.59680202e-04  -4.63287822e+01   3.94247653e+01
 3.00000000e-01  -8.33333334e-03   1.00000000e+00   3.90957391e-02   5.80150780e-04  -4.66492542e+01   3.99994223e+01
 3.10000000e-01  -8.33333334e-03   1.00000000e+00   4.16377352e-02   5.94236048e-04  -4.69356457e+01   4.05442592e+01
 3.20000000e-01  -8.33333334e-03   1.00000000e+00   4.42252986e-02   6.05808192e-04  -4.71840974e+01   4.10621341e+01
 3.30000000e-01  -8.33333334e-03   1.00000000e+00   4.68694533e-02   6.19325235e-04  -4.73911793e+01   4.15563248e+01
 3.40000000e-01  -8.33333334e-03   1.00000000e+00   4.95793179e-02   6.38570686e-04  -4.75546471e+01   4.20297397e+01
 3.50000000e-01  -8.33333334e-03   1.00000000e+00   5.23605298e-02   6.65656516e-04  -4.76740237e+01   4.24843479e+01
 3.60000000e-01  -8.33333334e-03   1.00000000e+00   5.52148656e-02   7.00549804e-04  -4.77496493e+01   4.29208436e+01
 3.70000000e-01  -8.33333334e-03   1.00000000e+00   5.81409282e-02   7.41237527e-04  -4.77828600e+01   4.33390462e+01
 3.80000000e-01  -8.33333334e-03   1.00000000e+00   6.11355139e-02   7.84479335e-04  -4.77766656e+01   4.37370701e+01
 3.90000000e-01  -8.33333334e-03   1.00000000e+00   6.41945330e-02   8.26743674e-04  -4.77276579e+01   4.41156752e+01
 4.00000000e-01  -8.33333334e-03   1.00000000e+00   6.73143496e-02   8.65353319e-04  -4.76395987e+01   4.44730521e+01
 4.10000000e-01  -8.33333334e-03   1.00000000e+00   7.04918607e-02   8.99188060e-04  -4.75117496e+01   4.48087902e+01
 4.20000000e-01  -8.33333334e-03   1.00000000e+00   7.37241100e-02   9.28974913e-04  -4.73439280e+01   4.51229638e+01
 4.30000000e-01  -8.33333334e-03   1.00000000e+00   7.70073938e-02   9.56969829e-04  -4.71365606e+01   4.54161378e+01
 4.40000000e-01  -8.33333334e-03   1.00000000e+00   8.03360465e-02   9.86226456e-04  -4.68913435e+01   4.56887828e+01
 4.50000000e-01  -8.33333334e-03   1.00000000e+00   8.37013091e-02   1.01961458e-03  -4.66112200e+01   4.59410104e+01
 4.60000000e-01  -8.33333334e-03   1.00000000e+00   8.70906188e-02   1.05891845e-03  -4.63001449e+01   4.61722538e+01
 4.70000000e-01  -8.33333334e-03   1.00000000e+00   9.04877402e-02   1.10426124e-03  -4.59637672e+01   4.63807862e+01
 4.80000000e-01  -8.33333334e-03   1.00000000e+00   9.38737335e-02   1.15402784e-03  -4.56080944e+01   4.65639186e+01
 4.90000000e-01  -8.33333334e-03   1.00000000e+00   9.72286378e-02   1.20529049e-03  -4.52387702e+01   4.67186043e+01
 5.00000000e-01  -8.33333334e-03   1.00000000e+00   1.00533501e-01   1.25460430e-03  -4.48606390e+01   4.68419287e+01
 5.10000000e-01  -8.33333334e-03   1.00000000e+00   1.03772221e-01   1.29893393e-03  -4.44772801e+01   4.69317174e+01
 5.20000000e-01  -8.33333334e-03   1.00000000e+00   1.06932744e-01   1.33643806e-03  -4.40907853e+01   4.69869091e+01
 5.30000000e-01  -8.33333334e-03   1.00000000e+00   1.10007389e-01   1.36689683e-03  -4.37026033e+01   4.70076542e+01
 5.40000000e-01  -8.33333334e-03   1.00000000e+00   1.12992177e-01   1.39165887e-03  -4.33115908e+01   4.69958746e+01
 5.50000000e-01  -8.33333334e-03   1.00000000e+00   1.15885820e-01   1.41317083e-03  -4.29189347e+01   4.69536921e+01
 5.60000000e-01  -8.33333334e-03   1.00000000e+00   1.18688282e-01   1.43421318e-03  -4.25242342e+01   4.68841737e+01
 5.70000000e-01  -8.33333334e-03   1.00000000e+00   1.21399786e-01   1.45709239e-03  -4.21285959e+01   4.67898328e+01
 5.80000000e-01  -8.33333334e-03   1.00000000e+00   1.24020144e-01   1.48303510e-03  -4.17327128e+01   4.66734192e+01
 5.90000000e-01  -8.33333334e-03   1.00000000e+00   1.26548939e-01   1.51190865e-03  -4.13383744e+01   4.65367742e+01
 6.00000000e-01  -8.33333334e-03   1.00000000e+00   1.28985891e-01   1.54229279e-03  -4.09454927e+01   4.63820638e+01
 6.10000000e-01  -8.33333334e-03   1.00000000e+00   1.31331495e-01   1.57199918e-03  -4.05545417e+01   4.62111880e+01
 6.20000000e-01  -8.33333334e-03   1.00000000e+00   1.33587601e-01   1.59883547e-03  -4.01656533e+01   4.60259925e+01
 6.30000000e-01  -8.33333334e-03   1.00000000e+00   1.35757537e-01   1.62130327e-03  -3.97780227e+01   4.58287728e+01
 6.40000000e-01  -8.33333334e-03   1.00000000e+00   1.37845726e-01   1.63906605e-03  -3.93903347e+01   4.56220056e+01
 6.50000000e-01  -8.33333334e-03   1.00000000e+00   1.39856791e-01   1.65306016e-03  -3.90016514e+01   4.54086482e+01
 6.60000000e-01  -8.33333334e-03   1.00000000e+00   1.41794333e-01   1.66521060e-03  -3.86113801e+01   4.51915250e+01
 6.70000000e-01  -8.33333334e-03   1.00000000e+00   1.43659641e-01   1.67787599e-03  -3.82198711e+01   4.49731038e+01
 6.80000000e-01  -8.33333334e-03   1.00000000e+00   1.45450701e-01   1.69315835e-03  -3.78286224e+01   4.47551110e+01
 6.90000000e-01  -8.33333334e-03   1.00000000e+00   1.47161744e-01   1.71229340e-03  -3.74400101e+01   4.45383474e+01
 7.00000000e-01  -8.33333334e-03   1.00000000e+00   1.48783465e-01   1.73529108e-03  -3.70570639e+01   4.43227935e+01
 7.10000000e-01  -8.33333334e-03   1.00000000e+00   1.50303875e-01   1.76092571e-03  -3.66829022e+01   4.41074078e+01
 7.20000000e-01  -8.33333334e-03   1.00000000e+00   1.51709565e-01   1.78707282e-03  -3.63208121e+01   4.38908340e+01
 7.30000000e-01  -8.33333334e-03   1.00000000e+00   1.52987033e-01   1.81128088e-03  -3.59729543e+01   4.36713786e+01
 7.40000000e-01  -8.33333334e-03   1.00000000e+00   1.54123838e-01   1.83140873e-03  -3.56413708e+01   4.34477145e+01
 7.50000000e-01  -8.33333334e-03   1.00000000e+00   1.55109293e-01   1.84614555e-03  -3.53271000e+01   4.32187439e+01
 7.60000000e-01  -8.33333334e-03   1.00000000e+00   1.55934662e-01   1.85526947e-03  -3.50306856e+01   4.29839008e+01
 7.70000000e-01  -8.33333334e-03   1.00000000e+00   1.56592989e-01   1.85958945e-03  -3.47527803e+01   4.27429501e+01
 7.80000000e-01  -8.33333334e-03   1.00000000e+00   1.57078658e-01   1.86059981e-03  -3.44936896e+01   4.24960572e+01
 7.90000000e-01  -8.33333334e-03   1.00000000e+00   1.57386895e-01   1.86019286e-03  -3.43862210e+01   4.22905015e+01
 8.00000000e-01  -8.33333334e-03   1.00000000e+00   1.57514638e-01   1.85906890e-03  -3.39157785e+01   4.19557458e+01
 8.10000000e-01  -8.33333334e-03   1.00000000e+00   1.57457399e-01   1.85823025e-03  -3.38313468e+01   4.16792696e+01
 8.20000000e-01  -8.33333334e-03   1.00000000e+00   1.57215197e-01   1.85741654e-03  -3.36593737e+01   4.14479051e+01
 8.30000000e-01  -8.33333334e-03   1.00000000e+00   1.56788523e-01   1.85531624e-03  -3.34962421e+01   4.11751299e+01
 8.40000000e-01  -8.33333334e-03   1.00000000e+00   1.56181026e-01   1.85049107e-03  -3.33539925e+01   4.08943651e+01
 8.50000000e-01  -8.33333334e-03   1.00000000e+00   1.55399091e-01   1.84156943e-03  -3.32289968e+01   4.06095031e+01
 8.60000000e-01  -8.33333334e-03   1.00000000e+00   1.54451971e-01   1.82776503e-03  -3.31186551e+01   4.03217487e+01
 8.70000000e-01  -8.33333334e-03   1.00000000e+00   1.53351060e-01   1.80916526e-03  -3.30197031e+01   4.00328393e+01
 8.80000000e-01  -8.33333334e-03   1.00000000e+00   1.52108924e-01   1.78672824e-03  -3.29298175e+01   3.97446286e+01
 8.90000000e-01  -8.33333334e-03   1.00000000e+00   1.50738142e-01   1.76204167e-03  -3.28474480e+01   3.94591541e+01
 9.00000000e-01  -8.33333334e-03   1.00000000e+00   1.49250112e-01   1.73696501e-03  -3.27704422e+01   3.91781619e+01
 9.10000000e-01  -8.33333334e-03   1.00000000e+00   1.47654224e-01   1.71315278e-03  -3.26982270e+01   3.89031578e+01
 9.20000000e-01  -8.33333334e-03   1.00000000e+00   1.45957375e-01   1.69165036e-03  -3.26302123e+01   3.86349858e+01
 9.30000000e-01  -8.33333334e-03   1.00000000e+00   1.44163910e-01   1.67267625e-03  -3.25661554e+01   3.83742534e+01
 9.40000000e-01  -8.33333334e-03   1.00000000e+00   1.42275987e-01   1.65561069e-03  -3.25067940e+01   3.81206586e+01
 9.50000000e-01  -8.33333334e-03   1.00000000e+00   1.40294182e-01   1.63919755e-03  -3.24537373e+01   3.78733100e+01
 9.60000000e-01  -8.33333334e-03   1.00000000e+00   1.38217945e-01   1.62198025e-03  -3.24059752e+01   3.76314131e+01
 9.70000000e-01  -8.33333334e-03   1.00000000e+00   1.36046089e-01   1.60269266e-03  -3.23640302e+01   3.73942042e+01
 9.80000000e-01  -8.33333334e-03   1.00000000e+00   1.33776989e-01   1.58058169e-03  -3.23282447e+01   3.71606657e+01
 9.90000000e-01  -8.33333334e-03   1.00000000e+00   1.31408560e-01   1.55555739e-03  -3.22991382e+01   3.69297903e+01
 1.00000000e+00  -8.33333334e-03   1.00000000e+00   1.28938148e-01   1.52813904e-03  -3.22772814e+01   3.67005636e+01
 1.01000000e+00  -8.33333334e-03   1.00000000e+00   1.26362467e-01   1.49922033e-03  -3.22635278e+01   3.64718840e+01
 1.02000000e+00  -8.33333334e-03   1.00000000e+00   1.23677724e-01   1.46973666e-03  -3.22589135e+01   3.62425432e+01
 1.03000000e+00  -8.33333334e-03   1.00000000e+00   1.20879994e-01   1.44033182e-03  -3.22645690e+01   3.60112500e+01
 1.04000000e+00  -8.33333334e-03   1.00000000e+00   1.17965845e-01   1.41112622e-03  -3.22814632e+01   3.57766876e+01
 1.05000000e+00  -8.33333334e-03   1.00000000e+00   1.14933115e-01   1.38165275e-03  -3.23102327e+01   3.55376299e+01
 1.06000000e+00  -8.33333334e-03   1.00000000e+00   1.11781721e-01   1.35097913e-03  -3.23509690e+01   3.52930197e+01
 1.07000000e+00  -8.33333334e-03   1.00000000e+00   1.08514300e-01   1.31797067e-03  -3.24034537e+01   3.50421164e+01
 1.08000000e+00  -8.33333334e-03   1.00000000e+00   1.05136538e-01   1.28164626e-03  -3.24661812e+01   3.47848346e+01
 1.09000000e+00  -8.33333334e-03   1.00000000e+00   1.01657143e-01   1.24147992e-03  -3.25374094e+01   3.45216916e+01
 1.10000000e+00  -8.33333334e-03   1.00000000e+00   9.80875010e-02   1.19756255e-03  -3.26154125e+01   3.42535880e+01
 1.11000000e+00  -8.33333334e-03   1.00000000e+00   9.44410196e-02   1.15060768e-03  -3.26985279e+01   3.39816480e+01
 1.12000000e+00  -8.33333334e-03   1.00000000e+00   9.07323020e-02   1.10180671e-03  -3.27846904e+01   3.37073039e+01
 1.13000000e+00  -8.33333334e-03   1.00000000e+00   8.69763705e-02   1.05255674e-03  -3.28721582e+01   3.34321045e+01
 1.14000000e+00  -8.33333334e-03   1.00000000e+00   8.31880293e-02   1.00414472e-03  -3.29594312e+01   3.31575540e+01
 1.15000000e+00  -8.33333334e-03   1.00000000e+00   7.93814370e-02   9.57475654e-04  -3.30452483e+01   3.28850977e+01
 1.16000000e+00  -8.33333334e-03   1.00000000e+00   7.55698849e-02   9.12920146e-04  -3.31285365e+01   3.26160289e+01
 1.17000000e+00  -8.33333334e-03   1.00000000e+00   7.17657155e-02   8.70316457e-04  -3.32083007e+01   3.23514415e+01
 1.18000000e+00  -8.33333334e-03   1.00000000e+00   6.79802833e-02   8.29120391e-04  -3.32836129e+01   3.20922949e+01
 1.19000000e+00  -8.33333334e-03   1.00000000e+00   6.42238655e-02   7.88647942e-04  -3.33536456e+01   3.18393218e+01
 1.20000000e+00  -8.33333334e-03   1.00000000e+00   6.05054726e-02   7.48333755e-04  -3.34176829e+01   3.15930771e+01
 1.21000000e+00  -8.33333334e-03   1.00000000e+00   5.68325582e-02   7.07927589e-04  -3.34752653e+01   3.13539497e+01
 1.22000000e+00  -8.33333334e-03   1.00000000e+00   5.32106895e-02   6.67573695e-04  -3.35263024e+01   3.11220666e+01
 1.23000000e+00  -8.33333334e-03   1.00000000e+00   4.96432820e-02   6.27756367e-04  -3.35711386e+01   3.08972878e+01
 1.24000000e+00  -8.33333334e-03   1.00000000e+00   4.61314992e-02   5.89132719e-04  -3.36105886e+01   3.06791011e+01
 1.25000000e+00  -8.33333334e-03   1.00000000e+00   4.26743983e-02   5.52306131e-04  -3.36457849e+01   3.04667121e+01
 1.26000000e+00  -8.33333334e-03   1.00000000e+00   3.92693448e-02   5.17610392e-04  -3.36781690e+01   3.02590506e+01
 1.27000000e+00  -8.33333334e-03   1.00000000e+00   3.59126565e-02   4.84970347e-04  -3.37091643e+01   3.00549002e+01
 1.28000000e+00  -8.33333334e-03   1.00000000e+00   3.26003885e-02   4.53879974e-04  -3.37401486e+01   2.98529704e+01
 1.29000000e+00  -8.33333334e-03   1.00000000e+00   2.93291332e-02   4.23505736e-04  -3.37721452e+01   2.96520521e+01
 1.30000000e+00  -8.33333334e-03   1.00000000e+00   2.60967144e-02   3.92884290e-04  -3.38058628e+01   2.94511184e+01
 1.31000000e+00  -8.33333334e-03   1.00000000e+00   2.29026820e-02   3.61158376e-04  -3.38415258e+01   2.92494089e+01
 1.32000000e+00  -8.33333334e-03   1.00000000e+00   1.97485645e-02   3.27783995e-04  -3.38790423e+01   2.90465389e+01
 1.33000000e+00  -8.33333334e-03   1.00000000e+00   1.66378892e-02   2.92655665e-04  -3.39180807e+01   2.88424218e+01
 1.34000000e+00  -8.33333334e-03   1.00000000e+00   1.35760355e-02   2.56116333e-04  -3.39580746e+01   2.86372852e+01
 1.35000000e+00  -8.33333334e-03   1.00000000e+00   1.05699884e-02   2.18854283e-04  -3.39983587e+01   2.84316924e+01
 1.36000000e+00  -8.33333334e-03   1.00000000e+00   7.62808982e-03   1.81721081e-04  -3.40382351e+01   2.82264424e+01
 1.37000000e+00  -8.33333334e-03   1.00000000e+00   4.75981997e-03   1.45529158e-04  -3.40769449e+01   2.80225446e+01
 1.38000000e+00  -8.33333334e-03   1.00000000e+00   1.97563064e-03   1.10879674e-04  -3.41136273e+01   2.78212042e+01
 1.39000000e+00  -8.33333334e-03   1.00000000e+00  -7.13206232e-04   7.80713319e-05  -3.41473521e+01   2.76237491e+01
 1.40000000e+00  -8.33333334e-03   1.00000000e+00  -3.29478173e-03   4.71063428e-05  -3.41769811e+01   2.74315988e+01
 1.41000000e+00  -8.33333334e-03   1.00000000e+00  -5.75682277e-03   1.77870495e-05  -3.42013089e+01   2.72462693e+01
 1.42000000e+00  -8.33333334e-03   1.00000000e+00  -8.08709090e-03  -1.01316101e-05  -3.42190666e+01   2.70692978e+01
 1.43000000e+00  -8.33333334e-03   1.00000000e+00  -1.02739008e-02  -3.67858834e-05  -3.42291466e+01   2.69021191e+01
 1.44000000e+00  -8.33333334e-03   1.00000000e+00  -1.23067168e-02  -6.20922048e-05  -3.42305550e+01   2.67459854e+01
 1.45000000e+00  -8.33333334e-03   1.00000000e+00  -1.41767502e-02  -8.57146590e-05  -3.42226282e+01   2.66019453e+01
 1.46000000e+00  -8.33333334e-03   1.00000000e+00  -1.58774709e-02  -1.07122237e-04  -3.42052247e+01   2.64707069e+01
 1.47000000e+00  -8.33333334e-03   1.00000000e+00  -1.74049372e-02  -1.25706720e-04  -3.41785932e+01   2.63525865e+01
 1.48000000e+00  -8.33333334e-03   1.00000000e+00  -1.87578958e-02  -1.40945856e-04  -3.41433402e+01   2.62475224e+01
 1.49000000e+00  -8.33333334e-03   1.00000000e+00  -1.99376550e-02  -1.52551794e-04  -3.41004630e+01   2.61551492e+01
 1.50000000e+00  -8.33333334e-03   1.00000000e+00  -2.09477430e-02  -1.60567109e-04  -3.40512028e+01   2.60747484e+01
 1.51000000e+00  -8.33333334e-03   1.00000000e+00  -2.17934300e-02  -1.65374954e-04  -3.39968549e+01   2.60053794e+01
 1.52000000e+00  -8.33333334e-03   1.00000000e+00  -2.24811901e-02  -1.67627871e-04  -3.39387088e+01   2.59459489e+01
 1.53000000e+00  -8.33333334e-03   1.00000000e+00  -2.30181766e-02  -1.68111453e-04  -3.38779770e+01   2.58952947e+01
 1.54000000e+00  -8.33333334e-03   1.00000000e+00  -2.34117646e-02  -1.67583730e-04  -3.38157749e+01   2.58522311e+01
 1.55000000e+00  -8.33333334e-03   1.00000000e+00  -2.36691886e-02  -1.66630209e-04  -3.37530867e+01   2.58156446e+01
 1.56000000e+00  -8.33333334e-03   1.00000000e+00  -2.37972262e-02  -1.65570844e-04  -3.36908205e+01   2.57845053e+01
 1.57000000e+00  -8.33333334e-03   1.00000000e+00  -2.38020537e-02  -1.64392315e-04  -3.35997722e+01   2.57245276e+01
 1.58000000e+00  -8.33333334e-03   1.00000000e+00  -2.36883198e-02  -1.62957000e-04  -3.36045666e+01   2.57455977e+01
 1.59000000e+00  -8.33333334e-03   1.00000000e+00  -2.34602941e-02  -1.61228549e-04  -3.35294541e+01   2.57323670e+01
 1.60000000e+00  -8.33333334e-03   1.00000000e+00  -2.31209588e-02  -1.58445840e-04  -3.34577014e+01   2.57027359e+01
 1.61000000e+00  -8.33333334e-03   1.00000000e+00  -2.26708695e-02  -1.54598997e-04  -3.34088826e+01   2.56866259e+01
 1.62000000e+00  -8.33333334e-03   1.00000000e+00  -2.21093717e-02  -1.49635003e-04  -3.33606412e+01   2.56777084e+01
 1.63000000e+00  -8.33333334e-03   1.00000000e+00  -2.14337837e-02  -1.43675648e-04  -3.33148234e+01   2.56729614e+01
 1.64000000e+00  -8.33333334e-03   1.00000000e+00  -2.06397950e-02  -1.36916710e-04  -3.32699168e+01   2.56732113e+01
 1.65000000e+00  -8.33333334e-03   1.00000000e+00  -1.97217405e-02  -1.29492380e-04  -3.32250757e+01   2.56796327e+01
 1.66000000e+00  -8.33333334e-03   1.00000000e+00  -1.86731235e-02  -1.21402472e-04  -3.31790613e+01   2.56934976e+01
 1.67000000e+00  -8.33333334e-03   1.00000000e+00  -1.74872398e-02  -1.12467045e-04  -3.31308264e+01   2.57161175e+01
 1.68000000e+00  -8.33333334e-03   1.00000000e+00  -1.61578267e-02  -1.02320634e-04  -3.30791487e+01   2.57485552e+01
 1.69000000e+00  -8.33333334e-03   1.00000000e+00  -1.46796315e-02  -9.04492520e-05  -3.30233297e+01   2.57919568e+01
 1.70000000e+00  -8.33333334e-03   1.00000000e+00  -1.30488533e-02  -7.62760979e-05  -3.29627468e+01   2.58471732e+01
 1.71000000e+00  -8.33333334e-03   1.00000000e+00  -1.12634575e-02  -5.92800016e-05  -3.28971343e+01   2.59148421e+01
 1.72000000e+00  -8.33333334e-03   1.00000000e+00  -9.32337478e-03  -3.91113837e-05  -3.28264776e+01   2.59953625e+01
 1.73000000e+00  -8.33333334e-03   1.00000000e+00  -7.23059580e-03  -1.56672962e-05  -3.27509425e+01   2.60888690e+01
 1.74000000e+00  -8.33333334e-03   1.00000000e+00  -4.98916279e-03   1.08923904e-05  -3.26710193e+01   2.61952803e+01
 1.75000000e+00  -8.33333334e-03   1.00000000e+00  -2.60508143e-03   4.01882419e-05  -3.25871580e+01   2.63140996e+01
 1.76000000e+00  -8.33333334e-03   1.00000000e+00  -8.61759918e-05   7.17068935e-05  -3.25001401e+01   2.64446586e+01
 1.77000000e+00  -8.33333334e-03   1.00000000e+00   2.55809001e-03   1.04902077e-04  -3.24109502e+01   2.65861420e+01
 1.78000000e+00  -8.33333334e-03   1.00000000e+00   5.31683076e-03   1.39291991e-04  -3.23205633e+01   2.67373970e+01
 1.79000000e+00  -8.33333334e-03   1.00000000e+00   8.17800274e-03   1.74522574e-04  -3.22302065e+01   2.68972385e+01
 1.80000000e+00  -8.33333334e-03   1.00000000e+00   1.11287407e-02   2.10382542e-04  -3.21412068e+01   2.70643551e+01
 1.81000000e+00  -8.33333334e-03   1.00000000e+00   1.41557813e-02   2.46770493e-04  -3.20549476e+01   2.72374432e+01
 1.82000000e+00  -8.33333334e-03   1.00000000e+00   1.72459561e-02   2.83631970e-04  -3.19727639e+01   2.74152313e+01
 1.83000000e+00  -8.33333334e-03   1.00000000e+00   2.03867226e-02   3.20888858e-04  -3.18958408e+01   2.75965650e+01
 1.84000000e+00  -8.33333334e-03   1.00000000e+00   2.35666832e-02   3.58385239e-04  -3.18250672e+01   2.77804024e+01
 1.85000000e+00  -8.33333334e-03   1.00000000e+00   2.67760302e-02   3.95869015e-04  -3.17611555e+01   2.79660613e+01
 1.86000000e+00  -8.33333334e-03   1.00000000e+00   3.00068641e-02   4.33015360e-04  -3.17043279e+01   2.81529743e+01
 1.87000000e+00  -8.33333334e-03   1.00000000e+00   3.32533508e-02   4.69486055e-04  -3.16545756e+01   2.83409678e+01
 1.88000000e+00  -8.33333334e-03   1.00000000e+00   3.65117089e-02   5.05007113e-04  -3.16113711e+01   2.85300583e+01
 1.89000000e+00  -8.33333334e-03   1.00000000e+00   3.97800435e-02   5.39441460e-04  -3.15740544e+01   2.87205220e+01
 1.90000000e+00  -8.33333334e-03   1.00000000e+00   4.30580559e-02   5.72837169e-04  -3.15417489e+01   2.89128682e+01
 1.91000000e+00  -8.33333334e-03   1.00000000e+00   4.63466780e-02   6.05435167e-04  -3.15134720e+01   2.91077660e+01
 1.92000000e+00  -8.33333334e-03   1.00000000e+00   4.96476694e-02   6.37632853e-04  -3.14882449e+01   2.93060665e+01
 1.93000000e+00  -8.33333334e-03   1.00000000e+00   5.29632053e-02   6.69913407e-04  -3.14649609e+01   2.95085573e+01
 1.94000000e+00  -8.33333334e-03   1.00000000e+00   5.62954833e-02   7.02756688e-04  -3.14426354e+01   2.97161017e+01
 1.95000000e+00  -8.33333334e-03   1.00000000e+00   5.96463504e-02   7.36555367e-04  -3.14203389e+01   2.99295293e+01
 1.96000000e+00  -8.33333334e-03   1.00000000e+00   6.30169538e-02   7.71555672e-04  -3.13972479e+01   3.01495828e+01
 1.97000000e+00  -8.33333334e-03   1.00000000e+00   6.64074182e-02   8.07834756e-04  -3.13726917e+01   3.03768382e+01
 1.98000000e+00  -8.33333334e-03   1.00000000e+00   6.98165481e-02   8.45317249e-04  -3.13461938e+01   3.06116884e+01
 1.99000000e+00  -8.33333334e-03   1.00000000e+00   7.32415656e-02   8.83821882e-04  -3.13175455e+01   3.08543417e+01
 2.00000000e+00  -8.33333334e-03   1.00000000e+00   7.66779073e-02   9.23121165e-04  -3.12867559e+01   3.11046256e+01
 2.01000000e+00  -8.33333334e-03   1.00000000e+00   8.01191078e-02   9.62995931e-04  -3.12541954e+01   3.13621278e+01
 2.02000000e+00  -8.33333334e-03   1.00000000e+00   8.35567938e-02   1.00326894e-03  -3.12205436e+01   3.16261795e+01
 2.03000000e+00  -8.33333334e-03   1.00000000e+00   8.69808136e-02   1.04380819e-03  -3.11868061e+01   3.18958499e+01
 2.04000000e+00  -8.33333334e-03   1.00000000e+00   9.03795047e-02   1.08450456e-03  -3.11542347e+01   3.21700236e+01
 2.05000000e+00  -8.33333334e-03   1.00000000e+00   9.37400853e-02   1.12523284e-03  -3.11241550e+01   3.24473349e+01
 2.06000000e+00  -8.33333334e-03   1.00000000e+00   9.70491381e-02   1.16581193e-03  -3.10979847e+01   3.27263404e+01
 2.07000000e+00  -8.33333334e-03   1.00000000e+00   1.00293146e-01   1.20597402e-03  -3.10771635e+01   3.30055410e+01
 2.08000000e+00  -8.33333334e-03   1.00000000e+00   1.03459025e-01   1.24535362e-03  -3.10630179e+01   3.32834298e+01
 2.09000000e+00  -8.33333334e-03   1.00000000e+00   1.06534598e-01   1.28350762e-03  -3.10565916e+01   3.35585847e+01
 2.10000000e+00  -8.33333334e-03   1.00000000e+00   1.09509008e-01   1.31996258e-03  -3.10586855e+01   3.38297115e+01
 2.11000000e+00  -8.33333334e-03   1.00000000e+00   1.12373024e-01   1.35428172e-03  -3.10698091e+01   3.40956949e+01
 2.12000000e+00  -8.33333334e-03   1.00000000e+00   1.15119254e-01   1.38613322e-03  -3.10901871e+01   3.43555734e+01
 2.13000000e+00  -8.33333334e-03   1.00000000e+00   1.17742253e-01   1.41534404e-03  -3.11197401e+01   3.46087648e+01
 2.14000000e+00  -8.33333334e-03   1.00000000e+00   1.20238550e-01   1.44193010e-03  -3.11580418e+01   3.48549582e+01
 2.15000000e+00  -8.33333334e-03   1.00000000e+00   1.22606670e-01   1.46606291e-03  -3.12055746e+01   3.50935031e+01
 2.16000000e+00  -8.33333334e-03   1.00000000e+00   1.24846870e-01   1.48802923e-03  -3.12600426e+01   3.53249216e+01
 2.17000000e+00  -8.33333334e-03   1.00000000e+00   1.26961066e-01   1.50816537e-03  -3.13211864e+01   3.55493780e+01
 2.18000000e+00  -8.33333334e-03   1.00000000e+00   1.28952539e-01   1.52680650e-03  -3.13877524e+01   3.57673744e+01
 2.19000000e+00  -8.33333334e-03   1.00000000e+00   1.30825609e-01   1.54424698e-03  -3.14584286e+01   3.59795603e+01
 2.20000000e+00  -8.33333334e-03   1.00000000e+00   1.32585236e-01   1.56071182e-03  -3.15318616e+01   3.61867486e+01
 2.21000000e+00  -8.33333334e-03   1.00000000e+00   1.34236580e-01   1.57635112e-03  -3.16066890e+01   3.63896720e+01
 2.22000000e+00  -8.33333334e-03   1.00000000e+00   1.35784529e-01   1.59125832e-03  -3.16816710e+01   3.65890559e+01
 2.23000000e+00  -8.33333334e-03   1.00000000e+00   1.37233241e-01   1.60550289e-03  -3.17557712e+01   3.67855496e+01
 2.24000000e+00  -8.33333334e-03   1.00000000e+00   1.38585735e-01   1.61916037e-03  -3.18282271e+01   3.69796199e+01
 2.25000000e+00  -8.33333334e-03   1.00000000e+00   1.39843570e-01   1.63232683e-03  -3.18986156e+01   3.71715063e+01
 2.26000000e+00  -8.33333334e-03   1.00000000e+00   1.41006640e-01   1.64511064e-03  -3.19668870e+01   3.73611801e+01
 2.27000000e+00  -8.33333334e-03   1.00000000e+00   1.42073082e-01   1.65760937e-03  -3.20332242e+01   3.75483466e+01
 2.28000000e+00  -8.33333334e-03   1.00000000e+00   1.43039338e-01   1.66987428e-03  -3.20982073e+01   3.77324304e+01
 2.29000000e+00  -8.33333334e-03   1.00000000e+00   1.43900313e-01   1.68187475e-03  -3.21626543e+01   3.79126289e+01
 2.30000000e+00  -8.33333334e-03   1.00000000e+00   1.44649645e-01   1.69347198e-03  -3.22275940e+01   3.80878320e+01
 2.31000000e+00  -8.33333334e-03   1.00000000e+00   1.45280044e-01   1.70441071e-03  -3.22941597e+01   3.82567452e+01
 2.32000000e+00  -8.33333334e-03   1.00000000e+00   1.45783657e-01   1.71434293e-03  -3.23634798e+01   3.84180303e+01
 2.33000000e+00  -8.33333334e-03   1.00000000e+00   1.46152483e-01   1.72285578e-03  -3.24366720e+01   3.85702425e+01
 2.34000000e+00  -8.33333334e-03   1.00000000e+00   1.46378667e-01   1.72938409e-03  -3.25979424e+01   3.86981553e+01
 2.35000000e+00  -8.33333334e-03   1.00000000e+00   1.46454850e-01   1.73375424e-03  -3.25555695e+01   3.88062829e+01
 2.36000000e+00  -8.33333334e-03   1.00000000e+00   1.46375271e-01   1.73555564e-03  -3.26385203e+01   3.88951319e+01
 2.37000000e+00  -8.33333334e-03   1.00000000e+00   1.46134780e-01   1.73462171e-03  -3.27388757e+01   3.90061049e+01
 2.38000000e+00  -8.33333334e-03   1.00000000e+00   1.45730560e-01   1.73086840e-03  -3.28338820e+01   3.91061340e+01
 2.39000000e+00  -8.33333334e-03   1.00000000e+00   1.45161594e-01   1.72432864e-03  -3.29390694e+01   3.91897388e+01
 2.40000000e+00  -8.33333334e-03   1.00000000e+00   1.44428825e-01   1.71514644e-03  -3.30518108e+01   3.92572715e+01
 2.41000000e+00  -8.33333334e-03   1.00000000e+00   1.43535380e-01   1.70382455e-03  -3.35735882e+01   3.94801972e+01
 2.42000000e+00  -8.33333334e-03   1.00000000e+00   1.42487805e-01   1.69014849e-03  -3.33977694e+01   3.94437738e+01
 2.43000000e+00  -8.33333334e-03   1.00000000e+00   1.41290898e-01   1.67427258e-03  -3.35164540e+01   3.93322182e+01
 2.44000000e+00  -8.33333334e-03   1.00000000e+00   1.39953249e-01   1.65677189e-03  -3.36682301e+01   3.93149015e+01
 2.45000000e+00  -8.33333334e-03   1.00000000e+00   1.38484668e-01   1.63762025e-03  -3.38182007e+01   3.92923060e+01
 2.46000000e+00  -8.33333334e-03   1.00000000e+00   1.36895646e-01   1.61689160e-03  -3.39632785e+01   3.92562629e+01
 2.47000000e+00  -8.33333334e-03   1.00000000e+00   1.35197031e-01   1.59470169e-03  -3.41055373e+01   3.92085918e+01
 2.48000000e+00  -8.33333334e-03   1.00000000e+00   1.33399538e-01   1.57129122e-03  -3.42442048e+01   3.91512039e+01
 2.49000000e+00  -8.33333334e-03   1.00000000e+00   1.31513265e-01   1.54704360e-03  -3.43780119e+01   3.90854216e+01
 2.50000000e+00  -8.33333334e-03   1.00000000e+00   1.29547201e-01   1.52240899e-03  -3.45059785e+01   3.90123009e+01
 2.51000000e+00  -8.33333334e-03   1.00000000e+00   1.27508872e-01   1.49780471e-03  -3.46273735e+01   3.89326368e+01
 2.52000000e+00  -8.33333334e-03   1.00000000e+00   1.25404167e-01   1.47354310e-03  -3.47419295e+01   3.88470053e+01
 2.53000000e+00  -8.33333334e-03   1.00000000e+00   1.23237313e-01   1.44979802e-03  -3.48496022e+01   3.87557757e+01
 2.54000000e+00  -8.33333334e-03   1.00000000e+00   1.21010953e-01   1.42658622e-03  -3.49506913e+01   3.86590659e+01
 2.55000000e+00  -8.33333334e-03   1.00000000e+00   1.18726238e-01   1.40376701e-03  -3.50456329e+01   3.85567312e+01
 2.56000000e+00  -8.33333334e-03   1.00000000e+00   1.16382967e-01   1.38106154e-03  -3.51351376e+01   3.84483926e+01
 2.57000000e+00  -8.33333334e-03   1.00000000e+00   1.13979768e-01   1.35810603e-03  -3.52201009e+01   3.83334083e+01
 2.58000000e+00  -8.33333334e-03   1.00000000e+00   1.11514362e-01   1.33452647e-03  -3.53015469e+01   3.82110406e+01
 2.59000000e+00  -8.33333334e-03   1.00000000e+00   1.08983901e-01   1.31000379e-03  -3.53805585e+01   3.80802799e+01
 2.60000000e+00  -8.33333334e-03   1.00000000e+00   1.06385356e-01   1.28431360e-03  -3.54582343e+01   3.79401580e+01
 2.61000000e+00  -8.33333334e-03   1.00000000e+00   1.03715921e-01   1.25733176e-03  -3.55356078e+01   3.77897320e+01
 2.62000000e+00  -8.33333334e-03   1.00000000e+00   1.00973428e-01   1.22901387e-03  -3.56135776e+01   3.76281517e+01
 2.63000000e+00  -8.33333334e-03   1.00000000e+00   9.81567419e-02   1.19936140e-03  -3.56928035e+01   3.74547323e+01
 2.64000000e+00  -8.33333334e-03   1.00000000e+00   9.52661285e-02   1.16838559e-03  -3.57736830e+01   3.72690063e+01
 2.65000000e+00  -8.33333334e-03   1.00000000e+00   9.23035461e-02   1.13608233e-03  -3.58562447e+01   3.70707945e+01
 2.66000000e+00  -8.33333334e-03   1.00000000e+00   8.92728521e-02   1.10242442e-03  -3.59402054e+01   3.68602238e+01
 2.67000000e+00  -8.33333334e-03   1.00000000e+00   8.61798795e-02   1.06737875e-03  -3.60248884e+01   3.66377759e+01
 2.68000000e+00  -8.33333334e-03   1.00000000e+00   8.30323813e-02   1.03093932e-03  -3.61093480e+01   3.64042731e+01
 2.69000000e+00  -8.33333334e-03   1.00000000e+00   7.98398417e-02   9.93168927e-04  -3.61923670e+01   3.61608435e+01
 2.70000000e+00  -8.33333334e-03   1.00000000e+00   7.66131768e-02   9.54232333e-04  -3.62725742e+01   3.59088866e+01
 2.71000000e+00  -8.33333334e-03   1.00000000e+00   7.33643595e-02   9.14411032e-04  -3.63485315e+01   3.56500037e+01
 2.72000000e+00  -8.33333334e-03   1.00000000e+00   7.01060010e-02   8.74092944e-04  -3.64187920e+01   3.53859271e+01
 2.73000000e+00  -8.33333334e-03   1.00000000e+00   6.68509242e-02   8.33738336e-04  -3.64820009e+01   3.51184524e+01
 2.74000000e+00  -8.33333334e-03   1.00000000e+00   6.36117526e-02   7.93828770e-04  -3.65369682e+01   3.48494265e+01
 2.75000000e+00  -8.33333334e-03   1.00000000e+00   6.04005259e-02   7.54810380e-04  -3.65825851e+01   3.45804926e+01
 2.76000000e+00  -8.33333334e-03   1.00000000e+00   5.72283494e-02   7.17043415e-04  -3.66180611e+01   3.43132618e+01
 2.77000000e+00  -8.33333334e-03   1.00000000e+00   5.41050834e-02   6.80770239e-04  -3.66427986e+01   3.40490880e+01
 2.78000000e+00  -8.33333334e-03   1.00000000e+00   5.10390818e-02   6.46106068e-04  -3.66564827e+01   3.37890548e+01
 2.79000000e+00  -8.33333334e-03   1.00000000e+00   4.80370016e-02   6.13050664e-04  -3.66591370e+01   3.35338529e+01
 2.80000000e+00  -8.33333334e-03   1.00000000e+00   4.51036546e-02   5.81527104e-04  -3.66509724e+01   3.32841353e+01
 2.81000000e+00  -8.33333334e-03   1.00000000e+00   4.22420013e-02   5.51412686e-04  -3.66326440e+01   3.30399709e+01
 2.82000000e+00  -8.33333334e-03   1.00000000e+00   3.94532095e-02   5.22573429e-04  -3.66050180e+01   3.28011863e+01
 2.83000000e+00  -8.33333334e-03   1.00000000e+00   3.67368312e-02   4.94885673e-04  -3.65691754e+01   3.25673551e+01
 2.84000000e+00  -8.33333334e-03   1.00000000e+00   3.40910793e-02   4.68239493e-04  -3.65264036e+01   3.23378313e+01
 2.85000000e+00  -8.33333334e-03   1.00000000e+00   3.15131878e-02   4.42529269e-04  -3.64780939e+01   3.21118691e+01
 2.86000000e+00  -8.33333334e-03   1.00000000e+00   2.89998358e-02   4.17634824e-04  -3.64255637e+01   3.18885137e+01
 2.87000000e+00  -8.33333334e-03   1.00000000e+00   2.65476014e-02   3.93404464e-04  -3.63701435e+01   3.16669342e+01
 2.88000000e+00  -8.33333334e-03   1.00000000e+00   2.41534118e-02   3.69648222e-04  -3.63128989e+01   3.14462602e+01
 2.89000000e+00  -8.33333334e-03   1.00000000e+00   2.18149557e-02   3.46145326e-04  -3.62547461e+01   3.12258185e+01
 2.90000000e+00  -8.33333334e-03   1.00000000e+00   1.95310271e-02   3.22668354e-04  -3.61963883e+01   3.10052134e+01
 2.91000000e+00  -8.33333334e-03   1.00000000e+00   1.73017840e-02   2.99017666e-04  -3.61381630e+01   3.07841452e+01
 2.92000000e+00  -8.33333334e-03   1.00000000e+00   1.51289082e-02   2.75059591e-04  -3.60802211e+01   3.05627033e+01
 2.93000000e+00  -8.33333334e-03   1.00000000e+00   1.30156766e-02   2.50757466e-04  -3.60224032e+01   3.03411244e+01
 2.94000000e+00  -8.33333334e-03   1.00000000e+00   1.09669240e-02   2.26190446e-04  -3.59642715e+01   3.01199981e+01
 2.95000000e+00  -8.33333334e-03   1.00000000e+00   8.98894078e-03   2.01551578e-04  -3.59052813e+01   2.99001649e+01
 2.96000000e+00  -8.33333334e-03   1.00000000e+00   7.08929322e-03   1.77126543e-04  -3.58448226e+01   2.96827309e+01
 2.97000000e+00  -8.33333334e-03   1.00000000e+00   5.27656930e-03   1.53261789e-04  -3.57819967e+01   2.94688637e+01
 2.98000000e+00  -8.33333334e-03   1.00000000e+00   3.56006785e-03   1.30324907e-04  -3.57159406e+01   2.92599732e+01
 2.99000000e+00  -8.33333334e-03   1.00000000e+00   1.94943633e-03   1.08666112e-04  -3.56457082e+01   2.90574394e+01
 3.00000000e+00  -8.33333334e-03   1.00000000e+00   4.54269864e-04   8.85892743e-05  -3.55704221e+01   2.88626959e+01
 3.01000000e+00  -8.33333334e-03   1.00000000e+00  -9.16309320e-04   7.03375725e-05  -3.54893569e+01   2.86771657e+01
 3.02000000e+00  -8.33333334e-03   1.00000000e+00  -2.15406752e-03   5.40934529e-05  -3.54019169e+01   2.85020496e+01
 3.03000000e+00  -8.33333334e-03   1.00000000e+00  -3.25203998e-03   3.99876964e-05  -3.53076775e+01   2.83382947e+01
 3.04000000e+00  -8.33333334e-03   1.00000000e+00  -4.20485883e-03   2.81148090e-05  -3.52064991e+01   2.81866886e+01
 3.05000000e+00  -8.33333334e-03   1.00000000e+00  -5.00899631e-03   1.85443776e-05  -3.50984991e+01   2.80477009e+01
 3.06000000e+00  -8.33333334e-03   1.00000000e+00  -5.66290508e-03   1.13243452e-05  -3.49840862e+01   2.79214787e+01
 3.07000000e+00  -8.33333334e-03   1.00000000e+00  -6.16704500e-03   6.47310217e-06  -3.48639703e+01   2.78078629e+01
 3.08000000e+00  -8.33333334e-03   1.00000000e+00  -6.52380800e-03   3.96907290e-06  -3.47389942e+01   2.77064769e+01
 3.09000000e+00  -8.33333334e-03   1.00000000e+00  -6.73732574e-03   3.73270419e-06  -3.46102828e+01   2.76166056e+01
 3.10000000e+00  -8.33333334e-03   1.00000000e+00  -6.81319718e-03   5.61438544e-06  -3.44789838e+01   2.75374051e+01
 3.11000000e+00  -8.33333334e-03   1.00000000e+00  -6.75814625e-03   9.38944745e-06  -3.43464070e+01   2.74679235e+01
 3.12000000e+00  -8.33333334e-03   1.00000000e+00  -6.57963532e-03   1.47657108e-05  -3.42138861e+01   2.74070628e+01
 3.13000000e+00  -8.33333334e-03   1.00000000e+00  -6.28548263e-03   2.14105631e-05  -3.40825392e+01   2.73537522e+01
 3.14000000e+00  -8.33333334e-03   1.00000000e+00  -5.88345380e-03   2.89811801e-05  -3.39535148e+01   2.73069903e+01
 3.15000000e+00  -8.33333334e-03   1.00000000e+00  -5.38087504e-03   3.71568744e-05  -3.38278842e+01   2.72658282e+01
 3.16000000e+00  -8.33333334e-03   1.00000000e+00  -4.78429173e-03   4.56716338e-05  -3.37064229e+01   2.72294533e+01
 3.17000000e+00  -8.33333334e-03   1.00000000e+00  -4.09916792e-03   5.43383000e-05  -3.35897288e+01   2.71972733e+01
 3.18000000e+00  -8.33333334e-03   1.00000000e+00  -3.32965416e-03   6.30641920e-05  -3.34780535e+01   2.71689441e+01
 3.19000000e+00  -8.33333334e-03   1.00000000e+00  -2.47839920e-03   7.18400070e-05  -3.33717967e+01   2.71443091e+01
 3.20000000e+00  -8.33333334e-03   1.00000000e+00  -1.54651233e-03   8.07363922e-05  -3.32705565e+01   2.71234764e+01
 3.21000000e+00  -8.33333334e-03   1.00000000e+00  -5.33565553e-04   8.98786789e-05  -3.31740940e+01   2.71068541e+01
 3.22000000e+00  -8.33333334e-03   1.00000000e+00   5.62283479e-04   9.94252633e-05  -3.30818321e+01   2.70950023e+01
 3.23000000e+00  -8.33333334e-03   1.00000000e+00   1.74407337e-03   1.09548739e-04  -3.29930283e+01   2.70886849e+01
 3.24000000e+00  -8.33333334e-03   1.00000000e+00   3.01573547e-03   1.20427768e-04  -3.29068124e+01   2.70888064e+01
 3.25000000e+00  -8.33333334e-03   1.00000000e+00   4.38172692e-03   1.32243348e-04  -3.28222685e+01   2.70963387e+01
 3.26000000e+00  -8.33333334e-03   1.00000000e+00   5.84662117e-03   1.45180251e-04  -3.27384841e+01   2.71122718e+01
 3.27000000e+00  -8.33333334e-03   1.00000000e+00   7.41468329e-03   1.59428383e-04  -3.26546135e+01   2.71375479e+01
 3.28000000e+00  -8.33333334e-03   1.00000000e+00   9.08945936e-03   1.75181067e-04  -3.25699944e+01   2.71730609e+01
 3.29000000e+00  -8.33333334e-03   1.00000000e+00   1.08734056e-02   1.92626963e-04  -3.24839760e+01   2.72194527e+01
 3.30000000e+00  -8.33333334e-03   1.00000000e+00   1.27675864e-02   2.11934690e-04  -3.23963492e+01   2.72772904e+01
 3.31000000e+00  -8.33333334e-03   1.00000000e+00   1.47714392e-02   2.33231661e-04  -3.23069575e+01   2.73468475e+01
 3.32000000e+00  -8.33333334e-03   1.00000000e+00   1.68826327e-02   2.56583831e-04  -3.22159152e+01   2.74281795e+01
 3.33000000e+00  -8.33333334e-03   1.00000000e+00   1.90970107e-02   2.81977343e-04  -3.21235639e+01   2.75211052e+01
 3.34000000e+00  -8.33333334e-03   1.00000000e+00   2.14086374e-02   3.09309217e-04  -3.20305266e+01   2.76251796e+01
 3.35000000e+00  -8.33333334e-03   1.00000000e+00   2.38099115e-02   3.38386253e-04  -3.19375403e+01   2.77398610e+01
 3.36000000e+00  -8.33333334e-03   1.00000000e+00   2.62917786e-02   3.68946596e-04  -3.18455007e+01   2.78641869e+01
 3.37000000e+00  -8.33333334e-03   1.00000000e+00   2.88440139e-02   4.00664135e-04  -3.17554792e+01   2.79972213e+01
 3.38000000e+00  -8.33333334e-03   1.00000000e+00   3.14555449e-02   4.33195504e-04  -3.16685850e+01   2.81378589e+01
 3.39000000e+00  -8.33333334e-03   1.00000000e+00   3.41148451e-02   4.66193741e-04  -3.15858623e+01   2.82849332e+01
 3.40000000e+00  -8.33333334e-03   1.00000000e+00   3.68103418e-02   4.99335834e-04  -3.15084210e+01   2.84372461e+01
 3.41000000e+00  -8.33333334e-03   1.00000000e+00   3.95308277e-02   5.32337294e-04  -3.14372213e+01   2.85936928e+01
 3.42000000e+00  -8.33333334e-03   1.00000000e+00   4.22658575e-02   5.64960938e-04  -3.13730843e+01   2.87532716e+01
 3.43000000e+00  -8.33333334e-03   1.00000000e+00   4.50060986e-02   5.97018281e-04  -3.13166006e+01   2.89151388e+01
 3.44000000e+00  -8.33333334e-03   1.00000000e+00   4.77436171e-02   6.28366929e-04  -3.12681687e+01   2.90786259e+01
 3.45000000e+00  -8.33333334e-03   1.00000000e+00   5.04720665e-02   6.58915688e-04  -3.12276585e+01   2.92432872e+01
 3.46000000e+00  -8.33333334e-03   1.00000000e+00   5.31868248e-02   6.88597489e-04  -3.11954937e+01   2.94088296e+01
 3.47000000e+00  -8.33333334e-03   1.00000000e+00   5.58849545e-02   7.17404291e-04  -3.11708894e+01   2.95751507e+01
 3.48000000e+00  -8.33333334e-03   1.00000000e+00   5.85650993e-02   7.45375964e-04  -3.11528342e+01   2.97426396e+01
 3.49000000e+00  -8.33333334e-03   1.00000000e+00   6.12273514e-02   7.72584678e-04  -3.11410363e+01   2.99117068e+01
 3.50000000e+00  -8.33333334e-03   1.00000000e+00   6.38729330e-02   7.99154332e-04  -3.11343847e+01   3.00827868e+01
 3.51000000e+00  -8.33333334e-03   1.00000000e+00   6.65038866e-02   8.25257453e-04  -3.11318514e+01   3.02565079e+01
 3.52000000e+00  -8.33333334e-03   1.00000000e+00   6.91227068e-02   8.51108203e-04  -3.11323786e+01   3.04335693e+01
 3.53000000e+00  -8.33333334e-03   1.00000000e+00   7.17319573e-02   8.76947184e-04  -3.11349307e+01   3.06146791e+01
 3.54000000e+00  -8.33333334e-03   1.00000000e+00   7.43338889e-02   9.03019680e-04  -3.11385720e+01   3.08004969e+01
 3.55000000e+00  -8.33333334e-03   1.00000000e+00   7.69300762e-02   9.29549703e-04  -3.11425415e+01   3.09916585e+01
 3.56000000e+00  -8.33333334e-03   1.00000000e+00   7.95210948e-02   9.56714922e-04  -3.11461560e+01   3.11885229e+01
 3.57000000e+00  -8.33333334e-03   1.00000000e+00   8.21062547e-02   9.84624363e-04  -3.11490381e+01   3.13913310e+01
 3.58000000e+00  -8.33333334e-03   1.00000000e+00   8.46833982e-02   1.01330719e-03  -3.11509946e+01   3.16001191e+01
 3.59000000e+00  -8.33333334e-03   1.00000000e+00   8.72487872e-02   1.04270949e-03  -3.11521448e+01   3.18146921e+01
 3.60000000e+00  -8.33333334e-03   1.00000000e+00   8.97970783e-02   1.07270235e-03  -3.11528481e+01   3.20345835e+01
 3.61000000e+00  -8.33333334e-03   1.00000000e+00   9.23213939e-02   1.10309627e-03  -3.11537002e+01   3.22591895e+01
 3.62000000e+00  -8.33333334e-03   1.00000000e+00   9.48134866e-02   1.13365841e-03  -3.11554360e+01   3.24875542e+01
 3.63000000e+00  -8.33333334e-03   1.00000000e+00   9.72639948e-02   1.16412754e-03  -3.11590238e+01   3.27185837e+01
 3.64000000e+00  -8.33333334e-03   1.00000000e+00   9.96627629e-02   1.19422928e-03  -3.11655076e+01   3.29510699e+01
 3.65000000e+00  -8.33333334e-03   1.00000000e+00   1.01999218e-01   1.22368698e-03  -3.11760084e+01   3.31836842e+01
 3.66000000e+00  -8.33333334e-03   1.00000000e+00   1.04262777e-01   1.25222903e-03  -3.11915938e+01   3.34150788e+01
 3.67000000e+00  -8.33333334e-03   1.00000000e+00   1.06443252e-01   1.27959369e-03  -3.12132518e+01   3.36439110e+01
 3.68000000e+00  -8.33333334e-03   1.00000000e+00   1.08531244e-01   1.30553408e-03  -3.12418280e+01   3.38689074e+01
 3.69000000e+00  -8.33333334e-03   1.00000000e+00   1.10518492e-01   1.32982539e-03  -3.12779543e+01   3.40889144e+01
 3.70000000e+00  -8.33333334e-03   1.00000000e+00   1.12398160e-01   1.35227473e-03  -3.13220004e+01   3.43028938e+01
 3.71000000e+00  -8.33333334e-03   1.00000000e+00   1.14165050e-01   1.37272631e-03  -3.13743387e+01   3.45100261e+01
 3.72000000e+00  -8.33333334e-03   1.00000000e+00   1.15815724e-01   1.39109633e-03  -3.14343221e+01   3.47099161e+01
 3.73000000e+00  -8.33333334e-03   1.00000000e+00   1.17348563e-01   1.40735492e-03  -3.15020459e+01   3.49020648e+01
 3.74000000e+00  -8.33333334e-03   1.00000000e+00   1.18763700e-01   1.42155113e-03  -3.15761463e+01   3.50866737e+01
 3.75000000e+00  -8.33333334e-03   1.00000000e+00   1.20062935e-01   1.43376944e-03  -3.16571410e+01   3.52634473e+01
 3.76000000e+00  -8.33333334e-03   1.00000000e+00   1.21249420e-01   1.44420631e-03  -3.17427363e+01   3.54328963e+01
 3.77000000e+00  -8.33333334e-03   1.00000000e+00   1.22327432e-01   1.45311303e-03  -3.18320769e+01   3.55955818e+01
 3.78000000e+00  -8.33333334e-03   1.00000000e+00   1.23302081e-01   1.46075515e-03  -3.19244190e+01   3.57520155e+01
 3.79000000e+00  -8.33333334e-03   1.00000000e+00   1.24178790e-01   1.46742921e-03  -3.20174763e+01   3.59031583e+01
 3.80000000e+00  -8.33333334e-03   1.00000000e+00   1.24963102e-01   1.47340428e-03  -3.21114330e+01   3.60494943e+01
 3.81000000e+00  -8.33333334e-03   1.00000000e+00   1.25660157e-01   1.47890990e-03  -3.22044770e+01   3.61917210e+01
 3.82000000e+00  -8.33333334e-03   1.00000000e+00   1.26274354e-01   1.48411139e-03  -3.22955985e+01   3.63305234e+01
 3.83000000e+00  -8.33333334e-03   1.00000000e+00   1.26809103e-01   1.48909808e-03  -3.23846212e+01   3.64662389e+01
 3.84000000e+00  -8.33333334e-03   1.00000000e+00   1.27266520e-01   1.49390873e-03  -3.24707746e+01   3.65991423e+01
 3.85000000e+00  -8.33333334e-03   1.00000000e+00   1.27647325e-01   1.49853912e-03  -3.25542090e+01   3.67291981e+01
 3.86000000e+00  -8.33333334e-03   1.00000000e+00   1.27950738e-01   1.50295418e-03  -3.26349065e+01   3.68561831e+01
 3.87000000e+00  -8.33333334e-03   1.00000000e+00   1.28174547e-01   1.50709752e-03  -3.27133910e+01   3.69796456e+01
 3.88000000e+00  -8.33333334e-03   1.00000000e+00   1.28315184e-01   1.51076115e-03  -3.28407203e+01   3.70874838e+01
 3.89000000e+00  -8.33333334e-03   1.00000000e+00   1.28367738e-01   1.51397839e-03  -3.28379168e+01   3.71815207e+01
 3.90000000e+00  -8.33333334e-03   1.00000000e+00   1.28326941e-01   1.51653189e-03  -3.29100250e+01   3.72655149e+01
 3.91000000e+00  -8.33333334e-03   1.00000000e+00   1.28186496e-01   1.51824576e-03  -3.29921238e+01   3.73697657e+01
 3.92000000e+00  -8.33333334e-03   1.00000000e+00   1.27940431e-01   1.51887846e-03  -3.30673867e+01   3.74694564e+01
 3.93000000e+00  -8.33333334e-03   1.00000000e+00   1.27583012e-01   1.51815905e-03  -3.31460708e+01   3.75598767e+01
 3.94000000e+00  -8.33333334e-03   1.00000000e+00   1.27108995e-01   1.51581955e-03  -3.32277057e+01   3.76404858e+01
 3.95000000e+00  -8.33333334e-03   1.00000000e+00   1.26514236e-01   1.51185427e-03  -3.36017752e+01   3.78691334e+01
 3.96000000e+00  -8.33333334e-03   1.00000000e+00   1.25796748e-01   1.50575375e-03  -3.34667237e+01   3.78707397e+01
 3.97000000e+00  -8.33333334e-03   1.00000000e+00   1.24953605e-01   1.49727171e-03  -3.35464293e+01   3.78069379e+01
 3.98000000e+00  -8.33333334e-03   1.00000000e+00   1.23984955e-01   1.48668372e-03  -3.36608056e+01   3.78189716e+01
 3.99000000e+00  -8.33333334e-03   1.00000000e+00   1.22892884e-01   1.47395530e-03  -3.37784232e+01   3.78254824e+01
 4.00000000e+00  -8.33333334e-03   1.00000000e+00   1.21681208e-01   1.45913554e-03  -3.38969396e+01   3.78171784e+01
 4.01000000e+00  -8.33333334e-03   1.00000000e+00   1.20355462e-01   1.44230921e-03  -3.40176459e+01   3.77948919e+01
 4.02000000e+00  -8.33333334e-03   1.00000000e+00   1.18922746e-01   1.42366135e-03  -3.41400640e+01   3.77598342e+01
 4.03000000e+00  -8.33333334e-03   1.00000000e+00   1.17391387e-01   1.40348787e-03  -3.42629963e+01   3.77130542e+01
 4.04000000e+00  -8.33333334e-03   1.00000000e+00   1.15770537e-01   1.38213933e-03  -3.43850782e+01   3.76555870e+01
 4.05000000e+00  -8.33333334e-03   1.00000000e+00   1.14069766e-01   1.35995431e-03  -3.45049212e+01   3.75885484e+01
 4.06000000e+00  -8.33333334e-03   1.00000000e+00   1.12298702e-01   1.33722912e-03  -3.46212898e+01   3.75131716e+01
 4.07000000e+00  -8.33333334e-03   1.00000000e+00   1.10466700e-01   1.31422117e-03  -3.47329578e+01   3.74306410e+01
 4.08000000e+00  -8.33333334e-03   1.00000000e+00   1.08582530e-01   1.29115420e-03  -3.48389349e+01   3.73420899e+01
 4.09000000e+00  -8.33333334e-03   1.00000000e+00   1.06654055e-01   1.26821067e-03  -3.49383947e+01   3.72485508e+01
 4.10000000e+00  -8.33333334e-03   1.00000000e+00   1.04687964e-01   1.24551985e-03  -3.50307831e+01   3.71508480e+01
 4.11000000e+00  -8.33333334e-03   1.00000000e+00   1.02689590e-01   1.22315395e-03  -3.51159608e+01   3.70495386e+01
 4.12000000e+00  -8.33333334e-03   1.00000000e+00   1.00662783e-01   1.20114457e-03  -3.51937289e+01   3.69450285e+01
 4.13000000e+00  -8.33333334e-03   1.00000000e+00   9.86099076e-02   1.17948983e-03  -3.52644431e+01   3.68374292e+01
 4.14000000e+00  -8.33333334e-03   1.00000000e+00   9.65318927e-02   1.15815616e-03  -3.53286449e+01   3.67267072e+01
 4.15000000e+00  -8.33333334e-03   1.00000000e+00   9.44283653e-02   1.13706947e-03  -3.53871128e+01   3.66124365e+01
 4.16000000e+00  -8.33333334e-03   1.00000000e+00   9.22978224e-02   1.11611740e-03  -3.54405693e+01   3.64941178e+01
 4.17000000e+00  -8.33333334e-03   1.00000000e+00   9.01379374e-02   1.09513770e-03  -3.54902905e+01   3.63710968e+01
 4.18000000e+00  -8.33333334e-03   1.00000000e+00   8.79458837e-02   1.07393038e-03  -3.55372265e+01   3.62424974e+01
 4.19000000e+00  -8.33333334e-03   1.00000000e+00   8.57187360e-02   1.05227166e-03  -3.55824150e+01   3.61074726e+01
 4.20000000e+00  -8.33333334e-03   1.00000000e+00   8.34538843e-02   1.02993197e-03  -3.56268385e+01   3.59652894e+01
 4.21000000e+00  -8.33333334e-03   1.00000000e+00   8.11494240e-02   1.00669885e-03  -3.56711715e+01   3.58151884e+01
 4.22000000e+00  -8.33333334e-03   1.00000000e+00   7.88044992e-02   9.82399333e-04  -3.57159526e+01   3.56566434e+01
 4.23000000e+00  -8.33333334e-03   1.00000000e+00   7.64195641e-02   9.56920637e-04  -3.57614737e+01   3.54894262e+01
 4.24000000e+00  -8.33333334e-03   1.00000000e+00   7.39965610e-02   9.30222933e-04  -3.58076714e+01   3.53134132e+01
 4.25000000e+00  -8.33333334e-03   1.00000000e+00   7.15390077e-02   9.02342846e-04  -3.58542869e+01   3.51288169e+01
 4.26000000e+00  -8.33333334e-03   1.00000000e+00   6.90519929e-02   8.73389357e-04  -3.59007983e+01   3.49361400e+01
 4.27000000e+00  -8.33333334e-03   1.00000000e+00   6.65421002e-02   8.43531034e-04  -3.59465218e+01   3.47362038e+01
 4.28000000e+00  -8.33333334e-03   1.00000000e+00   6.40172568e-02   8.12981313e-04  -3.59905614e+01   3.45299283e+01
 4.29000000e+00  -8.33333334e-03   1.00000000e+00   6.14865066e-02   7.81986476e-04  -3.60318036e+01   3.43185100e+01
 4.30000000e+00  -8.33333334e-03   1.00000000e+00   5.89597447e-02   7.50809083e-04  -3.60691869e+01   3.41033129e+01
 4.31000000e+00  -8.33333334e-03   1.00000000e+00   5.64473937e-02   7.19716792e-04  -3.61016143e+01   3.38858611e+01
 4.32000000e+00  -8.33333334e-03   1.00000000e+00   5.39600507e-02   6.88974897e-04  -3.61279223e+01   3.36676012e+01
 4.33000000e+00  -8.33333334e-03   1.00000000e+00   5.15081210e-02   6.58840739e-04  -3.61471667e+01   3.34500643e+01
 4.34000000e+00  -8.33333334e-03   1.00000000e+00   4.91014480e-02   6.29559252e-04  -3.61584757e+01   3.32346518e+01
 4.35000000e+00  -8.33333334e-03   1.00000000e+00   4.67489659e-02   6.01356720e-04  -3.61611843e+01   3.30226105e+01
 4.36000000e+00  -8.33333334e-03   1.00000000e+00   4.44583934e-02   5.74431278e-04  -3.61548431e+01   3.28149312e+01
 4.37000000e+00  -8.33333334e-03   1.00000000e+00   4.22359814e-02   5.48942042e-04  -3.61393344e+01   3.26125046e+01
 4.38000000e+00  -8.33333334e-03   1.00000000e+00   4.00863587e-02   5.24994767e-04  -3.61149459e+01   3.24159192e+01
 4.39000000e+00  -8.33333334e-03   1.00000000e+00   3.80124378e-02   5.02637129e-04  -3.60818957e+01   3.22253856e+01
 4.40000000e+00  -8.33333334e-03   1.00000000e+00   3.60154637e-02   4.81846550e-04  -3.60410030e+01   3.20408476e+01
 4.41000000e+00  -8.33333334e-03   1.00000000e+00   3.40951226e-02   4.62534336e-04  -3.59930410e+01   3.18621371e+01
 4.42000000e+00  -8.33333334e-03   1.00000000e+00   3.22497779e-02   4.44548350e-04  -3.59391925e+01   3.16886490e+01
 4.43000000e+00  -8.33333334e-03   1.00000000e+00   3.04767307e-02   4.27691908e-04  -3.58804296e+01   3.15198328e+01
 4.44000000e+00  -8.33333334e-03   1.00000000e+00   2.87725756e-02   4.11736599e-04  -3.58180640e+01   3.13548261e+01
 4.45000000e+00  -8.33333334e-03   1.00000000e+00   2.71335363e-02   3.96447498e-04  -3.57531304e+01   3.11929083e+01
 4.46000000e+00  -8.33333334e-03   1.00000000e+00   2.55558424e-02   3.81598885e-04  -3.56867571e+01   3.10332097e+01
 4.47000000e+00  -8.33333334e-03   1.00000000e+00   2.40360666e-02   3.66993487e-04  -3.56198741e+01   3.08750787e+01
 4.48000000e+00  -8.33333334e-03   1.00000000e+00   2.25714494e-02   3.52473015e-04  -3.55533090e+01   3.07178979e+01
 4.49000000e+00  -8.33333334e-03   1.00000000e+00   2.11601682e-02   3.37926129e-04  -3.54875538e+01   3.05611773e+01
 4.50000000e+00  -8.33333334e-03   1.00000000e+00   1.98015587e-02   3.23290023e-04  -3.54230162e+01   3.04047458e+01
 4.51000000e+00  -8.33333334e-03   1.00000000e+00   1.84962619e-02   3.08550666e-04  -3.53596834e+01   3.02486699e+01
 4.52000000e+00  -8.33333334e-03   1.00000000e+00   1.72463359e-02   2.93735717e-04  -3.52977586e+01   3.00930399e+01
 4.53000000e+00  -8.33333334e-03   1.00000000e+00   1.60552175e-02   2.78924683e-04  -3.52366820e+01   2.99383325e+01
 4.54000000e+00  -8.33333334e-03   1.00000000e+00   1.49276491e-02   2.64241258e-04  -3.51759852e+01   2.97853302e+01
 4.55000000e+00  -8.33333334e-03   1.00000000e+00   1.38695050e-02   2.49847394e-04  -3.51148386e+01   2.96349233e+01
 4.56000000e+00  -8.33333334e-03   1.00000000e+00   1.28875743e-02   2.35935254e-04  -3.50528663e+01   2.94880974e+01
 4.57000000e+00  -8.33333334e-03   1.00000000e+00   1.19892123e-02   2.22735347e-04  -3.49889291e+01   2.93459544e+01
 4.58000000e+00  -8.33333334e-03   1.00000000e+00   1.11819879e-02   2.10502678e-04  -3.49221394e+01   2.92097682e+01
 4.59000000e+00  -8.33333334e-03   1.00000000e+00   1.04733308e-02   1.99494976e-04  -3.48519506e+01   2.90805948e+01
 4.60000000e+00  -8.33333334e-03   1.00000000e+00   9.87011805e-03   1.89963362e-04  -3.47775520e+01   2.89595863e+01
 4.61000000e+00  -8.33333334e-03   1.00000000e+00   9.37833555e-03   1.82134352e-04  -3.46984906e+01   2.88476999e+01
 4.62000000e+00  -8.33333334e-03   1.00000000e+00   9.00277558e-03   1.76193822e-04  -3.46145132e+01   2.87456189e+01
 4.63000000e+00  -8.33333334e-03   1.00000000e+00   8.74677552e-03   1.72275788e-04  -3.45253832e+01   2.86539717e+01
 4.64000000e+00  -8.33333334e-03   1.00000000e+00   8.61209360e-03   1.70447096e-04  -3.44315567e+01   2.85729726e+01
 4.65000000e+00  -8.33333334e-03   1.00000000e+00   8.59868575e-03   1.70810920e-04  -3.43182513e+01   2.84927955e+01
 4.66000000e+00  -8.33333334e-03   1.00000000e+00   8.70546312e-03   1.73104379e-04  -3.42452838e+01   2.84445816e+01
 4.67000000e+00  -8.33333334e-03   1.00000000e+00   8.92866938e-03   1.77324905e-04  -3.41279058e+01   2.83998468e+01
 4.68000000e+00  -8.33333334e-03   1.00000000e+00   9.26382502e-03   1.83245330e-04  -3.40164663e+01   2.83539934e+01
 4.69000000e+00  -8.33333334e-03   1.00000000e+00   9.70503226e-03   1.90681116e-04  -3.39071336e+01   2.83219575e+01
 4.70000000e+00  -8.33333334e-03   1.00000000e+00   1.02455346e-02   1.99401156e-04  -3.37981876e+01   2.82987380e+01
 4.71000000e+00  -8.33333334e-03   1.00000000e+00   1.08779729e-02   2.09175762e-04  -3.36899415e+01   2.82824692e+01
 4.72000000e+00  -8.33333334e-03   1.00000000e+00   1.15947659e-02   2.19782263e-04  -3.35836786e+01   2.82720992e+01
 4.73000000e+00  -8.33333334e-03   1.00000000e+00   1.23884537e-02   2.31010542e-04  -3.34803679e+01   2.82667795e+01
 4.74000000e+00  -8.33333334e-03   1.00000000e+00   1.32520348e-02   2.42660421e-04  -3.33808720e+01   2.82657173e+01
 4.75000000e+00  -8.33333334e-03   1.00000000e+00   1.41792698e-02   2.54540919e-04  -3.32859361e+01   2.82682426e+01
 4.76000000e+00  -8.33333334e-03   1.00000000e+00   1.51649439e-02   2.66481972e-04  -3.31960146e+01   2.82738274e+01
 4.77000000e+00  -8.33333334e-03   1.00000000e+00   1.62050885e-02   2.78352197e-04  -3.31113761e+01   2.82821454e+01
 4.78000000e+00  -8.33333334e-03   1.00000000e+00   1.72971270e-02   2.90075057e-04  -3.30320353e+01   2.82930908e+01
 4.79000000e+00  -8.33333334e-03   1.00000000e+00   1.84399256e-02   3.01638105e-04  -3.29577777e+01   2.83067693e+01
 4.80000000e+00  -8.33333334e-03   1.00000000e+00   1.96337350e-02   3.13095550e-04  -3.28881640e+01   2.83235102e+01
 4.81000000e+00  -8.33333334e-03   1.00000000e+00   2.08800357e-02   3.24564821e-04  -3.28225975e+01   2.83438045e+01
 4.82000000e+00  -8.33333334e-03   1.00000000e+00   2.21813031e-02   3.36217467e-04  -3.27603397e+01   2.83683005e+01
 4.83000000e+00  -8.33333334e-03   1.00000000e+00   2.35407218e-02   3.48264016e-04  -3.27006270e+01   2.83978016e+01
 4.84000000e+00  -8.33333334e-03   1.00000000e+00   2.49618627e-02   3.60933934e-04  -3.26425584e+01   2.84330625e+01
 4.85000000e+00  -8.33333334e-03   1.00000000e+00   2.64483403e-02   3.74454820e-04  -3.25853268e+01   2.84749185e+01
 4.86000000e+00  -8.33333334e-03   1.00000000e+00   2.80034667e-02   3.89033751e-04  -3.25282504e+01   2.85242110e+01
 4.87000000e+00  -8.33333334e-03   1.00000000e+00   2.96299147e-02   4.04843306e-04  -3.24706581e+01   2.85816411e+01
 4.88000000e+00  -8.33333334e-03   1.00000000e+00   3.13294161e-02   4.22012476e-04  -3.24120080e+01   2.86477090e+01
 4.89000000e+00  -8.33333334e-03   1.00000000e+00   3.31025054e-02   4.40622134e-04  -3.23520595e+01   2.87228888e+01
 4.90000000e+00  -8.33333334e-03   1.00000000e+00   3.49483274e-02   4.60704478e-04  -3.22906891e+01   2.88073766e+01
 4.91000000e+00  -8.33333334e-03   1.00000000e+00   3.68645151e-02   4.82244578e-04  -3.22279939e+01   2.89011709e+01
 4.92000000e+00  -8.33333334e-03   1.00000000e+00   3.88471474e-02   5.05182701e-04  -3.21642949e+01   2.90040470e+01
 4.93000000e+00  -8.33333334e-03   1.00000000e+00   4.08907805e-02   5.29416816e-04  -3.21000886e+01   2.91155809e+01
 4.94000000e+00  -8.33333334e-03   1.00000000e+00   4.29885759e-02   5.54801777e-04  -3.20361472e+01   2.92351203e+01
 4.95000000e+00  -8.33333334e-03   1.00000000e+00   4.51324770e-02   5.81150479e-04  -3.19732957e+01   2.93619457e+01
 4.96000000e+00  -8.33333334e-03   1.00000000e+00   4.73134723e-02   6.08239012e-04  -3.19123810e+01   2.94950920e+01
 4.97000000e+00  -8.33333334e-03   1.00000000e+00   4.95219136e-02   6.35811574e-04  -3.18544798e+01   2.96335083e+01
 4.98000000e+00  -8.33333334e-03   1.00000000e+00   5.17478680e-02   6.63590386e-04  -3.18005618e+01   2.97761338e+01
 4.99000000e+00  -8.33333334e-03   1.00000000e+00   5.39814911e-02   6.91289861e-04  -3.17515476e+01   2.99219119e+01
 5.00000000e+00  -8.33333334e-03   1.00000000e+00   5.62133960e-02   7.18633545e-04  -3.17082512e+01   3.00698412e+01