  Time  Coordinate0  Coordinate1  Displacement0  Displacement1  Force0  Force1
 1.00000000e-02  -8.33333333e-03   1.00000000e+00   4.20830328e-05   2.13107702e-05  -6.17478392e+00   1.21082627e+01
 2.00000000e-02  -8.33333333e-03   1.00000000e+00   1.31116615e-04   4.34572032e-05  -9.75917096e+00   1.48381277e+01
 3.00000000e-02  -8.33333333e-03   1.00000000e+00   2.66796346e-04   6.36287877e-05  -1.05319577e+01   1.59062733e+01
 4.00000000e-02  -8.33333333e-03   1.00000000e+00   4.51365448e-04   7.87278052e-05  -1.04571248e+01   1.64507692e+01
 5.00000000e-02  -8.33333333e-03   1.00000000e+00   6.91980609e-04   8.73339409e-05  -1.07103220e+01   1.72202763e+01
 6.00000000e-02  -8.33333333e-03   1.00000000e+00   1.00076709e-03   8.98625575e-05  -1.13058488e+01   1.82267078e+01
 7.00000000e-02  -8.33333333e-03   1.00000000e+00   1.39296568e-03   8.84008578e-05  -1.19714156e+01   1.92843799e+01
 8.00000000e-02  -8.33333333e-03   1.00000000e+00   1.88399037e-03   8.59458640e-05  -1.25745163e+01   2.02966134e+01
 9.00000000e-02  -8.33333333e-03   1.00000000e+00   2.48690813e-03   8.54018247e-05  -1.31149094e+01   2.12576694e+01
 1.00000000e-01  -8.33333333e-03   1.00000000e+00   3.21107825e-03   8.88249845e-05  -1.36220793e+01   2.21839136e+01
 1.10000000e-01  -8.33333333e-03   1.00000000e+00   4.06196779e-03   9.71059815e-05  -1.41091068e+01   2.30823362e+01
 1.20000000e-01  -8.33333333e-03   1.00000000e+00   5.04170943e-03   1.10073854e-04  -1.45744059e+01   2.39511066e+01
 1.30000000e-01  -8.33333333e-03   1.00000000e+00   6.14991056e-03   1.26849911e-04  -1.50135267e+01   2.47869223e+01
 1.40000000e-01  -8.33333333e-03   1.00000000e+00   7.38440702e-03   1.46272247e-04  -1.54246021e+01   2.55886110e+01
 1.50000000e-01  -8.33333333e-03   1.00000000e+00   8.74180758e-03   1.67265726e-04  -1.58077887e+01   2.63566328e+01
 1.60000000e-01  -8.33333333e-03   1.00000000e+00   1.02178108e-02   1.89069292e-04  -1.61640294e+01   2.70923023e+01
 1.70000000e-01  -8.33333333e-03   1.00000000e+00   1.18073615e-02   2.11312765e-04  -1.64942205e+01   2.77970146e+01
 1.80000000e-01  -8.33333333e-03   1.00000000e+00   1.35047340e-02   2.33959742e-04  -1.67992798e+01   2.84722464e+01
 1.90000000e-01  -8.33333333e-03   1.00000000e+00   1.53036375e-02   2.57174857e-04  -1.70802623e+01   2.91195032e+01
 2.00000000e-01  -8.33333333e-03   1.00000000e+00   1.71973956e-02   2.81172907e-04  -1.73383644e+01   2.97402843e+01
 2.10000000e-01  -8.33333333e-03   1.00000000e+00   1.91792154e-02   3.06097783e-04  -1.75748470e+01   3.03359752e+01
 2.20000000e-01  -8.33333333e-03   1.00000000e+00   2.12425151e-02   3.31958575e-04  -1.77908995e+01   3.09077668e+01
 2.30000000e-01  -8.33333333e-03   1.00000000e+00   2.33812606e-02   3.58626419e-04  -1.79875810e+01   3.14566572e+01
 2.40000000e-01  -8.33333333e-03   1.00000000e+00   2.55902518e-02   3.85877012e-04  -1.81657256e+01   3.19834113e+01
 2.50000000e-01  -8.33333333e-03   1.00000000e+00   2.78653150e-02   4.13458158e-04  -1.83258873e+01   3.24886113e+01
 2.60000000e-01  -8.33333333e-03   1.00000000e+00   3.02033785e-02   4.41154011e-04  -1.84683309e+01   3.29726439e+01
 2.70000000e-01  -8.33333333e-03   1.00000000e+00   3.26024337e-02   4.68832923e-04  -1.85931339e+01   3.34359084e+01
 2.80000000e-01  -8.33333333e-03   1.00000000e+00   3.50613987e-02   4.96467473e-04  -1.87000752e+01   3.38786215e+01
 2.90000000e-01  -8.33333333e-03   1.00000000e+00   3.75799135e-02   5.24128492e-04  -1.87887246e+01   3.43008886e+01
 3.00000000e-01  -8.33333333e-03   1.00000000e+00   4.01580952e-02   5.51957831e-04  -1.88586465e+01   3.47029091e+01
 3.10000000e-01  -8.33333333e-03   1.00000000e+00   4.27962794e-02   5.80135352e-04  -1.89092038e+01   3.50846759e+01
 3.20000000e-01  -8.33333333e-03   1.00000000e+00   4.54947668e-02   6.08844390e-04  -1.89398858e+01   3.54463089e+01
 3.30000000e-01  -8.33333333e-03   1.00000000e+00   4.82535871e-02   6.38245983e-04  -1.89500992e+01   3.57877401e+01
 3.40000000e-01  -8.33333333e-03   1.00000000e+00   5.10722893e-02   6.68461419e-04  -1.89394553e+01   3.61089462e+01
 3.50000000e-01  -8.33333333e-03   1.00000000e+00   5.39497628e-02   6.99566878e-04  -1.89076762e+01   3.64099037e+01
 3.60000000e-01  -8.33333333e-03   1.00000000e+00   5.68840951e-02   7.31595207e-04  -1.88546768e+01   3.66905337e+01
 3.70000000e-01  -8.33333333e-03   1.00000000e+00   5.98724706e-02   7.64541197e-04  -1.87805889e+01   3.69507550e+01
 3.80000000e-01  -8.33333333e-03   1.00000000e+00   6.29111136e-02   7.98369256e-04  -1.86857570e+01   3.71904716e+01
 3.90000000e-01  -8.33333333e-03   1.00000000e+00   6.59952803e-02   8.33018172e-04  -1.85708245e+01   3.74096343e+01
 4.00000000e-01  -8.33333333e-03   1.00000000e+00   6.91192982e-02   8.68405516e-04  -1.84365468e+01   3.76080826e+01
 4.10000000e-01  -8.33333333e-03   1.00000000e+00   7.22766511e-02   9.04428559e-04  -1.82839827e+01   3.77857524e+01
 4.20000000e-01  -8.33333333e-03   1.00000000e+00   7.54601040e-02   9.40965911e-04  -1.81143605e+01   3.79426122e+01
 4.30000000e-01  -8.33333333e-03   1.00000000e+00   7.86618600e-02   9.77878708e-04  -1.79290384e+01   3.80786341e+01
 4.40000000e-01  -8.33333333e-03   1.00000000e+00   8.18737364e-02   1.01501404e-03  -1.77294949e+01   3.81938331e+01
 4.50000000e-01  -8.33333333e-03   1.00000000e+00   8.50873513e-02   1.05220931e-03  -1.75172684e+01   3.82882915e+01
 4.60000000e-01  -8.33333333e-03   1.00000000e+00   8.82943071e-02   1.08929853e-03  -1.72939076e+01   3.83621670e+01
 4.70000000e-01  -8.33333333e-03   1.00000000e+00   9.14863625e-02   1.12611927e-03  -1.70609688e+01   3.84156762e+01
 4.80000000e-01  -8.33333333e-03   1.00000000e+00   9.46555830e-02   1.16251953e-03  -1.68199364e+01   3.84491369e+01
 4.90000000e-01  -8.33333333e-03   1.00000000e+00   9.77944643e-02   1.19836371e-03  -1.65722210e+01   3.84629658e+01
 5.00000000e-01  -8.33333333e-03   1.00000000e+00   1.00896023e-01   1.23353698e-03  -1.63191549e+01   3.84576761e+01
 5.10000000e-01  -8.33333333e-03   1.00000000e+00   1.03953852e-01   1.26794771e-03  -1.60619450e+01   3.84338997e+01
 5.20000000e-01  -8.33333333e-03   1.00000000e+00   1.06962145e-01   1.30152804e-03  -1.58016682e+01   3.83923208e+01
 5.30000000e-01  -8.33333333e-03   1.00000000e+00   1.09915681e-01   1.33423260e-03  -1.55392977e+01   3.83337563e+01
 5.40000000e-01  -8.33333333e-03   1.00000000e+00   1.12809788e-01   1.36603597e-03  -1.52757513e+01   3.82591270e+01
 5.50000000e-01  -8.33333333e-03   1.00000000e+00   1.15640272e-01   1.39692919e-03  -1.50117411e+01   3.81693346e+01
 5.60000000e-01  -8.33333333e-03   1.00000000e+00   1.18403334e-01   1.42691586e-03  -1.47479804e+01   3.80653979e+01
 5.70000000e-01  -8.33333333e-03   1.00000000e+00   1.21095471e-01   1.45600748e-03  -1.44851257e+01   3.79484113e+01
 5.80000000e-01  -8.33333333e-03   1.00000000e+00   1.23713372e-01   1.48421959e-03  -1.42237439e+01   3.78194069e+01
 5.90000000e-01  -8.33333333e-03   1.00000000e+00   1.26253816e-01   1.51156777e-03  -1.39643394e+01   3.76794163e+01
 6.00000000e-01  -8.33333333e-03   1.00000000e+00   1.28713578e-01   1.53806374e-03  -1.37075000e+01   3.75295568e+01
 6.10000000e-01  -8.33333333e-03   1.00000000e+00   1.31089347e-01   1.56371222e-03  -1.34537850e+01   3.73709033e+01
 6.20000000e-01  -8.33333333e-03   1.00000000e+00   1.33377661e-01   1.58850874e-03  -1.32036737e+01   3.72043873e+01
 6.30000000e-01  -8.33333333e-03   1.00000000e+00   1.35574870e-01   1.61243724e-03  -1.29577346e+01   3.70309876e+01
 6.40000000e-01  -8.33333333e-03   1.00000000e+00   1.37677113e-01   1.63546920e-03  -1.27165839e+01   3.68516671e+01
 6.50000000e-01  -8.33333333e-03   1.00000000e+00   1.39680324e-01   1.65756343e-03  -1.24807665e+01   3.66672441e+01
 6.60000000e-01  -8.33333333e-03   1.00000000e+00   1.41580257e-01   1.67866652e-03  -1.22508868e+01   3.64785280e+01
 6.70000000e-01  -8.33333333e-03   1.00000000e+00   1.43372511e-01   1.69875209e-03  -1.20275559e+01   3.62862139e+01
 6.80000000e-01  -8.33333333e-03   1.00000000e+00   1.45052672e-01   1.71769587e-03  -1.18112988e+01   3.60910666e+01
 6.90000000e-01  -8.33333333e-03   1.00000000e+00   1.46616233e-01   1.73546743e-03  -1.16027061e+01   3.58935934e+01
 7.00000000e-01  -8.33333333e-03   1.00000000e+00   1.48058872e-01   1.75198061e-03  -1.14023559e+01   3.56943835e+01
 7.10000000e-01  -8.33333333e-03   1.00000000e+00   1.49376408e-01   1.76716083e-03  -1.12106745e+01   3.54940941e+01
 7.20000000e-01  -8.33333333e-03   1.00000000e+00   1.50564940e-01   1.78090131e-03  -1.10281129e+01   3.52931070e+01
 7.30000000e-01  -8.33333333e-03   1.00000000e+00   1.51620904e-01   1.79308259e-03  -1.08549748e+01   3.50918103e+01
 7.40000000e-01  -8.33333333e-03   1.00000000e+00   1.52541121e-01   1.80361108e-03  -1.06915968e+01   3.48906664e+01
 7.50000000e-01  -8.33333333e-03   1.00000000e+00   1.53322864e-01   1.81242671e-03  -1.05381984e+01   3.46900065e+01
 7.60000000e-01  -8.33333333e-03   1.00000000e+00   1.53963893e-01   1.81950238e-03  -1.03949107e+01   3.44901670e+01
 7.70000000e-01  -8.33333333e-03   1.00000000e+00   1.54462488e-01   1.82483436e-03  -1.02618160e+01   3.42914497e+01
 7.80000000e-01  -8.33333333e-03   1.00000000e+00   1.54817450e-01   1.82843323e-03  -1.01389450e+01   3.40941964e+01
 7.90000000e-01  -8.33333333e-03   1.00000000e+00   1.55028094e-01   1.83031615e-03  -1.00261802e+01   3.38985915e+01
 8.00000000e-01  -8.33333333e-03   1.00000000e+00   1.55094226e-01   1.83050220e-03  -9.92340505e+00   3.37048893e+01
 8.10000000e-01  -8.33333333e-03   1.00000000e+00   1.55016104e-01   1.82901024e-03  -9.83049273e+00   3.35133785e+01
 8.20000000e-01  -8.33333333e-03   1.00000000e+00   1.54794388e-01   1.82586074e-03  -9.74717408e+00   3.33241754e+01
 8.30000000e-01  -8.33333333e-03   1.00000000e+00   1.54430090e-01   1.82107733e-03  -9.67326094e+00   3.31375299e+01
 8.40000000e-01  -8.33333333e-03   1.00000000e+00   1.53924518e-01   1.81468857e-03  -9.60844662e+00   3.29535178e+01
 8.50000000e-01  -8.33333333e-03   1.00000000e+00   1.53279219e-01   1.80672870e-03  -9.55250629e+00   3.27723367e+01
 8.60000000e-01  -8.33333333e-03   1.00000000e+00   1.52495928e-01   1.79723652e-03  -9.50514284e+00   3.25940798e+01
 8.70000000e-01  -8.33333333e-03   1.00000000e+00   1.51576528e-01   1.78625390e-03  -9.46606746e+00   3.24187541e+01
 8.80000000e-01  -8.33333333e-03   1.00000000e+00   1.50523010e-01   1.77382241e-03  -9.43506308e+00   3.22465004e+01
 8.90000000e-01  -8.33333333e-03   1.00000000e+00   1.49337447e-01   1.75998143e-03  -9.41186902e+00   3.20773102e+01
 9.00000000e-01  -8.33333333e-03   1.00000000e+00   1.48021979e-01   1.74476578e-03  -9.39622729e+00   3.19111355e+01
 9.10000000e-01  -8.33333333e-03   1.00000000e+00   1.46578809e-01   1.72820459e-03  -9.38796527e+00   3.17480050e+01
 9.20000000e-01  -8.33333333e-03   1.00000000e+00   1.45010202e-01   1.71032154e-03  -9.38685110e+00   3.15878673e+01
 9.30000000e-01  -8.33333333e-03   1.00000000e+00   1.43318502e-01   1.69113538e-03  -9.39268302e+00   3.14305956e+01
 9.40000000e-01  -8.33333333e-03   1.00000000e+00   1.41506152e-01   1.67066153e-03  -9.40531295e+00   3.12761659e+01
 9.50000000e-01  -8.33333333e-03   1.00000000e+00   1.39575717e-01   1.64891307e-03  -9.42452461e+00   3.11243980e+01
 9.60000000e-01  -8.33333333e-03   1.00000000e+00   1.37529914e-01   1.62590359e-03  -9.45017813e+00   3.09752514e+01
 9.70000000e-01  -8.33333333e-03   1.00000000e+00   1.35371645e-01   1.60164829e-03  -9.48204408e+00   3.08285359e+01
 9.80000000e-01  -8.33333333e-03   1.00000000e+00   1.33104020e-01   1.57616585e-03  -9.51995217e+00   3.06841231e+01
 9.90000000e-01  -8.33333333e-03   1.00000000e+00   1.30730387e-01   1.54947921e-03  -9.56369694e+00   3.05418857e+01
 1.00000000e+00  -8.33333333e-03   1.00000000e+00   1.28254352e-01   1.52161683e-03  -9.61305853e+00   3.04016848e+01
 1.01000000e+00  -8.33333333e-03   1.00000000e+00   1.25679789e-01   1.49261292e-03  -9.66780668e+00   3.02634067e+01
 1.02000000e+00  -8.33333333e-03   1.00000000e+00   1.23010856e-01   1.46250784e-03  -9.72767963e+00   3.01269153e+01
 1.03000000e+00  -8.33333333e-03   1.00000000e+00   1.20251985e-01   1.43134809e-03  -9.79240111e+00   2.99920946e+01
 1.04000000e+00  -8.33333333e-03   1.00000000e+00   1.17407881e-01   1.39918634e-03  -9.86167721e+00   2.98588436e+01
 1.05000000e+00  -8.33333333e-03   1.00000000e+00   1.14483499e-01   1.36608102e-03  -9.93519222e+00   2.97270075e+01
 1.06000000e+00  -8.33333333e-03   1.00000000e+00   1.11484030e-01   1.33209562e-03  -1.00126255e+01   2.95965469e+01
 1.07000000e+00  -8.33333333e-03   1.00000000e+00   1.08414868e-01   1.29729853e-03  -1.00936410e+01   2.94673547e+01
 1.08000000e+00  -8.33333333e-03   1.00000000e+00   1.05281580e-01   1.26176165e-03  -1.01778990e+01   2.93393984e+01
 1.09000000e+00  -8.33333333e-03   1.00000000e+00   1.02089872e-01   1.22556002e-03  -1.02650462e+01   2.92125952e+01
 1.10000000e+00  -8.33333333e-03   1.00000000e+00   9.88455562e-02   1.18876993e-03  -1.03547439e+01   2.90868798e+01
 1.11000000e+00  -8.33333333e-03   1.00000000e+00   9.55545118e-02   1.15146863e-03  -1.04466434e+01   2.89622291e+01
 1.12000000e+00  -8.33333333e-03   1.00000000e+00   9.22226572e-02   1.11373274e-03  -1.05404038e+01   2.88386407e+01
 1.13000000e+00  -8.33333333e-03   1.00000000e+00   8.88559184e-02   1.07563767e-03  -1.06357184e+01   2.87160673e+01
 1.14000000e+00  -8.33333333e-03   1.00000000e+00   8.54602046e-02   1.03725637e-03  -1.07322557e+01   2.85944763e+01
 1.15000000e+00  -8.33333333e-03   1.00000000e+00   8.20413867e-02   9.98659726e-04  -1.08297193e+01   2.84738580e+01
 1.16000000e+00  -8.33333333e-03   1.00000000e+00   7.86052828e-02   9.59915270e-04  -1.09278243e+01   2.83542019e+01
 1.17000000e+00  -8.33333333e-03   1.00000000e+00   7.51576467e-02   9.21087738e-04  -1.10263122e+01   2.82355047e+01
 1.18000000e+00  -8.33333333e-03   1.00000000e+00   7.17041633e-02   8.82238937e-04  -1.11249118e+01   2.81177605e+01
 1.19000000e+00  -8.33333333e-03   1.00000000e+00   6.82504466e-02   8.43427595e-04  -1.12233825e+01   2.80009984e+01
 1.20000000e+00  -8.33333333e-03   1.00000000e+00   6.48020424e-02   8.04710590e-04  -1.13215095e+01   2.78852165e+01
 1.21000000e+00  -8.33333333e-03   1.00000000e+00   6.13644328e-02   7.66142482e-04  -1.14190701e+01   2.77703887e+01
 1.22000000e+00  -8.33333333e-03   1.00000000e+00   5.79430425e-02   7.27776681e-04  -1.15158455e+01   2.76565365e+01
 1.23000000e+00  -8.33333333e-03   1.00000000e+00   5.45432463e-02   6.89665684e-04  -1.16116501e+01   2.75436895e+01
 1.24000000e+00  -8.33333333e-03   1.00000000e+00   5.11703756e-02   6.51861383e-04  -1.17062790e+01   2.74318655e+01
 1.25000000e+00  -8.33333333e-03   1.00000000e+00   4.78297239e-02   6.14416222e-04  -1.17995459e+01   2.73211053e+01
 1.26000000e+00  -8.33333333e-03   1.00000000e+00   4.45265505e-02   5.77382560e-04  -1.18912559e+01   2.72114595e+01
 1.27000000e+00  -8.33333333e-03   1.00000000e+00   4.12660808e-02   5.40814207e-04  -1.19812470e+01   2.71029696e+01
 1.28000000e+00  -8.33333333e-03   1.00000000e+00   3.80535042e-02   5.04765289e-04  -1.20693211e+01   2.69956690e+01
 1.29000000e+00  -8.33333333e-03   1.00000000e+00   3.48939688e-02   4.69291124e-04  -1.21552943e+01   2.68896113e+01
 1.30000000e+00  -8.33333333e-03   1.00000000e+00   3.17925725e-02   4.34447687e-04  -1.22389946e+01   2.67848857e+01
 1.31000000e+00  -8.33333333e-03   1.00000000e+00   2.87543511e-02   4.00292163e-04  -1.23202601e+01   2.66815707e+01
 1.32000000e+00  -8.33333333e-03   1.00000000e+00   2.57842640e-02   3.66881511e-04  -1.23989092e+01   2.65797217e+01
 1.33000000e+00  -8.33333333e-03   1.00000000e+00   2.28871780e-02   3.34272915e-04  -1.24747555e+01   2.64794588e+01
 1.34000000e+00  -8.33333333e-03   1.00000000e+00   2.00678490e-02   3.02523079e-04  -1.25476753e+01   2.63808563e+01
 1.35000000e+00  -8.33333333e-03   1.00000000e+00   1.73309038e-02   2.71687755e-04  -1.26175124e+01   2.62840080e+01
 1.36000000e+00  -8.33333333e-03   1.00000000e+00   1.46808211e-02   2.41820988e-04  -1.26840988e+01   2.61890259e+01
 1.37000000e+00  -8.33333333e-03   1.00000000e+00   1.21219137e-02   2.12975342e-04  -1.27473528e+01   2.60960118e+01
 1.38000000e+00  -8.33333333e-03   1.00000000e+00   9.65831174e-03   1.85201036e-04  -1.28071196e+01   2.60050663e+01
 1.39000000e+00  -8.33333333e-03   1.00000000e+00   7.29394797e-03   1.58545478e-04  -1.28633384e+01   2.59162944e+01
 1.40000000e+00  -8.33333333e-03   1.00000000e+00   5.03254511e-03   1.33052969e-04  -1.29158854e+01   2.58297943e+01
 1.41000000e+00  -8.33333333e-03   1.00000000e+00   2.87760566e-03   1.08765102e-04  -1.29647370e+01   2.57456719e+01
 1.42000000e+00  -8.33333333e-03   1.00000000e+00   8.32404911e-04   8.57195711e-05  -1.30097896e+01   2.56640296e+01
 1.43000000e+00  -8.33333333e-03   1.00000000e+00  -1.10001398e-03   6.39508654e-05  -1.30510521e+01   2.55849545e+01
 1.44000000e+00  -8.33333333e-03   1.00000000e+00  -2.91684192e-03   4.34898887e-05  -1.30884487e+01   2.55085485e+01
 1.45000000e+00  -8.33333333e-03   1.00000000e+00  -4.61550356e-03   2.43638678e-05  -1.31219851e+01   2.54349080e+01
 1.46000000e+00  -8.33333333e-03   1.00000000e+00  -6.19365544e-03   6.59714165e-06  -1.31516883e+01   2.53641168e+01
 1.47000000e+00  -8.33333333e-03   1.00000000e+00  -7.64918203e-03  -9.78948398e-06  -1.31775247e+01   2.52962324e+01
 1.48000000e+00  -8.33333333e-03   1.00000000e+00  -8.98019116e-03  -2.47778613e-05  -1.31995270e+01   2.52313693e+01
 1.49000000e+00  -8.33333333e-03   1.00000000e+00  -1.01850087e-02  -3.83524638e-05  -1.32177252e+01   2.51695927e+01
 1.50000000e+00  -8.33333333e-03   1.00000000e+00  -1.12621735e-02  -5.04999335e-05  -1.32321830e+01   2.51109644e+01
 1.51000000e+00  -8.33333333e-03   1.00000000e+00  -1.22104317e-02  -6.12091731e-05  -1.32428831e+01   2.50555512e+01
 1.52000000e+00  -8.33333333e-03   1.00000000e+00  -1.30287332e-02  -7.04709962e-05  -1.32498926e+01   2.50034382e+01
 1.53000000e+00  -8.33333333e-03   1.00000000e+00  -1.37162275e-02  -7.82775185e-05  -1.32532955e+01   2.49546879e+01
 1.54000000e+00  -8.33333333e-03   1.00000000e+00  -1.42722616e-02  -8.46230084e-05  -1.32530904e+01   2.49093524e+01
 1.55000000e+00  -8.33333333e-03   1.00000000e+00  -1.46963849e-02  -8.95012110e-05  -1.32493377e+01   2.48674908e+01
 1.56000000e+00  -8.33333333e-03   1.00000000e+00  -1.49883349e-02  -9.29112308e-05  -1.32421505e+01   2.48291869e+01
 1.57000000e+00  -8.33333333e-03   1.00000000e+00  -1.51480497e-02  -9.48508815e-05  -1.32315142e+01   2.47944589e+01
 1.58000000e+00  -8.33333333e-03   1.00000000e+00  -1.51755828e-02  -9.52567932e-05  -1.32122000e+01   2.47591390e+01
 1.59000000e+00  -8.33333333e-03   1.00000000e+00  -1.50712114e-02  -9.42627750e-05  -1.32039994e+01   2.47373839e+01
 1.60000000e+00  -8.33333333e-03   1.00000000e+00  -1.48356321e-02  -9.18115693e-05  -1.31811952e+01   2.47152849e+01
 1.61000000e+00  -8.33333333e-03   1.00000000e+00  -1.44695815e-02  -8.78878620e-05  -1.31561551e+01   2.46929767e+01
 1.62000000e+00  -8.33333333e-03   1.00000000e+00  -1.39740013e-02  -8.25152695e-05  -1.31294341e+01   2.46767024e+01
 1.63000000e+00  -8.33333333e-03   1.00000000e+00  -1.33500620e-02  -7.56949630e-05  -1.30998393e+01   2.46646276e+01
 1.64000000e+00  -8.33333333e-03   1.00000000e+00  -1.25991465e-02  -6.74404132e-05  -1.30673038e+01   2.46565175e+01
 1.65000000e+00  -8.33333333e-03   1.00000000e+00  -1.17228752e-02  -5.77843974e-05  -1.30319254e+01   2.46523776e+01
 1.66000000e+00  -8.33333333e-03   1.00000000e+00  -1.07230758e-02  -4.67728771e-05  -1.29938545e+01   2.46522761e+01
 1.67000000e+00  -8.33333333e-03   1.00000000e+00  -9.60180000e-03  -3.44302624e-05  -1.29531133e+01   2.46561851e+01
 1.68000000e+00  -8.33333333e-03   1.00000000e+00  -8.36132008e-03  -2.07603604e-05  -1.29098884e+01   2.46641661e+01
 1.69000000e+00  -8.33333333e-03   1.00000000e+00  -7.00411300e-03  -5.76247319e-06  -1.28642622e+01   2.46762286e+01
 1.70000000e+00  -8.33333333e-03   1.00000000e+00  -5.53285802e-03   1.05598853e-05  -1.28162984e+01   2.46923291e+01
 1.71000000e+00  -8.33333333e-03   1.00000000e+00  -3.95042698e-03   2.81935805e-05  -1.27661726e+01   2.47125330e+01
 1.72000000e+00  -8.33333333e-03   1.00000000e+00  -2.25986027e-03   4.70941414e-05  -1.27139902e+01   2.47368257e+01
 1.73000000e+00  -8.33333333e-03   1.00000000e+00  -4.64387215e-04   6.72177607e-05  -1.26598522e+01   2.47652012e+01
 1.74000000e+00  -8.33333333e-03   1.00000000e+00   1.43263723e-03   8.84718225e-05  -1.26038721e+01   2.47976496e+01
 1.75000000e+00  -8.33333333e-03   1.00000000e+00   3.42756241e-03   1.10920055e-04  -1.25461821e+01   2.48341047e+01
 1.76000000e+00  -8.33333333e-03   1.00000000e+00   5.51661158e-03   1.34658401e-04  -1.24869408e+01   2.48745606e+01
 1.77000000e+00  -8.33333333e-03   1.00000000e+00   7.69600285e-03   1.59596550e-04  -1.24262366e+01   2.49190476e+01
 1.78000000e+00  -8.33333333e-03   1.00000000e+00   9.96186063e-03   1.85534018e-04  -1.23641302e+01   2.49674977e+01
 1.79000000e+00  -8.33333333e-03   1.00000000e+00   1.23101421e-02   2.12286415e-04  -1.23007692e+01   2.50198981e+01
 1.80000000e+00  -8.33333333e-03   1.00000000e+00   1.47366596e-02   2.39741141e-04  -1.22362623e+01   2.50761881e+01
 1.81000000e+00  -8.33333333e-03   1.00000000e+00   1.72371175e-02   2.67850130e-04  -1.21707287e+01   2.51363197e+01
 1.82000000e+00  -8.33333333e-03   1.00000000e+00   1.98071294e-02   2.96607969e-04  -1.21042577e+01   2.52001945e+01
 1.83000000e+00  -8.33333333e-03   1.00000000e+00   2.24422236e-02   3.26028899e-04  -1.20370127e+01   2.52678217e+01
 1.84000000e+00  -8.33333333e-03   1.00000000e+00   2.51378504e-02   3.56127497e-04  -1.19691035e+01   2.53391656e+01
 1.85000000e+00  -8.33333333e-03   1.00000000e+00   2.78893893e-02   3.86902438e-04  -1.19006153e+01   2.54141099e+01
 1.86000000e+00  -8.33333333e-03   1.00000000e+00   3.06921561e-02   4.18328291e-04  -1.18317187e+01   2.54926463e+01
 1.87000000e+00  -8.33333333e-03   1.00000000e+00   3.35414087e-02   4.50354721e-04  -1.17624945e+01   2.55747235e+01
 1.88000000e+00  -8.33333333e-03   1.00000000e+00   3.64323508e-02   4.82911195e-04  -1.16930339e+01   2.56602367e+01
 1.89000000e+00  -8.33333333e-03   1.00000000e+00   3.93601338e-02   5.15917023e-04  -1.16234648e+01   2.57491456e+01
 1.90000000e+00  -8.33333333e-03   1.00000000e+00   4.23198610e-02   5.49291932e-04  -1.15538799e+01   2.58413298e+01
 1.91000000e+00  -8.33333333e-03   1.00000000e+00   4.53065946e-02   5.82961497e-04  -1.14843859e+01   2.59367031e+01
 1.92000000e+00  -8.33333333e-03   1.00000000e+00   4.83153620e-02   6.16861364e-04  -1.14151288e+01   2.60352255e+01
 1.93000000e+00  -8.33333333e-03   1.00000000e+00   5.13411638e-02   6.50937738e-04  -1.13461840e+01   2.61367577e+01
 1.94000000e+00  -8.33333333e-03   1.00000000e+00   5.43789855e-02   6.85142381e-04  -1.12776797e+01   2.62411907e+01
 1.95000000e+00  -8.33333333e-03   1.00000000e+00   5.74238053e-02   7.19429665e-04  -1.12097492e+01   2.63484709e+01
 1.96000000e+00  -8.33333333e-03   1.00000000e+00   6.04706035e-02   7.53754074e-04  -1.11424837e+01   2.64584353e+01
 1.97000000e+00  -8.33333333e-03   1.00000000e+00   6.35143743e-02   7.88065133e-04  -1.10760027e+01   2.65709708e+01
 1.98000000e+00  -8.33333333e-03   1.00000000e+00   6.65501331e-02   8.22308358e-04  -1.10104181e+01   2.66859507e+01
 1.99000000e+00  -8.33333333e-03   1.00000000e+00   6.95729268e-02   8.56425658e-04  -1.09458480e+01   2.68032472e+01
 2.00000000e+00  -8.33333333e-03   1.00000000e+00   7.25778436e-02   8.90356743e-04  -1.08823970e+01   2.69227234e+01
 2.01000000e+00  -8.33333333e-03   1.00000000e+00   7.55600223e-02   9.24040529e-04  -1.08201968e+01   2.70442853e+01
 2.02000000e+00  -8.33333333e-03   1.00000000e+00   7.85146613e-02   9.57418168e-04  -1.07593394e+01   2.71677291e+01
 2.03000000e+00  -8.33333333e-03   1.00000000e+00   8.14370282e-02   9.90432760e-04  -1.06999263e+01   2.72928946e+01
 2.04000000e+00  -8.33333333e-03   1.00000000e+00   8.43224682e-02   1.02303063e-03  -1.06420751e+01   2.74196241e+01
 2.05000000e+00  -8.33333333e-03   1.00000000e+00   8.71664138e-02   1.05515991e-03  -1.05858728e+01   2.75477168e+01
 2.06000000e+00  -8.33333333e-03   1.00000000e+00   8.99643897e-02   1.08677189e-03  -1.05314323e+01   2.76770410e+01
 2.07000000e+00  -8.33333333e-03   1.00000000e+00   9.27120232e-02   1.11781860e-03  -1.04788548e+01   2.78074417e+01
 2.08000000e+00  -8.33333333e-03   1.00000000e+00   9.54050482e-02   1.14825355e-03  -1.04282378e+01   2.79387292e+01
 2.09000000e+00  -8.33333333e-03   1.00000000e+00   9.80393131e-02   1.17803061e-03  -1.03796715e+01   2.80707111e+01
 2.10000000e+00  -8.33333333e-03   1.00000000e+00   1.00610785e-01   1.20710436e-03  -1.03332492e+01   2.82032069e+01
 2.11000000e+00  -8.33333333e-03   1.00000000e+00   1.03115554e-01   1.23543030e-03  -1.02890482e+01   2.83359783e+01
 2.12000000e+00  -8.33333333e-03   1.00000000e+00   1.05549841e-01   1.26296519e-03  -1.02471675e+01   2.84688655e+01
 2.13000000e+00  -8.33333333e-03   1.00000000e+00   1.07909997e-01   1.28966733e-03  -1.02076845e+01   2.86016869e+01
 2.14000000e+00  -8.33333333e-03   1.00000000e+00   1.10192514e-01   1.31549634e-03  -1.01706798e+01   2.87342297e+01
 2.15000000e+00  -8.33333333e-03   1.00000000e+00   1.12394022e-01   1.34041425e-03  -1.01362290e+01   2.88662585e+01
 2.16000000e+00  -8.33333333e-03   1.00000000e+00   1.14511300e-01   1.36438428e-03  -1.01044102e+01   2.89975863e+01
 2.17000000e+00  -8.33333333e-03   1.00000000e+00   1.16541273e-01   1.38737230e-03  -1.00752899e+01   2.91279977e+01
 2.18000000e+00  -8.33333333e-03   1.00000000e+00   1.18481020e-01   1.40934522e-03  -1.00489368e+01   2.92572952e+01
 2.19000000e+00  -8.33333333e-03   1.00000000e+00   1.20327778e-01   1.43027210e-03  -1.00254098e+01   2.93852551e+01
 2.20000000e+00  -8.33333333e-03   1.00000000e+00   1.22078944e-01   1.45012294e-03  -1.00047857e+01   2.95116852e+01
 2.21000000e+00  -8.33333333e-03   1.00000000e+00   1.23732081e-01   1.46887021e-03  -9.98711455e+00   2.96363569e+01
 2.22000000e+00  -8.33333333e-03   1.00000000e+00   1.25284917e-01   1.48648765e-03  -9.97244923e+00   2.97590758e+01
 2.23000000e+00  -8.33333333e-03   1.00000000e+00   1.26735354e-01   1.50295097e-03  -9.96083755e+00   2.98796160e+01
 2.24000000e+00  -8.33333333e-03   1.00000000e+00   1.28081469e-01   1.51823765e-03  -9.95233151e+00   2.99977562e+01
 2.25000000e+00  -8.33333333e-03   1.00000000e+00   1.29321516e-01   1.53232694e-03  -9.94695959e+00   3.01133307e+01
 2.26000000e+00  -8.33333333e-03   1.00000000e+00   1.30453931e-01   1.54520066e-03  -9.94476602e+00   3.02261169e+01
 2.27000000e+00  -8.33333333e-03   1.00000000e+00   1.31477333e-01   1.55684269e-03  -9.94577620e+00   3.03358983e+01
 2.28000000e+00  -8.33333333e-03   1.00000000e+00   1.32390528e-01   1.56723864e-03  -9.95000607e+00   3.04424886e+01
 2.29000000e+00  -8.33333333e-03   1.00000000e+00   1.33192509e-01   1.57637637e-03  -9.95747930e+00   3.05457067e+01
 2.30000000e+00  -8.33333333e-03   1.00000000e+00   1.33882411e-01   1.58431975e-03  -9.96821914e+00   3.06453793e+01
 2.31000000e+00  -8.33333333e-03   1.00000000e+00   1.34459637e-01   1.59103764e-03  -9.98219719e+00   3.07413446e+01
 2.32000000e+00  -8.33333333e-03   1.00000000e+00   1.34923768e-01   1.59646343e-03  -9.99943876e+00   3.08334148e+01
 2.33000000e+00  -8.33333333e-03   1.00000000e+00   1.35274564e-01   1.60054154e-03  -1.00198869e+01   3.09214107e+01
 2.34000000e+00  -8.33333333e-03   1.00000000e+00   1.35511764e-01   1.60347633e-03  -1.00436141e+01   3.10050828e+01
 2.35000000e+00  -8.33333333e-03   1.00000000e+00   1.35635637e-01   1.60518693e-03  -1.00704896e+01   3.10844550e+01
 2.36000000e+00  -8.33333333e-03   1.00000000e+00   1.35646277e-01   1.60546913e-03  -1.01028165e+01   3.11624526e+01
 2.37000000e+00  -8.33333333e-03   1.00000000e+00   1.35544264e-01   1.60441315e-03  -1.01117965e+01   3.12074296e+01
 2.38000000e+00  -8.33333333e-03   1.00000000e+00   1.35329939e-01   1.60202124e-03  -1.01446234e+01   3.12628274e+01
 2.39000000e+00  -8.33333333e-03   1.00000000e+00   1.35004352e-01   1.59832081e-03  -1.01824657e+01   3.13257460e+01
 2.40000000e+00  -8.33333333e-03   1.00000000e+00   1.34568576e-01   1.59335579e-03  -1.02219374e+01   3.13847978e+01
 2.41000000e+00  -8.33333333e-03   1.00000000e+00   1.34023792e-01   1.58717888e-03  -1.02636423e+01   3.14388883e+01
 2.42000000e+00  -8.33333333e-03   1.00000000e+00   1.33371323e-01   1.57983314e-03  -1.03079745e+01   3.14879466e+01
 2.43000000e+00  -8.33333333e-03   1.00000000e+00   1.32614494e-01   1.57163673e-03  -1.05065082e+01   3.16966624e+01
 2.44000000e+00  -8.33333333e-03   1.00000000e+00   1.31752404e-01   1.56221095e-03  -1.04453361e+01   3.16473189e+01
 2.45000000e+00  -8.33333333e-03   1.00000000e+00   1.30787088e-01   1.55194967e-03  -1.04918594e+01   3.16165307e+01
 2.46000000e+00  -8.33333333e-03   1.00000000e+00   1.29721162e-01   1.54060011e-03  -1.05562044e+01   3.16348540e+01
 2.47000000e+00  -8.33333333e-03   1.00000000e+00   1.28557172e-01   1.52779570e-03  -1.06199540e+01   3.16527338e+01
 2.48000000e+00  -8.33333333e-03   1.00000000e+00   1.27297508e-01   1.51349606e-03  -1.06838628e+01   3.16649616e+01
 2.49000000e+00  -8.33333333e-03   1.00000000e+00   1.25944708e-01   1.49788546e-03  -1.07491559e+01   3.16717207e+01
 2.50000000e+00  -8.33333333e-03   1.00000000e+00   1.24501436e-01   1.48118419e-03  -1.08161394e+01   3.16732170e+01
 2.51000000e+00  -8.33333333e-03   1.00000000e+00   1.22970476e-01   1.46357064e-03  -1.08848233e+01   3.16694166e+01
 2.52000000e+00  -8.33333333e-03   1.00000000e+00   1.21354730e-01   1.44516352e-03  -1.09550633e+01   3.16602305e+01
 2.53000000e+00  -8.33333333e-03   1.00000000e+00   1.19657231e-01   1.42601934e-03  -1.10267278e+01   3.16456154e+01
 2.54000000e+00  -8.33333333e-03   1.00000000e+00   1.17881139e-01   1.40614447e-03  -1.10996963e+01   3.16256212e+01
 2.55000000e+00  -8.33333333e-03   1.00000000e+00   1.16029732e-01   1.38551780e-03  -1.11737724e+01   3.16002423e+01
 2.56000000e+00  -8.33333333e-03   1.00000000e+00   1.14106395e-01   1.36411038e-03  -1.12488113e+01   3.15695392e+01
 2.57000000e+00  -8.33333333e-03   1.00000000e+00   1.12114606e-01   1.34190305e-03  -1.13246435e+01   3.15335844e+01
 2.58000000e+00  -8.33333333e-03   1.00000000e+00   1.10057925e-01   1.31889889e-03  -1.14011185e+01   3.14924554e+01
 2.59000000e+00  -8.33333333e-03   1.00000000e+00   1.07939982e-01   1.29513108e-03  -1.14780469e+01   3.14462143e+01
 2.60000000e+00  -8.33333333e-03   1.00000000e+00   1.05764477e-01   1.27065342e-03  -1.15552995e+01   3.13950081e+01
 2.61000000e+00  -8.33333333e-03   1.00000000e+00   1.03535179e-01   1.24553353e-03  -1.16327150e+01   3.13389643e+01
 2.62000000e+00  -8.33333333e-03   1.00000000e+00   1.01255923e-01   1.21984333e-03  -1.17101325e+01   3.12782097e+01
 2.63000000e+00  -8.33333333e-03   1.00000000e+00   9.89306093e-02   1.19364837e-03  -1.17873988e+01   3.12128888e+01
 2.64000000e+00  -8.33333333e-03   1.00000000e+00   9.65632035e-02   1.16700370e-03  -1.18643443e+01   3.11431404e+01
 2.65000000e+00  -8.33333333e-03   1.00000000e+00   9.41577282e-02   1.13995554e-03  -1.19408189e+01   3.10691202e+01
 2.66000000e+00  -8.33333333e-03   1.00000000e+00   9.17182607e-02   1.11254128e-03  -1.20166670e+01   3.09910269e+01
 2.67000000e+00  -8.33333333e-03   1.00000000e+00   8.92489225e-02   1.08479549e-03  -1.20917149e+01   3.09089776e+01
 2.68000000e+00  -8.33333333e-03   1.00000000e+00   8.67538734e-02   1.05675524e-03  -1.21658087e+01   3.08231286e+01
 2.69000000e+00  -8.33333333e-03   1.00000000e+00   8.42373053e-02   1.02845843e-03  -1.22387799e+01   3.07336709e+01
 2.70000000e+00  -8.33333333e-03   1.00000000e+00   8.17034309e-02   9.99949415e-04  -1.23105034e+01   3.06408199e+01
 2.71000000e+00  -8.33333333e-03   1.00000000e+00   7.91564795e-02   9.71277273e-04  -1.23808086e+01   3.05447234e+01
 2.72000000e+00  -8.33333333e-03   1.00000000e+00   7.66006890e-02   9.42491215e-04  -1.24495477e+01   3.04455665e+01
 2.73000000e+00  -8.33333333e-03   1.00000000e+00   7.40402928e-02   9.13645753e-04  -1.25166006e+01   3.03435926e+01
 2.74000000e+00  -8.33333333e-03   1.00000000e+00   7.14795192e-02   8.84792878e-04  -1.25818257e+01   3.02390026e+01
 2.75000000e+00  -8.33333333e-03   1.00000000e+00   6.89225773e-02   8.55984106e-04  -1.26450673e+01   3.01319392e+01
 2.76000000e+00  -8.33333333e-03   1.00000000e+00   6.63736520e-02   8.27266916e-04  -1.27062268e+01   3.00226602e+01
 2.77000000e+00  -8.33333333e-03   1.00000000e+00   6.38368928e-02   7.98687738e-04  -1.27651627e+01   2.99113269e+01
 2.78000000e+00  -8.33333333e-03   1.00000000e+00   6.13164058e-02   7.70292571e-04  -1.28217793e+01   2.97981776e+01
 2.79000000e+00  -8.33333333e-03   1.00000000e+00   5.88162493e-02   7.42124791e-04  -1.28759783e+01   2.96834418e+01
 2.80000000e+00  -8.33333333e-03   1.00000000e+00   5.63404222e-02   7.14228133e-04  -1.29276626e+01   2.95673083e+01
 2.81000000e+00  -8.33333333e-03   1.00000000e+00   5.38928599e-02   6.86645192e-04  -1.29767327e+01   2.94499822e+01
 2.82000000e+00  -8.33333333e-03   1.00000000e+00   5.14774251e-02   6.59421473e-04  -1.30231220e+01   2.93316644e+01
 2.83000000e+00  -8.33333333e-03   1.00000000e+00   4.90979080e-02   6.32598107e-04  -1.30667387e+01   2.92125219e+01
 2.84000000e+00  -8.33333333e-03   1.00000000e+00   4.67580136e-02   6.06217874e-04  -1.31075427e+01   2.90927938e+01
 2.85000000e+00  -8.33333333e-03   1.00000000e+00   4.44613628e-02   5.80321005e-04  -1.31454885e+01   2.89727421e+01
 2.86000000e+00  -8.33333333e-03   1.00000000e+00   4.22114846e-02   5.54948230e-04  -1.31805178e+01   2.88525062e+01
 2.87000000e+00  -8.33333333e-03   1.00000000e+00   4.00118143e-02   5.30136441e-04  -1.32125859e+01   2.87322741e+01
 2.88000000e+00  -8.33333333e-03   1.00000000e+00   3.78656854e-02   5.05923439e-04  -1.32416727e+01   2.86122362e+01
 2.89000000e+00  -8.33333333e-03   1.00000000e+00   3.57763306e-02   4.82344766e-04  -1.32677483e+01   2.84925912e+01
 2.90000000e+00  -8.33333333e-03   1.00000000e+00   3.37468742e-02   4.59435396e-04  -1.32908034e+01   2.83735163e+01
 2.91000000e+00  -8.33333333e-03   1.00000000e+00   3.17803318e-02   4.37227666e-04  -1.33108368e+01   2.82552514e+01
 2.92000000e+00  -8.33333333e-03   1.00000000e+00   2.98796028e-02   4.15754446e-04  -1.33278398e+01   2.81379095e+01
 2.93000000e+00  -8.33333333e-03   1.00000000e+00   2.80474701e-02   3.95046840e-04  -1.33418162e+01   2.80216722e+01
 2.94000000e+00  -8.33333333e-03   1.00000000e+00   2.62865946e-02   3.75134277e-04  -1.33527863e+01   2.79067450e+01
 2.95000000e+00  -8.33333333e-03   1.00000000e+00   2.45995122e-02   3.56044823e-04  -1.33607566e+01   2.77932568e+01
 2.96000000e+00  -8.33333333e-03   1.00000000e+00   2.29886286e-02   3.37806671e-04  -1.33657617e+01   2.76814014e+01
 2.97000000e+00  -8.33333333e-03   1.00000000e+00   2.14562174e-02   3.20446092e-04  -1.33678187e+01   2.75712915e+01
 2.98000000e+00  -8.33333333e-03   1.00000000e+00   2.00044165e-02   3.03986677e-04  -1.33669769e+01   2.74631203e+01
 2.99000000e+00  -8.33333333e-03   1.00000000e+00   1.86352225e-02   2.88451992e-04  -1.33632579e+01   2.73569897e+01
 3.00000000e+00  -8.33333333e-03   1.00000000e+00   1.73504901e-02   2.73862265e-04  -1.33567184e+01   2.72530820e+01
 3.01000000e+00  -8.33333333e-03   1.00000000e+00   1.61519259e-02   2.60237658e-04  -1.33474148e+01   2.71515354e+01
 3.02000000e+00  -8.33333333e-03   1.00000000e+00   1.50410872e-02   2.47596880e-04  -1.33353961e+01   2.70524174e+01
 3.03000000e+00  -8.33333333e-03   1.00000000e+00   1.40193804e-02   2.35956310e-04  -1.33207253e+01   2.69559032e+01
 3.04000000e+00  -8.33333333e-03   1.00000000e+00   1.30880570e-02   2.25329952e-04  -1.33034600e+01   2.68621155e+01
 3.05000000e+00  -8.33333333e-03   1.00000000e+00   1.22482122e-02   2.15731194e-04  -1.32836737e+01   2.67711576e+01
 3.06000000e+00  -8.33333333e-03   1.00000000e+00   1.15007844e-02   2.07170802e-04  -1.32614309e+01   2.66831460e+01
 3.07000000e+00  -8.33333333e-03   1.00000000e+00   1.08465529e-02   1.99658249e-04  -1.32368069e+01   2.65981669e+01
 3.08000000e+00  -8.33333333e-03   1.00000000e+00   1.02861380e-02   1.93201244e-04  -1.32098798e+01   2.65162886e+01
 3.09000000e+00  -8.33333333e-03   1.00000000e+00   9.82000386e-03   1.87802306e-04  -1.31807184e+01   2.64376354e+01
 3.10000000e+00  -8.33333333e-03   1.00000000e+00   9.44845448e-03   1.83462599e-04  -1.31494216e+01   2.63623020e+01
 3.11000000e+00  -8.33333333e-03   1.00000000e+00   9.17163279e-03   1.80185983e-04  -1.31160732e+01   2.62903615e+01
 3.12000000e+00  -8.33333333e-03   1.00000000e+00   8.98952840e-03   1.77972674e-04  -1.30807516e+01   2.62218888e+01
 3.13000000e+00  -8.33333333e-03   1.00000000e+00   8.90197360e-03   1.76821200e-04  -1.30435551e+01   2.61569471e+01
 3.14000000e+00  -8.33333333e-03   1.00000000e+00   8.90877928e-03   1.76823711e-04  -1.30055163e+01   2.60956985e+01
 3.15000000e+00  -8.33333333e-03   1.00000000e+00   9.00937117e-03   1.77730094e-04  -1.29634610e+01   2.60379194e+01
 3.16000000e+00  -8.33333333e-03   1.00000000e+00   9.20306218e-03   1.79719750e-04  -1.29214533e+01   2.59834587e+01
 3.17000000e+00  -8.33333333e-03   1.00000000e+00   9.48909828e-03   1.82805431e-04  -1.28777770e+01   2.59335037e+01
 3.18000000e+00  -8.33333333e-03   1.00000000e+00   9.86660675e-03   1.86934966e-04  -1.28325551e+01   2.58871070e+01
 3.19000000e+00  -8.33333333e-03   1.00000000e+00   1.03345413e-02   1.92062754e-04  -1.27860115e+01   2.58445234e+01
 3.20000000e+00  -8.33333333e-03   1.00000000e+00   1.08916953e-02   1.98174767e-04  -1.27382051e+01   2.58058027e+01
 3.21000000e+00  -8.33333333e-03   1.00000000e+00   1.15367213e-02   2.05266933e-04  -1.26892357e+01   2.57709882e+01
 3.22000000e+00  -8.33333333e-03   1.00000000e+00   1.22681351e-02   2.13327688e-04  -1.26392195e+01   2.57401186e+01
 3.23000000e+00  -8.33333333e-03   1.00000000e+00   1.30843135e-02   2.22343073e-04  -1.25882391e+01   2.57131998e+01
 3.24000000e+00  -8.33333333e-03   1.00000000e+00   1.39835013e-02   2.32297070e-04  -1.25363648e+01   2.56902604e+01
 3.25000000e+00  -8.33333333e-03   1.00000000e+00   1.49638169e-02   2.43175186e-04  -1.24837260e+01   2.56713226e+01
 3.26000000e+00  -8.33333333e-03   1.00000000e+00   1.60232606e-02   2.54958189e-04  -1.24303916e+01   2.56563962e+01
 3.27000000e+00  -8.33333333e-03   1.00000000e+00   1.71597170e-02   2.67621041e-04  -1.23764533e+01   2.56454907e+01
 3.28000000e+00  -8.33333333e-03   1.00000000e+00   1.83709551e-02   2.81136441e-04  -1.23219958e+01   2.56386038e+01
 3.29000000e+00  -8.33333333e-03   1.00000000e+00   1.96546346e-02   2.95474430e-04  -1.22671332e+01   2.56357690e+01
 3.30000000e+00  -8.33333333e-03   1.00000000e+00   2.10083077e-02   3.10603671e-04  -1.22119041e+01   2.56369436e+01
 3.31000000e+00  -8.33333333e-03   1.00000000e+00   2.24294224e-02   3.26494489e-04  -1.21564056e+01   2.56421161e+01
 3.32000000e+00  -8.33333333e-03   1.00000000e+00   2.39153303e-02   3.43116334e-04  -1.21007403e+01   2.56513118e+01
 3.33000000e+00  -8.33333333e-03   1.00000000e+00   2.54632890e-02   3.60438593e-04  -1.20449852e+01   2.56644890e+01
 3.34000000e+00  -8.33333333e-03   1.00000000e+00   2.70704682e-02   3.78431108e-04  -1.19891810e+01   2.56815993e+01
 3.35000000e+00  -8.33333333e-03   1.00000000e+00   2.87339552e-02   3.97062898e-04  -1.19334430e+01   2.57026364e+01
 3.36000000e+00  -8.33333333e-03   1.00000000e+00   3.04507599e-02   4.16302182e-04  -1.18778320e+01   2.57275738e+01
 3.37000000e+00  -8.33333333e-03   1.00000000e+00   3.22178206e-02   4.36115192e-04  -1.18224237e+01   2.57563580e+01
 3.38000000e+00  -8.33333333e-03   1.00000000e+00   3.40320075e-02   4.56467629e-04  -1.17672811e+01   2.57889378e+01
 3.39000000e+00  -8.33333333e-03   1.00000000e+00   3.58901302e-02   4.77323292e-04  -1.17124783e+01   2.58252626e+01
 3.40000000e+00  -8.33333333e-03   1.00000000e+00   3.77889409e-02   4.98645182e-04  -1.16580636e+01   2.58652268e+01
 3.41000000e+00  -8.33333333e-03   1.00000000e+00   3.97251402e-02   5.20396567e-04  -1.16041231e+01   2.59088069e+01
 3.42000000e+00  -8.33333333e-03   1.00000000e+00   4.16953849e-02   5.42538399e-04  -1.15507288e+01   2.59559501e+01
 3.43000000e+00  -8.33333333e-03   1.00000000e+00   4.36962909e-02   5.65031529e-04  -1.14979339e+01   2.60065762e+01
 3.44000000e+00  -8.33333333e-03   1.00000000e+00   4.57244391e-02   5.87838520e-04  -1.14457989e+01   2.60606097e+01
 3.45000000e+00  -8.33333333e-03   1.00000000e+00   4.77763840e-02   6.10920622e-04  -1.13943845e+01   2.61179637e+01
 3.46000000e+00  -8.33333333e-03   1.00000000e+00   4.98486571e-02   6.34239013e-04  -1.13437366e+01   2.61785106e+01
 3.47000000e+00  -8.33333333e-03   1.00000000e+00   5.19377736e-02   6.57755152e-04  -1.12939355e+01   2.62422079e+01
 3.48000000e+00  -8.33333333e-03   1.00000000e+00   5.40402389e-02   6.81429407e-04  -1.12450317e+01   2.63089601e+01
 3.49000000e+00  -8.33333333e-03   1.00000000e+00   5.61525540e-02   7.05222000e-04  -1.11970686e+01   2.63786236e+01
 3.50000000e+00  -8.33333333e-03   1.00000000e+00   5.82712202e-02   7.29094169e-04  -1.11501215e+01   2.64511413e+01
 3.51000000e+00  -8.33333333e-03   1.00000000e+00   6.03927475e-02   7.53005879e-04  -1.11042332e+01   2.65263549e+01
 3.52000000e+00  -8.33333333e-03   1.00000000e+00   6.25136582e-02   7.76917546e-04  -1.10594662e+01   2.66042035e+01
 3.53000000e+00  -8.33333333e-03   1.00000000e+00   6.46304931e-02   8.00790258e-04  -1.10158529e+01   2.66845237e+01
 3.54000000e+00  -8.33333333e-03   1.00000000e+00   6.67398179e-02   8.24584753e-04  -1.09734616e+01   2.67671967e+01
 3.55000000e+00  -8.33333333e-03   1.00000000e+00   6.88382273e-02   8.48262890e-04  -1.09323506e+01   2.68521435e+01
 3.56000000e+00  -8.33333333e-03   1.00000000e+00   7.09223520e-02   8.71786719e-04  -1.08925583e+01   2.69391929e+01
 3.57000000e+00  -8.33333333e-03   1.00000000e+00   7.29888634e-02   8.95117902e-04  -1.08541258e+01   2.70282073e+01
 3.58000000e+00  -8.33333333e-03   1.00000000e+00   7.50344776e-02   9.18219777e-04  -1.08171110e+01   2.71190486e+01
 3.59000000e+00  -8.33333333e-03   1.00000000e+00   7.70559625e-02   9.41056174e-04  -1.07815734e+01   2.72116258e+01
 3.60000000e+00  -8.33333333e-03   1.00000000e+00   7.90501421e-02   9.63590308e-04  -1.07475378e+01   2.73057526e+01
 3.61000000e+00  -8.33333333e-03   1.00000000e+00   8.10138995e-02   9.85787412e-04  -1.07150530e+01   2.74012634e+01
 3.62000000e+00  -8.33333333e-03   1.00000000e+00   8.29441845e-02   1.00761288e-03  -1.06841617e+01   2.74980196e+01
 3.63000000e+00  -8.33333333e-03   1.00000000e+00   8.48380155e-02   1.02903339e-03  -1.06549122e+01   2.75958623e+01
 3.64000000e+00  -8.33333333e-03   1.00000000e+00   8.66924870e-02   1.05001478e-03  -1.06273385e+01   2.76946470e+01
 3.65000000e+00  -8.33333333e-03   1.00000000e+00   8.85047699e-02   1.07052554e-03  -1.06014828e+01   2.77942062e+01
 3.66000000e+00  -8.33333333e-03   1.00000000e+00   9.02721188e-02   1.09053450e-03  -1.05773820e+01   2.78943809e+01
 3.67000000e+00  -8.33333333e-03   1.00000000e+00   9.19918760e-02   1.11001054e-03  -1.05550717e+01   2.79949695e+01
 3.68000000e+00  -8.33333333e-03   1.00000000e+00   9.36614717e-02   1.12892555e-03  -1.05345817e+01   2.80958335e+01
 3.69000000e+00  -8.33333333e-03   1.00000000e+00   9.52784332e-02   1.14725083e-03  -1.05159579e+01   2.81968375e+01
 3.70000000e+00  -8.33333333e-03   1.00000000e+00   9.68403844e-02   1.16495910e-03  -1.04992297e+01   2.82977966e+01
 3.71000000e+00  -8.33333333e-03   1.00000000e+00   9.83450506e-02   1.18202455e-03  -1.04844238e+01   2.83985397e+01
 3.72000000e+00  -8.33333333e-03   1.00000000e+00   9.97902613e-02   1.19842311e-03  -1.04715692e+01   2.84988549e+01
 3.73000000e+00  -8.33333333e-03   1.00000000e+00   1.01173954e-01   1.21413074e-03  -1.04606884e+01   2.85986123e+01
 3.74000000e+00  -8.33333333e-03   1.00000000e+00   1.02494177e-01   1.22912512e-03  -1.04518161e+01   2.86976544e+01
 3.75000000e+00  -8.33333333e-03   1.00000000e+00   1.03749090e-01   1.24338478e-03  -1.04449602e+01   2.87957687e+01
 3.76000000e+00  -8.33333333e-03   1.00000000e+00   1.04936969e-01   1.25689101e-03  -1.04401453e+01   2.88928265e+01
 3.77000000e+00  -8.33333333e-03   1.00000000e+00   1.06056210e-01   1.26962450e-03  -1.04373888e+01   2.89886291e+01
 3.78000000e+00  -8.33333333e-03   1.00000000e+00   1.07105325e-01   1.28156826e-03  -1.04366988e+01   2.90830483e+01
 3.79000000e+00  -8.33333333e-03   1.00000000e+00   1.08082951e-01   1.29270663e-03  -1.04380903e+01   2.91758883e+01
 3.80000000e+00  -8.33333333e-03   1.00000000e+00   1.08987845e-01   1.30302636e-03  -1.04415693e+01   2.92669854e+01
 3.81000000e+00  -8.33333333e-03   1.00000000e+00   1.09818892e-01   1.31251355e-03  -1.04471392e+01   2.93562270e+01
 3.82000000e+00  -8.33333333e-03   1.00000000e+00   1.10575101e-01   1.32115668e-03  -1.04548078e+01   2.94434364e+01
 3.83000000e+00  -8.33333333e-03   1.00000000e+00   1.11255608e-01   1.32894702e-03  -1.04645616e+01   2.95284371e+01
 3.84000000e+00  -8.33333333e-03   1.00000000e+00   1.11859677e-01   1.33587511e-03  -1.04764011e+01   2.96111385e+01
 3.85000000e+00  -8.33333333e-03   1.00000000e+00   1.12386702e-01   1.34193243e-03  -1.04903229e+01   2.96913698e+01
 3.86000000e+00  -8.33333333e-03   1.00000000e+00   1.12836202e-01   1.34711287e-03  -1.05063089e+01   2.97689778e+01
 3.87000000e+00  -8.33333333e-03   1.00000000e+00   1.13207827e-01   1.35141311e-03  -1.05243397e+01   2.98438405e+01
 3.88000000e+00  -8.33333333e-03   1.00000000e+00   1.13501353e-01   1.35483099e-03  -1.05443964e+01   2.99158357e+01
 3.89000000e+00  -8.33333333e-03   1.00000000e+00   1.13716686e-01   1.35736573e-03  -1.05664563e+01   2.99848790e+01
 3.90000000e+00  -8.33333333e-03   1.00000000e+00   1.13853858e-01   1.35901885e-03  -1.05904961e+01   3.00508222e+01
 3.91000000e+00  -8.33333333e-03   1.00000000e+00   1.13912846e-01   1.35970274e-03  -1.06282411e+01   3.01260555e+01
 3.92000000e+00  -8.33333333e-03   1.00000000e+00   1.13894149e-01   1.35952416e-03  -1.06311747e+01   3.01632389e+01
 3.93000000e+00  -8.33333333e-03   1.00000000e+00   1.13797745e-01   1.35847514e-03  -1.06570933e+01   3.02067091e+01
 3.94000000e+00  -8.33333333e-03   1.00000000e+00   1.13624363e-01   1.35656380e-03  -1.06882284e+01   3.02601733e+01
 3.95000000e+00  -8.33333333e-03   1.00000000e+00   1.13374706e-01   1.35379717e-03  -1.07200900e+01   3.03113959e+01
 3.96000000e+00  -8.33333333e-03   1.00000000e+00   1.13049536e-01   1.35018966e-03  -1.07530759e+01   3.03590805e+01
 3.97000000e+00  -8.33333333e-03   1.00000000e+00   1.12649709e-01   1.34575596e-03  -1.07875293e+01   3.04032097e+01
 3.98000000e+00  -8.33333333e-03   1.00000000e+00   1.12176185e-01   1.34050721e-03  -1.08235516e+01   3.04436834e+01
 3.99000000e+00  -8.33333333e-03   1.00000000e+00   1.11630039e-01   1.33445097e-03  -1.08611209e+01   3.04803893e+01
 4.00000000e+00  -8.33333333e-03   1.00000000e+00   1.11013937e-01   1.32785746e-03  -1.10235428e+01   3.06401800e+01
 4.01000000e+00  -8.33333333e-03   1.00000000e+00   1.10326991e-01   1.32056225e-03  -1.09740081e+01   3.06028485e+01
 4.02000000e+00  -8.33333333e-03   1.00000000e+00   1.09571462e-01   1.31225747e-03  -1.10079352e+01   3.05740962e+01
 4.03000000e+00  -8.33333333e-03   1.00000000e+00   1.08748578e-01   1.30339349e-03  -1.10581161e+01   3.05869923e+01
 4.04000000e+00  -8.33333333e-03   1.00000000e+00   1.07860659e-01   1.29368989e-03  -1.11074677e+01   3.06006509e+01
 4.05000000e+00  -8.33333333e-03   1.00000000e+00   1.06909549e-01   1.28300282e-03  -1.11562966e+01   3.06103986e+01
 4.06000000e+00  -8.33333333e-03   1.00000000e+00   1.05897127e-01   1.27142500e-03  -1.12055369e+01   3.06162460e+01
 4.07000000e+00  -8.33333333e-03   1.00000000e+00   1.04825392e-01   1.25907207e-03  -1.12554440e+01   3.06183453e+01
 4.08000000e+00  -8.33333333e-03   1.00000000e+00   1.03696404e-01   1.24605384e-03  -1.13060756e+01   3.06166614e+01
 4.09000000e+00  -8.33333333e-03   1.00000000e+00   1.02512281e-01   1.23248571e-03  -1.13573639e+01   3.06111305e+01
 4.10000000e+00  -8.33333333e-03   1.00000000e+00   1.01275236e-01   1.21844658e-03  -1.14091893e+01   3.06017108e+01
 4.11000000e+00  -8.33333333e-03   1.00000000e+00   9.99875649e-02   1.20396987e-03  -1.14614853e+01   3.05884434e+01
 4.12000000e+00  -8.33333333e-03   1.00000000e+00   9.86516385e-02   1.18905285e-03  -1.15141321e+01   3.05713332e+01
 4.13000000e+00  -8.33333333e-03   1.00000000e+00   9.72698872e-02   1.17367404e-03  -1.15670226e+01   3.05504202e+01
 4.14000000e+00  -8.33333333e-03   1.00000000e+00   9.58447925e-02   1.15781150e-03  -1.16200825e+01   3.05257841e+01
 4.15000000e+00  -8.33333333e-03   1.00000000e+00   9.43788780e-02   1.14145657e-03  -1.16731750e+01   3.04974742e+01
 4.16000000e+00  -8.33333333e-03   1.00000000e+00   9.28747050e-02   1.12461975e-03  -1.17262246e+01   3.04655423e+01
 4.17000000e+00  -8.33333333e-03   1.00000000e+00   9.13348718e-02   1.10733017e-03  -1.17791097e+01   3.04300758e+01
 4.18000000e+00  -8.33333333e-03   1.00000000e+00   8.97620127e-02   1.08963066e-03  -1.18317716e+01   3.03911623e+01
 4.19000000e+00  -8.33333333e-03   1.00000000e+00   8.81588007e-02   1.07157020e-03  -1.18841187e+01   3.03489523e+01
 4.20000000e+00  -8.33333333e-03   1.00000000e+00   8.65279476e-02   1.05319736e-03  -1.19360361e+01   3.03034871e+01
 4.21000000e+00  -8.33333333e-03   1.00000000e+00   8.48722039e-02   1.03455555e-03  -1.19874421e+01   3.02548911e+01
 4.22000000e+00  -8.33333333e-03   1.00000000e+00   8.31943569e-02   1.01568041e-03  -1.20382417e+01   3.02032628e+01
 4.23000000e+00  -8.33333333e-03   1.00000000e+00   8.14972251e-02   9.96601766e-04  -1.20883385e+01   3.01487246e+01
 4.24000000e+00  -8.33333333e-03   1.00000000e+00   7.97836558e-02   9.77344680e-04  -1.21376574e+01   3.00914312e+01
 4.25000000e+00  -8.33333333e-03   1.00000000e+00   7.80565179e-02   9.57933174e-04  -1.21860877e+01   3.00314746e+01
 4.26000000e+00  -8.33333333e-03   1.00000000e+00   7.63186971e-02   9.38392577e-04  -1.22335459e+01   2.99689667e+01
 4.27000000e+00  -8.33333333e-03   1.00000000e+00   7.45730898e-02   9.18750980e-04  -1.22799517e+01   2.99040826e+01
 4.28000000e+00  -8.33333333e-03   1.00000000e+00   7.28225974e-02   8.99040489e-04  -1.23252036e+01   2.98369191e+01
 4.29000000e+00  -8.33333333e-03   1.00000000e+00   7.10701217e-02   8.79295093e-04  -1.23692268e+01   2.97676477e+01
 4.30000000e+00  -8.33333333e-03   1.00000000e+00   6.93185569e-02   8.59551195e-04  -1.24119265e+01   2.96963658e+01
 4.31000000e+00  -8.33333333e-03   1.00000000e+00   6.75707849e-02   8.39845343e-04  -1.24532419e+01   2.96232554e+01
 4.32000000e+00  -8.33333333e-03   1.00000000e+00   6.58296686e-02   8.20213146e-04  -1.24930903e+01   2.95484642e+01
 4.33000000e+00  -8.33333333e-03   1.00000000e+00   6.40980457e-02   8.00688564e-04  -1.25313977e+01   2.94720817e+01
 4.34000000e+00  -8.33333333e-03   1.00000000e+00   6.23787212e-02   7.81304435e-04  -1.25680936e+01   2.93942957e+01
 4.35000000e+00  -8.33333333e-03   1.00000000e+00   6.06744631e-02   7.62091708e-04  -1.26031263e+01   2.93152634e+01
 4.36000000e+00  -8.33333333e-03   1.00000000e+00   5.89879960e-02   7.43080029e-04  -1.26364264e+01   2.92350745e+01
 4.37000000e+00  -8.33333333e-03   1.00000000e+00   5.73219959e-02   7.24298271e-04  -1.26679527e+01   2.91539197e+01
 4.38000000e+00  -8.33333333e-03   1.00000000e+00   5.56790861e-02   7.05774837e-04  -1.26976505e+01   2.90719556e+01
 4.39000000e+00  -8.33333333e-03   1.00000000e+00   5.40618334e-02   6.87537491e-04  -1.27254899e+01   2.89893237e+01
 4.40000000e+00  -8.33333333e-03   1.00000000e+00   5.24727437e-02   6.69614351e-04  -1.27514274e+01   2.89061530e+01
 4.41000000e+00  -8.33333333e-03   1.00000000e+00   5.09142606e-02   6.52032677e-04  -1.27754324e+01   2.88225839e+01
 4.42000000e+00  -8.33333333e-03   1.00000000e+00   4.93887610e-02   6.34819056e-04  -1.27974827e+01   2.87387664e+01
 4.43000000e+00  -8.33333333e-03   1.00000000e+00   4.78985534e-02   6.17999937e-04  -1.28175518e+01   2.86548275e+01
 4.44000000e+00  -8.33333333e-03   1.00000000e+00   4.64458767e-02   6.01599902e-04  -1.28356226e+01   2.85709193e+01
 4.45000000e+00  -8.33333333e-03   1.00000000e+00   4.50328964e-02   5.85642962e-04  -1.28517037e+01   2.84872043e+01
 4.46000000e+00  -8.33333333e-03   1.00000000e+00   4.36617037e-02   5.70152321e-04  -1.28657719e+01   2.84037728e+01
 4.47000000e+00  -8.33333333e-03   1.00000000e+00   4.23343130e-02   5.55150381e-04  -1.28778173e+01   2.83207508e+01
 4.48000000e+00  -8.33333333e-03   1.00000000e+00   4.10526598e-02   5.40659086e-04  -1.28878459e+01   2.82382697e+01
 4.49000000e+00  -8.33333333e-03   1.00000000e+00   3.98185998e-02   5.26698764e-04  -1.28958659e+01   2.81565016e+01
 4.50000000e+00  -8.33333333e-03   1.00000000e+00   3.86339051e-02   5.13289411e-04  -1.29018841e+01   2.80755224e+01
 4.51000000e+00  -8.33333333e-03   1.00000000e+00   3.75002629e-02   5.00450258e-04  -1.29059088e+01   2.79954549e+01
 4.52000000e+00  -8.33333333e-03   1.00000000e+00   3.64192735e-02   4.88199165e-04  -1.29079568e+01   2.79164511e+01
 4.53000000e+00  -8.33333333e-03   1.00000000e+00   3.53924466e-02   4.76553582e-04  -1.29080493e+01   2.78385845e+01
 4.54000000e+00  -8.33333333e-03   1.00000000e+00   3.44211993e-02   4.65530095e-04  -1.29062010e+01   2.77620148e+01
 4.55000000e+00  -8.33333333e-03   1.00000000e+00   3.35068549e-02   4.55143649e-04  -1.29024367e+01   2.76868033e+01
 4.56000000e+00  -8.33333333e-03   1.00000000e+00   3.26506380e-02   4.45408626e-04  -1.28967881e+01   2.76130877e+01
 4.57000000e+00  -8.33333333e-03   1.00000000e+00   3.18536745e-02   4.36337828e-04  -1.28892722e+01   2.75409384e+01
 4.58000000e+00  -8.33333333e-03   1.00000000e+00   3.11169865e-02   4.27943999e-04  -1.28799426e+01   2.74704929e+01
 4.59000000e+00  -8.33333333e-03   1.00000000e+00   3.04414946e-02   4.20237213e-04  -1.28688257e+01   2.74018375e+01
 4.60000000e+00  -8.33333333e-03   1.00000000e+00   2.98280116e-02   4.13227433e-04  -1.28559518e+01   2.73350194e+01
 4.61000000e+00  -8.33333333e-03   1.00000000e+00   2.92772443e-02   4.06922709e-04  -1.28413716e+01   2.72701767e+01
 4.62000000e+00  -8.33333333e-03   1.00000000e+00   2.87897906e-02   4.01329956e-04  -1.28251292e+01   2.72073808e+01
 4.63000000e+00  -8.33333333e-03   1.00000000e+00   2.83661397e-02   3.96454819e-04  -1.28072723e+01   2.71467075e+01
 4.64000000e+00  -8.33333333e-03   1.00000000e+00   2.80066712e-02   3.92301952e-04  -1.27878418e+01   2.70881986e+01
 4.65000000e+00  -8.33333333e-03   1.00000000e+00   2.77116548e-02   3.88874920e-04  -1.27668909e+01   2.70319533e+01
 4.66000000e+00  -8.33333333e-03   1.00000000e+00   2.74812524e-02   3.86175093e-04  -1.27444841e+01   2.69780455e+01
 4.67000000e+00  -8.33333333e-03   1.00000000e+00   2.73155148e-02   3.84203910e-04  -1.27206665e+01   2.69265389e+01
 4.68000000e+00  -8.33333333e-03   1.00000000e+00   2.72145217e-02   3.83026723e-04  -1.26755732e+01   2.68604345e+01
 4.69000000e+00  -8.33333333e-03   1.00000000e+00   2.71778361e-02   3.82525780e-04  -1.26758476e+01   2.68308284e+01
 4.70000000e+00  -8.33333333e-03   1.00000000e+00   2.72057180e-02   3.82784945e-04  -1.26558148e+01   2.68034687e+01
 4.71000000e+00  -8.33333333e-03   1.00000000e+00   2.72976019e-02   3.83770971e-04  -1.26273357e+01   2.67626381e+01
 4.72000000e+00  -8.33333333e-03   1.00000000e+00   2.74525845e-02   3.85280479e-04  -1.25682091e+01   2.66980480e+01
 4.73000000e+00  -8.33333333e-03   1.00000000e+00   2.76704870e-02   3.87458072e-04  -1.25473942e+01   2.66603374e+01
 4.74000000e+00  -8.33333333e-03   1.00000000e+00   2.79504702e-02   3.90479117e-04  -1.25195049e+01   2.66352590e+01
 4.75000000e+00  -8.33333333e-03   1.00000000e+00   2.82919421e-02   3.94246825e-04  -1.24866278e+01   2.66057502e+01
 4.76000000e+00  -8.33333333e-03   1.00000000e+00   2.86940091e-02   3.98699119e-04  -1.24526260e+01   2.65780995e+01
 4.77000000e+00  -8.33333333e-03   1.00000000e+00   2.91556921e-02   4.03818890e-04  -1.24179105e+01   2.65531691e+01
 4.78000000e+00  -8.33333333e-03   1.00000000e+00   2.96759124e-02   4.09593286e-04  -1.23824863e+01   2.65310502e+01
 4.79000000e+00  -8.33333333e-03   1.00000000e+00   3.02535012e-02   4.16008937e-04  -1.23464039e+01   2.65117573e+01
 4.80000000e+00  -8.33333333e-03   1.00000000e+00   3.08872070e-02   4.23051421e-04  -1.23097103e+01   2.64952930e+01
 4.81000000e+00  -8.33333333e-03   1.00000000e+00   3.15756948e-02   4.30710569e-04  -1.22724680e+01   2.64816875e+01
 4.82000000e+00  -8.33333333e-03   1.00000000e+00   3.23175581e-02   4.38972690e-04  -1.22347382e+01   2.64709484e+01
 4.83000000e+00  -8.33333333e-03   1.00000000e+00   3.31113127e-02   4.47823043e-04  -1.21965881e+01   2.64630850e+01
 4.84000000e+00  -8.33333333e-03   1.00000000e+00   3.39554028e-02   4.57243935e-04  -1.21580748e+01   2.64581074e+01
 4.85000000e+00  -8.33333333e-03   1.00000000e+00   3.48481981e-02   4.67217590e-04  -1.21192654e+01   2.64560027e+01
 4.86000000e+00  -8.33333333e-03   1.00000000e+00   3.57880010e-02   4.77723636e-04  -1.20802083e+01   2.64567686e+01
 4.87000000e+00  -8.33333333e-03   1.00000000e+00   3.67730438e-02   4.88742309e-04  -1.20409754e+01   2.64603965e+01
 4.88000000e+00  -8.33333333e-03   1.00000000e+00   3.78014971e-02   5.00251690e-04  -1.20016482e+01   2.64668943e+01
 4.89000000e+00  -8.33333333e-03   1.00000000e+00   3.88714696e-02   5.12230756e-04  -1.19622418e+01   2.64762178e+01
 4.90000000e+00  -8.33333333e-03   1.00000000e+00   3.99810150e-02   5.24657766e-04  -1.19228517e+01   2.64883715e+01
 4.91000000e+00  -8.33333333e-03   1.00000000e+00   4.11281338e-02   5.37510815e-04  -1.18834976e+01   2.65033000e+01
 4.92000000e+00  -8.33333333e-03   1.00000000e+00   4.23107773e-02   5.50767480e-04  -1.18442694e+01   2.65210032e+01
 4.93000000e+00  -8.33333333e-03   1.00000000e+00   4.35268501e-02   5.64404983e-04  -1.18051818e+01   2.65414107e+01
 4.94000000e+00  -8.33333333e-03   1.00000000e+00   4.47742131e-02   5.78399585e-04  -1.17663223e+01   2.65645174e+01
 4.95000000e+00  -8.33333333e-03   1.00000000e+00   4.60506853e-02   5.92727806e-04  -1.17277314e+01   2.65902920e+01
 4.96000000e+00  -8.33333333e-03   1.00000000e+00   4.73540479e-02   6.07365463e-04  -1.16894302e+01   2.66186314e+01
 4.97000000e+00  -8.33333333e-03   1.00000000e+00   4.86820474e-02   6.22286997e-04  -1.16515073e+01   2.66495349e+01
 4.98000000e+00  -8.33333333e-03   1.00000000e+00   5.00323980e-02   6.37467375e-04  -1.16140023e+01   2.66829515e+01
 4.99000000e+00  -8.33333333e-03   1.00000000e+00   5.14027872e-02   6.52880501e-04  -1.15769356e+01   2.67187736e+01
 5.00000000e+00  -8.33333333e-03   1.00000000e+00   5.27908784e-02   6.68500486e-04  -1.15403860e+01   2.67569777e+01