  Time  Coordinate0  Coordinate1  Displacement0  Displacement1  Force0  Force1
 1.00000000e-02  -8.33333334e-03   1.00000000e+00   1.96220360e-05   2.63365939e-05  -1.62803736e+01   1.20227036e+01
 2.00000000e-02  -8.33333334e-03   1.00000000e+00   1.01710767e-04   5.10991246e-05  -2.30299990e+01   1.53790484e+01
 3.00000000e-02  -8.33333334e-03   1.00000000e+00   2.45346641e-04   7.25050990e-05  -2.48068282e+01   1.66570240e+01
 4.00000000e-02  -8.33333334e-03   1.00000000e+00   4.53021231e-04   8.85230647e-05  -2.50283680e+01   1.72398694e+01
 5.00000000e-02  -8.33333334e-03   1.00000000e+00   7.33186653e-04   9.87906880e-05  -2.57898635e+01   1.80971993e+01
 6.00000000e-02  -8.33333334e-03   1.00000000e+00   1.09573499e-03   1.03771226e-04  -2.71520021e+01   1.92630590e+01
 7.00000000e-02  -8.33333334e-03   1.00000000e+00   1.54929143e-03   1.05395582e-04  -2.86442990e+01   2.04968936e+01
 8.00000000e-02  -8.33333334e-03   1.00000000e+00   2.09817737e-03   1.06120604e-04  -3.00369769e+01   2.16743449e+01
 9.00000000e-02  -8.33333334e-03   1.00000000e+00   2.74304394e-03   1.08147945e-04  -3.13157125e+01   2.27910563e+01
 1.00000000e-01  -8.33333334e-03   1.00000000e+00   3.48208799e-03   1.12889116e-04  -3.25351638e+01   2.38700496e+01
 1.10000000e-01  -8.33333334e-03   1.00000000e+00   4.31219037e-03   1.20821122e-04  -3.37171662e+01   2.49216942e+01
 1.20000000e-01  -8.33333334e-03   1.00000000e+00   5.22874190e-03   1.31659739e-04  -3.48589005e+01   2.59441332e+01
 1.30000000e-01  -8.33333334e-03   1.00000000e+00   6.22749547e-03   1.44726061e-04  -3.59534856e+01   2.69313636e+01
 1.40000000e-01  -8.33333334e-03   1.00000000e+00   7.30411580e-03   1.59205341e-04  -3.69957044e+01   2.78847991e+01
 1.50000000e-01  -8.33333334e-03   1.00000000e+00   8.45435815e-03   1.74372378e-04  -3.79868808e+01   2.88023123e+01
 1.60000000e-01  -8.33333334e-03   1.00000000e+00   9.67426586e-03   1.89744305e-04  -3.89277296e+01   2.96865379e+01
 1.70000000e-01  -8.33333334e-03   1.00000000e+00   1.09602046e-02   2.05083968e-04  -3.98198823e+01   3.05386418e+01
 1.80000000e-01  -8.33333334e-03   1.00000000e+00   1.23087239e-02   2.20385422e-04  -4.06645914e+01   3.13604418e+01
 1.90000000e-01  -8.33333334e-03   1.00000000e+00   1.37165613e-02   2.35773539e-04  -4.14632028e+01   3.21536526e+01
 2.00000000e-01  -8.33333334e-03   1.00000000e+00   1.51804197e-02   2.51433984e-04  -4.22172472e+01   3.29199371e+01
 2.10000000e-01  -8.33333334e-03   1.00000000e+00   1.66969692e-02   2.67534974e-04  -4.29280584e+01   3.36609902e+01
 2.20000000e-01  -8.33333334e-03   1.00000000e+00   1.82627629e-02   2.84192876e-04  -4.35970400e+01   3.43782204e+01
 2.30000000e-01  -8.33333334e-03   1.00000000e+00   1.98741755e-02   3.01450700e-04  -4.42252617e+01   3.50728368e+01
 2.40000000e-01  -8.33333334e-03   1.00000000e+00   2.15273745e-02   3.19288665e-04  -4.48137178e+01   3.57457164e+01
 2.50000000e-01  -8.33333334e-03   1.00000000e+00   2.32184859e-02   3.37657455e-04  -4.53630107e+01   3.63974497e+01
 2.60000000e-01  -8.33333334e-03   1.00000000e+00   2.49430434e-02   3.56450705e-04  -4.58739869e+01   3.70282621e+01
 2.70000000e-01  -8.33333334e-03   1.00000000e+00   2.66965512e-02   3.75576859e-04  -4.63471173e+01   3.76381773e+01
 2.80000000e-01  -8.33333334e-03   1.00000000e+00   2.84740968e-02   3.94948043e-04  -4.67828871e+01   3.82268002e+01
 2.90000000e-01  -8.33333334e-03   1.00000000e+00   3.02710550e-02   4.14509663e-04  -4.71813148e+01   3.87936771e+01
 3.00000000e-01  -8.33333334e-03   1.00000000e+00   3.20826107e-02   4.34212780e-04  -4.75428002e+01   3.93382426e+01
 3.10000000e-01  -8.33333334e-03   1.00000000e+00   3.39038530e-02   4.54022139e-04  -4.78673447e+01   3.98595908e+01
 3.20000000e-01  -8.33333334e-03   1.00000000e+00   3.57302347e-02   4.73928714e-04  -4.81550781e+01   4.03570670e+01
 3.30000000e-01  -8.33333334e-03   1.00000000e+00   3.75564114e-02   4.93873873e-04  -4.84063319e+01   4.08296368e+01
 3.40000000e-01  -8.33333334e-03   1.00000000e+00   3.93773124e-02   5.13817708e-04  -4.86213356e+01   4.12762063e+01
 3.50000000e-01  -8.33333334e-03   1.00000000e+00   4.11884177e-02   5.33711144e-04  -4.88003276e+01   4.16960625e+01
 3.60000000e-01  -8.33333334e-03   1.00000000e+00   4.29847116e-02   5.53510694e-04  -4.89436938e+01   4.20880995e+01
 3.70000000e-01  -8.33333334e-03   1.00000000e+00   4.47612428e-02   5.73170900e-04  -4.90518916e+01   4.24515576e+01
 3.80000000e-01  -8.33333334e-03   1.00000000e+00   4.65131032e-02   5.92631150e-04  -4.91254943e+01   4.27857289e+01
 3.90000000e-01  -8.33333334e-03   1.00000000e+00   4.82357653e-02   6.11848052e-04  -4.91652216e+01   4.30900244e+01
 4.00000000e-01  -8.33333334e-03   1.00000000e+00   4.99243613e-02   6.30751077e-04  -4.91719622e+01   4.33638816e+01
 4.10000000e-01  -8.33333334e-03   1.00000000e+00   5.15743816e-02   6.49286754e-04  -4.91467120e+01   4.36068344e+01
 4.20000000e-01  -8.33333334e-03   1.00000000e+00   5.31814327e-02   6.67397567e-04  -4.90904560e+01   4.38186500e+01
 4.30000000e-01  -8.33333334e-03   1.00000000e+00   5.47413636e-02   6.85037576e-04  -4.90043651e+01   4.39991677e+01
 4.40000000e-01  -8.33333334e-03   1.00000000e+00   5.62502113e-02   7.02163403e-04  -4.88895971e+01   4.41484360e+01
 4.50000000e-01  -8.33333334e-03   1.00000000e+00   5.77041932e-02   7.18735358e-04  -4.87474662e+01   4.42665592e+01
 4.60000000e-01  -8.33333334e-03   1.00000000e+00   5.90996971e-02   7.34715333e-04  -4.85792658e+01   4.43538188e+01
 4.70000000e-01  -8.33333334e-03   1.00000000e+00   6.04332973e-02   7.50066376e-04  -4.83864678e+01   4.44105978e+01
 4.80000000e-01  -8.33333334e-03   1.00000000e+00   6.17015500e-02   7.64748645e-04  -4.81705428e+01   4.44373384e+01
 4.90000000e-01  -8.33333334e-03   1.00000000e+00   6.29015371e-02   7.78735669e-04  -4.79328908e+01   4.44347061e+01
 5.00000000e-01  -8.33333334e-03   1.00000000e+00   6.40304737e-02   7.91994663e-04  -4.76751116e+01   4.44034381e+01
 5.10000000e-01  -8.33333334e-03   1.00000000e+00   6.50860499e-02   8.04514628e-04  -4.73985588e+01   4.43444333e+01
 5.20000000e-01  -8.33333334e-03   1.00000000e+00   6.60655824e-02   8.16246860e-04  -4.71049532e+01   4.42583865e+01
 5.30000000e-01  -8.33333334e-03   1.00000000e+00   6.69669384e-02   8.27170821e-04  -4.67958336e+01   4.41464544e+01
 5.40000000e-01  -8.33333334e-03   1.00000000e+00   6.77882461e-02   8.37269001e-04  -4.64726863e+01   4.40095732e+01
 5.50000000e-01  -8.33333334e-03   1.00000000e+00   6.85277325e-02   8.46509905e-04  -4.61369992e+01   4.38487886e+01
 5.60000000e-01  -8.33333334e-03   1.00000000e+00   6.91839842e-02   8.54873404e-04  -4.57903618e+01   4.36653574e+01
 5.70000000e-01  -8.33333334e-03   1.00000000e+00   6.97557246e-02   8.62340924e-04  -4.54341476e+01   4.34603181e+01
 5.80000000e-01  -8.33333334e-03   1.00000000e+00   7.02425490e-02   8.68916307e-04  -4.50696625e+01   4.32352332e+01
 5.90000000e-01  -8.33333334e-03   1.00000000e+00   7.06434429e-02   8.74572172e-04  -4.46983541e+01   4.29910067e+01
 6.00000000e-01  -8.33333334e-03   1.00000000e+00   7.09580913e-02   8.79314249e-04  -4.43214700e+01   4.27290754e+01
 6.10000000e-01  -8.33333334e-03   1.00000000e+00   7.11863949e-02   8.83137494e-04  -4.39401136e+01   4.24506749e+01
 6.20000000e-01  -8.33333334e-03   1.00000000e+00   7.13284925e-02   8.86036392e-04  -4.35556387e+01   4.21571312e+01
 6.30000000e-01  -8.33333334e-03   1.00000000e+00   7.13847895e-02   8.87996809e-04  -4.31689493e+01   4.18494797e+01
 6.40000000e-01  -8.33333334e-03   1.00000000e+00   7.13559727e-02   8.89017549e-04  -4.27815394e+01   4.15289804e+01
 6.50000000e-01  -8.33333334e-03   1.00000000e+00   7.12430271e-02   8.89118906e-04  -4.23937698e+01   4.11973571e+01
 6.60000000e-01  -8.33333334e-03   1.00000000e+00   7.10466693e-02   8.88308174e-04  -4.20070940e+01   4.08553737e+01
 6.70000000e-01  -8.33333334e-03   1.00000000e+00   7.07680407e-02   8.86611097e-04  -4.16220845e+01   4.05047273e+01
 6.80000000e-01  -8.33333334e-03   1.00000000e+00   7.04084939e-02   8.84019368e-04  -4.12396591e+01   4.01461713e+01
 6.90000000e-01  -8.33333334e-03   1.00000000e+00   6.99698703e-02   8.80542808e-04  -4.08604621e+01   3.97807897e+01
 7.00000000e-01  -8.33333334e-03   1.00000000e+00   6.94543420e-02   8.76199832e-04  -4.04852246e+01   3.94097128e+01
 7.10000000e-01  -8.33333334e-03   1.00000000e+00   6.88642155e-02   8.71007120e-04  -4.01145430e+01   3.90341032e+01
 7.20000000e-01  -8.33333334e-03   1.00000000e+00   6.82022199e-02   8.64996482e-04  -3.97488391e+01   3.86549488e+01
 7.30000000e-01  -8.33333334e-03   1.00000000e+00   6.74709709e-02   8.58189404e-04  -3.93887620e+01   3.82732482e+01
 7.40000000e-01  -8.33333334e-03   1.00000000e+00   6.66732993e-02   8.50618489e-04  -3.90346734e+01   3.78899955e+01
 7.50000000e-01  -8.33333334e-03   1.00000000e+00   6.58120830e-02   8.42307820e-04  -3.86869359e+01   3.75059373e+01
 7.60000000e-01  -8.33333334e-03   1.00000000e+00   6.48904700e-02   8.33293936e-04  -3.83460159e+01   3.71220753e+01
 7.70000000e-01  -8.33333334e-03   1.00000000e+00   6.39116737e-02   8.23609221e-04  -3.80121675e+01   3.67391897e+01
 7.80000000e-01  -8.33333334e-03   1.00000000e+00   6.28790128e-02   8.13285877e-04  -3.76856926e+01   3.63580223e+01
 7.90000000e-01  -8.33333334e-03   1.00000000e+00   6.17959187e-02   8.02357070e-04  -3.73668260e+01   3.59792747e+01
 8.00000000e-01  -8.33333334e-03   1.00000000e+00   6.06658937e-02   7.90855264e-04  -3.70558152e+01   3.56035790e+01
 8.10000000e-01  -8.33333334e-03   1.00000000e+00   5.94925992e-02   7.78817122e-04  -3.67528530e+01   3.52316779e+01
 8.20000000e-01  -8.33333334e-03   1.00000000e+00   5.82796448e-02   7.66267793e-04  -3.64580443e+01   3.48639278e+01
 8.30000000e-01  -8.33333334e-03   1.00000000e+00   5.70309905e-02   7.53258122e-04  -3.61714684e+01   3.45009976e+01
 8.40000000e-01  -8.33333334e-03   1.00000000e+00   5.57505332e-02   7.39829604e-04  -3.58933048e+01   3.41434076e+01
 8.50000000e-01  -8.33333334e-03   1.00000000e+00   5.44421873e-02   7.26023161e-04  -3.56234361e+01   3.37915432e+01
 8.60000000e-01  -8.33333334e-03   1.00000000e+00   5.31098921e-02   7.11879574e-04  -3.53619774e+01   3.34458355e+01
 8.70000000e-01  -8.33333334e-03   1.00000000e+00   5.17578233e-02   6.97446267e-04  -3.51089599e+01   3.31068227e+01
 8.80000000e-01  -8.33333334e-03   1.00000000e+00   5.03898381e-02   6.82759961e-04  -3.48643331e+01   3.27746617e+01
 8.90000000e-01  -8.33333334e-03   1.00000000e+00   4.90098535e-02   6.67864144e-04  -3.46281887e+01   3.24497990e+01
 9.00000000e-01  -8.33333334e-03   1.00000000e+00   4.76214621e-02   6.52783006e-04  -3.44004283e+01   3.21323208e+01
 9.10000000e-01  -8.33333334e-03   1.00000000e+00   4.62288174e-02   6.37576294e-04  -3.41810945e+01   3.18227074e+01
 9.20000000e-01  -8.33333334e-03   1.00000000e+00   4.48358251e-02   6.22286519e-04  -3.39699923e+01   3.15211821e+01
 9.30000000e-01  -8.33333334e-03   1.00000000e+00   4.34462836e-02   6.06955892e-04  -3.37670492e+01   3.12277349e+01
 9.40000000e-01  -8.33333334e-03   1.00000000e+00   4.20635684e-02   5.91623550e-04  -3.35722308e+01   3.09430409e+01
 9.50000000e-01  -8.33333334e-03   1.00000000e+00   4.06914178e-02   5.76327386e-04  -3.33855268e+01   3.06664302e+01
 9.60000000e-01  -8.33333334e-03   1.00000000e+00   3.93334848e-02   5.61097530e-04  -3.32067779e+01   3.03988071e+01
 9.70000000e-01  -8.33333334e-03   1.00000000e+00   3.79933593e-02   5.45977951e-04  -3.30359295e+01   3.01400398e+01
 9.80000000e-01  -8.33333334e-03   1.00000000e+00   3.66743109e-02   5.30998756e-04  -3.28728731e+01   2.98900781e+01
 9.90000000e-01  -8.33333334e-03   1.00000000e+00   3.53798284e-02   5.16209220e-04  -3.27174707e+01   2.96492181e+01
 1.00000000e+00  -8.33333334e-03   1.00000000e+00   3.41130941e-02   5.01649847e-04  -3.25695026e+01   2.94174116e+01
 1.01000000e+00  -8.33333334e-03   1.00000000e+00   3.28771685e-02   4.87362216e-04  -3.24289538e+01   2.91948229e+01
 1.02000000e+00  -8.33333334e-03   1.00000000e+00   3.16748972e-02   4.73382408e-04  -3.22956256e+01   2.89814197e+01
 1.03000000e+00  -8.33333334e-03   1.00000000e+00   3.05089552e-02   4.59742398e-04  -3.21694847e+01   2.87772857e+01
 1.04000000e+00  -8.33333334e-03   1.00000000e+00   2.93818554e-02   4.46472253e-04  -3.20503443e+01   2.85823636e+01
 1.05000000e+00  -8.33333334e-03   1.00000000e+00   2.82959570e-02   4.33599366e-04  -3.19381521e+01   2.83967032e+01
 1.06000000e+00  -8.33333334e-03   1.00000000e+00   2.72534623e-02   4.21149807e-04  -3.18327371e+01   2.82202302e+01
 1.07000000e+00  -8.33333334e-03   1.00000000e+00   2.62564137e-02   4.09147748e-04  -3.17340088e+01   2.80529632e+01
 1.08000000e+00  -8.33333334e-03   1.00000000e+00   2.53068445e-02   3.97620829e-04  -3.16418293e+01   2.78948228e+01
 1.09000000e+00  -8.33333334e-03   1.00000000e+00   2.44063795e-02   3.86585216e-04  -3.15559685e+01   2.77458562e+01
 1.10000000e+00  -8.33333334e-03   1.00000000e+00   2.35565360e-02   3.76062309e-04  -3.14765198e+01   2.76057690e+01
 1.11000000e+00  -8.33333334e-03   1.00000000e+00   2.27586778e-02   3.66069441e-04  -3.14032320e+01   2.74747341e+01
 1.12000000e+00  -8.33333334e-03   1.00000000e+00   2.20138070e-02   3.56611779e-04  -3.13359982e+01   2.73525186e+01
 1.13000000e+00  -8.33333334e-03   1.00000000e+00   2.13231499e-02   3.47716848e-04  -3.12747664e+01   2.72391354e+01
 1.14000000e+00  -8.33333334e-03   1.00000000e+00   2.06876158e-02   3.39398452e-04  -3.12192901e+01   2.71345262e+01
 1.15000000e+00  -8.33333334e-03   1.00000000e+00   2.01080061e-02   3.31670474e-04  -3.11694890e+01   2.70385894e+01
 1.16000000e+00  -8.33333334e-03   1.00000000e+00   1.95846535e-02   3.24531087e-04  -3.11252609e+01   2.69511509e+01
 1.17000000e+00  -8.33333334e-03   1.00000000e+00   1.91180189e-02   3.17998747e-04  -3.10865043e+01   2.68722002e+01
 1.18000000e+00  -8.33333334e-03   1.00000000e+00   1.87082989e-02   3.12078040e-04  -3.10530019e+01   2.68015990e+01
 1.19000000e+00  -8.33333334e-03   1.00000000e+00   1.83554837e-02   3.06769600e-04  -3.10247162e+01   2.67392254e+01
 1.20000000e+00  -8.33333334e-03   1.00000000e+00   1.80593172e-02   3.02078031e-04  -3.10014490e+01   2.66849679e+01
 1.21000000e+00  -8.33333334e-03   1.00000000e+00   1.78195892e-02   2.98006365e-04  -3.09831761e+01   2.66386917e+01
 1.22000000e+00  -8.33333334e-03   1.00000000e+00   1.76359045e-02   2.94551707e-04  -3.09696689e+01   2.66003441e+01
 1.23000000e+00  -8.33333334e-03   1.00000000e+00   1.75075514e-02   2.91708495e-04  -3.09609093e+01   2.65696997e+01
 1.24000000e+00  -8.33333334e-03   1.00000000e+00   1.74338052e-02   2.89509247e-04  -3.09349610e+01   2.65575625e+01
 1.25000000e+00  -8.33333334e-03   1.00000000e+00   1.74136456e-02   2.87877462e-04  -3.09694803e+01   2.65373122e+01
 1.26000000e+00  -8.33333334e-03   1.00000000e+00   1.74461639e-02   2.86870489e-04  -3.09804198e+01   2.65428132e+01
 1.27000000e+00  -8.33333334e-03   1.00000000e+00   1.75297613e-02   2.86362855e-04  -3.09445392e+01   2.65180108e+01
 1.28000000e+00  -8.33333334e-03   1.00000000e+00   1.76639612e-02   2.86492911e-04  -3.09807810e+01   2.65167160e+01
 1.29000000e+00  -8.33333334e-03   1.00000000e+00   1.78471185e-02   2.87183688e-04  -3.10014679e+01   2.65404379e+01
 1.30000000e+00  -8.33333334e-03   1.00000000e+00   1.80778428e-02   2.88433280e-04  -3.10220741e+01   2.65608567e+01
 1.31000000e+00  -8.33333334e-03   1.00000000e+00   1.83544158e-02   2.90228260e-04  -3.10455656e+01   2.65864623e+01
 1.32000000e+00  -8.33333334e-03   1.00000000e+00   1.86751017e-02   2.92551896e-04  -3.10730830e+01   2.66184333e+01
 1.33000000e+00  -8.33333334e-03   1.00000000e+00   1.90378022e-02   2.95375667e-04  -3.11041092e+01   2.66565320e+01
 1.34000000e+00  -8.33333334e-03   1.00000000e+00   1.94405890e-02   2.98680349e-04  -3.11385651e+01   2.67006232e+01
 1.35000000e+00  -8.33333334e-03   1.00000000e+00   1.98814605e-02   3.02443934e-04  -3.11762365e+01   2.67504502e+01
 1.36000000e+00  -8.33333334e-03   1.00000000e+00   2.03583876e-02   3.06648261e-04  -3.12169223e+01   2.68057295e+01
 1.37000000e+00  -8.33333334e-03   1.00000000e+00   2.08692202e-02   3.11270003e-04  -3.12605941e+01   2.68663220e+01
 1.38000000e+00  -8.33333334e-03   1.00000000e+00   2.14117936e-02   3.16288381e-04  -3.13070178e+01   2.69319409e+01
 1.39000000e+00  -8.33333334e-03   1.00000000e+00   2.19839110e-02   3.21681974e-04  -3.13561797e+01   2.70024398e+01
 1.40000000e+00  -8.33333334e-03   1.00000000e+00   2.25833369e-02   3.27429410e-04  -3.14078281e+01   2.70775326e+01
 1.41000000e+00  -8.33333334e-03   1.00000000e+00   2.32077769e-02   3.33507535e-04  -3.14618698e+01   2.71569989e+01
 1.42000000e+00  -8.33333334e-03   1.00000000e+00   2.38550624e-02   3.39900474e-04  -3.15182320e+01   2.72407213e+01
 1.43000000e+00  -8.33333334e-03   1.00000000e+00   2.45227785e-02   3.46576358e-04  -3.15767000e+01   2.73283401e+01
 1.44000000e+00  -8.33333334e-03   1.00000000e+00   2.52085694e-02   3.53509638e-04  -3.16371981e+01   2.74196510e+01
 1.45000000e+00  -8.33333334e-03   1.00000000e+00   2.59100874e-02   3.60675398e-04  -3.16996822e+01   2.75144808e+01
 1.46000000e+00  -8.33333334e-03   1.00000000e+00   2.66249894e-02   3.68048503e-04  -3.17639268e+01   2.76125206e+01
 1.47000000e+00  -8.33333334e-03   1.00000000e+00   2.73508208e-02   3.75600651e-04  -3.18298511e+01   2.77135121e+01
 1.48000000e+00  -8.33333334e-03   1.00000000e+00   2.80853173e-02   3.83309280e-04  -3.18973537e+01   2.78172476e+01
 1.49000000e+00  -8.33333334e-03   1.00000000e+00   2.88262012e-02   3.91148668e-04  -3.19662965e+01   2.79234853e+01
 1.50000000e+00  -8.33333334e-03   1.00000000e+00   2.95713883e-02   3.99103725e-04  -3.20365216e+01   2.80320486e+01
 1.51000000e+00  -8.33333334e-03   1.00000000e+00   3.03185147e-02   4.07140108e-04  -3.21079630e+01   2.81426256e+01
 1.52000000e+00  -8.33333334e-03   1.00000000e+00   3.10653673e-02   4.15232690e-04  -3.21805065e+01   2.82550309e+01
 1.53000000e+00  -8.33333334e-03   1.00000000e+00   3.18099924e-02   4.23357490e-04  -3.22540441e+01   2.83688411e+01
 1.54000000e+00  -8.33333334e-03   1.00000000e+00   3.25502697e-02   4.31492699e-04  -3.23284550e+01   2.84841755e+01
 1.55000000e+00  -8.33333334e-03   1.00000000e+00   3.32841294e-02   4.39620613e-04  -3.24035922e+01   2.86004630e+01
 1.56000000e+00  -8.33333334e-03   1.00000000e+00   3.40095579e-02   4.47715215e-04  -3.24793585e+01   2.87175154e+01
 1.57000000e+00  -8.33333334e-03   1.00000000e+00   3.47247174e-02   4.55759871e-04  -3.25556456e+01   2.88352049e+01
 1.58000000e+00  -8.33333334e-03   1.00000000e+00   3.54276627e-02   4.63726587e-04  -3.26324223e+01   2.89532310e+01
 1.59000000e+00  -8.33333334e-03   1.00000000e+00   3.61166194e-02   4.71592461e-04  -3.27095769e+01   2.90713831e+01
 1.60000000e+00  -8.33333334e-03   1.00000000e+00   3.67898894e-02   4.79333555e-04  -3.27869455e+01   2.91893393e+01
 1.61000000e+00  -8.33333334e-03   1.00000000e+00   3.74458988e-02   4.86929464e-04  -3.28645228e+01   2.93069521e+01
 1.62000000e+00  -8.33333334e-03   1.00000000e+00   3.80831755e-02   4.94361980e-04  -3.29421184e+01   2.94239338e+01
 1.63000000e+00  -8.33333334e-03   1.00000000e+00   3.87003432e-02   5.01614099e-04  -3.30197262e+01   2.95401470e+01
 1.64000000e+00  -8.33333334e-03   1.00000000e+00   3.92961169e-02   5.08670355e-04  -3.30971674e+01   2.96553093e+01
 1.65000000e+00  -8.33333334e-03   1.00000000e+00   3.98693040e-02   5.15515988e-04  -3.31744268e+01   2.97692916e+01
 1.66000000e+00  -8.33333334e-03   1.00000000e+00   4.04188042e-02   5.22137503e-04  -3.32513301e+01   2.98818293e+01
 1.67000000e+00  -8.33333334e-03   1.00000000e+00   4.09436113e-02   5.28521904e-04  -3.33278692e+01   2.99927966e+01
 1.68000000e+00  -8.33333334e-03   1.00000000e+00   4.14427317e-02   5.34655192e-04  -3.34038845e+01   3.01019268e+01
 1.69000000e+00  -8.33333334e-03   1.00000000e+00   4.19153946e-02   5.40528424e-04  -3.34793039e+01   3.02090719e+01
 1.70000000e+00  -8.33333334e-03   1.00000000e+00   4.23608921e-02   5.46131201e-04  -3.35540881e+01   3.03141213e+01
 1.71000000e+00  -8.33333334e-03   1.00000000e+00   4.27787114e-02   5.51461117e-04  -3.36280557e+01   3.04168916e+01
 1.72000000e+00  -8.33333334e-03   1.00000000e+00   4.31682180e-02   5.56502805e-04  -3.37011699e+01   3.05171724e+01
 1.73000000e+00  -8.33333334e-03   1.00000000e+00   4.35289489e-02   5.61248628e-04  -3.37733632e+01   3.06148262e+01
 1.74000000e+00  -8.33333334e-03   1.00000000e+00   4.38605547e-02   5.65692075e-04  -3.38446054e+01   3.07097784e+01
 1.75000000e+00  -8.33333334e-03   1.00000000e+00   4.41627339e-02   5.69827339e-04  -3.39147590e+01   3.08018303e+01
 1.76000000e+00  -8.33333334e-03   1.00000000e+00   4.44354267e-02   5.73655772e-04  -3.39837341e+01   3.08909008e+01
 1.77000000e+00  -8.33333334e-03   1.00000000e+00   4.46785091e-02   5.77168255e-04  -3.40514929e+01   3.09768304e+01
 1.78000000e+00  -8.33333334e-03   1.00000000e+00   4.48919951e-02   5.80362361e-04  -3.41179534e+01   3.10595355e+01
 1.79000000e+00  -8.33333334e-03   1.00000000e+00   4.50760077e-02   5.83238984e-04  -3.41830568e+01   3.11389365e+01
 1.80000000e+00  -8.33333334e-03   1.00000000e+00   4.52307515e-02   5.85704307e-04  -3.43145099e+01   3.12244101e+01
 1.81000000e+00  -8.33333334e-03   1.00000000e+00   4.53566109e-02   5.87960650e-04  -3.43119036e+01   3.12991085e+01
 1.82000000e+00  -8.33333334e-03   1.00000000e+00   4.54535470e-02   5.89860459e-04  -3.43583337e+01   3.13395386e+01
 1.83000000e+00  -8.33333334e-03   1.00000000e+00   4.55220132e-02   5.91437275e-04  -3.44218413e+01   3.14027151e+01
 1.84000000e+00  -8.33333334e-03   1.00000000e+00   4.55626597e-02   5.92716299e-04  -3.44782632e+01   3.14666678e+01
 1.85000000e+00  -8.33333334e-03   1.00000000e+00   4.55760897e-02   5.93686211e-04  -3.45336273e+01   3.15266395e+01
 1.86000000e+00  -8.33333334e-03   1.00000000e+00   4.55629313e-02   5.94353678e-04  -3.45873911e+01   3.15828792e+01
 1.87000000e+00  -8.33333334e-03   1.00000000e+00   4.55238867e-02   5.94730790e-04  -3.46391577e+01   3.16355092e+01
 1.88000000e+00  -8.33333334e-03   1.00000000e+00   4.54596608e-02   5.94830446e-04  -3.46891335e+01   3.16844797e+01
 1.89000000e+00  -8.33333334e-03   1.00000000e+00   4.53709775e-02   5.94653817e-04  -3.47372583e+01   3.17297903e+01
 1.90000000e+00  -8.33333334e-03   1.00000000e+00   4.52586942e-02   5.94201812e-04  -3.47835101e+01   3.17714290e+01
 1.91000000e+00  -8.33333334e-03   1.00000000e+00   4.51237551e-02   5.93479181e-04  -3.48278250e+01   3.18093226e+01
 1.92000000e+00  -8.33333334e-03   1.00000000e+00   4.49672597e-02   5.92494746e-04  -3.48701713e+01   3.18434732e+01
 1.93000000e+00  -8.33333334e-03   1.00000000e+00   4.47902839e-02   5.91258167e-04  -3.49105072e+01   3.18739413e+01
 1.94000000e+00  -8.33333334e-03   1.00000000e+00   4.45939389e-02   5.89782076e-04  -3.49488231e+01   3.19007671e+01
 1.95000000e+00  -8.33333334e-03   1.00000000e+00   4.43793254e-02   5.88076953e-04  -3.49850827e+01   3.19240050e+01
 1.96000000e+00  -8.33333334e-03   1.00000000e+00   4.41480943e-02   5.86308680e-04  -3.51236728e+01   3.19813786e+01
 1.97000000e+00  -8.33333334e-03   1.00000000e+00   4.39008222e-02   5.84230523e-04  -3.50741018e+01   3.19976873e+01
 1.98000000e+00  -8.33333334e-03   1.00000000e+00   4.36387927e-02   5.81913880e-04  -3.50883650e+01   3.19679120e+01
 1.99000000e+00  -8.33333334e-03   1.00000000e+00   4.33631676e-02   5.79466317e-04  -3.51160410e+01   3.19722971e+01
 2.00000000e+00  -8.33333334e-03   1.00000000e+00   4.30753011e-02   5.76826995e-04  -3.51441181e+01   3.19770876e+01
 2.01000000e+00  -8.33333334e-03   1.00000000e+00   4.27762666e-02   5.74012046e-04  -3.51681581e+01   3.19789734e+01
 2.02000000e+00  -8.33333334e-03   1.00000000e+00   4.24672942e-02   5.71042112e-04  -3.51898467e+01   3.19777963e+01
 2.03000000e+00  -8.33333334e-03   1.00000000e+00   4.21495750e-02   5.67937007e-04  -3.52092582e+01   3.19738242e+01
 2.04000000e+00  -8.33333334e-03   1.00000000e+00   4.18242972e-02   5.64717009e-04  -3.52264987e+01   3.19671609e+01
 2.05000000e+00  -8.33333334e-03   1.00000000e+00   4.14926468e-02   5.61399290e-04  -3.52415972e+01   3.19578765e+01
 2.06000000e+00  -8.33333334e-03   1.00000000e+00   4.11558585e-02   5.57999806e-04  -3.52545782e+01   3.19460853e+01
 2.07000000e+00  -8.33333334e-03   1.00000000e+00   4.08150751e-02   5.54529427e-04  -3.52654239e+01   3.19318345e+01
 2.08000000e+00  -8.33333334e-03   1.00000000e+00   4.04714408e-02   5.50999069e-04  -3.52741695e+01   3.19152431e+01
 2.09000000e+00  -8.33333334e-03   1.00000000e+00   4.01260058e-02   5.47414128e-04  -3.52808598e+01   3.18963960e+01
 2.10000000e+00  -8.33333334e-03   1.00000000e+00   3.97798619e-02   5.43789333e-04  -3.52855165e+01   3.18754220e+01
 2.11000000e+00  -8.33333334e-03   1.00000000e+00   3.94341324e-02   5.40134434e-04  -3.52881172e+01   3.18524270e+01
 2.12000000e+00  -8.33333334e-03   1.00000000e+00   3.90899019e-02   5.36458829e-04  -3.52887736e+01   3.18275680e+01
 2.13000000e+00  -8.33333334e-03   1.00000000e+00   3.87482270e-02   5.32774649e-04  -3.52875000e+01   3.18009688e+01
 2.14000000e+00  -8.33333334e-03   1.00000000e+00   3.84101281e-02   5.29094662e-04  -3.52843323e+01   3.17727627e+01
 2.15000000e+00  -8.33333334e-03   1.00000000e+00   3.80765343e-02   5.25428526e-04  -3.52793407e+01   3.17430530e+01
 2.16000000e+00  -8.33333334e-03   1.00000000e+00   3.77484225e-02   5.21790921e-04  -3.52725484e+01   3.17120034e+01
 2.17000000e+00  -8.33333334e-03   1.00000000e+00   3.74266860e-02   5.18194024e-04  -3.52640057e+01   3.16797155e+01
 2.18000000e+00  -8.33333334e-03   1.00000000e+00   3.71121804e-02   5.14649567e-04  -3.52537744e+01   3.16463327e+01
 2.19000000e+00  -8.33333334e-03   1.00000000e+00   3.68056986e-02   5.11168188e-04  -3.52418972e+01   3.16119755e+01
 2.20000000e+00  -8.33333334e-03   1.00000000e+00   3.65079826e-02   5.07759032e-04  -3.52284470e+01   3.15767642e+01
 2.21000000e+00  -8.33333334e-03   1.00000000e+00   3.62197275e-02   5.04430222e-04  -3.52134877e+01   3.15408157e+01
 2.22000000e+00  -8.33333334e-03   1.00000000e+00   3.59415816e-02   5.01189004e-04  -3.51970856e+01   3.15042471e+01
 2.23000000e+00  -8.33333334e-03   1.00000000e+00   3.56741449e-02   4.98043010e-04  -3.51792915e+01   3.14671710e+01
 2.24000000e+00  -8.33333334e-03   1.00000000e+00   3.54179712e-02   4.94998569e-04  -3.51601972e+01   3.14296973e+01
 2.25000000e+00  -8.33333334e-03   1.00000000e+00   3.51735654e-02   4.92062220e-04  -3.51398562e+01   3.13919342e+01
 2.26000000e+00  -8.33333334e-03   1.00000000e+00   3.49414217e-02   4.89241207e-04  -3.51183360e+01   3.13539982e+01
 2.27000000e+00  -8.33333334e-03   1.00000000e+00   3.47219256e-02   4.86540125e-04  -3.50957164e+01   3.13159776e+01
 2.28000000e+00  -8.33333334e-03   1.00000000e+00   3.45154284e-02   4.83964626e-04  -3.50720664e+01   3.12779726e+01
 2.29000000e+00  -8.33333334e-03   1.00000000e+00   3.43221863e-02   4.81516076e-04  -3.50474827e+01   3.12400579e+01
 2.30000000e+00  -8.33333334e-03   1.00000000e+00   3.41425071e-02   4.79202337e-04  -3.50220127e+01   3.12023533e+01
 2.31000000e+00  -8.33333334e-03   1.00000000e+00   3.39766617e-02   4.77063149e-04  -3.49217102e+01   3.11493264e+01
 2.32000000e+00  -8.33333334e-03   1.00000000e+00   3.38245099e-02   4.74968652e-04  -3.49587763e+01   3.11079218e+01
 2.33000000e+00  -8.33333334e-03   1.00000000e+00   3.36866143e-02   4.73071909e-04  -3.49470331e+01   3.11024433e+01
 2.34000000e+00  -8.33333334e-03   1.00000000e+00   3.35630286e-02   4.71345067e-04  -3.49144562e+01   3.10702582e+01
 2.35000000e+00  -8.33333334e-03   1.00000000e+00   3.34536819e-02   4.69765561e-04  -3.48864699e+01   3.10338801e+01
 2.36000000e+00  -8.33333334e-03   1.00000000e+00   3.33585603e-02   4.68344754e-04  -3.48575088e+01   3.09985006e+01
 2.37000000e+00  -8.33333334e-03   1.00000000e+00   3.32775818e-02   4.67077370e-04  -3.48280517e+01   3.09638902e+01
 2.38000000e+00  -8.33333334e-03   1.00000000e+00   3.32106457e-02   4.65958924e-04  -3.47984964e+01   3.09298902e+01
 2.39000000e+00  -8.33333334e-03   1.00000000e+00   3.31576204e-02   4.64983852e-04  -3.47686788e+01   3.08966314e+01
 2.40000000e+00  -8.33333334e-03   1.00000000e+00   3.31183580e-02   4.64150702e-04  -3.47386794e+01   3.08642230e+01
 2.41000000e+00  -8.33333334e-03   1.00000000e+00   3.30925607e-02   4.63456717e-04  -3.47086204e+01   3.08328025e+01
 2.42000000e+00  -8.33333334e-03   1.00000000e+00   3.30799538e-02   4.62902841e-04  -3.46785276e+01   3.08023528e+01
 2.43000000e+00  -8.33333334e-03   1.00000000e+00   3.30802719e-02   4.62494893e-04  -3.46485236e+01   3.07729911e+01
 2.44000000e+00  -8.33333334e-03   1.00000000e+00   3.30931422e-02   4.62229623e-04  -3.46185926e+01   3.07447405e+01
 2.45000000e+00  -8.33333334e-03   1.00000000e+00   3.31182183e-02   4.62103533e-04  -3.45888034e+01   3.07175803e+01
 2.46000000e+00  -8.33333334e-03   1.00000000e+00   3.31550479e-02   4.62111310e-04  -3.45592712e+01   3.06916000e+01
 2.47000000e+00  -8.33333334e-03   1.00000000e+00   3.32033460e-02   4.62253374e-04  -3.45300122e+01   3.06667452e+01
 2.48000000e+00  -8.33333334e-03   1.00000000e+00   3.32626446e-02   4.62527408e-04  -3.45011111e+01   3.06431265e+01
 2.49000000e+00  -8.33333334e-03   1.00000000e+00   3.33324321e-02   4.62927368e-04  -3.44725685e+01   3.06206982e+01
 2.50000000e+00  -8.33333334e-03   1.00000000e+00   3.34122054e-02   4.63448565e-04  -3.44444950e+01   3.05995102e+01
 2.51000000e+00  -8.33333334e-03   1.00000000e+00   3.35014173e-02   4.64084107e-04  -3.44168857e+01   3.05795523e+01
 2.52000000e+00  -8.33333334e-03   1.00000000e+00   3.35995161e-02   4.64827845e-04  -3.43897976e+01   3.05608096e+01
 2.53000000e+00  -8.33333334e-03   1.00000000e+00   3.37059452e-02   4.65674539e-04  -3.43633135e+01   3.05433252e+01
 2.54000000e+00  -8.33333334e-03   1.00000000e+00   3.38201247e-02   4.66617867e-04  -3.43374356e+01   3.05270645e+01
 2.55000000e+00  -8.33333334e-03   1.00000000e+00   3.39414760e-02   4.67652187e-04  -3.43122426e+01   3.05120403e+01
 2.56000000e+00  -8.33333334e-03   1.00000000e+00   3.40694130e-02   4.68772013e-04  -3.42877383e+01   3.04982212e+01
 2.57000000e+00  -8.33333334e-03   1.00000000e+00   3.42033514e-02   4.69971703e-04  -3.42639556e+01   3.04855877e+01
 2.58000000e+00  -8.33333334e-03   1.00000000e+00   3.43427287e-02   4.71247088e-04  -3.42409664e+01   3.04741521e+01
 2.59000000e+00  -8.33333334e-03   1.00000000e+00   3.44869313e-02   4.72590601e-04  -3.42187522e+01   3.04638987e+01
 2.60000000e+00  -8.33333334e-03   1.00000000e+00   3.46353602e-02   4.73995997e-04  -3.41973549e+01   3.04547834e+01
 2.61000000e+00  -8.33333334e-03   1.00000000e+00   3.47874197e-02   4.75457028e-04  -3.41768268e+01   3.04468074e+01
 2.62000000e+00  -8.33333334e-03   1.00000000e+00   3.49425167e-02   4.76967467e-04  -3.41571634e+01   3.04399434e+01
 2.63000000e+00  -8.33333334e-03   1.00000000e+00   3.51000356e-02   4.78520336e-04  -3.41383846e+01   3.04341584e+01
 2.64000000e+00  -8.33333334e-03   1.00000000e+00   3.52594047e-02   4.80109973e-04  -3.41205207e+01   3.04294206e+01
 2.65000000e+00  -8.33333334e-03   1.00000000e+00   3.54200517e-02   4.81729977e-04  -3.41035964e+01   3.04257168e+01
 2.66000000e+00  -8.33333334e-03   1.00000000e+00   3.55814888e-02   4.83376224e-04  -3.40876068e+01   3.04230212e+01
 2.67000000e+00  -8.33333334e-03   1.00000000e+00   3.57431217e-02   4.85041159e-04  -3.40725588e+01   3.04213101e+01
 2.68000000e+00  -8.33333334e-03   1.00000000e+00   3.59043917e-02   4.86719364e-04  -3.40584635e+01   3.04205288e+01
 2.69000000e+00  -8.33333334e-03   1.00000000e+00   3.60647579e-02   4.88404646e-04  -3.40453379e+01   3.04206485e+01
 2.70000000e+00  -8.33333334e-03   1.00000000e+00   3.62236985e-02   4.90090894e-04  -3.40331777e+01   3.04216222e+01
 2.71000000e+00  -8.33333334e-03   1.00000000e+00   3.63807361e-02   4.91773520e-04  -3.40219961e+01   3.04234331e+01
 2.72000000e+00  -8.33333334e-03   1.00000000e+00   3.65353714e-02   4.93445727e-04  -3.40117807e+01   3.04260379e+01
 2.73000000e+00  -8.33333334e-03   1.00000000e+00   3.66871447e-02   4.95101744e-04  -3.40025384e+01   3.04293822e+01
 2.74000000e+00  -8.33333334e-03   1.00000000e+00   3.68356148e-02   4.96735645e-04  -3.39942670e+01   3.04334376e+01
 2.75000000e+00  -8.33333334e-03   1.00000000e+00   3.69803699e-02   4.98342317e-04  -3.39869560e+01   3.04381582e+01
 2.76000000e+00  -8.33333334e-03   1.00000000e+00   3.71210235e-02   4.99917070e-04  -3.39805831e+01   3.04434774e+01
 2.77000000e+00  -8.33333334e-03   1.00000000e+00   3.72572132e-02   5.01455527e-04  -3.39751660e+01   3.04493941e+01
 2.78000000e+00  -8.33333334e-03   1.00000000e+00   3.73885997e-02   5.02953646e-04  -3.39706759e+01   3.04558558e+01
 2.79000000e+00  -8.33333334e-03   1.00000000e+00   3.75148682e-02   5.04407595e-04  -3.39670979e+01   3.04628173e+01
 2.80000000e+00  -8.33333334e-03   1.00000000e+00   3.76357281e-02   5.05813774e-04  -3.39644144e+01   3.04702406e+01
 2.81000000e+00  -8.33333334e-03   1.00000000e+00   3.77508945e-02   5.07168239e-04  -3.39626084e+01   3.04780855e+01
 2.82000000e+00  -8.33333334e-03   1.00000000e+00   3.78601374e-02   5.08468404e-04  -3.39616344e+01   3.04862717e+01
 2.83000000e+00  -8.33333334e-03   1.00000000e+00   3.79632444e-02   5.09711205e-04  -3.39615114e+01   3.04948141e+01
 2.84000000e+00  -8.33333334e-03   1.00000000e+00   3.80600518e-02   5.10895551e-04  -3.39621957e+01   3.05036616e+01
 2.85000000e+00  -8.33333334e-03   1.00000000e+00   3.81503706e-02   5.12017401e-04  -3.39636607e+01   3.05127779e+01
 2.86000000e+00  -8.33333334e-03   1.00000000e+00   3.82340504e-02   5.13074323e-04  -3.39658861e+01   3.05221158e+01
 2.87000000e+00  -8.33333334e-03   1.00000000e+00   3.83109812e-02   5.14064801e-04  -3.39688154e+01   3.05315964e+01
 2.88000000e+00  -8.33333334e-03   1.00000000e+00   3.83810758e-02   5.14987712e-04  -3.39724613e+01   3.05412419e+01
 2.89000000e+00  -8.33333334e-03   1.00000000e+00   3.84442584e-02   5.15840787e-04  -3.39767858e+01   3.05510062e+01
 2.90000000e+00  -8.33333334e-03   1.00000000e+00   3.85004863e-02   5.16622775e-04  -3.39817532e+01   3.05608461e+01
 2.91000000e+00  -8.33333334e-03   1.00000000e+00   3.85497304e-02   5.17332493e-04  -3.39873374e+01   3.05707265e+01
 2.92000000e+00  -8.33333334e-03   1.00000000e+00   3.85920173e-02   5.17970549e-04  -3.39934763e+01   3.05805709e+01
 2.93000000e+00  -8.33333334e-03   1.00000000e+00   3.86273832e-02   5.18535896e-04  -3.40001786e+01   3.05904134e+01
 2.94000000e+00  -8.33333334e-03   1.00000000e+00   3.86558666e-02   5.19028320e-04  -3.40073981e+01   3.06002121e+01
 2.95000000e+00  -8.33333334e-03   1.00000000e+00   3.86775298e-02   5.19448235e-04  -3.40151030e+01   3.06099269e+01
 2.96000000e+00  -8.33333334e-03   1.00000000e+00   3.86924771e-02   5.19796457e-04  -3.40232627e+01   3.06195300e+01
 2.97000000e+00  -8.33333334e-03   1.00000000e+00   3.87008294e-02   5.20073515e-04  -3.40318104e+01   3.06289624e+01
 2.98000000e+00  -8.33333334e-03   1.00000000e+00   3.87027102e-02   5.20278732e-04  -3.40407495e+01   3.06382444e+01
 2.99000000e+00  -8.33333334e-03   1.00000000e+00   3.86982364e-02   5.20411810e-04  -3.40500427e+01   3.06473379e+01
 3.00000000e+00  -8.33333334e-03   1.00000000e+00   3.86876271e-02   5.20474713e-04  -3.40596602e+01   3.06562178e+01
 3.01000000e+00  -8.33333334e-03   1.00000000e+00   3.86712525e-02   5.20472213e-04  -3.40695357e+01   3.06648190e+01
 3.02000000e+00  -8.33333334e-03   1.00000000e+00   3.86491872e-02   5.20409819e-04  -3.40796253e+01   3.06732149e+01
 3.03000000e+00  -8.33333334e-03   1.00000000e+00   3.86215606e-02   5.20288739e-04  -3.40899332e+01   3.06813440e+01
 3.04000000e+00  -8.33333334e-03   1.00000000e+00   3.85885036e-02   5.20104729e-04  -3.41004447e+01   3.06892200e+01
 3.05000000e+00  -8.33333334e-03   1.00000000e+00   3.85502733e-02   5.19859969e-04  -3.41111352e+01   3.06968254e+01
 3.06000000e+00  -8.33333334e-03   1.00000000e+00   3.85071295e-02   5.19555730e-04  -3.41219529e+01   3.07041243e+01
 3.07000000e+00  -8.33333334e-03   1.00000000e+00   3.84593518e-02   5.19194520e-04  -3.41328435e+01   3.07110608e+01
 3.08000000e+00  -8.33333334e-03   1.00000000e+00   3.84072244e-02   5.18778849e-04  -3.41437980e+01   3.07176720e+01
 3.09000000e+00  -8.33333334e-03   1.00000000e+00   3.83510465e-02   5.18312562e-04  -3.41547877e+01   3.07239477e+01
 3.10000000e+00  -8.33333334e-03   1.00000000e+00   3.82911128e-02   5.17799169e-04  -3.41657732e+01   3.07298823e+01
 3.11000000e+00  -8.33333334e-03   1.00000000e+00   3.82277170e-02   5.17242027e-04  -3.41767308e+01   3.07354735e+01
 3.12000000e+00  -8.33333334e-03   1.00000000e+00   3.81611551e-02   5.16644343e-04  -3.41876240e+01   3.07407166e+01
 3.13000000e+00  -8.33333334e-03   1.00000000e+00   3.80917212e-02   5.16009202e-04  -3.41984176e+01   3.07455716e+01
 3.14000000e+00  -8.33333334e-03   1.00000000e+00   3.80196974e-02   5.15338720e-04  -3.42090985e+01   3.07500873e+01
 3.15000000e+00  -8.33333334e-03   1.00000000e+00   3.79453919e-02   5.14636723e-04  -3.42196494e+01   3.07542524e+01
 3.16000000e+00  -8.33333334e-03   1.00000000e+00   3.78691049e-02   5.13906217e-04  -3.42300392e+01   3.07580686e+01
 3.17000000e+00  -8.33333334e-03   1.00000000e+00   3.77911349e-02   5.13150160e-04  -3.42402492e+01   3.07615409e+01
 3.18000000e+00  -8.33333334e-03   1.00000000e+00   3.77117923e-02   5.12371875e-04  -3.42502438e+01   3.07646285e+01
 3.19000000e+00  -8.33333334e-03   1.00000000e+00   3.76313671e-02   5.11574028e-04  -3.42600144e+01   3.07673975e+01
 3.20000000e+00  -8.33333334e-03   1.00000000e+00   3.75501507e-02   5.10759779e-04  -3.42695447e+01   3.07698362e+01
 3.21000000e+00  -8.33333334e-03   1.00000000e+00   3.74683936e-02   5.09931183e-04  -3.42788175e+01   3.07719467e+01
 3.22000000e+00  -8.33333334e-03   1.00000000e+00   3.73864015e-02   5.09092056e-04  -3.42878219e+01   3.07737263e+01
 3.23000000e+00  -8.33333334e-03   1.00000000e+00   3.73044634e-02   5.08245169e-04  -3.42965319e+01   3.07751627e+01
 3.24000000e+00  -8.33333334e-03   1.00000000e+00   3.72228606e-02   5.07393679e-04  -3.43049372e+01   3.07763144e+01
 3.25000000e+00  -8.33333334e-03   1.00000000e+00   3.71418656e-02   5.06540765e-04  -3.43130216e+01   3.07771762e+01
 3.26000000e+00  -8.33333334e-03   1.00000000e+00   3.70617413e-02   5.05689491e-04  -3.43207812e+01   3.07777623e+01
 3.27000000e+00  -8.33333334e-03   1.00000000e+00   3.69827283e-02   5.04842183e-04  -3.43282006e+01   3.07780778e+01
 3.28000000e+00  -8.33333334e-03   1.00000000e+00   3.69050783e-02   5.04002278e-04  -3.43352743e+01   3.07781042e+01
 3.29000000e+00  -8.33333334e-03   1.00000000e+00   3.68290223e-02   5.03172627e-04  -3.43419815e+01   3.07779093e+01
 3.30000000e+00  -8.33333334e-03   1.00000000e+00   3.67547820e-02   5.02356168e-04  -3.43483249e+01   3.07774868e+01
 3.31000000e+00  -8.33333334e-03   1.00000000e+00   3.66825639e-02   5.01555395e-04  -3.43542980e+01   3.07768509e+01
 3.32000000e+00  -8.33333334e-03   1.00000000e+00   3.66125620e-02   5.00772596e-04  -3.43598921e+01   3.07760124e+01
 3.33000000e+00  -8.33333334e-03   1.00000000e+00   3.65449582e-02   5.00009905e-04  -3.43651211e+01   3.07749649e+01
 3.34000000e+00  -8.33333334e-03   1.00000000e+00   3.64799227e-02   4.99269322e-04  -3.43699520e+01   3.07737564e+01
 3.35000000e+00  -8.33333334e-03   1.00000000e+00   3.64176137e-02   4.98552771e-04  -3.43744052e+01   3.07723921e+01
 3.36000000e+00  -8.33333334e-03   1.00000000e+00   3.63581769e-02   4.97862048e-04  -3.43784805e+01   3.07708813e+01
 3.37000000e+00  -8.33333334e-03   1.00000000e+00   3.63017548e-02   4.97199124e-04  -3.43821722e+01   3.07692357e+01
 3.38000000e+00  -8.33333334e-03   1.00000000e+00   3.62484622e-02   4.96565291e-04  -3.43855058e+01   3.07674676e+01
 3.39000000e+00  -8.33333334e-03   1.00000000e+00   3.61984048e-02   4.95962054e-04  -3.43884460e+01   3.07655989e+01
 3.40000000e+00  -8.33333334e-03   1.00000000e+00   3.61516638e-02   4.95389987e-04  -3.43910193e+01   3.07636393e+01
 3.41000000e+00  -8.33333334e-03   1.00000000e+00   3.61083341e-02   4.94851162e-04  -3.43932324e+01   3.07615975e+01
 3.42000000e+00  -8.33333334e-03   1.00000000e+00   3.60684832e-02   4.94346475e-04  -3.43951103e+01   3.07595027e+01
 3.43000000e+00  -8.33333334e-03   1.00000000e+00   3.60321652e-02   4.93876587e-04  -3.43966132e+01   3.07573482e+01
 3.44000000e+00  -8.33333334e-03   1.00000000e+00   3.59994273e-02   4.93442754e-04  -3.43977791e+01   3.07551540e+01
 3.45000000e+00  -8.33333334e-03   1.00000000e+00   3.59702992e-02   4.93045675e-04  -3.43986070e+01   3.07529386e+01
 3.46000000e+00  -8.33333334e-03   1.00000000e+00   3.59448037e-02   4.92686014e-04  -3.43991104e+01   3.07507084e+01
 3.47000000e+00  -8.33333334e-03   1.00000000e+00   3.59229331e-02   4.92363461e-04  -3.43993195e+01   3.07484887e+01
 3.48000000e+00  -8.33333334e-03   1.00000000e+00   3.59046783e-02   4.92078704e-04  -3.43992035e+01   3.07462657e+01
 3.49000000e+00  -8.33333334e-03   1.00000000e+00   3.58900304e-02   4.91832068e-04  -3.43987944e+01   3.07440646e+01
 3.50000000e+00  -8.33333334e-03   1.00000000e+00   3.58789546e-02   4.91622850e-04  -3.43981060e+01   3.07418955e+01
 3.51000000e+00  -8.33333334e-03   1.00000000e+00   3.58714597e-02   4.91451247e-04  -3.43971461e+01   3.07397629e+01
 3.52000000e+00  -8.33333334e-03   1.00000000e+00   3.58674884e-02   4.91320213e-04  -3.43959187e+01   3.07376837e+01
 3.53000000e+00  -8.33333334e-03   1.00000000e+00   3.58669426e-02   4.91228602e-04  -3.43944422e+01   3.07356610e+01
 3.54000000e+00  -8.33333334e-03   1.00000000e+00   3.58697548e-02   4.91175982e-04  -3.43927409e+01   3.07337320e+01
 3.55000000e+00  -8.33333334e-03   1.00000000e+00   3.58757803e-02   4.91163888e-04  -3.43908050e+01   3.07318977e+01
 3.56000000e+00  -8.33333334e-03   1.00000000e+00   3.58846660e-02   4.91178315e-04  -3.43886728e+01   3.07301818e+01
 3.57000000e+00  -8.33333334e-03   1.00000000e+00   3.58964078e-02   4.91217641e-04  -3.43864276e+01   3.07284284e+01
 3.58000000e+00  -8.33333334e-03   1.00000000e+00   3.59110863e-02   4.91285397e-04  -3.43840270e+01   3.07268052e+01
 3.59000000e+00  -8.33333334e-03   1.00000000e+00   3.59285695e-02   4.91384720e-04  -3.43814289e+01   3.07252868e+01
 3.60000000e+00  -8.33333334e-03   1.00000000e+00   3.59488548e-02   4.91513841e-04  -3.43786655e+01   3.07238248e+01
 3.61000000e+00  -8.33333334e-03   1.00000000e+00   3.59718070e-02   4.91677618e-04  -3.43757575e+01   3.07224845e+01
 3.62000000e+00  -8.33333334e-03   1.00000000e+00   3.59973599e-02   4.91872346e-04  -3.43727151e+01   3.07212282e+01
 3.63000000e+00  -8.33333334e-03   1.00000000e+00   3.60253138e-02   4.92099472e-04  -3.43695442e+01   3.07201143e+01
 3.64000000e+00  -8.33333334e-03   1.00000000e+00   3.60555102e-02   4.92356130e-04  -3.43662766e+01   3.07191102e+01
 3.65000000e+00  -8.33333334e-03   1.00000000e+00   3.60877836e-02   4.92639719e-04  -3.43629271e+01   3.07182365e+01
 3.66000000e+00  -8.33333334e-03   1.00000000e+00   3.61219714e-02   4.92947931e-04  -3.43595042e+01   3.07174840e+01
 3.67000000e+00  -8.33333334e-03   1.00000000e+00   3.61579068e-02   4.93278388e-04  -3.43560270e+01   3.07168505e+01
 3.68000000e+00  -8.33333334e-03   1.00000000e+00   3.61954286e-02   4.93629072e-04  -3.43525101e+01   3.07163377e+01
 3.69000000e+00  -8.33333334e-03   1.00000000e+00   3.62343833e-02   4.93998557e-04  -3.43489656e+01   3.07159437e+01
 3.70000000e+00  -8.33333334e-03   1.00000000e+00   3.62746053e-02   4.94384683e-04  -3.43454067e+01   3.07156705e+01
 3.71000000e+00  -8.33333334e-03   1.00000000e+00   3.63159352e-02   4.94785849e-04  -3.43418468e+01   3.07155096e+01
 3.72000000e+00  -8.33333334e-03   1.00000000e+00   3.63582163e-02   4.95200557e-04  -3.43382983e+01   3.07154622e+01
 3.73000000e+00  -8.33333334e-03   1.00000000e+00   3.64012933e-02   4.95627350e-04  -3.43347681e+01   3.07155224e+01
 3.74000000e+00  -8.33333334e-03   1.00000000e+00   3.64450052e-02   4.96064561e-04  -3.43312742e+01   3.07156962e+01
 3.75000000e+00  -8.33333334e-03   1.00000000e+00   3.64892025e-02   4.96510864e-04  -3.43278214e+01   3.07159695e+01
 3.76000000e+00  -8.33333334e-03   1.00000000e+00   3.65337348e-02   4.96964669e-04  -3.43243828e+01   3.07163033e+01
 3.77000000e+00  -8.33333334e-03   1.00000000e+00   3.65784740e-02   4.97424954e-04  -3.43210422e+01   3.07167821e+01
 3.78000000e+00  -8.33333334e-03   1.00000000e+00   3.66232606e-02   4.97889767e-04  -3.43177701e+01   3.07173613e+01
 3.79000000e+00  -8.33333334e-03   1.00000000e+00   3.66679438e-02   4.98357667e-04  -3.43145693e+01   3.07180326e+01
 3.80000000e+00  -8.33333334e-03   1.00000000e+00   3.67123764e-02   4.98827004e-04  -3.43114517e+01   3.07187877e+01
 3.81000000e+00  -8.33333334e-03   1.00000000e+00   3.67564154e-02   4.99296134e-04  -3.43084292e+01   3.07196254e+01
 3.82000000e+00  -8.33333334e-03   1.00000000e+00   3.67999224e-02   4.99763463e-04  -3.43054570e+01   3.07204849e+01
 3.83000000e+00  -8.33333334e-03   1.00000000e+00   3.68427712e-02   5.00227761e-04  -3.43026360e+01   3.07214692e+01
 3.84000000e+00  -8.33333334e-03   1.00000000e+00   3.68848304e-02   5.00687327e-04  -3.42999274e+01   3.07225244e+01
 3.85000000e+00  -8.33333334e-03   1.00000000e+00   3.69259756e-02   5.01140493e-04  -3.42973304e+01   3.07236339e+01
 3.86000000e+00  -8.33333334e-03   1.00000000e+00   3.69660906e-02   5.01585788e-04  -3.42948139e+01   3.07247449e+01
 3.87000000e+00  -8.33333334e-03   1.00000000e+00   3.70050669e-02   5.02021853e-04  -3.42924677e+01   3.07259537e+01
 3.88000000e+00  -8.33333334e-03   1.00000000e+00   3.70428023e-02   5.02447521e-04  -3.42902521e+01   3.07272074e+01
 3.89000000e+00  -8.33333334e-03   1.00000000e+00   3.70792014e-02   5.02861642e-04  -3.42881366e+01   3.07284547e+01
 3.90000000e+00  -8.33333334e-03   1.00000000e+00   3.71141753e-02   5.03263135e-04  -3.42861882e+01   3.07297665e+01
 3.91000000e+00  -8.33333334e-03   1.00000000e+00   3.71476413e-02   5.03651035e-04  -3.42843768e+01   3.07311059e+01
 3.92000000e+00  -8.33333334e-03   1.00000000e+00   3.71795182e-02   5.04024230e-04  -3.42826911e+01   3.07324423e+01
 3.93000000e+00  -8.33333334e-03   1.00000000e+00   3.72097400e-02   5.04381989e-04  -3.42811547e+01   3.07338017e+01
 3.94000000e+00  -8.33333334e-03   1.00000000e+00   3.72382450e-02   5.04723481e-04  -3.42797584e+01   3.07351708e+01
 3.95000000e+00  -8.33333334e-03   1.00000000e+00   3.72649854e-02   5.05048383e-04  -3.42785136e+01   3.07365461e+01
 3.96000000e+00  -8.33333334e-03   1.00000000e+00   3.72899061e-02   5.05355574e-04  -3.42773873e+01   3.07379010e+01
 3.97000000e+00  -8.33333334e-03   1.00000000e+00   3.73129625e-02   5.05644351e-04  -3.42763994e+01   3.07392472e+01
 3.98000000e+00  -8.33333334e-03   1.00000000e+00   3.73341215e-02   5.05914291e-04  -3.42755805e+01   3.07405996e+01
 3.99000000e+00  -8.33333334e-03   1.00000000e+00   3.73533557e-02   5.06165102e-04  -3.42748555e+01   3.07418918e+01
 4.00000000e+00  -8.33333334e-03   1.00000000e+00   3.73706416e-02   5.06396086e-04  -3.42743090e+01   3.07431999e+01
 4.01000000e+00  -8.33333334e-03   1.00000000e+00   3.73859642e-02   5.06606928e-04  -3.42738366e+01   3.07444196e+01
 4.02000000e+00  -8.33333334e-03   1.00000000e+00   3.73993129e-02   5.06797221e-04  -3.42735374e+01   3.07456431e+01
 4.03000000e+00  -8.33333334e-03   1.00000000e+00   3.74106744e-02   5.06966314e-04  -3.42733042e+01   3.07467679e+01
 4.04000000e+00  -8.33333334e-03   1.00000000e+00   3.74199979e-02   5.07114208e-04  -3.42731945e+01   3.07478550e+01
 4.05000000e+00  -8.33333334e-03   1.00000000e+00   3.74272973e-02   5.07238040e-04  -3.42732109e+01   3.07488783e+01
 4.06000000e+00  -8.33333334e-03   1.00000000e+00   3.74326312e-02   5.07339758e-04  -3.42733488e+01   3.07498571e+01
 4.07000000e+00  -8.33333334e-03   1.00000000e+00   3.74359450e-02   5.07420440e-04  -3.42735929e+01   3.07507609e+01
 4.08000000e+00  -8.33333334e-03   1.00000000e+00   3.74372864e-02   5.07474261e-04  -3.42739531e+01   3.07515845e+01
 4.09000000e+00  -8.33333334e-03   1.00000000e+00   3.74366447e-02   5.07496155e-04  -3.42744346e+01   3.07523264e+01
 4.10000000e+00  -8.33333334e-03   1.00000000e+00   3.74343965e-02   5.07503835e-04  -3.42750301e+01   3.07528761e+01
 4.11000000e+00  -8.33333334e-03   1.00000000e+00   3.74307745e-02   5.07501933e-04  -3.42757031e+01   3.07535939e+01
 4.12000000e+00  -8.33333334e-03   1.00000000e+00   3.74258546e-02   5.07492582e-04  -3.42763231e+01   3.07541904e+01
 4.13000000e+00  -8.33333334e-03   1.00000000e+00   3.74195902e-02   5.07475315e-04  -3.42769541e+01   3.07547215e+01
 4.14000000e+00  -8.33333334e-03   1.00000000e+00   3.74119581e-02   5.07448314e-04  -3.42776413e+01   3.07551909e+01
 4.15000000e+00  -8.33333334e-03   1.00000000e+00   3.74028984e-02   5.07407554e-04  -3.42783913e+01   3.07556202e+01
 4.16000000e+00  -8.33333334e-03   1.00000000e+00   3.73923646e-02   5.07350743e-04  -3.42792193e+01   3.07559753e+01
 4.17000000e+00  -8.33333334e-03   1.00000000e+00   3.73803183e-02   5.07276997e-04  -3.42801313e+01   3.07562513e+01
 4.18000000e+00  -8.33333334e-03   1.00000000e+00   3.73668732e-02   5.07182470e-04  -3.42811693e+01   3.07565514e+01
 4.19000000e+00  -8.33333334e-03   1.00000000e+00   3.73520789e-02   5.07071162e-04  -3.42822342e+01   3.07567168e+01
 4.20000000e+00  -8.33333334e-03   1.00000000e+00   3.73360133e-02   5.06940909e-04  -3.42833298e+01   3.07567758e+01
 4.21000000e+00  -8.33333334e-03   1.00000000e+00   3.73187363e-02   5.06791688e-04  -3.42844748e+01   3.07567648e+01
 4.22000000e+00  -8.33333334e-03   1.00000000e+00   3.73002769e-02   5.06625488e-04  -3.42856962e+01   3.07567305e+01
 4.23000000e+00  -8.33333334e-03   1.00000000e+00   3.72807672e-02   5.06441968e-04  -3.42869348e+01   3.07565504e+01
 4.24000000e+00  -8.33333334e-03   1.00000000e+00   3.72603225e-02   5.06245124e-04  -3.42881979e+01   3.07562928e+01
 4.25000000e+00  -8.33333334e-03   1.00000000e+00   3.72390544e-02   5.06037088e-04  -3.42894789e+01   3.07559442e+01
 4.26000000e+00  -8.33333334e-03   1.00000000e+00   3.72170771e-02   5.05819608e-04  -3.42907677e+01   3.07555194e+01
 4.27000000e+00  -8.33333334e-03   1.00000000e+00   3.71944958e-02   5.05593913e-04  -3.42920578e+01   3.07550283e+01
 4.28000000e+00  -8.33333334e-03   1.00000000e+00   3.71714134e-02   5.05361633e-04  -3.42933404e+01   3.07544704e+01
 4.29000000e+00  -8.33333334e-03   1.00000000e+00   3.71479192e-02   5.05123864e-04  -3.42946102e+01   3.07538513e+01
 4.30000000e+00  -8.33333334e-03   1.00000000e+00   3.71240957e-02   5.04881518e-04  -3.42958554e+01   3.07531775e+01
 4.31000000e+00  -8.33333334e-03   1.00000000e+00   3.71000148e-02   5.04635023e-04  -3.42970778e+01   3.07524486e+01
 4.32000000e+00  -8.33333334e-03   1.00000000e+00   3.70757544e-02   5.04385361e-04  -3.42982743e+01   3.07516673e+01
 4.33000000e+00  -8.33333334e-03   1.00000000e+00   3.70513865e-02   5.04133173e-04  -3.42994388e+01   3.07508406e+01
 4.34000000e+00  -8.33333334e-03   1.00000000e+00   3.70269809e-02   5.03879065e-04  -3.43005666e+01   3.07499651e+01
 4.35000000e+00  -8.33333334e-03   1.00000000e+00   3.70026011e-02   5.03623641e-04  -3.43016613e+01   3.07490493e+01
 4.36000000e+00  -8.33333334e-03   1.00000000e+00   3.69783182e-02   5.03367419e-04  -3.43027164e+01   3.07480922e+01
 4.37000000e+00  -8.33333334e-03   1.00000000e+00   3.69542039e-02   5.03110934e-04  -3.43037339e+01   3.07470912e+01
 4.38000000e+00  -8.33333334e-03   1.00000000e+00   3.69303308e-02   5.02854900e-04  -3.43047080e+01   3.07460564e+01
 4.39000000e+00  -8.33333334e-03   1.00000000e+00   3.69067705e-02   5.02600090e-04  -3.43056099e+01   3.07449356e+01
 4.40000000e+00  -8.33333334e-03   1.00000000e+00   3.68835902e-02   5.02347054e-04  -3.43065024e+01   3.07438507e+01
 4.41000000e+00  -8.33333334e-03   1.00000000e+00   3.68608597e-02   5.02096768e-04  -3.43073459e+01   3.07427319e+01
 4.42000000e+00  -8.33333334e-03   1.00000000e+00   3.68386459e-02   5.01850085e-04  -3.43081362e+01   3.07415928e+01
 4.43000000e+00  -8.33333334e-03   1.00000000e+00   3.68170114e-02   5.01607816e-04  -3.43088734e+01   3.07404341e+01
 4.44000000e+00  -8.33333334e-03   1.00000000e+00   3.67960145e-02   5.01370710e-04  -3.43095039e+01   3.07391842e+01
 4.45000000e+00  -8.33333334e-03   1.00000000e+00   3.67757102e-02   5.01139409e-04  -3.43101402e+01   3.07380124e+01
 4.46000000e+00  -8.33333334e-03   1.00000000e+00   3.67561490e-02   5.00914647e-04  -3.43107159e+01   3.07368344e+01
 4.47000000e+00  -8.33333334e-03   1.00000000e+00   3.67373777e-02   5.00696978e-04  -3.43112308e+01   3.07356496e+01
 4.48000000e+00  -8.33333334e-03   1.00000000e+00   3.67194395e-02   5.00486948e-04  -3.43116256e+01   3.07343812e+01
 4.49000000e+00  -8.33333334e-03   1.00000000e+00   3.67023767e-02   5.00285102e-04  -3.43120341e+01   3.07332168e+01
 4.50000000e+00  -8.33333334e-03   1.00000000e+00   3.66862227e-02   5.00091925e-04  -3.43123782e+01   3.07320586e+01
 4.51000000e+00  -8.33333334e-03   1.00000000e+00   3.66710085e-02   4.99907799e-04  -3.43126043e+01   3.07308299e+01
 4.52000000e+00  -8.33333334e-03   1.00000000e+00   3.66568118e-02   4.99732828e-04  -3.43128381e+01   3.07297080e+01
 4.53000000e+00  -8.33333334e-03   1.00000000e+00   3.66435868e-02   4.99570232e-04  -3.43129631e+01   3.07285524e+01
 4.54000000e+00  -8.33333334e-03   1.00000000e+00   3.66314120e-02   4.99416707e-04  -3.43130735e+01   3.07274576e+01
 4.55000000e+00  -8.33333334e-03   1.00000000e+00   3.66202961e-02   4.99274700e-04  -3.43131124e+01   3.07263942e+01
 4.56000000e+00  -8.33333334e-03   1.00000000e+00   3.66102967e-02   4.99144011e-04  -3.43131182e+01   3.07253867e+01
 4.57000000e+00  -8.33333334e-03   1.00000000e+00   3.66013607e-02   4.99026533e-04  -3.43130577e+01   3.07244142e+01
 4.58000000e+00  -8.33333334e-03   1.00000000e+00   3.65935423e-02   4.98918897e-04  -3.43129457e+01   3.07234618e+01
 4.59000000e+00  -8.33333334e-03   1.00000000e+00   3.65867768e-02   4.98823829e-04  -3.43127910e+01   3.07225765e+01
 4.60000000e+00  -8.33333334e-03   1.00000000e+00   3.65811270e-02   4.98740009e-04  -3.43125696e+01   3.07216931e+01
 4.61000000e+00  -8.33333334e-03   1.00000000e+00   3.65765879e-02   4.98669277e-04  -3.43123113e+01   3.07208640e+01
 4.62000000e+00  -8.33333334e-03   1.00000000e+00   3.65732110e-02   4.98612573e-04  -3.43119989e+01   3.07200849e+01
 4.63000000e+00  -8.33333334e-03   1.00000000e+00   3.65710900e-02   4.98574006e-04  -3.43116147e+01   3.07193768e+01
 4.64000000e+00  -8.33333334e-03   1.00000000e+00   3.65702551e-02   4.98553223e-04  -3.43111429e+01   3.07188118e+01
 4.65000000e+00  -8.33333334e-03   1.00000000e+00   3.65703325e-02   4.98540632e-04  -3.43105866e+01   3.07182347e+01
 4.66000000e+00  -8.33333334e-03   1.00000000e+00   3.65711722e-02   4.98533717e-04  -3.43100080e+01   3.07175868e+01
 4.67000000e+00  -8.33333334e-03   1.00000000e+00   3.65726765e-02   4.98530449e-04  -3.43094851e+01   3.07170199e+01
 4.68000000e+00  -8.33333334e-03   1.00000000e+00   3.65748021e-02   4.98530228e-04  -3.43089781e+01   3.07164619e+01
 4.69000000e+00  -8.33333334e-03   1.00000000e+00   3.65775561e-02   4.98532791e-04  -3.43085044e+01   3.07159771e+01
 4.70000000e+00  -8.33333334e-03   1.00000000e+00   3.65808945e-02   4.98538266e-04  -3.43080357e+01   3.07155266e+01
 4.71000000e+00  -8.33333334e-03   1.00000000e+00   3.65848175e-02   4.98546752e-04  -3.43075654e+01   3.07151062e+01
 4.72000000e+00  -8.33333334e-03   1.00000000e+00   3.65893382e-02   4.98559013e-04  -3.43071048e+01   3.07147331e+01
 4.73000000e+00  -8.33333334e-03   1.00000000e+00   3.65944581e-02   4.98576645e-04  -3.43066342e+01   3.07143959e+01
 4.74000000e+00  -8.33333334e-03   1.00000000e+00   3.66002685e-02   4.98600888e-04  -3.43061502e+01   3.07140920e+01
 4.75000000e+00  -8.33333334e-03   1.00000000e+00   3.66066713e-02   4.98630813e-04  -3.43056309e+01   3.07139129e+01
 4.76000000e+00  -8.33333334e-03   1.00000000e+00   3.66138056e-02   4.98672513e-04  -3.43050941e+01   3.07136477e+01
 4.77000000e+00  -8.33333334e-03   1.00000000e+00   3.66216008e-02   4.98723718e-04  -3.43045383e+01   3.07135500e+01
 4.78000000e+00  -8.33333334e-03   1.00000000e+00   3.66301374e-02   4.98788903e-04  -3.43039056e+01   3.07134271e+01
 4.79000000e+00  -8.33333334e-03   1.00000000e+00   3.66392963e-02   4.98865131e-04  -3.43032564e+01   3.07134203e+01
 4.80000000e+00  -8.33333334e-03   1.00000000e+00   3.66490688e-02   4.98951660e-04  -3.43025763e+01   3.07134061e+01
 4.81000000e+00  -8.33333334e-03   1.00000000e+00   3.66593885e-02   4.99047428e-04  -3.43018461e+01   3.07134221e+01
 4.82000000e+00  -8.33333334e-03   1.00000000e+00   3.66701306e-02   4.99152901e-04  -3.43011417e+01   3.07135258e+01
 4.83000000e+00  -8.33333334e-03   1.00000000e+00   3.66812612e-02   4.99264719e-04  -3.43004436e+01   3.07136735e+01
 4.84000000e+00  -8.33333334e-03   1.00000000e+00   3.66927035e-02   4.99381588e-04  -3.42997570e+01   3.07138918e+01
 4.85000000e+00  -8.33333334e-03   1.00000000e+00   3.67044403e-02   4.99502367e-04  -3.42990705e+01   3.07141370e+01
 4.86000000e+00  -8.33333334e-03   1.00000000e+00   3.67163424e-02   4.99627208e-04  -3.42983946e+01   3.07144298e+01
 4.87000000e+00  -8.33333334e-03   1.00000000e+00   3.67284353e-02   4.99752720e-04  -3.42977388e+01   3.07147363e+01
 4.88000000e+00  -8.33333334e-03   1.00000000e+00   3.67406393e-02   4.99880438e-04  -3.42971101e+01   3.07151145e+01
 4.89000000e+00  -8.33333334e-03   1.00000000e+00   3.67529154e-02   5.00009009e-04  -3.42964924e+01   3.07154921e+01
 4.90000000e+00  -8.33333334e-03   1.00000000e+00   3.67652260e-02   5.00137888e-04  -3.42959061e+01   3.07159098e+01
 4.91000000e+00  -8.33333334e-03   1.00000000e+00   3.67775398e-02   5.00267023e-04  -3.42953503e+01   3.07163546e+01
 4.92000000e+00  -8.33333334e-03   1.00000000e+00   3.67898282e-02   5.00396414e-04  -3.42948649e+01   3.07168857e+01
 4.93000000e+00  -8.33333334e-03   1.00000000e+00   3.68020589e-02   5.00525877e-04  -3.42943578e+01   3.07173803e+01
 4.94000000e+00  -8.33333334e-03   1.00000000e+00   3.68142004e-02   5.00655114e-04  -3.42938786e+01   3.07178932e+01
 4.95000000e+00  -8.33333334e-03   1.00000000e+00   3.68262212e-02   5.00783886e-04  -3.42934270e+01   3.07184286e+01
 4.96000000e+00  -8.33333334e-03   1.00000000e+00   3.68380901e-02   5.00911912e-04  -3.42930035e+01   3.07189849e+01
 4.97000000e+00  -8.33333334e-03   1.00000000e+00   3.68497801e-02   5.01039109e-04  -3.42926078e+01   3.07195584e+01
 4.98000000e+00  -8.33333334e-03   1.00000000e+00   3.68612105e-02   5.01164766e-04  -3.42922425e+01   3.07201518e+01
 4.99000000e+00  -8.33333334e-03   1.00000000e+00   3.68723842e-02   5.01287475e-04  -3.42919350e+01   3.07207741e+01
 5.00000000e+00  -8.33333334e-03   1.00000000e+00   3.68832727e-02   5.01408039e-04  -3.42916381e+01   3.07214071e+01