  Time  Coordinate0  Coordinate1  Displacement0  Displacement1  Force0  Force1
 1.00000000e-02   0.00000000e+00   1.00000000e+00   1.16204567e-05   1.67360813e-05  -3.27504653e-04   1.97200932e+01
 2.00000000e-02   0.00000000e+00   1.00000000e+00   5.76168844e-05   3.94596046e-05  -4.36010214e-04   2.31681123e+01
 3.00000000e-02   0.00000000e+00   1.00000000e+00   1.51167136e-04   6.35276458e-05  -7.82978819e-05   2.45598233e+01
 4.00000000e-02   0.00000000e+00   1.00000000e+00   2.91140407e-04   8.89917027e-05  -7.59504238e-04   2.53827780e+01
 5.00000000e-02   0.00000000e+00   1.00000000e+00   4.76984234e-04   1.11685468e-04  -3.00626272e-03   2.65072106e+01
 6.00000000e-02   0.00000000e+00   1.00000000e+00   7.06678520e-04   1.27485909e-04  -7.67159926e-03   2.79224022e+01
 7.00000000e-02   0.00000000e+00   1.00000000e+00   9.76004484e-04   1.29229580e-04  -1.85219229e-02   2.94008788e+01
 8.00000000e-02   0.00000000e+00   1.00000000e+00   1.29087639e-03   1.14839853e-04  -3.72250000e-02   3.08228095e+01
 9.00000000e-02   0.00000000e+00   1.00000000e+00   1.67816386e-03   9.18285249e-05  -5.97221747e-02   3.21723308e+01
 1.00000000e-01   0.00000000e+00   1.00000000e+00   2.18189394e-03   7.31998594e-05  -7.46432551e-02   3.34611195e+01
 1.10000000e-01   0.00000000e+00   1.00000000e+00   2.83753788e-03   6.68997329e-05  -7.09789947e-02   3.46971557e+01
 1.20000000e-01   0.00000000e+00   1.00000000e+00   3.65151064e-03   7.11414827e-05  -4.80260410e-02   3.58788956e+01
 1.30000000e-01   0.00000000e+00   1.00000000e+00   4.61368095e-03   8.40127810e-05  -1.04914149e-02   3.70028695e+01
 1.40000000e-01   0.00000000e+00   1.00000000e+00   5.72046144e-03   1.07750649e-04   4.14328935e-02   3.80669671e+01
 1.50000000e-01   0.00000000e+00   1.00000000e+00   6.97295566e-03   1.38003524e-04   1.10635762e-01   3.90747447e+01
 1.60000000e-01   0.00000000e+00   1.00000000e+00   8.36380195e-03   1.60524042e-04   1.95535882e-01   4.00302236e+01
 1.70000000e-01   0.00000000e+00   1.00000000e+00   9.88162812e-03   1.65686364e-04   2.92189417e-01   4.09324664e+01
 1.80000000e-01   0.00000000e+00   1.00000000e+00   1.15208838e-02   1.57177637e-04   4.00156514e-01   4.17804483e+01
 1.90000000e-01   0.00000000e+00   1.00000000e+00   1.32791375e-02   1.41386553e-04   5.19780999e-01   4.25763636e+01
 2.00000000e-01   0.00000000e+00   1.00000000e+00   1.51541512e-02   1.21035750e-04   6.50303106e-01   4.33235576e+01
 2.10000000e-01   0.00000000e+00   1.00000000e+00   1.71477524e-02   1.00598600e-04   7.93105011e-01   4.40242281e+01
 2.20000000e-01   0.00000000e+00   1.00000000e+00   1.92654190e-02   8.83895252e-05   9.51892894e-01   4.46809181e+01
 2.30000000e-01   0.00000000e+00   1.00000000e+00   2.15099024e-02   9.17451682e-05   1.13019578e+00   4.52977823e+01
 2.40000000e-01   0.00000000e+00   1.00000000e+00   2.38731080e-02   1.10780171e-04   1.32850724e+00   4.58805608e+01
 2.50000000e-01   0.00000000e+00   1.00000000e+00   2.63293948e-02   1.36274470e-04   1.53994815e+00   4.64351389e+01
 2.60000000e-01   0.00000000e+00   1.00000000e+00   2.88413169e-02   1.57701718e-04   1.75098885e+00   4.69639453e+01
 2.70000000e-01   0.00000000e+00   1.00000000e+00   3.13793833e-02   1.71812483e-04   1.95074718e+00   4.74662293e+01
 2.80000000e-01   0.00000000e+00   1.00000000e+00   3.39363894e-02   1.77273695e-04   2.13834630e+00   4.79408483e+01
 2.90000000e-01   0.00000000e+00   1.00000000e+00   3.65217995e-02   1.69001585e-04   2.31985520e+00   4.83861058e+01
 3.00000000e-01   0.00000000e+00   1.00000000e+00   3.91452991e-02   1.46665490e-04   2.49959135e+00   4.87986548e+01
 3.10000000e-01   0.00000000e+00   1.00000000e+00   4.18099194e-02   1.20447783e-04   2.67675169e+00   4.91765482e+01
 3.20000000e-01   0.00000000e+00   1.00000000e+00   4.45203380e-02   1.02151052e-04   2.85131220e+00   4.95210242e+01
 3.30000000e-01   0.00000000e+00   1.00000000e+00   4.72893684e-02   9.63644054e-05   3.02864293e+00   4.98341125e+01
 3.40000000e-01   0.00000000e+00   1.00000000e+00   5.01300032e-02   1.02030359e-04   3.21480636e+00   5.01169440e+01
 3.50000000e-01   0.00000000e+00   1.00000000e+00   5.30457837e-02   1.17381468e-04   3.41069311e+00   5.03704529e+01
 3.60000000e-01   0.00000000e+00   1.00000000e+00   5.60326647e-02   1.40112448e-04   3.61417754e+00   5.05963010e+01
 3.70000000e-01   0.00000000e+00   1.00000000e+00   5.90841887e-02   1.63673654e-04   3.82341564e+00   5.07960083e+01
 3.80000000e-01   0.00000000e+00   1.00000000e+00   6.21910783e-02   1.77600199e-04   4.03501690e+00   5.09695549e+01
 3.90000000e-01   0.00000000e+00   1.00000000e+00   6.53433539e-02   1.75132874e-04   4.24345206e+00   5.11149408e+01
 4.00000000e-01   0.00000000e+00   1.00000000e+00   6.85410364e-02   1.59020772e-04   4.44711854e+00   5.12294508e+01
 4.10000000e-01   0.00000000e+00   1.00000000e+00   7.18011298e-02   1.37082211e-04   4.65344358e+00   5.13113712e+01
 4.20000000e-01   0.00000000e+00   1.00000000e+00   7.51483735e-02   1.14647658e-04   4.87447830e+00   5.13605216e+01
 4.30000000e-01   0.00000000e+00   1.00000000e+00   7.85974689e-02   9.57085322e-05   5.11757505e+00   5.13776771e+01
 4.40000000e-01   0.00000000e+00   1.00000000e+00   8.21438943e-02   8.72239093e-05   5.38136362e+00   5.13658993e+01
 4.50000000e-01   0.00000000e+00   1.00000000e+00   8.57689907e-02   9.46926805e-05   5.65914876e+00   5.13308762e+01
 4.60000000e-01   0.00000000e+00   1.00000000e+00   8.94515127e-02   1.14835540e-04   5.94478889e+00   5.12778697e+01
 4.70000000e-01   0.00000000e+00   1.00000000e+00   9.31740807e-02   1.37821837e-04   6.23551251e+00   5.12088707e+01
 4.80000000e-01   0.00000000e+00   1.00000000e+00   9.69193015e-02   1.55211503e-04   6.52907545e+00   5.11239976e+01
 4.90000000e-01   0.00000000e+00   1.00000000e+00   1.00663542e-01   1.63070340e-04   6.81936848e+00   5.10238650e+01
 5.00000000e-01   0.00000000e+00   1.00000000e+00   1.04380644e-01   1.59611640e-04   7.09799641e+00   5.09095048e+01
 5.10000000e-01   0.00000000e+00   1.00000000e+00   1.08052907e-01   1.43789329e-04   7.36048995e+00   5.07808224e+01
 5.20000000e-01   0.00000000e+00   1.00000000e+00   1.11675090e-01   1.18371201e-04   7.60814235e+00   5.06364976e+01
 5.30000000e-01   0.00000000e+00   1.00000000e+00   1.15248680e-01   9.24554308e-05   7.84444709e+00   5.04760533e+01
 5.40000000e-01   0.00000000e+00   1.00000000e+00   1.18776150e-01   7.65243630e-05   8.07299943e+00   5.03016098e+01
 5.50000000e-01   0.00000000e+00   1.00000000e+00   1.22257813e-01   7.46386850e-05   8.29735199e+00   5.01167025e+01
 5.60000000e-01   0.00000000e+00   1.00000000e+00   1.25686096e-01   8.43244142e-05   8.51821562e+00   4.99241761e+01
 5.70000000e-01   0.00000000e+00   1.00000000e+00   1.29040370e-01   1.02025687e-04   8.72988459e+00   4.97263564e+01
 5.80000000e-01   0.00000000e+00   1.00000000e+00   1.32292523e-01   1.23930141e-04   8.92237853e+00   4.95258025e+01
 5.90000000e-01   0.00000000e+00   1.00000000e+00   1.35422406e-01   1.42805537e-04   9.08903597e+00   4.93239126e+01
 6.00000000e-01   0.00000000e+00   1.00000000e+00   1.38428094e-01   1.49860981e-04   9.23118164e+00   4.91189907e+01
 6.10000000e-01   0.00000000e+00   1.00000000e+00   1.41320664e-01   1.41416996e-04   9.35490770e+00   4.89075120e+01
 6.20000000e-01   0.00000000e+00   1.00000000e+00   1.44111999e-01   1.21578954e-04   9.46492163e+00   4.86874570e+01
 6.30000000e-01   0.00000000e+00   1.00000000e+00   1.46810501e-01   9.79392974e-05   9.56325811e+00   4.84593901e+01
 6.40000000e-01   0.00000000e+00   1.00000000e+00   1.49426036e-01   7.67803523e-05   9.65272235e+00   4.82248417e+01
 6.50000000e-01   0.00000000e+00   1.00000000e+00   1.51973456e-01   6.29200350e-05   9.73905402e+00   4.79848371e+01
 6.60000000e-01   0.00000000e+00   1.00000000e+00   1.54468096e-01   6.11206184e-05   9.82907682e+00   4.77407169e+01
 6.70000000e-01   0.00000000e+00   1.00000000e+00   1.56916911e-01   7.35887684e-05   9.92682134e+00   4.74955424e+01
 6.80000000e-01   0.00000000e+00   1.00000000e+00   1.59313422e-01   9.58222329e-05   1.00309984e+01   4.72530062e+01
 6.90000000e-01   0.00000000e+00   1.00000000e+00   1.61640929e-01   1.18129171e-04   1.01361209e+01   4.70149936e+01
 7.00000000e-01   0.00000000e+00   1.00000000e+00   1.63880769e-01   1.32367544e-04   1.02361201e+01   4.67812855e+01
 7.10000000e-01   0.00000000e+00   1.00000000e+00   1.66019326e-01   1.35400140e-04   1.03271328e+01   4.65511474e+01
 7.20000000e-01   0.00000000e+00   1.00000000e+00   1.68051842e-01   1.26764648e-04   1.04086384e+01   4.63243578e+01
 7.30000000e-01   0.00000000e+00   1.00000000e+00   1.69983559e-01   1.07437689e-04   1.04840423e+01   4.61001584e+01
 7.40000000e-01   0.00000000e+00   1.00000000e+00   1.71825500e-01   8.22961932e-05   1.05595353e+01   4.58775689e+01
 7.50000000e-01   0.00000000e+00   1.00000000e+00   1.73583560e-01   6.04487860e-05   1.06398179e+01   4.56571740e+01
 7.60000000e-01   0.00000000e+00   1.00000000e+00   1.75249408e-01   5.02409666e-05   1.07239521e+01   4.54420052e+01
 7.70000000e-01   0.00000000e+00   1.00000000e+00   1.76803320e-01   5.41469615e-05   1.08065663e+01   4.52356720e+01
 7.80000000e-01   0.00000000e+00   1.00000000e+00   1.78225023e-01   6.90259853e-05   1.08830509e+01   4.50402944e+01
 7.90000000e-01   0.00000000e+00   1.00000000e+00   1.79498682e-01   8.98209235e-05   1.09515330e+01   4.48562653e+01
 8.00000000e-01   0.00000000e+00   1.00000000e+00   1.80608057e-01   1.11049049e-04   1.10097880e+01   4.46836231e+01
 8.10000000e-01   0.00000000e+00   1.00000000e+00   1.81532321e-01   1.25870750e-04   1.10524358e+01   4.45222122e+01
 8.20000000e-01   0.00000000e+00   1.00000000e+00   1.82251223e-01   1.27704362e-04   1.10728387e+01   4.43706023e+01
 8.30000000e-01   0.00000000e+00   1.00000000e+00   1.82755037e-01   1.15056989e-04   1.10676138e+01   4.42259952e+01
 8.40000000e-01   0.00000000e+00   1.00000000e+00   1.83049288e-01   9.32437430e-05   1.10389727e+01   4.40859698e+01
 8.50000000e-01   0.00000000e+00   1.00000000e+00   1.83150918e-01   7.04511251e-05   1.10183895e+01   4.40037581e+01
 8.60000000e-01   0.00000000e+00   1.00000000e+00   1.83079099e-01   5.28097543e-05   1.09265845e+01   4.37745434e+01
 8.70000000e-01   0.00000000e+00   1.00000000e+00   1.82847360e-01   4.50792494e-05   1.08730985e+01   4.36809110e+01
 8.80000000e-01   0.00000000e+00   1.00000000e+00   1.82460847e-01   5.03304466e-05   1.08085812e+01   4.35672504e+01
 8.90000000e-01   0.00000000e+00   1.00000000e+00   1.81915365e-01   6.79303184e-05   1.07352549e+01   4.34533141e+01
 9.00000000e-01   0.00000000e+00   1.00000000e+00   1.81202312e-01   9.18109696e-05   1.06504869e+01   4.33467190e+01
 9.10000000e-01   0.00000000e+00   1.00000000e+00   1.80317657e-01   1.12771985e-04   1.05514633e+01   4.32473595e+01
 9.20000000e-01   0.00000000e+00   1.00000000e+00   1.79267991e-01   1.23714640e-04   1.04388974e+01   4.31528016e+01
 9.30000000e-01   0.00000000e+00   1.00000000e+00   1.78068547e-01   1.22291663e-04   1.03167676e+01   4.30606804e+01
 9.40000000e-01   0.00000000e+00   1.00000000e+00   1.76735844e-01   1.09549938e-04   1.01889935e+01   4.29695520e+01
 9.50000000e-01   0.00000000e+00   1.00000000e+00   1.75283158e-01   8.86568000e-05   1.00573959e+01   4.28786883e+01
 9.60000000e-01   0.00000000e+00   1.00000000e+00   1.73723863e-01   6.56770288e-05   9.92374425e+00   4.27874426e+01
 9.70000000e-01   0.00000000e+00   1.00000000e+00   1.72075520e-01   4.90772844e-05   9.79273294e+00   4.26961682e+01
 9.80000000e-01   0.00000000e+00   1.00000000e+00   1.70355472e-01   4.54006681e-05   9.67057859e+00   4.26067810e+01
 9.90000000e-01   0.00000000e+00   1.00000000e+00   1.68570369e-01   5.52927610e-05   9.56003914e+00   4.25217733e+01
 1.00000000e+00   0.00000000e+00   1.00000000e+00   1.66710941e-01   7.43553697e-05   9.45780475e+00   4.24428804e+01
 1.01000000e+00   0.00000000e+00   1.00000000e+00   1.64757148e-01   9.65916182e-05   9.35680589e+00   4.23707757e+01
 1.02000000e+00   0.00000000e+00   1.00000000e+00   1.62687978e-01   1.15881505e-04   9.25003630e+00   4.23054561e+01
 1.03000000e+00   0.00000000e+00   1.00000000e+00   1.60489122e-01   1.26045520e-04   9.13294463e+00   4.22462407e+01
 1.04000000e+00   0.00000000e+00   1.00000000e+00   1.58156367e-01   1.22799780e-04   9.00420589e+00   4.21914674e+01
 1.05000000e+00   0.00000000e+00   1.00000000e+00   1.55694884e-01   1.06958125e-04   8.86549117e+00   4.21388747e+01
 1.06000000e+00   0.00000000e+00   1.00000000e+00   1.53114535e-01   8.47747835e-05   8.72015979e+00   4.20869210e+01
 1.07000000e+00   0.00000000e+00   1.00000000e+00   1.50422903e-01   6.43237957e-05   8.57082606e+00   4.20357238e+01
 1.08000000e+00   0.00000000e+00   1.00000000e+00   1.47620518e-01   5.17626945e-05   8.41734246e+00   4.19865572e+01
 1.09000000e+00   0.00000000e+00   1.00000000e+00   1.44702203e-01   5.05055608e-05   8.25729014e+00   4.19407780e+01
 1.10000000e+00   0.00000000e+00   1.00000000e+00   1.41662548e-01   6.15655549e-05   8.08848736e+00   4.18993909e+01
 1.11000000e+00   0.00000000e+00   1.00000000e+00   1.38498683e-01   8.24195748e-05   7.91021320e+00   4.18632112e+01
 1.12000000e+00   0.00000000e+00   1.00000000e+00   1.35207444e-01   1.06161189e-04   7.72135847e+00   4.18324439e+01
 1.13000000e+00   0.00000000e+00   1.00000000e+00   1.31782605e-01   1.24198454e-04   7.51836598e+00   4.18059475e+01
 1.14000000e+00   0.00000000e+00   1.00000000e+00   1.28219056e-01   1.30792435e-04   7.29663772e+00   4.17813827e+01
 1.15000000e+00   0.00000000e+00   1.00000000e+00   1.24522157e-01   1.24962624e-04   7.05473336e+00   4.17561118e+01
 1.16000000e+00   0.00000000e+00   1.00000000e+00   1.20713048e-01   1.09214563e-04   6.79694611e+00   4.17278135e+01
 1.17000000e+00   0.00000000e+00   1.00000000e+00   1.16823995e-01   8.82379661e-05   6.53150157e+00   4.16946708e+01
 1.18000000e+00   0.00000000e+00   1.00000000e+00   1.12887614e-01   6.87406511e-05   6.26646215e+00   4.16557499e+01
 1.19000000e+00   0.00000000e+00   1.00000000e+00   1.08928257e-01   5.80491893e-05   6.00686661e+00   4.16115115e+01
 1.20000000e+00   0.00000000e+00   1.00000000e+00   1.04959461e-01   6.06295809e-05   5.75435184e+00   4.15638880e+01
 1.21000000e+00   0.00000000e+00   1.00000000e+00   1.00985908e-01   7.54946017e-05   5.50794725e+00   4.15152165e+01
 1.22000000e+00   0.00000000e+00   1.00000000e+00   9.70076209e-02   9.72564827e-05   5.26525852e+00   4.14668894e+01
 1.23000000e+00   0.00000000e+00   1.00000000e+00   9.30252693e-02   1.19231454e-04   5.02426645e+00   4.14189727e+01
 1.24000000e+00   0.00000000e+00   1.00000000e+00   8.90440042e-02   1.35298232e-04   4.78487388e+00   4.13706119e+01
 1.25000000e+00   0.00000000e+00   1.00000000e+00   8.50728517e-02   1.40508190e-04   4.54853424e+00   4.13204240e+01
 1.26000000e+00   0.00000000e+00   1.00000000e+00   8.11211004e-02   1.32675424e-04   4.31646297e+00   4.12667150e+01
 1.27000000e+00   0.00000000e+00   1.00000000e+00   7.71969345e-02   1.14445818e-04   4.08907679e+00   4.12080336e+01
 1.28000000e+00   0.00000000e+00   1.00000000e+00   7.33100389e-02   9.28038662e-05   3.86759038e+00   4.11439549e+01
 1.29000000e+00   0.00000000e+00   1.00000000e+00   6.94733270e-02   7.55598004e-05   3.65533332e+00   4.10752974e+01
 1.30000000e+00   0.00000000e+00   1.00000000e+00   6.56986083e-02   6.81082259e-05   3.45628869e+00   4.10037759e+01
 1.31000000e+00   0.00000000e+00   1.00000000e+00   6.19880036e-02   7.26032559e-05   3.27150320e+00   4.09316595e+01
 1.32000000e+00   0.00000000e+00   1.00000000e+00   5.83290806e-02   8.81515138e-05   3.09682734e+00   4.08614766e+01
 1.33000000e+00   0.00000000e+00   1.00000000e+00   5.46993436e-02   1.10478651e-04   2.92450955e+00   4.07955299e+01
 1.34000000e+00   0.00000000e+00   1.00000000e+00   5.10769935e-02   1.32302523e-04   2.74720035e+00   4.07346718e+01
 1.35000000e+00   0.00000000e+00   1.00000000e+00   4.74497440e-02   1.46043028e-04   2.56090985e+00   4.06777018e+01
 1.36000000e+00   0.00000000e+00   1.00000000e+00   4.38170376e-02   1.47431820e-04   2.36531678e+00   4.06218940e+01
 1.37000000e+00   0.00000000e+00   1.00000000e+00   4.01872591e-02   1.36933714e-04   2.16252769e+00   4.05643820e+01
 1.38000000e+00   0.00000000e+00   1.00000000e+00   3.65733775e-02   1.18487736e-04   1.95566758e+00   4.05032278e+01
 1.39000000e+00   0.00000000e+00   1.00000000e+00   3.29888643e-02   9.78842057e-05   1.74764453e+00   4.04375208e+01
 1.40000000e+00   0.00000000e+00   1.00000000e+00   2.94449926e-02   8.18461870e-05   1.54032593e+00   4.03674430e+01
 1.41000000e+00   0.00000000e+00   1.00000000e+00   2.59505902e-02   7.63820602e-05   1.33462770e+00   4.02942946e+01
 1.42000000e+00   0.00000000e+00   1.00000000e+00   2.25134536e-02   8.40005323e-05   1.13135165e+00   4.02200142e+01
 1.43000000e+00   0.00000000e+00   1.00000000e+00   1.91405482e-02   1.02130615e-04   9.31365963e-01   4.01461962e+01
 1.44000000e+00   0.00000000e+00   1.00000000e+00   1.58358513e-02   1.24540708e-04   7.34477901e-01   4.00734174e+01
 1.45000000e+00   0.00000000e+00   1.00000000e+00   1.25993603e-02   1.44264875e-04   5.38515762e-01   4.00013418e+01
 1.46000000e+00   0.00000000e+00   1.00000000e+00   9.43153133e-03   1.55605464e-04   3.40751858e-01   3.99288233e+01
 1.47000000e+00   0.00000000e+00   1.00000000e+00   6.34141532e-03   1.55092290e-04   1.41205352e-01   3.98537881e+01
 1.48000000e+00   0.00000000e+00   1.00000000e+00   3.35100424e-03   1.42642866e-04  -5.53907393e-02   3.97734670e+01
 1.49000000e+00   0.00000000e+00   1.00000000e+00   4.90674621e-04   1.22468958e-04  -2.41189447e-01   3.96854215e+01
 1.50000000e+00   0.00000000e+00   1.00000000e+00  -2.21117733e-03   1.01904245e-04  -4.09063945e-01   3.95890570e+01
 1.51000000e+00   0.00000000e+00   1.00000000e+00  -4.73657515e-03   8.81694548e-05  -5.55459018e-01   3.94861483e+01
 1.52000000e+00   0.00000000e+00   1.00000000e+00  -7.07986995e-03   8.55455195e-05  -6.80593848e-01   3.93798741e+01
 1.53000000e+00   0.00000000e+00   1.00000000e+00  -9.24453306e-03   9.46356434e-05  -7.86941216e-01   3.92735222e+01
 1.54000000e+00   0.00000000e+00   1.00000000e+00  -1.12387516e-02   1.12798001e-04  -8.77694750e-01   3.91697275e+01
 1.55000000e+00   0.00000000e+00   1.00000000e+00  -1.30721419e-02   1.34541963e-04  -9.55904040e-01   3.90700557e+01
 1.56000000e+00   0.00000000e+00   1.00000000e+00  -1.47538302e-02   1.52617833e-04  -1.02410002e+00   3.89747603e+01
 1.57000000e+00   0.00000000e+00   1.00000000e+00  -1.62915977e-02   1.60671089e-04  -1.08423987e+00   3.88826673e+01
 1.58000000e+00   0.00000000e+00   1.00000000e+00  -1.76915103e-02   1.56103766e-04  -1.13785066e+00   3.87918532e+01
 1.59000000e+00   0.00000000e+00   1.00000000e+00  -1.89568988e-02   1.40884106e-04  -1.18584406e+00   3.87007093e+01
 1.60000000e+00   0.00000000e+00   1.00000000e+00  -2.00866039e-02   1.20150095e-04  -1.22771137e+00   3.86084497e+01
 1.61000000e+00   0.00000000e+00   1.00000000e+00  -2.10750407e-02   1.00347497e-04  -1.26110640e+00   3.85150390e+01
 1.62000000e+00   0.00000000e+00   1.00000000e+00  -2.19168957e-02   8.77704745e-05  -1.28330000e+00   3.84213433e+01
 1.63000000e+00   0.00000000e+00   1.00000000e+00  -2.26146969e-02   8.68291302e-05  -1.29405576e+00   3.83294847e+01
 1.64000000e+00   0.00000000e+00   1.00000000e+00  -2.31827387e-02   9.80525273e-05  -1.29728253e+00   3.82425129e+01
 1.65000000e+00   0.00000000e+00   1.00000000e+00  -2.36427863e-02   1.17446273e-04  -1.29952320e+00   3.81630087e+01
 1.66000000e+00   0.00000000e+00   1.00000000e+00  -2.40143081e-02   1.38222206e-04  -1.30646876e+00   3.80915920e+01
 1.67000000e+00   0.00000000e+00   1.00000000e+00  -2.43065883e-02   1.53632936e-04  -1.32039697e+00   3.80267248e+01
 1.68000000e+00   0.00000000e+00   1.00000000e+00  -2.45173125e-02   1.58950335e-04  -1.34014128e+00   3.79656761e+01
 1.69000000e+00   0.00000000e+00   1.00000000e+00  -2.46359873e-02   1.52396292e-04  -1.33759781e+00   3.78936365e+01
 1.70000000e+00   0.00000000e+00   1.00000000e+00  -2.46483702e-02   1.35570714e-04  -1.38468198e+00   3.78509800e+01
 1.71000000e+00   0.00000000e+00   1.00000000e+00  -2.45390339e-02   1.14195832e-04  -1.40201479e+00   3.77794925e+01
 1.72000000e+00   0.00000000e+00   1.00000000e+00  -2.42928291e-02   9.53408041e-05  -1.41216685e+00   3.77117798e+01
 1.73000000e+00   0.00000000e+00   1.00000000e+00  -2.38962107e-02   8.54989298e-05  -1.41201892e+00   3.76412793e+01
 1.74000000e+00   0.00000000e+00   1.00000000e+00  -2.33390900e-02   8.74322187e-05  -1.39946868e+00   3.75711713e+01
 1.75000000e+00   0.00000000e+00   1.00000000e+00  -2.26167479e-02   1.00198050e-04  -1.37365745e+00   3.75036326e+01
 1.76000000e+00   0.00000000e+00   1.00000000e+00  -2.17313663e-02   1.19663085e-04  -1.33562770e+00   3.74402759e+01
 1.77000000e+00   0.00000000e+00   1.00000000e+00  -2.06908240e-02   1.39542458e-04  -1.28823711e+00   3.73819140e+01
 1.78000000e+00   0.00000000e+00   1.00000000e+00  -1.95035008e-02   1.53014202e-04  -1.23458618e+00   3.73283629e+01
 1.79000000e+00   0.00000000e+00   1.00000000e+00  -1.81712440e-02   1.55164071e-04  -1.17554917e+00   3.72779045e+01
 1.80000000e+00   0.00000000e+00   1.00000000e+00  -1.66858358e-02   1.45172936e-04  -1.10835653e+00   3.72280071e+01
 1.81000000e+00   0.00000000e+00   1.00000000e+00  -1.50329131e-02   1.26479278e-04  -1.02793126e+00   3.71766427e+01
 1.82000000e+00   0.00000000e+00   1.00000000e+00  -1.32009596e-02   1.05075024e-04  -9.30042800e-01   3.71235049e+01
 1.83000000e+00   0.00000000e+00   1.00000000e+00  -1.11884824e-02   8.74700372e-05  -8.13619740e-01   3.70701700e+01
 1.84000000e+00   0.00000000e+00   1.00000000e+00  -9.00491179e-03   7.90839154e-05  -6.80652650e-01   3.70193413e+01
 1.85000000e+00   0.00000000e+00   1.00000000e+00  -6.66692159e-03   8.26560858e-05  -5.34586078e-01   3.69741773e+01
 1.86000000e+00   0.00000000e+00   1.00000000e+00  -4.19456974e-03   9.68945200e-05  -3.79129079e-01   3.69374373e+01
 1.87000000e+00   0.00000000e+00   1.00000000e+00  -1.60928561e-03   1.16635403e-04  -2.17964578e-01   3.69107567e+01
 1.88000000e+00   0.00000000e+00   1.00000000e+00   1.06731946e-03   1.34889876e-04  -5.48262470e-02   3.68942102e+01
 1.89000000e+00   0.00000000e+00   1.00000000e+00   3.81529439e-03   1.45496624e-04   1.06759902e-01   3.68865966e+01
 1.90000000e+00   0.00000000e+00   1.00000000e+00   6.61914243e-03   1.44958396e-04   2.64185523e-01   3.68858631e+01
 1.91000000e+00   0.00000000e+00   1.00000000e+00   9.47056563e-03   1.33177605e-04   4.16613727e-01   3.68899041e+01
 1.92000000e+00   0.00000000e+00   1.00000000e+00   1.23694787e-02   1.13554249e-04   5.65460774e-01   3.68968187e+01
 1.93000000e+00   0.00000000e+00   1.00000000e+00   1.53218037e-02   9.22870830e-05   7.13946556e-01   3.69055718e+01
 1.94000000e+00   0.00000000e+00   1.00000000e+00   1.83337859e-02   7.63999732e-05   8.65454115e-01   3.69163383e+01
 1.95000000e+00   0.00000000e+00   1.00000000e+00   2.14052440e-02   7.09838930e-05   1.02129503e+00   3.69308136e+01
 1.96000000e+00   0.00000000e+00   1.00000000e+00   2.45264644e-02   7.73621510e-05   1.17952234e+00   3.69512554e+01
 1.97000000e+00   0.00000000e+00   1.00000000e+00   2.76818069e-02   9.30541244e-05   1.33608281e+00   3.69795244e+01
 1.98000000e+00   0.00000000e+00   1.00000000e+00   3.08576973e-02   1.12843296e-04   1.48752393e+00   3.70160657e+01
 1.99000000e+00   0.00000000e+00   1.00000000e+00   3.40489488e-02   1.30190494e-04   1.63300467e+00   3.70597557e+01
 2.00000000e+00   0.00000000e+00   1.00000000e+00   3.72594793e-02   1.39084631e-04   1.77424946e+00   3.71082267e+01
 2.01000000e+00   0.00000000e+00   1.00000000e+00   4.04988498e-02   1.36202592e-04   1.91416439e+00   3.71587146e+01
 2.02000000e+00   0.00000000e+00   1.00000000e+00   4.37787698e-02   1.22341300e-04   2.05578221e+00   3.72088611e+01
 2.03000000e+00   0.00000000e+00   1.00000000e+00   4.71116276e-02   1.02083137e-04   2.20222713e+00   3.72573792e+01
 2.04000000e+00   0.00000000e+00   1.00000000e+00   5.05096818e-02   8.19227270e-05   2.35694698e+00   3.73043099e+01
 2.05000000e+00   0.00000000e+00   1.00000000e+00   5.39828846e-02   6.80852101e-05   2.52329949e+00   3.73508541e+01
 2.06000000e+00   0.00000000e+00   1.00000000e+00   5.75353270e-02   6.48200107e-05   2.70348107e+00   3.73990565e+01
 2.07000000e+00   0.00000000e+00   1.00000000e+00   6.11621707e-02   7.31367338e-05   2.89746361e+00   3.74512724e+01
 2.08000000e+00   0.00000000e+00   1.00000000e+00   6.48491449e-02   9.01668333e-05   3.10265574e+00   3.75096493e+01
 2.09000000e+00   0.00000000e+00   1.00000000e+00   6.85756663e-02   1.09883864e-04   3.31458402e+00   3.75753696e+01
 2.10000000e+00   0.00000000e+00   1.00000000e+00   7.23210961e-02   1.25387876e-04   3.52870542e+00   3.76481716e+01
 2.11000000e+00   0.00000000e+00   1.00000000e+00   7.60712731e-02   1.31423210e-04   3.74253427e+00   3.77266193e+01
 2.12000000e+00   0.00000000e+00   1.00000000e+00   7.98212413e-02   1.25949183e-04   3.95665153e+00   3.78086375e+01
 2.13000000e+00   0.00000000e+00   1.00000000e+00   8.35719497e-02   1.10500051e-04   4.17366755e+00   3.78925253e+01
 2.14000000e+00   0.00000000e+00   1.00000000e+00   8.73232642e-02   8.97564256e-05   4.39585629e+00   3.79776394e+01
 2.15000000e+00   0.00000000e+00   1.00000000e+00   9.10684852e-02   7.03097178e-05   4.62337832e+00   3.80647059e+01
 2.16000000e+00   0.00000000e+00   1.00000000e+00   9.47937425e-02   5.85020642e-05   4.85430255e+00   3.81556082e+01
 2.17000000e+00   0.00000000e+00   1.00000000e+00   9.84810362e-02   5.80572926e-05   5.08580250e+00   3.82525481e+01
 2.18000000e+00   0.00000000e+00   1.00000000e+00   1.02111154e-01   6.87654148e-05   5.31501431e+00   3.83573181e+01
 2.19000000e+00   0.00000000e+00   1.00000000e+00   1.05664614e-01   8.68030508e-05   5.53887475e+00   3.84707730e+01
 2.20000000e+00   0.00000000e+00   1.00000000e+00   1.09122197e-01   1.06157687e-04   5.75374060e+00   3.85925154e+01
 2.21000000e+00   0.00000000e+00   1.00000000e+00   1.12467299e-01   1.20408310e-04   5.95590835e+00   3.87211221e+01
 2.22000000e+00   0.00000000e+00   1.00000000e+00   1.15689966e-01   1.24635276e-04   6.14294550e+00   3.88543360e+01
 2.23000000e+00   0.00000000e+00   1.00000000e+00   1.18790167e-01   1.17173394e-04   6.31497378e+00   3.89894243e+01
 2.24000000e+00   0.00000000e+00   1.00000000e+00   1.21777838e-01   1.00412264e-04   6.47503759e+00   3.91240898e+01
 2.25000000e+00   0.00000000e+00   1.00000000e+00   1.24668902e-01   7.99265625e-05   6.62810049e+00   3.92569438e+01
 2.26000000e+00   0.00000000e+00   1.00000000e+00   1.27478612e-01   6.23803314e-05   6.77906581e+00   3.93879563e+01
 2.27000000e+00   0.00000000e+00   1.00000000e+00   1.30215298e-01   5.33349611e-05   6.93068470e+00   3.95182491e+01
 2.28000000e+00   0.00000000e+00   1.00000000e+00   1.32878067e-01   5.56506159e-05   7.08263307e+00   3.96494099e+01
 2.29000000e+00   0.00000000e+00   1.00000000e+00   1.35459821e-01   6.85864941e-05   7.23251498e+00   3.97828884e+01
 2.30000000e+00   0.00000000e+00   1.00000000e+00   1.37953404e-01   8.78446463e-05   7.37796079e+00   3.99192355e+01
 2.31000000e+00   0.00000000e+00   1.00000000e+00   1.40356389e-01   1.06878143e-04   7.51821105e+00   4.00577394e+01
 2.32000000e+00   0.00000000e+00   1.00000000e+00   1.42671708e-01   1.19233868e-04   7.65413762e+00   4.01965965e+01
 2.33000000e+00   0.00000000e+00   1.00000000e+00   1.44905273e-01   1.20837593e-04   7.78727501e+00   4.03336962e+01
 2.34000000e+00   0.00000000e+00   1.00000000e+00   1.47063877e-01   1.11193333e-04   7.91921387e+00   4.04673033e+01
 2.35000000e+00   0.00000000e+00   1.00000000e+00   1.49154820e-01   9.33643936e-05   8.05190469e+00   4.05964973e+01
 2.36000000e+00   0.00000000e+00   1.00000000e+00   1.51185597e-01   7.30346482e-05   8.18805329e+00   4.07213497e+01
 2.37000000e+00   0.00000000e+00   1.00000000e+00   1.53161463e-01   5.68421947e-05   8.33053765e+00   4.08430266e+01
 2.38000000e+00   0.00000000e+00   1.00000000e+00   1.55081169e-01   5.01691890e-05   8.48080137e+00   4.09635000e+01
 2.39000000e+00   0.00000000e+00   1.00000000e+00   1.56933643e-01   5.51591501e-05   8.63742738e+00   4.10851470e+01
 2.40000000e+00   0.00000000e+00   1.00000000e+00   1.58698390e-01   6.99773526e-05   8.79586971e+00   4.12099060e+01
 2.41000000e+00   0.00000000e+00   1.00000000e+00   1.60350126e-01   8.96195492e-05   8.94973787e+00   4.13386443e+01
 2.42000000e+00   0.00000000e+00   1.00000000e+00   1.61865708e-01   1.07657396e-04   9.09302104e+00   4.14709619e+01
 2.43000000e+00   0.00000000e+00   1.00000000e+00   1.63230020e-01   1.18199188e-04   9.22210195e+00   4.16053753e+01
 2.44000000e+00   0.00000000e+00   1.00000000e+00   1.64437893e-01   1.17692761e-04   9.33647276e+00   4.17397550e+01
 2.45000000e+00   0.00000000e+00   1.00000000e+00   1.65491258e-01   1.06209016e-04   9.43779829e+00   4.18721064e+01
 2.46000000e+00   0.00000000e+00   1.00000000e+00   1.66393734e-01   8.75673786e-05   9.52802627e+00   4.20012580e+01
 2.47000000e+00   0.00000000e+00   1.00000000e+00   1.67146428e-01   6.80170570e-05   9.60799398e+00   4.21272137e+01
 2.48000000e+00   0.00000000e+00   1.00000000e+00   1.67747168e-01   5.40100603e-05   9.67735260e+00   4.22509452e+01
 2.49000000e+00   0.00000000e+00   1.00000000e+00   1.68192057e-01   5.00897018e-05   9.73533147e+00   4.23738528e+01
 2.50000000e+00   0.00000000e+00   1.00000000e+00   1.68476652e-01   5.75637738e-05   9.78102803e+00   4.24970275e+01
 2.51000000e+00   0.00000000e+00   1.00000000e+00   1.68595793e-01   7.41129858e-05   9.81299696e+00   4.26210048e+01
 2.52000000e+00   0.00000000e+00   1.00000000e+00   1.68543773e-01   9.44088034e-05   9.82878142e+00   4.27453314e+01
 2.53000000e+00   0.00000000e+00   1.00000000e+00   1.68316840e-01   1.11667458e-04   9.84684490e+00   4.28238827e+01
 2.54000000e+00   0.00000000e+00   1.00000000e+00   1.67917576e-01   1.20301209e-04   9.83830836e+00   4.29236656e+01
 2.55000000e+00   0.00000000e+00   1.00000000e+00   1.67358297e-01   1.17588159e-04   9.81336027e+00   4.30360675e+01
 2.56000000e+00   0.00000000e+00   1.00000000e+00   1.66660523e-01   1.04613815e-04   9.77102478e+00   4.31463301e+01
 2.57000000e+00   0.00000000e+00   1.00000000e+00   1.65849653e-01   8.57086285e-05   9.71570834e+00   4.32491526e+01
 2.58000000e+00   0.00000000e+00   1.00000000e+00   1.64947984e-01   6.71169248e-05   9.65406181e+00   4.33430480e+01
 2.59000000e+00   0.00000000e+00   1.00000000e+00   1.63969870e-01   5.52073030e-05   9.58938138e+00   4.37625216e+01
 2.60000000e+00   0.00000000e+00   1.00000000e+00   1.62919135e-01   5.37553394e-05   9.47893080e+00   4.35854144e+01
 2.61000000e+00   0.00000000e+00   1.00000000e+00   1.61791625e-01   6.37727329e-05   9.41927707e+00   4.36313375e+01
 2.62000000e+00   0.00000000e+00   1.00000000e+00   1.60581083e-01   8.22678661e-05   9.36151780e+00   4.36902613e+01
 2.63000000e+00   0.00000000e+00   1.00000000e+00   1.59283206e-01   1.03007655e-04   9.30103427e+00   4.37498334e+01
 2.64000000e+00   0.00000000e+00   1.00000000e+00   1.57895845e-01   1.19279864e-04   9.23633867e+00   4.38071375e+01
 2.65000000e+00   0.00000000e+00   1.00000000e+00   1.56418868e-01   1.25855133e-04   9.16674179e+00   4.38604605e+01
 2.66000000e+00   0.00000000e+00   1.00000000e+00   1.54854053e-01   1.20755145e-04   9.09216686e+00   4.39082710e+01
 2.67000000e+00   0.00000000e+00   1.00000000e+00   1.53205394e-01   1.05742022e-04   9.01342116e+00   4.39492964e+01
 2.68000000e+00   0.00000000e+00   1.00000000e+00   1.51478498e-01   8.59152976e-05   8.93244428e+00   4.39832167e+01
 2.69000000e+00   0.00000000e+00   1.00000000e+00   1.49677597e-01   6.79405053e-05   8.85140544e+00   4.40110261e+01
 2.70000000e+00   0.00000000e+00   1.00000000e+00   1.47801490e-01   5.78055420e-05   8.77091401e+00   4.40345877e+01
 2.71000000e+00   0.00000000e+00   1.00000000e+00   1.45841029e-01   5.89774154e-05   8.68885692e+00   4.40561150e+01
 2.72000000e+00   0.00000000e+00   1.00000000e+00   1.43780069e-01   7.12686026e-05   8.60045398e+00   4.40775819e+01
 2.73000000e+00   0.00000000e+00   1.00000000e+00   1.41599710e-01   9.07828156e-05   8.49942363e+00   4.40999275e+01
 2.74000000e+00   0.00000000e+00   1.00000000e+00   1.39285131e-01   1.11392055e-04   8.38050875e+00   4.41229117e+01
 2.75000000e+00   0.00000000e+00   1.00000000e+00   1.36831061e-01   1.26610948e-04   8.24133324e+00   4.41446303e+01
 2.76000000e+00   0.00000000e+00   1.00000000e+00   1.34242681e-01   1.31709503e-04   8.08280786e+00   4.41625126e+01
 2.77000000e+00   0.00000000e+00   1.00000000e+00   1.31532445e-01   1.25111992e-04   7.90788246e+00   4.41740609e+01
 2.78000000e+00   0.00000000e+00   1.00000000e+00   1.28715943e-01   1.09169192e-04   7.72010489e+00   4.41773871e+01
 2.79000000e+00   0.00000000e+00   1.00000000e+00   1.25808775e-01   8.94870700e-05   7.52285565e+00   4.41719548e+01
 2.80000000e+00   0.00000000e+00   1.00000000e+00   1.22824918e-01   7.28370873e-05   7.31893622e+00   4.41583479e+01
 2.81000000e+00   0.00000000e+00   1.00000000e+00   1.19776172e-01   6.49003379e-05   7.11057242e+00   4.41379776e+01
 2.82000000e+00   0.00000000e+00   1.00000000e+00   1.16671664e-01   6.84990222e-05   6.89926867e+00   4.41124612e+01
 2.83000000e+00   0.00000000e+00   1.00000000e+00   1.13517084e-01   8.26562114e-05   6.68518972e+00   4.40830350e+01
 2.84000000e+00   0.00000000e+00   1.00000000e+00   1.10315332e-01   1.02976059e-04   6.46711234e+00   4.40501827e+01
 2.85000000e+00   0.00000000e+00   1.00000000e+00   1.07069597e-01   1.23096384e-04   6.24350396e+00   4.40132817e+01
 2.86000000e+00   0.00000000e+00   1.00000000e+00   1.03787562e-01   1.36624072e-04   6.01418969e+00   4.39707903e+01
 2.87000000e+00   0.00000000e+00   1.00000000e+00   1.00484215e-01   1.39292875e-04   5.78164537e+00   4.39205644e+01
 2.88000000e+00   0.00000000e+00   1.00000000e+00   9.71809591e-02   1.30546427e-04   5.55094309e+00   4.38606123e+01
 2.89000000e+00   0.00000000e+00   1.00000000e+00   9.39007722e-02   1.13570454e-04   5.32808722e+00   4.37899681e+01
 2.90000000e+00   0.00000000e+00   1.00000000e+00   9.06619518e-02   9.41156891e-05   5.11780654e+00   4.37091959e+01
 2.91000000e+00   0.00000000e+00   1.00000000e+00   8.74736443e-02   7.87828031e-05   4.92198861e+00   4.36203762e+01
 2.92000000e+00   0.00000000e+00   1.00000000e+00   8.43350868e-02   7.29349215e-05   4.73943317e+00   4.35264672e+01
 2.93000000e+00   0.00000000e+00   1.00000000e+00   8.12384330e-02   7.87703613e-05   4.56696513e+00   4.34305419e+01
 2.94000000e+00   0.00000000e+00   1.00000000e+00   7.81728783e-02   9.45102438e-05   4.40089366e+00   4.33349277e+01
 2.95000000e+00   0.00000000e+00   1.00000000e+00   7.51275857e-02   1.15070984e-04   4.23775160e+00   4.32404874e+01
 2.96000000e+00   0.00000000e+00   1.00000000e+00   7.20932502e-02   1.33846401e-04   4.07451664e+00   4.31468698e+01
 2.97000000e+00   0.00000000e+00   1.00000000e+00   6.90633632e-02   1.44867065e-04   3.90882617e+00   4.30527532e+01
 2.98000000e+00   0.00000000e+00   1.00000000e+00   6.60356730e-02   1.44697145e-04   3.73952577e+00   4.29563912e+01
 2.99000000e+00   0.00000000e+00   1.00000000e+00   6.30130321e-02   1.33505676e-04   3.56715698e+00   4.28562054e+01
 3.00000000e+00   0.00000000e+00   1.00000000e+00   6.00024082e-02   1.15100240e-04   3.39378400e+00   4.27512396e+01
 3.01000000e+00   0.00000000e+00   1.00000000e+00   5.70116049e-02   9.58066983e-05   3.22194812e+00   4.26417791e+01
 3.02000000e+00   0.00000000e+00   1.00000000e+00   5.40448586e-02   8.23001804e-05   3.05300383e+00   4.25292839e+01
 3.03000000e+00   0.00000000e+00   1.00000000e+00   5.10998479e-02   7.92066535e-05   2.88582639e+00   4.24159917e+01
 3.04000000e+00   0.00000000e+00   1.00000000e+00   4.81685572e-02   8.76074330e-05   2.71700291e+00   4.23041273e+01
 3.05000000e+00   0.00000000e+00   1.00000000e+00   4.52418652e-02   1.04856232e-04   2.54243532e+00   4.21948694e+01
 3.06000000e+00   0.00000000e+00   1.00000000e+00   4.23152295e-02   1.25467212e-04   2.35934704e+00   4.20879958e+01
 3.07000000e+00   0.00000000e+00   1.00000000e+00   3.93925225e-02   1.42829834e-04   2.16758030e+00   4.19818415e+01
 3.08000000e+00   0.00000000e+00   1.00000000e+00   3.64863645e-02   1.51392891e-04   1.96958123e+00   4.18737234e+01
 3.09000000e+00   0.00000000e+00   1.00000000e+00   3.36155300e-02   1.48582327e-04   1.76945060e+00   4.17608080e+01
 3.10000000e+00   0.00000000e+00   1.00000000e+00   3.08014804e-02   1.35619795e-04   1.57184964e+00   4.16411509e+01
 3.11000000e+00   0.00000000e+00   1.00000000e+00   2.80653426e-02   1.16986282e-04   1.38112188e+00   4.15140682e+01
 3.12000000e+00   0.00000000e+00   1.00000000e+00   2.54260369e-02   9.89617069e-05   1.20105238e+00   4.13802674e+01
 3.13000000e+00   0.00000000e+00   1.00000000e+00   2.28986254e-02   8.75786263e-05   1.03454506e+00   4.12415361e+01
 3.14000000e+00   0.00000000e+00   1.00000000e+00   2.04924517e-02   8.67214489e-05   8.82970512e-01   4.11003527e+01
 3.15000000e+00   0.00000000e+00   1.00000000e+00   1.82100881e-02   9.68139676e-05   7.45687132e-01   4.09592004e+01
 3.16000000e+00   0.00000000e+00   1.00000000e+00   1.60485522e-02   1.14577915e-04   6.20318365e-01   4.08198903e+01
 3.17000000e+00   0.00000000e+00   1.00000000e+00   1.40030454e-02   1.34138091e-04   5.03999648e-01   4.06830504e+01
 3.18000000e+00   0.00000000e+00   1.00000000e+00   1.20716550e-02   1.49057322e-04   3.95044678e-01   4.05479065e+01
 3.19000000e+00   0.00000000e+00   1.00000000e+00   1.02582846e-02   1.54483793e-04   2.93994254e-01   4.04128457e+01
 3.20000000e+00   0.00000000e+00   1.00000000e+00   8.57200967e-03   1.48681754e-04   2.03415087e-01   4.02760099e+01
 3.21000000e+00   0.00000000e+00   1.00000000e+00   7.02300583e-03   1.33552482e-04   1.26476187e-01   4.01363810e+01
 3.22000000e+00   0.00000000e+00   1.00000000e+00   5.61733076e-03   1.14061359e-04   6.51274277e-02   3.99942428e+01
 3.23000000e+00   0.00000000e+00   1.00000000e+00   4.35351712e-03   9.66487713e-05   1.90290953e-02   3.98512828e+01
 3.24000000e+00   0.00000000e+00   1.00000000e+00   3.22246817e-03   8.70707691e-05  -1.43211469e-02   3.97103826e+01
 3.25000000e+00   0.00000000e+00   1.00000000e+00   2.20981631e-03   8.84279745e-05  -3.87051090e-02   3.95744473e+01
 3.26000000e+00   0.00000000e+00   1.00000000e+00   1.29898045e-03   1.00175838e-04  -5.82545810e-02   3.94456259e+01
 3.27000000e+00   0.00000000e+00   1.00000000e+00   4.73755961e-04   1.18383764e-04  -7.68672839e-02   3.93249655e+01
 3.28000000e+00   0.00000000e+00   1.00000000e+00  -2.79587872e-04   1.37029689e-04  -9.78390981e-02   3.92120969e+01
 3.29000000e+00   0.00000000e+00   1.00000000e+00  -9.70240325e-04   1.49910517e-04  -1.23425198e-01   3.91054244e+01
 3.30000000e+00   0.00000000e+00   1.00000000e+00  -1.60085050e-03   1.52669852e-04  -1.54240888e-01   3.90026209e+01
 3.31000000e+00   0.00000000e+00   1.00000000e+00  -2.16655218e-03   1.44319540e-04  -1.88806668e-01   3.89012515e+01
 3.32000000e+00   0.00000000e+00   1.00000000e+00  -2.65645698e-03   1.27583730e-04  -2.23891467e-01   3.87994412e+01
 3.33000000e+00   0.00000000e+00   1.00000000e+00  -3.05778642e-03   1.07923514e-04  -2.55793318e-01   3.86965823e+01
 3.34000000e+00   0.00000000e+00   1.00000000e+00  -3.36100073e-03   9.16982078e-05  -2.82048787e-01   3.85934623e+01
 3.35000000e+00   0.00000000e+00   1.00000000e+00  -3.56279059e-03   8.41971686e-05  -3.02332739e-01   3.84919802e+01
 3.36000000e+00   0.00000000e+00   1.00000000e+00  -3.66551079e-03   8.78493774e-05  -3.18241639e-01   3.83942898e+01
 3.37000000e+00   0.00000000e+00   1.00000000e+00  -3.67345878e-03   1.01393974e-04  -3.31993698e-01   3.83019977e+01
 3.38000000e+00   0.00000000e+00   1.00000000e+00  -3.58834928e-03   1.20231272e-04  -3.44939308e-01   3.82154747e+01
 3.39000000e+00   0.00000000e+00   1.00000000e+00  -3.40635259e-03   1.38006394e-04  -3.56672191e-01   3.81336681e+01
 3.40000000e+00   0.00000000e+00   1.00000000e+00  -3.11790590e-03   1.48796865e-04  -3.65065126e-01   3.80545244e+01
 3.41000000e+00   0.00000000e+00   1.00000000e+00  -2.70962685e-03   1.49029433e-04  -3.66966591e-01   3.79757674e+01
 3.42000000e+00   0.00000000e+00   1.00000000e+00  -2.16698078e-03   1.38543844e-04  -3.59007487e-01   3.78956252e+01
 3.43000000e+00   0.00000000e+00   1.00000000e+00  -1.47646319e-03   1.20649646e-04  -3.37993849e-01   3.78134270e+01
 3.44000000e+00   0.00000000e+00   1.00000000e+00  -6.27659524e-04   1.01078295e-04  -3.01301503e-01   3.77297461e+01
 3.45000000e+00   0.00000000e+00   1.00000000e+00   3.84469748e-04   8.61623243e-05  -2.47403887e-01   3.76463871e+01
 3.46000000e+00   0.00000000e+00   1.00000000e+00   1.55738916e-03   8.06716637e-05  -1.76566371e-01   3.75660138e+01
 3.47000000e+00   0.00000000e+00   1.00000000e+00   2.88022821e-03   8.61970841e-05  -9.11978905e-02   3.74914181e+01
 3.48000000e+00   0.00000000e+00   1.00000000e+00   4.33573700e-03   1.00686175e-04   4.64832924e-03   3.74248383e+01
 3.49000000e+00   0.00000000e+00   1.00000000e+00   5.90480750e-03   1.19155022e-04   1.06567044e-01   3.73672784e+01
 3.50000000e+00   0.00000000e+00   1.00000000e+00   7.57162313e-03   1.35318879e-04   2.11347957e-01   3.73182735e+01
 3.51000000e+00   0.00000000e+00   1.00000000e+00   9.32684311e-03   1.43635473e-04   3.17921519e-01   3.72762311e+01
 3.52000000e+00   0.00000000e+00   1.00000000e+00   1.11671832e-02   1.41134628e-04   4.27107514e-01   3.72390675e+01
 3.53000000e+00   0.00000000e+00   1.00000000e+00   1.30920081e-02   1.28443275e-04   5.40445613e-01   3.72051636e+01
 3.54000000e+00   0.00000000e+00   1.00000000e+00   1.50992329e-02   1.09563004e-04   6.58904548e-01   3.71739502e+01
 3.55000000e+00   0.00000000e+00   1.00000000e+00   1.71826721e-02   9.04913387e-05   7.82155438e-01   3.71461936e+01
 3.56000000e+00   0.00000000e+00   1.00000000e+00   1.93316908e-02   7.72502988e-05   9.08601518e-01   3.71236143e+01
 3.57000000e+00   0.00000000e+00   1.00000000e+00   2.15326155e-02   7.39668741e-05   1.03586086e+00   3.71082954e+01
 3.58000000e+00   0.00000000e+00   1.00000000e+00   2.37707091e-02   8.15411243e-05   1.16125810e+00   3.71018211e+01
 3.59000000e+00   0.00000000e+00   1.00000000e+00   2.60320850e-02   9.73204476e-05   1.28219910e+00   3.71049682e+01
 3.60000000e+00   0.00000000e+00   1.00000000e+00   2.83056605e-02   1.15898848e-04   1.39648382e+00   3.71171941e+01
 3.61000000e+00   0.00000000e+00   1.00000000e+00   3.05855195e-02   1.30936760e-04   1.50288997e+00   3.71368010e+01
 3.62000000e+00   0.00000000e+00   1.00000000e+00   3.28731527e-02   1.37313780e-04   1.60192416e+00   3.71612111e+01
 3.63000000e+00   0.00000000e+00   1.00000000e+00   3.51780608e-02   1.32805916e-04   1.69622254e+00   3.71877346e+01
 3.64000000e+00   0.00000000e+00   1.00000000e+00   3.75154549e-02   1.18752474e-04   1.79004761e+00   3.72142789e+01
 3.65000000e+00   0.00000000e+00   1.00000000e+00   3.99014409e-02   9.95999678e-05   1.88793485e+00   3.72399042e+01
 3.66000000e+00   0.00000000e+00   1.00000000e+00   4.23478233e-02   8.14990204e-05   1.99317795e+00   3.72651040e+01
 3.67000000e+00   0.00000000e+00   1.00000000e+00   4.48590174e-02   7.02727693e-05   2.10694135e+00   3.72915361e+01
 3.68000000e+00   0.00000000e+00   1.00000000e+00   4.74323790e-02   6.94453428e-05   2.22843681e+00   3.73214032e+01
 3.69000000e+00   0.00000000e+00   1.00000000e+00   5.00613109e-02   7.90757298e-05   2.35592923e+00   3.73565030e+01
 3.70000000e+00   0.00000000e+00   1.00000000e+00   5.27391485e-02   9.58192875e-05   2.48793036e+00   3.73976784e+01
 3.71000000e+00   0.00000000e+00   1.00000000e+00   5.54617730e-02   1.14037035e-04   2.62387233e+00   3.74444360e+01
 3.72000000e+00   0.00000000e+00   1.00000000e+00   5.82281656e-02   1.27575167e-04   2.76414088e+00   3.74954516e+01
 3.73000000e+00   0.00000000e+00   1.00000000e+00   6.10395604e-02   1.31766206e-04   2.90975147e+00   3.75489135e+01
 3.74000000e+00   0.00000000e+00   1.00000000e+00   6.38982038e-02   1.25022043e-04   3.06210661e+00   3.76032827e+01
 3.75000000e+00   0.00000000e+00   1.00000000e+00   6.68059357e-02   1.09391738e-04   3.22277014e+00   3.76578475e+01
 3.76000000e+00   0.00000000e+00   1.00000000e+00   6.97622752e-02   8.98756961e-05   3.39308118e+00   3.77129152e+01
 3.77000000e+00   0.00000000e+00   1.00000000e+00   7.27619682e-02   7.27271469e-05   3.57349987e+00   3.77700031e+01
 3.78000000e+00   0.00000000e+00   1.00000000e+00   7.57928082e-02   6.33747848e-05   3.76280816e+00   3.78313676e+01
 3.79000000e+00   0.00000000e+00   1.00000000e+00   7.88352178e-02   6.46827918e-05   3.95772965e+00   3.78993786e+01
 3.80000000e+00   0.00000000e+00   1.00000000e+00   8.18647439e-02   7.60572554e-05   4.15345757e+00   3.79758216e+01
 3.81000000e+00   0.00000000e+00   1.00000000e+00   8.48569758e-02   9.36049405e-05   4.34499635e+00   3.80612693e+01
 3.82000000e+00   0.00000000e+00   1.00000000e+00   8.77927301e-02   1.11372509e-04   4.52867639e+00   3.81550003e+01
 3.83000000e+00   0.00000000e+00   1.00000000e+00   9.06610085e-02   1.23342411e-04   4.70298429e+00   3.82550295e+01
 3.84000000e+00   0.00000000e+00   1.00000000e+00   9.34586011e-02   1.25463673e-04   4.86842193e+00   3.83589148e+01
 3.85000000e+00   0.00000000e+00   1.00000000e+00   9.61871091e-02   1.16945398e-04   5.02659731e+00   3.84644881e+01
 3.86000000e+00   0.00000000e+00   1.00000000e+00   9.88492937e-02   1.00453088e-04   5.17919306e+00   3.85705924e+01
 3.87000000e+00   0.00000000e+00   1.00000000e+00   1.01446479e-01   8.12596237e-05   5.32729607e+00   3.86771228e+01
 3.88000000e+00   0.00000000e+00   1.00000000e+00   1.03977609e-01   6.55624950e-05   5.47125567e+00   3.87849102e+01
 3.89000000e+00   0.00000000e+00   1.00000000e+00   1.06439456e-01   5.84369074e-05   5.61079628e+00   3.88952683e+01
 3.90000000e+00   0.00000000e+00   1.00000000e+00   1.08827254e-01   6.21275274e-05   5.74509513e+00   3.90093966e+01
 3.91000000e+00   0.00000000e+00   1.00000000e+00   1.11135740e-01   7.53186356e-05   5.87287085e+00   3.91278280e+01
 3.92000000e+00   0.00000000e+00   1.00000000e+00   1.13360980e-01   9.36027861e-05   5.99274455e+00   3.92500288e+01
 3.93000000e+00   0.00000000e+00   1.00000000e+00   1.15502987e-01   1.10930137e-04   6.10407295e+00   3.93745503e+01
 3.94000000e+00   0.00000000e+00   1.00000000e+00   1.17567978e-01   1.21545844e-04   6.20781968e+00   3.94991050e+01
 3.95000000e+00   0.00000000e+00   1.00000000e+00   1.19568676e-01   1.21868765e-04   6.30696213e+00   3.96212967e+01
 3.96000000e+00   0.00000000e+00   1.00000000e+00   1.21521711e-01   1.11719563e-04   6.40593302e+00   3.97392782e+01
 3.97000000e+00   0.00000000e+00   1.00000000e+00   1.23442840e-01   9.44155387e-05   6.50925930e+00   3.98523313e+01
 3.98000000e+00   0.00000000e+00   1.00000000e+00   1.25342023e-01   7.56372163e-05   6.62004083e+00   3.99610912e+01
 3.99000000e+00   0.00000000e+00   1.00000000e+00   1.27220691e-01   6.15035264e-05   6.73908302e+00   4.00673626e+01
 4.00000000e+00   0.00000000e+00   1.00000000e+00   1.29072269e-01   5.65725059e-05   6.86503785e+00   4.01733912e+01
 4.01000000e+00   0.00000000e+00   1.00000000e+00   1.30885111e-01   6.24042829e-05   6.99530270e+00   4.02811528e+01
 4.02000000e+00   0.00000000e+00   1.00000000e+00   1.32646024e-01   7.70602312e-05   7.12701258e+00   4.03917817e+01
 4.03000000e+00   0.00000000e+00   1.00000000e+00   1.34342910e-01   9.56915055e-05   7.25767472e+00   4.05052994e+01
 4.04000000e+00   0.00000000e+00   1.00000000e+00   1.35966147e-01   1.12110989e-04   7.38543015e+00   4.06207130e+01
 4.05000000e+00   0.00000000e+00   1.00000000e+00   1.37509062e-01   1.20855732e-04   7.50914975e+00   4.07363932e+01
 4.06000000e+00   0.00000000e+00   1.00000000e+00   1.38967795e-01   1.19008274e-04   7.62851790e+00   4.08507395e+01
 4.07000000e+00   0.00000000e+00   1.00000000e+00   1.40340521e-01   1.07148879e-04   7.74403107e+00   4.09627439e+01
 4.08000000e+00   0.00000000e+00   1.00000000e+00   1.41625612e-01   8.91275491e-05   7.85658503e+00   4.10723626e+01
 4.09000000e+00   0.00000000e+00   1.00000000e+00   1.42818862e-01   7.08181396e-05   7.96651099e+00   4.11804390e+01
 4.10000000e+00   0.00000000e+00   1.00000000e+00   1.43911117e-01   5.82635012e-05   8.07266703e+00   4.12886426e+01
 4.11000000e+00   0.00000000e+00   1.00000000e+00   1.44887981e-01   5.56331739e-05   8.17203234e+00   4.13988022e+01
 4.12000000e+00   0.00000000e+00   1.00000000e+00   1.45732300e-01   6.37749571e-05   8.26024394e+00   4.15121962e+01
 4.13000000e+00   0.00000000e+00   1.00000000e+00   1.46428718e-01   7.99563056e-05   8.33297693e+00   4.16289905e+01
 4.14000000e+00   0.00000000e+00   1.00000000e+00   1.46968219e-01   9.88223195e-05   8.38742096e+00   4.17481304e+01
 4.15000000e+00   0.00000000e+00   1.00000000e+00   1.47350513e-01   1.14200049e-04   8.42307275e+00   4.18674003e+01
 4.16000000e+00   0.00000000e+00   1.00000000e+00   1.47583415e-01   1.21095394e-04   8.44161613e+00   4.19841684e+01
 4.17000000e+00   0.00000000e+00   1.00000000e+00   1.47680022e-01   1.17315368e-04   8.44610568e+00   4.20960519e+01
 4.18000000e+00   0.00000000e+00   1.00000000e+00   1.47655291e-01   1.04178983e-04   8.44000359e+00   4.22014553e+01
 4.19000000e+00   0.00000000e+00   1.00000000e+00   1.47523288e-01   8.60956149e-05   8.42651592e+00   4.22999479e+01
 4.20000000e+00   0.00000000e+00   1.00000000e+00   1.47295461e-01   6.90474557e-05   8.43688998e+00   4.23520205e+01
 4.21000000e+00   0.00000000e+00   1.00000000e+00   1.46979612e-01   5.87823819e-05   8.41835438e+00   4.24431756e+01
 4.22000000e+00   0.00000000e+00   1.00000000e+00   1.46579853e-01   5.88066857e-05   8.37537854e+00   4.26274189e+01
 4.23000000e+00   0.00000000e+00   1.00000000e+00   1.46096784e-01   6.89666443e-05   8.33654295e+00   4.26515037e+01
 4.24000000e+00   0.00000000e+00   1.00000000e+00   1.45529878e-01   8.64675332e-05   8.30419202e+00   4.27299765e+01
 4.25000000e+00   0.00000000e+00   1.00000000e+00   1.44880418e-01   1.05556055e-04   8.26614111e+00   4.28052031e+01
 4.26000000e+00   0.00000000e+00   1.00000000e+00   1.44154044e-01   1.19924861e-04   8.22304711e+00   4.28765012e+01
 4.27000000e+00   0.00000000e+00   1.00000000e+00   1.43361082e-01   1.24935474e-04   8.17712055e+00   4.29417309e+01
 4.28000000e+00   0.00000000e+00   1.00000000e+00   1.42514386e-01   1.19065121e-04   8.13179512e+00   4.29992584e+01
 4.29000000e+00   0.00000000e+00   1.00000000e+00   1.41625121e-01   1.04363654e-04   8.09052841e+00   4.30489100e+01
 4.30000000e+00   0.00000000e+00   1.00000000e+00   1.40698650e-01   8.57945006e-05   8.05514112e+00   4.30913230e+01
 4.31000000e+00   0.00000000e+00   1.00000000e+00   1.39732480e-01   6.96275512e-05   8.02524736e+00   4.31284495e+01
 4.32000000e+00   0.00000000e+00   1.00000000e+00   1.38716993e-01   6.12434680e-05   7.99842516e+00   4.31627476e+01
 4.33000000e+00   0.00000000e+00   1.00000000e+00   1.37638110e-01   6.34467041e-05   7.97100482e+00   4.31964626e+01
 4.34000000e+00   0.00000000e+00   1.00000000e+00   1.36480462e-01   7.56479435e-05   7.93895268e+00   4.32310888e+01
 4.35000000e+00   0.00000000e+00   1.00000000e+00   1.35230176e-01   9.39648366e-05   7.89849601e+00   4.32668848e+01
 4.36000000e+00   0.00000000e+00   1.00000000e+00   1.33877016e-01   1.12431499e-04   7.84669339e+00   4.33030151e+01
 4.37000000e+00   0.00000000e+00   1.00000000e+00   1.32415806e-01   1.25041430e-04   7.78187160e+00   4.33377144e+01
 4.38000000e+00   0.00000000e+00   1.00000000e+00   1.30846852e-01   1.27798938e-04   7.70386620e+00   4.33689580e+01
 4.39000000e+00   0.00000000e+00   1.00000000e+00   1.29175185e-01   1.19963176e-04   7.61401996e+00   4.33951228e+01
 4.40000000e+00   0.00000000e+00   1.00000000e+00   1.27408267e-01   1.04237849e-04   7.51455362e+00   4.34154170e+01
 4.41000000e+00   0.00000000e+00   1.00000000e+00   1.25552635e-01   8.59644266e-05   7.40737904e+00   4.34300979e+01
 4.42000000e+00   0.00000000e+00   1.00000000e+00   1.23611266e-01   7.13609131e-05   7.29308923e+00   4.34403335e+01
 4.43000000e+00   0.00000000e+00   1.00000000e+00   1.21583063e-01   6.54053239e-05   7.17066834e+00   4.34477247e+01
 4.44000000e+00   0.00000000e+00   1.00000000e+00   1.19464698e-01   7.02222532e-05   7.03797901e+00   4.34535954e+01
 4.45000000e+00   0.00000000e+00   1.00000000e+00   1.17254164e-01   8.43832764e-05   6.89289309e+00   4.34583911e+01
 4.46000000e+00   0.00000000e+00   1.00000000e+00   1.14954532e-01   1.03367188e-04   6.73463402e+00   4.34613511e+01
 4.47000000e+00   0.00000000e+00   1.00000000e+00   1.12575932e-01   1.21138335e-04   6.56453957e+00   4.34605908e+01
 4.48000000e+00   0.00000000e+00   1.00000000e+00   1.10134771e-01   1.32112790e-04   6.38581052e+00   4.34536975e+01
 4.49000000e+00   0.00000000e+00   1.00000000e+00   1.07651141e-01   1.32876757e-04   6.20270837e+00   4.34384950e+01
 4.50000000e+00   0.00000000e+00   1.00000000e+00   1.05145883e-01   1.23357054e-04   6.01976785e+00   4.34135165e+01
 4.51000000e+00   0.00000000e+00   1.00000000e+00   1.02637963e-01   1.06934470e-04   5.84119009e+00   4.33785637e+01
 4.52000000e+00   0.00000000e+00   1.00000000e+00   1.00142180e-01   8.92505174e-05   5.67020229e+00   4.33346915e+01
 4.53000000e+00   0.00000000e+00   1.00000000e+00   9.76674704e-02   7.62935850e-05   5.50849069e+00   4.32839593e+01
 4.54000000e+00   0.00000000e+00   1.00000000e+00   9.52163580e-02   7.24763926e-05   5.35590527e+00   4.32287052e+01
 4.55000000e+00   0.00000000e+00   1.00000000e+00   9.27858898e-02   7.92152113e-05   5.21065520e+00   4.31711810e+01
 4.56000000e+00   0.00000000e+00   1.00000000e+00   9.03701989e-02   9.44532966e-05   5.06999075e+00   4.31126347e+01
 4.57000000e+00   0.00000000e+00   1.00000000e+00   8.79640579e-02   1.13342170e-04   4.93144310e+00   4.30532283e+01
 4.58000000e+00   0.00000000e+00   1.00000000e+00   8.55658560e-02   1.29816893e-04   4.79388414e+00   4.29920286e+01
 4.59000000e+00   0.00000000e+00   1.00000000e+00   8.31784815e-02   1.38603659e-04   4.65790099e+00   4.29276214e+01
 4.60000000e+00   0.00000000e+00   1.00000000e+00   8.08076773e-02   1.36987245e-04   4.52523023e+00   4.28585485e+01
 4.61000000e+00   0.00000000e+00   1.00000000e+00   7.84587140e-02   1.25689367e-04   4.39765249e+00   4.27842436e+01
 4.62000000e+00   0.00000000e+00   1.00000000e+00   7.61330783e-02   1.08575460e-04   4.27583540e+00   4.27052570e+01
 4.63000000e+00   0.00000000e+00   1.00000000e+00   7.38267658e-02   9.13802651e-05   4.15873815e+00   4.26232053e+01
 4.64000000e+00   0.00000000e+00   1.00000000e+00   7.15307894e-02   7.98863973e-05   4.04378019e+00   4.25403196e+01
 4.65000000e+00   0.00000000e+00   1.00000000e+00   6.92333544e-02   7.80153461e-05   3.92752639e+00   4.24588401e+01
 4.66000000e+00   0.00000000e+00   1.00000000e+00   6.69225959e-02   8.64710808e-05   3.80642595e+00   4.23801850e+01
 4.67000000e+00   0.00000000e+00   1.00000000e+00   6.45890590e-02   1.02533335e-04   3.67742723e+00   4.23047262e+01
 4.68000000e+00   0.00000000e+00   1.00000000e+00   6.22278149e-02   1.21045576e-04   3.53848001e+00   4.22314827e+01
 4.69000000e+00   0.00000000e+00   1.00000000e+00   5.98402527e-02   1.36111110e-04   3.38914206e+00   4.21584910e+01
 4.70000000e+00   0.00000000e+00   1.00000000e+00   5.74348038e-02   1.42953331e-04   3.23094941e+00   4.20834075e+01
 4.71000000e+00   0.00000000e+00   1.00000000e+00   5.50257489e-02   1.39465198e-04   3.06714354e+00   4.20039558e+01
 4.72000000e+00   0.00000000e+00   1.00000000e+00   5.26302335e-02   1.26934339e-04   2.90181092e+00   4.19187264e+01
 4.73000000e+00   0.00000000e+00   1.00000000e+00   5.02644622e-02   1.09638470e-04   2.73866332e+00   4.18275714e+01
 4.74000000e+00   0.00000000e+00   1.00000000e+00   4.79405344e-02   9.34456212e-05   2.57998509e+00   4.17314575e+01
 4.75000000e+00   0.00000000e+00   1.00000000e+00   4.56652851e-02   8.38313418e-05   2.42625529e+00   4.16322663e+01
 4.76000000e+00   0.00000000e+00   1.00000000e+00   4.34416863e-02   8.40585968e-05   2.27663564e+00   4.15319798e+01
 4.77000000e+00   0.00000000e+00   1.00000000e+00   4.12719420e-02   9.41521140e-05   2.13005543e+00   4.14318206e+01
 4.78000000e+00   0.00000000e+00   1.00000000e+00   3.91605490e-02   1.10919704e-04   1.98626500e+00   4.13320547e+01
 4.79000000e+00   0.00000000e+00   1.00000000e+00   3.71158897e-02   1.28965277e-04   1.84632563e+00   4.12317736e+01
 4.80000000e+00   0.00000000e+00   1.00000000e+00   3.51499516e-02   1.42449951e-04   1.71250057e+00   4.11294013e+01
 4.81000000e+00   0.00000000e+00   1.00000000e+00   3.32767022e-02   1.47044371e-04   1.58776898e+00   4.10233046e+01
 4.82000000e+00   0.00000000e+00   1.00000000e+00   3.15097866e-02   1.41334108e-04   1.47515975e+00   4.09123731e+01
 4.83000000e+00   0.00000000e+00   1.00000000e+00   2.98602061e-02   1.27278110e-04   1.37717455e+00   4.07965325e+01
 4.84000000e+00   0.00000000e+00   1.00000000e+00   2.83342141e-02   1.09532702e-04   1.29525750e+00   4.06769168e+01
 4.85000000e+00   0.00000000e+00   1.00000000e+00   2.69315920e-02   9.39226419e-05   1.22923318e+00   4.05557313e+01
 4.86000000e+00   0.00000000e+00   1.00000000e+00   2.56450037e-02   8.55756824e-05   1.17701101e+00   4.04356783e+01
 4.87000000e+00   0.00000000e+00   1.00000000e+00   2.44612731e-02   8.72409515e-05   1.13487867e+00   4.03193972e+01
 4.88000000e+00   0.00000000e+00   1.00000000e+00   2.33646104e-02   9.83647598e-05   1.09844555e+00   4.02086657e+01
 4.89000000e+00   0.00000000e+00   1.00000000e+00   2.23407307e-02   1.15263925e-04   1.06391273e+00   4.01039615e+01
 4.90000000e+00   0.00000000e+00   1.00000000e+00   2.13801203e-02   1.32344603e-04   1.02904174e+00   4.00045134e+01
 4.91000000e+00   0.00000000e+00   1.00000000e+00   2.04791937e-02   1.43963852e-04   9.93449319e-01   3.99086496e+01
 4.92000000e+00   0.00000000e+00   1.00000000e+00   1.96390243e-02   1.46269976e-04   9.58127808e-01   3.98144485e+01
 4.93000000e+00   0.00000000e+00   1.00000000e+00   1.88625132e-02   1.38471817e-04   9.24502595e-01   3.97204828e+01
 4.94000000e+00   0.00000000e+00   1.00000000e+00   1.81514156e-02   1.23100763e-04   8.93461865e-01   3.96262543e+01
 4.95000000e+00   0.00000000e+00   1.00000000e+00   1.75045837e-02   1.05193471e-04   8.64857925e-01   3.95324488e+01
 4.96000000e+00   0.00000000e+00   1.00000000e+00   1.69178913e-02   9.06322976e-05   8.37558778e-01   3.94405337e+01
 4.97000000e+00   0.00000000e+00   1.00000000e+00   1.63854169e-02   8.41924567e-05   8.09829985e-01   3.93522185e+01
 4.98000000e+00   0.00000000e+00   1.00000000e+00   1.59012005e-02   8.79417984e-05   7.79780302e-01   3.92688719e+01
 4.99000000e+00   0.00000000e+00   1.00000000e+00   1.54612342e-02   1.00584724e-04   7.45846221e-01   3.91909337e+01
 5.00000000e+00   0.00000000e+00   1.00000000e+00   1.50655639e-02   1.17917523e-04   7.07385638e-01   3.91177656e+01