TimeWindow  Iteration  ResRel(Pressure)  ResRel(CrossSectionLength)  
1  1  1.0000000000000000  0.1020681879013072  
1  2  0.0001156091555344  0.1010365607271177  
1  3  0.0103706378225728  0.0001104056120622  
1  4  0.0002116406678203  0.0000220866904170  
1  5  0.0000009210612927  0.0000002238036738  
2  1  0.0935891910439803  0.0111594035343236  
2  2  0.0012166853281311  0.0004879724558150  
2  3  0.0000990008394417  0.0000448234394364  
2  4  0.0000058314401115  0.0000004505891684  
3  1  0.0713748503562353  0.0092422019719808  
3  2  0.0011564400109309  0.0000196383151112  
3  3  0.0000513144398947  0.0000011050533828  
3  4  0.0000000214854575  0.0000001673514415  
4  1  0.0535910515756622  0.0073602611128296  
4  2  0.0010196330531225  0.0017430258464064  
4  3  0.0001137939424309  0.0000050087575628  
4  4  0.0000032674530832  0.0000005444994298  
5  1  0.0333551722730737  0.0047542331729383  
5  2  0.0005420738803383  0.0000125046651294  
5  3  0.0000239105642797  0.0000018812365523  
5  4  0.0000002208283615  0.0000000624793577  
6  1  0.0115334461665500  0.0016659329899156  
6  2  0.0001871618207944  0.0000562883334613  
6  3  0.0000036433627100  0.0000020550454118  
7  1  0.0111528201970057  0.0015994510883596  
7  2  0.0001971060871697  0.0000008150074426  
7  3  0.0000023896245736  0.0000003111124845  
8  1  0.0340172266600584  0.0047147150726875  
8  2  0.0005843451728479  0.0000043698876496  
8  3  0.0000070896038801  0.0000043088402594  
9  1  0.0562042522178889  0.0073660226302986  
9  2  0.0009555968554233  0.0000007782778027  
9  3  0.0000114330552768  0.0000024493162498  
9  4  0.0000000911782492  0.0000000806321268  
10  1  0.0764486801944887  0.0092866711288273  
10  2  0.0012103808040207  0.0004285870861112  
10  3  0.0001063436027738  0.0001308326736511  
10  4  0.0000084299192703  0.0000254671084891  
10  5  0.0000027270557107  0.0000000839045429  
11  1  0.0928221348619996  0.0102864560203501  
11  2  0.0015084980550982  0.0000204647800238  
11  3  0.0000598127600354  0.0000003902512729  
11  4  0.0000012192845410  0.0000001400682768  
12  1  0.1025439638928412  0.0102707338381144  
12  2  0.0016888221201847  0.0000037315048071  
12  3  0.0000270869024307  0.0000031227266751  
12  4  0.0000000349239378  0.0000005662056824  
13  1  0.1021384946601806  0.0092486267565369  
13  2  0.0014058477289139  0.0018235947551694  
13  3  0.0003014314684481  0.0001296624361073  
13  4  0.0000074690415630  0.0000097933191347  
14  1  0.0883934125204343  0.0073292451390297  
14  2  0.0014067287963477  0.0000774616729282  
14  3  0.0000370288802641  0.0000144215548844  
14  4  0.0000060520457975  0.0000007707208072  
15  1  0.0603681023692527  0.0047068852296282  
15  2  0.0009995979417181  0.0004075640917229  
15  3  0.0000227133381766  0.0000015974262649  
15  4  0.0000002239044530  0.0000000820267913  
16  1  0.0215524014072050  0.0016408558754793  
16  2  0.0003251970796941  0.0000091840112184  
16  3  0.0000111493490564  0.0000007964447231  
16  4  0.0000001881285760  0.0000000233425254  
17  1  0.0202331433231284  0.0015721656894231  
17  2  0.0003431794168657  0.0000491327875540  
17  3  0.0000055699285958  0.0000010663170864  
18  1  0.0562192752639156  0.0046250392996367  
18  2  0.0009217384209709  0.0000034359724172  
18  3  0.0000177197771937  0.0000014628296602  
18  4  0.0000002565836711  0.0000005784000396  
19  1  0.0807159593819965  0.0072277129464005  
19  2  0.0012229838428235  0.0005869651548967  
19  3  0.0001247933208255  0.0000975023465591  
19  4  0.0000016103135225  0.0000006005040428  
20  1  0.0924014700118284  0.0091320044287277  
20  2  0.0014855652979116  0.0000188860019547  
20  3  0.0000601839378032  0.0000014189145378  
20  4  0.0000008202966960  0.0000002664528373  
21  1  0.0929451660797624  0.0101541307920903  
21  2  0.0021209061440699  0.0060506929072379  
21  3  0.0005684075015478  0.0000094498205217  
21  4  0.0000018122116430  0.0000002562362327  
22  1  0.0850554181700896  0.0101906861964869  
22  2  0.0013782003459869  0.0000225332988361  
22  3  0.0000572920847692  0.0000063860361717  
22  4  0.0000004178713159  0.0000001463718226  
23  1  0.0712831035911658  0.0092309904737689  
23  2  0.0011770361940656  0.0002161322829411  
23  3  0.0000307419579813  0.0000056067970112  
23  4  0.0000008631481128  0.0000000930860123  
24  1  0.0535900020508844  0.0073601251505768  
24  2  0.0009354367848242  0.0007365213808492  
24  3  0.0000252186143304  0.0000066729763496  
24  4  0.0000000643361272  0.0000001007254507  
25  1  0.0333551994706726  0.0047542377397147  
25  2  0.0005436444506199  0.0000277590672419  
25  3  0.0000228063876238  0.0000021903202016  
25  4  0.0000002632104012  0.0000000808586580  
26  1  0.0115334531595169  0.0016659339835569  
26  2  0.0001866036663586  0.0000489490576870  
26  3  0.0000042428367833  0.0000012455124867  
27  1  0.0111527841392432  0.0015994465548173  
27  2  0.0001971338887546  0.0000011838503097  
27  3  0.0000023633928312  0.0000003208799606  
28  1  0.0340172273621344  0.0047147151686001  
28  2  0.0005848626421474  0.0000021374922964  
28  3  0.0000063102179856  0.0000015056985641  
29  1  0.0562039905425495  0.0073659897163448  
29  2  0.0009551005308189  0.0000046260034918  
29  3  0.0000117860487460  0.0000006827912690  
29  4  0.0000000821442248  0.0000000367125277  
30  1  0.0764486957081346  0.0092866730230946  
30  2  0.0011640724368847  0.0008986117412566  
30  3  0.0001447615450298  0.0000533334363118  
30  4  0.0000016917538393  0.0000060762277791  
31  1  0.0928227884370170  0.0102865260253169  
31  2  0.0015185254267378  0.0000967586870825  
31  3  0.0000490380402012  0.0000075799002899  
31  4  0.0000017901765378  0.0000001104789044  
32  1  0.1025439870240215  0.0102707362330267  
32  2  0.0016359331772204  0.0001463666388375  
32  3  0.0000789638084912  0.0000044993982195  
32  4  0.0000024573015027  0.0000001752953120  
33  1  0.1021385510642568  0.0092486315953751  
33  2  0.0015826926283472  0.0003876397319627  
33  3  0.0001065072471079  0.0000148234423966  
33  4  0.0000049147971417  0.0000002112245803  
34  1  0.0883917443148861  0.0073291088451495  
34  2  0.0013761485309982  0.0001549852209809  
34  3  0.0000687970744283  0.0000109462979786  
34  4  0.0000055778527860  0.0000000533066586  
35  1  0.0603681652799632  0.0047068898787896  
35  2  0.0009293341497258  0.0000876192817243  
35  3  0.0000478857840682  0.0000001860062969  
35  4  0.0000012897853171  0.0000001068412356  
36  1  0.0215524146931491  0.0016408568171781  
36  2  0.0003295996758697  0.0000004533468541  
36  3  0.0000067813442809  0.0000009037966469  
37  1  0.0202331641055438  0.0015721676794258  
37  2  0.0003433062593239  0.0000102401454940  
37  3  0.0000058423391763  0.0000019674556060  
38  1  0.0562196848334944  0.0046250718352104  
38  2  0.0009209231312444  0.0000090986644151  
38  3  0.0000186722962665  0.0000025615747430  
38  4  0.0000001204094882  0.0000005148259107  
39  1  0.0807159595831510  0.0072277129779755  
39  2  0.0011239922923625  0.0013962456527540  
39  3  0.0002196287460215  0.0000463190147054  
39  4  0.0000047530593951  0.0000007083526945  
40  1  0.0924014972215671  0.0091320069871987  
40  2  0.0014876489553081  0.0000249438309741  
40  3  0.0000571030385645  0.0000017268861747  
40  4  0.0000001213282167  0.0000002129862476  
41  1  0.0929451449376791  0.0101541285142984  
41  2  0.0013022867228839  0.0019301207494429  
41  3  0.0002368777311051  0.0002289619167996  
41  4  0.0000251586257441  0.0000006317623118  
41  5  0.0000005540547901  0.0000000543234407  
42  1  0.0850555795564845  0.0101907054332468  
42  2  0.0011961867419756  0.0018854651571707  
42  3  0.0002367468485305  0.0000139857728750  
42  4  0.0000064399084897  0.0000005512136064  
43  1  0.0712830522332604  0.0092309835287761  
43  2  0.0012638111578084  0.0011757405935856  
43  3  0.0000629595215575  0.0000171623446186  
43  4  0.0000058654427725  0.0000045131893372  
44  1  0.0535895335775460  0.0073600637186803  
44  2  0.0008736511185169  0.0000241587777325  
44  3  0.0000368929169274  0.0000023845269688  
44  4  0.0000007218359041  0.0000000791057431  
45  1  0.0333551939623584  0.0047542368403562  
45  2  0.0005554977421892  0.0001744624948743  
45  3  0.0000099409419685  0.0000080951263467  
46  1  0.0115328646782108  0.0016658552230432  
46  2  0.0001888383674089  0.0000006840917960  
46  3  0.0000020545232564  0.0000003107771920  
47  1  0.0111526228848328  0.0015994243475363  
47  2  0.0001970513602442  0.0000001795784256  
47  3  0.0000024441153477  0.0000002866645611  
48  1  0.0340172208851423  0.0047147143005642  
48  2  0.0005847885999385  0.0000007484252069  
48  3  0.0000064228228775  0.0000017967013045  
49  1  0.0562040296034441  0.0073659947585989  
49  2  0.0009556589327321  0.0000014201905100  
49  3  0.0000114454619741  0.0000032180723417  
49  4  0.0000001549432356  0.0000032024277716  
50  1  0.0764490107165261  0.0092867098652567  
50  2  0.0025732477435294  0.0398686418618069  
50  3  0.0009688387080499  0.0290056747503255  
50  4  0.0028009337826637  0.0001116830655244  
50  5  0.0000693877638082  0.0000138677945314  
50  6  0.0000001049370357  0.0000011405498554  
51  1  0.0928222243087872  0.0102864653224840  
51  2  0.0015341664867879  0.0002455467944293  
51  3  0.0000220075634658  0.0001210864646755  
51  4  0.0000131683788424  0.0000002612383803  
51  5  0.0000001867259834  0.0000000642430572  
52  1  0.1025439851284679  0.0102707360477465  
52  2  0.0016513334321449  0.0000214480620539  
52  3  0.0000648835848759  0.0000046887366500  
52  4  0.0000008563462593  0.0000001569858101  
53  1  0.1021385646809514  0.0092486328300980  
53  2  0.0016695048810794  0.0003217739797584  
53  3  0.0000211956739145  0.0000086266400181  
53  4  0.0000017786511809  0.0000000123625680  
54  1  0.0883917529521894  0.0073291096187211  
54  2  0.0013963365337385  0.0000147518496124  
54  3  0.0000524561362994  0.0000004909035616  
54  4  0.0000014812938139  0.0000001073867534  
55  1  0.0603683240119313  0.0047069023980656  
55  2  0.0008238440351809  0.0008562651805124  
55  3  0.0001192574080956  0.0002239120929719  
55  4  0.0000367169678643  0.0000000440544743  
55  5  0.0000010982077954  0.0000000856219009  
56  1  0.0215524157262993  0.0016408569001373  
56  2  0.0004780431398044  0.0010724198952326  
56  3  0.0001329839905047  0.0000571955480336  
56  4  0.0000191436796446  0.0000610882630876  
56  5  0.0000082195175431  0.0000000318334206  
57  1  0.0202333883043641  0.0015721849311851  
57  2  0.0003364984775597  0.0000033080625806  
57  3  0.0000103218006957  0.0000019587265186  
57  4  0.0000022028775871  0.0000002937624861  
58  1  0.0562194368312836  0.0046250522821478  
58  2  0.0008274297246708  0.0005859421184929  
58  3  0.0001136696853264  0.0000015988059990  
58  4  0.0000004855867800  0.0000002778102416  
59  1  0.0807159376222716  0.0072277111191720  
59  2  0.0012903070371405  0.0000458417942803  
59  3  0.0000552267538613  0.0000050371440576  
59  4  0.0000006165434737  0.0000005889861320  
60  1  0.0924024942387657  0.0091321069119971  
60  2  0.0015197297808519  0.0003057005496587  
60  3  0.0000228724385192  0.0000131158715804  
60  4  0.0000017375990492  0.0000000687753811  
61  1  0.0929450934176748  0.0101541228824504  
61  2  0.0014957644301604  0.0000446768834403  
61  3  0.0000639789417631  0.0000017970696573  
61  4  0.0000013975515627  0.0000001528409617  
62  1  0.0850555837870438  0.0101907059003345  
62  2  0.0013061156709248  0.0007603952413136  
62  3  0.0001259494284103  0.0000368638037761  
62  4  0.0000049089559296  0.0000012882531144  
63  1  0.0712829636934163  0.0092309733227125  
63  2  0.0011525823860234  0.0000645782392845  
63  3  0.0000557245629517  0.0000041788332252  
63  4  0.0000006825051888  0.0000001365565686  
64  1  0.0535899963295985  0.0073601243157614  
64  2  0.0008928150322135  0.0002478552204146  
64  3  0.0000171907882796  0.0000127228530604  
64  4  0.0000010153645657  0.0000000697846121  
65  1  0.0333551999696603  0.0047542376692325  
65  2  0.0005394047855823  0.0000271219398972  
65  3  0.0000263452713712  0.0000011464092766  
65  4  0.0000005048939206  0.0000000662323412  
66  1  0.0115334542570669  0.0016659342052750  
66  2  0.0001754425330039  0.0000884727115823  
66  3  0.0000152489683108  0.0000036141019873  
66  4  0.0000005068633722  0.0000000401571004  
67  1  0.0111526201926283  0.0015994238304750  
67  2  0.0001899237359488  0.0000146354497316  
67  3  0.0000096531765819  0.0000006575001804  
68  1  0.0340171137486181  0.0047146989261741  
68  2  0.0005845538562099  0.0000022131393501  
68  3  0.0000065966536258  0.0000009782991822  
69  1  0.0562039624867939  0.0073659864492848  
69  2  0.0009553164020031  0.0000023474824828  
69  3  0.0000115652613362  0.0000008304493993  
69  4  0.0000001116816262  0.0000003338361464  
70  1  0.0764487243770197  0.0092866763732370  
70  2  0.0012483811952443  0.0000359456078593  
70  3  0.0000701849002202  0.0001503217904592  
70  4  0.0000139922294703  0.0000004307903688  
70  5  0.0000002160820725  0.0000000688999440  
71  1  0.0928220722637072  0.0102864489084625  
71  2  0.0015092377487128  0.0000212384031117  
71  3  0.0000595912698746  0.0000044773056465  
71  4  0.0000006849085603  0.0000001493808461  
72  1  0.1025439600735577  0.0102707334163141  
72  2  0.0016917366008761  0.0003531099750526  
72  3  0.0000228205004202  0.0000090018436369  
72  4  0.0000018043176077  0.0000000167652122  
73  1  0.1021385374799257  0.0092486304181815  
73  2  0.0016293755954834  0.0000198640709826  
73  3  0.0000621199085055  0.0000008383875667  
73  4  0.0000017129269684  0.0000001289155842  
74  1  0.0883917785495452  0.0073291117332422  
74  2  0.0012650405389202  0.0010023865810132  
74  3  0.0001458892624854  0.0002503420377440  
74  4  0.0000410239287499  0.0000001573899804  
74  5  0.0000011764549874  0.0000000960878371  
75  1  0.0603683260579848  0.0047069025617262  
75  2  0.0015662659430006  0.0043994524846501  
75  3  0.0005469198921758  0.0002649527527543  
75  4  0.0000507580266787  0.0000016545802089  
75  5  0.0000017266839542  0.0000012027675290  
76  1  0.0215525346756589  0.0016408655932759  
76  2  0.0003227346014995  0.0000091362422308  
76  3  0.0000135936065613  0.0000007181691540  
76  4  0.0000002525848003  0.0000000312008230  
77  1  0.0202331416043660  0.0015721655623920  
77  2  0.0003472319556215  0.0000780961555838  
77  3  0.0000012311770073  0.0000038023048842  
78  1  0.0562190299626593  0.0046250202115819  
78  2  0.0009217407019382  0.0000034597555810  
78  3  0.0000177236494562  0.0000014619883787  
78  4  0.0000002695103924  0.0000006737158326  
79  1  0.0807159682961037  0.0072277137138309  
79  2  0.0012232215834426  0.0005847037681484  
79  3  0.0001259365327641  0.0001075781720004  
79  4  0.0000029515869256  0.0000006089445913  
80  1  0.0924014898807054  0.0091320063683617  
80  2  0.0014856618469083  0.0000188142968167  
80  3  0.0000603824688812  0.0000014876610608  
80  4  0.0000011070853986  0.0000002849050760  
81  1  0.0929451750675955  0.0101541317647336  
81  2  0.0023528356819149  0.0083080541668793  
81  3  0.0007995316855989  0.0000110391913881  
81  4  0.0000003399559720  0.0000007202877504  
82  1  0.0850553832838850  0.0101906822777677  
82  2  0.0013778736280922  0.0000215906963748  
82  3  0.0000576897260716  0.0000070069884300  
82  4  0.0000003522870833  0.0000001487751025  
83  1  0.0712831024553760  0.0092309903225373  
83  2  0.0011756446101088  0.0002002893113008  
83  3  0.0000321744104721  0.0000047383607585  
83  4  0.0000008400544925  0.0000000946213200  
84  1  0.0535900026086366  0.0073601252272702  
84  2  0.0009365263772864  0.0007509531637480  
84  3  0.0000261889652369  0.0000082405117246  
84  4  0.0000001842202483  0.0000001062335472  
85  1  0.0333552036883933  0.0047542383594640  
85  2  0.0005437514503093  0.0000289268887953  
85  3  0.0000228207434053  0.0000022244910824  
85  4  0.0000003843617315  0.0000000864015277  
86  1  0.0115334550505998  0.0016659342523975  
86  2  0.0001865803167960  0.0000485692203721  
86  3  0.0000042680041256  0.0000012040746573  
87  1  0.0111527824493458  0.0015994463464812  
87  2  0.0001971318271294  0.0000011517090885  
87  3  0.0000023654407189  0.0000003202991883  
88  1  0.0340172272651174  0.0047147151556102  
88  2  0.0005848648480379  0.0000021438287164  
88  3  0.0000063084338240  0.0000015088677785  
89  1  0.0562039910328475  0.0073659897799564  
89  2  0.0009551013036118  0.0000046174625832  
89  3  0.0000117855558263  0.0000006861301242  
89  4  0.0000000819534255  0.0000000377880417  
90  1  0.0764486958255754  0.0092866730368555  
90  2  0.0011642550648350  0.0008967503324212  
90  3  0.0001446289983104  0.0000538291485615  
90  4  0.0000017392163500  0.0000061304259107  
91  1  0.0928227953077966  0.0102865267682309  
91  2  0.0015184451808465  0.0000960087964784  
91  3  0.0000491259070307  0.0000074986397185  
91  4  0.0000017837397906  0.0000001107216549  
92  1  0.1025439869695424  0.0102707362262195  
92  2  0.0016357186218169  0.0001482633476879  
92  3  0.0000791662536189  0.0000045771025601  
92  4  0.0000024732674691  0.0000001756995916  
93  1  0.1021385507308780  0.0092486315643287  
93  2  0.0015832987800150  0.0003826827344231  
93  3  0.0001059989958581  0.0000141927279927  
93  4  0.0000048058100677  0.0000002114375577  
94  1  0.0883917458914010  0.0073291089765713  
94  2  0.0013753752138302  0.0001607986379728  
94  3  0.0000694946521193  0.0000115009565442  
94  4  0.0000056675301357  0.0000000508806361  
95  1  0.0603681634605432  0.0047068897335481  
95  2  0.0009294797781220  0.0000864896201839  
95  3  0.0000477205486846  0.0000001735230572  
95  4  0.0000013054214308  0.0000001048918628  
96  1  0.0215524135441907  0.0016408567291596  
96  2  0.0003295641478161  0.0000006898097772  
96  3  0.0000068100420952  0.0000008606943528  
97  1  0.0202331712923941  0.0015721682245065  
97  2  0.0003446416084603  0.0000194649787620  
97  3  0.0000037275659593  0.0000033941463196  
98  1  0.0562189903725378  0.0046250166792002  
98  2  0.0009203949157862  0.0000135668715281  
98  3  0.0000190668532550  0.0000015697602076  
98  4  0.0000002197859868  0.0000001274776621  
99  1  0.0807159014475772  0.0072277079587681  
99  2  0.0011961613464902  0.0008084305311538  
99  3  0.0001481359868610  0.0000708091427959  
99  4  0.0000023079956589  0.0000006516080042  
100  1  0.0924013141495334  0.0091319888100554  
100  2  0.0014859209523451  0.0000188111086801  
100  3  0.0000591807211436  0.0000010505753647  
100  4  0.0000001985621795  0.0000002260899347  