TimeWindow  Iteration  ResRel(Stress)  ResRel(Displacement)  
1  1  inf  inf  
2  1  inf  inf  
3  1  inf  inf  
4  1  inf  inf  
5  1  inf  inf  
6  1  inf  inf  
7  1  inf  inf  
8  1  inf  inf  
9  1  inf  inf  
10  1  inf  inf  
11  1  inf  inf  
12  1  inf  inf  
13  1  inf  inf  
14  1  inf  inf  
15  1  inf  inf  
16  1  inf  inf  
17  1  inf  inf  
18  1  inf  inf  
19  1  inf  inf  
20  1  inf  inf  
21  1  inf  inf  
22  1  inf  inf  
23  1  inf  inf  
24  1  inf  inf  
25  1  inf  inf  
26  1  inf  inf  
27  1  inf  inf  
28  1  inf  inf  
29  1  inf  inf  
30  1  inf  inf  
31  1  inf  inf  
32  1  inf  inf  
33  1  inf  inf  
34  1  inf  inf  
35  1  inf  inf  
36  1  inf  inf  
37  1  inf  inf  
38  1  inf  inf  
39  1  inf  inf  
40  1  inf  inf  
41  1  inf  inf  
42  1  inf  inf  
43  1  inf  inf  
44  1  inf  inf  
45  1  inf  inf  
46  1  inf  inf  
47  1  inf  inf  
48  1  inf  inf  
49  1  inf  inf  
50  1  inf  inf  
51  1  inf  inf  
52  1  inf  inf  
53  1  inf  inf  
54  1  inf  inf  
55  1  inf  inf  
56  1  inf  inf  
57  1  inf  inf  
58  1  inf  inf  
59  1  inf  inf  
60  1  inf  inf  
61  1  inf  inf  
62  1  inf  inf  
63  1  inf  inf  
64  1  inf  inf  
65  1  inf  inf  
66  1  inf  inf  
67  1  inf  inf  
68  1  inf  inf  
69  1  inf  inf  
70  1  inf  inf  
71  1  inf  inf  
72  1  inf  inf  
73  1  inf  inf  
74  1  inf  inf  
75  1  inf  inf  
76  1  inf  inf  
77  1  inf  inf  
78  1  inf  inf  
79  1  inf  inf  
80  1  inf  inf  
81  1  inf  inf  
82  1  inf  inf  
83  1  inf  inf  
84  1  inf  inf  
85  1  inf  inf  
86  1  inf  inf  
87  1  inf  inf  
88  1  inf  inf  
89  1  inf  inf  
90  1  inf  inf  
91  1  inf  inf  
92  1  inf  inf  
93  1  inf  inf  
94  1  inf  inf  
95  1  inf  inf  
96  1  inf  inf  
97  1  inf  inf  
98  1  inf  inf  
99  1  inf  inf  
100  1  inf  inf  
101  1  inf  inf  
102  1  inf  inf  
103  1  inf  inf  
104  1  inf  inf  
105  1  inf  inf  
106  1  inf  inf  
107  1  inf  inf  
108  1  inf  inf  
109  1  inf  inf  
110  1  inf  inf  
111  1  inf  inf  
112  1  inf  inf  
113  1  inf  inf  
114  1  inf  inf  
115  1  inf  inf  
116  1  inf  inf  
117  1  inf  inf  
118  1  inf  inf  
119  1  inf  inf  
120  1  inf  inf  
121  1  inf  inf  
122  1  inf  inf  
123  1  inf  inf  
124  1  inf  inf  
125  1  inf  inf  
126  1  inf  inf  
127  1  inf  inf  
128  1  inf  inf  
129  1  inf  inf  
130  1  inf  inf  
131  1  inf  inf  
132  1  inf  inf  
133  1  inf  inf  
134  1  inf  inf  
135  1  inf  inf  
136  1  inf  inf  
137  1  inf  inf  
138  1  inf  inf  
139  1  inf  inf  
140  1  inf  inf  
141  1  inf  inf  
142  1  inf  inf  
143  1  inf  inf  
144  1  inf  inf  
145  1  inf  inf  
146  1  inf  inf  
147  1  inf  inf  
148  1  inf  inf  
149  1  inf  inf  
150  1  inf  inf  
151  1  inf  inf  
152  1  inf  inf  
153  1  inf  inf  
154  1  inf  inf  
155  1  inf  inf  
156  1  inf  inf  
157  1  inf  inf  
158  1  inf  inf  
159  1  inf  inf  
160  1  inf  inf  
161  1  inf  inf  
162  1  inf  inf  
163  1  inf  inf  
164  1  inf  inf  
165  1  inf  inf  
166  1  inf  inf  
167  1  inf  inf  
168  1  inf  inf  
169  1  inf  inf  
170  1  inf  inf  
171  1  inf  inf  
172  1  inf  inf  
173  1  inf  inf  
174  1  inf  inf  
175  1  inf  inf  
176  1  inf  inf  
177  1  inf  inf  
178  1  inf  inf  
179  1  inf  inf  
180  1  inf  inf  
181  1  inf  inf  
182  1  inf  inf  
183  1  inf  inf  
184  1  inf  inf  
185  1  inf  inf  
186  1  inf  inf  
187  1  inf  inf  
188  1  inf  inf  
189  1  inf  inf  
190  1  inf  inf  
191  1  inf  inf  
192  1  inf  inf  
193  1  inf  inf  
194  1  inf  inf  
195  1  inf  inf  
196  1  inf  inf  
197  1  inf  inf  
198  1  inf  inf  
199  1  inf  inf  
200  1  inf  inf  
201  1  inf  inf  
202  1  inf  inf  
203  1  inf  inf  
204  1  inf  inf  
205  1  inf  inf  
206  1  inf  inf  
207  1  inf  inf  
208  1  inf  inf  
209  1  inf  inf  
210  1  inf  inf  
211  1  inf  inf  
212  1  inf  inf  
213  1  inf  inf  
214  1  inf  inf  
215  1  inf  inf  
216  1  inf  inf  
217  1  inf  inf  
218  1  inf  inf  
219  1  inf  inf  
220  1  inf  inf  
221  1  inf  inf  
222  1  inf  inf  
223  1  inf  inf  
224  1  inf  inf  
225  1  inf  inf  
226  1  inf  inf  
227  1  inf  inf  
228  1  inf  inf  
229  1  inf  inf  
230  1  inf  inf  
231  1  inf  inf  
232  1  inf  inf  
233  1  inf  inf  
234  1  inf  inf  
235  1  inf  inf  
236  1  inf  inf  
237  1  inf  inf  
238  1  inf  inf  
239  1  inf  inf  
240  1  inf  inf  
241  1  inf  inf  
242  1  inf  inf  
243  1  inf  inf  
244  1  inf  inf  
245  1  inf  inf  
246  1  inf  inf  
247  1  inf  inf  
248  1  inf  inf  
249  1  inf  inf  
250  1  inf  inf  
251  1  inf  inf  
252  1  inf  inf  
253  1  inf  inf  
254  1  inf  inf  
255  1  inf  inf  
256  1  inf  inf  
257  1  inf  inf  
258  1  inf  inf  
259  1  inf  inf  
260  1  inf  inf  
261  1  inf  inf  
262  1  inf  inf  
263  1  inf  inf  
264  1  inf  inf  
265  1  inf  inf  
266  1  inf  inf  
267  1  inf  inf  
268  1  inf  inf  
269  1  inf  inf  
270  1  inf  inf  
271  1  inf  inf  
272  1  inf  inf  
273  1  inf  inf  
274  1  inf  inf  
275  1  inf  inf  
276  1  inf  inf  
277  1  inf  inf  
278  1  inf  inf  
279  1  inf  inf  
280  1  inf  inf  
281  1  inf  inf  
282  1  inf  inf  
283  1  inf  inf  
284  1  inf  inf  
285  1  inf  inf  
286  1  inf  inf  
287  1  inf  inf  
288  1  inf  inf  
289  1  inf  inf  
290  1  inf  inf  
291  1  inf  inf  
292  1  inf  inf  
293  1  inf  inf  
294  1  inf  inf  
295  1  inf  inf  
296  1  inf  inf  
297  1  inf  inf  
298  1  inf  inf  
299  1  inf  inf  
300  1  inf  inf  
301  1  inf  inf  
302  1  inf  inf  
303  1  inf  inf  
304  1  inf  inf  
305  1  inf  inf  
306  1  inf  inf  
307  1  inf  inf  
308  1  inf  inf  
309  1  inf  inf  
310  1  inf  inf  
311  1  inf  inf  
312  1  inf  inf  
313  1  inf  inf  
314  1  inf  inf  
315  1  inf  inf  
316  1  inf  inf  
317  1  inf  inf  
318  1  inf  inf  
319  1  inf  inf  
320  1  inf  inf  
321  1  inf  inf  
322  1  inf  inf  
323  1  inf  inf  
324  1  inf  inf  
325  1  inf  inf  
326  1  inf  inf  
327  1  inf  inf  
328  1  inf  inf  
329  1  inf  inf  
330  1  inf  inf  
331  1  inf  inf  
332  1  inf  inf  
333  1  inf  inf  
334  1  inf  inf  
335  1  inf  inf  
336  1  inf  inf  
337  1  inf  inf  
338  1  inf  inf  
339  1  inf  inf  
340  1  inf  inf  
341  1  inf  inf  
342  1  inf  inf  
343  1  inf  inf  
344  1  inf  inf  
345  1  inf  inf  
346  1  inf  inf  
347  1  inf  inf  
348  1  inf  inf  
349  1  inf  inf  
350  1  inf  inf  
351  1  inf  inf  
352  1  inf  inf  
353  1  inf  inf  
354  1  inf  inf  
355  1  inf  inf  
356  1  inf  inf  
357  1  inf  inf  
358  1  inf  inf  
359  1  inf  inf  
360  1  inf  inf  
361  1  inf  inf  
362  1  inf  inf  
363  1  inf  inf  
364  1  inf  inf  
365  1  inf  inf  
366  1  inf  inf  
367  1  inf  inf  
368  1  inf  inf  
369  1  inf  inf  
370  1  inf  inf  
371  1  inf  inf  
372  1  inf  inf  
373  1  inf  inf  
374  1  inf  inf  
375  1  inf  inf  
376  1  inf  inf  
377  1  inf  inf  
378  1  inf  inf  
379  1  inf  inf  
380  1  inf  inf  
381  1  inf  inf  
382  1  inf  inf  
383  1  inf  inf  
384  1  inf  inf  
385  1  inf  inf  
386  1  inf  inf  
387  1  inf  inf  
388  1  inf  inf  
389  1  inf  inf  
390  1  inf  inf  
391  1  inf  inf  
392  1  inf  inf  
393  1  inf  inf  
394  1  inf  inf  
395  1  inf  inf  
396  1  inf  inf  
397  1  inf  inf  
398  1  inf  inf  
399  1  inf  inf  
400  1  inf  inf  
401  1  inf  inf  
402  1  inf  inf  
403  1  inf  inf  
404  1  inf  inf  
405  1  inf  inf  
406  1  inf  inf  
407  1  inf  inf  
408  1  inf  inf  
409  1  inf  inf  
410  1  inf  inf  
411  1  inf  inf  
412  1  inf  inf  
413  1  inf  inf  
414  1  inf  inf  
415  1  inf  inf  
416  1  inf  inf  
417  1  inf  inf  
418  1  inf  inf  
419  1  inf  inf  
420  1  inf  inf  
421  1  inf  inf  
422  1  inf  inf  
423  1  inf  inf  
424  1  inf  inf  
425  1  inf  inf  
426  1  inf  inf  
427  1  inf  inf  
428  1  inf  inf  
429  1  inf  inf  
430  1  inf  inf  
431  1  inf  inf  
432  1  inf  inf  
433  1  inf  inf  
434  1  inf  inf  
435  1  inf  inf  
436  1  inf  inf  
437  1  inf  inf  
438  1  inf  inf  
439  1  inf  inf  
440  1  inf  inf  
441  1  inf  inf  
442  1  inf  inf  
443  1  inf  inf  
444  1  inf  inf  
445  1  inf  inf  
446  1  inf  inf  
447  1  inf  inf  
448  1  inf  inf  
449  1  inf  inf  
450  1  inf  inf  
451  1  inf  inf  
452  1  inf  inf  
453  1  inf  inf  
454  1  inf  inf  
455  1  inf  inf  
456  1  inf  inf  
457  1  inf  inf  
458  1  inf  inf  
459  1  inf  inf  
460  1  inf  inf  
461  1  inf  inf  
462  1  inf  inf  
463  1  inf  inf  
464  1  inf  inf  
465  1  inf  inf  
466  1  inf  inf  
467  1  inf  inf  
468  1  inf  inf  
469  1  inf  inf  
470  1  inf  inf  
471  1  inf  inf  
472  1  inf  inf  
473  1  inf  inf  
474  1  inf  inf  
475  1  inf  inf  
476  1  inf  inf  
477  1  inf  inf  
478  1  inf  inf  
479  1  inf  inf  
480  1  inf  inf  
481  1  inf  inf  
482  1  inf  inf  
483  1  inf  inf  
484  1  inf  inf  
485  1  inf  inf  
486  1  inf  inf  
487  1  inf  inf  
488  1  inf  inf  
489  1  inf  inf  
490  1  inf  inf  
491  1  inf  inf  
492  1  inf  inf  
493  1  inf  inf  
494  1  inf  inf  
495  1  inf  inf  
496  1  inf  inf  
497  1  inf  inf  
498  1  inf  inf  
499  1  inf  inf  
500  1  inf  inf  