RunTimestamp,RunName,Name,Rank,Timestamp,State
2019-01-23T22:31:43.480,,_GLOBAL,0,10982276,1
2019-01-23T22:31:43.480,,_GLOBAL,0,11002164,0
2019-01-23T22:31:43.480,,advance,0,10982444,1
2019-01-23T22:31:43.480,,advance,0,10982520,0
2019-01-23T22:31:43.480,,advance,0,10982604,1
2019-01-23T22:31:43.480,,advance,0,10982609,0
2019-01-23T22:31:43.480,,advance,0,10982706,1
2019-01-23T22:31:43.480,,advance,0,10982710,0
2019-01-23T22:31:43.480,,advance,0,10982801,1
2019-01-23T22:31:43.480,,advance,0,10982805,0
2019-01-23T22:31:43.480,,advance,0,10982896,1
2019-01-23T22:31:43.480,,advance,0,10982900,0
2019-01-23T22:31:43.480,,advance,0,10982983,1
2019-01-23T22:31:43.480,,advance,0,10982986,0
2019-01-23T22:31:43.480,,advance,0,10983075,1
2019-01-23T22:31:43.480,,advance,0,10983079,0
2019-01-23T22:31:43.480,,advance,0,10983168,1
2019-01-23T22:31:43.480,,advance,0,10983172,0
2019-01-23T22:31:43.480,,advance,0,10983263,1
2019-01-23T22:31:43.480,,advance,0,10983267,0
2019-01-23T22:31:43.480,,advance,0,10983355,1
2019-01-23T22:31:43.480,,advance,0,10983358,0
2019-01-23T22:31:43.480,,advance,0,10983447,1
2019-01-23T22:31:43.480,,advance,0,10983451,0
2019-01-23T22:31:43.480,,advance,0,10983540,1
2019-01-23T22:31:43.480,,advance,0,10983545,0
2019-01-23T22:31:43.480,,advance,0,10983634,1
2019-01-23T22:31:43.480,,advance,0,10983638,0
2019-01-23T22:31:43.480,,advance,0,10983723,1
2019-01-23T22:31:43.480,,advance,0,10983726,0
2019-01-23T22:31:43.480,,advance,0,10983811,1
2019-01-23T22:31:43.480,,advance,0,10983816,0
2019-01-23T22:31:43.480,,advance,0,10983904,1
2019-01-23T22:31:43.480,,advance,0,10983908,0
2019-01-23T22:31:43.480,,advance,0,10983998,1
2019-01-23T22:31:43.480,,advance,0,10984001,0
2019-01-23T22:31:43.480,,advance,0,10984091,1
2019-01-23T22:31:43.480,,advance,0,10984096,0
2019-01-23T22:31:43.480,,advance,0,10984185,1
2019-01-23T22:31:43.480,,advance,0,10984190,0
2019-01-23T22:31:43.480,,advance,0,10984277,1
2019-01-23T22:31:43.480,,advance,0,10984280,0
2019-01-23T22:31:43.480,,advance,0,10984368,1
2019-01-23T22:31:43.480,,advance,0,10984374,0
2019-01-23T22:31:43.480,,advance,0,10984461,1
2019-01-23T22:31:43.480,,advance,0,10984466,0
2019-01-23T22:31:43.480,,advance,0,10984552,1
2019-01-23T22:31:43.480,,advance,0,10984556,0
2019-01-23T22:31:43.480,,advance,0,10984641,1
2019-01-23T22:31:43.480,,advance,0,10984647,0
2019-01-23T22:31:43.480,,advance,0,10984733,1
2019-01-23T22:31:43.480,,advance,0,10984738,0
2019-01-23T22:31:43.480,,advance,0,10984827,1
2019-01-23T22:31:43.480,,advance,0,10984831,0
2019-01-23T22:31:43.480,,advance,0,10984920,1
2019-01-23T22:31:43.480,,advance,0,10984926,0
2019-01-23T22:31:43.480,,advance,0,10985014,1
2019-01-23T22:31:43.480,,advance,0,10985020,0
2019-01-23T22:31:43.480,,advance,0,10985106,1
2019-01-23T22:31:43.480,,advance,0,10985110,0
2019-01-23T22:31:43.480,,advance,0,10985197,1
2019-01-23T22:31:43.480,,advance,0,10985203,0
2019-01-23T22:31:43.480,,advance,0,10985288,1
2019-01-23T22:31:43.480,,advance,0,10985292,0
2019-01-23T22:31:43.480,,advance,0,10985378,1
2019-01-23T22:31:43.480,,advance,0,10985384,0
2019-01-23T22:31:43.480,,advance,0,10985472,1
2019-01-23T22:31:43.480,,advance,0,10985476,0
2019-01-23T22:31:43.480,,advance,0,10985565,1
2019-01-23T22:31:43.480,,advance,0,10985571,0
2019-01-23T22:31:43.480,,advance,0,10985657,1
2019-01-23T22:31:43.480,,advance,0,10985660,0
2019-01-23T22:31:43.480,,advance,0,10985748,1
2019-01-23T22:31:43.480,,advance,0,10985753,0
2019-01-23T22:31:43.480,,advance,0,10985838,1
2019-01-23T22:31:43.480,,advance,0,10985842,0
2019-01-23T22:31:43.480,,advance,0,10985927,1
2019-01-23T22:31:43.480,,advance,0,10985933,0
2019-01-23T22:31:43.480,,advance,0,10986019,1
2019-01-23T22:31:43.480,,advance,0,10986023,0
2019-01-23T22:31:43.480,,advance,0,10986110,1
2019-01-23T22:31:43.480,,advance,0,10986115,0
2019-01-23T22:31:43.480,,advance,0,10986200,1
2019-01-23T22:31:43.480,,advance,0,10986203,0
2019-01-23T22:31:43.480,,advance,0,10986288,1
2019-01-23T22:31:43.480,,advance,0,10986293,0
2019-01-23T22:31:43.480,,advance,0,10986378,1
2019-01-23T22:31:43.480,,advance,0,10986382,0
2019-01-23T22:31:43.480,,advance,0,10986473,1
2019-01-23T22:31:43.480,,advance,0,10986481,0
2019-01-23T22:31:43.480,,advance,0,10986570,1
2019-01-23T22:31:43.480,,advance,0,10986573,0
2019-01-23T22:31:43.480,,advance,0,10986660,1
2019-01-23T22:31:43.480,,advance,0,10986665,0
2019-01-23T22:31:43.480,,advance,0,10986751,1
2019-01-23T22:31:43.480,,advance,0,10986754,0
2019-01-23T22:31:43.480,,advance,0,10986841,1
2019-01-23T22:31:43.480,,advance,0,10986846,0
2019-01-23T22:31:43.480,,advance,0,10986931,1
2019-01-23T22:31:43.480,,advance,0,10986935,0
2019-01-23T22:31:43.480,,advance,0,10987020,1
2019-01-23T22:31:43.480,,advance,0,10987025,0
2019-01-23T22:31:43.480,,advance,0,10987151,1
2019-01-23T22:31:43.480,,advance,0,10987156,0
2019-01-23T22:31:43.480,,advance,0,10987241,1
2019-01-23T22:31:43.480,,advance,0,10987245,0
2019-01-23T22:31:43.480,,advance,0,10987372,1
2019-01-23T22:31:43.480,,advance,0,10987376,0
2019-01-23T22:31:43.480,,advance,0,10987462,1
2019-01-23T22:31:43.480,,advance,0,10987467,0
2019-01-23T22:31:43.480,,advance,0,10987552,1
2019-01-23T22:31:43.480,,advance,0,10987556,0
2019-01-23T22:31:43.480,,advance,0,10987642,1
2019-01-23T22:31:43.480,,advance,0,10987646,0
2019-01-23T22:31:43.480,,advance,0,10987732,1
2019-01-23T22:31:43.480,,advance,0,10987735,0
2019-01-23T22:31:43.480,,advance,0,10987821,1
2019-01-23T22:31:43.480,,advance,0,10987826,0
2019-01-23T22:31:43.480,,advance,0,10987912,1
2019-01-23T22:31:43.480,,advance,0,10987915,0
2019-01-23T22:31:43.480,,advance,0,10988001,1
2019-01-23T22:31:43.480,,advance,0,10988006,0
2019-01-23T22:31:43.480,,advance,0,10988092,1
2019-01-23T22:31:43.480,,advance,0,10988095,0
2019-01-23T22:31:43.480,,advance,0,10988183,1
2019-01-23T22:31:43.480,,advance,0,10988187,0
2019-01-23T22:31:43.480,,advance,0,10988273,1
2019-01-23T22:31:43.480,,advance,0,10988277,0
2019-01-23T22:31:43.480,,advance,0,10988363,1
2019-01-23T22:31:43.480,,advance,0,10988367,0
2019-01-23T22:31:43.480,,advance,0,10988454,1
2019-01-23T22:31:43.480,,advance,0,10988457,0
2019-01-23T22:31:43.480,,advance,0,10988543,1
2019-01-23T22:31:43.480,,advance,0,10988548,0
2019-01-23T22:31:43.480,,advance,0,10988635,1
2019-01-23T22:31:43.480,,advance,0,10988638,0
2019-01-23T22:31:43.480,,advance,0,10988725,1
2019-01-23T22:31:43.480,,advance,0,10988729,0
2019-01-23T22:31:43.480,,advance,0,10988818,1
2019-01-23T22:31:43.480,,advance,0,10988821,0
2019-01-23T22:31:43.480,,advance,0,10988908,1
2019-01-23T22:31:43.480,,advance,0,10988913,0
2019-01-23T22:31:43.480,,advance,0,10989000,1
2019-01-23T22:31:43.480,,advance,0,10989003,0
2019-01-23T22:31:43.480,,advance,0,10989089,1
2019-01-23T22:31:43.480,,advance,0,10989094,0
2019-01-23T22:31:43.480,,advance,0,10989179,1
2019-01-23T22:31:43.480,,advance,0,10989183,0
2019-01-23T22:31:43.480,,advance,0,10989268,1
2019-01-23T22:31:43.480,,advance,0,10989273,0
2019-01-23T22:31:43.480,,advance,0,10989360,1
2019-01-23T22:31:43.480,,advance,0,10989364,0
2019-01-23T22:31:43.480,,advance,0,10989451,1
2019-01-23T22:31:43.480,,advance,0,10989455,0
2019-01-23T22:31:43.480,,advance,0,10989539,1
2019-01-23T22:31:43.480,,advance,0,10989542,0
2019-01-23T22:31:43.480,,advance,0,10989627,1
2019-01-23T22:31:43.480,,advance,0,10989631,0
2019-01-23T22:31:43.480,,advance,0,10989716,1
2019-01-23T22:31:43.480,,advance,0,10989720,0
2019-01-23T22:31:43.480,,advance,0,10989808,1
2019-01-23T22:31:43.480,,advance,0,10989812,0
2019-01-23T22:31:43.480,,advance,0,10989899,1
2019-01-23T22:31:43.480,,advance,0,10989902,0
2019-01-23T22:31:43.480,,advance,0,10989988,1
2019-01-23T22:31:43.480,,advance,0,10989993,0
2019-01-23T22:31:43.480,,advance,0,10990080,1
2019-01-23T22:31:43.480,,advance,0,10990084,0
2019-01-23T22:31:43.480,,advance,0,10990169,1
2019-01-23T22:31:43.480,,advance,0,10990174,0
2019-01-23T22:31:43.480,,advance,0,10990259,1
2019-01-23T22:31:43.480,,advance,0,10990262,0
2019-01-23T22:31:43.480,,advance,0,10990348,1
2019-01-23T22:31:43.480,,advance,0,10990352,0
2019-01-23T22:31:43.480,,advance,0,10990437,1
2019-01-23T22:31:43.480,,advance,0,10990441,0
2019-01-23T22:31:43.480,,advance,0,10990525,1
2019-01-23T22:31:43.480,,advance,0,10990530,0
2019-01-23T22:31:43.480,,advance,0,10990613,1
2019-01-23T22:31:43.480,,advance,0,10990616,0
2019-01-23T22:31:43.480,,advance,0,10990701,1
2019-01-23T22:31:43.480,,advance,0,10990705,0
2019-01-23T22:31:43.480,,advance,0,10990830,1
2019-01-23T22:31:43.480,,advance,0,10990834,0
2019-01-23T22:31:43.480,,advance,0,10990919,1
2019-01-23T22:31:43.480,,advance,0,10990923,0
2019-01-23T22:31:43.480,,advance,0,10991049,1
2019-01-23T22:31:43.480,,advance,0,10991053,0
2019-01-23T22:31:43.480,,advance,0,10991137,1
2019-01-23T22:31:43.480,,advance,0,10991142,0
2019-01-23T22:31:43.480,,advance,0,10991225,1
2019-01-23T22:31:43.480,,advance,0,10991229,0
2019-01-23T22:31:43.480,,advance,0,10991312,1
2019-01-23T22:31:43.480,,advance,0,10991317,0
2019-01-23T22:31:43.480,,advance,0,10991400,1
2019-01-23T22:31:43.480,,advance,0,10991403,0
2019-01-23T22:31:43.480,,advance,0,10991487,1
2019-01-23T22:31:43.480,,advance,0,10991491,0
2019-01-23T22:31:43.480,,advance,0,10991575,1
2019-01-23T22:31:43.480,,advance,0,10991578,0
2019-01-23T22:31:43.480,,advance,0,10991662,1
2019-01-23T22:31:43.480,,advance,0,10991667,0
2019-01-23T22:31:43.480,,advance,0,10991752,1
2019-01-23T22:31:43.480,,advance,0,10991755,0
2019-01-23T22:31:43.480,,advance,0,10991840,1
2019-01-23T22:31:43.480,,advance,0,10991844,0
2019-01-23T22:31:43.480,,advance,0,10991931,1
2019-01-23T22:31:43.480,,advance,0,10991934,0
2019-01-23T22:31:43.480,,advance,0,10992020,1
2019-01-23T22:31:43.480,,advance,0,10992024,0
2019-01-23T22:31:43.480,,advance,0,10992112,1
2019-01-23T22:31:43.480,,advance,0,10992115,0
2019-01-23T22:31:43.480,,advance,0,10992202,1
2019-01-23T22:31:43.480,,advance,0,10992207,0
2019-01-23T22:31:43.480,,advance,0,10992294,1
2019-01-23T22:31:43.480,,advance,0,10992297,0
2019-01-23T22:31:43.480,,advance,0,10992385,1
2019-01-23T22:31:43.480,,advance,0,10992389,0
2019-01-23T22:31:43.480,,advance,0,10992475,1
2019-01-23T22:31:43.480,,advance,0,10992479,0
2019-01-23T22:31:43.480,,advance,0,10992567,1
2019-01-23T22:31:43.480,,advance,0,10992571,0
2019-01-23T22:31:43.480,,advance,0,10992658,1
2019-01-23T22:31:43.480,,advance,0,10992661,0
2019-01-23T22:31:43.480,,advance,0,10992749,1
2019-01-23T22:31:43.480,,advance,0,10992753,0
2019-01-23T22:31:43.480,,advance,0,10992842,1
2019-01-23T22:31:43.480,,advance,0,10992845,0
2019-01-23T22:31:43.480,,advance,0,10992932,1
2019-01-23T22:31:43.480,,advance,0,10992936,0
2019-01-23T22:31:43.480,,advance,0,10993024,1
2019-01-23T22:31:43.480,,advance,0,10993027,0
2019-01-23T22:31:43.480,,advance,0,10993115,1
2019-01-23T22:31:43.480,,advance,0,10993120,0
2019-01-23T22:31:43.480,,advance,0,10993207,1
2019-01-23T22:31:43.480,,advance,0,10993211,0
2019-01-23T22:31:43.480,,advance,0,10993297,1
2019-01-23T22:31:43.480,,advance,0,10993301,0
2019-01-23T22:31:43.480,,advance,0,10993387,1
2019-01-23T22:31:43.480,,advance,0,10993391,0
2019-01-23T22:31:43.480,,advance,0,10993478,1
2019-01-23T22:31:43.480,,advance,0,10993483,0
2019-01-23T22:31:43.480,,advance,0,10993569,1
2019-01-23T22:31:43.480,,advance,0,10993572,0
2019-01-23T22:31:43.480,,advance,0,10993659,1
2019-01-23T22:31:43.480,,advance,0,10993663,0
2019-01-23T22:31:43.480,,advance,0,10993750,1
2019-01-23T22:31:43.480,,advance,0,10993753,0
2019-01-23T22:31:43.480,,advance,0,10993839,1
2019-01-23T22:31:43.480,,advance,0,10993844,0
2019-01-23T22:31:43.480,,advance,0,10993930,1
2019-01-23T22:31:43.480,,advance,0,10993933,0
2019-01-23T22:31:43.480,,advance,0,10994020,1
2019-01-23T22:31:43.480,,advance,0,10994025,0
2019-01-23T22:31:43.480,,advance,0,10994111,1
2019-01-23T22:31:43.480,,advance,0,10994114,0
2019-01-23T22:31:43.480,,advance,0,10994201,1
2019-01-23T22:31:43.480,,advance,0,10994205,0
2019-01-23T22:31:43.480,,advance,0,10994291,1
2019-01-23T22:31:43.480,,advance,0,10994294,0
2019-01-23T22:31:43.480,,advance,0,10994381,1
2019-01-23T22:31:43.480,,advance,0,10994385,0
2019-01-23T22:31:43.480,,advance,0,10994513,1
2019-01-23T22:31:43.480,,advance,0,10994518,0
2019-01-23T22:31:43.480,,advance,0,10994604,1
2019-01-23T22:31:43.480,,advance,0,10994609,0
2019-01-23T22:31:43.480,,advance,0,10994737,1
2019-01-23T22:31:43.480,,advance,0,10994741,0
2019-01-23T22:31:43.480,,advance,0,10994828,1
2019-01-23T22:31:43.480,,advance,0,10994833,0
2019-01-23T22:31:43.480,,advance,0,10994919,1
2019-01-23T22:31:43.480,,advance,0,10994922,0
2019-01-23T22:31:43.480,,advance,0,10995009,1
2019-01-23T22:31:43.480,,advance,0,10995013,0
2019-01-23T22:31:43.480,,advance,0,10995099,1
2019-01-23T22:31:43.480,,advance,0,10995102,0
2019-01-23T22:31:43.480,,advance,0,10995188,1
2019-01-23T22:31:43.480,,advance,0,10995193,0
2019-01-23T22:31:43.480,,advance,0,10995280,1
2019-01-23T22:31:43.480,,advance,0,10995283,0
2019-01-23T22:31:43.480,,advance,0,10995369,1
2019-01-23T22:31:43.480,,advance,0,10995374,0
2019-01-23T22:31:43.480,,advance,0,10995460,1
2019-01-23T22:31:43.480,,advance,0,10995463,0
2019-01-23T22:31:43.480,,advance,0,10995551,1
2019-01-23T22:31:43.480,,advance,0,10995555,0
2019-01-23T22:31:43.480,,advance,0,10995641,1
2019-01-23T22:31:43.480,,advance,0,10995645,0
2019-01-23T22:31:43.480,,advance,0,10995732,1
2019-01-23T22:31:43.480,,advance,0,10995736,0
2019-01-23T22:31:43.480,,advance,0,10995822,1
2019-01-23T22:31:43.480,,advance,0,10995825,0
2019-01-23T22:31:43.480,,advance,0,10995912,1
2019-01-23T22:31:43.480,,advance,0,10995917,0
2019-01-23T22:31:43.480,,advance,0,10996004,1
2019-01-23T22:31:43.480,,advance,0,10996007,0
2019-01-23T22:31:43.480,,advance,0,10996094,1
2019-01-23T22:31:43.480,,advance,0,10996099,0
2019-01-23T22:31:43.480,,advance,0,10996185,1
2019-01-23T22:31:43.480,,advance,0,10996189,0
2019-01-23T22:31:43.480,,advance,0,10996275,1
2019-01-23T22:31:43.480,,advance,0,10996280,0
2019-01-23T22:31:43.480,,advance,0,10996366,1
2019-01-23T22:31:43.480,,advance,0,10996369,0
2019-01-23T22:31:43.480,,advance,0,10996456,1
2019-01-23T22:31:43.480,,advance,0,10996460,0
2019-01-23T22:31:43.480,,advance,0,10996546,1
2019-01-23T22:31:43.480,,advance,0,10996550,0
2019-01-23T22:31:43.480,,advance,0,10996637,1
2019-01-23T22:31:43.480,,advance,0,10996642,0
2019-01-23T22:31:43.480,,advance,0,10996729,1
2019-01-23T22:31:43.480,,advance,0,10996732,0
2019-01-23T22:31:43.480,,advance,0,10996819,1
2019-01-23T22:31:43.480,,advance,0,10996823,0
2019-01-23T22:31:43.480,,advance,0,10996912,1
2019-01-23T22:31:43.480,,advance,0,10996917,0
2019-01-23T22:31:43.480,,advance,0,10997018,1
2019-01-23T22:31:43.480,,advance,0,10997023,0
2019-01-23T22:31:43.480,,advance,0,10997124,1
2019-01-23T22:31:43.480,,advance,0,10997127,0
2019-01-23T22:31:43.480,,advance,0,10997215,1
2019-01-23T22:31:43.480,,advance,0,10997220,0
2019-01-23T22:31:43.480,,advance,0,10997306,1
2019-01-23T22:31:43.480,,advance,0,10997309,0
2019-01-23T22:31:43.480,,advance,0,10997395,1
2019-01-23T22:31:43.480,,advance,0,10997399,0
2019-01-23T22:31:43.480,,advance,0,10997485,1
2019-01-23T22:31:43.480,,advance,0,10997489,0
2019-01-23T22:31:43.480,,advance,0,10997576,1
2019-01-23T22:31:43.480,,advance,0,10997581,0
2019-01-23T22:31:43.480,,advance,0,10997667,1
2019-01-23T22:31:43.480,,advance,0,10997670,0
2019-01-23T22:31:43.480,,advance,0,10997757,1
2019-01-23T22:31:43.480,,advance,0,10997762,0
2019-01-23T22:31:43.480,,advance,0,10997849,1
2019-01-23T22:31:43.480,,advance,0,10997852,0
2019-01-23T22:31:43.480,,advance,0,10997939,1
2019-01-23T22:31:43.480,,advance,0,10997944,0
2019-01-23T22:31:43.480,,advance,0,10998032,1
2019-01-23T22:31:43.480,,advance,0,10998035,0
2019-01-23T22:31:43.480,,advance,0,10998122,1
2019-01-23T22:31:43.480,,advance,0,10998126,0
2019-01-23T22:31:43.480,,advance,0,10998256,1
2019-01-23T22:31:43.480,,advance,0,10998261,0
2019-01-23T22:31:43.480,,advance,0,10998347,1
2019-01-23T22:31:43.480,,advance,0,10998351,0
2019-01-23T22:31:43.480,,advance,0,10998481,1
2019-01-23T22:31:43.480,,advance,0,10998485,0
2019-01-23T22:31:43.480,,advance,0,10998572,1
2019-01-23T22:31:43.480,,advance,0,10998576,0
2019-01-23T22:31:43.480,,advance,0,10998662,1
2019-01-23T22:31:43.480,,advance,0,10998666,0
2019-01-23T22:31:43.480,,advance,0,10998752,1
2019-01-23T22:31:43.480,,advance,0,10998757,0
2019-01-23T22:31:43.480,,advance,0,10998842,1
2019-01-23T22:31:43.480,,advance,0,10998846,0
2019-01-23T22:31:43.480,,advance,0,10998932,1
2019-01-23T22:31:43.480,,advance,0,10998936,0
2019-01-23T22:31:43.480,,advance,0,10999024,1
2019-01-23T22:31:43.480,,advance,0,10999027,0
2019-01-23T22:31:43.480,,advance,0,10999114,1
2019-01-23T22:31:43.480,,advance,0,10999119,0
2019-01-23T22:31:43.480,,advance,0,10999205,1
2019-01-23T22:31:43.480,,advance,0,10999208,0
2019-01-23T22:31:43.480,,advance,0,10999295,1
2019-01-23T22:31:43.480,,advance,0,10999299,0
2019-01-23T22:31:43.480,,advance,0,10999385,1
2019-01-23T22:31:43.480,,advance,0,10999389,0
2019-01-23T22:31:43.480,,advance,0,10999476,1
2019-01-23T22:31:43.480,,advance,0,10999481,0
2019-01-23T22:31:43.480,,advance,0,10999568,1
2019-01-23T22:31:43.480,,advance,0,10999571,0
2019-01-23T22:31:43.480,,advance,0,10999658,1
2019-01-23T22:31:43.480,,advance,0,10999663,0
2019-01-23T22:31:43.480,,advance,0,10999749,1
2019-01-23T22:31:43.480,,advance,0,10999752,0
2019-01-23T22:31:43.480,,advance,0,10999839,1
2019-01-23T22:31:43.480,,advance,0,10999844,0
2019-01-23T22:31:43.480,,advance,0,10999931,1
2019-01-23T22:31:43.480,,advance,0,10999934,0
2019-01-23T22:31:43.480,,advance,0,11000024,1
2019-01-23T22:31:43.480,,advance,0,11000029,0
2019-01-23T22:31:43.480,,advance,0,11000116,1
2019-01-23T22:31:43.480,,advance,0,11000119,0
2019-01-23T22:31:43.480,,advance,0,11000209,1
2019-01-23T22:31:43.480,,advance,0,11000213,0
2019-01-23T22:31:43.480,,advance,0,11000300,1
2019-01-23T22:31:43.480,,advance,0,11000303,0
2019-01-23T22:31:43.480,,advance,0,11000391,1
2019-01-23T22:31:43.480,,advance,0,11000395,0
2019-01-23T22:31:43.480,,advance,0,11000481,1
2019-01-23T22:31:43.480,,advance,0,11000484,0
2019-01-23T22:31:43.480,,advance,0,11000570,1
2019-01-23T22:31:43.480,,advance,0,11000575,0
2019-01-23T22:31:43.480,,advance,0,11000662,1
2019-01-23T22:31:43.480,,advance,0,11000665,0
2019-01-23T22:31:43.480,,advance,0,11000753,1
2019-01-23T22:31:43.480,,advance,0,11000757,0
2019-01-23T22:31:43.480,,advance,0,11000844,1
2019-01-23T22:31:43.480,,advance,0,11000848,0
2019-01-23T22:31:43.480,,advance,0,11000935,1
2019-01-23T22:31:43.480,,advance,0,11000939,0
2019-01-23T22:31:43.480,,advance,0,11001027,1
2019-01-23T22:31:43.480,,advance,0,11001030,0
2019-01-23T22:31:43.480,,advance,0,11001120,1
2019-01-23T22:31:43.480,,advance,0,11001124,0
2019-01-23T22:31:43.480,,advance,0,11001210,1
2019-01-23T22:31:43.480,,advance,0,11001214,0
2019-01-23T22:31:43.480,,advance,0,11001301,1
2019-01-23T22:31:43.480,,advance,0,11001305,0
2019-01-23T22:31:43.480,,advance,0,11001393,1
2019-01-23T22:31:43.480,,advance,0,11001396,0
2019-01-23T22:31:43.480,,advance,0,11001483,1
2019-01-23T22:31:43.480,,advance,0,11001487,0
2019-01-23T22:31:43.480,,advance,0,11001573,1
2019-01-23T22:31:43.480,,advance,0,11001576,0
2019-01-23T22:31:43.480,,advance,0,11001664,1
2019-01-23T22:31:43.480,,advance,0,11001668,0
2019-01-23T22:31:43.480,,advance,0,11001756,1
2019-01-23T22:31:43.480,,advance,0,11001759,0
2019-01-23T22:31:43.480,,advance,0,11001848,1
2019-01-23T22:31:43.480,,advance,0,11001853,0
2019-01-23T22:31:43.480,,advance,0,11001982,1
2019-01-23T22:31:43.480,,advance,0,11001986,0
2019-01-23T22:31:43.480,,advance,0,11002073,1
2019-01-23T22:31:43.480,,advance,0,11002078,0
2019-01-23T22:31:43.480,,configure,0,10982095,1
2019-01-23T22:31:43.480,,configure,0,10982276,0
2019-01-23T22:31:43.480,,initialize,0,10982285,1
2019-01-23T22:31:43.480,,initialize,0,10982314,0
2019-01-23T22:31:43.480,,initialize/m2n.requestMasterConnection,0,10982285,1
2019-01-23T22:31:43.480,,initialize/m2n.requestMasterConnection,0,10982299,0
2019-01-23T22:31:43.480,,initialize/m2n.requestSlavesConnection,0,10982312,1
2019-01-23T22:31:43.480,,initialize/m2n.requestSlavesConnection,0,10982312,0
2019-01-23T22:31:43.480,,initialize/partition.feedbackMesh.Fluid-Mesh,0,10982311,1
2019-01-23T22:31:43.480,,initialize/partition.feedbackMesh.Fluid-Mesh,0,10982311,0
2019-01-23T22:31:43.480,,initialize/partition.gatherMesh.Fluid-Mesh,0,10982299,1
2019-01-23T22:31:43.480,,initialize/partition.gatherMesh.Fluid-Mesh,0,10982307,0
2019-01-23T22:31:43.480,,initialize/partition.sendGlobalMesh.Fluid-Mesh,0,10982307,1
2019-01-23T22:31:43.480,,initialize/partition.sendGlobalMesh.Fluid-Mesh,0,10982309,0
2019-01-23T22:31:43.480,,initializeData,0,10982314,1
2019-01-23T22:31:43.480,,initializeData,0,10982315,0
2019-01-23T22:31:43.480,,solver.advance,0,10982520,1
2019-01-23T22:31:43.480,,solver.advance,0,10982604,0
2019-01-23T22:31:43.480,,solver.advance,0,10982609,1
2019-01-23T22:31:43.480,,solver.advance,0,10982706,0
2019-01-23T22:31:43.480,,solver.advance,0,10982710,1
2019-01-23T22:31:43.480,,solver.advance,0,10982801,0
2019-01-23T22:31:43.480,,solver.advance,0,10982805,1
2019-01-23T22:31:43.480,,solver.advance,0,10982896,0
2019-01-23T22:31:43.480,,solver.advance,0,10982900,1
2019-01-23T22:31:43.480,,solver.advance,0,10982983,0
2019-01-23T22:31:43.480,,solver.advance,0,10982986,1
2019-01-23T22:31:43.480,,solver.advance,0,10983075,0
2019-01-23T22:31:43.480,,solver.advance,0,10983079,1
2019-01-23T22:31:43.480,,solver.advance,0,10983168,0
2019-01-23T22:31:43.480,,solver.advance,0,10983172,1
2019-01-23T22:31:43.480,,solver.advance,0,10983263,0
2019-01-23T22:31:43.480,,solver.advance,0,10983267,1
2019-01-23T22:31:43.480,,solver.advance,0,10983355,0
2019-01-23T22:31:43.480,,solver.advance,0,10983358,1
2019-01-23T22:31:43.480,,solver.advance,0,10983447,0
2019-01-23T22:31:43.480,,solver.advance,0,10983451,1
2019-01-23T22:31:43.480,,solver.advance,0,10983540,0
2019-01-23T22:31:43.480,,solver.advance,0,10983545,1
2019-01-23T22:31:43.480,,solver.advance,0,10983634,0
2019-01-23T22:31:43.480,,solver.advance,0,10983638,1
2019-01-23T22:31:43.480,,solver.advance,0,10983723,0
2019-01-23T22:31:43.480,,solver.advance,0,10983726,1
2019-01-23T22:31:43.480,,solver.advance,0,10983811,0
2019-01-23T22:31:43.480,,solver.advance,0,10983816,1
2019-01-23T22:31:43.480,,solver.advance,0,10983904,0
2019-01-23T22:31:43.480,,solver.advance,0,10983908,1
2019-01-23T22:31:43.480,,solver.advance,0,10983998,0
2019-01-23T22:31:43.480,,solver.advance,0,10984001,1
2019-01-23T22:31:43.480,,solver.advance,0,10984091,0
2019-01-23T22:31:43.480,,solver.advance,0,10984096,1
2019-01-23T22:31:43.480,,solver.advance,0,10984185,0
2019-01-23T22:31:43.480,,solver.advance,0,10984190,1
2019-01-23T22:31:43.480,,solver.advance,0,10984277,0
2019-01-23T22:31:43.480,,solver.advance,0,10984280,1
2019-01-23T22:31:43.480,,solver.advance,0,10984368,0
2019-01-23T22:31:43.480,,solver.advance,0,10984374,1
2019-01-23T22:31:43.480,,solver.advance,0,10984461,0
2019-01-23T22:31:43.480,,solver.advance,0,10984466,1
2019-01-23T22:31:43.480,,solver.advance,0,10984552,0
2019-01-23T22:31:43.480,,solver.advance,0,10984556,1
2019-01-23T22:31:43.480,,solver.advance,0,10984641,0
2019-01-23T22:31:43.480,,solver.advance,0,10984647,1
2019-01-23T22:31:43.480,,solver.advance,0,10984733,0
2019-01-23T22:31:43.480,,solver.advance,0,10984738,1
2019-01-23T22:31:43.480,,solver.advance,0,10984827,0
2019-01-23T22:31:43.480,,solver.advance,0,10984830,1
2019-01-23T22:31:43.480,,solver.advance,0,10984919,0
2019-01-23T22:31:43.480,,solver.advance,0,10984926,1
2019-01-23T22:31:43.480,,solver.advance,0,10985014,0
2019-01-23T22:31:43.480,,solver.advance,0,10985020,1
2019-01-23T22:31:43.480,,solver.advance,0,10985106,0
2019-01-23T22:31:43.480,,solver.advance,0,10985110,1
2019-01-23T22:31:43.480,,solver.advance,0,10985197,0
2019-01-23T22:31:43.480,,solver.advance,0,10985203,1
2019-01-23T22:31:43.480,,solver.advance,0,10985288,0
2019-01-23T22:31:43.480,,solver.advance,0,10985292,1
2019-01-23T22:31:43.480,,solver.advance,0,10985378,0
2019-01-23T22:31:43.480,,solver.advance,0,10985384,1
2019-01-23T22:31:43.480,,solver.advance,0,10985472,0
2019-01-23T22:31:43.480,,solver.advance,0,10985476,1
2019-01-23T22:31:43.480,,solver.advance,0,10985565,0
2019-01-23T22:31:43.480,,solver.advance,0,10985571,1
2019-01-23T22:31:43.480,,solver.advance,0,10985657,0
2019-01-23T22:31:43.480,,solver.advance,0,10985660,1
2019-01-23T22:31:43.480,,solver.advance,0,10985748,0
2019-01-23T22:31:43.480,,solver.advance,0,10985753,1
2019-01-23T22:31:43.480,,solver.advance,0,10985838,0
2019-01-23T22:31:43.480,,solver.advance,0,10985842,1
2019-01-23T22:31:43.480,,solver.advance,0,10985927,0
2019-01-23T22:31:43.480,,solver.advance,0,10985933,1
2019-01-23T22:31:43.480,,solver.advance,0,10986019,0
2019-01-23T22:31:43.480,,solver.advance,0,10986023,1
2019-01-23T22:31:43.480,,solver.advance,0,10986110,0
2019-01-23T22:31:43.480,,solver.advance,0,10986115,1
2019-01-23T22:31:43.480,,solver.advance,0,10986200,0
2019-01-23T22:31:43.480,,solver.advance,0,10986203,1
2019-01-23T22:31:43.480,,solver.advance,0,10986288,0
2019-01-23T22:31:43.480,,solver.advance,0,10986293,1
2019-01-23T22:31:43.480,,solver.advance,0,10986378,0
2019-01-23T22:31:43.480,,solver.advance,0,10986382,1
2019-01-23T22:31:43.480,,solver.advance,0,10986472,0
2019-01-23T22:31:43.480,,solver.advance,0,10986481,1
2019-01-23T22:31:43.480,,solver.advance,0,10986569,0
2019-01-23T22:31:43.480,,solver.advance,0,10986573,1
2019-01-23T22:31:43.480,,solver.advance,0,10986660,0
2019-01-23T22:31:43.480,,solver.advance,0,10986665,1
2019-01-23T22:31:43.480,,solver.advance,0,10986751,0
2019-01-23T22:31:43.480,,solver.advance,0,10986754,1
2019-01-23T22:31:43.480,,solver.advance,0,10986841,0
2019-01-23T22:31:43.480,,solver.advance,0,10986846,1
2019-01-23T22:31:43.480,,solver.advance,0,10986931,0
2019-01-23T22:31:43.480,,solver.advance,0,10986935,1
2019-01-23T22:31:43.480,,solver.advance,0,10987020,0
2019-01-23T22:31:43.480,,solver.advance,0,10987025,1
2019-01-23T22:31:43.480,,solver.advance,0,10987151,0
2019-01-23T22:31:43.480,,solver.advance,0,10987156,1
2019-01-23T22:31:43.480,,solver.advance,0,10987241,0
2019-01-23T22:31:43.480,,solver.advance,0,10987245,1
2019-01-23T22:31:43.480,,solver.advance,0,10987372,0
2019-01-23T22:31:43.480,,solver.advance,0,10987376,1
2019-01-23T22:31:43.480,,solver.advance,0,10987462,0
2019-01-23T22:31:43.480,,solver.advance,0,10987467,1
2019-01-23T22:31:43.480,,solver.advance,0,10987552,0
2019-01-23T22:31:43.480,,solver.advance,0,10987556,1
2019-01-23T22:31:43.480,,solver.advance,0,10987642,0
2019-01-23T22:31:43.480,,solver.advance,0,10987646,1
2019-01-23T22:31:43.480,,solver.advance,0,10987732,0
2019-01-23T22:31:43.480,,solver.advance,0,10987735,1
2019-01-23T22:31:43.480,,solver.advance,0,10987821,0
2019-01-23T22:31:43.480,,solver.advance,0,10987826,1
2019-01-23T22:31:43.480,,solver.advance,0,10987912,0
2019-01-23T22:31:43.480,,solver.advance,0,10987915,1
2019-01-23T22:31:43.480,,solver.advance,0,10988001,0
2019-01-23T22:31:43.480,,solver.advance,0,10988006,1
2019-01-23T22:31:43.480,,solver.advance,0,10988092,0
2019-01-23T22:31:43.480,,solver.advance,0,10988095,1
2019-01-23T22:31:43.480,,solver.advance,0,10988183,0
2019-01-23T22:31:43.480,,solver.advance,0,10988187,1
2019-01-23T22:31:43.480,,solver.advance,0,10988273,0
2019-01-23T22:31:43.480,,solver.advance,0,10988276,1
2019-01-23T22:31:43.480,,solver.advance,0,10988363,0
2019-01-23T22:31:43.480,,solver.advance,0,10988367,1
2019-01-23T22:31:43.480,,solver.advance,0,10988454,0
2019-01-23T22:31:43.480,,solver.advance,0,10988457,1
2019-01-23T22:31:43.480,,solver.advance,0,10988543,0
2019-01-23T22:31:43.480,,solver.advance,0,10988548,1
2019-01-23T22:31:43.480,,solver.advance,0,10988635,0
2019-01-23T22:31:43.480,,solver.advance,0,10988638,1
2019-01-23T22:31:43.480,,solver.advance,0,10988725,0
2019-01-23T22:31:43.480,,solver.advance,0,10988729,1
2019-01-23T22:31:43.480,,solver.advance,0,10988818,0
2019-01-23T22:31:43.480,,solver.advance,0,10988821,1
2019-01-23T22:31:43.480,,solver.advance,0,10988908,0
2019-01-23T22:31:43.480,,solver.advance,0,10988913,1
2019-01-23T22:31:43.480,,solver.advance,0,10989000,0
2019-01-23T22:31:43.480,,solver.advance,0,10989003,1
2019-01-23T22:31:43.480,,solver.advance,0,10989089,0
2019-01-23T22:31:43.480,,solver.advance,0,10989094,1
2019-01-23T22:31:43.480,,solver.advance,0,10989179,0
2019-01-23T22:31:43.480,,solver.advance,0,10989183,1
2019-01-23T22:31:43.480,,solver.advance,0,10989268,0
2019-01-23T22:31:43.480,,solver.advance,0,10989273,1
2019-01-23T22:31:43.480,,solver.advance,0,10989360,0
2019-01-23T22:31:43.480,,solver.advance,0,10989363,1
2019-01-23T22:31:43.480,,solver.advance,0,10989450,0
2019-01-23T22:31:43.480,,solver.advance,0,10989455,1
2019-01-23T22:31:43.480,,solver.advance,0,10989538,0
2019-01-23T22:31:43.480,,solver.advance,0,10989542,1
2019-01-23T22:31:43.480,,solver.advance,0,10989627,0
2019-01-23T22:31:43.480,,solver.advance,0,10989631,1
2019-01-23T22:31:43.480,,solver.advance,0,10989716,0
2019-01-23T22:31:43.480,,solver.advance,0,10989720,1
2019-01-23T22:31:43.480,,solver.advance,0,10989808,0
2019-01-23T22:31:43.480,,solver.advance,0,10989812,1
2019-01-23T22:31:43.480,,solver.advance,0,10989899,0
2019-01-23T22:31:43.480,,solver.advance,0,10989902,1
2019-01-23T22:31:43.480,,solver.advance,0,10989988,0
2019-01-23T22:31:43.480,,solver.advance,0,10989993,1
2019-01-23T22:31:43.480,,solver.advance,0,10990080,0
2019-01-23T22:31:43.480,,solver.advance,0,10990084,1
2019-01-23T22:31:43.480,,solver.advance,0,10990169,0
2019-01-23T22:31:43.480,,solver.advance,0,10990174,1
2019-01-23T22:31:43.480,,solver.advance,0,10990259,0
2019-01-23T22:31:43.480,,solver.advance,0,10990262,1
2019-01-23T22:31:43.480,,solver.advance,0,10990348,0
2019-01-23T22:31:43.480,,solver.advance,0,10990352,1
2019-01-23T22:31:43.480,,solver.advance,0,10990437,0
2019-01-23T22:31:43.480,,solver.advance,0,10990441,1
2019-01-23T22:31:43.480,,solver.advance,0,10990525,0
2019-01-23T22:31:43.480,,solver.advance,0,10990530,1
2019-01-23T22:31:43.480,,solver.advance,0,10990613,0
2019-01-23T22:31:43.480,,solver.advance,0,10990616,1
2019-01-23T22:31:43.480,,solver.advance,0,10990701,0
2019-01-23T22:31:43.480,,solver.advance,0,10990705,1
2019-01-23T22:31:43.480,,solver.advance,0,10990830,0
2019-01-23T22:31:43.480,,solver.advance,0,10990834,1
2019-01-23T22:31:43.480,,solver.advance,0,10990919,0
2019-01-23T22:31:43.480,,solver.advance,0,10990923,1
2019-01-23T22:31:43.480,,solver.advance,0,10991049,0
2019-01-23T22:31:43.480,,solver.advance,0,10991053,1
2019-01-23T22:31:43.480,,solver.advance,0,10991137,0
2019-01-23T22:31:43.480,,solver.advance,0,10991142,1
2019-01-23T22:31:43.480,,solver.advance,0,10991225,0
2019-01-23T22:31:43.480,,solver.advance,0,10991229,1
2019-01-23T22:31:43.480,,solver.advance,0,10991312,0
2019-01-23T22:31:43.480,,solver.advance,0,10991317,1
2019-01-23T22:31:43.480,,solver.advance,0,10991400,0
2019-01-23T22:31:43.480,,solver.advance,0,10991403,1
2019-01-23T22:31:43.480,,solver.advance,0,10991487,0
2019-01-23T22:31:43.480,,solver.advance,0,10991491,1
2019-01-23T22:31:43.480,,solver.advance,0,10991574,0
2019-01-23T22:31:43.480,,solver.advance,0,10991578,1
2019-01-23T22:31:43.480,,solver.advance,0,10991662,0
2019-01-23T22:31:43.480,,solver.advance,0,10991667,1
2019-01-23T22:31:43.480,,solver.advance,0,10991752,0
2019-01-23T22:31:43.480,,solver.advance,0,10991755,1
2019-01-23T22:31:43.480,,solver.advance,0,10991840,0
2019-01-23T22:31:43.480,,solver.advance,0,10991844,1
2019-01-23T22:31:43.480,,solver.advance,0,10991931,0
2019-01-23T22:31:43.480,,solver.advance,0,10991934,1
2019-01-23T22:31:43.480,,solver.advance,0,10992020,0
2019-01-23T22:31:43.480,,solver.advance,0,10992024,1
2019-01-23T22:31:43.480,,solver.advance,0,10992112,0
2019-01-23T22:31:43.480,,solver.advance,0,10992115,1
2019-01-23T22:31:43.480,,solver.advance,0,10992202,0
2019-01-23T22:31:43.480,,solver.advance,0,10992207,1
2019-01-23T22:31:43.480,,solver.advance,0,10992294,0
2019-01-23T22:31:43.480,,solver.advance,0,10992297,1
2019-01-23T22:31:43.480,,solver.advance,0,10992385,0
2019-01-23T22:31:43.480,,solver.advance,0,10992389,1
2019-01-23T22:31:43.480,,solver.advance,0,10992475,0
2019-01-23T22:31:43.480,,solver.advance,0,10992479,1
2019-01-23T22:31:43.480,,solver.advance,0,10992567,0
2019-01-23T22:31:43.480,,solver.advance,0,10992571,1
2019-01-23T22:31:43.480,,solver.advance,0,10992658,0
2019-01-23T22:31:43.480,,solver.advance,0,10992661,1
2019-01-23T22:31:43.480,,solver.advance,0,10992749,0
2019-01-23T22:31:43.480,,solver.advance,0,10992753,1
2019-01-23T22:31:43.480,,solver.advance,0,10992841,0
2019-01-23T22:31:43.480,,solver.advance,0,10992845,1
2019-01-23T22:31:43.480,,solver.advance,0,10992932,0
2019-01-23T22:31:43.480,,solver.advance,0,10992936,1
2019-01-23T22:31:43.480,,solver.advance,0,10993023,0
2019-01-23T22:31:43.480,,solver.advance,0,10993027,1
2019-01-23T22:31:43.480,,solver.advance,0,10993115,0
2019-01-23T22:31:43.480,,solver.advance,0,10993120,1
2019-01-23T22:31:43.480,,solver.advance,0,10993207,0
2019-01-23T22:31:43.480,,solver.advance,0,10993211,1
2019-01-23T22:31:43.480,,solver.advance,0,10993297,0
2019-01-23T22:31:43.480,,solver.advance,0,10993301,1
2019-01-23T22:31:43.480,,solver.advance,0,10993387,0
2019-01-23T22:31:43.480,,solver.advance,0,10993391,1
2019-01-23T22:31:43.480,,solver.advance,0,10993478,0
2019-01-23T22:31:43.480,,solver.advance,0,10993483,1
2019-01-23T22:31:43.480,,solver.advance,0,10993569,0
2019-01-23T22:31:43.480,,solver.advance,0,10993572,1
2019-01-23T22:31:43.480,,solver.advance,0,10993659,0
2019-01-23T22:31:43.480,,solver.advance,0,10993663,1
2019-01-23T22:31:43.480,,solver.advance,0,10993750,0
2019-01-23T22:31:43.480,,solver.advance,0,10993753,1
2019-01-23T22:31:43.480,,solver.advance,0,10993839,0
2019-01-23T22:31:43.480,,solver.advance,0,10993844,1
2019-01-23T22:31:43.480,,solver.advance,0,10993930,0
2019-01-23T22:31:43.480,,solver.advance,0,10993933,1
2019-01-23T22:31:43.480,,solver.advance,0,10994020,0
2019-01-23T22:31:43.480,,solver.advance,0,10994025,1
2019-01-23T22:31:43.480,,solver.advance,0,10994111,0
2019-01-23T22:31:43.480,,solver.advance,0,10994114,1
2019-01-23T22:31:43.480,,solver.advance,0,10994201,0
2019-01-23T22:31:43.480,,solver.advance,0,10994205,1
2019-01-23T22:31:43.480,,solver.advance,0,10994291,0
2019-01-23T22:31:43.480,,solver.advance,0,10994294,1
2019-01-23T22:31:43.480,,solver.advance,0,10994380,0
2019-01-23T22:31:43.480,,solver.advance,0,10994385,1
2019-01-23T22:31:43.480,,solver.advance,0,10994513,0
2019-01-23T22:31:43.480,,solver.advance,0,10994518,1
2019-01-23T22:31:43.480,,solver.advance,0,10994604,0
2019-01-23T22:31:43.480,,solver.advance,0,10994609,1
2019-01-23T22:31:43.480,,solver.advance,0,10994737,0
2019-01-23T22:31:43.480,,solver.advance,0,10994741,1
2019-01-23T22:31:43.480,,solver.advance,0,10994828,0
2019-01-23T22:31:43.480,,solver.advance,0,10994833,1
2019-01-23T22:31:43.480,,solver.advance,0,10994919,0
2019-01-23T22:31:43.480,,solver.advance,0,10994922,1
2019-01-23T22:31:43.480,,solver.advance,0,10995009,0
2019-01-23T22:31:43.480,,solver.advance,0,10995013,1
2019-01-23T22:31:43.480,,solver.advance,0,10995099,0
2019-01-23T22:31:43.480,,solver.advance,0,10995102,1
2019-01-23T22:31:43.480,,solver.advance,0,10995188,0
2019-01-23T22:31:43.480,,solver.advance,0,10995193,1
2019-01-23T22:31:43.480,,solver.advance,0,10995280,0
2019-01-23T22:31:43.480,,solver.advance,0,10995283,1
2019-01-23T22:31:43.480,,solver.advance,0,10995369,0
2019-01-23T22:31:43.480,,solver.advance,0,10995374,1
2019-01-23T22:31:43.480,,solver.advance,0,10995460,0
2019-01-23T22:31:43.480,,solver.advance,0,10995463,1
2019-01-23T22:31:43.480,,solver.advance,0,10995551,0
2019-01-23T22:31:43.480,,solver.advance,0,10995555,1
2019-01-23T22:31:43.480,,solver.advance,0,10995641,0
2019-01-23T22:31:43.480,,solver.advance,0,10995645,1
2019-01-23T22:31:43.480,,solver.advance,0,10995731,0
2019-01-23T22:31:43.480,,solver.advance,0,10995736,1
2019-01-23T22:31:43.480,,solver.advance,0,10995822,0
2019-01-23T22:31:43.480,,solver.advance,0,10995825,1
2019-01-23T22:31:43.480,,solver.advance,0,10995912,0
2019-01-23T22:31:43.480,,solver.advance,0,10995917,1
2019-01-23T22:31:43.480,,solver.advance,0,10996004,0
2019-01-23T22:31:43.480,,solver.advance,0,10996007,1
2019-01-23T22:31:43.480,,solver.advance,0,10996094,0
2019-01-23T22:31:43.480,,solver.advance,0,10996099,1
2019-01-23T22:31:43.480,,solver.advance,0,10996185,0
2019-01-23T22:31:43.480,,solver.advance,0,10996189,1
2019-01-23T22:31:43.480,,solver.advance,0,10996275,0
2019-01-23T22:31:43.480,,solver.advance,0,10996280,1
2019-01-23T22:31:43.480,,solver.advance,0,10996366,0
2019-01-23T22:31:43.480,,solver.advance,0,10996369,1
2019-01-23T22:31:43.480,,solver.advance,0,10996456,0
2019-01-23T22:31:43.480,,solver.advance,0,10996460,1
2019-01-23T22:31:43.480,,solver.advance,0,10996546,0
2019-01-23T22:31:43.480,,solver.advance,0,10996550,1
2019-01-23T22:31:43.480,,solver.advance,0,10996637,0
2019-01-23T22:31:43.480,,solver.advance,0,10996642,1
2019-01-23T22:31:43.480,,solver.advance,0,10996729,0
2019-01-23T22:31:43.480,,solver.advance,0,10996732,1
2019-01-23T22:31:43.480,,solver.advance,0,10996819,0
2019-01-23T22:31:43.480,,solver.advance,0,10996823,1
2019-01-23T22:31:43.480,,solver.advance,0,10996912,0
2019-01-23T22:31:43.480,,solver.advance,0,10996917,1
2019-01-23T22:31:43.480,,solver.advance,0,10997018,0
2019-01-23T22:31:43.480,,solver.advance,0,10997023,1
2019-01-23T22:31:43.480,,solver.advance,0,10997124,0
2019-01-23T22:31:43.480,,solver.advance,0,10997127,1
2019-01-23T22:31:43.480,,solver.advance,0,10997215,0
2019-01-23T22:31:43.480,,solver.advance,0,10997220,1
2019-01-23T22:31:43.480,,solver.advance,0,10997306,0
2019-01-23T22:31:43.480,,solver.advance,0,10997309,1
2019-01-23T22:31:43.480,,solver.advance,0,10997395,0
2019-01-23T22:31:43.480,,solver.advance,0,10997399,1
2019-01-23T22:31:43.480,,solver.advance,0,10997485,0
2019-01-23T22:31:43.480,,solver.advance,0,10997489,1
2019-01-23T22:31:43.480,,solver.advance,0,10997576,0
2019-01-23T22:31:43.480,,solver.advance,0,10997581,1
2019-01-23T22:31:43.480,,solver.advance,0,10997667,0
2019-01-23T22:31:43.480,,solver.advance,0,10997670,1
2019-01-23T22:31:43.480,,solver.advance,0,10997757,0
2019-01-23T22:31:43.480,,solver.advance,0,10997762,1
2019-01-23T22:31:43.480,,solver.advance,0,10997849,0
2019-01-23T22:31:43.480,,solver.advance,0,10997852,1
2019-01-23T22:31:43.480,,solver.advance,0,10997939,0
2019-01-23T22:31:43.480,,solver.advance,0,10997944,1
2019-01-23T22:31:43.480,,solver.advance,0,10998032,0
2019-01-23T22:31:43.480,,solver.advance,0,10998035,1
2019-01-23T22:31:43.480,,solver.advance,0,10998121,0
2019-01-23T22:31:43.480,,solver.advance,0,10998126,1
2019-01-23T22:31:43.480,,solver.advance,0,10998256,0
2019-01-23T22:31:43.480,,solver.advance,0,10998260,1
2019-01-23T22:31:43.480,,solver.advance,0,10998347,0
2019-01-23T22:31:43.480,,solver.advance,0,10998351,1
2019-01-23T22:31:43.480,,solver.advance,0,10998481,0
2019-01-23T22:31:43.480,,solver.advance,0,10998485,1
2019-01-23T22:31:43.480,,solver.advance,0,10998572,0
2019-01-23T22:31:43.480,,solver.advance,0,10998576,1
2019-01-23T22:31:43.480,,solver.advance,0,10998662,0
2019-01-23T22:31:43.480,,solver.advance,0,10998666,1
2019-01-23T22:31:43.480,,solver.advance,0,10998752,0
2019-01-23T22:31:43.480,,solver.advance,0,10998757,1
2019-01-23T22:31:43.480,,solver.advance,0,10998842,0
2019-01-23T22:31:43.480,,solver.advance,0,10998846,1
2019-01-23T22:31:43.480,,solver.advance,0,10998932,0
2019-01-23T22:31:43.480,,solver.advance,0,10998936,1
2019-01-23T22:31:43.480,,solver.advance,0,10999024,0
2019-01-23T22:31:43.480,,solver.advance,0,10999027,1
2019-01-23T22:31:43.480,,solver.advance,0,10999114,0
2019-01-23T22:31:43.480,,solver.advance,0,10999119,1
2019-01-23T22:31:43.480,,solver.advance,0,10999205,0
2019-01-23T22:31:43.480,,solver.advance,0,10999208,1
2019-01-23T22:31:43.480,,solver.advance,0,10999295,0
2019-01-23T22:31:43.480,,solver.advance,0,10999299,1
2019-01-23T22:31:43.480,,solver.advance,0,10999385,0
2019-01-23T22:31:43.480,,solver.advance,0,10999389,1
2019-01-23T22:31:43.480,,solver.advance,0,10999476,0
2019-01-23T22:31:43.480,,solver.advance,0,10999481,1
2019-01-23T22:31:43.480,,solver.advance,0,10999568,0
2019-01-23T22:31:43.480,,solver.advance,0,10999571,1
2019-01-23T22:31:43.480,,solver.advance,0,10999658,0
2019-01-23T22:31:43.480,,solver.advance,0,10999663,1
2019-01-23T22:31:43.480,,solver.advance,0,10999749,0
2019-01-23T22:31:43.480,,solver.advance,0,10999752,1
2019-01-23T22:31:43.480,,solver.advance,0,10999839,0
2019-01-23T22:31:43.480,,solver.advance,0,10999844,1
2019-01-23T22:31:43.480,,solver.advance,0,10999931,0
2019-01-23T22:31:43.480,,solver.advance,0,10999934,1
2019-01-23T22:31:43.480,,solver.advance,0,11000024,0
2019-01-23T22:31:43.480,,solver.advance,0,11000029,1
2019-01-23T22:31:43.480,,solver.advance,0,11000116,0
2019-01-23T22:31:43.480,,solver.advance,0,11000119,1
2019-01-23T22:31:43.480,,solver.advance,0,11000209,0
2019-01-23T22:31:43.480,,solver.advance,0,11000213,1
2019-01-23T22:31:43.480,,solver.advance,0,11000300,0
2019-01-23T22:31:43.480,,solver.advance,0,11000303,1
2019-01-23T22:31:43.480,,solver.advance,0,11000391,0
2019-01-23T22:31:43.480,,solver.advance,0,11000395,1
2019-01-23T22:31:43.480,,solver.advance,0,11000481,0
2019-01-23T22:31:43.480,,solver.advance,0,11000484,1
2019-01-23T22:31:43.480,,solver.advance,0,11000570,0
2019-01-23T22:31:43.480,,solver.advance,0,11000575,1
2019-01-23T22:31:43.480,,solver.advance,0,11000662,0
2019-01-23T22:31:43.480,,solver.advance,0,11000665,1
2019-01-23T22:31:43.480,,solver.advance,0,11000753,0
2019-01-23T22:31:43.480,,solver.advance,0,11000757,1
2019-01-23T22:31:43.480,,solver.advance,0,11000844,0
2019-01-23T22:31:43.480,,solver.advance,0,11000848,1
2019-01-23T22:31:43.480,,solver.advance,0,11000935,0
2019-01-23T22:31:43.480,,solver.advance,0,11000939,1
2019-01-23T22:31:43.480,,solver.advance,0,11001027,0
2019-01-23T22:31:43.480,,solver.advance,0,11001030,1
2019-01-23T22:31:43.480,,solver.advance,0,11001120,0
2019-01-23T22:31:43.480,,solver.advance,0,11001124,1
2019-01-23T22:31:43.480,,solver.advance,0,11001210,0
2019-01-23T22:31:43.480,,solver.advance,0,11001214,1
2019-01-23T22:31:43.480,,solver.advance,0,11001301,0
2019-01-23T22:31:43.480,,solver.advance,0,11001305,1
2019-01-23T22:31:43.480,,solver.advance,0,11001393,0
2019-01-23T22:31:43.480,,solver.advance,0,11001396,1
2019-01-23T22:31:43.480,,solver.advance,0,11001483,0
2019-01-23T22:31:43.480,,solver.advance,0,11001487,1
2019-01-23T22:31:43.480,,solver.advance,0,11001573,0
2019-01-23T22:31:43.480,,solver.advance,0,11001576,1
2019-01-23T22:31:43.480,,solver.advance,0,11001664,0
2019-01-23T22:31:43.480,,solver.advance,0,11001668,1
2019-01-23T22:31:43.480,,solver.advance,0,11001756,0
2019-01-23T22:31:43.480,,solver.advance,0,11001759,1
2019-01-23T22:31:43.480,,solver.advance,0,11001848,0
2019-01-23T22:31:43.480,,solver.advance,0,11001853,1
2019-01-23T22:31:43.480,,solver.advance,0,11001982,0
2019-01-23T22:31:43.480,,solver.advance,0,11001986,1
2019-01-23T22:31:43.480,,solver.advance,0,11002073,0
2019-01-23T22:31:43.480,,solver.advance,0,11002078,1
2019-01-23T22:31:43.480,,solver.advance,0,11002120,0
2019-01-23T22:31:43.480,,solver.initialize,0,10982276,1
2019-01-23T22:31:43.480,,solver.initialize,0,10982285,2
2019-01-23T22:31:43.480,,solver.initialize,0,10982314,1
2019-01-23T22:31:43.480,,solver.initialize,0,10982314,2
2019-01-23T22:31:43.480,,solver.initialize,0,10982315,1
2019-01-23T22:31:43.480,,solver.initialize,0,10982444,0
2019-01-23T22:46:40.657,,_GLOBAL,0,11863997,1
2019-01-23T22:46:40.657,,_GLOBAL,0,11899340,0
2019-01-23T22:46:40.657,,advance,0,11878844,1
2019-01-23T22:46:40.657,,advance,0,11878924,0
2019-01-23T22:46:40.657,,advance,0,11879014,1
2019-01-23T22:46:40.657,,advance,0,11879018,0
2019-01-23T22:46:40.657,,advance,0,11879113,1
2019-01-23T22:46:40.657,,advance,0,11879117,0
2019-01-23T22:46:40.657,,advance,0,11879212,1
2019-01-23T22:46:40.657,,advance,0,11879215,0
2019-01-23T22:46:40.657,,advance,0,11879310,1
2019-01-23T22:46:40.657,,advance,0,11879314,0
2019-01-23T22:46:40.657,,advance,0,11879400,1
2019-01-23T22:46:40.657,,advance,0,11879403,0
2019-01-23T22:46:40.657,,advance,0,11879495,1
2019-01-23T22:46:40.657,,advance,0,11879499,0
2019-01-23T22:46:40.657,,advance,0,11879590,1
2019-01-23T22:46:40.657,,advance,0,11879594,0
2019-01-23T22:46:40.657,,advance,0,11879687,1
2019-01-23T22:46:40.657,,advance,0,11879691,0
2019-01-23T22:46:40.657,,advance,0,11879784,1
2019-01-23T22:46:40.657,,advance,0,11879787,0
2019-01-23T22:46:40.657,,advance,0,11879879,1
2019-01-23T22:46:40.657,,advance,0,11879884,0
2019-01-23T22:46:40.657,,advance,0,11879976,1
2019-01-23T22:46:40.657,,advance,0,11879981,0
2019-01-23T22:46:40.657,,advance,0,11880074,1
2019-01-23T22:46:40.657,,advance,0,11880079,0
2019-01-23T22:46:40.657,,advance,0,11880166,1
2019-01-23T22:46:40.657,,advance,0,11880170,0
2019-01-23T22:46:40.657,,advance,0,11880259,1
2019-01-23T22:46:40.657,,advance,0,11880264,0
2019-01-23T22:46:40.657,,advance,0,11880352,1
2019-01-23T22:46:40.657,,advance,0,11880357,0
2019-01-23T22:46:40.657,,advance,0,11880449,1
2019-01-23T22:46:40.657,,advance,0,11880452,0
2019-01-23T22:46:40.657,,advance,0,11880544,1
2019-01-23T22:46:40.657,,advance,0,11880550,0
2019-01-23T22:46:40.657,,advance,0,11880642,1
2019-01-23T22:46:40.657,,advance,0,11880647,0
2019-01-23T22:46:40.657,,advance,0,11880738,1
2019-01-23T22:46:40.657,,advance,0,11880741,0
2019-01-23T22:46:40.657,,advance,0,11880833,1
2019-01-23T22:46:40.657,,advance,0,11880838,0
2019-01-23T22:46:40.657,,advance,0,11880929,1
2019-01-23T22:46:40.657,,advance,0,11880934,0
2019-01-23T22:46:40.657,,advance,0,11881023,1
2019-01-23T22:46:40.657,,advance,0,11881027,0
2019-01-23T22:46:40.657,,advance,0,11881116,1
2019-01-23T22:46:40.657,,advance,0,11881121,0
2019-01-23T22:46:40.657,,advance,0,11881212,1
2019-01-23T22:46:40.657,,advance,0,11881217,0
2019-01-23T22:46:40.657,,advance,0,11881310,1
2019-01-23T22:46:40.657,,advance,0,11881313,0
2019-01-23T22:46:40.657,,advance,0,11881406,1
2019-01-23T22:46:40.657,,advance,0,11881413,0
2019-01-23T22:46:40.657,,advance,0,11881504,1
2019-01-23T22:46:40.657,,advance,0,11881511,0
2019-01-23T22:46:40.657,,advance,0,11881602,1
2019-01-23T22:46:40.657,,advance,0,11881606,0
2019-01-23T22:46:40.657,,advance,0,11881696,1
2019-01-23T22:46:40.657,,advance,0,11881702,0
2019-01-23T22:46:40.657,,advance,0,11881791,1
2019-01-23T22:46:40.657,,advance,0,11881795,0
2019-01-23T22:46:40.657,,advance,0,11881884,1
2019-01-23T22:46:40.657,,advance,0,11881890,0
2019-01-23T22:46:40.657,,advance,0,11881984,1
2019-01-23T22:46:40.657,,advance,0,11881988,0
2019-01-23T22:46:40.657,,advance,0,11882082,1
2019-01-23T22:46:40.657,,advance,0,11882088,0
2019-01-23T22:46:40.657,,advance,0,11882177,1
2019-01-23T22:46:40.657,,advance,0,11882181,0
2019-01-23T22:46:40.657,,advance,0,11882271,1
2019-01-23T22:46:40.657,,advance,0,11882277,0
2019-01-23T22:46:40.657,,advance,0,11882366,1
2019-01-23T22:46:40.657,,advance,0,11882369,0
2019-01-23T22:46:40.657,,advance,0,11882458,1
2019-01-23T22:46:40.657,,advance,0,11882464,0
2019-01-23T22:46:40.657,,advance,0,11882553,1
2019-01-23T22:46:40.657,,advance,0,11882557,0
2019-01-23T22:46:40.657,,advance,0,11882649,1
2019-01-23T22:46:40.657,,advance,0,11882654,0
2019-01-23T22:46:40.657,,advance,0,11882742,1
2019-01-23T22:46:40.657,,advance,0,11882746,0
2019-01-23T22:46:40.657,,advance,0,11882834,1
2019-01-23T22:46:40.657,,advance,0,11882839,0
2019-01-23T22:46:40.657,,advance,0,11882925,1
2019-01-23T22:46:40.657,,advance,0,11882929,0
2019-01-23T22:46:40.657,,advance,0,11883018,1
2019-01-23T22:46:40.657,,advance,0,11883024,0
2019-01-23T22:46:40.657,,advance,0,11883112,1
2019-01-23T22:46:40.657,,advance,0,11883116,0
2019-01-23T22:46:40.657,,advance,0,11883205,1
2019-01-23T22:46:40.657,,advance,0,11883210,0
2019-01-23T22:46:40.657,,advance,0,11883300,1
2019-01-23T22:46:40.657,,advance,0,11883303,0
2019-01-23T22:46:40.657,,advance,0,11883394,1
2019-01-23T22:46:40.657,,advance,0,11883398,0
2019-01-23T22:46:40.657,,advance,0,11883488,1
2019-01-23T22:46:40.657,,advance,0,11883492,0
2019-01-23T22:46:40.657,,advance,0,11883582,1
2019-01-23T22:46:40.657,,advance,0,11883586,0
2019-01-23T22:46:40.657,,advance,0,11883716,1
2019-01-23T22:46:40.657,,advance,0,11883720,0
2019-01-23T22:46:40.657,,advance,0,11883810,1
2019-01-23T22:46:40.657,,advance,0,11883814,0
2019-01-23T22:46:40.657,,advance,0,11883948,1
2019-01-23T22:46:40.657,,advance,0,11883953,0
2019-01-23T22:46:40.657,,advance,0,11884042,1
2019-01-23T22:46:40.657,,advance,0,11884047,0
2019-01-23T22:46:40.657,,advance,0,11884137,1
2019-01-23T22:46:40.657,,advance,0,11884140,0
2019-01-23T22:46:40.657,,advance,0,11884231,1
2019-01-23T22:46:40.657,,advance,0,11884238,0
2019-01-23T22:46:40.657,,advance,0,11884342,1
2019-01-23T22:46:40.657,,advance,0,11884346,0
2019-01-23T22:46:40.657,,advance,0,11884442,1
2019-01-23T22:46:40.657,,advance,0,11884446,0
2019-01-23T22:46:40.657,,advance,0,11884535,1
2019-01-23T22:46:40.657,,advance,0,11884539,0
2019-01-23T22:46:40.657,,advance,0,11884629,1
2019-01-23T22:46:40.657,,advance,0,11884633,0
2019-01-23T22:46:40.657,,advance,0,11884722,1
2019-01-23T22:46:40.657,,advance,0,11884726,0
2019-01-23T22:46:40.657,,advance,0,11884815,1
2019-01-23T22:46:40.657,,advance,0,11884819,0
2019-01-23T22:46:40.657,,advance,0,11884908,1
2019-01-23T22:46:40.657,,advance,0,11884911,0
2019-01-23T22:46:40.657,,advance,0,11885002,1
2019-01-23T22:46:40.657,,advance,0,11885006,0
2019-01-23T22:46:40.657,,advance,0,11885097,1
2019-01-23T22:46:40.657,,advance,0,11885100,0
2019-01-23T22:46:40.657,,advance,0,11885191,1
2019-01-23T22:46:40.657,,advance,0,11885196,0
2019-01-23T22:46:40.657,,advance,0,11885288,1
2019-01-23T22:46:40.657,,advance,0,11885291,0
2019-01-23T22:46:40.657,,advance,0,11885381,1
2019-01-23T22:46:40.657,,advance,0,11885386,0
2019-01-23T22:46:40.657,,advance,0,11885475,1
2019-01-23T22:46:40.657,,advance,0,11885478,0
2019-01-23T22:46:40.657,,advance,0,11885568,1
2019-01-23T22:46:40.657,,advance,0,11885573,0
2019-01-23T22:46:40.657,,advance,0,11885664,1
2019-01-23T22:46:40.657,,advance,0,11885667,0
2019-01-23T22:46:40.657,,advance,0,11885759,1
2019-01-23T22:46:40.657,,advance,0,11885764,0
2019-01-23T22:46:40.657,,advance,0,11885852,1
2019-01-23T22:46:40.657,,advance,0,11885855,0
2019-01-23T22:46:40.657,,advance,0,11885945,1
2019-01-23T22:46:40.657,,advance,0,11885950,0
2019-01-23T22:46:40.657,,advance,0,11886043,1
2019-01-23T22:46:40.657,,advance,0,11886046,0
2019-01-23T22:46:40.657,,advance,0,11886136,1
2019-01-23T22:46:40.657,,advance,0,11886141,0
2019-01-23T22:46:40.657,,advance,0,11886229,1
2019-01-23T22:46:40.657,,advance,0,11886232,0
2019-01-23T22:46:40.657,,advance,0,11886321,1
2019-01-23T22:46:40.657,,advance,0,11886326,0
2019-01-23T22:46:40.657,,advance,0,11886414,1
2019-01-23T22:46:40.657,,advance,0,11886417,0
2019-01-23T22:46:40.657,,advance,0,11886506,1
2019-01-23T22:46:40.657,,advance,0,11886511,0
2019-01-23T22:46:40.657,,advance,0,11886599,1
2019-01-23T22:46:40.657,,advance,0,11886603,0
2019-01-23T22:46:40.657,,advance,0,11886691,1
2019-01-23T22:46:40.657,,advance,0,11886696,0
2019-01-23T22:46:40.657,,advance,0,11886784,1
2019-01-23T22:46:40.657,,advance,0,11886788,0
2019-01-23T22:46:40.657,,advance,0,11886877,1
2019-01-23T22:46:40.657,,advance,0,11886881,0
2019-01-23T22:46:40.657,,advance,0,11886969,1
2019-01-23T22:46:40.657,,advance,0,11886972,0
2019-01-23T22:46:40.657,,advance,0,11887062,1
2019-01-23T22:46:40.657,,advance,0,11887066,0
2019-01-23T22:46:40.657,,advance,0,11887156,1
2019-01-23T22:46:40.657,,advance,0,11887159,0
2019-01-23T22:46:40.657,,advance,0,11887247,1
2019-01-23T22:46:40.657,,advance,0,11887252,0
2019-01-23T22:46:40.657,,advance,0,11887340,1
2019-01-23T22:46:40.657,,advance,0,11887343,0
2019-01-23T22:46:40.657,,advance,0,11887429,1
2019-01-23T22:46:40.657,,advance,0,11887434,0
2019-01-23T22:46:40.657,,advance,0,11887564,1
2019-01-23T22:46:40.657,,advance,0,11887568,0
2019-01-23T22:46:40.657,,advance,0,11887657,1
2019-01-23T22:46:40.657,,advance,0,11887661,0
2019-01-23T22:46:40.657,,advance,0,11887792,1
2019-01-23T22:46:40.657,,advance,0,11887796,0
2019-01-23T22:46:40.657,,advance,0,11887884,1
2019-01-23T22:46:40.657,,advance,0,11887888,0
2019-01-23T22:46:40.657,,advance,0,11887975,1
2019-01-23T22:46:40.657,,advance,0,11887978,0
2019-01-23T22:46:40.657,,advance,0,11888066,1
2019-01-23T22:46:40.657,,advance,0,11888071,0
2019-01-23T22:46:40.657,,advance,0,11888159,1
2019-01-23T22:46:40.657,,advance,0,11888163,0
2019-01-23T22:46:40.657,,advance,0,11888250,1
2019-01-23T22:46:40.657,,advance,0,11888255,0
2019-01-23T22:46:40.657,,advance,0,11888341,1
2019-01-23T22:46:40.657,,advance,0,11888345,0
2019-01-23T22:46:40.657,,advance,0,11888432,1
2019-01-23T22:46:40.657,,advance,0,11888436,0
2019-01-23T22:46:40.657,,advance,0,11888523,1
2019-01-23T22:46:40.657,,advance,0,11888527,0
2019-01-23T22:46:40.657,,advance,0,11888615,1
2019-01-23T22:46:40.657,,advance,0,11888620,0
2019-01-23T22:46:40.657,,advance,0,11888710,1
2019-01-23T22:46:40.657,,advance,0,11888713,0
2019-01-23T22:46:40.657,,advance,0,11888801,1
2019-01-23T22:46:40.657,,advance,0,11888806,0
2019-01-23T22:46:40.657,,advance,0,11888896,1
2019-01-23T22:46:40.657,,advance,0,11888899,0
2019-01-23T22:46:40.657,,advance,0,11888990,1
2019-01-23T22:46:40.657,,advance,0,11888994,0
2019-01-23T22:46:40.657,,advance,0,11889085,1
2019-01-23T22:46:40.657,,advance,0,11889088,0
2019-01-23T22:46:40.657,,advance,0,11889178,1
2019-01-23T22:46:40.657,,advance,0,11889183,0
2019-01-23T22:46:40.657,,advance,0,11889273,1
2019-01-23T22:46:40.657,,advance,0,11889277,0
2019-01-23T22:46:40.657,,advance,0,11889366,1
2019-01-23T22:46:40.657,,advance,0,11889370,0
2019-01-23T22:46:40.657,,advance,0,11889461,1
2019-01-23T22:46:40.657,,advance,0,11889464,0
2019-01-23T22:46:40.657,,advance,0,11889554,1
2019-01-23T22:46:40.657,,advance,0,11889559,0
2019-01-23T22:46:40.657,,advance,0,11889649,1
2019-01-23T22:46:40.657,,advance,0,11889652,0
2019-01-23T22:46:40.657,,advance,0,11889744,1
2019-01-23T22:46:40.657,,advance,0,11889748,0
2019-01-23T22:46:40.657,,advance,0,11889843,1
2019-01-23T22:46:40.657,,advance,0,11889846,0
2019-01-23T22:46:40.657,,advance,0,11889939,1
2019-01-23T22:46:40.657,,advance,0,11889943,0
2019-01-23T22:46:40.657,,advance,0,11890035,1
2019-01-23T22:46:40.657,,advance,0,11890038,0
2019-01-23T22:46:40.657,,advance,0,11890130,1
2019-01-23T22:46:40.657,,advance,0,11890134,0
2019-01-23T22:46:40.657,,advance,0,11890225,1
2019-01-23T22:46:40.657,,advance,0,11890229,0
2019-01-23T22:46:40.657,,advance,0,11890320,1
2019-01-23T22:46:40.657,,advance,0,11890325,0
2019-01-23T22:46:40.657,,advance,0,11890416,1
2019-01-23T22:46:40.657,,advance,0,11890420,0
2019-01-23T22:46:40.657,,advance,0,11890510,1
2019-01-23T22:46:40.657,,advance,0,11890516,0
2019-01-23T22:46:40.657,,advance,0,11890605,1
2019-01-23T22:46:40.657,,advance,0,11890609,0
2019-01-23T22:46:40.657,,advance,0,11890699,1
2019-01-23T22:46:40.657,,advance,0,11890704,0
2019-01-23T22:46:40.657,,advance,0,11890796,1
2019-01-23T22:46:40.657,,advance,0,11890799,0
2019-01-23T22:46:40.657,,advance,0,11890891,1
2019-01-23T22:46:40.657,,advance,0,11890895,0
2019-01-23T22:46:40.657,,advance,0,11890983,1
2019-01-23T22:46:40.657,,advance,0,11890987,0
2019-01-23T22:46:40.657,,advance,0,11891076,1
2019-01-23T22:46:40.657,,advance,0,11891081,0
2019-01-23T22:46:40.657,,advance,0,11891170,1
2019-01-23T22:46:40.657,,advance,0,11891174,0
2019-01-23T22:46:40.657,,advance,0,11891265,1
2019-01-23T22:46:40.657,,advance,0,11891269,0
2019-01-23T22:46:40.657,,advance,0,11891404,1
2019-01-23T22:46:40.657,,advance,0,11891409,0
2019-01-23T22:46:40.657,,advance,0,11891499,1
2019-01-23T22:46:40.657,,advance,0,11891503,0
2019-01-23T22:46:40.657,,advance,0,11891636,1
2019-01-23T22:46:40.657,,advance,0,11891640,0
2019-01-23T22:46:40.657,,advance,0,11891730,1
2019-01-23T22:46:40.657,,advance,0,11891734,0
2019-01-23T22:46:40.657,,advance,0,11891824,1
2019-01-23T22:46:40.657,,advance,0,11891828,0
2019-01-23T22:46:40.657,,advance,0,11891917,1
2019-01-23T22:46:40.657,,advance,0,11891922,0
2019-01-23T22:46:40.657,,advance,0,11892011,1
2019-01-23T22:46:40.657,,advance,0,11892015,0
2019-01-23T22:46:40.657,,advance,0,11892104,1
2019-01-23T22:46:40.657,,advance,0,11892109,0
2019-01-23T22:46:40.657,,advance,0,11892199,1
2019-01-23T22:46:40.657,,advance,0,11892202,0
2019-01-23T22:46:40.657,,advance,0,11892293,1
2019-01-23T22:46:40.657,,advance,0,11892297,0
2019-01-23T22:46:40.657,,advance,0,11892387,1
2019-01-23T22:46:40.657,,advance,0,11892390,0
2019-01-23T22:46:40.657,,advance,0,11892480,1
2019-01-23T22:46:40.657,,advance,0,11892485,0
2019-01-23T22:46:40.657,,advance,0,11892575,1
2019-01-23T22:46:40.657,,advance,0,11892580,0
2019-01-23T22:46:40.657,,advance,0,11892669,1
2019-01-23T22:46:40.657,,advance,0,11892674,0
2019-01-23T22:46:40.657,,advance,0,11892764,1
2019-01-23T22:46:40.657,,advance,0,11892769,0
2019-01-23T22:46:40.657,,advance,0,11892857,1
2019-01-23T22:46:40.657,,advance,0,11892862,0
2019-01-23T22:46:40.657,,advance,0,11892952,1
2019-01-23T22:46:40.657,,advance,0,11892956,0
2019-01-23T22:46:40.657,,advance,0,11893046,1
2019-01-23T22:46:40.657,,advance,0,11893051,0
2019-01-23T22:46:40.657,,advance,0,11893141,1
2019-01-23T22:46:40.657,,advance,0,11893145,0
2019-01-23T22:46:40.657,,advance,0,11893236,1
2019-01-23T22:46:40.657,,advance,0,11893240,0
2019-01-23T22:46:40.657,,advance,0,11893330,1
2019-01-23T22:46:40.657,,advance,0,11893333,0
2019-01-23T22:46:40.657,,advance,0,11893423,1
2019-01-23T22:46:40.657,,advance,0,11893428,0
2019-01-23T22:46:40.657,,advance,0,11893517,1
2019-01-23T22:46:40.657,,advance,0,11893520,0
2019-01-23T22:46:40.657,,advance,0,11893611,1
2019-01-23T22:46:40.657,,advance,0,11893615,0
2019-01-23T22:46:40.657,,advance,0,11893706,1
2019-01-23T22:46:40.657,,advance,0,11893709,0
2019-01-23T22:46:40.657,,advance,0,11893798,1
2019-01-23T22:46:40.657,,advance,0,11893802,0
2019-01-23T22:46:40.657,,advance,0,11893892,1
2019-01-23T22:46:40.657,,advance,0,11893896,0
2019-01-23T22:46:40.657,,advance,0,11893986,1
2019-01-23T22:46:40.657,,advance,0,11893990,0
2019-01-23T22:46:40.657,,advance,0,11894085,1
2019-01-23T22:46:40.657,,advance,0,11894088,0
2019-01-23T22:46:40.657,,advance,0,11894178,1
2019-01-23T22:46:40.657,,advance,0,11894183,0
2019-01-23T22:46:40.657,,advance,0,11894275,1
2019-01-23T22:46:40.657,,advance,0,11894278,0
2019-01-23T22:46:40.657,,advance,0,11894367,1
2019-01-23T22:46:40.657,,advance,0,11894371,0
2019-01-23T22:46:40.657,,advance,0,11894461,1
2019-01-23T22:46:40.657,,advance,0,11894464,0
2019-01-23T22:46:40.657,,advance,0,11894553,1
2019-01-23T22:46:40.657,,advance,0,11894557,0
2019-01-23T22:46:40.657,,advance,0,11894646,1
2019-01-23T22:46:40.657,,advance,0,11894650,0
2019-01-23T22:46:40.657,,advance,0,11894742,1
2019-01-23T22:46:40.657,,advance,0,11894747,0
2019-01-23T22:46:40.657,,advance,0,11894839,1
2019-01-23T22:46:40.657,,advance,0,11894842,0
2019-01-23T22:46:40.657,,advance,0,11894933,1
2019-01-23T22:46:40.657,,advance,0,11894937,0
2019-01-23T22:46:40.657,,advance,0,11895026,1
2019-01-23T22:46:40.657,,advance,0,11895030,0
2019-01-23T22:46:40.657,,advance,0,11895120,1
2019-01-23T22:46:40.657,,advance,0,11895125,0
2019-01-23T22:46:40.657,,advance,0,11895262,1
2019-01-23T22:46:40.657,,advance,0,11895268,0
2019-01-23T22:46:40.657,,advance,0,11895360,1
2019-01-23T22:46:40.657,,advance,0,11895365,0
2019-01-23T22:46:40.657,,advance,0,11895501,1
2019-01-23T22:46:40.657,,advance,0,11895505,0
2019-01-23T22:46:40.657,,advance,0,11895599,1
2019-01-23T22:46:40.657,,advance,0,11895603,0
2019-01-23T22:46:40.657,,advance,0,11895696,1
2019-01-23T22:46:40.657,,advance,0,11895700,0
2019-01-23T22:46:40.657,,advance,0,11895792,1
2019-01-23T22:46:40.657,,advance,0,11895797,0
2019-01-23T22:46:40.657,,advance,0,11895886,1
2019-01-23T22:46:40.657,,advance,0,11895890,0
2019-01-23T22:46:40.657,,advance,0,11895981,1
2019-01-23T22:46:40.657,,advance,0,11895985,0
2019-01-23T22:46:40.657,,advance,0,11896076,1
2019-01-23T22:46:40.657,,advance,0,11896079,0
2019-01-23T22:46:40.657,,advance,0,11896171,1
2019-01-23T22:46:40.657,,advance,0,11896175,0
2019-01-23T22:46:40.657,,advance,0,11896267,1
2019-01-23T22:46:40.657,,advance,0,11896271,0
2019-01-23T22:46:40.657,,advance,0,11896363,1
2019-01-23T22:46:40.657,,advance,0,11896368,0
2019-01-23T22:46:40.657,,advance,0,11896461,1
2019-01-23T22:46:40.657,,advance,0,11896465,0
2019-01-23T22:46:40.657,,advance,0,11896557,1
2019-01-23T22:46:40.657,,advance,0,11896562,0
2019-01-23T22:46:40.657,,advance,0,11896655,1
2019-01-23T22:46:40.657,,advance,0,11896658,0
2019-01-23T22:46:40.657,,advance,0,11896750,1
2019-01-23T22:46:40.657,,advance,0,11896755,0
2019-01-23T22:46:40.657,,advance,0,11896846,1
2019-01-23T22:46:40.657,,advance,0,11896849,0
2019-01-23T22:46:40.657,,advance,0,11896940,1
2019-01-23T22:46:40.657,,advance,0,11896945,0
2019-01-23T22:46:40.657,,advance,0,11897035,1
2019-01-23T22:46:40.657,,advance,0,11897039,0
2019-01-23T22:46:40.657,,advance,0,11897129,1
2019-01-23T22:46:40.657,,advance,0,11897134,0
2019-01-23T22:46:40.657,,advance,0,11897236,1
2019-01-23T22:46:40.657,,advance,0,11897239,0
2019-01-23T22:46:40.657,,advance,0,11897333,1
2019-01-23T22:46:40.657,,advance,0,11897337,0
2019-01-23T22:46:40.657,,advance,0,11897426,1
2019-01-23T22:46:40.657,,advance,0,11897430,0
2019-01-23T22:46:40.657,,advance,0,11897519,1
2019-01-23T22:46:40.657,,advance,0,11897523,0
2019-01-23T22:46:40.657,,advance,0,11897612,1
2019-01-23T22:46:40.657,,advance,0,11897616,0
2019-01-23T22:46:40.657,,advance,0,11897704,1
2019-01-23T22:46:40.657,,advance,0,11897709,0
2019-01-23T22:46:40.657,,advance,0,11897799,1
2019-01-23T22:46:40.657,,advance,0,11897803,0
2019-01-23T22:46:40.657,,advance,0,11897893,1
2019-01-23T22:46:40.657,,advance,0,11897898,0
2019-01-23T22:46:40.657,,advance,0,11897987,1
2019-01-23T22:46:40.657,,advance,0,11897990,0
2019-01-23T22:46:40.657,,advance,0,11898079,1
2019-01-23T22:46:40.657,,advance,0,11898084,0
2019-01-23T22:46:40.657,,advance,0,11898172,1
2019-01-23T22:46:40.657,,advance,0,11898176,0
2019-01-23T22:46:40.657,,advance,0,11898265,1
2019-01-23T22:46:40.657,,advance,0,11898269,0
2019-01-23T22:46:40.657,,advance,0,11898358,1
2019-01-23T22:46:40.657,,advance,0,11898362,0
2019-01-23T22:46:40.657,,advance,0,11898452,1
2019-01-23T22:46:40.657,,advance,0,11898457,0
2019-01-23T22:46:40.657,,advance,0,11898546,1
2019-01-23T22:46:40.657,,advance,0,11898549,0
2019-01-23T22:46:40.657,,advance,0,11898642,1
2019-01-23T22:46:40.657,,advance,0,11898646,0
2019-01-23T22:46:40.657,,advance,0,11898738,1
2019-01-23T22:46:40.657,,advance,0,11898742,0
2019-01-23T22:46:40.657,,advance,0,11898832,1
2019-01-23T22:46:40.657,,advance,0,11898837,0
2019-01-23T22:46:40.657,,advance,0,11898925,1
2019-01-23T22:46:40.657,,advance,0,11898928,0
2019-01-23T22:46:40.657,,advance,0,11899016,1
2019-01-23T22:46:40.657,,advance,0,11899020,0
2019-01-23T22:46:40.657,,advance,0,11899153,1
2019-01-23T22:46:40.657,,advance,0,11899158,0
2019-01-23T22:46:40.657,,advance,0,11899250,1
2019-01-23T22:46:40.657,,advance,0,11899254,0
2019-01-23T22:46:40.657,,configure,0,11863829,1
2019-01-23T22:46:40.657,,configure,0,11863997,0
2019-01-23T22:46:40.657,,initialize,0,11864010,1
2019-01-23T22:46:40.657,,initialize,0,11878750,0
2019-01-23T22:46:40.657,,initialize/m2n.requestMasterConnection,0,11864010,1
2019-01-23T22:46:40.657,,initialize/m2n.requestMasterConnection,0,11878747,0
2019-01-23T22:46:40.657,,initialize/m2n.requestSlavesConnection,0,11878750,1
2019-01-23T22:46:40.657,,initialize/m2n.requestSlavesConnection,0,11878750,0
2019-01-23T22:46:40.657,,initialize/partition.feedbackMesh.Fluid-Mesh,0,11878749,1
2019-01-23T22:46:40.657,,initialize/partition.feedbackMesh.Fluid-Mesh,0,11878750,0
2019-01-23T22:46:40.657,,initialize/partition.gatherMesh.Fluid-Mesh,0,11878747,1
2019-01-23T22:46:40.657,,initialize/partition.gatherMesh.Fluid-Mesh,0,11878749,0
2019-01-23T22:46:40.657,,initialize/partition.sendGlobalMesh.Fluid-Mesh,0,11878749,1
2019-01-23T22:46:40.657,,initialize/partition.sendGlobalMesh.Fluid-Mesh,0,11878749,0
2019-01-23T22:46:40.657,,initializeData,0,11878751,1
2019-01-23T22:46:40.657,,initializeData,0,11878751,0
2019-01-23T22:46:40.657,,solver.advance,0,11878924,1
2019-01-23T22:46:40.657,,solver.advance,0,11879014,0
2019-01-23T22:46:40.657,,solver.advance,0,11879018,1
2019-01-23T22:46:40.657,,solver.advance,0,11879113,0
2019-01-23T22:46:40.657,,solver.advance,0,11879117,1
2019-01-23T22:46:40.657,,solver.advance,0,11879211,0
2019-01-23T22:46:40.657,,solver.advance,0,11879215,1
2019-01-23T22:46:40.657,,solver.advance,0,11879310,0
2019-01-23T22:46:40.657,,solver.advance,0,11879314,1
2019-01-23T22:46:40.657,,solver.advance,0,11879400,0
2019-01-23T22:46:40.657,,solver.advance,0,11879403,1
2019-01-23T22:46:40.657,,solver.advance,0,11879495,0
2019-01-23T22:46:40.657,,solver.advance,0,11879499,1
2019-01-23T22:46:40.657,,solver.advance,0,11879590,0
2019-01-23T22:46:40.657,,solver.advance,0,11879594,1
2019-01-23T22:46:40.657,,solver.advance,0,11879687,0
2019-01-23T22:46:40.657,,solver.advance,0,11879691,1
2019-01-23T22:46:40.657,,solver.advance,0,11879784,0
2019-01-23T22:46:40.657,,solver.advance,0,11879787,1
2019-01-23T22:46:40.657,,solver.advance,0,11879879,0
2019-01-23T22:46:40.657,,solver.advance,0,11879884,1
2019-01-23T22:46:40.657,,solver.advance,0,11879976,0
2019-01-23T22:46:40.657,,solver.advance,0,11879981,1
2019-01-23T22:46:40.657,,solver.advance,0,11880074,0
2019-01-23T22:46:40.657,,solver.advance,0,11880079,1
2019-01-23T22:46:40.657,,solver.advance,0,11880166,0
2019-01-23T22:46:40.657,,solver.advance,0,11880170,1
2019-01-23T22:46:40.657,,solver.advance,0,11880259,0
2019-01-23T22:46:40.657,,solver.advance,0,11880264,1
2019-01-23T22:46:40.657,,solver.advance,0,11880352,0
2019-01-23T22:46:40.657,,solver.advance,0,11880357,1
2019-01-23T22:46:40.657,,solver.advance,0,11880449,0
2019-01-23T22:46:40.657,,solver.advance,0,11880452,1
2019-01-23T22:46:40.657,,solver.advance,0,11880544,0
2019-01-23T22:46:40.657,,solver.advance,0,11880550,1
2019-01-23T22:46:40.657,,solver.advance,0,11880642,0
2019-01-23T22:46:40.657,,solver.advance,0,11880647,1
2019-01-23T22:46:40.657,,solver.advance,0,11880738,0
2019-01-23T22:46:40.657,,solver.advance,0,11880741,1
2019-01-23T22:46:40.657,,solver.advance,0,11880833,0
2019-01-23T22:46:40.657,,solver.advance,0,11880838,1
2019-01-23T22:46:40.657,,solver.advance,0,11880929,0
2019-01-23T22:46:40.657,,solver.advance,0,11880934,1
2019-01-23T22:46:40.657,,solver.advance,0,11881023,0
2019-01-23T22:46:40.657,,solver.advance,0,11881027,1
2019-01-23T22:46:40.657,,solver.advance,0,11881116,0
2019-01-23T22:46:40.657,,solver.advance,0,11881121,1
2019-01-23T22:46:40.657,,solver.advance,0,11881212,0
2019-01-23T22:46:40.657,,solver.advance,0,11881217,1
2019-01-23T22:46:40.657,,solver.advance,0,11881309,0
2019-01-23T22:46:40.657,,solver.advance,0,11881313,1
2019-01-23T22:46:40.657,,solver.advance,0,11881406,0
2019-01-23T22:46:40.657,,solver.advance,0,11881413,1
2019-01-23T22:46:40.657,,solver.advance,0,11881504,0
2019-01-23T22:46:40.657,,solver.advance,0,11881511,1
2019-01-23T22:46:40.657,,solver.advance,0,11881602,0
2019-01-23T22:46:40.657,,solver.advance,0,11881606,1
2019-01-23T22:46:40.657,,solver.advance,0,11881696,0
2019-01-23T22:46:40.657,,solver.advance,0,11881702,1
2019-01-23T22:46:40.657,,solver.advance,0,11881791,0
2019-01-23T22:46:40.657,,solver.advance,0,11881795,1
2019-01-23T22:46:40.657,,solver.advance,0,11881884,0
2019-01-23T22:46:40.657,,solver.advance,0,11881890,1
2019-01-23T22:46:40.657,,solver.advance,0,11881984,0
2019-01-23T22:46:40.657,,solver.advance,0,11881988,1
2019-01-23T22:46:40.657,,solver.advance,0,11882082,0
2019-01-23T22:46:40.657,,solver.advance,0,11882088,1
2019-01-23T22:46:40.657,,solver.advance,0,11882177,0
2019-01-23T22:46:40.657,,solver.advance,0,11882181,1
2019-01-23T22:46:40.657,,solver.advance,0,11882271,0
2019-01-23T22:46:40.657,,solver.advance,0,11882277,1
2019-01-23T22:46:40.657,,solver.advance,0,11882365,0
2019-01-23T22:46:40.657,,solver.advance,0,11882369,1
2019-01-23T22:46:40.657,,solver.advance,0,11882458,0
2019-01-23T22:46:40.657,,solver.advance,0,11882464,1
2019-01-23T22:46:40.657,,solver.advance,0,11882553,0
2019-01-23T22:46:40.657,,solver.advance,0,11882557,1
2019-01-23T22:46:40.657,,solver.advance,0,11882649,0
2019-01-23T22:46:40.657,,solver.advance,0,11882654,1
2019-01-23T22:46:40.657,,solver.advance,0,11882741,0
2019-01-23T22:46:40.657,,solver.advance,0,11882746,1
2019-01-23T22:46:40.657,,solver.advance,0,11882833,0
2019-01-23T22:46:40.657,,solver.advance,0,11882839,1
2019-01-23T22:46:40.657,,solver.advance,0,11882925,0
2019-01-23T22:46:40.657,,solver.advance,0,11882929,1
2019-01-23T22:46:40.657,,solver.advance,0,11883018,0
2019-01-23T22:46:40.657,,solver.advance,0,11883024,1
2019-01-23T22:46:40.657,,solver.advance,0,11883111,0
2019-01-23T22:46:40.657,,solver.advance,0,11883116,1
2019-01-23T22:46:40.657,,solver.advance,0,11883205,0
2019-01-23T22:46:40.657,,solver.advance,0,11883210,1
2019-01-23T22:46:40.657,,solver.advance,0,11883300,0
2019-01-23T22:46:40.657,,solver.advance,0,11883303,1
2019-01-23T22:46:40.657,,solver.advance,0,11883394,0
2019-01-23T22:46:40.657,,solver.advance,0,11883398,1
2019-01-23T22:46:40.657,,solver.advance,0,11883488,0
2019-01-23T22:46:40.657,,solver.advance,0,11883492,1
2019-01-23T22:46:40.657,,solver.advance,0,11883582,0
2019-01-23T22:46:40.657,,solver.advance,0,11883586,1
2019-01-23T22:46:40.657,,solver.advance,0,11883716,0
2019-01-23T22:46:40.657,,solver.advance,0,11883720,1
2019-01-23T22:46:40.657,,solver.advance,0,11883810,0
2019-01-23T22:46:40.657,,solver.advance,0,11883814,1
2019-01-23T22:46:40.657,,solver.advance,0,11883948,0
2019-01-23T22:46:40.657,,solver.advance,0,11883953,1
2019-01-23T22:46:40.657,,solver.advance,0,11884042,0
2019-01-23T22:46:40.657,,solver.advance,0,11884047,1
2019-01-23T22:46:40.657,,solver.advance,0,11884137,0
2019-01-23T22:46:40.657,,solver.advance,0,11884140,1
2019-01-23T22:46:40.657,,solver.advance,0,11884231,0
2019-01-23T22:46:40.657,,solver.advance,0,11884238,1
2019-01-23T22:46:40.657,,solver.advance,0,11884342,0
2019-01-23T22:46:40.657,,solver.advance,0,11884346,1
2019-01-23T22:46:40.657,,solver.advance,0,11884442,0
2019-01-23T22:46:40.657,,solver.advance,0,11884446,1
2019-01-23T22:46:40.657,,solver.advance,0,11884535,0
2019-01-23T22:46:40.657,,solver.advance,0,11884539,1
2019-01-23T22:46:40.657,,solver.advance,0,11884629,0
2019-01-23T22:46:40.657,,solver.advance,0,11884633,1
2019-01-23T22:46:40.657,,solver.advance,0,11884722,0
2019-01-23T22:46:40.657,,solver.advance,0,11884726,1
2019-01-23T22:46:40.657,,solver.advance,0,11884815,0
2019-01-23T22:46:40.657,,solver.advance,0,11884819,1
2019-01-23T22:46:40.657,,solver.advance,0,11884908,0
2019-01-23T22:46:40.657,,solver.advance,0,11884911,1
2019-01-23T22:46:40.657,,solver.advance,0,11885002,0
2019-01-23T22:46:40.657,,solver.advance,0,11885006,1
2019-01-23T22:46:40.657,,solver.advance,0,11885097,0
2019-01-23T22:46:40.657,,solver.advance,0,11885100,1
2019-01-23T22:46:40.657,,solver.advance,0,11885191,0
2019-01-23T22:46:40.657,,solver.advance,0,11885196,1
2019-01-23T22:46:40.657,,solver.advance,0,11885287,0
2019-01-23T22:46:40.657,,solver.advance,0,11885291,1
2019-01-23T22:46:40.657,,solver.advance,0,11885381,0
2019-01-23T22:46:40.657,,solver.advance,0,11885386,1
2019-01-23T22:46:40.657,,solver.advance,0,11885475,0
2019-01-23T22:46:40.657,,solver.advance,0,11885478,1
2019-01-23T22:46:40.657,,solver.advance,0,11885568,0
2019-01-23T22:46:40.657,,solver.advance,0,11885573,1
2019-01-23T22:46:40.657,,solver.advance,0,11885664,0
2019-01-23T22:46:40.657,,solver.advance,0,11885667,1
2019-01-23T22:46:40.657,,solver.advance,0,11885759,0
2019-01-23T22:46:40.657,,solver.advance,0,11885764,1
2019-01-23T22:46:40.657,,solver.advance,0,11885852,0
2019-01-23T22:46:40.657,,solver.advance,0,11885855,1
2019-01-23T22:46:40.657,,solver.advance,0,11885945,0
2019-01-23T22:46:40.657,,solver.advance,0,11885950,1
2019-01-23T22:46:40.657,,solver.advance,0,11886043,0
2019-01-23T22:46:40.657,,solver.advance,0,11886046,1
2019-01-23T22:46:40.657,,solver.advance,0,11886136,0
2019-01-23T22:46:40.657,,solver.advance,0,11886141,1
2019-01-23T22:46:40.657,,solver.advance,0,11886229,0
2019-01-23T22:46:40.657,,solver.advance,0,11886232,1
2019-01-23T22:46:40.657,,solver.advance,0,11886321,0
2019-01-23T22:46:40.657,,solver.advance,0,11886326,1
2019-01-23T22:46:40.657,,solver.advance,0,11886414,0
2019-01-23T22:46:40.657,,solver.advance,0,11886417,1
2019-01-23T22:46:40.657,,solver.advance,0,11886506,0
2019-01-23T22:46:40.657,,solver.advance,0,11886511,1
2019-01-23T22:46:40.657,,solver.advance,0,11886599,0
2019-01-23T22:46:40.657,,solver.advance,0,11886603,1
2019-01-23T22:46:40.657,,solver.advance,0,11886691,0
2019-01-23T22:46:40.657,,solver.advance,0,11886696,1
2019-01-23T22:46:40.657,,solver.advance,0,11886784,0
2019-01-23T22:46:40.657,,solver.advance,0,11886788,1
2019-01-23T22:46:40.657,,solver.advance,0,11886877,0
2019-01-23T22:46:40.657,,solver.advance,0,11886881,1
2019-01-23T22:46:40.657,,solver.advance,0,11886969,0
2019-01-23T22:46:40.657,,solver.advance,0,11886972,1
2019-01-23T22:46:40.657,,solver.advance,0,11887062,0
2019-01-23T22:46:40.657,,solver.advance,0,11887066,1
2019-01-23T22:46:40.657,,solver.advance,0,11887155,0
2019-01-23T22:46:40.657,,solver.advance,0,11887159,1
2019-01-23T22:46:40.657,,solver.advance,0,11887247,0
2019-01-23T22:46:40.657,,solver.advance,0,11887252,1
2019-01-23T22:46:40.657,,solver.advance,0,11887340,0
2019-01-23T22:46:40.657,,solver.advance,0,11887343,1
2019-01-23T22:46:40.657,,solver.advance,0,11887429,0
2019-01-23T22:46:40.657,,solver.advance,0,11887434,1
2019-01-23T22:46:40.657,,solver.advance,0,11887563,0
2019-01-23T22:46:40.657,,solver.advance,0,11887568,1
2019-01-23T22:46:40.657,,solver.advance,0,11887657,0
2019-01-23T22:46:40.657,,solver.advance,0,11887661,1
2019-01-23T22:46:40.657,,solver.advance,0,11887792,0
2019-01-23T22:46:40.657,,solver.advance,0,11887796,1
2019-01-23T22:46:40.657,,solver.advance,0,11887884,0
2019-01-23T22:46:40.657,,solver.advance,0,11887888,1
2019-01-23T22:46:40.657,,solver.advance,0,11887975,0
2019-01-23T22:46:40.657,,solver.advance,0,11887978,1
2019-01-23T22:46:40.657,,solver.advance,0,11888066,0
2019-01-23T22:46:40.657,,solver.advance,0,11888071,1
2019-01-23T22:46:40.657,,solver.advance,0,11888159,0
2019-01-23T22:46:40.657,,solver.advance,0,11888163,1
2019-01-23T22:46:40.657,,solver.advance,0,11888250,0
2019-01-23T22:46:40.657,,solver.advance,0,11888255,1
2019-01-23T22:46:40.657,,solver.advance,0,11888341,0
2019-01-23T22:46:40.657,,solver.advance,0,11888345,1
2019-01-23T22:46:40.657,,solver.advance,0,11888432,0
2019-01-23T22:46:40.657,,solver.advance,0,11888436,1
2019-01-23T22:46:40.657,,solver.advance,0,11888523,0
2019-01-23T22:46:40.657,,solver.advance,0,11888527,1
2019-01-23T22:46:40.657,,solver.advance,0,11888615,0
2019-01-23T22:46:40.657,,solver.advance,0,11888620,1
2019-01-23T22:46:40.657,,solver.advance,0,11888710,0
2019-01-23T22:46:40.657,,solver.advance,0,11888713,1
2019-01-23T22:46:40.657,,solver.advance,0,11888801,0
2019-01-23T22:46:40.657,,solver.advance,0,11888806,1
2019-01-23T22:46:40.657,,solver.advance,0,11888896,0
2019-01-23T22:46:40.657,,solver.advance,0,11888899,1
2019-01-23T22:46:40.657,,solver.advance,0,11888990,0
2019-01-23T22:46:40.657,,solver.advance,0,11888994,1
2019-01-23T22:46:40.657,,solver.advance,0,11889085,0
2019-01-23T22:46:40.657,,solver.advance,0,11889088,1
2019-01-23T22:46:40.657,,solver.advance,0,11889178,0
2019-01-23T22:46:40.657,,solver.advance,0,11889183,1
2019-01-23T22:46:40.657,,solver.advance,0,11889273,0
2019-01-23T22:46:40.657,,solver.advance,0,11889277,1
2019-01-23T22:46:40.657,,solver.advance,0,11889365,0
2019-01-23T22:46:40.657,,solver.advance,0,11889370,1
2019-01-23T22:46:40.657,,solver.advance,0,11889461,0
2019-01-23T22:46:40.657,,solver.advance,0,11889464,1
2019-01-23T22:46:40.657,,solver.advance,0,11889554,0
2019-01-23T22:46:40.657,,solver.advance,0,11889559,1
2019-01-23T22:46:40.657,,solver.advance,0,11889649,0
2019-01-23T22:46:40.657,,solver.advance,0,11889652,1
2019-01-23T22:46:40.657,,solver.advance,0,11889743,0
2019-01-23T22:46:40.657,,solver.advance,0,11889748,1
2019-01-23T22:46:40.657,,solver.advance,0,11889843,0
2019-01-23T22:46:40.657,,solver.advance,0,11889846,1
2019-01-23T22:46:40.657,,solver.advance,0,11889939,0
2019-01-23T22:46:40.657,,solver.advance,0,11889943,1
2019-01-23T22:46:40.657,,solver.advance,0,11890035,0
2019-01-23T22:46:40.657,,solver.advance,0,11890038,1
2019-01-23T22:46:40.657,,solver.advance,0,11890130,0
2019-01-23T22:46:40.657,,solver.advance,0,11890134,1
2019-01-23T22:46:40.657,,solver.advance,0,11890225,0
2019-01-23T22:46:40.657,,solver.advance,0,11890229,1
2019-01-23T22:46:40.657,,solver.advance,0,11890320,0
2019-01-23T22:46:40.657,,solver.advance,0,11890325,1
2019-01-23T22:46:40.657,,solver.advance,0,11890416,0
2019-01-23T22:46:40.657,,solver.advance,0,11890420,1
2019-01-23T22:46:40.657,,solver.advance,0,11890510,0
2019-01-23T22:46:40.657,,solver.advance,0,11890516,1
2019-01-23T22:46:40.657,,solver.advance,0,11890605,0
2019-01-23T22:46:40.657,,solver.advance,0,11890609,1
2019-01-23T22:46:40.657,,solver.advance,0,11890699,0
2019-01-23T22:46:40.657,,solver.advance,0,11890704,1
2019-01-23T22:46:40.657,,solver.advance,0,11890796,0
2019-01-23T22:46:40.657,,solver.advance,0,11890799,1
2019-01-23T22:46:40.657,,solver.advance,0,11890891,0
2019-01-23T22:46:40.657,,solver.advance,0,11890895,1
2019-01-23T22:46:40.657,,solver.advance,0,11890983,0
2019-01-23T22:46:40.657,,solver.advance,0,11890987,1
2019-01-23T22:46:40.657,,solver.advance,0,11891076,0
2019-01-23T22:46:40.657,,solver.advance,0,11891080,1
2019-01-23T22:46:40.657,,solver.advance,0,11891170,0
2019-01-23T22:46:40.657,,solver.advance,0,11891174,1
2019-01-23T22:46:40.657,,solver.advance,0,11891265,0
2019-01-23T22:46:40.657,,solver.advance,0,11891269,1
2019-01-23T22:46:40.657,,solver.advance,0,11891404,0
2019-01-23T22:46:40.657,,solver.advance,0,11891409,1
2019-01-23T22:46:40.657,,solver.advance,0,11891499,0
2019-01-23T22:46:40.657,,solver.advance,0,11891503,1
2019-01-23T22:46:40.657,,solver.advance,0,11891636,0
2019-01-23T22:46:40.657,,solver.advance,0,11891640,1
2019-01-23T22:46:40.657,,solver.advance,0,11891730,0
2019-01-23T22:46:40.657,,solver.advance,0,11891734,1
2019-01-23T22:46:40.657,,solver.advance,0,11891824,0
2019-01-23T22:46:40.657,,solver.advance,0,11891828,1
2019-01-23T22:46:40.657,,solver.advance,0,11891917,0
2019-01-23T22:46:40.657,,solver.advance,0,11891922,1
2019-01-23T22:46:40.657,,solver.advance,0,11892011,0
2019-01-23T22:46:40.657,,solver.advance,0,11892015,1
2019-01-23T22:46:40.657,,solver.advance,0,11892104,0
2019-01-23T22:46:40.657,,solver.advance,0,11892109,1
2019-01-23T22:46:40.657,,solver.advance,0,11892199,0
2019-01-23T22:46:40.657,,solver.advance,0,11892202,1
2019-01-23T22:46:40.657,,solver.advance,0,11892293,0
2019-01-23T22:46:40.657,,solver.advance,0,11892297,1
2019-01-23T22:46:40.657,,solver.advance,0,11892387,0
2019-01-23T22:46:40.657,,solver.advance,0,11892390,1
2019-01-23T22:46:40.657,,solver.advance,0,11892480,0
2019-01-23T22:46:40.657,,solver.advance,0,11892485,1
2019-01-23T22:46:40.657,,solver.advance,0,11892575,0
2019-01-23T22:46:40.657,,solver.advance,0,11892580,1
2019-01-23T22:46:40.657,,solver.advance,0,11892669,0
2019-01-23T22:46:40.657,,solver.advance,0,11892674,1
2019-01-23T22:46:40.657,,solver.advance,0,11892764,0
2019-01-23T22:46:40.657,,solver.advance,0,11892769,1
2019-01-23T22:46:40.657,,solver.advance,0,11892857,0
2019-01-23T22:46:40.657,,solver.advance,0,11892862,1
2019-01-23T22:46:40.657,,solver.advance,0,11892952,0
2019-01-23T22:46:40.657,,solver.advance,0,11892956,1
2019-01-23T22:46:40.657,,solver.advance,0,11893046,0
2019-01-23T22:46:40.657,,solver.advance,0,11893051,1
2019-01-23T22:46:40.657,,solver.advance,0,11893141,0
2019-01-23T22:46:40.657,,solver.advance,0,11893145,1
2019-01-23T22:46:40.657,,solver.advance,0,11893236,0
2019-01-23T22:46:40.657,,solver.advance,0,11893240,1
2019-01-23T22:46:40.657,,solver.advance,0,11893330,0
2019-01-23T22:46:40.657,,solver.advance,0,11893333,1
2019-01-23T22:46:40.657,,solver.advance,0,11893423,0
2019-01-23T22:46:40.657,,solver.advance,0,11893428,1
2019-01-23T22:46:40.657,,solver.advance,0,11893517,0
2019-01-23T22:46:40.657,,solver.advance,0,11893520,1
2019-01-23T22:46:40.657,,solver.advance,0,11893611,0
2019-01-23T22:46:40.657,,solver.advance,0,11893615,1
2019-01-23T22:46:40.657,,solver.advance,0,11893705,0
2019-01-23T22:46:40.657,,solver.advance,0,11893709,1
2019-01-23T22:46:40.657,,solver.advance,0,11893798,0
2019-01-23T22:46:40.657,,solver.advance,0,11893802,1
2019-01-23T22:46:40.657,,solver.advance,0,11893892,0
2019-01-23T22:46:40.657,,solver.advance,0,11893896,1
2019-01-23T22:46:40.657,,solver.advance,0,11893986,0
2019-01-23T22:46:40.657,,solver.advance,0,11893990,1
2019-01-23T22:46:40.657,,solver.advance,0,11894084,0
2019-01-23T22:46:40.657,,solver.advance,0,11894088,1
2019-01-23T22:46:40.657,,solver.advance,0,11894178,0
2019-01-23T22:46:40.657,,solver.advance,0,11894183,1
2019-01-23T22:46:40.657,,solver.advance,0,11894275,0
2019-01-23T22:46:40.657,,solver.advance,0,11894278,1
2019-01-23T22:46:40.657,,solver.advance,0,11894367,0
2019-01-23T22:46:40.657,,solver.advance,0,11894371,1
2019-01-23T22:46:40.657,,solver.advance,0,11894460,0
2019-01-23T22:46:40.657,,solver.advance,0,11894464,1
2019-01-23T22:46:40.657,,solver.advance,0,11894553,0
2019-01-23T22:46:40.657,,solver.advance,0,11894557,1
2019-01-23T22:46:40.657,,solver.advance,0,11894646,0
2019-01-23T22:46:40.657,,solver.advance,0,11894650,1
2019-01-23T22:46:40.657,,solver.advance,0,11894742,0
2019-01-23T22:46:40.657,,solver.advance,0,11894747,1
2019-01-23T22:46:40.657,,solver.advance,0,11894839,0
2019-01-23T22:46:40.657,,solver.advance,0,11894842,1
2019-01-23T22:46:40.657,,solver.advance,0,11894933,0
2019-01-23T22:46:40.657,,solver.advance,0,11894937,1
2019-01-23T22:46:40.657,,solver.advance,0,11895026,0
2019-01-23T22:46:40.657,,solver.advance,0,11895030,1
2019-01-23T22:46:40.657,,solver.advance,0,11895120,0
2019-01-23T22:46:40.657,,solver.advance,0,11895125,1
2019-01-23T22:46:40.657,,solver.advance,0,11895262,0
2019-01-23T22:46:40.657,,solver.advance,0,11895268,1
2019-01-23T22:46:40.657,,solver.advance,0,11895360,0
2019-01-23T22:46:40.657,,solver.advance,0,11895365,1
2019-01-23T22:46:40.657,,solver.advance,0,11895501,0
2019-01-23T22:46:40.657,,solver.advance,0,11895505,1
2019-01-23T22:46:40.657,,solver.advance,0,11895598,0
2019-01-23T22:46:40.657,,solver.advance,0,11895603,1
2019-01-23T22:46:40.657,,solver.advance,0,11895696,0
2019-01-23T22:46:40.657,,solver.advance,0,11895700,1
2019-01-23T22:46:40.657,,solver.advance,0,11895792,0
2019-01-23T22:46:40.657,,solver.advance,0,11895797,1
2019-01-23T22:46:40.657,,solver.advance,0,11895886,0
2019-01-23T22:46:40.657,,solver.advance,0,11895890,1
2019-01-23T22:46:40.657,,solver.advance,0,11895981,0
2019-01-23T22:46:40.657,,solver.advance,0,11895985,1
2019-01-23T22:46:40.657,,solver.advance,0,11896076,0
2019-01-23T22:46:40.657,,solver.advance,0,11896079,1
2019-01-23T22:46:40.657,,solver.advance,0,11896171,0
2019-01-23T22:46:40.657,,solver.advance,0,11896175,1
2019-01-23T22:46:40.657,,solver.advance,0,11896267,0
2019-01-23T22:46:40.657,,solver.advance,0,11896271,1
2019-01-23T22:46:40.657,,solver.advance,0,11896363,0
2019-01-23T22:46:40.657,,solver.advance,0,11896368,1
2019-01-23T22:46:40.657,,solver.advance,0,11896461,0
2019-01-23T22:46:40.657,,solver.advance,0,11896465,1
2019-01-23T22:46:40.657,,solver.advance,0,11896557,0
2019-01-23T22:46:40.657,,solver.advance,0,11896562,1
2019-01-23T22:46:40.657,,solver.advance,0,11896655,0
2019-01-23T22:46:40.657,,solver.advance,0,11896658,1
2019-01-23T22:46:40.657,,solver.advance,0,11896750,0
2019-01-23T22:46:40.657,,solver.advance,0,11896755,1
2019-01-23T22:46:40.657,,solver.advance,0,11896846,0
2019-01-23T22:46:40.657,,solver.advance,0,11896849,1
2019-01-23T22:46:40.657,,solver.advance,0,11896940,0
2019-01-23T22:46:40.657,,solver.advance,0,11896945,1
2019-01-23T22:46:40.657,,solver.advance,0,11897035,0
2019-01-23T22:46:40.657,,solver.advance,0,11897039,1
2019-01-23T22:46:40.657,,solver.advance,0,11897129,0
2019-01-23T22:46:40.657,,solver.advance,0,11897134,1
2019-01-23T22:46:40.657,,solver.advance,0,11897235,0
2019-01-23T22:46:40.657,,solver.advance,0,11897239,1
2019-01-23T22:46:40.657,,solver.advance,0,11897333,0
2019-01-23T22:46:40.657,,solver.advance,0,11897337,1
2019-01-23T22:46:40.657,,solver.advance,0,11897426,0
2019-01-23T22:46:40.657,,solver.advance,0,11897430,1
2019-01-23T22:46:40.657,,solver.advance,0,11897519,0
2019-01-23T22:46:40.657,,solver.advance,0,11897523,1
2019-01-23T22:46:40.657,,solver.advance,0,11897612,0
2019-01-23T22:46:40.657,,solver.advance,0,11897616,1
2019-01-23T22:46:40.657,,solver.advance,0,11897704,0
2019-01-23T22:46:40.657,,solver.advance,0,11897709,1
2019-01-23T22:46:40.657,,solver.advance,0,11897799,0
2019-01-23T22:46:40.657,,solver.advance,0,11897803,1
2019-01-23T22:46:40.657,,solver.advance,0,11897893,0
2019-01-23T22:46:40.657,,solver.advance,0,11897898,1
2019-01-23T22:46:40.657,,solver.advance,0,11897987,0
2019-01-23T22:46:40.657,,solver.advance,0,11897990,1
2019-01-23T22:46:40.657,,solver.advance,0,11898079,0
2019-01-23T22:46:40.657,,solver.advance,0,11898084,1
2019-01-23T22:46:40.657,,solver.advance,0,11898172,0
2019-01-23T22:46:40.657,,solver.advance,0,11898176,1
2019-01-23T22:46:40.657,,solver.advance,0,11898265,0
2019-01-23T22:46:40.657,,solver.advance,0,11898269,1
2019-01-23T22:46:40.657,,solver.advance,0,11898358,0
2019-01-23T22:46:40.657,,solver.advance,0,11898362,1
2019-01-23T22:46:40.657,,solver.advance,0,11898452,0
2019-01-23T22:46:40.657,,solver.advance,0,11898457,1
2019-01-23T22:46:40.657,,solver.advance,0,11898546,0
2019-01-23T22:46:40.657,,solver.advance,0,11898549,1
2019-01-23T22:46:40.657,,solver.advance,0,11898642,0
2019-01-23T22:46:40.657,,solver.advance,0,11898646,1
2019-01-23T22:46:40.657,,solver.advance,0,11898738,0
2019-01-23T22:46:40.657,,solver.advance,0,11898742,1
2019-01-23T22:46:40.657,,solver.advance,0,11898832,0
2019-01-23T22:46:40.657,,solver.advance,0,11898837,1
2019-01-23T22:46:40.657,,solver.advance,0,11898925,0
2019-01-23T22:46:40.657,,solver.advance,0,11898928,1
2019-01-23T22:46:40.657,,solver.advance,0,11899016,0
2019-01-23T22:46:40.657,,solver.advance,0,11899020,1
2019-01-23T22:46:40.657,,solver.advance,0,11899153,0
2019-01-23T22:46:40.657,,solver.advance,0,11899158,1
2019-01-23T22:46:40.657,,solver.advance,0,11899250,0
2019-01-23T22:46:40.657,,solver.advance,0,11899254,1
2019-01-23T22:46:40.657,,solver.advance,0,11899299,0
2019-01-23T22:46:40.657,,solver.initialize,0,11863997,1
2019-01-23T22:46:40.657,,solver.initialize,0,11864010,2
2019-01-23T22:46:40.657,,solver.initialize,0,11878750,1
2019-01-23T22:46:40.657,,solver.initialize,0,11878750,2
2019-01-23T22:46:40.657,,solver.initialize,0,11878751,1
2019-01-23T22:46:40.657,,solver.initialize,0,11878844,0
