Timesteps  Total_Iterations  Iterations  Convergence  
1  5  5  1  
2  9  4  1  
3  13  4  1  
4  16  3  1  
5  19  3  1  
6  22  3  1  
7  25  3  1  
8  28  3  1  
9  30  2  1  
10  32  2  1  
11  34  2  1  
12  36  2  1  
13  38  2  1  
14  40  2  1  
15  42  2  1  
16  44  2  1  
17  46  2  1  
18  48  2  1  
19  50  2  1  
20  52  2  1  
21  54  2  1  
22  56  2  1  
23  58  2  1  
24  60  2  1  
25  62  2  1  
26  64  2  1  
27  66  2  1  
28  68  2  1  
29  70  2  1  
30  72  2  1  
31  74  2  1  
32  76  2  1  
33  78  2  1  
34  80  2  1  
35  82  2  1  
36  84  2  1  
37  86  2  1  
38  88  2  1  
39  90  2  1  
40  92  2  1  
41  94  2  1  
42  96  2  1  
43  98  2  1  
44  100  2  1  
45  102  2  1  
46  104  2  1  
47  106  2  1  
48  108  2  1  
49  110  2  1  
50  112  2  1  
51  114  2  1  
52  116  2  1  
53  118  2  1  
54  120  2  1  
55  122  2  1  
56  124  2  1  
57  126  2  1  
58  128  2  1  
59  130  2  1  
60  132  2  1  
61  134  2  1  
62  136  2  1  
63  138  2  1  
64  140  2  1  
65  142  2  1  
66  144  2  1  
67  146  2  1  
68  148  2  1  
69  150  2  1  
70  152  2  1  
71  154  2  1  
72  156  2  1  
73  158  2  1  
74  160  2  1  
75  162  2  1  
76  164  2  1  
77  166  2  1  
78  168  2  1  
79  170  2  1  
80  172  2  1  
81  174  2  1  
82  176  2  1  
83  178  2  1  
84  180  2  1  
85  182  2  1  
86  184  2  1  
87  186  2  1  
88  188  2  1  
89  190  2  1  
90  192  2  1  
91  194  2  1  
92  196  2  1  
93  198  2  1  
94  200  2  1  
95  202  2  1  
96  204  2  1  
97  206  2  1  
98  208  2  1  
99  210  2  1  
100  212  2  1  
101  214  2  1  
102  216  2  1  
103  218  2  1  
104  220  2  1  
105  222  2  1  
106  224  2  1  
107  226  2  1  
108  228  2  1  
109  230  2  1  
110  232  2  1  
111  234  2  1  
112  236  2  1  
113  238  2  1  
114  240  2  1  
115  242  2  1  
116  244  2  1  
117  246  2  1  
118  248  2  1  
119  250  2  1  
120  252  2  1  
121  254  2  1  
122  256  2  1  
123  258  2  1  
124  260  2  1  
125  262  2  1  
126  264  2  1  
127  266  2  1  
128  268  2  1  
129  270  2  1  
130  272  2  1  
131  274  2  1  
132  276  2  1  
133  278  2  1  
134  280  2  1  
135  282  2  1  
136  284  2  1  
137  286  2  1  
138  288  2  1  
139  290  2  1  
140  292  2  1  
141  294  2  1  
142  296  2  1  
143  298  2  1  
144  300  2  1  
145  302  2  1  
146  304  2  1  
147  306  2  1  
148  308  2  1  
149  310  2  1  
150  312  2  1  
151  314  2  1  
152  316  2  1  
153  318  2  1  
154  320  2  1  
155  322  2  1  
156  324  2  1  
157  326  2  1  
158  328  2  1  
159  330  2  1  
160  332  2  1  
161  334  2  1  
162  336  2  1  
163  338  2  1  
164  340  2  1  
165  342  2  1  
166  344  2  1  
167  346  2  1  
168  348  2  1  
169  350  2  1  
170  352  2  1  
171  354  2  1  
172  356  2  1  
173  358  2  1  
174  360  2  1  
175  362  2  1  
176  364  2  1  
177  366  2  1  
178  368  2  1  
179  370  2  1  
180  372  2  1  
181  374  2  1  
182  376  2  1  
183  378  2  1  
184  380  2  1  
185  382  2  1  
186  384  2  1  
187  386  2  1  
188  388  2  1  
189  390  2  1  
190  392  2  1  
191  394  2  1  
192  396  2  1  
193  398  2  1  
194  400  2  1  
195  402  2  1  
196  404  2  1  
197  406  2  1  
198  408  2  1  
199  410  2  1  
200  412  2  1  
201  414  2  1  
202  416  2  1  
203  418  2  1  
204  420  2  1  
205  422  2  1  
206  424  2  1  
207  426  2  1  
208  428  2  1  
209  430  2  1  
210  432  2  1  
211  434  2  1  
212  436  2  1  
213  438  2  1  
214  440  2  1  
215  442  2  1  
216  444  2  1  
217  446  2  1  
218  448  2  1  
219  450  2  1  
220  452  2  1  
221  454  2  1  
222  456  2  1  
223  458  2  1  
224  460  2  1  
225  462  2  1  
226  464  2  1  
227  466  2  1  
228  468  2  1  
229  470  2  1  
230  472  2  1  
231  474  2  1  
232  476  2  1  
233  478  2  1  
234  480  2  1  
235  482  2  1  
236  484  2  1  
237  486  2  1  
238  488  2  1  
239  490  2  1  
240  492  2  1  
241  494  2  1  
242  496  2  1  
243  498  2  1  
244  500  2  1  
245  502  2  1  
246  504  2  1  
247  506  2  1  
248  508  2  1  
249  510  2  1  
250  512  2  1  
251  514  2  1  
252  516  2  1  
253  518  2  1  
254  520  2  1  
255  522  2  1  
256  524  2  1  
257  526  2  1  
258  528  2  1  
259  530  2  1  
260  532  2  1  
261  534  2  1  
262  536  2  1  
263  538  2  1  
264  540  2  1  
265  542  2  1  
266  544  2  1  
267  546  2  1  
268  548  2  1  
269  550  2  1  
270  552  2  1  
271  554  2  1  
272  556  2  1  
273  558  2  1  
274  560  2  1  
275  562  2  1  
276  564  2  1  
277  566  2  1  
278  568  2  1  
279  570  2  1  
280  572  2  1  
281  574  2  1  
282  576  2  1  
283  578  2  1  
284  580  2  1  
285  582  2  1  
286  584  2  1  
287  586  2  1  
288  588  2  1  
289  590  2  1  
290  592  2  1  
291  594  2  1  
292  596  2  1  
293  598  2  1  
294  600  2  1  
295  602  2  1  
296  604  2  1  
297  606  2  1  
298  608  2  1  
299  610  2  1  
300  612  2  1  
301  614  2  1  
302  616  2  1  
303  618  2  1  
304  620  2  1  
305  622  2  1  
306  624  2  1  
307  626  2  1  
308  628  2  1  
309  630  2  1  
310  632  2  1  
311  634  2  1  
312  636  2  1  
313  638  2  1  
314  640  2  1  
315  642  2  1  
316  644  2  1  
317  646  2  1  
318  648  2  1  
319  650  2  1  
320  652  2  1  
321  654  2  1  
322  656  2  1  
323  658  2  1  
324  660  2  1  
325  662  2  1  
326  664  2  1  
327  666  2  1  
328  668  2  1  
329  670  2  1  
330  672  2  1  
331  674  2  1  
332  676  2  1  
333  678  2  1  
334  680  2  1  
335  682  2  1  
336  684  2  1  
337  686  2  1  
338  688  2  1  
339  690  2  1  
340  692  2  1  
341  694  2  1  
342  696  2  1  
343  698  2  1  
344  700  2  1  
345  702  2  1  
346  704  2  1  
347  706  2  1  
348  708  2  1  
349  710  2  1  
350  712  2  1  
351  714  2  1  
352  716  2  1  
353  718  2  1  
354  720  2  1  
355  722  2  1  
356  724  2  1  
357  726  2  1  
358  728  2  1  
359  730  2  1  
360  732  2  1  
361  734  2  1  
362  736  2  1  
363  738  2  1  
364  740  2  1  
365  742  2  1  
366  744  2  1  
367  746  2  1  
368  748  2  1  
369  750  2  1  
370  752  2  1  
371  754  2  1  
372  756  2  1  
373  758  2  1  
374  760  2  1  
375  762  2  1  
376  764  2  1  
377  766  2  1  
378  768  2  1  
379  770  2  1  
380  772  2  1  
381  774  2  1  
382  776  2  1  
383  778  2  1  
384  780  2  1  
385  782  2  1  
386  784  2  1  
387  786  2  1  
388  788  2  1  
389  790  2  1  
390  792  2  1  
391  794  2  1  
392  796  2  1  
393  798  2  1  
394  800  2  1  
395  802  2  1  
396  804  2  1  
397  806  2  1  
398  808  2  1  
399  810  2  1  
400  812  2  1  
401  814  2  1  
402  816  2  1  
403  818  2  1  
404  820  2  1  
405  822  2  1  
406  824  2  1  
407  826  2  1  
408  828  2  1  
409  830  2  1  
410  832  2  1  
411  834  2  1  
412  836  2  1  
413  838  2  1  
414  840  2  1  
415  842  2  1  
416  844  2  1  
417  846  2  1  
418  848  2  1  
419  850  2  1  
420  852  2  1  
421  854  2  1  
422  856  2  1  
423  858  2  1  
424  860  2  1  
425  862  2  1  
426  864  2  1  
427  866  2  1  
428  868  2  1  
429  870  2  1  
430  872  2  1  
431  874  2  1  
432  876  2  1  
433  878  2  1  
434  880  2  1  
435  882  2  1  
436  884  2  1  
437  886  2  1  
438  888  2  1  
439  890  2  1  
440  892  2  1  
441  894  2  1  
442  896  2  1  
443  898  2  1  
444  900  2  1  
445  902  2  1  
446  904  2  1  
447  906  2  1  
448  908  2  1  
449  910  2  1  
450  912  2  1  
451  914  2  1  
452  916  2  1  
453  918  2  1  
454  920  2  1  
455  922  2  1  
456  924  2  1  
457  926  2  1  
458  928  2  1  
459  930  2  1  
460  932  2  1  
461  934  2  1  
462  936  2  1  
463  938  2  1  
464  940  2  1  
465  942  2  1  
466  944  2  1  
467  946  2  1  
468  948  2  1  
469  950  2  1  
470  952  2  1  
471  954  2  1  
472  956  2  1  
473  958  2  1  
474  960  2  1  
475  962  2  1  
476  964  2  1  
477  966  2  1  
478  968  2  1  
479  970  2  1  
480  972  2  1  
481  974  2  1  
482  976  2  1  
483  978  2  1  
484  980  2  1  
485  982  2  1  
486  984  2  1  
487  986  2  1  
488  988  2  1  
489  990  2  1  
490  992  2  1  
491  994  2  1  
492  996  2  1  
493  998  2  1  
494  1000  2  1  
495  1002  2  1  
496  1004  2  1  
497  1006  2  1  
498  1008  2  1  
499  1010  2  1  
500  1012  2  1  
501  1014  2  1  
502  1016  2  1  
503  1018  2  1  
504  1020  2  1  
505  1022  2  1  
506  1024  2  1  
507  1026  2  1  
508  1028  2  1  
509  1030  2  1  
510  1032  2  1  
511  1034  2  1  
512  1036  2  1  
513  1038  2  1  
514  1040  2  1  
515  1042  2  1  
516  1044  2  1  
517  1046  2  1  
518  1048  2  1  
519  1050  2  1  
520  1052  2  1  
521  1054  2  1  
522  1056  2  1  
523  1058  2  1  
524  1060  2  1  
525  1062  2  1  
526  1064  2  1  
527  1066  2  1  
528  1068  2  1  
529  1070  2  1  
530  1072  2  1  
531  1074  2  1  
532  1076  2  1  
533  1078  2  1  
534  1080  2  1  
535  1082  2  1  
536  1084  2  1  
537  1086  2  1  
538  1088  2  1  
539  1090  2  1  
540  1092  2  1  
541  1094  2  1  
542  1096  2  1  
543  1098  2  1  
544  1100  2  1  
545  1102  2  1  
546  1104  2  1  
547  1106  2  1  
548  1108  2  1  
549  1110  2  1  
550  1112  2  1  
551  1114  2  1  
552  1116  2  1  
553  1118  2  1  
554  1120  2  1  
555  1122  2  1  
556  1124  2  1  
557  1126  2  1  
558  1128  2  1  
559  1130  2  1  
560  1132  2  1  
561  1134  2  1  
562  1136  2  1  
563  1138  2  1  
564  1140  2  1  
565  1142  2  1  
566  1144  2  1  
567  1146  2  1  
568  1148  2  1  
569  1150  2  1  
570  1152  2  1  
571  1154  2  1  
572  1156  2  1  
573  1158  2  1  
574  1160  2  1  
575  1162  2  1  
576  1164  2  1  
577  1166  2  1  
578  1168  2  1  
579  1170  2  1  
580  1172  2  1  
581  1174  2  1  
582  1176  2  1  
583  1178  2  1  
584  1180  2  1  
585  1182  2  1  
586  1184  2  1  
587  1186  2  1  
588  1188  2  1  
589  1190  2  1  
590  1192  2  1  
591  1194  2  1  
592  1196  2  1  
593  1198  2  1  
594  1200  2  1  
595  1202  2  1  
596  1204  2  1  
597  1206  2  1  
598  1208  2  1  
599  1210  2  1  
600  1212  2  1  
601  1214  2  1  
602  1216  2  1  
603  1218  2  1  
604  1220  2  1  
605  1222  2  1  
606  1224  2  1  
607  1226  2  1  
608  1228  2  1  
609  1230  2  1  
610  1232  2  1  
611  1234  2  1  
612  1236  2  1  
613  1238  2  1  
614  1240  2  1  
615  1242  2  1  
616  1244  2  1  
617  1246  2  1  
618  1248  2  1  
619  1250  2  1  
620  1252  2  1  
621  1254  2  1  
622  1256  2  1  
623  1258  2  1  
624  1260  2  1  
625  1262  2  1  
626  1264  2  1  
627  1266  2  1  
628  1268  2  1  
629  1270  2  1  
630  1272  2  1  
631  1274  2  1  
632  1276  2  1  
633  1278  2  1  
634  1280  2  1  
635  1282  2  1  
636  1284  2  1  
637  1286  2  1  
638  1288  2  1  
639  1290  2  1  
640  1292  2  1  
641  1294  2  1  
642  1296  2  1  
643  1298  2  1  
644  1300  2  1  
645  1302  2  1  
646  1304  2  1  
647  1306  2  1  
648  1308  2  1  
649  1310  2  1  
650  1312  2  1  
651  1314  2  1  
652  1316  2  1  
653  1318  2  1  
654  1320  2  1  
655  1322  2  1  
656  1324  2  1  
657  1326  2  1  
658  1328  2  1  
659  1330  2  1  
660  1332  2  1  
661  1334  2  1  
662  1336  2  1  
663  1338  2  1  
664  1340  2  1  
665  1342  2  1  
666  1344  2  1  
667  1346  2  1  
668  1348  2  1  
669  1350  2  1  
670  1352  2  1  
671  1354  2  1  
672  1356  2  1  
673  1358  2  1  
674  1360  2  1  
675  1362  2  1  
676  1364  2  1  
677  1366  2  1  
678  1368  2  1  
679  1370  2  1  
680  1372  2  1  
681  1374  2  1  
682  1376  2  1  
683  1378  2  1  
684  1380  2  1  
685  1382  2  1  
686  1384  2  1  
687  1386  2  1  
688  1388  2  1  
689  1390  2  1  
690  1392  2  1  
691  1394  2  1  
692  1396  2  1  
693  1398  2  1  
694  1400  2  1  
695  1402  2  1  
696  1404  2  1  
697  1406  2  1  
698  1408  2  1  
699  1410  2  1  
700  1412  2  1  
701  1414  2  1  
702  1416  2  1  
703  1418  2  1  
704  1420  2  1  
705  1422  2  1  
706  1424  2  1  
707  1426  2  1  
708  1428  2  1  
709  1430  2  1  
710  1432  2  1  
711  1434  2  1  
712  1436  2  1  
713  1438  2  1  
714  1440  2  1  
715  1442  2  1  
716  1444  2  1  
717  1446  2  1  
718  1448  2  1  
719  1450  2  1  
720  1452  2  1  
721  1454  2  1  
722  1456  2  1  
723  1458  2  1  
724  1460  2  1  
725  1462  2  1  
726  1464  2  1  
727  1466  2  1  
728  1468  2  1  
729  1470  2  1  
730  1472  2  1  
731  1474  2  1  
732  1476  2  1  
733  1478  2  1  
734  1480  2  1  
735  1482  2  1  
736  1484  2  1  
737  1486  2  1  
738  1488  2  1  
739  1490  2  1  
740  1492  2  1  
741  1494  2  1  
742  1496  2  1  
743  1498  2  1  
744  1500  2  1  
745  1502  2  1  
746  1504  2  1  
747  1506  2  1  
748  1508  2  1  
749  1510  2  1  
750  1512  2  1  
751  1514  2  1  
752  1516  2  1  
753  1518  2  1  
754  1520  2  1  
755  1522  2  1  
756  1524  2  1  
757  1526  2  1  
758  1528  2  1  
759  1530  2  1  
760  1532  2  1  
761  1534  2  1  
762  1536  2  1  
763  1538  2  1  
764  1540  2  1  
765  1542  2  1  
766  1544  2  1  
767  1546  2  1  
768  1548  2  1  
769  1550  2  1  
770  1552  2  1  
771  1554  2  1  
772  1556  2  1  
773  1558  2  1  
774  1560  2  1  
775  1562  2  1  
776  1564  2  1  
777  1566  2  1  
778  1568  2  1  
779  1570  2  1  
780  1572  2  1  
781  1574  2  1  
782  1576  2  1  
783  1578  2  1  
784  1580  2  1  
785  1582  2  1  
786  1584  2  1  
787  1586  2  1  
788  1588  2  1  
789  1590  2  1  
790  1592  2  1  
791  1594  2  1  
792  1596  2  1  
793  1598  2  1  
794  1600  2  1  
795  1602  2  1  
796  1604  2  1  
797  1606  2  1  
798  1608  2  1  
799  1610  2  1  
800  1612  2  1  
801  1614  2  1  
802  1616  2  1  
803  1618  2  1  
804  1620  2  1  
805  1622  2  1  
806  1624  2  1  
807  1626  2  1  
808  1628  2  1  
809  1630  2  1  
810  1632  2  1  
811  1634  2  1  
812  1636  2  1  
813  1638  2  1  
814  1640  2  1  
815  1642  2  1  
816  1644  2  1  
817  1646  2  1  
818  1648  2  1  
819  1650  2  1  
820  1652  2  1  
821  1654  2  1  
822  1656  2  1  
823  1658  2  1  
824  1660  2  1  
825  1662  2  1  
826  1664  2  1  
827  1666  2  1  
828  1668  2  1  
829  1670  2  1  
830  1672  2  1  
831  1674  2  1  
832  1676  2  1  
833  1678  2  1  
834  1680  2  1  
835  1682  2  1  
836  1684  2  1  
837  1686  2  1  
838  1688  2  1  
839  1690  2  1  
840  1692  2  1  
841  1694  2  1  
842  1696  2  1  
843  1698  2  1  
844  1700  2  1  
845  1702  2  1  
846  1704  2  1  
847  1706  2  1  
848  1708  2  1  
849  1710  2  1  
850  1712  2  1  
851  1714  2  1  
852  1716  2  1  
853  1718  2  1  
854  1720  2  1  
855  1722  2  1  
856  1724  2  1  
857  1726  2  1  
858  1728  2  1  
859  1730  2  1  
860  1732  2  1  
861  1734  2  1  
862  1736  2  1  
863  1738  2  1  
864  1740  2  1  
865  1742  2  1  
866  1744  2  1  
867  1746  2  1  
868  1748  2  1  
869  1750  2  1  
870  1752  2  1  
871  1754  2  1  
872  1756  2  1  
873  1758  2  1  
874  1760  2  1  
875  1762  2  1  
876  1764  2  1  
877  1766  2  1  
878  1768  2  1  
879  1770  2  1  
880  1772  2  1  
881  1774  2  1  
882  1776  2  1  
883  1778  2  1  
884  1780  2  1  
885  1782  2  1  
886  1784  2  1  
887  1786  2  1  
888  1788  2  1  
889  1790  2  1  
890  1792  2  1  
891  1794  2  1  
892  1796  2  1  
893  1798  2  1  
894  1800  2  1  
895  1802  2  1  
896  1804  2  1  
897  1806  2  1  
898  1808  2  1  
899  1810  2  1  
900  1812  2  1  
901  1814  2  1  
902  1816  2  1  
903  1818  2  1  
904  1820  2  1  
905  1822  2  1  
906  1824  2  1  
907  1826  2  1  
908  1828  2  1  
909  1830  2  1  
910  1832  2  1  
911  1834  2  1  
912  1836  2  1  
913  1838  2  1  
914  1840  2  1  
915  1842  2  1  
916  1844  2  1  
917  1846  2  1  
918  1848  2  1  
919  1850  2  1  
920  1852  2  1  
921  1854  2  1  
922  1856  2  1  
923  1858  2  1  
924  1860  2  1  
925  1862  2  1  
926  1864  2  1  
927  1866  2  1  
928  1868  2  1  
929  1870  2  1  
930  1872  2  1  
931  1874  2  1  
932  1876  2  1  
933  1878  2  1  
934  1880  2  1  
935  1882  2  1  
936  1884  2  1  
937  1886  2  1  
938  1888  2  1  
939  1890  2  1  
940  1892  2  1  
941  1894  2  1  
942  1896  2  1  
943  1898  2  1  
944  1900  2  1  
945  1902  2  1  
946  1904  2  1  
947  1906  2  1  
948  1908  2  1  
949  1910  2  1  
950  1912  2  1  
951  1914  2  1  
952  1916  2  1  
953  1918  2  1  
954  1920  2  1  
955  1922  2  1  
956  1924  2  1  
957  1926  2  1  
958  1928  2  1  
959  1930  2  1  
960  1932  2  1  
961  1934  2  1  
962  1936  2  1  
963  1938  2  1  
964  1940  2  1  
965  1942  2  1  
966  1944  2  1  
967  1946  2  1  
968  1948  2  1  
969  1950  2  1  
970  1952  2  1  
971  1954  2  1  
972  1956  2  1  
973  1958  2  1  
974  1960  2  1  
975  1962  2  1  
976  1964  2  1  
977  1966  2  1  
978  1968  2  1  
979  1970  2  1  
980  1972  2  1  
981  1974  2  1  
982  1976  2  1  
983  1978  2  1  
984  1980  2  1  
985  1982  2  1  
986  1984  2  1  
987  1986  2  1  
988  1988  2  1  
989  1990  2  1  
990  1992  2  1  
991  1994  2  1  
992  1996  2  1  
993  1998  2  1  
994  2000  2  1  
995  2002  2  1  
996  2004  2  1  
997  2006  2  1  
998  2008  2  1  
999  2010  2  1  
1000  2012  2  1  
1001  2014  2  1  
1002  2016  2  1  
1003  2018  2  1  
1004  2020  2  1  
1005  2022  2  1  
1006  2024  2  1  
1007  2026  2  1  
1008  2028  2  1  
1009  2030  2  1  
1010  2032  2  1  
1011  2034  2  1  
1012  2036  2  1  
1013  2038  2  1  
1014  2040  2  1  
1015  2042  2  1  
1016  2044  2  1  
1017  2046  2  1  
1018  2048  2  1  
1019  2050  2  1  
1020  2052  2  1  
1021  2054  2  1  
1022  2056  2  1  
1023  2058  2  1  
1024  2060  2  1  
1025  2062  2  1  
1026  2064  2  1  
1027  2066  2  1  
1028  2068  2  1  
1029  2070  2  1  
1030  2072  2  1  
1031  2074  2  1  
1032  2076  2  1  
1033  2078  2  1  
1034  2080  2  1  
1035  2082  2  1  
1036  2084  2  1  
1037  2086  2  1  
1038  2088  2  1  
1039  2090  2  1  
1040  2092  2  1  
1041  2094  2  1  
1042  2096  2  1  
1043  2098  2  1  
1044  2100  2  1  
1045  2102  2  1  
1046  2104  2  1  
1047  2106  2  1  
1048  2108  2  1  
1049  2110  2  1  
1050  2112  2  1  
1051  2114  2  1  
1052  2116  2  1  
1053  2118  2  1  
1054  2120  2  1  
1055  2122  2  1  
1056  2124  2  1  
1057  2125  1  1  
1058  2127  2  1  
1059  2128  1  1  
1060  2130  2  1  
1061  2131  1  1  
1062  2133  2  1  
1063  2134  1  1  
1064  2136  2  1  
1065  2137  1  1  
1066  2139  2  1  
1067  2140  1  1  
1068  2142  2  1  
1069  2143  1  1  
1070  2145  2  1  
1071  2146  1  1  
1072  2148  2  1  
1073  2149  1  1  
1074  2151  2  1  
1075  2152  1  1  
1076  2154  2  1  
1077  2155  1  1  
1078  2157  2  1  
1079  2158  1  1  
1080  2160  2  1  
1081  2161  1  1  
1082  2163  2  1  
1083  2164  1  1  
1084  2166  2  1  
1085  2167  1  1  
1086  2169  2  1  
1087  2170  1  1  
1088  2172  2  1  
1089  2173  1  1  
1090  2175  2  1  
1091  2176  1  1  
1092  2178  2  1  
1093  2179  1  1  
1094  2181  2  1  
1095  2182  1  1  
1096  2184  2  1  
1097  2185  1  1  
1098  2187  2  1  
1099  2188  1  1  
1100  2190  2  1  
1101  2191  1  1  
1102  2193  2  1  
1103  2194  1  1  
1104  2196  2  1  
1105  2197  1  1  
1106  2199  2  1  
1107  2200  1  1  
1108  2202  2  1  
1109  2203  1  1  
1110  2205  2  1  
1111  2206  1  1  
1112  2208  2  1  
1113  2209  1  1  
1114  2211  2  1  
1115  2212  1  1  
1116  2214  2  1  
1117  2215  1  1  
1118  2217  2  1  
1119  2218  1  1  
1120  2220  2  1  
1121  2221  1  1  
1122  2223  2  1  
1123  2224  1  1  
1124  2226  2  1  
1125  2227  1  1  
1126  2229  2  1  
1127  2230  1  1  
1128  2232  2  1  
1129  2233  1  1  
1130  2235  2  1  
1131  2236  1  1  
1132  2238  2  1  
1133  2239  1  1  
1134  2241  2  1  
1135  2242  1  1  
1136  2244  2  1  
1137  2245  1  1  
1138  2247  2  1  
1139  2248  1  1  
1140  2250  2  1  
1141  2251  1  1  
1142  2253  2  1  
1143  2254  1  1  
1144  2256  2  1  
1145  2257  1  1  
1146  2259  2  1  
1147  2260  1  1  
1148  2262  2  1  
1149  2263  1  1  
1150  2265  2  1  
1151  2266  1  1  
1152  2268  2  1  
1153  2269  1  1  
1154  2271  2  1  
1155  2272  1  1  
1156  2274  2  1  
1157  2275  1  1  
1158  2277  2  1  
1159  2278  1  1  
1160  2280  2  1  
1161  2281  1  1  
1162  2283  2  1  
1163  2284  1  1  
1164  2286  2  1  
1165  2287  1  1  
1166  2289  2  1  
1167  2290  1  1  
1168  2292  2  1  
1169  2293  1  1  
1170  2295  2  1  
1171  2296  1  1  
1172  2298  2  1  
1173  2299  1  1  
1174  2301  2  1  
1175  2302  1  1  
1176  2304  2  1  
1177  2305  1  1  
1178  2307  2  1  
1179  2308  1  1  
1180  2310  2  1  
1181  2311  1  1  
1182  2313  2  1  
1183  2314  1  1  
1184  2316  2  1  
1185  2317  1  1  
1186  2319  2  1  
1187  2320  1  1  
1188  2322  2  1  
1189  2323  1  1  
1190  2325  2  1  
1191  2326  1  1  
1192  2328  2  1  
1193  2329  1  1  
1194  2331  2  1  
1195  2332  1  1  
1196  2334  2  1  
1197  2335  1  1  
1198  2337  2  1  
1199  2338  1  1  
1200  2340  2  1  
1201  2341  1  1  
1202  2343  2  1  
1203  2344  1  1  
1204  2346  2  1  
1205  2347  1  1  
1206  2349  2  1  
1207  2350  1  1  
1208  2352  2  1  
1209  2353  1  1  
1210  2355  2  1  
1211  2356  1  1  
1212  2358  2  1  
1213  2359  1  1  
1214  2361  2  1  
1215  2362  1  1  
1216  2364  2  1  
1217  2365  1  1  
1218  2367  2  1  
1219  2368  1  1  
1220  2370  2  1  
1221  2371  1  1  
1222  2373  2  1  
1223  2374  1  1  
1224  2376  2  1  
1225  2377  1  1  
1226  2379  2  1  
1227  2380  1  1  
1228  2382  2  1  
1229  2383  1  1  
1230  2385  2  1  
1231  2386  1  1  
1232  2388  2  1  
1233  2389  1  1  
1234  2391  2  1  
1235  2392  1  1  
1236  2394  2  1  
1237  2395  1  1  
1238  2397  2  1  
1239  2398  1  1  
1240  2400  2  1  
1241  2401  1  1  
1242  2403  2  1  
1243  2404  1  1  
1244  2406  2  1  
1245  2407  1  1  
1246  2409  2  1  
1247  2410  1  1  
1248  2412  2  1  
1249  2413  1  1  
1250  2415  2  1  
1251  2416  1  1  
1252  2418  2  1  
1253  2419  1  1  
1254  2421  2  1  
1255  2422  1  1  
1256  2424  2  1  
1257  2425  1  1  
1258  2427  2  1  
1259  2428  1  1  
1260  2430  2  1  
1261  2431  1  1  
1262  2433  2  1  
1263  2434  1  1  
1264  2436  2  1  
1265  2437  1  1  
1266  2439  2  1  
1267  2440  1  1  
1268  2442  2  1  
1269  2443  1  1  
1270  2445  2  1  
1271  2446  1  1  
1272  2448  2  1  
1273  2449  1  1  
1274  2451  2  1  
1275  2452  1  1  
1276  2454  2  1  
1277  2455  1  1  
1278  2457  2  1  
1279  2458  1  1  
1280  2460  2  1  
1281  2461  1  1  
1282  2463  2  1  
1283  2464  1  1  
1284  2466  2  1  
1285  2467  1  1  
1286  2469  2  1  
1287  2470  1  1  
1288  2472  2  1  
1289  2473  1  1  
1290  2475  2  1  
1291  2476  1  1  
1292  2478  2  1  
1293  2479  1  1  
1294  2481  2  1  
1295  2482  1  1  
1296  2484  2  1  
1297  2485  1  1  
1298  2487  2  1  
1299  2488  1  1  
1300  2490  2  1  
1301  2491  1  1  
1302  2493  2  1  
1303  2494  1  1  
1304  2496  2  1  
1305  2497  1  1  
1306  2499  2  1  
1307  2500  1  1  
1308  2502  2  1  
1309  2503  1  1  
1310  2505  2  1  
1311  2506  1  1  
1312  2508  2  1  
1313  2509  1  1  
1314  2511  2  1  
1315  2512  1  1  
1316  2514  2  1  
1317  2515  1  1  
1318  2517  2  1  
1319  2518  1  1  
1320  2520  2  1  
1321  2521  1  1  
1322  2523  2  1  
1323  2524  1  1  
1324  2526  2  1  
1325  2527  1  1  
1326  2529  2  1  
1327  2530  1  1  
1328  2532  2  1  
1329  2533  1  1  
1330  2535  2  1  
1331  2536  1  1  
1332  2538  2  1  
1333  2539  1  1  
1334  2541  2  1  
1335  2542  1  1  
1336  2544  2  1  
1337  2545  1  1  
1338  2547  2  1  
1339  2548  1  1  
1340  2550  2  1  
1341  2551  1  1  
1342  2553  2  1  
1343  2554  1  1  
1344  2556  2  1  
1345  2557  1  1  
1346  2559  2  1  
1347  2560  1  1  
1348  2562  2  1  
1349  2563  1  1  
1350  2565  2  1  
1351  2566  1  1  
1352  2568  2  1  
1353  2569  1  1  
1354  2571  2  1  
1355  2572  1  1  
1356  2574  2  1  
1357  2575  1  1  
1358  2576  1  1  
1359  2578  2  1  
1360  2579  1  1  
1361  2580  1  1  
1362  2582  2  1  
1363  2583  1  1  
1364  2584  1  1  
1365  2586  2  1  
1366  2587  1  1  
1367  2588  1  1  
1368  2590  2  1  
1369  2591  1  1  
1370  2592  1  1  
1371  2594  2  1  
1372  2595  1  1  
1373  2596  1  1  
1374  2598  2  1  
1375  2600  2  1  
1376  2601  1  1  
1377  2603  2  1  
1378  2604  1  1  
1379  2605  1  1  
1380  2607  2  1  
1381  2608  1  1  
1382  2609  1  1  
1383  2611  2  1  
1384  2612  1  1  
1385  2613  1  1  
1386  2615  2  1  
1387  2617  2  1  
1388  2618  1  1  
1389  2619  1  1  
1390  2621  2  1  
1391  2622  1  1  
1392  2623  1  1  
1393  2625  2  1  
1394  2626  1  1  
1395  2627  1  1  
1396  2629  2  1  
1397  2630  1  1  
1398  2631  1  1  
1399  2633  2  1  
1400  2635  2  1  
1401  2636  1  1  
1402  2637  1  1  
1403  2639  2  1  
1404  2640  1  1  
1405  2641  1  1  
1406  2643  2  1  
1407  2644  1  1  
1408  2645  1  1  
1409  2647  2  1  
1410  2648  1  1  
1411  2649  1  1  
1412  2651  2  1  
1413  2653  2  1  
1414  2654  1  1  
1415  2655  1  1  
1416  2657  2  1  
1417  2658  1  1  
1418  2659  1  1  
1419  2661  2  1  
1420  2662  1  1  
1421  2663  1  1  
1422  2665  2  1  
1423  2666  1  1  
1424  2667  1  1  
1425  2669  2  1  
1426  2671  2  1  
1427  2672  1  1  
1428  2673  1  1  
1429  2675  2  1  
1430  2676  1  1  
1431  2677  1  1  
1432  2679  2  1  
1433  2680  1  1  
1434  2681  1  1  
1435  2683  2  1  
1436  2684  1  1  
1437  2685  1  1  
1438  2687  2  1  
1439  2689  2  1  
1440  2690  1  1  
1441  2691  1  1  
1442  2693  2  1  
1443  2694  1  1  
1444  2695  1  1  
1445  2697  2  1  
1446  2698  1  1  
1447  2699  1  1  
1448  2701  2  1  
1449  2702  1  1  
1450  2703  1  1  
1451  2705  2  1  
1452  2707  2  1  
1453  2708  1  1  
1454  2709  1  1  
1455  2711  2  1  
1456  2712  1  1  
1457  2713  1  1  
1458  2715  2  1  
1459  2716  1  1  
1460  2717  1  1  
1461  2719  2  1  
1462  2720  1  1  
1463  2721  1  1  
1464  2723  2  1  
1465  2725  2  1  
1466  2726  1  1  
1467  2727  1  1  
1468  2729  2  1  
1469  2730  1  1  
1470  2731  1  1  
1471  2733  2  1  
1472  2734  1  1  
1473  2735  1  1  
1474  2737  2  1  
1475  2739  2  1  
1476  2740  1  1  
1477  2741  1  1  
1478  2743  2  1  
1479  2744  1  1  
1480  2745  1  1  
1481  2747  2  1  
1482  2748  1  1  
1483  2749  1  1  
1484  2751  2  1  
1485  2752  1  1  
1486  2753  1  1  
1487  2755  2  1  
1488  2757  2  1  
1489  2758  1  1  
1490  2759  1  1  
1491  2761  2  1  
1492  2762  1  1  
1493  2763  1  1  
1494  2765  2  1  
1495  2766  1  1  
1496  2767  1  1  
1497  2769  2  1  
1498  2770  1  1  
1499  2771  1  1  
1500  2773  2  1  
1501  2775  2  1  
1502  2776  1  1  
1503  2777  1  1  
1504  2779  2  1  
1505  2780  1  1  
1506  2781  1  1  
1507  2783  2  1  
1508  2784  1  1  
1509  2785  1  1  
1510  2787  2  1  
1511  2788  1  1  
1512  2789  1  1  
1513  2791  2  1  
1514  2793  2  1  
1515  2794  1  1  
1516  2795  1  1  
1517  2797  2  1  
1518  2798  1  1  
1519  2799  1  1  
1520  2801  2  1  
1521  2802  1  1  
1522  2803  1  1  
1523  2805  2  1  
1524  2806  1  1  
1525  2807  1  1  
1526  2809  2  1  
1527  2811  2  1  
1528  2812  1  1  
1529  2813  1  1  
1530  2815  2  1  
1531  2816  1  1  
1532  2817  1  1  
1533  2819  2  1  
1534  2820  1  1  
1535  2821  1  1  
1536  2823  2  1  
1537  2824  1  1  
1538  2825  1  1  
1539  2827  2  1  
1540  2829  2  1  
1541  2830  1  1  
1542  2831  1  1  
1543  2833  2  1  
1544  2834  1  1  
1545  2835  1  1  
1546  2837  2  1  
1547  2838  1  1  
1548  2839  1  1  
1549  2841  2  1  
1550  2842  1  1  
1551  2843  1  1  
1552  2845  2  1  
1553  2847  2  1  
1554  2848  1  1  
1555  2849  1  1  
1556  2851  2  1  
1557  2852  1  1  
1558  2853  1  1  
1559  2855  2  1  
1560  2856  1  1  
1561  2857  1  1  
1562  2859  2  1  
1563  2860  1  1  
1564  2861  1  1  
1565  2863  2  1  
1566  2865  2  1  
1567  2866  1  1  
1568  2867  1  1  
1569  2869  2  1  
1570  2870  1  1  
1571  2871  1  1  
1572  2873  2  1  
1573  2874  1  1  
1574  2875  1  1  
1575  2877  2  1  
1576  2879  2  1  
1577  2880  1  1  
1578  2881  1  1  
1579  2883  2  1  
1580  2884  1  1  
1581  2885  1  1  
1582  2887  2  1  
1583  2888  1  1  
1584  2889  1  1  
1585  2891  2  1  
1586  2892  1  1  
1587  2893  1  1  
1588  2895  2  1  
1589  2897  2  1  
1590  2898  1  1  
1591  2899  1  1  
1592  2901  2  1  
1593  2902  1  1  
1594  2903  1  1  
1595  2905  2  1  
1596  2906  1  1  
1597  2907  1  1  
1598  2909  2  1  
1599  2910  1  1  
1600  2911  1  1  
1601  2913  2  1  
1602  2915  2  1  
1603  2916  1  1  
1604  2917  1  1  
1605  2919  2  1  
1606  2920  1  1  
1607  2921  1  1  
1608  2923  2  1  
1609  2924  1  1  
1610  2925  1  1  
1611  2927  2  1  
1612  2928  1  1  
1613  2929  1  1  
1614  2931  2  1  
1615  2933  2  1  
1616  2934  1  1  
1617  2935  1  1  
1618  2937  2  1  
1619  2938  1  1  
1620  2939  1  1  
1621  2941  2  1  
1622  2942  1  1  
1623  2943  1  1  
1624  2945  2  1  
1625  2946  1  1  
1626  2947  1  1  
1627  2949  2  1  
1628  2951  2  1  
1629  2952  1  1  
1630  2953  1  1  
1631  2955  2  1  
1632  2956  1  1  
1633  2957  1  1  
1634  2959  2  1  
1635  2960  1  1  
1636  2961  1  1  
1637  2963  2  1  
1638  2964  1  1  
1639  2965  1  1  
1640  2968  3  1  
1641  2969  1  1  
1642  2971  2  1  
1643  2973  2  1  
1644  2974  1  1  
1645  2975  1  1  
1646  2977  2  1  
1647  2978  1  1  
1648  2979  1  1  
1649  2981  2  1  
1650  2982  1  1  
1651  2983  1  1  
1652  2985  2  1  
1653  2987  2  1  
1654  2988  1  1  
1655  2989  1  1  
1656  2991  2  1  
1657  2992  1  1  
1658  2993  1  1  
1659  2995  2  1  
1660  2996  1  1  
1661  2997  1  1  
1662  2999  2  1  
1663  3000  1  1  
1664  3001  1  1  
1665  3003  2  1  
1666  3005  2  1  
1667  3006  1  1  
1668  3007  1  1  
1669  3009  2  1  
1670  3010  1  1  
1671  3011  1  1  
1672  3013  2  1  
1673  3014  1  1  
1674  3015  1  1  
1675  3017  2  1  
1676  3018  1  1  
1677  3019  1  1  
1678  3021  2  1  
1679  3023  2  1  
1680  3024  1  1  
1681  3025  1  1  
1682  3027  2  1  
1683  3028  1  1  
1684  3029  1  1  
1685  3031  2  1  
1686  3032  1  1  
1687  3033  1  1  
1688  3035  2  1  
1689  3036  1  1  
1690  3037  1  1  
1691  3040  3  1  
1692  3041  1  1  
1693  3043  2  1  
1694  3045  2  1  
1695  3046  1  1  
1696  3047  1  1  
1697  3049  2  1  
1698  3050  1  1  
1699  3051  1  1  
1700  3053  2  1  
1701  3054  1  1  
1702  3055  1  1  
1703  3057  2  1  
1704  3059  2  1  
1705  3060  1  1  
1706  3061  1  1  
1707  3063  2  1  
1708  3064  1  1  
1709  3065  1  1  
1710  3067  2  1  
1711  3068  1  1  
1712  3069  1  1  
1713  3071  2  1  
1714  3072  1  1  
1715  3073  1  1  
1716  3075  2  1  
1717  3077  2  1  
1718  3078  1  1  
1719  3079  1  1  
1720  3081  2  1  
1721  3082  1  1  
1722  3083  1  1  
1723  3085  2  1  
1724  3086  1  1  
1725  3087  1  1  
1726  3089  2  1  
1727  3090  1  1  
1728  3091  1  1  
1729  3093  2  1  
1730  3095  2  1  
1731  3096  1  1  
1732  3097  1  1  
1733  3099  2  1  
1734  3100  1  1  
1735  3101  1  1  
1736  3103  2  1  
1737  3104  1  1  
1738  3105  1  1  
1739  3107  2  1  
1740  3108  1  1  
1741  3109  1  1  
1742  3111  2  1  
1743  3112  1  1  
1744  3113  1  1  
1745  3116  3  1  
1746  3117  1  1  
1747  3119  2  1  
1748  3121  2  1  
1749  3122  1  1  
1750  3123  1  1  
1751  3125  2  1  
1752  3126  1  1  
1753  3127  1  1  
1754  3129  2  1  
1755  3130  1  1  
1756  3131  1  1  
1757  3133  2  1  
1758  3135  2  1  
1759  3136  1  1  
1760  3137  1  1  
1761  3139  2  1  
1762  3140  1  1  
1763  3141  1  1  
1764  3143  2  1  
1765  3144  1  1  
1766  3145  1  1  
1767  3147  2  1  
1768  3148  1  1  
1769  3149  1  1  
1770  3151  2  1  
1771  3153  2  1  
1772  3154  1  1  
1773  3155  1  1  
1774  3157  2  1  
1775  3158  1  1  
1776  3159  1  1  
1777  3161  2  1  
1778  3162  1  1  
1779  3163  1  1  
1780  3165  2  1  
1781  3166  1  1  
1782  3167  1  1  
1783  3169  2  1  
1784  3170  1  1  
1785  3171  1  1  
1786  3174  3  1  
1787  3175  1  1  
1788  3177  2  1  
1789  3179  2  1  
1790  3180  1  1  
1791  3181  1  1  
1792  3183  2  1  
1793  3184  1  1  
1794  3185  1  1  
1795  3187  2  1  
1796  3188  1  1  
1797  3189  1  1  
1798  3191  2  1  
1799  3193  2  1  
1800  3194  1  1  
1801  3195  1  1  
1802  3197  2  1  
1803  3198  1  1  
1804  3199  1  1  
1805  3201  2  1  
1806  3202  1  1  
1807  3203  1  1  
1808  3205  2  1  
1809  3206  1  1  
1810  3207  1  1  
1811  3209  2  1  
1812  3211  2  1  
1813  3212  1  1  
1814  3213  1  1  
1815  3215  2  1  
1816  3216  1  1  
1817  3217  1  1  
1818  3218  1  1  
1819  3220  2  1  
1820  3221  1  1  
1821  3222  1  1  
1822  3224  2  1  
1823  3226  2  1  
1824  3227  1  1  
1825  3228  1  1  
1826  3230  2  1  
1827  3231  1  1  
1828  3232  1  1  
1829  3234  2  1  
1830  3235  1  1  
1831  3236  1  1  
1832  3238  2  1  
1833  3239  1  1  
1834  3240  1  1  
1835  3242  2  1  
1836  3244  2  1  
1837  3245  1  1  
1838  3246  1  1  
1839  3248  2  1  
1840  3249  1  1  
1841  3250  1  1  
1842  3252  2  1  
1843  3253  1  1  
1844  3254  1  1  
1845  3256  2  1  
1846  3257  1  1  
1847  3258  1  1  
1848  3260  2  1  
1849  3262  2  1  
1850  3263  1  1  
1851  3264  1  1  
1852  3266  2  1  
1853  3267  1  1  
1854  3268  1  1  
1855  3270  2  1  
1856  3271  1  1  
1857  3272  1  1  
1858  3274  2  1  
1859  3276  2  1  
1860  3277  1  1  
1861  3278  1  1  
1862  3280  2  1  
1863  3281  1  1  
1864  3282  1  1  
1865  3284  2  1  
1866  3285  1  1  
1867  3286  1  1  
1868  3288  2  1  
1869  3289  1  1  
1870  3290  1  1  
1871  3292  2  1  
1872  3294  2  1  
1873  3295  1  1  
1874  3296  1  1  
1875  3298  2  1  
1876  3299  1  1  
1877  3300  1  1  
1878  3302  2  1  
1879  3303  1  1  
1880  3304  1  1  
1881  3306  2  1  
1882  3307  1  1  
1883  3308  1  1  
1884  3310  2  1  
1885  3312  2  1  
1886  3313  1  1  
1887  3314  1  1  
1888  3316  2  1  
1889  3317  1  1  
1890  3318  1  1  
1891  3320  2  1  
1892  3321  1  1  
1893  3322  1  1  
1894  3324  2  1  
1895  3325  1  1  
1896  3326  1  1  
1897  3328  2  1  
1898  3330  2  1  
1899  3331  1  1  
1900  3332  1  1  
1901  3334  2  1  
1902  3335  1  1  
1903  3336  1  1  
1904  3338  2  1  
1905  3339  1  1  
1906  3340  1  1  
1907  3342  2  1  
1908  3344  2  1  
1909  3345  1  1  
1910  3346  1  1  
1911  3348  2  1  
1912  3349  1  1  
1913  3350  1  1  
1914  3351  1  1  
1915  3353  2  1  
1916  3354  1  1  
1917  3355  1  1  
1918  3357  2  1  
1919  3359  2  1  
1920  3360  1  1  
1921  3361  1  1  
1922  3363  2  1  
1923  3364  1  1  
1924  3365  1  1  
1925  3367  2  1  
1926  3368  1  1  
1927  3369  1  1  
1928  3371  2  1  
1929  3372  1  1  
1930  3373  1  1  
1931  3375  2  1  
1932  3377  2  1  
1933  3378  1  1  
1934  3379  1  1  
1935  3381  2  1  
1936  3382  1  1  
1937  3383  1  1  
1938  3384  1  1  
1939  3386  2  1  
1940  3387  1  1  
1941  3388  1  1  
1942  3390  2  1  
1943  3392  2  1  
1944  3393  1  1  
1945  3394  1  1  
1946  3396  2  1  
1947  3397  1  1  
1948  3398  1  1  
1949  3400  2  1  
1950  3401  1  1  
1951  3402  1  1  
1952  3404  2  1  
1953  3405  1  1  
1954  3406  1  1  
1955  3408  2  1  
1956  3410  2  1  
1957  3411  1  1  
1958  3412  1  1  
1959  3414  2  1  
1960  3415  1  1  
1961  3416  1  1  
1962  3417  1  1  
1963  3419  2  1  
1964  3420  1  1  
1965  3421  1  1  
1966  3424  3  1  
1967  3425  1  1  
1968  3427  2  1  
1969  3429  2  1  
1970  3430  1  1  
1971  3431  1  1  
1972  3433  2  1  
1973  3434  1  1  
1974  3435  1  1  
1975  3437  2  1  
1976  3438  1  1  
1977  3439  1  1  
1978  3441  2  1  
1979  3443  2  1  
1980  3444  1  1  
1981  3445  1  1  
1982  3447  2  1  
1983  3448  1  1  
1984  3449  1  1  
1985  3450  1  1  
1986  3452  2  1  
1987  3453  1  1  
1988  3454  1  1  
1989  3456  2  1  
1990  3458  2  1  
1991  3459  1  1  
1992  3460  1  1  
1993  3462  2  1  
1994  3463  1  1  
1995  3464  1  1  
1996  3466  2  1  
1997  3467  1  1  
1998  3468  1  1  
1999  3470  2  1  
2000  3471  1  1  
2001  3472  1  1  
2002  3474  2  1  
2003  3476  2  1  
2004  3477  1  1  
2005  3478  1  1  
2006  3480  2  1  
2007  3481  1  1  
2008  3482  1  1  
2009  3484  2  1  
2010  3485  1  1  
2011  3486  1  1  
2012  3488  2  1  
2013  3490  2  1  
2014  3491  1  1  
2015  3492  1  1  
2016  3493  1  1  
2017  3495  2  1  
2018  3496  1  1  
2019  3497  1  1  
2020  3499  2  1  
2021  3500  1  1  
2022  3501  1  1  
2023  3503  2  1  
2024  3505  2  1  
2025  3506  1  1  
2026  3507  1  1  
2027  3509  2  1  
2028  3510  1  1  
2029  3511  1  1  
2030  3512  1  1  
2031  3514  2  1  
2032  3515  1  1  
2033  3516  1  1  
2034  3519  3  1  
2035  3520  1  1  
2036  3522  2  1  
2037  3524  2  1  
2038  3525  1  1  
2039  3526  1  1  
2040  3528  2  1  
2041  3529  1  1  
2042  3530  1  1  
2043  3532  2  1  
2044  3533  1  1  
2045  3534  1  1  
2046  3536  2  1  
2047  3538  2  1  
2048  3539  1  1  
2049  3540  1  1  
2050  3542  2  1  
2051  3543  1  1  
2052  3544  1  1  
2053  3545  1  1  
2054  3547  2  1  
2055  3548  1  1  
2056  3549  1  1  
2057  3551  2  1  
2058  3553  2  1  
2059  3554  1  1  
2060  3555  1  1  
2061  3557  2  1  
2062  3558  1  1  
2063  3559  1  1  
2064  3561  2  1  
2065  3562  1  1  
2066  3563  1  1  
2067  3565  2  1  
2068  3566  1  1  
2069  3567  1  1  
2070  3570  3  1  
2071  3571  1  1  
2072  3572  1  1  
2073  3575  3  1  
2074  3576  1  1  
2075  3579  3  1  
2076  3580  1  1  
2077  3583  3  1  
2078  3584  1  1  
2079  3587  3  1  
2080  3588  1  1  
2081  3591  3  1  
2082  3592  1  1  
2083  3595  3  1  
2084  3596  1  1  
2085  3599  3  1  
2086  3600  1  1  
2087  3603  3  1  
2088  3604  1  1  
2089  3607  3  1  
2090  3608  1  1  
2091  3611  3  1  
2092  3612  1  1  
2093  3615  3  1  
2094  3616  1  1  
2095  3619  3  1  
2096  3620  1  1  
2097  3623  3  1  
2098  3624  1  1  
2099  3627  3  1  
2100  3628  1  1  
2101  3630  2  1  
2102  3632  2  1  
2103  3633  1  1  
2104  3634  1  1  
2105  3636  2  1  
2106  3637  1  1  
2107  3638  1  1  
2108  3640  2  1  
2109  3641  1  1  
2110  3642  1  1  
2111  3644  2  1  
2112  3646  2  1  
2113  3647  1  1  
2114  3648  1  1  
2115  3649  1  1  
2116  3651  2  1  
2117  3652  1  1  
2118  3653  1  1  
2119  3655  2  1  
2120  3656  1  1  
2121  3657  1  1  
2122  3659  2  1  
2123  3661  2  1  
2124  3662  1  1  
2125  3663  1  1  
2126  3665  2  1  
2127  3666  1  1  
2128  3667  1  1  
2129  3668  1  1  
2130  3670  2  1  
2131  3672  2  1  
2132  3673  1  1  
2133  3674  1  1  
2134  3675  1  1  
2135  3677  2  1  
2136  3678  1  1  
2137  3679  1  1  
2138  3681  2  1  
2139  3682  1  1  
2140  3683  1  1  
2141  3686  3  1  
2142  3687  1  1  
2143  3688  1  1  
2144  3691  3  1  
2145  3692  1  1  
2146  3695  3  1  
2147  3696  1  1  
2148  3699  3  1  
2149  3700  1  1  
2150  3703  3  1  
2151  3704  1  1  
2152  3707  3  1  
2153  3708  1  1  
2154  3711  3  1  
2155  3712  1  1  
2156  3715  3  1  
2157  3716  1  1  
2158  3719  3  1  
2159  3720  1  1  
2160  3723  3  1  
2161  3724  1  1  
2162  3727  3  1  
2163  3728  1  1  
2164  3731  3  1  
2165  3732  1  1  
2166  3735  3  1  
2167  3736  1  1  
2168  3739  3  1  
2169  3740  1  1  
2170  3743  3  1  
2171  3744  1  1  
2172  3746  2  1  
2173  3748  2  1  
2174  3749  1  1  
2175  3750  1  1  
2176  3752  2  1  
2177  3753  1  1  
2178  3754  1  1  
2179  3756  2  1  
2180  3757  1  1  
2181  3758  1  1  
2182  3760  2  1  
2183  3762  2  1  
2184  3763  1  1  
2185  3764  1  1  
2186  3766  2  1  
2187  3767  1  1  
2188  3768  1  1  
2189  3769  1  1  
2190  3771  2  1  
2191  3772  1  1  
2192  3773  1  1  
2193  3775  2  1  
2194  3777  2  1  
2195  3778  1  1  
2196  3779  1  1  
2197  3781  2  1  
2198  3782  1  1  
2199  3783  1  1  
2200  3784  1  1  
2201  3786  2  1  
2202  3787  1  1  
2203  3788  1  1  
2204  3791  3  1  
2205  3792  1  1  
2206  3793  1  1  
2207  3796  3  1  
2208  3797  1  1  
2209  3800  3  1  
2210  3801  1  1  
2211  3804  3  1  
2212  3805  1  1  
2213  3808  3  1  
2214  3809  1  1  
2215  3812  3  1  
2216  3813  1  1  
2217  3816  3  1  
2218  3817  1  1  
2219  3820  3  1  
2220  3821  1  1  
2221  3824  3  1  
2222  3825  1  1  
2223  3828  3  1  
2224  3829  1  1  
2225  3832  3  1  
2226  3833  1  1  
2227  3836  3  1  
2228  3837  1  1  
2229  3840  3  1  
2230  3841  1  1  
2231  3844  3  1  
2232  3845  1  1  
2233  3848  3  1  
2234  3849  1  1  
2235  3851  2  1  
2236  3853  2  1  
2237  3854  1  1  
2238  3855  1  1  
2239  3857  2  1  
2240  3858  1  1  
2241  3859  1  1  
2242  3861  2  1  
2243  3862  1  1  
2244  3863  1  1  
2245  3866  3  1  
2246  3867  1  1  
2247  3868  1  1  
2248  3871  3  1  
2249  3872  1  1  
2250  3875  3  1  
2251  3876  1  1  
2252  3879  3  1  
2253  3880  1  1  
2254  3883  3  1  
2255  3884  1  1  
2256  3887  3  1  
2257  3888  1  1  
2258  3891  3  1  
2259  3892  1  1  
2260  3895  3  1  
2261  3896  1  1  
2262  3899  3  1  
2263  3900  1  1  
2264  3903  3  1  
2265  3904  1  1  
2266  3907  3  1  
2267  3908  1  1  
2268  3911  3  1  
2269  3912  1  1  
2270  3915  3  1  
2271  3916  1  1  
2272  3919  3  1  
2273  3920  1  1  
2274  3923  3  1  
2275  3924  1  1  
2276  3926  2  1  
2277  3928  2  1  
2278  3929  1  1  
2279  3930  1  1  
2280  3932  2  1  
2281  3933  1  1  
2282  3934  1  1  
2283  3936  2  1  
2284  3937  1  1  
2285  3938  1  1  
2286  3940  2  1  
2287  3942  2  1  
2288  3943  1  1  
2289  3944  1  1  
2290  3945  1  1  
2291  3947  2  1  
2292  3948  1  1  
2293  3949  1  1  
2294  3951  2  1  
2295  3952  1  1  
2296  3953  1  1  
2297  3956  3  1  
2298  3957  1  1  
2299  3958  1  1  
2300  3961  3  1  
2301  3962  1  1  
2302  3965  3  1  
2303  3966  1  1  
2304  3969  3  1  
2305  3970  1  1  
2306  3973  3  1  
2307  3974  1  1  
2308  3977  3  1  
2309  3978  1  1  
2310  3981  3  1  
2311  3982  1  1  
2312  3985  3  1  
2313  3986  1  1  
2314  3989  3  1  
2315  3990  1  1  
2316  3993  3  1  
2317  3994  1  1  
2318  3997  3  1  
2319  3998  1  1  
2320  4001  3  1  
2321  4002  1  1  
2322  4005  3  1  
2323  4006  1  1  
2324  4009  3  1  
2325  4010  1  1  
2326  4013  3  1  
2327  4014  1  1  
2328  4016  2  1  
2329  4018  2  1  
2330  4019  1  1  
2331  4020  1  1  
2332  4022  2  1  
2333  4023  1  1  
2334  4024  1  1  
2335  4026  2  1  
2336  4027  1  1  
2337  4028  1  1  
2338  4030  2  1  
2339  4032  2  1  
2340  4033  1  1  
2341  4034  1  1  
2342  4036  2  1  
2343  4037  1  1  
2344  4038  1  1  
2345  4039  1  1  
2346  4041  2  1  
2347  4042  1  1  
2348  4043  1  1  
2349  4045  2  1  
2350  4047  2  1  
2351  4048  1  1  
2352  4049  1  1  
2353  4051  2  1  
2354  4052  1  1  
2355  4053  1  1  
2356  4054  1  1  
2357  4056  2  1  
2358  4058  2  1  
2359  4059  1  1  
2360  4060  1  1  
2361  4061  1  1  
2362  4062  1  1  
2363  4064  2  1  
2364  4066  2  1  
2365  4067  1  1  
2366  4068  1  1  
2367  4069  1  1  
2368  4070  1  1  
2369  4072  2  1  
2370  4074  2  1  
2371  4075  1  1  
2372  4076  1  1  
2373  4077  1  1  
2374  4078  1  1  
2375  4080  2  1  
2376  4082  2  1  
2377  4083  1  1  
2378  4084  1  1  
2379  4085  1  1  
2380  4086  1  1  
2381  4088  2  1  
2382  4090  2  1  
2383  4091  1  1  
2384  4092  1  1  
2385  4094  2  1  
2386  4095  1  1  
2387  4096  1  1  
2388  4097  1  1  
2389  4099  2  1  
2390  4101  2  1  
2391  4102  1  1  
2392  4103  1  1  
2393  4104  1  1  
2394  4105  1  1  
2395  4107  2  1  
2396  4109  2  1  
2397  4110  1  1  
2398  4111  1  1  
2399  4112  1  1  
2400  4113  1  1  
2401  4115  2  1  
2402  4117  2  1  
2403  4118  1  1  
2404  4119  1  1  
2405  4120  1  1  
2406  4121  1  1  
2407  4123  2  1  
2408  4125  2  1  
2409  4126  1  1  
2410  4127  1  1  
2411  4128  1  1  
2412  4129  1  1  
2413  4131  2  1  
2414  4133  2  1  
2415  4134  1  1  
2416  4135  1  1  
2417  4136  1  1  
2418  4137  1  1  
2419  4139  2  1  
2420  4140  1  1  
2421  4141  1  1  
2422  4143  2  1  
2423  4145  2  1  
2424  4146  1  1  
2425  4147  1  1  
2426  4149  2  1  
2427  4150  1  1  
2428  4151  1  1  
2429  4152  1  1  
2430  4154  2  1  
2431  4156  2  1  
2432  4157  1  1  
2433  4158  1  1  
2434  4160  2  1  
2435  4161  1  1  
2436  4162  1  1  
2437  4163  1  1  
2438  4165  2  1  
2439  4167  2  1  
2440  4168  1  1  
2441  4169  1  1  
2442  4171  2  1  
2443  4172  1  1  
2444  4173  1  1  
2445  4174  1  1  
2446  4176  2  1  
2447  4178  2  1  
2448  4179  1  1  
2449  4180  1  1  
2450  4181  1  1  
2451  4182  1  1  
2452  4184  2  1  
2453  4186  2  1  
2454  4187  1  1  
2455  4188  1  1  
2456  4189  1  1  
2457  4190  1  1  
2458  4192  2  1  
2459  4194  2  1  
2460  4195  1  1  
2461  4196  1  1  
2462  4197  1  1  
2463  4198  1  1  
2464  4200  2  1  
2465  4202  2  1  
2466  4203  1  1  
2467  4204  1  1  
2468  4205  1  1  
2469  4206  1  1  
2470  4208  2  1  
2471  4210  2  1  
2472  4211  1  1  
2473  4212  1  1  
2474  4213  1  1  
2475  4214  1  1  
2476  4216  2  1  
2477  4217  1  1  
2478  4218  1  1  
2479  4221  3  1  
2480  4222  1  1  
2481  4223  1  1  
2482  4226  3  1  
2483  4227  1  1  
2484  4230  3  1  
2485  4231  1  1  
2486  4234  3  1  
2487  4235  1  1  
2488  4238  3  1  
2489  4239  1  1  
2490  4242  3  1  
2491  4243  1  1  
2492  4246  3  1  
2493  4247  1  1  
2494  4250  3  1  
2495  4251  1  1  
2496  4254  3  1  
2497  4255  1  1  
2498  4258  3  1  
2499  4259  1  1  
2500  4262  3  1  
2501  4263  1  1  
2502  4266  3  1  
2503  4267  1  1  
2504  4270  3  1  
2505  4271  1  1  
2506  4274  3  1  
2507  4275  1  1  
2508  4278  3  1  
2509  4279  1  1  
2510  4281  2  1  
2511  4283  2  1  
2512  4284  1  1  
2513  4285  1  1  
2514  4287  2  1  
2515  4288  1  1  
2516  4289  1  1  
2517  4291  2  1  
2518  4292  1  1  
2519  4293  1  1  
2520  4295  2  1  
2521  4297  2  1  
2522  4298  1  1  
2523  4299  1  1  
2524  4300  1  1  
2525  4301  1  1  
2526  4303  2  1  
2527  4305  2  1  
2528  4306  1  1  
2529  4307  1  1  
2530  4308  1  1  
2531  4309  1  1  
2532  4311  2  1  
2533  4313  2  1  
2534  4314  1  1  
2535  4315  1  1  
2536  4316  1  1  
2537  4317  1  1  
2538  4319  2  1  
2539  4321  2  1  
2540  4322  1  1  
2541  4323  1  1  
2542  4324  1  1  
2543  4325  1  1  
2544  4327  2  1  
2545  4329  2  1  
2546  4330  1  1  
2547  4331  1  1  
2548  4332  1  1  
2549  4333  1  1  
2550  4335  2  1  
2551  4337  2  1  
2552  4338  1  1  
2553  4339  1  1  
2554  4341  2  1  
2555  4342  1  1  
2556  4343  1  1  
2557  4344  1  1  
2558  4346  2  1  
2559  4348  2  1  
2560  4349  1  1  
2561  4350  1  1  
2562  4351  1  1  
2563  4352  1  1  
2564  4354  2  1  
2565  4356  2  1  
2566  4357  1  1  
2567  4358  1  1  
2568  4359  1  1  
2569  4360  1  1  
2570  4362  2  1  
2571  4363  1  1  
2572  4364  1  1  
2573  4367  3  1  
2574  4368  1  1  
2575  4369  1  1  
2576  4372  3  1  
2577  4373  1  1  
2578  4376  3  1  
2579  4377  1  1  
2580  4380  3  1  
2581  4381  1  1  
2582  4384  3  1  
2583  4385  1  1  
2584  4388  3  1  
2585  4389  1  1  
2586  4392  3  1  
2587  4393  1  1  
2588  4396  3  1  
2589  4397  1  1  
2590  4400  3  1  
2591  4401  1  1  
2592  4404  3  1  
2593  4405  1  1  
2594  4408  3  1  
2595  4409  1  1  
2596  4412  3  1  
2597  4413  1  1  
2598  4416  3  1  
2599  4417  1  1  
2600  4420  3  1  
2601  4421  1  1  
2602  4424  3  1  
2603  4425  1  1  
2604  4427  2  1  
2605  4429  2  1  
2606  4430  1  1  
2607  4431  1  1  
2608  4433  2  1  
2609  4434  1  1  
2610  4435  1  1  
2611  4437  2  1  
2612  4438  1  1  
2613  4439  1  1  
2614  4441  2  1  
2615  4443  2  1  
2616  4444  1  1  
2617  4445  1  1  
2618  4446  1  1  
2619  4447  1  1  
2620  4449  2  1  
2621  4451  2  1  
2622  4452  1  1  
2623  4453  1  1  
2624  4454  1  1  
2625  4455  1  1  
2626  4457  2  1  
2627  4459  2  1  
2628  4460  1  1  
2629  4461  1  1  
2630  4462  1  1  
2631  4463  1  1  
2632  4465  2  1  
2633  4467  2  1  
2634  4468  1  1  
2635  4469  1  1  
2636  4470  1  1  
2637  4471  1  1  
2638  4473  2  1  
2639  4475  2  1  
2640  4476  1  1  
2641  4477  1  1  
2642  4478  1  1  
2643  4479  1  1  
2644  4481  2  1  
2645  4482  1  1  
2646  4483  1  1  
2647  4486  3  1  
2648  4487  1  1  
2649  4489  2  1  
2650  4491  2  1  
2651  4492  1  1  
2652  4493  1  1  
2653  4495  2  1  
2654  4496  1  1  
2655  4497  1  1  
2656  4499  2  1  
2657  4500  1  1  
2658  4501  1  1  
2659  4503  2  1  
2660  4505  2  1  
2661  4506  1  1  
2662  4507  1  1  
2663  4508  1  1  
2664  4509  1  1  
2665  4511  2  1  
2666  4513  2  1  
2667  4514  1  1  
2668  4515  1  1  
2669  4516  1  1  
2670  4517  1  1  
2671  4519  2  1  
2672  4521  2  1  
2673  4522  1  1  
2674  4523  1  1  
2675  4524  1  1  
2676  4525  1  1  
2677  4527  2  1  
2678  4529  2  1  
2679  4530  1  1  
2680  4531  1  1  
2681  4532  1  1  
2682  4533  1  1  
2683  4535  2  1  
2684  4537  2  1  
2685  4538  1  1  
2686  4539  1  1  
2687  4540  1  1  
2688  4541  1  1  
2689  4543  2  1  
2690  4545  2  1  
2691  4546  1  1  
2692  4547  1  1  
2693  4548  1  1  
2694  4549  1  1  
2695  4551  2  1  
2696  4553  2  1  
2697  4554  1  1  
2698  4555  1  1  
2699  4556  1  1  
2700  4557  1  1  
2701  4559  2  1  
2702  4561  2  1  
2703  4562  1  1  
2704  4563  1  1  
2705  4564  1  1  
2706  4565  1  1  
2707  4567  2  1  
2708  4569  2  1  
2709  4570  1  1  
2710  4571  1  1  
2711  4572  1  1  
2712  4573  1  1  
2713  4575  2  1  
2714  4577  2  1  
2715  4578  1  1  
2716  4579  1  1  
2717  4580  1  1  
2718  4581  1  1  
2719  4583  2  1  
2720  4585  2  1  
2721  4586  1  1  
2722  4587  1  1  
2723  4588  1  1  
2724  4589  1  1  
2725  4591  2  1  
2726  4593  2  1  
2727  4594  1  1  
2728  4595  1  1  
2729  4596  1  1  
2730  4597  1  1  
2731  4599  2  1  
2732  4601  2  1  
2733  4602  1  1  
2734  4603  1  1  
2735  4604  1  1  
2736  4605  1  1  
2737  4607  2  1  
2738  4609  2  1  
2739  4610  1  1  
2740  4611  1  1  
2741  4612  1  1  
2742  4613  1  1  
2743  4615  2  1  
2744  4616  1  1  
2745  4617  1  1  
2746  4620  3  1  
2747  4621  1  1  
2748  4622  1  1  
2749  4625  3  1  
2750  4626  1  1  
2751  4629  3  1  
2752  4630  1  1  
2753  4633  3  1  
2754  4634  1  1  
2755  4637  3  1  
2756  4638  1  1  
2757  4641  3  1  
2758  4642  1  1  
2759  4645  3  1  
2760  4646  1  1  
2761  4649  3  1  
2762  4650  1  1  
2763  4653  3  1  
2764  4654  1  1  
2765  4657  3  1  
2766  4658  1  1  
2767  4660  2  1  
2768  4662  2  1  
2769  4663  1  1  
2770  4664  1  1  
2771  4666  2  1  
2772  4667  1  1  
2773  4668  1  1  
2774  4669  1  1  
2775  4670  1  1  
2776  4673  3  1  
2777  4674  1  1  
2778  4677  3  1  
2779  4678  1  1  
2780  4681  3  1  
2781  4682  1  1  
2782  4685  3  1  
2783  4686  1  1  
2784  4689  3  1  
2785  4690  1  1  
2786  4693  3  1  
2787  4694  1  1  
2788  4697  3  1  
2789  4698  1  1  
2790  4701  3  1  
2791  4702  1  1  
2792  4705  3  1  
2793  4706  1  1  
2794  4709  3  1  
2795  4710  1  1  
2796  4712  2  1  
2797  4714  2  1  
2798  4715  1  1  
2799  4716  1  1  
2800  4718  2  1  
2801  4719  1  1  
2802  4720  1  1  
2803  4722  2  1  
2804  4723  1  1  
2805  4724  1  1  
2806  4726  2  1  
2807  4728  2  1  
2808  4729  1  1  
2809  4730  1  1  
2810  4731  1  1  
2811  4732  1  1  
2812  4734  2  1  
2813  4735  1  1  
2814  4736  1  1  
2815  4738  2  1  
2816  4740  2  1  
2817  4741  1  1  
2818  4742  1  1  
2819  4743  1  1  
2820  4744  1  1  
2821  4746  2  1  
2822  4748  2  1  
2823  4749  1  1  
2824  4750  1  1  
2825  4751  1  1  
2826  4752  1  1  
2827  4754  2  1  
2828  4756  2  1  
2829  4757  1  1  
2830  4758  1  1  
2831  4759  1  1  
2832  4760  1  1  
2833  4762  2  1  
2834  4764  2  1  
2835  4765  1  1  
2836  4766  1  1  
2837  4768  2  1  
2838  4769  1  1  
2839  4770  1  1  
2840  4772  2  1  
2841  4774  2  1  
2842  4775  1  1  
2843  4776  1  1  
2844  4777  1  1  
2845  4778  1  1  
2846  4780  2  1  
2847  4782  2  1  
2848  4783  1  1  
2849  4784  1  1  
2850  4785  1  1  
2851  4786  1  1  
2852  4788  2  1  
2853  4790  2  1  
2854  4791  1  1  
2855  4792  1  1  
2856  4793  1  1  
2857  4794  1  1  
2858  4796  2  1  
2859  4798  2  1  
2860  4799  1  1  
2861  4800  1  1  
2862  4801  1  1  
2863  4802  1  1  
2864  4804  2  1  
2865  4806  2  1  
2866  4807  1  1  
2867  4808  1  1  
2868  4809  1  1  
2869  4810  1  1  
2870  4812  2  1  
2871  4814  2  1  
2872  4815  1  1  
2873  4816  1  1  
2874  4817  1  1  
2875  4818  1  1  
2876  4820  2  1  
2877  4822  2  1  
2878  4823  1  1  
2879  4824  1  1  
2880  4825  1  1  
2881  4826  1  1  
2882  4828  2  1  
2883  4829  1  1  
2884  4830  1  1  
2885  4833  3  1  
2886  4834  1  1  
2887  4835  1  1  
2888  4838  3  1  
2889  4839  1  1  
2890  4842  3  1  
2891  4843  1  1  
2892  4846  3  1  
2893  4847  1  1  
2894  4850  3  1  
2895  4851  1  1  
2896  4854  3  1  
2897  4855  1  1  
2898  4858  3  1  
2899  4859  1  1  
2900  4862  3  1  
2901  4863  1  1  
2902  4866  3  1  
2903  4867  1  1  
2904  4870  3  1  
2905  4871  1  1  
2906  4874  3  1  
2907  4875  1  1  
2908  4877  2  1  
2909  4879  2  1  
2910  4880  1  1  
2911  4881  1  1  
2912  4883  2  1  
2913  4884  1  1  
2914  4885  1  1  
2915  4886  1  1  
2916  4887  1  1  
2917  4890  3  1  
2918  4893  3  1  
2919  4896  3  1  
2920  4899  3  1  
2921  4907  8  1  
2922  4910  3  1  
2923  4913  3  1  
2924  4915  2  1  
2925  4917  2  1  
2926  4919  2  1  
2927  4921  2  1  
2928  4922  1  1  
2929  4924  2  1  
2930  4925  1  1  
2931  4927  2  1  
2932  4928  1  1  
2933  4930  2  1  
2934  4931  1  1  
2935  4932  1  1  
2936  4934  2  1  
2937  4935  1  1  
2938  4936  1  1  
2939  4938  2  1  
2940  4939  1  1  
2941  4940  1  1  
2942  4942  2  1  
2943  4943  1  1  
2944  4944  1  1  
2945  4946  2  1  
2946  4947  1  1  
2947  4948  1  1  
2948  4949  1  1  
2949  4951  2  1  
2950  4952  1  1  
2951  4953  1  1  
2952  4955  2  1  
2953  4956  1  1  
2954  4957  1  1  
2955  4960  3  1  
2956  4961  1  1  
2957  4962  1  1  
2958  4965  3  1  
2959  4966  1  1  
2960  4969  3  1  
2961  4970  1  1  
2962  4973  3  1  
2963  4974  1  1  
2964  4977  3  1  
2965  4978  1  1  
2966  4981  3  1  
2967  4982  1  1  
2968  4985  3  1  
2969  4986  1  1  
2970  4989  3  1  
2971  4990  1  1  
2972  4993  3  1  
2973  4994  1  1  
2974  4997  3  1  
2975  4998  1  1  
2976  5000  2  1  
2977  5002  2  1  
2978  5003  1  1  
2979  5004  1  1  
2980  5006  2  1  
2981  5007  1  1  
2982  5008  1  1  
2983  5010  2  1  
2984  5012  2  1  
2985  5014  2  1  
2986  5015  1  1  
2987  5016  1  1  
2988  5018  2  1  
2989  5019  1  1  
2990  5020  1  1  
2991  5023  3  1  
2992  5025  2  1  
2993  5027  2  1  
2994  5028  1  1  
2995  5029  1  1  
2996  5030  1  1  
2997  5031  1  1  
2998  5033  2  1  
2999  5034  1  1  
3000  5035  1  1  
3001  5037  2  1  
3002  5038  1  1  
3003  5039  1  1  
3004  5041  2  1  
3005  5043  2  1  
3006  5044  1  1  
3007  5045  1  1  
3008  5046  1  1  
3009  5047  1  1  
3010  5049  2  1  
3011  5051  2  1  
3012  5052  1  1  
3013  5053  1  1  
3014  5054  1  1  
3015  5055  1  1  
3016  5057  2  1  
3017  5059  2  1  
3018  5060  1  1  
3019  5061  1  1  
3020  5062  1  1  
3021  5063  1  1  
3022  5065  2  1  
3023  5066  1  1  
3024  5067  1  1  
3025  5069  2  1  
3026  5071  2  1  
3027  5072  1  1  
3028  5073  1  1  
3029  5074  1  1  
3030  5075  1  1  
3031  5077  2  1  
3032  5079  2  1  
3033  5080  1  1  
3034  5081  1  1  
3035  5082  1  1  
3036  5083  1  1  
3037  5085  2  1  
3038  5086  1  1  
3039  5087  1  1  
3040  5089  2  1  
3041  5091  2  1  
3042  5092  1  1  
3043  5093  1  1  
3044  5094  1  1  
3045  5095  1  1  
3046  5097  2  1  
3047  5099  2  1  
3048  5100  1  1  
3049  5101  1  1  
3050  5102  1  1  
3051  5103  1  1  
3052  5105  2  1  
3053  5107  2  1  
3054  5108  1  1  
3055  5109  1  1  
3056  5110  1  1  
3057  5111  1  1  
3058  5113  2  1  
3059  5115  2  1  
3060  5116  1  1  
3061  5117  1  1  
3062  5118  1  1  
3063  5119  1  1  
3064  5121  2  1  
3065  5123  2  1  
3066  5124  1  1  
3067  5125  1  1  
3068  5126  1  1  
3069  5127  1  1  
3070  5129  2  1  
3071  5130  1  1  
3072  5131  1  1  
3073  5133  2  1  
3074  5135  2  1  
3075  5136  1  1  
3076  5137  1  1  
3077  5138  1  1  
3078  5139  1  1  
3079  5141  2  1  
3080  5142  1  1  
3081  5143  1  1  
3082  5146  3  1  
3083  5147  1  1  
3084  5148  1  1  
3085  5151  3  1  
3086  5152  1  1  
3087  5155  3  1  
3088  5156  1  1  
3089  5159  3  1  
3090  5160  1  1  
3091  5163  3  1  
3092  5164  1  1  
3093  5167  3  1  
3094  5168  1  1  
3095  5171  3  1  
3096  5172  1  1  
3097  5174  2  1  
3098  5176  2  1  
3099  5177  1  1  
3100  5178  1  1  
3101  5180  2  1  
3102  5181  1  1  
3103  5182  1  1  
3104  5183  1  1  
3105  5185  2  1  
3106  5187  2  1  
3107  5188  1  1  
3108  5189  1  1  
3109  5190  1  1  
3110  5191  1  1  
3111  5193  2  1  
3112  5195  2  1  
3113  5196  1  1  
3114  5197  1  1  
3115  5198  1  1  
3116  5199  1  1  
3117  5201  2  1  
3118  5203  2  1  
3119  5204  1  1  
3120  5205  1  1  
3121  5206  1  1  
3122  5207  1  1  
3123  5209  2  1  
3124  5210  1  1  
3125  5211  1  1  
3126  5213  2  1  
3127  5215  2  1  
3128  5216  1  1  
3129  5217  1  1  
3130  5218  1  1  
3131  5219  1  1  
3132  5221  2  1  
3133  5223  2  1  
3134  5224  1  1  
3135  5225  1  1  
3136  5226  1  1  
3137  5227  1  1  
3138  5229  2  1  
3139  5230  1  1  
3140  5231  1  1  
3141  5233  2  1  
3142  5235  2  1  
3143  5236  1  1  
3144  5237  1  1  
3145  5238  1  1  
3146  5239  1  1  
3147  5241  2  1  
3148  5242  1  1  
3149  5243  1  1  
3150  5245  2  1  
3151  5247  2  1  
3152  5248  1  1  
3153  5249  1  1  
3154  5250  1  1  
3155  5251  1  1  
3156  5253  2  1  
3157  5255  2  1  
3158  5256  1  1  
3159  5257  1  1  
3160  5258  1  1  
3161  5259  1  1  
3162  5261  2  1  
3163  5263  2  1  
3164  5264  1  1  
3165  5265  1  1  
3166  5266  1  1  
3167  5267  1  1  
3168  5269  2  1  
3169  5271  2  1  
3170  5272  1  1  
3171  5273  1  1  
3172  5274  1  1  
3173  5275  1  1  
3174  5277  2  1  
3175  5279  2  1  
3176  5280  1  1  
3177  5281  1  1  
3178  5282  1  1  
3179  5283  1  1  
3180  5285  2  1  
3181  5286  1  1  
3182  5287  1  1  
3183  5288  1  1  
3184  5289  1  1  
3185  5292  3  1  
3186  5293  1  1  
3187  5294  1  1  
3188  5297  3  1  
3189  5298  1  1  
3190  5301  3  1  
3191  5302  1  1  
3192  5305  3  1  
3193  5306  1  1  
3194  5309  3  1  
3195  5310  1  1  
3196  5312  2  1  
3197  5314  2  1  
3198  5315  1  1  
3199  5316  1  1  
3200  5318  2  1  
3201  5319  1  1  
3202  5320  1  1  
3203  5322  2  1  
3204  5324  2  1  
3205  5325  1  1  
3206  5326  1  1  
3207  5327  1  1  
3208  5328  1  1  
3209  5330  2  1  
3210  5331  1  1  
3211  5332  1  1  
3212  5334  2  1  
3213  5336  2  1  
3214  5337  1  1  
3215  5338  1  1  
3216  5339  1  1  
3217  5340  1  1  
3218  5342  2  1  
3219  5344  2  1  
3220  5345  1  1  
3221  5346  1  1  
3222  5347  1  1  
3223  5348  1  1  
3224  5350  2  1  
3225  5352  2  1  
3226  5353  1  1  
3227  5354  1  1  
3228  5355  1  1  
3229  5356  1  1  
3230  5358  2  1  
3231  5359  1  1  
3232  5360  1  1  
3233  5362  2  1  
3234  5364  2  1  
3235  5365  1  1  
3236  5366  1  1  
3237  5367  1  1  
3238  5368  1  1  
3239  5370  2  1  
3240  5372  2  1  
3241  5373  1  1  
3242  5374  1  1  
3243  5375  1  1  
3244  5376  1  1  
3245  5378  2  1  
3246  5379  1  1  
3247  5380  1  1  
3248  5382  2  1  
3249  5384  2  1  
3250  5385  1  1  
3251  5386  1  1  
3252  5387  1  1  
3253  5388  1  1  
3254  5390  2  1  
3255  5392  2  1  
3256  5393  1  1  
3257  5394  1  1  
3258  5395  1  1  
3259  5396  1  1  
3260  5398  2  1  
3261  5400  2  1  
3262  5401  1  1  
3263  5402  1  1  
3264  5403  1  1  
3265  5404  1  1  
3266  5406  2  1  
3267  5407  1  1  
3268  5408  1  1  
3269  5410  2  1  
3270  5412  2  1  
3271  5413  1  1  
3272  5414  1  1  
3273  5415  1  1  
3274  5416  1  1  
3275  5418  2  1  
3276  5419  1  1  
3277  5420  1  1  
3278  5423  3  1  
3279  5424  1  1  
3280  5425  1  1  
3281  5428  3  1  
3282  5429  1  1  
3283  5432  3  1  
3284  5433  1  1  
3285  5436  3  1  
3286  5437  1  1  
3287  5440  3  1  
3288  5441  1  1  
3289  5444  3  1  
3290  5445  1  1  
3291  5447  2  1  
3292  5449  2  1  
3293  5450  1  1  
3294  5451  1  1  
3295  5453  2  1  
3296  5454  1  1  
3297  5455  1  1  
3298  5456  1  1  
3299  5458  2  1  
3300  5460  2  1  
3301  5461  1  1  
3302  5462  1  1  
3303  5463  1  1  
3304  5464  1  1  
3305  5466  2  1  
3306  5468  2  1  
3307  5469  1  1  
3308  5470  1  1  
3309  5471  1  1  
3310  5472  1  1  
3311  5474  2  1  
3312  5475  1  1  
3313  5476  1  1  
3314  5479  3  1  
3315  5480  1  1  
3316  5481  1  1  
3317  5484  3  1  
3318  5485  1  1  
3319  5488  3  1  
3320  5489  1  1  
3321  5492  3  1  
3322  5493  1  1  
3323  5496  3  1  
3324  5497  1  1  
3325  5500  3  1  
3326  5501  1  1  
3327  5503  2  1  
3328  5505  2  1  
3329  5506  1  1  
3330  5507  1  1  
3331  5509  2  1  
3332  5510  1  1  
3333  5511  1  1  
3334  5513  2  1  
3335  5514  1  1  
3336  5515  1  1  
3337  5517  2  1  
3338  5519  2  1  
3339  5520  1  1  
3340  5521  1  1  
3341  5522  1  1  
3342  5523  1  1  
3343  5525  2  1  
3344  5527  2  1  
3345  5528  1  1  
3346  5529  1  1  
3347  5530  1  1  
3348  5531  1  1  
3349  5533  2  1  
3350  5535  2  1  
3351  5536  1  1  
3352  5537  1  1  
3353  5538  1  1  
3354  5539  1  1  
3355  5541  2  1  
3356  5543  2  1  
3357  5544  1  1  
3358  5545  1  1  
3359  5546  1  1  
3360  5547  1  1  
3361  5549  2  1  
3362  5550  1  1  
3363  5551  1  1  
3364  5554  3  1  
3365  5555  1  1  
3366  5556  1  1  
3367  5559  3  1  
3368  5560  1  1  
3369  5563  3  1  
3370  5564  1  1  
3371  5567  3  1  
3372  5568  1  1  
3373  5571  3  1  
3374  5572  1  1  
3375  5575  3  1  
3376  5576  1  1  
3377  5578  2  1  
3378  5580  2  1  
3379  5581  1  1  
3380  5582  1  1  
3381  5584  2  1  
3382  5585  1  1  
3383  5586  1  1  
3384  5588  2  1  
3385  5590  2  1  
3386  5591  1  1  
3387  5592  1  1  
3388  5593  1  1  
3389  5594  1  1  
3390  5596  2  1  
3391  5598  2  1  
3392  5599  1  1  
3393  5600  1  1  
3394  5601  1  1  
3395  5602  1  1  
3396  5604  2  1  
3397  5605  1  1  
3398  5606  1  1  
3399  5609  3  1  
3400  5610  1  1  
3401  5612  2  1  
3402  5614  2  1  
3403  5615  1  1  
3404  5616  1  1  
3405  5618  2  1  
3406  5619  1  1  
3407  5620  1  1  
3408  5621  1  1  
3409  5623  2  1  
3410  5625  2  1  
3411  5626  1  1  
3412  5627  1  1  
3413  5628  1  1  
3414  5629  1  1  
3415  5631  2  1  
3416  5632  1  1  
3417  5633  1  1  
3418  5636  3  1  
3419  5637  1  1  
3420  5638  1  1  
3421  5641  3  1  
3422  5642  1  1  
3423  5645  3  1  
3424  5646  1  1  
3425  5649  3  1  
3426  5650  1  1  
3427  5653  3  1  
3428  5654  1  1  
3429  5657  3  1  
3430  5658  1  1  
3431  5660  2  1  
3432  5662  2  1  
3433  5663  1  1  
3434  5664  1  1  
3435  5666  2  1  
3436  5667  1  1  
3437  5668  1  1  
3438  5669  1  1  
3439  5670  1  1  
3440  5673  3  1  
3441  5674  1  1  
3442  5675  1  1  
3443  5678  3  1  
3444  5679  1  1  
3445  5682  3  1  
3446  5683  1  1  
3447  5686  3  1  
3448  5687  1  1  
3449  5690  3  1  
3450  5691  1  1  
3451  5694  3  1  
3452  5695  1  1  
3453  5698  3  1  
3454  5699  1  1  
3455  5702  3  1  
3456  5703  1  1  
3457  5705  2  1  
3458  5707  2  1  
3459  5708  1  1  
3460  5709  1  1  
3461  5711  2  1  
3462  5712  1  1  
3463  5713  1  1  
3464  5714  1  1  
3465  5715  1  1  
3466  5718  3  1  
3467  5719  1  1  
3468  5722  3  1  
3469  5723  1  1  
3470  5726  3  1  
3471  5727  1  1  
3472  5728  1  1  
3473  5731  3  1  
3474  5732  1  1  
3475  5735  3  1  
3476  5736  1  1  
3477  5739  3  1  
3478  5740  1  1  
3479  5743  3  1  
3480  5744  1  1  
3481  5747  3  1  
3482  5748  1  1  
3483  5751  3  1  
3484  5752  1  1  
3485  5754  2  1  
3486  5756  2  1  
3487  5757  1  1  
3488  5758  1  1  
3489  5760  2  1  
3490  5761  1  1  
3491  5762  1  1  
3492  5763  1  1  
3493  5764  1  1  
3494  5767  3  1  
3495  5768  1  1  
3496  5770  2  1  
3497  5772  2  1  
3498  5773  1  1  
3499  5774  1  1  
3500  5776  2  1  
3501  5777  1  1  
3502  5778  1  1  
3503  5780  2  1  
3504  5781  1  1  
3505  5782  1  1  
3506  5784  2  1  
3507  5786  2  1  
3508  5787  1  1  
3509  5788  1  1  
3510  5789  1  1  
3511  5790  1  1  
3512  5792  2  1  
3513  5793  1  1  
3514  5794  1  1  
3515  5796  2  1  
3516  5798  2  1  
3517  5799  1  1  
3518  5800  1  1  
3519  5801  1  1  
3520  5802  1  1  
3521  5804  2  1  
3522  5806  2  1  
3523  5807  1  1  
3524  5808  1  1  
3525  5809  1  1  
3526  5810  1  1  
3527  5812  2  1  
3528  5813  1  1  
3529  5814  1  1  
3530  5816  2  1  
3531  5818  2  1  
3532  5819  1  1  
3533  5820  1  1  
3534  5821  1  1  
3535  5822  1  1  
3536  5824  2  1  
3537  5825  1  1  
3538  5826  1  1  
3539  5828  2  1  
3540  5830  2  1  
3541  5831  1  1  
3542  5832  1  1  
3543  5833  1  1  
3544  5834  1  1  
3545  5836  2  1  
3546  5837  1  1  
3547  5838  1  1  
3548  5840  2  1  
3549  5842  2  1  
3550  5843  1  1  
3551  5844  1  1  
3552  5845  1  1  
3553  5846  1  1  
3554  5848  2  1  
3555  5849  1  1  
3556  5850  1  1  
3557  5852  2  1  
3558  5854  2  1  
3559  5855  1  1  
3560  5856  1  1  
3561  5857  1  1  
3562  5858  1  1  
3563  5860  2  1  
3564  5862  2  1  
3565  5863  1  1  
3566  5864  1  1  
3567  5865  1  1  
3568  5866  1  1  
3569  5868  2  1  
3570  5869  1  1  
3571  5870  1  1  
3572  5872  2  1  
3573  5874  2  1  
3574  5875  1  1  
3575  5876  1  1  
3576  5877  1  1  
3577  5878  1  1  
3578  5880  2  1  
3579  5882  2  1  
3580  5883  1  1  
3581  5884  1  1  
3582  5885  1  1  
3583  5886  1  1  
3584  5888  2  1  
3585  5889  1  1  
3586  5890  1  1  
3587  5892  2  1  
3588  5894  2  1  
3589  5895  1  1  
3590  5896  1  1  
3591  5897  1  1  
3592  5898  1  1  
3593  5900  2  1  
3594  5901  1  1  
3595  5902  1  1  
3596  5904  2  1  
3597  5906  2  1  
3598  5907  1  1  
3599  5908  1  1  
3600  5909  1  1  
3601  5910  1  1  
3602  5912  2  1  
3603  5914  2  1  
3604  5915  1  1  
3605  5916  1  1  
3606  5917  1  1  
3607  5918  1  1  
3608  5920  2  1  
3609  5921  1  1  
3610  5922  1  1  
3611  5924  2  1  
3612  5926  2  1  
3613  5927  1  1  
3614  5928  1  1  
3615  5929  1  1  
3616  5930  1  1  
3617  5932  2  1  
3618  5933  1  1  
3619  5934  1  1  
3620  5936  2  1  
3621  5938  2  1  
3622  5939  1  1  
3623  5940  1  1  
3624  5941  1  1  
3625  5942  1  1  
3626  5944  2  1  
3627  5946  2  1  
3628  5947  1  1  
3629  5948  1  1  
3630  5949  1  1  
3631  5950  1  1  
3632  5952  2  1  
3633  5953  1  1  
3634  5954  1  1  
3635  5956  2  1  
3636  5958  2  1  
3637  5959  1  1  
3638  5960  1  1  
3639  5961  1  1  
3640  5962  1  1  
3641  5964  2  1  
3642  5965  1  1  
3643  5966  1  1  
3644  5968  2  1  
3645  5970  2  1  
3646  5971  1  1  
3647  5972  1  1  
3648  5973  1  1  
3649  5974  1  1  
3650  5976  2  1  
3651  5978  2  1  
3652  5979  1  1  
3653  5980  1  1  
3654  5981  1  1  
3655  5982  1  1  
3656  5984  2  1  
3657  5985  1  1  
3658  5986  1  1  
3659  5988  2  1  
3660  5990  2  1  
3661  5991  1  1  
3662  5992  1  1  
3663  5993  1  1  
3664  5994  1  1  
3665  5996  2  1  
3666  5997  1  1  
3667  5998  1  1  
3668  6000  2  1  
3669  6002  2  1  
3670  6003  1  1  
3671  6004  1  1  
3672  6005  1  1  
3673  6006  1  1  
3674  6008  2  1  
3675  6010  2  1  
3676  6011  1  1  
3677  6012  1  1  
3678  6013  1  1  
3679  6014  1  1  
3680  6016  2  1  
3681  6017  1  1  
3682  6018  1  1  
3683  6020  2  1  
3684  6022  2  1  
3685  6023  1  1  
3686  6024  1  1  
3687  6025  1  1  
3688  6026  1  1  
3689  6028  2  1  
3690  6029  1  1  
3691  6030  1  1  
3692  6032  2  1  
3693  6034  2  1  
3694  6035  1  1  
3695  6036  1  1  
3696  6037  1  1  
3697  6038  1  1  
3698  6040  2  1  
3699  6042  2  1  
3700  6043  1  1  
3701  6044  1  1  
3702  6045  1  1  
3703  6046  1  1  
3704  6048  2  1  
3705  6049  1  1  
3706  6050  1  1  
3707  6052  2  1  
3708  6054  2  1  
3709  6055  1  1  
3710  6056  1  1  
3711  6057  1  1  
3712  6058  1  1  
3713  6060  2  1  
3714  6061  1  1  
3715  6062  1  1  
3716  6064  2  1  
3717  6066  2  1  
3718  6067  1  1  
3719  6068  1  1  
3720  6069  1  1  
3721  6070  1  1  
3722  6072  2  1  
3723  6074  2  1  
3724  6075  1  1  
3725  6076  1  1  
3726  6077  1  1  
3727  6078  1  1  
3728  6080  2  1  
3729  6081  1  1  
3730  6082  1  1  
3731  6084  2  1  
3732  6086  2  1  
3733  6087  1  1  
3734  6088  1  1  
3735  6089  1  1  
3736  6090  1  1  
3737  6092  2  1  
3738  6093  1  1  
3739  6094  1  1  
3740  6096  2  1  
3741  6098  2  1  
3742  6099  1  1  
3743  6100  1  1  
3744  6101  1  1  
3745  6102  1  1  
3746  6104  2  1  
3747  6105  1  1  
3748  6106  1  1  
3749  6108  2  1  
3750  6110  2  1  
3751  6111  1  1  
3752  6112  1  1  
3753  6113  1  1  
3754  6114  1  1  
3755  6116  2  1  
3756  6117  1  1  
3757  6118  1  1  
3758  6121  3  1  
3759  6122  1  1  
3760  6123  1  1  
3761  6126  3  1  
3762  6127  1  1  
3763  6130  3  1  
3764  6131  1  1  
3765  6134  3  1  
3766  6135  1  1  
3767  6138  3  1  
3768  6139  1  1  
3769  6141  2  1  
3770  6143  2  1  
3771  6144  1  1  
3772  6145  1  1  
3773  6147  2  1  
3774  6148  1  1  
3775  6149  1  1  
3776  6150  1  1  
3777  6152  2  1  
3778  6154  2  1  
3779  6155  1  1  
3780  6156  1  1  
3781  6157  1  1  
3782  6158  1  1  
3783  6160  2  1  
3784  6161  1  1  
3785  6162  1  1  
3786  6164  2  1  
3787  6166  2  1  
3788  6167  1  1  
3789  6168  1  1  
3790  6169  1  1  
3791  6170  1  1  
3792  6172  2  1  
3793  6174  2  1  
3794  6175  1  1  
3795  6176  1  1  
3796  6177  1  1  
3797  6178  1  1  
3798  6180  2  1  
3799  6181  1  1  
3800  6182  1  1  
3801  6184  2  1  
3802  6186  2  1  
3803  6187  1  1  
3804  6188  1  1  
3805  6189  1  1  
3806  6190  1  1  
3807  6192  2  1  
3808  6193  1  1  
3809  6194  1  1  
3810  6196  2  1  
3811  6198  2  1  
3812  6199  1  1  
3813  6200  1  1  
3814  6201  1  1  
3815  6202  1  1  
3816  6204  2  1  
3817  6206  2  1  
3818  6207  1  1  
3819  6208  1  1  
3820  6209  1  1  
3821  6210  1  1  
3822  6212  2  1  
3823  6213  1  1  
3824  6214  1  1  
3825  6216  2  1  
3826  6218  2  1  
3827  6219  1  1  
3828  6220  1  1  
3829  6221  1  1  
3830  6222  1  1  
3831  6224  2  1  
3832  6225  1  1  
3833  6226  1  1  
3834  6228  2  1  
3835  6230  2  1  
3836  6231  1  1  
3837  6232  1  1  
3838  6233  1  1  
3839  6234  1  1  
3840  6236  2  1  
3841  6237  1  1  
3842  6238  1  1  
3843  6240  2  1  
3844  6242  2  1  
3845  6243  1  1  
3846  6244  1  1  
3847  6246  2  1  
3848  6247  1  1  
3849  6248  1  1  
3850  6249  1  1  
3851  6250  1  1  
3852  6252  2  1  
3853  6254  2  1  
3854  6255  1  1  
3855  6256  1  1  
3856  6257  1  1  
3857  6258  1  1  
3858  6260  2  1  
3859  6262  2  1  
3860  6263  1  1  
3861  6264  1  1  
3862  6265  1  1  
3863  6266  1  1  
3864  6268  2  1  
3865  6269  1  1  
3866  6270  1  1  
3867  6272  2  1  
3868  6274  2  1  
3869  6275  1  1  
3870  6276  1  1  
3871  6277  1  1  
3872  6278  1  1  
3873  6280  2  1  
3874  6281  1  1  
3875  6282  1  1  
3876  6284  2  1  
3877  6286  2  1  
3878  6287  1  1  
3879  6288  1  1  
3880  6289  1  1  
3881  6290  1  1  
3882  6292  2  1  
3883  6294  2  1  
3884  6295  1  1  
3885  6296  1  1  
3886  6297  1  1  
3887  6298  1  1  
3888  6300  2  1  
3889  6301  1  1  
3890  6302  1  1  
3891  6304  2  1  
3892  6306  2  1  
3893  6307  1  1  
3894  6308  1  1  
3895  6309  1  1  
3896  6310  1  1  
3897  6312  2  1  
3898  6313  1  1  
3899  6314  1  1  
3900  6316  2  1  
3901  6318  2  1  
3902  6319  1  1  
3903  6320  1  1  
3904  6321  1  1  
3905  6322  1  1  
3906  6324  2  1  
3907  6326  2  1  
3908  6327  1  1  
3909  6328  1  1  
3910  6329  1  1  
3911  6330  1  1  
3912  6332  2  1  
3913  6333  1  1  
3914  6334  1  1  
3915  6336  2  1  
3916  6338  2  1  
3917  6339  1  1  
3918  6340  1  1  
3919  6341  1  1  
3920  6342  1  1  
3921  6344  2  1  
3922  6345  1  1  
3923  6346  1  1  
3924  6348  2  1  
3925  6350  2  1  
3926  6351  1  1  
3927  6352  1  1  
3928  6353  1  1  
3929  6354  1  1  
3930  6356  2  1  
3931  6357  1  1  
3932  6358  1  1  
3933  6360  2  1  
3934  6362  2  1  
3935  6363  1  1  
3936  6364  1  1  
3937  6366  2  1  
3938  6367  1  1  
3939  6368  1  1  
3940  6369  1  1  
3941  6370  1  1  
3942  6372  2  1  
3943  6374  2  1  
3944  6375  1  1  
3945  6376  1  1  
3946  6377  1  1  
3947  6378  1  1  
3948  6380  2  1  
3949  6382  2  1  
3950  6383  1  1  
3951  6384  1  1  
3952  6385  1  1  
3953  6386  1  1  
3954  6388  2  1  
3955  6389  1  1  
3956  6390  1  1  
3957  6392  2  1  
3958  6394  2  1  
3959  6395  1  1  
3960  6396  1  1  
3961  6397  1  1  
3962  6398  1  1  
3963  6400  2  1  
3964  6401  1  1  
3965  6402  1  1  
3966  6404  2  1  
3967  6406  2  1  
3968  6407  1  1  
3969  6408  1  1  
3970  6409  1  1  
3971  6410  1  1  
3972  6412  2  1  
3973  6413  1  1  
3974  6414  1  1  
3975  6416  2  1  
3976  6418  2  1  
3977  6419  1  1  
3978  6420  1  1  
3979  6422  2  1  
3980  6423  1  1  
3981  6424  1  1  
3982  6425  1  1  
3983  6426  1  1  
3984  6428  2  1  
3985  6430  2  1  
3986  6431  1  1  
3987  6432  1  1  
3988  6433  1  1  
3989  6434  1  1  
3990  6436  2  1  
3991  6438  2  1  
3992  6439  1  1  
3993  6440  1  1  
3994  6441  1  1  
3995  6442  1  1  
3996  6444  2  1  
3997  6445  1  1  
3998  6446  1  1  
3999  6448  2  1  
4000  6450  2  1  
4001  6451  1  1  
4002  6452  1  1  
4003  6453  1  1  
4004  6454  1  1  
4005  6456  2  1  
4006  6457  1  1  
4007  6458  1  1  
4008  6460  2  1  
4009  6462  2  1  
4010  6463  1  1  
4011  6464  1  1  
4012  6465  1  1  
4013  6466  1  1  
4014  6468  2  1  
4015  6470  2  1  
4016  6471  1  1  
4017  6472  1  1  
4018  6473  1  1  
4019  6474  1  1  
4020  6476  2  1  
4021  6477  1  1  
4022  6478  1  1  
4023  6480  2  1  
4024  6482  2  1  
4025  6483  1  1  
4026  6484  1  1  
4027  6485  1  1  
4028  6486  1  1  
4029  6488  2  1  
4030  6489  1  1  
4031  6490  1  1  
4032  6492  2  1  
4033  6494  2  1  
4034  6495  1  1  
4035  6496  1  1  
4036  6497  1  1  
4037  6498  1  1  
4038  6500  2  1  
4039  6501  1  1  
4040  6502  1  1  
4041  6504  2  1  
4042  6506  2  1  
4043  6507  1  1  
4044  6508  1  1  
4045  6509  1  1  
4046  6510  1  1  
4047  6512  2  1  
4048  6513  1  1  
4049  6514  1  1  
4050  6516  2  1  
4051  6518  2  1  
4052  6519  1  1  
4053  6520  1  1  
4054  6521  1  1  
4055  6522  1  1  
4056  6524  2  1  
4057  6525  1  1  
4058  6526  1  1  
4059  6528  2  1  
4060  6530  2  1  
4061  6531  1  1  
4062  6532  1  1  
4063  6533  1  1  
4064  6534  1  1  
4065  6536  2  1  
4066  6537  1  1  
4067  6538  1  1  
4068  6540  2  1  
4069  6542  2  1  
4070  6543  1  1  
4071  6544  1  1  
4072  6545  1  1  
4073  6546  1  1  
4074  6548  2  1  
4075  6550  2  1  
4076  6551  1  1  
4077  6552  1  1  
4078  6553  1  1  
4079  6554  1  1  
4080  6556  2  1  
4081  6557  1  1  
4082  6558  1  1  
4083  6560  2  1  
4084  6562  2  1  
4085  6563  1  1  
4086  6564  1  1  
4087  6565  1  1  
4088  6566  1  1  
4089  6568  2  1  
4090  6569  1  1  
4091  6570  1  1  
4092  6572  2  1  
4093  6574  2  1  
4094  6575  1  1  
4095  6576  1  1  
4096  6577  1  1  
4097  6578  1  1  
4098  6580  2  1  
4099  6581  1  1  
4100  6582  1  1  
4101  6584  2  1  
4102  6586  2  1  
4103  6587  1  1  
4104  6588  1  1  
4105  6589  1  1  
4106  6590  1  1  
4107  6592  2  1  
4108  6593  1  1  
4109  6594  1  1  
4110  6596  2  1  
4111  6598  2  1  
4112  6599  1  1  
4113  6600  1  1  
4114  6601  1  1  
4115  6602  1  1  
4116  6604  2  1  
4117  6605  1  1  
4118  6606  1  1  
4119  6608  2  1  
4120  6610  2  1  
4121  6611  1  1  
4122  6612  1  1  
4123  6613  1  1  
4124  6614  1  1  
4125  6616  2  1  
4126  6617  1  1  
4127  6618  1  1  
4128  6620  2  1  
4129  6622  2  1  
4130  6623  1  1  
4131  6624  1  1  
4132  6625  1  1  
4133  6626  1  1  
4134  6628  2  1  
4135  6629  1  1  
4136  6630  1  1  
4137  6632  2  1  
4138  6634  2  1  
4139  6635  1  1  
4140  6636  1  1  
4141  6637  1  1  
4142  6638  1  1  
4143  6640  2  1  
4144  6641  1  1  
4145  6642  1  1  
4146  6644  2  1  
4147  6646  2  1  
4148  6647  1  1  
4149  6648  1  1  
4150  6649  1  1  
4151  6650  1  1  
4152  6652  2  1  
4153  6653  1  1  
4154  6654  1  1  
4155  6656  2  1  
4156  6658  2  1  
4157  6659  1  1  
4158  6660  1  1  
4159  6662  2  1  
4160  6663  1  1  
4161  6664  1  1  
4162  6665  1  1  
4163  6666  1  1  
4164  6668  2  1  
4165  6670  2  1  
4166  6671  1  1  
4167  6672  1  1  
4168  6673  1  1  
4169  6674  1  1  
4170  6676  2  1  
4171  6678  2  1  
4172  6679  1  1  
4173  6680  1  1  
4174  6681  1  1  
4175  6682  1  1  
4176  6684  2  1  
4177  6685  1  1  
4178  6686  1  1  
4179  6688  2  1  
4180  6690  2  1  
4181  6691  1  1  
4182  6692  1  1  
4183  6693  1  1  
4184  6694  1  1  
4185  6696  2  1  
4186  6697  1  1  
4187  6698  1  1  
4188  6701  3  1  
4189  6702  1  1  
4190  6703  1  1  
4191  6706  3  1  
4192  6707  1  1  
4193  6710  3  1  
4194  6711  1  1  
4195  6714  3  1  
4196  6715  1  1  
4197  6718  3  1  
4198  6719  1  1  
4199  6721  2  1  
4200  6723  2  1  
4201  6724  1  1  
4202  6725  1  1  
4203  6727  2  1  
4204  6728  1  1  
4205  6729  1  1  
4206  6730  1  1  
4207  6732  2  1  
4208  6734  2  1  
4209  6735  1  1  
4210  6736  1  1  
4211  6737  1  1  
4212  6738  1  1  
4213  6740  2  1  
4214  6741  1  1  
4215  6742  1  1  
4216  6744  2  1  
4217  6746  2  1  
4218  6747  1  1  
4219  6748  1  1  
4220  6749  1  1  
4221  6750  1  1  
4222  6752  2  1  
4223  6753  1  1  
4224  6754  1  1  
4225  6756  2  1  
4226  6758  2  1  
4227  6759  1  1  
4228  6760  1  1  
4229  6761  1  1  
4230  6762  1  1  
4231  6764  2  1  
4232  6765  1  1  
4233  6766  1  1  
4234  6769  3  1  
4235  6770  1  1  
4236  6771  1  1  
4237  6774  3  1  
4238  6775  1  1  
4239  6778  3  1  
4240  6779  1  1  
4241  6782  3  1  
4242  6783  1  1  
4243  6786  3  1  
4244  6787  1  1  
4245  6789  2  1  
4246  6791  2  1  
4247  6792  1  1  
4248  6793  1  1  
4249  6795  2  1  
4250  6796  1  1  
4251  6797  1  1  
4252  6798  1  1  
4253  6799  1  1  
4254  6802  3  1  
4255  6803  1  1  
4256  6806  3  1  
4257  6807  1  1  
4258  6810  3  1  
4259  6811  1  1  
4260  6812  1  1  
4261  6815  3  1  
4262  6816  1  1  
4263  6819  3  1  
4264  6820  1  1  
4265  6823  3  1  
4266  6824  1  1  
4267  6827  3  1  
4268  6828  1  1  
4269  6831  3  1  
4270  6832  1  1  
4271  6835  3  1  
4272  6836  1  1  
4273  6838  2  1  
4274  6840  2  1  
4275  6841  1  1  
4276  6842  1  1  
4277  6844  2  1  
4278  6845  1  1  
4279  6846  1  1  
4280  6847  1  1  
4281  6848  1  1  
4282  6851  3  1  
4283  6852  1  1  
4284  6855  3  1  
4285  6856  1  1  
4286  6859  3  1  
4287  6860  1  1  
4288  6863  3  1  
4289  6864  1  1  
4290  6866  2  1  
4291  6868  2  1  
4292  6869  1  1  
4293  6870  1  1  
4294  6872  2  1  
4295  6873  1  1  
4296  6874  1  1  
4297  6875  1  1  
4298  6876  1  1  
4299  6879  3  1  
4300  6880  1  1  
4301  6883  3  1  
4302  6884  1  1  
4303  6887  3  1  
4304  6888  1  1  
4305  6890  2  1  
4306  6892  2  1  
4307  6893  1  1  
4308  6894  1  1  
4309  6896  2  1  
4310  6897  1  1  
4311  6898  1  1  
4312  6899  1  1  
4313  6900  1  1  
4314  6903  3  1  
4315  6904  1  1  
4316  6907  3  1  
4317  6908  1  1  
4318  6911  3  1  
4319  6912  1  1  
4320  6914  2  1  
4321  6916  2  1  
4322  6917  1  1  
4323  6918  1  1  
4324  6920  2  1  
4325  6921  1  1  
4326  6922  1  1  
4327  6923  1  1  
4328  6924  1  1  
4329  6927  3  1  
4330  6928  1  1  
4331  6931  3  1  
4332  6932  1  1  
4333  6935  3  1  
4334  6936  1  1  
4335  6938  2  1  
4336  6940  2  1  
4337  6941  1  1  
4338  6942  1  1  
4339  6944  2  1  
4340  6945  1  1  
4341  6946  1  1  
4342  6947  1  1  
4343  6948  1  1  
4344  6951  3  1  
4345  6952  1  1  
4346  6955  3  1  
4347  6956  1  1  
4348  6959  3  1  
4349  6960  1  1  
4350  6961  1  1  
4351  6964  3  1  
4352  6965  1  1  
4353  6968  3  1  
4354  6969  1  1  
4355  6972  3  1  
4356  6973  1  1  
4357  6976  3  1  
4358  6977  1  1  
4359  6980  3  1  
4360  6981  1  1  
4361  6984  3  1  
4362  6985  1  1  
4363  6987  2  1  
4364  6989  2  1  
4365  6990  1  1  
4366  6991  1  1  
4367  6993  2  1  
4368  6994  1  1  
4369  6995  1  1  
4370  6996  1  1  
4371  6997  1  1  
4372  7000  3  1  
4373  7001  1  1  
4374  7004  3  1  
4375  7005  1  1  
4376  7008  3  1  
4377  7009  1  1  
4378  7010  1  1  
4379  7013  3  1  
4380  7014  1  1  
4381  7017  3  1  
4382  7018  1  1  
4383  7021  3  1  
4384  7022  1  1  
4385  7025  3  1  
4386  7026  1  1  
4387  7029  3  1  
4388  7030  1  1  
4389  7033  3  1  
4390  7034  1  1  
4391  7036  2  1  
4392  7038  2  1  
4393  7039  1  1  
4394  7040  1  1  
4395  7042  2  1  
4396  7043  1  1  
4397  7044  1  1  
4398  7045  1  1  
4399  7046  1  1  
4400  7049  3  1  
4401  7050  1  1  
4402  7053  3  1  
4403  7054  1  1  
4404  7056  2  1  
4405  7058  2  1  
4406  7059  1  1  
4407  7060  1  1  
4408  7061  1  1  
4409  7062  1  1  
4410  7064  2  1  
4411  7066  2  1  
4412  7067  1  1  
4413  7068  1  1  
4414  7069  1  1  
4415  7070  1  1  
4416  7072  2  1  
4417  7073  1  1  
4418  7074  1  1  
4419  7076  2  1  
4420  7078  2  1  
4421  7079  1  1  
4422  7080  1  1  
4423  7081  1  1  
4424  7082  1  1  
4425  7084  2  1  
4426  7086  2  1  
4427  7087  1  1  
4428  7088  1  1  
4429  7089  1  1  
4430  7090  1  1  
4431  7092  2  1  
4432  7093  1  1  
4433  7094  1  1  
4434  7096  2  1  
4435  7098  2  1  
4436  7099  1  1  
4437  7100  1  1  
4438  7101  1  1  
4439  7102  1  1  
4440  7104  2  1  
4441  7106  2  1  
4442  7107  1  1  
4443  7108  1  1  
4444  7109  1  1  
4445  7110  1  1  
4446  7112  2  1  
4447  7113  1  1  
4448  7114  1  1  
4449  7116  2  1  
4450  7118  2  1  
4451  7119  1  1  
4452  7120  1  1  
4453  7121  1  1  
4454  7122  1  1  
4455  7124  2  1  
4456  7125  1  1  
4457  7126  1  1  
4458  7128  2  1  
4459  7130  2  1  
4460  7131  1  1  
4461  7132  1  1  
4462  7133  1  1  
4463  7134  1  1  
4464  7136  2  1  
4465  7138  2  1  
4466  7139  1  1  
4467  7140  1  1  
4468  7141  1  1  
4469  7142  1  1  
4470  7144  2  1  
4471  7145  1  1  
4472  7146  1  1  
4473  7148  2  1  
4474  7150  2  1  
4475  7151  1  1  
4476  7152  1  1  
4477  7153  1  1  
4478  7154  1  1  
4479  7156  2  1  
4480  7157  1  1  
4481  7158  1  1  
4482  7160  2  1  
4483  7162  2  1  
4484  7163  1  1  
4485  7164  1  1  
4486  7165  1  1  
4487  7166  1  1  
4488  7168  2  1  
4489  7169  1  1  
4490  7170  1  1  
4491  7172  2  1  
4492  7174  2  1  
4493  7175  1  1  
4494  7176  1  1  
4495  7177  1  1  
4496  7178  1  1  
4497  7180  2  1  
4498  7181  1  1  
4499  7182  1  1  
4500  7184  2  1  
4501  7186  2  1  
4502  7187  1  1  
4503  7188  1  1  
4504  7189  1  1  
4505  7190  1  1  
4506  7192  2  1  
4507  7194  2  1  
4508  7195  1  1  
4509  7196  1  1  
4510  7197  1  1  
4511  7198  1  1  
4512  7200  2  1  
4513  7201  1  1  
4514  7202  1  1  
4515  7204  2  1  
4516  7206  2  1  
4517  7207  1  1  
4518  7208  1  1  
4519  7209  1  1  
4520  7210  1  1  
4521  7212  2  1  
4522  7213  1  1  
4523  7214  1  1  
4524  7216  2  1  
4525  7218  2  1  
4526  7219  1  1  
4527  7220  1  1  
4528  7221  1  1  
4529  7222  1  1  
4530  7224  2  1  
4531  7225  1  1  
4532  7226  1  1  
4533  7228  2  1  
4534  7230  2  1  
4535  7231  1  1  
4536  7232  1  1  
4537  7233  1  1  
4538  7234  1  1  
4539  7236  2  1  
4540  7237  1  1  
4541  7238  1  1  
4542  7240  2  1  
4543  7242  2  1  
4544  7243  1  1  
4545  7244  1  1  
4546  7245  1  1  
4547  7246  1  1  
4548  7248  2  1  
4549  7250  2  1  
4550  7251  1  1  
4551  7252  1  1  
4552  7253  1  1  
4553  7254  1  1  
4554  7256  2  1  
4555  7257  1  1  
4556  7258  1  1  
4557  7260  2  1  
4558  7262  2  1  
4559  7263  1  1  
4560  7264  1  1  
4561  7265  1  1  
4562  7266  1  1  
4563  7268  2  1  
4564  7269  1  1  
4565  7270  1  1  
4566  7273  3  1  
4567  7274  1  1  
4568  7275  1  1  
4569  7278  3  1  
4570  7279  1  1  
4571  7282  3  1  
4572  7283  1  1  
4573  7286  3  1  
4574  7287  1  1  
4575  7290  3  1  
4576  7291  1  1  
4577  7293  2  1  
4578  7295  2  1  
4579  7296  1  1  
4580  7297  1  1  
4581  7299  2  1  
4582  7300  1  1  
4583  7301  1  1  
4584  7302  1  1  
4585  7303  1  1  
4586  7306  3  1  
4587  7307  1  1  
4588  7310  3  1  
4589  7311  1  1  
4590  7314  3  1  
4591  7315  1  1  
4592  7318  3  1  
4593  7319  1  1  
4594  7322  3  1  
4595  7323  1  1  
4596  7324  1  1  
4597  7327  3  1  
4598  7328  1  1  
4599  7331  3  1  
4600  7332  1  1  
4601  7335  3  1  
4602  7336  1  1  
4603  7339  3  1  
4604  7340  1  1  
4605  7343  3  1  
4606  7344  1  1  
4607  7347  3  1  
4608  7348  1  1  
4609  7351  3  1  
4610  7352  1  1  
4611  7354  2  1  
4612  7356  2  1  
4613  7357  1  1  
4614  7358  1  1  
4615  7360  2  1  
4616  7361  1  1  
4617  7362  1  1  
4618  7363  1  1  
4619  7364  1  1  
4620  7367  3  1  
4621  7368  1  1  
4622  7371  3  1  
4623  7372  1  1  
4624  7375  3  1  
4625  7376  1  1  
4626  7379  3  1  
4627  7380  1  1  
4628  7382  2  1  
4629  7384  2  1  
4630  7385  1  1  
4631  7386  1  1  
4632  7387  1  1  
4633  7388  1  1  
4634  7391  3  1  
4635  7392  1  1  
4636  7393  1  1  
4637  7396  3  1  
4638  7397  1  1  
4639  7400  3  1  
4640  7401  1  1  
4641  7404  3  1  
4642  7405  1  1  
4643  7408  3  1  
4644  7409  1  1  
4645  7412  3  1  
4646  7413  1  1  
4647  7416  3  1  
4648  7417  1  1  
4649  7420  3  1  
4650  7421  1  1  
4651  7424  3  1  
4652  7425  1  1  
4653  7427  2  1  
4654  7429  2  1  
4655  7430  1  1  
4656  7431  1  1  
4657  7433  2  1  
4658  7434  1  1  
4659  7435  1  1  
4660  7436  1  1  
4661  7437  1  1  
4662  7440  3  1  
4663  7441  1  1  
4664  7444  3  1  
4665  7445  1  1  
4666  7448  3  1  
4667  7449  1  1  
4668  7452  3  1  
4669  7453  1  1  
4670  7456  3  1  
4671  7457  1  1  
4672  7459  2  1  
4673  7461  2  1  
4674  7462  1  1  
4675  7463  1  1  
4676  7464  1  1  
4677  7465  1  1  
4678  7467  2  1  
4679  7469  2  1  
4680  7470  1  1  
4681  7471  1  1  
4682  7472  1  1  
4683  7473  1  1  
4684  7475  2  1  
4685  7477  2  1  
4686  7478  1  1  
4687  7479  1  1  
4688  7480  1  1  
4689  7481  1  1  
4690  7483  2  1  
4691  7485  2  1  
4692  7486  1  1  
4693  7487  1  1  
4694  7488  1  1  
4695  7489  1  1  
4696  7491  2  1  
4697  7492  1  1  
4698  7493  1  1  
4699  7496  3  1  
4700  7497  1  1  
4701  7498  1  1  
4702  7501  3  1  
4703  7502  1  1  
4704  7505  3  1  
4705  7506  1  1  
4706  7509  3  1  
4707  7510  1  1  
4708  7513  3  1  
4709  7514  1  1  
4710  7517  3  1  
4711  7518  1  1  
4712  7521  3  1  
4713  7522  1  1  
4714  7525  3  1  
4715  7526  1  1  
4716  7528  2  1  
4717  7530  2  1  
4718  7531  1  1  
4719  7532  1  1  
4720  7533  1  1  
4721  7534  1  1  
4722  7536  2  1  
4723  7538  2  1  
4724  7539  1  1  
4725  7540  1  1  
4726  7541  1  1  
4727  7542  1  1  
4728  7544  2  1  
4729  7545  1  1  
4730  7546  1  1  
4731  7549  3  1  
4732  7550  1  1  
4733  7551  1  1  
4734  7554  3  1  
4735  7555  1  1  
4736  7558  3  1  
4737  7559  1  1  
4738  7562  3  1  
4739  7563  1  1  
4740  7566  3  1  
4741  7567  1  1  
4742  7570  3  1  
4743  7571  1  1  
4744  7574  3  1  
4745  7575  1  1  
4746  7577  2  1  
4747  7579  2  1  
4748  7580  1  1  
4749  7581  1  1  
4750  7582  1  1  
4751  7583  1  1  
4752  7586  3  1  
4753  7587  1  1  
4754  7588  1  1  
4755  7591  3  1  
4756  7592  1  1  
4757  7595  3  1  
4758  7596  1  1  
4759  7599  3  1  
4760  7600  1  1  
4761  7603  3  1  
4762  7604  1  1  
4763  7607  3  1  
4764  7608  1  1  
4765  7611  3  1  
4766  7612  1  1  
4767  7615  3  1  
4768  7616  1  1  
4769  7618  2  1  
4770  7620  2  1  
4771  7621  1  1  
4772  7622  1  1  
4773  7624  2  1  
4774  7625  1  1  
4775  7626  1  1  
4776  7627  1  1  
4777  7628  1  1  
4778  7631  3  1  
4779  7632  1  1  
4780  7635  3  1  
4781  7636  1  1  
4782  7639  3  1  
4783  7640  1  1  
4784  7643  3  1  
4785  7644  1  1  
4786  7647  3  1  
4787  7648  1  1  
4788  7651  3  1  
4789  7652  1  1  
4790  7654  2  1  
4791  7656  2  1  
4792  7657  1  1  
4793  7658  1  1  
4794  7659  1  1  
4795  7660  1  1  
4796  7663  3  1  
4797  7664  1  1  
4798  7665  1  1  
4799  7668  3  1  
4800  7669  1  1  
4801  7672  3  1  
4802  7673  1  1  
4803  7676  3  1  
4804  7677  1  1  
4805  7680  3  1  
4806  7681  1  1  
4807  7684  3  1  
4808  7685  1  1  
4809  7688  3  1  
4810  7689  1  1  
4811  7692  3  1  
4812  7693  1  1  
4813  7696  3  1  
4814  7697  1  1  
4815  7699  2  1  
4816  7701  2  1  
4817  7702  1  1  
4818  7703  1  1  
4819  7705  2  1  
4820  7706  1  1  
4821  7707  1  1  
4822  7708  1  1  
4823  7709  1  1  
4824  7712  3  1  
4825  7713  1  1  
4826  7716  3  1  
4827  7717  1  1  
4828  7720  3  1  
4829  7721  1  1  
4830  7724  3  1  
4831  7725  1  1  
4832  7728  3  1  
4833  7729  1  1  
4834  7732  3  1  
4835  7733  1  1  
4836  7734  1  1  
4837  7737  3  1  
4838  7738  1  1  
4839  7741  3  1  
4840  7742  1  1  
4841  7745  3  1  
4842  7746  1  1  
4843  7749  3  1  
4844  7750  1  1  
4845  7753  3  1  
4846  7754  1  1  
4847  7757  3  1  
4848  7758  1  1  
4849  7761  3  1  
4850  7762  1  1  
4851  7765  3  1  
4852  7766  1  1  
4853  7769  3  1  
4854  7770  1  1  
4855  7773  3  1  
4856  7774  1  1  
4857  7775  1  1  
4858  7778  3  1  
4859  7779  1  1  
4860  7782  3  1  
4861  7783  1  1  
4862  7786  3  1  
4863  7787  1  1  
4864  7790  3  1  
4865  7791  1  1  
4866  7794  3  1  
4867  7795  1  1  
4868  7798  3  1  
4869  7799  1  1  
4870  7802  3  1  
4871  7803  1  1  
4872  7806  3  1  
4873  7807  1  1  
4874  7809  2  1  
4875  7811  2  1  
4876  7812  1  1  
4877  7813  1  1  
4878  7814  1  1  
4879  7815  1  1  
4880  7817  2  1  
4881  7819  2  1  
4882  7820  1  1  
4883  7821  1  1  
4884  7822  1  1  
4885  7823  1  1  
4886  7825  2  1  
4887  7827  2  1  
4888  7828  1  1  
4889  7829  1  1  
4890  7830  1  1  
4891  7831  1  1  
4892  7833  2  1  
4893  7834  1  1  
4894  7835  1  1  
4895  7837  2  1  
4896  7839  2  1  
4897  7840  1  1  
4898  7841  1  1  
4899  7842  1  1  
4900  7843  1  1  
4901  7845  2  1  
4902  7847  2  1  
4903  7848  1  1  
4904  7849  1  1  
4905  7850  1  1  
4906  7851  1  1  
4907  7853  2  1  
4908  7855  2  1  
4909  7856  1  1  
4910  7857  1  1  
4911  7859  2  1  
4912  7860  1  1  
4913  7861  1  1  
4914  7862  1  1  
4915  7863  1  1  
4916  7866  3  1  
4917  7869  3  1  
4918  7870  1  1  
4919  7871  1  1  
4920  7872  1  1  
4921  7873  1  1  
4922  7876  3  1  
4923  7877  1  1  
4924  7880  3  1  
4925  7881  1  1  
4926  7884  3  1  
4927  7885  1  1  
4928  7888  3  1  
4929  7889  1  1  
4930  7892  3  1  
4931  7893  1  1  
4932  7896  3  1  
4933  7897  1  1  
4934  7900  3  1  
4935  7901  1  1  
4936  7902  1  1  
4937  7905  3  1  
4938  7906  1  1  
4939  7909  3  1  
4940  7910  1  1  
4941  7913  3  1  
4942  7914  1  1  
4943  7917  3  1  
4944  7918  1  1  
4945  7921  3  1  
4946  7922  1  1  
4947  7925  3  1  
4948  7926  1  1  
4949  7929  3  1  
4950  7930  1  1  
4951  7933  3  1  
4952  7934  1  1  
4953  7937  3  1  
4954  7938  1  1  
4955  7940  2  1  
4956  7942  2  1  
4957  7943  1  1  
4958  7944  1  1  
4959  7946  2  1  
4960  7947  1  1  
4961  7948  1  1  
4962  7949  1  1  
4963  7950  1  1  
4964  7953  3  1  
4965  7954  1  1  
4966  7957  3  1  
4967  7958  1  1  
4968  7961  3  1  
4969  7962  1  1  
4970  7965  3  1  
4971  7966  1  1  
4972  7969  3  1  
4973  7970  1  1  
4974  7973  3  1  
4975  7974  1  1  
4976  7975  1  1  
4977  7978  3  1  
4978  7979  1  1  
4979  7982  3  1  
4980  7983  1  1  
4981  7986  3  1  
4982  7987  1  1  
4983  7990  3  1  
4984  7991  1  1  
4985  7994  3  1  
4986  7995  1  1  
4987  7998  3  1  
4988  7999  1  1  
4989  8002  3  1  
4990  8003  1  1  
4991  8006  3  1  
4992  8007  1  1  
4993  8010  3  1  
4994  8011  1  1  
4995  8013  2  1  
4996  8015  2  1  
4997  8016  1  1  
4998  8017  1  1  
4999  8018  1  1  
5000  8019  1  1  