Timestamp,RunName,Rank,Name,Count,Total,Min,Max,Avg,T%,Data
# Run finished at: 2019-01-23 22:31:43
# Number of processors: 1
# Timestamp,RunName,Rank,Name,Count,Total,Min,Max,Avg,T%,Data
2019-01-23T22:31:43.480,,0,_GLOBAL,1,19888,19888,19888,19888,99,"[]"
2019-01-23T22:31:43.480,,0,advance,212,916,3,75,4,4,"[]"
2019-01-23T22:31:43.480,,0,configure,1,180,180,180,180,0,"[]"
2019-01-23T22:31:43.480,,0,initialize,1,28,28,28,28,0,"[]"
2019-01-23T22:31:43.480,,0,initialize/m2n.requestMasterConnection,1,13,13,13,13,0,"[]"
2019-01-23T22:31:43.480,,0,initialize/m2n.requestSlavesConnection,1,0,0,0,0,0,"[]"
2019-01-23T22:31:43.480,,0,initialize/partition.feedbackMesh.Fluid-Mesh,1,0,0,0,0,0,"[]"
2019-01-23T22:31:43.480,,0,initialize/partition.gatherMesh.Fluid-Mesh,1,7,7,7,7,0,"[]"
2019-01-23T22:31:43.480,,0,initialize/partition.sendGlobalMesh.Fluid-Mesh,1,2,2,2,2,0,"[]"
2019-01-23T22:31:43.480,,0,initializeData,1,0,0,0,0,0,"[]"
2019-01-23T22:31:43.480,,0,solver.advance,212,18748,41,130,88,94,"[]"
2019-01-23T22:31:43.480,,0,solver.initialize,1,138,138,138,138,0,"[]"
# Run finished at: 2019-01-23 22:46:40
# Number of processors: 1
# Timestamp,RunName,Rank,Name,Count,Total,Min,Max,Avg,T%,Data
2019-01-23T22:46:40.657,,0,_GLOBAL,1,35343,35343,35343,35343,99,"[]"
2019-01-23T22:46:40.657,,0,advance,212,961,3,80,4,2,"[]"
2019-01-23T22:46:40.657,,0,configure,1,168,168,168,168,0,"[]"
2019-01-23T22:46:40.657,,0,initialize,1,14740,14740,14740,14740,41,"[]"
2019-01-23T22:46:40.657,,0,initialize/m2n.requestMasterConnection,1,14736,14736,14736,14736,41,"[]"
2019-01-23T22:46:40.657,,0,initialize/m2n.requestSlavesConnection,1,0,0,0,0,0,"[]"
2019-01-23T22:46:40.657,,0,initialize/partition.feedbackMesh.Fluid-Mesh,1,0,0,0,0,0,"[]"
2019-01-23T22:46:40.657,,0,initialize/partition.gatherMesh.Fluid-Mesh,1,1,1,1,1,0,"[]"
2019-01-23T22:46:40.657,,0,initialize/partition.sendGlobalMesh.Fluid-Mesh,1,0,0,0,0,0,"[]"
2019-01-23T22:46:40.657,,0,initializeData,1,0,0,0,0,0,"[]"
2019-01-23T22:46:40.657,,0,solver.advance,212,19483,44,137,91,55,"[]"
2019-01-23T22:46:40.657,,0,solver.initialize,1,105,105,105,105,0,"[]"
# Run finished at: 2019-02-06 22:32:48
# Number of processors: 1
# Timestamp,RunName,Rank,Name,Count,Total,Min,Max,Avg,T%,Data
# Run finished at: 2019-02-06 22:51:27
# Number of processors: 1
# Timestamp,RunName,Rank,Name,Count,Total,Min,Max,Avg,T%,Data
# Run finished at: 2019-02-12 10:11:28
# Number of processors: 1
# Timestamp,RunName,Rank,Name,Count,Total,Min,Max,Avg,T%,Data
