SUMMARY OF C0NVERGENCE INFORMATION
  STEP   INC  ATT   ITER     CONT.   RESID.        CORR.      RESID.      CORR.
                              EL.    FORCE         DISP       FLUX        TEMP.
                              (#)     (%)           (%)        (%)         (%)
     1     1     1     1        0  0.3137E+01  0.1000E+03  0.0000E+00  0.0000E+00
     1     1     1     2        0  0.0000E+00  0.1289E+00  0.0000E+00  0.0000E+00
     1     2     1     1        0  0.3065E+02  0.4712E+02  0.0000E+00  0.0000E+00
     1     2     1     2        0  0.2370E-02  0.3829E+00  0.0000E+00  0.0000E+00
     1     3     1     1        0  0.5412E+02  0.3291E+02  0.0000E+00  0.0000E+00
     1     3     1     2        0  0.7687E-02  0.4709E+00  0.0000E+00  0.0000E+00
     1     4     1     1        0  0.5002E+02  0.2429E+02  0.0000E+00  0.0000E+00
     1     4     1     2        0  0.6717E-02  0.3815E+00  0.0000E+00  0.0000E+00
     1     5     1     1        0  0.4010E+02  0.1974E+02  0.0000E+00  0.0000E+00
     1     5     1     2        0  0.4714E-02  0.3304E+00  0.0000E+00  0.0000E+00
     1     6     1     1        0  0.2489E+02  0.1801E+02  0.0000E+00  0.0000E+00
     1     6     1     2        0  0.2010E-02  0.1759E+00  0.0000E+00  0.0000E+00
     1     7     1     1        0  0.8704E+01  0.1285E+02  0.0000E+00  0.0000E+00
     1     7     1     2        0  0.2373E-03  0.6190E-01  0.0000E+00  0.0000E+00
     1     8     1     1        0  0.9053E+00  0.7505E+01  0.0000E+00  0.0000E+00
     1     8     1     2        0  0.0000E+00  0.8380E-02  0.0000E+00  0.0000E+00
     1     9     1     1        0  0.4343E+01  0.7826E+01  0.0000E+00  0.0000E+00
     1     9     1     2        0  0.0000E+00  0.3292E-01  0.0000E+00  0.0000E+00
     1    10     1     1        0  0.9723E+01  0.9842E+01  0.0000E+00  0.0000E+00
     1    10     1     2        0  0.3805E-03  0.6230E-01  0.0000E+00  0.0000E+00
     1    11     1     1        0  0.9652E+01  0.9497E+01  0.0000E+00  0.0000E+00
     1    11     1     2        0  0.3937E-03  0.6588E-01  0.0000E+00  0.0000E+00
     1    12     1     1        0  0.6218E+01  0.8480E+01  0.0000E+00  0.0000E+00
     1    12     1     2        0  0.1693E-03  0.4862E-01  0.0000E+00  0.0000E+00
     1    13     1     1        0  0.4634E+01  0.6790E+01  0.0000E+00  0.0000E+00
     1    13     1     2        0  0.1002E-03  0.3301E-01  0.0000E+00  0.0000E+00
     1    14     1     1        0  0.2080E+01  0.6596E+01  0.0000E+00  0.0000E+00
     1    14     1     2        0  0.0000E+00  0.1412E-01  0.0000E+00  0.0000E+00
     1    15     1     1        0  0.6008E+00  0.6951E+01  0.0000E+00  0.0000E+00
     1    15     1     2        0  0.0000E+00  0.7794E-02  0.0000E+00  0.0000E+00
     1    16     1     1        0  0.1176E+01  0.6180E+01  0.0000E+00  0.0000E+00
     1    16     1     2        0  0.0000E+00  0.1154E-01  0.0000E+00  0.0000E+00
     1    17     1     1        0  0.1931E+01  0.4560E+01  0.0000E+00  0.0000E+00
     1    17     1     2        0  0.0000E+00  0.1511E-01  0.0000E+00  0.0000E+00
     1    18     1     1        0  0.2457E+01  0.4735E+01  0.0000E+00  0.0000E+00
     1    18     1     2        0  0.0000E+00  0.1846E-01  0.0000E+00  0.0000E+00
     1    19     1     1        0  0.1546E+01  0.7986E+01  0.0000E+00  0.0000E+00
     1    19     1     2        0  0.0000E+00  0.2015E-01  0.0000E+00  0.0000E+00
     1    20     1     1        0  0.9772E+00  0.4562E+01  0.0000E+00  0.0000E+00
     1    20     1     2        0  0.0000E+00  0.8480E-02  0.0000E+00  0.0000E+00
     1    21     1     1        0  0.5482E+00  0.4045E+01  0.0000E+00  0.0000E+00
     1    21     1     2        0  0.0000E+00  0.4527E-02  0.0000E+00  0.0000E+00
     1    22     1     1        0  0.2568E+00  0.3229E+01  0.0000E+00  0.0000E+00
     1    22     1     2        0  0.0000E+00  0.3251E-02  0.0000E+00  0.0000E+00
     1    23     1     1        0  0.3075E+00  0.4719E+01  0.0000E+00  0.0000E+00
     1    23     1     2        0  0.0000E+00  0.5591E-02  0.0000E+00  0.0000E+00
     1    24     1     1        0  0.3772E+00  0.3888E+01  0.0000E+00  0.0000E+00
     1    24     1     2        0  0.0000E+00  0.3372E-02  0.0000E+00  0.0000E+00
     1    25     1     1        0  0.5991E+00  0.3607E+01  0.0000E+00  0.0000E+00
     1    25     1     2        0  0.0000E+00  0.4974E-02  0.0000E+00  0.0000E+00
     1    26     1     1        0  0.4740E+00  0.2963E+01  0.0000E+00  0.0000E+00
     1    26     1     2        0  0.0000E+00  0.3754E-02  0.0000E+00  0.0000E+00
     1    27     1     1        0  0.2431E+00  0.2641E+01  0.0000E+00  0.0000E+00
     1    27     1     2        0  0.0000E+00  0.2305E-02  0.0000E+00  0.0000E+00
     1    28     1     1        0  0.1492E+00  0.2310E+01  0.0000E+00  0.0000E+00
     1    28     1     2        0  0.0000E+00  0.1491E-02  0.0000E+00  0.0000E+00
     1    29     1     1        0  0.1194E+00  0.2149E+01  0.0000E+00  0.0000E+00
     1    29     1     2        0  0.0000E+00  0.1346E-02  0.0000E+00  0.0000E+00
     1    30     1     1        0  0.1234E+00  0.1944E+01  0.0000E+00  0.0000E+00
     1    30     1     2        0  0.0000E+00  0.1218E-02  0.0000E+00  0.0000E+00
     1    31     1     1        0  0.1413E+00  0.2522E+01  0.0000E+00  0.0000E+00
     1    31     1     2        0  0.0000E+00  0.1260E-02  0.0000E+00  0.0000E+00
     1    32     1     1        0  0.2409E+00  0.3104E+01  0.0000E+00  0.0000E+00
     1    32     1     2        0  0.0000E+00  0.2090E-02  0.0000E+00  0.0000E+00
     1    33     1     1        0  0.1883E+00  0.1996E+01  0.0000E+00  0.0000E+00
     1    33     1     2        0  0.0000E+00  0.1527E-02  0.0000E+00  0.0000E+00
     1    34     1     1        0  0.9769E-01  0.1374E+01  0.0000E+00  0.0000E+00
     1    34     1     2        0  0.0000E+00  0.8310E-03  0.0000E+00  0.0000E+00
     1    35     1     1        0  0.1751E+00  0.2286E+01  0.0000E+00  0.0000E+00
     1    35     1     2        0  0.0000E+00  0.8312E-03  0.0000E+00  0.0000E+00
     1    36     1     1        0  0.6272E-01  0.1693E+01  0.0000E+00  0.0000E+00
     1    36     1     2        0  0.0000E+00  0.4347E-03  0.0000E+00  0.0000E+00
     1    37     1     1        0  0.9421E-01  0.2138E+01  0.0000E+00  0.0000E+00
     1    37     1     2        0  0.0000E+00  0.8497E-03  0.0000E+00  0.0000E+00
     1    38     1     1        0  0.1230E+00  0.1936E+01  0.0000E+00  0.0000E+00
     1    38     1     2        0  0.0000E+00  0.6543E-03  0.0000E+00  0.0000E+00
     1    39     1     1        0  0.9878E-01  0.1909E+01  0.0000E+00  0.0000E+00
     1    39     1     2        0  0.0000E+00  0.8101E-03  0.0000E+00  0.0000E+00
     1    40     1     1        0  0.8185E-01  0.1789E+01  0.0000E+00  0.0000E+00
     1    40     1     2        0  0.0000E+00  0.6520E-03  0.0000E+00  0.0000E+00
     1    41     1     1        0  0.7873E-01  0.1470E+01  0.0000E+00  0.0000E+00
     1    41     1     2        0  0.0000E+00  0.6115E-03  0.0000E+00  0.0000E+00
     1    42     1     1        0  0.4642E-01  0.1265E+01  0.0000E+00  0.0000E+00
     1    42     1     2        0  0.0000E+00  0.3569E-03  0.0000E+00  0.0000E+00
     1    43     1     1        0  0.6820E-01  0.1236E+01  0.0000E+00  0.0000E+00
     1    43     1     2        0  0.0000E+00  0.3801E-03  0.0000E+00  0.0000E+00
     1    44     1     1        0  0.6277E-01  0.1318E+01  0.0000E+00  0.0000E+00
     1    44     1     2        0  0.0000E+00  0.6634E-03  0.0000E+00  0.0000E+00
     1    45     1     1        0  0.6512E-01  0.1064E+01  0.0000E+00  0.0000E+00
     1    45     1     2        0  0.0000E+00  0.4981E-03  0.0000E+00  0.0000E+00
     1    46     1     1        0  0.3621E-01  0.9283E+00  0.0000E+00  0.0000E+00
     1    46     1     2        0  0.0000E+00  0.1631E-03  0.0000E+00  0.0000E+00
     1    47     1     1        0  0.1178E+00  0.1332E+01  0.0000E+00  0.0000E+00
     1    47     1     2        0  0.0000E+00  0.1235E-02  0.0000E+00  0.0000E+00
     1    48     1     1        0  0.3150E+00  0.2104E+01  0.0000E+00  0.0000E+00
     1    48     1     2        0  0.0000E+00  0.1777E-02  0.0000E+00  0.0000E+00
     1    49     1     1        0  0.1631E+00  0.1549E+01  0.0000E+00  0.0000E+00
     1    49     1     2        0  0.0000E+00  0.1125E-02  0.0000E+00  0.0000E+00
     1    50     1     1        0  0.3932E-01  0.1009E+01  0.0000E+00  0.0000E+00
     1    50     1     2        0  0.0000E+00  0.2918E-03  0.0000E+00  0.0000E+00
     1    51     1     1        0  0.1955E+00  0.2177E+01  0.0000E+00  0.0000E+00
     1    51     1     2        0  0.0000E+00  0.1610E-02  0.0000E+00  0.0000E+00
     1    52     1     1        0  0.1658E+00  0.2055E+01  0.0000E+00  0.0000E+00
     1    52     1     2        0  0.0000E+00  0.1048E-02  0.0000E+00  0.0000E+00
     1    53     1     1        0  0.6088E-01  0.1110E+01  0.0000E+00  0.0000E+00
     1    53     1     2        0  0.0000E+00  0.4134E-03  0.0000E+00  0.0000E+00
     1    54     1     1        0  0.6889E-01  0.1203E+01  0.0000E+00  0.0000E+00
     1    54     1     2        0  0.0000E+00  0.3170E-03  0.0000E+00  0.0000E+00
     1    55     1     1        0  0.4796E-01  0.1065E+01  0.0000E+00  0.0000E+00
     1    55     1     2        0  0.0000E+00  0.3236E-03  0.0000E+00  0.0000E+00
     1    56     1     1        0  0.8318E-01  0.1401E+01  0.0000E+00  0.0000E+00
     1    56     1     2        0  0.0000E+00  0.6400E-03  0.0000E+00  0.0000E+00
     1    57     1     1        0  0.4310E-01  0.1116E+01  0.0000E+00  0.0000E+00
     1    57     1     2        0  0.0000E+00  0.4341E-03  0.0000E+00  0.0000E+00
     1    58     1     1        0  0.3505E-01  0.9415E+00  0.0000E+00  0.0000E+00
     1    58     1     2        0  0.0000E+00  0.3393E-03  0.0000E+00  0.0000E+00
     1    59     1     1        0  0.4070E-01  0.1031E+01  0.0000E+00  0.0000E+00
     1    59     1     2        0  0.0000E+00  0.2798E-03  0.0000E+00  0.0000E+00
     1    60     1     1        0  0.3685E-01  0.9650E+00  0.0000E+00  0.0000E+00
     1    60     1     2        0  0.0000E+00  0.1950E-03  0.0000E+00  0.0000E+00
     1    61     1     1        0  0.3594E-01  0.8568E+00  0.0000E+00  0.0000E+00
     1    61     1     2        0  0.0000E+00  0.2652E-03  0.0000E+00  0.0000E+00
     1    62     1     1        0  0.1485E-01  0.6125E+00  0.0000E+00  0.0000E+00
     1    62     1     2        0  0.0000E+00  0.1397E-03  0.0000E+00  0.0000E+00
     1    63     1     1        0  0.2964E-01  0.1018E+01  0.0000E+00  0.0000E+00
     1    63     1     2        0  0.0000E+00  0.3297E-03  0.0000E+00  0.0000E+00
     1    64     1     1        0  0.5078E-01  0.1560E+01  0.0000E+00  0.0000E+00
     1    64     1     2        0  0.0000E+00  0.2484E-03  0.0000E+00  0.0000E+00
     1    65     1     1        0  0.2970E-01  0.1224E+01  0.0000E+00  0.0000E+00
     1    65     1     2        0  0.0000E+00  0.1710E-03  0.0000E+00  0.0000E+00
     1    66     1     1        0  0.2170E-01  0.7497E+00  0.0000E+00  0.0000E+00
     1    66     1     2        0  0.0000E+00  0.1355E-03  0.0000E+00  0.0000E+00
     1    67     1     1        0  0.4096E-01  0.8756E+00  0.0000E+00  0.0000E+00
     1    67     1     2        0  0.0000E+00  0.2561E-03  0.0000E+00  0.0000E+00
     1    68     1     1        0  0.2231E-01  0.9875E+00  0.0000E+00  0.0000E+00
     1    68     1     2        0  0.0000E+00  0.1256E-03  0.0000E+00  0.0000E+00
     1    69     1     1        0  0.2664E-01  0.9274E+00  0.0000E+00  0.0000E+00
     1    69     1     2        0  0.0000E+00  0.1846E-03  0.0000E+00  0.0000E+00
     1    70     1     1        0  0.4472E-01  0.1287E+01  0.0000E+00  0.0000E+00
     1    70     1     2        0  0.0000E+00  0.2749E-03  0.0000E+00  0.0000E+00
     1    71     1     1        0  0.2102E-01  0.1110E+01  0.0000E+00  0.0000E+00
     1    71     1     2        0  0.0000E+00  0.1740E-03  0.0000E+00  0.0000E+00
     1    72     1     1        0  0.4598E-01  0.1266E+01  0.0000E+00  0.0000E+00
     1    72     1     2        0  0.0000E+00  0.2731E-03  0.0000E+00  0.0000E+00
     1    73     1     1        0  0.2291E-01  0.1149E+01  0.0000E+00  0.0000E+00
     1    73     1     2        0  0.0000E+00  0.1800E-03  0.0000E+00  0.0000E+00
     1    74     1     1        0  0.2373E-01  0.1314E+01  0.0000E+00  0.0000E+00
     1    74     1     2        0  0.0000E+00  0.1665E-03  0.0000E+00  0.0000E+00
     1    75     1     1        0  0.2351E-01  0.1084E+01  0.0000E+00  0.0000E+00
     1    75     1     2        0  0.0000E+00  0.2018E-03  0.0000E+00  0.0000E+00
     1    76     1     1        0  0.5196E-01  0.1558E+01  0.0000E+00  0.0000E+00
     1    76     1     2        0  0.0000E+00  0.6027E-03  0.0000E+00  0.0000E+00
     1    77     1     1        0  0.6634E-01  0.1638E+01  0.0000E+00  0.0000E+00
     1    77     1     2        0  0.0000E+00  0.7006E-03  0.0000E+00  0.0000E+00
     1    78     1     1        0  0.1149E-01  0.7417E+00  0.0000E+00  0.0000E+00
     1    78     1     2        0  0.0000E+00  0.1635E-03  0.0000E+00  0.0000E+00
     1    79     1     1        0  0.3517E-01  0.1697E+01  0.0000E+00  0.0000E+00
     1    79     1     2        0  0.0000E+00  0.5010E-03  0.0000E+00  0.0000E+00
     1    80     1     1        0  0.1359E+00  0.2966E+01  0.0000E+00  0.0000E+00
     1    80     1     2        0  0.0000E+00  0.1718E-02  0.0000E+00  0.0000E+00
     1    81     1     1        0  0.1150E+00  0.3096E+01  0.0000E+00  0.0000E+00
     1    81     1     2        0  0.0000E+00  0.1564E-02  0.0000E+00  0.0000E+00
     1    82     1     1        0  0.1458E-01  0.1593E+01  0.0000E+00  0.0000E+00
     1    82     1     2        0  0.0000E+00  0.2084E-03  0.0000E+00  0.0000E+00
     1    83     1     1        0  0.2129E-01  0.1127E+01  0.0000E+00  0.0000E+00
     1    83     1     2        0  0.0000E+00  0.3392E-03  0.0000E+00  0.0000E+00
     1    84     1     1        0  0.3912E-01  0.1634E+01  0.0000E+00  0.0000E+00
     1    84     1     2        0  0.0000E+00  0.6673E-03  0.0000E+00  0.0000E+00
     1    85     1     1        0  0.1282E-01  0.1063E+01  0.0000E+00  0.0000E+00
     1    85     1     2        0  0.0000E+00  0.1551E-03  0.0000E+00  0.0000E+00
     1    86     1     1        0  0.2709E-01  0.1509E+01  0.0000E+00  0.0000E+00
     1    86     1     2        0  0.0000E+00  0.2931E-03  0.0000E+00  0.0000E+00
     1    87     1     1        0  0.1183E-01  0.1251E+01  0.0000E+00  0.0000E+00
     1    87     1     2        0  0.0000E+00  0.1395E-03  0.0000E+00  0.0000E+00
     1    88     1     1        0  0.2200E-01  0.1626E+01  0.0000E+00  0.0000E+00
     1    88     1     2        0  0.0000E+00  0.2661E-03  0.0000E+00  0.0000E+00
     1    89     1     1        0  0.2150E-01  0.1363E+01  0.0000E+00  0.0000E+00
     1    89     1     2        0  0.0000E+00  0.3367E-03  0.0000E+00  0.0000E+00
     1    90     1     1        0  0.1951E-01  0.1103E+01  0.0000E+00  0.0000E+00
     1    90     1     2        0  0.0000E+00  0.1971E-03  0.0000E+00  0.0000E+00
     1    91     1     1        0  0.1014E-01  0.1148E+01  0.0000E+00  0.0000E+00
     1    91     1     2        0  0.0000E+00  0.1560E-03  0.0000E+00  0.0000E+00
     1    92     1     1        0  0.2120E-01  0.1700E+01  0.0000E+00  0.0000E+00
     1    92     1     2        0  0.0000E+00  0.2547E-03  0.0000E+00  0.0000E+00
     1    93     1     1        0  0.1918E-01  0.1733E+01  0.0000E+00  0.0000E+00
     1    93     1     2        0  0.0000E+00  0.1970E-03  0.0000E+00  0.0000E+00
     1    94     1     1        0  0.9699E-02  0.9734E+00  0.0000E+00  0.0000E+00
     1    94     1     2        0  0.0000E+00  0.9031E-04  0.0000E+00  0.0000E+00
     1    95     1     1        0  0.7778E-02  0.1404E+01  0.0000E+00  0.0000E+00
     1    95     1     2        0  0.0000E+00  0.1519E-03  0.0000E+00  0.0000E+00
     1    96     1     1        0  0.2179E-01  0.1835E+01  0.0000E+00  0.0000E+00
     1    96     1     2        0  0.0000E+00  0.4206E-03  0.0000E+00  0.0000E+00
     1    97     1     1        0  0.2310E-01  0.2001E+01  0.0000E+00  0.0000E+00
     1    97     1     2        0  0.0000E+00  0.3072E-03  0.0000E+00  0.0000E+00
     1    98     1     1        0  0.1103E-01  0.1489E+01  0.0000E+00  0.0000E+00
     1    98     1     2        0  0.0000E+00  0.1997E-03  0.0000E+00  0.0000E+00
     1    99     1     1        0  0.2109E-01  0.1645E+01  0.0000E+00  0.0000E+00
     1    99     1     2        0  0.0000E+00  0.3087E-03  0.0000E+00  0.0000E+00
     1   100     1     1        0  0.8742E-02  0.1387E+01  0.0000E+00  0.0000E+00
     1   100     1     2        0  0.0000E+00  0.1857E-03  0.0000E+00  0.0000E+00
