SUMMARY OF C0NVERGENCE INFORMATION
  STEP   INC  ATT   ITER     CONT.   RESID.        CORR.      RESID.      CORR.
                              EL.    FORCE         DISP       FLUX        TEMP.
                              (#)     (%)           (%)        (%)         (%)
     1     1     1     1        0  0.3346E+01  0.1000E+03  0.0000E+00  0.0000E+00
     1     1     1     2        0  0.0000E+00  0.1410E+00  0.0000E+00  0.0000E+00
     1     2     1     1        0  0.3291E+02  0.4908E+02  0.0000E+00  0.0000E+00
     1     2     1     2        0  0.2789E-02  0.4273E+00  0.0000E+00  0.0000E+00
     1     3     1     1        0  0.5497E+02  0.3008E+02  0.0000E+00  0.0000E+00
     1     3     1     2        0  0.8126E-02  0.4912E+00  0.0000E+00  0.0000E+00
     1     4     1     1        0  0.4771E+02  0.2493E+02  0.0000E+00  0.0000E+00
     1     4     1     2        0  0.6164E-02  0.3722E+00  0.0000E+00  0.0000E+00
     1     5     1     1        0  0.3305E+02  0.2070E+02  0.0000E+00  0.0000E+00
     1     5     1     2        0  0.3080E-02  0.2648E+00  0.0000E+00  0.0000E+00
     1     6     1     1        0  0.2254E+02  0.1837E+02  0.0000E+00  0.0000E+00
     1     6     1     2        0  0.1672E-02  0.1707E+00  0.0000E+00  0.0000E+00
     1     7     1     1        0  0.9307E+01  0.1220E+02  0.0000E+00  0.0000E+00
     1     7     1     2        0  0.3191E-03  0.7488E-01  0.0000E+00  0.0000E+00
     1     8     1     1        0  0.1008E+01  0.7695E+01  0.0000E+00  0.0000E+00
     1     8     1     2        0  0.0000E+00  0.8384E-02  0.0000E+00  0.0000E+00
     1     9     1     1        0  0.4010E+01  0.7971E+01  0.0000E+00  0.0000E+00
     1     9     1     2        0  0.0000E+00  0.3014E-01  0.0000E+00  0.0000E+00
     1    10     1     1        0  0.8623E+01  0.1021E+02  0.0000E+00  0.0000E+00
     1    10     1     2        0  0.2951E-03  0.5767E-01  0.0000E+00  0.0000E+00
     1    11     1     1        0  0.1061E+02  0.8933E+01  0.0000E+00  0.0000E+00
     1    11     1     2        0  0.4916E-03  0.7807E-01  0.0000E+00  0.0000E+00
     1    12     1     1        0  0.7315E+01  0.7994E+01  0.0000E+00  0.0000E+00
     1    12     1     2        0  0.2454E-03  0.5873E-01  0.0000E+00  0.0000E+00
     1    13     1     1        0  0.3865E+01  0.6852E+01  0.0000E+00  0.0000E+00
     1    13     1     2        0  0.0000E+00  0.2758E-01  0.0000E+00  0.0000E+00
     1    14     1     1        0  0.1862E+01  0.6773E+01  0.0000E+00  0.0000E+00
     1    14     1     2        0  0.0000E+00  0.1287E-01  0.0000E+00  0.0000E+00
     1    15     1     1        0  0.6572E+00  0.7033E+01  0.0000E+00  0.0000E+00
     1    15     1     2        0  0.0000E+00  0.8343E-02  0.0000E+00  0.0000E+00
     1    16     1     1        0  0.1203E+01  0.6198E+01  0.0000E+00  0.0000E+00
     1    16     1     2        0  0.0000E+00  0.1164E-01  0.0000E+00  0.0000E+00
     1    17     1     1        0  0.1822E+01  0.4393E+01  0.0000E+00  0.0000E+00
     1    17     1     2        0  0.0000E+00  0.1385E-01  0.0000E+00  0.0000E+00
     1    18     1     1        0  0.2181E+01  0.4756E+01  0.0000E+00  0.0000E+00
     1    18     1     2        0  0.0000E+00  0.1560E-01  0.0000E+00  0.0000E+00
     1    19     1     1        0  0.1615E+01  0.7870E+01  0.0000E+00  0.0000E+00
     1    19     1     2        0  0.0000E+00  0.2004E-01  0.0000E+00  0.0000E+00
